  Installing known registries into `~/.julia`
       Added `General` registry to ~/.julia/registries
    Updating registry at `~/.julia/registries/General.toml`
   Installed TaskLocalValues ───────────── v0.1.2
   Installed GPUArraysCore ─────────────── v0.2.0
   Installed IrrationalConstants ───────── v0.2.4
   Installed RealDot ───────────────────── v0.1.0
   Installed IRTools ───────────────────── v0.4.14
   Installed JLD2 ──────────────────────── v0.5.12
   Installed BlockTensorKit ────────────── v0.1.6
   Installed OhMyThreads ───────────────── v0.7.0
   Installed IntegerMathUtils ──────────── v0.1.2
   Installed Adapt ─────────────────────── v4.3.0
   Installed DiffRules ─────────────────── v1.15.1
   Installed LRUCache ──────────────────── v1.6.2
   Installed TableTraits ───────────────── v1.0.1
   Installed Accessors ─────────────────── v0.1.42
   Installed PtrArrays ─────────────────── v1.3.0
   Installed Preferences ───────────────── v1.4.3
   Installed OptimKit ──────────────────── v0.4.0
   Installed HashArrayMappedTries ──────── v0.2.0
   Installed WignerSymbols ─────────────── v2.0.0
   Installed LoggingExtras ─────────────── v1.0.3
   Installed DiffResults ───────────────── v1.1.0
   Installed Tables ────────────────────── v1.12.0
   Installed SpecialFunctions ──────────── v2.5.1
   Installed TensorKit ─────────────────── v0.14.5
   Installed RecipesBase ───────────────── v1.3.4
   Installed DataAPI ───────────────────── v1.16.0
   Installed Primes ────────────────────── v0.5.7
   Installed ChunkSplitters ────────────── v3.1.2
   Installed AbstractFFTs ──────────────── v1.5.0
   Installed StaticArrays ──────────────── v1.9.13
   Installed Zygote ────────────────────── v0.7.6
   Installed MPSKit ────────────────────── v0.12.6
   Installed Richardson ────────────────── v1.4.2
   Installed JLLWrappers ───────────────── v1.7.0
   Installed StaticArraysCore ──────────── v1.4.3
   Installed FiniteDifferences ─────────── v0.12.32
   Installed BlockArrays ───────────────── v1.6.1
   Installed NaNMath ───────────────────── v1.1.3
   Installed IteratorInterfaceExtensions ─ v1.0.0
   Installed PrecompileTools ───────────── v1.2.1
   Installed StructArrays ──────────────── v0.7.1
   Installed DataValueInterfaces ───────── v1.0.0
   Installed RationalRoots ─────────────── v0.2.1
   Installed ConstructionBase ──────────── v1.5.8
   Installed TensorKitSectors ──────────── v0.1.4
   Installed StableTasks ───────────────── v0.1.7
   Installed OrderedCollections ────────── v1.8.0
   Installed TranscodingStreams ────────── v0.11.3
   Installed ChainRulesCore ────────────── v1.25.1
   Installed ScopedValues ──────────────── v1.3.0
   Installed VectorInterface ───────────── v0.5.0
   Installed InitialValues ─────────────── v0.3.1
   Installed FillArrays ────────────────── v1.13.0
   Installed MPSKitModels ──────────────── v0.4.1
   Installed ForwardDiff ───────────────── v1.0.1
   Installed FileIO ────────────────────── v1.17.0
   Installed Statistics ────────────────── v1.11.1
   Installed ZygoteRules ───────────────── v0.2.7
   Installed CommonSubexpressions ──────── v0.3.1
   Installed Requires ──────────────────── v1.3.1
   Installed LogExpFunctions ───────────── v0.3.29
   Installed StridedViews ──────────────── v0.4.1
   Installed ChainRules ────────────────── v1.72.3
   Installed HalfIntegers ──────────────── v1.6.0
   Installed BangBang ──────────────────── v0.4.4
   Installed Strided ───────────────────── v2.3.0
   Installed MacroTools ────────────────── v0.5.15
   Installed PackageExtensionCompat ────── v1.0.2
   Installed TensorKitManifolds ────────── v0.7.2
   Installed Compat ────────────────────── v4.16.0
   Installed CompositionsBase ──────────── v0.1.2
   Installed OpenSpecFun_jll ───────────── v0.5.6+0
   Installed PEPSKit ───────────────────── v0.5.0
   Installed SparseInverseSubset ───────── v0.1.2
   Installed InverseFunctions ──────────── v0.1.17
   Installed TupleTools ────────────────── v1.6.0
   Installed DocStringExtensions ───────── v0.9.4
   Installed TensorOperations ──────────── v5.2.0
   Installed KrylovKit ─────────────────── v0.9.5
   Installed ArrayLayouts ──────────────── v1.11.1
    Updating `/var/lib/condor/execute/dir_1685189/Project.toml`
  [d360d2e6] + ChainRulesCore v1.25.1
  [033835bb] + JLD2 v0.5.12
  [0b1a1467] + KrylovKit v0.9.5
  [bb1c41ca] + MPSKit v0.12.6
  [ca635005] + MPSKitModels v0.4.1
  [77e91f04] + OptimKit v0.4.0
  [52969e89] + PEPSKit v0.5.0
  [07d1fe3e] + TensorKit v0.14.5
  [409d34a3] + VectorInterface v0.5.0
  [e88e6eb3] + Zygote v0.7.6
  [37e2e46d] ~ LinearAlgebra ⇒ v1.11.0
    Updating `/var/lib/condor/execute/dir_1685189/Manifest.toml`
  [621f4979] + AbstractFFTs v1.5.0
  [7d9f7c33] + Accessors v0.1.42
  [79e6a3ab] + Adapt v4.3.0
  [4c555306] + ArrayLayouts v1.11.1
  [198e06fe] + BangBang v0.4.4
  [8e7c35d0] + BlockArrays v1.6.1
  [5f87ffc2] + BlockTensorKit v0.1.6
  [082447d4] + ChainRules v1.72.3
  [d360d2e6] + ChainRulesCore v1.25.1
  [ae650224] + ChunkSplitters v3.1.2
  [bbf7d656] + CommonSubexpressions v0.3.1
  [34da2185] + Compat v4.16.0
  [a33af91c] + CompositionsBase v0.1.2
  [187b0558] + ConstructionBase v1.5.8
  [9a962f9c] + DataAPI v1.16.0
  [e2d170a0] + DataValueInterfaces v1.0.0
  [163ba53b] + DiffResults v1.1.0
  [b552c78f] + DiffRules v1.15.1
  [ffbed154] + DocStringExtensions v0.9.4
  [5789e2e9] + FileIO v1.17.0
  [1a297f60] + FillArrays v1.13.0
  [26cc04aa] + FiniteDifferences v0.12.32
  [f6369f11] + ForwardDiff v1.0.1
  [46192b85] + GPUArraysCore v0.2.0
  [f0d1745a] + HalfIntegers v1.6.0
  [076d061b] + HashArrayMappedTries v0.2.0
  [7869d1d1] + IRTools v0.4.14
  [22cec73e] + InitialValues v0.3.1
  [18e54dd8] + IntegerMathUtils v0.1.2
  [3587e190] + InverseFunctions v0.1.17
  [92d709cd] + IrrationalConstants v0.2.4
  [82899510] + IteratorInterfaceExtensions v1.0.0
  [033835bb] + JLD2 v0.5.12
  [692b3bcd] + JLLWrappers v1.7.0
  [0b1a1467] + KrylovKit v0.9.5
  [8ac3fa9e] + LRUCache v1.6.2
  [2ab3a3ac] + LogExpFunctions v0.3.29
⌅ [e6f89c97] + LoggingExtras v1.0.3
  [bb1c41ca] + MPSKit v0.12.6
  [ca635005] + MPSKitModels v0.4.1
  [1914dd2f] + MacroTools v0.5.15
  [77ba4419] + NaNMath v1.1.3
⌅ [67456a42] + OhMyThreads v0.7.0
  [77e91f04] + OptimKit v0.4.0
  [bac558e1] + OrderedCollections v1.8.0
  [52969e89] + PEPSKit v0.5.0
  [65ce6f38] + PackageExtensionCompat v1.0.2
⌅ [aea7be01] + PrecompileTools v1.2.1
  [21216c6a] + Preferences v1.4.3
  [27ebfcd6] + Primes v0.5.7
  [43287f4e] + PtrArrays v1.3.0
  [308eb6b3] + RationalRoots v0.2.1
  [c1ae055f] + RealDot v0.1.0
  [3cdcf5f2] + RecipesBase v1.3.4
  [ae029012] + Requires v1.3.1
  [708f8203] + Richardson v1.4.2
  [7e506255] + ScopedValues v1.3.0
  [dc90abb0] + SparseInverseSubset v0.1.2
  [276daf66] + SpecialFunctions v2.5.1
  [91464d47] + StableTasks v0.1.7
  [90137ffa] + StaticArrays v1.9.13
  [1e83bf80] + StaticArraysCore v1.4.3
  [10745b16] + Statistics v1.11.1
  [5e0ebb24] + Strided v2.3.0
  [4db3bf67] + StridedViews v0.4.1
  [09ab397b] + StructArrays v0.7.1
  [3783bdb8] + TableTraits v1.0.1
  [bd369af6] + Tables v1.12.0
  [ed4db957] + TaskLocalValues v0.1.2
  [07d1fe3e] + TensorKit v0.14.5
  [11fa318c] + TensorKitManifolds v0.7.2
  [13a9c161] + TensorKitSectors v0.1.4
  [6aa20fa7] + TensorOperations v5.2.0
  [3bb67fe8] + TranscodingStreams v0.11.3
  [9d95972d] + TupleTools v1.6.0
  [409d34a3] + VectorInterface v0.5.0
  [9f57e263] + WignerSymbols v2.0.0
  [e88e6eb3] + Zygote v0.7.6
  [700de1a5] + ZygoteRules v0.2.7
  [efe28fd5] + OpenSpecFun_jll v0.5.6+0
  [0dad84c5] + ArgTools v1.1.2
  [56f22d72] + Artifacts v1.11.0
  [2a0f44e3] + Base64 v1.11.0
  [ade2ca70] + Dates v1.11.0
  [8ba89e20] + Distributed v1.11.0
  [f43a241f] + Downloads v1.6.0
  [7b1f6079] + FileWatching v1.11.0
  [b77e0a4c] + InteractiveUtils v1.11.0
  [b27032c2] + LibCURL v0.6.4
  [76f85450] + LibGit2 v1.11.0
  [8f399da3] + Libdl v1.11.0
  [37e2e46d] + LinearAlgebra v1.11.0
  [56ddb016] + Logging v1.11.0
  [d6f4376e] + Markdown v1.11.0
  [a63ad114] + Mmap v1.11.0
  [ca575930] + NetworkOptions v1.2.0
  [44cfe95a] + Pkg v1.11.0
  [de0858da] + Printf v1.11.0
  [9a3f8284] + Random v1.11.0
  [ea8e919c] + SHA v0.7.0
  [9e88b42a] + Serialization v1.11.0
  [6462fe0b] + Sockets v1.11.0
  [2f01184e] + SparseArrays v1.11.0
  [4607b0f0] + SuiteSparse
  [fa267f1f] + TOML v1.0.3
  [a4e569a6] + Tar v1.10.0
  [cf7118a7] + UUIDs v1.11.0
  [4ec0a83e] + Unicode v1.11.0
  [e66e0078] + CompilerSupportLibraries_jll v1.1.1+0
  [deac9b47] + LibCURL_jll v8.6.0+0
  [e37daf67] + LibGit2_jll v1.7.2+0
  [29816b5a] + LibSSH2_jll v1.11.0+1
  [c8ffd9c3] + MbedTLS_jll v2.28.6+0
  [14a3606d] + MozillaCACerts_jll v2023.12.12
  [4536629a] + OpenBLAS_jll v0.3.27+1
  [05823500] + OpenLibm_jll v0.8.1+2
  [bea87d4a] + SuiteSparse_jll v7.7.0+0
  [83775a58] + Zlib_jll v1.2.13+1
  [8e850b90] + libblastrampoline_jll v5.11.0+0
  [8e850ede] + nghttp2_jll v1.59.0+0
  [3f19e933] + p7zip_jll v17.4.0+2
        Info Packages marked with ⌅ have new versions available but compatibility constraints restrict them from upgrading. To see why use `status --outdated -m`
Precompiling project...
    656.2 ms  ✓ DataValueInterfaces
    764.5 ms  ✓ TaskLocalValues
    695.4 ms  ✓ RealDot
    711.9 ms  ✓ Richardson
    782.1 ms  ✓ IntegerMathUtils
    929.1 ms  ✓ HalfIntegers
    962.6 ms  ✓ InverseFunctions
    969.9 ms  ✓ VectorInterface
   1081.8 ms  ✓ StableTasks
   1119.3 ms  ✓ OrderedCollections
   1098.4 ms  ✓ LRUCache
   1090.8 ms  ✓ Statistics
    565.8 ms  ✓ IteratorInterfaceExtensions
    610.9 ms  ✓ PackageExtensionCompat
   1339.6 ms  ✓ AbstractFFTs
    646.0 ms  ✓ DataAPI
   1391.7 ms  ✓ DocStringExtensions
    596.6 ms  ✓ CompositionsBase
   1679.9 ms  ✓ FillArrays
    680.6 ms  ✓ PtrArrays
   1141.7 ms  ✓ ConstructionBase
    790.4 ms  ✓ RationalRoots
   1243.6 ms  ✓ ChunkSplitters
   1160.3 ms  ✓ TupleTools
    966.4 ms  ✓ HashArrayMappedTries
   1193.2 ms  ✓ StaticArraysCore
    954.5 ms  ✓ Requires
   1086.9 ms  ✓ TranscodingStreams
   1063.3 ms  ✓ NaNMath
    900.6 ms  ✓ SuiteSparse
   2392.6 ms  ✓ IrrationalConstants
   1240.6 ms  ✓ LoggingExtras
   1610.1 ms  ✓ InitialValues
   1039.8 ms  ✓ Compat
    986.6 ms  ✓ InverseFunctions → InverseFunctionsDatesExt
   1158.8 ms  ✓ Primes
    750.8 ms  ✓ LRUCache → SerializationExt
    708.9 ms  ✓ TableTraits
    716.0 ms  ✓ DiffResults
    824.3 ms  ✓ StridedViews
    719.9 ms  ✓ FillArrays → FillArraysStatisticsExt
   1540.9 ms  ✓ Preferences
    678.6 ms  ✓ ScopedValues
    727.8 ms  ✓ ConstructionBase → ConstructionBaseLinearAlgebraExt
   1207.4 ms  ✓ Statistics → SparseArraysExt
   1275.1 ms  ✓ CompositionsBase → CompositionsBaseInverseFunctionsExt
   1185.5 ms  ✓ FillArrays → FillArraysSparseArraysExt
    680.0 ms  ✓ Compat → CompatLinearAlgebraExt
   1027.8 ms  ✓ Adapt
    831.6 ms  ✓ StridedViews → StridedViewsPtrArraysExt
    685.2 ms  ✓ PrecompileTools
   1107.4 ms  ✓ LogExpFunctions
   1308.3 ms  ✓ SparseInverseSubset
    928.4 ms  ✓ Strided
    846.4 ms  ✓ JLLWrappers
   1376.7 ms  ✓ Tables
    744.1 ms  ✓ GPUArraysCore
    827.4 ms  ✓ Adapt → AdaptSparseArraysExt
    767.7 ms  ✓ LogExpFunctions → LogExpFunctionsInverseFunctionsExt
    894.6 ms  ✓ OpenSpecFun_jll
   4705.6 ms  ✓ MacroTools
   3046.2 ms  ✓ KrylovKit
   1312.6 ms  ✓ StructArrays
   2461.5 ms  ✓ OptimKit
    801.0 ms  ✓ CommonSubexpressions
   2625.2 ms  ✓ ChainRulesCore
    968.2 ms  ✓ StructArrays → StructArraysAdaptExt
   1198.7 ms  ✓ StructArrays → StructArraysLinearAlgebraExt
   3324.2 ms  ✓ RecipesBase
   1667.9 ms  ✓ StructArrays → StructArraysSparseArraysExt
   1284.5 ms  ✓ AbstractFFTs → AbstractFFTsChainRulesCoreExt
   4523.8 ms  ✓ WignerSymbols
   1531.7 ms  ✓ ChainRulesCore → ChainRulesCoreSparseArraysExt
   1640.5 ms  ✓ ZygoteRules
   1454.7 ms  ✓ KrylovKit → KrylovKitChainRulesCoreExt
   2750.9 ms  ✓ LogExpFunctions → LogExpFunctionsChainRulesCoreExt
   3706.0 ms  ✓ IRTools
   3988.6 ms  ✓ Accessors
   7211.8 ms  ✓ FileIO
    931.8 ms  ✓ Accessors → LinearAlgebraExt
   5207.5 ms  ✓ SpecialFunctions
    973.1 ms  ✓ Accessors → StructArraysExt
    944.2 ms  ✓ DiffRules
   1208.1 ms  ✓ BangBang
    731.3 ms  ✓ BangBang → BangBangChainRulesCoreExt
    766.3 ms  ✓ BangBang → BangBangTablesExt
    928.1 ms  ✓ BangBang → BangBangStructArraysExt
   2809.6 ms  ✓ SpecialFunctions → SpecialFunctionsChainRulesCoreExt
   1633.4 ms  ✓ OhMyThreads
  11961.1 ms  ✓ StaticArrays
   8960.6 ms  ✓ ChainRules
   5446.6 ms  ✓ ForwardDiff
    962.3 ms  ✓ Adapt → AdaptStaticArraysExt
    977.1 ms  ✓ StaticArrays → StaticArraysChainRulesCoreExt
   1046.2 ms  ✓ StructArrays → StructArraysStaticArraysExt
   1058.4 ms  ✓ Accessors → StaticArraysExt
   1068.9 ms  ✓ BangBang → BangBangStaticArraysExt
   1238.4 ms  ✓ ConstructionBase → ConstructionBaseStaticArraysExt
   1456.5 ms  ✓ StaticArrays → StaticArraysStatisticsExt
   1079.7 ms  ✓ ForwardDiff → ForwardDiffStaticArraysExt
   1540.0 ms  ✓ FiniteDifferences
  18409.2 ms  ✓ ArrayLayouts
    959.5 ms  ✓ ArrayLayouts → ArrayLayoutsSparseArraysExt
   2143.0 ms  ✓ BlockArrays
    920.9 ms  ✓ BlockArrays → BlockArraysAdaptExt
  41884.6 ms  ✓ JLD2
  42395.4 ms  ✓ Zygote
 191155.4 ms  ✓ TensorOperations
   1735.0 ms  ✓ TensorOperations → TensorOperationsChainRulesCoreExt
   8752.9 ms  ✓ TensorKitSectors
   9615.1 ms  ✓ TensorKit
   2294.0 ms  ✓ TensorKitManifolds
   2307.0 ms  ✓ TensorKit → TensorKitFiniteDifferencesExt
   2771.3 ms  ✓ TensorKit → TensorKitChainRulesCoreExt
   3224.6 ms  ✓ BlockTensorKit
  19103.4 ms  ✓ MPSKit
  16370.7 ms  ✓ MPSKitModels
  18867.1 ms  ✓ PEPSKit
  118 dependencies successfully precompiled in 272 seconds. 31 already precompiled.
[ Info: CTMRG init:	obj = +6.838815906261e+00	err = 1.0000e+00
[ Info: CTMRG conv 4:	obj = +6.838815906261e+00	err = 5.4787943732e-11	time = 4.70 min
┌ Warning: `svd` cotangents sensitive to gauge choice: (|Δgauge| = 0.278358240246683)
└ @ TensorKitChainRulesCoreExt ~/.julia/packages/TensorKit/esxcj/ext/TensorKitChainRulesCoreExt/factorizations.jl:254
┌ Warning: `svd` cotangents sensitive to gauge choice: (|Δgauge| = 7.090769637366829e-6)
└ @ TensorKitChainRulesCoreExt ~/.julia/packages/TensorKit/esxcj/ext/TensorKitChainRulesCoreExt/factorizations.jl:254
┌ Warning: `svd` cotangents sensitive to gauge choice: (|Δgauge| = 0.27835114950271495)
└ @ TensorKitChainRulesCoreExt ~/.julia/packages/TensorKit/esxcj/ext/TensorKitChainRulesCoreExt/factorizations.jl:254
[ Info: LBFGS: initializing with f = -2.117754707031, ‖∇f‖ = 8.8455e-04
[ Info: CTMRG init:	obj = +6.834432635333e+00	err = 1.0000e+00
[ Info: CTMRG conv 21:	obj = +6.834435425088e+00	err = 4.2466996477e-10	time = 12.30 min
┌ Warning: `svd` cotangents sensitive to gauge choice: (|Δgauge| = 0.27888112566726647)
└ @ TensorKitChainRulesCoreExt ~/.julia/packages/TensorKit/esxcj/ext/TensorKitChainRulesCoreExt/factorizations.jl:254
┌ Warning: `svd` cotangents sensitive to gauge choice: (|Δgauge| = 0.2788811256155125)
└ @ TensorKitChainRulesCoreExt ~/.julia/packages/TensorKit/esxcj/ext/TensorKitChainRulesCoreExt/factorizations.jl:254
[ Info: LBFGS: iter    1, time 2779.22 s: f = -2.117756282963, ‖∇f‖ = 2.2405e-03, α = 1.00e+00, m = 0, nfg = 1
[ Info: CTMRG init:	obj = +6.834417700795e+00	err = 1.0000e+00
[ Info: CTMRG conv 18:	obj = +6.834418413054e+00	err = 7.2228146515e-10	time = 10.64 min
┌ Warning: `svd` cotangents sensitive to gauge choice: (|Δgauge| = 0.27867989423980655)
└ @ TensorKitChainRulesCoreExt ~/.julia/packages/TensorKit/esxcj/ext/TensorKitChainRulesCoreExt/factorizations.jl:254
┌ Warning: `svd` cotangents sensitive to gauge choice: (|Δgauge| = 0.27867989422568107)
└ @ TensorKitChainRulesCoreExt ~/.julia/packages/TensorKit/esxcj/ext/TensorKitChainRulesCoreExt/factorizations.jl:254
[ Info: LBFGS: iter    2, time 3541.17 s: f = -2.117760282917, ‖∇f‖ = 7.9939e-04, α = 1.00e+00, m = 1, nfg = 1
[ Info: CTMRG init:	obj = +6.833103035227e+00	err = 1.0000e+00
[ Info: CTMRG conv 20:	obj = +6.833103456179e+00	err = 4.3044763421e-10	time = 11.73 min
┌ Warning: `svd` cotangents sensitive to gauge choice: (|Δgauge| = 0.2786290552905661)
└ @ TensorKitChainRulesCoreExt ~/.julia/packages/TensorKit/esxcj/ext/TensorKitChainRulesCoreExt/factorizations.jl:254
┌ Warning: `svd` cotangents sensitive to gauge choice: (|Δgauge| = 0.2786290552508134)
└ @ TensorKitChainRulesCoreExt ~/.julia/packages/TensorKit/esxcj/ext/TensorKitChainRulesCoreExt/factorizations.jl:254
[ Info: LBFGS: iter    3, time 4380.27 s: f = -2.117761865596, ‖∇f‖ = 4.8513e-04, α = 1.00e+00, m = 2, nfg = 1
[ Info: CTMRG init:	obj = +6.831996376732e+00	err = 1.0000e+00
[ Info: CTMRG conv 19:	obj = +6.831996620250e+00	err = 9.8294091872e-10	time = 3.03 min
┌ Warning: `svd` cotangents sensitive to gauge choice: (|Δgauge| = 0.27866058006364425)
└ @ TensorKitChainRulesCoreExt ~/.julia/packages/TensorKit/esxcj/ext/TensorKitChainRulesCoreExt/factorizations.jl:254
┌ Warning: `svd` cotangents sensitive to gauge choice: (|Δgauge| = 0.27866058005201755)
└ @ TensorKitChainRulesCoreExt ~/.julia/packages/TensorKit/esxcj/ext/TensorKitChainRulesCoreExt/factorizations.jl:254
[ Info: LBFGS: iter    4, time 4583.01 s: f = -2.117762855167, ‖∇f‖ = 5.5752e-04, α = 1.00e+00, m = 3, nfg = 1
[ Info: CTMRG init:	obj = +6.831683605649e+00	err = 1.0000e+00
[ Info: CTMRG conv 19:	obj = +6.831684465140e+00	err = 4.3935951269e-10	time = 14.74 sec
┌ Warning: `svd` cotangents sensitive to gauge choice: (|Δgauge| = 0.2786459449489691)
└ @ TensorKitChainRulesCoreExt ~/.julia/packages/TensorKit/esxcj/ext/TensorKitChainRulesCoreExt/factorizations.jl:254
┌ Warning: `svd` cotangents sensitive to gauge choice: (|Δgauge| = 0.27864594496953177)
└ @ TensorKitChainRulesCoreExt ~/.julia/packages/TensorKit/esxcj/ext/TensorKitChainRulesCoreExt/factorizations.jl:254
[ Info: LBFGS: iter    5, time 4617.07 s: f = -2.117765530643, ‖∇f‖ = 8.3436e-04, α = 1.00e+00, m = 4, nfg = 1
[ Info: CTMRG init:	obj = +6.832425310439e+00	err = 1.0000e+00
[ Info: CTMRG conv 20:	obj = +6.832436095611e+00	err = 3.8964802057e-10	time = 10.12 min
┌ Warning: `svd` cotangents sensitive to gauge choice: (|Δgauge| = 0.27879032071213167)
└ @ TensorKitChainRulesCoreExt ~/.julia/packages/TensorKit/esxcj/ext/TensorKitChainRulesCoreExt/factorizations.jl:254
┌ Warning: `svd` cotangents sensitive to gauge choice: (|Δgauge| = 0.27879032055160785)
└ @ TensorKitChainRulesCoreExt ~/.julia/packages/TensorKit/esxcj/ext/TensorKitChainRulesCoreExt/factorizations.jl:254
[ Info: LBFGS: iter    6, time 5358.68 s: f = -2.117770525858, ‖∇f‖ = 2.0175e-03, α = 1.00e+00, m = 5, nfg = 1
[ Info: CTMRG init:	obj = +6.835340084290e+00	err = 1.0000e+00
[ Info: CTMRG conv 20:	obj = +6.835345829570e+00	err = 5.3669734651e-10	time = 11.69 min
┌ Warning: `svd` cotangents sensitive to gauge choice: (|Δgauge| = 0.2786127886014397)
└ @ TensorKitChainRulesCoreExt ~/.julia/packages/TensorKit/esxcj/ext/TensorKitChainRulesCoreExt/factorizations.jl:254
┌ Warning: `svd` cotangents sensitive to gauge choice: (|Δgauge| = 0.27861278857779836)
└ @ TensorKitChainRulesCoreExt ~/.julia/packages/TensorKit/esxcj/ext/TensorKitChainRulesCoreExt/factorizations.jl:254
[ Info: LBFGS: iter    7, time 6189.97 s: f = -2.117777455071, ‖∇f‖ = 1.3132e-03, α = 1.00e+00, m = 6, nfg = 1
[ Info: CTMRG init:	obj = +6.840346938739e+00	err = 1.0000e+00
[ Info: CTMRG conv 21:	obj = +6.840352543543e+00	err = 3.3908556983e-10	time = 12.29 min
┌ Warning: `svd` cotangents sensitive to gauge choice: (|Δgauge| = 0.27868069452514665)
└ @ TensorKitChainRulesCoreExt ~/.julia/packages/TensorKit/esxcj/ext/TensorKitChainRulesCoreExt/factorizations.jl:254
┌ Warning: `svd` cotangents sensitive to gauge choice: (|Δgauge| = 0.2786806945089557)
└ @ TensorKitChainRulesCoreExt ~/.julia/packages/TensorKit/esxcj/ext/TensorKitChainRulesCoreExt/factorizations.jl:254
[ Info: LBFGS: iter    8, time 7066.20 s: f = -2.117785092037, ‖∇f‖ = 9.7591e-04, α = 1.00e+00, m = 7, nfg = 1
[ Info: CTMRG init:	obj = +6.845211765708e+00	err = 1.0000e+00
[ Info: CTMRG conv 20:	obj = +6.845215963031e+00	err = 9.7596174600e-10	time = 11.58 min
┌ Warning: `svd` cotangents sensitive to gauge choice: (|Δgauge| = 0.27844512497921203)
└ @ TensorKitChainRulesCoreExt ~/.julia/packages/TensorKit/esxcj/ext/TensorKitChainRulesCoreExt/factorizations.jl:254
┌ Warning: `svd` cotangents sensitive to gauge choice: (|Δgauge| = 0.27844512497465534)
└ @ TensorKitChainRulesCoreExt ~/.julia/packages/TensorKit/esxcj/ext/TensorKitChainRulesCoreExt/factorizations.jl:254
[ Info: LBFGS: iter    9, time 7893.80 s: f = -2.117789231852, ‖∇f‖ = 1.4431e-03, α = 1.00e+00, m = 8, nfg = 1
[ Info: CTMRG init:	obj = +6.844882624410e+00	err = 1.0000e+00
[ Info: CTMRG conv 18:	obj = +6.844883903613e+00	err = 3.0799826201e-10	time = 10.24 min
┌ Warning: `svd` cotangents sensitive to gauge choice: (|Δgauge| = 0.2786807784707659)
└ @ TensorKitChainRulesCoreExt ~/.julia/packages/TensorKit/esxcj/ext/TensorKitChainRulesCoreExt/factorizations.jl:254
┌ Warning: `svd` cotangents sensitive to gauge choice: (|Δgauge| = 0.2786807784758205)
└ @ TensorKitChainRulesCoreExt ~/.julia/packages/TensorKit/esxcj/ext/TensorKitChainRulesCoreExt/factorizations.jl:254
[ Info: LBFGS: iter   10, time 8628.93 s: f = -2.117792297387, ‖∇f‖ = 6.7595e-04, α = 1.00e+00, m = 8, nfg = 1
[ Info: CTMRG init:	obj = +6.843109117535e+00	err = 1.0000e+00
[ Info: CTMRG conv 19:	obj = +6.843110009962e+00	err = 9.0624678171e-10	time = 8.58 min
┌ Warning: `svd` cotangents sensitive to gauge choice: (|Δgauge| = 0.27879381796024866)
└ @ TensorKitChainRulesCoreExt ~/.julia/packages/TensorKit/esxcj/ext/TensorKitChainRulesCoreExt/factorizations.jl:254
┌ Warning: `svd` cotangents sensitive to gauge choice: (|Δgauge| = 0.2787938179267411)
└ @ TensorKitChainRulesCoreExt ~/.julia/packages/TensorKit/esxcj/ext/TensorKitChainRulesCoreExt/factorizations.jl:254
[ Info: LBFGS: iter   11, time 9164.98 s: f = -2.117793919322, ‖∇f‖ = 5.3464e-04, α = 1.00e+00, m = 8, nfg = 1
[ Info: CTMRG init:	obj = +6.840656661962e+00	err = 1.0000e+00
[ Info: CTMRG conv 20:	obj = +6.840657585702e+00	err = 4.0583603441e-10	time = 18.47 sec
┌ Warning: `svd` cotangents sensitive to gauge choice: (|Δgauge| = 0.2788612385419707)
└ @ TensorKitChainRulesCoreExt ~/.julia/packages/TensorKit/esxcj/ext/TensorKitChainRulesCoreExt/factorizations.jl:254
┌ Warning: `svd` cotangents sensitive to gauge choice: (|Δgauge| = 0.2788612385510217)
└ @ TensorKitChainRulesCoreExt ~/.julia/packages/TensorKit/esxcj/ext/TensorKitChainRulesCoreExt/factorizations.jl:254
[ Info: LBFGS: iter   12, time 9204.17 s: f = -2.117795222895, ‖∇f‖ = 4.8316e-04, α = 1.00e+00, m = 8, nfg = 1
[ Info: CTMRG init:	obj = +6.839058437617e+00	err = 1.0000e+00
[ Info: CTMRG conv 19:	obj = +6.839059329597e+00	err = 5.4167324366e-10	time = 9.56 min
┌ Warning: `svd` cotangents sensitive to gauge choice: (|Δgauge| = 0.2787777834015641)
└ @ TensorKitChainRulesCoreExt ~/.julia/packages/TensorKit/esxcj/ext/TensorKitChainRulesCoreExt/factorizations.jl:254
┌ Warning: `svd` cotangents sensitive to gauge choice: (|Δgauge| = 0.278777783314878)
└ @ TensorKitChainRulesCoreExt ~/.julia/packages/TensorKit/esxcj/ext/TensorKitChainRulesCoreExt/factorizations.jl:254
[ Info: LBFGS: iter   13, time 9906.36 s: f = -2.117796880647, ‖∇f‖ = 6.2897e-04, α = 1.00e+00, m = 8, nfg = 1
[ Info: CTMRG init:	obj = +6.835006860721e+00	err = 1.0000e+00
[ Info: CTMRG conv 20:	obj = +6.835009191642e+00	err = 3.9885367296e-10	time = 11.68 min
┌ Warning: `svd` cotangents sensitive to gauge choice: (|Δgauge| = 0.27891979500035535)
└ @ TensorKitChainRulesCoreExt ~/.julia/packages/TensorKit/esxcj/ext/TensorKitChainRulesCoreExt/factorizations.jl:254
┌ Warning: `svd` cotangents sensitive to gauge choice: (|Δgauge| = 0.27891979503919756)
└ @ TensorKitChainRulesCoreExt ~/.julia/packages/TensorKit/esxcj/ext/TensorKitChainRulesCoreExt/factorizations.jl:254
[ Info: LBFGS: iter   14, time 10739.21 s: f = -2.117798752051, ‖∇f‖ = 6.8839e-04, α = 1.00e+00, m = 8, nfg = 1
[ Info: CTMRG init:	obj = +6.836743116186e+00	err = 1.0000e+00
[ Info: CTMRG conv 20:	obj = +6.836744355898e+00	err = 4.2672550707e-10	time = 11.67 min
┌ Warning: `svd` cotangents sensitive to gauge choice: (|Δgauge| = 0.2787398294370265)
└ @ TensorKitChainRulesCoreExt ~/.julia/packages/TensorKit/esxcj/ext/TensorKitChainRulesCoreExt/factorizations.jl:254
┌ Warning: `svd` cotangents sensitive to gauge choice: (|Δgauge| = 0.27873982933032504)
└ @ TensorKitChainRulesCoreExt ~/.julia/packages/TensorKit/esxcj/ext/TensorKitChainRulesCoreExt/factorizations.jl:254
[ Info: LBFGS: iter   15, time 11573.17 s: f = -2.117800567116, ‖∇f‖ = 5.8659e-04, α = 1.00e+00, m = 8, nfg = 1
[ Info: CTMRG init:	obj = +6.839872058581e+00	err = 1.0000e+00
[ Info: CTMRG conv 20:	obj = +6.839873655206e+00	err = 7.1518599381e-10	time = 11.58 min
┌ Warning: `svd` cotangents sensitive to gauge choice: (|Δgauge| = 0.2786304833276131)
└ @ TensorKitChainRulesCoreExt ~/.julia/packages/TensorKit/esxcj/ext/TensorKitChainRulesCoreExt/factorizations.jl:254
┌ Warning: `svd` cotangents sensitive to gauge choice: (|Δgauge| = 0.27863048315509764)
└ @ TensorKitChainRulesCoreExt ~/.julia/packages/TensorKit/esxcj/ext/TensorKitChainRulesCoreExt/factorizations.jl:254
[ Info: LBFGS: iter   16, time 12399.95 s: f = -2.117802648545, ‖∇f‖ = 6.4285e-04, α = 1.00e+00, m = 8, nfg = 1
[ Info: CTMRG init:	obj = +6.842998845604e+00	err = 1.0000e+00
[ Info: CTMRG conv 20:	obj = +6.843001362417e+00	err = 7.8796635138e-10	time = 11.91 min
┌ Warning: `svd` cotangents sensitive to gauge choice: (|Δgauge| = 0.27862372524293)
└ @ TensorKitChainRulesCoreExt ~/.julia/packages/TensorKit/esxcj/ext/TensorKitChainRulesCoreExt/factorizations.jl:254
┌ Warning: `svd` cotangents sensitive to gauge choice: (|Δgauge| = 0.2786237252987841)
└ @ TensorKitChainRulesCoreExt ~/.julia/packages/TensorKit/esxcj/ext/TensorKitChainRulesCoreExt/factorizations.jl:254
[ Info: LBFGS: iter   17, time 13142.20 s: f = -2.117805947477, ‖∇f‖ = 6.3287e-04, α = 1.00e+00, m = 8, nfg = 1
[ Info: CTMRG init:	obj = +6.842155211411e+00	err = 1.0000e+00
[ Info: CTMRG conv 20:	obj = +6.842158583807e+00	err = 6.8615160701e-10	time = 18.95 sec
┌ Warning: `svd` cotangents sensitive to gauge choice: (|Δgauge| = 0.27861542811189255)
└ @ TensorKitChainRulesCoreExt ~/.julia/packages/TensorKit/esxcj/ext/TensorKitChainRulesCoreExt/factorizations.jl:254
┌ Warning: `svd` cotangents sensitive to gauge choice: (|Δgauge| = 0.2786154281350691)
└ @ TensorKitChainRulesCoreExt ~/.julia/packages/TensorKit/esxcj/ext/TensorKitChainRulesCoreExt/factorizations.jl:254
[ Info: LBFGS: iter   18, time 13181.38 s: f = -2.117808991050, ‖∇f‖ = 1.3655e-03, α = 1.00e+00, m = 8, nfg = 1
[ Info: CTMRG init:	obj = +6.840462047794e+00	err = 1.0000e+00
[ Info: CTMRG conv 19:	obj = +6.840466238758e+00	err = 7.1162600295e-10	time = 3.94 min
┌ Warning: `svd` cotangents sensitive to gauge choice: (|Δgauge| = 0.2789709569174098)
└ @ TensorKitChainRulesCoreExt ~/.julia/packages/TensorKit/esxcj/ext/TensorKitChainRulesCoreExt/factorizations.jl:254
┌ Warning: `svd` cotangents sensitive to gauge choice: (|Δgauge| = 0.27897095676132894)
└ @ TensorKitChainRulesCoreExt ~/.julia/packages/TensorKit/esxcj/ext/TensorKitChainRulesCoreExt/factorizations.jl:254
[ Info: LBFGS: iter   19, time 13541.67 s: f = -2.117812355310, ‖∇f‖ = 6.0224e-04, α = 1.00e+00, m = 8, nfg = 1
[ Info: CTMRG init:	obj = +6.838925763864e+00	err = 1.0000e+00
[ Info: CTMRG conv 20:	obj = +6.838926413596e+00	err = 2.9298292833e-10	time = 11.53 min
┌ Warning: `svd` cotangents sensitive to gauge choice: (|Δgauge| = 0.27892138699275626)
└ @ TensorKitChainRulesCoreExt ~/.julia/packages/TensorKit/esxcj/ext/TensorKitChainRulesCoreExt/factorizations.jl:254
┌ Warning: `svd` cotangents sensitive to gauge choice: (|Δgauge| = 0.27892138678624956)
└ @ TensorKitChainRulesCoreExt ~/.julia/packages/TensorKit/esxcj/ext/TensorKitChainRulesCoreExt/factorizations.jl:254
[ Info: LBFGS: iter   20, time 14365.37 s: f = -2.117813467670, ‖∇f‖ = 4.6116e-04, α = 1.00e+00, m = 8, nfg = 1
[ Info: CTMRG init:	obj = +6.835115364059e+00	err = 1.0000e+00
[ Info: CTMRG conv 20:	obj = +6.835116605753e+00	err = 5.1834246251e-10	time = 11.94 min
┌ Warning: `svd` cotangents sensitive to gauge choice: (|Δgauge| = 0.2789881456418959)
└ @ TensorKitChainRulesCoreExt ~/.julia/packages/TensorKit/esxcj/ext/TensorKitChainRulesCoreExt/factorizations.jl:254
┌ Warning: `svd` cotangents sensitive to gauge choice: (|Δgauge| = 0.2789881456127242)
└ @ TensorKitChainRulesCoreExt ~/.julia/packages/TensorKit/esxcj/ext/TensorKitChainRulesCoreExt/factorizations.jl:254
[ Info: LBFGS: iter   21, time 15213.07 s: f = -2.117814490436, ‖∇f‖ = 3.8935e-04, α = 1.00e+00, m = 8, nfg = 1
[ Info: CTMRG init:	obj = +6.831907855351e+00	err = 1.0000e+00
[ Info: CTMRG conv 19:	obj = +6.831908183518e+00	err = 4.9130085163e-10	time = 10.71 min
┌ Warning: `svd` cotangents sensitive to gauge choice: (|Δgauge| = 0.2789428456456846)
└ @ TensorKitChainRulesCoreExt ~/.julia/packages/TensorKit/esxcj/ext/TensorKitChainRulesCoreExt/factorizations.jl:254
┌ Warning: `svd` cotangents sensitive to gauge choice: (|Δgauge| = 0.27894284569618777)
└ @ TensorKitChainRulesCoreExt ~/.julia/packages/TensorKit/esxcj/ext/TensorKitChainRulesCoreExt/factorizations.jl:254
[ Info: LBFGS: iter   22, time 15981.70 s: f = -2.117815972124, ‖∇f‖ = 5.7371e-04, α = 1.00e+00, m = 8, nfg = 1
[ Info: CTMRG init:	obj = +6.826249576185e+00	err = 1.0000e+00
[ Info: CTMRG conv 19:	obj = +6.826250994883e+00	err = 5.7246938416e-10	time = 11.27 min
┌ Warning: `svd` cotangents sensitive to gauge choice: (|Δgauge| = 0.2789453876064173)
└ @ TensorKitChainRulesCoreExt ~/.julia/packages/TensorKit/esxcj/ext/TensorKitChainRulesCoreExt/factorizations.jl:254
┌ Warning: `svd` cotangents sensitive to gauge choice: (|Δgauge| = 0.27894538752396913)
└ @ TensorKitChainRulesCoreExt ~/.julia/packages/TensorKit/esxcj/ext/TensorKitChainRulesCoreExt/factorizations.jl:254
[ Info: LBFGS: iter   23, time 16785.84 s: f = -2.117817997681, ‖∇f‖ = 5.7205e-04, α = 1.00e+00, m = 8, nfg = 1
[ Info: CTMRG init:	obj = +6.825260451345e+00	err = 1.0000e+00
[ Info: CTMRG conv 19:	obj = +6.825260994962e+00	err = 3.9112272599e-10	time = 11.10 min
┌ Warning: `svd` cotangents sensitive to gauge choice: (|Δgauge| = 0.27879720865957225)
└ @ TensorKitChainRulesCoreExt ~/.julia/packages/TensorKit/esxcj/ext/TensorKitChainRulesCoreExt/factorizations.jl:254
┌ Warning: `svd` cotangents sensitive to gauge choice: (|Δgauge| = 0.27879720881784553)
└ @ TensorKitChainRulesCoreExt ~/.julia/packages/TensorKit/esxcj/ext/TensorKitChainRulesCoreExt/factorizations.jl:254
[ Info: LBFGS: iter   24, time 17575.80 s: f = -2.117818953080, ‖∇f‖ = 6.8109e-04, α = 1.00e+00, m = 8, nfg = 1
[ Info: CTMRG init:	obj = +6.826129115824e+00	err = 1.0000e+00
[ Info: CTMRG conv 19:	obj = +6.826129205406e+00	err = 3.7234814075e-10	time = 28.86 sec
┌ Warning: `svd` cotangents sensitive to gauge choice: (|Δgauge| = 0.27881825674307803)
└ @ TensorKitChainRulesCoreExt ~/.julia/packages/TensorKit/esxcj/ext/TensorKitChainRulesCoreExt/factorizations.jl:254
┌ Warning: `svd` cotangents sensitive to gauge choice: (|Δgauge| = 0.2788182566318933)
└ @ TensorKitChainRulesCoreExt ~/.julia/packages/TensorKit/esxcj/ext/TensorKitChainRulesCoreExt/factorizations.jl:254
[ Info: LBFGS: iter   25, time 17624.13 s: f = -2.117819637870, ‖∇f‖ = 3.6760e-04, α = 1.00e+00, m = 8, nfg = 1
[ Info: CTMRG init:	obj = +6.826481980420e+00	err = 1.0000e+00
[ Info: CTMRG conv 18:	obj = +6.826482181432e+00	err = 3.7734512444e-10	time = 18.05 sec
┌ Warning: `svd` cotangents sensitive to gauge choice: (|Δgauge| = 0.27877730991032085)
└ @ TensorKitChainRulesCoreExt ~/.julia/packages/TensorKit/esxcj/ext/TensorKitChainRulesCoreExt/factorizations.jl:254
┌ Warning: `svd` cotangents sensitive to gauge choice: (|Δgauge| = 0.27877730985472726)
└ @ TensorKitChainRulesCoreExt ~/.julia/packages/TensorKit/esxcj/ext/TensorKitChainRulesCoreExt/factorizations.jl:254
[ Info: LBFGS: iter   26, time 17672.07 s: f = -2.117820392493, ‖∇f‖ = 3.2926e-04, α = 1.00e+00, m = 8, nfg = 1
[ Info: CTMRG init:	obj = +6.823811786461e+00	err = 1.0000e+00
[ Info: CTMRG conv 19:	obj = +6.823811952349e+00	err = 8.9027558959e-10	time = 10.86 min
┌ Warning: `svd` cotangents sensitive to gauge choice: (|Δgauge| = 0.27875554562921856)
└ @ TensorKitChainRulesCoreExt ~/.julia/packages/TensorKit/esxcj/ext/TensorKitChainRulesCoreExt/factorizations.jl:254
┌ Warning: `svd` cotangents sensitive to gauge choice: (|Δgauge| = 0.27875554561568944)
└ @ TensorKitChainRulesCoreExt ~/.julia/packages/TensorKit/esxcj/ext/TensorKitChainRulesCoreExt/factorizations.jl:254
[ Info: LBFGS: iter   27, time 18449.32 s: f = -2.117821288328, ‖∇f‖ = 4.9327e-04, α = 1.00e+00, m = 8, nfg = 1
[ Info: CTMRG init:	obj = +6.818202176255e+00	err = 1.0000e+00
[ Info: CTMRG conv 20:	obj = +6.818204405455e+00	err = 6.9935924736e-10	time = 11.97 min
┌ Warning: `svd` cotangents sensitive to gauge choice: (|Δgauge| = 0.2784754116228788)
└ @ TensorKitChainRulesCoreExt ~/.julia/packages/TensorKit/esxcj/ext/TensorKitChainRulesCoreExt/factorizations.jl:254
┌ Warning: `svd` cotangents sensitive to gauge choice: (|Δgauge| = 0.2784754114408325)
└ @ TensorKitChainRulesCoreExt ~/.julia/packages/TensorKit/esxcj/ext/TensorKitChainRulesCoreExt/factorizations.jl:254
[ Info: LBFGS: iter   28, time 19301.09 s: f = -2.117822065234, ‖∇f‖ = 7.2643e-04, α = 1.00e+00, m = 8, nfg = 1
[ Info: CTMRG init:	obj = +6.813845041424e+00	err = 1.0000e+00
[ Info: CTMRG conv 20:	obj = +6.813846138973e+00	err = 4.9984728755e-10	time = 11.51 min
┌ Warning: `svd` cotangents sensitive to gauge choice: (|Δgauge| = 0.2785603006492064)
└ @ TensorKitChainRulesCoreExt ~/.julia/packages/TensorKit/esxcj/ext/TensorKitChainRulesCoreExt/factorizations.jl:254
┌ Warning: `svd` cotangents sensitive to gauge choice: (|Δgauge| = 0.2785603007087757)
└ @ TensorKitChainRulesCoreExt ~/.julia/packages/TensorKit/esxcj/ext/TensorKitChainRulesCoreExt/factorizations.jl:254
[ Info: LBFGS: iter   29, time 20122.70 s: f = -2.117822881862, ‖∇f‖ = 3.1938e-04, α = 1.00e+00, m = 8, nfg = 1
[ Info: CTMRG init:	obj = +6.810932653180e+00	err = 1.0000e+00
[ Info: CTMRG conv 20:	obj = +6.810932941060e+00	err = 3.9360662627e-10	time = 11.75 min
┌ Warning: `svd` cotangents sensitive to gauge choice: (|Δgauge| = 0.27856151719576294)
└ @ TensorKitChainRulesCoreExt ~/.julia/packages/TensorKit/esxcj/ext/TensorKitChainRulesCoreExt/factorizations.jl:254
┌ Warning: `svd` cotangents sensitive to gauge choice: (|Δgauge| = 0.2785615172210659)
└ @ TensorKitChainRulesCoreExt ~/.julia/packages/TensorKit/esxcj/ext/TensorKitChainRulesCoreExt/factorizations.jl:254
[ Info: LBFGS: iter   30, time 20957.97 s: f = -2.117823304148, ‖∇f‖ = 2.6975e-04, α = 1.00e+00, m = 8, nfg = 1
[ Info: CTMRG init:	obj = +6.807037077235e+00	err = 1.0000e+00
[ Info: CTMRG conv 20:	obj = +6.807037454550e+00	err = 5.8087312577e-10	time = 11.49 min
┌ Warning: `svd` cotangents sensitive to gauge choice: (|Δgauge| = 0.27852200204584143)
└ @ TensorKitChainRulesCoreExt ~/.julia/packages/TensorKit/esxcj/ext/TensorKitChainRulesCoreExt/factorizations.jl:254
┌ Warning: `svd` cotangents sensitive to gauge choice: (|Δgauge| = 0.27852200201483884)
└ @ TensorKitChainRulesCoreExt ~/.julia/packages/TensorKit/esxcj/ext/TensorKitChainRulesCoreExt/factorizations.jl:254
[ Info: LBFGS: iter   31, time 21777.52 s: f = -2.117823868363, ‖∇f‖ = 3.0880e-04, α = 1.00e+00, m = 8, nfg = 1
[ Info: CTMRG init:	obj = +6.802484231528e+00	err = 1.0000e+00
[ Info: CTMRG conv 20:	obj = +6.802484600186e+00	err = 6.7722144918e-10	time = 6.07 min
┌ Warning: `svd` cotangents sensitive to gauge choice: (|Δgauge| = 0.27828749841277794)
└ @ TensorKitChainRulesCoreExt ~/.julia/packages/TensorKit/esxcj/ext/TensorKitChainRulesCoreExt/factorizations.jl:254
┌ Warning: `svd` cotangents sensitive to gauge choice: (|Δgauge| = 0.278287498363885)
└ @ TensorKitChainRulesCoreExt ~/.julia/packages/TensorKit/esxcj/ext/TensorKitChainRulesCoreExt/factorizations.jl:254
[ Info: LBFGS: iter   32, time 22161.02 s: f = -2.117824158463, ‖∇f‖ = 7.2791e-04, α = 1.00e+00, m = 8, nfg = 1
[ Info: CTMRG init:	obj = +6.801178415931e+00	err = 1.0000e+00
[ Info: CTMRG conv 19:	obj = +6.801178512556e+00	err = 7.5264500197e-10	time = 21.95 sec
┌ Warning: `svd` cotangents sensitive to gauge choice: (|Δgauge| = 0.27832997853545083)
└ @ TensorKitChainRulesCoreExt ~/.julia/packages/TensorKit/esxcj/ext/TensorKitChainRulesCoreExt/factorizations.jl:254
┌ Warning: `svd` cotangents sensitive to gauge choice: (|Δgauge| = 0.2783299787304643)
└ @ TensorKitChainRulesCoreExt ~/.julia/packages/TensorKit/esxcj/ext/TensorKitChainRulesCoreExt/factorizations.jl:254
[ Info: LBFGS: iter   33, time 22216.66 s: f = -2.117824672633, ‖∇f‖ = 2.3467e-04, α = 1.00e+00, m = 8, nfg = 1
[ Info: CTMRG init:	obj = +6.801827186740e+00	err = 1.0000e+00
[ Info: CTMRG conv 18:	obj = +6.801827228716e+00	err = 9.7753937741e-10	time = 10.61 min
┌ Warning: `svd` cotangents sensitive to gauge choice: (|Δgauge| = 0.2783308490231621)
└ @ TensorKitChainRulesCoreExt ~/.julia/packages/TensorKit/esxcj/ext/TensorKitChainRulesCoreExt/factorizations.jl:254
┌ Warning: `svd` cotangents sensitive to gauge choice: (|Δgauge| = 0.2783308490066061)
└ @ TensorKitChainRulesCoreExt ~/.julia/packages/TensorKit/esxcj/ext/TensorKitChainRulesCoreExt/factorizations.jl:254
[ Info: LBFGS: iter   34, time 22974.52 s: f = -2.117824815624, ‖∇f‖ = 1.8383e-04, α = 1.00e+00, m = 8, nfg = 1
[ Info: CTMRG init:	obj = +6.801962315677e+00	err = 1.0000e+00
[ Info: CTMRG conv 16:	obj = +6.801962398085e+00	err = 7.5595196646e-10	time = 9.36 min
┌ Warning: `svd` cotangents sensitive to gauge choice: (|Δgauge| = 0.27830439731121065)
└ @ TensorKitChainRulesCoreExt ~/.julia/packages/TensorKit/esxcj/ext/TensorKitChainRulesCoreExt/factorizations.jl:254
┌ Warning: `svd` cotangents sensitive to gauge choice: (|Δgauge| = 0.2783043973879522)
└ @ TensorKitChainRulesCoreExt ~/.julia/packages/TensorKit/esxcj/ext/TensorKitChainRulesCoreExt/factorizations.jl:254
[ Info: LBFGS: iter   35, time 23643.31 s: f = -2.117825053708, ‖∇f‖ = 2.1675e-04, α = 1.00e+00, m = 8, nfg = 1
[ Info: CTMRG init:	obj = +6.799469503502e+00	err = 1.0000e+00
[ Info: CTMRG conv 20:	obj = +6.799469660839e+00	err = 5.0403193169e-10	time = 11.62 min
┌ Warning: `svd` cotangents sensitive to gauge choice: (|Δgauge| = 0.27830470966824594)
└ @ TensorKitChainRulesCoreExt ~/.julia/packages/TensorKit/esxcj/ext/TensorKitChainRulesCoreExt/factorizations.jl:254
┌ Warning: `svd` cotangents sensitive to gauge choice: (|Δgauge| = 0.27830470969660615)
└ @ TensorKitChainRulesCoreExt ~/.julia/packages/TensorKit/esxcj/ext/TensorKitChainRulesCoreExt/factorizations.jl:254
[ Info: LBFGS: iter   36, time 24473.09 s: f = -2.117825518517, ‖∇f‖ = 3.4352e-04, α = 1.00e+00, m = 8, nfg = 1
[ Info: CTMRG init:	obj = +6.794680121614e+00	err = 1.0000e+00
[ Info: CTMRG conv 21:	obj = +6.794680895407e+00	err = 3.1911270678e-10	time = 12.41 min
┌ Warning: `svd` cotangents sensitive to gauge choice: (|Δgauge| = 0.2781814791172553)
└ @ TensorKitChainRulesCoreExt ~/.julia/packages/TensorKit/esxcj/ext/TensorKitChainRulesCoreExt/factorizations.jl:254
┌ Warning: `svd` cotangents sensitive to gauge choice: (|Δgauge| = 0.2781814791175258)
└ @ TensorKitChainRulesCoreExt ~/.julia/packages/TensorKit/esxcj/ext/TensorKitChainRulesCoreExt/factorizations.jl:254
[ Info: LBFGS: iter   37, time 25356.80 s: f = -2.117825997200, ‖∇f‖ = 3.6060e-04, α = 1.00e+00, m = 8, nfg = 1
[ Info: CTMRG init:	obj = +6.789518730511e+00	err = 1.0000e+00
[ Info: CTMRG conv 21:	obj = +6.789519716957e+00	err = 3.4361494995e-10	time = 12.03 min
┌ Warning: `svd` cotangents sensitive to gauge choice: (|Δgauge| = 0.2782663511116842)
└ @ TensorKitChainRulesCoreExt ~/.julia/packages/TensorKit/esxcj/ext/TensorKitChainRulesCoreExt/factorizations.jl:254
┌ Warning: `svd` cotangents sensitive to gauge choice: (|Δgauge| = 0.27826635102126407)
└ @ TensorKitChainRulesCoreExt ~/.julia/packages/TensorKit/esxcj/ext/TensorKitChainRulesCoreExt/factorizations.jl:254
[ Info: LBFGS: iter   38, time 26214.73 s: f = -2.117826297603, ‖∇f‖ = 3.2810e-04, α = 1.00e+00, m = 8, nfg = 1
[ Info: CTMRG init:	obj = +6.789429684639e+00	err = 1.0000e+00
[ Info: CTMRG conv 17:	obj = +6.789429743101e+00	err = 6.3313750074e-10	time = 7.75 min
┌ Warning: `svd` cotangents sensitive to gauge choice: (|Δgauge| = 0.27824580692014267)
└ @ TensorKitChainRulesCoreExt ~/.julia/packages/TensorKit/esxcj/ext/TensorKitChainRulesCoreExt/factorizations.jl:254
┌ Warning: `svd` cotangents sensitive to gauge choice: (|Δgauge| = 0.2782458069445499)
└ @ TensorKitChainRulesCoreExt ~/.julia/packages/TensorKit/esxcj/ext/TensorKitChainRulesCoreExt/factorizations.jl:254
[ Info: LBFGS: iter   39, time 26698.52 s: f = -2.117826463077, ‖∇f‖ = 1.8886e-04, α = 1.00e+00, m = 8, nfg = 1
[ Info: CTMRG init:	obj = +6.788489387388e+00	err = 1.0000e+00
[ Info: CTMRG conv 19:	obj = +6.788489467624e+00	err = 6.5047948832e-10	time = 24.86 sec
┌ Warning: `svd` cotangents sensitive to gauge choice: (|Δgauge| = 0.27822838328867544)
└ @ TensorKitChainRulesCoreExt ~/.julia/packages/TensorKit/esxcj/ext/TensorKitChainRulesCoreExt/factorizations.jl:254
┌ Warning: `svd` cotangents sensitive to gauge choice: (|Δgauge| = 0.278228383291107)
└ @ TensorKitChainRulesCoreExt ~/.julia/packages/TensorKit/esxcj/ext/TensorKitChainRulesCoreExt/factorizations.jl:254
[ Info: LBFGS: iter   40, time 26742.43 s: f = -2.117826603172, ‖∇f‖ = 1.5196e-04, α = 1.00e+00, m = 8, nfg = 1
[ Info: CTMRG init:	obj = +6.787569677605e+00	err = 1.0000e+00
[ Info: CTMRG conv 19:	obj = +6.787569729889e+00	err = 6.4282374324e-10	time = 10.43 min
┌ Warning: `svd` cotangents sensitive to gauge choice: (|Δgauge| = 0.27821419011354215)
└ @ TensorKitChainRulesCoreExt ~/.julia/packages/TensorKit/esxcj/ext/TensorKitChainRulesCoreExt/factorizations.jl:254
┌ Warning: `svd` cotangents sensitive to gauge choice: (|Δgauge| = 0.2782141900853343)
└ @ TensorKitChainRulesCoreExt ~/.julia/packages/TensorKit/esxcj/ext/TensorKitChainRulesCoreExt/factorizations.jl:254
[ Info: LBFGS: iter   41, time 27493.84 s: f = -2.117826737242, ‖∇f‖ = 1.7175e-04, α = 1.00e+00, m = 8, nfg = 1
[ Info: CTMRG init:	obj = +6.786664772481e+00	err = 1.0000e+00
[ Info: CTMRG conv 19:	obj = +6.786664899284e+00	err = 6.2249447778e-10	time = 11.18 min
┌ Warning: `svd` cotangents sensitive to gauge choice: (|Δgauge| = 0.2781872708150664)
└ @ TensorKitChainRulesCoreExt ~/.julia/packages/TensorKit/esxcj/ext/TensorKitChainRulesCoreExt/factorizations.jl:254
┌ Warning: `svd` cotangents sensitive to gauge choice: (|Δgauge| = 0.2781872707650682)
└ @ TensorKitChainRulesCoreExt ~/.julia/packages/TensorKit/esxcj/ext/TensorKitChainRulesCoreExt/factorizations.jl:254
[ Info: LBFGS: iter   42, time 28292.28 s: f = -2.117826952054, ‖∇f‖ = 1.8075e-04, α = 1.00e+00, m = 8, nfg = 1
[ Info: CTMRG init:	obj = +6.784497121509e+00	err = 1.0000e+00
[ Info: CTMRG conv 20:	obj = +6.784497477061e+00	err = 5.7168457406e-10	time = 11.87 min
┌ Warning: `svd` cotangents sensitive to gauge choice: (|Δgauge| = 0.2782500748473517)
└ @ TensorKitChainRulesCoreExt ~/.julia/packages/TensorKit/esxcj/ext/TensorKitChainRulesCoreExt/factorizations.jl:254
┌ Warning: `svd` cotangents sensitive to gauge choice: (|Δgauge| = 0.278250074859988)
└ @ TensorKitChainRulesCoreExt ~/.julia/packages/TensorKit/esxcj/ext/TensorKitChainRulesCoreExt/factorizations.jl:254
[ Info: CTMRG init:	obj = +6.786027330773e+00	err = 1.0000e+00
[ Info: CTMRG conv 19:	obj = +6.786027361846e+00	err = 5.1626183013e-10	time = 11.11 min
┌ Warning: `svd` cotangents sensitive to gauge choice: (|Δgauge| = 0.278205803124679)
└ @ TensorKitChainRulesCoreExt ~/.julia/packages/TensorKit/esxcj/ext/TensorKitChainRulesCoreExt/factorizations.jl:254
┌ Warning: `svd` cotangents sensitive to gauge choice: (|Δgauge| = 0.2782058030399738)
└ @ TensorKitChainRulesCoreExt ~/.julia/packages/TensorKit/esxcj/ext/TensorKitChainRulesCoreExt/factorizations.jl:254
[ Info: LBFGS: iter   43, time 29931.56 s: f = -2.117827008397, ‖∇f‖ = 1.8241e-04, α = 2.96e-01, m = 8, nfg = 2
[ Info: CTMRG init:	obj = +6.785919730514e+00	err = 1.0000e+00
[ Info: CTMRG conv 17:	obj = +6.785919766779e+00	err = 8.0302981035e-10	time = 9.93 min
┌ Warning: `svd` cotangents sensitive to gauge choice: (|Δgauge| = 0.2782009119801655)
└ @ TensorKitChainRulesCoreExt ~/.julia/packages/TensorKit/esxcj/ext/TensorKitChainRulesCoreExt/factorizations.jl:254
┌ Warning: `svd` cotangents sensitive to gauge choice: (|Δgauge| = 0.27820091195818186)
└ @ TensorKitChainRulesCoreExt ~/.julia/packages/TensorKit/esxcj/ext/TensorKitChainRulesCoreExt/factorizations.jl:254
[ Info: LBFGS: iter   44, time 30619.09 s: f = -2.117827095681, ‖∇f‖ = 1.0571e-04, α = 1.00e+00, m = 8, nfg = 1
[ Info: CTMRG init:	obj = +6.786207939782e+00	err = 1.0000e+00
[ Info: CTMRG conv 18:	obj = +6.786207978736e+00	err = 6.2652099000e-10	time = 23.24 sec
┌ Warning: `svd` cotangents sensitive to gauge choice: (|Δgauge| = 0.2782166356615683)
└ @ TensorKitChainRulesCoreExt ~/.julia/packages/TensorKit/esxcj/ext/TensorKitChainRulesCoreExt/factorizations.jl:254
┌ Warning: `svd` cotangents sensitive to gauge choice: (|Δgauge| = 0.2782166356555689)
└ @ TensorKitChainRulesCoreExt ~/.julia/packages/TensorKit/esxcj/ext/TensorKitChainRulesCoreExt/factorizations.jl:254
[ Info: LBFGS: iter   45, time 30659.90 s: f = -2.117827172767, ‖∇f‖ = 1.0024e-04, α = 1.00e+00, m = 8, nfg = 1
[ Info: CTMRG init:	obj = +6.786713248620e+00	err = 1.0000e+00
[ Info: CTMRG conv 18:	obj = +6.786713292248e+00	err = 8.6440567120e-10	time = 24.93 sec
┌ Warning: `svd` cotangents sensitive to gauge choice: (|Δgauge| = 0.2782232257593225)
└ @ TensorKitChainRulesCoreExt ~/.julia/packages/TensorKit/esxcj/ext/TensorKitChainRulesCoreExt/factorizations.jl:254
┌ Warning: `svd` cotangents sensitive to gauge choice: (|Δgauge| = 0.2782232258085514)
└ @ TensorKitChainRulesCoreExt ~/.julia/packages/TensorKit/esxcj/ext/TensorKitChainRulesCoreExt/factorizations.jl:254
[ Info: LBFGS: iter   46, time 30793.95 s: f = -2.117827260950, ‖∇f‖ = 2.0932e-04, α = 1.00e+00, m = 8, nfg = 1
[ Info: CTMRG init:	obj = +6.787078703162e+00	err = 1.0000e+00
[ Info: CTMRG conv 18:	obj = +6.787078757528e+00	err = 6.8472398973e-10	time = 10.51 min
┌ Warning: `svd` cotangents sensitive to gauge choice: (|Δgauge| = 0.27827077982195064)
└ @ TensorKitChainRulesCoreExt ~/.julia/packages/TensorKit/esxcj/ext/TensorKitChainRulesCoreExt/factorizations.jl:254
┌ Warning: `svd` cotangents sensitive to gauge choice: (|Δgauge| = 0.2782707798373161)
└ @ TensorKitChainRulesCoreExt ~/.julia/packages/TensorKit/esxcj/ext/TensorKitChainRulesCoreExt/factorizations.jl:254
[ Info: LBFGS: iter   47, time 31546.07 s: f = -2.117827346336, ‖∇f‖ = 1.6231e-04, α = 1.00e+00, m = 8, nfg = 1
[ Info: CTMRG init:	obj = +6.786987470607e+00	err = 1.0000e+00
[ Info: CTMRG conv 18:	obj = +6.786987502664e+00	err = 3.5246423751e-10	time = 10.59 min
┌ Warning: `svd` cotangents sensitive to gauge choice: (|Δgauge| = 0.27828670854190607)
└ @ TensorKitChainRulesCoreExt ~/.julia/packages/TensorKit/esxcj/ext/TensorKitChainRulesCoreExt/factorizations.jl:254
┌ Warning: `svd` cotangents sensitive to gauge choice: (|Δgauge| = 0.27828670847037673)
└ @ TensorKitChainRulesCoreExt ~/.julia/packages/TensorKit/esxcj/ext/TensorKitChainRulesCoreExt/factorizations.jl:254
[ Info: LBFGS: iter   48, time 32302.08 s: f = -2.117827427270, ‖∇f‖ = 1.1256e-04, α = 1.00e+00, m = 8, nfg = 1
[ Info: CTMRG init:	obj = +6.786912599458e+00	err = 1.0000e+00
[ Info: CTMRG conv 17:	obj = +6.786912659441e+00	err = 8.8821314684e-10	time = 9.77 min
┌ Warning: `svd` cotangents sensitive to gauge choice: (|Δgauge| = 0.2783161345729715)
└ @ TensorKitChainRulesCoreExt ~/.julia/packages/TensorKit/esxcj/ext/TensorKitChainRulesCoreExt/factorizations.jl:254
┌ Warning: `svd` cotangents sensitive to gauge choice: (|Δgauge| = 0.2783161345513424)
└ @ TensorKitChainRulesCoreExt ~/.julia/packages/TensorKit/esxcj/ext/TensorKitChainRulesCoreExt/factorizations.jl:254
[ Info: LBFGS: iter   49, time 33001.93 s: f = -2.117827511224, ‖∇f‖ = 1.0394e-04, α = 1.00e+00, m = 8, nfg = 1
[ Info: CTMRG init:	obj = +6.787401339257e+00	err = 1.0000e+00
[ Info: CTMRG conv 19:	obj = +6.787401397615e+00	err = 4.3469013070e-10	time = 11.25 min
┌ Warning: `svd` cotangents sensitive to gauge choice: (|Δgauge| = 0.2783105156811376)
└ @ TensorKitChainRulesCoreExt ~/.julia/packages/TensorKit/esxcj/ext/TensorKitChainRulesCoreExt/factorizations.jl:254
┌ Warning: `svd` cotangents sensitive to gauge choice: (|Δgauge| = 0.2783105157694675)
└ @ TensorKitChainRulesCoreExt ~/.julia/packages/TensorKit/esxcj/ext/TensorKitChainRulesCoreExt/factorizations.jl:254
[ Info: LBFGS: iter   50, time 33804.13 s: f = -2.117827600235, ‖∇f‖ = 1.6385e-04, α = 1.00e+00, m = 8, nfg = 1
[ Info: CTMRG init:	obj = +6.788052192363e+00	err = 1.0000e+00
[ Info: CTMRG conv 19:	obj = +6.788052274312e+00	err = 6.2673307768e-10	time = 10.62 min
┌ Warning: `svd` cotangents sensitive to gauge choice: (|Δgauge| = 0.2783693846327328)
└ @ TensorKitChainRulesCoreExt ~/.julia/packages/TensorKit/esxcj/ext/TensorKitChainRulesCoreExt/factorizations.jl:254
┌ Warning: `svd` cotangents sensitive to gauge choice: (|Δgauge| = 0.2783693844921081)
└ @ TensorKitChainRulesCoreExt ~/.julia/packages/TensorKit/esxcj/ext/TensorKitChainRulesCoreExt/factorizations.jl:254
[ Info: LBFGS: iter   51, time 34461.91 s: f = -2.117827658300, ‖∇f‖ = 1.1225e-04, α = 1.00e+00, m = 8, nfg = 1
[ Info: CTMRG init:	obj = +6.788558437112e+00	err = 1.0000e+00
[ Info: CTMRG conv 19:	obj = +6.788558480070e+00	err = 3.9398596843e-10	time = 28.18 sec
┌ Warning: `svd` cotangents sensitive to gauge choice: (|Δgauge| = 0.2783439033465204)
└ @ TensorKitChainRulesCoreExt ~/.julia/packages/TensorKit/esxcj/ext/TensorKitChainRulesCoreExt/factorizations.jl:254
┌ Warning: `svd` cotangents sensitive to gauge choice: (|Δgauge| = 0.27834390335207015)
└ @ TensorKitChainRulesCoreExt ~/.julia/packages/TensorKit/esxcj/ext/TensorKitChainRulesCoreExt/factorizations.jl:254
[ Info: LBFGS: converged after 52 iterations and time 34508.71 s: f = -2.117827689153, ‖∇f‖ = 7.1550e-05
