  Installing known registries into `~/.julia`
       Added `General` registry to ~/.julia/registries
    Updating registry at `~/.julia/registries/General.toml`
   Installed GPUArraysCore ─────────────── v0.2.0
   Installed TaskLocalValues ───────────── v0.1.2
   Installed IrrationalConstants ───────── v0.2.4
   Installed RealDot ───────────────────── v0.1.0
   Installed IRTools ───────────────────── v0.4.14
   Installed JLD2 ──────────────────────── v0.5.12
   Installed BlockTensorKit ────────────── v0.1.6
   Installed OhMyThreads ───────────────── v0.7.0
   Installed IntegerMathUtils ──────────── v0.1.2
   Installed Adapt ─────────────────────── v4.3.0
   Installed LRUCache ──────────────────── v1.6.2
   Installed PtrArrays ─────────────────── v1.3.0
   Installed TableTraits ───────────────── v1.0.1
   Installed DiffRules ─────────────────── v1.15.1
   Installed Accessors ─────────────────── v0.1.42
   Installed Preferences ───────────────── v1.4.3
   Installed LoggingExtras ─────────────── v1.0.3
   Installed DiffResults ───────────────── v1.1.0
   Installed OptimKit ──────────────────── v0.4.0
   Installed WignerSymbols ─────────────── v2.0.0
   Installed HashArrayMappedTries ──────── v0.2.0
   Installed Tables ────────────────────── v1.12.0
   Installed SpecialFunctions ──────────── v2.5.1
   Installed TensorKit ─────────────────── v0.14.5
   Installed ChunkSplitters ────────────── v3.1.2
   Installed RecipesBase ───────────────── v1.3.4
   Installed DataAPI ───────────────────── v1.16.0
   Installed Primes ────────────────────── v0.5.7
   Installed AbstractFFTs ──────────────── v1.5.0
   Installed StaticArrays ──────────────── v1.9.13
   Installed Zygote ────────────────────── v0.7.6
   Installed BlockArrays ───────────────── v1.6.1
   Installed MPSKit ────────────────────── v0.12.6
   Installed JLLWrappers ───────────────── v1.7.0
   Installed NaNMath ───────────────────── v1.1.3
   Installed StaticArraysCore ──────────── v1.4.3
   Installed Richardson ────────────────── v1.4.2
   Installed FiniteDifferences ─────────── v0.12.32
   Installed IteratorInterfaceExtensions ─ v1.0.0
   Installed ConstructionBase ──────────── v1.5.8
   Installed PrecompileTools ───────────── v1.2.1
   Installed DataValueInterfaces ───────── v1.0.0
   Installed StructArrays ──────────────── v0.7.1
   Installed RationalRoots ─────────────── v0.2.1
   Installed OrderedCollections ────────── v1.8.0
   Installed StableTasks ───────────────── v0.1.7
   Installed TensorKitSectors ──────────── v0.1.4
   Installed TranscodingStreams ────────── v0.11.3
   Installed ChainRulesCore ────────────── v1.25.1
   Installed ScopedValues ──────────────── v1.3.0
   Installed InitialValues ─────────────── v0.3.1
   Installed VectorInterface ───────────── v0.5.0
   Installed Statistics ────────────────── v1.11.1
   Installed FillArrays ────────────────── v1.13.0
   Installed MPSKitModels ──────────────── v0.4.1
   Installed ForwardDiff ───────────────── v1.0.1
   Installed ChainRules ────────────────── v1.72.3
   Installed LogExpFunctions ───────────── v0.3.29
   Installed FileIO ────────────────────── v1.17.0
   Installed Requires ──────────────────── v1.3.1
   Installed ZygoteRules ───────────────── v0.2.7
   Installed StridedViews ──────────────── v0.4.1
   Installed CommonSubexpressions ──────── v0.3.1
   Installed HalfIntegers ──────────────── v1.6.0
   Installed Strided ───────────────────── v2.3.0
   Installed BangBang ──────────────────── v0.4.4
   Installed PackageExtensionCompat ────── v1.0.2
   Installed MacroTools ────────────────── v0.5.15
   Installed Compat ────────────────────── v4.16.0
   Installed OpenSpecFun_jll ───────────── v0.5.6+0
   Installed TensorKitManifolds ────────── v0.7.2
   Installed SparseInverseSubset ───────── v0.1.2
   Installed CompositionsBase ──────────── v0.1.2
   Installed InverseFunctions ──────────── v0.1.17
   Installed TupleTools ────────────────── v1.6.0
   Installed PEPSKit ───────────────────── v0.5.0
   Installed TensorOperations ──────────── v5.2.0
   Installed ArrayLayouts ──────────────── v1.11.1
   Installed DocStringExtensions ───────── v0.9.4
   Installed KrylovKit ─────────────────── v0.9.5
    Updating `/var/lib/condor/execute/dir_3175842/Project.toml`
  [d360d2e6] + ChainRulesCore v1.25.1
  [033835bb] + JLD2 v0.5.12
  [0b1a1467] + KrylovKit v0.9.5
  [bb1c41ca] + MPSKit v0.12.6
  [ca635005] + MPSKitModels v0.4.1
  [77e91f04] + OptimKit v0.4.0
  [52969e89] + PEPSKit v0.5.0
  [07d1fe3e] + TensorKit v0.14.5
  [409d34a3] + VectorInterface v0.5.0
  [e88e6eb3] + Zygote v0.7.6
  [37e2e46d] ~ LinearAlgebra ⇒ v1.11.0
    Updating `/var/lib/condor/execute/dir_3175842/Manifest.toml`
  [621f4979] + AbstractFFTs v1.5.0
  [7d9f7c33] + Accessors v0.1.42
  [79e6a3ab] + Adapt v4.3.0
  [4c555306] + ArrayLayouts v1.11.1
  [198e06fe] + BangBang v0.4.4
  [8e7c35d0] + BlockArrays v1.6.1
  [5f87ffc2] + BlockTensorKit v0.1.6
  [082447d4] + ChainRules v1.72.3
  [d360d2e6] + ChainRulesCore v1.25.1
  [ae650224] + ChunkSplitters v3.1.2
  [bbf7d656] + CommonSubexpressions v0.3.1
  [34da2185] + Compat v4.16.0
  [a33af91c] + CompositionsBase v0.1.2
  [187b0558] + ConstructionBase v1.5.8
  [9a962f9c] + DataAPI v1.16.0
  [e2d170a0] + DataValueInterfaces v1.0.0
  [163ba53b] + DiffResults v1.1.0
  [b552c78f] + DiffRules v1.15.1
  [ffbed154] + DocStringExtensions v0.9.4
  [5789e2e9] + FileIO v1.17.0
  [1a297f60] + FillArrays v1.13.0
  [26cc04aa] + FiniteDifferences v0.12.32
  [f6369f11] + ForwardDiff v1.0.1
  [46192b85] + GPUArraysCore v0.2.0
  [f0d1745a] + HalfIntegers v1.6.0
  [076d061b] + HashArrayMappedTries v0.2.0
  [7869d1d1] + IRTools v0.4.14
  [22cec73e] + InitialValues v0.3.1
  [18e54dd8] + IntegerMathUtils v0.1.2
  [3587e190] + InverseFunctions v0.1.17
  [92d709cd] + IrrationalConstants v0.2.4
  [82899510] + IteratorInterfaceExtensions v1.0.0
  [033835bb] + JLD2 v0.5.12
  [692b3bcd] + JLLWrappers v1.7.0
  [0b1a1467] + KrylovKit v0.9.5
  [8ac3fa9e] + LRUCache v1.6.2
  [2ab3a3ac] + LogExpFunctions v0.3.29
⌅ [e6f89c97] + LoggingExtras v1.0.3
  [bb1c41ca] + MPSKit v0.12.6
  [ca635005] + MPSKitModels v0.4.1
  [1914dd2f] + MacroTools v0.5.15
  [77ba4419] + NaNMath v1.1.3
⌅ [67456a42] + OhMyThreads v0.7.0
  [77e91f04] + OptimKit v0.4.0
  [bac558e1] + OrderedCollections v1.8.0
  [52969e89] + PEPSKit v0.5.0
  [65ce6f38] + PackageExtensionCompat v1.0.2
⌅ [aea7be01] + PrecompileTools v1.2.1
  [21216c6a] + Preferences v1.4.3
  [27ebfcd6] + Primes v0.5.7
  [43287f4e] + PtrArrays v1.3.0
  [308eb6b3] + RationalRoots v0.2.1
  [c1ae055f] + RealDot v0.1.0
  [3cdcf5f2] + RecipesBase v1.3.4
  [ae029012] + Requires v1.3.1
  [708f8203] + Richardson v1.4.2
  [7e506255] + ScopedValues v1.3.0
  [dc90abb0] + SparseInverseSubset v0.1.2
  [276daf66] + SpecialFunctions v2.5.1
  [91464d47] + StableTasks v0.1.7
  [90137ffa] + StaticArrays v1.9.13
  [1e83bf80] + StaticArraysCore v1.4.3
  [10745b16] + Statistics v1.11.1
  [5e0ebb24] + Strided v2.3.0
  [4db3bf67] + StridedViews v0.4.1
  [09ab397b] + StructArrays v0.7.1
  [3783bdb8] + TableTraits v1.0.1
  [bd369af6] + Tables v1.12.0
  [ed4db957] + TaskLocalValues v0.1.2
  [07d1fe3e] + TensorKit v0.14.5
  [11fa318c] + TensorKitManifolds v0.7.2
  [13a9c161] + TensorKitSectors v0.1.4
  [6aa20fa7] + TensorOperations v5.2.0
  [3bb67fe8] + TranscodingStreams v0.11.3
  [9d95972d] + TupleTools v1.6.0
  [409d34a3] + VectorInterface v0.5.0
  [9f57e263] + WignerSymbols v2.0.0
  [e88e6eb3] + Zygote v0.7.6
  [700de1a5] + ZygoteRules v0.2.7
  [efe28fd5] + OpenSpecFun_jll v0.5.6+0
  [0dad84c5] + ArgTools v1.1.2
  [56f22d72] + Artifacts v1.11.0
  [2a0f44e3] + Base64 v1.11.0
  [ade2ca70] + Dates v1.11.0
  [8ba89e20] + Distributed v1.11.0
  [f43a241f] + Downloads v1.6.0
  [7b1f6079] + FileWatching v1.11.0
  [b77e0a4c] + InteractiveUtils v1.11.0
  [b27032c2] + LibCURL v0.6.4
  [76f85450] + LibGit2 v1.11.0
  [8f399da3] + Libdl v1.11.0
  [37e2e46d] + LinearAlgebra v1.11.0
  [56ddb016] + Logging v1.11.0
  [d6f4376e] + Markdown v1.11.0
  [a63ad114] + Mmap v1.11.0
  [ca575930] + NetworkOptions v1.2.0
  [44cfe95a] + Pkg v1.11.0
  [de0858da] + Printf v1.11.0
  [9a3f8284] + Random v1.11.0
  [ea8e919c] + SHA v0.7.0
  [9e88b42a] + Serialization v1.11.0
  [6462fe0b] + Sockets v1.11.0
  [2f01184e] + SparseArrays v1.11.0
  [4607b0f0] + SuiteSparse
  [fa267f1f] + TOML v1.0.3
  [a4e569a6] + Tar v1.10.0
  [cf7118a7] + UUIDs v1.11.0
  [4ec0a83e] + Unicode v1.11.0
  [e66e0078] + CompilerSupportLibraries_jll v1.1.1+0
  [deac9b47] + LibCURL_jll v8.6.0+0
  [e37daf67] + LibGit2_jll v1.7.2+0
  [29816b5a] + LibSSH2_jll v1.11.0+1
  [c8ffd9c3] + MbedTLS_jll v2.28.6+0
  [14a3606d] + MozillaCACerts_jll v2023.12.12
  [4536629a] + OpenBLAS_jll v0.3.27+1
  [05823500] + OpenLibm_jll v0.8.1+2
  [bea87d4a] + SuiteSparse_jll v7.7.0+0
  [83775a58] + Zlib_jll v1.2.13+1
  [8e850b90] + libblastrampoline_jll v5.11.0+0
  [8e850ede] + nghttp2_jll v1.59.0+0
  [3f19e933] + p7zip_jll v17.4.0+2
        Info Packages marked with ⌅ have new versions available but compatibility constraints restrict them from upgrading. To see why use `status --outdated -m`
Precompiling project...
    563.7 ms  ✓ TaskLocalValues
    596.3 ms  ✓ IntegerMathUtils
    604.2 ms  ✓ DataValueInterfaces
    674.8 ms  ✓ RealDot
    880.3 ms  ✓ StableTasks
    887.9 ms  ✓ HalfIntegers
    943.3 ms  ✓ Richardson
    929.4 ms  ✓ InverseFunctions
   1039.7 ms  ✓ LRUCache
   1059.0 ms  ✓ DocStringExtensions
   1113.7 ms  ✓ AbstractFFTs
   1298.1 ms  ✓ VectorInterface
   1351.7 ms  ✓ Statistics
   1584.1 ms  ✓ OrderedCollections
   1062.2 ms  ✓ IteratorInterfaceExtensions
    978.2 ms  ✓ PackageExtensionCompat
   1066.0 ms  ✓ DataAPI
   1026.3 ms  ✓ PtrArrays
   1191.4 ms  ✓ ChunkSplitters
   1197.5 ms  ✓ TupleTools
   1045.1 ms  ✓ RationalRoots
    818.8 ms  ✓ HashArrayMappedTries
   2125.1 ms  ✓ ConstructionBase
   1582.0 ms  ✓ StaticArraysCore
   1024.9 ms  ✓ TableTraits
   1768.6 ms  ✓ CompositionsBase
   2697.8 ms  ✓ FillArrays
   1042.1 ms  ✓ NaNMath
   2914.7 ms  ✓ IrrationalConstants
   1615.4 ms  ✓ TranscodingStreams
   1342.2 ms  ✓ LoggingExtras
   2119.5 ms  ✓ InitialValues
   1227.6 ms  ✓ SuiteSparse
   1379.9 ms  ✓ Compat
    830.0 ms  ✓ ScopedValues
   1015.1 ms  ✓ LRUCache → SerializationExt
   1318.3 ms  ✓ InverseFunctions → InverseFunctionsDatesExt
   1483.1 ms  ✓ Primes
    964.4 ms  ✓ DiffResults
   1691.2 ms  ✓ Preferences
   1346.2 ms  ✓ Requires
   1329.9 ms  ✓ StridedViews
   1399.5 ms  ✓ ConstructionBase → ConstructionBaseLinearAlgebraExt
   1290.6 ms  ✓ CompositionsBase → CompositionsBaseInverseFunctionsExt
   1073.3 ms  ✓ FillArrays → FillArraysStatisticsExt
   2008.4 ms  ✓ Statistics → SparseArraysExt
   1194.2 ms  ✓ Compat → CompatLinearAlgebraExt
   1421.3 ms  ✓ SparseInverseSubset
   2508.2 ms  ✓ Tables
   2158.3 ms  ✓ FillArrays → FillArraysSparseArraysExt
   2138.4 ms  ✓ LogExpFunctions
   1956.4 ms  ✓ PrecompileTools
   1697.8 ms  ✓ JLLWrappers
   1668.3 ms  ✓ StridedViews → StridedViewsPtrArraysExt
   2116.3 ms  ✓ Strided
   1283.8 ms  ✓ LogExpFunctions → LogExpFunctionsInverseFunctionsExt
   2733.5 ms  ✓ Adapt
   1378.7 ms  ✓ OpenSpecFun_jll
   2224.1 ms  ✓ StructArrays
   6937.3 ms  ✓ MacroTools
   1134.0 ms  ✓ StructArrays → StructArraysLinearAlgebraExt
   1769.8 ms  ✓ GPUArraysCore
   1699.6 ms  ✓ StructArrays → StructArraysAdaptExt
   1802.4 ms  ✓ StructArrays → StructArraysSparseArraysExt
   5955.7 ms  ✓ OptimKit
   3041.1 ms  ✓ Adapt → AdaptSparseArraysExt
   2524.4 ms  ✓ CommonSubexpressions
   7709.6 ms  ✓ KrylovKit
   6086.3 ms  ✓ ChainRulesCore
   6236.2 ms  ✓ RecipesBase
   1145.5 ms  ✓ AbstractFFTs → AbstractFFTsChainRulesCoreExt
   8675.9 ms  ✓ WignerSymbols
   1720.6 ms  ✓ ChainRulesCore → ChainRulesCoreSparseArraysExt
   1884.4 ms  ✓ ZygoteRules
   2012.9 ms  ✓ KrylovKit → KrylovKitChainRulesCoreExt
   5263.5 ms  ✓ IRTools
   7138.1 ms  ✓ SpecialFunctions
   3401.4 ms  ✓ LogExpFunctions → LogExpFunctionsChainRulesCoreExt
  10139.2 ms  ✓ FileIO
   5853.6 ms  ✓ Accessors
    928.8 ms  ✓ Accessors → LinearAlgebraExt
   1185.5 ms  ✓ Accessors → StructArraysExt
   1379.4 ms  ✓ DiffRules
   1744.5 ms  ✓ BangBang
   3755.7 ms  ✓ SpecialFunctions → SpecialFunctionsChainRulesCoreExt
    934.6 ms  ✓ BangBang → BangBangStructArraysExt
    935.0 ms  ✓ BangBang → BangBangTablesExt
    956.4 ms  ✓ BangBang → BangBangChainRulesCoreExt
   2238.5 ms  ✓ OhMyThreads
   6319.3 ms  ✓ ForwardDiff
  16306.2 ms  ✓ StaticArrays
   9859.7 ms  ✓ ChainRules
   1195.2 ms  ✓ ConstructionBase → ConstructionBaseStaticArraysExt
   1269.9 ms  ✓ Accessors → StaticArraysExt
   1279.5 ms  ✓ BangBang → BangBangStaticArraysExt
   1386.1 ms  ✓ Adapt → AdaptStaticArraysExt
   1381.8 ms  ✓ ForwardDiff → ForwardDiffStaticArraysExt
   1403.5 ms  ✓ StaticArrays → StaticArraysStatisticsExt
   1467.8 ms  ✓ StaticArrays → StaticArraysChainRulesCoreExt
   1591.8 ms  ✓ StructArrays → StructArraysStaticArraysExt
   1765.7 ms  ✓ FiniteDifferences
  28979.7 ms  ✓ ArrayLayouts
   1575.9 ms  ✓ ArrayLayouts → ArrayLayoutsSparseArraysExt
   2172.1 ms  ✓ BlockArrays
    948.2 ms  ✓ BlockArrays → BlockArraysAdaptExt
  38460.6 ms  ✓ Zygote
  49037.9 ms  ✓ JLD2
 206640.2 ms  ✓ TensorOperations
   2664.4 ms  ✓ TensorOperations → TensorOperationsChainRulesCoreExt
   9425.7 ms  ✓ TensorKitSectors
   8724.8 ms  ✓ TensorKit
   2718.6 ms  ✓ BlockTensorKit
   3197.4 ms  ✓ TensorKitManifolds
   3237.8 ms  ✓ TensorKit → TensorKitFiniteDifferencesExt
   3379.7 ms  ✓ TensorKit → TensorKitChainRulesCoreExt
  19531.5 ms  ✓ MPSKit
  16947.9 ms  ✓ MPSKitModels
  20488.8 ms  ✓ PEPSKit
  118 dependencies successfully precompiled in 292 seconds. 31 already precompiled.
[ Info: CTMRG init:	obj = +5.596687622853e+00	err = 1.0000e+00
[ Info: CTMRG conv 4:	obj = +5.596687622853e+00	err = 1.9297663385e-11	time = 2.71 min
┌ Warning: `svd` cotangents sensitive to gauge choice: (|Δgauge| = 0.10111784282976194)
└ @ TensorKitChainRulesCoreExt ~/.julia/packages/TensorKit/esxcj/ext/TensorKitChainRulesCoreExt/factorizations.jl:254
┌ Warning: `svd` cotangents sensitive to gauge choice: (|Δgauge| = 1.9944804022955507e-7)
└ @ TensorKitChainRulesCoreExt ~/.julia/packages/TensorKit/esxcj/ext/TensorKitChainRulesCoreExt/factorizations.jl:254
┌ Warning: `svd` cotangents sensitive to gauge choice: (|Δgauge| = 0.10111768629236897)
└ @ TensorKitChainRulesCoreExt ~/.julia/packages/TensorKit/esxcj/ext/TensorKitChainRulesCoreExt/factorizations.jl:254
[ Info: LBFGS: initializing with f = -3.128958985444, ‖∇f‖ = 6.1497e-04
[ Info: CTMRG init:	obj = +5.600575590974e+00	err = 1.0000e+00
[ Info: CTMRG conv 7:	obj = +5.600613399935e+00	err = 4.4436554853e-11	time = 51.38 sec
┌ Warning: `svd` cotangents sensitive to gauge choice: (|Δgauge| = 0.10097824191608143)
└ @ TensorKitChainRulesCoreExt ~/.julia/packages/TensorKit/esxcj/ext/TensorKitChainRulesCoreExt/factorizations.jl:254
┌ Warning: `svd` cotangents sensitive to gauge choice: (|Δgauge| = 4.29175286381241e-11)
└ @ TensorKitChainRulesCoreExt ~/.julia/packages/TensorKit/esxcj/ext/TensorKitChainRulesCoreExt/factorizations.jl:254
┌ Warning: `svd` cotangents sensitive to gauge choice: (|Δgauge| = 0.10097824188909801)
└ @ TensorKitChainRulesCoreExt ~/.julia/packages/TensorKit/esxcj/ext/TensorKitChainRulesCoreExt/factorizations.jl:254
[ Info: CTMRG init:	obj = +5.596981713513e+00	err = 1.0000e+00
[ Info: CTMRG conv 6:	obj = +5.596981929747e+00	err = 3.1934297503e-10	time = 52.55 sec
┌ Warning: `svd` cotangents sensitive to gauge choice: (|Δgauge| = 0.10110753819978874)
└ @ TensorKitChainRulesCoreExt ~/.julia/packages/TensorKit/esxcj/ext/TensorKitChainRulesCoreExt/factorizations.jl:254
┌ Warning: `svd` cotangents sensitive to gauge choice: (|Δgauge| = 7.511331226239034e-10)
└ @ TensorKitChainRulesCoreExt ~/.julia/packages/TensorKit/esxcj/ext/TensorKitChainRulesCoreExt/factorizations.jl:254
┌ Warning: `svd` cotangents sensitive to gauge choice: (|Δgauge| = 0.1011075376618619)
└ @ TensorKitChainRulesCoreExt ~/.julia/packages/TensorKit/esxcj/ext/TensorKitChainRulesCoreExt/factorizations.jl:254
[ Info: LBFGS: iter    1, time 2142.10 s: f = -3.128959217913, ‖∇f‖ = 3.3947e-04, α = 7.56e-02, m = 0, nfg = 2
[ Info: CTMRG init:	obj = +5.597218972948e+00	err = 1.0000e+00
[ Info: CTMRG conv 5:	obj = +5.597218973809e+00	err = 7.8608922345e-10	time = 20.14 sec
┌ Warning: `svd` cotangents sensitive to gauge choice: (|Δgauge| = 0.10110040981478753)
└ @ TensorKitChainRulesCoreExt ~/.julia/packages/TensorKit/esxcj/ext/TensorKitChainRulesCoreExt/factorizations.jl:254
┌ Warning: `svd` cotangents sensitive to gauge choice: (|Δgauge| = 1.2064327305881816e-8)
└ @ TensorKitChainRulesCoreExt ~/.julia/packages/TensorKit/esxcj/ext/TensorKitChainRulesCoreExt/factorizations.jl:254
┌ Warning: `svd` cotangents sensitive to gauge choice: (|Δgauge| = 0.10110040111813479)
└ @ TensorKitChainRulesCoreExt ~/.julia/packages/TensorKit/esxcj/ext/TensorKitChainRulesCoreExt/factorizations.jl:254
[ Info: CTMRG init:	obj = +5.598166681307e+00	err = 1.0000e+00
[ Info: CTMRG conv 6:	obj = +5.598166702811e+00	err = 5.9055856138e-11	time = 28.29 sec
┌ Warning: `svd` cotangents sensitive to gauge choice: (|Δgauge| = 0.1010719614661797)
└ @ TensorKitChainRulesCoreExt ~/.julia/packages/TensorKit/esxcj/ext/TensorKitChainRulesCoreExt/factorizations.jl:254
┌ Warning: `svd` cotangents sensitive to gauge choice: (|Δgauge| = 7.370817337050239e-10)
└ @ TensorKitChainRulesCoreExt ~/.julia/packages/TensorKit/esxcj/ext/TensorKitChainRulesCoreExt/factorizations.jl:254
┌ Warning: `svd` cotangents sensitive to gauge choice: (|Δgauge| = 0.10107196094443188)
└ @ TensorKitChainRulesCoreExt ~/.julia/packages/TensorKit/esxcj/ext/TensorKitChainRulesCoreExt/factorizations.jl:254
[ Info: CTMRG init:	obj = +5.602894067420e+00	err = 1.0000e+00
[ Info: CTMRG conv 6:	obj = +5.602894603714e+00	err = 2.7106571144e-10	time = 35.93 sec
┌ Warning: `svd` cotangents sensitive to gauge choice: (|Δgauge| = 0.10093128278527203)
└ @ TensorKitChainRulesCoreExt ~/.julia/packages/TensorKit/esxcj/ext/TensorKitChainRulesCoreExt/factorizations.jl:254
┌ Warning: `svd` cotangents sensitive to gauge choice: (|Δgauge| = 6.828738261307167e-10)
└ @ TensorKitChainRulesCoreExt ~/.julia/packages/TensorKit/esxcj/ext/TensorKitChainRulesCoreExt/factorizations.jl:254
┌ Warning: `svd` cotangents sensitive to gauge choice: (|Δgauge| = 0.1009312822924634)
└ @ TensorKitChainRulesCoreExt ~/.julia/packages/TensorKit/esxcj/ext/TensorKitChainRulesCoreExt/factorizations.jl:254
[ Info: CTMRG init:	obj = +5.626251003098e+00	err = 1.0000e+00
[ Info: CTMRG conv 7:	obj = +5.626264247937e+00	err = 4.5574356732e-11	time = 20.11 sec
┌ Warning: `svd` cotangents sensitive to gauge choice: (|Δgauge| = 0.10026677728219029)
└ @ TensorKitChainRulesCoreExt ~/.julia/packages/TensorKit/esxcj/ext/TensorKitChainRulesCoreExt/factorizations.jl:254
┌ Warning: `svd` cotangents sensitive to gauge choice: (|Δgauge| = 2.713692692610917e-11)
└ @ TensorKitChainRulesCoreExt ~/.julia/packages/TensorKit/esxcj/ext/TensorKitChainRulesCoreExt/factorizations.jl:254
┌ Warning: `svd` cotangents sensitive to gauge choice: (|Δgauge| = 0.1002667772988948)
└ @ TensorKitChainRulesCoreExt ~/.julia/packages/TensorKit/esxcj/ext/TensorKitChainRulesCoreExt/factorizations.jl:254
[ Info: CTMRG init:	obj = +5.606010939523e+00	err = 1.0000e+00
[ Info: CTMRG conv 6:	obj = +5.606012191572e+00	err = 4.0642696995e-10	time = 18.42 sec
┌ Warning: `svd` cotangents sensitive to gauge choice: (|Δgauge| = 0.10083965524349423)
└ @ TensorKitChainRulesCoreExt ~/.julia/packages/TensorKit/esxcj/ext/TensorKitChainRulesCoreExt/factorizations.jl:254
┌ Warning: `svd` cotangents sensitive to gauge choice: (|Δgauge| = 6.48423926165858e-10)
└ @ TensorKitChainRulesCoreExt ~/.julia/packages/TensorKit/esxcj/ext/TensorKitChainRulesCoreExt/factorizations.jl:254
┌ Warning: `svd` cotangents sensitive to gauge choice: (|Δgauge| = 0.10083965477120894)
└ @ TensorKitChainRulesCoreExt ~/.julia/packages/TensorKit/esxcj/ext/TensorKitChainRulesCoreExt/factorizations.jl:254
[ Info: LBFGS: iter    2, time 2429.69 s: f = -3.128961279729, ‖∇f‖ = 1.6678e-03, α = 3.82e+01, m = 1, nfg = 5
[ Info: CTMRG init:	obj = +5.614758129263e+00	err = 1.0000e+00
[ Info: CTMRG conv 6:	obj = +5.614759303779e+00	err = 3.2732876534e-10	time = 17.59 sec
┌ Warning: `svd` cotangents sensitive to gauge choice: (|Δgauge| = 0.10036696095664244)
└ @ TensorKitChainRulesCoreExt ~/.julia/packages/TensorKit/esxcj/ext/TensorKitChainRulesCoreExt/factorizations.jl:254
┌ Warning: `svd` cotangents sensitive to gauge choice: (|Δgauge| = 5.559585885452193e-10)
└ @ TensorKitChainRulesCoreExt ~/.julia/packages/TensorKit/esxcj/ext/TensorKitChainRulesCoreExt/factorizations.jl:254
┌ Warning: `svd` cotangents sensitive to gauge choice: (|Δgauge| = 0.10036696058389014)
└ @ TensorKitChainRulesCoreExt ~/.julia/packages/TensorKit/esxcj/ext/TensorKitChainRulesCoreExt/factorizations.jl:254
[ Info: LBFGS: iter    3, time 2486.35 s: f = -3.128964769102, ‖∇f‖ = 1.2748e-03, α = 1.00e+00, m = 2, nfg = 1
[ Info: CTMRG init:	obj = +5.650694187643e+00	err = 1.0000e+00
[ Info: CTMRG conv 7:	obj = +5.650713772475e+00	err = 4.4250716151e-11	time = 45.30 sec
┌ Warning: `svd` cotangents sensitive to gauge choice: (|Δgauge| = 0.0985767972665059)
└ @ TensorKitChainRulesCoreExt ~/.julia/packages/TensorKit/esxcj/ext/TensorKitChainRulesCoreExt/factorizations.jl:254
┌ Warning: `svd` cotangents sensitive to gauge choice: (|Δgauge| = 1.5121793911059634e-11)
└ @ TensorKitChainRulesCoreExt ~/.julia/packages/TensorKit/esxcj/ext/TensorKitChainRulesCoreExt/factorizations.jl:254
┌ Warning: `svd` cotangents sensitive to gauge choice: (|Δgauge| = 0.09857679725626217)
└ @ TensorKitChainRulesCoreExt ~/.julia/packages/TensorKit/esxcj/ext/TensorKitChainRulesCoreExt/factorizations.jl:254
[ Info: LBFGS: iter    4, time 2572.15 s: f = -3.128969398492, ‖∇f‖ = 1.4570e-03, α = 1.00e+00, m = 3, nfg = 1
[ Info: CTMRG init:	obj = +5.657579285026e+00	err = 1.0000e+00
[ Info: CTMRG conv 6:	obj = +5.657580146122e+00	err = 1.3178708134e-10	time = 29.63 sec
┌ Warning: `svd` cotangents sensitive to gauge choice: (|Δgauge| = 0.09837682585364586)
└ @ TensorKitChainRulesCoreExt ~/.julia/packages/TensorKit/esxcj/ext/TensorKitChainRulesCoreExt/factorizations.jl:254
┌ Warning: `svd` cotangents sensitive to gauge choice: (|Δgauge| = 2.1179842002349803e-10)
└ @ TensorKitChainRulesCoreExt ~/.julia/packages/TensorKit/esxcj/ext/TensorKitChainRulesCoreExt/factorizations.jl:254
┌ Warning: `svd` cotangents sensitive to gauge choice: (|Δgauge| = 0.0983768257491907)
└ @ TensorKitChainRulesCoreExt ~/.julia/packages/TensorKit/esxcj/ext/TensorKitChainRulesCoreExt/factorizations.jl:254
[ Info: LBFGS: iter    5, time 2638.82 s: f = -3.128970592899, ‖∇f‖ = 1.0323e-03, α = 1.00e+00, m = 4, nfg = 1
[ Info: CTMRG init:	obj = +5.652640616518e+00	err = 1.0000e+00
[ Info: CTMRG conv 6:	obj = +5.652641003694e+00	err = 1.3390382287e-10	time = 14.06 sec
┌ Warning: `svd` cotangents sensitive to gauge choice: (|Δgauge| = 0.09862180003344855)
└ @ TensorKitChainRulesCoreExt ~/.julia/packages/TensorKit/esxcj/ext/TensorKitChainRulesCoreExt/factorizations.jl:254
┌ Warning: `svd` cotangents sensitive to gauge choice: (|Δgauge| = 2.4740445241758435e-10)
└ @ TensorKitChainRulesCoreExt ~/.julia/packages/TensorKit/esxcj/ext/TensorKitChainRulesCoreExt/factorizations.jl:254
┌ Warning: `svd` cotangents sensitive to gauge choice: (|Δgauge| = 0.09862179989341541)
└ @ TensorKitChainRulesCoreExt ~/.julia/packages/TensorKit/esxcj/ext/TensorKitChainRulesCoreExt/factorizations.jl:254
[ Info: LBFGS: iter    6, time 2696.36 s: f = -3.128971356213, ‖∇f‖ = 3.4565e-04, α = 1.00e+00, m = 5, nfg = 1
[ Info: CTMRG init:	obj = +5.652250615909e+00	err = 1.0000e+00
[ Info: CTMRG conv 6:	obj = +5.652250621045e+00	err = 4.9417508526e-11	time = 27.21 sec
┌ Warning: `svd` cotangents sensitive to gauge choice: (|Δgauge| = 0.09869762572526423)
└ @ TensorKitChainRulesCoreExt ~/.julia/packages/TensorKit/esxcj/ext/TensorKitChainRulesCoreExt/factorizations.jl:254
┌ Warning: `svd` cotangents sensitive to gauge choice: (|Δgauge| = 2.534080169000273e-10)
└ @ TensorKitChainRulesCoreExt ~/.julia/packages/TensorKit/esxcj/ext/TensorKitChainRulesCoreExt/factorizations.jl:254
┌ Warning: `svd` cotangents sensitive to gauge choice: (|Δgauge| = 0.09869762559675783)
└ @ TensorKitChainRulesCoreExt ~/.julia/packages/TensorKit/esxcj/ext/TensorKitChainRulesCoreExt/factorizations.jl:254
[ Info: LBFGS: iter    7, time 2755.01 s: f = -3.128971587964, ‖∇f‖ = 3.0858e-04, α = 1.00e+00, m = 6, nfg = 1
[ Info: CTMRG init:	obj = +5.654587141604e+00	err = 1.0000e+00
[ Info: CTMRG conv 6:	obj = +5.654587431600e+00	err = 1.0840745689e-10	time = 31.76 sec
┌ Warning: `svd` cotangents sensitive to gauge choice: (|Δgauge| = 0.09927414327169243)
└ @ TensorKitChainRulesCoreExt ~/.julia/packages/TensorKit/esxcj/ext/TensorKitChainRulesCoreExt/factorizations.jl:254
┌ Warning: `svd` cotangents sensitive to gauge choice: (|Δgauge| = 2.743459694698102e-10)
└ @ TensorKitChainRulesCoreExt ~/.julia/packages/TensorKit/esxcj/ext/TensorKitChainRulesCoreExt/factorizations.jl:254
┌ Warning: `svd` cotangents sensitive to gauge choice: (|Δgauge| = 0.09927414309562271)
└ @ TensorKitChainRulesCoreExt ~/.julia/packages/TensorKit/esxcj/ext/TensorKitChainRulesCoreExt/factorizations.jl:254
[ Info: LBFGS: iter    8, time 2822.12 s: f = -3.128973545829, ‖∇f‖ = 7.9018e-04, α = 1.00e+00, m = 7, nfg = 1
[ Info: CTMRG init:	obj = +5.667630886554e+00	err = 1.0000e+00
[ Info: CTMRG conv 6:	obj = +5.667634037037e+00	err = 2.7398415310e-10	time = 17.22 sec
┌ Warning: `svd` cotangents sensitive to gauge choice: (|Δgauge| = 0.10003544345819876)
└ @ TensorKitChainRulesCoreExt ~/.julia/packages/TensorKit/esxcj/ext/TensorKitChainRulesCoreExt/factorizations.jl:254
┌ Warning: `svd` cotangents sensitive to gauge choice: (|Δgauge| = 2.5600775348455487e-10)
└ @ TensorKitChainRulesCoreExt ~/.julia/packages/TensorKit/esxcj/ext/TensorKitChainRulesCoreExt/factorizations.jl:254
┌ Warning: `svd` cotangents sensitive to gauge choice: (|Δgauge| = 0.1000354432991214)
└ @ TensorKitChainRulesCoreExt ~/.julia/packages/TensorKit/esxcj/ext/TensorKitChainRulesCoreExt/factorizations.jl:254
[ Info: LBFGS: iter    9, time 2875.65 s: f = -3.128976651391, ‖∇f‖ = 1.3799e-03, α = 1.00e+00, m = 8, nfg = 1
[ Info: CTMRG init:	obj = +5.702525337689e+00	err = 1.0000e+00
[ Info: CTMRG conv 6:	obj = +5.702546419485e+00	err = 5.8913165878e-10	time = 30.96 sec
┌ Warning: `svd` cotangents sensitive to gauge choice: (|Δgauge| = 0.10131873350635433)
└ @ TensorKitChainRulesCoreExt ~/.julia/packages/TensorKit/esxcj/ext/TensorKitChainRulesCoreExt/factorizations.jl:254
┌ Warning: `svd` cotangents sensitive to gauge choice: (|Δgauge| = 1.780472053702581e-10)
└ @ TensorKitChainRulesCoreExt ~/.julia/packages/TensorKit/esxcj/ext/TensorKitChainRulesCoreExt/factorizations.jl:254
┌ Warning: `svd` cotangents sensitive to gauge choice: (|Δgauge| = 0.10131873344813722)
└ @ TensorKitChainRulesCoreExt ~/.julia/packages/TensorKit/esxcj/ext/TensorKitChainRulesCoreExt/factorizations.jl:254
[ Info: LBFGS: iter   10, time 2938.62 s: f = -3.128981543030, ‖∇f‖ = 1.8243e-03, α = 1.00e+00, m = 8, nfg = 1
[ Info: CTMRG init:	obj = +5.753187570714e+00	err = 1.0000e+00
[ Info: CTMRG conv 6:	obj = +5.753227655072e+00	err = 8.8505714617e-10	time = 26.18 sec
┌ Warning: `svd` cotangents sensitive to gauge choice: (|Δgauge| = 0.10204833880765175)
└ @ TensorKitChainRulesCoreExt ~/.julia/packages/TensorKit/esxcj/ext/TensorKitChainRulesCoreExt/factorizations.jl:254
┌ Warning: `svd` cotangents sensitive to gauge choice: (|Δgauge| = 5.3498934503507406e-11)
└ @ TensorKitChainRulesCoreExt ~/.julia/packages/TensorKit/esxcj/ext/TensorKitChainRulesCoreExt/factorizations.jl:254
┌ Warning: `svd` cotangents sensitive to gauge choice: (|Δgauge| = 0.1020483388084043)
└ @ TensorKitChainRulesCoreExt ~/.julia/packages/TensorKit/esxcj/ext/TensorKitChainRulesCoreExt/factorizations.jl:254
[ Info: LBFGS: iter   11, time 3006.66 s: f = -3.128983709506, ‖∇f‖ = 2.2809e-03, α = 1.00e+00, m = 8, nfg = 1
[ Info: CTMRG init:	obj = +5.752257991899e+00	err = 1.0000e+00
[ Info: CTMRG conv 6:	obj = +5.752258047703e+00	err = 4.6230016204e-11	time = 28.79 sec
┌ Warning: `svd` cotangents sensitive to gauge choice: (|Δgauge| = 0.10173852512372489)
└ @ TensorKitChainRulesCoreExt ~/.julia/packages/TensorKit/esxcj/ext/TensorKitChainRulesCoreExt/factorizations.jl:254
┌ Warning: `svd` cotangents sensitive to gauge choice: (|Δgauge| = 4.742066981086432e-11)
└ @ TensorKitChainRulesCoreExt ~/.julia/packages/TensorKit/esxcj/ext/TensorKitChainRulesCoreExt/factorizations.jl:254
┌ Warning: `svd` cotangents sensitive to gauge choice: (|Δgauge| = 0.10173852513196727)
└ @ TensorKitChainRulesCoreExt ~/.julia/packages/TensorKit/esxcj/ext/TensorKitChainRulesCoreExt/factorizations.jl:254
[ Info: LBFGS: iter   12, time 3076.08 s: f = -3.128986758612, ‖∇f‖ = 7.7470e-04, α = 1.00e+00, m = 8, nfg = 1
[ Info: CTMRG init:	obj = +5.757539737932e+00	err = 1.0000e+00
[ Info: CTMRG conv 6:	obj = +5.757540176067e+00	err = 1.2074059875e-10	time = 37.32 sec
┌ Warning: `svd` cotangents sensitive to gauge choice: (|Δgauge| = 0.10146170535217405)
└ @ TensorKitChainRulesCoreExt ~/.julia/packages/TensorKit/esxcj/ext/TensorKitChainRulesCoreExt/factorizations.jl:254
┌ Warning: `svd` cotangents sensitive to gauge choice: (|Δgauge| = 2.782510710674688e-11)
└ @ TensorKitChainRulesCoreExt ~/.julia/packages/TensorKit/esxcj/ext/TensorKitChainRulesCoreExt/factorizations.jl:254
┌ Warning: `svd` cotangents sensitive to gauge choice: (|Δgauge| = 0.10146170534634277)
└ @ TensorKitChainRulesCoreExt ~/.julia/packages/TensorKit/esxcj/ext/TensorKitChainRulesCoreExt/factorizations.jl:254
[ Info: LBFGS: iter   13, time 3122.06 s: f = -3.128987530641, ‖∇f‖ = 3.8433e-04, α = 1.00e+00, m = 8, nfg = 1
[ Info: CTMRG init:	obj = +5.762063981993e+00	err = 1.0000e+00
[ Info: CTMRG conv 6:	obj = +5.762064266597e+00	err = 8.2794176497e-11	time = 4.83 sec
┌ Warning: `svd` cotangents sensitive to gauge choice: (|Δgauge| = 0.10136191758101334)
└ @ TensorKitChainRulesCoreExt ~/.julia/packages/TensorKit/esxcj/ext/TensorKitChainRulesCoreExt/factorizations.jl:254
┌ Warning: `svd` cotangents sensitive to gauge choice: (|Δgauge| = 1.8859392372664833e-11)
└ @ TensorKitChainRulesCoreExt ~/.julia/packages/TensorKit/esxcj/ext/TensorKitChainRulesCoreExt/factorizations.jl:254
┌ Warning: `svd` cotangents sensitive to gauge choice: (|Δgauge| = 0.10136191764005179)
└ @ TensorKitChainRulesCoreExt ~/.julia/packages/TensorKit/esxcj/ext/TensorKitChainRulesCoreExt/factorizations.jl:254
[ Info: LBFGS: iter   14, time 3134.50 s: f = -3.128987898428, ‖∇f‖ = 4.7285e-04, α = 1.00e+00, m = 8, nfg = 1
[ Info: CTMRG init:	obj = +5.779347863349e+00	err = 1.0000e+00
[ Info: CTMRG conv 6:	obj = +5.779352029719e+00	err = 2.3747585226e-10	time = 3.95 sec
┌ Warning: `svd` cotangents sensitive to gauge choice: (|Δgauge| = 0.10107354194700607)
└ @ TensorKitChainRulesCoreExt ~/.julia/packages/TensorKit/esxcj/ext/TensorKitChainRulesCoreExt/factorizations.jl:254
┌ Warning: `svd` cotangents sensitive to gauge choice: (|Δgauge| = 0.10107354196588436)
└ @ TensorKitChainRulesCoreExt ~/.julia/packages/TensorKit/esxcj/ext/TensorKitChainRulesCoreExt/factorizations.jl:254
[ Info: LBFGS: iter   15, time 3146.56 s: f = -3.128989360378, ‖∇f‖ = 9.2523e-04, α = 1.00e+00, m = 8, nfg = 1
[ Info: CTMRG init:	obj = +5.813139888490e+00	err = 1.0000e+00
[ Info: CTMRG conv 6:	obj = +5.813155574826e+00	err = 4.4502664461e-10	time = 3.37 sec
┌ Warning: `svd` cotangents sensitive to gauge choice: (|Δgauge| = 0.10058867729769774)
└ @ TensorKitChainRulesCoreExt ~/.julia/packages/TensorKit/esxcj/ext/TensorKitChainRulesCoreExt/factorizations.jl:254
┌ Warning: `svd` cotangents sensitive to gauge choice: (|Δgauge| = 2.0179996565589535e-11)
└ @ TensorKitChainRulesCoreExt ~/.julia/packages/TensorKit/esxcj/ext/TensorKitChainRulesCoreExt/factorizations.jl:254
┌ Warning: `svd` cotangents sensitive to gauge choice: (|Δgauge| = 0.10058867741990761)
└ @ TensorKitChainRulesCoreExt ~/.julia/packages/TensorKit/esxcj/ext/TensorKitChainRulesCoreExt/factorizations.jl:254
[ Info: LBFGS: iter   16, time 3158.51 s: f = -3.128992258722, ‖∇f‖ = 1.5816e-03, α = 1.00e+00, m = 8, nfg = 1
[ Info: CTMRG init:	obj = +5.886716259010e+00	err = 1.0000e+00
[ Info: CTMRG conv 6:	obj = +5.886791817584e+00	err = 6.5212227887e-10	time = 3.65 sec
┌ Warning: `svd` cotangents sensitive to gauge choice: (|Δgauge| = 0.0997355563845001)
└ @ TensorKitChainRulesCoreExt ~/.julia/packages/TensorKit/esxcj/ext/TensorKitChainRulesCoreExt/factorizations.jl:254
┌ Warning: `svd` cotangents sensitive to gauge choice: (|Δgauge| = 2.8655272737368003e-11)
└ @ TensorKitChainRulesCoreExt ~/.julia/packages/TensorKit/esxcj/ext/TensorKitChainRulesCoreExt/factorizations.jl:254
┌ Warning: `svd` cotangents sensitive to gauge choice: (|Δgauge| = 0.09973555643362952)
└ @ TensorKitChainRulesCoreExt ~/.julia/packages/TensorKit/esxcj/ext/TensorKitChainRulesCoreExt/factorizations.jl:254
[ Info: LBFGS: iter   17, time 3171.70 s: f = -3.128998288964, ‖∇f‖ = 2.1202e-03, α = 1.00e+00, m = 8, nfg = 1
[ Info: CTMRG init:	obj = +5.994620217224e+00	err = 1.0000e+00
[ Info: CTMRG conv 59:	obj = +5.994784602959e+00	err = 7.4985527723e-10	time = 48.80 sec
┌ Warning: `svd` cotangents sensitive to gauge choice: (|Δgauge| = 0.09884869835555132)
└ @ TensorKitChainRulesCoreExt ~/.julia/packages/TensorKit/esxcj/ext/TensorKitChainRulesCoreExt/factorizations.jl:254
┌ Warning: `svd` cotangents sensitive to gauge choice: (|Δgauge| = 0.0988486984109799)
└ @ TensorKitChainRulesCoreExt ~/.julia/packages/TensorKit/esxcj/ext/TensorKitChainRulesCoreExt/factorizations.jl:254
[ Info: LBFGS: iter   18, time 3258.66 s: f = -3.129008158068, ‖∇f‖ = 2.0312e-03, α = 1.00e+00, m = 8, nfg = 1
[ Info: CTMRG init:	obj = +6.107243413671e+00	err = 1.0000e+00
┌ Warning: CTMRG cancel 100:	obj = +6.107428765363e+00	err = 6.1903508572e-08	time = 1.43 min
└ @ PEPSKit ~/.julia/packages/PEPSKit/P7ER3/src/algorithms/ctmrg/ctmrg.jl:129
┌ Warning: `svd` cotangents sensitive to gauge choice: (|Δgauge| = 0.09840112310648459)
└ @ TensorKitChainRulesCoreExt ~/.julia/packages/TensorKit/esxcj/ext/TensorKitChainRulesCoreExt/factorizations.jl:254
┌ Warning: `svd` cotangents sensitive to gauge choice: (|Δgauge| = 0.09840112337865883)
└ @ TensorKitChainRulesCoreExt ~/.julia/packages/TensorKit/esxcj/ext/TensorKitChainRulesCoreExt/factorizations.jl:254
[ Info: LBFGS: iter   19, time 3416.16 s: f = -3.129018959778, ‖∇f‖ = 1.2307e-03, α = 1.00e+00, m = 8, nfg = 1
[ Info: CTMRG init:	obj = +6.174587186975e+00	err = 1.0000e+00
[ Info: CTMRG conv 6:	obj = +6.174656900335e+00	err = 6.7561722732e-10	time = 6.58 sec
┌ Warning: `svd` cotangents sensitive to gauge choice: (|Δgauge| = 0.0986726168786153)
└ @ TensorKitChainRulesCoreExt ~/.julia/packages/TensorKit/esxcj/ext/TensorKitChainRulesCoreExt/factorizations.jl:254
┌ Warning: `svd` cotangents sensitive to gauge choice: (|Δgauge| = 1.0323542788096712e-11)
└ @ TensorKitChainRulesCoreExt ~/.julia/packages/TensorKit/esxcj/ext/TensorKitChainRulesCoreExt/factorizations.jl:254
┌ Warning: `svd` cotangents sensitive to gauge choice: (|Δgauge| = 0.09867261690636549)
└ @ TensorKitChainRulesCoreExt ~/.julia/packages/TensorKit/esxcj/ext/TensorKitChainRulesCoreExt/factorizations.jl:254
[ Info: LBFGS: iter   20, time 3433.22 s: f = -3.129024411609, ‖∇f‖ = 1.2926e-03, α = 1.00e+00, m = 8, nfg = 1
[ Info: CTMRG init:	obj = +6.199128201056e+00	err = 1.0000e+00
[ Info: CTMRG conv 6:	obj = +6.199139005334e+00	err = 9.5090418553e-10	time = 5.66 sec
┌ Warning: `svd` cotangents sensitive to gauge choice: (|Δgauge| = 0.09912934477932671)
└ @ TensorKitChainRulesCoreExt ~/.julia/packages/TensorKit/esxcj/ext/TensorKitChainRulesCoreExt/factorizations.jl:254
┌ Warning: `svd` cotangents sensitive to gauge choice: (|Δgauge| = 1.4488017878627415e-11)
└ @ TensorKitChainRulesCoreExt ~/.julia/packages/TensorKit/esxcj/ext/TensorKitChainRulesCoreExt/factorizations.jl:254
┌ Warning: `svd` cotangents sensitive to gauge choice: (|Δgauge| = 0.0991293445561651)
└ @ TensorKitChainRulesCoreExt ~/.julia/packages/TensorKit/esxcj/ext/TensorKitChainRulesCoreExt/factorizations.jl:254
[ Info: LBFGS: iter   21, time 3448.63 s: f = -3.129027208183, ‖∇f‖ = 1.2402e-03, α = 1.00e+00, m = 8, nfg = 1
[ Info: CTMRG init:	obj = +6.208165748200e+00	err = 1.0000e+00
[ Info: CTMRG conv 8:	obj = +6.208167994193e+00	err = 9.7496769347e-10	time = 7.61 sec
┌ Warning: `svd` cotangents sensitive to gauge choice: (|Δgauge| = 0.09982098735045344)
└ @ TensorKitChainRulesCoreExt ~/.julia/packages/TensorKit/esxcj/ext/TensorKitChainRulesCoreExt/factorizations.jl:254
┌ Warning: `svd` cotangents sensitive to gauge choice: (|Δgauge| = 0.09982098796708361)
└ @ TensorKitChainRulesCoreExt ~/.julia/packages/TensorKit/esxcj/ext/TensorKitChainRulesCoreExt/factorizations.jl:254
[ Info: LBFGS: iter   22, time 3468.05 s: f = -3.129029512872, ‖∇f‖ = 7.0035e-04, α = 1.00e+00, m = 8, nfg = 1
[ Info: CTMRG init:	obj = +6.210094571925e+00	err = 1.0000e+00
[ Info: CTMRG conv 6:	obj = +6.210094771700e+00	err = 6.3591437589e-10	time = 5.78 sec
┌ Warning: `svd` cotangents sensitive to gauge choice: (|Δgauge| = 0.10015714299005993)
└ @ TensorKitChainRulesCoreExt ~/.julia/packages/TensorKit/esxcj/ext/TensorKitChainRulesCoreExt/factorizations.jl:254
┌ Warning: `svd` cotangents sensitive to gauge choice: (|Δgauge| = 1.9670819114782955e-11)
└ @ TensorKitChainRulesCoreExt ~/.julia/packages/TensorKit/esxcj/ext/TensorKitChainRulesCoreExt/factorizations.jl:254
┌ Warning: `svd` cotangents sensitive to gauge choice: (|Δgauge| = 0.10015714285367958)
└ @ TensorKitChainRulesCoreExt ~/.julia/packages/TensorKit/esxcj/ext/TensorKitChainRulesCoreExt/factorizations.jl:254
[ Info: LBFGS: iter   23, time 3482.75 s: f = -3.129030556184, ‖∇f‖ = 5.1822e-04, α = 1.00e+00, m = 8, nfg = 1
[ Info: CTMRG init:	obj = +6.208135399111e+00	err = 1.0000e+00
[ Info: CTMRG conv 6:	obj = +6.208135498375e+00	err = 7.2979210801e-10	time = 4.67 sec
┌ Warning: `svd` cotangents sensitive to gauge choice: (|Δgauge| = 0.10032562289974903)
└ @ TensorKitChainRulesCoreExt ~/.julia/packages/TensorKit/esxcj/ext/TensorKitChainRulesCoreExt/factorizations.jl:254
┌ Warning: `svd` cotangents sensitive to gauge choice: (|Δgauge| = 2.0241006546150053e-11)
└ @ TensorKitChainRulesCoreExt ~/.julia/packages/TensorKit/esxcj/ext/TensorKitChainRulesCoreExt/factorizations.jl:254
┌ Warning: `svd` cotangents sensitive to gauge choice: (|Δgauge| = 0.10032562296306761)
└ @ TensorKitChainRulesCoreExt ~/.julia/packages/TensorKit/esxcj/ext/TensorKitChainRulesCoreExt/factorizations.jl:254
[ Info: LBFGS: iter   24, time 3494.80 s: f = -3.129031984341, ‖∇f‖ = 7.3215e-04, α = 1.00e+00, m = 8, nfg = 1
[ Info: CTMRG init:	obj = +6.223209546735e+00	err = 1.0000e+00
[ Info: CTMRG conv 6:	obj = +6.223213083715e+00	err = 4.7492277369e-10	time = 4.62 sec
┌ Warning: `svd` cotangents sensitive to gauge choice: (|Δgauge| = 0.10060114417038299)
└ @ TensorKitChainRulesCoreExt ~/.julia/packages/TensorKit/esxcj/ext/TensorKitChainRulesCoreExt/factorizations.jl:254
┌ Warning: `svd` cotangents sensitive to gauge choice: (|Δgauge| = 1.902510031752955e-11)
└ @ TensorKitChainRulesCoreExt ~/.julia/packages/TensorKit/esxcj/ext/TensorKitChainRulesCoreExt/factorizations.jl:254
┌ Warning: `svd` cotangents sensitive to gauge choice: (|Δgauge| = 0.1006011444475908)
└ @ TensorKitChainRulesCoreExt ~/.julia/packages/TensorKit/esxcj/ext/TensorKitChainRulesCoreExt/factorizations.jl:254
[ Info: LBFGS: iter   25, time 3507.00 s: f = -3.129035785265, ‖∇f‖ = 1.3809e-03, α = 1.00e+00, m = 8, nfg = 1
[ Info: CTMRG init:	obj = +6.284711036204e+00	err = 1.0000e+00
[ Info: CTMRG conv 32:	obj = +6.284772050636e+00	err = 8.1235961194e-10	time = 26.70 sec
┌ Warning: `svd` cotangents sensitive to gauge choice: (|Δgauge| = 0.10084350193369979)
└ @ TensorKitChainRulesCoreExt ~/.julia/packages/TensorKit/esxcj/ext/TensorKitChainRulesCoreExt/factorizations.jl:254
┌ Warning: `svd` cotangents sensitive to gauge choice: (|Δgauge| = 0.10084350326536742)
└ @ TensorKitChainRulesCoreExt ~/.julia/packages/TensorKit/esxcj/ext/TensorKitChainRulesCoreExt/factorizations.jl:254
[ Info: LBFGS: iter   26, time 3557.25 s: f = -3.129044216662, ‖∇f‖ = 2.0668e-03, α = 1.00e+00, m = 8, nfg = 1
[ Info: CTMRG init:	obj = +6.394040568668e+00	err = 1.0000e+00
[ Info: CTMRG conv 36:	obj = +6.394299989325e+00	err = 7.9679974552e-10	time = 31.99 sec
┌ Warning: `svd` cotangents sensitive to gauge choice: (|Δgauge| = 0.10048660420540255)
└ @ TensorKitChainRulesCoreExt ~/.julia/packages/TensorKit/esxcj/ext/TensorKitChainRulesCoreExt/factorizations.jl:254
┌ Warning: `svd` cotangents sensitive to gauge choice: (|Δgauge| = 0.10048660503427223)
└ @ TensorKitChainRulesCoreExt ~/.julia/packages/TensorKit/esxcj/ext/TensorKitChainRulesCoreExt/factorizations.jl:254
[ Info: LBFGS: iter   27, time 3609.87 s: f = -3.129054475277, ‖∇f‖ = 2.5560e-03, α = 1.00e+00, m = 8, nfg = 1
[ Info: CTMRG init:	obj = +6.450606857135e+00	err = 1.0000e+00
[ Info: CTMRG conv 39:	obj = +6.450908715225e+00	err = 5.1667098243e-10	time = 39.45 sec
┌ Warning: `svd` cotangents sensitive to gauge choice: (|Δgauge| = 0.0997624618564395)
└ @ TensorKitChainRulesCoreExt ~/.julia/packages/TensorKit/esxcj/ext/TensorKitChainRulesCoreExt/factorizations.jl:254
┌ Warning: `svd` cotangents sensitive to gauge choice: (|Δgauge| = 0.09976246157923371)
└ @ TensorKitChainRulesCoreExt ~/.julia/packages/TensorKit/esxcj/ext/TensorKitChainRulesCoreExt/factorizations.jl:254
[ Info: CTMRG init:	obj = +6.431505692787e+00	err = 1.0000e+00
[ Info: CTMRG conv 6:	obj = +6.431554534899e+00	err = 2.6247469155e-10	time = 4.55 sec
┌ Warning: `svd` cotangents sensitive to gauge choice: (|Δgauge| = 0.10020366289256398)
└ @ TensorKitChainRulesCoreExt ~/.julia/packages/TensorKit/esxcj/ext/TensorKitChainRulesCoreExt/factorizations.jl:254
┌ Warning: `svd` cotangents sensitive to gauge choice: (|Δgauge| = 4.982275856592541e-12)
└ @ TensorKitChainRulesCoreExt ~/.julia/packages/TensorKit/esxcj/ext/TensorKitChainRulesCoreExt/factorizations.jl:254
┌ Warning: `svd` cotangents sensitive to gauge choice: (|Δgauge| = 0.10020366263318913)
└ @ TensorKitChainRulesCoreExt ~/.julia/packages/TensorKit/esxcj/ext/TensorKitChainRulesCoreExt/factorizations.jl:254
[ Info: LBFGS: iter   28, time 3678.79 s: f = -3.129058759369, ‖∇f‖ = 2.0064e-03, α = 3.61e-01, m = 8, nfg = 2
[ Info: CTMRG init:	obj = +6.445952023935e+00	err = 1.0000e+00
[ Info: CTMRG conv 7:	obj = +6.445967011057e+00	err = 6.2943415186e-10	time = 5.60 sec
┌ Warning: `svd` cotangents sensitive to gauge choice: (|Δgauge| = 0.09974401507621576)
└ @ TensorKitChainRulesCoreExt ~/.julia/packages/TensorKit/esxcj/ext/TensorKitChainRulesCoreExt/factorizations.jl:254
┌ Warning: `svd` cotangents sensitive to gauge choice: (|Δgauge| = 0.09974401572819501)
└ @ TensorKitChainRulesCoreExt ~/.julia/packages/TensorKit/esxcj/ext/TensorKitChainRulesCoreExt/factorizations.jl:254
[ Info: LBFGS: iter   29, time 3690.60 s: f = -3.129062560258, ‖∇f‖ = 8.3307e-04, α = 1.00e+00, m = 8, nfg = 1
[ Info: CTMRG init:	obj = +6.447556029979e+00	err = 1.0000e+00
[ Info: CTMRG conv 6:	obj = +6.447556355125e+00	err = 5.7187545650e-10	time = 5.60 sec
┌ Warning: `svd` cotangents sensitive to gauge choice: (|Δgauge| = 0.09930074914388175)
└ @ TensorKitChainRulesCoreExt ~/.julia/packages/TensorKit/esxcj/ext/TensorKitChainRulesCoreExt/factorizations.jl:254
┌ Warning: `svd` cotangents sensitive to gauge choice: (|Δgauge| = 3.922554782028024e-12)
└ @ TensorKitChainRulesCoreExt ~/.julia/packages/TensorKit/esxcj/ext/TensorKitChainRulesCoreExt/factorizations.jl:254
┌ Warning: `svd` cotangents sensitive to gauge choice: (|Δgauge| = 0.09930074956816479)
└ @ TensorKitChainRulesCoreExt ~/.julia/packages/TensorKit/esxcj/ext/TensorKitChainRulesCoreExt/factorizations.jl:254
[ Info: LBFGS: iter   30, time 3702.79 s: f = -3.129063504758, ‖∇f‖ = 2.6277e-04, α = 1.00e+00, m = 8, nfg = 1
[ Info: CTMRG init:	obj = +6.447361471531e+00	err = 1.0000e+00
[ Info: CTMRG conv 5:	obj = +6.447361516694e+00	err = 9.4217078011e-10	time = 5.25 sec
┌ Warning: `svd` cotangents sensitive to gauge choice: (|Δgauge| = 0.09933158532674667)
└ @ TensorKitChainRulesCoreExt ~/.julia/packages/TensorKit/esxcj/ext/TensorKitChainRulesCoreExt/factorizations.jl:254
┌ Warning: `svd` cotangents sensitive to gauge choice: (|Δgauge| = 1.6078199244386274e-10)
└ @ TensorKitChainRulesCoreExt ~/.julia/packages/TensorKit/esxcj/ext/TensorKitChainRulesCoreExt/factorizations.jl:254
┌ Warning: `svd` cotangents sensitive to gauge choice: (|Δgauge| = 0.09933158540490124)
└ @ TensorKitChainRulesCoreExt ~/.julia/packages/TensorKit/esxcj/ext/TensorKitChainRulesCoreExt/factorizations.jl:254
[ Info: LBFGS: iter   31, time 3714.21 s: f = -3.129063617173, ‖∇f‖ = 3.1457e-04, α = 1.00e+00, m = 8, nfg = 1
[ Info: CTMRG init:	obj = +6.447176985655e+00	err = 1.0000e+00
[ Info: CTMRG conv 6:	obj = +6.447176994161e+00	err = 9.4885317920e-10	time = 5.11 sec
┌ Warning: `svd` cotangents sensitive to gauge choice: (|Δgauge| = 0.0993547378578613)
└ @ TensorKitChainRulesCoreExt ~/.julia/packages/TensorKit/esxcj/ext/TensorKitChainRulesCoreExt/factorizations.jl:254
┌ Warning: `svd` cotangents sensitive to gauge choice: (|Δgauge| = 3.90594395891173e-12)
└ @ TensorKitChainRulesCoreExt ~/.julia/packages/TensorKit/esxcj/ext/TensorKitChainRulesCoreExt/factorizations.jl:254
┌ Warning: `svd` cotangents sensitive to gauge choice: (|Δgauge| = 0.09935473871605277)
└ @ TensorKitChainRulesCoreExt ~/.julia/packages/TensorKit/esxcj/ext/TensorKitChainRulesCoreExt/factorizations.jl:254
[ Info: LBFGS: iter   32, time 3726.12 s: f = -3.129063732275, ‖∇f‖ = 3.1721e-04, α = 1.00e+00, m = 8, nfg = 1
[ Info: CTMRG init:	obj = +6.447729344226e+00	err = 1.0000e+00
[ Info: CTMRG conv 5:	obj = +6.447729452523e+00	err = 9.7169066160e-10	time = 4.33 sec
┌ Warning: `svd` cotangents sensitive to gauge choice: (|Δgauge| = 0.0996335716292944)
└ @ TensorKitChainRulesCoreExt ~/.julia/packages/TensorKit/esxcj/ext/TensorKitChainRulesCoreExt/factorizations.jl:254
┌ Warning: `svd` cotangents sensitive to gauge choice: (|Δgauge| = 1.5467090466368803e-10)
└ @ TensorKitChainRulesCoreExt ~/.julia/packages/TensorKit/esxcj/ext/TensorKitChainRulesCoreExt/factorizations.jl:254
┌ Warning: `svd` cotangents sensitive to gauge choice: (|Δgauge| = 0.09963357132367655)
└ @ TensorKitChainRulesCoreExt ~/.julia/packages/TensorKit/esxcj/ext/TensorKitChainRulesCoreExt/factorizations.jl:254
[ Info: LBFGS: iter   33, time 3736.34 s: f = -3.129064694823, ‖∇f‖ = 5.6676e-04, α = 1.00e+00, m = 8, nfg = 1
[ Info: CTMRG init:	obj = +6.451999960741e+00	err = 1.0000e+00
[ Info: CTMRG conv 8:	obj = +6.452004476067e+00	err = 8.2252722426e-10	time = 6.51 sec
┌ Warning: `svd` cotangents sensitive to gauge choice: (|Δgauge| = 0.09983675292152595)
└ @ TensorKitChainRulesCoreExt ~/.julia/packages/TensorKit/esxcj/ext/TensorKitChainRulesCoreExt/factorizations.jl:254
┌ Warning: `svd` cotangents sensitive to gauge choice: (|Δgauge| = 0.09983675240316535)
└ @ TensorKitChainRulesCoreExt ~/.julia/packages/TensorKit/esxcj/ext/TensorKitChainRulesCoreExt/factorizations.jl:254
[ Info: LBFGS: iter   34, time 3750.00 s: f = -3.129065474193, ‖∇f‖ = 7.5475e-04, α = 1.00e+00, m = 8, nfg = 1
[ Info: CTMRG init:	obj = +6.453240606608e+00	err = 1.0000e+00
[ Info: CTMRG conv 10:	obj = +6.453242750315e+00	err = 7.8418855766e-10	time = 8.29 sec
┌ Warning: `svd` cotangents sensitive to gauge choice: (|Δgauge| = 0.0999414184790012)
└ @ TensorKitChainRulesCoreExt ~/.julia/packages/TensorKit/esxcj/ext/TensorKitChainRulesCoreExt/factorizations.jl:254
┌ Warning: `svd` cotangents sensitive to gauge choice: (|Δgauge| = 0.09994141750402252)
└ @ TensorKitChainRulesCoreExt ~/.julia/packages/TensorKit/esxcj/ext/TensorKitChainRulesCoreExt/factorizations.jl:254
[ Info: LBFGS: iter   35, time 3765.15 s: f = -3.129065811829, ‖∇f‖ = 4.8670e-04, α = 1.00e+00, m = 8, nfg = 1
[ Info: CTMRG init:	obj = +6.453107912351e+00	err = 1.0000e+00
[ Info: CTMRG conv 10:	obj = +6.453108033734e+00	err = 8.8224236174e-10	time = 9.94 sec
┌ Warning: `svd` cotangents sensitive to gauge choice: (|Δgauge| = 0.09994580613769422)
└ @ TensorKitChainRulesCoreExt ~/.julia/packages/TensorKit/esxcj/ext/TensorKitChainRulesCoreExt/factorizations.jl:254
┌ Warning: `svd` cotangents sensitive to gauge choice: (|Δgauge| = 0.0999458060644155)
└ @ TensorKitChainRulesCoreExt ~/.julia/packages/TensorKit/esxcj/ext/TensorKitChainRulesCoreExt/factorizations.jl:254
[ Info: LBFGS: iter   36, time 3782.67 s: f = -3.129066040877, ‖∇f‖ = 1.2097e-04, α = 1.00e+00, m = 8, nfg = 1
[ Info: CTMRG init:	obj = +6.453165517445e+00	err = 1.0000e+00
[ Info: CTMRG conv 64:	obj = +6.453165518564e+00	err = 9.8946474193e-10	time = 58.78 sec
┌ Warning: `svd` cotangents sensitive to gauge choice: (|Δgauge| = 0.09993017470828994)
└ @ TensorKitChainRulesCoreExt ~/.julia/packages/TensorKit/esxcj/ext/TensorKitChainRulesCoreExt/factorizations.jl:254
┌ Warning: `svd` cotangents sensitive to gauge choice: (|Δgauge| = 0.09993017415106425)
└ @ TensorKitChainRulesCoreExt ~/.julia/packages/TensorKit/esxcj/ext/TensorKitChainRulesCoreExt/factorizations.jl:254
[ Info: LBFGS: iter   37, time 3864.08 s: f = -3.129066071264, ‖∇f‖ = 1.0269e-04, α = 1.00e+00, m = 8, nfg = 1
[ Info: CTMRG init:	obj = +6.453392707195e+00	err = 1.0000e+00
┌ Warning: CTMRG cancel 100:	obj = +6.453392709402e+00	err = 2.1248930571e-09	time = 1.72 min
└ @ PEPSKit ~/.julia/packages/PEPSKit/P7ER3/src/algorithms/ctmrg/ctmrg.jl:129
┌ Warning: `svd` cotangents sensitive to gauge choice: (|Δgauge| = 0.09989262746782845)
└ @ TensorKitChainRulesCoreExt ~/.julia/packages/TensorKit/esxcj/ext/TensorKitChainRulesCoreExt/factorizations.jl:254
┌ Warning: `svd` cotangents sensitive to gauge choice: (|Δgauge| = 0.09989262629087516)
└ @ TensorKitChainRulesCoreExt ~/.julia/packages/TensorKit/esxcj/ext/TensorKitChainRulesCoreExt/factorizations.jl:254
[ Info: LBFGS: iter   38, time 3997.86 s: f = -3.129066127850, ‖∇f‖ = 1.6983e-04, α = 1.00e+00, m = 8, nfg = 1
[ Info: CTMRG init:	obj = +6.454012914798e+00	err = 1.0000e+00
[ Info: CTMRG conv 40:	obj = +6.454012921102e+00	err = 9.5780362099e-10	time = 40.72 sec
┌ Warning: `svd` cotangents sensitive to gauge choice: (|Δgauge| = 0.0998183342201461)
└ @ TensorKitChainRulesCoreExt ~/.julia/packages/TensorKit/esxcj/ext/TensorKitChainRulesCoreExt/factorizations.jl:254
┌ Warning: `svd` cotangents sensitive to gauge choice: (|Δgauge| = 0.09981833392575074)
└ @ TensorKitChainRulesCoreExt ~/.julia/packages/TensorKit/esxcj/ext/TensorKitChainRulesCoreExt/factorizations.jl:254
[ Info: LBFGS: iter   39, time 4050.20 s: f = -3.129066244375, ‖∇f‖ = 2.7847e-04, α = 1.00e+00, m = 8, nfg = 1
[ Info: CTMRG init:	obj = +6.455362151856e+00	err = 1.0000e+00
[ Info: CTMRG conv 5:	obj = +6.455362195008e+00	err = 6.7674252025e-10	time = 4.32 sec
┌ Warning: `svd` cotangents sensitive to gauge choice: (|Δgauge| = 0.09969872798018817)
└ @ TensorKitChainRulesCoreExt ~/.julia/packages/TensorKit/esxcj/ext/TensorKitChainRulesCoreExt/factorizations.jl:254
┌ Warning: `svd` cotangents sensitive to gauge choice: (|Δgauge| = 1.2209328264881988e-10)
└ @ TensorKitChainRulesCoreExt ~/.julia/packages/TensorKit/esxcj/ext/TensorKitChainRulesCoreExt/factorizations.jl:254
┌ Warning: `svd` cotangents sensitive to gauge choice: (|Δgauge| = 0.09969872682282947)
└ @ TensorKitChainRulesCoreExt ~/.julia/packages/TensorKit/esxcj/ext/TensorKitChainRulesCoreExt/factorizations.jl:254
[ Info: LBFGS: iter   40, time 4059.40 s: f = -3.129066432358, ‖∇f‖ = 4.0198e-04, α = 1.00e+00, m = 8, nfg = 1
[ Info: CTMRG init:	obj = +6.457436440379e+00	err = 1.0000e+00
[ Info: CTMRG conv 7:	obj = +6.457436573620e+00	err = 7.1339948982e-10	time = 6.63 sec
┌ Warning: `svd` cotangents sensitive to gauge choice: (|Δgauge| = 0.09951873515070256)
└ @ TensorKitChainRulesCoreExt ~/.julia/packages/TensorKit/esxcj/ext/TensorKitChainRulesCoreExt/factorizations.jl:254
┌ Warning: `svd` cotangents sensitive to gauge choice: (|Δgauge| = 0.09951873544755713)
└ @ TensorKitChainRulesCoreExt ~/.julia/packages/TensorKit/esxcj/ext/TensorKitChainRulesCoreExt/factorizations.jl:254
[ Info: LBFGS: iter   41, time 4070.83 s: f = -3.129066560893, ‖∇f‖ = 3.7994e-04, α = 1.00e+00, m = 8, nfg = 1
[ Info: CTMRG init:	obj = +6.457529723187e+00	err = 1.0000e+00
[ Info: CTMRG conv 5:	obj = +6.457529750360e+00	err = 8.8649198254e-10	time = 5.04 sec
┌ Warning: `svd` cotangents sensitive to gauge choice: (|Δgauge| = 0.09956259173354942)
└ @ TensorKitChainRulesCoreExt ~/.julia/packages/TensorKit/esxcj/ext/TensorKitChainRulesCoreExt/factorizations.jl:254
┌ Warning: `svd` cotangents sensitive to gauge choice: (|Δgauge| = 1.0677741194266972e-10)
└ @ TensorKitChainRulesCoreExt ~/.julia/packages/TensorKit/esxcj/ext/TensorKitChainRulesCoreExt/factorizations.jl:254
┌ Warning: `svd` cotangents sensitive to gauge choice: (|Δgauge| = 0.09956259191689197)
└ @ TensorKitChainRulesCoreExt ~/.julia/packages/TensorKit/esxcj/ext/TensorKitChainRulesCoreExt/factorizations.jl:254
[ Info: LBFGS: iter   42, time 4081.52 s: f = -3.129066687773, ‖∇f‖ = 1.4496e-04, α = 1.00e+00, m = 8, nfg = 1
[ Info: CTMRG init:	obj = +6.457597336197e+00	err = 1.0000e+00
[ Info: CTMRG conv 5:	obj = +6.457597343609e+00	err = 8.0306293805e-10	time = 6.03 sec
┌ Warning: `svd` cotangents sensitive to gauge choice: (|Δgauge| = 0.09960073329935995)
└ @ TensorKitChainRulesCoreExt ~/.julia/packages/TensorKit/esxcj/ext/TensorKitChainRulesCoreExt/factorizations.jl:254
┌ Warning: `svd` cotangents sensitive to gauge choice: (|Δgauge| = 1.0704229221512306e-10)
└ @ TensorKitChainRulesCoreExt ~/.julia/packages/TensorKit/esxcj/ext/TensorKitChainRulesCoreExt/factorizations.jl:254
┌ Warning: `svd` cotangents sensitive to gauge choice: (|Δgauge| = 0.09960073269846688)
└ @ TensorKitChainRulesCoreExt ~/.julia/packages/TensorKit/esxcj/ext/TensorKitChainRulesCoreExt/factorizations.jl:254
[ Info: LBFGS: converged after 43 iterations and time 4094.52 s: f = -3.129066731615, ‖∇f‖ = 8.3678e-05
