  Installing known registries into `~/.julia`
       Added `General` registry to ~/.julia/registries
    Updating registry at `~/.julia/registries/General.toml`
   Installed GPUArraysCore ─────────────── v0.2.0
   Installed TaskLocalValues ───────────── v0.1.2
   Installed IrrationalConstants ───────── v0.2.4
   Installed RealDot ───────────────────── v0.1.0
   Installed IRTools ───────────────────── v0.4.14
   Installed JLD2 ──────────────────────── v0.5.12
   Installed BlockTensorKit ────────────── v0.1.6
   Installed OhMyThreads ───────────────── v0.7.0
   Installed DiffRules ─────────────────── v1.15.1
   Installed LRUCache ──────────────────── v1.6.2
   Installed IntegerMathUtils ──────────── v0.1.2
   Installed Adapt ─────────────────────── v4.3.0
   Installed PtrArrays ─────────────────── v1.3.0
   Installed Accessors ─────────────────── v0.1.42
   Installed Preferences ───────────────── v1.4.3
   Installed TableTraits ───────────────── v1.0.1
   Installed LoggingExtras ─────────────── v1.0.3
   Installed OptimKit ──────────────────── v0.4.0
   Installed HashArrayMappedTries ──────── v0.2.0
   Installed WignerSymbols ─────────────── v2.0.0
   Installed Tables ────────────────────── v1.12.0
   Installed DiffResults ───────────────── v1.1.0
   Installed SpecialFunctions ──────────── v2.5.1
   Installed RecipesBase ───────────────── v1.3.4
   Installed DataAPI ───────────────────── v1.16.0
   Installed ChunkSplitters ────────────── v3.1.2
   Installed Primes ────────────────────── v0.5.7
   Installed TensorKit ─────────────────── v0.14.5
   Installed StaticArrays ──────────────── v1.9.13
   Installed Zygote ────────────────────── v0.7.6
   Installed MPSKit ────────────────────── v0.12.6
   Installed AbstractFFTs ──────────────── v1.5.0
   Installed JLLWrappers ───────────────── v1.7.0
   Installed Richardson ────────────────── v1.4.2
   Installed BlockArrays ───────────────── v1.6.1
   Installed StaticArraysCore ──────────── v1.4.3
   Installed NaNMath ───────────────────── v1.1.3
   Installed IteratorInterfaceExtensions ─ v1.0.0
   Installed FiniteDifferences ─────────── v0.12.32
   Installed PrecompileTools ───────────── v1.2.1
   Installed DataValueInterfaces ───────── v1.0.0
   Installed ConstructionBase ──────────── v1.5.8
   Installed RationalRoots ─────────────── v0.2.1
   Installed TensorKitSectors ──────────── v0.1.4
   Installed StableTasks ───────────────── v0.1.7
   Installed OrderedCollections ────────── v1.8.0
   Installed StructArrays ──────────────── v0.7.1
   Installed TranscodingStreams ────────── v0.11.3
   Installed VectorInterface ───────────── v0.5.0
   Installed ScopedValues ──────────────── v1.3.0
   Installed ChainRulesCore ────────────── v1.25.1
   Installed InitialValues ─────────────── v0.3.1
   Installed MPSKitModels ──────────────── v0.4.1
   Installed ForwardDiff ───────────────── v1.0.1
   Installed FillArrays ────────────────── v1.13.0
   Installed FileIO ────────────────────── v1.17.0
   Installed Requires ──────────────────── v1.3.1
   Installed ZygoteRules ───────────────── v0.2.7
   Installed StridedViews ──────────────── v0.4.1
   Installed CommonSubexpressions ──────── v0.3.1
   Installed Statistics ────────────────── v1.11.1
   Installed LogExpFunctions ───────────── v0.3.29
   Installed BangBang ──────────────────── v0.4.4
   Installed ChainRules ────────────────── v1.72.3
   Installed HalfIntegers ──────────────── v1.6.0
   Installed MacroTools ────────────────── v0.5.15
   Installed OpenSpecFun_jll ───────────── v0.5.6+0
   Installed CompositionsBase ──────────── v0.1.2
   Installed Compat ────────────────────── v4.16.0
   Installed TensorKitManifolds ────────── v0.7.2
   Installed Strided ───────────────────── v2.3.0
   Installed PackageExtensionCompat ────── v1.0.2
   Installed SparseInverseSubset ───────── v0.1.2
   Installed TupleTools ────────────────── v1.6.0
   Installed InverseFunctions ──────────── v0.1.17
   Installed ArrayLayouts ──────────────── v1.11.1
   Installed DocStringExtensions ───────── v0.9.4
   Installed TensorOperations ──────────── v5.2.0
   Installed KrylovKit ─────────────────── v0.9.5
   Installed PEPSKit ───────────────────── v0.5.0
    Updating `/var/lib/condor/execute/dir_2578474/Project.toml`
  [d360d2e6] + ChainRulesCore v1.25.1
  [033835bb] + JLD2 v0.5.12
  [0b1a1467] + KrylovKit v0.9.5
  [bb1c41ca] + MPSKit v0.12.6
  [ca635005] + MPSKitModels v0.4.1
  [77e91f04] + OptimKit v0.4.0
  [52969e89] + PEPSKit v0.5.0
  [07d1fe3e] + TensorKit v0.14.5
  [409d34a3] + VectorInterface v0.5.0
  [e88e6eb3] + Zygote v0.7.6
  [37e2e46d] ~ LinearAlgebra ⇒ v1.11.0
    Updating `/var/lib/condor/execute/dir_2578474/Manifest.toml`
  [621f4979] + AbstractFFTs v1.5.0
  [7d9f7c33] + Accessors v0.1.42
  [79e6a3ab] + Adapt v4.3.0
  [4c555306] + ArrayLayouts v1.11.1
  [198e06fe] + BangBang v0.4.4
  [8e7c35d0] + BlockArrays v1.6.1
  [5f87ffc2] + BlockTensorKit v0.1.6
  [082447d4] + ChainRules v1.72.3
  [d360d2e6] + ChainRulesCore v1.25.1
  [ae650224] + ChunkSplitters v3.1.2
  [bbf7d656] + CommonSubexpressions v0.3.1
  [34da2185] + Compat v4.16.0
  [a33af91c] + CompositionsBase v0.1.2
  [187b0558] + ConstructionBase v1.5.8
  [9a962f9c] + DataAPI v1.16.0
  [e2d170a0] + DataValueInterfaces v1.0.0
  [163ba53b] + DiffResults v1.1.0
  [b552c78f] + DiffRules v1.15.1
  [ffbed154] + DocStringExtensions v0.9.4
  [5789e2e9] + FileIO v1.17.0
  [1a297f60] + FillArrays v1.13.0
  [26cc04aa] + FiniteDifferences v0.12.32
  [f6369f11] + ForwardDiff v1.0.1
  [46192b85] + GPUArraysCore v0.2.0
  [f0d1745a] + HalfIntegers v1.6.0
  [076d061b] + HashArrayMappedTries v0.2.0
  [7869d1d1] + IRTools v0.4.14
  [22cec73e] + InitialValues v0.3.1
  [18e54dd8] + IntegerMathUtils v0.1.2
  [3587e190] + InverseFunctions v0.1.17
  [92d709cd] + IrrationalConstants v0.2.4
  [82899510] + IteratorInterfaceExtensions v1.0.0
  [033835bb] + JLD2 v0.5.12
  [692b3bcd] + JLLWrappers v1.7.0
  [0b1a1467] + KrylovKit v0.9.5
  [8ac3fa9e] + LRUCache v1.6.2
  [2ab3a3ac] + LogExpFunctions v0.3.29
⌅ [e6f89c97] + LoggingExtras v1.0.3
  [bb1c41ca] + MPSKit v0.12.6
  [ca635005] + MPSKitModels v0.4.1
  [1914dd2f] + MacroTools v0.5.15
  [77ba4419] + NaNMath v1.1.3
⌅ [67456a42] + OhMyThreads v0.7.0
  [77e91f04] + OptimKit v0.4.0
  [bac558e1] + OrderedCollections v1.8.0
  [52969e89] + PEPSKit v0.5.0
  [65ce6f38] + PackageExtensionCompat v1.0.2
⌅ [aea7be01] + PrecompileTools v1.2.1
  [21216c6a] + Preferences v1.4.3
  [27ebfcd6] + Primes v0.5.7
  [43287f4e] + PtrArrays v1.3.0
  [308eb6b3] + RationalRoots v0.2.1
  [c1ae055f] + RealDot v0.1.0
  [3cdcf5f2] + RecipesBase v1.3.4
  [ae029012] + Requires v1.3.1
  [708f8203] + Richardson v1.4.2
  [7e506255] + ScopedValues v1.3.0
  [dc90abb0] + SparseInverseSubset v0.1.2
  [276daf66] + SpecialFunctions v2.5.1
  [91464d47] + StableTasks v0.1.7
  [90137ffa] + StaticArrays v1.9.13
  [1e83bf80] + StaticArraysCore v1.4.3
  [10745b16] + Statistics v1.11.1
  [5e0ebb24] + Strided v2.3.0
  [4db3bf67] + StridedViews v0.4.1
  [09ab397b] + StructArrays v0.7.1
  [3783bdb8] + TableTraits v1.0.1
  [bd369af6] + Tables v1.12.0
  [ed4db957] + TaskLocalValues v0.1.2
  [07d1fe3e] + TensorKit v0.14.5
  [11fa318c] + TensorKitManifolds v0.7.2
  [13a9c161] + TensorKitSectors v0.1.4
  [6aa20fa7] + TensorOperations v5.2.0
  [3bb67fe8] + TranscodingStreams v0.11.3
  [9d95972d] + TupleTools v1.6.0
  [409d34a3] + VectorInterface v0.5.0
  [9f57e263] + WignerSymbols v2.0.0
  [e88e6eb3] + Zygote v0.7.6
  [700de1a5] + ZygoteRules v0.2.7
  [efe28fd5] + OpenSpecFun_jll v0.5.6+0
  [0dad84c5] + ArgTools v1.1.2
  [56f22d72] + Artifacts v1.11.0
  [2a0f44e3] + Base64 v1.11.0
  [ade2ca70] + Dates v1.11.0
  [8ba89e20] + Distributed v1.11.0
  [f43a241f] + Downloads v1.6.0
  [7b1f6079] + FileWatching v1.11.0
  [b77e0a4c] + InteractiveUtils v1.11.0
  [b27032c2] + LibCURL v0.6.4
  [76f85450] + LibGit2 v1.11.0
  [8f399da3] + Libdl v1.11.0
  [37e2e46d] + LinearAlgebra v1.11.0
  [56ddb016] + Logging v1.11.0
  [d6f4376e] + Markdown v1.11.0
  [a63ad114] + Mmap v1.11.0
  [ca575930] + NetworkOptions v1.2.0
  [44cfe95a] + Pkg v1.11.0
  [de0858da] + Printf v1.11.0
  [9a3f8284] + Random v1.11.0
  [ea8e919c] + SHA v0.7.0
  [9e88b42a] + Serialization v1.11.0
  [6462fe0b] + Sockets v1.11.0
  [2f01184e] + SparseArrays v1.11.0
  [4607b0f0] + SuiteSparse
  [fa267f1f] + TOML v1.0.3
  [a4e569a6] + Tar v1.10.0
  [cf7118a7] + UUIDs v1.11.0
  [4ec0a83e] + Unicode v1.11.0
  [e66e0078] + CompilerSupportLibraries_jll v1.1.1+0
  [deac9b47] + LibCURL_jll v8.6.0+0
  [e37daf67] + LibGit2_jll v1.7.2+0
  [29816b5a] + LibSSH2_jll v1.11.0+1
  [c8ffd9c3] + MbedTLS_jll v2.28.6+0
  [14a3606d] + MozillaCACerts_jll v2023.12.12
  [4536629a] + OpenBLAS_jll v0.3.27+1
  [05823500] + OpenLibm_jll v0.8.1+2
  [bea87d4a] + SuiteSparse_jll v7.7.0+0
  [83775a58] + Zlib_jll v1.2.13+1
  [8e850b90] + libblastrampoline_jll v5.11.0+0
  [8e850ede] + nghttp2_jll v1.59.0+0
  [3f19e933] + p7zip_jll v17.4.0+2
        Info Packages marked with ⌅ have new versions available but compatibility constraints restrict them from upgrading. To see why use `status --outdated -m`
Precompiling project...
    421.0 ms  ✓ DataValueInterfaces
    491.2 ms  ✓ IntegerMathUtils
    556.8 ms  ✓ TaskLocalValues
    556.2 ms  ✓ RealDot
    582.0 ms  ✓ StableTasks
    589.3 ms  ✓ Richardson
    605.4 ms  ✓ LRUCache
    649.9 ms  ✓ HalfIntegers
    676.1 ms  ✓ InverseFunctions
    769.8 ms  ✓ OrderedCollections
    777.8 ms  ✓ Statistics
    784.2 ms  ✓ DocStringExtensions
    988.1 ms  ✓ VectorInterface
   1019.0 ms  ✓ AbstractFFTs
    461.4 ms  ✓ CompositionsBase
    636.0 ms  ✓ ConstructionBase
    568.8 ms  ✓ IteratorInterfaceExtensions
    495.2 ms  ✓ PackageExtensionCompat
    563.9 ms  ✓ DataAPI
    447.4 ms  ✓ PtrArrays
   1204.7 ms  ✓ FillArrays
    613.4 ms  ✓ ChunkSplitters
    496.0 ms  ✓ StaticArraysCore
    552.9 ms  ✓ TupleTools
    531.0 ms  ✓ HashArrayMappedTries
    499.5 ms  ✓ ConstructionBase → ConstructionBaseLinearAlgebraExt
   1513.2 ms  ✓ IrrationalConstants
    649.6 ms  ✓ TranscodingStreams
    629.6 ms  ✓ NaNMath
    627.1 ms  ✓ SuiteSparse
    874.1 ms  ✓ Statistics → SparseArraysExt
    464.9 ms  ✓ LRUCache → SerializationExt
   1028.7 ms  ✓ InitialValues
    677.6 ms  ✓ LoggingExtras
    490.3 ms  ✓ RationalRoots
    825.2 ms  ✓ Requires
    633.0 ms  ✓ InverseFunctions → InverseFunctionsDatesExt
    750.1 ms  ✓ Primes
    505.4 ms  ✓ TableTraits
   1026.2 ms  ✓ Preferences
    665.0 ms  ✓ CompositionsBase → CompositionsBaseInverseFunctionsExt
    716.3 ms  ✓ StridedViews
    621.1 ms  ✓ FillArrays → FillArraysStatisticsExt
    599.8 ms  ✓ ScopedValues
    679.2 ms  ✓ DiffResults
    878.4 ms  ✓ Compat
    707.2 ms  ✓ Adapt
    972.8 ms  ✓ FillArrays → FillArraysSparseArraysExt
    903.0 ms  ✓ SparseInverseSubset
   1023.2 ms  ✓ LogExpFunctions
    602.8 ms  ✓ StridedViews → StridedViewsPtrArraysExt
    794.9 ms  ✓ PrecompileTools
    973.5 ms  ✓ JLLWrappers
    774.2 ms  ✓ Compat → CompatLinearAlgebraExt
   1140.1 ms  ✓ Strided
   1123.2 ms  ✓ Adapt → AdaptSparseArraysExt
    989.9 ms  ✓ LogExpFunctions → LogExpFunctionsInverseFunctionsExt
   1324.5 ms  ✓ GPUArraysCore
   1962.7 ms  ✓ Tables
   3550.0 ms  ✓ MacroTools
   2522.1 ms  ✓ KrylovKit
   1165.8 ms  ✓ OpenSpecFun_jll
    572.5 ms  ✓ CommonSubexpressions
   2498.8 ms  ✓ OptimKit
    925.7 ms  ✓ StructArrays
   1825.3 ms  ✓ ChainRulesCore
   2352.5 ms  ✓ RecipesBase
    579.6 ms  ✓ StructArrays → StructArraysAdaptExt
    615.2 ms  ✓ StructArrays → StructArraysLinearAlgebraExt
   3649.8 ms  ✓ WignerSymbols
    628.9 ms  ✓ AbstractFFTs → AbstractFFTsChainRulesCoreExt
    840.0 ms  ✓ StructArrays → StructArraysSparseArraysExt
    765.5 ms  ✓ ChainRulesCore → ChainRulesCoreSparseArraysExt
    732.0 ms  ✓ KrylovKit → KrylovKitChainRulesCoreExt
   1072.3 ms  ✓ ZygoteRules
   2144.9 ms  ✓ IRTools
   2526.0 ms  ✓ Accessors
   1859.0 ms  ✓ LogExpFunctions → LogExpFunctionsChainRulesCoreExt
    595.3 ms  ✓ Accessors → StructArraysExt
    664.7 ms  ✓ Accessors → LinearAlgebraExt
   5484.5 ms  ✓ FileIO
   3176.1 ms  ✓ SpecialFunctions
    749.2 ms  ✓ DiffRules
   1024.6 ms  ✓ BangBang
    632.2 ms  ✓ BangBang → BangBangChainRulesCoreExt
    653.3 ms  ✓ BangBang → BangBangTablesExt
    708.7 ms  ✓ BangBang → BangBangStructArraysExt
   2042.1 ms  ✓ SpecialFunctions → SpecialFunctionsChainRulesCoreExt
   1313.8 ms  ✓ OhMyThreads
   8357.7 ms  ✓ StaticArrays
    784.9 ms  ✓ ConstructionBase → ConstructionBaseStaticArraysExt
    829.6 ms  ✓ Adapt → AdaptStaticArraysExt
    866.4 ms  ✓ StaticArrays → StaticArraysChainRulesCoreExt
    877.3 ms  ✓ StructArrays → StructArraysStaticArraysExt
    888.2 ms  ✓ Accessors → StaticArraysExt
   3939.1 ms  ✓ ForwardDiff
    907.1 ms  ✓ BangBang → BangBangStaticArraysExt
    950.2 ms  ✓ StaticArrays → StaticArraysStatisticsExt
   6437.7 ms  ✓ ChainRules
    976.8 ms  ✓ ForwardDiff → ForwardDiffStaticArraysExt
   1265.4 ms  ✓ FiniteDifferences
  15615.2 ms  ✓ ArrayLayouts
   1143.3 ms  ✓ ArrayLayouts → ArrayLayoutsSparseArraysExt
   2025.0 ms  ✓ BlockArrays
   1232.0 ms  ✓ BlockArrays → BlockArraysAdaptExt
  35590.1 ms  ✓ JLD2
  30911.8 ms  ✓ Zygote
 126784.2 ms  ✓ TensorOperations
   1357.0 ms  ✓ TensorOperations → TensorOperationsChainRulesCoreExt
   5969.5 ms  ✓ TensorKitSectors
   8447.5 ms  ✓ TensorKit
   1963.2 ms  ✓ TensorKitManifolds
   2091.8 ms  ✓ TensorKit → TensorKitFiniteDifferencesExt
   2168.5 ms  ✓ TensorKit → TensorKitChainRulesCoreExt
   2811.3 ms  ✓ BlockTensorKit
  15071.6 ms  ✓ MPSKit
  13952.9 ms  ✓ MPSKitModels
  14985.5 ms  ✓ PEPSKit
  118 dependencies successfully precompiled in 192 seconds. 31 already precompiled.
[ Info: CTMRG init:	obj = +4.126571446708e+00	err = 1.0000e+00
[ Info: CTMRG conv 4:	obj = +4.126571446708e+00	err = 5.6867579114e-11	time = 1.67 min
┌ Warning: `svd` cotangents sensitive to gauge choice: (|Δgauge| = 0.3913788080296511)
└ @ TensorKitChainRulesCoreExt ~/.julia/packages/TensorKit/esxcj/ext/TensorKitChainRulesCoreExt/factorizations.jl:254
┌ Warning: `svd` cotangents sensitive to gauge choice: (|Δgauge| = 5.2191803561435344e-5)
└ @ TensorKitChainRulesCoreExt ~/.julia/packages/TensorKit/esxcj/ext/TensorKitChainRulesCoreExt/factorizations.jl:254
┌ Warning: `svd` cotangents sensitive to gauge choice: (|Δgauge| = 0.3914309997921519)
└ @ TensorKitChainRulesCoreExt ~/.julia/packages/TensorKit/esxcj/ext/TensorKitChainRulesCoreExt/factorizations.jl:254
[ Info: LBFGS: initializing with f = -2.121636698532, ‖∇f‖ = 9.7502e-04
[ Info: CTMRG init:	obj = +4.129198459575e+00	err = 1.0000e+00
[ Info: CTMRG conv 19:	obj = +4.129202314765e+00	err = 6.4343326474e-10	time = 7.34 sec
┌ Warning: `svd` cotangents sensitive to gauge choice: (|Δgauge| = 0.3916690787212054)
└ @ TensorKitChainRulesCoreExt ~/.julia/packages/TensorKit/esxcj/ext/TensorKitChainRulesCoreExt/factorizations.jl:254
┌ Warning: `svd` cotangents sensitive to gauge choice: (|Δgauge| = 8.656472188160833e-10)
└ @ TensorKitChainRulesCoreExt ~/.julia/packages/TensorKit/esxcj/ext/TensorKitChainRulesCoreExt/factorizations.jl:254
┌ Warning: `svd` cotangents sensitive to gauge choice: (|Δgauge| = 0.3916690796316253)
└ @ TensorKitChainRulesCoreExt ~/.julia/packages/TensorKit/esxcj/ext/TensorKitChainRulesCoreExt/factorizations.jl:254
[ Info: LBFGS: iter    1, time 1346.87 s: f = -2.121639067587, ‖∇f‖ = 2.3647e-03, α = 1.00e+00, m = 0, nfg = 1
[ Info: CTMRG init:	obj = +4.129828775941e+00	err = 1.0000e+00
[ Info: CTMRG conv 18:	obj = +4.129829223467e+00	err = 7.6913942543e-10	time = 7.94 sec
┌ Warning: `svd` cotangents sensitive to gauge choice: (|Δgauge| = 0.39108417564147496)
└ @ TensorKitChainRulesCoreExt ~/.julia/packages/TensorKit/esxcj/ext/TensorKitChainRulesCoreExt/factorizations.jl:254
┌ Warning: `svd` cotangents sensitive to gauge choice: (|Δgauge| = 1.4794602737904494e-9)
└ @ TensorKitChainRulesCoreExt ~/.julia/packages/TensorKit/esxcj/ext/TensorKitChainRulesCoreExt/factorizations.jl:254
┌ Warning: `svd` cotangents sensitive to gauge choice: (|Δgauge| = 0.3910841771564422)
└ @ TensorKitChainRulesCoreExt ~/.julia/packages/TensorKit/esxcj/ext/TensorKitChainRulesCoreExt/factorizations.jl:254
[ Info: LBFGS: iter    2, time 1361.55 s: f = -2.121642727066, ‖∇f‖ = 8.3891e-04, α = 1.00e+00, m = 1, nfg = 1
[ Info: CTMRG init:	obj = +4.129787174941e+00	err = 1.0000e+00
[ Info: CTMRG conv 19:	obj = +4.129787775171e+00	err = 5.2887184905e-10	time = 7.49 sec
┌ Warning: `svd` cotangents sensitive to gauge choice: (|Δgauge| = 0.39109407971411725)
└ @ TensorKitChainRulesCoreExt ~/.julia/packages/TensorKit/esxcj/ext/TensorKitChainRulesCoreExt/factorizations.jl:254
┌ Warning: `svd` cotangents sensitive to gauge choice: (|Δgauge| = 6.053162164982975e-10)
└ @ TensorKitChainRulesCoreExt ~/.julia/packages/TensorKit/esxcj/ext/TensorKitChainRulesCoreExt/factorizations.jl:254
┌ Warning: `svd` cotangents sensitive to gauge choice: (|Δgauge| = 0.3910940803922974)
└ @ TensorKitChainRulesCoreExt ~/.julia/packages/TensorKit/esxcj/ext/TensorKitChainRulesCoreExt/factorizations.jl:254
[ Info: LBFGS: iter    3, time 1374.51 s: f = -2.121643563374, ‖∇f‖ = 5.6287e-04, α = 1.00e+00, m = 2, nfg = 1
[ Info: CTMRG init:	obj = +4.129901723432e+00	err = 1.0000e+00
[ Info: CTMRG conv 20:	obj = +4.129903397470e+00	err = 6.2835243808e-10	time = 6.88 sec
┌ Warning: `svd` cotangents sensitive to gauge choice: (|Δgauge| = 0.39109225965652805)
└ @ TensorKitChainRulesCoreExt ~/.julia/packages/TensorKit/esxcj/ext/TensorKitChainRulesCoreExt/factorizations.jl:254
┌ Warning: `svd` cotangents sensitive to gauge choice: (|Δgauge| = 1.9717285600766362e-10)
└ @ TensorKitChainRulesCoreExt ~/.julia/packages/TensorKit/esxcj/ext/TensorKitChainRulesCoreExt/factorizations.jl:254
┌ Warning: `svd` cotangents sensitive to gauge choice: (|Δgauge| = 0.39109225991886654)
└ @ TensorKitChainRulesCoreExt ~/.julia/packages/TensorKit/esxcj/ext/TensorKitChainRulesCoreExt/factorizations.jl:254
[ Info: LBFGS: iter    4, time 1387.62 s: f = -2.121644449430, ‖∇f‖ = 6.5266e-04, α = 1.00e+00, m = 3, nfg = 1
[ Info: CTMRG init:	obj = +4.129398322393e+00	err = 1.0000e+00
[ Info: CTMRG conv 22:	obj = +4.129417074916e+00	err = 7.7638056815e-10	time = 8.15 sec
┌ Warning: `svd` cotangents sensitive to gauge choice: (|Δgauge| = 0.39115779864338235)
└ @ TensorKitChainRulesCoreExt ~/.julia/packages/TensorKit/esxcj/ext/TensorKitChainRulesCoreExt/factorizations.jl:254
┌ Warning: `svd` cotangents sensitive to gauge choice: (|Δgauge| = 2.234723030574591e-12)
└ @ TensorKitChainRulesCoreExt ~/.julia/packages/TensorKit/esxcj/ext/TensorKitChainRulesCoreExt/factorizations.jl:254
┌ Warning: `svd` cotangents sensitive to gauge choice: (|Δgauge| = 0.3911577986269459)
└ @ TensorKitChainRulesCoreExt ~/.julia/packages/TensorKit/esxcj/ext/TensorKitChainRulesCoreExt/factorizations.jl:254
[ Info: LBFGS: iter    5, time 1402.66 s: f = -2.121646854270, ‖∇f‖ = 8.8792e-04, α = 1.00e+00, m = 4, nfg = 1
[ Info: CTMRG init:	obj = +4.127805958100e+00	err = 1.0000e+00
[ Info: CTMRG conv 23:	obj = +4.127833646463e+00	err = 6.7363228137e-10	time = 7.91 sec
┌ Warning: `svd` cotangents sensitive to gauge choice: (|Δgauge| = 0.3911329592867119)
└ @ TensorKitChainRulesCoreExt ~/.julia/packages/TensorKit/esxcj/ext/TensorKitChainRulesCoreExt/factorizations.jl:254
┌ Warning: `svd` cotangents sensitive to gauge choice: (|Δgauge| = 3.431025932641658e-11)
└ @ TensorKitChainRulesCoreExt ~/.julia/packages/TensorKit/esxcj/ext/TensorKitChainRulesCoreExt/factorizations.jl:254
┌ Warning: `svd` cotangents sensitive to gauge choice: (|Δgauge| = 0.3911329593101704)
└ @ TensorKitChainRulesCoreExt ~/.julia/packages/TensorKit/esxcj/ext/TensorKitChainRulesCoreExt/factorizations.jl:254
[ Info: LBFGS: iter    6, time 1416.51 s: f = -2.121649669681, ‖∇f‖ = 1.2284e-03, α = 1.00e+00, m = 5, nfg = 1
[ Info: CTMRG init:	obj = +4.125127256367e+00	err = 1.0000e+00
[ Info: CTMRG conv 24:	obj = +4.125170076612e+00	err = 9.2314575305e-10	time = 10.19 sec
┌ Warning: `svd` cotangents sensitive to gauge choice: (|Δgauge| = 0.39122281888602617)
└ @ TensorKitChainRulesCoreExt ~/.julia/packages/TensorKit/esxcj/ext/TensorKitChainRulesCoreExt/factorizations.jl:254
┌ Warning: `svd` cotangents sensitive to gauge choice: (|Δgauge| = 3.0289634759128594e-11)
└ @ TensorKitChainRulesCoreExt ~/.julia/packages/TensorKit/esxcj/ext/TensorKitChainRulesCoreExt/factorizations.jl:254
┌ Warning: `svd` cotangents sensitive to gauge choice: (|Δgauge| = 0.3912228187544663)
└ @ TensorKitChainRulesCoreExt ~/.julia/packages/TensorKit/esxcj/ext/TensorKitChainRulesCoreExt/factorizations.jl:254
[ Info: LBFGS: iter    7, time 1432.80 s: f = -2.121652333250, ‖∇f‖ = 1.1533e-03, α = 1.00e+00, m = 6, nfg = 1
[ Info: CTMRG init:	obj = +4.123868039268e+00	err = 1.0000e+00
[ Info: CTMRG conv 22:	obj = +4.123870886754e+00	err = 5.9003408750e-10	time = 8.74 sec
┌ Warning: `svd` cotangents sensitive to gauge choice: (|Δgauge| = 0.3912485683212388)
└ @ TensorKitChainRulesCoreExt ~/.julia/packages/TensorKit/esxcj/ext/TensorKitChainRulesCoreExt/factorizations.jl:254
┌ Warning: `svd` cotangents sensitive to gauge choice: (|Δgauge| = 1.1265468864734228e-10)
└ @ TensorKitChainRulesCoreExt ~/.julia/packages/TensorKit/esxcj/ext/TensorKitChainRulesCoreExt/factorizations.jl:254
┌ Warning: `svd` cotangents sensitive to gauge choice: (|Δgauge| = 0.3912485681865241)
└ @ TensorKitChainRulesCoreExt ~/.julia/packages/TensorKit/esxcj/ext/TensorKitChainRulesCoreExt/factorizations.jl:254
[ Info: LBFGS: iter    8, time 1447.12 s: f = -2.121655009141, ‖∇f‖ = 7.5048e-04, α = 1.00e+00, m = 7, nfg = 1
[ Info: CTMRG init:	obj = +4.120574626433e+00	err = 1.0000e+00
[ Info: CTMRG conv 23:	obj = +4.120604235359e+00	err = 6.4694071420e-10	time = 10.40 sec
┌ Warning: `svd` cotangents sensitive to gauge choice: (|Δgauge| = 0.39110735255906526)
└ @ TensorKitChainRulesCoreExt ~/.julia/packages/TensorKit/esxcj/ext/TensorKitChainRulesCoreExt/factorizations.jl:254
┌ Warning: `svd` cotangents sensitive to gauge choice: (|Δgauge| = 3.175055406321489e-11)
└ @ TensorKitChainRulesCoreExt ~/.julia/packages/TensorKit/esxcj/ext/TensorKitChainRulesCoreExt/factorizations.jl:254
┌ Warning: `svd` cotangents sensitive to gauge choice: (|Δgauge| = 0.39110735258739004)
└ @ TensorKitChainRulesCoreExt ~/.julia/packages/TensorKit/esxcj/ext/TensorKitChainRulesCoreExt/factorizations.jl:254
[ Info: LBFGS: iter    9, time 1463.57 s: f = -2.121659519088, ‖∇f‖ = 1.0871e-03, α = 1.00e+00, m = 8, nfg = 1
[ Info: CTMRG init:	obj = +4.117848672334e+00	err = 1.0000e+00
[ Info: CTMRG conv 22:	obj = +4.117866019982e+00	err = 8.0111693050e-10	time = 9.62 sec
┌ Warning: `svd` cotangents sensitive to gauge choice: (|Δgauge| = 0.3910352810535945)
└ @ TensorKitChainRulesCoreExt ~/.julia/packages/TensorKit/esxcj/ext/TensorKitChainRulesCoreExt/factorizations.jl:254
┌ Warning: `svd` cotangents sensitive to gauge choice: (|Δgauge| = 2.4299589180916845e-11)
└ @ TensorKitChainRulesCoreExt ~/.julia/packages/TensorKit/esxcj/ext/TensorKitChainRulesCoreExt/factorizations.jl:254
┌ Warning: `svd` cotangents sensitive to gauge choice: (|Δgauge| = 0.3910352810763017)
└ @ TensorKitChainRulesCoreExt ~/.julia/packages/TensorKit/esxcj/ext/TensorKitChainRulesCoreExt/factorizations.jl:254
[ Info: LBFGS: iter   10, time 1479.14 s: f = -2.121662708010, ‖∇f‖ = 1.0796e-03, α = 1.00e+00, m = 8, nfg = 1
[ Info: CTMRG init:	obj = +4.115455667358e+00	err = 1.0000e+00
[ Info: CTMRG conv 22:	obj = +4.115535913042e+00	err = 6.7010791108e-10	time = 10.68 sec
┌ Warning: `svd` cotangents sensitive to gauge choice: (|Δgauge| = 0.38884519193515465)
└ @ TensorKitChainRulesCoreExt ~/.julia/packages/TensorKit/esxcj/ext/TensorKitChainRulesCoreExt/factorizations.jl:254
┌ Warning: `svd` cotangents sensitive to gauge choice: (|Δgauge| = 9.634824789369405e-11)
└ @ TensorKitChainRulesCoreExt ~/.julia/packages/TensorKit/esxcj/ext/TensorKitChainRulesCoreExt/factorizations.jl:254
┌ Warning: `svd` cotangents sensitive to gauge choice: (|Δgauge| = 0.388845191948244)
└ @ TensorKitChainRulesCoreExt ~/.julia/packages/TensorKit/esxcj/ext/TensorKitChainRulesCoreExt/factorizations.jl:254
[ Info: CTMRG init:	obj = +4.117409104286e+00	err = 1.0000e+00
[ Info: CTMRG conv 21:	obj = +4.117412957221e+00	err = 5.9775832547e-10	time = 11.41 sec
┌ Warning: `svd` cotangents sensitive to gauge choice: (|Δgauge| = 0.3905565720086114)
└ @ TensorKitChainRulesCoreExt ~/.julia/packages/TensorKit/esxcj/ext/TensorKitChainRulesCoreExt/factorizations.jl:254
┌ Warning: `svd` cotangents sensitive to gauge choice: (|Δgauge| = 3.2503480980857913e-12)
└ @ TensorKitChainRulesCoreExt ~/.julia/packages/TensorKit/esxcj/ext/TensorKitChainRulesCoreExt/factorizations.jl:254
┌ Warning: `svd` cotangents sensitive to gauge choice: (|Δgauge| = 0.3905565720871737)
└ @ TensorKitChainRulesCoreExt ~/.julia/packages/TensorKit/esxcj/ext/TensorKitChainRulesCoreExt/factorizations.jl:254
[ Info: LBFGS: iter   11, time 1513.81 s: f = -2.121663970276, ‖∇f‖ = 1.6222e-03, α = 2.19e-01, m = 8, nfg = 2
[ Info: CTMRG init:	obj = +4.114266374675e+00	err = 1.0000e+00
[ Info: CTMRG conv 21:	obj = +4.114285615824e+00	err = 8.4881476829e-10	time = 9.95 sec
┌ Warning: `svd` cotangents sensitive to gauge choice: (|Δgauge| = 0.390643563484308)
└ @ TensorKitChainRulesCoreExt ~/.julia/packages/TensorKit/esxcj/ext/TensorKitChainRulesCoreExt/factorizations.jl:254
┌ Warning: `svd` cotangents sensitive to gauge choice: (|Δgauge| = 9.966858175705117e-11)
└ @ TensorKitChainRulesCoreExt ~/.julia/packages/TensorKit/esxcj/ext/TensorKitChainRulesCoreExt/factorizations.jl:254
┌ Warning: `svd` cotangents sensitive to gauge choice: (|Δgauge| = 0.3906435637828104)
└ @ TensorKitChainRulesCoreExt ~/.julia/packages/TensorKit/esxcj/ext/TensorKitChainRulesCoreExt/factorizations.jl:254
[ Info: LBFGS: iter   12, time 1529.74 s: f = -2.121667144919, ‖∇f‖ = 7.3579e-04, α = 1.00e+00, m = 8, nfg = 1
[ Info: CTMRG init:	obj = +4.114229226644e+00	err = 1.0000e+00
[ Info: CTMRG conv 19:	obj = +4.114230429356e+00	err = 8.0389562453e-10	time = 9.17 sec
┌ Warning: `svd` cotangents sensitive to gauge choice: (|Δgauge| = 0.39070554628404786)
└ @ TensorKitChainRulesCoreExt ~/.julia/packages/TensorKit/esxcj/ext/TensorKitChainRulesCoreExt/factorizations.jl:254
┌ Warning: `svd` cotangents sensitive to gauge choice: (|Δgauge| = 5.364794804602977e-10)
└ @ TensorKitChainRulesCoreExt ~/.julia/packages/TensorKit/esxcj/ext/TensorKitChainRulesCoreExt/factorizations.jl:254
┌ Warning: `svd` cotangents sensitive to gauge choice: (|Δgauge| = 0.3907055469856763)
└ @ TensorKitChainRulesCoreExt ~/.julia/packages/TensorKit/esxcj/ext/TensorKitChainRulesCoreExt/factorizations.jl:254
[ Info: LBFGS: iter   13, time 1544.02 s: f = -2.121668715147, ‖∇f‖ = 4.8749e-04, α = 1.00e+00, m = 8, nfg = 1
[ Info: CTMRG init:	obj = +4.114603296527e+00	err = 1.0000e+00
[ Info: CTMRG conv 19:	obj = +4.114604239835e+00	err = 5.5191028927e-10	time = 8.85 sec
┌ Warning: `svd` cotangents sensitive to gauge choice: (|Δgauge| = 0.39082078511866014)
└ @ TensorKitChainRulesCoreExt ~/.julia/packages/TensorKit/esxcj/ext/TensorKitChainRulesCoreExt/factorizations.jl:254
┌ Warning: `svd` cotangents sensitive to gauge choice: (|Δgauge| = 5.738969081093315e-10)
└ @ TensorKitChainRulesCoreExt ~/.julia/packages/TensorKit/esxcj/ext/TensorKitChainRulesCoreExt/factorizations.jl:254
┌ Warning: `svd` cotangents sensitive to gauge choice: (|Δgauge| = 0.39082078581640733)
└ @ TensorKitChainRulesCoreExt ~/.julia/packages/TensorKit/esxcj/ext/TensorKitChainRulesCoreExt/factorizations.jl:254
[ Info: LBFGS: iter   14, time 1558.19 s: f = -2.121670609202, ‖∇f‖ = 6.3758e-04, α = 1.00e+00, m = 8, nfg = 1
[ Info: CTMRG init:	obj = +4.115398812996e+00	err = 1.0000e+00
[ Info: CTMRG conv 17:	obj = +4.115399516381e+00	err = 3.4396107146e-10	time = 7.95 sec
┌ Warning: `svd` cotangents sensitive to gauge choice: (|Δgauge| = 0.39086363195439755)
└ @ TensorKitChainRulesCoreExt ~/.julia/packages/TensorKit/esxcj/ext/TensorKitChainRulesCoreExt/factorizations.jl:254
┌ Warning: `svd` cotangents sensitive to gauge choice: (|Δgauge| = 2.6638784751173865e-9)
└ @ TensorKitChainRulesCoreExt ~/.julia/packages/TensorKit/esxcj/ext/TensorKitChainRulesCoreExt/factorizations.jl:254
┌ Warning: `svd` cotangents sensitive to gauge choice: (|Δgauge| = 0.39086363482777375)
└ @ TensorKitChainRulesCoreExt ~/.julia/packages/TensorKit/esxcj/ext/TensorKitChainRulesCoreExt/factorizations.jl:254
[ Info: LBFGS: iter   15, time 1571.58 s: f = -2.121672431098, ‖∇f‖ = 6.7409e-04, α = 1.00e+00, m = 8, nfg = 1
[ Info: CTMRG init:	obj = +4.115170673879e+00	err = 1.0000e+00
[ Info: CTMRG conv 18:	obj = +4.115171292204e+00	err = 9.6380786274e-10	time = 8.91 sec
┌ Warning: `svd` cotangents sensitive to gauge choice: (|Δgauge| = 0.39090385849475545)
└ @ TensorKitChainRulesCoreExt ~/.julia/packages/TensorKit/esxcj/ext/TensorKitChainRulesCoreExt/factorizations.jl:254
┌ Warning: `svd` cotangents sensitive to gauge choice: (|Δgauge| = 1.2455047794912505e-9)
└ @ TensorKitChainRulesCoreExt ~/.julia/packages/TensorKit/esxcj/ext/TensorKitChainRulesCoreExt/factorizations.jl:254
┌ Warning: `svd` cotangents sensitive to gauge choice: (|Δgauge| = 0.3909038597458543)
└ @ TensorKitChainRulesCoreExt ~/.julia/packages/TensorKit/esxcj/ext/TensorKitChainRulesCoreExt/factorizations.jl:254
[ Info: LBFGS: iter   16, time 1586.23 s: f = -2.121674994678, ‖∇f‖ = 6.8958e-04, α = 1.00e+00, m = 8, nfg = 1
[ Info: CTMRG init:	obj = +4.112810224589e+00	err = 1.0000e+00
[ Info: CTMRG conv 20:	obj = +4.112815234783e+00	err = 6.9102405012e-10	time = 10.39 sec
┌ Warning: `svd` cotangents sensitive to gauge choice: (|Δgauge| = 0.3909242923131686)
└ @ TensorKitChainRulesCoreExt ~/.julia/packages/TensorKit/esxcj/ext/TensorKitChainRulesCoreExt/factorizations.jl:254
┌ Warning: `svd` cotangents sensitive to gauge choice: (|Δgauge| = 2.6418441754171673e-10)
└ @ TensorKitChainRulesCoreExt ~/.julia/packages/TensorKit/esxcj/ext/TensorKitChainRulesCoreExt/factorizations.jl:254
┌ Warning: `svd` cotangents sensitive to gauge choice: (|Δgauge| = 0.3909242925535403)
└ @ TensorKitChainRulesCoreExt ~/.julia/packages/TensorKit/esxcj/ext/TensorKitChainRulesCoreExt/factorizations.jl:254
[ Info: LBFGS: iter   17, time 1602.60 s: f = -2.121678840725, ‖∇f‖ = 1.3984e-03, α = 1.00e+00, m = 8, nfg = 1
[ Info: CTMRG init:	obj = +4.106915396704e+00	err = 1.0000e+00
[ Info: CTMRG conv 20:	obj = +4.106929348452e+00	err = 8.5181146944e-10	time = 10.17 sec
┌ Warning: `svd` cotangents sensitive to gauge choice: (|Δgauge| = 0.3907598262776293)
└ @ TensorKitChainRulesCoreExt ~/.julia/packages/TensorKit/esxcj/ext/TensorKitChainRulesCoreExt/factorizations.jl:254
┌ Warning: `svd` cotangents sensitive to gauge choice: (|Δgauge| = 2.0668032529918394e-10)
└ @ TensorKitChainRulesCoreExt ~/.julia/packages/TensorKit/esxcj/ext/TensorKitChainRulesCoreExt/factorizations.jl:254
┌ Warning: `svd` cotangents sensitive to gauge choice: (|Δgauge| = 0.3907598264085438)
└ @ TensorKitChainRulesCoreExt ~/.julia/packages/TensorKit/esxcj/ext/TensorKitChainRulesCoreExt/factorizations.jl:254
[ Info: LBFGS: iter   18, time 1619.03 s: f = -2.121681425462, ‖∇f‖ = 1.2130e-03, α = 1.00e+00, m = 8, nfg = 1
[ Info: CTMRG init:	obj = +4.107778308189e+00	err = 1.0000e+00
[ Info: CTMRG conv 19:	obj = +4.107779286241e+00	err = 5.3774643950e-10	time = 9.44 sec
┌ Warning: `svd` cotangents sensitive to gauge choice: (|Δgauge| = 0.3907012206684253)
└ @ TensorKitChainRulesCoreExt ~/.julia/packages/TensorKit/esxcj/ext/TensorKitChainRulesCoreExt/factorizations.jl:254
┌ Warning: `svd` cotangents sensitive to gauge choice: (|Δgauge| = 3.24084571376309e-10)
└ @ TensorKitChainRulesCoreExt ~/.julia/packages/TensorKit/esxcj/ext/TensorKitChainRulesCoreExt/factorizations.jl:254
┌ Warning: `svd` cotangents sensitive to gauge choice: (|Δgauge| = 0.3907012209077693)
└ @ TensorKitChainRulesCoreExt ~/.julia/packages/TensorKit/esxcj/ext/TensorKitChainRulesCoreExt/factorizations.jl:254
[ Info: LBFGS: iter   19, time 1634.19 s: f = -2.121683478337, ‖∇f‖ = 6.2783e-04, α = 1.00e+00, m = 8, nfg = 1
[ Info: CTMRG init:	obj = +4.107551513942e+00	err = 1.0000e+00
[ Info: CTMRG conv 14:	obj = +4.107551638102e+00	err = 3.8055256273e-10	time = 8.25 sec
┌ Warning: `svd` cotangents sensitive to gauge choice: (|Δgauge| = 0.39052251648038827)
└ @ TensorKitChainRulesCoreExt ~/.julia/packages/TensorKit/esxcj/ext/TensorKitChainRulesCoreExt/factorizations.jl:254
┌ Warning: `svd` cotangents sensitive to gauge choice: (|Δgauge| = 5.340075725914008e-9)
└ @ TensorKitChainRulesCoreExt ~/.julia/packages/TensorKit/esxcj/ext/TensorKitChainRulesCoreExt/factorizations.jl:254
┌ Warning: `svd` cotangents sensitive to gauge choice: (|Δgauge| = 0.3905225217666519)
└ @ TensorKitChainRulesCoreExt ~/.julia/packages/TensorKit/esxcj/ext/TensorKitChainRulesCoreExt/factorizations.jl:254
[ Info: LBFGS: iter   20, time 1646.60 s: f = -2.121685479784, ‖∇f‖ = 5.8300e-04, α = 1.00e+00, m = 8, nfg = 1
[ Info: CTMRG init:	obj = +4.106539642000e+00	err = 1.0000e+00
[ Info: CTMRG conv 16:	obj = +4.106540002872e+00	err = 1.6383548259e-10	time = 10.13 sec
┌ Warning: `svd` cotangents sensitive to gauge choice: (|Δgauge| = 0.39055367009204334)
└ @ TensorKitChainRulesCoreExt ~/.julia/packages/TensorKit/esxcj/ext/TensorKitChainRulesCoreExt/factorizations.jl:254
┌ Warning: `svd` cotangents sensitive to gauge choice: (|Δgauge| = 9.70330940612566e-10)
└ @ TensorKitChainRulesCoreExt ~/.julia/packages/TensorKit/esxcj/ext/TensorKitChainRulesCoreExt/factorizations.jl:254
┌ Warning: `svd` cotangents sensitive to gauge choice: (|Δgauge| = 0.39055366905774985)
└ @ TensorKitChainRulesCoreExt ~/.julia/packages/TensorKit/esxcj/ext/TensorKitChainRulesCoreExt/factorizations.jl:254
[ Info: LBFGS: iter   21, time 1661.40 s: f = -2.121687726592, ‖∇f‖ = 8.2693e-04, α = 1.00e+00, m = 8, nfg = 1
[ Info: CTMRG init:	obj = +4.104505094181e+00	err = 1.0000e+00
[ Info: CTMRG conv 17:	obj = +4.104509876870e+00	err = 3.2326740477e-10	time = 10.93 sec
┌ Warning: `svd` cotangents sensitive to gauge choice: (|Δgauge| = 0.3895824116270534)
└ @ TensorKitChainRulesCoreExt ~/.julia/packages/TensorKit/esxcj/ext/TensorKitChainRulesCoreExt/factorizations.jl:254
┌ Warning: `svd` cotangents sensitive to gauge choice: (|Δgauge| = 2.079973728463981e-9)
└ @ TensorKitChainRulesCoreExt ~/.julia/packages/TensorKit/esxcj/ext/TensorKitChainRulesCoreExt/factorizations.jl:254
┌ Warning: `svd` cotangents sensitive to gauge choice: (|Δgauge| = 0.3895824096258134)
└ @ TensorKitChainRulesCoreExt ~/.julia/packages/TensorKit/esxcj/ext/TensorKitChainRulesCoreExt/factorizations.jl:254
[ Info: CTMRG init:	obj = +4.105685048341e+00	err = 1.0000e+00
[ Info: CTMRG conv 16:	obj = +4.105686116626e+00	err = 8.7049613783e-10	time = 9.73 sec
┌ Warning: `svd` cotangents sensitive to gauge choice: (|Δgauge| = 0.3900948492087267)
└ @ TensorKitChainRulesCoreExt ~/.julia/packages/TensorKit/esxcj/ext/TensorKitChainRulesCoreExt/factorizations.jl:254
┌ Warning: `svd` cotangents sensitive to gauge choice: (|Δgauge| = 2.5395495831027873e-9)
└ @ TensorKitChainRulesCoreExt ~/.julia/packages/TensorKit/esxcj/ext/TensorKitChainRulesCoreExt/factorizations.jl:254
┌ Warning: `svd` cotangents sensitive to gauge choice: (|Δgauge| = 0.3900948466685009)
└ @ TensorKitChainRulesCoreExt ~/.julia/packages/TensorKit/esxcj/ext/TensorKitChainRulesCoreExt/factorizations.jl:254
[ Info: LBFGS: iter   22, time 1690.96 s: f = -2.121689097031, ‖∇f‖ = 1.2426e-03, α = 4.73e-01, m = 8, nfg = 2
[ Info: CTMRG init:	obj = +4.104350898899e+00	err = 1.0000e+00
[ Info: CTMRG conv 16:	obj = +4.104351318932e+00	err = 5.9857642998e-10	time = 9.56 sec
┌ Warning: `svd` cotangents sensitive to gauge choice: (|Δgauge| = 0.3902874088824287)
└ @ TensorKitChainRulesCoreExt ~/.julia/packages/TensorKit/esxcj/ext/TensorKitChainRulesCoreExt/factorizations.jl:254
┌ Warning: `svd` cotangents sensitive to gauge choice: (|Δgauge| = 3.4298391141113174e-9)
└ @ TensorKitChainRulesCoreExt ~/.julia/packages/TensorKit/esxcj/ext/TensorKitChainRulesCoreExt/factorizations.jl:254
┌ Warning: `svd` cotangents sensitive to gauge choice: (|Δgauge| = 0.3902874054482405)
└ @ TensorKitChainRulesCoreExt ~/.julia/packages/TensorKit/esxcj/ext/TensorKitChainRulesCoreExt/factorizations.jl:254
[ Info: LBFGS: iter   23, time 1704.92 s: f = -2.121690661269, ‖∇f‖ = 6.3202e-04, α = 1.00e+00, m = 8, nfg = 1
[ Info: CTMRG init:	obj = +4.103663455431e+00	err = 1.0000e+00
[ Info: CTMRG conv 17:	obj = +4.103663584357e+00	err = 4.1844652572e-10	time = 10.99 sec
┌ Warning: `svd` cotangents sensitive to gauge choice: (|Δgauge| = 0.39043850028730614)
└ @ TensorKitChainRulesCoreExt ~/.julia/packages/TensorKit/esxcj/ext/TensorKitChainRulesCoreExt/factorizations.jl:254
┌ Warning: `svd` cotangents sensitive to gauge choice: (|Δgauge| = 1.5668855971443905e-9)
└ @ TensorKitChainRulesCoreExt ~/.julia/packages/TensorKit/esxcj/ext/TensorKitChainRulesCoreExt/factorizations.jl:254
┌ Warning: `svd` cotangents sensitive to gauge choice: (|Δgauge| = 0.3904384987237137)
└ @ TensorKitChainRulesCoreExt ~/.julia/packages/TensorKit/esxcj/ext/TensorKitChainRulesCoreExt/factorizations.jl:254
[ Info: LBFGS: iter   24, time 1720.47 s: f = -2.121691513593, ‖∇f‖ = 3.8663e-04, α = 1.00e+00, m = 8, nfg = 1
[ Info: CTMRG init:	obj = +4.103288378258e+00	err = 1.0000e+00
[ Info: CTMRG conv 17:	obj = +4.103288437438e+00	err = 3.3074322835e-10	time = 10.43 sec
┌ Warning: `svd` cotangents sensitive to gauge choice: (|Δgauge| = 0.3905329834821667)
└ @ TensorKitChainRulesCoreExt ~/.julia/packages/TensorKit/esxcj/ext/TensorKitChainRulesCoreExt/factorizations.jl:254
┌ Warning: `svd` cotangents sensitive to gauge choice: (|Δgauge| = 1.1821448833265211e-9)
└ @ TensorKitChainRulesCoreExt ~/.julia/packages/TensorKit/esxcj/ext/TensorKitChainRulesCoreExt/factorizations.jl:254
┌ Warning: `svd` cotangents sensitive to gauge choice: (|Δgauge| = 0.3905329823776652)
└ @ TensorKitChainRulesCoreExt ~/.julia/packages/TensorKit/esxcj/ext/TensorKitChainRulesCoreExt/factorizations.jl:254
[ Info: LBFGS: iter   25, time 1735.69 s: f = -2.121692087121, ‖∇f‖ = 3.6590e-04, α = 1.00e+00, m = 8, nfg = 1
[ Info: CTMRG init:	obj = +4.103022745615e+00	err = 1.0000e+00
[ Info: CTMRG conv 17:	obj = +4.103023476477e+00	err = 4.4808428078e-10	time = 9.91 sec
┌ Warning: `svd` cotangents sensitive to gauge choice: (|Δgauge| = 0.3906964572197311)
└ @ TensorKitChainRulesCoreExt ~/.julia/packages/TensorKit/esxcj/ext/TensorKitChainRulesCoreExt/factorizations.jl:254
┌ Warning: `svd` cotangents sensitive to gauge choice: (|Δgauge| = 3.0516980330100314e-11)
└ @ TensorKitChainRulesCoreExt ~/.julia/packages/TensorKit/esxcj/ext/TensorKitChainRulesCoreExt/factorizations.jl:254
┌ Warning: `svd` cotangents sensitive to gauge choice: (|Δgauge| = 0.3906964573533873)
└ @ TensorKitChainRulesCoreExt ~/.julia/packages/TensorKit/esxcj/ext/TensorKitChainRulesCoreExt/factorizations.jl:254
[ Info: LBFGS: iter   26, time 1751.46 s: f = -2.121692888256, ‖∇f‖ = 7.4380e-04, α = 1.00e+00, m = 8, nfg = 1
[ Info: CTMRG init:	obj = +4.102372643478e+00	err = 1.0000e+00
[ Info: CTMRG conv 17:	obj = +4.102373207923e+00	err = 5.0966304839e-10	time = 10.83 sec
┌ Warning: `svd` cotangents sensitive to gauge choice: (|Δgauge| = 0.39079711729996025)
└ @ TensorKitChainRulesCoreExt ~/.julia/packages/TensorKit/esxcj/ext/TensorKitChainRulesCoreExt/factorizations.jl:254
┌ Warning: `svd` cotangents sensitive to gauge choice: (|Δgauge| = 8.456322527217993e-10)
└ @ TensorKitChainRulesCoreExt ~/.julia/packages/TensorKit/esxcj/ext/TensorKitChainRulesCoreExt/factorizations.jl:254
┌ Warning: `svd` cotangents sensitive to gauge choice: (|Δgauge| = 0.39079711808221174)
└ @ TensorKitChainRulesCoreExt ~/.julia/packages/TensorKit/esxcj/ext/TensorKitChainRulesCoreExt/factorizations.jl:254
[ Info: LBFGS: iter   27, time 1768.67 s: f = -2.121693678736, ‖∇f‖ = 4.8386e-04, α = 1.00e+00, m = 8, nfg = 1
[ Info: CTMRG init:	obj = +4.102377187460e+00	err = 1.0000e+00
[ Info: CTMRG conv 17:	obj = +4.102377300162e+00	err = 5.1865301881e-10	time = 11.23 sec
┌ Warning: `svd` cotangents sensitive to gauge choice: (|Δgauge| = 0.390785384083148)
└ @ TensorKitChainRulesCoreExt ~/.julia/packages/TensorKit/esxcj/ext/TensorKitChainRulesCoreExt/factorizations.jl:254
┌ Warning: `svd` cotangents sensitive to gauge choice: (|Δgauge| = 1.1125073530094666e-9)
└ @ TensorKitChainRulesCoreExt ~/.julia/packages/TensorKit/esxcj/ext/TensorKitChainRulesCoreExt/factorizations.jl:254
┌ Warning: `svd` cotangents sensitive to gauge choice: (|Δgauge| = 0.39078538531701446)
└ @ TensorKitChainRulesCoreExt ~/.julia/packages/TensorKit/esxcj/ext/TensorKitChainRulesCoreExt/factorizations.jl:254
[ Info: LBFGS: iter   28, time 1785.75 s: f = -2.121694127584, ‖∇f‖ = 3.4826e-04, α = 1.00e+00, m = 8, nfg = 1
[ Info: CTMRG init:	obj = +4.102401503464e+00	err = 1.0000e+00
[ Info: CTMRG conv 18:	obj = +4.102402714027e+00	err = 5.9190261215e-10	time = 11.03 sec
┌ Warning: `svd` cotangents sensitive to gauge choice: (|Δgauge| = 0.3907683443971923)
└ @ TensorKitChainRulesCoreExt ~/.julia/packages/TensorKit/esxcj/ext/TensorKitChainRulesCoreExt/factorizations.jl:254
┌ Warning: `svd` cotangents sensitive to gauge choice: (|Δgauge| = 8.402290177419918e-10)
└ @ TensorKitChainRulesCoreExt ~/.julia/packages/TensorKit/esxcj/ext/TensorKitChainRulesCoreExt/factorizations.jl:254
┌ Warning: `svd` cotangents sensitive to gauge choice: (|Δgauge| = 0.39076834530291493)
└ @ TensorKitChainRulesCoreExt ~/.julia/packages/TensorKit/esxcj/ext/TensorKitChainRulesCoreExt/factorizations.jl:254
[ Info: LBFGS: iter   29, time 1802.49 s: f = -2.121694942455, ‖∇f‖ = 3.0730e-04, α = 1.00e+00, m = 8, nfg = 1
[ Info: CTMRG init:	obj = +4.101180990668e+00	err = 1.0000e+00
[ Info: CTMRG conv 17:	obj = +4.101182008226e+00	err = 2.5548269050e-10	time = 10.89 sec
┌ Warning: `svd` cotangents sensitive to gauge choice: (|Δgauge| = 0.39094187634145855)
└ @ TensorKitChainRulesCoreExt ~/.julia/packages/TensorKit/esxcj/ext/TensorKitChainRulesCoreExt/factorizations.jl:254
┌ Warning: `svd` cotangents sensitive to gauge choice: (|Δgauge| = 2.281872836744208e-9)
└ @ TensorKitChainRulesCoreExt ~/.julia/packages/TensorKit/esxcj/ext/TensorKitChainRulesCoreExt/factorizations.jl:254
┌ Warning: `svd` cotangents sensitive to gauge choice: (|Δgauge| = 0.3909418788073845)
└ @ TensorKitChainRulesCoreExt ~/.julia/packages/TensorKit/esxcj/ext/TensorKitChainRulesCoreExt/factorizations.jl:254
[ Info: LBFGS: iter   30, time 1819.35 s: f = -2.121695382614, ‖∇f‖ = 1.0228e-03, α = 1.00e+00, m = 8, nfg = 1
[ Info: CTMRG init:	obj = +4.101366765024e+00	err = 1.0000e+00
[ Info: CTMRG conv 15:	obj = +4.101367170736e+00	err = 6.2092255118e-10	time = 10.87 sec
┌ Warning: `svd` cotangents sensitive to gauge choice: (|Δgauge| = 0.3908679797957886)
└ @ TensorKitChainRulesCoreExt ~/.julia/packages/TensorKit/esxcj/ext/TensorKitChainRulesCoreExt/factorizations.jl:254
┌ Warning: `svd` cotangents sensitive to gauge choice: (|Δgauge| = 8.802701259852174e-9)
└ @ TensorKitChainRulesCoreExt ~/.julia/packages/TensorKit/esxcj/ext/TensorKitChainRulesCoreExt/factorizations.jl:254
┌ Warning: `svd` cotangents sensitive to gauge choice: (|Δgauge| = 0.39086798863887695)
└ @ TensorKitChainRulesCoreExt ~/.julia/packages/TensorKit/esxcj/ext/TensorKitChainRulesCoreExt/factorizations.jl:254
[ Info: LBFGS: iter   31, time 1836.18 s: f = -2.121696198520, ‖∇f‖ = 5.0947e-04, α = 1.00e+00, m = 8, nfg = 1
[ Info: CTMRG init:	obj = +4.101003900487e+00	err = 1.0000e+00
[ Info: CTMRG conv 17:	obj = +4.101004201788e+00	err = 2.9491250124e-10	time = 11.76 sec
┌ Warning: `svd` cotangents sensitive to gauge choice: (|Δgauge| = 0.39090265072034674)
└ @ TensorKitChainRulesCoreExt ~/.julia/packages/TensorKit/esxcj/ext/TensorKitChainRulesCoreExt/factorizations.jl:254
┌ Warning: `svd` cotangents sensitive to gauge choice: (|Δgauge| = 1.6661485512863372e-9)
└ @ TensorKitChainRulesCoreExt ~/.julia/packages/TensorKit/esxcj/ext/TensorKitChainRulesCoreExt/factorizations.jl:254
┌ Warning: `svd` cotangents sensitive to gauge choice: (|Δgauge| = 0.3909026524945207)
└ @ TensorKitChainRulesCoreExt ~/.julia/packages/TensorKit/esxcj/ext/TensorKitChainRulesCoreExt/factorizations.jl:254
[ Info: LBFGS: iter   32, time 1853.06 s: f = -2.121696824791, ‖∇f‖ = 2.6961e-04, α = 1.00e+00, m = 8, nfg = 1
[ Info: CTMRG init:	obj = +4.100378091368e+00	err = 1.0000e+00
[ Info: CTMRG conv 16:	obj = +4.100378203726e+00	err = 9.5495501707e-10	time = 11.37 sec
┌ Warning: `svd` cotangents sensitive to gauge choice: (|Δgauge| = 0.39089785842338926)
└ @ TensorKitChainRulesCoreExt ~/.julia/packages/TensorKit/esxcj/ext/TensorKitChainRulesCoreExt/factorizations.jl:254
┌ Warning: `svd` cotangents sensitive to gauge choice: (|Δgauge| = 2.5603514851253994e-9)
└ @ TensorKitChainRulesCoreExt ~/.julia/packages/TensorKit/esxcj/ext/TensorKitChainRulesCoreExt/factorizations.jl:254
┌ Warning: `svd` cotangents sensitive to gauge choice: (|Δgauge| = 0.39089786108401003)
└ @ TensorKitChainRulesCoreExt ~/.julia/packages/TensorKit/esxcj/ext/TensorKitChainRulesCoreExt/factorizations.jl:254
[ Info: LBFGS: iter   33, time 1869.23 s: f = -2.121697089146, ‖∇f‖ = 3.4723e-04, α = 1.00e+00, m = 8, nfg = 1
[ Info: CTMRG init:	obj = +4.098170857770e+00	err = 1.0000e+00
[ Info: CTMRG conv 17:	obj = +4.098172624607e+00	err = 3.9141042568e-10	time = 12.43 sec
┌ Warning: `svd` cotangents sensitive to gauge choice: (|Δgauge| = 0.39133347312849)
└ @ TensorKitChainRulesCoreExt ~/.julia/packages/TensorKit/esxcj/ext/TensorKitChainRulesCoreExt/factorizations.jl:254
┌ Warning: `svd` cotangents sensitive to gauge choice: (|Δgauge| = 5.3324690572868466e-11)
└ @ TensorKitChainRulesCoreExt ~/.julia/packages/TensorKit/esxcj/ext/TensorKitChainRulesCoreExt/factorizations.jl:254
┌ Warning: `svd` cotangents sensitive to gauge choice: (|Δgauge| = 0.3913334732762723)
└ @ TensorKitChainRulesCoreExt ~/.julia/packages/TensorKit/esxcj/ext/TensorKitChainRulesCoreExt/factorizations.jl:254
[ Info: CTMRG init:	obj = +4.099495358125e+00	err = 1.0000e+00
[ Info: CTMRG conv 17:	obj = +4.099495643186e+00	err = 2.1344757429e-10	time = 14.02 sec
┌ Warning: `svd` cotangents sensitive to gauge choice: (|Δgauge| = 0.39107299793314665)
└ @ TensorKitChainRulesCoreExt ~/.julia/packages/TensorKit/esxcj/ext/TensorKitChainRulesCoreExt/factorizations.jl:254
┌ Warning: `svd` cotangents sensitive to gauge choice: (|Δgauge| = 7.811381089054595e-10)
└ @ TensorKitChainRulesCoreExt ~/.julia/packages/TensorKit/esxcj/ext/TensorKitChainRulesCoreExt/factorizations.jl:254
┌ Warning: `svd` cotangents sensitive to gauge choice: (|Δgauge| = 0.39107299880237967)
└ @ TensorKitChainRulesCoreExt ~/.julia/packages/TensorKit/esxcj/ext/TensorKitChainRulesCoreExt/factorizations.jl:254
[ Info: LBFGS: iter   34, time 1905.16 s: f = -2.121697282837, ‖∇f‖ = 5.1651e-04, α = 4.02e-01, m = 8, nfg = 2
[ Info: CTMRG init:	obj = +4.098678738425e+00	err = 1.0000e+00
[ Info: CTMRG conv 16:	obj = +4.098678971124e+00	err = 3.7664921320e-10	time = 12.37 sec
┌ Warning: `svd` cotangents sensitive to gauge choice: (|Δgauge| = 0.39105008888030335)
└ @ TensorKitChainRulesCoreExt ~/.julia/packages/TensorKit/esxcj/ext/TensorKitChainRulesCoreExt/factorizations.jl:254
┌ Warning: `svd` cotangents sensitive to gauge choice: (|Δgauge| = 7.417420410626571e-10)
└ @ TensorKitChainRulesCoreExt ~/.julia/packages/TensorKit/esxcj/ext/TensorKitChainRulesCoreExt/factorizations.jl:254
┌ Warning: `svd` cotangents sensitive to gauge choice: (|Δgauge| = 0.3910500896132878)
└ @ TensorKitChainRulesCoreExt ~/.julia/packages/TensorKit/esxcj/ext/TensorKitChainRulesCoreExt/factorizations.jl:254
[ Info: LBFGS: iter   35, time 1922.66 s: f = -2.121697538933, ‖∇f‖ = 3.0650e-04, α = 1.00e+00, m = 8, nfg = 1
[ Info: CTMRG init:	obj = +4.097746613537e+00	err = 1.0000e+00
[ Info: CTMRG conv 17:	obj = +4.097747041969e+00	err = 2.4817680926e-10	time = 15.38 sec
┌ Warning: `svd` cotangents sensitive to gauge choice: (|Δgauge| = 0.3910286671521472)
└ @ TensorKitChainRulesCoreExt ~/.julia/packages/TensorKit/esxcj/ext/TensorKitChainRulesCoreExt/factorizations.jl:254
┌ Warning: `svd` cotangents sensitive to gauge choice: (|Δgauge| = 5.2686084763405087e-11)
└ @ TensorKitChainRulesCoreExt ~/.julia/packages/TensorKit/esxcj/ext/TensorKitChainRulesCoreExt/factorizations.jl:254
┌ Warning: `svd` cotangents sensitive to gauge choice: (|Δgauge| = 0.3910286670987372)
└ @ TensorKitChainRulesCoreExt ~/.julia/packages/TensorKit/esxcj/ext/TensorKitChainRulesCoreExt/factorizations.jl:254
[ Info: LBFGS: iter   36, time 1943.44 s: f = -2.121697779922, ‖∇f‖ = 1.6671e-04, α = 1.00e+00, m = 8, nfg = 1
[ Info: CTMRG init:	obj = +4.097152035177e+00	err = 1.0000e+00
[ Info: CTMRG conv 17:	obj = +4.097152165490e+00	err = 4.0828366210e-10	time = 15.94 sec
┌ Warning: `svd` cotangents sensitive to gauge choice: (|Δgauge| = 0.39102662914566505)
└ @ TensorKitChainRulesCoreExt ~/.julia/packages/TensorKit/esxcj/ext/TensorKitChainRulesCoreExt/factorizations.jl:254
┌ Warning: `svd` cotangents sensitive to gauge choice: (|Δgauge| = 2.0830914532899596e-10)
└ @ TensorKitChainRulesCoreExt ~/.julia/packages/TensorKit/esxcj/ext/TensorKitChainRulesCoreExt/factorizations.jl:254
┌ Warning: `svd` cotangents sensitive to gauge choice: (|Δgauge| = 0.3910266289624684)
└ @ TensorKitChainRulesCoreExt ~/.julia/packages/TensorKit/esxcj/ext/TensorKitChainRulesCoreExt/factorizations.jl:254
[ Info: LBFGS: iter   37, time 1964.13 s: f = -2.121697932555, ‖∇f‖ = 2.0815e-04, α = 1.00e+00, m = 8, nfg = 1
[ Info: CTMRG init:	obj = +4.095930744667e+00	err = 1.0000e+00
[ Info: CTMRG conv 18:	obj = +4.095930869470e+00	err = 2.9600869016e-10	time = 14.17 sec
┌ Warning: `svd` cotangents sensitive to gauge choice: (|Δgauge| = 0.39104022061901234)
└ @ TensorKitChainRulesCoreExt ~/.julia/packages/TensorKit/esxcj/ext/TensorKitChainRulesCoreExt/factorizations.jl:254
┌ Warning: `svd` cotangents sensitive to gauge choice: (|Δgauge| = 1.477851638407643e-10)
└ @ TensorKitChainRulesCoreExt ~/.julia/packages/TensorKit/esxcj/ext/TensorKitChainRulesCoreExt/factorizations.jl:254
┌ Warning: `svd` cotangents sensitive to gauge choice: (|Δgauge| = 0.39104022045917985)
└ @ TensorKitChainRulesCoreExt ~/.julia/packages/TensorKit/esxcj/ext/TensorKitChainRulesCoreExt/factorizations.jl:254
[ Info: LBFGS: iter   38, time 1985.61 s: f = -2.121698190289, ‖∇f‖ = 3.3347e-04, α = 1.00e+00, m = 8, nfg = 1
[ Info: CTMRG init:	obj = +4.093971756880e+00	err = 1.0000e+00
[ Info: CTMRG conv 18:	obj = +4.093972061701e+00	err = 8.2217111005e-10	time = 14.78 sec
┌ Warning: `svd` cotangents sensitive to gauge choice: (|Δgauge| = 0.3910786907880087)
└ @ TensorKitChainRulesCoreExt ~/.julia/packages/TensorKit/esxcj/ext/TensorKitChainRulesCoreExt/factorizations.jl:254
┌ Warning: `svd` cotangents sensitive to gauge choice: (|Δgauge| = 1.661014937379509e-10)
└ @ TensorKitChainRulesCoreExt ~/.julia/packages/TensorKit/esxcj/ext/TensorKitChainRulesCoreExt/factorizations.jl:254
┌ Warning: `svd` cotangents sensitive to gauge choice: (|Δgauge| = 0.39107869066229434)
└ @ TensorKitChainRulesCoreExt ~/.julia/packages/TensorKit/esxcj/ext/TensorKitChainRulesCoreExt/factorizations.jl:254
[ Info: LBFGS: iter   39, time 2005.30 s: f = -2.121698475510, ‖∇f‖ = 5.1485e-04, α = 1.00e+00, m = 8, nfg = 1
[ Info: CTMRG init:	obj = +4.093366608701e+00	err = 1.0000e+00
[ Info: CTMRG conv 18:	obj = +4.093367032035e+00	err = 4.2480544590e-10	time = 15.71 sec
┌ Warning: `svd` cotangents sensitive to gauge choice: (|Δgauge| = 0.39108026801229134)
└ @ TensorKitChainRulesCoreExt ~/.julia/packages/TensorKit/esxcj/ext/TensorKitChainRulesCoreExt/factorizations.jl:254
┌ Warning: `svd` cotangents sensitive to gauge choice: (|Δgauge| = 1.1382400626252676e-10)
└ @ TensorKitChainRulesCoreExt ~/.julia/packages/TensorKit/esxcj/ext/TensorKitChainRulesCoreExt/factorizations.jl:254
┌ Warning: `svd` cotangents sensitive to gauge choice: (|Δgauge| = 0.39108026785358446)
└ @ TensorKitChainRulesCoreExt ~/.julia/packages/TensorKit/esxcj/ext/TensorKitChainRulesCoreExt/factorizations.jl:254
[ Info: LBFGS: iter   40, time 2026.37 s: f = -2.121698796056, ‖∇f‖ = 2.4502e-04, α = 1.00e+00, m = 8, nfg = 1
[ Info: CTMRG init:	obj = +4.092914938682e+00	err = 1.0000e+00
[ Info: CTMRG conv 17:	obj = +4.092916051388e+00	err = 5.4949404916e-10	time = 14.88 sec
┌ Warning: `svd` cotangents sensitive to gauge choice: (|Δgauge| = 0.391089180674296)
└ @ TensorKitChainRulesCoreExt ~/.julia/packages/TensorKit/esxcj/ext/TensorKitChainRulesCoreExt/factorizations.jl:254
┌ Warning: `svd` cotangents sensitive to gauge choice: (|Δgauge| = 1.9347520966961528e-11)
└ @ TensorKitChainRulesCoreExt ~/.julia/packages/TensorKit/esxcj/ext/TensorKitChainRulesCoreExt/factorizations.jl:254
┌ Warning: `svd` cotangents sensitive to gauge choice: (|Δgauge| = 0.3910891806083901)
└ @ TensorKitChainRulesCoreExt ~/.julia/packages/TensorKit/esxcj/ext/TensorKitChainRulesCoreExt/factorizations.jl:254
[ Info: LBFGS: iter   41, time 2046.96 s: f = -2.121699004567, ‖∇f‖ = 1.4561e-04, α = 1.00e+00, m = 8, nfg = 1
[ Info: CTMRG init:	obj = +4.092594477710e+00	err = 1.0000e+00
[ Info: CTMRG conv 17:	obj = +4.092594705291e+00	err = 3.0431860570e-10	time = 14.17 sec
┌ Warning: `svd` cotangents sensitive to gauge choice: (|Δgauge| = 0.39106904355948857)
└ @ TensorKitChainRulesCoreExt ~/.julia/packages/TensorKit/esxcj/ext/TensorKitChainRulesCoreExt/factorizations.jl:254
┌ Warning: `svd` cotangents sensitive to gauge choice: (|Δgauge| = 1.1272791355664673e-10)
└ @ TensorKitChainRulesCoreExt ~/.julia/packages/TensorKit/esxcj/ext/TensorKitChainRulesCoreExt/factorizations.jl:254
┌ Warning: `svd` cotangents sensitive to gauge choice: (|Δgauge| = 0.3910690434415274)
└ @ TensorKitChainRulesCoreExt ~/.julia/packages/TensorKit/esxcj/ext/TensorKitChainRulesCoreExt/factorizations.jl:254
[ Info: LBFGS: iter   42, time 2066.43 s: f = -2.121699077788, ‖∇f‖ = 1.2246e-04, α = 1.00e+00, m = 8, nfg = 1
[ Info: CTMRG init:	obj = +4.091972635357e+00	err = 1.0000e+00
[ Info: CTMRG conv 17:	obj = +4.091973059022e+00	err = 6.1262919586e-10	time = 15.69 sec
┌ Warning: `svd` cotangents sensitive to gauge choice: (|Δgauge| = 0.3911194607794571)
└ @ TensorKitChainRulesCoreExt ~/.julia/packages/TensorKit/esxcj/ext/TensorKitChainRulesCoreExt/factorizations.jl:254
┌ Warning: `svd` cotangents sensitive to gauge choice: (|Δgauge| = 1.904540597920228e-10)
└ @ TensorKitChainRulesCoreExt ~/.julia/packages/TensorKit/esxcj/ext/TensorKitChainRulesCoreExt/factorizations.jl:254
┌ Warning: `svd` cotangents sensitive to gauge choice: (|Δgauge| = 0.3911194606303603)
└ @ TensorKitChainRulesCoreExt ~/.julia/packages/TensorKit/esxcj/ext/TensorKitChainRulesCoreExt/factorizations.jl:254
[ Info: LBFGS: iter   43, time 2086.96 s: f = -2.121699105546, ‖∇f‖ = 3.5383e-04, α = 1.00e+00, m = 8, nfg = 1
[ Info: CTMRG init:	obj = +4.091924865575e+00	err = 1.0000e+00
[ Info: CTMRG conv 16:	obj = +4.091924932641e+00	err = 6.7299877100e-10	time = 14.28 sec
┌ Warning: `svd` cotangents sensitive to gauge choice: (|Δgauge| = 0.39102265521799906)
└ @ TensorKitChainRulesCoreExt ~/.julia/packages/TensorKit/esxcj/ext/TensorKitChainRulesCoreExt/factorizations.jl:254
┌ Warning: `svd` cotangents sensitive to gauge choice: (|Δgauge| = 7.236691904122424e-10)
└ @ TensorKitChainRulesCoreExt ~/.julia/packages/TensorKit/esxcj/ext/TensorKitChainRulesCoreExt/factorizations.jl:254
┌ Warning: `svd` cotangents sensitive to gauge choice: (|Δgauge| = 0.39102265447302414)
└ @ TensorKitChainRulesCoreExt ~/.julia/packages/TensorKit/esxcj/ext/TensorKitChainRulesCoreExt/factorizations.jl:254
[ Info: LBFGS: iter   44, time 2106.76 s: f = -2.121699178682, ‖∇f‖ = 1.1009e-04, α = 1.00e+00, m = 8, nfg = 1
[ Info: CTMRG init:	obj = +4.091891934463e+00	err = 1.0000e+00
[ Info: CTMRG conv 16:	obj = +4.091891963293e+00	err = 7.1786298599e-10	time = 15.03 sec
┌ Warning: `svd` cotangents sensitive to gauge choice: (|Δgauge| = 0.3910148355402985)
└ @ TensorKitChainRulesCoreExt ~/.julia/packages/TensorKit/esxcj/ext/TensorKitChainRulesCoreExt/factorizations.jl:254
┌ Warning: `svd` cotangents sensitive to gauge choice: (|Δgauge| = 8.733862305102118e-10)
└ @ TensorKitChainRulesCoreExt ~/.julia/packages/TensorKit/esxcj/ext/TensorKitChainRulesCoreExt/factorizations.jl:254
┌ Warning: `svd` cotangents sensitive to gauge choice: (|Δgauge| = 0.39101483463193415)
└ @ TensorKitChainRulesCoreExt ~/.julia/packages/TensorKit/esxcj/ext/TensorKitChainRulesCoreExt/factorizations.jl:254
[ Info: LBFGS: iter   45, time 2126.64 s: f = -2.121699202197, ‖∇f‖ = 1.0339e-04, α = 1.00e+00, m = 8, nfg = 1
[ Info: CTMRG init:	obj = +4.091494498976e+00	err = 1.0000e+00
[ Info: CTMRG conv 18:	obj = +4.091494707807e+00	err = 3.3837563590e-10	time = 15.49 sec
┌ Warning: `svd` cotangents sensitive to gauge choice: (|Δgauge| = 0.39098352187226615)
└ @ TensorKitChainRulesCoreExt ~/.julia/packages/TensorKit/esxcj/ext/TensorKitChainRulesCoreExt/factorizations.jl:254
┌ Warning: `svd` cotangents sensitive to gauge choice: (|Δgauge| = 3.2079067958650845e-10)
└ @ TensorKitChainRulesCoreExt ~/.julia/packages/TensorKit/esxcj/ext/TensorKitChainRulesCoreExt/factorizations.jl:254
┌ Warning: `svd` cotangents sensitive to gauge choice: (|Δgauge| = 0.39098352169070943)
└ @ TensorKitChainRulesCoreExt ~/.julia/packages/TensorKit/esxcj/ext/TensorKitChainRulesCoreExt/factorizations.jl:254
[ Info: LBFGS: iter   46, time 2147.50 s: f = -2.121699301810, ‖∇f‖ = 1.4957e-04, α = 1.00e+00, m = 8, nfg = 1
[ Info: CTMRG init:	obj = +4.090952387876e+00	err = 1.0000e+00
[ Info: CTMRG conv 18:	obj = +4.090952965220e+00	err = 3.7019067374e-10	time = 15.43 sec
┌ Warning: `svd` cotangents sensitive to gauge choice: (|Δgauge| = 0.39102468156256204)
└ @ TensorKitChainRulesCoreExt ~/.julia/packages/TensorKit/esxcj/ext/TensorKitChainRulesCoreExt/factorizations.jl:254
┌ Warning: `svd` cotangents sensitive to gauge choice: (|Δgauge| = 4.360292320940021e-10)
└ @ TensorKitChainRulesCoreExt ~/.julia/packages/TensorKit/esxcj/ext/TensorKitChainRulesCoreExt/factorizations.jl:254
┌ Warning: `svd` cotangents sensitive to gauge choice: (|Δgauge| = 0.3910246810826913)
└ @ TensorKitChainRulesCoreExt ~/.julia/packages/TensorKit/esxcj/ext/TensorKitChainRulesCoreExt/factorizations.jl:254
[ Info: LBFGS: iter   47, time 2167.89 s: f = -2.121699407913, ‖∇f‖ = 2.7119e-04, α = 1.00e+00, m = 8, nfg = 1
[ Info: CTMRG init:	obj = +4.090329160593e+00	err = 1.0000e+00
[ Info: CTMRG conv 18:	obj = +4.090329323111e+00	err = 4.1232666600e-10	time = 16.70 sec
┌ Warning: `svd` cotangents sensitive to gauge choice: (|Δgauge| = 0.39098187741460555)
└ @ TensorKitChainRulesCoreExt ~/.julia/packages/TensorKit/esxcj/ext/TensorKitChainRulesCoreExt/factorizations.jl:254
┌ Warning: `svd` cotangents sensitive to gauge choice: (|Δgauge| = 3.6861544208512387e-10)
└ @ TensorKitChainRulesCoreExt ~/.julia/packages/TensorKit/esxcj/ext/TensorKitChainRulesCoreExt/factorizations.jl:254
┌ Warning: `svd` cotangents sensitive to gauge choice: (|Δgauge| = 0.39098187704032694)
└ @ TensorKitChainRulesCoreExt ~/.julia/packages/TensorKit/esxcj/ext/TensorKitChainRulesCoreExt/factorizations.jl:254
[ Info: LBFGS: iter   48, time 2188.95 s: f = -2.121699534412, ‖∇f‖ = 1.6057e-04, α = 1.00e+00, m = 8, nfg = 1
[ Info: CTMRG init:	obj = +4.090116478501e+00	err = 1.0000e+00
[ Info: CTMRG conv 17:	obj = +4.090116505911e+00	err = 7.9465634320e-10	time = 15.24 sec
┌ Warning: `svd` cotangents sensitive to gauge choice: (|Δgauge| = 0.39099138233791764)
└ @ TensorKitChainRulesCoreExt ~/.julia/packages/TensorKit/esxcj/ext/TensorKitChainRulesCoreExt/factorizations.jl:254
┌ Warning: `svd` cotangents sensitive to gauge choice: (|Δgauge| = 4.089365934453715e-10)
└ @ TensorKitChainRulesCoreExt ~/.julia/packages/TensorKit/esxcj/ext/TensorKitChainRulesCoreExt/factorizations.jl:254
┌ Warning: `svd` cotangents sensitive to gauge choice: (|Δgauge| = 0.39099138204466777)
└ @ TensorKitChainRulesCoreExt ~/.julia/packages/TensorKit/esxcj/ext/TensorKitChainRulesCoreExt/factorizations.jl:254
[ Info: LBFGS: iter   49, time 2209.62 s: f = -2.121699621729, ‖∇f‖ = 1.1283e-04, α = 1.00e+00, m = 8, nfg = 1
[ Info: CTMRG init:	obj = +4.089861873047e+00	err = 1.0000e+00
[ Info: CTMRG conv 18:	obj = +4.089861986353e+00	err = 2.9780339679e-10	time = 17.62 sec
┌ Warning: `svd` cotangents sensitive to gauge choice: (|Δgauge| = 0.3910236546868505)
└ @ TensorKitChainRulesCoreExt ~/.julia/packages/TensorKit/esxcj/ext/TensorKitChainRulesCoreExt/factorizations.jl:254
┌ Warning: `svd` cotangents sensitive to gauge choice: (|Δgauge| = 3.599123342025555e-11)
└ @ TensorKitChainRulesCoreExt ~/.julia/packages/TensorKit/esxcj/ext/TensorKitChainRulesCoreExt/factorizations.jl:254
┌ Warning: `svd` cotangents sensitive to gauge choice: (|Δgauge| = 0.39102365472973166)
└ @ TensorKitChainRulesCoreExt ~/.julia/packages/TensorKit/esxcj/ext/TensorKitChainRulesCoreExt/factorizations.jl:254
[ Info: LBFGS: iter   50, time 2232.24 s: f = -2.121699699332, ‖∇f‖ = 1.6838e-04, α = 1.00e+00, m = 8, nfg = 1
[ Info: CTMRG init:	obj = +4.089948978827e+00	err = 1.0000e+00
[ Info: CTMRG conv 17:	obj = +4.089949065213e+00	err = 6.0691326665e-10	time = 16.72 sec
┌ Warning: `svd` cotangents sensitive to gauge choice: (|Δgauge| = 0.39103219708050724)
└ @ TensorKitChainRulesCoreExt ~/.julia/packages/TensorKit/esxcj/ext/TensorKitChainRulesCoreExt/factorizations.jl:254
┌ Warning: `svd` cotangents sensitive to gauge choice: (|Δgauge| = 5.583245017905186e-10)
└ @ TensorKitChainRulesCoreExt ~/.julia/packages/TensorKit/esxcj/ext/TensorKitChainRulesCoreExt/factorizations.jl:254
┌ Warning: `svd` cotangents sensitive to gauge choice: (|Δgauge| = 0.3910321976657937)
└ @ TensorKitChainRulesCoreExt ~/.julia/packages/TensorKit/esxcj/ext/TensorKitChainRulesCoreExt/factorizations.jl:254
[ Info: LBFGS: iter   51, time 2255.10 s: f = -2.121699742204, ‖∇f‖ = 2.0338e-04, α = 1.00e+00, m = 8, nfg = 1
[ Info: CTMRG init:	obj = +4.090013197229e+00	err = 1.0000e+00
[ Info: CTMRG conv 16:	obj = +4.090013218283e+00	err = 8.2864692998e-10	time = 18.48 sec
┌ Warning: `svd` cotangents sensitive to gauge choice: (|Δgauge| = 0.39102912699064485)
└ @ TensorKitChainRulesCoreExt ~/.julia/packages/TensorKit/esxcj/ext/TensorKitChainRulesCoreExt/factorizations.jl:254
┌ Warning: `svd` cotangents sensitive to gauge choice: (|Δgauge| = 8.918996039907504e-10)
└ @ TensorKitChainRulesCoreExt ~/.julia/packages/TensorKit/esxcj/ext/TensorKitChainRulesCoreExt/factorizations.jl:254
┌ Warning: `svd` cotangents sensitive to gauge choice: (|Δgauge| = 0.39102912790931704)
└ @ TensorKitChainRulesCoreExt ~/.julia/packages/TensorKit/esxcj/ext/TensorKitChainRulesCoreExt/factorizations.jl:254
[ Info: LBFGS: converged after 52 iterations and time 2278.52 s: f = -2.121699785389, ‖∇f‖ = 9.6528e-05
