  Installing known registries into `~/.julia`
       Added `General` registry to ~/.julia/registries
    Updating registry at `~/.julia/registries/General.toml`
   Installed GPUArraysCore ─────────────── v0.2.0
   Installed TaskLocalValues ───────────── v0.1.2
   Installed IrrationalConstants ───────── v0.2.4
   Installed RealDot ───────────────────── v0.1.0
   Installed IRTools ───────────────────── v0.4.14
   Installed JLD2 ──────────────────────── v0.5.12
   Installed OhMyThreads ───────────────── v0.7.0
   Installed BlockTensorKit ────────────── v0.1.6
   Installed DiffRules ─────────────────── v1.15.1
   Installed PtrArrays ─────────────────── v1.3.0
   Installed LRUCache ──────────────────── v1.6.2
   Installed Adapt ─────────────────────── v4.3.0
   Installed TableTraits ───────────────── v1.0.1
   Installed Accessors ─────────────────── v0.1.42
   Installed Preferences ───────────────── v1.4.3
   Installed IntegerMathUtils ──────────── v0.1.2
   Installed LoggingExtras ─────────────── v1.0.3
   Installed DiffResults ───────────────── v1.1.0
   Installed Tables ────────────────────── v1.12.0
   Installed OptimKit ──────────────────── v0.4.0
   Installed SpecialFunctions ──────────── v2.5.0
   Installed HashArrayMappedTries ──────── v0.2.0
   Installed WignerSymbols ─────────────── v2.0.0
   Installed ChunkSplitters ────────────── v3.1.2
   Installed TensorKit ─────────────────── v0.14.5
   Installed RecipesBase ───────────────── v1.3.4
   Installed DataAPI ───────────────────── v1.16.0
   Installed Primes ────────────────────── v0.5.7
   Installed AbstractFFTs ──────────────── v1.5.0
   Installed StaticArrays ──────────────── v1.9.13
   Installed Zygote ────────────────────── v0.7.6
   Installed BlockArrays ───────────────── v1.6.1
   Installed MPSKit ────────────────────── v0.12.6
   Installed NaNMath ───────────────────── v1.1.3
   Installed StaticArraysCore ──────────── v1.4.3
   Installed IteratorInterfaceExtensions ─ v1.0.0
   Installed JLLWrappers ───────────────── v1.7.0
   Installed Richardson ────────────────── v1.4.2
   Installed ConstructionBase ──────────── v1.5.8
   Installed FiniteDifferences ─────────── v0.12.32
   Installed PrecompileTools ───────────── v1.2.1
   Installed StructArrays ──────────────── v0.7.1
   Installed DataValueInterfaces ───────── v1.0.0
   Installed OrderedCollections ────────── v1.8.0
   Installed StableTasks ───────────────── v0.1.7
   Installed RationalRoots ─────────────── v0.2.1
   Installed TensorKitSectors ──────────── v0.1.4
   Installed ScopedValues ──────────────── v1.3.0
   Installed ChainRulesCore ────────────── v1.25.1
   Installed TranscodingStreams ────────── v0.11.3
   Installed VectorInterface ───────────── v0.5.0
   Installed InitialValues ─────────────── v0.3.1
   Installed FillArrays ────────────────── v1.13.0
   Installed ForwardDiff ───────────────── v1.0.1
   Installed Statistics ────────────────── v1.11.1
   Installed ChainRules ────────────────── v1.72.3
   Installed MPSKitModels ──────────────── v0.4.0
   Installed Requires ──────────────────── v1.3.1
   Installed FileIO ────────────────────── v1.17.0
   Installed LogExpFunctions ───────────── v0.3.29
   Installed ZygoteRules ───────────────── v0.2.7
   Installed CommonSubexpressions ──────── v0.3.1
   Installed BangBang ──────────────────── v0.4.4
   Installed StridedViews ──────────────── v0.4.1
   Installed PackageExtensionCompat ────── v1.0.2
   Installed Strided ───────────────────── v2.3.0
   Installed HalfIntegers ──────────────── v1.6.0
   Installed MacroTools ────────────────── v0.5.15
   Installed CompositionsBase ──────────── v0.1.2
   Installed OpenSpecFun_jll ───────────── v0.5.6+0
   Installed Compat ────────────────────── v4.16.0
   Installed InverseFunctions ──────────── v0.1.17
   Installed SparseInverseSubset ───────── v0.1.2
   Installed TensorKitManifolds ────────── v0.7.2
   Installed TupleTools ────────────────── v1.6.0
   Installed PEPSKit ───────────────────── v0.5.0
   Installed TensorOperations ──────────── v5.2.0
   Installed ArrayLayouts ──────────────── v1.11.1
   Installed DocStringExtensions ───────── v0.9.4
   Installed KrylovKit ─────────────────── v0.9.5
    Updating `/var/lib/condor/execute/dir_934821/Project.toml`
  [d360d2e6] + ChainRulesCore v1.25.1
  [033835bb] + JLD2 v0.5.12
  [0b1a1467] + KrylovKit v0.9.5
  [bb1c41ca] + MPSKit v0.12.6
  [ca635005] + MPSKitModels v0.4.0
  [77e91f04] + OptimKit v0.4.0
  [52969e89] + PEPSKit v0.5.0
  [07d1fe3e] + TensorKit v0.14.5
  [409d34a3] + VectorInterface v0.5.0
  [e88e6eb3] + Zygote v0.7.6
  [37e2e46d] ~ LinearAlgebra ⇒ v1.11.0
    Updating `/var/lib/condor/execute/dir_934821/Manifest.toml`
  [621f4979] + AbstractFFTs v1.5.0
  [7d9f7c33] + Accessors v0.1.42
  [79e6a3ab] + Adapt v4.3.0
  [4c555306] + ArrayLayouts v1.11.1
  [198e06fe] + BangBang v0.4.4
  [8e7c35d0] + BlockArrays v1.6.1
  [5f87ffc2] + BlockTensorKit v0.1.6
  [082447d4] + ChainRules v1.72.3
  [d360d2e6] + ChainRulesCore v1.25.1
  [ae650224] + ChunkSplitters v3.1.2
  [bbf7d656] + CommonSubexpressions v0.3.1
  [34da2185] + Compat v4.16.0
  [a33af91c] + CompositionsBase v0.1.2
  [187b0558] + ConstructionBase v1.5.8
  [9a962f9c] + DataAPI v1.16.0
  [e2d170a0] + DataValueInterfaces v1.0.0
  [163ba53b] + DiffResults v1.1.0
  [b552c78f] + DiffRules v1.15.1
  [ffbed154] + DocStringExtensions v0.9.4
  [5789e2e9] + FileIO v1.17.0
  [1a297f60] + FillArrays v1.13.0
  [26cc04aa] + FiniteDifferences v0.12.32
  [f6369f11] + ForwardDiff v1.0.1
  [46192b85] + GPUArraysCore v0.2.0
  [f0d1745a] + HalfIntegers v1.6.0
  [076d061b] + HashArrayMappedTries v0.2.0
  [7869d1d1] + IRTools v0.4.14
  [22cec73e] + InitialValues v0.3.1
  [18e54dd8] + IntegerMathUtils v0.1.2
  [3587e190] + InverseFunctions v0.1.17
  [92d709cd] + IrrationalConstants v0.2.4
  [82899510] + IteratorInterfaceExtensions v1.0.0
  [033835bb] + JLD2 v0.5.12
  [692b3bcd] + JLLWrappers v1.7.0
  [0b1a1467] + KrylovKit v0.9.5
  [8ac3fa9e] + LRUCache v1.6.2
  [2ab3a3ac] + LogExpFunctions v0.3.29
⌅ [e6f89c97] + LoggingExtras v1.0.3
  [bb1c41ca] + MPSKit v0.12.6
  [ca635005] + MPSKitModels v0.4.0
  [1914dd2f] + MacroTools v0.5.15
  [77ba4419] + NaNMath v1.1.3
⌅ [67456a42] + OhMyThreads v0.7.0
  [77e91f04] + OptimKit v0.4.0
  [bac558e1] + OrderedCollections v1.8.0
  [52969e89] + PEPSKit v0.5.0
  [65ce6f38] + PackageExtensionCompat v1.0.2
⌅ [aea7be01] + PrecompileTools v1.2.1
  [21216c6a] + Preferences v1.4.3
  [27ebfcd6] + Primes v0.5.7
  [43287f4e] + PtrArrays v1.3.0
  [308eb6b3] + RationalRoots v0.2.1
  [c1ae055f] + RealDot v0.1.0
  [3cdcf5f2] + RecipesBase v1.3.4
  [ae029012] + Requires v1.3.1
  [708f8203] + Richardson v1.4.2
  [7e506255] + ScopedValues v1.3.0
  [dc90abb0] + SparseInverseSubset v0.1.2
  [276daf66] + SpecialFunctions v2.5.0
  [91464d47] + StableTasks v0.1.7
  [90137ffa] + StaticArrays v1.9.13
  [1e83bf80] + StaticArraysCore v1.4.3
  [10745b16] + Statistics v1.11.1
  [5e0ebb24] + Strided v2.3.0
  [4db3bf67] + StridedViews v0.4.1
  [09ab397b] + StructArrays v0.7.1
  [3783bdb8] + TableTraits v1.0.1
  [bd369af6] + Tables v1.12.0
  [ed4db957] + TaskLocalValues v0.1.2
  [07d1fe3e] + TensorKit v0.14.5
  [11fa318c] + TensorKitManifolds v0.7.2
  [13a9c161] + TensorKitSectors v0.1.4
  [6aa20fa7] + TensorOperations v5.2.0
  [3bb67fe8] + TranscodingStreams v0.11.3
  [9d95972d] + TupleTools v1.6.0
  [409d34a3] + VectorInterface v0.5.0
  [9f57e263] + WignerSymbols v2.0.0
  [e88e6eb3] + Zygote v0.7.6
  [700de1a5] + ZygoteRules v0.2.7
  [efe28fd5] + OpenSpecFun_jll v0.5.6+0
  [0dad84c5] + ArgTools v1.1.2
  [56f22d72] + Artifacts v1.11.0
  [2a0f44e3] + Base64 v1.11.0
  [ade2ca70] + Dates v1.11.0
  [8ba89e20] + Distributed v1.11.0
  [f43a241f] + Downloads v1.6.0
  [7b1f6079] + FileWatching v1.11.0
  [b77e0a4c] + InteractiveUtils v1.11.0
  [b27032c2] + LibCURL v0.6.4
  [76f85450] + LibGit2 v1.11.0
  [8f399da3] + Libdl v1.11.0
  [37e2e46d] + LinearAlgebra v1.11.0
  [56ddb016] + Logging v1.11.0
  [d6f4376e] + Markdown v1.11.0
  [a63ad114] + Mmap v1.11.0
  [ca575930] + NetworkOptions v1.2.0
  [44cfe95a] + Pkg v1.11.0
  [de0858da] + Printf v1.11.0
  [9a3f8284] + Random v1.11.0
  [ea8e919c] + SHA v0.7.0
  [9e88b42a] + Serialization v1.11.0
  [6462fe0b] + Sockets v1.11.0
  [2f01184e] + SparseArrays v1.11.0
  [4607b0f0] + SuiteSparse
  [fa267f1f] + TOML v1.0.3
  [a4e569a6] + Tar v1.10.0
  [cf7118a7] + UUIDs v1.11.0
  [4ec0a83e] + Unicode v1.11.0
  [e66e0078] + CompilerSupportLibraries_jll v1.1.1+0
  [deac9b47] + LibCURL_jll v8.6.0+0
  [e37daf67] + LibGit2_jll v1.7.2+0
  [29816b5a] + LibSSH2_jll v1.11.0+1
  [c8ffd9c3] + MbedTLS_jll v2.28.6+0
  [14a3606d] + MozillaCACerts_jll v2023.12.12
  [4536629a] + OpenBLAS_jll v0.3.27+1
  [05823500] + OpenLibm_jll v0.8.1+2
  [bea87d4a] + SuiteSparse_jll v7.7.0+0
  [83775a58] + Zlib_jll v1.2.13+1
  [8e850b90] + libblastrampoline_jll v5.11.0+0
  [8e850ede] + nghttp2_jll v1.59.0+0
  [3f19e933] + p7zip_jll v17.4.0+2
        Info Packages marked with ⌅ have new versions available but compatibility constraints restrict them from upgrading. To see why use `status --outdated -m`
Precompiling project...
    561.5 ms  ✓ DataValueInterfaces
    624.9 ms  ✓ TaskLocalValues
    591.7 ms  ✓ IntegerMathUtils
    587.6 ms  ✓ RealDot
    651.8 ms  ✓ Richardson
    736.3 ms  ✓ HalfIntegers
    730.5 ms  ✓ StableTasks
    677.7 ms  ✓ LRUCache
    709.3 ms  ✓ InverseFunctions
    764.8 ms  ✓ Statistics
    886.5 ms  ✓ OrderedCollections
    824.7 ms  ✓ VectorInterface
    859.4 ms  ✓ DocStringExtensions
    922.5 ms  ✓ AbstractFFTs
    532.8 ms  ✓ IteratorInterfaceExtensions
    518.8 ms  ✓ DataAPI
    561.8 ms  ✓ PackageExtensionCompat
    557.1 ms  ✓ PtrArrays
    737.1 ms  ✓ ConstructionBase
    588.7 ms  ✓ CompositionsBase
    715.4 ms  ✓ ChunkSplitters
   1456.1 ms  ✓ FillArrays
    859.5 ms  ✓ StaticArraysCore
    838.5 ms  ✓ RationalRoots
    800.7 ms  ✓ HashArrayMappedTries
    846.8 ms  ✓ TupleTools
   1664.3 ms  ✓ IrrationalConstants
    831.2 ms  ✓ TranscodingStreams
    752.9 ms  ✓ NaNMath
    781.4 ms  ✓ Requires
    878.7 ms  ✓ LoggingExtras
    826.0 ms  ✓ SuiteSparse
   1397.0 ms  ✓ InitialValues
    904.3 ms  ✓ Compat
    598.3 ms  ✓ TableTraits
    600.0 ms  ✓ ScopedValues
    638.3 ms  ✓ InverseFunctions → InverseFunctionsDatesExt
    896.4 ms  ✓ LRUCache → SerializationExt
    655.2 ms  ✓ ConstructionBase → ConstructionBaseLinearAlgebraExt
    971.0 ms  ✓ Primes
   1174.0 ms  ✓ Preferences
    657.0 ms  ✓ CompositionsBase → CompositionsBaseInverseFunctionsExt
    926.7 ms  ✓ Statistics → SparseArraysExt
    683.5 ms  ✓ FillArrays → FillArraysStatisticsExt
    677.1 ms  ✓ DiffResults
    742.6 ms  ✓ StridedViews
    640.9 ms  ✓ Adapt
    649.0 ms  ✓ Compat → CompatLinearAlgebraExt
    956.7 ms  ✓ FillArrays → FillArraysSparseArraysExt
    876.1 ms  ✓ SparseInverseSubset
    634.9 ms  ✓ PrecompileTools
    979.0 ms  ✓ LogExpFunctions
    811.9 ms  ✓ JLLWrappers
    613.8 ms  ✓ StridedViews → StridedViewsPtrArraysExt
   1236.6 ms  ✓ Tables
   3120.5 ms  ✓ MacroTools
    762.5 ms  ✓ GPUArraysCore
    882.1 ms  ✓ Adapt → AdaptSparseArraysExt
    948.7 ms  ✓ Strided
    630.6 ms  ✓ LogExpFunctions → LogExpFunctionsInverseFunctionsExt
   2235.3 ms  ✓ KrylovKit
   1925.6 ms  ✓ OptimKit
    864.5 ms  ✓ OpenSpecFun_jll
    732.1 ms  ✓ CommonSubexpressions
   1150.9 ms  ✓ StructArrays
   1887.9 ms  ✓ ChainRulesCore
   2096.1 ms  ✓ RecipesBase
    670.2 ms  ✓ StructArrays → StructArraysAdaptExt
    700.8 ms  ✓ StructArrays → StructArraysLinearAlgebraExt
    743.7 ms  ✓ AbstractFFTs → AbstractFFTsChainRulesCoreExt
    919.7 ms  ✓ StructArrays → StructArraysSparseArraysExt
    910.5 ms  ✓ ChainRulesCore → ChainRulesCoreSparseArraysExt
   3578.7 ms  ✓ WignerSymbols
   1176.3 ms  ✓ ZygoteRules
   2448.1 ms  ✓ IRTools
    878.8 ms  ✓ KrylovKit → KrylovKitChainRulesCoreExt
   2983.4 ms  ✓ Accessors
   2148.4 ms  ✓ LogExpFunctions → LogExpFunctionsChainRulesCoreExt
    764.3 ms  ✓ Accessors → StructArraysExt
    813.7 ms  ✓ Accessors → LinearAlgebraExt
   5385.0 ms  ✓ FileIO
   3879.1 ms  ✓ SpecialFunctions
   1206.5 ms  ✓ BangBang
    963.5 ms  ✓ DiffRules
    774.5 ms  ✓ BangBang → BangBangTablesExt
    788.9 ms  ✓ BangBang → BangBangStructArraysExt
    806.6 ms  ✓ BangBang → BangBangChainRulesCoreExt
   1355.7 ms  ✓ OhMyThreads
   2581.8 ms  ✓ SpecialFunctions → SpecialFunctionsChainRulesCoreExt
   9364.2 ms  ✓ StaticArrays
    947.2 ms  ✓ Adapt → AdaptStaticArraysExt
    949.5 ms  ✓ StaticArrays → StaticArraysStatisticsExt
    969.1 ms  ✓ ConstructionBase → ConstructionBaseStaticArraysExt
    983.4 ms  ✓ StructArrays → StructArraysStaticArraysExt
    996.7 ms  ✓ StaticArrays → StaticArraysChainRulesCoreExt
   1080.2 ms  ✓ BangBang → BangBangStaticArraysExt
   1087.0 ms  ✓ Accessors → StaticArraysExt
   7953.6 ms  ✓ ChainRules
   5096.2 ms  ✓ ForwardDiff
   1637.1 ms  ✓ FiniteDifferences
   1124.4 ms  ✓ ForwardDiff → ForwardDiffStaticArraysExt
  17753.2 ms  ✓ ArrayLayouts
   1052.5 ms  ✓ ArrayLayouts → ArrayLayoutsSparseArraysExt
   2204.0 ms  ✓ BlockArrays
   1016.7 ms  ✓ BlockArrays → BlockArraysAdaptExt
  40652.0 ms  ✓ JLD2
  39842.3 ms  ✓ Zygote
 180249.6 ms  ✓ TensorOperations
   1668.3 ms  ✓ TensorOperations → TensorOperationsChainRulesCoreExt
   7770.3 ms  ✓ TensorKitSectors
   9416.8 ms  ✓ TensorKit
   2340.0 ms  ✓ TensorKitManifolds
   2425.3 ms  ✓ TensorKit → TensorKitFiniteDifferencesExt
   2598.9 ms  ✓ TensorKit → TensorKitChainRulesCoreExt
   3328.8 ms  ✓ BlockTensorKit
  18448.9 ms  ✓ MPSKit
  15607.3 ms  ✓ MPSKitModels
  18413.1 ms  ✓ PEPSKit
  118 dependencies successfully precompiled in 257 seconds. 31 already precompiled.
[ Info: CTMRG init:	obj = -4.876820979646e+00 +4.119001790326e+00im	err = 1.0000e+00
[ Info: CTMRG conv 39:	obj = +4.743566426839e+00	err = 3.1993052340e-10	time = 48.39 sec
[ Info: CTMRG init:	obj = +4.743566426839e+00	err = 1.0000e+00
[ Info: CTMRG conv 4:	obj = +4.743566426839e+00	err = 8.4253457634e-13	time = 1.90 min
┌ Warning: `svd` cotangents sensitive to gauge choice: (|Δgauge| = 0.13454503796797068)
└ @ TensorKitChainRulesCoreExt ~/.julia/packages/TensorKit/esxcj/ext/TensorKitChainRulesCoreExt/factorizations.jl:254
┌ Warning: `svd` cotangents sensitive to gauge choice: (|Δgauge| = 2.8547327290508473e-5)
└ @ TensorKitChainRulesCoreExt ~/.julia/packages/TensorKit/esxcj/ext/TensorKitChainRulesCoreExt/factorizations.jl:254
┌ Warning: `svd` cotangents sensitive to gauge choice: (|Δgauge| = 0.13451649064042304)
└ @ TensorKitChainRulesCoreExt ~/.julia/packages/TensorKit/esxcj/ext/TensorKitChainRulesCoreExt/factorizations.jl:254
[ Info: LBFGS: initializing with f = -1.701134807663, ‖∇f‖ = 1.2627e-01
[ Info: CTMRG init:	obj = +4.727698827661e+00	err = 1.0000e+00
[ Info: CTMRG conv 10:	obj = +4.727713389989e+00	err = 6.8519759875e-10	time = 5.41 sec
┌ Warning: `svd` cotangents sensitive to gauge choice: (|Δgauge| = 0.1383477717920652)
└ @ TensorKitChainRulesCoreExt ~/.julia/packages/TensorKit/esxcj/ext/TensorKitChainRulesCoreExt/factorizations.jl:254
┌ Warning: `svd` cotangents sensitive to gauge choice: (|Δgauge| = 2.6764684444211704e-10)
└ @ TensorKitChainRulesCoreExt ~/.julia/packages/TensorKit/esxcj/ext/TensorKitChainRulesCoreExt/factorizations.jl:254
┌ Warning: `svd` cotangents sensitive to gauge choice: (|Δgauge| = 0.13834777152433628)
└ @ TensorKitChainRulesCoreExt ~/.julia/packages/TensorKit/esxcj/ext/TensorKitChainRulesCoreExt/factorizations.jl:254
[ Info: CTMRG init:	obj = +4.664368494706e+00	err = 1.0000e+00
[ Info: CTMRG conv 11:	obj = +4.664744935336e+00	err = 6.9108115782e-10	time = 4.81 sec
┌ Warning: `svd` cotangents sensitive to gauge choice: (|Δgauge| = 0.15423300650372798)
└ @ TensorKitChainRulesCoreExt ~/.julia/packages/TensorKit/esxcj/ext/TensorKitChainRulesCoreExt/factorizations.jl:254
┌ Warning: `svd` cotangents sensitive to gauge choice: (|Δgauge| = 6.3482241453135e-11)
└ @ TensorKitChainRulesCoreExt ~/.julia/packages/TensorKit/esxcj/ext/TensorKitChainRulesCoreExt/factorizations.jl:254
┌ Warning: `svd` cotangents sensitive to gauge choice: (|Δgauge| = 0.15423300644040122)
└ @ TensorKitChainRulesCoreExt ~/.julia/packages/TensorKit/esxcj/ext/TensorKitChainRulesCoreExt/factorizations.jl:254
[ Info: CTMRG init:	obj = +4.351342455114e+00	err = 1.0000e+00
[ Info: CTMRG conv 13:	obj = +4.362492392770e+00	err = 7.1542426550e-10	time = 5.78 sec
┌ Warning: `svd` cotangents sensitive to gauge choice: (|Δgauge| = 0.2508720654657527)
└ @ TensorKitChainRulesCoreExt ~/.julia/packages/TensorKit/esxcj/ext/TensorKitChainRulesCoreExt/factorizations.jl:254
┌ Warning: `svd` cotangents sensitive to gauge choice: (|Δgauge| = 3.34408029889904e-11)
└ @ TensorKitChainRulesCoreExt ~/.julia/packages/TensorKit/esxcj/ext/TensorKitChainRulesCoreExt/factorizations.jl:254
┌ Warning: `svd` cotangents sensitive to gauge choice: (|Δgauge| = 0.2508720654346648)
└ @ TensorKitChainRulesCoreExt ~/.julia/packages/TensorKit/esxcj/ext/TensorKitChainRulesCoreExt/factorizations.jl:254
[ Info: CTMRG init:	obj = +2.908445112651e+00	err = 1.0000e+00
[ Info: CTMRG conv 32:	obj = +3.471312643625e+00	err = 9.6213540218e-10	time = 14.59 sec
┌ Warning: `svd` cotangents sensitive to gauge choice: (|Δgauge| = 0.9682930638287033)
└ @ TensorKitChainRulesCoreExt ~/.julia/packages/TensorKit/esxcj/ext/TensorKitChainRulesCoreExt/factorizations.jl:254
┌ Warning: `svd` cotangents sensitive to gauge choice: (|Δgauge| = 8.1414175754665e-10)
└ @ TensorKitChainRulesCoreExt ~/.julia/packages/TensorKit/esxcj/ext/TensorKitChainRulesCoreExt/factorizations.jl:254
┌ Warning: `svd` cotangents sensitive to gauge choice: (|Δgauge| = 0.9682930633231546)
└ @ TensorKitChainRulesCoreExt ~/.julia/packages/TensorKit/esxcj/ext/TensorKitChainRulesCoreExt/factorizations.jl:254
[ Info: CTMRG init:	obj = +4.197878810899e+00	err = 1.0000e+00
[ Info: CTMRG conv 14:	obj = +4.221617996857e+00	err = 6.9009533535e-10	time = 6.54 sec
┌ Warning: `svd` cotangents sensitive to gauge choice: (|Δgauge| = 0.31036464117585794)
└ @ TensorKitChainRulesCoreExt ~/.julia/packages/TensorKit/esxcj/ext/TensorKitChainRulesCoreExt/factorizations.jl:254
┌ Warning: `svd` cotangents sensitive to gauge choice: (|Δgauge| = 3.7686904205408615e-11)
└ @ TensorKitChainRulesCoreExt ~/.julia/packages/TensorKit/esxcj/ext/TensorKitChainRulesCoreExt/factorizations.jl:254
┌ Warning: `svd` cotangents sensitive to gauge choice: (|Δgauge| = 0.310364641142712)
└ @ TensorKitChainRulesCoreExt ~/.julia/packages/TensorKit/esxcj/ext/TensorKitChainRulesCoreExt/factorizations.jl:254
[ Info: LBFGS: iter    1, time 1634.12 s: f = -1.741613473174, ‖∇f‖ = 8.5801e-02, α = 3.50e+01, m = 0, nfg = 5
[ Info: CTMRG init:	obj = +3.345595995772e+00	err = 1.0000e+00
[ Info: CTMRG conv 23:	obj = +3.656641439614e+00	err = 7.2378387071e-10	time = 10.72 sec
┌ Warning: `svd` cotangents sensitive to gauge choice: (|Δgauge| = 0.9546550042702979)
└ @ TensorKitChainRulesCoreExt ~/.julia/packages/TensorKit/esxcj/ext/TensorKitChainRulesCoreExt/factorizations.jl:254
┌ Warning: `svd` cotangents sensitive to gauge choice: (|Δgauge| = 2.44167268583594e-10)
└ @ TensorKitChainRulesCoreExt ~/.julia/packages/TensorKit/esxcj/ext/TensorKitChainRulesCoreExt/factorizations.jl:254
┌ Warning: `svd` cotangents sensitive to gauge choice: (|Δgauge| = 0.9546550041174342)
└ @ TensorKitChainRulesCoreExt ~/.julia/packages/TensorKit/esxcj/ext/TensorKitChainRulesCoreExt/factorizations.jl:254
[ Info: CTMRG init:	obj = +4.071672221603e+00	err = 1.0000e+00
[ Info: CTMRG conv 15:	obj = +4.078398809153e+00	err = 3.2464015455e-10	time = 7.51 sec
┌ Warning: `svd` cotangents sensitive to gauge choice: (|Δgauge| = 0.4037191591339324)
└ @ TensorKitChainRulesCoreExt ~/.julia/packages/TensorKit/esxcj/ext/TensorKitChainRulesCoreExt/factorizations.jl:254
┌ Warning: `svd` cotangents sensitive to gauge choice: (|Δgauge| = 6.271917208315823e-11)
└ @ TensorKitChainRulesCoreExt ~/.julia/packages/TensorKit/esxcj/ext/TensorKitChainRulesCoreExt/factorizations.jl:254
┌ Warning: `svd` cotangents sensitive to gauge choice: (|Δgauge| = 0.40371915908216766)
└ @ TensorKitChainRulesCoreExt ~/.julia/packages/TensorKit/esxcj/ext/TensorKitChainRulesCoreExt/factorizations.jl:254
[ Info: LBFGS: iter    2, time 1674.56 s: f = -1.752683150926, ‖∇f‖ = 6.4900e-02, α = 1.66e-01, m = 1, nfg = 2
[ Info: CTMRG init:	obj = +4.076047054616e+00	err = 1.0000e+00
[ Info: CTMRG conv 15:	obj = +4.107391133599e+00	err = 5.0639919086e-10	time = 6.98 sec
┌ Warning: `svd` cotangents sensitive to gauge choice: (|Δgauge| = 0.5721432508110643)
└ @ TensorKitChainRulesCoreExt ~/.julia/packages/TensorKit/esxcj/ext/TensorKitChainRulesCoreExt/factorizations.jl:254
┌ Warning: `svd` cotangents sensitive to gauge choice: (|Δgauge| = 8.148002102227394e-11)
└ @ TensorKitChainRulesCoreExt ~/.julia/packages/TensorKit/esxcj/ext/TensorKitChainRulesCoreExt/factorizations.jl:254
┌ Warning: `svd` cotangents sensitive to gauge choice: (|Δgauge| = 0.5721432507510718)
└ @ TensorKitChainRulesCoreExt ~/.julia/packages/TensorKit/esxcj/ext/TensorKitChainRulesCoreExt/factorizations.jl:254
[ Info: LBFGS: iter    3, time 1692.13 s: f = -1.773407069924, ‖∇f‖ = 1.3273e-01, α = 1.00e+00, m = 2, nfg = 1
[ Info: CTMRG init:	obj = +4.307279801772e+00	err = 1.0000e+00
[ Info: CTMRG conv 14:	obj = +4.420083377713e+00	err = 7.6328716925e-10	time = 6.57 sec
┌ Warning: `svd` cotangents sensitive to gauge choice: (|Δgauge| = 0.7941569687409542)
└ @ TensorKitChainRulesCoreExt ~/.julia/packages/TensorKit/esxcj/ext/TensorKitChainRulesCoreExt/factorizations.jl:254
┌ Warning: `svd` cotangents sensitive to gauge choice: (|Δgauge| = 1.880662986672455e-10)
└ @ TensorKitChainRulesCoreExt ~/.julia/packages/TensorKit/esxcj/ext/TensorKitChainRulesCoreExt/factorizations.jl:254
┌ Warning: `svd` cotangents sensitive to gauge choice: (|Δgauge| = 0.7941569686205121)
└ @ TensorKitChainRulesCoreExt ~/.julia/packages/TensorKit/esxcj/ext/TensorKitChainRulesCoreExt/factorizations.jl:254
[ Info: LBFGS: iter    4, time 1708.55 s: f = -1.823775781347, ‖∇f‖ = 3.0095e-01, α = 1.00e+00, m = 3, nfg = 1
[ Info: CTMRG init:	obj = +3.575341502301e+00	err = 1.0000e+00
┌ Warning: CTMRG cancel 100:	obj = +6.873450309700e+00	err = 1.9056546662e-05	time = 55.59 sec
└ @ PEPSKit ~/.julia/packages/PEPSKit/P7ER3/src/algorithms/ctmrg/ctmrg.jl:129
┌ Warning: `svd` cotangents sensitive to gauge choice: (|Δgauge| = 0.28146998339095575)
└ @ TensorKitChainRulesCoreExt ~/.julia/packages/TensorKit/esxcj/ext/TensorKitChainRulesCoreExt/factorizations.jl:254
┌ Warning: `svd` cotangents sensitive to gauge choice: (|Δgauge| = 6.312444718226049e-6)
└ @ TensorKitChainRulesCoreExt ~/.julia/packages/TensorKit/esxcj/ext/TensorKitChainRulesCoreExt/factorizations.jl:254
┌ Warning: `svd` cotangents sensitive to gauge choice: (|Δgauge| = 0.28146367094591973)
└ @ TensorKitChainRulesCoreExt ~/.julia/packages/TensorKit/esxcj/ext/TensorKitChainRulesCoreExt/factorizations.jl:254
[ Info: CTMRG init:	obj = +4.844780603293e+00	err = 1.0000e+00
[ Info: CTMRG conv 16:	obj = +5.250496988006e+00	err = 4.5995032330e-10	time = 8.89 sec
┌ Warning: `svd` cotangents sensitive to gauge choice: (|Δgauge| = 0.9434957897558505)
└ @ TensorKitChainRulesCoreExt ~/.julia/packages/TensorKit/esxcj/ext/TensorKitChainRulesCoreExt/factorizations.jl:254
┌ Warning: `svd` cotangents sensitive to gauge choice: (|Δgauge| = 2.176951455062158e-10)
└ @ TensorKitChainRulesCoreExt ~/.julia/packages/TensorKit/esxcj/ext/TensorKitChainRulesCoreExt/factorizations.jl:254
┌ Warning: `svd` cotangents sensitive to gauge choice: (|Δgauge| = 0.943495789537906)
└ @ TensorKitChainRulesCoreExt ~/.julia/packages/TensorKit/esxcj/ext/TensorKitChainRulesCoreExt/factorizations.jl:254
[ Info: CTMRG init:	obj = +4.662874036428e+00	err = 1.0000e+00
[ Info: CTMRG conv 14:	obj = +4.720896499301e+00	err = 2.2220286331e-10	time = 8.50 sec
┌ Warning: `svd` cotangents sensitive to gauge choice: (|Δgauge| = 0.8991076043548182)
└ @ TensorKitChainRulesCoreExt ~/.julia/packages/TensorKit/esxcj/ext/TensorKitChainRulesCoreExt/factorizations.jl:254
┌ Warning: `svd` cotangents sensitive to gauge choice: (|Δgauge| = 1.0794902955463577e-10)
└ @ TensorKitChainRulesCoreExt ~/.julia/packages/TensorKit/esxcj/ext/TensorKitChainRulesCoreExt/factorizations.jl:254
┌ Warning: `svd` cotangents sensitive to gauge choice: (|Δgauge| = 0.8991076042817521)
└ @ TensorKitChainRulesCoreExt ~/.julia/packages/TensorKit/esxcj/ext/TensorKitChainRulesCoreExt/factorizations.jl:254
[ Info: LBFGS: iter    5, time 1840.33 s: f = -1.852428345969, ‖∇f‖ = 4.1724e-01, α = 1.24e-01, m = 3, nfg = 3
[ Info: CTMRG init:	obj = +5.716384511198e+00	err = 1.0000e+00
[ Info: CTMRG conv 13:	obj = +5.795518192955e+00	err = 3.5990821127e-10	time = 7.05 sec
┌ Warning: `svd` cotangents sensitive to gauge choice: (|Δgauge| = 0.7911897818162379)
└ @ TensorKitChainRulesCoreExt ~/.julia/packages/TensorKit/esxcj/ext/TensorKitChainRulesCoreExt/factorizations.jl:254
┌ Warning: `svd` cotangents sensitive to gauge choice: (|Δgauge| = 5.20501460018988e-11)
└ @ TensorKitChainRulesCoreExt ~/.julia/packages/TensorKit/esxcj/ext/TensorKitChainRulesCoreExt/factorizations.jl:254
┌ Warning: `svd` cotangents sensitive to gauge choice: (|Δgauge| = 0.7911897818681134)
└ @ TensorKitChainRulesCoreExt ~/.julia/packages/TensorKit/esxcj/ext/TensorKitChainRulesCoreExt/factorizations.jl:254
[ Info: LBFGS: iter    6, time 1857.04 s: f = -1.919301145334, ‖∇f‖ = 3.0007e-01, α = 1.00e+00, m = 3, nfg = 1
[ Info: CTMRG init:	obj = +6.695209968902e+00	err = 1.0000e+00
[ Info: CTMRG conv 13:	obj = +6.753263786600e+00	err = 5.3104025467e-10	time = 7.88 sec
┌ Warning: `svd` cotangents sensitive to gauge choice: (|Δgauge| = 0.578642995034001)
└ @ TensorKitChainRulesCoreExt ~/.julia/packages/TensorKit/esxcj/ext/TensorKitChainRulesCoreExt/factorizations.jl:254
┌ Warning: `svd` cotangents sensitive to gauge choice: (|Δgauge| = 6.4227586564538675e-12)
└ @ TensorKitChainRulesCoreExt ~/.julia/packages/TensorKit/esxcj/ext/TensorKitChainRulesCoreExt/factorizations.jl:254
┌ Warning: `svd` cotangents sensitive to gauge choice: (|Δgauge| = 0.5786429950408386)
└ @ TensorKitChainRulesCoreExt ~/.julia/packages/TensorKit/esxcj/ext/TensorKitChainRulesCoreExt/factorizations.jl:254
[ Info: LBFGS: iter    7, time 1872.92 s: f = -1.967452650066, ‖∇f‖ = 1.0757e-01, α = 1.00e+00, m = 3, nfg = 1
[ Info: CTMRG init:	obj = +7.189371880212e+00	err = 1.0000e+00
[ Info: CTMRG conv 13:	obj = +7.217982982742e+00	err = 4.0724410619e-10	time = 7.66 sec
┌ Warning: `svd` cotangents sensitive to gauge choice: (|Δgauge| = 0.4611673885109342)
└ @ TensorKitChainRulesCoreExt ~/.julia/packages/TensorKit/esxcj/ext/TensorKitChainRulesCoreExt/factorizations.jl:254
┌ Warning: `svd` cotangents sensitive to gauge choice: (|Δgauge| = 4.9294179869760575e-11)
└ @ TensorKitChainRulesCoreExt ~/.julia/packages/TensorKit/esxcj/ext/TensorKitChainRulesCoreExt/factorizations.jl:254
┌ Warning: `svd` cotangents sensitive to gauge choice: (|Δgauge| = 0.4611673885602029)
└ @ TensorKitChainRulesCoreExt ~/.julia/packages/TensorKit/esxcj/ext/TensorKitChainRulesCoreExt/factorizations.jl:254
[ Info: LBFGS: iter    8, time 1889.20 s: f = -1.980892645462, ‖∇f‖ = 5.5885e-02, α = 1.00e+00, m = 3, nfg = 1
[ Info: CTMRG init:	obj = +7.151681591394e+00	err = 1.0000e+00
[ Info: CTMRG conv 13:	obj = +7.156114200232e+00	err = 2.0543528006e-10	time = 7.82 sec
┌ Warning: `svd` cotangents sensitive to gauge choice: (|Δgauge| = 0.3897671610075969)
└ @ TensorKitChainRulesCoreExt ~/.julia/packages/TensorKit/esxcj/ext/TensorKitChainRulesCoreExt/factorizations.jl:254
┌ Warning: `svd` cotangents sensitive to gauge choice: (|Δgauge| = 9.587955588713886e-12)
└ @ TensorKitChainRulesCoreExt ~/.julia/packages/TensorKit/esxcj/ext/TensorKitChainRulesCoreExt/factorizations.jl:254
┌ Warning: `svd` cotangents sensitive to gauge choice: (|Δgauge| = 0.3897671610173499)
└ @ TensorKitChainRulesCoreExt ~/.julia/packages/TensorKit/esxcj/ext/TensorKitChainRulesCoreExt/factorizations.jl:254
[ Info: LBFGS: iter    9, time 1906.59 s: f = -1.990831776830, ‖∇f‖ = 5.7798e-02, α = 1.00e+00, m = 3, nfg = 1
[ Info: CTMRG init:	obj = +6.560638873945e+00	err = 1.0000e+00
[ Info: CTMRG conv 12:	obj = +6.581352897583e+00	err = 9.6923463436e-10	time = 7.57 sec
┌ Warning: `svd` cotangents sensitive to gauge choice: (|Δgauge| = 0.31710744715234745)
└ @ TensorKitChainRulesCoreExt ~/.julia/packages/TensorKit/esxcj/ext/TensorKitChainRulesCoreExt/factorizations.jl:254
┌ Warning: `svd` cotangents sensitive to gauge choice: (|Δgauge| = 2.3526810744035294e-10)
└ @ TensorKitChainRulesCoreExt ~/.julia/packages/TensorKit/esxcj/ext/TensorKitChainRulesCoreExt/factorizations.jl:254
┌ Warning: `svd` cotangents sensitive to gauge choice: (|Δgauge| = 0.3171074469167907)
└ @ TensorKitChainRulesCoreExt ~/.julia/packages/TensorKit/esxcj/ext/TensorKitChainRulesCoreExt/factorizations.jl:254
[ Info: LBFGS: iter   10, time 1922.40 s: f = -2.003423778155, ‖∇f‖ = 6.9227e-02, α = 1.00e+00, m = 3, nfg = 1
[ Info: CTMRG init:	obj = +5.376765955852e+00	err = 1.0000e+00
[ Info: CTMRG conv 20:	obj = +5.451534011635e+00	err = 3.8990862483e-10	time = 12.27 sec
┌ Warning: `svd` cotangents sensitive to gauge choice: (|Δgauge| = 0.26834295344169456)
└ @ TensorKitChainRulesCoreExt ~/.julia/packages/TensorKit/esxcj/ext/TensorKitChainRulesCoreExt/factorizations.jl:254
┌ Warning: `svd` cotangents sensitive to gauge choice: (|Δgauge| = 4.0935164228563264e-10)
└ @ TensorKitChainRulesCoreExt ~/.julia/packages/TensorKit/esxcj/ext/TensorKitChainRulesCoreExt/factorizations.jl:254
┌ Warning: `svd` cotangents sensitive to gauge choice: (|Δgauge| = 0.26834295305233247)
└ @ TensorKitChainRulesCoreExt ~/.julia/packages/TensorKit/esxcj/ext/TensorKitChainRulesCoreExt/factorizations.jl:254
[ Info: LBFGS: iter   11, time 1946.80 s: f = -2.015797705059, ‖∇f‖ = 1.5317e-01, α = 1.00e+00, m = 3, nfg = 1
[ Info: CTMRG init:	obj = +5.824878446071e+00	err = 1.0000e+00
[ Info: CTMRG conv 15:	obj = +5.842245358504e+00	err = 5.6663180756e-10	time = 9.46 sec
┌ Warning: `svd` cotangents sensitive to gauge choice: (|Δgauge| = 0.3059662798817496)
└ @ TensorKitChainRulesCoreExt ~/.julia/packages/TensorKit/esxcj/ext/TensorKitChainRulesCoreExt/factorizations.jl:254
┌ Warning: `svd` cotangents sensitive to gauge choice: (|Δgauge| = 1.1613919128358796e-9)
└ @ TensorKitChainRulesCoreExt ~/.julia/packages/TensorKit/esxcj/ext/TensorKitChainRulesCoreExt/factorizations.jl:254
┌ Warning: `svd` cotangents sensitive to gauge choice: (|Δgauge| = 0.3059662787202805)
└ @ TensorKitChainRulesCoreExt ~/.julia/packages/TensorKit/esxcj/ext/TensorKitChainRulesCoreExt/factorizations.jl:254
[ Info: LBFGS: iter   12, time 1965.42 s: f = -2.028295480999, ‖∇f‖ = 7.9277e-02, α = 1.00e+00, m = 3, nfg = 1
[ Info: CTMRG init:	obj = +5.647926686997e+00	err = 1.0000e+00
[ Info: CTMRG conv 18:	obj = +5.675978242062e+00	err = 9.1220894792e-10	time = 11.28 sec
┌ Warning: `svd` cotangents sensitive to gauge choice: (|Δgauge| = 0.3668947760725243)
└ @ TensorKitChainRulesCoreExt ~/.julia/packages/TensorKit/esxcj/ext/TensorKitChainRulesCoreExt/factorizations.jl:254
┌ Warning: `svd` cotangents sensitive to gauge choice: (|Δgauge| = 1.0428909508506047e-9)
└ @ TensorKitChainRulesCoreExt ~/.julia/packages/TensorKit/esxcj/ext/TensorKitChainRulesCoreExt/factorizations.jl:254
┌ Warning: `svd` cotangents sensitive to gauge choice: (|Δgauge| = 0.3668947750295658)
└ @ TensorKitChainRulesCoreExt ~/.julia/packages/TensorKit/esxcj/ext/TensorKitChainRulesCoreExt/factorizations.jl:254
[ Info: LBFGS: iter   13, time 1987.05 s: f = -2.050063467384, ‖∇f‖ = 1.0810e-01, α = 1.00e+00, m = 3, nfg = 1
[ Info: CTMRG init:	obj = +5.057381120581e+00	err = 1.0000e+00
[ Info: CTMRG conv 18:	obj = +5.851328982490e+00	err = 4.1049846828e-10	time = 11.89 sec
┌ Warning: `svd` cotangents sensitive to gauge choice: (|Δgauge| = 0.43980627188164756)
└ @ TensorKitChainRulesCoreExt ~/.julia/packages/TensorKit/esxcj/ext/TensorKitChainRulesCoreExt/factorizations.jl:254
┌ Warning: `svd` cotangents sensitive to gauge choice: (|Δgauge| = 2.4062362360503727e-11)
└ @ TensorKitChainRulesCoreExt ~/.julia/packages/TensorKit/esxcj/ext/TensorKitChainRulesCoreExt/factorizations.jl:254
┌ Warning: `svd` cotangents sensitive to gauge choice: (|Δgauge| = 0.43980627186194776)
└ @ TensorKitChainRulesCoreExt ~/.julia/packages/TensorKit/esxcj/ext/TensorKitChainRulesCoreExt/factorizations.jl:254
[ Info: LBFGS: iter   14, time 2009.45 s: f = -2.103781561848, ‖∇f‖ = 3.7667e-01, α = 1.00e+00, m = 3, nfg = 1
[ Info: CTMRG init:	obj = +6.630776113683e+00	err = 1.0000e+00
[ Info: CTMRG conv 11:	obj = +6.674300764782e+00	err = 9.7057101498e-10	time = 7.80 sec
┌ Warning: `svd` cotangents sensitive to gauge choice: (|Δgauge| = 0.5573454699471848)
└ @ TensorKitChainRulesCoreExt ~/.julia/packages/TensorKit/esxcj/ext/TensorKitChainRulesCoreExt/factorizations.jl:254
┌ Warning: `svd` cotangents sensitive to gauge choice: (|Δgauge| = 1.3897157103042043e-9)
└ @ TensorKitChainRulesCoreExt ~/.julia/packages/TensorKit/esxcj/ext/TensorKitChainRulesCoreExt/factorizations.jl:254
┌ Warning: `svd` cotangents sensitive to gauge choice: (|Δgauge| = 0.5573454691031765)
└ @ TensorKitChainRulesCoreExt ~/.julia/packages/TensorKit/esxcj/ext/TensorKitChainRulesCoreExt/factorizations.jl:254
[ Info: LBFGS: iter   15, time 2025.87 s: f = -2.144366894555, ‖∇f‖ = 3.5961e-01, α = 1.00e+00, m = 3, nfg = 1
[ Info: CTMRG init:	obj = +6.360751107411e+00	err = 1.0000e+00
[ Info: CTMRG conv 12:	obj = +6.382595740678e+00	err = 4.5161058517e-10	time = 7.66 sec
┌ Warning: `svd` cotangents sensitive to gauge choice: (|Δgauge| = 0.5718440683550927)
└ @ TensorKitChainRulesCoreExt ~/.julia/packages/TensorKit/esxcj/ext/TensorKitChainRulesCoreExt/factorizations.jl:254
┌ Warning: `svd` cotangents sensitive to gauge choice: (|Δgauge| = 3.512473923409103e-11)
└ @ TensorKitChainRulesCoreExt ~/.julia/packages/TensorKit/esxcj/ext/TensorKitChainRulesCoreExt/factorizations.jl:254
┌ Warning: `svd` cotangents sensitive to gauge choice: (|Δgauge| = 0.5718440683390766)
└ @ TensorKitChainRulesCoreExt ~/.julia/packages/TensorKit/esxcj/ext/TensorKitChainRulesCoreExt/factorizations.jl:254
[ Info: LBFGS: iter   16, time 2042.09 s: f = -2.218008701462, ‖∇f‖ = 1.8872e-01, α = 1.00e+00, m = 3, nfg = 1
[ Info: CTMRG init:	obj = +7.284330562535e+00	err = 1.0000e+00
[ Info: CTMRG conv 10:	obj = +7.914618525862e+00	err = 1.0644995303e-10	time = 6.28 sec
┌ Warning: `svd` cotangents sensitive to gauge choice: (|Δgauge| = 0.3742611113778104)
└ @ TensorKitChainRulesCoreExt ~/.julia/packages/TensorKit/esxcj/ext/TensorKitChainRulesCoreExt/factorizations.jl:254
┌ Warning: `svd` cotangents sensitive to gauge choice: (|Δgauge| = 0.3742611113770018)
└ @ TensorKitChainRulesCoreExt ~/.julia/packages/TensorKit/esxcj/ext/TensorKitChainRulesCoreExt/factorizations.jl:254
[ Info: CTMRG init:	obj = +6.798329386943e+00	err = 1.0000e+00
[ Info: CTMRG conv 11:	obj = +6.950730926828e+00	err = 1.8755998088e-10	time = 7.37 sec
┌ Warning: `svd` cotangents sensitive to gauge choice: (|Δgauge| = 0.46383309875566037)
└ @ TensorKitChainRulesCoreExt ~/.julia/packages/TensorKit/esxcj/ext/TensorKitChainRulesCoreExt/factorizations.jl:254
┌ Warning: `svd` cotangents sensitive to gauge choice: (|Δgauge| = 0.46383309875814094)
└ @ TensorKitChainRulesCoreExt ~/.julia/packages/TensorKit/esxcj/ext/TensorKitChainRulesCoreExt/factorizations.jl:254
[ Info: LBFGS: iter   17, time 2073.10 s: f = -2.250246040781, ‖∇f‖ = 1.7576e-01, α = 4.27e-01, m = 3, nfg = 2
[ Info: CTMRG init:	obj = +7.043142080309e+00	err = 1.0000e+00
[ Info: CTMRG conv 11:	obj = +7.070511002315e+00	err = 1.2674258305e-10	time = 7.47 sec
┌ Warning: `svd` cotangents sensitive to gauge choice: (|Δgauge| = 0.47104115367269045)
└ @ TensorKitChainRulesCoreExt ~/.julia/packages/TensorKit/esxcj/ext/TensorKitChainRulesCoreExt/factorizations.jl:254
┌ Warning: `svd` cotangents sensitive to gauge choice: (|Δgauge| = 0.4710411536715822)
└ @ TensorKitChainRulesCoreExt ~/.julia/packages/TensorKit/esxcj/ext/TensorKitChainRulesCoreExt/factorizations.jl:254
[ Info: LBFGS: iter   18, time 2089.37 s: f = -2.280795741910, ‖∇f‖ = 5.8828e-02, α = 1.00e+00, m = 3, nfg = 1
[ Info: CTMRG init:	obj = +7.272147348910e+00	err = 1.0000e+00
[ Info: CTMRG conv 10:	obj = +7.276467776361e+00	err = 1.9926610244e-10	time = 7.09 sec
┌ Warning: `svd` cotangents sensitive to gauge choice: (|Δgauge| = 0.4523739147404876)
└ @ TensorKitChainRulesCoreExt ~/.julia/packages/TensorKit/esxcj/ext/TensorKitChainRulesCoreExt/factorizations.jl:254
┌ Warning: `svd` cotangents sensitive to gauge choice: (|Δgauge| = 1.1429855156767475e-11)
└ @ TensorKitChainRulesCoreExt ~/.julia/packages/TensorKit/esxcj/ext/TensorKitChainRulesCoreExt/factorizations.jl:254
┌ Warning: `svd` cotangents sensitive to gauge choice: (|Δgauge| = 0.45237391474535327)
└ @ TensorKitChainRulesCoreExt ~/.julia/packages/TensorKit/esxcj/ext/TensorKitChainRulesCoreExt/factorizations.jl:254
[ Info: LBFGS: iter   19, time 2104.26 s: f = -2.288798970917, ‖∇f‖ = 3.7206e-02, α = 1.00e+00, m = 3, nfg = 1
[ Info: CTMRG init:	obj = +7.548976397347e+00	err = 1.0000e+00
[ Info: CTMRG conv 9:	obj = +7.550713370290e+00	err = 4.1636782506e-10	time = 6.04 sec
┌ Warning: `svd` cotangents sensitive to gauge choice: (|Δgauge| = 0.4343872551535483)
└ @ TensorKitChainRulesCoreExt ~/.julia/packages/TensorKit/esxcj/ext/TensorKitChainRulesCoreExt/factorizations.jl:254
┌ Warning: `svd` cotangents sensitive to gauge choice: (|Δgauge| = 1.8506173783669775e-11)
└ @ TensorKitChainRulesCoreExt ~/.julia/packages/TensorKit/esxcj/ext/TensorKitChainRulesCoreExt/factorizations.jl:254
┌ Warning: `svd` cotangents sensitive to gauge choice: (|Δgauge| = 0.4343872551613605)
└ @ TensorKitChainRulesCoreExt ~/.julia/packages/TensorKit/esxcj/ext/TensorKitChainRulesCoreExt/factorizations.jl:254
[ Info: LBFGS: iter   20, time 2116.87 s: f = -2.294257532868, ‖∇f‖ = 2.3292e-02, α = 1.00e+00, m = 3, nfg = 1
[ Info: CTMRG init:	obj = +7.894510827274e+00	err = 1.0000e+00
[ Info: CTMRG conv 9:	obj = +7.897187630515e+00	err = 3.0142081814e-10	time = 6.41 sec
┌ Warning: `svd` cotangents sensitive to gauge choice: (|Δgauge| = 0.3928051947898662)
└ @ TensorKitChainRulesCoreExt ~/.julia/packages/TensorKit/esxcj/ext/TensorKitChainRulesCoreExt/factorizations.jl:254
┌ Warning: `svd` cotangents sensitive to gauge choice: (|Δgauge| = 1.6074963097890355e-11)
└ @ TensorKitChainRulesCoreExt ~/.julia/packages/TensorKit/esxcj/ext/TensorKitChainRulesCoreExt/factorizations.jl:254
┌ Warning: `svd` cotangents sensitive to gauge choice: (|Δgauge| = 0.3928051947830311)
└ @ TensorKitChainRulesCoreExt ~/.julia/packages/TensorKit/esxcj/ext/TensorKitChainRulesCoreExt/factorizations.jl:254
[ Info: LBFGS: iter   21, time 2131.19 s: f = -2.294879003214, ‖∇f‖ = 5.3661e-02, α = 1.00e+00, m = 3, nfg = 1
[ Info: CTMRG init:	obj = +7.939073929180e+00	err = 1.0000e+00
[ Info: CTMRG conv 8:	obj = +7.939193542176e+00	err = 3.4231094642e-10	time = 5.12 sec
┌ Warning: `svd` cotangents sensitive to gauge choice: (|Δgauge| = 0.4020126986210109)
└ @ TensorKitChainRulesCoreExt ~/.julia/packages/TensorKit/esxcj/ext/TensorKitChainRulesCoreExt/factorizations.jl:254
┌ Warning: `svd` cotangents sensitive to gauge choice: (|Δgauge| = 4.546973271973099e-11)
└ @ TensorKitChainRulesCoreExt ~/.julia/packages/TensorKit/esxcj/ext/TensorKitChainRulesCoreExt/factorizations.jl:254
┌ Warning: `svd` cotangents sensitive to gauge choice: (|Δgauge| = 0.4020126986117081)
└ @ TensorKitChainRulesCoreExt ~/.julia/packages/TensorKit/esxcj/ext/TensorKitChainRulesCoreExt/factorizations.jl:254
[ Info: LBFGS: iter   22, time 2143.03 s: f = -2.297660970700, ‖∇f‖ = 9.7113e-03, α = 1.00e+00, m = 3, nfg = 1
[ Info: CTMRG init:	obj = +8.005621223577e+00	err = 1.0000e+00
[ Info: CTMRG conv 7:	obj = +8.005674516777e+00	err = 9.8983283076e-10	time = 5.23 sec
┌ Warning: `svd` cotangents sensitive to gauge choice: (|Δgauge| = 0.3996574706417762)
└ @ TensorKitChainRulesCoreExt ~/.julia/packages/TensorKit/esxcj/ext/TensorKitChainRulesCoreExt/factorizations.jl:254
┌ Warning: `svd` cotangents sensitive to gauge choice: (|Δgauge| = 5.18500697695411e-10)
└ @ TensorKitChainRulesCoreExt ~/.julia/packages/TensorKit/esxcj/ext/TensorKitChainRulesCoreExt/factorizations.jl:254
┌ Warning: `svd` cotangents sensitive to gauge choice: (|Δgauge| = 0.39965747060223433)
└ @ TensorKitChainRulesCoreExt ~/.julia/packages/TensorKit/esxcj/ext/TensorKitChainRulesCoreExt/factorizations.jl:254
[ Info: LBFGS: iter   23, time 2154.81 s: f = -2.297911381150, ‖∇f‖ = 4.7461e-03, α = 1.00e+00, m = 3, nfg = 1
[ Info: CTMRG init:	obj = +8.082183524069e+00	err = 1.0000e+00
[ Info: CTMRG conv 8:	obj = +8.082267461329e+00	err = 1.4946650420e-10	time = 5.45 sec
┌ Warning: `svd` cotangents sensitive to gauge choice: (|Δgauge| = 0.3954604166990316)
└ @ TensorKitChainRulesCoreExt ~/.julia/packages/TensorKit/esxcj/ext/TensorKitChainRulesCoreExt/factorizations.jl:254
┌ Warning: `svd` cotangents sensitive to gauge choice: (|Δgauge| = 2.0637010359219814e-11)
└ @ TensorKitChainRulesCoreExt ~/.julia/packages/TensorKit/esxcj/ext/TensorKitChainRulesCoreExt/factorizations.jl:254
┌ Warning: `svd` cotangents sensitive to gauge choice: (|Δgauge| = 0.3954604167130408)
└ @ TensorKitChainRulesCoreExt ~/.julia/packages/TensorKit/esxcj/ext/TensorKitChainRulesCoreExt/factorizations.jl:254
[ Info: LBFGS: iter   24, time 2167.83 s: f = -2.298084189003, ‖∇f‖ = 5.6464e-03, α = 1.00e+00, m = 3, nfg = 1
[ Info: CTMRG init:	obj = +8.193730402419e+00	err = 1.0000e+00
[ Info: CTMRG conv 8:	obj = +8.194235288687e+00	err = 1.1095583782e-10	time = 5.74 sec
┌ Warning: `svd` cotangents sensitive to gauge choice: (|Δgauge| = 0.38769484678663646)
└ @ TensorKitChainRulesCoreExt ~/.julia/packages/TensorKit/esxcj/ext/TensorKitChainRulesCoreExt/factorizations.jl:254
┌ Warning: `svd` cotangents sensitive to gauge choice: (|Δgauge| = 1.5960966008405077e-11)
└ @ TensorKitChainRulesCoreExt ~/.julia/packages/TensorKit/esxcj/ext/TensorKitChainRulesCoreExt/factorizations.jl:254
┌ Warning: `svd` cotangents sensitive to gauge choice: (|Δgauge| = 0.38769484678055444)
└ @ TensorKitChainRulesCoreExt ~/.julia/packages/TensorKit/esxcj/ext/TensorKitChainRulesCoreExt/factorizations.jl:254
[ Info: LBFGS: iter   25, time 2181.08 s: f = -2.298261671879, ‖∇f‖ = 1.5206e-02, α = 1.00e+00, m = 3, nfg = 1
[ Info: CTMRG init:	obj = +8.239930242481e+00	err = 1.0000e+00
[ Info: CTMRG conv 8:	obj = +8.240090335694e+00	err = 1.8600055504e-10	time = 5.42 sec
┌ Warning: `svd` cotangents sensitive to gauge choice: (|Δgauge| = 0.38565408191653916)
└ @ TensorKitChainRulesCoreExt ~/.julia/packages/TensorKit/esxcj/ext/TensorKitChainRulesCoreExt/factorizations.jl:254
┌ Warning: `svd` cotangents sensitive to gauge choice: (|Δgauge| = 1.1007600943888774e-11)
└ @ TensorKitChainRulesCoreExt ~/.julia/packages/TensorKit/esxcj/ext/TensorKitChainRulesCoreExt/factorizations.jl:254
┌ Warning: `svd` cotangents sensitive to gauge choice: (|Δgauge| = 0.38565408189908756)
└ @ TensorKitChainRulesCoreExt ~/.julia/packages/TensorKit/esxcj/ext/TensorKitChainRulesCoreExt/factorizations.jl:254
[ Info: LBFGS: iter   26, time 2193.36 s: f = -2.298563837370, ‖∇f‖ = 7.8396e-03, α = 1.00e+00, m = 3, nfg = 1
[ Info: CTMRG init:	obj = +8.297580085617e+00	err = 1.0000e+00
[ Info: CTMRG conv 8:	obj = +8.297939211107e+00	err = 1.8150376338e-10	time = 5.70 sec
┌ Warning: `svd` cotangents sensitive to gauge choice: (|Δgauge| = 0.383505629340816)
└ @ TensorKitChainRulesCoreExt ~/.julia/packages/TensorKit/esxcj/ext/TensorKitChainRulesCoreExt/factorizations.jl:254
┌ Warning: `svd` cotangents sensitive to gauge choice: (|Δgauge| = 5.187602927485454e-12)
└ @ TensorKitChainRulesCoreExt ~/.julia/packages/TensorKit/esxcj/ext/TensorKitChainRulesCoreExt/factorizations.jl:254
┌ Warning: `svd` cotangents sensitive to gauge choice: (|Δgauge| = 0.3835056293267247)
└ @ TensorKitChainRulesCoreExt ~/.julia/packages/TensorKit/esxcj/ext/TensorKitChainRulesCoreExt/factorizations.jl:254
[ Info: LBFGS: iter   27, time 2206.72 s: f = -2.298984390922, ‖∇f‖ = 5.2720e-03, α = 1.00e+00, m = 3, nfg = 1
[ Info: CTMRG init:	obj = +8.319058353829e+00	err = 1.0000e+00
[ Info: CTMRG conv 8:	obj = +8.319360170232e+00	err = 2.2418587019e-10	time = 5.58 sec
┌ Warning: `svd` cotangents sensitive to gauge choice: (|Δgauge| = 0.38429264083333003)
└ @ TensorKitChainRulesCoreExt ~/.julia/packages/TensorKit/esxcj/ext/TensorKitChainRulesCoreExt/factorizations.jl:254
┌ Warning: `svd` cotangents sensitive to gauge choice: (|Δgauge| = 1.957046195047478e-12)
└ @ TensorKitChainRulesCoreExt ~/.julia/packages/TensorKit/esxcj/ext/TensorKitChainRulesCoreExt/factorizations.jl:254
┌ Warning: `svd` cotangents sensitive to gauge choice: (|Δgauge| = 0.3842926408443952)
└ @ TensorKitChainRulesCoreExt ~/.julia/packages/TensorKit/esxcj/ext/TensorKitChainRulesCoreExt/factorizations.jl:254
[ Info: LBFGS: iter   28, time 2220.16 s: f = -2.299244139697, ‖∇f‖ = 7.6561e-03, α = 1.00e+00, m = 3, nfg = 1
[ Info: CTMRG init:	obj = +8.207533042567e+00	err = 1.0000e+00
[ Info: CTMRG conv 8:	obj = +8.207803234949e+00	err = 2.1650524761e-10	time = 5.74 sec
┌ Warning: `svd` cotangents sensitive to gauge choice: (|Δgauge| = 0.39354184415896193)
└ @ TensorKitChainRulesCoreExt ~/.julia/packages/TensorKit/esxcj/ext/TensorKitChainRulesCoreExt/factorizations.jl:254
┌ Warning: `svd` cotangents sensitive to gauge choice: (|Δgauge| = 3.0901493455186963e-12)
└ @ TensorKitChainRulesCoreExt ~/.julia/packages/TensorKit/esxcj/ext/TensorKitChainRulesCoreExt/factorizations.jl:254
┌ Warning: `svd` cotangents sensitive to gauge choice: (|Δgauge| = 0.39354184415869475)
└ @ TensorKitChainRulesCoreExt ~/.julia/packages/TensorKit/esxcj/ext/TensorKitChainRulesCoreExt/factorizations.jl:254
[ Info: LBFGS: iter   29, time 2233.59 s: f = -2.299440250034, ‖∇f‖ = 2.1184e-02, α = 1.00e+00, m = 3, nfg = 1
[ Info: CTMRG init:	obj = +8.169648064852e+00	err = 1.0000e+00
[ Info: CTMRG conv 8:	obj = +8.169790362083e+00	err = 1.7708948877e-10	time = 6.13 sec
┌ Warning: `svd` cotangents sensitive to gauge choice: (|Δgauge| = 0.396726370597349)
└ @ TensorKitChainRulesCoreExt ~/.julia/packages/TensorKit/esxcj/ext/TensorKitChainRulesCoreExt/factorizations.jl:254
┌ Warning: `svd` cotangents sensitive to gauge choice: (|Δgauge| = 4.355729856623003e-12)
└ @ TensorKitChainRulesCoreExt ~/.julia/packages/TensorKit/esxcj/ext/TensorKitChainRulesCoreExt/factorizations.jl:254
┌ Warning: `svd` cotangents sensitive to gauge choice: (|Δgauge| = 0.3967263705971226)
└ @ TensorKitChainRulesCoreExt ~/.julia/packages/TensorKit/esxcj/ext/TensorKitChainRulesCoreExt/factorizations.jl:254
[ Info: LBFGS: iter   30, time 2247.36 s: f = -2.299898025705, ‖∇f‖ = 1.1185e-02, α = 1.00e+00, m = 3, nfg = 1
[ Info: CTMRG init:	obj = +8.045283948571e+00	err = 1.0000e+00
[ Info: CTMRG conv 8:	obj = +8.045630864810e+00	err = 1.9837895712e-10	time = 5.86 sec
┌ Warning: `svd` cotangents sensitive to gauge choice: (|Δgauge| = 0.4061770111540547)
└ @ TensorKitChainRulesCoreExt ~/.julia/packages/TensorKit/esxcj/ext/TensorKitChainRulesCoreExt/factorizations.jl:254
┌ Warning: `svd` cotangents sensitive to gauge choice: (|Δgauge| = 1.6204417644803766e-11)
└ @ TensorKitChainRulesCoreExt ~/.julia/packages/TensorKit/esxcj/ext/TensorKitChainRulesCoreExt/factorizations.jl:254
┌ Warning: `svd` cotangents sensitive to gauge choice: (|Δgauge| = 0.4061770111609083)
└ @ TensorKitChainRulesCoreExt ~/.julia/packages/TensorKit/esxcj/ext/TensorKitChainRulesCoreExt/factorizations.jl:254
[ Info: LBFGS: iter   31, time 2260.73 s: f = -2.300140427273, ‖∇f‖ = 2.8678e-03, α = 1.00e+00, m = 3, nfg = 1
[ Info: CTMRG init:	obj = +8.093694542603e+00	err = 1.0000e+00
[ Info: CTMRG conv 7:	obj = +8.093736909896e+00	err = 6.0873770184e-10	time = 5.81 sec
┌ Warning: `svd` cotangents sensitive to gauge choice: (|Δgauge| = 0.4012772415152398)
└ @ TensorKitChainRulesCoreExt ~/.julia/packages/TensorKit/esxcj/ext/TensorKitChainRulesCoreExt/factorizations.jl:254
┌ Warning: `svd` cotangents sensitive to gauge choice: (|Δgauge| = 2.059965401749004e-10)
└ @ TensorKitChainRulesCoreExt ~/.julia/packages/TensorKit/esxcj/ext/TensorKitChainRulesCoreExt/factorizations.jl:254
┌ Warning: `svd` cotangents sensitive to gauge choice: (|Δgauge| = 0.4012772414859296)
└ @ TensorKitChainRulesCoreExt ~/.julia/packages/TensorKit/esxcj/ext/TensorKitChainRulesCoreExt/factorizations.jl:254
[ Info: LBFGS: iter   32, time 2273.65 s: f = -2.300173373831, ‖∇f‖ = 1.6591e-03, α = 1.00e+00, m = 3, nfg = 1
[ Info: CTMRG init:	obj = +8.091527581620e+00	err = 1.0000e+00
[ Info: CTMRG conv 8:	obj = +8.091552862748e+00	err = 1.0676579126e-10	time = 5.82 sec
┌ Warning: `svd` cotangents sensitive to gauge choice: (|Δgauge| = 0.4030329190399314)
└ @ TensorKitChainRulesCoreExt ~/.julia/packages/TensorKit/esxcj/ext/TensorKitChainRulesCoreExt/factorizations.jl:254
┌ Warning: `svd` cotangents sensitive to gauge choice: (|Δgauge| = 1.1110306119515701e-11)
└ @ TensorKitChainRulesCoreExt ~/.julia/packages/TensorKit/esxcj/ext/TensorKitChainRulesCoreExt/factorizations.jl:254
┌ Warning: `svd` cotangents sensitive to gauge choice: (|Δgauge| = 0.403032919058821)
└ @ TensorKitChainRulesCoreExt ~/.julia/packages/TensorKit/esxcj/ext/TensorKitChainRulesCoreExt/factorizations.jl:254
[ Info: LBFGS: iter   33, time 2285.86 s: f = -2.300180865298, ‖∇f‖ = 4.0390e-03, α = 1.00e+00, m = 3, nfg = 1
[ Info: CTMRG init:	obj = +8.089356075174e+00	err = 1.0000e+00
[ Info: CTMRG conv 7:	obj = +8.089361982110e+00	err = 7.9128524171e-10	time = 5.20 sec
┌ Warning: `svd` cotangents sensitive to gauge choice: (|Δgauge| = 0.4031201685271384)
└ @ TensorKitChainRulesCoreExt ~/.julia/packages/TensorKit/esxcj/ext/TensorKitChainRulesCoreExt/factorizations.jl:254
┌ Warning: `svd` cotangents sensitive to gauge choice: (|Δgauge| = 1.9350525576686707e-10)
└ @ TensorKitChainRulesCoreExt ~/.julia/packages/TensorKit/esxcj/ext/TensorKitChainRulesCoreExt/factorizations.jl:254
┌ Warning: `svd` cotangents sensitive to gauge choice: (|Δgauge| = 0.40312016850323773)
└ @ TensorKitChainRulesCoreExt ~/.julia/packages/TensorKit/esxcj/ext/TensorKitChainRulesCoreExt/factorizations.jl:254
[ Info: LBFGS: iter   34, time 2298.30 s: f = -2.300195063406, ‖∇f‖ = 1.8504e-03, α = 1.00e+00, m = 3, nfg = 1
[ Info: CTMRG init:	obj = +8.095591099826e+00	err = 1.0000e+00
[ Info: CTMRG conv 7:	obj = +8.095597930897e+00	err = 5.3506879306e-10	time = 4.96 sec
┌ Warning: `svd` cotangents sensitive to gauge choice: (|Δgauge| = 0.403213229616748)
└ @ TensorKitChainRulesCoreExt ~/.julia/packages/TensorKit/esxcj/ext/TensorKitChainRulesCoreExt/factorizations.jl:254
┌ Warning: `svd` cotangents sensitive to gauge choice: (|Δgauge| = 1.8915032356384795e-10)
└ @ TensorKitChainRulesCoreExt ~/.julia/packages/TensorKit/esxcj/ext/TensorKitChainRulesCoreExt/factorizations.jl:254
┌ Warning: `svd` cotangents sensitive to gauge choice: (|Δgauge| = 0.40321322957543626)
└ @ TensorKitChainRulesCoreExt ~/.julia/packages/TensorKit/esxcj/ext/TensorKitChainRulesCoreExt/factorizations.jl:254
[ Info: LBFGS: iter   35, time 2310.92 s: f = -2.300208123161, ‖∇f‖ = 1.3680e-03, α = 1.00e+00, m = 3, nfg = 1
[ Info: CTMRG init:	obj = +8.107679014404e+00	err = 1.0000e+00
[ Info: CTMRG conv 7:	obj = +8.107687676707e+00	err = 2.2492003979e-10	time = 5.50 sec
┌ Warning: `svd` cotangents sensitive to gauge choice: (|Δgauge| = 0.4036299895422718)
└ @ TensorKitChainRulesCoreExt ~/.julia/packages/TensorKit/esxcj/ext/TensorKitChainRulesCoreExt/factorizations.jl:254
┌ Warning: `svd` cotangents sensitive to gauge choice: (|Δgauge| = 1.7319065190837234e-10)
└ @ TensorKitChainRulesCoreExt ~/.julia/packages/TensorKit/esxcj/ext/TensorKitChainRulesCoreExt/factorizations.jl:254
┌ Warning: `svd` cotangents sensitive to gauge choice: (|Δgauge| = 0.40362998951767987)
└ @ TensorKitChainRulesCoreExt ~/.julia/packages/TensorKit/esxcj/ext/TensorKitChainRulesCoreExt/factorizations.jl:254
[ Info: LBFGS: iter   36, time 2323.22 s: f = -2.300220263508, ‖∇f‖ = 2.1266e-03, α = 1.00e+00, m = 3, nfg = 1
[ Info: CTMRG init:	obj = +8.129016817061e+00	err = 1.0000e+00
[ Info: CTMRG conv 7:	obj = +8.129033930876e+00	err = 2.9395319164e-10	time = 5.17 sec
┌ Warning: `svd` cotangents sensitive to gauge choice: (|Δgauge| = 0.40453562348681016)
└ @ TensorKitChainRulesCoreExt ~/.julia/packages/TensorKit/esxcj/ext/TensorKitChainRulesCoreExt/factorizations.jl:254
┌ Warning: `svd` cotangents sensitive to gauge choice: (|Δgauge| = 1.5071988170342622e-10)
└ @ TensorKitChainRulesCoreExt ~/.julia/packages/TensorKit/esxcj/ext/TensorKitChainRulesCoreExt/factorizations.jl:254
┌ Warning: `svd` cotangents sensitive to gauge choice: (|Δgauge| = 0.40453562346506544)
└ @ TensorKitChainRulesCoreExt ~/.julia/packages/TensorKit/esxcj/ext/TensorKitChainRulesCoreExt/factorizations.jl:254
[ Info: LBFGS: iter   37, time 2335.78 s: f = -2.300239800302, ‖∇f‖ = 2.2064e-03, α = 1.00e+00, m = 3, nfg = 1
[ Info: CTMRG init:	obj = +8.260829205256e+00	err = 1.0000e+00
[ Info: CTMRG conv 8:	obj = +8.261202955462e+00	err = 1.5173544346e-10	time = 6.14 sec
┌ Warning: `svd` cotangents sensitive to gauge choice: (|Δgauge| = 0.40737916528447415)
└ @ TensorKitChainRulesCoreExt ~/.julia/packages/TensorKit/esxcj/ext/TensorKitChainRulesCoreExt/factorizations.jl:254
┌ Warning: `svd` cotangents sensitive to gauge choice: (|Δgauge| = 4.0879932544027986e-12)
└ @ TensorKitChainRulesCoreExt ~/.julia/packages/TensorKit/esxcj/ext/TensorKitChainRulesCoreExt/factorizations.jl:254
┌ Warning: `svd` cotangents sensitive to gauge choice: (|Δgauge| = 0.4073791652818853)
└ @ TensorKitChainRulesCoreExt ~/.julia/packages/TensorKit/esxcj/ext/TensorKitChainRulesCoreExt/factorizations.jl:254
[ Info: CTMRG init:	obj = +8.172241779907e+00	err = 1.0000e+00
[ Info: CTMRG conv 8:	obj = +8.172280366825e+00	err = 5.2833289264e-11	time = 6.23 sec
┌ Warning: `svd` cotangents sensitive to gauge choice: (|Δgauge| = 0.40544551594119665)
└ @ TensorKitChainRulesCoreExt ~/.julia/packages/TensorKit/esxcj/ext/TensorKitChainRulesCoreExt/factorizations.jl:254
┌ Warning: `svd` cotangents sensitive to gauge choice: (|Δgauge| = 6.834077372885146e-12)
└ @ TensorKitChainRulesCoreExt ~/.julia/packages/TensorKit/esxcj/ext/TensorKitChainRulesCoreExt/factorizations.jl:254
┌ Warning: `svd` cotangents sensitive to gauge choice: (|Δgauge| = 0.4054455159549835)
└ @ TensorKitChainRulesCoreExt ~/.julia/packages/TensorKit/esxcj/ext/TensorKitChainRulesCoreExt/factorizations.jl:254
[ Info: LBFGS: iter   38, time 2364.44 s: f = -2.300261089213, ‖∇f‖ = 4.0309e-03, α = 3.19e-01, m = 3, nfg = 2
[ Info: CTMRG init:	obj = +8.231684111437e+00	err = 1.0000e+00
[ Info: CTMRG conv 8:	obj = +8.231778788628e+00	err = 7.8439580697e-11	time = 6.22 sec
┌ Warning: `svd` cotangents sensitive to gauge choice: (|Δgauge| = 0.40705512125102206)
└ @ TensorKitChainRulesCoreExt ~/.julia/packages/TensorKit/esxcj/ext/TensorKitChainRulesCoreExt/factorizations.jl:254
┌ Warning: `svd` cotangents sensitive to gauge choice: (|Δgauge| = 4.857466415121463e-12)
└ @ TensorKitChainRulesCoreExt ~/.julia/packages/TensorKit/esxcj/ext/TensorKitChainRulesCoreExt/factorizations.jl:254
┌ Warning: `svd` cotangents sensitive to gauge choice: (|Δgauge| = 0.4070551212678899)
└ @ TensorKitChainRulesCoreExt ~/.julia/packages/TensorKit/esxcj/ext/TensorKitChainRulesCoreExt/factorizations.jl:254
[ Info: LBFGS: iter   39, time 2378.60 s: f = -2.300308698054, ‖∇f‖ = 2.2487e-03, α = 1.00e+00, m = 3, nfg = 1
[ Info: CTMRG init:	obj = +8.332008696024e+00	err = 1.0000e+00
[ Info: CTMRG conv 8:	obj = +8.332202471015e+00	err = 1.5906865436e-10	time = 6.48 sec
┌ Warning: `svd` cotangents sensitive to gauge choice: (|Δgauge| = 0.40848116766482667)
└ @ TensorKitChainRulesCoreExt ~/.julia/packages/TensorKit/esxcj/ext/TensorKitChainRulesCoreExt/factorizations.jl:254
┌ Warning: `svd` cotangents sensitive to gauge choice: (|Δgauge| = 3.288828071636998e-12)
└ @ TensorKitChainRulesCoreExt ~/.julia/packages/TensorKit/esxcj/ext/TensorKitChainRulesCoreExt/factorizations.jl:254
┌ Warning: `svd` cotangents sensitive to gauge choice: (|Δgauge| = 0.40848116767875886)
└ @ TensorKitChainRulesCoreExt ~/.julia/packages/TensorKit/esxcj/ext/TensorKitChainRulesCoreExt/factorizations.jl:254
[ Info: LBFGS: iter   40, time 2392.69 s: f = -2.300367060687, ‖∇f‖ = 1.9551e-03, α = 1.00e+00, m = 3, nfg = 1
[ Info: CTMRG init:	obj = +8.459378250239e+00	err = 1.0000e+00
[ Info: CTMRG conv 8:	obj = +8.459759957647e+00	err = 8.6988786343e-11	time = 6.37 sec
┌ Warning: `svd` cotangents sensitive to gauge choice: (|Δgauge| = 0.4113402708420798)
└ @ TensorKitChainRulesCoreExt ~/.julia/packages/TensorKit/esxcj/ext/TensorKitChainRulesCoreExt/factorizations.jl:254
┌ Warning: `svd` cotangents sensitive to gauge choice: (|Δgauge| = 1.940577394673729e-12)
└ @ TensorKitChainRulesCoreExt ~/.julia/packages/TensorKit/esxcj/ext/TensorKitChainRulesCoreExt/factorizations.jl:254
┌ Warning: `svd` cotangents sensitive to gauge choice: (|Δgauge| = 0.4113402708617979)
└ @ TensorKitChainRulesCoreExt ~/.julia/packages/TensorKit/esxcj/ext/TensorKitChainRulesCoreExt/factorizations.jl:254
[ Info: LBFGS: iter   41, time 2406.70 s: f = -2.300386164729, ‖∇f‖ = 8.2499e-03, α = 1.00e+00, m = 3, nfg = 1
[ Info: CTMRG init:	obj = +8.500402522628e+00	err = 1.0000e+00
[ Info: CTMRG conv 8:	obj = +8.500470816053e+00	err = 1.1273320884e-10	time = 6.34 sec
┌ Warning: `svd` cotangents sensitive to gauge choice: (|Δgauge| = 0.4107059189065232)
└ @ TensorKitChainRulesCoreExt ~/.julia/packages/TensorKit/esxcj/ext/TensorKitChainRulesCoreExt/factorizations.jl:254
┌ Warning: `svd` cotangents sensitive to gauge choice: (|Δgauge| = 2.0322356562693583e-12)
└ @ TensorKitChainRulesCoreExt ~/.julia/packages/TensorKit/esxcj/ext/TensorKitChainRulesCoreExt/factorizations.jl:254
┌ Warning: `svd` cotangents sensitive to gauge choice: (|Δgauge| = 0.41070591888858055)
└ @ TensorKitChainRulesCoreExt ~/.julia/packages/TensorKit/esxcj/ext/TensorKitChainRulesCoreExt/factorizations.jl:254
[ Info: LBFGS: iter   42, time 2419.69 s: f = -2.300446734929, ‖∇f‖ = 3.1355e-03, α = 1.00e+00, m = 3, nfg = 1
[ Info: CTMRG init:	obj = +8.540303356184e+00	err = 1.0000e+00
[ Info: CTMRG conv 8:	obj = +8.540331702457e+00	err = 7.6048279737e-11	time = 6.72 sec
┌ Warning: `svd` cotangents sensitive to gauge choice: (|Δgauge| = 0.41070494881870856)
└ @ TensorKitChainRulesCoreExt ~/.julia/packages/TensorKit/esxcj/ext/TensorKitChainRulesCoreExt/factorizations.jl:254
┌ Warning: `svd` cotangents sensitive to gauge choice: (|Δgauge| = 1.9956327618428947e-12)
└ @ TensorKitChainRulesCoreExt ~/.julia/packages/TensorKit/esxcj/ext/TensorKitChainRulesCoreExt/factorizations.jl:254
┌ Warning: `svd` cotangents sensitive to gauge choice: (|Δgauge| = 0.4107049488178569)
└ @ TensorKitChainRulesCoreExt ~/.julia/packages/TensorKit/esxcj/ext/TensorKitChainRulesCoreExt/factorizations.jl:254
[ Info: LBFGS: iter   43, time 2433.35 s: f = -2.300472411182, ‖∇f‖ = 1.8051e-03, α = 1.00e+00, m = 3, nfg = 1
[ Info: CTMRG init:	obj = +8.600473388125e+00	err = 1.0000e+00
[ Info: CTMRG conv 8:	obj = +8.600519359595e+00	err = 7.1532755414e-11	time = 6.21 sec
┌ Warning: `svd` cotangents sensitive to gauge choice: (|Δgauge| = 0.41138227499378105)
└ @ TensorKitChainRulesCoreExt ~/.julia/packages/TensorKit/esxcj/ext/TensorKitChainRulesCoreExt/factorizations.jl:254
┌ Warning: `svd` cotangents sensitive to gauge choice: (|Δgauge| = 0.4113822750053342)
└ @ TensorKitChainRulesCoreExt ~/.julia/packages/TensorKit/esxcj/ext/TensorKitChainRulesCoreExt/factorizations.jl:254
[ Info: LBFGS: iter   44, time 2447.52 s: f = -2.300494817846, ‖∇f‖ = 2.0812e-03, α = 1.00e+00, m = 3, nfg = 1
[ Info: CTMRG init:	obj = +8.671478322366e+00	err = 1.0000e+00
[ Info: CTMRG conv 8:	obj = +8.671532896255e+00	err = 5.3206816401e-11	time = 6.15 sec
┌ Warning: `svd` cotangents sensitive to gauge choice: (|Δgauge| = 0.41259770324911993)
└ @ TensorKitChainRulesCoreExt ~/.julia/packages/TensorKit/esxcj/ext/TensorKitChainRulesCoreExt/factorizations.jl:254
┌ Warning: `svd` cotangents sensitive to gauge choice: (|Δgauge| = 0.4125977032694978)
└ @ TensorKitChainRulesCoreExt ~/.julia/packages/TensorKit/esxcj/ext/TensorKitChainRulesCoreExt/factorizations.jl:254
[ Info: LBFGS: iter   45, time 2461.39 s: f = -2.300535804054, ‖∇f‖ = 2.3702e-03, α = 1.00e+00, m = 3, nfg = 1
[ Info: CTMRG init:	obj = +8.901515872532e+00	err = 1.0000e+00
[ Info: CTMRG conv 8:	obj = +8.902069582346e+00	err = 5.7162423260e-11	time = 6.27 sec
┌ Warning: `svd` cotangents sensitive to gauge choice: (|Δgauge| = 0.4199794481822463)
└ @ TensorKitChainRulesCoreExt ~/.julia/packages/TensorKit/esxcj/ext/TensorKitChainRulesCoreExt/factorizations.jl:254
┌ Warning: `svd` cotangents sensitive to gauge choice: (|Δgauge| = 0.4199794482269963)
└ @ TensorKitChainRulesCoreExt ~/.julia/packages/TensorKit/esxcj/ext/TensorKitChainRulesCoreExt/factorizations.jl:254
[ Info: CTMRG init:	obj = +8.742225109463e+00	err = 1.0000e+00
[ Info: CTMRG conv 7:	obj = +8.742276366194e+00	err = 2.6312578575e-10	time = 5.59 sec
┌ Warning: `svd` cotangents sensitive to gauge choice: (|Δgauge| = 0.4148137391599867)
└ @ TensorKitChainRulesCoreExt ~/.julia/packages/TensorKit/esxcj/ext/TensorKitChainRulesCoreExt/factorizations.jl:254
┌ Warning: `svd` cotangents sensitive to gauge choice: (|Δgauge| = 2.4830580579951768e-11)
└ @ TensorKitChainRulesCoreExt ~/.julia/packages/TensorKit/esxcj/ext/TensorKitChainRulesCoreExt/factorizations.jl:254
┌ Warning: `svd` cotangents sensitive to gauge choice: (|Δgauge| = 0.41481373918464537)
└ @ TensorKitChainRulesCoreExt ~/.julia/packages/TensorKit/esxcj/ext/TensorKitChainRulesCoreExt/factorizations.jl:254
[ Info: LBFGS: iter   46, time 2486.18 s: f = -2.300571602473, ‖∇f‖ = 4.5150e-03, α = 2.98e-01, m = 3, nfg = 2
[ Info: CTMRG init:	obj = +8.811355537329e+00	err = 1.0000e+00
[ Info: CTMRG conv 7:	obj = +8.811405655969e+00	err = 1.8817114450e-10	time = 5.93 sec
┌ Warning: `svd` cotangents sensitive to gauge choice: (|Δgauge| = 0.41635412256045723)
└ @ TensorKitChainRulesCoreExt ~/.julia/packages/TensorKit/esxcj/ext/TensorKitChainRulesCoreExt/factorizations.jl:254
┌ Warning: `svd` cotangents sensitive to gauge choice: (|Δgauge| = 2.089641988521815e-11)
└ @ TensorKitChainRulesCoreExt ~/.julia/packages/TensorKit/esxcj/ext/TensorKitChainRulesCoreExt/factorizations.jl:254
┌ Warning: `svd` cotangents sensitive to gauge choice: (|Δgauge| = 0.4163541225547832)
└ @ TensorKitChainRulesCoreExt ~/.julia/packages/TensorKit/esxcj/ext/TensorKitChainRulesCoreExt/factorizations.jl:254
[ Info: LBFGS: iter   47, time 2498.41 s: f = -2.300633910205, ‖∇f‖ = 2.2361e-03, α = 1.00e+00, m = 3, nfg = 1
[ Info: CTMRG init:	obj = +8.845885943829e+00	err = 1.0000e+00
[ Info: CTMRG conv 7:	obj = +8.845913496524e+00	err = 9.0375038278e-10	time = 5.85 sec
┌ Warning: `svd` cotangents sensitive to gauge choice: (|Δgauge| = 0.4174799477365371)
└ @ TensorKitChainRulesCoreExt ~/.julia/packages/TensorKit/esxcj/ext/TensorKitChainRulesCoreExt/factorizations.jl:254
┌ Warning: `svd` cotangents sensitive to gauge choice: (|Δgauge| = 1.6008122406591205e-11)
└ @ TensorKitChainRulesCoreExt ~/.julia/packages/TensorKit/esxcj/ext/TensorKitChainRulesCoreExt/factorizations.jl:254
┌ Warning: `svd` cotangents sensitive to gauge choice: (|Δgauge| = 0.41747994775700936)
└ @ TensorKitChainRulesCoreExt ~/.julia/packages/TensorKit/esxcj/ext/TensorKitChainRulesCoreExt/factorizations.jl:254
[ Info: LBFGS: iter   48, time 2511.93 s: f = -2.300674358384, ‖∇f‖ = 2.0650e-03, α = 1.00e+00, m = 3, nfg = 1
[ Info: CTMRG init:	obj = +8.893424491811e+00	err = 1.0000e+00
[ Info: CTMRG conv 7:	obj = +8.893508501069e+00	err = 2.5158323160e-10	time = 5.88 sec
┌ Warning: `svd` cotangents sensitive to gauge choice: (|Δgauge| = 0.41779360812726696)
└ @ TensorKitChainRulesCoreExt ~/.julia/packages/TensorKit/esxcj/ext/TensorKitChainRulesCoreExt/factorizations.jl:254
┌ Warning: `svd` cotangents sensitive to gauge choice: (|Δgauge| = 1.1374739294220454e-11)
└ @ TensorKitChainRulesCoreExt ~/.julia/packages/TensorKit/esxcj/ext/TensorKitChainRulesCoreExt/factorizations.jl:254
┌ Warning: `svd` cotangents sensitive to gauge choice: (|Δgauge| = 0.41779360811788946)
└ @ TensorKitChainRulesCoreExt ~/.julia/packages/TensorKit/esxcj/ext/TensorKitChainRulesCoreExt/factorizations.jl:254
[ Info: LBFGS: iter   49, time 2525.14 s: f = -2.300698201981, ‖∇f‖ = 4.2686e-03, α = 1.00e+00, m = 3, nfg = 1
[ Info: CTMRG init:	obj = +8.877313444745e+00	err = 1.0000e+00
[ Info: CTMRG conv 8:	obj = +8.877339136497e+00	err = 5.8146058466e-11	time = 6.66 sec
┌ Warning: `svd` cotangents sensitive to gauge choice: (|Δgauge| = 0.41778633834646633)
└ @ TensorKitChainRulesCoreExt ~/.julia/packages/TensorKit/esxcj/ext/TensorKitChainRulesCoreExt/factorizations.jl:254
┌ Warning: `svd` cotangents sensitive to gauge choice: (|Δgauge| = 0.4177863382989892)
└ @ TensorKitChainRulesCoreExt ~/.julia/packages/TensorKit/esxcj/ext/TensorKitChainRulesCoreExt/factorizations.jl:254
[ Info: LBFGS: iter   50, time 2538.82 s: f = -2.300735619284, ‖∇f‖ = 2.0015e-03, α = 1.00e+00, m = 3, nfg = 1
[ Info: CTMRG init:	obj = +8.847125090757e+00	err = 1.0000e+00
[ Info: CTMRG conv 7:	obj = +8.847145136593e+00	err = 8.9056151091e-10	time = 5.60 sec
┌ Warning: `svd` cotangents sensitive to gauge choice: (|Δgauge| = 0.4169091620148264)
└ @ TensorKitChainRulesCoreExt ~/.julia/packages/TensorKit/esxcj/ext/TensorKitChainRulesCoreExt/factorizations.jl:254
┌ Warning: `svd` cotangents sensitive to gauge choice: (|Δgauge| = 5.175500493389805e-12)
└ @ TensorKitChainRulesCoreExt ~/.julia/packages/TensorKit/esxcj/ext/TensorKitChainRulesCoreExt/factorizations.jl:254
┌ Warning: `svd` cotangents sensitive to gauge choice: (|Δgauge| = 0.41690916200870853)
└ @ TensorKitChainRulesCoreExt ~/.julia/packages/TensorKit/esxcj/ext/TensorKitChainRulesCoreExt/factorizations.jl:254
[ Info: LBFGS: iter   51, time 2551.25 s: f = -2.300766723642, ‖∇f‖ = 1.8987e-03, α = 1.00e+00, m = 3, nfg = 1
[ Info: CTMRG init:	obj = +8.837727539953e+00	err = 1.0000e+00
[ Info: CTMRG conv 7:	obj = +8.837735840351e+00	err = 7.5826532843e-11	time = 5.94 sec
┌ Warning: `svd` cotangents sensitive to gauge choice: (|Δgauge| = 0.41602735511272615)
└ @ TensorKitChainRulesCoreExt ~/.julia/packages/TensorKit/esxcj/ext/TensorKitChainRulesCoreExt/factorizations.jl:254
┌ Warning: `svd` cotangents sensitive to gauge choice: (|Δgauge| = 5.556925857652258e-12)
└ @ TensorKitChainRulesCoreExt ~/.julia/packages/TensorKit/esxcj/ext/TensorKitChainRulesCoreExt/factorizations.jl:254
┌ Warning: `svd` cotangents sensitive to gauge choice: (|Δgauge| = 0.41602735516115125)
└ @ TensorKitChainRulesCoreExt ~/.julia/packages/TensorKit/esxcj/ext/TensorKitChainRulesCoreExt/factorizations.jl:254
[ Info: LBFGS: iter   52, time 2563.88 s: f = -2.300785308678, ‖∇f‖ = 1.1264e-03, α = 1.00e+00, m = 3, nfg = 1
[ Info: CTMRG init:	obj = +8.850380906845e+00	err = 1.0000e+00
[ Info: CTMRG conv 7:	obj = +8.850391998877e+00	err = 2.8037303675e-10	time = 5.62 sec
┌ Warning: `svd` cotangents sensitive to gauge choice: (|Δgauge| = 0.41504082389781527)
└ @ TensorKitChainRulesCoreExt ~/.julia/packages/TensorKit/esxcj/ext/TensorKitChainRulesCoreExt/factorizations.jl:254
┌ Warning: `svd` cotangents sensitive to gauge choice: (|Δgauge| = 4.361849157118651e-12)
└ @ TensorKitChainRulesCoreExt ~/.julia/packages/TensorKit/esxcj/ext/TensorKitChainRulesCoreExt/factorizations.jl:254
┌ Warning: `svd` cotangents sensitive to gauge choice: (|Δgauge| = 0.41504082390833363)
└ @ TensorKitChainRulesCoreExt ~/.julia/packages/TensorKit/esxcj/ext/TensorKitChainRulesCoreExt/factorizations.jl:254
[ Info: LBFGS: iter   53, time 2576.34 s: f = -2.300800872301, ‖∇f‖ = 2.7396e-03, α = 1.00e+00, m = 3, nfg = 1
[ Info: CTMRG init:	obj = +8.869938391592e+00	err = 1.0000e+00
[ Info: CTMRG conv 7:	obj = +8.869952592153e+00	err = 5.6460011574e-10	time = 6.26 sec
┌ Warning: `svd` cotangents sensitive to gauge choice: (|Δgauge| = 0.4143571922745195)
└ @ TensorKitChainRulesCoreExt ~/.julia/packages/TensorKit/esxcj/ext/TensorKitChainRulesCoreExt/factorizations.jl:254
┌ Warning: `svd` cotangents sensitive to gauge choice: (|Δgauge| = 4.5360575143113015e-12)
└ @ TensorKitChainRulesCoreExt ~/.julia/packages/TensorKit/esxcj/ext/TensorKitChainRulesCoreExt/factorizations.jl:254
┌ Warning: `svd` cotangents sensitive to gauge choice: (|Δgauge| = 0.41435719225641915)
└ @ TensorKitChainRulesCoreExt ~/.julia/packages/TensorKit/esxcj/ext/TensorKitChainRulesCoreExt/factorizations.jl:254
[ Info: LBFGS: iter   54, time 2589.88 s: f = -2.300822712312, ‖∇f‖ = 1.0548e-03, α = 1.00e+00, m = 3, nfg = 1
[ Info: CTMRG init:	obj = +8.908586460059e+00	err = 1.0000e+00
[ Info: CTMRG conv 8:	obj = +8.908619518085e+00	err = 4.9625831096e-11	time = 6.77 sec
┌ Warning: `svd` cotangents sensitive to gauge choice: (|Δgauge| = 0.4143737759960266)
└ @ TensorKitChainRulesCoreExt ~/.julia/packages/TensorKit/esxcj/ext/TensorKitChainRulesCoreExt/factorizations.jl:254
┌ Warning: `svd` cotangents sensitive to gauge choice: (|Δgauge| = 0.41437377599700587)
└ @ TensorKitChainRulesCoreExt ~/.julia/packages/TensorKit/esxcj/ext/TensorKitChainRulesCoreExt/factorizations.jl:254
[ Info: LBFGS: iter   55, time 2604.60 s: f = -2.300839406195, ‖∇f‖ = 1.3154e-03, α = 1.00e+00, m = 3, nfg = 1
[ Info: CTMRG init:	obj = +8.944597172015e+00	err = 1.0000e+00
[ Info: CTMRG conv 7:	obj = +8.944658419293e+00	err = 2.9373521822e-10	time = 6.13 sec
┌ Warning: `svd` cotangents sensitive to gauge choice: (|Δgauge| = 0.4152714767696246)
└ @ TensorKitChainRulesCoreExt ~/.julia/packages/TensorKit/esxcj/ext/TensorKitChainRulesCoreExt/factorizations.jl:254
┌ Warning: `svd` cotangents sensitive to gauge choice: (|Δgauge| = 4.656422430238246e-12)
└ @ TensorKitChainRulesCoreExt ~/.julia/packages/TensorKit/esxcj/ext/TensorKitChainRulesCoreExt/factorizations.jl:254
┌ Warning: `svd` cotangents sensitive to gauge choice: (|Δgauge| = 0.4152714768075662)
└ @ TensorKitChainRulesCoreExt ~/.julia/packages/TensorKit/esxcj/ext/TensorKitChainRulesCoreExt/factorizations.jl:254
[ Info: LBFGS: iter   56, time 2617.26 s: f = -2.300844170669, ‖∇f‖ = 3.2612e-03, α = 1.00e+00, m = 3, nfg = 1
[ Info: CTMRG init:	obj = +8.955724271949e+00	err = 1.0000e+00
[ Info: CTMRG conv 7:	obj = +8.955733958578e+00	err = 6.9771440496e-10	time = 5.90 sec
┌ Warning: `svd` cotangents sensitive to gauge choice: (|Δgauge| = 0.41528055905821226)
└ @ TensorKitChainRulesCoreExt ~/.julia/packages/TensorKit/esxcj/ext/TensorKitChainRulesCoreExt/factorizations.jl:254
┌ Warning: `svd` cotangents sensitive to gauge choice: (|Δgauge| = 5.484113087786595e-12)
└ @ TensorKitChainRulesCoreExt ~/.julia/packages/TensorKit/esxcj/ext/TensorKitChainRulesCoreExt/factorizations.jl:254
┌ Warning: `svd` cotangents sensitive to gauge choice: (|Δgauge| = 0.41528055915274037)
└ @ TensorKitChainRulesCoreExt ~/.julia/packages/TensorKit/esxcj/ext/TensorKitChainRulesCoreExt/factorizations.jl:254
[ Info: LBFGS: iter   57, time 2629.90 s: f = -2.300855197157, ‖∇f‖ = 1.4401e-03, α = 1.00e+00, m = 3, nfg = 1
[ Info: CTMRG init:	obj = +8.968996181352e+00	err = 1.0000e+00
[ Info: CTMRG conv 7:	obj = +8.969001613499e+00	err = 4.7559445462e-10	time = 6.40 sec
┌ Warning: `svd` cotangents sensitive to gauge choice: (|Δgauge| = 0.41574603991292114)
└ @ TensorKitChainRulesCoreExt ~/.julia/packages/TensorKit/esxcj/ext/TensorKitChainRulesCoreExt/factorizations.jl:254
┌ Warning: `svd` cotangents sensitive to gauge choice: (|Δgauge| = 6.046365182634148e-12)
└ @ TensorKitChainRulesCoreExt ~/.julia/packages/TensorKit/esxcj/ext/TensorKitChainRulesCoreExt/factorizations.jl:254
┌ Warning: `svd` cotangents sensitive to gauge choice: (|Δgauge| = 0.41574603992355924)
└ @ TensorKitChainRulesCoreExt ~/.julia/packages/TensorKit/esxcj/ext/TensorKitChainRulesCoreExt/factorizations.jl:254
[ Info: LBFGS: iter   58, time 2642.26 s: f = -2.300863924126, ‖∇f‖ = 1.1491e-03, α = 1.00e+00, m = 3, nfg = 1
[ Info: CTMRG init:	obj = +9.003584450319e+00	err = 1.0000e+00
[ Info: CTMRG conv 8:	obj = +9.003612690461e+00	err = 1.0205381372e-10	time = 7.42 sec
┌ Warning: `svd` cotangents sensitive to gauge choice: (|Δgauge| = 0.41713178212429697)
└ @ TensorKitChainRulesCoreExt ~/.julia/packages/TensorKit/esxcj/ext/TensorKitChainRulesCoreExt/factorizations.jl:254
┌ Warning: `svd` cotangents sensitive to gauge choice: (|Δgauge| = 0.4171317821160153)
└ @ TensorKitChainRulesCoreExt ~/.julia/packages/TensorKit/esxcj/ext/TensorKitChainRulesCoreExt/factorizations.jl:254
[ Info: LBFGS: iter   59, time 2656.29 s: f = -2.300879270653, ‖∇f‖ = 2.0217e-03, α = 1.00e+00, m = 3, nfg = 1
[ Info: CTMRG init:	obj = +9.051648791569e+00	err = 1.0000e+00
[ Info: CTMRG conv 8:	obj = +9.051705882452e+00	err = 2.7617714615e-10	time = 7.29 sec
┌ Warning: `svd` cotangents sensitive to gauge choice: (|Δgauge| = 0.41955877547010456)
└ @ TensorKitChainRulesCoreExt ~/.julia/packages/TensorKit/esxcj/ext/TensorKitChainRulesCoreExt/factorizations.jl:254
┌ Warning: `svd` cotangents sensitive to gauge choice: (|Δgauge| = 0.41955877553616705)
└ @ TensorKitChainRulesCoreExt ~/.julia/packages/TensorKit/esxcj/ext/TensorKitChainRulesCoreExt/factorizations.jl:254
[ Info: LBFGS: iter   60, time 2671.40 s: f = -2.300903550368, ‖∇f‖ = 2.5761e-03, α = 1.00e+00, m = 3, nfg = 1
[ Info: CTMRG init:	obj = +9.143108341475e+00	err = 1.0000e+00
[ Info: CTMRG conv 8:	obj = +9.143408058069e+00	err = 9.5374181621e-11	time = 6.88 sec
┌ Warning: `svd` cotangents sensitive to gauge choice: (|Δgauge| = 0.4251541389325162)
└ @ TensorKitChainRulesCoreExt ~/.julia/packages/TensorKit/esxcj/ext/TensorKitChainRulesCoreExt/factorizations.jl:254
┌ Warning: `svd` cotangents sensitive to gauge choice: (|Δgauge| = 0.4251541389192666)
└ @ TensorKitChainRulesCoreExt ~/.julia/packages/TensorKit/esxcj/ext/TensorKitChainRulesCoreExt/factorizations.jl:254
[ Info: LBFGS: iter   61, time 2685.43 s: f = -2.300934815955, ‖∇f‖ = 4.9135e-03, α = 1.00e+00, m = 3, nfg = 1
[ Info: CTMRG init:	obj = +9.192361228300e+00	err = 1.0000e+00
[ Info: CTMRG conv 8:	obj = +9.192451736118e+00	err = 1.1605227435e-10	time = 7.51 sec
┌ Warning: `svd` cotangents sensitive to gauge choice: (|Δgauge| = 0.4278048166013245)
└ @ TensorKitChainRulesCoreExt ~/.julia/packages/TensorKit/esxcj/ext/TensorKitChainRulesCoreExt/factorizations.jl:254
┌ Warning: `svd` cotangents sensitive to gauge choice: (|Δgauge| = 0.42780481662582037)
└ @ TensorKitChainRulesCoreExt ~/.julia/packages/TensorKit/esxcj/ext/TensorKitChainRulesCoreExt/factorizations.jl:254
[ Info: LBFGS: iter   62, time 2700.65 s: f = -2.300980972419, ‖∇f‖ = 2.2158e-03, α = 1.00e+00, m = 3, nfg = 1
[ Info: CTMRG init:	obj = +9.214048181401e+00	err = 1.0000e+00
[ Info: CTMRG conv 7:	obj = +9.214074652482e+00	err = 9.8958643196e-10	time = 6.12 sec
┌ Warning: `svd` cotangents sensitive to gauge choice: (|Δgauge| = 0.4291997335112069)
└ @ TensorKitChainRulesCoreExt ~/.julia/packages/TensorKit/esxcj/ext/TensorKitChainRulesCoreExt/factorizations.jl:254
┌ Warning: `svd` cotangents sensitive to gauge choice: (|Δgauge| = 7.529825344535753e-12)
└ @ TensorKitChainRulesCoreExt ~/.julia/packages/TensorKit/esxcj/ext/TensorKitChainRulesCoreExt/factorizations.jl:254
┌ Warning: `svd` cotangents sensitive to gauge choice: (|Δgauge| = 0.42919973355952235)
└ @ TensorKitChainRulesCoreExt ~/.julia/packages/TensorKit/esxcj/ext/TensorKitChainRulesCoreExt/factorizations.jl:254
[ Info: LBFGS: iter   63, time 2713.46 s: f = -2.301023706042, ‖∇f‖ = 2.3161e-03, α = 1.00e+00, m = 3, nfg = 1
[ Info: CTMRG init:	obj = +9.290389283614e+00	err = 1.0000e+00
[ Info: CTMRG conv 8:	obj = +9.290821471673e+00	err = 1.8747151778e-10	time = 7.26 sec
┌ Warning: `svd` cotangents sensitive to gauge choice: (|Δgauge| = 0.43382894061783783)
└ @ TensorKitChainRulesCoreExt ~/.julia/packages/TensorKit/esxcj/ext/TensorKitChainRulesCoreExt/factorizations.jl:254
┌ Warning: `svd` cotangents sensitive to gauge choice: (|Δgauge| = 0.4338289406941735)
└ @ TensorKitChainRulesCoreExt ~/.julia/packages/TensorKit/esxcj/ext/TensorKitChainRulesCoreExt/factorizations.jl:254
[ Info: LBFGS: iter   64, time 2727.80 s: f = -2.301132547842, ‖∇f‖ = 4.6665e-03, α = 1.00e+00, m = 3, nfg = 1
[ Info: CTMRG init:	obj = +9.337034654590e+00	err = 1.0000e+00
[ Info: CTMRG conv 8:	obj = +9.337431376474e+00	err = 9.1302160199e-11	time = 7.21 sec
┌ Warning: `svd` cotangents sensitive to gauge choice: (|Δgauge| = 0.4376552018223035)
└ @ TensorKitChainRulesCoreExt ~/.julia/packages/TensorKit/esxcj/ext/TensorKitChainRulesCoreExt/factorizations.jl:254
┌ Warning: `svd` cotangents sensitive to gauge choice: (|Δgauge| = 0.437655201696316)
└ @ TensorKitChainRulesCoreExt ~/.julia/packages/TensorKit/esxcj/ext/TensorKitChainRulesCoreExt/factorizations.jl:254
[ Info: LBFGS: iter   65, time 2742.12 s: f = -2.301153456631, ‖∇f‖ = 8.6171e-03, α = 1.00e+00, m = 3, nfg = 1
[ Info: CTMRG init:	obj = +9.347247291706e+00	err = 1.0000e+00
[ Info: CTMRG conv 8:	obj = +9.347287096717e+00	err = 9.8778518086e-11	time = 6.96 sec
┌ Warning: `svd` cotangents sensitive to gauge choice: (|Δgauge| = 0.43684807736760184)
└ @ TensorKitChainRulesCoreExt ~/.julia/packages/TensorKit/esxcj/ext/TensorKitChainRulesCoreExt/factorizations.jl:254
┌ Warning: `svd` cotangents sensitive to gauge choice: (|Δgauge| = 0.4368480774605197)
└ @ TensorKitChainRulesCoreExt ~/.julia/packages/TensorKit/esxcj/ext/TensorKitChainRulesCoreExt/factorizations.jl:254
[ Info: LBFGS: iter   66, time 2757.55 s: f = -2.301232495260, ‖∇f‖ = 3.2654e-03, α = 1.00e+00, m = 3, nfg = 1
[ Info: CTMRG init:	obj = +9.358903349666e+00	err = 1.0000e+00
[ Info: CTMRG conv 7:	obj = +9.358912026258e+00	err = 2.7406844411e-10	time = 6.26 sec
┌ Warning: `svd` cotangents sensitive to gauge choice: (|Δgauge| = 0.43538515651220605)
└ @ TensorKitChainRulesCoreExt ~/.julia/packages/TensorKit/esxcj/ext/TensorKitChainRulesCoreExt/factorizations.jl:254
┌ Warning: `svd` cotangents sensitive to gauge choice: (|Δgauge| = 2.3508339120554617e-11)
└ @ TensorKitChainRulesCoreExt ~/.julia/packages/TensorKit/esxcj/ext/TensorKitChainRulesCoreExt/factorizations.jl:254
┌ Warning: `svd` cotangents sensitive to gauge choice: (|Δgauge| = 0.43538515663929034)
└ @ TensorKitChainRulesCoreExt ~/.julia/packages/TensorKit/esxcj/ext/TensorKitChainRulesCoreExt/factorizations.jl:254
[ Info: LBFGS: iter   67, time 2770.98 s: f = -2.301271827183, ‖∇f‖ = 2.0516e-03, α = 1.00e+00, m = 3, nfg = 1
[ Info: CTMRG init:	obj = +9.389710927939e+00	err = 1.0000e+00
[ Info: CTMRG conv 7:	obj = +9.389773692028e+00	err = 2.3694876258e-10	time = 6.39 sec
┌ Warning: `svd` cotangents sensitive to gauge choice: (|Δgauge| = 0.4338715274825839)
└ @ TensorKitChainRulesCoreExt ~/.julia/packages/TensorKit/esxcj/ext/TensorKitChainRulesCoreExt/factorizations.jl:254
┌ Warning: `svd` cotangents sensitive to gauge choice: (|Δgauge| = 3.1147767611353417e-11)
└ @ TensorKitChainRulesCoreExt ~/.julia/packages/TensorKit/esxcj/ext/TensorKitChainRulesCoreExt/factorizations.jl:254
┌ Warning: `svd` cotangents sensitive to gauge choice: (|Δgauge| = 0.43387152748983593)
└ @ TensorKitChainRulesCoreExt ~/.julia/packages/TensorKit/esxcj/ext/TensorKitChainRulesCoreExt/factorizations.jl:254
[ Info: LBFGS: iter   68, time 2784.54 s: f = -2.301313148119, ‖∇f‖ = 2.8870e-03, α = 1.00e+00, m = 3, nfg = 1
[ Info: CTMRG init:	obj = +9.431456175444e+00	err = 1.0000e+00
[ Info: CTMRG conv 7:	obj = +9.431558957343e+00	err = 9.7342027050e-10	time = 6.57 sec
┌ Warning: `svd` cotangents sensitive to gauge choice: (|Δgauge| = 0.43337304695396817)
└ @ TensorKitChainRulesCoreExt ~/.julia/packages/TensorKit/esxcj/ext/TensorKitChainRulesCoreExt/factorizations.jl:254
┌ Warning: `svd` cotangents sensitive to gauge choice: (|Δgauge| = 3.853198954140748e-11)
└ @ TensorKitChainRulesCoreExt ~/.julia/packages/TensorKit/esxcj/ext/TensorKitChainRulesCoreExt/factorizations.jl:254
┌ Warning: `svd` cotangents sensitive to gauge choice: (|Δgauge| = 0.4333730466590282)
└ @ TensorKitChainRulesCoreExt ~/.julia/packages/TensorKit/esxcj/ext/TensorKitChainRulesCoreExt/factorizations.jl:254
[ Info: LBFGS: iter   69, time 2797.65 s: f = -2.301354237840, ‖∇f‖ = 3.1187e-03, α = 1.00e+00, m = 3, nfg = 1
[ Info: CTMRG init:	obj = +9.505191384823e+00	err = 1.0000e+00
[ Info: CTMRG conv 8:	obj = +9.505518603246e+00	err = 2.3433444552e-10	time = 7.33 sec
┌ Warning: `svd` cotangents sensitive to gauge choice: (|Δgauge| = 0.43094409082005875)
└ @ TensorKitChainRulesCoreExt ~/.julia/packages/TensorKit/esxcj/ext/TensorKitChainRulesCoreExt/factorizations.jl:254
┌ Warning: `svd` cotangents sensitive to gauge choice: (|Δgauge| = 2.7928734578296433e-12)
└ @ TensorKitChainRulesCoreExt ~/.julia/packages/TensorKit/esxcj/ext/TensorKitChainRulesCoreExt/factorizations.jl:254
┌ Warning: `svd` cotangents sensitive to gauge choice: (|Δgauge| = 0.4309440912112118)
└ @ TensorKitChainRulesCoreExt ~/.julia/packages/TensorKit/esxcj/ext/TensorKitChainRulesCoreExt/factorizations.jl:254
[ Info: LBFGS: iter   70, time 2813.01 s: f = -2.301379249571, ‖∇f‖ = 4.8873e-03, α = 1.00e+00, m = 3, nfg = 1
[ Info: CTMRG init:	obj = +9.508317216210e+00	err = 1.0000e+00
[ Info: CTMRG conv 7:	obj = +9.508320478459e+00	err = 2.9367545387e-10	time = 6.43 sec
┌ Warning: `svd` cotangents sensitive to gauge choice: (|Δgauge| = 0.43227212031066625)
└ @ TensorKitChainRulesCoreExt ~/.julia/packages/TensorKit/esxcj/ext/TensorKitChainRulesCoreExt/factorizations.jl:254
┌ Warning: `svd` cotangents sensitive to gauge choice: (|Δgauge| = 4.8361612470254254e-11)
└ @ TensorKitChainRulesCoreExt ~/.julia/packages/TensorKit/esxcj/ext/TensorKitChainRulesCoreExt/factorizations.jl:254
┌ Warning: `svd` cotangents sensitive to gauge choice: (|Δgauge| = 0.43227212044153585)
└ @ TensorKitChainRulesCoreExt ~/.julia/packages/TensorKit/esxcj/ext/TensorKitChainRulesCoreExt/factorizations.jl:254
[ Info: LBFGS: iter   71, time 2826.54 s: f = -2.301420437784, ‖∇f‖ = 1.7339e-03, α = 1.00e+00, m = 3, nfg = 1
[ Info: CTMRG init:	obj = +9.520489191201e+00	err = 1.0000e+00
[ Info: CTMRG conv 7:	obj = +9.520497232111e+00	err = 2.4196558299e-10	time = 6.68 sec
┌ Warning: `svd` cotangents sensitive to gauge choice: (|Δgauge| = 0.433185957638593)
└ @ TensorKitChainRulesCoreExt ~/.julia/packages/TensorKit/esxcj/ext/TensorKitChainRulesCoreExt/factorizations.jl:254
┌ Warning: `svd` cotangents sensitive to gauge choice: (|Δgauge| = 4.3092604930718184e-11)
└ @ TensorKitChainRulesCoreExt ~/.julia/packages/TensorKit/esxcj/ext/TensorKitChainRulesCoreExt/factorizations.jl:254
┌ Warning: `svd` cotangents sensitive to gauge choice: (|Δgauge| = 0.4331859578953665)
└ @ TensorKitChainRulesCoreExt ~/.julia/packages/TensorKit/esxcj/ext/TensorKitChainRulesCoreExt/factorizations.jl:254
[ Info: LBFGS: iter   72, time 2840.31 s: f = -2.301443042042, ‖∇f‖ = 1.7592e-03, α = 1.00e+00, m = 3, nfg = 1
[ Info: CTMRG init:	obj = +9.548558381263e+00	err = 1.0000e+00
[ Info: CTMRG conv 7:	obj = +9.548601932826e+00	err = 6.4617904454e-10	time = 6.44 sec
┌ Warning: `svd` cotangents sensitive to gauge choice: (|Δgauge| = 0.43395908089704516)
└ @ TensorKitChainRulesCoreExt ~/.julia/packages/TensorKit/esxcj/ext/TensorKitChainRulesCoreExt/factorizations.jl:254
┌ Warning: `svd` cotangents sensitive to gauge choice: (|Δgauge| = 3.9930947527725006e-11)
└ @ TensorKitChainRulesCoreExt ~/.julia/packages/TensorKit/esxcj/ext/TensorKitChainRulesCoreExt/factorizations.jl:254
┌ Warning: `svd` cotangents sensitive to gauge choice: (|Δgauge| = 0.4339590805685906)
└ @ TensorKitChainRulesCoreExt ~/.julia/packages/TensorKit/esxcj/ext/TensorKitChainRulesCoreExt/factorizations.jl:254
[ Info: LBFGS: iter   73, time 2854.01 s: f = -2.301465701543, ‖∇f‖ = 1.9357e-03, α = 1.00e+00, m = 3, nfg = 1
[ Info: CTMRG init:	obj = +9.569564875745e+00	err = 1.0000e+00
[ Info: CTMRG conv 7:	obj = +9.569609976006e+00	err = 3.4544233442e-10	time = 6.31 sec
┌ Warning: `svd` cotangents sensitive to gauge choice: (|Δgauge| = 0.43639485172052345)
└ @ TensorKitChainRulesCoreExt ~/.julia/packages/TensorKit/esxcj/ext/TensorKitChainRulesCoreExt/factorizations.jl:254
┌ Warning: `svd` cotangents sensitive to gauge choice: (|Δgauge| = 3.984826330933663e-11)
└ @ TensorKitChainRulesCoreExt ~/.julia/packages/TensorKit/esxcj/ext/TensorKitChainRulesCoreExt/factorizations.jl:254
┌ Warning: `svd` cotangents sensitive to gauge choice: (|Δgauge| = 0.4363948530556908)
└ @ TensorKitChainRulesCoreExt ~/.julia/packages/TensorKit/esxcj/ext/TensorKitChainRulesCoreExt/factorizations.jl:254
[ Info: CTMRG init:	obj = +9.558656076530e+00	err = 1.0000e+00
[ Info: CTMRG conv 7:	obj = +9.558666115806e+00	err = 3.6725717600e-10	time = 6.44 sec
┌ Warning: `svd` cotangents sensitive to gauge choice: (|Δgauge| = 0.4351115766915489)
└ @ TensorKitChainRulesCoreExt ~/.julia/packages/TensorKit/esxcj/ext/TensorKitChainRulesCoreExt/factorizations.jl:254
┌ Warning: `svd` cotangents sensitive to gauge choice: (|Δgauge| = 3.9927512251187006e-11)
└ @ TensorKitChainRulesCoreExt ~/.julia/packages/TensorKit/esxcj/ext/TensorKitChainRulesCoreExt/factorizations.jl:254
┌ Warning: `svd` cotangents sensitive to gauge choice: (|Δgauge| = 0.43511157716907245)
└ @ TensorKitChainRulesCoreExt ~/.julia/packages/TensorKit/esxcj/ext/TensorKitChainRulesCoreExt/factorizations.jl:254
[ Info: LBFGS: iter   74, time 2881.06 s: f = -2.301476466544, ‖∇f‖ = 2.2232e-03, α = 4.71e-01, m = 3, nfg = 2
[ Info: CTMRG init:	obj = +9.574371341772e+00	err = 1.0000e+00
[ Info: CTMRG conv 7:	obj = +9.574394769547e+00	err = 2.3453975820e-10	time = 6.57 sec
┌ Warning: `svd` cotangents sensitive to gauge choice: (|Δgauge| = 0.43549651670753914)
└ @ TensorKitChainRulesCoreExt ~/.julia/packages/TensorKit/esxcj/ext/TensorKitChainRulesCoreExt/factorizations.jl:254
┌ Warning: `svd` cotangents sensitive to gauge choice: (|Δgauge| = 3.9733277498853654e-11)
└ @ TensorKitChainRulesCoreExt ~/.julia/packages/TensorKit/esxcj/ext/TensorKitChainRulesCoreExt/factorizations.jl:254
┌ Warning: `svd` cotangents sensitive to gauge choice: (|Δgauge| = 0.4354965169890024)
└ @ TensorKitChainRulesCoreExt ~/.julia/packages/TensorKit/esxcj/ext/TensorKitChainRulesCoreExt/factorizations.jl:254
[ Info: LBFGS: iter   75, time 2895.00 s: f = -2.301489092915, ‖∇f‖ = 1.0805e-03, α = 1.00e+00, m = 3, nfg = 1
[ Info: CTMRG init:	obj = +9.577484883121e+00	err = 1.0000e+00
[ Info: CTMRG conv 7:	obj = +9.577492035645e+00	err = 4.6421776496e-10	time = 6.35 sec
┌ Warning: `svd` cotangents sensitive to gauge choice: (|Δgauge| = 0.4363339205743327)
└ @ TensorKitChainRulesCoreExt ~/.julia/packages/TensorKit/esxcj/ext/TensorKitChainRulesCoreExt/factorizations.jl:254
┌ Warning: `svd` cotangents sensitive to gauge choice: (|Δgauge| = 4.002516144554988e-11)
└ @ TensorKitChainRulesCoreExt ~/.julia/packages/TensorKit/esxcj/ext/TensorKitChainRulesCoreExt/factorizations.jl:254
┌ Warning: `svd` cotangents sensitive to gauge choice: (|Δgauge| = 0.4363339198817523)
└ @ TensorKitChainRulesCoreExt ~/.julia/packages/TensorKit/esxcj/ext/TensorKitChainRulesCoreExt/factorizations.jl:254
[ Info: LBFGS: converged after 76 iterations and time 2908.16 s: f = -2.301495514231, ‖∇f‖ = 8.5763e-04
