  Installing known registries into `~/.julia`
       Added `General` registry to ~/.julia/registries
    Updating registry at `~/.julia/registries/General.toml`
   Installed GPUArraysCore ─────────────── v0.2.0
   Installed TaskLocalValues ───────────── v0.1.2
   Installed RealDot ───────────────────── v0.1.0
   Installed IrrationalConstants ───────── v0.2.4
   Installed IRTools ───────────────────── v0.4.14
   Installed JLD2 ──────────────────────── v0.5.12
   Installed BlockTensorKit ────────────── v0.1.6
   Installed OhMyThreads ───────────────── v0.7.0
   Installed DiffRules ─────────────────── v1.15.1
   Installed Adapt ─────────────────────── v4.3.0
   Installed IntegerMathUtils ──────────── v0.1.2
   Installed PtrArrays ─────────────────── v1.3.0
   Installed LRUCache ──────────────────── v1.6.2
   Installed TableTraits ───────────────── v1.0.1
   Installed Accessors ─────────────────── v0.1.42
   Installed Preferences ───────────────── v1.4.3
   Installed OptimKit ──────────────────── v0.4.0
   Installed WignerSymbols ─────────────── v2.0.0
   Installed LoggingExtras ─────────────── v1.0.3
   Installed HashArrayMappedTries ──────── v0.2.0
   Installed DiffResults ───────────────── v1.1.0
   Installed Tables ────────────────────── v1.12.0
   Installed SpecialFunctions ──────────── v2.5.0
   Installed TensorKit ─────────────────── v0.14.5
   Installed RecipesBase ───────────────── v1.3.4
   Installed DataAPI ───────────────────── v1.16.0
   Installed Primes ────────────────────── v0.5.7
   Installed ChunkSplitters ────────────── v3.1.2
   Installed StaticArrays ──────────────── v1.9.13
   Installed Zygote ────────────────────── v0.7.6
   Installed AbstractFFTs ──────────────── v1.5.0
   Installed MPSKit ────────────────────── v0.12.6
   Installed Richardson ────────────────── v1.4.2
   Installed JLLWrappers ───────────────── v1.7.0
   Installed FiniteDifferences ─────────── v0.12.32
   Installed BlockArrays ───────────────── v1.6.0
   Installed StaticArraysCore ──────────── v1.4.3
   Installed IteratorInterfaceExtensions ─ v1.0.0
   Installed NaNMath ───────────────────── v1.1.3
   Installed PrecompileTools ───────────── v1.2.1
   Installed ConstructionBase ──────────── v1.5.8
   Installed DataValueInterfaces ───────── v1.0.0
   Installed StructArrays ──────────────── v0.7.1
   Installed RationalRoots ─────────────── v0.2.1
   Installed OrderedCollections ────────── v1.8.0
   Installed StableTasks ───────────────── v0.1.7
   Installed TensorKitSectors ──────────── v0.1.4
   Installed TranscodingStreams ────────── v0.11.3
   Installed ChainRulesCore ────────────── v1.25.1
   Installed ScopedValues ──────────────── v1.3.0
   Installed VectorInterface ───────────── v0.5.0
   Installed InitialValues ─────────────── v0.3.1
   Installed MPSKitModels ──────────────── v0.4.0
   Installed ForwardDiff ───────────────── v1.0.1
   Installed Statistics ────────────────── v1.11.1
   Installed FillArrays ────────────────── v1.13.0
   Installed FileIO ────────────────────── v1.17.0
   Installed ChainRules ────────────────── v1.72.3
   Installed Requires ──────────────────── v1.3.1
   Installed LogExpFunctions ───────────── v0.3.29
   Installed ZygoteRules ───────────────── v0.2.7
   Installed StridedViews ──────────────── v0.4.1
   Installed CommonSubexpressions ──────── v0.3.1
   Installed HalfIntegers ──────────────── v1.6.0
   Installed BangBang ──────────────────── v0.4.4
   Installed Strided ───────────────────── v2.3.0
   Installed MacroTools ────────────────── v0.5.15
   Installed PackageExtensionCompat ────── v1.0.2
   Installed Compat ────────────────────── v4.16.0
   Installed TensorKitManifolds ────────── v0.7.2
   Installed OpenSpecFun_jll ───────────── v0.5.6+0
   Installed CompositionsBase ──────────── v0.1.2
   Installed SparseInverseSubset ───────── v0.1.2
   Installed InverseFunctions ──────────── v0.1.17
   Installed TupleTools ────────────────── v1.6.0
   Installed PEPSKit ───────────────────── v0.5.0
   Installed TensorOperations ──────────── v5.2.0
   Installed ArrayLayouts ──────────────── v1.11.1
   Installed DocStringExtensions ───────── v0.9.4
   Installed KrylovKit ─────────────────── v0.9.5
    Updating `/var/lib/condor/execute/dir_1099005/Project.toml`
  [d360d2e6] + ChainRulesCore v1.25.1
  [033835bb] + JLD2 v0.5.12
  [0b1a1467] + KrylovKit v0.9.5
  [bb1c41ca] + MPSKit v0.12.6
  [ca635005] + MPSKitModels v0.4.0
  [77e91f04] + OptimKit v0.4.0
  [52969e89] + PEPSKit v0.5.0
  [07d1fe3e] + TensorKit v0.14.5
  [409d34a3] + VectorInterface v0.5.0
  [e88e6eb3] + Zygote v0.7.6
  [37e2e46d] ~ LinearAlgebra ⇒ v1.11.0
    Updating `/var/lib/condor/execute/dir_1099005/Manifest.toml`
  [621f4979] + AbstractFFTs v1.5.0
  [7d9f7c33] + Accessors v0.1.42
  [79e6a3ab] + Adapt v4.3.0
  [4c555306] + ArrayLayouts v1.11.1
  [198e06fe] + BangBang v0.4.4
  [8e7c35d0] + BlockArrays v1.6.0
  [5f87ffc2] + BlockTensorKit v0.1.6
  [082447d4] + ChainRules v1.72.3
  [d360d2e6] + ChainRulesCore v1.25.1
  [ae650224] + ChunkSplitters v3.1.2
  [bbf7d656] + CommonSubexpressions v0.3.1
  [34da2185] + Compat v4.16.0
  [a33af91c] + CompositionsBase v0.1.2
  [187b0558] + ConstructionBase v1.5.8
  [9a962f9c] + DataAPI v1.16.0
  [e2d170a0] + DataValueInterfaces v1.0.0
  [163ba53b] + DiffResults v1.1.0
  [b552c78f] + DiffRules v1.15.1
  [ffbed154] + DocStringExtensions v0.9.4
  [5789e2e9] + FileIO v1.17.0
  [1a297f60] + FillArrays v1.13.0
  [26cc04aa] + FiniteDifferences v0.12.32
  [f6369f11] + ForwardDiff v1.0.1
  [46192b85] + GPUArraysCore v0.2.0
  [f0d1745a] + HalfIntegers v1.6.0
  [076d061b] + HashArrayMappedTries v0.2.0
  [7869d1d1] + IRTools v0.4.14
  [22cec73e] + InitialValues v0.3.1
  [18e54dd8] + IntegerMathUtils v0.1.2
  [3587e190] + InverseFunctions v0.1.17
  [92d709cd] + IrrationalConstants v0.2.4
  [82899510] + IteratorInterfaceExtensions v1.0.0
  [033835bb] + JLD2 v0.5.12
  [692b3bcd] + JLLWrappers v1.7.0
  [0b1a1467] + KrylovKit v0.9.5
  [8ac3fa9e] + LRUCache v1.6.2
  [2ab3a3ac] + LogExpFunctions v0.3.29
⌅ [e6f89c97] + LoggingExtras v1.0.3
  [bb1c41ca] + MPSKit v0.12.6
  [ca635005] + MPSKitModels v0.4.0
  [1914dd2f] + MacroTools v0.5.15
  [77ba4419] + NaNMath v1.1.3
⌅ [67456a42] + OhMyThreads v0.7.0
  [77e91f04] + OptimKit v0.4.0
  [bac558e1] + OrderedCollections v1.8.0
  [52969e89] + PEPSKit v0.5.0
  [65ce6f38] + PackageExtensionCompat v1.0.2
⌅ [aea7be01] + PrecompileTools v1.2.1
  [21216c6a] + Preferences v1.4.3
  [27ebfcd6] + Primes v0.5.7
  [43287f4e] + PtrArrays v1.3.0
  [308eb6b3] + RationalRoots v0.2.1
  [c1ae055f] + RealDot v0.1.0
  [3cdcf5f2] + RecipesBase v1.3.4
  [ae029012] + Requires v1.3.1
  [708f8203] + Richardson v1.4.2
  [7e506255] + ScopedValues v1.3.0
  [dc90abb0] + SparseInverseSubset v0.1.2
  [276daf66] + SpecialFunctions v2.5.0
  [91464d47] + StableTasks v0.1.7
  [90137ffa] + StaticArrays v1.9.13
  [1e83bf80] + StaticArraysCore v1.4.3
  [10745b16] + Statistics v1.11.1
  [5e0ebb24] + Strided v2.3.0
  [4db3bf67] + StridedViews v0.4.1
  [09ab397b] + StructArrays v0.7.1
  [3783bdb8] + TableTraits v1.0.1
  [bd369af6] + Tables v1.12.0
  [ed4db957] + TaskLocalValues v0.1.2
  [07d1fe3e] + TensorKit v0.14.5
  [11fa318c] + TensorKitManifolds v0.7.2
  [13a9c161] + TensorKitSectors v0.1.4
  [6aa20fa7] + TensorOperations v5.2.0
  [3bb67fe8] + TranscodingStreams v0.11.3
  [9d95972d] + TupleTools v1.6.0
  [409d34a3] + VectorInterface v0.5.0
  [9f57e263] + WignerSymbols v2.0.0
  [e88e6eb3] + Zygote v0.7.6
  [700de1a5] + ZygoteRules v0.2.7
  [efe28fd5] + OpenSpecFun_jll v0.5.6+0
  [0dad84c5] + ArgTools v1.1.2
  [56f22d72] + Artifacts v1.11.0
  [2a0f44e3] + Base64 v1.11.0
  [ade2ca70] + Dates v1.11.0
  [8ba89e20] + Distributed v1.11.0
  [f43a241f] + Downloads v1.6.0
  [7b1f6079] + FileWatching v1.11.0
  [b77e0a4c] + InteractiveUtils v1.11.0
  [b27032c2] + LibCURL v0.6.4
  [76f85450] + LibGit2 v1.11.0
  [8f399da3] + Libdl v1.11.0
  [37e2e46d] + LinearAlgebra v1.11.0
  [56ddb016] + Logging v1.11.0
  [d6f4376e] + Markdown v1.11.0
  [a63ad114] + Mmap v1.11.0
  [ca575930] + NetworkOptions v1.2.0
  [44cfe95a] + Pkg v1.11.0
  [de0858da] + Printf v1.11.0
  [9a3f8284] + Random v1.11.0
  [ea8e919c] + SHA v0.7.0
  [9e88b42a] + Serialization v1.11.0
  [6462fe0b] + Sockets v1.11.0
  [2f01184e] + SparseArrays v1.11.0
  [4607b0f0] + SuiteSparse
  [fa267f1f] + TOML v1.0.3
  [a4e569a6] + Tar v1.10.0
  [cf7118a7] + UUIDs v1.11.0
  [4ec0a83e] + Unicode v1.11.0
  [e66e0078] + CompilerSupportLibraries_jll v1.1.1+0
  [deac9b47] + LibCURL_jll v8.6.0+0
  [e37daf67] + LibGit2_jll v1.7.2+0
  [29816b5a] + LibSSH2_jll v1.11.0+1
  [c8ffd9c3] + MbedTLS_jll v2.28.6+0
  [14a3606d] + MozillaCACerts_jll v2023.12.12
  [4536629a] + OpenBLAS_jll v0.3.27+1
  [05823500] + OpenLibm_jll v0.8.1+2
  [bea87d4a] + SuiteSparse_jll v7.7.0+0
  [83775a58] + Zlib_jll v1.2.13+1
  [8e850b90] + libblastrampoline_jll v5.11.0+0
  [8e850ede] + nghttp2_jll v1.59.0+0
  [3f19e933] + p7zip_jll v17.4.0+2
        Info Packages marked with ⌅ have new versions available but compatibility constraints restrict them from upgrading. To see why use `status --outdated -m`
Precompiling project...
    560.1 ms  ✓ IntegerMathUtils
    622.0 ms  ✓ DataValueInterfaces
    670.7 ms  ✓ RealDot
    815.6 ms  ✓ TaskLocalValues
    793.9 ms  ✓ Richardson
    855.9 ms  ✓ HalfIntegers
    866.4 ms  ✓ LRUCache
    919.5 ms  ✓ StableTasks
    927.7 ms  ✓ InverseFunctions
    951.3 ms  ✓ Statistics
   1212.6 ms  ✓ OrderedCollections
   1262.7 ms  ✓ AbstractFFTs
   1292.2 ms  ✓ DocStringExtensions
    768.7 ms  ✓ DataAPI
    799.4 ms  ✓ PackageExtensionCompat
   1510.9 ms  ✓ VectorInterface
    988.4 ms  ✓ ConstructionBase
    925.5 ms  ✓ IteratorInterfaceExtensions
    687.4 ms  ✓ PtrArrays
    792.9 ms  ✓ CompositionsBase
    784.4 ms  ✓ StaticArraysCore
    998.7 ms  ✓ ChunkSplitters
    922.7 ms  ✓ TupleTools
   2129.8 ms  ✓ FillArrays
    743.9 ms  ✓ HashArrayMappedTries
    864.2 ms  ✓ NaNMath
   1109.9 ms  ✓ TranscodingStreams
   1237.5 ms  ✓ RationalRoots
   1048.1 ms  ✓ Requires
   1064.7 ms  ✓ Compat
   1728.5 ms  ✓ InitialValues
   1415.0 ms  ✓ LoggingExtras
   1348.7 ms  ✓ Preferences
    957.9 ms  ✓ InverseFunctions → InverseFunctionsDatesExt
   3032.9 ms  ✓ IrrationalConstants
    978.5 ms  ✓ Statistics → SparseArraysExt
    715.7 ms  ✓ ConstructionBase → ConstructionBaseLinearAlgebraExt
   1375.8 ms  ✓ Primes
    978.7 ms  ✓ StridedViews
   1401.3 ms  ✓ LRUCache → SerializationExt
    881.4 ms  ✓ SuiteSparse
    872.5 ms  ✓ TableTraits
    828.8 ms  ✓ CompositionsBase → CompositionsBaseInverseFunctionsExt
    767.1 ms  ✓ DiffResults
    577.7 ms  ✓ ScopedValues
    689.8 ms  ✓ FillArrays → FillArraysStatisticsExt
    776.5 ms  ✓ Compat → CompatLinearAlgebraExt
    833.6 ms  ✓ PrecompileTools
    958.4 ms  ✓ Adapt
    690.0 ms  ✓ StridedViews → StridedViewsPtrArraysExt
   1080.4 ms  ✓ JLLWrappers
   1430.9 ms  ✓ FillArrays → FillArraysSparseArraysExt
    996.5 ms  ✓ Strided
   1017.9 ms  ✓ SparseInverseSubset
   3085.4 ms  ✓ KrylovKit
   1467.1 ms  ✓ LogExpFunctions
    841.9 ms  ✓ OpenSpecFun_jll
   1725.3 ms  ✓ Tables
   1350.8 ms  ✓ Adapt → AdaptSparseArraysExt
   1222.8 ms  ✓ GPUArraysCore
    883.3 ms  ✓ LogExpFunctions → LogExpFunctionsInverseFunctionsExt
   4943.3 ms  ✓ MacroTools
   2475.4 ms  ✓ OptimKit
    901.2 ms  ✓ CommonSubexpressions
   1360.7 ms  ✓ StructArrays
   3309.8 ms  ✓ ChainRulesCore
   4258.4 ms  ✓ WignerSymbols
   1012.6 ms  ✓ StructArrays → StructArraysLinearAlgebraExt
   1222.8 ms  ✓ StructArrays → StructArraysAdaptExt
   1252.1 ms  ✓ StructArrays → StructArraysSparseArraysExt
    947.1 ms  ✓ AbstractFFTs → AbstractFFTsChainRulesCoreExt
   1155.9 ms  ✓ ChainRulesCore → ChainRulesCoreSparseArraysExt
   1210.6 ms  ✓ KrylovKit → KrylovKitChainRulesCoreExt
   4407.2 ms  ✓ RecipesBase
   1459.0 ms  ✓ ZygoteRules
   3426.5 ms  ✓ IRTools
   4666.0 ms  ✓ SpecialFunctions
   6842.3 ms  ✓ FileIO
   4293.2 ms  ✓ Accessors
   2626.8 ms  ✓ LogExpFunctions → LogExpFunctionsChainRulesCoreExt
    778.8 ms  ✓ Accessors → StructArraysExt
    807.0 ms  ✓ Accessors → LinearAlgebraExt
    962.9 ms  ✓ DiffRules
   1216.4 ms  ✓ BangBang
    886.5 ms  ✓ BangBang → BangBangChainRulesCoreExt
    887.6 ms  ✓ BangBang → BangBangStructArraysExt
    881.9 ms  ✓ BangBang → BangBangTablesExt
   3066.5 ms  ✓ SpecialFunctions → SpecialFunctionsChainRulesCoreExt
   1557.1 ms  ✓ OhMyThreads
  12486.3 ms  ✓ StaticArrays
   5924.7 ms  ✓ ForwardDiff
    955.7 ms  ✓ StaticArrays → StaticArraysChainRulesCoreExt
   1022.2 ms  ✓ Adapt → AdaptStaticArraysExt
   1036.1 ms  ✓ ConstructionBase → ConstructionBaseStaticArraysExt
   1053.3 ms  ✓ StaticArrays → StaticArraysStatisticsExt
   9205.7 ms  ✓ ChainRules
   1114.2 ms  ✓ Accessors → StaticArraysExt
   1157.6 ms  ✓ BangBang → BangBangStaticArraysExt
   1376.8 ms  ✓ StructArrays → StructArraysStaticArraysExt
   1159.9 ms  ✓ ForwardDiff → ForwardDiffStaticArraysExt
   1629.4 ms  ✓ FiniteDifferences
  18686.7 ms  ✓ ArrayLayouts
   1046.1 ms  ✓ ArrayLayouts → ArrayLayoutsSparseArraysExt
   2202.3 ms  ✓ BlockArrays
    931.4 ms  ✓ BlockArrays → BlockArraysAdaptExt
  41295.5 ms  ✓ JLD2
  44145.1 ms  ✓ Zygote
 188680.9 ms  ✓ TensorOperations
   1652.0 ms  ✓ TensorOperations → TensorOperationsChainRulesCoreExt
   8121.7 ms  ✓ TensorKitSectors
   9566.7 ms  ✓ TensorKit
   2239.6 ms  ✓ TensorKitManifolds
   2242.0 ms  ✓ TensorKit → TensorKitFiniteDifferencesExt
   2593.9 ms  ✓ TensorKit → TensorKitChainRulesCoreExt
   3545.6 ms  ✓ BlockTensorKit
  20761.2 ms  ✓ MPSKit
  18491.6 ms  ✓ MPSKitModels
  20971.4 ms  ✓ PEPSKit
  118 dependencies successfully precompiled in 275 seconds. 31 already precompiled.
[ Info: CTMRG init:	obj = -4.072713714910e+00 +8.724565051995e+00im	err = 1.0000e+00
[ Info: CTMRG conv 95:	obj = +4.243577705899e+00	err = 6.7541266869e-10	time = 32.22 min
[ Info: CTMRG init:	obj = +4.243577705899e+00	err = 1.0000e+00
[ Info: CTMRG conv 4:	obj = +4.243577705899e+00	err = 2.6605727493e-11	time = 4.41 min
┌ Warning: `svd` cotangents sensitive to gauge choice: (|Δgauge| = 0.13889970003531737)
└ @ TensorKitChainRulesCoreExt ~/.julia/packages/TensorKit/esxcj/ext/TensorKitChainRulesCoreExt/factorizations.jl:254
┌ Warning: `svd` cotangents sensitive to gauge choice: (|Δgauge| = 0.004480279266538637)
└ @ TensorKitChainRulesCoreExt ~/.julia/packages/TensorKit/esxcj/ext/TensorKitChainRulesCoreExt/factorizations.jl:254
┌ Warning: `svd` cotangents sensitive to gauge choice: (|Δgauge| = 0.13806709696351405)
└ @ TensorKitChainRulesCoreExt ~/.julia/packages/TensorKit/esxcj/ext/TensorKitChainRulesCoreExt/factorizations.jl:254
[ Info: LBFGS: initializing with f = -1.606520724853, ‖∇f‖ = 4.0196e-01
[ Info: CTMRG init:	obj = +4.223844590923e+00	err = 1.0000e+00
[ Info: CTMRG conv 25:	obj = +4.223866422569e+00	err = 7.8363845963e-10	time = 1.14 min
┌ Warning: `svd` cotangents sensitive to gauge choice: (|Δgauge| = 0.1425474985718287)
└ @ TensorKitChainRulesCoreExt ~/.julia/packages/TensorKit/esxcj/ext/TensorKitChainRulesCoreExt/factorizations.jl:254
┌ Warning: `svd` cotangents sensitive to gauge choice: (|Δgauge| = 3.842698748745685e-9)
└ @ TensorKitChainRulesCoreExt ~/.julia/packages/TensorKit/esxcj/ext/TensorKitChainRulesCoreExt/factorizations.jl:254
┌ Warning: `svd` cotangents sensitive to gauge choice: (|Δgauge| = 0.14254749803620131)
└ @ TensorKitChainRulesCoreExt ~/.julia/packages/TensorKit/esxcj/ext/TensorKitChainRulesCoreExt/factorizations.jl:254
[ Info: CTMRG init:	obj = +4.145203719680e+00	err = 1.0000e+00
[ Info: CTMRG conv 28:	obj = +4.145768713595e+00	err = 7.0763176890e-10	time = 16.26 min
┌ Warning: `svd` cotangents sensitive to gauge choice: (|Δgauge| = 0.157924221924024)
└ @ TensorKitChainRulesCoreExt ~/.julia/packages/TensorKit/esxcj/ext/TensorKitChainRulesCoreExt/factorizations.jl:254
┌ Warning: `svd` cotangents sensitive to gauge choice: (|Δgauge| = 1.2961231996845504e-9)
└ @ TensorKitChainRulesCoreExt ~/.julia/packages/TensorKit/esxcj/ext/TensorKitChainRulesCoreExt/factorizations.jl:254
┌ Warning: `svd` cotangents sensitive to gauge choice: (|Δgauge| = 0.1579242217377887)
└ @ TensorKitChainRulesCoreExt ~/.julia/packages/TensorKit/esxcj/ext/TensorKitChainRulesCoreExt/factorizations.jl:254
[ Info: CTMRG init:	obj = +3.759540479180e+00	err = 1.0000e+00
[ Info: CTMRG conv 36:	obj = +3.776279093290e+00	err = 6.7382398160e-10	time = 21.02 min
┌ Warning: `svd` cotangents sensitive to gauge choice: (|Δgauge| = 0.2565475560254087)
└ @ TensorKitChainRulesCoreExt ~/.julia/packages/TensorKit/esxcj/ext/TensorKitChainRulesCoreExt/factorizations.jl:254
┌ Warning: `svd` cotangents sensitive to gauge choice: (|Δgauge| = 9.007640020698956e-10)
└ @ TensorKitChainRulesCoreExt ~/.julia/packages/TensorKit/esxcj/ext/TensorKitChainRulesCoreExt/factorizations.jl:254
┌ Warning: `svd` cotangents sensitive to gauge choice: (|Δgauge| = 0.25654755587531697)
└ @ TensorKitChainRulesCoreExt ~/.julia/packages/TensorKit/esxcj/ext/TensorKitChainRulesCoreExt/factorizations.jl:254
[ Info: CTMRG init:	obj = +2.083107635443e+00	err = 1.0000e+00
[ Info: CTMRG conv 31:	obj = +2.781643517679e+00	err = 8.7962598839e-10	time = 1.90 min
┌ Warning: `svd` cotangents sensitive to gauge choice: (|Δgauge| = 1.1026350920679615)
└ @ TensorKitChainRulesCoreExt ~/.julia/packages/TensorKit/esxcj/ext/TensorKitChainRulesCoreExt/factorizations.jl:254
┌ Warning: `svd` cotangents sensitive to gauge choice: (|Δgauge| = 5.647401583475403e-11)
└ @ TensorKitChainRulesCoreExt ~/.julia/packages/TensorKit/esxcj/ext/TensorKitChainRulesCoreExt/factorizations.jl:254
┌ Warning: `svd` cotangents sensitive to gauge choice: (|Δgauge| = 1.1026350920475956)
└ @ TensorKitChainRulesCoreExt ~/.julia/packages/TensorKit/esxcj/ext/TensorKitChainRulesCoreExt/factorizations.jl:254
[ Info: CTMRG init:	obj = +3.289517273977e+00	err = 1.0000e+00
[ Info: CTMRG conv 48:	obj = +3.372423438778e+00	err = 8.6981287637e-10	time = 28.21 min
┌ Warning: `svd` cotangents sensitive to gauge choice: (|Δgauge| = 0.44520670964280595)
└ @ TensorKitChainRulesCoreExt ~/.julia/packages/TensorKit/esxcj/ext/TensorKitChainRulesCoreExt/factorizations.jl:254
┌ Warning: `svd` cotangents sensitive to gauge choice: (|Δgauge| = 3.911905551355593e-10)
└ @ TensorKitChainRulesCoreExt ~/.julia/packages/TensorKit/esxcj/ext/TensorKitChainRulesCoreExt/factorizations.jl:254
┌ Warning: `svd` cotangents sensitive to gauge choice: (|Δgauge| = 0.4452067095603931)
└ @ TensorKitChainRulesCoreExt ~/.julia/packages/TensorKit/esxcj/ext/TensorKitChainRulesCoreExt/factorizations.jl:254
[ Info: LBFGS: iter    1, time 6909.31 s: f = -1.800679842547, ‖∇f‖ = 2.5470e-01, α = 5.04e+01, m = 0, nfg = 5
[ Info: CTMRG init:	obj = +2.423607553062e+00	err = 1.0000e+00
[ Info: CTMRG conv 20:	obj = +2.913515009820e+00	err = 4.1573116878e-10	time = 10.01 min
┌ Warning: `svd` cotangents sensitive to gauge choice: (|Δgauge| = 1.1525039621092357)
└ @ TensorKitChainRulesCoreExt ~/.julia/packages/TensorKit/esxcj/ext/TensorKitChainRulesCoreExt/factorizations.jl:254
┌ Warning: `svd` cotangents sensitive to gauge choice: (|Δgauge| = 3.1717359135281147e-10)
└ @ TensorKitChainRulesCoreExt ~/.julia/packages/TensorKit/esxcj/ext/TensorKitChainRulesCoreExt/factorizations.jl:254
┌ Warning: `svd` cotangents sensitive to gauge choice: (|Δgauge| = 1.1525039619431294)
└ @ TensorKitChainRulesCoreExt ~/.julia/packages/TensorKit/esxcj/ext/TensorKitChainRulesCoreExt/factorizations.jl:254
[ Info: CTMRG init:	obj = +3.078029913286e+00	err = 1.0000e+00
[ Info: CTMRG conv 39:	obj = +3.112843352021e+00	err = 6.4574075723e-10	time = 15.13 min
┌ Warning: `svd` cotangents sensitive to gauge choice: (|Δgauge| = 0.6856964472429307)
└ @ TensorKitChainRulesCoreExt ~/.julia/packages/TensorKit/esxcj/ext/TensorKitChainRulesCoreExt/factorizations.jl:254
┌ Warning: `svd` cotangents sensitive to gauge choice: (|Δgauge| = 1.6071987669216865e-10)
└ @ TensorKitChainRulesCoreExt ~/.julia/packages/TensorKit/esxcj/ext/TensorKitChainRulesCoreExt/factorizations.jl:254
┌ Warning: `svd` cotangents sensitive to gauge choice: (|Δgauge| = 0.6856964472052018)
└ @ TensorKitChainRulesCoreExt ~/.julia/packages/TensorKit/esxcj/ext/TensorKitChainRulesCoreExt/factorizations.jl:254
[ Info: LBFGS: iter    2, time 8701.42 s: f = -1.836617934011, ‖∇f‖ = 4.1965e-01, α = 2.79e-01, m = 1, nfg = 2
[ Info: CTMRG init:	obj = +3.209765640892e+00	err = 1.0000e+00
[ Info: CTMRG conv 27:	obj = +3.234310173914e+00	err = 4.4310993941e-10	time = 15.66 min
┌ Warning: `svd` cotangents sensitive to gauge choice: (|Δgauge| = 0.7508622113131365)
└ @ TensorKitChainRulesCoreExt ~/.julia/packages/TensorKit/esxcj/ext/TensorKitChainRulesCoreExt/factorizations.jl:254
┌ Warning: `svd` cotangents sensitive to gauge choice: (|Δgauge| = 1.1081696780881275e-11)
└ @ TensorKitChainRulesCoreExt ~/.julia/packages/TensorKit/esxcj/ext/TensorKitChainRulesCoreExt/factorizations.jl:254
┌ Warning: `svd` cotangents sensitive to gauge choice: (|Δgauge| = 0.7508622113106017)
└ @ TensorKitChainRulesCoreExt ~/.julia/packages/TensorKit/esxcj/ext/TensorKitChainRulesCoreExt/factorizations.jl:254
[ Info: LBFGS: iter    3, time 9827.26 s: f = -1.912201412635, ‖∇f‖ = 3.4911e-01, α = 1.00e+00, m = 2, nfg = 1
[ Info: CTMRG init:	obj = +3.215422028549e+00	err = 1.0000e+00
[ Info: CTMRG conv 14:	obj = +3.660003855385e+00	err = 7.3997547350e-10	time = 8.17 min
┌ Warning: `svd` cotangents sensitive to gauge choice: (|Δgauge| = 0.7987792769766563)
└ @ TensorKitChainRulesCoreExt ~/.julia/packages/TensorKit/esxcj/ext/TensorKitChainRulesCoreExt/factorizations.jl:254
┌ Warning: `svd` cotangents sensitive to gauge choice: (|Δgauge| = 5.643595799908867e-11)
└ @ TensorKitChainRulesCoreExt ~/.julia/packages/TensorKit/esxcj/ext/TensorKitChainRulesCoreExt/factorizations.jl:254
┌ Warning: `svd` cotangents sensitive to gauge choice: (|Δgauge| = 0.7987792769470734)
└ @ TensorKitChainRulesCoreExt ~/.julia/packages/TensorKit/esxcj/ext/TensorKitChainRulesCoreExt/factorizations.jl:254
[ Info: LBFGS: iter    4, time 10386.37 s: f = -2.197120583298, ‖∇f‖ = 6.9836e-01, α = 1.00e+00, m = 3, nfg = 1
[ Info: CTMRG init:	obj = +4.033958896157e+00	err = 1.0000e+00
[ Info: CTMRG conv 23:	obj = +4.484308621037e+00	err = 8.8738806043e-10	time = 23.51 sec
┌ Warning: `svd` cotangents sensitive to gauge choice: (|Δgauge| = 0.4738059178131096)
└ @ TensorKitChainRulesCoreExt ~/.julia/packages/TensorKit/esxcj/ext/TensorKitChainRulesCoreExt/factorizations.jl:254
┌ Warning: `svd` cotangents sensitive to gauge choice: (|Δgauge| = 7.157399803108441e-10)
└ @ TensorKitChainRulesCoreExt ~/.julia/packages/TensorKit/esxcj/ext/TensorKitChainRulesCoreExt/factorizations.jl:254
┌ Warning: `svd` cotangents sensitive to gauge choice: (|Δgauge| = 0.4738059185290355)
└ @ TensorKitChainRulesCoreExt ~/.julia/packages/TensorKit/esxcj/ext/TensorKitChainRulesCoreExt/factorizations.jl:254
[ Info: LBFGS: iter    5, time 10558.93 s: f = -2.335778329158, ‖∇f‖ = 9.1309e-01, α = 1.00e+00, m = 3, nfg = 1
[ Info: CTMRG init:	obj = +4.738140683017e+00	err = 1.0000e+00
[ Info: CTMRG conv 12:	obj = +4.768664990153e+00	err = 4.7734631628e-10	time = 7.01 min
┌ Warning: `svd` cotangents sensitive to gauge choice: (|Δgauge| = 0.4532263316106229)
└ @ TensorKitChainRulesCoreExt ~/.julia/packages/TensorKit/esxcj/ext/TensorKitChainRulesCoreExt/factorizations.jl:254
┌ Warning: `svd` cotangents sensitive to gauge choice: (|Δgauge| = 2.109281129134632e-9)
└ @ TensorKitChainRulesCoreExt ~/.julia/packages/TensorKit/esxcj/ext/TensorKitChainRulesCoreExt/factorizations.jl:254
┌ Warning: `svd` cotangents sensitive to gauge choice: (|Δgauge| = 0.4532263295044805)
└ @ TensorKitChainRulesCoreExt ~/.julia/packages/TensorKit/esxcj/ext/TensorKitChainRulesCoreExt/factorizations.jl:254
[ Info: LBFGS: iter    6, time 11071.21 s: f = -2.826980038784, ‖∇f‖ = 5.2233e-01, α = 1.00e+00, m = 3, nfg = 1
[ Info: CTMRG init:	obj = +5.039358126475e+00	err = 1.0000e+00
[ Info: CTMRG conv 10:	obj = +5.148223193974e+00	err = 1.7145790294e-10	time = 5.77 min
┌ Warning: `svd` cotangents sensitive to gauge choice: (|Δgauge| = 0.2937792480822268)
└ @ TensorKitChainRulesCoreExt ~/.julia/packages/TensorKit/esxcj/ext/TensorKitChainRulesCoreExt/factorizations.jl:254
┌ Warning: `svd` cotangents sensitive to gauge choice: (|Δgauge| = 0.293779248097683)
└ @ TensorKitChainRulesCoreExt ~/.julia/packages/TensorKit/esxcj/ext/TensorKitChainRulesCoreExt/factorizations.jl:254
[ Info: LBFGS: iter    7, time 11495.91 s: f = -3.047275791080, ‖∇f‖ = 3.4454e-01, α = 1.00e+00, m = 3, nfg = 1
[ Info: CTMRG init:	obj = +5.137512333397e+00	err = 1.0000e+00
[ Info: CTMRG conv 9:	obj = +5.159265942173e+00	err = 3.5490357322e-10	time = 5.21 min
┌ Warning: `svd` cotangents sensitive to gauge choice: (|Δgauge| = 0.2488947994233946)
└ @ TensorKitChainRulesCoreExt ~/.julia/packages/TensorKit/esxcj/ext/TensorKitChainRulesCoreExt/factorizations.jl:254
┌ Warning: `svd` cotangents sensitive to gauge choice: (|Δgauge| = 0.24889479942107218)
└ @ TensorKitChainRulesCoreExt ~/.julia/packages/TensorKit/esxcj/ext/TensorKitChainRulesCoreExt/factorizations.jl:254
[ Info: LBFGS: iter    8, time 11878.43 s: f = -3.102582666323, ‖∇f‖ = 2.0720e-01, α = 1.00e+00, m = 3, nfg = 1
[ Info: CTMRG init:	obj = +5.211222924361e+00	err = 1.0000e+00
[ Info: CTMRG conv 9:	obj = +5.222068279227e+00	err = 1.4086997979e-10	time = 5.26 min
┌ Warning: `svd` cotangents sensitive to gauge choice: (|Δgauge| = 0.2736184544429816)
└ @ TensorKitChainRulesCoreExt ~/.julia/packages/TensorKit/esxcj/ext/TensorKitChainRulesCoreExt/factorizations.jl:254
┌ Warning: `svd` cotangents sensitive to gauge choice: (|Δgauge| = 5.114041386862843e-12)
└ @ TensorKitChainRulesCoreExt ~/.julia/packages/TensorKit/esxcj/ext/TensorKitChainRulesCoreExt/factorizations.jl:254
┌ Warning: `svd` cotangents sensitive to gauge choice: (|Δgauge| = 0.27361845444327176)
└ @ TensorKitChainRulesCoreExt ~/.julia/packages/TensorKit/esxcj/ext/TensorKitChainRulesCoreExt/factorizations.jl:254
[ Info: LBFGS: iter    9, time 12263.61 s: f = -3.124041692998, ‖∇f‖ = 6.0726e-02, α = 1.00e+00, m = 3, nfg = 1
[ Info: CTMRG init:	obj = +5.263385593527e+00	err = 1.0000e+00
[ Info: CTMRG conv 8:	obj = +5.263529271745e+00	err = 6.3783762953e-10	time = 4.66 min
┌ Warning: `svd` cotangents sensitive to gauge choice: (|Δgauge| = 0.28272361889318276)
└ @ TensorKitChainRulesCoreExt ~/.julia/packages/TensorKit/esxcj/ext/TensorKitChainRulesCoreExt/factorizations.jl:254
┌ Warning: `svd` cotangents sensitive to gauge choice: (|Δgauge| = 9.306059628376532e-11)
└ @ TensorKitChainRulesCoreExt ~/.julia/packages/TensorKit/esxcj/ext/TensorKitChainRulesCoreExt/factorizations.jl:254
┌ Warning: `svd` cotangents sensitive to gauge choice: (|Δgauge| = 0.2827236188394091)
└ @ TensorKitChainRulesCoreExt ~/.julia/packages/TensorKit/esxcj/ext/TensorKitChainRulesCoreExt/factorizations.jl:254
[ Info: LBFGS: iter   10, time 12607.52 s: f = -3.127849781154, ‖∇f‖ = 4.5558e-02, α = 1.00e+00, m = 3, nfg = 1
[ Info: CTMRG init:	obj = +5.355949698723e+00	err = 1.0000e+00
[ Info: CTMRG conv 8:	obj = +5.356570895389e+00	err = 2.0858760650e-10	time = 4.57 min
┌ Warning: `svd` cotangents sensitive to gauge choice: (|Δgauge| = 0.29472944998589684)
└ @ TensorKitChainRulesCoreExt ~/.julia/packages/TensorKit/esxcj/ext/TensorKitChainRulesCoreExt/factorizations.jl:254
┌ Warning: `svd` cotangents sensitive to gauge choice: (|Δgauge| = 5.463346656562905e-8)
└ @ TensorKitChainRulesCoreExt ~/.julia/packages/TensorKit/esxcj/ext/TensorKitChainRulesCoreExt/factorizations.jl:254
┌ Warning: `svd` cotangents sensitive to gauge choice: (|Δgauge| = 2.715766653699217e-8)
└ @ TensorKitChainRulesCoreExt ~/.julia/packages/TensorKit/esxcj/ext/TensorKitChainRulesCoreExt/factorizations.jl:254
┌ Warning: `svd` cotangents sensitive to gauge choice: (|Δgauge| = 4.0985378326592546e-8)
└ @ TensorKitChainRulesCoreExt ~/.julia/packages/TensorKit/esxcj/ext/TensorKitChainRulesCoreExt/factorizations.jl:254
┌ Warning: `svd` cotangents sensitive to gauge choice: (|Δgauge| = 1.7059324790788217e-8)
└ @ TensorKitChainRulesCoreExt ~/.julia/packages/TensorKit/esxcj/ext/TensorKitChainRulesCoreExt/factorizations.jl:254
┌ Warning: `svd` cotangents sensitive to gauge choice: (|Δgauge| = 4.995082810170439e-8)
└ @ TensorKitChainRulesCoreExt ~/.julia/packages/TensorKit/esxcj/ext/TensorKitChainRulesCoreExt/factorizations.jl:254
┌ Warning: `svd` cotangents sensitive to gauge choice: (|Δgauge| = 0.29472944994583394)
└ @ TensorKitChainRulesCoreExt ~/.julia/packages/TensorKit/esxcj/ext/TensorKitChainRulesCoreExt/factorizations.jl:254
[ Info: LBFGS: iter   11, time 12944.99 s: f = -3.132995907116, ‖∇f‖ = 4.1412e-02, α = 1.00e+00, m = 3, nfg = 1
[ Info: CTMRG init:	obj = +5.481519191451e+00	err = 1.0000e+00
[ Info: CTMRG conv 8:	obj = +5.482619479598e+00	err = 4.5789655713e-11	time = 4.54 min
┌ Warning: `svd` cotangents sensitive to gauge choice: (|Δgauge| = 0.3004726787177688)
└ @ TensorKitChainRulesCoreExt ~/.julia/packages/TensorKit/esxcj/ext/TensorKitChainRulesCoreExt/factorizations.jl:254
┌ Warning: `svd` cotangents sensitive to gauge choice: (|Δgauge| = 2.997827432707528e-11)
└ @ TensorKitChainRulesCoreExt ~/.julia/packages/TensorKit/esxcj/ext/TensorKitChainRulesCoreExt/factorizations.jl:254
┌ Warning: `svd` cotangents sensitive to gauge choice: (|Δgauge| = 0.3004726787183539)
└ @ TensorKitChainRulesCoreExt ~/.julia/packages/TensorKit/esxcj/ext/TensorKitChainRulesCoreExt/factorizations.jl:254
[ Info: LBFGS: iter   12, time 13278.19 s: f = -3.136729769693, ‖∇f‖ = 3.2316e-02, α = 1.00e+00, m = 3, nfg = 1
[ Info: CTMRG init:	obj = +5.560627528740e+00	err = 1.0000e+00
[ Info: CTMRG conv 7:	obj = +5.561170023383e+00	err = 7.4609547858e-10	time = 1.92 min
┌ Warning: `svd` cotangents sensitive to gauge choice: (|Δgauge| = 0.3052902486361322)
└ @ TensorKitChainRulesCoreExt ~/.julia/packages/TensorKit/esxcj/ext/TensorKitChainRulesCoreExt/factorizations.jl:254
┌ Warning: `svd` cotangents sensitive to gauge choice: (|Δgauge| = 1.4180454723141322e-10)
└ @ TensorKitChainRulesCoreExt ~/.julia/packages/TensorKit/esxcj/ext/TensorKitChainRulesCoreExt/factorizations.jl:254
┌ Warning: `svd` cotangents sensitive to gauge choice: (|Δgauge| = 0.3052902486703427)
└ @ TensorKitChainRulesCoreExt ~/.julia/packages/TensorKit/esxcj/ext/TensorKitChainRulesCoreExt/factorizations.jl:254
[ Info: LBFGS: iter   13, time 13406.03 s: f = -3.137186738772, ‖∇f‖ = 4.6414e-02, α = 1.00e+00, m = 3, nfg = 1
[ Info: CTMRG init:	obj = +5.567684916432e+00	err = 1.0000e+00
[ Info: CTMRG conv 8:	obj = +5.567878185957e+00	err = 1.0469078115e-10	time = 7.71 sec
┌ Warning: `svd` cotangents sensitive to gauge choice: (|Δgauge| = 0.30666791072548344)
└ @ TensorKitChainRulesCoreExt ~/.julia/packages/TensorKit/esxcj/ext/TensorKitChainRulesCoreExt/factorizations.jl:254
┌ Warning: `svd` cotangents sensitive to gauge choice: (|Δgauge| = 1.1882052531814398e-11)
└ @ TensorKitChainRulesCoreExt ~/.julia/packages/TensorKit/esxcj/ext/TensorKitChainRulesCoreExt/factorizations.jl:254
┌ Warning: `svd` cotangents sensitive to gauge choice: (|Δgauge| = 0.30666791072178146)
└ @ TensorKitChainRulesCoreExt ~/.julia/packages/TensorKit/esxcj/ext/TensorKitChainRulesCoreExt/factorizations.jl:254
[ Info: LBFGS: iter   14, time 13426.48 s: f = -3.138434769258, ‖∇f‖ = 6.2544e-03, α = 1.00e+00, m = 3, nfg = 1
[ Info: CTMRG init:	obj = +5.587692805492e+00	err = 1.0000e+00
[ Info: CTMRG conv 7:	obj = +5.587718404913e+00	err = 2.7231772747e-10	time = 2.62 min
┌ Warning: `svd` cotangents sensitive to gauge choice: (|Δgauge| = 0.3080444743653232)
└ @ TensorKitChainRulesCoreExt ~/.julia/packages/TensorKit/esxcj/ext/TensorKitChainRulesCoreExt/factorizations.jl:254
┌ Warning: `svd` cotangents sensitive to gauge choice: (|Δgauge| = 1.7107148276894617e-10)
└ @ TensorKitChainRulesCoreExt ~/.julia/packages/TensorKit/esxcj/ext/TensorKitChainRulesCoreExt/factorizations.jl:254
┌ Warning: `svd` cotangents sensitive to gauge choice: (|Δgauge| = 0.30804447446547667)
└ @ TensorKitChainRulesCoreExt ~/.julia/packages/TensorKit/esxcj/ext/TensorKitChainRulesCoreExt/factorizations.jl:254
[ Info: LBFGS: iter   15, time 13640.85 s: f = -3.138584841672, ‖∇f‖ = 2.3053e-03, α = 1.00e+00, m = 3, nfg = 1
[ Info: CTMRG init:	obj = +5.615629101842e+00	err = 1.0000e+00
[ Info: CTMRG conv 7:	obj = +5.615681998373e+00	err = 4.4909633835e-10	time = 4.08 min
┌ Warning: `svd` cotangents sensitive to gauge choice: (|Δgauge| = 0.31019172011447105)
└ @ TensorKitChainRulesCoreExt ~/.julia/packages/TensorKit/esxcj/ext/TensorKitChainRulesCoreExt/factorizations.jl:254
┌ Warning: `svd` cotangents sensitive to gauge choice: (|Δgauge| = 1.391820520035794e-10)
└ @ TensorKitChainRulesCoreExt ~/.julia/packages/TensorKit/esxcj/ext/TensorKitChainRulesCoreExt/factorizations.jl:254
┌ Warning: `svd` cotangents sensitive to gauge choice: (|Δgauge| = 0.3101917201565614)
└ @ TensorKitChainRulesCoreExt ~/.julia/packages/TensorKit/esxcj/ext/TensorKitChainRulesCoreExt/factorizations.jl:254
[ Info: LBFGS: iter   16, time 13942.32 s: f = -3.138697201942, ‖∇f‖ = 4.1529e-03, α = 1.00e+00, m = 3, nfg = 1
[ Info: CTMRG init:	obj = +5.655886105302e+00	err = 1.0000e+00
[ Info: CTMRG conv 7:	obj = +5.656322780814e+00	err = 7.8078033401e-10	time = 4.09 min
┌ Warning: `svd` cotangents sensitive to gauge choice: (|Δgauge| = 0.31038910275805587)
└ @ TensorKitChainRulesCoreExt ~/.julia/packages/TensorKit/esxcj/ext/TensorKitChainRulesCoreExt/factorizations.jl:254
┌ Warning: `svd` cotangents sensitive to gauge choice: (|Δgauge| = 1.0018098014173062e-10)
└ @ TensorKitChainRulesCoreExt ~/.julia/packages/TensorKit/esxcj/ext/TensorKitChainRulesCoreExt/factorizations.jl:254
┌ Warning: `svd` cotangents sensitive to gauge choice: (|Δgauge| = 0.31038910265054254)
└ @ TensorKitChainRulesCoreExt ~/.julia/packages/TensorKit/esxcj/ext/TensorKitChainRulesCoreExt/factorizations.jl:254
[ Info: CTMRG init:	obj = +5.624385395572e+00	err = 1.0000e+00
[ Info: CTMRG conv 7:	obj = +5.624402493646e+00	err = 1.9385885994e-10	time = 4.03 min
┌ Warning: `svd` cotangents sensitive to gauge choice: (|Δgauge| = 0.3102336767226521)
└ @ TensorKitChainRulesCoreExt ~/.julia/packages/TensorKit/esxcj/ext/TensorKitChainRulesCoreExt/factorizations.jl:254
┌ Warning: `svd` cotangents sensitive to gauge choice: (|Δgauge| = 1.298134302631835e-10)
└ @ TensorKitChainRulesCoreExt ~/.julia/packages/TensorKit/esxcj/ext/TensorKitChainRulesCoreExt/factorizations.jl:254
┌ Warning: `svd` cotangents sensitive to gauge choice: (|Δgauge| = 0.31023367671239066)
└ @ TensorKitChainRulesCoreExt ~/.julia/packages/TensorKit/esxcj/ext/TensorKitChainRulesCoreExt/factorizations.jl:254
[ Info: LBFGS: iter   17, time 14544.56 s: f = -3.138715968401, ‖∇f‖ = 4.4102e-03, α = 1.96e-01, m = 3, nfg = 2
[ Info: CTMRG init:	obj = +5.639506602884e+00	err = 1.0000e+00
[ Info: CTMRG conv 7:	obj = +5.639523449835e+00	err = 2.4245001897e-10	time = 4.17 min
┌ Warning: `svd` cotangents sensitive to gauge choice: (|Δgauge| = 0.311451698865393)
└ @ TensorKitChainRulesCoreExt ~/.julia/packages/TensorKit/esxcj/ext/TensorKitChainRulesCoreExt/factorizations.jl:254
┌ Warning: `svd` cotangents sensitive to gauge choice: (|Δgauge| = 1.1171167109447231e-10)
└ @ TensorKitChainRulesCoreExt ~/.julia/packages/TensorKit/esxcj/ext/TensorKitChainRulesCoreExt/factorizations.jl:254
┌ Warning: `svd` cotangents sensitive to gauge choice: (|Δgauge| = 0.3114516987477105)
└ @ TensorKitChainRulesCoreExt ~/.julia/packages/TensorKit/esxcj/ext/TensorKitChainRulesCoreExt/factorizations.jl:254
[ Info: LBFGS: iter   18, time 14853.38 s: f = -3.138753245207, ‖∇f‖ = 1.6717e-03, α = 1.00e+00, m = 3, nfg = 1
[ Info: CTMRG init:	obj = +5.654475931944e+00	err = 1.0000e+00
[ Info: CTMRG conv 7:	obj = +5.654491678714e+00	err = 2.2837849036e-10	time = 4.10 min
┌ Warning: `svd` cotangents sensitive to gauge choice: (|Δgauge| = 0.31280688713671767)
└ @ TensorKitChainRulesCoreExt ~/.julia/packages/TensorKit/esxcj/ext/TensorKitChainRulesCoreExt/factorizations.jl:254
┌ Warning: `svd` cotangents sensitive to gauge choice: (|Δgauge| = 9.771573875938702e-11)
└ @ TensorKitChainRulesCoreExt ~/.julia/packages/TensorKit/esxcj/ext/TensorKitChainRulesCoreExt/factorizations.jl:254
┌ Warning: `svd` cotangents sensitive to gauge choice: (|Δgauge| = 0.31280688689830116)
└ @ TensorKitChainRulesCoreExt ~/.julia/packages/TensorKit/esxcj/ext/TensorKitChainRulesCoreExt/factorizations.jl:254
[ Info: LBFGS: iter   19, time 15156.80 s: f = -3.138769584853, ‖∇f‖ = 1.2828e-03, α = 1.00e+00, m = 3, nfg = 1
[ Info: CTMRG init:	obj = +5.670035472935e+00	err = 1.0000e+00
[ Info: CTMRG conv 7:	obj = +5.670054912718e+00	err = 2.5203193695e-10	time = 4.12 min
┌ Warning: `svd` cotangents sensitive to gauge choice: (|Δgauge| = 0.31324883473068843)
└ @ TensorKitChainRulesCoreExt ~/.julia/packages/TensorKit/esxcj/ext/TensorKitChainRulesCoreExt/factorizations.jl:254
┌ Warning: `svd` cotangents sensitive to gauge choice: (|Δgauge| = 8.123355804568239e-11)
└ @ TensorKitChainRulesCoreExt ~/.julia/packages/TensorKit/esxcj/ext/TensorKitChainRulesCoreExt/factorizations.jl:254
┌ Warning: `svd` cotangents sensitive to gauge choice: (|Δgauge| = 0.31324883468826487)
└ @ TensorKitChainRulesCoreExt ~/.julia/packages/TensorKit/esxcj/ext/TensorKitChainRulesCoreExt/factorizations.jl:254
[ Info: CTMRG init:	obj = +5.661856532183e+00	err = 1.0000e+00
[ Info: CTMRG conv 7:	obj = +5.661860599502e+00	err = 7.6574580600e-11	time = 4.11 min
┌ Warning: `svd` cotangents sensitive to gauge choice: (|Δgauge| = 0.3130270284131365)
└ @ TensorKitChainRulesCoreExt ~/.julia/packages/TensorKit/esxcj/ext/TensorKitChainRulesCoreExt/factorizations.jl:254
┌ Warning: `svd` cotangents sensitive to gauge choice: (|Δgauge| = 8.977438548261896e-11)
└ @ TensorKitChainRulesCoreExt ~/.julia/packages/TensorKit/esxcj/ext/TensorKitChainRulesCoreExt/factorizations.jl:254
┌ Warning: `svd` cotangents sensitive to gauge choice: (|Δgauge| = 0.3130270283554206)
└ @ TensorKitChainRulesCoreExt ~/.julia/packages/TensorKit/esxcj/ext/TensorKitChainRulesCoreExt/factorizations.jl:254
[ Info: LBFGS: iter   20, time 15766.88 s: f = -3.138773929873, ‖∇f‖ = 1.5341e-03, α = 4.49e-01, m = 3, nfg = 2
[ Info: CTMRG init:	obj = +5.669200148842e+00	err = 1.0000e+00
[ Info: CTMRG conv 7:	obj = +5.669204506922e+00	err = 2.6190724708e-10	time = 4.00 min
┌ Warning: `svd` cotangents sensitive to gauge choice: (|Δgauge| = 0.3137056650118283)
└ @ TensorKitChainRulesCoreExt ~/.julia/packages/TensorKit/esxcj/ext/TensorKitChainRulesCoreExt/factorizations.jl:254
┌ Warning: `svd` cotangents sensitive to gauge choice: (|Δgauge| = 8.374843472021525e-11)
└ @ TensorKitChainRulesCoreExt ~/.julia/packages/TensorKit/esxcj/ext/TensorKitChainRulesCoreExt/factorizations.jl:254
┌ Warning: `svd` cotangents sensitive to gauge choice: (|Δgauge| = 0.31370566482556805)
└ @ TensorKitChainRulesCoreExt ~/.julia/packages/TensorKit/esxcj/ext/TensorKitChainRulesCoreExt/factorizations.jl:254
[ Info: LBFGS: converged after 21 iterations and time 16062.95 s: f = -3.138778251496, ‖∇f‖ = 6.5616e-04
