  Installing known registries into `~/.julia`
       Added `General` registry to ~/.julia/registries
    Updating registry at `~/.julia/registries/General.toml`
   Installed GPUArraysCore ─────────────── v0.2.0
   Installed TaskLocalValues ───────────── v0.1.2
   Installed IrrationalConstants ───────── v0.2.4
   Installed RealDot ───────────────────── v0.1.0
   Installed IRTools ───────────────────── v0.4.14
   Installed BlockTensorKit ────────────── v0.1.6
   Installed JLD2 ──────────────────────── v0.5.12
   Installed OhMyThreads ───────────────── v0.7.0
   Installed LRUCache ──────────────────── v1.6.2
   Installed Adapt ─────────────────────── v4.3.0
   Installed Preferences ───────────────── v1.4.3
   Installed IntegerMathUtils ──────────── v0.1.2
   Installed Accessors ─────────────────── v0.1.42
   Installed DiffRules ─────────────────── v1.15.1
   Installed TableTraits ───────────────── v1.0.1
   Installed PtrArrays ─────────────────── v1.3.0
   Installed DiffResults ───────────────── v1.1.0
   Installed LoggingExtras ─────────────── v1.0.3
   Installed OptimKit ──────────────────── v0.4.0
   Installed Tables ────────────────────── v1.12.0
   Installed SpecialFunctions ──────────── v2.5.0
   Installed HashArrayMappedTries ──────── v0.2.0
   Installed TensorKit ─────────────────── v0.14.5
   Installed WignerSymbols ─────────────── v2.0.0
   Installed ChunkSplitters ────────────── v3.1.2
   Installed DataAPI ───────────────────── v1.16.0
   Installed MPSKit ────────────────────── v0.12.6
   Installed BlockArrays ───────────────── v1.6.0
   Installed Zygote ────────────────────── v0.7.6
   Installed RecipesBase ───────────────── v1.3.4
   Installed JLLWrappers ───────────────── v1.7.0
   Installed Primes ────────────────────── v0.5.7
   Installed AbstractFFTs ──────────────── v1.5.0
   Installed Richardson ────────────────── v1.4.2
   Installed StaticArrays ──────────────── v1.9.13
   Installed NaNMath ───────────────────── v1.1.3
   Installed PrecompileTools ───────────── v1.2.1
   Installed ConstructionBase ──────────── v1.5.8
   Installed StaticArraysCore ──────────── v1.4.3
   Installed IteratorInterfaceExtensions ─ v1.0.0
   Installed StructArrays ──────────────── v0.7.1
   Installed RationalRoots ─────────────── v0.2.1
   Installed DataValueInterfaces ───────── v1.0.0
   Installed FiniteDifferences ─────────── v0.12.32
   Installed StableTasks ───────────────── v0.1.7
   Installed TensorKitSectors ──────────── v0.1.4
   Installed OrderedCollections ────────── v1.8.0
   Installed ScopedValues ──────────────── v1.3.0
   Installed InitialValues ─────────────── v0.3.1
   Installed TranscodingStreams ────────── v0.11.3
   Installed MPSKitModels ──────────────── v0.4.0
   Installed ChainRulesCore ────────────── v1.25.1
   Installed Statistics ────────────────── v1.11.1
   Installed ForwardDiff ───────────────── v1.0.1
   Installed FillArrays ────────────────── v1.13.0
   Installed VectorInterface ───────────── v0.5.0
   Installed ChainRules ────────────────── v1.72.3
   Installed FileIO ────────────────────── v1.17.0
   Installed LogExpFunctions ───────────── v0.3.29
   Installed StridedViews ──────────────── v0.4.1
   Installed BangBang ──────────────────── v0.4.4
   Installed Requires ──────────────────── v1.3.1
   Installed Strided ───────────────────── v2.3.0
   Installed ZygoteRules ───────────────── v0.2.7
   Installed CommonSubexpressions ──────── v0.3.1
   Installed PackageExtensionCompat ────── v1.0.2
   Installed HalfIntegers ──────────────── v1.6.0
   Installed MacroTools ────────────────── v0.5.15
   Installed PEPSKit ───────────────────── v0.5.0
   Installed SparseInverseSubset ───────── v0.1.2
   Installed Compat ────────────────────── v4.16.0
   Installed OpenSpecFun_jll ───────────── v0.5.6+0
   Installed CompositionsBase ──────────── v0.1.2
   Installed InverseFunctions ──────────── v0.1.17
   Installed TensorOperations ──────────── v5.2.0
   Installed TensorKitManifolds ────────── v0.7.2
   Installed DocStringExtensions ───────── v0.9.4
   Installed TupleTools ────────────────── v1.6.0
   Installed KrylovKit ─────────────────── v0.9.5
   Installed ArrayLayouts ──────────────── v1.11.1
    Updating `/var/lib/condor/execute/dir_15061/Project.toml`
  [d360d2e6] + ChainRulesCore v1.25.1
  [033835bb] + JLD2 v0.5.12
  [0b1a1467] + KrylovKit v0.9.5
  [bb1c41ca] + MPSKit v0.12.6
  [ca635005] + MPSKitModels v0.4.0
  [77e91f04] + OptimKit v0.4.0
  [52969e89] + PEPSKit v0.5.0
  [07d1fe3e] + TensorKit v0.14.5
  [409d34a3] + VectorInterface v0.5.0
  [e88e6eb3] + Zygote v0.7.6
  [37e2e46d] ~ LinearAlgebra ⇒ v1.11.0
    Updating `/var/lib/condor/execute/dir_15061/Manifest.toml`
  [621f4979] + AbstractFFTs v1.5.0
  [7d9f7c33] + Accessors v0.1.42
  [79e6a3ab] + Adapt v4.3.0
  [4c555306] + ArrayLayouts v1.11.1
  [198e06fe] + BangBang v0.4.4
  [8e7c35d0] + BlockArrays v1.6.0
  [5f87ffc2] + BlockTensorKit v0.1.6
  [082447d4] + ChainRules v1.72.3
  [d360d2e6] + ChainRulesCore v1.25.1
  [ae650224] + ChunkSplitters v3.1.2
  [bbf7d656] + CommonSubexpressions v0.3.1
  [34da2185] + Compat v4.16.0
  [a33af91c] + CompositionsBase v0.1.2
  [187b0558] + ConstructionBase v1.5.8
  [9a962f9c] + DataAPI v1.16.0
  [e2d170a0] + DataValueInterfaces v1.0.0
  [163ba53b] + DiffResults v1.1.0
  [b552c78f] + DiffRules v1.15.1
  [ffbed154] + DocStringExtensions v0.9.4
  [5789e2e9] + FileIO v1.17.0
  [1a297f60] + FillArrays v1.13.0
  [26cc04aa] + FiniteDifferences v0.12.32
  [f6369f11] + ForwardDiff v1.0.1
  [46192b85] + GPUArraysCore v0.2.0
  [f0d1745a] + HalfIntegers v1.6.0
  [076d061b] + HashArrayMappedTries v0.2.0
  [7869d1d1] + IRTools v0.4.14
  [22cec73e] + InitialValues v0.3.1
  [18e54dd8] + IntegerMathUtils v0.1.2
  [3587e190] + InverseFunctions v0.1.17
  [92d709cd] + IrrationalConstants v0.2.4
  [82899510] + IteratorInterfaceExtensions v1.0.0
  [033835bb] + JLD2 v0.5.12
  [692b3bcd] + JLLWrappers v1.7.0
  [0b1a1467] + KrylovKit v0.9.5
  [8ac3fa9e] + LRUCache v1.6.2
  [2ab3a3ac] + LogExpFunctions v0.3.29
⌅ [e6f89c97] + LoggingExtras v1.0.3
  [bb1c41ca] + MPSKit v0.12.6
  [ca635005] + MPSKitModels v0.4.0
  [1914dd2f] + MacroTools v0.5.15
  [77ba4419] + NaNMath v1.1.3
⌅ [67456a42] + OhMyThreads v0.7.0
  [77e91f04] + OptimKit v0.4.0
  [bac558e1] + OrderedCollections v1.8.0
  [52969e89] + PEPSKit v0.5.0
  [65ce6f38] + PackageExtensionCompat v1.0.2
⌅ [aea7be01] + PrecompileTools v1.2.1
  [21216c6a] + Preferences v1.4.3
  [27ebfcd6] + Primes v0.5.7
  [43287f4e] + PtrArrays v1.3.0
  [308eb6b3] + RationalRoots v0.2.1
  [c1ae055f] + RealDot v0.1.0
  [3cdcf5f2] + RecipesBase v1.3.4
  [ae029012] + Requires v1.3.1
  [708f8203] + Richardson v1.4.2
  [7e506255] + ScopedValues v1.3.0
  [dc90abb0] + SparseInverseSubset v0.1.2
  [276daf66] + SpecialFunctions v2.5.0
  [91464d47] + StableTasks v0.1.7
  [90137ffa] + StaticArrays v1.9.13
  [1e83bf80] + StaticArraysCore v1.4.3
  [10745b16] + Statistics v1.11.1
  [5e0ebb24] + Strided v2.3.0
  [4db3bf67] + StridedViews v0.4.1
  [09ab397b] + StructArrays v0.7.1
  [3783bdb8] + TableTraits v1.0.1
  [bd369af6] + Tables v1.12.0
  [ed4db957] + TaskLocalValues v0.1.2
  [07d1fe3e] + TensorKit v0.14.5
  [11fa318c] + TensorKitManifolds v0.7.2
  [13a9c161] + TensorKitSectors v0.1.4
  [6aa20fa7] + TensorOperations v5.2.0
  [3bb67fe8] + TranscodingStreams v0.11.3
  [9d95972d] + TupleTools v1.6.0
  [409d34a3] + VectorInterface v0.5.0
  [9f57e263] + WignerSymbols v2.0.0
  [e88e6eb3] + Zygote v0.7.6
  [700de1a5] + ZygoteRules v0.2.7
  [efe28fd5] + OpenSpecFun_jll v0.5.6+0
  [0dad84c5] + ArgTools v1.1.2
  [56f22d72] + Artifacts v1.11.0
  [2a0f44e3] + Base64 v1.11.0
  [ade2ca70] + Dates v1.11.0
  [8ba89e20] + Distributed v1.11.0
  [f43a241f] + Downloads v1.6.0
  [7b1f6079] + FileWatching v1.11.0
  [b77e0a4c] + InteractiveUtils v1.11.0
  [b27032c2] + LibCURL v0.6.4
  [76f85450] + LibGit2 v1.11.0
  [8f399da3] + Libdl v1.11.0
  [37e2e46d] + LinearAlgebra v1.11.0
  [56ddb016] + Logging v1.11.0
  [d6f4376e] + Markdown v1.11.0
  [a63ad114] + Mmap v1.11.0
  [ca575930] + NetworkOptions v1.2.0
  [44cfe95a] + Pkg v1.11.0
  [de0858da] + Printf v1.11.0
  [9a3f8284] + Random v1.11.0
  [ea8e919c] + SHA v0.7.0
  [9e88b42a] + Serialization v1.11.0
  [6462fe0b] + Sockets v1.11.0
  [2f01184e] + SparseArrays v1.11.0
  [4607b0f0] + SuiteSparse
  [fa267f1f] + TOML v1.0.3
  [a4e569a6] + Tar v1.10.0
  [cf7118a7] + UUIDs v1.11.0
  [4ec0a83e] + Unicode v1.11.0
  [e66e0078] + CompilerSupportLibraries_jll v1.1.1+0
  [deac9b47] + LibCURL_jll v8.6.0+0
  [e37daf67] + LibGit2_jll v1.7.2+0
  [29816b5a] + LibSSH2_jll v1.11.0+1
  [c8ffd9c3] + MbedTLS_jll v2.28.6+0
  [14a3606d] + MozillaCACerts_jll v2023.12.12
  [4536629a] + OpenBLAS_jll v0.3.27+1
  [05823500] + OpenLibm_jll v0.8.1+2
  [bea87d4a] + SuiteSparse_jll v7.7.0+0
  [83775a58] + Zlib_jll v1.2.13+1
  [8e850b90] + libblastrampoline_jll v5.11.0+0
  [8e850ede] + nghttp2_jll v1.59.0+0
  [3f19e933] + p7zip_jll v17.4.0+2
        Info Packages marked with ⌅ have new versions available but compatibility constraints restrict them from upgrading. To see why use `status --outdated -m`
Precompiling project...
    416.2 ms  ✓ TaskLocalValues
    374.7 ms  ✓ DataValueInterfaces
    391.4 ms  ✓ IntegerMathUtils
    395.9 ms  ✓ RealDot
    433.5 ms  ✓ Richardson
    489.5 ms  ✓ StableTasks
    498.6 ms  ✓ HalfIntegers
    492.3 ms  ✓ InverseFunctions
    509.4 ms  ✓ LRUCache
    568.5 ms  ✓ VectorInterface
    591.4 ms  ✓ AbstractFFTs
    585.8 ms  ✓ DocStringExtensions
    617.9 ms  ✓ OrderedCollections
    583.4 ms  ✓ Statistics
    380.3 ms  ✓ IteratorInterfaceExtensions
    390.6 ms  ✓ PackageExtensionCompat
    412.4 ms  ✓ DataAPI
    392.0 ms  ✓ CompositionsBase
    523.9 ms  ✓ ConstructionBase
    395.8 ms  ✓ PtrArrays
    949.5 ms  ✓ FillArrays
    508.6 ms  ✓ ChunkSplitters
    548.1 ms  ✓ RationalRoots
    568.2 ms  ✓ StaticArraysCore
    564.7 ms  ✓ TupleTools
   1136.7 ms  ✓ IrrationalConstants
    551.4 ms  ✓ HashArrayMappedTries
    607.5 ms  ✓ TranscodingStreams
    537.4 ms  ✓ NaNMath
    525.7 ms  ✓ Requires
    598.8 ms  ✓ LoggingExtras
    881.7 ms  ✓ InitialValues
    583.5 ms  ✓ SuiteSparse
    602.7 ms  ✓ Compat
    436.4 ms  ✓ LRUCache → SerializationExt
    613.3 ms  ✓ InverseFunctions → InverseFunctionsDatesExt
    452.7 ms  ✓ DiffResults
    673.9 ms  ✓ Primes
    452.4 ms  ✓ CompositionsBase → CompositionsBaseInverseFunctionsExt
    777.6 ms  ✓ Preferences
    527.8 ms  ✓ StridedViews
    430.2 ms  ✓ ConstructionBase → ConstructionBaseLinearAlgebraExt
    616.1 ms  ✓ Statistics → SparseArraysExt
    693.6 ms  ✓ LogExpFunctions
    419.2 ms  ✓ TableTraits
    533.4 ms  ✓ FillArrays → FillArraysStatisticsExt
    404.4 ms  ✓ ScopedValues
    678.1 ms  ✓ FillArrays → FillArraysSparseArraysExt
    436.9 ms  ✓ Compat → CompatLinearAlgebraExt
    499.8 ms  ✓ Adapt
    495.2 ms  ✓ PrecompileTools
    424.6 ms  ✓ StridedViews → StridedViewsPtrArraysExt
    589.0 ms  ✓ SparseInverseSubset
    532.0 ms  ✓ JLLWrappers
    452.4 ms  ✓ LogExpFunctions → LogExpFunctionsInverseFunctionsExt
    644.3 ms  ✓ Strided
    516.5 ms  ✓ GPUArraysCore
   2230.1 ms  ✓ MacroTools
    584.4 ms  ✓ Adapt → AdaptSparseArraysExt
    833.8 ms  ✓ Tables
    606.3 ms  ✓ OpenSpecFun_jll
   1460.2 ms  ✓ KrylovKit
    518.8 ms  ✓ CommonSubexpressions
   1241.0 ms  ✓ OptimKit
   1261.8 ms  ✓ ChainRulesCore
    802.1 ms  ✓ StructArrays
   1573.4 ms  ✓ RecipesBase
    494.2 ms  ✓ AbstractFFTs → AbstractFFTsChainRulesCoreExt
    632.1 ms  ✓ ChainRulesCore → ChainRulesCoreSparseArraysExt
   2342.1 ms  ✓ WignerSymbols
    663.8 ms  ✓ KrylovKit → KrylovKitChainRulesCoreExt
    478.5 ms  ✓ StructArrays → StructArraysAdaptExt
    790.1 ms  ✓ ZygoteRules
    647.3 ms  ✓ StructArrays → StructArraysSparseArraysExt
    579.1 ms  ✓ StructArrays → StructArraysLinearAlgebraExt
   1763.2 ms  ✓ IRTools
   1989.3 ms  ✓ Accessors
   1333.7 ms  ✓ LogExpFunctions → LogExpFunctionsChainRulesCoreExt
    544.4 ms  ✓ Accessors → StructArraysExt
    578.5 ms  ✓ Accessors → LinearAlgebraExt
   3801.0 ms  ✓ FileIO
   2663.1 ms  ✓ SpecialFunctions
    791.4 ms  ✓ BangBang
    647.0 ms  ✓ DiffRules
    542.4 ms  ✓ BangBang → BangBangTablesExt
    549.1 ms  ✓ BangBang → BangBangStructArraysExt
    562.6 ms  ✓ BangBang → BangBangChainRulesCoreExt
    941.0 ms  ✓ OhMyThreads
   1675.4 ms  ✓ SpecialFunctions → SpecialFunctionsChainRulesCoreExt
   6412.9 ms  ✓ StaticArrays
    649.3 ms  ✓ StaticArrays → StaticArraysStatisticsExt
    649.7 ms  ✓ Adapt → AdaptStaticArraysExt
    665.1 ms  ✓ ConstructionBase → ConstructionBaseStaticArraysExt
    684.9 ms  ✓ StaticArrays → StaticArraysChainRulesCoreExt
    714.5 ms  ✓ StructArrays → StructArraysStaticArraysExt
    746.4 ms  ✓ Accessors → StaticArraysExt
    750.3 ms  ✓ BangBang → BangBangStaticArraysExt
   3248.8 ms  ✓ ForwardDiff
   5491.9 ms  ✓ ChainRules
    791.7 ms  ✓ ForwardDiff → ForwardDiffStaticArraysExt
   1107.2 ms  ✓ FiniteDifferences
  12068.7 ms  ✓ ArrayLayouts
    731.5 ms  ✓ ArrayLayouts → ArrayLayoutsSparseArraysExt
   1479.7 ms  ✓ BlockArrays
    710.1 ms  ✓ BlockArrays → BlockArraysAdaptExt
  27388.7 ms  ✓ JLD2
  25162.8 ms  ✓ Zygote
 100843.9 ms  ✓ TensorOperations
   1150.3 ms  ✓ TensorOperations → TensorOperationsChainRulesCoreExt
   4918.8 ms  ✓ TensorKitSectors
   6015.3 ms  ✓ TensorKit
   1674.9 ms  ✓ TensorKitManifolds
   1683.6 ms  ✓ TensorKit → TensorKitFiniteDifferencesExt
   1786.6 ms  ✓ TensorKit → TensorKitChainRulesCoreExt
   2296.1 ms  ✓ BlockTensorKit
  11704.9 ms  ✓ MPSKit
  11008.5 ms  ✓ MPSKitModels
  11926.3 ms  ✓ PEPSKit
  118 dependencies successfully precompiled in 151 seconds. 31 already precompiled.
[ Info: CTMRG init:	obj = +2.090559027781e+00 +3.077066119465e+00im	err = 1.0000e+00
[ Info: CTMRG conv 33:	obj = +1.996080324564e+00	err = 9.5289449868e-10	time = 30.03 sec
[ Info: CTMRG init:	obj = +1.371031756894e+01 -2.780006179047e-08im	err = 1.0000e+00
[ Info: CTMRG conv 14:	obj = +1.501254466352e+01	err = 2.1226956347e-10	time = 1.21 min
┌ Warning: `svd` cotangents sensitive to gauge choice: (|Δgauge| = 0.3199780842766623)
└ @ TensorKitChainRulesCoreExt ~/.julia/packages/TensorKit/esxcj/ext/TensorKitChainRulesCoreExt/factorizations.jl:254
┌ Warning: `svd` cotangents sensitive to gauge choice: (|Δgauge| = 0.31997808427724056)
└ @ TensorKitChainRulesCoreExt ~/.julia/packages/TensorKit/esxcj/ext/TensorKitChainRulesCoreExt/factorizations.jl:254
[ Info: LBFGS: initializing with f = -0.026812819667, ‖∇f‖ = 5.1727e-02
[ Info: CTMRG init:	obj = +1.897613898504e+00	err = 1.0000e+00
[ Info: CTMRG conv 31:	obj = +1.997531314467e+00	err = 7.3883379406e-10	time = 12.54 sec
┌ Warning: `svd` cotangents sensitive to gauge choice: (|Δgauge| = 0.29363084874765055)
└ @ TensorKitChainRulesCoreExt ~/.julia/packages/TensorKit/esxcj/ext/TensorKitChainRulesCoreExt/factorizations.jl:254
┌ Warning: `svd` cotangents sensitive to gauge choice: (|Δgauge| = 3.232387142950265e-10)
└ @ TensorKitChainRulesCoreExt ~/.julia/packages/TensorKit/esxcj/ext/TensorKitChainRulesCoreExt/factorizations.jl:254
┌ Warning: `svd` cotangents sensitive to gauge choice: (|Δgauge| = 0.29363084907089704)
└ @ TensorKitChainRulesCoreExt ~/.julia/packages/TensorKit/esxcj/ext/TensorKitChainRulesCoreExt/factorizations.jl:254
[ Info: CTMRG init:	obj = +1.901425900790e+00	err = 1.0000e+00
[ Info: CTMRG conv 31:	obj = +2.003554015293e+00	err = 7.5064088295e-10	time = 12.11 sec
┌ Warning: `svd` cotangents sensitive to gauge choice: (|Δgauge| = 0.29272978725812693)
└ @ TensorKitChainRulesCoreExt ~/.julia/packages/TensorKit/esxcj/ext/TensorKitChainRulesCoreExt/factorizations.jl:254
┌ Warning: `svd` cotangents sensitive to gauge choice: (|Δgauge| = 3.779504973060268e-10)
└ @ TensorKitChainRulesCoreExt ~/.julia/packages/TensorKit/esxcj/ext/TensorKitChainRulesCoreExt/factorizations.jl:254
┌ Warning: `svd` cotangents sensitive to gauge choice: (|Δgauge| = 0.2927297876360655)
└ @ TensorKitChainRulesCoreExt ~/.julia/packages/TensorKit/esxcj/ext/TensorKitChainRulesCoreExt/factorizations.jl:254
[ Info: CTMRG init:	obj = +1.923325965301e+00	err = 1.0000e+00
[ Info: CTMRG conv 32:	obj = +2.038779469151e+00	err = 6.1234528877e-10	time = 13.26 sec
┌ Warning: `svd` cotangents sensitive to gauge choice: (|Δgauge| = 0.28864426785466557)
└ @ TensorKitChainRulesCoreExt ~/.julia/packages/TensorKit/esxcj/ext/TensorKitChainRulesCoreExt/factorizations.jl:254
┌ Warning: `svd` cotangents sensitive to gauge choice: (|Δgauge| = 4.356306627696944e-10)
└ @ TensorKitChainRulesCoreExt ~/.julia/packages/TensorKit/esxcj/ext/TensorKitChainRulesCoreExt/factorizations.jl:254
┌ Warning: `svd` cotangents sensitive to gauge choice: (|Δgauge| = 0.2886442682902769)
└ @ TensorKitChainRulesCoreExt ~/.julia/packages/TensorKit/esxcj/ext/TensorKitChainRulesCoreExt/factorizations.jl:254
[ Info: CTMRG init:	obj = +2.103255014681e+00	err = 1.0000e+00
[ Info: CTMRG conv 37:	obj = +2.334676314649e+00	err = 7.3954128641e-10	time = 15.89 sec
┌ Warning: `svd` cotangents sensitive to gauge choice: (|Δgauge| = 0.30651332569509143)
└ @ TensorKitChainRulesCoreExt ~/.julia/packages/TensorKit/esxcj/ext/TensorKitChainRulesCoreExt/factorizations.jl:254
┌ Warning: `svd` cotangents sensitive to gauge choice: (|Δgauge| = 1.048934729736166e-9)
└ @ TensorKitChainRulesCoreExt ~/.julia/packages/TensorKit/esxcj/ext/TensorKitChainRulesCoreExt/factorizations.jl:254
┌ Warning: `svd` cotangents sensitive to gauge choice: (|Δgauge| = 0.3065133261195657)
└ @ TensorKitChainRulesCoreExt ~/.julia/packages/TensorKit/esxcj/ext/TensorKitChainRulesCoreExt/factorizations.jl:254
[ Info: CTMRG init:	obj = +4.600605549681e+00	err = 1.0000e+00
[ Info: CTMRG conv 60:	obj = +6.923990146369e+00	err = 9.5224404509e-10	time = 27.97 sec
┌ Warning: `svd` cotangents sensitive to gauge choice: (|Δgauge| = 0.1354302929506917)
└ @ TensorKitChainRulesCoreExt ~/.julia/packages/TensorKit/esxcj/ext/TensorKitChainRulesCoreExt/factorizations.jl:254
┌ Warning: `svd` cotangents sensitive to gauge choice: (|Δgauge| = 1.420583547170756e-9)
└ @ TensorKitChainRulesCoreExt ~/.julia/packages/TensorKit/esxcj/ext/TensorKitChainRulesCoreExt/factorizations.jl:254
┌ Warning: `svd` cotangents sensitive to gauge choice: (|Δgauge| = 0.13543029231750367)
└ @ TensorKitChainRulesCoreExt ~/.julia/packages/TensorKit/esxcj/ext/TensorKitChainRulesCoreExt/factorizations.jl:254
[ Info: CTMRG init:	obj = +1.278429371680e+01	err = 1.0000e+00
[ Info: CTMRG conv 20:	obj = +1.795289623081e+01	err = 9.6746741342e-10	time = 11.02 sec
┌ Warning: `svd` cotangents sensitive to gauge choice: (|Δgauge| = 0.4818826115766459)
└ @ TensorKitChainRulesCoreExt ~/.julia/packages/TensorKit/esxcj/ext/TensorKitChainRulesCoreExt/factorizations.jl:254
┌ Warning: `svd` cotangents sensitive to gauge choice: (|Δgauge| = 6.83046598428807e-10)
└ @ TensorKitChainRulesCoreExt ~/.julia/packages/TensorKit/esxcj/ext/TensorKitChainRulesCoreExt/factorizations.jl:254
┌ Warning: `svd` cotangents sensitive to gauge choice: (|Δgauge| = 0.48188261099132346)
└ @ TensorKitChainRulesCoreExt ~/.julia/packages/TensorKit/esxcj/ext/TensorKitChainRulesCoreExt/factorizations.jl:254
[ Info: CTMRG init:	obj = +8.676530283215e+00	err = 1.0000e+00
[ Info: CTMRG conv 50:	obj = +1.345431558360e+01	err = 8.2556251074e-10	time = 26.36 sec
┌ Warning: `svd` cotangents sensitive to gauge choice: (|Δgauge| = 0.193925953992765)
└ @ TensorKitChainRulesCoreExt ~/.julia/packages/TensorKit/esxcj/ext/TensorKitChainRulesCoreExt/factorizations.jl:254
┌ Warning: `svd` cotangents sensitive to gauge choice: (|Δgauge| = 1.2707432802108027e-9)
└ @ TensorKitChainRulesCoreExt ~/.julia/packages/TensorKit/esxcj/ext/TensorKitChainRulesCoreExt/factorizations.jl:254
┌ Warning: `svd` cotangents sensitive to gauge choice: (|Δgauge| = 0.19392595434430582)
└ @ TensorKitChainRulesCoreExt ~/.julia/packages/TensorKit/esxcj/ext/TensorKitChainRulesCoreExt/factorizations.jl:254
[ Info: LBFGS: iter    1, time 1140.44 s: f = -1.795568189495, ‖∇f‖ = 9.1949e-01, α = 1.10e+03, m = 0, nfg = 7
[ Info: CTMRG init:	obj = +2.070652068931e+01	err = 1.0000e+00
[ Info: CTMRG conv 37:	obj = +2.143699779151e+01	err = 6.5157236796e-10	time = 21.13 sec
┌ Warning: `svd` cotangents sensitive to gauge choice: (|Δgauge| = 0.07889395679364633)
└ @ TensorKitChainRulesCoreExt ~/.julia/packages/TensorKit/esxcj/ext/TensorKitChainRulesCoreExt/factorizations.jl:254
┌ Warning: `svd` cotangents sensitive to gauge choice: (|Δgauge| = 3.4102322784816566e-9)
└ @ TensorKitChainRulesCoreExt ~/.julia/packages/TensorKit/esxcj/ext/TensorKitChainRulesCoreExt/factorizations.jl:254
┌ Warning: `svd` cotangents sensitive to gauge choice: (|Δgauge| = 0.07889396020391654)
└ @ TensorKitChainRulesCoreExt ~/.julia/packages/TensorKit/esxcj/ext/TensorKitChainRulesCoreExt/factorizations.jl:254
[ Info: LBFGS: iter    2, time 1170.82 s: f = -1.881690459202, ‖∇f‖ = 6.6928e-02, α = 1.00e+00, m = 1, nfg = 1
[ Info: CTMRG init:	obj = +1.795509621636e+01	err = 1.0000e+00
[ Info: CTMRG conv 36:	obj = +1.798934931955e+01	err = 8.4470913949e-10	time = 20.43 sec
┌ Warning: `svd` cotangents sensitive to gauge choice: (|Δgauge| = 0.09548628459044706)
└ @ TensorKitChainRulesCoreExt ~/.julia/packages/TensorKit/esxcj/ext/TensorKitChainRulesCoreExt/factorizations.jl:254
┌ Warning: `svd` cotangents sensitive to gauge choice: (|Δgauge| = 3.0151135260952815e-8)
└ @ TensorKitChainRulesCoreExt ~/.julia/packages/TensorKit/esxcj/ext/TensorKitChainRulesCoreExt/factorizations.jl:254
┌ Warning: `svd` cotangents sensitive to gauge choice: (|Δgauge| = 0.09548625638327038)
└ @ TensorKitChainRulesCoreExt ~/.julia/packages/TensorKit/esxcj/ext/TensorKitChainRulesCoreExt/factorizations.jl:254
[ Info: LBFGS: iter    3, time 1199.31 s: f = -1.907299465126, ‖∇f‖ = 4.8304e-02, α = 1.00e+00, m = 2, nfg = 1
[ Info: CTMRG init:	obj = +1.478249405131e+00	err = 1.0000e+00
[ Info: CTMRG conv 38:	obj = +2.925465536258e+00	err = 8.7324405045e-10	time = 22.79 sec
┌ Warning: `svd` cotangents sensitive to gauge choice: (|Δgauge| = 0.2955025091223423)
└ @ TensorKitChainRulesCoreExt ~/.julia/packages/TensorKit/esxcj/ext/TensorKitChainRulesCoreExt/factorizations.jl:254
┌ Warning: `svd` cotangents sensitive to gauge choice: (|Δgauge| = 3.8941469728472546e-10)
└ @ TensorKitChainRulesCoreExt ~/.julia/packages/TensorKit/esxcj/ext/TensorKitChainRulesCoreExt/factorizations.jl:254
┌ Warning: `svd` cotangents sensitive to gauge choice: (|Δgauge| = 0.2955025092044441)
└ @ TensorKitChainRulesCoreExt ~/.julia/packages/TensorKit/esxcj/ext/TensorKitChainRulesCoreExt/factorizations.jl:254
[ Info: CTMRG init:	obj = +1.754151734013e+01	err = 1.0000e+00
[ Info: CTMRG conv 31:	obj = +1.754208872732e+01	err = 7.7072685916e-10	time = 19.36 sec
┌ Warning: `svd` cotangents sensitive to gauge choice: (|Δgauge| = 0.0975706655358914)
└ @ TensorKitChainRulesCoreExt ~/.julia/packages/TensorKit/esxcj/ext/TensorKitChainRulesCoreExt/factorizations.jl:254
┌ Warning: `svd` cotangents sensitive to gauge choice: (|Δgauge| = 3.041408586373568e-7)
└ @ TensorKitChainRulesCoreExt ~/.julia/packages/TensorKit/esxcj/ext/TensorKitChainRulesCoreExt/factorizations.jl:254
┌ Warning: `svd` cotangents sensitive to gauge choice: (|Δgauge| = 0.09757094973999843)
└ @ TensorKitChainRulesCoreExt ~/.julia/packages/TensorKit/esxcj/ext/TensorKitChainRulesCoreExt/factorizations.jl:254
[ Info: CTMRG init:	obj = +6.230165976932e+00	err = 1.0000e+00
[ Info: CTMRG conv 63:	obj = +6.661632736613e+00	err = 8.7113037567e-10	time = 41.63 sec
┌ Warning: `svd` cotangents sensitive to gauge choice: (|Δgauge| = 0.13307832114727164)
└ @ TensorKitChainRulesCoreExt ~/.julia/packages/TensorKit/esxcj/ext/TensorKitChainRulesCoreExt/factorizations.jl:254
┌ Warning: `svd` cotangents sensitive to gauge choice: (|Δgauge| = 2.9854085969173935e-9)
└ @ TensorKitChainRulesCoreExt ~/.julia/packages/TensorKit/esxcj/ext/TensorKitChainRulesCoreExt/factorizations.jl:254
┌ Warning: `svd` cotangents sensitive to gauge choice: (|Δgauge| = 0.13307832389885652)
└ @ TensorKitChainRulesCoreExt ~/.julia/packages/TensorKit/esxcj/ext/TensorKitChainRulesCoreExt/factorizations.jl:254
[ Info: CTMRG init:	obj = +1.670142082640e+01	err = 1.0000e+00
[ Info: CTMRG conv 34:	obj = +1.670604353362e+01	err = 7.7697423006e-10	time = 25.67 sec
┌ Warning: `svd` cotangents sensitive to gauge choice: (|Δgauge| = 0.10142089966449264)
└ @ TensorKitChainRulesCoreExt ~/.julia/packages/TensorKit/esxcj/ext/TensorKitChainRulesCoreExt/factorizations.jl:254
┌ Warning: `svd` cotangents sensitive to gauge choice: (|Δgauge| = 1.1852126808016557e-7)
└ @ TensorKitChainRulesCoreExt ~/.julia/packages/TensorKit/esxcj/ext/TensorKitChainRulesCoreExt/factorizations.jl:254
┌ Warning: `svd` cotangents sensitive to gauge choice: (|Δgauge| = 0.1014207889254438)
└ @ TensorKitChainRulesCoreExt ~/.julia/packages/TensorKit/esxcj/ext/TensorKitChainRulesCoreExt/factorizations.jl:254
[ Info: LBFGS: iter    4, time 1344.59 s: f = -1.914432841885, ‖∇f‖ = 5.0913e-02, α = 7.69e-02, m = 3, nfg = 4
[ Info: CTMRG init:	obj = +7.948913806576e+00	err = 1.0000e+00
[ Info: CTMRG conv 54:	obj = +8.146790072739e+00	err = 7.9956001112e-10	time = 38.85 sec
┌ Warning: `svd` cotangents sensitive to gauge choice: (|Δgauge| = 0.13601164833790866)
└ @ TensorKitChainRulesCoreExt ~/.julia/packages/TensorKit/esxcj/ext/TensorKitChainRulesCoreExt/factorizations.jl:254
┌ Warning: `svd` cotangents sensitive to gauge choice: (|Δgauge| = 6.955489205153187e-9)
└ @ TensorKitChainRulesCoreExt ~/.julia/packages/TensorKit/esxcj/ext/TensorKitChainRulesCoreExt/factorizations.jl:254
┌ Warning: `svd` cotangents sensitive to gauge choice: (|Δgauge| = 0.13601164189892057)
└ @ TensorKitChainRulesCoreExt ~/.julia/packages/TensorKit/esxcj/ext/TensorKitChainRulesCoreExt/factorizations.jl:254
[ Info: CTMRG init:	obj = +1.525812257981e+01	err = 1.0000e+00
[ Info: CTMRG conv 35:	obj = +1.526322844435e+01	err = 9.3982398332e-10	time = 26.89 sec
┌ Warning: `svd` cotangents sensitive to gauge choice: (|Δgauge| = 0.10771080352817866)
└ @ TensorKitChainRulesCoreExt ~/.julia/packages/TensorKit/esxcj/ext/TensorKitChainRulesCoreExt/factorizations.jl:254
┌ Warning: `svd` cotangents sensitive to gauge choice: (|Δgauge| = 1.3814592947688358e-7)
└ @ TensorKitChainRulesCoreExt ~/.julia/packages/TensorKit/esxcj/ext/TensorKitChainRulesCoreExt/factorizations.jl:254
┌ Warning: `svd` cotangents sensitive to gauge choice: (|Δgauge| = 0.10771093249361732)
└ @ TensorKitChainRulesCoreExt ~/.julia/packages/TensorKit/esxcj/ext/TensorKitChainRulesCoreExt/factorizations.jl:254
[ Info: LBFGS: iter    5, time 1430.17 s: f = -1.921551565870, ‖∇f‖ = 6.2712e-02, α = 1.78e-01, m = 3, nfg = 2
[ Info: CTMRG init:	obj = +6.512027792241e+00	err = 1.0000e+00
[ Info: CTMRG conv 51:	obj = +6.625986315939e+00	err = 8.5376452966e-10	time = 41.95 sec
┌ Warning: `svd` cotangents sensitive to gauge choice: (|Δgauge| = 0.13088155338320534)
└ @ TensorKitChainRulesCoreExt ~/.julia/packages/TensorKit/esxcj/ext/TensorKitChainRulesCoreExt/factorizations.jl:254
┌ Warning: `svd` cotangents sensitive to gauge choice: (|Δgauge| = 8.952164674265934e-9)
└ @ TensorKitChainRulesCoreExt ~/.julia/packages/TensorKit/esxcj/ext/TensorKitChainRulesCoreExt/factorizations.jl:254
┌ Warning: `svd` cotangents sensitive to gauge choice: (|Δgauge| = 0.13088156171335497)
└ @ TensorKitChainRulesCoreExt ~/.julia/packages/TensorKit/esxcj/ext/TensorKitChainRulesCoreExt/factorizations.jl:254
[ Info: CTMRG init:	obj = +1.362043030888e+01	err = 1.0000e+00
[ Info: CTMRG conv 37:	obj = +1.362450666943e+01	err = 7.3618175980e-10	time = 30.50 sec
┌ Warning: `svd` cotangents sensitive to gauge choice: (|Δgauge| = 0.11237739077661277)
└ @ TensorKitChainRulesCoreExt ~/.julia/packages/TensorKit/esxcj/ext/TensorKitChainRulesCoreExt/factorizations.jl:254
┌ Warning: `svd` cotangents sensitive to gauge choice: (|Δgauge| = 9.735195257418087e-8)
└ @ TensorKitChainRulesCoreExt ~/.julia/packages/TensorKit/esxcj/ext/TensorKitChainRulesCoreExt/factorizations.jl:254
┌ Warning: `svd` cotangents sensitive to gauge choice: (|Δgauge| = 0.11237748164468885)
└ @ TensorKitChainRulesCoreExt ~/.julia/packages/TensorKit/esxcj/ext/TensorKitChainRulesCoreExt/factorizations.jl:254
[ Info: LBFGS: iter    6, time 1521.75 s: f = -1.930385803431, ‖∇f‖ = 6.6235e-02, α = 2.03e-01, m = 3, nfg = 2
[ Info: CTMRG init:	obj = +5.694314049798e+00	err = 1.0000e+00
[ Info: CTMRG conv 45:	obj = +5.730209216719e+00	err = 7.6917212055e-10	time = 37.51 sec
┌ Warning: `svd` cotangents sensitive to gauge choice: (|Δgauge| = 0.13259306623208017)
└ @ TensorKitChainRulesCoreExt ~/.julia/packages/TensorKit/esxcj/ext/TensorKitChainRulesCoreExt/factorizations.jl:254
┌ Warning: `svd` cotangents sensitive to gauge choice: (|Δgauge| = 2.0794959046564848e-8)
└ @ TensorKitChainRulesCoreExt ~/.julia/packages/TensorKit/esxcj/ext/TensorKitChainRulesCoreExt/factorizations.jl:254
┌ Warning: `svd` cotangents sensitive to gauge choice: (|Δgauge| = 0.13259308556638705)
└ @ TensorKitChainRulesCoreExt ~/.julia/packages/TensorKit/esxcj/ext/TensorKitChainRulesCoreExt/factorizations.jl:254
[ Info: LBFGS: iter    7, time 1569.06 s: f = -1.958471486038, ‖∇f‖ = 1.4819e-01, α = 1.00e+00, m = 3, nfg = 1
[ Info: CTMRG init:	obj = +5.639273329425e+00	err = 1.0000e+00
[ Info: CTMRG conv 30:	obj = +5.741934002535e+00	err = 8.2560796251e-10	time = 25.63 sec
┌ Warning: `svd` cotangents sensitive to gauge choice: (|Δgauge| = 0.08338774848743327)
└ @ TensorKitChainRulesCoreExt ~/.julia/packages/TensorKit/esxcj/ext/TensorKitChainRulesCoreExt/factorizations.jl:254
┌ Warning: `svd` cotangents sensitive to gauge choice: (|Δgauge| = 3.029737568336204e-8)
└ @ TensorKitChainRulesCoreExt ~/.julia/packages/TensorKit/esxcj/ext/TensorKitChainRulesCoreExt/factorizations.jl:254
┌ Warning: `svd` cotangents sensitive to gauge choice: (|Δgauge| = 0.08338772066678285)
└ @ TensorKitChainRulesCoreExt ~/.julia/packages/TensorKit/esxcj/ext/TensorKitChainRulesCoreExt/factorizations.jl:254
[ Info: CTMRG init:	obj = +5.715073289919e+00	err = 1.0000e+00
[ Info: CTMRG conv 36:	obj = +5.745955804737e+00	err = 7.1914117775e-10	time = 30.37 sec
┌ Warning: `svd` cotangents sensitive to gauge choice: (|Δgauge| = 0.10912737226473154)
└ @ TensorKitChainRulesCoreExt ~/.julia/packages/TensorKit/esxcj/ext/TensorKitChainRulesCoreExt/factorizations.jl:254
┌ Warning: `svd` cotangents sensitive to gauge choice: (|Δgauge| = 2.9674057672681988e-8)
└ @ TensorKitChainRulesCoreExt ~/.julia/packages/TensorKit/esxcj/ext/TensorKitChainRulesCoreExt/factorizations.jl:254
┌ Warning: `svd` cotangents sensitive to gauge choice: (|Δgauge| = 0.10912734491172396)
└ @ TensorKitChainRulesCoreExt ~/.julia/packages/TensorKit/esxcj/ext/TensorKitChainRulesCoreExt/factorizations.jl:254
[ Info: LBFGS: iter    8, time 1639.73 s: f = -1.971595077455, ‖∇f‖ = 1.7874e-01, α = 5.19e-01, m = 3, nfg = 2
[ Info: CTMRG init:	obj = +3.869128882080e+00	err = 1.0000e+00
[ Info: CTMRG conv 36:	obj = +3.881121601748e+00	err = 7.2893110655e-10	time = 30.82 sec
┌ Warning: `svd` cotangents sensitive to gauge choice: (|Δgauge| = 0.12741888608754115)
└ @ TensorKitChainRulesCoreExt ~/.julia/packages/TensorKit/esxcj/ext/TensorKitChainRulesCoreExt/factorizations.jl:254
┌ Warning: `svd` cotangents sensitive to gauge choice: (|Δgauge| = 2.7844588920744765e-8)
└ @ TensorKitChainRulesCoreExt ~/.julia/packages/TensorKit/esxcj/ext/TensorKitChainRulesCoreExt/factorizations.jl:254
┌ Warning: `svd` cotangents sensitive to gauge choice: (|Δgauge| = 0.12741885963680843)
└ @ TensorKitChainRulesCoreExt ~/.julia/packages/TensorKit/esxcj/ext/TensorKitChainRulesCoreExt/factorizations.jl:254
[ Info: LBFGS: iter    9, time 1678.67 s: f = -1.980225174190, ‖∇f‖ = 1.2267e-01, α = 1.00e+00, m = 3, nfg = 1
[ Info: CTMRG init:	obj = +5.000525994578e+00	err = 1.0000e+00
[ Info: CTMRG conv 43:	obj = +5.064419915060e+00	err = 7.9440054908e-10	time = 36.36 sec
┌ Warning: `svd` cotangents sensitive to gauge choice: (|Δgauge| = 0.1221264954292709)
└ @ TensorKitChainRulesCoreExt ~/.julia/packages/TensorKit/esxcj/ext/TensorKitChainRulesCoreExt/factorizations.jl:254
┌ Warning: `svd` cotangents sensitive to gauge choice: (|Δgauge| = 2.5681571063449582e-9)
└ @ TensorKitChainRulesCoreExt ~/.julia/packages/TensorKit/esxcj/ext/TensorKitChainRulesCoreExt/factorizations.jl:254
┌ Warning: `svd` cotangents sensitive to gauge choice: (|Δgauge| = 0.12212649577194357)
└ @ TensorKitChainRulesCoreExt ~/.julia/packages/TensorKit/esxcj/ext/TensorKitChainRulesCoreExt/factorizations.jl:254
[ Info: LBFGS: iter   10, time 1724.18 s: f = -2.014695462984, ‖∇f‖ = 1.4212e-01, α = 1.00e+00, m = 3, nfg = 1
[ Info: CTMRG init:	obj = +4.751826417423e+00	err = 1.0000e+00
[ Info: CTMRG conv 58:	obj = +4.797248155476e+00	err = 7.7444620147e-10	time = 51.84 sec
┌ Warning: `svd` cotangents sensitive to gauge choice: (|Δgauge| = 0.10524121958422199)
└ @ TensorKitChainRulesCoreExt ~/.julia/packages/TensorKit/esxcj/ext/TensorKitChainRulesCoreExt/factorizations.jl:254
┌ Warning: `svd` cotangents sensitive to gauge choice: (|Δgauge| = 2.7628100707781416e-9)
└ @ TensorKitChainRulesCoreExt ~/.julia/packages/TensorKit/esxcj/ext/TensorKitChainRulesCoreExt/factorizations.jl:254
┌ Warning: `svd` cotangents sensitive to gauge choice: (|Δgauge| = 0.10524121921582372)
└ @ TensorKitChainRulesCoreExt ~/.julia/packages/TensorKit/esxcj/ext/TensorKitChainRulesCoreExt/factorizations.jl:254
[ Info: LBFGS: iter   11, time 1787.59 s: f = -2.027849654116, ‖∇f‖ = 3.4622e-01, α = 1.00e+00, m = 3, nfg = 1
[ Info: CTMRG init:	obj = +6.213560914706e+00	err = 1.0000e+00
[ Info: CTMRG conv 34:	obj = +6.258422585934e+00	err = 8.6231503402e-10	time = 32.09 sec
┌ Warning: `svd` cotangents sensitive to gauge choice: (|Δgauge| = 0.06739702700748607)
└ @ TensorKitChainRulesCoreExt ~/.julia/packages/TensorKit/esxcj/ext/TensorKitChainRulesCoreExt/factorizations.jl:254
┌ Warning: `svd` cotangents sensitive to gauge choice: (|Δgauge| = 3.8919679932596983e-10)
└ @ TensorKitChainRulesCoreExt ~/.julia/packages/TensorKit/esxcj/ext/TensorKitChainRulesCoreExt/factorizations.jl:254
┌ Warning: `svd` cotangents sensitive to gauge choice: (|Δgauge| = 0.06739702694630577)
└ @ TensorKitChainRulesCoreExt ~/.julia/packages/TensorKit/esxcj/ext/TensorKitChainRulesCoreExt/factorizations.jl:254
[ Info: LBFGS: iter   12, time 1827.32 s: f = -2.050678680214, ‖∇f‖ = 4.5973e-02, α = 1.00e+00, m = 3, nfg = 1
[ Info: CTMRG init:	obj = +6.432470275860e+00	err = 1.0000e+00
[ Info: CTMRG conv 26:	obj = +6.434194941186e+00	err = 7.4904941597e-10	time = 24.28 sec
┌ Warning: `svd` cotangents sensitive to gauge choice: (|Δgauge| = 0.06623817044895597)
└ @ TensorKitChainRulesCoreExt ~/.julia/packages/TensorKit/esxcj/ext/TensorKitChainRulesCoreExt/factorizations.jl:254
┌ Warning: `svd` cotangents sensitive to gauge choice: (|Δgauge| = 5.367747508563386e-8)
└ @ TensorKitChainRulesCoreExt ~/.julia/packages/TensorKit/esxcj/ext/TensorKitChainRulesCoreExt/factorizations.jl:254
┌ Warning: `svd` cotangents sensitive to gauge choice: (|Δgauge| = 0.06623816327033565)
└ @ TensorKitChainRulesCoreExt ~/.julia/packages/TensorKit/esxcj/ext/TensorKitChainRulesCoreExt/factorizations.jl:254
[ Info: LBFGS: iter   13, time 1857.98 s: f = -2.051978862591, ‖∇f‖ = 3.2655e-02, α = 1.00e+00, m = 3, nfg = 1
[ Info: CTMRG init:	obj = +6.749489766661e+00	err = 1.0000e+00
[ Info: CTMRG conv 25:	obj = +6.752105256947e+00	err = 7.4645753722e-10	time = 23.71 sec
┌ Warning: `svd` cotangents sensitive to gauge choice: (|Δgauge| = 0.06621858653301815)
└ @ TensorKitChainRulesCoreExt ~/.julia/packages/TensorKit/esxcj/ext/TensorKitChainRulesCoreExt/factorizations.jl:254
┌ Warning: `svd` cotangents sensitive to gauge choice: (|Δgauge| = 2.379019585748139e-7)
└ @ TensorKitChainRulesCoreExt ~/.julia/packages/TensorKit/esxcj/ext/TensorKitChainRulesCoreExt/factorizations.jl:254
┌ Warning: `svd` cotangents sensitive to gauge choice: (|Δgauge| = 0.06621857299822004)
└ @ TensorKitChainRulesCoreExt ~/.julia/packages/TensorKit/esxcj/ext/TensorKitChainRulesCoreExt/factorizations.jl:254
[ Info: LBFGS: iter   14, time 1888.03 s: f = -2.053922269743, ‖∇f‖ = 3.3593e-02, α = 1.00e+00, m = 3, nfg = 1
[ Info: CTMRG init:	obj = +7.388548627420e+00	err = 1.0000e+00
[ Info: CTMRG conv 45:	obj = +7.399524587911e+00	err = 7.0125160907e-10	time = 44.45 sec
┌ Warning: `svd` cotangents sensitive to gauge choice: (|Δgauge| = 0.06837687467778585)
└ @ TensorKitChainRulesCoreExt ~/.julia/packages/TensorKit/esxcj/ext/TensorKitChainRulesCoreExt/factorizations.jl:254
┌ Warning: `svd` cotangents sensitive to gauge choice: (|Δgauge| = 4.454253025710378e-9)
└ @ TensorKitChainRulesCoreExt ~/.julia/packages/TensorKit/esxcj/ext/TensorKitChainRulesCoreExt/factorizations.jl:254
┌ Warning: `svd` cotangents sensitive to gauge choice: (|Δgauge| = 0.06837687449601995)
└ @ TensorKitChainRulesCoreExt ~/.julia/packages/TensorKit/esxcj/ext/TensorKitChainRulesCoreExt/factorizations.jl:254
[ Info: LBFGS: iter   15, time 1942.28 s: f = -2.057427960385, ‖∇f‖ = 3.6066e-02, α = 1.00e+00, m = 3, nfg = 1
[ Info: CTMRG init:	obj = +8.440193640413e+00	err = 1.0000e+00
[ Info: CTMRG conv 58:	obj = +8.452772986664e+00	err = 8.8361908380e-10	time = 58.47 sec
┌ Warning: `svd` cotangents sensitive to gauge choice: (|Δgauge| = 0.06471764935156957)
└ @ TensorKitChainRulesCoreExt ~/.julia/packages/TensorKit/esxcj/ext/TensorKitChainRulesCoreExt/factorizations.jl:254
┌ Warning: `svd` cotangents sensitive to gauge choice: (|Δgauge| = 2.167957527510045e-9)
└ @ TensorKitChainRulesCoreExt ~/.julia/packages/TensorKit/esxcj/ext/TensorKitChainRulesCoreExt/factorizations.jl:254
┌ Warning: `svd` cotangents sensitive to gauge choice: (|Δgauge| = 0.06471764930700324)
└ @ TensorKitChainRulesCoreExt ~/.julia/packages/TensorKit/esxcj/ext/TensorKitChainRulesCoreExt/factorizations.jl:254
[ Info: LBFGS: iter   16, time 2012.48 s: f = -2.061198037066, ‖∇f‖ = 2.5949e-02, α = 1.00e+00, m = 3, nfg = 1
[ Info: CTMRG init:	obj = +9.456746345876e+00	err = 1.0000e+00
┌ Warning: CTMRG cancel 100:	obj = +9.498975159127e+00	err = 4.9458927313e-07	time = 1.81 min
└ @ PEPSKit ~/.julia/packages/PEPSKit/P7ER3/src/algorithms/ctmrg/ctmrg.jl:129
┌ Warning: `svd` cotangents sensitive to gauge choice: (|Δgauge| = 0.06260575601263746)
└ @ TensorKitChainRulesCoreExt ~/.julia/packages/TensorKit/esxcj/ext/TensorKitChainRulesCoreExt/factorizations.jl:254
┌ Warning: `svd` cotangents sensitive to gauge choice: (|Δgauge| = 8.016358848520605e-8)
└ @ TensorKitChainRulesCoreExt ~/.julia/packages/TensorKit/esxcj/ext/TensorKitChainRulesCoreExt/factorizations.jl:254
┌ Warning: `svd` cotangents sensitive to gauge choice: (|Δgauge| = 0.06260575533308807)
└ @ TensorKitChainRulesCoreExt ~/.julia/packages/TensorKit/esxcj/ext/TensorKitChainRulesCoreExt/factorizations.jl:254
[ Info: LBFGS: iter   17, time 2141.90 s: f = -2.065128047280, ‖∇f‖ = 5.4494e-02, α = 1.00e+00, m = 3, nfg = 1
[ Info: CTMRG init:	obj = +9.674107540806e+00	err = 1.0000e+00
[ Info: CTMRG conv 83:	obj = +9.728876369922e+00	err = 9.4286664223e-10	time = 1.62 min
┌ Warning: `svd` cotangents sensitive to gauge choice: (|Δgauge| = 0.05471208105282991)
└ @ TensorKitChainRulesCoreExt ~/.julia/packages/TensorKit/esxcj/ext/TensorKitChainRulesCoreExt/factorizations.jl:254
┌ Warning: `svd` cotangents sensitive to gauge choice: (|Δgauge| = 5.286202431900686e-10)
└ @ TensorKitChainRulesCoreExt ~/.julia/packages/TensorKit/esxcj/ext/TensorKitChainRulesCoreExt/factorizations.jl:254
┌ Warning: `svd` cotangents sensitive to gauge choice: (|Δgauge| = 0.054712081021039374)
└ @ TensorKitChainRulesCoreExt ~/.julia/packages/TensorKit/esxcj/ext/TensorKitChainRulesCoreExt/factorizations.jl:254
[ Info: CTMRG init:	obj = +9.559466546177e+00	err = 1.0000e+00
┌ Warning: CTMRG cancel 100:	obj = +9.565496442357e+00	err = 8.6027440301e-09	time = 2.03 min
└ @ PEPSKit ~/.julia/packages/PEPSKit/P7ER3/src/algorithms/ctmrg/ctmrg.jl:129
┌ Warning: `svd` cotangents sensitive to gauge choice: (|Δgauge| = 0.05792241431507709)
└ @ TensorKitChainRulesCoreExt ~/.julia/packages/TensorKit/esxcj/ext/TensorKitChainRulesCoreExt/factorizations.jl:254
┌ Warning: `svd` cotangents sensitive to gauge choice: (|Δgauge| = 7.01495690912547e-9)
└ @ TensorKitChainRulesCoreExt ~/.julia/packages/TensorKit/esxcj/ext/TensorKitChainRulesCoreExt/factorizations.jl:254
┌ Warning: `svd` cotangents sensitive to gauge choice: (|Δgauge| = 0.05792241419045219)
└ @ TensorKitChainRulesCoreExt ~/.julia/packages/TensorKit/esxcj/ext/TensorKitChainRulesCoreExt/factorizations.jl:254
[ Info: LBFGS: iter   18, time 2396.49 s: f = -2.066639709586, ‖∇f‖ = 2.8893e-02, α = 3.27e-01, m = 3, nfg = 2
[ Info: CTMRG init:	obj = +9.486643306331e+00	err = 1.0000e+00
┌ Warning: CTMRG cancel 100:	obj = +9.488323952851e+00	err = 6.5130962820e-08	time = 2.11 min
└ @ PEPSKit ~/.julia/packages/PEPSKit/P7ER3/src/algorithms/ctmrg/ctmrg.jl:129
┌ Warning: `svd` cotangents sensitive to gauge choice: (|Δgauge| = 0.05899243125982501)
└ @ TensorKitChainRulesCoreExt ~/.julia/packages/TensorKit/esxcj/ext/TensorKitChainRulesCoreExt/factorizations.jl:254
┌ Warning: `svd` cotangents sensitive to gauge choice: (|Δgauge| = 1.2837032101377673e-7)
└ @ TensorKitChainRulesCoreExt ~/.julia/packages/TensorKit/esxcj/ext/TensorKitChainRulesCoreExt/factorizations.jl:254
┌ Warning: `svd` cotangents sensitive to gauge choice: (|Δgauge| = 0.05899242986288969)
└ @ TensorKitChainRulesCoreExt ~/.julia/packages/TensorKit/esxcj/ext/TensorKitChainRulesCoreExt/factorizations.jl:254
[ Info: LBFGS: iter   19, time 2542.52 s: f = -2.067267205422, ‖∇f‖ = 2.0479e-02, α = 1.00e+00, m = 3, nfg = 1
[ Info: CTMRG init:	obj = +9.167107581929e+00	err = 1.0000e+00
┌ Warning: CTMRG cancel 100:	obj = +9.168967489686e+00	err = 4.3715012678e-08	time = 5.43 min
└ @ PEPSKit ~/.julia/packages/PEPSKit/P7ER3/src/algorithms/ctmrg/ctmrg.jl:129
┌ Warning: `svd` cotangents sensitive to gauge choice: (|Δgauge| = 0.05968408286080469)
└ @ TensorKitChainRulesCoreExt ~/.julia/packages/TensorKit/esxcj/ext/TensorKitChainRulesCoreExt/factorizations.jl:254
┌ Warning: `svd` cotangents sensitive to gauge choice: (|Δgauge| = 9.920043386987148e-8)
└ @ TensorKitChainRulesCoreExt ~/.julia/packages/TensorKit/esxcj/ext/TensorKitChainRulesCoreExt/factorizations.jl:254
┌ Warning: `svd` cotangents sensitive to gauge choice: (|Δgauge| = 0.05968408150173657)
└ @ TensorKitChainRulesCoreExt ~/.julia/packages/TensorKit/esxcj/ext/TensorKitChainRulesCoreExt/factorizations.jl:254
[ Info: LBFGS: iter   20, time 2892.73 s: f = -2.067748681389, ‖∇f‖ = 1.7695e-02, α = 1.00e+00, m = 3, nfg = 1
[ Info: CTMRG init:	obj = +9.203455462617e+00	err = 1.0000e+00
┌ Warning: CTMRG cancel 100:	obj = +9.204108295260e+00	err = 2.4020918583e-08	time = 4.62 min
└ @ PEPSKit ~/.julia/packages/PEPSKit/P7ER3/src/algorithms/ctmrg/ctmrg.jl:129
┌ Warning: `svd` cotangents sensitive to gauge choice: (|Δgauge| = 0.05826958933477053)
└ @ TensorKitChainRulesCoreExt ~/.julia/packages/TensorKit/esxcj/ext/TensorKitChainRulesCoreExt/factorizations.jl:254
┌ Warning: `svd` cotangents sensitive to gauge choice: (|Δgauge| = 2.508216566249989e-7)
└ @ TensorKitChainRulesCoreExt ~/.julia/packages/TensorKit/esxcj/ext/TensorKitChainRulesCoreExt/factorizations.jl:254
┌ Warning: `svd` cotangents sensitive to gauge choice: (|Δgauge| = 0.05826958648952413)
└ @ TensorKitChainRulesCoreExt ~/.julia/packages/TensorKit/esxcj/ext/TensorKitChainRulesCoreExt/factorizations.jl:254
[ Info: LBFGS: iter   21, time 3190.92 s: f = -2.068447057964, ‖∇f‖ = 1.4421e-02, α = 1.00e+00, m = 3, nfg = 1
[ Info: CTMRG init:	obj = +9.435220900813e+00	err = 1.0000e+00
┌ Warning: CTMRG cancel 100:	obj = +9.457609445894e+00	err = 3.0463412468e-04	time = 2.18 min
└ @ PEPSKit ~/.julia/packages/PEPSKit/P7ER3/src/algorithms/ctmrg/ctmrg.jl:129
┌ Warning: `svd` cotangents sensitive to gauge choice: (|Δgauge| = 0.07989156289405998)
└ @ TensorKitChainRulesCoreExt ~/.julia/packages/TensorKit/esxcj/ext/TensorKitChainRulesCoreExt/factorizations.jl:254
┌ Warning: `svd` cotangents sensitive to gauge choice: (|Δgauge| = 0.000176365156667161)
└ @ TensorKitChainRulesCoreExt ~/.julia/packages/TensorKit/esxcj/ext/TensorKitChainRulesCoreExt/factorizations.jl:254
┌ Warning: `svd` cotangents sensitive to gauge choice: (|Δgauge| = 0.07985079324716554)
└ @ TensorKitChainRulesCoreExt ~/.julia/packages/TensorKit/esxcj/ext/TensorKitChainRulesCoreExt/factorizations.jl:254
[ Info: LBFGS: iter   22, time 3339.35 s: f = -2.069719410610, ‖∇f‖ = 5.6099e-02, α = 1.00e+00, m = 3, nfg = 1
[ Info: CTMRG init:	obj = +9.544593439292e+00	err = 1.0000e+00
┌ Warning: CTMRG cancel 100:	obj = +9.569311705570e+00	err = 5.9564237941e-08	time = 2.27 min
└ @ PEPSKit ~/.julia/packages/PEPSKit/P7ER3/src/algorithms/ctmrg/ctmrg.jl:129
┌ Warning: `svd` cotangents sensitive to gauge choice: (|Δgauge| = 0.047698398829267775)
└ @ TensorKitChainRulesCoreExt ~/.julia/packages/TensorKit/esxcj/ext/TensorKitChainRulesCoreExt/factorizations.jl:254
┌ Warning: `svd` cotangents sensitive to gauge choice: (|Δgauge| = 6.80566758887603e-9)
└ @ TensorKitChainRulesCoreExt ~/.julia/packages/TensorKit/esxcj/ext/TensorKitChainRulesCoreExt/factorizations.jl:254
┌ Warning: `svd` cotangents sensitive to gauge choice: (|Δgauge| = 0.047698398845019495)
└ @ TensorKitChainRulesCoreExt ~/.julia/packages/TensorKit/esxcj/ext/TensorKitChainRulesCoreExt/factorizations.jl:254
[ Info: CTMRG init:	obj = +9.506488017970e+00	err = 1.0000e+00
┌ Warning: CTMRG cancel 100:	obj = +9.515253592731e+00	err = 1.6949819799e-06	time = 2.37 min
└ @ PEPSKit ~/.julia/packages/PEPSKit/P7ER3/src/algorithms/ctmrg/ctmrg.jl:129
┌ Warning: `svd` cotangents sensitive to gauge choice: (|Δgauge| = 0.049849225630517954)
└ @ TensorKitChainRulesCoreExt ~/.julia/packages/TensorKit/esxcj/ext/TensorKitChainRulesCoreExt/factorizations.jl:254
┌ Warning: `svd` cotangents sensitive to gauge choice: (|Δgauge| = 1.2857871961225354e-7)
└ @ TensorKitChainRulesCoreExt ~/.julia/packages/TensorKit/esxcj/ext/TensorKitChainRulesCoreExt/factorizations.jl:254
┌ Warning: `svd` cotangents sensitive to gauge choice: (|Δgauge| = 0.049849228074397)
└ @ TensorKitChainRulesCoreExt ~/.julia/packages/TensorKit/esxcj/ext/TensorKitChainRulesCoreExt/factorizations.jl:254
[ Info: LBFGS: iter   23, time 3652.39 s: f = -2.070052392937, ‖∇f‖ = 3.3352e-02, α = 5.63e-01, m = 3, nfg = 2
[ Info: CTMRG init:	obj = +9.441084453649e+00	err = 1.0000e+00
┌ Warning: CTMRG cancel 100:	obj = +9.442266578333e+00	err = 1.4882355484e-07	time = 2.43 min
└ @ PEPSKit ~/.julia/packages/PEPSKit/P7ER3/src/algorithms/ctmrg/ctmrg.jl:129
┌ Warning: `svd` cotangents sensitive to gauge choice: (|Δgauge| = 0.05092977355518183)
└ @ TensorKitChainRulesCoreExt ~/.julia/packages/TensorKit/esxcj/ext/TensorKitChainRulesCoreExt/factorizations.jl:254
┌ Warning: `svd` cotangents sensitive to gauge choice: (|Δgauge| = 2.329136143526776e-6)
└ @ TensorKitChainRulesCoreExt ~/.julia/packages/TensorKit/esxcj/ext/TensorKitChainRulesCoreExt/factorizations.jl:254
┌ Warning: `svd` cotangents sensitive to gauge choice: (|Δgauge| = 0.0509297936726661)
└ @ TensorKitChainRulesCoreExt ~/.julia/packages/TensorKit/esxcj/ext/TensorKitChainRulesCoreExt/factorizations.jl:254
[ Info: LBFGS: iter   24, time 3815.56 s: f = -2.070476668312, ‖∇f‖ = 1.7066e-02, α = 1.00e+00, m = 3, nfg = 1
[ Info: CTMRG init:	obj = +9.418531281144e+00	err = 1.0000e+00
┌ Warning: CTMRG cancel 100:	obj = +9.419017597041e+00	err = 1.3794368879e-06	time = 2.49 min
└ @ PEPSKit ~/.julia/packages/PEPSKit/P7ER3/src/algorithms/ctmrg/ctmrg.jl:129
┌ Warning: `svd` cotangents sensitive to gauge choice: (|Δgauge| = 0.050505571550063647)
└ @ TensorKitChainRulesCoreExt ~/.julia/packages/TensorKit/esxcj/ext/TensorKitChainRulesCoreExt/factorizations.jl:254
┌ Warning: `svd` cotangents sensitive to gauge choice: (|Δgauge| = 6.849597572406681e-6)
└ @ TensorKitChainRulesCoreExt ~/.julia/packages/TensorKit/esxcj/ext/TensorKitChainRulesCoreExt/factorizations.jl:254
┌ Warning: `svd` cotangents sensitive to gauge choice: (|Δgauge| = 0.050505632460458215)
└ @ TensorKitChainRulesCoreExt ~/.julia/packages/TensorKit/esxcj/ext/TensorKitChainRulesCoreExt/factorizations.jl:254
[ Info: LBFGS: iter   25, time 3981.73 s: f = -2.070726489913, ‖∇f‖ = 9.1615e-03, α = 1.00e+00, m = 3, nfg = 1
[ Info: CTMRG init:	obj = +9.407873101820e+00	err = 1.0000e+00
┌ Warning: CTMRG cancel 100:	obj = +9.409004623122e+00	err = 1.9602435920e-05	time = 2.57 min
└ @ PEPSKit ~/.julia/packages/PEPSKit/P7ER3/src/algorithms/ctmrg/ctmrg.jl:129
┌ Warning: `svd` cotangents sensitive to gauge choice: (|Δgauge| = 0.04844959458273606)
└ @ TensorKitChainRulesCoreExt ~/.julia/packages/TensorKit/esxcj/ext/TensorKitChainRulesCoreExt/factorizations.jl:254
┌ Warning: `svd` cotangents sensitive to gauge choice: (|Δgauge| = 2.8071154418214976e-5)
└ @ TensorKitChainRulesCoreExt ~/.julia/packages/TensorKit/esxcj/ext/TensorKitChainRulesCoreExt/factorizations.jl:254
┌ Warning: `svd` cotangents sensitive to gauge choice: (|Δgauge| = 0.0484498619839482)
└ @ TensorKitChainRulesCoreExt ~/.julia/packages/TensorKit/esxcj/ext/TensorKitChainRulesCoreExt/factorizations.jl:254
[ Info: LBFGS: iter   26, time 4153.63 s: f = -2.071064501913, ‖∇f‖ = 2.0032e-02, α = 1.00e+00, m = 3, nfg = 1
[ Info: CTMRG init:	obj = +9.412159176998e+00	err = 1.0000e+00
┌ Warning: CTMRG cancel 100:	obj = +9.412599338166e+00	err = 6.9001128783e-06	time = 3.00 min
└ @ PEPSKit ~/.julia/packages/PEPSKit/P7ER3/src/algorithms/ctmrg/ctmrg.jl:129
┌ Warning: `svd` cotangents sensitive to gauge choice: (|Δgauge| = 0.04581020802520312)
└ @ TensorKitChainRulesCoreExt ~/.julia/packages/TensorKit/esxcj/ext/TensorKitChainRulesCoreExt/factorizations.jl:254
┌ Warning: `svd` cotangents sensitive to gauge choice: (|Δgauge| = 2.2824688597758516e-5)
└ @ TensorKitChainRulesCoreExt ~/.julia/packages/TensorKit/esxcj/ext/TensorKitChainRulesCoreExt/factorizations.jl:254
┌ Warning: `svd` cotangents sensitive to gauge choice: (|Δgauge| = 0.04581041679017067)
└ @ TensorKitChainRulesCoreExt ~/.julia/packages/TensorKit/esxcj/ext/TensorKitChainRulesCoreExt/factorizations.jl:254
[ Info: LBFGS: iter   27, time 4351.14 s: f = -2.071403095882, ‖∇f‖ = 2.3011e-02, α = 1.00e+00, m = 3, nfg = 1
[ Info: CTMRG init:	obj = +9.410886897561e+00	err = 1.0000e+00
┌ Warning: CTMRG cancel 100:	obj = +9.414366963876e+00	err = 7.5102055877e-06	time = 2.80 min
└ @ PEPSKit ~/.julia/packages/PEPSKit/P7ER3/src/algorithms/ctmrg/ctmrg.jl:129
┌ Warning: `svd` cotangents sensitive to gauge choice: (|Δgauge| = 0.037446275476975543)
└ @ TensorKitChainRulesCoreExt ~/.julia/packages/TensorKit/esxcj/ext/TensorKitChainRulesCoreExt/factorizations.jl:254
┌ Warning: `svd` cotangents sensitive to gauge choice: (|Δgauge| = 5.4015395538333225e-6)
└ @ TensorKitChainRulesCoreExt ~/.julia/packages/TensorKit/esxcj/ext/TensorKitChainRulesCoreExt/factorizations.jl:254
┌ Warning: `svd` cotangents sensitive to gauge choice: (|Δgauge| = 0.03744626717843358)
└ @ TensorKitChainRulesCoreExt ~/.julia/packages/TensorKit/esxcj/ext/TensorKitChainRulesCoreExt/factorizations.jl:254
[ Info: LBFGS: iter   28, time 4537.39 s: f = -2.072221160754, ‖∇f‖ = 1.1507e-02, α = 1.00e+00, m = 3, nfg = 1
[ Info: CTMRG init:	obj = +9.438767044117e+00	err = 1.0000e+00
┌ Warning: CTMRG cancel 100:	obj = +9.439562837788e+00	err = 1.4216475650e-06	time = 2.87 min
└ @ PEPSKit ~/.julia/packages/PEPSKit/P7ER3/src/algorithms/ctmrg/ctmrg.jl:129
┌ Warning: `svd` cotangents sensitive to gauge choice: (|Δgauge| = 0.03420770410034524)
└ @ TensorKitChainRulesCoreExt ~/.julia/packages/TensorKit/esxcj/ext/TensorKitChainRulesCoreExt/factorizations.jl:254
┌ Warning: `svd` cotangents sensitive to gauge choice: (|Δgauge| = 5.9047330714178665e-6)
└ @ TensorKitChainRulesCoreExt ~/.julia/packages/TensorKit/esxcj/ext/TensorKitChainRulesCoreExt/factorizations.jl:254
┌ Warning: `svd` cotangents sensitive to gauge choice: (|Δgauge| = 0.03420772349293173)
└ @ TensorKitChainRulesCoreExt ~/.julia/packages/TensorKit/esxcj/ext/TensorKitChainRulesCoreExt/factorizations.jl:254
[ Info: LBFGS: iter   29, time 4726.78 s: f = -2.072604629447, ‖∇f‖ = 9.7438e-03, α = 1.00e+00, m = 3, nfg = 1
[ Info: CTMRG init:	obj = +9.464399567742e+00	err = 1.0000e+00
┌ Warning: CTMRG cancel 100:	obj = +9.479959766380e+00	err = 1.2403817634e-05	time = 2.92 min
└ @ PEPSKit ~/.julia/packages/PEPSKit/P7ER3/src/algorithms/ctmrg/ctmrg.jl:129
┌ Warning: `svd` cotangents sensitive to gauge choice: (|Δgauge| = 0.01939543306196967)
└ @ TensorKitChainRulesCoreExt ~/.julia/packages/TensorKit/esxcj/ext/TensorKitChainRulesCoreExt/factorizations.jl:254
┌ Warning: `svd` cotangents sensitive to gauge choice: (|Δgauge| = 1.3589829981024685e-5)
└ @ TensorKitChainRulesCoreExt ~/.julia/packages/TensorKit/esxcj/ext/TensorKitChainRulesCoreExt/factorizations.jl:254
┌ Warning: `svd` cotangents sensitive to gauge choice: (|Δgauge| = 0.019395432140089028)
└ @ TensorKitChainRulesCoreExt ~/.julia/packages/TensorKit/esxcj/ext/TensorKitChainRulesCoreExt/factorizations.jl:254
[ Info: LBFGS: iter   30, time 4918.42 s: f = -2.073687681815, ‖∇f‖ = 1.0181e-02, α = 1.00e+00, m = 3, nfg = 1
[ Info: CTMRG init:	obj = +9.741465934971e+00	err = 1.0000e+00
[ Info: CTMRG conv 93:	obj = +9.797695996978e+00	err = 9.3349281740e-10	time = 2.78 min
┌ Warning: `svd` cotangents sensitive to gauge choice: (|Δgauge| = 0.00451574024430609)
└ @ TensorKitChainRulesCoreExt ~/.julia/packages/TensorKit/esxcj/ext/TensorKitChainRulesCoreExt/factorizations.jl:254
┌ Warning: `svd` cotangents sensitive to gauge choice: (|Δgauge| = 1.7834005959693276e-10)
└ @ TensorKitChainRulesCoreExt ~/.julia/packages/TensorKit/esxcj/ext/TensorKitChainRulesCoreExt/factorizations.jl:254
┌ Warning: `svd` cotangents sensitive to gauge choice: (|Δgauge| = 0.004515740243868888)
└ @ TensorKitChainRulesCoreExt ~/.julia/packages/TensorKit/esxcj/ext/TensorKitChainRulesCoreExt/factorizations.jl:254
[ Info: CTMRG init:	obj = +9.534988518725e+00	err = 1.0000e+00
┌ Warning: CTMRG cancel 100:	obj = +9.537175436970e+00	err = 1.2375912707e-05	time = 3.12 min
└ @ PEPSKit ~/.julia/packages/PEPSKit/P7ER3/src/algorithms/ctmrg/ctmrg.jl:129
┌ Warning: `svd` cotangents sensitive to gauge choice: (|Δgauge| = 0.016044375824441594)
└ @ TensorKitChainRulesCoreExt ~/.julia/packages/TensorKit/esxcj/ext/TensorKitChainRulesCoreExt/factorizations.jl:254
┌ Warning: `svd` cotangents sensitive to gauge choice: (|Δgauge| = 3.926892878573886e-7)
└ @ TensorKitChainRulesCoreExt ~/.julia/packages/TensorKit/esxcj/ext/TensorKitChainRulesCoreExt/factorizations.jl:254
┌ Warning: `svd` cotangents sensitive to gauge choice: (|Δgauge| = 0.016044376544970124)
└ @ TensorKitChainRulesCoreExt ~/.julia/packages/TensorKit/esxcj/ext/TensorKitChainRulesCoreExt/factorizations.jl:254
[ Info: LBFGS: iter   31, time 5305.26 s: f = -2.073876024020, ‖∇f‖ = 1.2479e-02, α = 1.90e-01, m = 3, nfg = 2
[ Info: CTMRG init:	obj = +9.498140112318e+00	err = 1.0000e+00
┌ Warning: CTMRG cancel 100:	obj = +9.502319263560e+00	err = 5.8727769803e-05	time = 3.37 min
└ @ PEPSKit ~/.julia/packages/PEPSKit/P7ER3/src/algorithms/ctmrg/ctmrg.jl:129
┌ Warning: `svd` cotangents sensitive to gauge choice: (|Δgauge| = 0.009700826095644207)
└ @ TensorKitChainRulesCoreExt ~/.julia/packages/TensorKit/esxcj/ext/TensorKitChainRulesCoreExt/factorizations.jl:254
┌ Warning: `svd` cotangents sensitive to gauge choice: (|Δgauge| = 3.5782214852522598e-6)
└ @ TensorKitChainRulesCoreExt ~/.julia/packages/TensorKit/esxcj/ext/TensorKitChainRulesCoreExt/factorizations.jl:254
┌ Warning: `svd` cotangents sensitive to gauge choice: (|Δgauge| = 0.009700820165951831)
└ @ TensorKitChainRulesCoreExt ~/.julia/packages/TensorKit/esxcj/ext/TensorKitChainRulesCoreExt/factorizations.jl:254
[ Info: LBFGS: iter   32, time 5524.15 s: f = -2.074137248558, ‖∇f‖ = 7.7847e-03, α = 1.00e+00, m = 3, nfg = 1
[ Info: CTMRG init:	obj = +9.450319711650e+00	err = 1.0000e+00
┌ Warning: CTMRG cancel 100:	obj = +9.452176853940e+00	err = 1.1797207710e-06	time = 3.35 min
└ @ PEPSKit ~/.julia/packages/PEPSKit/P7ER3/src/algorithms/ctmrg/ctmrg.jl:129
┌ Warning: `svd` cotangents sensitive to gauge choice: (|Δgauge| = 0.009393001848512208)
└ @ TensorKitChainRulesCoreExt ~/.julia/packages/TensorKit/esxcj/ext/TensorKitChainRulesCoreExt/factorizations.jl:254
┌ Warning: `svd` cotangents sensitive to gauge choice: (|Δgauge| = 3.7792343577366156e-6)
└ @ TensorKitChainRulesCoreExt ~/.julia/packages/TensorKit/esxcj/ext/TensorKitChainRulesCoreExt/factorizations.jl:254
┌ Warning: `svd` cotangents sensitive to gauge choice: (|Δgauge| = 0.009391373992953846)
└ @ TensorKitChainRulesCoreExt ~/.julia/packages/TensorKit/esxcj/ext/TensorKitChainRulesCoreExt/factorizations.jl:254
[ Info: LBFGS: iter   33, time 5743.99 s: f = -2.074349149558, ‖∇f‖ = 7.2204e-03, α = 1.00e+00, m = 3, nfg = 1
[ Info: CTMRG init:	obj = +9.300036873802e+00	err = 1.0000e+00
┌ Warning: CTMRG cancel 100:	obj = +9.308138017737e+00	err = 2.4225583660e-06	time = 7.00 min
└ @ PEPSKit ~/.julia/packages/PEPSKit/P7ER3/src/algorithms/ctmrg/ctmrg.jl:129
┌ Warning: `svd` cotangents sensitive to gauge choice: (|Δgauge| = 0.015127616535474179)
└ @ TensorKitChainRulesCoreExt ~/.julia/packages/TensorKit/esxcj/ext/TensorKitChainRulesCoreExt/factorizations.jl:254
┌ Warning: `svd` cotangents sensitive to gauge choice: (|Δgauge| = 6.474758357118468e-6)
└ @ TensorKitChainRulesCoreExt ~/.julia/packages/TensorKit/esxcj/ext/TensorKitChainRulesCoreExt/factorizations.jl:254
┌ Warning: `svd` cotangents sensitive to gauge choice: (|Δgauge| = 0.01512876950847905)
└ @ TensorKitChainRulesCoreExt ~/.julia/packages/TensorKit/esxcj/ext/TensorKitChainRulesCoreExt/factorizations.jl:254
[ Info: LBFGS: iter   34, time 6239.90 s: f = -2.074727005238, ‖∇f‖ = 9.0684e-03, α = 1.00e+00, m = 3, nfg = 1
[ Info: CTMRG init:	obj = +9.175917899355e+00	err = 1.0000e+00
┌ Warning: CTMRG cancel 100:	obj = +9.182578874249e+00	err = 6.5445877965e-07	time = 6.04 min
└ @ PEPSKit ~/.julia/packages/PEPSKit/P7ER3/src/algorithms/ctmrg/ctmrg.jl:129
┌ Warning: `svd` cotangents sensitive to gauge choice: (|Δgauge| = 0.007781885731131078)
└ @ TensorKitChainRulesCoreExt ~/.julia/packages/TensorKit/esxcj/ext/TensorKitChainRulesCoreExt/factorizations.jl:254
┌ Warning: `svd` cotangents sensitive to gauge choice: (|Δgauge| = 1.071095807554264e-6)
└ @ TensorKitChainRulesCoreExt ~/.julia/packages/TensorKit/esxcj/ext/TensorKitChainRulesCoreExt/factorizations.jl:254
┌ Warning: `svd` cotangents sensitive to gauge choice: (|Δgauge| = 0.007781888593002731)
└ @ TensorKitChainRulesCoreExt ~/.julia/packages/TensorKit/esxcj/ext/TensorKitChainRulesCoreExt/factorizations.jl:254
[ Info: CTMRG init:	obj = +9.256971438142e+00	err = 1.0000e+00
┌ Warning: CTMRG cancel 100:	obj = +9.258032250428e+00	err = 1.1140235317e-06	time = 3.51 min
└ @ PEPSKit ~/.julia/packages/PEPSKit/P7ER3/src/algorithms/ctmrg/ctmrg.jl:129
┌ Warning: `svd` cotangents sensitive to gauge choice: (|Δgauge| = 0.009933951375927886)
└ @ TensorKitChainRulesCoreExt ~/.julia/packages/TensorKit/esxcj/ext/TensorKitChainRulesCoreExt/factorizations.jl:254
┌ Warning: `svd` cotangents sensitive to gauge choice: (|Δgauge| = 2.359266475455443e-6)
└ @ TensorKitChainRulesCoreExt ~/.julia/packages/TensorKit/esxcj/ext/TensorKitChainRulesCoreExt/factorizations.jl:254
┌ Warning: `svd` cotangents sensitive to gauge choice: (|Δgauge| = 0.009932931899121603)
└ @ TensorKitChainRulesCoreExt ~/.julia/packages/TensorKit/esxcj/ext/TensorKitChainRulesCoreExt/factorizations.jl:254
[ Info: LBFGS: iter   35, time 6850.12 s: f = -2.074854637622, ‖∇f‖ = 1.3558e-02, α = 3.94e-01, m = 3, nfg = 2
[ Info: CTMRG init:	obj = +9.167840541071e+00	err = 1.0000e+00
┌ Warning: CTMRG cancel 100:	obj = +9.171211204426e+00	err = 7.1056148822e-08	time = 3.73 min
└ @ PEPSKit ~/.julia/packages/PEPSKit/P7ER3/src/algorithms/ctmrg/ctmrg.jl:129
┌ Warning: `svd` cotangents sensitive to gauge choice: (|Δgauge| = 0.00994337969804153)
└ @ TensorKitChainRulesCoreExt ~/.julia/packages/TensorKit/esxcj/ext/TensorKitChainRulesCoreExt/factorizations.jl:254
┌ Warning: `svd` cotangents sensitive to gauge choice: (|Δgauge| = 3.1032613283608774e-7)
└ @ TensorKitChainRulesCoreExt ~/.julia/packages/TensorKit/esxcj/ext/TensorKitChainRulesCoreExt/factorizations.jl:254
┌ Warning: `svd` cotangents sensitive to gauge choice: (|Δgauge| = 0.009943379775196243)
└ @ TensorKitChainRulesCoreExt ~/.julia/packages/TensorKit/esxcj/ext/TensorKitChainRulesCoreExt/factorizations.jl:254
[ Info: LBFGS: iter   36, time 7090.91 s: f = -2.075170939853, ‖∇f‖ = 4.9240e-03, α = 1.00e+00, m = 3, nfg = 1
[ Info: CTMRG init:	obj = +9.146385808812e+00	err = 1.0000e+00
┌ Warning: CTMRG cancel 100:	obj = +9.146752336232e+00	err = 1.2563968275e-08	time = 4.27 min
└ @ PEPSKit ~/.julia/packages/PEPSKit/P7ER3/src/algorithms/ctmrg/ctmrg.jl:129
┌ Warning: `svd` cotangents sensitive to gauge choice: (|Δgauge| = 0.009573696605575954)
└ @ TensorKitChainRulesCoreExt ~/.julia/packages/TensorKit/esxcj/ext/TensorKitChainRulesCoreExt/factorizations.jl:254
┌ Warning: `svd` cotangents sensitive to gauge choice: (|Δgauge| = 1.5907204952992565e-7)
└ @ TensorKitChainRulesCoreExt ~/.julia/packages/TensorKit/esxcj/ext/TensorKitChainRulesCoreExt/factorizations.jl:254
┌ Warning: `svd` cotangents sensitive to gauge choice: (|Δgauge| = 0.009573696526619366)
└ @ TensorKitChainRulesCoreExt ~/.julia/packages/TensorKit/esxcj/ext/TensorKitChainRulesCoreExt/factorizations.jl:254
[ Info: LBFGS: iter   37, time 7365.11 s: f = -2.075284381871, ‖∇f‖ = 3.4446e-03, α = 1.00e+00, m = 3, nfg = 1
[ Info: CTMRG init:	obj = +9.109063650601e+00	err = 1.0000e+00
┌ Warning: CTMRG cancel 100:	obj = +9.109534913557e+00	err = 2.2121524176e-09	time = 4.21 min
└ @ PEPSKit ~/.julia/packages/PEPSKit/P7ER3/src/algorithms/ctmrg/ctmrg.jl:129
┌ Warning: `svd` cotangents sensitive to gauge choice: (|Δgauge| = 0.009446593097887371)
└ @ TensorKitChainRulesCoreExt ~/.julia/packages/TensorKit/esxcj/ext/TensorKitChainRulesCoreExt/factorizations.jl:254
┌ Warning: `svd` cotangents sensitive to gauge choice: (|Δgauge| = 1.1860838617410926e-7)
└ @ TensorKitChainRulesCoreExt ~/.julia/packages/TensorKit/esxcj/ext/TensorKitChainRulesCoreExt/factorizations.jl:254
┌ Warning: `svd` cotangents sensitive to gauge choice: (|Δgauge| = 0.009446593043740154)
└ @ TensorKitChainRulesCoreExt ~/.julia/packages/TensorKit/esxcj/ext/TensorKitChainRulesCoreExt/factorizations.jl:254
[ Info: LBFGS: iter   38, time 7637.35 s: f = -2.075368996951, ‖∇f‖ = 2.0248e-03, α = 1.00e+00, m = 3, nfg = 1
[ Info: CTMRG init:	obj = +9.186356324047e+00	err = 1.0000e+00
┌ Warning: CTMRG cancel 100:	obj = +9.187741106180e+00	err = 4.0495007398e-09	time = 4.25 min
└ @ PEPSKit ~/.julia/packages/PEPSKit/P7ER3/src/algorithms/ctmrg/ctmrg.jl:129
┌ Warning: `svd` cotangents sensitive to gauge choice: (|Δgauge| = 0.0077759816594093235)
└ @ TensorKitChainRulesCoreExt ~/.julia/packages/TensorKit/esxcj/ext/TensorKitChainRulesCoreExt/factorizations.jl:254
┌ Warning: `svd` cotangents sensitive to gauge choice: (|Δgauge| = 5.0079951010429077e-8)
└ @ TensorKitChainRulesCoreExt ~/.julia/packages/TensorKit/esxcj/ext/TensorKitChainRulesCoreExt/factorizations.jl:254
┌ Warning: `svd` cotangents sensitive to gauge choice: (|Δgauge| = 0.007775981647422367)
└ @ TensorKitChainRulesCoreExt ~/.julia/packages/TensorKit/esxcj/ext/TensorKitChainRulesCoreExt/factorizations.jl:254
[ Info: CTMRG init:	obj = +9.144150848522e+00	err = 1.0000e+00
┌ Warning: CTMRG cancel 100:	obj = +9.144424324208e+00	err = 2.8797194413e-09	time = 4.30 min
└ @ PEPSKit ~/.julia/packages/PEPSKit/P7ER3/src/algorithms/ctmrg/ctmrg.jl:129
┌ Warning: `svd` cotangents sensitive to gauge choice: (|Δgauge| = 0.008702377684135672)
└ @ TensorKitChainRulesCoreExt ~/.julia/packages/TensorKit/esxcj/ext/TensorKitChainRulesCoreExt/factorizations.jl:254
┌ Warning: `svd` cotangents sensitive to gauge choice: (|Δgauge| = 7.837620621358764e-8)
└ @ TensorKitChainRulesCoreExt ~/.julia/packages/TensorKit/esxcj/ext/TensorKitChainRulesCoreExt/factorizations.jl:254
┌ Warning: `svd` cotangents sensitive to gauge choice: (|Δgauge| = 0.008702377650530793)
└ @ TensorKitChainRulesCoreExt ~/.julia/packages/TensorKit/esxcj/ext/TensorKitChainRulesCoreExt/factorizations.jl:254
[ Info: LBFGS: iter   39, time 8187.61 s: f = -2.075391013935, ‖∇f‖ = 4.5005e-03, α = 4.42e-01, m = 3, nfg = 2
[ Info: CTMRG init:	obj = +9.145248896249e+00	err = 1.0000e+00
[ Info: CTMRG conv 96:	obj = +9.145339586870e+00	err = 8.6703029831e-10	time = 4.12 min
┌ Warning: `svd` cotangents sensitive to gauge choice: (|Δgauge| = 0.008249377484295922)
└ @ TensorKitChainRulesCoreExt ~/.julia/packages/TensorKit/esxcj/ext/TensorKitChainRulesCoreExt/factorizations.jl:254
┌ Warning: `svd` cotangents sensitive to gauge choice: (|Δgauge| = 1.559694929689439e-7)
└ @ TensorKitChainRulesCoreExt ~/.julia/packages/TensorKit/esxcj/ext/TensorKitChainRulesCoreExt/factorizations.jl:254
┌ Warning: `svd` cotangents sensitive to gauge choice: (|Δgauge| = 0.008249377413527312)
└ @ TensorKitChainRulesCoreExt ~/.julia/packages/TensorKit/esxcj/ext/TensorKitChainRulesCoreExt/factorizations.jl:254
[ Info: LBFGS: iter   40, time 8452.79 s: f = -2.075424415202, ‖∇f‖ = 2.4867e-03, α = 1.00e+00, m = 3, nfg = 1
[ Info: CTMRG init:	obj = +9.149870245480e+00	err = 1.0000e+00
┌ Warning: CTMRG cancel 100:	obj = +9.149973350222e+00	err = 1.4476200475e-09	time = 4.92 min
└ @ PEPSKit ~/.julia/packages/PEPSKit/P7ER3/src/algorithms/ctmrg/ctmrg.jl:129
┌ Warning: `svd` cotangents sensitive to gauge choice: (|Δgauge| = 0.00764165252134202)
└ @ TensorKitChainRulesCoreExt ~/.julia/packages/TensorKit/esxcj/ext/TensorKitChainRulesCoreExt/factorizations.jl:254
┌ Warning: `svd` cotangents sensitive to gauge choice: (|Δgauge| = 1.5269510056464632e-7)
└ @ TensorKitChainRulesCoreExt ~/.julia/packages/TensorKit/esxcj/ext/TensorKitChainRulesCoreExt/factorizations.jl:254
┌ Warning: `svd` cotangents sensitive to gauge choice: (|Δgauge| = 0.007641652457892625)
└ @ TensorKitChainRulesCoreExt ~/.julia/packages/TensorKit/esxcj/ext/TensorKitChainRulesCoreExt/factorizations.jl:254
[ Info: LBFGS: iter   41, time 8781.11 s: f = -2.075453524668, ‖∇f‖ = 2.5384e-03, α = 1.00e+00, m = 3, nfg = 1
[ Info: CTMRG init:	obj = +9.154018620953e+00	err = 1.0000e+00
┌ Warning: CTMRG cancel 100:	obj = +9.154113053777e+00	err = 3.3393733848e-09	time = 5.39 min
└ @ PEPSKit ~/.julia/packages/PEPSKit/P7ER3/src/algorithms/ctmrg/ctmrg.jl:129
┌ Warning: `svd` cotangents sensitive to gauge choice: (|Δgauge| = 0.0069376668755529725)
└ @ TensorKitChainRulesCoreExt ~/.julia/packages/TensorKit/esxcj/ext/TensorKitChainRulesCoreExt/factorizations.jl:254
┌ Warning: `svd` cotangents sensitive to gauge choice: (|Δgauge| = 1.6670668930140788e-7)
└ @ TensorKitChainRulesCoreExt ~/.julia/packages/TensorKit/esxcj/ext/TensorKitChainRulesCoreExt/factorizations.jl:254
┌ Warning: `svd` cotangents sensitive to gauge choice: (|Δgauge| = 0.0069376667980490525)
└ @ TensorKitChainRulesCoreExt ~/.julia/packages/TensorKit/esxcj/ext/TensorKitChainRulesCoreExt/factorizations.jl:254
[ Info: LBFGS: iter   42, time 9134.35 s: f = -2.075490810162, ‖∇f‖ = 3.2775e-03, α = 1.00e+00, m = 3, nfg = 1
[ Info: CTMRG init:	obj = +9.177052500201e+00	err = 1.0000e+00
┌ Warning: CTMRG cancel 100:	obj = +9.177458529065e+00	err = 7.6255993062e-09	time = 5.24 min
└ @ PEPSKit ~/.julia/packages/PEPSKit/P7ER3/src/algorithms/ctmrg/ctmrg.jl:129
┌ Warning: `svd` cotangents sensitive to gauge choice: (|Δgauge| = 0.007888158160162355)
└ @ TensorKitChainRulesCoreExt ~/.julia/packages/TensorKit/esxcj/ext/TensorKitChainRulesCoreExt/factorizations.jl:254
┌ Warning: `svd` cotangents sensitive to gauge choice: (|Δgauge| = 1.145589760802828e-7)
└ @ TensorKitChainRulesCoreExt ~/.julia/packages/TensorKit/esxcj/ext/TensorKitChainRulesCoreExt/factorizations.jl:254
┌ Warning: `svd` cotangents sensitive to gauge choice: (|Δgauge| = 0.007888158256995459)
└ @ TensorKitChainRulesCoreExt ~/.julia/packages/TensorKit/esxcj/ext/TensorKitChainRulesCoreExt/factorizations.jl:254
[ Info: LBFGS: iter   43, time 9475.54 s: f = -2.075548519295, ‖∇f‖ = 1.5594e-03, α = 1.00e+00, m = 3, nfg = 1
[ Info: CTMRG init:	obj = +9.161791747765e+00	err = 1.0000e+00
┌ Warning: CTMRG cancel 100:	obj = +9.161985278049e+00	err = 8.4062858742e-09	time = 5.28 min
└ @ PEPSKit ~/.julia/packages/PEPSKit/P7ER3/src/algorithms/ctmrg/ctmrg.jl:129
┌ Warning: `svd` cotangents sensitive to gauge choice: (|Δgauge| = 0.00910276521394002)
└ @ TensorKitChainRulesCoreExt ~/.julia/packages/TensorKit/esxcj/ext/TensorKitChainRulesCoreExt/factorizations.jl:254
┌ Warning: `svd` cotangents sensitive to gauge choice: (|Δgauge| = 1.3780310236700517e-7)
└ @ TensorKitChainRulesCoreExt ~/.julia/packages/TensorKit/esxcj/ext/TensorKitChainRulesCoreExt/factorizations.jl:254
┌ Warning: `svd` cotangents sensitive to gauge choice: (|Δgauge| = 0.009102765526108808)
└ @ TensorKitChainRulesCoreExt ~/.julia/packages/TensorKit/esxcj/ext/TensorKitChainRulesCoreExt/factorizations.jl:254
[ Info: LBFGS: iter   44, time 9819.40 s: f = -2.075587393763, ‖∇f‖ = 4.2122e-03, α = 1.00e+00, m = 3, nfg = 1
[ Info: CTMRG init:	obj = +9.159244815275e+00	err = 1.0000e+00
┌ Warning: CTMRG cancel 100:	obj = +9.159316601584e+00	err = 7.6042874169e-09	time = 5.38 min
└ @ PEPSKit ~/.julia/packages/PEPSKit/P7ER3/src/algorithms/ctmrg/ctmrg.jl:129
┌ Warning: `svd` cotangents sensitive to gauge choice: (|Δgauge| = 0.009323076041850207)
└ @ TensorKitChainRulesCoreExt ~/.julia/packages/TensorKit/esxcj/ext/TensorKitChainRulesCoreExt/factorizations.jl:254
┌ Warning: `svd` cotangents sensitive to gauge choice: (|Δgauge| = 9.338543803614376e-8)
└ @ TensorKitChainRulesCoreExt ~/.julia/packages/TensorKit/esxcj/ext/TensorKitChainRulesCoreExt/factorizations.jl:254
┌ Warning: `svd` cotangents sensitive to gauge choice: (|Δgauge| = 0.00932307621072774)
└ @ TensorKitChainRulesCoreExt ~/.julia/packages/TensorKit/esxcj/ext/TensorKitChainRulesCoreExt/factorizations.jl:254
[ Info: LBFGS: iter   45, time 10166.37 s: f = -2.075625530055, ‖∇f‖ = 2.2889e-03, α = 1.00e+00, m = 3, nfg = 1
[ Info: CTMRG init:	obj = +9.139827383913e+00	err = 1.0000e+00
┌ Warning: CTMRG cancel 100:	obj = +9.140036465299e+00	err = 2.1452405688e-09	time = 5.37 min
└ @ PEPSKit ~/.julia/packages/PEPSKit/P7ER3/src/algorithms/ctmrg/ctmrg.jl:129
┌ Warning: `svd` cotangents sensitive to gauge choice: (|Δgauge| = 0.008970693053859547)
└ @ TensorKitChainRulesCoreExt ~/.julia/packages/TensorKit/esxcj/ext/TensorKitChainRulesCoreExt/factorizations.jl:254
┌ Warning: `svd` cotangents sensitive to gauge choice: (|Δgauge| = 8.241851945982512e-8)
└ @ TensorKitChainRulesCoreExt ~/.julia/packages/TensorKit/esxcj/ext/TensorKitChainRulesCoreExt/factorizations.jl:254
┌ Warning: `svd` cotangents sensitive to gauge choice: (|Δgauge| = 0.00897069321440326)
└ @ TensorKitChainRulesCoreExt ~/.julia/packages/TensorKit/esxcj/ext/TensorKitChainRulesCoreExt/factorizations.jl:254
[ Info: LBFGS: iter   46, time 10510.75 s: f = -2.075673550168, ‖∇f‖ = 3.4498e-03, α = 1.00e+00, m = 3, nfg = 1
[ Info: CTMRG init:	obj = +9.089954774302e+00	err = 1.0000e+00
┌ Warning: CTMRG cancel 100:	obj = +9.090864114191e+00	err = 2.9472799528e-09	time = 5.32 min
└ @ PEPSKit ~/.julia/packages/PEPSKit/P7ER3/src/algorithms/ctmrg/ctmrg.jl:129
┌ Warning: `svd` cotangents sensitive to gauge choice: (|Δgauge| = 0.008186342789635204)
└ @ TensorKitChainRulesCoreExt ~/.julia/packages/TensorKit/esxcj/ext/TensorKitChainRulesCoreExt/factorizations.jl:254
┌ Warning: `svd` cotangents sensitive to gauge choice: (|Δgauge| = 1.110170792829675e-7)
└ @ TensorKitChainRulesCoreExt ~/.julia/packages/TensorKit/esxcj/ext/TensorKitChainRulesCoreExt/factorizations.jl:254
┌ Warning: `svd` cotangents sensitive to gauge choice: (|Δgauge| = 0.008186343010950572)
└ @ TensorKitChainRulesCoreExt ~/.julia/packages/TensorKit/esxcj/ext/TensorKitChainRulesCoreExt/factorizations.jl:254
[ Info: LBFGS: iter   47, time 10851.81 s: f = -2.075747393115, ‖∇f‖ = 4.9872e-03, α = 1.00e+00, m = 3, nfg = 1
[ Info: CTMRG init:	obj = +9.008588222845e+00	err = 1.0000e+00
┌ Warning: CTMRG cancel 100:	obj = +9.010461012951e+00	err = 2.9380127888e-09	time = 5.41 min
└ @ PEPSKit ~/.julia/packages/PEPSKit/P7ER3/src/algorithms/ctmrg/ctmrg.jl:129
┌ Warning: `svd` cotangents sensitive to gauge choice: (|Δgauge| = 0.006296092876790796)
└ @ TensorKitChainRulesCoreExt ~/.julia/packages/TensorKit/esxcj/ext/TensorKitChainRulesCoreExt/factorizations.jl:254
┌ Warning: `svd` cotangents sensitive to gauge choice: (|Δgauge| = 7.260718670695373e-8)
└ @ TensorKitChainRulesCoreExt ~/.julia/packages/TensorKit/esxcj/ext/TensorKitChainRulesCoreExt/factorizations.jl:254
┌ Warning: `svd` cotangents sensitive to gauge choice: (|Δgauge| = 0.006296093032497785)
└ @ TensorKitChainRulesCoreExt ~/.julia/packages/TensorKit/esxcj/ext/TensorKitChainRulesCoreExt/factorizations.jl:254
[ Info: LBFGS: iter   48, time 11198.95 s: f = -2.075842124064, ‖∇f‖ = 4.7679e-03, α = 1.00e+00, m = 3, nfg = 1
[ Info: CTMRG init:	obj = +8.825184968144e+00	err = 1.0000e+00
┌ Warning: CTMRG cancel 100:	obj = +8.832304279606e+00	err = 4.4413461916e-08	time = 5.65 min
└ @ PEPSKit ~/.julia/packages/PEPSKit/P7ER3/src/algorithms/ctmrg/ctmrg.jl:129
┌ Warning: `svd` cotangents sensitive to gauge choice: (|Δgauge| = 0.0072394736668255286)
└ @ TensorKitChainRulesCoreExt ~/.julia/packages/TensorKit/esxcj/ext/TensorKitChainRulesCoreExt/factorizations.jl:254
┌ Warning: `svd` cotangents sensitive to gauge choice: (|Δgauge| = 2.228765563231637e-7)
└ @ TensorKitChainRulesCoreExt ~/.julia/packages/TensorKit/esxcj/ext/TensorKitChainRulesCoreExt/factorizations.jl:254
┌ Warning: `svd` cotangents sensitive to gauge choice: (|Δgauge| = 0.007239473523841744)
└ @ TensorKitChainRulesCoreExt ~/.julia/packages/TensorKit/esxcj/ext/TensorKitChainRulesCoreExt/factorizations.jl:254
[ Info: CTMRG init:	obj = +8.934188822182e+00	err = 1.0000e+00
┌ Warning: CTMRG cancel 100:	obj = +8.935406050118e+00	err = 7.7882800394e-09	time = 5.85 min
└ @ PEPSKit ~/.julia/packages/PEPSKit/P7ER3/src/algorithms/ctmrg/ctmrg.jl:129
┌ Warning: `svd` cotangents sensitive to gauge choice: (|Δgauge| = 0.006508717237640193)
└ @ TensorKitChainRulesCoreExt ~/.julia/packages/TensorKit/esxcj/ext/TensorKitChainRulesCoreExt/factorizations.jl:254
┌ Warning: `svd` cotangents sensitive to gauge choice: (|Δgauge| = 1.0713309761144168e-7)
└ @ TensorKitChainRulesCoreExt ~/.julia/packages/TensorKit/esxcj/ext/TensorKitChainRulesCoreExt/factorizations.jl:254
┌ Warning: `svd` cotangents sensitive to gauge choice: (|Δgauge| = 0.00650871716956293)
└ @ TensorKitChainRulesCoreExt ~/.julia/packages/TensorKit/esxcj/ext/TensorKitChainRulesCoreExt/factorizations.jl:254
[ Info: LBFGS: iter   49, time 11927.25 s: f = -2.075893452038, ‖∇f‖ = 3.7737e-03, α = 4.20e-01, m = 3, nfg = 2
[ Info: CTMRG init:	obj = +8.894569023889e+00	err = 1.0000e+00
[ Info: CTMRG conv 98:	obj = +8.895717061359e+00	err = 9.9208429531e-10	time = 5.27 min
┌ Warning: `svd` cotangents sensitive to gauge choice: (|Δgauge| = 0.006782466464639231)
└ @ TensorKitChainRulesCoreExt ~/.julia/packages/TensorKit/esxcj/ext/TensorKitChainRulesCoreExt/factorizations.jl:254
┌ Warning: `svd` cotangents sensitive to gauge choice: (|Δgauge| = 1.48444671267289e-8)
└ @ TensorKitChainRulesCoreExt ~/.julia/packages/TensorKit/esxcj/ext/TensorKitChainRulesCoreExt/factorizations.jl:254
┌ Warning: `svd` cotangents sensitive to gauge choice: (|Δgauge| = 0.006782466452155175)
└ @ TensorKitChainRulesCoreExt ~/.julia/packages/TensorKit/esxcj/ext/TensorKitChainRulesCoreExt/factorizations.jl:254
[ Info: LBFGS: iter   50, time 12262.01 s: f = -2.075961596440, ‖∇f‖ = 2.1962e-03, α = 1.00e+00, m = 3, nfg = 1
[ Info: CTMRG init:	obj = +8.867242664396e+00	err = 1.0000e+00
┌ Warning: CTMRG cancel 100:	obj = +8.868131433511e+00	err = 3.6344827541e-09	time = 5.51 min
└ @ PEPSKit ~/.julia/packages/PEPSKit/P7ER3/src/algorithms/ctmrg/ctmrg.jl:129
┌ Warning: `svd` cotangents sensitive to gauge choice: (|Δgauge| = 0.006909148497619266)
└ @ TensorKitChainRulesCoreExt ~/.julia/packages/TensorKit/esxcj/ext/TensorKitChainRulesCoreExt/factorizations.jl:254
┌ Warning: `svd` cotangents sensitive to gauge choice: (|Δgauge| = 2.119498101304037e-9)
└ @ TensorKitChainRulesCoreExt ~/.julia/packages/TensorKit/esxcj/ext/TensorKitChainRulesCoreExt/factorizations.jl:254
┌ Warning: `svd` cotangents sensitive to gauge choice: (|Δgauge| = 0.006909148495725687)
└ @ TensorKitChainRulesCoreExt ~/.julia/packages/TensorKit/esxcj/ext/TensorKitChainRulesCoreExt/factorizations.jl:254
[ Info: LBFGS: iter   51, time 12609.64 s: f = -2.076002306787, ‖∇f‖ = 3.1339e-03, α = 1.00e+00, m = 3, nfg = 1
[ Info: CTMRG init:	obj = +8.799898758361e+00	err = 1.0000e+00
[ Info: CTMRG conv 64:	obj = +8.802699612510e+00	err = 7.6995396482e-10	time = 3.53 min
┌ Warning: `svd` cotangents sensitive to gauge choice: (|Δgauge| = 0.007339273344215132)
└ @ TensorKitChainRulesCoreExt ~/.julia/packages/TensorKit/esxcj/ext/TensorKitChainRulesCoreExt/factorizations.jl:254
┌ Warning: `svd` cotangents sensitive to gauge choice: (|Δgauge| = 1.6393667100670816e-8)
└ @ TensorKitChainRulesCoreExt ~/.julia/packages/TensorKit/esxcj/ext/TensorKitChainRulesCoreExt/factorizations.jl:254
┌ Warning: `svd` cotangents sensitive to gauge choice: (|Δgauge| = 0.007339273321329248)
└ @ TensorKitChainRulesCoreExt ~/.julia/packages/TensorKit/esxcj/ext/TensorKitChainRulesCoreExt/factorizations.jl:254
[ Info: LBFGS: iter   52, time 12834.12 s: f = -2.076033290921, ‖∇f‖ = 2.2235e-03, α = 1.00e+00, m = 3, nfg = 1
[ Info: CTMRG init:	obj = +8.797466050680e+00	err = 1.0000e+00
[ Info: CTMRG conv 47:	obj = +8.797484213526e+00	err = 8.4376486660e-10	time = 2.76 min
┌ Warning: `svd` cotangents sensitive to gauge choice: (|Δgauge| = 0.007351659613632912)
└ @ TensorKitChainRulesCoreExt ~/.julia/packages/TensorKit/esxcj/ext/TensorKitChainRulesCoreExt/factorizations.jl:254
┌ Warning: `svd` cotangents sensitive to gauge choice: (|Δgauge| = 2.1212192877428828e-7)
└ @ TensorKitChainRulesCoreExt ~/.julia/packages/TensorKit/esxcj/ext/TensorKitChainRulesCoreExt/factorizations.jl:254
┌ Warning: `svd` cotangents sensitive to gauge choice: (|Δgauge| = 0.007351659411510031)
└ @ TensorKitChainRulesCoreExt ~/.julia/packages/TensorKit/esxcj/ext/TensorKitChainRulesCoreExt/factorizations.jl:254
[ Info: LBFGS: converged after 53 iterations and time 13010.23 s: f = -2.076040192041, ‖∇f‖ = 8.1132e-04
