  Installing known registries into `~/.julia`
       Added `General` registry to ~/.julia/registries
    Updating registry at `~/.julia/registries/General.toml`
   Installed RealDot ───────────────────── v0.1.0
   Installed GPUArraysCore ─────────────── v0.2.0
   Installed IrrationalConstants ───────── v0.2.4
   Installed TaskLocalValues ───────────── v0.1.2
   Installed IRTools ───────────────────── v0.4.14
   Installed JLD2 ──────────────────────── v0.5.12
   Installed OhMyThreads ───────────────── v0.7.0
   Installed BlockTensorKit ────────────── v0.1.6
   Installed Adapt ─────────────────────── v4.3.0
   Installed DiffRules ─────────────────── v1.15.1
   Installed IntegerMathUtils ──────────── v0.1.2
   Installed PtrArrays ─────────────────── v1.3.0
   Installed LRUCache ──────────────────── v1.6.2
   Installed TableTraits ───────────────── v1.0.1
   Installed Accessors ─────────────────── v0.1.42
   Installed Preferences ───────────────── v1.4.3
   Installed DiffResults ───────────────── v1.1.0
   Installed LoggingExtras ─────────────── v1.0.3
   Installed OptimKit ──────────────────── v0.4.0
   Installed WignerSymbols ─────────────── v2.0.0
   Installed HashArrayMappedTries ──────── v0.2.0
   Installed Tables ────────────────────── v1.12.0
   Installed SpecialFunctions ──────────── v2.5.1
   Installed TensorKit ─────────────────── v0.14.5
   Installed RecipesBase ───────────────── v1.3.4
   Installed DataAPI ───────────────────── v1.16.0
   Installed ChunkSplitters ────────────── v3.1.2
   Installed Primes ────────────────────── v0.5.7
   Installed StaticArrays ──────────────── v1.9.13
   Installed Zygote ────────────────────── v0.7.6
   Installed AbstractFFTs ──────────────── v1.5.0
   Installed MPSKit ────────────────────── v0.12.6
   Installed Richardson ────────────────── v1.4.2
   Installed StaticArraysCore ──────────── v1.4.3
   Installed JLLWrappers ───────────────── v1.7.0
   Installed FiniteDifferences ─────────── v0.12.32
   Installed BlockArrays ───────────────── v1.6.1
   Installed NaNMath ───────────────────── v1.1.3
   Installed IteratorInterfaceExtensions ─ v1.0.0
   Installed PrecompileTools ───────────── v1.2.1
   Installed ConstructionBase ──────────── v1.5.8
   Installed RationalRoots ─────────────── v0.2.1
   Installed StructArrays ──────────────── v0.7.1
   Installed DataValueInterfaces ───────── v1.0.0
   Installed OrderedCollections ────────── v1.8.0
   Installed StableTasks ───────────────── v0.1.7
   Installed TensorKitSectors ──────────── v0.1.4
   Installed TranscodingStreams ────────── v0.11.3
   Installed VectorInterface ───────────── v0.5.0
   Installed ScopedValues ──────────────── v1.3.0
   Installed FillArrays ────────────────── v1.13.0
   Installed InitialValues ─────────────── v0.3.1
   Installed MPSKitModels ──────────────── v0.4.1
   Installed ForwardDiff ───────────────── v1.0.1
   Installed ChainRulesCore ────────────── v1.25.1
   Installed FileIO ────────────────────── v1.17.0
   Installed ZygoteRules ───────────────── v0.2.7
   Installed Statistics ────────────────── v1.11.1
   Installed CommonSubexpressions ──────── v0.3.1
   Installed StridedViews ──────────────── v0.4.1
   Installed Requires ──────────────────── v1.3.1
   Installed LogExpFunctions ───────────── v0.3.29
   Installed BangBang ──────────────────── v0.4.4
   Installed ChainRules ────────────────── v1.72.3
   Installed HalfIntegers ──────────────── v1.6.0
   Installed PackageExtensionCompat ────── v1.0.2
   Installed MacroTools ────────────────── v0.5.15
   Installed OpenSpecFun_jll ───────────── v0.5.6+0
   Installed TensorKitManifolds ────────── v0.7.2
   Installed CompositionsBase ──────────── v0.1.2
   Installed Compat ────────────────────── v4.16.0
   Installed Strided ───────────────────── v2.3.0
   Installed SparseInverseSubset ───────── v0.1.2
   Installed TupleTools ────────────────── v1.6.0
   Installed InverseFunctions ──────────── v0.1.17
   Installed ArrayLayouts ──────────────── v1.11.1
   Installed DocStringExtensions ───────── v0.9.4
   Installed TensorOperations ──────────── v5.2.0
   Installed KrylovKit ─────────────────── v0.9.5
   Installed PEPSKit ───────────────────── v0.5.0
    Updating `/var/lib/condor/execute/dir_1201996/Project.toml`
  [d360d2e6] + ChainRulesCore v1.25.1
  [033835bb] + JLD2 v0.5.12
  [0b1a1467] + KrylovKit v0.9.5
  [bb1c41ca] + MPSKit v0.12.6
  [ca635005] + MPSKitModels v0.4.1
  [77e91f04] + OptimKit v0.4.0
  [52969e89] + PEPSKit v0.5.0
  [07d1fe3e] + TensorKit v0.14.5
  [409d34a3] + VectorInterface v0.5.0
  [e88e6eb3] + Zygote v0.7.6
  [37e2e46d] ~ LinearAlgebra ⇒ v1.11.0
    Updating `/var/lib/condor/execute/dir_1201996/Manifest.toml`
  [621f4979] + AbstractFFTs v1.5.0
  [7d9f7c33] + Accessors v0.1.42
  [79e6a3ab] + Adapt v4.3.0
  [4c555306] + ArrayLayouts v1.11.1
  [198e06fe] + BangBang v0.4.4
  [8e7c35d0] + BlockArrays v1.6.1
  [5f87ffc2] + BlockTensorKit v0.1.6
  [082447d4] + ChainRules v1.72.3
  [d360d2e6] + ChainRulesCore v1.25.1
  [ae650224] + ChunkSplitters v3.1.2
  [bbf7d656] + CommonSubexpressions v0.3.1
  [34da2185] + Compat v4.16.0
  [a33af91c] + CompositionsBase v0.1.2
  [187b0558] + ConstructionBase v1.5.8
  [9a962f9c] + DataAPI v1.16.0
  [e2d170a0] + DataValueInterfaces v1.0.0
  [163ba53b] + DiffResults v1.1.0
  [b552c78f] + DiffRules v1.15.1
  [ffbed154] + DocStringExtensions v0.9.4
  [5789e2e9] + FileIO v1.17.0
  [1a297f60] + FillArrays v1.13.0
  [26cc04aa] + FiniteDifferences v0.12.32
  [f6369f11] + ForwardDiff v1.0.1
  [46192b85] + GPUArraysCore v0.2.0
  [f0d1745a] + HalfIntegers v1.6.0
  [076d061b] + HashArrayMappedTries v0.2.0
  [7869d1d1] + IRTools v0.4.14
  [22cec73e] + InitialValues v0.3.1
  [18e54dd8] + IntegerMathUtils v0.1.2
  [3587e190] + InverseFunctions v0.1.17
  [92d709cd] + IrrationalConstants v0.2.4
  [82899510] + IteratorInterfaceExtensions v1.0.0
  [033835bb] + JLD2 v0.5.12
  [692b3bcd] + JLLWrappers v1.7.0
  [0b1a1467] + KrylovKit v0.9.5
  [8ac3fa9e] + LRUCache v1.6.2
  [2ab3a3ac] + LogExpFunctions v0.3.29
⌅ [e6f89c97] + LoggingExtras v1.0.3
  [bb1c41ca] + MPSKit v0.12.6
  [ca635005] + MPSKitModels v0.4.1
  [1914dd2f] + MacroTools v0.5.15
  [77ba4419] + NaNMath v1.1.3
⌅ [67456a42] + OhMyThreads v0.7.0
  [77e91f04] + OptimKit v0.4.0
  [bac558e1] + OrderedCollections v1.8.0
  [52969e89] + PEPSKit v0.5.0
  [65ce6f38] + PackageExtensionCompat v1.0.2
⌅ [aea7be01] + PrecompileTools v1.2.1
  [21216c6a] + Preferences v1.4.3
  [27ebfcd6] + Primes v0.5.7
  [43287f4e] + PtrArrays v1.3.0
  [308eb6b3] + RationalRoots v0.2.1
  [c1ae055f] + RealDot v0.1.0
  [3cdcf5f2] + RecipesBase v1.3.4
  [ae029012] + Requires v1.3.1
  [708f8203] + Richardson v1.4.2
  [7e506255] + ScopedValues v1.3.0
  [dc90abb0] + SparseInverseSubset v0.1.2
  [276daf66] + SpecialFunctions v2.5.1
  [91464d47] + StableTasks v0.1.7
  [90137ffa] + StaticArrays v1.9.13
  [1e83bf80] + StaticArraysCore v1.4.3
  [10745b16] + Statistics v1.11.1
  [5e0ebb24] + Strided v2.3.0
  [4db3bf67] + StridedViews v0.4.1
  [09ab397b] + StructArrays v0.7.1
  [3783bdb8] + TableTraits v1.0.1
  [bd369af6] + Tables v1.12.0
  [ed4db957] + TaskLocalValues v0.1.2
  [07d1fe3e] + TensorKit v0.14.5
  [11fa318c] + TensorKitManifolds v0.7.2
  [13a9c161] + TensorKitSectors v0.1.4
  [6aa20fa7] + TensorOperations v5.2.0
  [3bb67fe8] + TranscodingStreams v0.11.3
  [9d95972d] + TupleTools v1.6.0
  [409d34a3] + VectorInterface v0.5.0
  [9f57e263] + WignerSymbols v2.0.0
  [e88e6eb3] + Zygote v0.7.6
  [700de1a5] + ZygoteRules v0.2.7
  [efe28fd5] + OpenSpecFun_jll v0.5.6+0
  [0dad84c5] + ArgTools v1.1.2
  [56f22d72] + Artifacts v1.11.0
  [2a0f44e3] + Base64 v1.11.0
  [ade2ca70] + Dates v1.11.0
  [8ba89e20] + Distributed v1.11.0
  [f43a241f] + Downloads v1.6.0
  [7b1f6079] + FileWatching v1.11.0
  [b77e0a4c] + InteractiveUtils v1.11.0
  [b27032c2] + LibCURL v0.6.4
  [76f85450] + LibGit2 v1.11.0
  [8f399da3] + Libdl v1.11.0
  [37e2e46d] + LinearAlgebra v1.11.0
  [56ddb016] + Logging v1.11.0
  [d6f4376e] + Markdown v1.11.0
  [a63ad114] + Mmap v1.11.0
  [ca575930] + NetworkOptions v1.2.0
  [44cfe95a] + Pkg v1.11.0
  [de0858da] + Printf v1.11.0
  [9a3f8284] + Random v1.11.0
  [ea8e919c] + SHA v0.7.0
  [9e88b42a] + Serialization v1.11.0
  [6462fe0b] + Sockets v1.11.0
  [2f01184e] + SparseArrays v1.11.0
  [4607b0f0] + SuiteSparse
  [fa267f1f] + TOML v1.0.3
  [a4e569a6] + Tar v1.10.0
  [cf7118a7] + UUIDs v1.11.0
  [4ec0a83e] + Unicode v1.11.0
  [e66e0078] + CompilerSupportLibraries_jll v1.1.1+0
  [deac9b47] + LibCURL_jll v8.6.0+0
  [e37daf67] + LibGit2_jll v1.7.2+0
  [29816b5a] + LibSSH2_jll v1.11.0+1
  [c8ffd9c3] + MbedTLS_jll v2.28.6+0
  [14a3606d] + MozillaCACerts_jll v2023.12.12
  [4536629a] + OpenBLAS_jll v0.3.27+1
  [05823500] + OpenLibm_jll v0.8.1+2
  [bea87d4a] + SuiteSparse_jll v7.7.0+0
  [83775a58] + Zlib_jll v1.2.13+1
  [8e850b90] + libblastrampoline_jll v5.11.0+0
  [8e850ede] + nghttp2_jll v1.59.0+0
  [3f19e933] + p7zip_jll v17.4.0+2
        Info Packages marked with ⌅ have new versions available but compatibility constraints restrict them from upgrading. To see why use `status --outdated -m`
Precompiling project...
    449.5 ms  ✓ TaskLocalValues
    466.8 ms  ✓ DataValueInterfaces
    490.8 ms  ✓ IntegerMathUtils
    536.2 ms  ✓ Richardson
    618.4 ms  ✓ RealDot
    642.5 ms  ✓ HalfIntegers
    637.1 ms  ✓ StableTasks
    684.6 ms  ✓ InverseFunctions
    730.2 ms  ✓ Statistics
    771.8 ms  ✓ OrderedCollections
    517.2 ms  ✓ IteratorInterfaceExtensions
    447.7 ms  ✓ PackageExtensionCompat
    960.4 ms  ✓ LRUCache
    982.8 ms  ✓ AbstractFFTs
    958.3 ms  ✓ VectorInterface
    955.1 ms  ✓ DocStringExtensions
    529.5 ms  ✓ DataAPI
    635.1 ms  ✓ ConstructionBase
    431.2 ms  ✓ PtrArrays
    508.6 ms  ✓ CompositionsBase
   1275.0 ms  ✓ FillArrays
    684.1 ms  ✓ ChunkSplitters
    543.8 ms  ✓ TupleTools
    562.9 ms  ✓ TableTraits
    613.5 ms  ✓ RationalRoots
   1578.4 ms  ✓ IrrationalConstants
    625.1 ms  ✓ LRUCache → SerializationExt
    704.8 ms  ✓ StridedViews
    944.6 ms  ✓ Statistics → SparseArraysExt
    700.6 ms  ✓ SuiteSparse
    825.5 ms  ✓ TranscodingStreams
    900.0 ms  ✓ LoggingExtras
    647.3 ms  ✓ InverseFunctions → InverseFunctionsDatesExt
   1267.1 ms  ✓ InitialValues
    890.5 ms  ✓ Compat
    494.5 ms  ✓ HashArrayMappedTries
    547.7 ms  ✓ StaticArraysCore
    945.6 ms  ✓ Preferences
    840.1 ms  ✓ Primes
    502.6 ms  ✓ ConstructionBase → ConstructionBaseLinearAlgebraExt
    520.7 ms  ✓ CompositionsBase → CompositionsBaseInverseFunctionsExt
    690.8 ms  ✓ Requires
    713.6 ms  ✓ NaNMath
    531.7 ms  ✓ FillArrays → FillArraysStatisticsExt
    466.9 ms  ✓ StridedViews → StridedViewsPtrArraysExt
    510.0 ms  ✓ Compat → CompatLinearAlgebraExt
    578.0 ms  ✓ ScopedValues
    692.9 ms  ✓ SparseInverseSubset
    576.8 ms  ✓ PrecompileTools
    808.0 ms  ✓ LogExpFunctions
    724.4 ms  ✓ DiffResults
    904.3 ms  ✓ Strided
    676.6 ms  ✓ JLLWrappers
   1057.6 ms  ✓ Tables
    712.0 ms  ✓ Adapt
   1174.3 ms  ✓ FillArrays → FillArraysSparseArraysExt
    533.7 ms  ✓ LogExpFunctions → LogExpFunctionsInverseFunctionsExt
    608.3 ms  ✓ GPUArraysCore
    720.1 ms  ✓ OpenSpecFun_jll
    870.3 ms  ✓ Adapt → AdaptSparseArraysExt
    979.1 ms  ✓ StructArrays
   2641.5 ms  ✓ KrylovKit
   3659.6 ms  ✓ MacroTools
   1716.5 ms  ✓ OptimKit
   1926.0 ms  ✓ ChainRulesCore
   1931.5 ms  ✓ RecipesBase
    737.0 ms  ✓ StructArrays → StructArraysLinearAlgebraExt
    763.9 ms  ✓ StructArrays → StructArraysAdaptExt
    796.5 ms  ✓ CommonSubexpressions
   1085.0 ms  ✓ StructArrays → StructArraysSparseArraysExt
    708.5 ms  ✓ AbstractFFTs → AbstractFFTsChainRulesCoreExt
    784.2 ms  ✓ ChainRulesCore → ChainRulesCoreSparseArraysExt
    980.0 ms  ✓ ZygoteRules
   1033.9 ms  ✓ KrylovKit → KrylovKitChainRulesCoreExt
   3822.1 ms  ✓ WignerSymbols
   2399.7 ms  ✓ LogExpFunctions → LogExpFunctionsChainRulesCoreExt
   2973.1 ms  ✓ IRTools
   3196.0 ms  ✓ Accessors
   3908.5 ms  ✓ SpecialFunctions
   5197.8 ms  ✓ FileIO
    666.3 ms  ✓ Accessors → LinearAlgebraExt
    672.6 ms  ✓ Accessors → StructArraysExt
    711.6 ms  ✓ DiffRules
   1057.1 ms  ✓ BangBang
   2050.3 ms  ✓ SpecialFunctions → SpecialFunctionsChainRulesCoreExt
    645.4 ms  ✓ BangBang → BangBangTablesExt
    731.6 ms  ✓ BangBang → BangBangStructArraysExt
    734.5 ms  ✓ BangBang → BangBangChainRulesCoreExt
   1213.1 ms  ✓ OhMyThreads
   6175.3 ms  ✓ ChainRules
   9349.7 ms  ✓ StaticArrays
   4206.5 ms  ✓ ForwardDiff
    712.5 ms  ✓ Adapt → AdaptStaticArraysExt
    890.3 ms  ✓ Accessors → StaticArraysExt
    931.5 ms  ✓ StaticArrays → StaticArraysStatisticsExt
    959.0 ms  ✓ StaticArrays → StaticArraysChainRulesCoreExt
    953.8 ms  ✓ StructArrays → StructArraysStaticArraysExt
    958.3 ms  ✓ ConstructionBase → ConstructionBaseStaticArraysExt
   1008.8 ms  ✓ BangBang → BangBangStaticArraysExt
   1000.3 ms  ✓ ForwardDiff → ForwardDiffStaticArraysExt
   1568.2 ms  ✓ FiniteDifferences
  16895.9 ms  ✓ ArrayLayouts
   1017.6 ms  ✓ ArrayLayouts → ArrayLayoutsSparseArraysExt
   2006.5 ms  ✓ BlockArrays
    774.0 ms  ✓ BlockArrays → BlockArraysAdaptExt
  33380.2 ms  ✓ JLD2
  30991.8 ms  ✓ Zygote
 130229.2 ms  ✓ TensorOperations
   1477.5 ms  ✓ TensorOperations → TensorOperationsChainRulesCoreExt
   6860.1 ms  ✓ TensorKitSectors
   7970.9 ms  ✓ TensorKit
   2000.9 ms  ✓ TensorKit → TensorKitFiniteDifferencesExt
   2019.4 ms  ✓ TensorKitManifolds
   2328.6 ms  ✓ TensorKit → TensorKitChainRulesCoreExt
   3021.0 ms  ✓ BlockTensorKit
  16802.9 ms  ✓ MPSKit
  15531.0 ms  ✓ MPSKitModels
  17903.2 ms  ✓ PEPSKit
  118 dependencies successfully precompiled in 201 seconds. 31 already precompiled.
[ Info: CTMRG init:	obj = +4.782000153297e+00	err = 1.0000e+00
[ Info: CTMRG conv 4:	obj = +4.782000153297e+00	err = 9.0748616976e-11	time = 1.80 min
┌ Warning: `svd` cotangents sensitive to gauge choice: (|Δgauge| = 0.5767158878356178)
└ @ TensorKitChainRulesCoreExt ~/.julia/packages/TensorKit/esxcj/ext/TensorKitChainRulesCoreExt/factorizations.jl:254
┌ Warning: `svd` cotangents sensitive to gauge choice: (|Δgauge| = 5.7830084875024815e-5)
└ @ TensorKitChainRulesCoreExt ~/.julia/packages/TensorKit/esxcj/ext/TensorKitChainRulesCoreExt/factorizations.jl:254
┌ Warning: `svd` cotangents sensitive to gauge choice: (|Δgauge| = 0.5766760832317073)
└ @ TensorKitChainRulesCoreExt ~/.julia/packages/TensorKit/esxcj/ext/TensorKitChainRulesCoreExt/factorizations.jl:254
[ Info: LBFGS: initializing with f = -2.125887329569, ‖∇f‖ = 7.7524e-04
[ Info: CTMRG init:	obj = +4.784696252511e+00	err = 1.0000e+00
[ Info: CTMRG conv 26:	obj = +4.784717909310e+00	err = 6.6379600548e-10	time = 10.86 sec
┌ Warning: `svd` cotangents sensitive to gauge choice: (|Δgauge| = 0.5778169874630782)
└ @ TensorKitChainRulesCoreExt ~/.julia/packages/TensorKit/esxcj/ext/TensorKitChainRulesCoreExt/factorizations.jl:254
┌ Warning: `svd` cotangents sensitive to gauge choice: (|Δgauge| = 9.463007855334685e-11)
└ @ TensorKitChainRulesCoreExt ~/.julia/packages/TensorKit/esxcj/ext/TensorKitChainRulesCoreExt/factorizations.jl:254
┌ Warning: `svd` cotangents sensitive to gauge choice: (|Δgauge| = 0.5778169874775151)
└ @ TensorKitChainRulesCoreExt ~/.julia/packages/TensorKit/esxcj/ext/TensorKitChainRulesCoreExt/factorizations.jl:254
[ Info: LBFGS: iter    1, time 1412.58 s: f = -2.125888318111, ‖∇f‖ = 2.2881e-03, α = 1.00e+00, m = 0, nfg = 1
[ Info: CTMRG init:	obj = +4.786047931336e+00	err = 1.0000e+00
[ Info: CTMRG conv 21:	obj = +4.786049766709e+00	err = 7.9481724896e-10	time = 8.24 sec
┌ Warning: `svd` cotangents sensitive to gauge choice: (|Δgauge| = 0.5773304202758276)
└ @ TensorKitChainRulesCoreExt ~/.julia/packages/TensorKit/esxcj/ext/TensorKitChainRulesCoreExt/factorizations.jl:254
┌ Warning: `svd` cotangents sensitive to gauge choice: (|Δgauge| = 1.9843458722856097e-9)
└ @ TensorKitChainRulesCoreExt ~/.julia/packages/TensorKit/esxcj/ext/TensorKitChainRulesCoreExt/factorizations.jl:254
┌ Warning: `svd` cotangents sensitive to gauge choice: (|Δgauge| = 0.5773304194580618)
└ @ TensorKitChainRulesCoreExt ~/.julia/packages/TensorKit/esxcj/ext/TensorKitChainRulesCoreExt/factorizations.jl:254
[ Info: LBFGS: iter    2, time 1428.26 s: f = -2.125892221412, ‖∇f‖ = 1.0092e-03, α = 1.00e+00, m = 1, nfg = 1
[ Info: CTMRG init:	obj = +4.788578497011e+00	err = 1.0000e+00
[ Info: CTMRG conv 22:	obj = +4.788579717721e+00	err = 7.1790879858e-10	time = 7.98 sec
┌ Warning: `svd` cotangents sensitive to gauge choice: (|Δgauge| = 0.5773163147968248)
└ @ TensorKitChainRulesCoreExt ~/.julia/packages/TensorKit/esxcj/ext/TensorKitChainRulesCoreExt/factorizations.jl:254
┌ Warning: `svd` cotangents sensitive to gauge choice: (|Δgauge| = 1.0009798482039694e-9)
└ @ TensorKitChainRulesCoreExt ~/.julia/packages/TensorKit/esxcj/ext/TensorKitChainRulesCoreExt/factorizations.jl:254
┌ Warning: `svd` cotangents sensitive to gauge choice: (|Δgauge| = 0.5773163143953477)
└ @ TensorKitChainRulesCoreExt ~/.julia/packages/TensorKit/esxcj/ext/TensorKitChainRulesCoreExt/factorizations.jl:254
[ Info: LBFGS: iter    3, time 1442.15 s: f = -2.125894955466, ‖∇f‖ = 7.3468e-04, α = 1.00e+00, m = 2, nfg = 1
[ Info: CTMRG init:	obj = +4.791652290372e+00	err = 1.0000e+00
[ Info: CTMRG conv 22:	obj = +4.791653563159e+00	err = 7.2658039211e-10	time = 8.20 sec
┌ Warning: `svd` cotangents sensitive to gauge choice: (|Δgauge| = 0.5773297272014462)
└ @ TensorKitChainRulesCoreExt ~/.julia/packages/TensorKit/esxcj/ext/TensorKitChainRulesCoreExt/factorizations.jl:254
┌ Warning: `svd` cotangents sensitive to gauge choice: (|Δgauge| = 8.239087323517177e-10)
└ @ TensorKitChainRulesCoreExt ~/.julia/packages/TensorKit/esxcj/ext/TensorKitChainRulesCoreExt/factorizations.jl:254
┌ Warning: `svd` cotangents sensitive to gauge choice: (|Δgauge| = 0.5773297268976965)
└ @ TensorKitChainRulesCoreExt ~/.julia/packages/TensorKit/esxcj/ext/TensorKitChainRulesCoreExt/factorizations.jl:254
[ Info: LBFGS: iter    4, time 1456.37 s: f = -2.125897614886, ‖∇f‖ = 1.0947e-03, α = 1.00e+00, m = 3, nfg = 1
[ Info: CTMRG init:	obj = +4.795518698895e+00	err = 1.0000e+00
[ Info: CTMRG conv 24:	obj = +4.795522719580e+00	err = 6.5799325805e-10	time = 8.31 sec
┌ Warning: `svd` cotangents sensitive to gauge choice: (|Δgauge| = 0.5777226128944433)
└ @ TensorKitChainRulesCoreExt ~/.julia/packages/TensorKit/esxcj/ext/TensorKitChainRulesCoreExt/factorizations.jl:254
┌ Warning: `svd` cotangents sensitive to gauge choice: (|Δgauge| = 1.7084498598007136e-10)
└ @ TensorKitChainRulesCoreExt ~/.julia/packages/TensorKit/esxcj/ext/TensorKitChainRulesCoreExt/factorizations.jl:254
┌ Warning: `svd` cotangents sensitive to gauge choice: (|Δgauge| = 0.5777226128284971)
└ @ TensorKitChainRulesCoreExt ~/.julia/packages/TensorKit/esxcj/ext/TensorKitChainRulesCoreExt/factorizations.jl:254
[ Info: LBFGS: iter    5, time 1470.80 s: f = -2.125903552588, ‖∇f‖ = 1.6957e-03, α = 1.00e+00, m = 4, nfg = 1
[ Info: CTMRG init:	obj = +4.802019677966e+00	err = 1.0000e+00
[ Info: CTMRG conv 25:	obj = +4.802034095204e+00	err = 6.3534760199e-10	time = 10.62 sec
┌ Warning: `svd` cotangents sensitive to gauge choice: (|Δgauge| = 0.5763956616094394)
└ @ TensorKitChainRulesCoreExt ~/.julia/packages/TensorKit/esxcj/ext/TensorKitChainRulesCoreExt/factorizations.jl:254
┌ Warning: `svd` cotangents sensitive to gauge choice: (|Δgauge| = 2.579384137742097e-11)
└ @ TensorKitChainRulesCoreExt ~/.julia/packages/TensorKit/esxcj/ext/TensorKitChainRulesCoreExt/factorizations.jl:254
┌ Warning: `svd` cotangents sensitive to gauge choice: (|Δgauge| = 0.5763956616213362)
└ @ TensorKitChainRulesCoreExt ~/.julia/packages/TensorKit/esxcj/ext/TensorKitChainRulesCoreExt/factorizations.jl:254
[ Info: LBFGS: iter    6, time 1487.90 s: f = -2.125908629068, ‖∇f‖ = 1.9827e-03, α = 1.00e+00, m = 5, nfg = 1
[ Info: CTMRG init:	obj = +4.799751733085e+00	err = 1.0000e+00
[ Info: CTMRG conv 25:	obj = +4.799759736157e+00	err = 5.9055066342e-10	time = 10.23 sec
┌ Warning: `svd` cotangents sensitive to gauge choice: (|Δgauge| = 0.5768526911008517)
└ @ TensorKitChainRulesCoreExt ~/.julia/packages/TensorKit/esxcj/ext/TensorKitChainRulesCoreExt/factorizations.jl:254
┌ Warning: `svd` cotangents sensitive to gauge choice: (|Δgauge| = 3.133915259732475e-11)
└ @ TensorKitChainRulesCoreExt ~/.julia/packages/TensorKit/esxcj/ext/TensorKitChainRulesCoreExt/factorizations.jl:254
┌ Warning: `svd` cotangents sensitive to gauge choice: (|Δgauge| = 0.5768526911480558)
└ @ TensorKitChainRulesCoreExt ~/.julia/packages/TensorKit/esxcj/ext/TensorKitChainRulesCoreExt/factorizations.jl:254
[ Info: LBFGS: iter    7, time 1505.03 s: f = -2.125912408177, ‖∇f‖ = 6.9271e-04, α = 1.00e+00, m = 6, nfg = 1
[ Info: CTMRG init:	obj = +4.797973838380e+00	err = 1.0000e+00
[ Info: CTMRG conv 25:	obj = +4.797978188475e+00	err = 5.3996223811e-10	time = 11.19 sec
┌ Warning: `svd` cotangents sensitive to gauge choice: (|Δgauge| = 0.5767581029315016)
└ @ TensorKitChainRulesCoreExt ~/.julia/packages/TensorKit/esxcj/ext/TensorKitChainRulesCoreExt/factorizations.jl:254
┌ Warning: `svd` cotangents sensitive to gauge choice: (|Δgauge| = 3.553285706419958e-11)
└ @ TensorKitChainRulesCoreExt ~/.julia/packages/TensorKit/esxcj/ext/TensorKitChainRulesCoreExt/factorizations.jl:254
┌ Warning: `svd` cotangents sensitive to gauge choice: (|Δgauge| = 0.576758102957172)
└ @ TensorKitChainRulesCoreExt ~/.julia/packages/TensorKit/esxcj/ext/TensorKitChainRulesCoreExt/factorizations.jl:254
[ Info: LBFGS: iter    8, time 1522.51 s: f = -2.125913580435, ‖∇f‖ = 5.0203e-04, α = 1.00e+00, m = 7, nfg = 1
[ Info: CTMRG init:	obj = +4.797657485463e+00	err = 1.0000e+00
[ Info: CTMRG conv 24:	obj = +4.797659323695e+00	err = 7.4707621732e-10	time = 10.49 sec
┌ Warning: `svd` cotangents sensitive to gauge choice: (|Δgauge| = 0.5765587409000696)
└ @ TensorKitChainRulesCoreExt ~/.julia/packages/TensorKit/esxcj/ext/TensorKitChainRulesCoreExt/factorizations.jl:254
┌ Warning: `svd` cotangents sensitive to gauge choice: (|Δgauge| = 6.39019143441273e-11)
└ @ TensorKitChainRulesCoreExt ~/.julia/packages/TensorKit/esxcj/ext/TensorKitChainRulesCoreExt/factorizations.jl:254
┌ Warning: `svd` cotangents sensitive to gauge choice: (|Δgauge| = 0.576558740949914)
└ @ TensorKitChainRulesCoreExt ~/.julia/packages/TensorKit/esxcj/ext/TensorKitChainRulesCoreExt/factorizations.jl:254
[ Info: LBFGS: iter    9, time 1539.08 s: f = -2.125914282353, ‖∇f‖ = 5.0971e-04, α = 1.00e+00, m = 8, nfg = 1
[ Info: CTMRG init:	obj = +4.798173051457e+00	err = 1.0000e+00
[ Info: CTMRG conv 26:	obj = +4.798187813881e+00	err = 6.6785389462e-10	time = 11.44 sec
┌ Warning: `svd` cotangents sensitive to gauge choice: (|Δgauge| = 0.5759772417883937)
└ @ TensorKitChainRulesCoreExt ~/.julia/packages/TensorKit/esxcj/ext/TensorKitChainRulesCoreExt/factorizations.jl:254
┌ Warning: `svd` cotangents sensitive to gauge choice: (|Δgauge| = 1.0084558572920346e-11)
└ @ TensorKitChainRulesCoreExt ~/.julia/packages/TensorKit/esxcj/ext/TensorKitChainRulesCoreExt/factorizations.jl:254
┌ Warning: `svd` cotangents sensitive to gauge choice: (|Δgauge| = 0.5759772417865296)
└ @ TensorKitChainRulesCoreExt ~/.julia/packages/TensorKit/esxcj/ext/TensorKitChainRulesCoreExt/factorizations.jl:254
[ Info: LBFGS: iter   10, time 1557.36 s: f = -2.125916340678, ‖∇f‖ = 5.9962e-04, α = 1.00e+00, m = 8, nfg = 1
[ Info: CTMRG init:	obj = +4.799208663480e+00	err = 1.0000e+00
[ Info: CTMRG conv 26:	obj = +4.799232648099e+00	err = 9.0794169175e-10	time = 13.49 sec
┌ Warning: `svd` cotangents sensitive to gauge choice: (|Δgauge| = 0.5752488580229403)
└ @ TensorKitChainRulesCoreExt ~/.julia/packages/TensorKit/esxcj/ext/TensorKitChainRulesCoreExt/factorizations.jl:254
┌ Warning: `svd` cotangents sensitive to gauge choice: (|Δgauge| = 6.95298506344285e-12)
└ @ TensorKitChainRulesCoreExt ~/.julia/packages/TensorKit/esxcj/ext/TensorKitChainRulesCoreExt/factorizations.jl:254
┌ Warning: `svd` cotangents sensitive to gauge choice: (|Δgauge| = 0.5752488580836921)
└ @ TensorKitChainRulesCoreExt ~/.julia/packages/TensorKit/esxcj/ext/TensorKitChainRulesCoreExt/factorizations.jl:254
[ Info: LBFGS: iter   11, time 1579.16 s: f = -2.125918875423, ‖∇f‖ = 1.0548e-03, α = 1.00e+00, m = 8, nfg = 1
[ Info: CTMRG init:	obj = +4.802118733157e+00	err = 1.0000e+00
[ Info: CTMRG conv 27:	obj = +4.802162386845e+00	err = 6.4402936714e-10	time = 14.46 sec
┌ Warning: `svd` cotangents sensitive to gauge choice: (|Δgauge| = 0.5743661869701524)
└ @ TensorKitChainRulesCoreExt ~/.julia/packages/TensorKit/esxcj/ext/TensorKitChainRulesCoreExt/factorizations.jl:254
┌ Warning: `svd` cotangents sensitive to gauge choice: (|Δgauge| = 2.0094453232885025e-11)
└ @ TensorKitChainRulesCoreExt ~/.julia/packages/TensorKit/esxcj/ext/TensorKitChainRulesCoreExt/factorizations.jl:254
┌ Warning: `svd` cotangents sensitive to gauge choice: (|Δgauge| = 0.5743661870251691)
└ @ TensorKitChainRulesCoreExt ~/.julia/packages/TensorKit/esxcj/ext/TensorKitChainRulesCoreExt/factorizations.jl:254
[ Info: LBFGS: iter   12, time 1600.82 s: f = -2.125922593712, ‖∇f‖ = 8.7568e-04, α = 1.00e+00, m = 8, nfg = 1
[ Info: CTMRG init:	obj = +4.803690643637e+00	err = 1.0000e+00
[ Info: CTMRG conv 25:	obj = +4.803697300280e+00	err = 8.2849634308e-10	time = 13.12 sec
┌ Warning: `svd` cotangents sensitive to gauge choice: (|Δgauge| = 0.5739958243830436)
└ @ TensorKitChainRulesCoreExt ~/.julia/packages/TensorKit/esxcj/ext/TensorKitChainRulesCoreExt/factorizations.jl:254
┌ Warning: `svd` cotangents sensitive to gauge choice: (|Δgauge| = 1.061790150269481e-10)
└ @ TensorKitChainRulesCoreExt ~/.julia/packages/TensorKit/esxcj/ext/TensorKitChainRulesCoreExt/factorizations.jl:254
┌ Warning: `svd` cotangents sensitive to gauge choice: (|Δgauge| = 0.5739958245123135)
└ @ TensorKitChainRulesCoreExt ~/.julia/packages/TensorKit/esxcj/ext/TensorKitChainRulesCoreExt/factorizations.jl:254
[ Info: LBFGS: iter   13, time 1620.35 s: f = -2.125926351861, ‖∇f‖ = 6.6052e-04, α = 1.00e+00, m = 8, nfg = 1
[ Info: CTMRG init:	obj = +4.805205840765e+00	err = 1.0000e+00
[ Info: CTMRG conv 24:	obj = +4.805213634981e+00	err = 7.9845735234e-10	time = 12.86 sec
┌ Warning: `svd` cotangents sensitive to gauge choice: (|Δgauge| = 0.5742285402058285)
└ @ TensorKitChainRulesCoreExt ~/.julia/packages/TensorKit/esxcj/ext/TensorKitChainRulesCoreExt/factorizations.jl:254
┌ Warning: `svd` cotangents sensitive to gauge choice: (|Δgauge| = 2.8857818924978917e-10)
└ @ TensorKitChainRulesCoreExt ~/.julia/packages/TensorKit/esxcj/ext/TensorKitChainRulesCoreExt/factorizations.jl:254
┌ Warning: `svd` cotangents sensitive to gauge choice: (|Δgauge| = 0.5742285402982343)
└ @ TensorKitChainRulesCoreExt ~/.julia/packages/TensorKit/esxcj/ext/TensorKitChainRulesCoreExt/factorizations.jl:254
[ Info: LBFGS: iter   14, time 1639.73 s: f = -2.125929605192, ‖∇f‖ = 8.4165e-04, α = 1.00e+00, m = 8, nfg = 1
[ Info: CTMRG init:	obj = +4.801322546144e+00	err = 1.0000e+00
[ Info: CTMRG conv 21:	obj = +4.801327708857e+00	err = 8.3520758930e-10	time = 11.53 sec
┌ Warning: `svd` cotangents sensitive to gauge choice: (|Δgauge| = 0.5744926943668492)
└ @ TensorKitChainRulesCoreExt ~/.julia/packages/TensorKit/esxcj/ext/TensorKitChainRulesCoreExt/factorizations.jl:254
┌ Warning: `svd` cotangents sensitive to gauge choice: (|Δgauge| = 1.8925950602405083e-9)
└ @ TensorKitChainRulesCoreExt ~/.julia/packages/TensorKit/esxcj/ext/TensorKitChainRulesCoreExt/factorizations.jl:254
┌ Warning: `svd` cotangents sensitive to gauge choice: (|Δgauge| = 0.5744926951598941)
└ @ TensorKitChainRulesCoreExt ~/.julia/packages/TensorKit/esxcj/ext/TensorKitChainRulesCoreExt/factorizations.jl:254
[ Info: CTMRG init:	obj = +4.803807826775e+00	err = 1.0000e+00
[ Info: CTMRG conv 20:	obj = +4.803808524653e+00	err = 6.5797879128e-10	time = 12.51 sec
┌ Warning: `svd` cotangents sensitive to gauge choice: (|Δgauge| = 0.5743260235944581)
└ @ TensorKitChainRulesCoreExt ~/.julia/packages/TensorKit/esxcj/ext/TensorKitChainRulesCoreExt/factorizations.jl:254
┌ Warning: `svd` cotangents sensitive to gauge choice: (|Δgauge| = 3.687190587207038e-9)
└ @ TensorKitChainRulesCoreExt ~/.julia/packages/TensorKit/esxcj/ext/TensorKitChainRulesCoreExt/factorizations.jl:254
┌ Warning: `svd` cotangents sensitive to gauge choice: (|Δgauge| = 0.5743260250240001)
└ @ TensorKitChainRulesCoreExt ~/.julia/packages/TensorKit/esxcj/ext/TensorKitChainRulesCoreExt/factorizations.jl:254
[ Info: LBFGS: iter   15, time 1677.40 s: f = -2.125930932450, ‖∇f‖ = 5.7484e-04, α = 3.68e-01, m = 8, nfg = 2
[ Info: CTMRG init:	obj = +4.802880240929e+00	err = 1.0000e+00
[ Info: CTMRG conv 24:	obj = +4.802882921344e+00	err = 8.3827967814e-10	time = 15.41 sec
┌ Warning: `svd` cotangents sensitive to gauge choice: (|Δgauge| = 0.5744188031939726)
└ @ TensorKitChainRulesCoreExt ~/.julia/packages/TensorKit/esxcj/ext/TensorKitChainRulesCoreExt/factorizations.jl:254
┌ Warning: `svd` cotangents sensitive to gauge choice: (|Δgauge| = 2.667242923212241e-10)
└ @ TensorKitChainRulesCoreExt ~/.julia/packages/TensorKit/esxcj/ext/TensorKitChainRulesCoreExt/factorizations.jl:254
┌ Warning: `svd` cotangents sensitive to gauge choice: (|Δgauge| = 0.5744188032630244)
└ @ TensorKitChainRulesCoreExt ~/.julia/packages/TensorKit/esxcj/ext/TensorKitChainRulesCoreExt/factorizations.jl:254
[ Info: LBFGS: iter   16, time 1699.85 s: f = -2.125931569808, ‖∇f‖ = 4.6015e-04, α = 1.00e+00, m = 8, nfg = 1
[ Info: CTMRG init:	obj = +4.798909550820e+00	err = 1.0000e+00
[ Info: CTMRG conv 26:	obj = +4.798945095085e+00	err = 7.8853565336e-10	time = 18.44 sec
┌ Warning: `svd` cotangents sensitive to gauge choice: (|Δgauge| = 0.5757030243526482)
└ @ TensorKitChainRulesCoreExt ~/.julia/packages/TensorKit/esxcj/ext/TensorKitChainRulesCoreExt/factorizations.jl:254
┌ Warning: `svd` cotangents sensitive to gauge choice: (|Δgauge| = 5.333593940064348e-11)
└ @ TensorKitChainRulesCoreExt ~/.julia/packages/TensorKit/esxcj/ext/TensorKitChainRulesCoreExt/factorizations.jl:254
┌ Warning: `svd` cotangents sensitive to gauge choice: (|Δgauge| = 0.5757030244298934)
└ @ TensorKitChainRulesCoreExt ~/.julia/packages/TensorKit/esxcj/ext/TensorKitChainRulesCoreExt/factorizations.jl:254
[ Info: LBFGS: iter   17, time 1725.50 s: f = -2.125932053577, ‖∇f‖ = 1.4558e-03, α = 1.00e+00, m = 8, nfg = 1
[ Info: CTMRG init:	obj = +4.799028398709e+00	err = 1.0000e+00
[ Info: CTMRG conv 23:	obj = +4.799030441993e+00	err = 6.9196413809e-10	time = 14.60 sec
┌ Warning: `svd` cotangents sensitive to gauge choice: (|Δgauge| = 0.5751146632284724)
└ @ TensorKitChainRulesCoreExt ~/.julia/packages/TensorKit/esxcj/ext/TensorKitChainRulesCoreExt/factorizations.jl:254
┌ Warning: `svd` cotangents sensitive to gauge choice: (|Δgauge| = 3.4341105664941215e-10)
└ @ TensorKitChainRulesCoreExt ~/.julia/packages/TensorKit/esxcj/ext/TensorKitChainRulesCoreExt/factorizations.jl:254
┌ Warning: `svd` cotangents sensitive to gauge choice: (|Δgauge| = 0.5751146633876718)
└ @ TensorKitChainRulesCoreExt ~/.julia/packages/TensorKit/esxcj/ext/TensorKitChainRulesCoreExt/factorizations.jl:254
[ Info: LBFGS: iter   18, time 1746.20 s: f = -2.125933401741, ‖∇f‖ = 4.4940e-04, α = 1.00e+00, m = 8, nfg = 1
[ Info: CTMRG init:	obj = +4.799014877073e+00	err = 1.0000e+00
[ Info: CTMRG conv 20:	obj = +4.799015033809e+00	err = 8.1013077172e-10	time = 13.96 sec
┌ Warning: `svd` cotangents sensitive to gauge choice: (|Δgauge| = 0.5749986696766425)
└ @ TensorKitChainRulesCoreExt ~/.julia/packages/TensorKit/esxcj/ext/TensorKitChainRulesCoreExt/factorizations.jl:254
┌ Warning: `svd` cotangents sensitive to gauge choice: (|Δgauge| = 2.2697164771779724e-9)
└ @ TensorKitChainRulesCoreExt ~/.julia/packages/TensorKit/esxcj/ext/TensorKitChainRulesCoreExt/factorizations.jl:254
┌ Warning: `svd` cotangents sensitive to gauge choice: (|Δgauge| = 0.5749986706598034)
└ @ TensorKitChainRulesCoreExt ~/.julia/packages/TensorKit/esxcj/ext/TensorKitChainRulesCoreExt/factorizations.jl:254
[ Info: LBFGS: iter   19, time 1765.75 s: f = -2.125933878956, ‖∇f‖ = 4.0879e-04, α = 1.00e+00, m = 8, nfg = 1
[ Info: CTMRG init:	obj = +4.797878231526e+00	err = 1.0000e+00
[ Info: CTMRG conv 25:	obj = +4.797890841042e+00	err = 6.7219654593e-10	time = 17.47 sec
┌ Warning: `svd` cotangents sensitive to gauge choice: (|Δgauge| = 0.5752283801540684)
└ @ TensorKitChainRulesCoreExt ~/.julia/packages/TensorKit/esxcj/ext/TensorKitChainRulesCoreExt/factorizations.jl:254
┌ Warning: `svd` cotangents sensitive to gauge choice: (|Δgauge| = 6.968142107126541e-11)
└ @ TensorKitChainRulesCoreExt ~/.julia/packages/TensorKit/esxcj/ext/TensorKitChainRulesCoreExt/factorizations.jl:254
┌ Warning: `svd` cotangents sensitive to gauge choice: (|Δgauge| = 0.5752283801939888)
└ @ TensorKitChainRulesCoreExt ~/.julia/packages/TensorKit/esxcj/ext/TensorKitChainRulesCoreExt/factorizations.jl:254
[ Info: LBFGS: iter   20, time 1789.40 s: f = -2.125935030903, ‖∇f‖ = 4.9255e-04, α = 1.00e+00, m = 8, nfg = 1
[ Info: CTMRG init:	obj = +4.795598794013e+00	err = 1.0000e+00
[ Info: CTMRG conv 25:	obj = +4.795637721441e+00	err = 9.0940202292e-10	time = 16.41 sec
┌ Warning: `svd` cotangents sensitive to gauge choice: (|Δgauge| = 0.5758247054799521)
└ @ TensorKitChainRulesCoreExt ~/.julia/packages/TensorKit/esxcj/ext/TensorKitChainRulesCoreExt/factorizations.jl:254
┌ Warning: `svd` cotangents sensitive to gauge choice: (|Δgauge| = 3.3378715821545496e-11)
└ @ TensorKitChainRulesCoreExt ~/.julia/packages/TensorKit/esxcj/ext/TensorKitChainRulesCoreExt/factorizations.jl:254
┌ Warning: `svd` cotangents sensitive to gauge choice: (|Δgauge| = 0.5758247055347263)
└ @ TensorKitChainRulesCoreExt ~/.julia/packages/TensorKit/esxcj/ext/TensorKitChainRulesCoreExt/factorizations.jl:254
[ Info: LBFGS: iter   21, time 1814.12 s: f = -2.125936332912, ‖∇f‖ = 5.1072e-04, α = 1.00e+00, m = 8, nfg = 1
[ Info: CTMRG init:	obj = +4.787417251934e+00	err = 1.0000e+00
[ Info: CTMRG conv 23:	obj = +4.787646754580e+00	err = 9.6553575649e-10	time = 17.90 sec
┌ Warning: `svd` cotangents sensitive to gauge choice: (|Δgauge| = 0.5775943168077492)
└ @ TensorKitChainRulesCoreExt ~/.julia/packages/TensorKit/esxcj/ext/TensorKitChainRulesCoreExt/factorizations.jl:254
┌ Warning: `svd` cotangents sensitive to gauge choice: (|Δgauge| = 2.621053857360073e-10)
└ @ TensorKitChainRulesCoreExt ~/.julia/packages/TensorKit/esxcj/ext/TensorKitChainRulesCoreExt/factorizations.jl:254
┌ Warning: `svd` cotangents sensitive to gauge choice: (|Δgauge| = 0.5775943167182769)
└ @ TensorKitChainRulesCoreExt ~/.julia/packages/TensorKit/esxcj/ext/TensorKitChainRulesCoreExt/factorizations.jl:254
[ Info: CTMRG init:	obj = +4.792210765963e+00	err = 1.0000e+00
[ Info: CTMRG conv 25:	obj = +4.792251256758e+00	err = 5.8526249443e-10	time = 18.76 sec
┌ Warning: `svd` cotangents sensitive to gauge choice: (|Δgauge| = 0.5765780042148066)
└ @ TensorKitChainRulesCoreExt ~/.julia/packages/TensorKit/esxcj/ext/TensorKitChainRulesCoreExt/factorizations.jl:254
┌ Warning: `svd` cotangents sensitive to gauge choice: (|Δgauge| = 9.169277172352627e-12)
└ @ TensorKitChainRulesCoreExt ~/.julia/packages/TensorKit/esxcj/ext/TensorKitChainRulesCoreExt/factorizations.jl:254
┌ Warning: `svd` cotangents sensitive to gauge choice: (|Δgauge| = 0.5765780041665134)
└ @ TensorKitChainRulesCoreExt ~/.julia/packages/TensorKit/esxcj/ext/TensorKitChainRulesCoreExt/factorizations.jl:254
[ Info: LBFGS: iter   22, time 1864.48 s: f = -2.125937103012, ‖∇f‖ = 7.5146e-04, α = 4.21e-01, m = 8, nfg = 2
[ Info: CTMRG init:	obj = +4.788909629536e+00	err = 1.0000e+00
[ Info: CTMRG conv 23:	obj = +4.788959836058e+00	err = 8.4059031487e-10	time = 17.88 sec
┌ Warning: `svd` cotangents sensitive to gauge choice: (|Δgauge| = 0.5774498646009116)
└ @ TensorKitChainRulesCoreExt ~/.julia/packages/TensorKit/esxcj/ext/TensorKitChainRulesCoreExt/factorizations.jl:254
┌ Warning: `svd` cotangents sensitive to gauge choice: (|Δgauge| = 1.8218678673137297e-10)
└ @ TensorKitChainRulesCoreExt ~/.julia/packages/TensorKit/esxcj/ext/TensorKitChainRulesCoreExt/factorizations.jl:254
┌ Warning: `svd` cotangents sensitive to gauge choice: (|Δgauge| = 0.5774498645303054)
└ @ TensorKitChainRulesCoreExt ~/.julia/packages/TensorKit/esxcj/ext/TensorKitChainRulesCoreExt/factorizations.jl:254
[ Info: LBFGS: iter   23, time 1889.15 s: f = -2.125938138750, ‖∇f‖ = 3.6158e-04, α = 1.00e+00, m = 8, nfg = 1
[ Info: CTMRG init:	obj = +4.787188577462e+00	err = 1.0000e+00
[ Info: CTMRG conv 20:	obj = +4.787193347250e+00	err = 9.4338173417e-10	time = 17.22 sec
┌ Warning: `svd` cotangents sensitive to gauge choice: (|Δgauge| = 0.5776860075074555)
└ @ TensorKitChainRulesCoreExt ~/.julia/packages/TensorKit/esxcj/ext/TensorKitChainRulesCoreExt/factorizations.jl:254
┌ Warning: `svd` cotangents sensitive to gauge choice: (|Δgauge| = 1.4221187849089848e-9)
└ @ TensorKitChainRulesCoreExt ~/.julia/packages/TensorKit/esxcj/ext/TensorKitChainRulesCoreExt/factorizations.jl:254
┌ Warning: `svd` cotangents sensitive to gauge choice: (|Δgauge| = 0.5776860069662808)
└ @ TensorKitChainRulesCoreExt ~/.julia/packages/TensorKit/esxcj/ext/TensorKitChainRulesCoreExt/factorizations.jl:254
[ Info: LBFGS: iter   24, time 1912.53 s: f = -2.125938687322, ‖∇f‖ = 2.9261e-04, α = 1.00e+00, m = 8, nfg = 1
[ Info: CTMRG init:	obj = +4.784345964652e+00	err = 1.0000e+00
[ Info: CTMRG conv 20:	obj = +4.784348818698e+00	err = 3.3598188659e-10	time = 17.90 sec
┌ Warning: `svd` cotangents sensitive to gauge choice: (|Δgauge| = 0.5779474606363593)
└ @ TensorKitChainRulesCoreExt ~/.julia/packages/TensorKit/esxcj/ext/TensorKitChainRulesCoreExt/factorizations.jl:254
┌ Warning: `svd` cotangents sensitive to gauge choice: (|Δgauge| = 1.5616981051638808e-9)
└ @ TensorKitChainRulesCoreExt ~/.julia/packages/TensorKit/esxcj/ext/TensorKitChainRulesCoreExt/factorizations.jl:254
┌ Warning: `svd` cotangents sensitive to gauge choice: (|Δgauge| = 0.5779474600116075)
└ @ TensorKitChainRulesCoreExt ~/.julia/packages/TensorKit/esxcj/ext/TensorKitChainRulesCoreExt/factorizations.jl:254
[ Info: LBFGS: iter   25, time 1936.57 s: f = -2.125939389410, ‖∇f‖ = 4.1294e-04, α = 1.00e+00, m = 8, nfg = 1
[ Info: CTMRG init:	obj = +4.780149072520e+00	err = 1.0000e+00
[ Info: CTMRG conv 19:	obj = +4.780152740735e+00	err = 6.1947274965e-10	time = 15.92 sec
┌ Warning: `svd` cotangents sensitive to gauge choice: (|Δgauge| = 0.5778468937287755)
└ @ TensorKitChainRulesCoreExt ~/.julia/packages/TensorKit/esxcj/ext/TensorKitChainRulesCoreExt/factorizations.jl:254
┌ Warning: `svd` cotangents sensitive to gauge choice: (|Δgauge| = 3.0173494957635812e-9)
└ @ TensorKitChainRulesCoreExt ~/.julia/packages/TensorKit/esxcj/ext/TensorKitChainRulesCoreExt/factorizations.jl:254
┌ Warning: `svd` cotangents sensitive to gauge choice: (|Δgauge| = 0.5778468925429858)
└ @ TensorKitChainRulesCoreExt ~/.julia/packages/TensorKit/esxcj/ext/TensorKitChainRulesCoreExt/factorizations.jl:254
[ Info: LBFGS: iter   26, time 1957.83 s: f = -2.125939557236, ‖∇f‖ = 9.5400e-04, α = 1.00e+00, m = 8, nfg = 1
[ Info: CTMRG init:	obj = +4.780796112537e+00	err = 1.0000e+00
[ Info: CTMRG conv 18:	obj = +4.780798586006e+00	err = 3.5419872523e-10	time = 16.53 sec
┌ Warning: `svd` cotangents sensitive to gauge choice: (|Δgauge| = 0.5777698777779665)
└ @ TensorKitChainRulesCoreExt ~/.julia/packages/TensorKit/esxcj/ext/TensorKitChainRulesCoreExt/factorizations.jl:254
┌ Warning: `svd` cotangents sensitive to gauge choice: (|Δgauge| = 5.251429597669177e-9)
└ @ TensorKitChainRulesCoreExt ~/.julia/packages/TensorKit/esxcj/ext/TensorKitChainRulesCoreExt/factorizations.jl:254
┌ Warning: `svd` cotangents sensitive to gauge choice: (|Δgauge| = 0.5777698756218755)
└ @ TensorKitChainRulesCoreExt ~/.julia/packages/TensorKit/esxcj/ext/TensorKitChainRulesCoreExt/factorizations.jl:254
[ Info: LBFGS: iter   27, time 1981.31 s: f = -2.125940300204, ‖∇f‖ = 3.9951e-04, α = 1.00e+00, m = 8, nfg = 1
[ Info: CTMRG init:	obj = +4.780339194553e+00	err = 1.0000e+00
[ Info: CTMRG conv 18:	obj = +4.780340768709e+00	err = 7.6617502694e-10	time = 17.86 sec
┌ Warning: `svd` cotangents sensitive to gauge choice: (|Δgauge| = 0.5776081170459504)
└ @ TensorKitChainRulesCoreExt ~/.julia/packages/TensorKit/esxcj/ext/TensorKitChainRulesCoreExt/factorizations.jl:254
┌ Warning: `svd` cotangents sensitive to gauge choice: (|Δgauge| = 4.971331983487239e-9)
└ @ TensorKitChainRulesCoreExt ~/.julia/packages/TensorKit/esxcj/ext/TensorKitChainRulesCoreExt/factorizations.jl:254
┌ Warning: `svd` cotangents sensitive to gauge choice: (|Δgauge| = 0.5776081150458096)
└ @ TensorKitChainRulesCoreExt ~/.julia/packages/TensorKit/esxcj/ext/TensorKitChainRulesCoreExt/factorizations.jl:254
[ Info: LBFGS: iter   28, time 2006.14 s: f = -2.125940786215, ‖∇f‖ = 2.7734e-04, α = 1.00e+00, m = 8, nfg = 1
[ Info: CTMRG init:	obj = +4.778372776757e+00	err = 1.0000e+00
[ Info: CTMRG conv 19:	obj = +4.778374676243e+00	err = 7.9131153315e-10	time = 17.10 sec
┌ Warning: `svd` cotangents sensitive to gauge choice: (|Δgauge| = 0.5774149274812479)
└ @ TensorKitChainRulesCoreExt ~/.julia/packages/TensorKit/esxcj/ext/TensorKitChainRulesCoreExt/factorizations.jl:254
┌ Warning: `svd` cotangents sensitive to gauge choice: (|Δgauge| = 2.4662196329015916e-9)
└ @ TensorKitChainRulesCoreExt ~/.julia/packages/TensorKit/esxcj/ext/TensorKitChainRulesCoreExt/factorizations.jl:254
┌ Warning: `svd` cotangents sensitive to gauge choice: (|Δgauge| = 0.5774149264447115)
└ @ TensorKitChainRulesCoreExt ~/.julia/packages/TensorKit/esxcj/ext/TensorKitChainRulesCoreExt/factorizations.jl:254
[ Info: LBFGS: iter   29, time 2030.67 s: f = -2.125941384090, ‖∇f‖ = 3.9208e-04, α = 1.00e+00, m = 8, nfg = 1
[ Info: CTMRG init:	obj = +4.774212521798e+00	err = 1.0000e+00
[ Info: CTMRG conv 20:	obj = +4.774213256192e+00	err = 4.1515413614e-10	time = 20.34 sec
┌ Warning: `svd` cotangents sensitive to gauge choice: (|Δgauge| = 0.5770467196340093)
└ @ TensorKitChainRulesCoreExt ~/.julia/packages/TensorKit/esxcj/ext/TensorKitChainRulesCoreExt/factorizations.jl:254
┌ Warning: `svd` cotangents sensitive to gauge choice: (|Δgauge| = 1.328607426249483e-9)
└ @ TensorKitChainRulesCoreExt ~/.julia/packages/TensorKit/esxcj/ext/TensorKitChainRulesCoreExt/factorizations.jl:254
┌ Warning: `svd` cotangents sensitive to gauge choice: (|Δgauge| = 0.5770467191018023)
└ @ TensorKitChainRulesCoreExt ~/.julia/packages/TensorKit/esxcj/ext/TensorKitChainRulesCoreExt/factorizations.jl:254
[ Info: LBFGS: iter   30, time 2058.68 s: f = -2.125942001224, ‖∇f‖ = 7.0577e-04, α = 1.00e+00, m = 8, nfg = 1
[ Info: CTMRG init:	obj = +4.769417933540e+00	err = 1.0000e+00
[ Info: CTMRG conv 20:	obj = +4.769422596980e+00	err = 9.7457952343e-10	time = 20.15 sec
┌ Warning: `svd` cotangents sensitive to gauge choice: (|Δgauge| = 0.5770348851492959)
└ @ TensorKitChainRulesCoreExt ~/.julia/packages/TensorKit/esxcj/ext/TensorKitChainRulesCoreExt/factorizations.jl:254
┌ Warning: `svd` cotangents sensitive to gauge choice: (|Δgauge| = 8.569881745417068e-10)
└ @ TensorKitChainRulesCoreExt ~/.julia/packages/TensorKit/esxcj/ext/TensorKitChainRulesCoreExt/factorizations.jl:254
┌ Warning: `svd` cotangents sensitive to gauge choice: (|Δgauge| = 0.577034884813841)
└ @ TensorKitChainRulesCoreExt ~/.julia/packages/TensorKit/esxcj/ext/TensorKitChainRulesCoreExt/factorizations.jl:254
[ Info: LBFGS: iter   31, time 2086.11 s: f = -2.125942656634, ‖∇f‖ = 3.5242e-04, α = 1.00e+00, m = 8, nfg = 1
[ Info: CTMRG init:	obj = +4.768516263877e+00	err = 1.0000e+00
[ Info: CTMRG conv 19:	obj = +4.768516325459e+00	err = 4.6680460869e-10	time = 19.63 sec
┌ Warning: `svd` cotangents sensitive to gauge choice: (|Δgauge| = 0.5770180899760351)
└ @ TensorKitChainRulesCoreExt ~/.julia/packages/TensorKit/esxcj/ext/TensorKitChainRulesCoreExt/factorizations.jl:254
┌ Warning: `svd` cotangents sensitive to gauge choice: (|Δgauge| = 1.2503864943941163e-9)
└ @ TensorKitChainRulesCoreExt ~/.julia/packages/TensorKit/esxcj/ext/TensorKitChainRulesCoreExt/factorizations.jl:254
┌ Warning: `svd` cotangents sensitive to gauge choice: (|Δgauge| = 0.5770180894688063)
└ @ TensorKitChainRulesCoreExt ~/.julia/packages/TensorKit/esxcj/ext/TensorKitChainRulesCoreExt/factorizations.jl:254
[ Info: LBFGS: iter   32, time 2113.34 s: f = -2.125943020011, ‖∇f‖ = 2.1725e-04, α = 1.00e+00, m = 8, nfg = 1
[ Info: CTMRG init:	obj = +4.766971000111e+00	err = 1.0000e+00
[ Info: CTMRG conv 19:	obj = +4.766971596596e+00	err = 2.6234107554e-10	time = 18.25 sec
┌ Warning: `svd` cotangents sensitive to gauge choice: (|Δgauge| = 0.5769394693339615)
└ @ TensorKitChainRulesCoreExt ~/.julia/packages/TensorKit/esxcj/ext/TensorKitChainRulesCoreExt/factorizations.jl:254
┌ Warning: `svd` cotangents sensitive to gauge choice: (|Δgauge| = 4.208500717518137e-10)
└ @ TensorKitChainRulesCoreExt ~/.julia/packages/TensorKit/esxcj/ext/TensorKitChainRulesCoreExt/factorizations.jl:254
┌ Warning: `svd` cotangents sensitive to gauge choice: (|Δgauge| = 0.5769394691688281)
└ @ TensorKitChainRulesCoreExt ~/.julia/packages/TensorKit/esxcj/ext/TensorKitChainRulesCoreExt/factorizations.jl:254
[ Info: LBFGS: iter   33, time 2138.54 s: f = -2.125943461662, ‖∇f‖ = 2.3481e-04, α = 1.00e+00, m = 8, nfg = 1
[ Info: CTMRG init:	obj = +4.766200951481e+00	err = 1.0000e+00
[ Info: CTMRG conv 21:	obj = +4.766203141341e+00	err = 8.5381523314e-10	time = 26.35 sec
┌ Warning: `svd` cotangents sensitive to gauge choice: (|Δgauge| = 0.5768770525739524)
└ @ TensorKitChainRulesCoreExt ~/.julia/packages/TensorKit/esxcj/ext/TensorKitChainRulesCoreExt/factorizations.jl:254
┌ Warning: `svd` cotangents sensitive to gauge choice: (|Δgauge| = 1.1409767717029473e-10)
└ @ TensorKitChainRulesCoreExt ~/.julia/packages/TensorKit/esxcj/ext/TensorKitChainRulesCoreExt/factorizations.jl:254
┌ Warning: `svd` cotangents sensitive to gauge choice: (|Δgauge| = 0.5768770526349627)
└ @ TensorKitChainRulesCoreExt ~/.julia/packages/TensorKit/esxcj/ext/TensorKitChainRulesCoreExt/factorizations.jl:254
[ Info: LBFGS: iter   34, time 2181.39 s: f = -2.125943683914, ‖∇f‖ = 4.1586e-04, α = 1.00e+00, m = 8, nfg = 1
[ Info: CTMRG init:	obj = +4.765531705532e+00	err = 1.0000e+00
[ Info: CTMRG conv 22:	obj = +4.765533894134e+00	err = 6.3920033829e-10	time = 24.13 sec
┌ Warning: `svd` cotangents sensitive to gauge choice: (|Δgauge| = 0.5766560057529835)
└ @ TensorKitChainRulesCoreExt ~/.julia/packages/TensorKit/esxcj/ext/TensorKitChainRulesCoreExt/factorizations.jl:254
┌ Warning: `svd` cotangents sensitive to gauge choice: (|Δgauge| = 1.4745187246658838e-10)
└ @ TensorKitChainRulesCoreExt ~/.julia/packages/TensorKit/esxcj/ext/TensorKitChainRulesCoreExt/factorizations.jl:254
┌ Warning: `svd` cotangents sensitive to gauge choice: (|Δgauge| = 0.5766560058066399)
└ @ TensorKitChainRulesCoreExt ~/.julia/packages/TensorKit/esxcj/ext/TensorKitChainRulesCoreExt/factorizations.jl:254
[ Info: LBFGS: iter   35, time 2212.53 s: f = -2.125943939640, ‖∇f‖ = 2.2182e-04, α = 1.00e+00, m = 8, nfg = 1
[ Info: CTMRG init:	obj = +4.765445975522e+00	err = 1.0000e+00
[ Info: CTMRG conv 21:	obj = +4.765446403706e+00	err = 5.7728769434e-10	time = 22.40 sec
┌ Warning: `svd` cotangents sensitive to gauge choice: (|Δgauge| = 0.5765818644517032)
└ @ TensorKitChainRulesCoreExt ~/.julia/packages/TensorKit/esxcj/ext/TensorKitChainRulesCoreExt/factorizations.jl:254
┌ Warning: `svd` cotangents sensitive to gauge choice: (|Δgauge| = 2.888718631781288e-10)
└ @ TensorKitChainRulesCoreExt ~/.julia/packages/TensorKit/esxcj/ext/TensorKitChainRulesCoreExt/factorizations.jl:254
┌ Warning: `svd` cotangents sensitive to gauge choice: (|Δgauge| = 0.5765818645703231)
└ @ TensorKitChainRulesCoreExt ~/.julia/packages/TensorKit/esxcj/ext/TensorKitChainRulesCoreExt/factorizations.jl:254
[ Info: LBFGS: iter   36, time 2242.34 s: f = -2.125944096400, ‖∇f‖ = 1.7166e-04, α = 1.00e+00, m = 8, nfg = 1
[ Info: CTMRG init:	obj = +4.765300225241e+00	err = 1.0000e+00
[ Info: CTMRG conv 20:	obj = +4.765300534683e+00	err = 8.4228984527e-10	time = 20.09 sec
┌ Warning: `svd` cotangents sensitive to gauge choice: (|Δgauge| = 0.5765270950104786)
└ @ TensorKitChainRulesCoreExt ~/.julia/packages/TensorKit/esxcj/ext/TensorKitChainRulesCoreExt/factorizations.jl:254
┌ Warning: `svd` cotangents sensitive to gauge choice: (|Δgauge| = 5.161579592799248e-10)
└ @ TensorKitChainRulesCoreExt ~/.julia/packages/TensorKit/esxcj/ext/TensorKitChainRulesCoreExt/factorizations.jl:254
┌ Warning: `svd` cotangents sensitive to gauge choice: (|Δgauge| = 0.5765270952418295)
└ @ TensorKitChainRulesCoreExt ~/.julia/packages/TensorKit/esxcj/ext/TensorKitChainRulesCoreExt/factorizations.jl:254
[ Info: LBFGS: iter   37, time 2269.36 s: f = -2.125944303154, ‖∇f‖ = 1.9173e-04, α = 1.00e+00, m = 8, nfg = 1
[ Info: CTMRG init:	obj = +4.763973185409e+00	err = 1.0000e+00
[ Info: CTMRG conv 21:	obj = +4.763973885093e+00	err = 6.5836850481e-10	time = 21.36 sec
┌ Warning: `svd` cotangents sensitive to gauge choice: (|Δgauge| = 0.5766609217281295)
└ @ TensorKitChainRulesCoreExt ~/.julia/packages/TensorKit/esxcj/ext/TensorKitChainRulesCoreExt/factorizations.jl:254
┌ Warning: `svd` cotangents sensitive to gauge choice: (|Δgauge| = 2.4242227719520435e-10)
└ @ TensorKitChainRulesCoreExt ~/.julia/packages/TensorKit/esxcj/ext/TensorKitChainRulesCoreExt/factorizations.jl:254
┌ Warning: `svd` cotangents sensitive to gauge choice: (|Δgauge| = 0.5766609218282872)
└ @ TensorKitChainRulesCoreExt ~/.julia/packages/TensorKit/esxcj/ext/TensorKitChainRulesCoreExt/factorizations.jl:254
[ Info: LBFGS: iter   38, time 2296.74 s: f = -2.125944585669, ‖∇f‖ = 2.9275e-04, α = 1.00e+00, m = 8, nfg = 1
[ Info: CTMRG init:	obj = +4.762121176511e+00	err = 1.0000e+00
[ Info: CTMRG conv 21:	obj = +4.762122646162e+00	err = 8.1039044527e-10	time = 19.69 sec
┌ Warning: `svd` cotangents sensitive to gauge choice: (|Δgauge| = 0.5766736235173634)
└ @ TensorKitChainRulesCoreExt ~/.julia/packages/TensorKit/esxcj/ext/TensorKitChainRulesCoreExt/factorizations.jl:254
┌ Warning: `svd` cotangents sensitive to gauge choice: (|Δgauge| = 2.4522979702678183e-10)
└ @ TensorKitChainRulesCoreExt ~/.julia/packages/TensorKit/esxcj/ext/TensorKitChainRulesCoreExt/factorizations.jl:254
┌ Warning: `svd` cotangents sensitive to gauge choice: (|Δgauge| = 0.5766736235848804)
└ @ TensorKitChainRulesCoreExt ~/.julia/packages/TensorKit/esxcj/ext/TensorKitChainRulesCoreExt/factorizations.jl:254
[ Info: LBFGS: iter   39, time 2322.10 s: f = -2.125944777997, ‖∇f‖ = 2.4190e-04, α = 1.00e+00, m = 8, nfg = 1
[ Info: CTMRG init:	obj = +4.761589332761e+00	err = 1.0000e+00
[ Info: CTMRG conv 20:	obj = +4.761590075906e+00	err = 9.7600065935e-10	time = 21.58 sec
┌ Warning: `svd` cotangents sensitive to gauge choice: (|Δgauge| = 0.5768982576426731)
└ @ TensorKitChainRulesCoreExt ~/.julia/packages/TensorKit/esxcj/ext/TensorKitChainRulesCoreExt/factorizations.jl:254
┌ Warning: `svd` cotangents sensitive to gauge choice: (|Δgauge| = 4.0171949515199807e-10)
└ @ TensorKitChainRulesCoreExt ~/.julia/packages/TensorKit/esxcj/ext/TensorKitChainRulesCoreExt/factorizations.jl:254
┌ Warning: `svd` cotangents sensitive to gauge choice: (|Δgauge| = 0.5768982578049359)
└ @ TensorKitChainRulesCoreExt ~/.julia/packages/TensorKit/esxcj/ext/TensorKitChainRulesCoreExt/factorizations.jl:254
[ Info: LBFGS: iter   40, time 2349.25 s: f = -2.125944893727, ‖∇f‖ = 1.4204e-04, α = 1.00e+00, m = 8, nfg = 1
[ Info: CTMRG init:	obj = +4.761376043832e+00	err = 1.0000e+00
[ Info: CTMRG conv 20:	obj = +4.761376490195e+00	err = 6.1251027568e-10	time = 23.19 sec
┌ Warning: `svd` cotangents sensitive to gauge choice: (|Δgauge| = 0.5769252456713095)
└ @ TensorKitChainRulesCoreExt ~/.julia/packages/TensorKit/esxcj/ext/TensorKitChainRulesCoreExt/factorizations.jl:254
┌ Warning: `svd` cotangents sensitive to gauge choice: (|Δgauge| = 3.5440066167595517e-10)
└ @ TensorKitChainRulesCoreExt ~/.julia/packages/TensorKit/esxcj/ext/TensorKitChainRulesCoreExt/factorizations.jl:254
┌ Warning: `svd` cotangents sensitive to gauge choice: (|Δgauge| = 0.5769252458674472)
└ @ TensorKitChainRulesCoreExt ~/.julia/packages/TensorKit/esxcj/ext/TensorKitChainRulesCoreExt/factorizations.jl:254
[ Info: LBFGS: converged after 41 iterations and time 2378.78 s: f = -2.125944938407, ‖∇f‖ = 9.8574e-05
