  Installing known registries into `~/.julia`
       Added `General` registry to ~/.julia/registries
    Updating registry at `~/.julia/registries/General.toml`
   Installed GPUArraysCore ─────────────── v0.2.0
   Installed TaskLocalValues ───────────── v0.1.2
   Installed RealDot ───────────────────── v0.1.0
   Installed IrrationalConstants ───────── v0.2.4
   Installed BlockTensorKit ────────────── v0.1.6
   Installed OhMyThreads ───────────────── v0.7.0
   Installed IRTools ───────────────────── v0.4.14
   Installed JLD2 ──────────────────────── v0.5.12
   Installed LRUCache ──────────────────── v1.6.2
   Installed Adapt ─────────────────────── v4.3.0
   Installed IntegerMathUtils ──────────── v0.1.2
   Installed PtrArrays ─────────────────── v1.3.0
   Installed Preferences ───────────────── v1.4.3
   Installed DiffRules ─────────────────── v1.15.1
   Installed TableTraits ───────────────── v1.0.1
   Installed Accessors ─────────────────── v0.1.42
   Installed LoggingExtras ─────────────── v1.0.3
   Installed OptimKit ──────────────────── v0.4.0
   Installed HashArrayMappedTries ──────── v0.2.0
   Installed DiffResults ───────────────── v1.1.0
   Installed Tables ────────────────────── v1.12.0
   Installed WignerSymbols ─────────────── v2.0.0
   Installed SpecialFunctions ──────────── v2.5.0
   Installed ChunkSplitters ────────────── v3.1.2
   Installed TensorKit ─────────────────── v0.14.5
   Installed RecipesBase ───────────────── v1.3.4
   Installed DataAPI ───────────────────── v1.16.0
   Installed Primes ────────────────────── v0.5.7
   Installed StaticArrays ──────────────── v1.9.13
   Installed Zygote ────────────────────── v0.7.6
   Installed AbstractFFTs ──────────────── v1.5.0
   Installed BlockArrays ───────────────── v1.6.0
   Installed MPSKit ────────────────────── v0.12.6
   Installed JLLWrappers ───────────────── v1.7.0
   Installed Richardson ────────────────── v1.4.2
   Installed NaNMath ───────────────────── v1.1.3
   Installed FiniteDifferences ─────────── v0.12.32
   Installed PrecompileTools ───────────── v1.2.1
   Installed IteratorInterfaceExtensions ─ v1.0.0
   Installed ConstructionBase ──────────── v1.5.8
   Installed StaticArraysCore ──────────── v1.4.3
   Installed StructArrays ──────────────── v0.7.1
   Installed StableTasks ───────────────── v0.1.7
   Installed RationalRoots ─────────────── v0.2.1
   Installed TensorKitSectors ──────────── v0.1.4
   Installed DataValueInterfaces ───────── v1.0.0
   Installed OrderedCollections ────────── v1.8.0
   Installed ScopedValues ──────────────── v1.3.0
   Installed TranscodingStreams ────────── v0.11.3
   Installed ChainRulesCore ────────────── v1.25.1
   Installed InitialValues ─────────────── v0.3.1
   Installed MPSKitModels ──────────────── v0.4.0
   Installed ForwardDiff ───────────────── v1.0.1
   Installed VectorInterface ───────────── v0.5.0
   Installed Statistics ────────────────── v1.11.1
   Installed FileIO ────────────────────── v1.17.0
   Installed ChainRules ────────────────── v1.72.3
   Installed Requires ──────────────────── v1.3.1
   Installed LogExpFunctions ───────────── v0.3.29
   Installed FillArrays ────────────────── v1.13.0
   Installed CommonSubexpressions ──────── v0.3.1
   Installed StridedViews ──────────────── v0.4.1
   Installed ZygoteRules ───────────────── v0.2.7
   Installed Strided ───────────────────── v2.3.0
   Installed BangBang ──────────────────── v0.4.4
   Installed HalfIntegers ──────────────── v1.6.0
   Installed PackageExtensionCompat ────── v1.0.2
   Installed MacroTools ────────────────── v0.5.15
   Installed TensorKitManifolds ────────── v0.7.2
   Installed CompositionsBase ──────────── v0.1.2
   Installed Compat ────────────────────── v4.16.0
   Installed PEPSKit ───────────────────── v0.5.0
   Installed OpenSpecFun_jll ───────────── v0.5.6+0
   Installed SparseInverseSubset ───────── v0.1.2
   Installed TupleTools ────────────────── v1.6.0
   Installed TensorOperations ──────────── v5.2.0
   Installed KrylovKit ─────────────────── v0.9.5
   Installed DocStringExtensions ───────── v0.9.4
   Installed ArrayLayouts ──────────────── v1.11.1
   Installed InverseFunctions ──────────── v0.1.17
    Updating `/var/lib/condor/execute/dir_4138250/Project.toml`
  [d360d2e6] + ChainRulesCore v1.25.1
  [033835bb] + JLD2 v0.5.12
  [0b1a1467] + KrylovKit v0.9.5
  [bb1c41ca] + MPSKit v0.12.6
  [ca635005] + MPSKitModels v0.4.0
  [77e91f04] + OptimKit v0.4.0
  [52969e89] + PEPSKit v0.5.0
  [07d1fe3e] + TensorKit v0.14.5
  [409d34a3] + VectorInterface v0.5.0
  [e88e6eb3] + Zygote v0.7.6
  [37e2e46d] ~ LinearAlgebra ⇒ v1.11.0
    Updating `/var/lib/condor/execute/dir_4138250/Manifest.toml`
  [621f4979] + AbstractFFTs v1.5.0
  [7d9f7c33] + Accessors v0.1.42
  [79e6a3ab] + Adapt v4.3.0
  [4c555306] + ArrayLayouts v1.11.1
  [198e06fe] + BangBang v0.4.4
  [8e7c35d0] + BlockArrays v1.6.0
  [5f87ffc2] + BlockTensorKit v0.1.6
  [082447d4] + ChainRules v1.72.3
  [d360d2e6] + ChainRulesCore v1.25.1
  [ae650224] + ChunkSplitters v3.1.2
  [bbf7d656] + CommonSubexpressions v0.3.1
  [34da2185] + Compat v4.16.0
  [a33af91c] + CompositionsBase v0.1.2
  [187b0558] + ConstructionBase v1.5.8
  [9a962f9c] + DataAPI v1.16.0
  [e2d170a0] + DataValueInterfaces v1.0.0
  [163ba53b] + DiffResults v1.1.0
  [b552c78f] + DiffRules v1.15.1
  [ffbed154] + DocStringExtensions v0.9.4
  [5789e2e9] + FileIO v1.17.0
  [1a297f60] + FillArrays v1.13.0
  [26cc04aa] + FiniteDifferences v0.12.32
  [f6369f11] + ForwardDiff v1.0.1
  [46192b85] + GPUArraysCore v0.2.0
  [f0d1745a] + HalfIntegers v1.6.0
  [076d061b] + HashArrayMappedTries v0.2.0
  [7869d1d1] + IRTools v0.4.14
  [22cec73e] + InitialValues v0.3.1
  [18e54dd8] + IntegerMathUtils v0.1.2
  [3587e190] + InverseFunctions v0.1.17
  [92d709cd] + IrrationalConstants v0.2.4
  [82899510] + IteratorInterfaceExtensions v1.0.0
  [033835bb] + JLD2 v0.5.12
  [692b3bcd] + JLLWrappers v1.7.0
  [0b1a1467] + KrylovKit v0.9.5
  [8ac3fa9e] + LRUCache v1.6.2
  [2ab3a3ac] + LogExpFunctions v0.3.29
⌅ [e6f89c97] + LoggingExtras v1.0.3
  [bb1c41ca] + MPSKit v0.12.6
  [ca635005] + MPSKitModels v0.4.0
  [1914dd2f] + MacroTools v0.5.15
  [77ba4419] + NaNMath v1.1.3
⌅ [67456a42] + OhMyThreads v0.7.0
  [77e91f04] + OptimKit v0.4.0
  [bac558e1] + OrderedCollections v1.8.0
  [52969e89] + PEPSKit v0.5.0
  [65ce6f38] + PackageExtensionCompat v1.0.2
⌅ [aea7be01] + PrecompileTools v1.2.1
  [21216c6a] + Preferences v1.4.3
  [27ebfcd6] + Primes v0.5.7
  [43287f4e] + PtrArrays v1.3.0
  [308eb6b3] + RationalRoots v0.2.1
  [c1ae055f] + RealDot v0.1.0
  [3cdcf5f2] + RecipesBase v1.3.4
  [ae029012] + Requires v1.3.1
  [708f8203] + Richardson v1.4.2
  [7e506255] + ScopedValues v1.3.0
  [dc90abb0] + SparseInverseSubset v0.1.2
  [276daf66] + SpecialFunctions v2.5.0
  [91464d47] + StableTasks v0.1.7
  [90137ffa] + StaticArrays v1.9.13
  [1e83bf80] + StaticArraysCore v1.4.3
  [10745b16] + Statistics v1.11.1
  [5e0ebb24] + Strided v2.3.0
  [4db3bf67] + StridedViews v0.4.1
  [09ab397b] + StructArrays v0.7.1
  [3783bdb8] + TableTraits v1.0.1
  [bd369af6] + Tables v1.12.0
  [ed4db957] + TaskLocalValues v0.1.2
  [07d1fe3e] + TensorKit v0.14.5
  [11fa318c] + TensorKitManifolds v0.7.2
  [13a9c161] + TensorKitSectors v0.1.4
  [6aa20fa7] + TensorOperations v5.2.0
  [3bb67fe8] + TranscodingStreams v0.11.3
  [9d95972d] + TupleTools v1.6.0
  [409d34a3] + VectorInterface v0.5.0
  [9f57e263] + WignerSymbols v2.0.0
  [e88e6eb3] + Zygote v0.7.6
  [700de1a5] + ZygoteRules v0.2.7
  [efe28fd5] + OpenSpecFun_jll v0.5.6+0
  [0dad84c5] + ArgTools v1.1.2
  [56f22d72] + Artifacts v1.11.0
  [2a0f44e3] + Base64 v1.11.0
  [ade2ca70] + Dates v1.11.0
  [8ba89e20] + Distributed v1.11.0
  [f43a241f] + Downloads v1.6.0
  [7b1f6079] + FileWatching v1.11.0
  [b77e0a4c] + InteractiveUtils v1.11.0
  [b27032c2] + LibCURL v0.6.4
  [76f85450] + LibGit2 v1.11.0
  [8f399da3] + Libdl v1.11.0
  [37e2e46d] + LinearAlgebra v1.11.0
  [56ddb016] + Logging v1.11.0
  [d6f4376e] + Markdown v1.11.0
  [a63ad114] + Mmap v1.11.0
  [ca575930] + NetworkOptions v1.2.0
  [44cfe95a] + Pkg v1.11.0
  [de0858da] + Printf v1.11.0
  [9a3f8284] + Random v1.11.0
  [ea8e919c] + SHA v0.7.0
  [9e88b42a] + Serialization v1.11.0
  [6462fe0b] + Sockets v1.11.0
  [2f01184e] + SparseArrays v1.11.0
  [4607b0f0] + SuiteSparse
  [fa267f1f] + TOML v1.0.3
  [a4e569a6] + Tar v1.10.0
  [cf7118a7] + UUIDs v1.11.0
  [4ec0a83e] + Unicode v1.11.0
  [e66e0078] + CompilerSupportLibraries_jll v1.1.1+0
  [deac9b47] + LibCURL_jll v8.6.0+0
  [e37daf67] + LibGit2_jll v1.7.2+0
  [29816b5a] + LibSSH2_jll v1.11.0+1
  [c8ffd9c3] + MbedTLS_jll v2.28.6+0
  [14a3606d] + MozillaCACerts_jll v2023.12.12
  [4536629a] + OpenBLAS_jll v0.3.27+1
  [05823500] + OpenLibm_jll v0.8.1+2
  [bea87d4a] + SuiteSparse_jll v7.7.0+0
  [83775a58] + Zlib_jll v1.2.13+1
  [8e850b90] + libblastrampoline_jll v5.11.0+0
  [8e850ede] + nghttp2_jll v1.59.0+0
  [3f19e933] + p7zip_jll v17.4.0+2
        Info Packages marked with ⌅ have new versions available but compatibility constraints restrict them from upgrading. To see why use `status --outdated -m`
Precompiling project...
    586.2 ms  ✓ TaskLocalValues
    519.1 ms  ✓ DataValueInterfaces
    546.9 ms  ✓ IntegerMathUtils
    564.6 ms  ✓ RealDot
    661.7 ms  ✓ Richardson
    691.4 ms  ✓ StableTasks
    698.4 ms  ✓ HalfIntegers
    676.4 ms  ✓ InverseFunctions
    711.0 ms  ✓ LRUCache
    779.9 ms  ✓ VectorInterface
    807.8 ms  ✓ Statistics
    812.2 ms  ✓ DocStringExtensions
    840.5 ms  ✓ AbstractFFTs
   1063.2 ms  ✓ OrderedCollections
    570.1 ms  ✓ IteratorInterfaceExtensions
    522.5 ms  ✓ PackageExtensionCompat
    567.9 ms  ✓ DataAPI
    675.1 ms  ✓ ConstructionBase
    522.6 ms  ✓ PtrArrays
    534.6 ms  ✓ CompositionsBase
    660.6 ms  ✓ ChunkSplitters
   1363.7 ms  ✓ FillArrays
    590.6 ms  ✓ StaticArraysCore
    679.3 ms  ✓ TupleTools
    596.9 ms  ✓ RationalRoots
   1617.0 ms  ✓ IrrationalConstants
    597.8 ms  ✓ HashArrayMappedTries
    561.3 ms  ✓ TableTraits
    701.6 ms  ✓ NaNMath
    788.7 ms  ✓ LoggingExtras
   1070.5 ms  ✓ Statistics → SparseArraysExt
    605.1 ms  ✓ InverseFunctions → InverseFunctionsDatesExt
    798.0 ms  ✓ SuiteSparse
    626.2 ms  ✓ LRUCache → SerializationExt
   1329.7 ms  ✓ InitialValues
    840.1 ms  ✓ Compat
    893.1 ms  ✓ Primes
   1026.6 ms  ✓ Preferences
    790.5 ms  ✓ TranscodingStreams
    686.0 ms  ✓ StridedViews
    727.6 ms  ✓ Requires
    691.3 ms  ✓ CompositionsBase → CompositionsBaseInverseFunctionsExt
    624.6 ms  ✓ FillArrays → FillArraysStatisticsExt
    916.6 ms  ✓ LogExpFunctions
    554.8 ms  ✓ ScopedValues
    635.4 ms  ✓ DiffResults
    595.9 ms  ✓ ConstructionBase → ConstructionBaseLinearAlgebraExt
    903.1 ms  ✓ FillArrays → FillArraysSparseArraysExt
    612.4 ms  ✓ Compat → CompatLinearAlgebraExt
    656.5 ms  ✓ PrecompileTools
    802.2 ms  ✓ SparseInverseSubset
    568.3 ms  ✓ StridedViews → StridedViewsPtrArraysExt
    729.3 ms  ✓ JLLWrappers
    657.3 ms  ✓ Adapt
    602.9 ms  ✓ LogExpFunctions → LogExpFunctionsInverseFunctionsExt
   1180.5 ms  ✓ Tables
    874.8 ms  ✓ Strided
   2109.0 ms  ✓ KrylovKit
   3134.2 ms  ✓ MacroTools
    689.0 ms  ✓ GPUArraysCore
    831.8 ms  ✓ OpenSpecFun_jll
    811.3 ms  ✓ Adapt → AdaptSparseArraysExt
   1102.4 ms  ✓ StructArrays
   1783.4 ms  ✓ OptimKit
    704.6 ms  ✓ CommonSubexpressions
   1735.1 ms  ✓ ChainRulesCore
    623.9 ms  ✓ StructArrays → StructArraysAdaptExt
    650.8 ms  ✓ StructArrays → StructArraysLinearAlgebraExt
   2168.8 ms  ✓ RecipesBase
    867.6 ms  ✓ StructArrays → StructArraysSparseArraysExt
    658.4 ms  ✓ AbstractFFTs → AbstractFFTsChainRulesCoreExt
    854.1 ms  ✓ ChainRulesCore → ChainRulesCoreSparseArraysExt
   3307.8 ms  ✓ WignerSymbols
   1080.2 ms  ✓ ZygoteRules
    890.5 ms  ✓ KrylovKit → KrylovKitChainRulesCoreExt
   2476.6 ms  ✓ IRTools
   1949.0 ms  ✓ LogExpFunctions → LogExpFunctionsChainRulesCoreExt
   2836.6 ms  ✓ Accessors
    718.9 ms  ✓ Accessors → StructArraysExt
    760.8 ms  ✓ Accessors → LinearAlgebraExt
   3735.6 ms  ✓ SpecialFunctions
   5557.1 ms  ✓ FileIO
   1128.9 ms  ✓ BangBang
    922.6 ms  ✓ DiffRules
    744.5 ms  ✓ BangBang → BangBangTablesExt
    759.1 ms  ✓ BangBang → BangBangStructArraysExt
    764.3 ms  ✓ BangBang → BangBangChainRulesCoreExt
   1300.1 ms  ✓ OhMyThreads
   2519.8 ms  ✓ SpecialFunctions → SpecialFunctionsChainRulesCoreExt
   9843.1 ms  ✓ StaticArrays
   7598.0 ms  ✓ ChainRules
   4970.4 ms  ✓ ForwardDiff
    908.2 ms  ✓ Adapt → AdaptStaticArraysExt
    919.7 ms  ✓ StaticArrays → StaticArraysStatisticsExt
    929.5 ms  ✓ ConstructionBase → ConstructionBaseStaticArraysExt
    954.7 ms  ✓ StaticArrays → StaticArraysChainRulesCoreExt
    989.4 ms  ✓ StructArrays → StructArraysStaticArraysExt
   1021.6 ms  ✓ Accessors → StaticArraysExt
   1037.5 ms  ✓ BangBang → BangBangStaticArraysExt
   1115.4 ms  ✓ ForwardDiff → ForwardDiffStaticArraysExt
   1553.8 ms  ✓ FiniteDifferences
  17661.4 ms  ✓ ArrayLayouts
   1025.1 ms  ✓ ArrayLayouts → ArrayLayoutsSparseArraysExt
   2148.5 ms  ✓ BlockArrays
    991.4 ms  ✓ BlockArrays → BlockArraysAdaptExt
  39803.1 ms  ✓ JLD2
  38805.5 ms  ✓ Zygote
 159512.8 ms  ✓ TensorOperations
   1689.9 ms  ✓ TensorOperations → TensorOperationsChainRulesCoreExt
   8416.9 ms  ✓ TensorKitSectors
   9971.6 ms  ✓ TensorKit
   2316.0 ms  ✓ TensorKitManifolds
   2450.6 ms  ✓ TensorKit → TensorKitFiniteDifferencesExt
   2602.1 ms  ✓ TensorKit → TensorKitChainRulesCoreExt
   3543.9 ms  ✓ BlockTensorKit
  18886.2 ms  ✓ MPSKit
  16551.2 ms  ✓ MPSKitModels
  19854.4 ms  ✓ PEPSKit
  118 dependencies successfully precompiled in 240 seconds. 31 already precompiled.
[ Info: CTMRG init:	obj = -6.911928199416e-01 +8.070038127347e-01im	err = 1.0000e+00
[ Info: CTMRG conv 64:	obj = +3.360978954636e+00	err = 8.7095963441e-10	time = 1.01 min
[ Info: CTMRG init:	obj = +9.897103024801e+00 -7.560725465245e-10im	err = 1.0000e+00
[ Info: CTMRG conv 18:	obj = +1.565076698667e+01	err = 5.0167585159e-10	time = 2.12 min
┌ Warning: `svd` cotangents sensitive to gauge choice: (|Δgauge| = 0.4056720779397822)
└ @ TensorKitChainRulesCoreExt ~/.julia/packages/TensorKit/esxcj/ext/TensorKitChainRulesCoreExt/factorizations.jl:254
┌ Warning: `svd` cotangents sensitive to gauge choice: (|Δgauge| = 8.762745284448619e-12)
└ @ TensorKitChainRulesCoreExt ~/.julia/packages/TensorKit/esxcj/ext/TensorKitChainRulesCoreExt/factorizations.jl:254
┌ Warning: `svd` cotangents sensitive to gauge choice: (|Δgauge| = 0.4056720779309667)
└ @ TensorKitChainRulesCoreExt ~/.julia/packages/TensorKit/esxcj/ext/TensorKitChainRulesCoreExt/factorizations.jl:254
[ Info: LBFGS: initializing with f = -0.013738123756, ‖∇f‖ = 5.9751e-02
[ Info: CTMRG init:	obj = +2.755917226184e+00	err = 1.0000e+00
[ Info: CTMRG conv 51:	obj = +3.363411229178e+00	err = 9.4863519082e-10	time = 44.36 sec
┌ Warning: `svd` cotangents sensitive to gauge choice: (|Δgauge| = 0.120872767594153)
└ @ TensorKitChainRulesCoreExt ~/.julia/packages/TensorKit/esxcj/ext/TensorKitChainRulesCoreExt/factorizations.jl:254
┌ Warning: `svd` cotangents sensitive to gauge choice: (|Δgauge| = 3.746700032061138e-11)
└ @ TensorKitChainRulesCoreExt ~/.julia/packages/TensorKit/esxcj/ext/TensorKitChainRulesCoreExt/factorizations.jl:254
┌ Warning: `svd` cotangents sensitive to gauge choice: (|Δgauge| = 0.12087276759998772)
└ @ TensorKitChainRulesCoreExt ~/.julia/packages/TensorKit/esxcj/ext/TensorKitChainRulesCoreExt/factorizations.jl:254
[ Info: CTMRG init:	obj = +2.755987148421e+00	err = 1.0000e+00
[ Info: CTMRG conv 48:	obj = +3.373652504286e+00	err = 9.0838333636e-10	time = 38.82 sec
┌ Warning: `svd` cotangents sensitive to gauge choice: (|Δgauge| = 0.1256043723565936)
└ @ TensorKitChainRulesCoreExt ~/.julia/packages/TensorKit/esxcj/ext/TensorKitChainRulesCoreExt/factorizations.jl:254
┌ Warning: `svd` cotangents sensitive to gauge choice: (|Δgauge| = 1.2486043280217643e-10)
└ @ TensorKitChainRulesCoreExt ~/.julia/packages/TensorKit/esxcj/ext/TensorKitChainRulesCoreExt/factorizations.jl:254
┌ Warning: `svd` cotangents sensitive to gauge choice: (|Δgauge| = 0.12560437234126656)
└ @ TensorKitChainRulesCoreExt ~/.julia/packages/TensorKit/esxcj/ext/TensorKitChainRulesCoreExt/factorizations.jl:254
[ Info: CTMRG init:	obj = +2.759032582642e+00	err = 1.0000e+00
[ Info: CTMRG conv 42:	obj = +3.438632416076e+00	err = 7.2748381261e-10	time = 33.61 sec
┌ Warning: `svd` cotangents sensitive to gauge choice: (|Δgauge| = 0.15119233441481403)
└ @ TensorKitChainRulesCoreExt ~/.julia/packages/TensorKit/esxcj/ext/TensorKitChainRulesCoreExt/factorizations.jl:254
┌ Warning: `svd` cotangents sensitive to gauge choice: (|Δgauge| = 5.871359927561849e-10)
└ @ TensorKitChainRulesCoreExt ~/.julia/packages/TensorKit/esxcj/ext/TensorKitChainRulesCoreExt/factorizations.jl:254
┌ Warning: `svd` cotangents sensitive to gauge choice: (|Δgauge| = 0.15119233426045214)
└ @ TensorKitChainRulesCoreExt ~/.julia/packages/TensorKit/esxcj/ext/TensorKitChainRulesCoreExt/factorizations.jl:254
[ Info: CTMRG init:	obj = +2.841492641641e+00	err = 1.0000e+00
[ Info: CTMRG conv 32:	obj = +4.259785145475e+00	err = 7.8259843889e-10	time = 26.03 sec
┌ Warning: `svd` cotangents sensitive to gauge choice: (|Δgauge| = 0.25145769757633574)
└ @ TensorKitChainRulesCoreExt ~/.julia/packages/TensorKit/esxcj/ext/TensorKitChainRulesCoreExt/factorizations.jl:254
┌ Warning: `svd` cotangents sensitive to gauge choice: (|Δgauge| = 4.4425617493251446e-10)
└ @ TensorKitChainRulesCoreExt ~/.julia/packages/TensorKit/esxcj/ext/TensorKitChainRulesCoreExt/factorizations.jl:254
┌ Warning: `svd` cotangents sensitive to gauge choice: (|Δgauge| = 0.25145769713807403)
└ @ TensorKitChainRulesCoreExt ~/.julia/packages/TensorKit/esxcj/ext/TensorKitChainRulesCoreExt/factorizations.jl:254
[ Info: CTMRG init:	obj = +4.831914454016e+00	err = 1.0000e+00
[ Info: CTMRG conv 16:	obj = +1.389644197492e+01	err = 2.0613708025e-10	time = 14.39 sec
┌ Warning: `svd` cotangents sensitive to gauge choice: (|Δgauge| = 0.10613739751107795)
└ @ TensorKitChainRulesCoreExt ~/.julia/packages/TensorKit/esxcj/ext/TensorKitChainRulesCoreExt/factorizations.jl:254
┌ Warning: `svd` cotangents sensitive to gauge choice: (|Δgauge| = 0.10613739751166318)
└ @ TensorKitChainRulesCoreExt ~/.julia/packages/TensorKit/esxcj/ext/TensorKitChainRulesCoreExt/factorizations.jl:254
[ Info: CTMRG init:	obj = +4.781776714142e+00	err = 1.0000e+00
[ Info: CTMRG conv 16:	obj = +1.371104834180e+01	err = 2.3036477533e-10	time = 14.02 sec
┌ Warning: `svd` cotangents sensitive to gauge choice: (|Δgauge| = 0.1068146385278104)
└ @ TensorKitChainRulesCoreExt ~/.julia/packages/TensorKit/esxcj/ext/TensorKitChainRulesCoreExt/factorizations.jl:254
┌ Warning: `svd` cotangents sensitive to gauge choice: (|Δgauge| = 0.106814638527583)
└ @ TensorKitChainRulesCoreExt ~/.julia/packages/TensorKit/esxcj/ext/TensorKitChainRulesCoreExt/factorizations.jl:254
[ Info: LBFGS: iter    1, time 1837.73 s: f = -1.739921906643, ‖∇f‖ = 1.6634e-01, α = 6.17e+02, m = 0, nfg = 6
[ Info: CTMRG init:	obj = +1.034502021752e+01	err = 1.0000e+00
[ Info: CTMRG conv 56:	obj = +1.303954171984e+01	err = 7.6035604126e-10	time = 51.99 sec
┌ Warning: `svd` cotangents sensitive to gauge choice: (|Δgauge| = 0.09230147090961663)
└ @ TensorKitChainRulesCoreExt ~/.julia/packages/TensorKit/esxcj/ext/TensorKitChainRulesCoreExt/factorizations.jl:254
┌ Warning: `svd` cotangents sensitive to gauge choice: (|Δgauge| = 4.195691806691855e-10)
└ @ TensorKitChainRulesCoreExt ~/.julia/packages/TensorKit/esxcj/ext/TensorKitChainRulesCoreExt/factorizations.jl:254
┌ Warning: `svd` cotangents sensitive to gauge choice: (|Δgauge| = 0.09230147083857088)
└ @ TensorKitChainRulesCoreExt ~/.julia/packages/TensorKit/esxcj/ext/TensorKitChainRulesCoreExt/factorizations.jl:254
[ Info: CTMRG init:	obj = +1.328972895806e+01	err = 1.0000e+00
[ Info: CTMRG conv 16:	obj = +1.342327415582e+01	err = 5.3223585470e-10	time = 14.57 sec
┌ Warning: `svd` cotangents sensitive to gauge choice: (|Δgauge| = 0.1457536774407491)
└ @ TensorKitChainRulesCoreExt ~/.julia/packages/TensorKit/esxcj/ext/TensorKitChainRulesCoreExt/factorizations.jl:254
┌ Warning: `svd` cotangents sensitive to gauge choice: (|Δgauge| = 4.862905050714856e-10)
└ @ TensorKitChainRulesCoreExt ~/.julia/packages/TensorKit/esxcj/ext/TensorKitChainRulesCoreExt/factorizations.jl:254
┌ Warning: `svd` cotangents sensitive to gauge choice: (|Δgauge| = 0.1457536775153156)
└ @ TensorKitChainRulesCoreExt ~/.julia/packages/TensorKit/esxcj/ext/TensorKitChainRulesCoreExt/factorizations.jl:254
[ Info: LBFGS: iter    2, time 1972.29 s: f = -1.802155292491, ‖∇f‖ = 6.4080e-02, α = 2.81e-01, m = 1, nfg = 2
[ Info: CTMRG init:	obj = +1.346432456485e+01	err = 1.0000e+00
[ Info: CTMRG conv 19:	obj = +1.356317471946e+01	err = 9.0030393082e-10	time = 19.31 sec
┌ Warning: `svd` cotangents sensitive to gauge choice: (|Δgauge| = 0.1390397365037787)
└ @ TensorKitChainRulesCoreExt ~/.julia/packages/TensorKit/esxcj/ext/TensorKitChainRulesCoreExt/factorizations.jl:254
┌ Warning: `svd` cotangents sensitive to gauge choice: (|Δgauge| = 2.9363413237634992e-9)
└ @ TensorKitChainRulesCoreExt ~/.julia/packages/TensorKit/esxcj/ext/TensorKitChainRulesCoreExt/factorizations.jl:254
┌ Warning: `svd` cotangents sensitive to gauge choice: (|Δgauge| = 0.1390397368835465)
└ @ TensorKitChainRulesCoreExt ~/.julia/packages/TensorKit/esxcj/ext/TensorKitChainRulesCoreExt/factorizations.jl:254
[ Info: CTMRG init:	obj = +1.347014209558e+01	err = 1.0000e+00
[ Info: CTMRG conv 16:	obj = +1.348818968728e+01	err = 6.0813206418e-10	time = 13.20 sec
┌ Warning: `svd` cotangents sensitive to gauge choice: (|Δgauge| = 0.14711385792064513)
└ @ TensorKitChainRulesCoreExt ~/.julia/packages/TensorKit/esxcj/ext/TensorKitChainRulesCoreExt/factorizations.jl:254
┌ Warning: `svd` cotangents sensitive to gauge choice: (|Δgauge| = 3.346791398909027e-9)
└ @ TensorKitChainRulesCoreExt ~/.julia/packages/TensorKit/esxcj/ext/TensorKitChainRulesCoreExt/factorizations.jl:254
┌ Warning: `svd` cotangents sensitive to gauge choice: (|Δgauge| = 0.14711385826702328)
└ @ TensorKitChainRulesCoreExt ~/.julia/packages/TensorKit/esxcj/ext/TensorKitChainRulesCoreExt/factorizations.jl:254
[ Info: LBFGS: iter    3, time 2040.23 s: f = -1.807673254158, ‖∇f‖ = 5.6383e-02, α = 4.40e-01, m = 2, nfg = 2
[ Info: CTMRG init:	obj = +1.387946028807e+01	err = 1.0000e+00
[ Info: CTMRG conv 15:	obj = +1.388204565299e+01	err = 6.9964066636e-10	time = 11.96 sec
┌ Warning: `svd` cotangents sensitive to gauge choice: (|Δgauge| = 0.14744669755710693)
└ @ TensorKitChainRulesCoreExt ~/.julia/packages/TensorKit/esxcj/ext/TensorKitChainRulesCoreExt/factorizations.jl:254
┌ Warning: `svd` cotangents sensitive to gauge choice: (|Δgauge| = 1.1609677071329401e-8)
└ @ TensorKitChainRulesCoreExt ~/.julia/packages/TensorKit/esxcj/ext/TensorKitChainRulesCoreExt/factorizations.jl:254
┌ Warning: `svd` cotangents sensitive to gauge choice: (|Δgauge| = 0.1474466997426962)
└ @ TensorKitChainRulesCoreExt ~/.julia/packages/TensorKit/esxcj/ext/TensorKitChainRulesCoreExt/factorizations.jl:254
[ Info: CTMRG init:	obj = +1.512140599512e+01	err = 1.0000e+00
[ Info: CTMRG conv 18:	obj = +1.518737683544e+01	err = 5.2189556481e-10	time = 16.38 sec
┌ Warning: `svd` cotangents sensitive to gauge choice: (|Δgauge| = 0.14390266959520998)
└ @ TensorKitChainRulesCoreExt ~/.julia/packages/TensorKit/esxcj/ext/TensorKitChainRulesCoreExt/factorizations.jl:254
┌ Warning: `svd` cotangents sensitive to gauge choice: (|Δgauge| = 3.158422817727133e-9)
└ @ TensorKitChainRulesCoreExt ~/.julia/packages/TensorKit/esxcj/ext/TensorKitChainRulesCoreExt/factorizations.jl:254
┌ Warning: `svd` cotangents sensitive to gauge choice: (|Δgauge| = 0.1439026696088473)
└ @ TensorKitChainRulesCoreExt ~/.julia/packages/TensorKit/esxcj/ext/TensorKitChainRulesCoreExt/factorizations.jl:254
[ Info: CTMRG init:	obj = +1.221613735094e+01	err = 1.0000e+00
[ Info: CTMRG conv 30:	obj = +1.377520697189e+01	err = 6.7506233649e-10	time = 28.42 sec
┌ Warning: `svd` cotangents sensitive to gauge choice: (|Δgauge| = 0.2504348054861762)
└ @ TensorKitChainRulesCoreExt ~/.julia/packages/TensorKit/esxcj/ext/TensorKitChainRulesCoreExt/factorizations.jl:254
┌ Warning: `svd` cotangents sensitive to gauge choice: (|Δgauge| = 1.7168166289200504e-10)
└ @ TensorKitChainRulesCoreExt ~/.julia/packages/TensorKit/esxcj/ext/TensorKitChainRulesCoreExt/factorizations.jl:254
┌ Warning: `svd` cotangents sensitive to gauge choice: (|Δgauge| = 0.2504348053799603)
└ @ TensorKitChainRulesCoreExt ~/.julia/packages/TensorKit/esxcj/ext/TensorKitChainRulesCoreExt/factorizations.jl:254
[ Info: CTMRG init:	obj = +1.548297675910e+01	err = 1.0000e+00
[ Info: CTMRG conv 19:	obj = +1.560339964594e+01	err = 5.8089585796e-10	time = 17.15 sec
┌ Warning: `svd` cotangents sensitive to gauge choice: (|Δgauge| = 0.1403958516357932)
└ @ TensorKitChainRulesCoreExt ~/.julia/packages/TensorKit/esxcj/ext/TensorKitChainRulesCoreExt/factorizations.jl:254
┌ Warning: `svd` cotangents sensitive to gauge choice: (|Δgauge| = 2.581761827203037e-9)
└ @ TensorKitChainRulesCoreExt ~/.julia/packages/TensorKit/esxcj/ext/TensorKitChainRulesCoreExt/factorizations.jl:254
┌ Warning: `svd` cotangents sensitive to gauge choice: (|Δgauge| = 0.14039585178768305)
└ @ TensorKitChainRulesCoreExt ~/.julia/packages/TensorKit/esxcj/ext/TensorKitChainRulesCoreExt/factorizations.jl:254
[ Info: LBFGS: iter    4, time 2186.01 s: f = -1.839642625581, ‖∇f‖ = 1.0447e-01, α = 6.74e+00, m = 3, nfg = 4
[ Info: CTMRG init:	obj = +1.714270804309e+01	err = 1.0000e+00
[ Info: CTMRG conv 25:	obj = +1.739201133858e+01	err = 7.9015077905e-10	time = 21.67 sec
┌ Warning: `svd` cotangents sensitive to gauge choice: (|Δgauge| = 0.11176161885289618)
└ @ TensorKitChainRulesCoreExt ~/.julia/packages/TensorKit/esxcj/ext/TensorKitChainRulesCoreExt/factorizations.jl:254
┌ Warning: `svd` cotangents sensitive to gauge choice: (|Δgauge| = 6.921464299880291e-10)
└ @ TensorKitChainRulesCoreExt ~/.julia/packages/TensorKit/esxcj/ext/TensorKitChainRulesCoreExt/factorizations.jl:254
┌ Warning: `svd` cotangents sensitive to gauge choice: (|Δgauge| = 0.11176161882503975)
└ @ TensorKitChainRulesCoreExt ~/.julia/packages/TensorKit/esxcj/ext/TensorKitChainRulesCoreExt/factorizations.jl:254
[ Info: LBFGS: iter    5, time 2227.12 s: f = -1.875067203873, ‖∇f‖ = 1.3886e-01, α = 1.00e+00, m = 3, nfg = 1
[ Info: CTMRG init:	obj = +1.853528998713e+01	err = 1.0000e+00
[ Info: CTMRG conv 24:	obj = +1.881233608950e+01	err = 6.7298141688e-10	time = 18.67 sec
┌ Warning: `svd` cotangents sensitive to gauge choice: (|Δgauge| = 0.051133331153534314)
└ @ TensorKitChainRulesCoreExt ~/.julia/packages/TensorKit/esxcj/ext/TensorKitChainRulesCoreExt/factorizations.jl:254
┌ Warning: `svd` cotangents sensitive to gauge choice: (|Δgauge| = 6.099852715204194e-9)
└ @ TensorKitChainRulesCoreExt ~/.julia/packages/TensorKit/esxcj/ext/TensorKitChainRulesCoreExt/factorizations.jl:254
┌ Warning: `svd` cotangents sensitive to gauge choice: (|Δgauge| = 0.05113333090349983)
└ @ TensorKitChainRulesCoreExt ~/.julia/packages/TensorKit/esxcj/ext/TensorKitChainRulesCoreExt/factorizations.jl:254
[ Info: LBFGS: iter    6, time 2260.63 s: f = -1.929091850146, ‖∇f‖ = 3.8040e-02, α = 1.00e+00, m = 3, nfg = 1
[ Info: CTMRG init:	obj = +1.898978235524e+01	err = 1.0000e+00
[ Info: CTMRG conv 24:	obj = +1.899509314068e+01	err = 5.6026947125e-10	time = 19.21 sec
┌ Warning: `svd` cotangents sensitive to gauge choice: (|Δgauge| = 0.048680534347954926)
└ @ TensorKitChainRulesCoreExt ~/.julia/packages/TensorKit/esxcj/ext/TensorKitChainRulesCoreExt/factorizations.jl:254
┌ Warning: `svd` cotangents sensitive to gauge choice: (|Δgauge| = 9.124259923372195e-9)
└ @ TensorKitChainRulesCoreExt ~/.julia/packages/TensorKit/esxcj/ext/TensorKitChainRulesCoreExt/factorizations.jl:254
┌ Warning: `svd` cotangents sensitive to gauge choice: (|Δgauge| = 0.04868053421680416)
└ @ TensorKitChainRulesCoreExt ~/.julia/packages/TensorKit/esxcj/ext/TensorKitChainRulesCoreExt/factorizations.jl:254
[ Info: LBFGS: iter    7, time 2293.44 s: f = -1.941961418258, ‖∇f‖ = 3.7877e-02, α = 1.00e+00, m = 3, nfg = 1
[ Info: CTMRG init:	obj = +1.666896742719e+01	err = 1.0000e+00
[ Info: CTMRG conv 28:	obj = +1.946135296775e+01	err = 5.4768150444e-10	time = 22.80 sec
┌ Warning: `svd` cotangents sensitive to gauge choice: (|Δgauge| = 0.2330329845749215)
└ @ TensorKitChainRulesCoreExt ~/.julia/packages/TensorKit/esxcj/ext/TensorKitChainRulesCoreExt/factorizations.jl:254
┌ Warning: `svd` cotangents sensitive to gauge choice: (|Δgauge| = 0.23303298457467922)
└ @ TensorKitChainRulesCoreExt ~/.julia/packages/TensorKit/esxcj/ext/TensorKitChainRulesCoreExt/factorizations.jl:254
[ Info: CTMRG init:	obj = +1.881293293579e+01	err = 1.0000e+00
[ Info: CTMRG conv 28:	obj = +1.883253179696e+01	err = 9.9440833690e-10	time = 24.03 sec
┌ Warning: `svd` cotangents sensitive to gauge choice: (|Δgauge| = 0.03731701683261239)
└ @ TensorKitChainRulesCoreExt ~/.julia/packages/TensorKit/esxcj/ext/TensorKitChainRulesCoreExt/factorizations.jl:254
┌ Warning: `svd` cotangents sensitive to gauge choice: (|Δgauge| = 1.574129114800153e-8)
└ @ TensorKitChainRulesCoreExt ~/.julia/packages/TensorKit/esxcj/ext/TensorKitChainRulesCoreExt/factorizations.jl:254
┌ Warning: `svd` cotangents sensitive to gauge choice: (|Δgauge| = 0.03731700232515961)
└ @ TensorKitChainRulesCoreExt ~/.julia/packages/TensorKit/esxcj/ext/TensorKitChainRulesCoreExt/factorizations.jl:254
[ Info: LBFGS: iter    8, time 2380.44 s: f = -1.949005833041, ‖∇f‖ = 3.3705e-02, α = 1.17e-01, m = 3, nfg = 2
[ Info: CTMRG init:	obj = +1.847995251840e+01	err = 1.0000e+00
[ Info: CTMRG conv 77:	obj = +1.865865874237e+01	err = 8.4232401329e-10	time = 1.44 min
┌ Warning: `svd` cotangents sensitive to gauge choice: (|Δgauge| = 0.10959997535596852)
└ @ TensorKitChainRulesCoreExt ~/.julia/packages/TensorKit/esxcj/ext/TensorKitChainRulesCoreExt/factorizations.jl:254
┌ Warning: `svd` cotangents sensitive to gauge choice: (|Δgauge| = 1.373946382059722e-10)
└ @ TensorKitChainRulesCoreExt ~/.julia/packages/TensorKit/esxcj/ext/TensorKitChainRulesCoreExt/factorizations.jl:254
┌ Warning: `svd` cotangents sensitive to gauge choice: (|Δgauge| = 0.10959997522984194)
└ @ TensorKitChainRulesCoreExt ~/.julia/packages/TensorKit/esxcj/ext/TensorKitChainRulesCoreExt/factorizations.jl:254
[ Info: CTMRG init:	obj = +1.882529177415e+01	err = 1.0000e+00
[ Info: CTMRG conv 36:	obj = +1.883527250340e+01	err = 7.3839884680e-10	time = 46.86 sec
┌ Warning: `svd` cotangents sensitive to gauge choice: (|Δgauge| = 0.0410947494343185)
└ @ TensorKitChainRulesCoreExt ~/.julia/packages/TensorKit/esxcj/ext/TensorKitChainRulesCoreExt/factorizations.jl:254
┌ Warning: `svd` cotangents sensitive to gauge choice: (|Δgauge| = 5.7479863190212094e-9)
└ @ TensorKitChainRulesCoreExt ~/.julia/packages/TensorKit/esxcj/ext/TensorKitChainRulesCoreExt/factorizations.jl:254
┌ Warning: `svd` cotangents sensitive to gauge choice: (|Δgauge| = 0.04109474536320609)
└ @ TensorKitChainRulesCoreExt ~/.julia/packages/TensorKit/esxcj/ext/TensorKitChainRulesCoreExt/factorizations.jl:254
[ Info: LBFGS: iter    9, time 2626.82 s: f = -1.958447011743, ‖∇f‖ = 3.5588e-02, α = 2.85e-01, m = 3, nfg = 2
[ Info: CTMRG init:	obj = +1.867512568823e+01	err = 1.0000e+00
[ Info: CTMRG conv 84:	obj = +1.911114140806e+01	err = 8.1112399083e-10	time = 1.68 min
┌ Warning: `svd` cotangents sensitive to gauge choice: (|Δgauge| = 0.16616408594964677)
└ @ TensorKitChainRulesCoreExt ~/.julia/packages/TensorKit/esxcj/ext/TensorKitChainRulesCoreExt/factorizations.jl:254
┌ Warning: `svd` cotangents sensitive to gauge choice: (|Δgauge| = 1.832819909295523e-12)
└ @ TensorKitChainRulesCoreExt ~/.julia/packages/TensorKit/esxcj/ext/TensorKitChainRulesCoreExt/factorizations.jl:254
┌ Warning: `svd` cotangents sensitive to gauge choice: (|Δgauge| = 0.1661640859479498)
└ @ TensorKitChainRulesCoreExt ~/.julia/packages/TensorKit/esxcj/ext/TensorKitChainRulesCoreExt/factorizations.jl:254
[ Info: LBFGS: iter   10, time 2757.23 s: f = -1.969672910057, ‖∇f‖ = 1.0626e-01, α = 1.00e+00, m = 3, nfg = 1
[ Info: CTMRG init:	obj = +1.787785188940e+01	err = 1.0000e+00
[ Info: CTMRG conv 24:	obj = +1.849313249999e+01	err = 2.4855590572e-10	time = 24.32 sec
┌ Warning: `svd` cotangents sensitive to gauge choice: (|Δgauge| = 0.2397030998273383)
└ @ TensorKitChainRulesCoreExt ~/.julia/packages/TensorKit/esxcj/ext/TensorKitChainRulesCoreExt/factorizations.jl:254
┌ Warning: `svd` cotangents sensitive to gauge choice: (|Δgauge| = 0.23970309981716448)
└ @ TensorKitChainRulesCoreExt ~/.julia/packages/TensorKit/esxcj/ext/TensorKitChainRulesCoreExt/factorizations.jl:254
[ Info: CTMRG init:	obj = +1.906017742672e+01	err = 1.0000e+00
[ Info: CTMRG conv 47:	obj = +1.914926989008e+01	err = 6.6125598901e-10	time = 47.09 sec
┌ Warning: `svd` cotangents sensitive to gauge choice: (|Δgauge| = 0.1856149376665678)
└ @ TensorKitChainRulesCoreExt ~/.julia/packages/TensorKit/esxcj/ext/TensorKitChainRulesCoreExt/factorizations.jl:254
┌ Warning: `svd` cotangents sensitive to gauge choice: (|Δgauge| = 0.1856149376666309)
└ @ TensorKitChainRulesCoreExt ~/.julia/packages/TensorKit/esxcj/ext/TensorKitChainRulesCoreExt/factorizations.jl:254
[ Info: LBFGS: iter   11, time 2859.87 s: f = -1.991460234309, ‖∇f‖ = 8.9178e-02, α = 3.22e-01, m = 3, nfg = 2
[ Info: CTMRG init:	obj = +1.835030249119e+01	err = 1.0000e+00
[ Info: CTMRG conv 18:	obj = +1.868824410741e+01	err = 6.0335713552e-10	time = 18.49 sec
┌ Warning: `svd` cotangents sensitive to gauge choice: (|Δgauge| = 0.220826541686181)
└ @ TensorKitChainRulesCoreExt ~/.julia/packages/TensorKit/esxcj/ext/TensorKitChainRulesCoreExt/factorizations.jl:254
┌ Warning: `svd` cotangents sensitive to gauge choice: (|Δgauge| = 0.22082654167785196)
└ @ TensorKitChainRulesCoreExt ~/.julia/packages/TensorKit/esxcj/ext/TensorKitChainRulesCoreExt/factorizations.jl:254
[ Info: CTMRG init:	obj = +1.894851947231e+01	err = 1.0000e+00
[ Info: CTMRG conv 29:	obj = +1.902484070014e+01	err = 7.8604023776e-10	time = 31.31 sec
┌ Warning: `svd` cotangents sensitive to gauge choice: (|Δgauge| = 0.19559745195701686)
└ @ TensorKitChainRulesCoreExt ~/.julia/packages/TensorKit/esxcj/ext/TensorKitChainRulesCoreExt/factorizations.jl:254
┌ Warning: `svd` cotangents sensitive to gauge choice: (|Δgauge| = 0.19559745195772366)
└ @ TensorKitChainRulesCoreExt ~/.julia/packages/TensorKit/esxcj/ext/TensorKitChainRulesCoreExt/factorizations.jl:254
[ Info: LBFGS: iter   12, time 2932.27 s: f = -2.005621378150, ‖∇f‖ = 7.4905e-02, α = 4.20e-01, m = 3, nfg = 2
[ Info: CTMRG init:	obj = +1.955253756047e+01	err = 1.0000e+00
[ Info: CTMRG conv 32:	obj = +1.956400885987e+01	err = 5.2288250933e-10	time = 34.54 sec
┌ Warning: `svd` cotangents sensitive to gauge choice: (|Δgauge| = 0.17336693028644928)
└ @ TensorKitChainRulesCoreExt ~/.julia/packages/TensorKit/esxcj/ext/TensorKitChainRulesCoreExt/factorizations.jl:254
┌ Warning: `svd` cotangents sensitive to gauge choice: (|Δgauge| = 0.17336693028699987)
└ @ TensorKitChainRulesCoreExt ~/.julia/packages/TensorKit/esxcj/ext/TensorKitChainRulesCoreExt/factorizations.jl:254
[ Info: LBFGS: iter   13, time 2980.11 s: f = -2.026995960667, ‖∇f‖ = 6.2970e-02, α = 1.00e+00, m = 3, nfg = 1
[ Info: CTMRG init:	obj = +1.966321531211e+01	err = 1.0000e+00
[ Info: CTMRG conv 31:	obj = +1.967834837315e+01	err = 8.6341946037e-10	time = 32.36 sec
┌ Warning: `svd` cotangents sensitive to gauge choice: (|Δgauge| = 0.17156543501884974)
└ @ TensorKitChainRulesCoreExt ~/.julia/packages/TensorKit/esxcj/ext/TensorKitChainRulesCoreExt/factorizations.jl:254
┌ Warning: `svd` cotangents sensitive to gauge choice: (|Δgauge| = 0.17156543502125443)
└ @ TensorKitChainRulesCoreExt ~/.julia/packages/TensorKit/esxcj/ext/TensorKitChainRulesCoreExt/factorizations.jl:254
[ Info: LBFGS: iter   14, time 3026.49 s: f = -2.038164307697, ‖∇f‖ = 3.7451e-02, α = 1.00e+00, m = 3, nfg = 1
[ Info: CTMRG init:	obj = +1.978613568798e+01	err = 1.0000e+00
[ Info: CTMRG conv 22:	obj = +1.980465102917e+01	err = 4.4604332894e-10	time = 23.57 sec
┌ Warning: `svd` cotangents sensitive to gauge choice: (|Δgauge| = 0.16545346651769424)
└ @ TensorKitChainRulesCoreExt ~/.julia/packages/TensorKit/esxcj/ext/TensorKitChainRulesCoreExt/factorizations.jl:254
┌ Warning: `svd` cotangents sensitive to gauge choice: (|Δgauge| = 0.16545346652275808)
└ @ TensorKitChainRulesCoreExt ~/.julia/packages/TensorKit/esxcj/ext/TensorKitChainRulesCoreExt/factorizations.jl:254
[ Info: LBFGS: iter   15, time 3060.81 s: f = -2.045109892160, ‖∇f‖ = 1.7794e-02, α = 1.00e+00, m = 3, nfg = 1
[ Info: CTMRG init:	obj = +1.997256249754e+01	err = 1.0000e+00
[ Info: CTMRG conv 19:	obj = +1.997587053448e+01	err = 3.0223369092e-10	time = 20.92 sec
┌ Warning: `svd` cotangents sensitive to gauge choice: (|Δgauge| = 0.15927006427511609)
└ @ TensorKitChainRulesCoreExt ~/.julia/packages/TensorKit/esxcj/ext/TensorKitChainRulesCoreExt/factorizations.jl:254
┌ Warning: `svd` cotangents sensitive to gauge choice: (|Δgauge| = 0.15927006427394907)
└ @ TensorKitChainRulesCoreExt ~/.julia/packages/TensorKit/esxcj/ext/TensorKitChainRulesCoreExt/factorizations.jl:254
[ Info: LBFGS: iter   16, time 3091.97 s: f = -2.047280397591, ‖∇f‖ = 9.7189e-03, α = 1.00e+00, m = 3, nfg = 1
[ Info: CTMRG init:	obj = +2.011490210315e+01	err = 1.0000e+00
[ Info: CTMRG conv 17:	obj = +2.011891544475e+01	err = 2.5111913244e-10	time = 18.97 sec
┌ Warning: `svd` cotangents sensitive to gauge choice: (|Δgauge| = 0.15790496728410078)
└ @ TensorKitChainRulesCoreExt ~/.julia/packages/TensorKit/esxcj/ext/TensorKitChainRulesCoreExt/factorizations.jl:254
┌ Warning: `svd` cotangents sensitive to gauge choice: (|Δgauge| = 0.1579049672827325)
└ @ TensorKitChainRulesCoreExt ~/.julia/packages/TensorKit/esxcj/ext/TensorKitChainRulesCoreExt/factorizations.jl:254
[ Info: LBFGS: iter   17, time 3120.36 s: f = -2.048336449223, ‖∇f‖ = 8.4427e-03, α = 1.00e+00, m = 3, nfg = 1
[ Info: CTMRG init:	obj = +2.039890814398e+01	err = 1.0000e+00
[ Info: CTMRG conv 15:	obj = +2.040484133820e+01	err = 2.3973486330e-10	time = 17.30 sec
┌ Warning: `svd` cotangents sensitive to gauge choice: (|Δgauge| = 0.15368242682286348)
└ @ TensorKitChainRulesCoreExt ~/.julia/packages/TensorKit/esxcj/ext/TensorKitChainRulesCoreExt/factorizations.jl:254
┌ Warning: `svd` cotangents sensitive to gauge choice: (|Δgauge| = 0.15368242685185116)
└ @ TensorKitChainRulesCoreExt ~/.julia/packages/TensorKit/esxcj/ext/TensorKitChainRulesCoreExt/factorizations.jl:254
[ Info: LBFGS: iter   18, time 3146.24 s: f = -2.048790218001, ‖∇f‖ = 1.2498e-02, α = 1.00e+00, m = 3, nfg = 1
[ Info: CTMRG init:	obj = +2.038620034902e+01	err = 1.0000e+00
[ Info: CTMRG conv 14:	obj = +2.038699835832e+01	err = 4.1690209767e-10	time = 16.26 sec
┌ Warning: `svd` cotangents sensitive to gauge choice: (|Δgauge| = 0.15459613013942997)
└ @ TensorKitChainRulesCoreExt ~/.julia/packages/TensorKit/esxcj/ext/TensorKitChainRulesCoreExt/factorizations.jl:254
┌ Warning: `svd` cotangents sensitive to gauge choice: (|Δgauge| = 0.1545961301550009)
└ @ TensorKitChainRulesCoreExt ~/.julia/packages/TensorKit/esxcj/ext/TensorKitChainRulesCoreExt/factorizations.jl:254
[ Info: LBFGS: iter   19, time 3171.77 s: f = -2.049173699313, ‖∇f‖ = 2.7073e-03, α = 1.00e+00, m = 3, nfg = 1
[ Info: CTMRG init:	obj = +2.040104462371e+01	err = 1.0000e+00
[ Info: CTMRG conv 14:	obj = +2.040120895978e+01	err = 1.6144023224e-10	time = 16.05 sec
┌ Warning: `svd` cotangents sensitive to gauge choice: (|Δgauge| = 0.15479842929052995)
└ @ TensorKitChainRulesCoreExt ~/.julia/packages/TensorKit/esxcj/ext/TensorKitChainRulesCoreExt/factorizations.jl:254
┌ Warning: `svd` cotangents sensitive to gauge choice: (|Δgauge| = 0.15479842931105353)
└ @ TensorKitChainRulesCoreExt ~/.julia/packages/TensorKit/esxcj/ext/TensorKitChainRulesCoreExt/factorizations.jl:254
[ Info: LBFGS: iter   20, time 3196.93 s: f = -2.049218999271, ‖∇f‖ = 1.6959e-03, α = 1.00e+00, m = 3, nfg = 1
[ Info: CTMRG init:	obj = +2.043651292514e+01	err = 1.0000e+00
[ Info: CTMRG conv 13:	obj = +2.043664061298e+01	err = 6.3548221654e-10	time = 15.27 sec
┌ Warning: `svd` cotangents sensitive to gauge choice: (|Δgauge| = 0.1543704305581512)
└ @ TensorKitChainRulesCoreExt ~/.julia/packages/TensorKit/esxcj/ext/TensorKitChainRulesCoreExt/factorizations.jl:254
┌ Warning: `svd` cotangents sensitive to gauge choice: (|Δgauge| = 0.15437043058620875)
└ @ TensorKitChainRulesCoreExt ~/.julia/packages/TensorKit/esxcj/ext/TensorKitChainRulesCoreExt/factorizations.jl:254
[ Info: LBFGS: iter   21, time 3221.10 s: f = -2.049259900653, ‖∇f‖ = 1.6997e-03, α = 1.00e+00, m = 3, nfg = 1
[ Info: CTMRG init:	obj = +2.050043371696e+01	err = 1.0000e+00
┌ Warning: CTMRG cancel 100:	obj = +2.050064870345e+01	err = 6.9422811274e-09	time = 2.07 min
└ @ PEPSKit ~/.julia/packages/PEPSKit/P7ER3/src/algorithms/ctmrg/ctmrg.jl:129
┌ Warning: `svd` cotangents sensitive to gauge choice: (|Δgauge| = 0.1545373153806568)
└ @ TensorKitChainRulesCoreExt ~/.julia/packages/TensorKit/esxcj/ext/TensorKitChainRulesCoreExt/factorizations.jl:254
┌ Warning: `svd` cotangents sensitive to gauge choice: (|Δgauge| = 0.15453731542224194)
└ @ TensorKitChainRulesCoreExt ~/.julia/packages/TensorKit/esxcj/ext/TensorKitChainRulesCoreExt/factorizations.jl:254
[ Info: LBFGS: iter   22, time 3382.19 s: f = -2.049298078922, ‖∇f‖ = 3.8725e-03, α = 1.00e+00, m = 3, nfg = 1
[ Info: CTMRG init:	obj = +2.054063184029e+01	err = 1.0000e+00
[ Info: CTMRG conv 12:	obj = +2.054071617499e+01	err = 1.3627824466e-10	time = 14.97 sec
┌ Warning: `svd` cotangents sensitive to gauge choice: (|Δgauge| = 0.15360560428726844)
└ @ TensorKitChainRulesCoreExt ~/.julia/packages/TensorKit/esxcj/ext/TensorKitChainRulesCoreExt/factorizations.jl:254
┌ Warning: `svd` cotangents sensitive to gauge choice: (|Δgauge| = 0.15360560424207703)
└ @ TensorKitChainRulesCoreExt ~/.julia/packages/TensorKit/esxcj/ext/TensorKitChainRulesCoreExt/factorizations.jl:254
[ Info: LBFGS: iter   23, time 3405.41 s: f = -2.049354047389, ‖∇f‖ = 1.3998e-03, α = 1.00e+00, m = 3, nfg = 1
[ Info: CTMRG init:	obj = +2.058469350167e+01	err = 1.0000e+00
[ Info: CTMRG conv 12:	obj = +2.058475245049e+01	err = 3.1966246022e-10	time = 15.24 sec
┌ Warning: `svd` cotangents sensitive to gauge choice: (|Δgauge| = 0.15308627826058283)
└ @ TensorKitChainRulesCoreExt ~/.julia/packages/TensorKit/esxcj/ext/TensorKitChainRulesCoreExt/factorizations.jl:254
┌ Warning: `svd` cotangents sensitive to gauge choice: (|Δgauge| = 0.15308627817846554)
└ @ TensorKitChainRulesCoreExt ~/.julia/packages/TensorKit/esxcj/ext/TensorKitChainRulesCoreExt/factorizations.jl:254
[ Info: LBFGS: iter   24, time 3429.53 s: f = -2.049393022879, ‖∇f‖ = 1.0509e-03, α = 1.00e+00, m = 3, nfg = 1
[ Info: CTMRG init:	obj = +2.064098359554e+01	err = 1.0000e+00
[ Info: CTMRG conv 12:	obj = +2.064110610548e+01	err = 4.9022890715e-10	time = 14.98 sec
┌ Warning: `svd` cotangents sensitive to gauge choice: (|Δgauge| = 0.15292879408309018)
└ @ TensorKitChainRulesCoreExt ~/.julia/packages/TensorKit/esxcj/ext/TensorKitChainRulesCoreExt/factorizations.jl:254
┌ Warning: `svd` cotangents sensitive to gauge choice: (|Δgauge| = 0.15292879414523416)
└ @ TensorKitChainRulesCoreExt ~/.julia/packages/TensorKit/esxcj/ext/TensorKitChainRulesCoreExt/factorizations.jl:254
[ Info: LBFGS: iter   25, time 3452.93 s: f = -2.049432224840, ‖∇f‖ = 1.4330e-03, α = 1.00e+00, m = 3, nfg = 1
[ Info: CTMRG init:	obj = +2.073543249585e+01	err = 1.0000e+00
[ Info: CTMRG conv 13:	obj = +2.073585564285e+01	err = 1.8547087083e-10	time = 16.70 sec
┌ Warning: `svd` cotangents sensitive to gauge choice: (|Δgauge| = 0.15206532545593837)
└ @ TensorKitChainRulesCoreExt ~/.julia/packages/TensorKit/esxcj/ext/TensorKitChainRulesCoreExt/factorizations.jl:254
┌ Warning: `svd` cotangents sensitive to gauge choice: (|Δgauge| = 0.15206532555029623)
└ @ TensorKitChainRulesCoreExt ~/.julia/packages/TensorKit/esxcj/ext/TensorKitChainRulesCoreExt/factorizations.jl:254
[ Info: CTMRG init:	obj = +2.069552057434e+01	err = 1.0000e+00
[ Info: CTMRG conv 12:	obj = +2.069565184527e+01	err = 4.6937949835e-10	time = 15.09 sec
┌ Warning: `svd` cotangents sensitive to gauge choice: (|Δgauge| = 0.1524215328567986)
└ @ TensorKitChainRulesCoreExt ~/.julia/packages/TensorKit/esxcj/ext/TensorKitChainRulesCoreExt/factorizations.jl:254
┌ Warning: `svd` cotangents sensitive to gauge choice: (|Δgauge| = 0.1524215329121687)
└ @ TensorKitChainRulesCoreExt ~/.julia/packages/TensorKit/esxcj/ext/TensorKitChainRulesCoreExt/factorizations.jl:254
[ Info: LBFGS: iter   26, time 3501.68 s: f = -2.049450951114, ‖∇f‖ = 2.4179e-03, α = 5.55e-01, m = 3, nfg = 2
[ Info: CTMRG init:	obj = +2.072991322086e+01	err = 1.0000e+00
[ Info: CTMRG conv 12:	obj = +2.073001457456e+01	err = 5.2809492425e-10	time = 15.36 sec
┌ Warning: `svd` cotangents sensitive to gauge choice: (|Δgauge| = 0.15289113255833509)
└ @ TensorKitChainRulesCoreExt ~/.julia/packages/TensorKit/esxcj/ext/TensorKitChainRulesCoreExt/factorizations.jl:254
┌ Warning: `svd` cotangents sensitive to gauge choice: (|Δgauge| = 0.1528911327508933)
└ @ TensorKitChainRulesCoreExt ~/.julia/packages/TensorKit/esxcj/ext/TensorKitChainRulesCoreExt/factorizations.jl:254
[ Info: LBFGS: converged after 27 iterations and time 3525.31 s: f = -2.049476849674, ‖∇f‖ = 7.7129e-04
