  Installing known registries into `~/.julia`
       Added `General` registry to ~/.julia/registries
    Updating registry at `~/.julia/registries/General.toml`
   Installed GPUArraysCore ─────────────── v0.2.0
   Installed RealDot ───────────────────── v0.1.0
   Installed IrrationalConstants ───────── v0.2.4
   Installed TaskLocalValues ───────────── v0.1.2
   Installed IRTools ───────────────────── v0.4.14
   Installed JLD2 ──────────────────────── v0.5.12
   Installed BlockTensorKit ────────────── v0.1.6
   Installed OhMyThreads ───────────────── v0.7.0
   Installed Adapt ─────────────────────── v4.3.0
   Installed DiffRules ─────────────────── v1.15.1
   Installed IntegerMathUtils ──────────── v0.1.2
   Installed PtrArrays ─────────────────── v1.3.0
   Installed LRUCache ──────────────────── v1.6.2
   Installed TableTraits ───────────────── v1.0.1
   Installed Preferences ───────────────── v1.4.3
   Installed Accessors ─────────────────── v0.1.42
   Installed DiffResults ───────────────── v1.1.0
   Installed HashArrayMappedTries ──────── v0.2.0
   Installed OptimKit ──────────────────── v0.4.0
   Installed WignerSymbols ─────────────── v2.0.0
   Installed Tables ────────────────────── v1.12.0
   Installed LoggingExtras ─────────────── v1.0.3
   Installed SpecialFunctions ──────────── v2.5.1
   Installed TensorKit ─────────────────── v0.14.5
   Installed ChunkSplitters ────────────── v3.1.2
   Installed DataAPI ───────────────────── v1.16.0
   Installed RecipesBase ───────────────── v1.3.4
   Installed Primes ────────────────────── v0.5.7
   Installed StaticArrays ──────────────── v1.9.13
   Installed AbstractFFTs ──────────────── v1.5.0
   Installed Zygote ────────────────────── v0.7.6
   Installed BlockArrays ───────────────── v1.6.1
   Installed JLLWrappers ───────────────── v1.7.0
   Installed MPSKit ────────────────────── v0.12.6
   Installed Richardson ────────────────── v1.4.2
   Installed FiniteDifferences ─────────── v0.12.32
   Installed StaticArraysCore ──────────── v1.4.3
   Installed NaNMath ───────────────────── v1.1.3
   Installed IteratorInterfaceExtensions ─ v1.0.0
   Installed ConstructionBase ──────────── v1.5.8
   Installed StructArrays ──────────────── v0.7.1
   Installed PrecompileTools ───────────── v1.2.1
   Installed DataValueInterfaces ───────── v1.0.0
   Installed RationalRoots ─────────────── v0.2.1
   Installed OrderedCollections ────────── v1.8.0
   Installed StableTasks ───────────────── v0.1.7
   Installed TensorKitSectors ──────────── v0.1.4
   Installed ScopedValues ──────────────── v1.3.0
   Installed TranscodingStreams ────────── v0.11.3
   Installed ChainRulesCore ────────────── v1.25.1
   Installed VectorInterface ───────────── v0.5.0
   Installed InitialValues ─────────────── v0.3.1
   Installed MPSKitModels ──────────────── v0.4.1
   Installed ForwardDiff ───────────────── v1.0.1
   Installed FileIO ────────────────────── v1.17.0
   Installed Statistics ────────────────── v1.11.1
   Installed FillArrays ────────────────── v1.13.0
   Installed ChainRules ────────────────── v1.72.3
   Installed ZygoteRules ───────────────── v0.2.7
   Installed Requires ──────────────────── v1.3.1
   Installed LogExpFunctions ───────────── v0.3.29
   Installed CommonSubexpressions ──────── v0.3.1
   Installed StridedViews ──────────────── v0.4.1
   Installed Strided ───────────────────── v2.3.0
   Installed BangBang ──────────────────── v0.4.4
   Installed TensorKitManifolds ────────── v0.7.2
   Installed HalfIntegers ──────────────── v1.6.0
   Installed PackageExtensionCompat ────── v1.0.2
   Installed MacroTools ────────────────── v0.5.15
   Installed Compat ────────────────────── v4.16.0
   Installed CompositionsBase ──────────── v0.1.2
   Installed OpenSpecFun_jll ───────────── v0.5.6+0
   Installed SparseInverseSubset ───────── v0.1.2
   Installed TupleTools ────────────────── v1.6.0
   Installed InverseFunctions ──────────── v0.1.17
   Installed TensorOperations ──────────── v5.2.0
   Installed KrylovKit ─────────────────── v0.9.5
   Installed PEPSKit ───────────────────── v0.5.0
   Installed DocStringExtensions ───────── v0.9.4
   Installed ArrayLayouts ──────────────── v1.11.1
    Updating `/var/lib/condor/execute/dir_815100/Project.toml`
  [d360d2e6] + ChainRulesCore v1.25.1
  [033835bb] + JLD2 v0.5.12
  [0b1a1467] + KrylovKit v0.9.5
  [bb1c41ca] + MPSKit v0.12.6
  [ca635005] + MPSKitModels v0.4.1
  [77e91f04] + OptimKit v0.4.0
  [52969e89] + PEPSKit v0.5.0
  [07d1fe3e] + TensorKit v0.14.5
  [409d34a3] + VectorInterface v0.5.0
  [e88e6eb3] + Zygote v0.7.6
  [37e2e46d] ~ LinearAlgebra ⇒ v1.11.0
    Updating `/var/lib/condor/execute/dir_815100/Manifest.toml`
  [621f4979] + AbstractFFTs v1.5.0
  [7d9f7c33] + Accessors v0.1.42
  [79e6a3ab] + Adapt v4.3.0
  [4c555306] + ArrayLayouts v1.11.1
  [198e06fe] + BangBang v0.4.4
  [8e7c35d0] + BlockArrays v1.6.1
  [5f87ffc2] + BlockTensorKit v0.1.6
  [082447d4] + ChainRules v1.72.3
  [d360d2e6] + ChainRulesCore v1.25.1
  [ae650224] + ChunkSplitters v3.1.2
  [bbf7d656] + CommonSubexpressions v0.3.1
  [34da2185] + Compat v4.16.0
  [a33af91c] + CompositionsBase v0.1.2
  [187b0558] + ConstructionBase v1.5.8
  [9a962f9c] + DataAPI v1.16.0
  [e2d170a0] + DataValueInterfaces v1.0.0
  [163ba53b] + DiffResults v1.1.0
  [b552c78f] + DiffRules v1.15.1
  [ffbed154] + DocStringExtensions v0.9.4
  [5789e2e9] + FileIO v1.17.0
  [1a297f60] + FillArrays v1.13.0
  [26cc04aa] + FiniteDifferences v0.12.32
  [f6369f11] + ForwardDiff v1.0.1
  [46192b85] + GPUArraysCore v0.2.0
  [f0d1745a] + HalfIntegers v1.6.0
  [076d061b] + HashArrayMappedTries v0.2.0
  [7869d1d1] + IRTools v0.4.14
  [22cec73e] + InitialValues v0.3.1
  [18e54dd8] + IntegerMathUtils v0.1.2
  [3587e190] + InverseFunctions v0.1.17
  [92d709cd] + IrrationalConstants v0.2.4
  [82899510] + IteratorInterfaceExtensions v1.0.0
  [033835bb] + JLD2 v0.5.12
  [692b3bcd] + JLLWrappers v1.7.0
  [0b1a1467] + KrylovKit v0.9.5
  [8ac3fa9e] + LRUCache v1.6.2
  [2ab3a3ac] + LogExpFunctions v0.3.29
⌅ [e6f89c97] + LoggingExtras v1.0.3
  [bb1c41ca] + MPSKit v0.12.6
  [ca635005] + MPSKitModels v0.4.1
  [1914dd2f] + MacroTools v0.5.15
  [77ba4419] + NaNMath v1.1.3
⌅ [67456a42] + OhMyThreads v0.7.0
  [77e91f04] + OptimKit v0.4.0
  [bac558e1] + OrderedCollections v1.8.0
  [52969e89] + PEPSKit v0.5.0
  [65ce6f38] + PackageExtensionCompat v1.0.2
⌅ [aea7be01] + PrecompileTools v1.2.1
  [21216c6a] + Preferences v1.4.3
  [27ebfcd6] + Primes v0.5.7
  [43287f4e] + PtrArrays v1.3.0
  [308eb6b3] + RationalRoots v0.2.1
  [c1ae055f] + RealDot v0.1.0
  [3cdcf5f2] + RecipesBase v1.3.4
  [ae029012] + Requires v1.3.1
  [708f8203] + Richardson v1.4.2
  [7e506255] + ScopedValues v1.3.0
  [dc90abb0] + SparseInverseSubset v0.1.2
  [276daf66] + SpecialFunctions v2.5.1
  [91464d47] + StableTasks v0.1.7
  [90137ffa] + StaticArrays v1.9.13
  [1e83bf80] + StaticArraysCore v1.4.3
  [10745b16] + Statistics v1.11.1
  [5e0ebb24] + Strided v2.3.0
  [4db3bf67] + StridedViews v0.4.1
  [09ab397b] + StructArrays v0.7.1
  [3783bdb8] + TableTraits v1.0.1
  [bd369af6] + Tables v1.12.0
  [ed4db957] + TaskLocalValues v0.1.2
  [07d1fe3e] + TensorKit v0.14.5
  [11fa318c] + TensorKitManifolds v0.7.2
  [13a9c161] + TensorKitSectors v0.1.4
  [6aa20fa7] + TensorOperations v5.2.0
  [3bb67fe8] + TranscodingStreams v0.11.3
  [9d95972d] + TupleTools v1.6.0
  [409d34a3] + VectorInterface v0.5.0
  [9f57e263] + WignerSymbols v2.0.0
  [e88e6eb3] + Zygote v0.7.6
  [700de1a5] + ZygoteRules v0.2.7
  [efe28fd5] + OpenSpecFun_jll v0.5.6+0
  [0dad84c5] + ArgTools v1.1.2
  [56f22d72] + Artifacts v1.11.0
  [2a0f44e3] + Base64 v1.11.0
  [ade2ca70] + Dates v1.11.0
  [8ba89e20] + Distributed v1.11.0
  [f43a241f] + Downloads v1.6.0
  [7b1f6079] + FileWatching v1.11.0
  [b77e0a4c] + InteractiveUtils v1.11.0
  [b27032c2] + LibCURL v0.6.4
  [76f85450] + LibGit2 v1.11.0
  [8f399da3] + Libdl v1.11.0
  [37e2e46d] + LinearAlgebra v1.11.0
  [56ddb016] + Logging v1.11.0
  [d6f4376e] + Markdown v1.11.0
  [a63ad114] + Mmap v1.11.0
  [ca575930] + NetworkOptions v1.2.0
  [44cfe95a] + Pkg v1.11.0
  [de0858da] + Printf v1.11.0
  [9a3f8284] + Random v1.11.0
  [ea8e919c] + SHA v0.7.0
  [9e88b42a] + Serialization v1.11.0
  [6462fe0b] + Sockets v1.11.0
  [2f01184e] + SparseArrays v1.11.0
  [4607b0f0] + SuiteSparse
  [fa267f1f] + TOML v1.0.3
  [a4e569a6] + Tar v1.10.0
  [cf7118a7] + UUIDs v1.11.0
  [4ec0a83e] + Unicode v1.11.0
  [e66e0078] + CompilerSupportLibraries_jll v1.1.1+0
  [deac9b47] + LibCURL_jll v8.6.0+0
  [e37daf67] + LibGit2_jll v1.7.2+0
  [29816b5a] + LibSSH2_jll v1.11.0+1
  [c8ffd9c3] + MbedTLS_jll v2.28.6+0
  [14a3606d] + MozillaCACerts_jll v2023.12.12
  [4536629a] + OpenBLAS_jll v0.3.27+1
  [05823500] + OpenLibm_jll v0.8.1+2
  [bea87d4a] + SuiteSparse_jll v7.7.0+0
  [83775a58] + Zlib_jll v1.2.13+1
  [8e850b90] + libblastrampoline_jll v5.11.0+0
  [8e850ede] + nghttp2_jll v1.59.0+0
  [3f19e933] + p7zip_jll v17.4.0+2
        Info Packages marked with ⌅ have new versions available but compatibility constraints restrict them from upgrading. To see why use `status --outdated -m`
Precompiling project...
    541.8 ms  ✓ DataValueInterfaces
    631.7 ms  ✓ TaskLocalValues
    560.5 ms  ✓ RealDot
    579.0 ms  ✓ IntegerMathUtils
    615.6 ms  ✓ Richardson
    701.9 ms  ✓ HalfIntegers
    700.0 ms  ✓ StableTasks
    674.2 ms  ✓ InverseFunctions
    716.9 ms  ✓ LRUCache
    795.8 ms  ✓ Statistics
    855.4 ms  ✓ OrderedCollections
    819.3 ms  ✓ VectorInterface
    830.2 ms  ✓ DocStringExtensions
    872.3 ms  ✓ AbstractFFTs
    527.5 ms  ✓ IteratorInterfaceExtensions
    529.7 ms  ✓ PackageExtensionCompat
    558.8 ms  ✓ DataAPI
    686.2 ms  ✓ ConstructionBase
    540.9 ms  ✓ PtrArrays
    554.4 ms  ✓ CompositionsBase
   1369.9 ms  ✓ FillArrays
    678.5 ms  ✓ ChunkSplitters
    790.9 ms  ✓ StaticArraysCore
    769.9 ms  ✓ RationalRoots
    773.6 ms  ✓ TupleTools
    745.2 ms  ✓ HashArrayMappedTries
    804.1 ms  ✓ TranscodingStreams
   1629.9 ms  ✓ IrrationalConstants
    712.5 ms  ✓ NaNMath
    739.0 ms  ✓ Requires
    816.3 ms  ✓ LoggingExtras
   1248.9 ms  ✓ InitialValues
    807.4 ms  ✓ SuiteSparse
    837.7 ms  ✓ Compat
    562.4 ms  ✓ TableTraits
    842.1 ms  ✓ InverseFunctions → InverseFunctionsDatesExt
    626.2 ms  ✓ DiffResults
    888.9 ms  ✓ Primes
    638.3 ms  ✓ LRUCache → SerializationExt
    600.7 ms  ✓ ConstructionBase → ConstructionBaseLinearAlgebraExt
   1071.4 ms  ✓ Preferences
    624.0 ms  ✓ CompositionsBase → CompositionsBaseInverseFunctionsExt
    911.1 ms  ✓ Statistics → SparseArraysExt
    623.7 ms  ✓ FillArrays → FillArraysStatisticsExt
    582.9 ms  ✓ ScopedValues
    696.0 ms  ✓ StridedViews
    920.3 ms  ✓ FillArrays → FillArraysSparseArraysExt
    690.8 ms  ✓ Adapt
    657.7 ms  ✓ Compat → CompatLinearAlgebraExt
    826.6 ms  ✓ SparseInverseSubset
    692.1 ms  ✓ PrecompileTools
   1024.3 ms  ✓ LogExpFunctions
    747.2 ms  ✓ JLLWrappers
    558.0 ms  ✓ StridedViews → StridedViewsPtrArraysExt
   1175.5 ms  ✓ Tables
    705.7 ms  ✓ GPUArraysCore
    892.9 ms  ✓ Strided
    816.7 ms  ✓ Adapt → AdaptSparseArraysExt
   2118.0 ms  ✓ KrylovKit
    661.5 ms  ✓ LogExpFunctions → LogExpFunctionsInverseFunctionsExt
   3291.4 ms  ✓ MacroTools
    827.9 ms  ✓ OpenSpecFun_jll
   1816.0 ms  ✓ OptimKit
   1092.7 ms  ✓ StructArrays
    717.0 ms  ✓ CommonSubexpressions
   1878.0 ms  ✓ ChainRulesCore
    651.5 ms  ✓ StructArrays → StructArraysAdaptExt
    653.7 ms  ✓ StructArrays → StructArraysLinearAlgebraExt
   2168.1 ms  ✓ RecipesBase
    866.3 ms  ✓ StructArrays → StructArraysSparseArraysExt
    682.0 ms  ✓ AbstractFFTs → AbstractFFTsChainRulesCoreExt
    862.9 ms  ✓ ChainRulesCore → ChainRulesCoreSparseArraysExt
   3589.2 ms  ✓ WignerSymbols
   1130.6 ms  ✓ ZygoteRules
    885.9 ms  ✓ KrylovKit → KrylovKitChainRulesCoreExt
   2535.6 ms  ✓ IRTools
   2911.4 ms  ✓ Accessors
   2060.0 ms  ✓ LogExpFunctions → LogExpFunctionsChainRulesCoreExt
    752.9 ms  ✓ Accessors → StructArraysExt
    761.4 ms  ✓ Accessors → LinearAlgebraExt
   5656.6 ms  ✓ FileIO
   4029.2 ms  ✓ SpecialFunctions
   1124.3 ms  ✓ BangBang
    926.0 ms  ✓ DiffRules
    758.9 ms  ✓ BangBang → BangBangTablesExt
    763.2 ms  ✓ BangBang → BangBangStructArraysExt
    773.0 ms  ✓ BangBang → BangBangChainRulesCoreExt
   1315.0 ms  ✓ OhMyThreads
   2755.2 ms  ✓ SpecialFunctions → SpecialFunctionsChainRulesCoreExt
   9750.6 ms  ✓ StaticArrays
   7483.6 ms  ✓ ChainRules
    930.7 ms  ✓ Adapt → AdaptStaticArraysExt
    940.8 ms  ✓ ConstructionBase → ConstructionBaseStaticArraysExt
   1025.6 ms  ✓ StructArrays → StructArraysStaticArraysExt
   1049.0 ms  ✓ BangBang → BangBangStaticArraysExt
   1057.0 ms  ✓ StaticArrays → StaticArraysStatisticsExt
   1059.1 ms  ✓ Accessors → StaticArraysExt
   1101.5 ms  ✓ StaticArrays → StaticArraysChainRulesCoreExt
   5099.2 ms  ✓ ForwardDiff
   1205.9 ms  ✓ ForwardDiff → ForwardDiffStaticArraysExt
   1673.2 ms  ✓ FiniteDifferences
  17836.9 ms  ✓ ArrayLayouts
   1039.9 ms  ✓ ArrayLayouts → ArrayLayoutsSparseArraysExt
   2255.4 ms  ✓ BlockArrays
   1004.3 ms  ✓ BlockArrays → BlockArraysAdaptExt
  40079.5 ms  ✓ JLD2
  37620.6 ms  ✓ Zygote
 157976.3 ms  ✓ TensorOperations
   1790.1 ms  ✓ TensorOperations → TensorOperationsChainRulesCoreExt
   8695.9 ms  ✓ TensorKitSectors
  10248.2 ms  ✓ TensorKit
   2378.8 ms  ✓ TensorKitManifolds
   2568.3 ms  ✓ TensorKit → TensorKitChainRulesCoreExt
   2645.0 ms  ✓ TensorKit → TensorKitFiniteDifferencesExt
   3632.8 ms  ✓ BlockTensorKit
  19931.3 ms  ✓ MPSKit
  17680.6 ms  ✓ MPSKitModels
  21495.3 ms  ✓ PEPSKit
  118 dependencies successfully precompiled in 243 seconds. 31 already precompiled.
[ Info: CTMRG init:	obj = +7.768279353647e+00	err = 1.0000e+00
[ Info: CTMRG conv 4:	obj = +7.768279353647e+00	err = 4.5323125918e-12	time = 2.16 min
┌ Warning: `svd` cotangents sensitive to gauge choice: (|Δgauge| = 0.5871092908058619)
└ @ TensorKitChainRulesCoreExt ~/.julia/packages/TensorKit/esxcj/ext/TensorKitChainRulesCoreExt/factorizations.jl:254
┌ Warning: `svd` cotangents sensitive to gauge choice: (|Δgauge| = 1.1622379351946869e-5)
└ @ TensorKitChainRulesCoreExt ~/.julia/packages/TensorKit/esxcj/ext/TensorKitChainRulesCoreExt/factorizations.jl:254
┌ Warning: `svd` cotangents sensitive to gauge choice: (|Δgauge| = 0.5870976684232487)
└ @ TensorKitChainRulesCoreExt ~/.julia/packages/TensorKit/esxcj/ext/TensorKitChainRulesCoreExt/factorizations.jl:254
[ Info: LBFGS: initializing with f = -2.081401312717, ‖∇f‖ = 7.8828e-04
[ Info: CTMRG init:	obj = +7.776246100393e+00	err = 1.0000e+00
[ Info: CTMRG conv 13:	obj = +7.776258433700e+00	err = 4.7913454278e-10	time = 6.56 sec
┌ Warning: `svd` cotangents sensitive to gauge choice: (|Δgauge| = 0.5851329488915606)
└ @ TensorKitChainRulesCoreExt ~/.julia/packages/TensorKit/esxcj/ext/TensorKitChainRulesCoreExt/factorizations.jl:254
┌ Warning: `svd` cotangents sensitive to gauge choice: (|Δgauge| = 0.5851329488811021)
└ @ TensorKitChainRulesCoreExt ~/.julia/packages/TensorKit/esxcj/ext/TensorKitChainRulesCoreExt/factorizations.jl:254
[ Info: CTMRG init:	obj = +7.770822938432e+00	err = 1.0000e+00
[ Info: CTMRG conv 13:	obj = +7.770824191706e+00	err = 1.3573046248e-10	time = 5.57 sec
┌ Warning: `svd` cotangents sensitive to gauge choice: (|Δgauge| = 0.5864808589737147)
└ @ TensorKitChainRulesCoreExt ~/.julia/packages/TensorKit/esxcj/ext/TensorKitChainRulesCoreExt/factorizations.jl:254
┌ Warning: `svd` cotangents sensitive to gauge choice: (|Δgauge| = 0.5864808589835087)
└ @ TensorKitChainRulesCoreExt ~/.julia/packages/TensorKit/esxcj/ext/TensorKitChainRulesCoreExt/factorizations.jl:254
[ Info: LBFGS: iter    1, time 1733.21 s: f = -2.081402575991, ‖∇f‖ = 8.8414e-04, α = 3.19e-01, m = 0, nfg = 2
[ Info: CTMRG init:	obj = +7.772460567231e+00	err = 1.0000e+00
[ Info: CTMRG conv 11:	obj = +7.772460693081e+00	err = 9.7082389747e-10	time = 4.84 sec
┌ Warning: `svd` cotangents sensitive to gauge choice: (|Δgauge| = 0.586511663930342)
└ @ TensorKitChainRulesCoreExt ~/.julia/packages/TensorKit/esxcj/ext/TensorKitChainRulesCoreExt/factorizations.jl:254
┌ Warning: `svd` cotangents sensitive to gauge choice: (|Δgauge| = 4.491488036601453e-12)
└ @ TensorKitChainRulesCoreExt ~/.julia/packages/TensorKit/esxcj/ext/TensorKitChainRulesCoreExt/factorizations.jl:254
┌ Warning: `svd` cotangents sensitive to gauge choice: (|Δgauge| = 0.5865116639337594)
└ @ TensorKitChainRulesCoreExt ~/.julia/packages/TensorKit/esxcj/ext/TensorKitChainRulesCoreExt/factorizations.jl:254
[ Info: LBFGS: iter    2, time 1745.87 s: f = -2.081403893976, ‖∇f‖ = 7.7746e-04, α = 1.00e+00, m = 1, nfg = 1
[ Info: CTMRG init:	obj = +7.785616934784e+00	err = 1.0000e+00
[ Info: CTMRG conv 13:	obj = +7.785626525402e+00	err = 1.7121737130e-10	time = 5.12 sec
┌ Warning: `svd` cotangents sensitive to gauge choice: (|Δgauge| = 0.587422502751591)
└ @ TensorKitChainRulesCoreExt ~/.julia/packages/TensorKit/esxcj/ext/TensorKitChainRulesCoreExt/factorizations.jl:254
┌ Warning: `svd` cotangents sensitive to gauge choice: (|Δgauge| = 0.5874225027544747)
└ @ TensorKitChainRulesCoreExt ~/.julia/packages/TensorKit/esxcj/ext/TensorKitChainRulesCoreExt/factorizations.jl:254
[ Info: LBFGS: iter    3, time 1758.05 s: f = -2.081406947704, ‖∇f‖ = 1.8311e-03, α = 1.00e+00, m = 2, nfg = 1
[ Info: CTMRG init:	obj = +7.789563398870e+00	err = 1.0000e+00
[ Info: CTMRG conv 12:	obj = +7.789564955853e+00	err = 9.4190959291e-10	time = 4.81 sec
┌ Warning: `svd` cotangents sensitive to gauge choice: (|Δgauge| = 0.586646198182392)
└ @ TensorKitChainRulesCoreExt ~/.julia/packages/TensorKit/esxcj/ext/TensorKitChainRulesCoreExt/factorizations.jl:254
┌ Warning: `svd` cotangents sensitive to gauge choice: (|Δgauge| = 0.586646198181449)
└ @ TensorKitChainRulesCoreExt ~/.julia/packages/TensorKit/esxcj/ext/TensorKitChainRulesCoreExt/factorizations.jl:254
[ Info: LBFGS: iter    4, time 1769.48 s: f = -2.081409126666, ‖∇f‖ = 1.0272e-03, α = 1.00e+00, m = 3, nfg = 1
[ Info: CTMRG init:	obj = +7.786049174479e+00	err = 1.0000e+00
[ Info: CTMRG conv 12:	obj = +7.786049715859e+00	err = 3.1651219943e-10	time = 5.12 sec
┌ Warning: `svd` cotangents sensitive to gauge choice: (|Δgauge| = 0.5868229870531836)
└ @ TensorKitChainRulesCoreExt ~/.julia/packages/TensorKit/esxcj/ext/TensorKitChainRulesCoreExt/factorizations.jl:254
┌ Warning: `svd` cotangents sensitive to gauge choice: (|Δgauge| = 0.5868229870607942)
└ @ TensorKitChainRulesCoreExt ~/.julia/packages/TensorKit/esxcj/ext/TensorKitChainRulesCoreExt/factorizations.jl:254
[ Info: LBFGS: iter    5, time 1781.02 s: f = -2.081410293710, ‖∇f‖ = 3.7942e-04, α = 1.00e+00, m = 4, nfg = 1
[ Info: CTMRG init:	obj = +7.785208608582e+00	err = 1.0000e+00
[ Info: CTMRG conv 12:	obj = +7.785208656770e+00	err = 1.3747690849e-10	time = 5.04 sec
┌ Warning: `svd` cotangents sensitive to gauge choice: (|Δgauge| = 0.5868646252508758)
└ @ TensorKitChainRulesCoreExt ~/.julia/packages/TensorKit/esxcj/ext/TensorKitChainRulesCoreExt/factorizations.jl:254
┌ Warning: `svd` cotangents sensitive to gauge choice: (|Δgauge| = 0.5868646252529439)
└ @ TensorKitChainRulesCoreExt ~/.julia/packages/TensorKit/esxcj/ext/TensorKitChainRulesCoreExt/factorizations.jl:254
[ Info: LBFGS: iter    6, time 1792.31 s: f = -2.081410820516, ‖∇f‖ = 3.4082e-04, α = 1.00e+00, m = 5, nfg = 1
[ Info: CTMRG init:	obj = +7.781655833197e+00	err = 1.0000e+00
[ Info: CTMRG conv 12:	obj = +7.781657161084e+00	err = 4.8024056097e-10	time = 4.83 sec
┌ Warning: `svd` cotangents sensitive to gauge choice: (|Δgauge| = 0.5870112192377046)
└ @ TensorKitChainRulesCoreExt ~/.julia/packages/TensorKit/esxcj/ext/TensorKitChainRulesCoreExt/factorizations.jl:254
┌ Warning: `svd` cotangents sensitive to gauge choice: (|Δgauge| = 0.5870112192425205)
└ @ TensorKitChainRulesCoreExt ~/.julia/packages/TensorKit/esxcj/ext/TensorKitChainRulesCoreExt/factorizations.jl:254
[ Info: LBFGS: iter    7, time 1803.20 s: f = -2.081414106354, ‖∇f‖ = 8.9024e-04, α = 1.00e+00, m = 6, nfg = 1
[ Info: CTMRG init:	obj = +7.779367051881e+00	err = 1.0000e+00
[ Info: CTMRG conv 10:	obj = +7.779368698823e+00	err = 3.6820250810e-10	time = 4.09 sec
┌ Warning: `svd` cotangents sensitive to gauge choice: (|Δgauge| = 0.5870339168936498)
└ @ TensorKitChainRulesCoreExt ~/.julia/packages/TensorKit/esxcj/ext/TensorKitChainRulesCoreExt/factorizations.jl:254
┌ Warning: `svd` cotangents sensitive to gauge choice: (|Δgauge| = 1.4307901316352292e-11)
└ @ TensorKitChainRulesCoreExt ~/.julia/packages/TensorKit/esxcj/ext/TensorKitChainRulesCoreExt/factorizations.jl:254
┌ Warning: `svd` cotangents sensitive to gauge choice: (|Δgauge| = 0.5870339168792376)
└ @ TensorKitChainRulesCoreExt ~/.julia/packages/TensorKit/esxcj/ext/TensorKitChainRulesCoreExt/factorizations.jl:254
[ Info: LBFGS: iter    8, time 1812.74 s: f = -2.081417714006, ‖∇f‖ = 1.2183e-03, α = 1.00e+00, m = 7, nfg = 1
[ Info: CTMRG init:	obj = +7.775899004489e+00	err = 1.0000e+00
[ Info: CTMRG conv 12:	obj = +7.775903332336e+00	err = 2.4909581462e-10	time = 6.03 sec
┌ Warning: `svd` cotangents sensitive to gauge choice: (|Δgauge| = 0.5869825277994627)
└ @ TensorKitChainRulesCoreExt ~/.julia/packages/TensorKit/esxcj/ext/TensorKitChainRulesCoreExt/factorizations.jl:254
┌ Warning: `svd` cotangents sensitive to gauge choice: (|Δgauge| = 0.5869825277990489)
└ @ TensorKitChainRulesCoreExt ~/.julia/packages/TensorKit/esxcj/ext/TensorKitChainRulesCoreExt/factorizations.jl:254
[ Info: LBFGS: iter    9, time 1825.15 s: f = -2.081423653278, ‖∇f‖ = 1.2608e-03, α = 1.00e+00, m = 8, nfg = 1
[ Info: CTMRG init:	obj = +7.758744674932e+00	err = 1.0000e+00
[ Info: CTMRG conv 14:	obj = +7.758885156852e+00	err = 2.3982115701e-10	time = 6.19 sec
┌ Warning: `svd` cotangents sensitive to gauge choice: (|Δgauge| = 0.5863769196646589)
└ @ TensorKitChainRulesCoreExt ~/.julia/packages/TensorKit/esxcj/ext/TensorKitChainRulesCoreExt/factorizations.jl:254
┌ Warning: `svd` cotangents sensitive to gauge choice: (|Δgauge| = 0.586376919671684)
└ @ TensorKitChainRulesCoreExt ~/.julia/packages/TensorKit/esxcj/ext/TensorKitChainRulesCoreExt/factorizations.jl:254
[ Info: CTMRG init:	obj = +7.773649938992e+00	err = 1.0000e+00
[ Info: CTMRG conv 13:	obj = +7.773653142645e+00	err = 2.0285884264e-10	time = 6.71 sec
┌ Warning: `svd` cotangents sensitive to gauge choice: (|Δgauge| = 0.5868893393413301)
└ @ TensorKitChainRulesCoreExt ~/.julia/packages/TensorKit/esxcj/ext/TensorKitChainRulesCoreExt/factorizations.jl:254
┌ Warning: `svd` cotangents sensitive to gauge choice: (|Δgauge| = 0.5868893393343122)
└ @ TensorKitChainRulesCoreExt ~/.julia/packages/TensorKit/esxcj/ext/TensorKitChainRulesCoreExt/factorizations.jl:254
[ Info: LBFGS: iter   10, time 1851.31 s: f = -2.081425344830, ‖∇f‖ = 1.3636e-03, α = 1.51e-01, m = 8, nfg = 2
[ Info: CTMRG init:	obj = +7.770912517304e+00	err = 1.0000e+00
[ Info: CTMRG conv 12:	obj = +7.770916916023e+00	err = 2.6890578857e-10	time = 5.71 sec
┌ Warning: `svd` cotangents sensitive to gauge choice: (|Δgauge| = 0.5867345696590842)
└ @ TensorKitChainRulesCoreExt ~/.julia/packages/TensorKit/esxcj/ext/TensorKitChainRulesCoreExt/factorizations.jl:254
┌ Warning: `svd` cotangents sensitive to gauge choice: (|Δgauge| = 1.8383780085580556e-12)
└ @ TensorKitChainRulesCoreExt ~/.julia/packages/TensorKit/esxcj/ext/TensorKitChainRulesCoreExt/factorizations.jl:254
┌ Warning: `svd` cotangents sensitive to gauge choice: (|Δgauge| = 0.5867345696564721)
└ @ TensorKitChainRulesCoreExt ~/.julia/packages/TensorKit/esxcj/ext/TensorKitChainRulesCoreExt/factorizations.jl:254
[ Info: LBFGS: iter   11, time 1863.88 s: f = -2.081430523896, ‖∇f‖ = 6.1296e-04, α = 1.00e+00, m = 8, nfg = 1
[ Info: CTMRG init:	obj = +7.770130869672e+00	err = 1.0000e+00
[ Info: CTMRG conv 11:	obj = +7.770132147927e+00	err = 6.9750218992e-10	time = 5.58 sec
┌ Warning: `svd` cotangents sensitive to gauge choice: (|Δgauge| = 0.5865432178184237)
└ @ TensorKitChainRulesCoreExt ~/.julia/packages/TensorKit/esxcj/ext/TensorKitChainRulesCoreExt/factorizations.jl:254
┌ Warning: `svd` cotangents sensitive to gauge choice: (|Δgauge| = 8.78704552586968e-12)
└ @ TensorKitChainRulesCoreExt ~/.julia/packages/TensorKit/esxcj/ext/TensorKitChainRulesCoreExt/factorizations.jl:254
┌ Warning: `svd` cotangents sensitive to gauge choice: (|Δgauge| = 0.586543217822297)
└ @ TensorKitChainRulesCoreExt ~/.julia/packages/TensorKit/esxcj/ext/TensorKitChainRulesCoreExt/factorizations.jl:254
[ Info: LBFGS: iter   12, time 1876.00 s: f = -2.081433176312, ‖∇f‖ = 4.5954e-04, α = 1.00e+00, m = 8, nfg = 1
[ Info: CTMRG init:	obj = +7.768303065998e+00	err = 1.0000e+00
[ Info: CTMRG conv 12:	obj = +7.768304340645e+00	err = 6.6550079742e-10	time = 5.82 sec
┌ Warning: `svd` cotangents sensitive to gauge choice: (|Δgauge| = 0.5868548320661142)
└ @ TensorKitChainRulesCoreExt ~/.julia/packages/TensorKit/esxcj/ext/TensorKitChainRulesCoreExt/factorizations.jl:254
┌ Warning: `svd` cotangents sensitive to gauge choice: (|Δgauge| = 0.5868548320584223)
└ @ TensorKitChainRulesCoreExt ~/.julia/packages/TensorKit/esxcj/ext/TensorKitChainRulesCoreExt/factorizations.jl:254
[ Info: LBFGS: iter   13, time 1888.43 s: f = -2.081435107669, ‖∇f‖ = 8.2720e-04, α = 1.00e+00, m = 8, nfg = 1
[ Info: CTMRG init:	obj = +7.767554307366e+00	err = 1.0000e+00
[ Info: CTMRG conv 12:	obj = +7.767555972133e+00	err = 8.8218009290e-10	time = 6.57 sec
┌ Warning: `svd` cotangents sensitive to gauge choice: (|Δgauge| = 0.5862338092338741)
└ @ TensorKitChainRulesCoreExt ~/.julia/packages/TensorKit/esxcj/ext/TensorKitChainRulesCoreExt/factorizations.jl:254
┌ Warning: `svd` cotangents sensitive to gauge choice: (|Δgauge| = 0.5862338092356625)
└ @ TensorKitChainRulesCoreExt ~/.julia/packages/TensorKit/esxcj/ext/TensorKitChainRulesCoreExt/factorizations.jl:254
[ Info: LBFGS: iter   14, time 1901.01 s: f = -2.081436341567, ‖∇f‖ = 8.3679e-04, α = 1.00e+00, m = 8, nfg = 1
[ Info: CTMRG init:	obj = +7.766343201673e+00	err = 1.0000e+00
[ Info: CTMRG conv 12:	obj = +7.766343610810e+00	err = 5.5360288985e-10	time = 6.00 sec
┌ Warning: `svd` cotangents sensitive to gauge choice: (|Δgauge| = 0.5865552102271123)
└ @ TensorKitChainRulesCoreExt ~/.julia/packages/TensorKit/esxcj/ext/TensorKitChainRulesCoreExt/factorizations.jl:254
┌ Warning: `svd` cotangents sensitive to gauge choice: (|Δgauge| = 0.5865552102222102)
└ @ TensorKitChainRulesCoreExt ~/.julia/packages/TensorKit/esxcj/ext/TensorKitChainRulesCoreExt/factorizations.jl:254
[ Info: LBFGS: iter   15, time 1913.20 s: f = -2.081437517583, ‖∇f‖ = 3.9013e-04, α = 1.00e+00, m = 8, nfg = 1
[ Info: CTMRG init:	obj = +7.764195148612e+00	err = 1.0000e+00
[ Info: CTMRG conv 12:	obj = +7.764195749619e+00	err = 3.6071999692e-10	time = 6.64 sec
┌ Warning: `svd` cotangents sensitive to gauge choice: (|Δgauge| = 0.5867853965414142)
└ @ TensorKitChainRulesCoreExt ~/.julia/packages/TensorKit/esxcj/ext/TensorKitChainRulesCoreExt/factorizations.jl:254
┌ Warning: `svd` cotangents sensitive to gauge choice: (|Δgauge| = 0.5867853965454843)
└ @ TensorKitChainRulesCoreExt ~/.julia/packages/TensorKit/esxcj/ext/TensorKitChainRulesCoreExt/factorizations.jl:254
[ Info: LBFGS: iter   16, time 1926.00 s: f = -2.081438616871, ‖∇f‖ = 3.0124e-04, α = 1.00e+00, m = 8, nfg = 1
[ Info: CTMRG init:	obj = +7.763343749392e+00	err = 1.0000e+00
[ Info: CTMRG conv 11:	obj = +7.763343871929e+00	err = 7.3679571885e-10	time = 5.58 sec
┌ Warning: `svd` cotangents sensitive to gauge choice: (|Δgauge| = 0.5867399050607125)
└ @ TensorKitChainRulesCoreExt ~/.julia/packages/TensorKit/esxcj/ext/TensorKitChainRulesCoreExt/factorizations.jl:254
┌ Warning: `svd` cotangents sensitive to gauge choice: (|Δgauge| = 7.213415768460806e-12)
└ @ TensorKitChainRulesCoreExt ~/.julia/packages/TensorKit/esxcj/ext/TensorKitChainRulesCoreExt/factorizations.jl:254
┌ Warning: `svd` cotangents sensitive to gauge choice: (|Δgauge| = 0.5867399050647394)
└ @ TensorKitChainRulesCoreExt ~/.julia/packages/TensorKit/esxcj/ext/TensorKitChainRulesCoreExt/factorizations.jl:254
[ Info: LBFGS: iter   17, time 1937.53 s: f = -2.081439029461, ‖∇f‖ = 2.2812e-04, α = 1.00e+00, m = 8, nfg = 1
[ Info: CTMRG init:	obj = +7.761269025734e+00	err = 1.0000e+00
[ Info: CTMRG conv 12:	obj = +7.761270127710e+00	err = 2.7783106827e-10	time = 6.21 sec
┌ Warning: `svd` cotangents sensitive to gauge choice: (|Δgauge| = 0.5867477394740017)
└ @ TensorKitChainRulesCoreExt ~/.julia/packages/TensorKit/esxcj/ext/TensorKitChainRulesCoreExt/factorizations.jl:254
┌ Warning: `svd` cotangents sensitive to gauge choice: (|Δgauge| = 0.5867477394823382)
└ @ TensorKitChainRulesCoreExt ~/.julia/packages/TensorKit/esxcj/ext/TensorKitChainRulesCoreExt/factorizations.jl:254
[ Info: LBFGS: iter   18, time 1950.12 s: f = -2.081439327044, ‖∇f‖ = 6.8818e-04, α = 1.00e+00, m = 8, nfg = 1
[ Info: CTMRG init:	obj = +7.762305788304e+00	err = 1.0000e+00
[ Info: CTMRG conv 12:	obj = +7.762306383887e+00	err = 6.3235502195e-10	time = 6.02 sec
┌ Warning: `svd` cotangents sensitive to gauge choice: (|Δgauge| = 0.5865947791185959)
└ @ TensorKitChainRulesCoreExt ~/.julia/packages/TensorKit/esxcj/ext/TensorKitChainRulesCoreExt/factorizations.jl:254
┌ Warning: `svd` cotangents sensitive to gauge choice: (|Δgauge| = 0.5865947791136958)
└ @ TensorKitChainRulesCoreExt ~/.julia/packages/TensorKit/esxcj/ext/TensorKitChainRulesCoreExt/factorizations.jl:254
[ Info: LBFGS: iter   19, time 1962.27 s: f = -2.081439973388, ‖∇f‖ = 2.1710e-04, α = 1.00e+00, m = 8, nfg = 1
[ Info: CTMRG init:	obj = +7.763105622655e+00	err = 1.0000e+00
[ Info: CTMRG conv 11:	obj = +7.763105722028e+00	err = 8.2564139003e-10	time = 5.59 sec
┌ Warning: `svd` cotangents sensitive to gauge choice: (|Δgauge| = 0.5865737035255755)
└ @ TensorKitChainRulesCoreExt ~/.julia/packages/TensorKit/esxcj/ext/TensorKitChainRulesCoreExt/factorizations.jl:254
┌ Warning: `svd` cotangents sensitive to gauge choice: (|Δgauge| = 2.0802099760196613e-12)
└ @ TensorKitChainRulesCoreExt ~/.julia/packages/TensorKit/esxcj/ext/TensorKitChainRulesCoreExt/factorizations.jl:254
┌ Warning: `svd` cotangents sensitive to gauge choice: (|Δgauge| = 0.5865737035189801)
└ @ TensorKitChainRulesCoreExt ~/.julia/packages/TensorKit/esxcj/ext/TensorKitChainRulesCoreExt/factorizations.jl:254
[ Info: LBFGS: iter   20, time 1973.56 s: f = -2.081440261981, ‖∇f‖ = 2.5623e-04, α = 1.00e+00, m = 8, nfg = 1
[ Info: CTMRG init:	obj = +7.763937865767e+00	err = 1.0000e+00
[ Info: CTMRG conv 10:	obj = +7.763938204119e+00	err = 4.0961940631e-10	time = 5.19 sec
┌ Warning: `svd` cotangents sensitive to gauge choice: (|Δgauge| = 0.5866101626400302)
└ @ TensorKitChainRulesCoreExt ~/.julia/packages/TensorKit/esxcj/ext/TensorKitChainRulesCoreExt/factorizations.jl:254
┌ Warning: `svd` cotangents sensitive to gauge choice: (|Δgauge| = 1.4155023657716556e-11)
└ @ TensorKitChainRulesCoreExt ~/.julia/packages/TensorKit/esxcj/ext/TensorKitChainRulesCoreExt/factorizations.jl:254
┌ Warning: `svd` cotangents sensitive to gauge choice: (|Δgauge| = 0.5866101626280953)
└ @ TensorKitChainRulesCoreExt ~/.julia/packages/TensorKit/esxcj/ext/TensorKitChainRulesCoreExt/factorizations.jl:254
[ Info: LBFGS: iter   21, time 1984.33 s: f = -2.081440752438, ‖∇f‖ = 3.7550e-04, α = 1.00e+00, m = 8, nfg = 1
[ Info: CTMRG init:	obj = +7.763639222524e+00	err = 1.0000e+00
[ Info: CTMRG conv 10:	obj = +7.763639759954e+00	err = 6.1520595776e-10	time = 5.19 sec
┌ Warning: `svd` cotangents sensitive to gauge choice: (|Δgauge| = 0.5866306395679997)
└ @ TensorKitChainRulesCoreExt ~/.julia/packages/TensorKit/esxcj/ext/TensorKitChainRulesCoreExt/factorizations.jl:254
┌ Warning: `svd` cotangents sensitive to gauge choice: (|Δgauge| = 3.915411412787256e-11)
└ @ TensorKitChainRulesCoreExt ~/.julia/packages/TensorKit/esxcj/ext/TensorKitChainRulesCoreExt/factorizations.jl:254
┌ Warning: `svd` cotangents sensitive to gauge choice: (|Δgauge| = 0.5866306395420928)
└ @ TensorKitChainRulesCoreExt ~/.julia/packages/TensorKit/esxcj/ext/TensorKitChainRulesCoreExt/factorizations.jl:254
[ Info: LBFGS: iter   22, time 1995.25 s: f = -2.081441474408, ‖∇f‖ = 4.1749e-04, α = 1.00e+00, m = 8, nfg = 1
[ Info: CTMRG init:	obj = +7.744213171876e+00	err = 1.0000e+00
[ Info: CTMRG conv 13:	obj = +7.744228130233e+00	err = 3.4076075908e-10	time = 7.44 sec
┌ Warning: `svd` cotangents sensitive to gauge choice: (|Δgauge| = 0.5880721434522829)
└ @ TensorKitChainRulesCoreExt ~/.julia/packages/TensorKit/esxcj/ext/TensorKitChainRulesCoreExt/factorizations.jl:254
┌ Warning: `svd` cotangents sensitive to gauge choice: (|Δgauge| = 0.5880721434433744)
└ @ TensorKitChainRulesCoreExt ~/.julia/packages/TensorKit/esxcj/ext/TensorKitChainRulesCoreExt/factorizations.jl:254
[ Info: CTMRG init:	obj = +7.759166893374e+00	err = 1.0000e+00
[ Info: CTMRG conv 12:	obj = +7.759167789217e+00	err = 7.2321762989e-10	time = 6.68 sec
┌ Warning: `svd` cotangents sensitive to gauge choice: (|Δgauge| = 0.5869844065088095)
└ @ TensorKitChainRulesCoreExt ~/.julia/packages/TensorKit/esxcj/ext/TensorKitChainRulesCoreExt/factorizations.jl:254
┌ Warning: `svd` cotangents sensitive to gauge choice: (|Δgauge| = 2.656387618425936e-12)
└ @ TensorKitChainRulesCoreExt ~/.julia/packages/TensorKit/esxcj/ext/TensorKitChainRulesCoreExt/factorizations.jl:254
┌ Warning: `svd` cotangents sensitive to gauge choice: (|Δgauge| = 0.5869844065026975)
└ @ TensorKitChainRulesCoreExt ~/.julia/packages/TensorKit/esxcj/ext/TensorKitChainRulesCoreExt/factorizations.jl:254
[ Info: LBFGS: iter   23, time 2022.31 s: f = -2.081442042675, ‖∇f‖ = 8.0491e-04, α = 2.44e-01, m = 8, nfg = 2
[ Info: CTMRG init:	obj = +7.754437175558e+00	err = 1.0000e+00
[ Info: CTMRG conv 12:	obj = +7.754439288509e+00	err = 2.6752843290e-10	time = 6.91 sec
┌ Warning: `svd` cotangents sensitive to gauge choice: (|Δgauge| = 0.5869144787553087)
└ @ TensorKitChainRulesCoreExt ~/.julia/packages/TensorKit/esxcj/ext/TensorKitChainRulesCoreExt/factorizations.jl:254
┌ Warning: `svd` cotangents sensitive to gauge choice: (|Δgauge| = 4.815203612516499e-12)
└ @ TensorKitChainRulesCoreExt ~/.julia/packages/TensorKit/esxcj/ext/TensorKitChainRulesCoreExt/factorizations.jl:254
┌ Warning: `svd` cotangents sensitive to gauge choice: (|Δgauge| = 0.5869144787584311)
└ @ TensorKitChainRulesCoreExt ~/.julia/packages/TensorKit/esxcj/ext/TensorKitChainRulesCoreExt/factorizations.jl:254
[ Info: LBFGS: iter   24, time 2035.79 s: f = -2.081443690523, ‖∇f‖ = 4.9108e-04, α = 1.00e+00, m = 8, nfg = 1
[ Info: CTMRG init:	obj = +7.745906294244e+00	err = 1.0000e+00
[ Info: CTMRG conv 10:	obj = +7.745907105727e+00	err = 9.7421162618e-10	time = 6.00 sec
┌ Warning: `svd` cotangents sensitive to gauge choice: (|Δgauge| = 0.586825821708231)
└ @ TensorKitChainRulesCoreExt ~/.julia/packages/TensorKit/esxcj/ext/TensorKitChainRulesCoreExt/factorizations.jl:254
┌ Warning: `svd` cotangents sensitive to gauge choice: (|Δgauge| = 1.420719141262606e-10)
└ @ TensorKitChainRulesCoreExt ~/.julia/packages/TensorKit/esxcj/ext/TensorKitChainRulesCoreExt/factorizations.jl:254
┌ Warning: `svd` cotangents sensitive to gauge choice: (|Δgauge| = 0.5868258216784947)
└ @ TensorKitChainRulesCoreExt ~/.julia/packages/TensorKit/esxcj/ext/TensorKitChainRulesCoreExt/factorizations.jl:254
[ Info: LBFGS: iter   25, time 2047.87 s: f = -2.081445080897, ‖∇f‖ = 3.0583e-04, α = 1.00e+00, m = 8, nfg = 1
[ Info: CTMRG init:	obj = +7.735620939703e+00	err = 1.0000e+00
[ Info: CTMRG conv 12:	obj = +7.735622471795e+00	err = 6.3959650093e-10	time = 7.91 sec
┌ Warning: `svd` cotangents sensitive to gauge choice: (|Δgauge| = 0.586789118294263)
└ @ TensorKitChainRulesCoreExt ~/.julia/packages/TensorKit/esxcj/ext/TensorKitChainRulesCoreExt/factorizations.jl:254
┌ Warning: `svd` cotangents sensitive to gauge choice: (|Δgauge| = 5.2431594455061185e-12)
└ @ TensorKitChainRulesCoreExt ~/.julia/packages/TensorKit/esxcj/ext/TensorKitChainRulesCoreExt/factorizations.jl:254
┌ Warning: `svd` cotangents sensitive to gauge choice: (|Δgauge| = 0.5867891182958631)
└ @ TensorKitChainRulesCoreExt ~/.julia/packages/TensorKit/esxcj/ext/TensorKitChainRulesCoreExt/factorizations.jl:254
[ Info: LBFGS: iter   26, time 2061.99 s: f = -2.081445787062, ‖∇f‖ = 6.0258e-04, α = 1.00e+00, m = 8, nfg = 1
[ Info: CTMRG init:	obj = +7.733353956716e+00	err = 1.0000e+00
[ Info: CTMRG conv 12:	obj = +7.733354520062e+00	err = 4.3465055059e-10	time = 7.14 sec
┌ Warning: `svd` cotangents sensitive to gauge choice: (|Δgauge| = 0.5867288174076682)
└ @ TensorKitChainRulesCoreExt ~/.julia/packages/TensorKit/esxcj/ext/TensorKitChainRulesCoreExt/factorizations.jl:254
┌ Warning: `svd` cotangents sensitive to gauge choice: (|Δgauge| = 3.4792682499660567e-12)
└ @ TensorKitChainRulesCoreExt ~/.julia/packages/TensorKit/esxcj/ext/TensorKitChainRulesCoreExt/factorizations.jl:254
┌ Warning: `svd` cotangents sensitive to gauge choice: (|Δgauge| = 0.5867288173963583)
└ @ TensorKitChainRulesCoreExt ~/.julia/packages/TensorKit/esxcj/ext/TensorKitChainRulesCoreExt/factorizations.jl:254
[ Info: LBFGS: iter   27, time 2075.73 s: f = -2.081446444901, ‖∇f‖ = 2.4316e-04, α = 1.00e+00, m = 8, nfg = 1
[ Info: CTMRG init:	obj = +7.733648186451e+00	err = 1.0000e+00
[ Info: CTMRG conv 11:	obj = +7.733648352766e+00	err = 5.1933347191e-10	time = 6.51 sec
┌ Warning: `svd` cotangents sensitive to gauge choice: (|Δgauge| = 0.5867262195334277)
└ @ TensorKitChainRulesCoreExt ~/.julia/packages/TensorKit/esxcj/ext/TensorKitChainRulesCoreExt/factorizations.jl:254
┌ Warning: `svd` cotangents sensitive to gauge choice: (|Δgauge| = 1.059351001397379e-11)
└ @ TensorKitChainRulesCoreExt ~/.julia/packages/TensorKit/esxcj/ext/TensorKitChainRulesCoreExt/factorizations.jl:254
┌ Warning: `svd` cotangents sensitive to gauge choice: (|Δgauge| = 0.5867262195463552)
└ @ TensorKitChainRulesCoreExt ~/.julia/packages/TensorKit/esxcj/ext/TensorKitChainRulesCoreExt/factorizations.jl:254
[ Info: LBFGS: iter   28, time 2088.44 s: f = -2.081446696392, ‖∇f‖ = 1.8188e-04, α = 1.00e+00, m = 8, nfg = 1
[ Info: CTMRG init:	obj = +7.733594783098e+00	err = 1.0000e+00
[ Info: CTMRG conv 11:	obj = +7.733594959399e+00	err = 8.8612111952e-10	time = 6.44 sec
┌ Warning: `svd` cotangents sensitive to gauge choice: (|Δgauge| = 0.5867026116513416)
└ @ TensorKitChainRulesCoreExt ~/.julia/packages/TensorKit/esxcj/ext/TensorKitChainRulesCoreExt/factorizations.jl:254
┌ Warning: `svd` cotangents sensitive to gauge choice: (|Δgauge| = 0.5867026116494086)
└ @ TensorKitChainRulesCoreExt ~/.julia/packages/TensorKit/esxcj/ext/TensorKitChainRulesCoreExt/factorizations.jl:254
[ Info: LBFGS: iter   29, time 2100.95 s: f = -2.081447077798, ‖∇f‖ = 1.4363e-04, α = 1.00e+00, m = 8, nfg = 1
[ Info: CTMRG init:	obj = +7.733049820477e+00	err = 1.0000e+00
[ Info: CTMRG conv 12:	obj = +7.733050221653e+00	err = 5.5272101883e-10	time = 7.44 sec
┌ Warning: `svd` cotangents sensitive to gauge choice: (|Δgauge| = 0.586874719229854)
└ @ TensorKitChainRulesCoreExt ~/.julia/packages/TensorKit/esxcj/ext/TensorKitChainRulesCoreExt/factorizations.jl:254
┌ Warning: `svd` cotangents sensitive to gauge choice: (|Δgauge| = 1.9756176628576226e-12)
└ @ TensorKitChainRulesCoreExt ~/.julia/packages/TensorKit/esxcj/ext/TensorKitChainRulesCoreExt/factorizations.jl:254
┌ Warning: `svd` cotangents sensitive to gauge choice: (|Δgauge| = 0.5868747192315844)
└ @ TensorKitChainRulesCoreExt ~/.julia/packages/TensorKit/esxcj/ext/TensorKitChainRulesCoreExt/factorizations.jl:254
[ Info: CTMRG init:	obj = +7.733460197093e+00	err = 1.0000e+00
[ Info: CTMRG conv 12:	obj = +7.733460224341e+00	err = 1.4214178959e-10	time = 7.48 sec
┌ Warning: `svd` cotangents sensitive to gauge choice: (|Δgauge| = 0.5867472953972945)
└ @ TensorKitChainRulesCoreExt ~/.julia/packages/TensorKit/esxcj/ext/TensorKitChainRulesCoreExt/factorizations.jl:254
┌ Warning: `svd` cotangents sensitive to gauge choice: (|Δgauge| = 0.5867472953993813)
└ @ TensorKitChainRulesCoreExt ~/.julia/packages/TensorKit/esxcj/ext/TensorKitChainRulesCoreExt/factorizations.jl:254
[ Info: LBFGS: iter   30, time 2128.33 s: f = -2.081447158220, ‖∇f‖ = 2.0095e-04, α = 2.60e-01, m = 8, nfg = 2
[ Info: CTMRG init:	obj = +7.733485633617e+00	err = 1.0000e+00
[ Info: CTMRG conv 11:	obj = +7.733485673142e+00	err = 2.3236660532e-10	time = 6.97 sec
┌ Warning: `svd` cotangents sensitive to gauge choice: (|Δgauge| = 0.5867278992780455)
└ @ TensorKitChainRulesCoreExt ~/.julia/packages/TensorKit/esxcj/ext/TensorKitChainRulesCoreExt/factorizations.jl:254
┌ Warning: `svd` cotangents sensitive to gauge choice: (|Δgauge| = 4.597506857109792e-12)
└ @ TensorKitChainRulesCoreExt ~/.julia/packages/TensorKit/esxcj/ext/TensorKitChainRulesCoreExt/factorizations.jl:254
┌ Warning: `svd` cotangents sensitive to gauge choice: (|Δgauge| = 0.5867278992760019)
└ @ TensorKitChainRulesCoreExt ~/.julia/packages/TensorKit/esxcj/ext/TensorKitChainRulesCoreExt/factorizations.jl:254
[ Info: LBFGS: iter   31, time 2141.06 s: f = -2.081447274039, ‖∇f‖ = 1.1125e-04, α = 1.00e+00, m = 8, nfg = 1
[ Info: CTMRG init:	obj = +7.733628234103e+00	err = 1.0000e+00
[ Info: CTMRG conv 10:	obj = +7.733628259232e+00	err = 5.4292938487e-10	time = 6.08 sec
┌ Warning: `svd` cotangents sensitive to gauge choice: (|Δgauge| = 0.5867114717028132)
└ @ TensorKitChainRulesCoreExt ~/.julia/packages/TensorKit/esxcj/ext/TensorKitChainRulesCoreExt/factorizations.jl:254
┌ Warning: `svd` cotangents sensitive to gauge choice: (|Δgauge| = 2.2093699098720188e-11)
└ @ TensorKitChainRulesCoreExt ~/.julia/packages/TensorKit/esxcj/ext/TensorKitChainRulesCoreExt/factorizations.jl:254
┌ Warning: `svd` cotangents sensitive to gauge choice: (|Δgauge| = 0.5867114716888173)
└ @ TensorKitChainRulesCoreExt ~/.julia/packages/TensorKit/esxcj/ext/TensorKitChainRulesCoreExt/factorizations.jl:254
[ Info: LBFGS: converged after 32 iterations and time 2153.16 s: f = -2.081447335897, ‖∇f‖ = 6.9802e-05
