  Installing known registries into `~/.julia`
       Added `General` registry to ~/.julia/registries
    Updating registry at `~/.julia/registries/General.toml`
   Installed TaskLocalValues ───────────── v0.1.2
   Installed GPUArraysCore ─────────────── v0.2.0
   Installed RealDot ───────────────────── v0.1.0
   Installed IrrationalConstants ───────── v0.2.4
   Installed IRTools ───────────────────── v0.4.14
   Installed JLD2 ──────────────────────── v0.5.12
   Installed BlockTensorKit ────────────── v0.1.6
   Installed OhMyThreads ───────────────── v0.7.0
   Installed LRUCache ──────────────────── v1.6.2
   Installed PtrArrays ─────────────────── v1.3.0
   Installed IntegerMathUtils ──────────── v0.1.2
   Installed Adapt ─────────────────────── v4.3.0
   Installed DiffRules ─────────────────── v1.15.1
   Installed TableTraits ───────────────── v1.0.1
   Installed Accessors ─────────────────── v0.1.42
   Installed Preferences ───────────────── v1.4.3
   Installed LoggingExtras ─────────────── v1.0.3
   Installed OptimKit ──────────────────── v0.4.0
   Installed WignerSymbols ─────────────── v2.0.0
   Installed HashArrayMappedTries ──────── v0.2.0
   Installed DiffResults ───────────────── v1.1.0
   Installed Tables ────────────────────── v1.12.0
   Installed SpecialFunctions ──────────── v2.5.1
   Installed TensorKit ─────────────────── v0.14.5
   Installed RecipesBase ───────────────── v1.3.4
   Installed DataAPI ───────────────────── v1.16.0
   Installed Primes ────────────────────── v0.5.7
   Installed ChunkSplitters ────────────── v3.1.2
   Installed StaticArrays ──────────────── v1.9.13
   Installed Zygote ────────────────────── v0.7.6
   Installed AbstractFFTs ──────────────── v1.5.0
   Installed MPSKit ────────────────────── v0.12.6
   Installed JLLWrappers ───────────────── v1.7.0
   Installed Richardson ────────────────── v1.4.2
   Installed FiniteDifferences ─────────── v0.12.32
   Installed BlockArrays ───────────────── v1.6.1
   Installed StaticArraysCore ──────────── v1.4.3
   Installed NaNMath ───────────────────── v1.1.3
   Installed IteratorInterfaceExtensions ─ v1.0.0
   Installed PrecompileTools ───────────── v1.2.1
   Installed DataValueInterfaces ───────── v1.0.0
   Installed RationalRoots ─────────────── v0.2.1
   Installed ConstructionBase ──────────── v1.5.8
   Installed StructArrays ──────────────── v0.7.1
   Installed OrderedCollections ────────── v1.8.0
   Installed StableTasks ───────────────── v0.1.7
   Installed TensorKitSectors ──────────── v0.1.4
   Installed TranscodingStreams ────────── v0.11.3
   Installed VectorInterface ───────────── v0.5.0
   Installed ScopedValues ──────────────── v1.3.0
   Installed InitialValues ─────────────── v0.3.1
   Installed MPSKitModels ──────────────── v0.4.1
   Installed ChainRulesCore ────────────── v1.25.1
   Installed ForwardDiff ───────────────── v1.0.1
   Installed FileIO ────────────────────── v1.17.0
   Installed FillArrays ────────────────── v1.13.0
   Installed Statistics ────────────────── v1.11.1
   Installed LogExpFunctions ───────────── v0.3.29
   Installed Requires ──────────────────── v1.3.1
   Installed ZygoteRules ───────────────── v0.2.7
   Installed StridedViews ──────────────── v0.4.1
   Installed ChainRules ────────────────── v1.72.3
   Installed CommonSubexpressions ──────── v0.3.1
   Installed BangBang ──────────────────── v0.4.4
   Installed HalfIntegers ──────────────── v1.6.0
   Installed PackageExtensionCompat ────── v1.0.2
   Installed Strided ───────────────────── v2.3.0
   Installed TensorKitManifolds ────────── v0.7.2
   Installed OpenSpecFun_jll ───────────── v0.5.6+0
   Installed CompositionsBase ──────────── v0.1.2
   Installed MacroTools ────────────────── v0.5.15
   Installed Compat ────────────────────── v4.16.0
   Installed PEPSKit ───────────────────── v0.5.0
   Installed SparseInverseSubset ───────── v0.1.2
   Installed InverseFunctions ──────────── v0.1.17
   Installed TupleTools ────────────────── v1.6.0
   Installed DocStringExtensions ───────── v0.9.4
   Installed TensorOperations ──────────── v5.2.0
   Installed KrylovKit ─────────────────── v0.9.5
   Installed ArrayLayouts ──────────────── v1.11.1
    Updating `/var/lib/condor/execute/dir_2019998/Project.toml`
  [d360d2e6] + ChainRulesCore v1.25.1
  [033835bb] + JLD2 v0.5.12
  [0b1a1467] + KrylovKit v0.9.5
  [bb1c41ca] + MPSKit v0.12.6
  [ca635005] + MPSKitModels v0.4.1
  [77e91f04] + OptimKit v0.4.0
  [52969e89] + PEPSKit v0.5.0
  [07d1fe3e] + TensorKit v0.14.5
  [409d34a3] + VectorInterface v0.5.0
  [e88e6eb3] + Zygote v0.7.6
  [37e2e46d] ~ LinearAlgebra ⇒ v1.11.0
    Updating `/var/lib/condor/execute/dir_2019998/Manifest.toml`
  [621f4979] + AbstractFFTs v1.5.0
  [7d9f7c33] + Accessors v0.1.42
  [79e6a3ab] + Adapt v4.3.0
  [4c555306] + ArrayLayouts v1.11.1
  [198e06fe] + BangBang v0.4.4
  [8e7c35d0] + BlockArrays v1.6.1
  [5f87ffc2] + BlockTensorKit v0.1.6
  [082447d4] + ChainRules v1.72.3
  [d360d2e6] + ChainRulesCore v1.25.1
  [ae650224] + ChunkSplitters v3.1.2
  [bbf7d656] + CommonSubexpressions v0.3.1
  [34da2185] + Compat v4.16.0
  [a33af91c] + CompositionsBase v0.1.2
  [187b0558] + ConstructionBase v1.5.8
  [9a962f9c] + DataAPI v1.16.0
  [e2d170a0] + DataValueInterfaces v1.0.0
  [163ba53b] + DiffResults v1.1.0
  [b552c78f] + DiffRules v1.15.1
  [ffbed154] + DocStringExtensions v0.9.4
  [5789e2e9] + FileIO v1.17.0
  [1a297f60] + FillArrays v1.13.0
  [26cc04aa] + FiniteDifferences v0.12.32
  [f6369f11] + ForwardDiff v1.0.1
  [46192b85] + GPUArraysCore v0.2.0
  [f0d1745a] + HalfIntegers v1.6.0
  [076d061b] + HashArrayMappedTries v0.2.0
  [7869d1d1] + IRTools v0.4.14
  [22cec73e] + InitialValues v0.3.1
  [18e54dd8] + IntegerMathUtils v0.1.2
  [3587e190] + InverseFunctions v0.1.17
  [92d709cd] + IrrationalConstants v0.2.4
  [82899510] + IteratorInterfaceExtensions v1.0.0
  [033835bb] + JLD2 v0.5.12
  [692b3bcd] + JLLWrappers v1.7.0
  [0b1a1467] + KrylovKit v0.9.5
  [8ac3fa9e] + LRUCache v1.6.2
  [2ab3a3ac] + LogExpFunctions v0.3.29
⌅ [e6f89c97] + LoggingExtras v1.0.3
  [bb1c41ca] + MPSKit v0.12.6
  [ca635005] + MPSKitModels v0.4.1
  [1914dd2f] + MacroTools v0.5.15
  [77ba4419] + NaNMath v1.1.3
⌅ [67456a42] + OhMyThreads v0.7.0
  [77e91f04] + OptimKit v0.4.0
  [bac558e1] + OrderedCollections v1.8.0
  [52969e89] + PEPSKit v0.5.0
  [65ce6f38] + PackageExtensionCompat v1.0.2
⌅ [aea7be01] + PrecompileTools v1.2.1
  [21216c6a] + Preferences v1.4.3
  [27ebfcd6] + Primes v0.5.7
  [43287f4e] + PtrArrays v1.3.0
  [308eb6b3] + RationalRoots v0.2.1
  [c1ae055f] + RealDot v0.1.0
  [3cdcf5f2] + RecipesBase v1.3.4
  [ae029012] + Requires v1.3.1
  [708f8203] + Richardson v1.4.2
  [7e506255] + ScopedValues v1.3.0
  [dc90abb0] + SparseInverseSubset v0.1.2
  [276daf66] + SpecialFunctions v2.5.1
  [91464d47] + StableTasks v0.1.7
  [90137ffa] + StaticArrays v1.9.13
  [1e83bf80] + StaticArraysCore v1.4.3
  [10745b16] + Statistics v1.11.1
  [5e0ebb24] + Strided v2.3.0
  [4db3bf67] + StridedViews v0.4.1
  [09ab397b] + StructArrays v0.7.1
  [3783bdb8] + TableTraits v1.0.1
  [bd369af6] + Tables v1.12.0
  [ed4db957] + TaskLocalValues v0.1.2
  [07d1fe3e] + TensorKit v0.14.5
  [11fa318c] + TensorKitManifolds v0.7.2
  [13a9c161] + TensorKitSectors v0.1.4
  [6aa20fa7] + TensorOperations v5.2.0
  [3bb67fe8] + TranscodingStreams v0.11.3
  [9d95972d] + TupleTools v1.6.0
  [409d34a3] + VectorInterface v0.5.0
  [9f57e263] + WignerSymbols v2.0.0
  [e88e6eb3] + Zygote v0.7.6
  [700de1a5] + ZygoteRules v0.2.7
  [efe28fd5] + OpenSpecFun_jll v0.5.6+0
  [0dad84c5] + ArgTools v1.1.2
  [56f22d72] + Artifacts v1.11.0
  [2a0f44e3] + Base64 v1.11.0
  [ade2ca70] + Dates v1.11.0
  [8ba89e20] + Distributed v1.11.0
  [f43a241f] + Downloads v1.6.0
  [7b1f6079] + FileWatching v1.11.0
  [b77e0a4c] + InteractiveUtils v1.11.0
  [b27032c2] + LibCURL v0.6.4
  [76f85450] + LibGit2 v1.11.0
  [8f399da3] + Libdl v1.11.0
  [37e2e46d] + LinearAlgebra v1.11.0
  [56ddb016] + Logging v1.11.0
  [d6f4376e] + Markdown v1.11.0
  [a63ad114] + Mmap v1.11.0
  [ca575930] + NetworkOptions v1.2.0
  [44cfe95a] + Pkg v1.11.0
  [de0858da] + Printf v1.11.0
  [9a3f8284] + Random v1.11.0
  [ea8e919c] + SHA v0.7.0
  [9e88b42a] + Serialization v1.11.0
  [6462fe0b] + Sockets v1.11.0
  [2f01184e] + SparseArrays v1.11.0
  [4607b0f0] + SuiteSparse
  [fa267f1f] + TOML v1.0.3
  [a4e569a6] + Tar v1.10.0
  [cf7118a7] + UUIDs v1.11.0
  [4ec0a83e] + Unicode v1.11.0
  [e66e0078] + CompilerSupportLibraries_jll v1.1.1+0
  [deac9b47] + LibCURL_jll v8.6.0+0
  [e37daf67] + LibGit2_jll v1.7.2+0
  [29816b5a] + LibSSH2_jll v1.11.0+1
  [c8ffd9c3] + MbedTLS_jll v2.28.6+0
  [14a3606d] + MozillaCACerts_jll v2023.12.12
  [4536629a] + OpenBLAS_jll v0.3.27+1
  [05823500] + OpenLibm_jll v0.8.1+2
  [bea87d4a] + SuiteSparse_jll v7.7.0+0
  [83775a58] + Zlib_jll v1.2.13+1
  [8e850b90] + libblastrampoline_jll v5.11.0+0
  [8e850ede] + nghttp2_jll v1.59.0+0
  [3f19e933] + p7zip_jll v17.4.0+2
        Info Packages marked with ⌅ have new versions available but compatibility constraints restrict them from upgrading. To see why use `status --outdated -m`
Precompiling project...
    457.9 ms  ✓ RealDot
    485.0 ms  ✓ IntegerMathUtils
    496.6 ms  ✓ Richardson
    505.3 ms  ✓ DataValueInterfaces
    568.0 ms  ✓ TaskLocalValues
    629.9 ms  ✓ StableTasks
    615.8 ms  ✓ InverseFunctions
    622.5 ms  ✓ LRUCache
    666.7 ms  ✓ HalfIntegers
    690.6 ms  ✓ Statistics
    840.1 ms  ✓ OrderedCollections
    812.2 ms  ✓ DocStringExtensions
    841.4 ms  ✓ AbstractFFTs
    846.6 ms  ✓ VectorInterface
    451.0 ms  ✓ IteratorInterfaceExtensions
    482.7 ms  ✓ DataAPI
    483.5 ms  ✓ PackageExtensionCompat
    591.0 ms  ✓ ConstructionBase
    507.6 ms  ✓ CompositionsBase
    569.3 ms  ✓ PtrArrays
   1285.5 ms  ✓ FillArrays
    577.7 ms  ✓ StaticArraysCore
    827.1 ms  ✓ ChunkSplitters
    649.5 ms  ✓ RationalRoots
    665.1 ms  ✓ TupleTools
    622.3 ms  ✓ HashArrayMappedTries
    601.0 ms  ✓ NaNMath
   1537.5 ms  ✓ IrrationalConstants
    838.6 ms  ✓ TranscodingStreams
    708.4 ms  ✓ LoggingExtras
    692.5 ms  ✓ SuiteSparse
    830.3 ms  ✓ Requires
   1165.6 ms  ✓ InitialValues
    769.2 ms  ✓ Compat
    504.1 ms  ✓ TableTraits
    549.1 ms  ✓ LRUCache → SerializationExt
    739.0 ms  ✓ Primes
    745.8 ms  ✓ InverseFunctions → InverseFunctionsDatesExt
    931.2 ms  ✓ Preferences
    578.3 ms  ✓ ConstructionBase → ConstructionBaseLinearAlgebraExt
    529.0 ms  ✓ CompositionsBase → CompositionsBaseInverseFunctionsExt
    719.4 ms  ✓ StridedViews
    535.2 ms  ✓ FillArrays → FillArraysStatisticsExt
    790.2 ms  ✓ Statistics → SparseArraysExt
    469.3 ms  ✓ ScopedValues
    658.5 ms  ✓ DiffResults
    617.0 ms  ✓ Adapt
    571.8 ms  ✓ Compat → CompatLinearAlgebraExt
    748.9 ms  ✓ SparseInverseSubset
    590.6 ms  ✓ PrecompileTools
    531.3 ms  ✓ StridedViews → StridedViewsPtrArraysExt
   1015.8 ms  ✓ FillArrays → FillArraysSparseArraysExt
    942.4 ms  ✓ LogExpFunctions
    743.9 ms  ✓ JLLWrappers
    805.2 ms  ✓ Strided
   2773.4 ms  ✓ MacroTools
    607.2 ms  ✓ GPUArraysCore
   1208.8 ms  ✓ Tables
    533.8 ms  ✓ LogExpFunctions → LogExpFunctionsInverseFunctionsExt
    879.0 ms  ✓ Adapt → AdaptSparseArraysExt
   2189.4 ms  ✓ KrylovKit
    707.9 ms  ✓ OpenSpecFun_jll
    608.0 ms  ✓ CommonSubexpressions
   1443.7 ms  ✓ ChainRulesCore
   1795.5 ms  ✓ OptimKit
   1219.7 ms  ✓ StructArrays
    645.2 ms  ✓ AbstractFFTs → AbstractFFTsChainRulesCoreExt
   2047.9 ms  ✓ RecipesBase
    791.3 ms  ✓ KrylovKit → KrylovKitChainRulesCoreExt
    796.0 ms  ✓ ChainRulesCore → ChainRulesCoreSparseArraysExt
    658.8 ms  ✓ StructArrays → StructArraysAdaptExt
   1149.6 ms  ✓ ZygoteRules
    599.7 ms  ✓ StructArrays → StructArraysLinearAlgebraExt
    902.3 ms  ✓ StructArrays → StructArraysSparseArraysExt
   3386.3 ms  ✓ WignerSymbols
   2437.5 ms  ✓ IRTools
   2491.3 ms  ✓ Accessors
   1751.9 ms  ✓ LogExpFunctions → LogExpFunctionsChainRulesCoreExt
    647.3 ms  ✓ Accessors → StructArraysExt
    710.5 ms  ✓ Accessors → LinearAlgebraExt
   4948.6 ms  ✓ FileIO
   3316.8 ms  ✓ SpecialFunctions
   1023.3 ms  ✓ BangBang
    759.7 ms  ✓ DiffRules
    621.1 ms  ✓ BangBang → BangBangChainRulesCoreExt
    632.5 ms  ✓ BangBang → BangBangTablesExt
    743.6 ms  ✓ BangBang → BangBangStructArraysExt
   1073.4 ms  ✓ OhMyThreads
   1972.8 ms  ✓ SpecialFunctions → SpecialFunctionsChainRulesCoreExt
   7848.5 ms  ✓ StaticArrays
    831.1 ms  ✓ ConstructionBase → ConstructionBaseStaticArraysExt
    838.5 ms  ✓ BangBang → BangBangStaticArraysExt
    895.1 ms  ✓ StaticArrays → StaticArraysChainRulesCoreExt
    925.7 ms  ✓ StaticArrays → StaticArraysStatisticsExt
   6135.9 ms  ✓ ChainRules
    959.9 ms  ✓ Accessors → StaticArraysExt
   1031.8 ms  ✓ Adapt → AdaptStaticArraysExt
   1066.6 ms  ✓ StructArrays → StructArraysStaticArraysExt
   4126.0 ms  ✓ ForwardDiff
   1021.4 ms  ✓ ForwardDiff → ForwardDiffStaticArraysExt
   1712.6 ms  ✓ FiniteDifferences
  14906.3 ms  ✓ ArrayLayouts
   1109.3 ms  ✓ ArrayLayouts → ArrayLayoutsSparseArraysExt
   2098.4 ms  ✓ BlockArrays
    828.1 ms  ✓ BlockArrays → BlockArraysAdaptExt
  32439.6 ms  ✓ Zygote
  37453.3 ms  ✓ JLD2
 132287.7 ms  ✓ TensorOperations
   1659.1 ms  ✓ TensorOperations → TensorOperationsChainRulesCoreExt
   7388.4 ms  ✓ TensorKitSectors
   7824.9 ms  ✓ TensorKit
   2336.7 ms  ✓ TensorKitManifolds
   2413.4 ms  ✓ TensorKit → TensorKitFiniteDifferencesExt
   2516.9 ms  ✓ TensorKit → TensorKitChainRulesCoreExt
   3570.1 ms  ✓ BlockTensorKit
  15203.4 ms  ✓ MPSKit
  13751.6 ms  ✓ MPSKitModels
  15980.0 ms  ✓ PEPSKit
  118 dependencies successfully precompiled in 199 seconds. 31 already precompiled.
[ Info: CTMRG init:	obj = +4.721758933901e+00	err = 1.0000e+00
[ Info: CTMRG conv 4:	obj = +4.721758933901e+00	err = 4.9070316441e-11	time = 1.54 min
┌ Warning: `svd` cotangents sensitive to gauge choice: (|Δgauge| = 0.3822024688082219)
└ @ TensorKitChainRulesCoreExt ~/.julia/packages/TensorKit/esxcj/ext/TensorKitChainRulesCoreExt/factorizations.jl:254
┌ Warning: `svd` cotangents sensitive to gauge choice: (|Δgauge| = 3.2852705170087955e-5)
└ @ TensorKitChainRulesCoreExt ~/.julia/packages/TensorKit/esxcj/ext/TensorKitChainRulesCoreExt/factorizations.jl:254
┌ Warning: `svd` cotangents sensitive to gauge choice: (|Δgauge| = 0.3821696161561879)
└ @ TensorKitChainRulesCoreExt ~/.julia/packages/TensorKit/esxcj/ext/TensorKitChainRulesCoreExt/factorizations.jl:254
[ Info: LBFGS: initializing with f = -2.109634700130, ‖∇f‖ = 7.8698e-04
[ Info: CTMRG init:	obj = +4.721712400170e+00	err = 1.0000e+00
[ Info: CTMRG conv 21:	obj = +4.721726469379e+00	err = 6.8183258008e-10	time = 8.41 sec
┌ Warning: `svd` cotangents sensitive to gauge choice: (|Δgauge| = 0.38093802189133735)
└ @ TensorKitChainRulesCoreExt ~/.julia/packages/TensorKit/esxcj/ext/TensorKitChainRulesCoreExt/factorizations.jl:254
┌ Warning: `svd` cotangents sensitive to gauge choice: (|Δgauge| = 1.759734298488397e-11)
└ @ TensorKitChainRulesCoreExt ~/.julia/packages/TensorKit/esxcj/ext/TensorKitChainRulesCoreExt/factorizations.jl:254
┌ Warning: `svd` cotangents sensitive to gauge choice: (|Δgauge| = 0.3809380218650358)
└ @ TensorKitChainRulesCoreExt ~/.julia/packages/TensorKit/esxcj/ext/TensorKitChainRulesCoreExt/factorizations.jl:254
[ Info: CTMRG init:	obj = +4.721740239896e+00	err = 1.0000e+00
[ Info: CTMRG conv 20:	obj = +4.721743230494e+00	err = 7.0803504758e-10	time = 7.82 sec
┌ Warning: `svd` cotangents sensitive to gauge choice: (|Δgauge| = 0.38161962042316505)
└ @ TensorKitChainRulesCoreExt ~/.julia/packages/TensorKit/esxcj/ext/TensorKitChainRulesCoreExt/factorizations.jl:254
┌ Warning: `svd` cotangents sensitive to gauge choice: (|Δgauge| = 3.6060761218138497e-11)
└ @ TensorKitChainRulesCoreExt ~/.julia/packages/TensorKit/esxcj/ext/TensorKitChainRulesCoreExt/factorizations.jl:254
┌ Warning: `svd` cotangents sensitive to gauge choice: (|Δgauge| = 0.3816196203987493)
└ @ TensorKitChainRulesCoreExt ~/.julia/packages/TensorKit/esxcj/ext/TensorKitChainRulesCoreExt/factorizations.jl:254
[ Info: LBFGS: iter    1, time 1334.87 s: f = -2.109636415874, ‖∇f‖ = 1.2170e-03, α = 4.61e-01, m = 0, nfg = 2
[ Info: CTMRG init:	obj = +4.721666925850e+00	err = 1.0000e+00
[ Info: CTMRG conv 20:	obj = +4.721668684987e+00	err = 5.4551958032e-10	time = 9.11 sec
┌ Warning: `svd` cotangents sensitive to gauge choice: (|Δgauge| = 0.38169617256724253)
└ @ TensorKitChainRulesCoreExt ~/.julia/packages/TensorKit/esxcj/ext/TensorKitChainRulesCoreExt/factorizations.jl:254
┌ Warning: `svd` cotangents sensitive to gauge choice: (|Δgauge| = 3.788150082278488e-11)
└ @ TensorKitChainRulesCoreExt ~/.julia/packages/TensorKit/esxcj/ext/TensorKitChainRulesCoreExt/factorizations.jl:254
┌ Warning: `svd` cotangents sensitive to gauge choice: (|Δgauge| = 0.3816961725165519)
└ @ TensorKitChainRulesCoreExt ~/.julia/packages/TensorKit/esxcj/ext/TensorKitChainRulesCoreExt/factorizations.jl:254
[ Info: LBFGS: iter    2, time 1351.03 s: f = -2.109638428480, ‖∇f‖ = 8.4721e-04, α = 1.00e+00, m = 1, nfg = 1
[ Info: CTMRG init:	obj = +4.722738226934e+00	err = 1.0000e+00
[ Info: CTMRG conv 21:	obj = +4.722748450308e+00	err = 4.8829273527e-10	time = 8.22 sec
┌ Warning: `svd` cotangents sensitive to gauge choice: (|Δgauge| = 0.3815750233716293)
└ @ TensorKitChainRulesCoreExt ~/.julia/packages/TensorKit/esxcj/ext/TensorKitChainRulesCoreExt/factorizations.jl:254
┌ Warning: `svd` cotangents sensitive to gauge choice: (|Δgauge| = 1.73552938542645e-11)
└ @ TensorKitChainRulesCoreExt ~/.julia/packages/TensorKit/esxcj/ext/TensorKitChainRulesCoreExt/factorizations.jl:254
┌ Warning: `svd` cotangents sensitive to gauge choice: (|Δgauge| = 0.381575023359933)
└ @ TensorKitChainRulesCoreExt ~/.julia/packages/TensorKit/esxcj/ext/TensorKitChainRulesCoreExt/factorizations.jl:254
[ Info: LBFGS: iter    3, time 1365.45 s: f = -2.109641588162, ‖∇f‖ = 7.7538e-04, α = 1.00e+00, m = 2, nfg = 1
[ Info: CTMRG init:	obj = +4.724044543217e+00	err = 1.0000e+00
[ Info: CTMRG conv 17:	obj = +4.724046091017e+00	err = 7.1362014758e-10	time = 6.42 sec
┌ Warning: `svd` cotangents sensitive to gauge choice: (|Δgauge| = 0.38190026141398076)
└ @ TensorKitChainRulesCoreExt ~/.julia/packages/TensorKit/esxcj/ext/TensorKitChainRulesCoreExt/factorizations.jl:254
┌ Warning: `svd` cotangents sensitive to gauge choice: (|Δgauge| = 5.309715144214944e-10)
└ @ TensorKitChainRulesCoreExt ~/.julia/packages/TensorKit/esxcj/ext/TensorKitChainRulesCoreExt/factorizations.jl:254
┌ Warning: `svd` cotangents sensitive to gauge choice: (|Δgauge| = 0.38190026090789525)
└ @ TensorKitChainRulesCoreExt ~/.julia/packages/TensorKit/esxcj/ext/TensorKitChainRulesCoreExt/factorizations.jl:254
[ Info: LBFGS: iter    4, time 1377.36 s: f = -2.109643870461, ‖∇f‖ = 1.0722e-03, α = 1.00e+00, m = 3, nfg = 1
[ Info: CTMRG init:	obj = +4.727743963773e+00	err = 1.0000e+00
[ Info: CTMRG conv 20:	obj = +4.727747816602e+00	err = 5.7920606635e-10	time = 8.33 sec
┌ Warning: `svd` cotangents sensitive to gauge choice: (|Δgauge| = 0.3820009079884303)
└ @ TensorKitChainRulesCoreExt ~/.julia/packages/TensorKit/esxcj/ext/TensorKitChainRulesCoreExt/factorizations.jl:254
┌ Warning: `svd` cotangents sensitive to gauge choice: (|Δgauge| = 3.551574824316634e-11)
└ @ TensorKitChainRulesCoreExt ~/.julia/packages/TensorKit/esxcj/ext/TensorKitChainRulesCoreExt/factorizations.jl:254
┌ Warning: `svd` cotangents sensitive to gauge choice: (|Δgauge| = 0.38200090789786334)
└ @ TensorKitChainRulesCoreExt ~/.julia/packages/TensorKit/esxcj/ext/TensorKitChainRulesCoreExt/factorizations.jl:254
[ Info: LBFGS: iter    5, time 1392.25 s: f = -2.109647792967, ‖∇f‖ = 1.1100e-03, α = 1.00e+00, m = 4, nfg = 1
[ Info: CTMRG init:	obj = +4.741081444878e+00	err = 1.0000e+00
[ Info: CTMRG conv 26:	obj = +4.741111096493e+00	err = 9.3547424936e-10	time = 11.37 sec
┌ Warning: `svd` cotangents sensitive to gauge choice: (|Δgauge| = 0.38151069660605563)
└ @ TensorKitChainRulesCoreExt ~/.julia/packages/TensorKit/esxcj/ext/TensorKitChainRulesCoreExt/factorizations.jl:254
┌ Warning: `svd` cotangents sensitive to gauge choice: (|Δgauge| = 0.3815106966156059)
└ @ TensorKitChainRulesCoreExt ~/.julia/packages/TensorKit/esxcj/ext/TensorKitChainRulesCoreExt/factorizations.jl:254
[ Info: LBFGS: iter    6, time 1410.74 s: f = -2.109656110505, ‖∇f‖ = 1.8115e-03, α = 1.00e+00, m = 5, nfg = 1
[ Info: CTMRG init:	obj = +4.753318602562e+00	err = 1.0000e+00
[ Info: CTMRG conv 19:	obj = +4.753342594125e+00	err = 8.5294570420e-10	time = 9.80 sec
┌ Warning: `svd` cotangents sensitive to gauge choice: (|Δgauge| = 0.38128950002336204)
└ @ TensorKitChainRulesCoreExt ~/.julia/packages/TensorKit/esxcj/ext/TensorKitChainRulesCoreExt/factorizations.jl:254
┌ Warning: `svd` cotangents sensitive to gauge choice: (|Δgauge| = 3.952348395891761e-11)
└ @ TensorKitChainRulesCoreExt ~/.julia/packages/TensorKit/esxcj/ext/TensorKitChainRulesCoreExt/factorizations.jl:254
┌ Warning: `svd` cotangents sensitive to gauge choice: (|Δgauge| = 0.3812894999518939)
└ @ TensorKitChainRulesCoreExt ~/.julia/packages/TensorKit/esxcj/ext/TensorKitChainRulesCoreExt/factorizations.jl:254
[ Info: LBFGS: iter    7, time 1426.28 s: f = -2.109661491778, ‖∇f‖ = 2.2188e-03, α = 1.00e+00, m = 6, nfg = 1
[ Info: CTMRG init:	obj = +4.755232070441e+00	err = 1.0000e+00
[ Info: CTMRG conv 17:	obj = +4.755233513206e+00	err = 5.7981449937e-10	time = 8.62 sec
┌ Warning: `svd` cotangents sensitive to gauge choice: (|Δgauge| = 0.38107213342461577)
└ @ TensorKitChainRulesCoreExt ~/.julia/packages/TensorKit/esxcj/ext/TensorKitChainRulesCoreExt/factorizations.jl:254
┌ Warning: `svd` cotangents sensitive to gauge choice: (|Δgauge| = 2.6587360685516037e-10)
└ @ TensorKitChainRulesCoreExt ~/.julia/packages/TensorKit/esxcj/ext/TensorKitChainRulesCoreExt/factorizations.jl:254
┌ Warning: `svd` cotangents sensitive to gauge choice: (|Δgauge| = 0.38107213316481914)
└ @ TensorKitChainRulesCoreExt ~/.julia/packages/TensorKit/esxcj/ext/TensorKitChainRulesCoreExt/factorizations.jl:254
[ Info: LBFGS: iter    8, time 1440.18 s: f = -2.109667908355, ‖∇f‖ = 1.0094e-03, α = 1.00e+00, m = 7, nfg = 1
[ Info: CTMRG init:	obj = +4.758917148363e+00	err = 1.0000e+00
[ Info: CTMRG conv 20:	obj = +4.758924747691e+00	err = 6.4036840383e-10	time = 8.91 sec
┌ Warning: `svd` cotangents sensitive to gauge choice: (|Δgauge| = 0.3806720387242022)
└ @ TensorKitChainRulesCoreExt ~/.julia/packages/TensorKit/esxcj/ext/TensorKitChainRulesCoreExt/factorizations.jl:254
┌ Warning: `svd` cotangents sensitive to gauge choice: (|Δgauge| = 2.2651278173759968e-11)
└ @ TensorKitChainRulesCoreExt ~/.julia/packages/TensorKit/esxcj/ext/TensorKitChainRulesCoreExt/factorizations.jl:254
┌ Warning: `svd` cotangents sensitive to gauge choice: (|Δgauge| = 0.3806720387784115)
└ @ TensorKitChainRulesCoreExt ~/.julia/packages/TensorKit/esxcj/ext/TensorKitChainRulesCoreExt/factorizations.jl:254
[ Info: LBFGS: iter    9, time 1455.14 s: f = -2.109672784879, ‖∇f‖ = 9.1442e-04, α = 1.00e+00, m = 8, nfg = 1
[ Info: CTMRG init:	obj = +4.763145875409e+00	err = 1.0000e+00
[ Info: CTMRG conv 20:	obj = +4.763160484392e+00	err = 8.3274320788e-10	time = 9.73 sec
┌ Warning: `svd` cotangents sensitive to gauge choice: (|Δgauge| = 0.38031044728122987)
└ @ TensorKitChainRulesCoreExt ~/.julia/packages/TensorKit/esxcj/ext/TensorKitChainRulesCoreExt/factorizations.jl:254
┌ Warning: `svd` cotangents sensitive to gauge choice: (|Δgauge| = 2.5235841123592976e-11)
└ @ TensorKitChainRulesCoreExt ~/.julia/packages/TensorKit/esxcj/ext/TensorKitChainRulesCoreExt/factorizations.jl:254
┌ Warning: `svd` cotangents sensitive to gauge choice: (|Δgauge| = 0.38031044740724856)
└ @ TensorKitChainRulesCoreExt ~/.julia/packages/TensorKit/esxcj/ext/TensorKitChainRulesCoreExt/factorizations.jl:254
[ Info: LBFGS: iter   10, time 1471.14 s: f = -2.109677229241, ‖∇f‖ = 9.7085e-04, α = 1.00e+00, m = 8, nfg = 1
[ Info: CTMRG init:	obj = +4.769322202384e+00	err = 1.0000e+00
[ Info: CTMRG conv 20:	obj = +4.769336317321e+00	err = 5.2912215606e-10	time = 9.52 sec
┌ Warning: `svd` cotangents sensitive to gauge choice: (|Δgauge| = 0.3802874138376644)
└ @ TensorKitChainRulesCoreExt ~/.julia/packages/TensorKit/esxcj/ext/TensorKitChainRulesCoreExt/factorizations.jl:254
┌ Warning: `svd` cotangents sensitive to gauge choice: (|Δgauge| = 2.2568042952034837e-11)
└ @ TensorKitChainRulesCoreExt ~/.julia/packages/TensorKit/esxcj/ext/TensorKitChainRulesCoreExt/factorizations.jl:254
┌ Warning: `svd` cotangents sensitive to gauge choice: (|Δgauge| = 0.38028741376169284)
└ @ TensorKitChainRulesCoreExt ~/.julia/packages/TensorKit/esxcj/ext/TensorKitChainRulesCoreExt/factorizations.jl:254
[ Info: LBFGS: iter   11, time 1486.36 s: f = -2.109685152709, ‖∇f‖ = 1.3988e-03, α = 1.00e+00, m = 8, nfg = 1
[ Info: CTMRG init:	obj = +4.777590620067e+00	err = 1.0000e+00
[ Info: CTMRG conv 20:	obj = +4.777623944211e+00	err = 6.3582673831e-10	time = 10.29 sec
┌ Warning: `svd` cotangents sensitive to gauge choice: (|Δgauge| = 0.37877086980971986)
└ @ TensorKitChainRulesCoreExt ~/.julia/packages/TensorKit/esxcj/ext/TensorKitChainRulesCoreExt/factorizations.jl:254
┌ Warning: `svd` cotangents sensitive to gauge choice: (|Δgauge| = 2.027385038477902e-11)
└ @ TensorKitChainRulesCoreExt ~/.julia/packages/TensorKit/esxcj/ext/TensorKitChainRulesCoreExt/factorizations.jl:254
┌ Warning: `svd` cotangents sensitive to gauge choice: (|Δgauge| = 0.37877086969574714)
└ @ TensorKitChainRulesCoreExt ~/.julia/packages/TensorKit/esxcj/ext/TensorKitChainRulesCoreExt/factorizations.jl:254
[ Info: LBFGS: iter   12, time 1502.06 s: f = -2.109688962288, ‖∇f‖ = 1.9680e-03, α = 1.00e+00, m = 8, nfg = 1
[ Info: CTMRG init:	obj = +4.774963817353e+00	err = 1.0000e+00
[ Info: CTMRG conv 20:	obj = +4.774968966575e+00	err = 4.5903945505e-10	time = 9.66 sec
┌ Warning: `svd` cotangents sensitive to gauge choice: (|Δgauge| = 0.3794116341009026)
└ @ TensorKitChainRulesCoreExt ~/.julia/packages/TensorKit/esxcj/ext/TensorKitChainRulesCoreExt/factorizations.jl:254
┌ Warning: `svd` cotangents sensitive to gauge choice: (|Δgauge| = 1.7510331600132827e-11)
└ @ TensorKitChainRulesCoreExt ~/.julia/packages/TensorKit/esxcj/ext/TensorKitChainRulesCoreExt/factorizations.jl:254
┌ Warning: `svd` cotangents sensitive to gauge choice: (|Δgauge| = 0.37941163415063994)
└ @ TensorKitChainRulesCoreExt ~/.julia/packages/TensorKit/esxcj/ext/TensorKitChainRulesCoreExt/factorizations.jl:254
[ Info: LBFGS: iter   13, time 1517.01 s: f = -2.109693934361, ‖∇f‖ = 6.4626e-04, α = 1.00e+00, m = 8, nfg = 1
[ Info: CTMRG init:	obj = +4.773364219372e+00	err = 1.0000e+00
[ Info: CTMRG conv 19:	obj = +4.773366203531e+00	err = 7.5549212405e-10	time = 9.19 sec
┌ Warning: `svd` cotangents sensitive to gauge choice: (|Δgauge| = 0.37960980394697735)
└ @ TensorKitChainRulesCoreExt ~/.julia/packages/TensorKit/esxcj/ext/TensorKitChainRulesCoreExt/factorizations.jl:254
┌ Warning: `svd` cotangents sensitive to gauge choice: (|Δgauge| = 3.7379301663126626e-11)
└ @ TensorKitChainRulesCoreExt ~/.julia/packages/TensorKit/esxcj/ext/TensorKitChainRulesCoreExt/factorizations.jl:254
┌ Warning: `svd` cotangents sensitive to gauge choice: (|Δgauge| = 0.3796098038798118)
└ @ TensorKitChainRulesCoreExt ~/.julia/packages/TensorKit/esxcj/ext/TensorKitChainRulesCoreExt/factorizations.jl:254
[ Info: LBFGS: iter   14, time 1531.34 s: f = -2.109695731814, ‖∇f‖ = 6.9275e-04, α = 1.00e+00, m = 8, nfg = 1
[ Info: CTMRG init:	obj = +4.773322454052e+00	err = 1.0000e+00
[ Info: CTMRG conv 16:	obj = +4.773322803529e+00	err = 8.7787502725e-10	time = 8.36 sec
┌ Warning: `svd` cotangents sensitive to gauge choice: (|Δgauge| = 0.37950454432851455)
└ @ TensorKitChainRulesCoreExt ~/.julia/packages/TensorKit/esxcj/ext/TensorKitChainRulesCoreExt/factorizations.jl:254
┌ Warning: `svd` cotangents sensitive to gauge choice: (|Δgauge| = 4.742796409395321e-10)
└ @ TensorKitChainRulesCoreExt ~/.julia/packages/TensorKit/esxcj/ext/TensorKitChainRulesCoreExt/factorizations.jl:254
┌ Warning: `svd` cotangents sensitive to gauge choice: (|Δgauge| = 0.3795045438670802)
└ @ TensorKitChainRulesCoreExt ~/.julia/packages/TensorKit/esxcj/ext/TensorKitChainRulesCoreExt/factorizations.jl:254
[ Info: LBFGS: iter   15, time 1544.36 s: f = -2.109698809029, ‖∇f‖ = 8.1859e-04, α = 1.00e+00, m = 8, nfg = 1
[ Info: CTMRG init:	obj = +4.770898181715e+00	err = 1.0000e+00
[ Info: CTMRG conv 19:	obj = +4.770912511667e+00	err = 4.7873342736e-10	time = 11.76 sec
┌ Warning: `svd` cotangents sensitive to gauge choice: (|Δgauge| = 0.37976650284574953)
└ @ TensorKitChainRulesCoreExt ~/.julia/packages/TensorKit/esxcj/ext/TensorKitChainRulesCoreExt/factorizations.jl:254
┌ Warning: `svd` cotangents sensitive to gauge choice: (|Δgauge| = 3.0933827129622326e-11)
└ @ TensorKitChainRulesCoreExt ~/.julia/packages/TensorKit/esxcj/ext/TensorKitChainRulesCoreExt/factorizations.jl:254
┌ Warning: `svd` cotangents sensitive to gauge choice: (|Δgauge| = 0.3797665028354619)
└ @ TensorKitChainRulesCoreExt ~/.julia/packages/TensorKit/esxcj/ext/TensorKitChainRulesCoreExt/factorizations.jl:254
[ Info: LBFGS: iter   16, time 1561.21 s: f = -2.109702293205, ‖∇f‖ = 3.2639e-03, α = 1.00e+00, m = 8, nfg = 1
[ Info: CTMRG init:	obj = +4.773854972606e+00	err = 1.0000e+00
[ Info: CTMRG conv 20:	obj = +4.773875331585e+00	err = 6.3441588863e-10	time = 11.13 sec
┌ Warning: `svd` cotangents sensitive to gauge choice: (|Δgauge| = 0.37861397778528516)
└ @ TensorKitChainRulesCoreExt ~/.julia/packages/TensorKit/esxcj/ext/TensorKitChainRulesCoreExt/factorizations.jl:254
┌ Warning: `svd` cotangents sensitive to gauge choice: (|Δgauge| = 1.2390485637381096e-11)
└ @ TensorKitChainRulesCoreExt ~/.julia/packages/TensorKit/esxcj/ext/TensorKitChainRulesCoreExt/factorizations.jl:254
┌ Warning: `svd` cotangents sensitive to gauge choice: (|Δgauge| = 0.37861397826524834)
└ @ TensorKitChainRulesCoreExt ~/.julia/packages/TensorKit/esxcj/ext/TensorKitChainRulesCoreExt/factorizations.jl:254
[ Info: LBFGS: iter   17, time 1577.54 s: f = -2.109712265836, ‖∇f‖ = 1.1787e-03, α = 1.00e+00, m = 8, nfg = 1
[ Info: CTMRG init:	obj = +4.775637684832e+00	err = 1.0000e+00
[ Info: CTMRG conv 24:	obj = +4.775651210757e+00	err = 5.9168154212e-10	time = 13.21 sec
┌ Warning: `svd` cotangents sensitive to gauge choice: (|Δgauge| = 0.377841601359102)
└ @ TensorKitChainRulesCoreExt ~/.julia/packages/TensorKit/esxcj/ext/TensorKitChainRulesCoreExt/factorizations.jl:254
┌ Warning: `svd` cotangents sensitive to gauge choice: (|Δgauge| = 0.3778416010188841)
└ @ TensorKitChainRulesCoreExt ~/.julia/packages/TensorKit/esxcj/ext/TensorKitChainRulesCoreExt/factorizations.jl:254
[ Info: LBFGS: iter   18, time 1596.63 s: f = -2.109717527868, ‖∇f‖ = 1.0996e-03, α = 1.00e+00, m = 8, nfg = 1
[ Info: CTMRG init:	obj = +4.774101461292e+00	err = 1.0000e+00
[ Info: CTMRG conv 20:	obj = +4.774125285648e+00	err = 6.5636528499e-10	time = 13.83 sec
┌ Warning: `svd` cotangents sensitive to gauge choice: (|Δgauge| = 0.3768290502046574)
└ @ TensorKitChainRulesCoreExt ~/.julia/packages/TensorKit/esxcj/ext/TensorKitChainRulesCoreExt/factorizations.jl:254
┌ Warning: `svd` cotangents sensitive to gauge choice: (|Δgauge| = 1.9162738806923876e-11)
└ @ TensorKitChainRulesCoreExt ~/.julia/packages/TensorKit/esxcj/ext/TensorKitChainRulesCoreExt/factorizations.jl:254
┌ Warning: `svd` cotangents sensitive to gauge choice: (|Δgauge| = 0.37682905069792505)
└ @ TensorKitChainRulesCoreExt ~/.julia/packages/TensorKit/esxcj/ext/TensorKitChainRulesCoreExt/factorizations.jl:254
[ Info: LBFGS: iter   19, time 1616.27 s: f = -2.109724909989, ‖∇f‖ = 1.2205e-03, α = 1.00e+00, m = 8, nfg = 1
[ Info: CTMRG init:	obj = +4.762354580872e+00	err = 1.0000e+00
[ Info: CTMRG conv 19:	obj = +4.762377502006e+00	err = 7.7235975890e-10	time = 13.19 sec
┌ Warning: `svd` cotangents sensitive to gauge choice: (|Δgauge| = 0.37561325642723076)
└ @ TensorKitChainRulesCoreExt ~/.julia/packages/TensorKit/esxcj/ext/TensorKitChainRulesCoreExt/factorizations.jl:254
┌ Warning: `svd` cotangents sensitive to gauge choice: (|Δgauge| = 4.93932493875355e-11)
└ @ TensorKitChainRulesCoreExt ~/.julia/packages/TensorKit/esxcj/ext/TensorKitChainRulesCoreExt/factorizations.jl:254
┌ Warning: `svd` cotangents sensitive to gauge choice: (|Δgauge| = 0.37561325670071327)
└ @ TensorKitChainRulesCoreExt ~/.julia/packages/TensorKit/esxcj/ext/TensorKitChainRulesCoreExt/factorizations.jl:254
[ Info: LBFGS: iter   20, time 1634.31 s: f = -2.109735203641, ‖∇f‖ = 1.6386e-03, α = 1.00e+00, m = 8, nfg = 1
[ Info: CTMRG init:	obj = +4.742141120441e+00	err = 1.0000e+00
[ Info: CTMRG conv 20:	obj = +4.742222168939e+00	err = 4.7442803875e-10	time = 13.14 sec
┌ Warning: `svd` cotangents sensitive to gauge choice: (|Δgauge| = 0.37424778358918537)
└ @ TensorKitChainRulesCoreExt ~/.julia/packages/TensorKit/esxcj/ext/TensorKitChainRulesCoreExt/factorizations.jl:254
┌ Warning: `svd` cotangents sensitive to gauge choice: (|Δgauge| = 3.5784559381501306e-12)
└ @ TensorKitChainRulesCoreExt ~/.julia/packages/TensorKit/esxcj/ext/TensorKitChainRulesCoreExt/factorizations.jl:254
┌ Warning: `svd` cotangents sensitive to gauge choice: (|Δgauge| = 0.3742477834751785)
└ @ TensorKitChainRulesCoreExt ~/.julia/packages/TensorKit/esxcj/ext/TensorKitChainRulesCoreExt/factorizations.jl:254
[ Info: CTMRG init:	obj = +4.756849583073e+00	err = 1.0000e+00
[ Info: CTMRG conv 19:	obj = +4.756856368532e+00	err = 4.8518979081e-10	time = 14.04 sec
┌ Warning: `svd` cotangents sensitive to gauge choice: (|Δgauge| = 0.37522047080144644)
└ @ TensorKitChainRulesCoreExt ~/.julia/packages/TensorKit/esxcj/ext/TensorKitChainRulesCoreExt/factorizations.jl:254
┌ Warning: `svd` cotangents sensitive to gauge choice: (|Δgauge| = 4.00185696743919e-11)
└ @ TensorKitChainRulesCoreExt ~/.julia/packages/TensorKit/esxcj/ext/TensorKitChainRulesCoreExt/factorizations.jl:254
┌ Warning: `svd` cotangents sensitive to gauge choice: (|Δgauge| = 0.37522047095283184)
└ @ TensorKitChainRulesCoreExt ~/.julia/packages/TensorKit/esxcj/ext/TensorKitChainRulesCoreExt/factorizations.jl:254
[ Info: LBFGS: iter   21, time 1674.36 s: f = -2.109738031146, ‖∇f‖ = 1.1359e-03, α = 2.90e-01, m = 8, nfg = 2
[ Info: CTMRG init:	obj = +4.753186690723e+00	err = 1.0000e+00
[ Info: CTMRG conv 18:	obj = +4.753188879539e+00	err = 6.7016203124e-10	time = 11.91 sec
┌ Warning: `svd` cotangents sensitive to gauge choice: (|Δgauge| = 0.3753847009473481)
└ @ TensorKitChainRulesCoreExt ~/.julia/packages/TensorKit/esxcj/ext/TensorKitChainRulesCoreExt/factorizations.jl:254
┌ Warning: `svd` cotangents sensitive to gauge choice: (|Δgauge| = 8.436842913246357e-11)
└ @ TensorKitChainRulesCoreExt ~/.julia/packages/TensorKit/esxcj/ext/TensorKitChainRulesCoreExt/factorizations.jl:254
┌ Warning: `svd` cotangents sensitive to gauge choice: (|Δgauge| = 0.37538470146141484)
└ @ TensorKitChainRulesCoreExt ~/.julia/packages/TensorKit/esxcj/ext/TensorKitChainRulesCoreExt/factorizations.jl:254
[ Info: LBFGS: iter   22, time 1695.50 s: f = -2.109739727930, ‖∇f‖ = 4.4000e-04, α = 1.00e+00, m = 8, nfg = 1
[ Info: CTMRG init:	obj = +4.752166128499e+00	err = 1.0000e+00
[ Info: CTMRG conv 17:	obj = +4.752166606217e+00	err = 9.6894835939e-10	time = 14.19 sec
┌ Warning: `svd` cotangents sensitive to gauge choice: (|Δgauge| = 0.3754896517876106)
└ @ TensorKitChainRulesCoreExt ~/.julia/packages/TensorKit/esxcj/ext/TensorKitChainRulesCoreExt/factorizations.jl:254
┌ Warning: `svd` cotangents sensitive to gauge choice: (|Δgauge| = 1.7737209730569981e-10)
└ @ TensorKitChainRulesCoreExt ~/.julia/packages/TensorKit/esxcj/ext/TensorKitChainRulesCoreExt/factorizations.jl:254
┌ Warning: `svd` cotangents sensitive to gauge choice: (|Δgauge| = 0.3754896517917079)
└ @ TensorKitChainRulesCoreExt ~/.julia/packages/TensorKit/esxcj/ext/TensorKitChainRulesCoreExt/factorizations.jl:254
[ Info: LBFGS: iter   23, time 1718.50 s: f = -2.109740310977, ‖∇f‖ = 4.1225e-04, α = 1.00e+00, m = 8, nfg = 1
[ Info: CTMRG init:	obj = +4.750967454154e+00	err = 1.0000e+00
[ Info: CTMRG conv 16:	obj = +4.750968033652e+00	err = 5.0635580064e-10	time = 12.22 sec
┌ Warning: `svd` cotangents sensitive to gauge choice: (|Δgauge| = 0.3756193855560872)
└ @ TensorKitChainRulesCoreExt ~/.julia/packages/TensorKit/esxcj/ext/TensorKitChainRulesCoreExt/factorizations.jl:254
┌ Warning: `svd` cotangents sensitive to gauge choice: (|Δgauge| = 3.2819336165005426e-10)
└ @ TensorKitChainRulesCoreExt ~/.julia/packages/TensorKit/esxcj/ext/TensorKitChainRulesCoreExt/factorizations.jl:254
┌ Warning: `svd` cotangents sensitive to gauge choice: (|Δgauge| = 0.37561938556140534)
└ @ TensorKitChainRulesCoreExt ~/.julia/packages/TensorKit/esxcj/ext/TensorKitChainRulesCoreExt/factorizations.jl:254
[ Info: LBFGS: iter   24, time 1737.40 s: f = -2.109741315455, ‖∇f‖ = 7.2853e-04, α = 1.00e+00, m = 8, nfg = 1
[ Info: CTMRG init:	obj = +4.749336216962e+00	err = 1.0000e+00
[ Info: CTMRG conv 17:	obj = +4.749337788316e+00	err = 9.1952335441e-10	time = 12.23 sec
┌ Warning: `svd` cotangents sensitive to gauge choice: (|Δgauge| = 0.3754858866094125)
└ @ TensorKitChainRulesCoreExt ~/.julia/packages/TensorKit/esxcj/ext/TensorKitChainRulesCoreExt/factorizations.jl:254
┌ Warning: `svd` cotangents sensitive to gauge choice: (|Δgauge| = 8.970002818896703e-11)
└ @ TensorKitChainRulesCoreExt ~/.julia/packages/TensorKit/esxcj/ext/TensorKitChainRulesCoreExt/factorizations.jl:254
┌ Warning: `svd` cotangents sensitive to gauge choice: (|Δgauge| = 0.37548588655063164)
└ @ TensorKitChainRulesCoreExt ~/.julia/packages/TensorKit/esxcj/ext/TensorKitChainRulesCoreExt/factorizations.jl:254
[ Info: LBFGS: iter   25, time 1756.43 s: f = -2.109742792468, ‖∇f‖ = 8.6206e-04, α = 1.00e+00, m = 8, nfg = 1
[ Info: CTMRG init:	obj = +4.746435927958e+00	err = 1.0000e+00
[ Info: CTMRG conv 19:	obj = +4.746446046285e+00	err = 5.2205386121e-10	time = 15.28 sec
┌ Warning: `svd` cotangents sensitive to gauge choice: (|Δgauge| = 0.3752157893984974)
└ @ TensorKitChainRulesCoreExt ~/.julia/packages/TensorKit/esxcj/ext/TensorKitChainRulesCoreExt/factorizations.jl:254
┌ Warning: `svd` cotangents sensitive to gauge choice: (|Δgauge| = 0.3752157894061742)
└ @ TensorKitChainRulesCoreExt ~/.julia/packages/TensorKit/esxcj/ext/TensorKitChainRulesCoreExt/factorizations.jl:254
[ Info: LBFGS: iter   26, time 1777.12 s: f = -2.109744087738, ‖∇f‖ = 1.4114e-03, α = 1.00e+00, m = 8, nfg = 1
[ Info: CTMRG init:	obj = +4.746095007824e+00	err = 1.0000e+00
[ Info: CTMRG conv 17:	obj = +4.746095370964e+00	err = 4.3859691166e-10	time = 14.07 sec
┌ Warning: `svd` cotangents sensitive to gauge choice: (|Δgauge| = 0.37478164624930044)
└ @ TensorKitChainRulesCoreExt ~/.julia/packages/TensorKit/esxcj/ext/TensorKitChainRulesCoreExt/factorizations.jl:254
┌ Warning: `svd` cotangents sensitive to gauge choice: (|Δgauge| = 5.512895565531769e-12)
└ @ TensorKitChainRulesCoreExt ~/.julia/packages/TensorKit/esxcj/ext/TensorKitChainRulesCoreExt/factorizations.jl:254
┌ Warning: `svd` cotangents sensitive to gauge choice: (|Δgauge| = 0.37478164642954676)
└ @ TensorKitChainRulesCoreExt ~/.julia/packages/TensorKit/esxcj/ext/TensorKitChainRulesCoreExt/factorizations.jl:254
[ Info: LBFGS: iter   27, time 1796.86 s: f = -2.109745658808, ‖∇f‖ = 4.8561e-04, α = 1.00e+00, m = 8, nfg = 1
[ Info: CTMRG init:	obj = +4.746427651029e+00	err = 1.0000e+00
[ Info: CTMRG conv 16:	obj = +4.746428030100e+00	err = 9.9211360046e-10	time = 13.36 sec
┌ Warning: `svd` cotangents sensitive to gauge choice: (|Δgauge| = 0.37446949561279125)
└ @ TensorKitChainRulesCoreExt ~/.julia/packages/TensorKit/esxcj/ext/TensorKitChainRulesCoreExt/factorizations.jl:254
┌ Warning: `svd` cotangents sensitive to gauge choice: (|Δgauge| = 8.635507552505281e-11)
└ @ TensorKitChainRulesCoreExt ~/.julia/packages/TensorKit/esxcj/ext/TensorKitChainRulesCoreExt/factorizations.jl:254
┌ Warning: `svd` cotangents sensitive to gauge choice: (|Δgauge| = 0.3744694955616858)
└ @ TensorKitChainRulesCoreExt ~/.julia/packages/TensorKit/esxcj/ext/TensorKitChainRulesCoreExt/factorizations.jl:254
[ Info: LBFGS: iter   28, time 1815.47 s: f = -2.109746375706, ‖∇f‖ = 4.0661e-04, α = 1.00e+00, m = 8, nfg = 1
[ Info: CTMRG init:	obj = +4.746053706522e+00	err = 1.0000e+00
[ Info: CTMRG conv 16:	obj = +4.746053875888e+00	err = 4.8024371607e-10	time = 13.55 sec
┌ Warning: `svd` cotangents sensitive to gauge choice: (|Δgauge| = 0.3743019465762671)
└ @ TensorKitChainRulesCoreExt ~/.julia/packages/TensorKit/esxcj/ext/TensorKitChainRulesCoreExt/factorizations.jl:254
┌ Warning: `svd` cotangents sensitive to gauge choice: (|Δgauge| = 1.5032755987051038e-10)
└ @ TensorKitChainRulesCoreExt ~/.julia/packages/TensorKit/esxcj/ext/TensorKitChainRulesCoreExt/factorizations.jl:254
┌ Warning: `svd` cotangents sensitive to gauge choice: (|Δgauge| = 0.374301946477131)
└ @ TensorKitChainRulesCoreExt ~/.julia/packages/TensorKit/esxcj/ext/TensorKitChainRulesCoreExt/factorizations.jl:254
[ Info: LBFGS: iter   29, time 1834.07 s: f = -2.109746810547, ‖∇f‖ = 4.6354e-04, α = 1.00e+00, m = 8, nfg = 1
[ Info: CTMRG init:	obj = +4.743790499275e+00	err = 1.0000e+00
[ Info: CTMRG conv 16:	obj = +4.743791684289e+00	err = 5.8457204374e-10	time = 13.48 sec
┌ Warning: `svd` cotangents sensitive to gauge choice: (|Δgauge| = 0.3739912946685283)
└ @ TensorKitChainRulesCoreExt ~/.julia/packages/TensorKit/esxcj/ext/TensorKitChainRulesCoreExt/factorizations.jl:254
┌ Warning: `svd` cotangents sensitive to gauge choice: (|Δgauge| = 3.085325618768072e-10)
└ @ TensorKitChainRulesCoreExt ~/.julia/packages/TensorKit/esxcj/ext/TensorKitChainRulesCoreExt/factorizations.jl:254
┌ Warning: `svd` cotangents sensitive to gauge choice: (|Δgauge| = 0.3739912942149446)
└ @ TensorKitChainRulesCoreExt ~/.julia/packages/TensorKit/esxcj/ext/TensorKitChainRulesCoreExt/factorizations.jl:254
[ Info: LBFGS: iter   30, time 1852.15 s: f = -2.109747715649, ‖∇f‖ = 4.3602e-04, α = 1.00e+00, m = 8, nfg = 1
[ Info: CTMRG init:	obj = +4.743865788662e+00	err = 1.0000e+00
[ Info: CTMRG conv 19:	obj = +4.743871213702e+00	err = 5.6496370359e-10	time = 15.75 sec
┌ Warning: `svd` cotangents sensitive to gauge choice: (|Δgauge| = 0.37379952116045256)
└ @ TensorKitChainRulesCoreExt ~/.julia/packages/TensorKit/esxcj/ext/TensorKitChainRulesCoreExt/factorizations.jl:254
┌ Warning: `svd` cotangents sensitive to gauge choice: (|Δgauge| = 6.658983282778879e-11)
└ @ TensorKitChainRulesCoreExt ~/.julia/packages/TensorKit/esxcj/ext/TensorKitChainRulesCoreExt/factorizations.jl:254
┌ Warning: `svd` cotangents sensitive to gauge choice: (|Δgauge| = 0.37379952117538934)
└ @ TensorKitChainRulesCoreExt ~/.julia/packages/TensorKit/esxcj/ext/TensorKitChainRulesCoreExt/factorizations.jl:254
[ Info: CTMRG init:	obj = +4.743819987726e+00	err = 1.0000e+00
[ Info: CTMRG conv 17:	obj = +4.743820296217e+00	err = 7.0880462194e-10	time = 13.67 sec
┌ Warning: `svd` cotangents sensitive to gauge choice: (|Δgauge| = 0.3739456760905169)
└ @ TensorKitChainRulesCoreExt ~/.julia/packages/TensorKit/esxcj/ext/TensorKitChainRulesCoreExt/factorizations.jl:254
┌ Warning: `svd` cotangents sensitive to gauge choice: (|Δgauge| = 1.8726802947486382e-10)
└ @ TensorKitChainRulesCoreExt ~/.julia/packages/TensorKit/esxcj/ext/TensorKitChainRulesCoreExt/factorizations.jl:254
┌ Warning: `svd` cotangents sensitive to gauge choice: (|Δgauge| = 0.37394567599795503)
└ @ TensorKitChainRulesCoreExt ~/.julia/packages/TensorKit/esxcj/ext/TensorKitChainRulesCoreExt/factorizations.jl:254
[ Info: LBFGS: iter   31, time 1891.67 s: f = -2.109747902168, ‖∇f‖ = 3.1117e-04, α = 2.38e-01, m = 8, nfg = 2
[ Info: CTMRG init:	obj = +4.742665143459e+00	err = 1.0000e+00
[ Info: CTMRG conv 16:	obj = +4.742665435322e+00	err = 5.4963410424e-10	time = 14.24 sec
┌ Warning: `svd` cotangents sensitive to gauge choice: (|Δgauge| = 0.3738691389098262)
└ @ TensorKitChainRulesCoreExt ~/.julia/packages/TensorKit/esxcj/ext/TensorKitChainRulesCoreExt/factorizations.jl:254
┌ Warning: `svd` cotangents sensitive to gauge choice: (|Δgauge| = 5.002460862190529e-10)
└ @ TensorKitChainRulesCoreExt ~/.julia/packages/TensorKit/esxcj/ext/TensorKitChainRulesCoreExt/factorizations.jl:254
┌ Warning: `svd` cotangents sensitive to gauge choice: (|Δgauge| = 0.37386913857878434)
└ @ TensorKitChainRulesCoreExt ~/.julia/packages/TensorKit/esxcj/ext/TensorKitChainRulesCoreExt/factorizations.jl:254
[ Info: LBFGS: iter   32, time 1910.37 s: f = -2.109748179427, ‖∇f‖ = 1.8173e-04, α = 1.00e+00, m = 8, nfg = 1
[ Info: CTMRG init:	obj = +4.742849456763e+00	err = 1.0000e+00
[ Info: CTMRG conv 16:	obj = +4.742849560761e+00	err = 7.5934268719e-10	time = 14.00 sec
┌ Warning: `svd` cotangents sensitive to gauge choice: (|Δgauge| = 0.3738092096993504)
└ @ TensorKitChainRulesCoreExt ~/.julia/packages/TensorKit/esxcj/ext/TensorKitChainRulesCoreExt/factorizations.jl:254
┌ Warning: `svd` cotangents sensitive to gauge choice: (|Δgauge| = 5.348884651493946e-10)
└ @ TensorKitChainRulesCoreExt ~/.julia/packages/TensorKit/esxcj/ext/TensorKitChainRulesCoreExt/factorizations.jl:254
┌ Warning: `svd` cotangents sensitive to gauge choice: (|Δgauge| = 0.3738092090947126)
└ @ TensorKitChainRulesCoreExt ~/.julia/packages/TensorKit/esxcj/ext/TensorKitChainRulesCoreExt/factorizations.jl:254
[ Info: LBFGS: iter   33, time 1928.86 s: f = -2.109748370232, ‖∇f‖ = 2.0522e-04, α = 1.00e+00, m = 8, nfg = 1
[ Info: CTMRG init:	obj = +4.743845029477e+00	err = 1.0000e+00
[ Info: CTMRG conv 17:	obj = +4.743845870557e+00	err = 8.7395977886e-10	time = 15.13 sec
┌ Warning: `svd` cotangents sensitive to gauge choice: (|Δgauge| = 0.3738035497408481)
└ @ TensorKitChainRulesCoreExt ~/.julia/packages/TensorKit/esxcj/ext/TensorKitChainRulesCoreExt/factorizations.jl:254
┌ Warning: `svd` cotangents sensitive to gauge choice: (|Δgauge| = 2.3628811710029413e-10)
└ @ TensorKitChainRulesCoreExt ~/.julia/packages/TensorKit/esxcj/ext/TensorKitChainRulesCoreExt/factorizations.jl:254
┌ Warning: `svd` cotangents sensitive to gauge choice: (|Δgauge| = 0.37380354930674187)
└ @ TensorKitChainRulesCoreExt ~/.julia/packages/TensorKit/esxcj/ext/TensorKitChainRulesCoreExt/factorizations.jl:254
[ Info: LBFGS: iter   34, time 1951.46 s: f = -2.109748640573, ‖∇f‖ = 4.2388e-04, α = 1.00e+00, m = 8, nfg = 1
[ Info: CTMRG init:	obj = +4.745205746802e+00	err = 1.0000e+00
[ Info: CTMRG conv 16:	obj = +4.745205951658e+00	err = 2.6935983257e-10	time = 18.64 sec
┌ Warning: `svd` cotangents sensitive to gauge choice: (|Δgauge| = 0.3737472115343564)
└ @ TensorKitChainRulesCoreExt ~/.julia/packages/TensorKit/esxcj/ext/TensorKitChainRulesCoreExt/factorizations.jl:254
┌ Warning: `svd` cotangents sensitive to gauge choice: (|Δgauge| = 5.165391579616551e-10)
└ @ TensorKitChainRulesCoreExt ~/.julia/packages/TensorKit/esxcj/ext/TensorKitChainRulesCoreExt/factorizations.jl:254
┌ Warning: `svd` cotangents sensitive to gauge choice: (|Δgauge| = 0.37374721102423336)
└ @ TensorKitChainRulesCoreExt ~/.julia/packages/TensorKit/esxcj/ext/TensorKitChainRulesCoreExt/factorizations.jl:254
[ Info: LBFGS: iter   35, time 1975.70 s: f = -2.109748918755, ‖∇f‖ = 2.5237e-04, α = 1.00e+00, m = 8, nfg = 1
[ Info: CTMRG init:	obj = +4.747627486572e+00	err = 1.0000e+00
[ Info: CTMRG conv 16:	obj = +4.747627859256e+00	err = 4.5321922277e-10	time = 13.67 sec
┌ Warning: `svd` cotangents sensitive to gauge choice: (|Δgauge| = 0.37368523114303176)
└ @ TensorKitChainRulesCoreExt ~/.julia/packages/TensorKit/esxcj/ext/TensorKitChainRulesCoreExt/factorizations.jl:254
┌ Warning: `svd` cotangents sensitive to gauge choice: (|Δgauge| = 4.273835788977293e-10)
└ @ TensorKitChainRulesCoreExt ~/.julia/packages/TensorKit/esxcj/ext/TensorKitChainRulesCoreExt/factorizations.jl:254
┌ Warning: `svd` cotangents sensitive to gauge choice: (|Δgauge| = 0.3736852307410926)
└ @ TensorKitChainRulesCoreExt ~/.julia/packages/TensorKit/esxcj/ext/TensorKitChainRulesCoreExt/factorizations.jl:254
[ Info: LBFGS: iter   36, time 1996.23 s: f = -2.109749274742, ‖∇f‖ = 2.8742e-04, α = 1.00e+00, m = 8, nfg = 1
[ Info: CTMRG init:	obj = +4.749781889303e+00	err = 1.0000e+00
[ Info: CTMRG conv 17:	obj = +4.749782107055e+00	err = 2.9593154760e-10	time = 13.48 sec
┌ Warning: `svd` cotangents sensitive to gauge choice: (|Δgauge| = 0.37370687166536254)
└ @ TensorKitChainRulesCoreExt ~/.julia/packages/TensorKit/esxcj/ext/TensorKitChainRulesCoreExt/factorizations.jl:254
┌ Warning: `svd` cotangents sensitive to gauge choice: (|Δgauge| = 1.2971987439175926e-10)
└ @ TensorKitChainRulesCoreExt ~/.julia/packages/TensorKit/esxcj/ext/TensorKitChainRulesCoreExt/factorizations.jl:254
┌ Warning: `svd` cotangents sensitive to gauge choice: (|Δgauge| = 0.37370687156361193)
└ @ TensorKitChainRulesCoreExt ~/.julia/packages/TensorKit/esxcj/ext/TensorKitChainRulesCoreExt/factorizations.jl:254
[ Info: LBFGS: iter   37, time 2015.91 s: f = -2.109749614154, ‖∇f‖ = 3.0354e-04, α = 1.00e+00, m = 8, nfg = 1
[ Info: CTMRG init:	obj = +4.752874943498e+00	err = 1.0000e+00
[ Info: CTMRG conv 16:	obj = +4.752876351591e+00	err = 7.1875564226e-10	time = 14.36 sec
┌ Warning: `svd` cotangents sensitive to gauge choice: (|Δgauge| = 0.3725880247047839)
└ @ TensorKitChainRulesCoreExt ~/.julia/packages/TensorKit/esxcj/ext/TensorKitChainRulesCoreExt/factorizations.jl:254
┌ Warning: `svd` cotangents sensitive to gauge choice: (|Δgauge| = 2.7781896718556035e-10)
└ @ TensorKitChainRulesCoreExt ~/.julia/packages/TensorKit/esxcj/ext/TensorKitChainRulesCoreExt/factorizations.jl:254
┌ Warning: `svd` cotangents sensitive to gauge choice: (|Δgauge| = 0.37258802462120516)
└ @ TensorKitChainRulesCoreExt ~/.julia/packages/TensorKit/esxcj/ext/TensorKitChainRulesCoreExt/factorizations.jl:254
[ Info: CTMRG init:	obj = +4.750390110555e+00	err = 1.0000e+00
[ Info: CTMRG conv 16:	obj = +4.750390159790e+00	err = 2.6445164637e-10	time = 14.97 sec
┌ Warning: `svd` cotangents sensitive to gauge choice: (|Δgauge| = 0.3734977047941511)
└ @ TensorKitChainRulesCoreExt ~/.julia/packages/TensorKit/esxcj/ext/TensorKitChainRulesCoreExt/factorizations.jl:254
┌ Warning: `svd` cotangents sensitive to gauge choice: (|Δgauge| = 2.974425656136639e-10)
└ @ TensorKitChainRulesCoreExt ~/.julia/packages/TensorKit/esxcj/ext/TensorKitChainRulesCoreExt/factorizations.jl:254
┌ Warning: `svd` cotangents sensitive to gauge choice: (|Δgauge| = 0.3734977047147472)
└ @ TensorKitChainRulesCoreExt ~/.julia/packages/TensorKit/esxcj/ext/TensorKitChainRulesCoreExt/factorizations.jl:254
[ Info: LBFGS: iter   38, time 2054.82 s: f = -2.109749787204, ‖∇f‖ = 5.6005e-04, α = 1.87e-01, m = 8, nfg = 2
[ Info: CTMRG init:	obj = +4.752121449159e+00	err = 1.0000e+00
[ Info: CTMRG conv 17:	obj = +4.752121666286e+00	err = 4.7622482516e-10	time = 16.29 sec
┌ Warning: `svd` cotangents sensitive to gauge choice: (|Δgauge| = 0.37356218807399044)
└ @ TensorKitChainRulesCoreExt ~/.julia/packages/TensorKit/esxcj/ext/TensorKitChainRulesCoreExt/factorizations.jl:254
┌ Warning: `svd` cotangents sensitive to gauge choice: (|Δgauge| = 6.924162278310828e-11)
└ @ TensorKitChainRulesCoreExt ~/.julia/packages/TensorKit/esxcj/ext/TensorKitChainRulesCoreExt/factorizations.jl:254
┌ Warning: `svd` cotangents sensitive to gauge choice: (|Δgauge| = 0.37356218806967406)
└ @ TensorKitChainRulesCoreExt ~/.julia/packages/TensorKit/esxcj/ext/TensorKitChainRulesCoreExt/factorizations.jl:254
[ Info: LBFGS: iter   39, time 2076.04 s: f = -2.109750194818, ‖∇f‖ = 3.5174e-04, α = 1.00e+00, m = 8, nfg = 1
[ Info: CTMRG init:	obj = +4.753181554249e+00	err = 1.0000e+00
[ Info: CTMRG conv 15:	obj = +4.753181718105e+00	err = 7.9605449562e-10	time = 14.29 sec
┌ Warning: `svd` cotangents sensitive to gauge choice: (|Δgauge| = 0.3735501991126258)
└ @ TensorKitChainRulesCoreExt ~/.julia/packages/TensorKit/esxcj/ext/TensorKitChainRulesCoreExt/factorizations.jl:254
┌ Warning: `svd` cotangents sensitive to gauge choice: (|Δgauge| = 2.6209582801603505e-10)
└ @ TensorKitChainRulesCoreExt ~/.julia/packages/TensorKit/esxcj/ext/TensorKitChainRulesCoreExt/factorizations.jl:254
┌ Warning: `svd` cotangents sensitive to gauge choice: (|Δgauge| = 0.3735501992135908)
└ @ TensorKitChainRulesCoreExt ~/.julia/packages/TensorKit/esxcj/ext/TensorKitChainRulesCoreExt/factorizations.jl:254
[ Info: LBFGS: iter   40, time 2094.96 s: f = -2.109750584685, ‖∇f‖ = 1.9057e-04, α = 1.00e+00, m = 8, nfg = 1
[ Info: CTMRG init:	obj = +4.753746165595e+00	err = 1.0000e+00
[ Info: CTMRG conv 17:	obj = +4.753746705756e+00	err = 6.1533680774e-10	time = 15.79 sec
┌ Warning: `svd` cotangents sensitive to gauge choice: (|Δgauge| = 0.3734573025808453)
└ @ TensorKitChainRulesCoreExt ~/.julia/packages/TensorKit/esxcj/ext/TensorKitChainRulesCoreExt/factorizations.jl:254
┌ Warning: `svd` cotangents sensitive to gauge choice: (|Δgauge| = 4.817549361771755e-11)
└ @ TensorKitChainRulesCoreExt ~/.julia/packages/TensorKit/esxcj/ext/TensorKitChainRulesCoreExt/factorizations.jl:254
┌ Warning: `svd` cotangents sensitive to gauge choice: (|Δgauge| = 0.3734573030489084)
└ @ TensorKitChainRulesCoreExt ~/.julia/packages/TensorKit/esxcj/ext/TensorKitChainRulesCoreExt/factorizations.jl:254
[ Info: LBFGS: iter   41, time 2115.75 s: f = -2.109750837301, ‖∇f‖ = 1.9350e-04, α = 1.00e+00, m = 8, nfg = 1
[ Info: CTMRG init:	obj = +4.753982902892e+00	err = 1.0000e+00
[ Info: CTMRG conv 17:	obj = +4.753983618288e+00	err = 5.0069385861e-10	time = 16.23 sec
┌ Warning: `svd` cotangents sensitive to gauge choice: (|Δgauge| = 0.3734367119905035)
└ @ TensorKitChainRulesCoreExt ~/.julia/packages/TensorKit/esxcj/ext/TensorKitChainRulesCoreExt/factorizations.jl:254
┌ Warning: `svd` cotangents sensitive to gauge choice: (|Δgauge| = 8.895039587736942e-11)
└ @ TensorKitChainRulesCoreExt ~/.julia/packages/TensorKit/esxcj/ext/TensorKitChainRulesCoreExt/factorizations.jl:254
┌ Warning: `svd` cotangents sensitive to gauge choice: (|Δgauge| = 0.3734367120194009)
└ @ TensorKitChainRulesCoreExt ~/.julia/packages/TensorKit/esxcj/ext/TensorKitChainRulesCoreExt/factorizations.jl:254
[ Info: CTMRG init:	obj = +4.753852929117e+00	err = 1.0000e+00
[ Info: CTMRG conv 16:	obj = +4.753853070887e+00	err = 6.6549160691e-10	time = 14.31 sec
┌ Warning: `svd` cotangents sensitive to gauge choice: (|Δgauge| = 0.37344814091224654)
└ @ TensorKitChainRulesCoreExt ~/.julia/packages/TensorKit/esxcj/ext/TensorKitChainRulesCoreExt/factorizations.jl:254
┌ Warning: `svd` cotangents sensitive to gauge choice: (|Δgauge| = 1.560999417014725e-10)
└ @ TensorKitChainRulesCoreExt ~/.julia/packages/TensorKit/esxcj/ext/TensorKitChainRulesCoreExt/factorizations.jl:254
┌ Warning: `svd` cotangents sensitive to gauge choice: (|Δgauge| = 0.3734481407026764)
└ @ TensorKitChainRulesCoreExt ~/.julia/packages/TensorKit/esxcj/ext/TensorKitChainRulesCoreExt/factorizations.jl:254
[ Info: LBFGS: iter   42, time 2160.76 s: f = -2.109750902207, ‖∇f‖ = 2.3916e-04, α = 4.45e-01, m = 8, nfg = 2
[ Info: CTMRG init:	obj = +4.753922710984e+00	err = 1.0000e+00
[ Info: CTMRG conv 16:	obj = +4.753922842946e+00	err = 5.5017370517e-10	time = 18.71 sec
┌ Warning: `svd` cotangents sensitive to gauge choice: (|Δgauge| = 0.37338960113280506)
└ @ TensorKitChainRulesCoreExt ~/.julia/packages/TensorKit/esxcj/ext/TensorKitChainRulesCoreExt/factorizations.jl:254
┌ Warning: `svd` cotangents sensitive to gauge choice: (|Δgauge| = 1.802009827895473e-10)
└ @ TensorKitChainRulesCoreExt ~/.julia/packages/TensorKit/esxcj/ext/TensorKitChainRulesCoreExt/factorizations.jl:254
┌ Warning: `svd` cotangents sensitive to gauge choice: (|Δgauge| = 0.3733896008812597)
└ @ TensorKitChainRulesCoreExt ~/.julia/packages/TensorKit/esxcj/ext/TensorKitChainRulesCoreExt/factorizations.jl:254
[ Info: LBFGS: iter   43, time 2184.63 s: f = -2.109750969527, ‖∇f‖ = 1.4713e-04, α = 1.00e+00, m = 8, nfg = 1
[ Info: CTMRG init:	obj = +4.754173350734e+00	err = 1.0000e+00
[ Info: CTMRG conv 16:	obj = +4.754173461767e+00	err = 5.1602053505e-10	time = 15.77 sec
┌ Warning: `svd` cotangents sensitive to gauge choice: (|Δgauge| = 0.3733401564804034)
└ @ TensorKitChainRulesCoreExt ~/.julia/packages/TensorKit/esxcj/ext/TensorKitChainRulesCoreExt/factorizations.jl:254
┌ Warning: `svd` cotangents sensitive to gauge choice: (|Δgauge| = 1.9981188460971848e-10)
└ @ TensorKitChainRulesCoreExt ~/.julia/packages/TensorKit/esxcj/ext/TensorKitChainRulesCoreExt/factorizations.jl:254
┌ Warning: `svd` cotangents sensitive to gauge choice: (|Δgauge| = 0.3733401565637925)
└ @ TensorKitChainRulesCoreExt ~/.julia/packages/TensorKit/esxcj/ext/TensorKitChainRulesCoreExt/factorizations.jl:254
[ Info: LBFGS: converged after 44 iterations and time 2205.72 s: f = -2.109751036803, ‖∇f‖ = 9.8118e-05
