  Installing known registries into `~/.julia`
       Added `General` registry to ~/.julia/registries
    Updating registry at `~/.julia/registries/General.toml`
   Installed GPUArraysCore ─────────────── v0.2.0
   Installed IrrationalConstants ───────── v0.2.4
   Installed RealDot ───────────────────── v0.1.0
   Installed TaskLocalValues ───────────── v0.1.2
   Installed IRTools ───────────────────── v0.4.14
   Installed JLD2 ──────────────────────── v0.5.12
   Installed OhMyThreads ───────────────── v0.7.0
   Installed BlockTensorKit ────────────── v0.1.6
   Installed DiffRules ─────────────────── v1.15.1
   Installed Adapt ─────────────────────── v4.3.0
   Installed LRUCache ──────────────────── v1.6.2
   Installed IntegerMathUtils ──────────── v0.1.2
   Installed PtrArrays ─────────────────── v1.3.0
   Installed TableTraits ───────────────── v1.0.1
   Installed Preferences ───────────────── v1.4.3
   Installed Accessors ─────────────────── v0.1.42
   Installed LoggingExtras ─────────────── v1.0.3
   Installed WignerSymbols ─────────────── v2.0.0
   Installed OptimKit ──────────────────── v0.4.0
   Installed Tables ────────────────────── v1.12.0
   Installed DiffResults ───────────────── v1.1.0
   Installed HashArrayMappedTries ──────── v0.2.0
   Installed SpecialFunctions ──────────── v2.5.0
   Installed ChunkSplitters ────────────── v3.1.2
   Installed TensorKit ─────────────────── v0.14.5
   Installed DataAPI ───────────────────── v1.16.0
   Installed Primes ────────────────────── v0.5.7
   Installed RecipesBase ───────────────── v1.3.4
   Installed AbstractFFTs ──────────────── v1.5.0
   Installed StaticArrays ──────────────── v1.9.13
   Installed Zygote ────────────────────── v0.7.6
   Installed JLLWrappers ───────────────── v1.7.0
   Installed BlockArrays ───────────────── v1.6.0
   Installed MPSKit ────────────────────── v0.12.6
   Installed Richardson ────────────────── v1.4.2
   Installed StaticArraysCore ──────────── v1.4.3
   Installed FiniteDifferences ─────────── v0.12.32
   Installed PrecompileTools ───────────── v1.2.1
   Installed IteratorInterfaceExtensions ─ v1.0.0
   Installed NaNMath ───────────────────── v1.1.3
   Installed ConstructionBase ──────────── v1.5.8
   Installed StructArrays ──────────────── v0.7.1
   Installed DataValueInterfaces ───────── v1.0.0
   Installed RationalRoots ─────────────── v0.2.1
   Installed OrderedCollections ────────── v1.8.0
   Installed ScopedValues ──────────────── v1.3.0
   Installed TensorKitSectors ──────────── v0.1.4
   Installed InitialValues ─────────────── v0.3.1
   Installed TranscodingStreams ────────── v0.11.3
   Installed StableTasks ───────────────── v0.1.7
   Installed ChainRulesCore ────────────── v1.25.1
   Installed VectorInterface ───────────── v0.5.0
   Installed FileIO ────────────────────── v1.17.0
   Installed LogExpFunctions ───────────── v0.3.29
   Installed FillArrays ────────────────── v1.13.0
   Installed Requires ──────────────────── v1.3.1
   Installed MPSKitModels ──────────────── v0.4.0
   Installed ForwardDiff ───────────────── v1.0.1
   Installed Statistics ────────────────── v1.11.1
   Installed ChainRules ────────────────── v1.72.3
   Installed CommonSubexpressions ──────── v0.3.1
   Installed ZygoteRules ───────────────── v0.2.7
   Installed StridedViews ──────────────── v0.4.1
   Installed HalfIntegers ──────────────── v1.6.0
   Installed PackageExtensionCompat ────── v1.0.2
   Installed MacroTools ────────────────── v0.5.15
   Installed Strided ───────────────────── v2.3.0
   Installed TensorKitManifolds ────────── v0.7.2
   Installed BangBang ──────────────────── v0.4.4
   Installed Compat ────────────────────── v4.16.0
   Installed OpenSpecFun_jll ───────────── v0.5.6+0
   Installed SparseInverseSubset ───────── v0.1.2
   Installed CompositionsBase ──────────── v0.1.2
   Installed InverseFunctions ──────────── v0.1.17
   Installed TupleTools ────────────────── v1.6.0
   Installed TensorOperations ──────────── v5.2.0
   Installed PEPSKit ───────────────────── v0.5.0
   Installed KrylovKit ─────────────────── v0.9.5
   Installed ArrayLayouts ──────────────── v1.11.1
   Installed DocStringExtensions ───────── v0.9.4
    Updating `/var/lib/condor/execute/dir_98956/Project.toml`
  [d360d2e6] + ChainRulesCore v1.25.1
  [033835bb] + JLD2 v0.5.12
  [0b1a1467] + KrylovKit v0.9.5
  [bb1c41ca] + MPSKit v0.12.6
  [ca635005] + MPSKitModels v0.4.0
  [77e91f04] + OptimKit v0.4.0
  [52969e89] + PEPSKit v0.5.0
  [07d1fe3e] + TensorKit v0.14.5
  [409d34a3] + VectorInterface v0.5.0
  [e88e6eb3] + Zygote v0.7.6
  [37e2e46d] ~ LinearAlgebra ⇒ v1.11.0
    Updating `/var/lib/condor/execute/dir_98956/Manifest.toml`
  [621f4979] + AbstractFFTs v1.5.0
  [7d9f7c33] + Accessors v0.1.42
  [79e6a3ab] + Adapt v4.3.0
  [4c555306] + ArrayLayouts v1.11.1
  [198e06fe] + BangBang v0.4.4
  [8e7c35d0] + BlockArrays v1.6.0
  [5f87ffc2] + BlockTensorKit v0.1.6
  [082447d4] + ChainRules v1.72.3
  [d360d2e6] + ChainRulesCore v1.25.1
  [ae650224] + ChunkSplitters v3.1.2
  [bbf7d656] + CommonSubexpressions v0.3.1
  [34da2185] + Compat v4.16.0
  [a33af91c] + CompositionsBase v0.1.2
  [187b0558] + ConstructionBase v1.5.8
  [9a962f9c] + DataAPI v1.16.0
  [e2d170a0] + DataValueInterfaces v1.0.0
  [163ba53b] + DiffResults v1.1.0
  [b552c78f] + DiffRules v1.15.1
  [ffbed154] + DocStringExtensions v0.9.4
  [5789e2e9] + FileIO v1.17.0
  [1a297f60] + FillArrays v1.13.0
  [26cc04aa] + FiniteDifferences v0.12.32
  [f6369f11] + ForwardDiff v1.0.1
  [46192b85] + GPUArraysCore v0.2.0
  [f0d1745a] + HalfIntegers v1.6.0
  [076d061b] + HashArrayMappedTries v0.2.0
  [7869d1d1] + IRTools v0.4.14
  [22cec73e] + InitialValues v0.3.1
  [18e54dd8] + IntegerMathUtils v0.1.2
  [3587e190] + InverseFunctions v0.1.17
  [92d709cd] + IrrationalConstants v0.2.4
  [82899510] + IteratorInterfaceExtensions v1.0.0
  [033835bb] + JLD2 v0.5.12
  [692b3bcd] + JLLWrappers v1.7.0
  [0b1a1467] + KrylovKit v0.9.5
  [8ac3fa9e] + LRUCache v1.6.2
  [2ab3a3ac] + LogExpFunctions v0.3.29
⌅ [e6f89c97] + LoggingExtras v1.0.3
  [bb1c41ca] + MPSKit v0.12.6
  [ca635005] + MPSKitModels v0.4.0
  [1914dd2f] + MacroTools v0.5.15
  [77ba4419] + NaNMath v1.1.3
⌅ [67456a42] + OhMyThreads v0.7.0
  [77e91f04] + OptimKit v0.4.0
  [bac558e1] + OrderedCollections v1.8.0
  [52969e89] + PEPSKit v0.5.0
  [65ce6f38] + PackageExtensionCompat v1.0.2
⌅ [aea7be01] + PrecompileTools v1.2.1
  [21216c6a] + Preferences v1.4.3
  [27ebfcd6] + Primes v0.5.7
  [43287f4e] + PtrArrays v1.3.0
  [308eb6b3] + RationalRoots v0.2.1
  [c1ae055f] + RealDot v0.1.0
  [3cdcf5f2] + RecipesBase v1.3.4
  [ae029012] + Requires v1.3.1
  [708f8203] + Richardson v1.4.2
  [7e506255] + ScopedValues v1.3.0
  [dc90abb0] + SparseInverseSubset v0.1.2
  [276daf66] + SpecialFunctions v2.5.0
  [91464d47] + StableTasks v0.1.7
  [90137ffa] + StaticArrays v1.9.13
  [1e83bf80] + StaticArraysCore v1.4.3
  [10745b16] + Statistics v1.11.1
  [5e0ebb24] + Strided v2.3.0
  [4db3bf67] + StridedViews v0.4.1
  [09ab397b] + StructArrays v0.7.1
  [3783bdb8] + TableTraits v1.0.1
  [bd369af6] + Tables v1.12.0
  [ed4db957] + TaskLocalValues v0.1.2
  [07d1fe3e] + TensorKit v0.14.5
  [11fa318c] + TensorKitManifolds v0.7.2
  [13a9c161] + TensorKitSectors v0.1.4
  [6aa20fa7] + TensorOperations v5.2.0
  [3bb67fe8] + TranscodingStreams v0.11.3
  [9d95972d] + TupleTools v1.6.0
  [409d34a3] + VectorInterface v0.5.0
  [9f57e263] + WignerSymbols v2.0.0
  [e88e6eb3] + Zygote v0.7.6
  [700de1a5] + ZygoteRules v0.2.7
  [efe28fd5] + OpenSpecFun_jll v0.5.6+0
  [0dad84c5] + ArgTools v1.1.2
  [56f22d72] + Artifacts v1.11.0
  [2a0f44e3] + Base64 v1.11.0
  [ade2ca70] + Dates v1.11.0
  [8ba89e20] + Distributed v1.11.0
  [f43a241f] + Downloads v1.6.0
  [7b1f6079] + FileWatching v1.11.0
  [b77e0a4c] + InteractiveUtils v1.11.0
  [b27032c2] + LibCURL v0.6.4
  [76f85450] + LibGit2 v1.11.0
  [8f399da3] + Libdl v1.11.0
  [37e2e46d] + LinearAlgebra v1.11.0
  [56ddb016] + Logging v1.11.0
  [d6f4376e] + Markdown v1.11.0
  [a63ad114] + Mmap v1.11.0
  [ca575930] + NetworkOptions v1.2.0
  [44cfe95a] + Pkg v1.11.0
  [de0858da] + Printf v1.11.0
  [9a3f8284] + Random v1.11.0
  [ea8e919c] + SHA v0.7.0
  [9e88b42a] + Serialization v1.11.0
  [6462fe0b] + Sockets v1.11.0
  [2f01184e] + SparseArrays v1.11.0
  [4607b0f0] + SuiteSparse
  [fa267f1f] + TOML v1.0.3
  [a4e569a6] + Tar v1.10.0
  [cf7118a7] + UUIDs v1.11.0
  [4ec0a83e] + Unicode v1.11.0
  [e66e0078] + CompilerSupportLibraries_jll v1.1.1+0
  [deac9b47] + LibCURL_jll v8.6.0+0
  [e37daf67] + LibGit2_jll v1.7.2+0
  [29816b5a] + LibSSH2_jll v1.11.0+1
  [c8ffd9c3] + MbedTLS_jll v2.28.6+0
  [14a3606d] + MozillaCACerts_jll v2023.12.12
  [4536629a] + OpenBLAS_jll v0.3.27+1
  [05823500] + OpenLibm_jll v0.8.1+2
  [bea87d4a] + SuiteSparse_jll v7.7.0+0
  [83775a58] + Zlib_jll v1.2.13+1
  [8e850b90] + libblastrampoline_jll v5.11.0+0
  [8e850ede] + nghttp2_jll v1.59.0+0
  [3f19e933] + p7zip_jll v17.4.0+2
        Info Packages marked with ⌅ have new versions available but compatibility constraints restrict them from upgrading. To see why use `status --outdated -m`
Precompiling project...
    420.7 ms  ✓ TaskLocalValues
    378.6 ms  ✓ DataValueInterfaces
    393.8 ms  ✓ IntegerMathUtils
    412.1 ms  ✓ RealDot
    454.2 ms  ✓ Richardson
    529.8 ms  ✓ HalfIntegers
    514.9 ms  ✓ InverseFunctions
    519.4 ms  ✓ LRUCache
    543.3 ms  ✓ StableTasks
    577.9 ms  ✓ Statistics
    587.1 ms  ✓ VectorInterface
    585.3 ms  ✓ DocStringExtensions
    631.1 ms  ✓ AbstractFFTs
    734.2 ms  ✓ OrderedCollections
    382.4 ms  ✓ IteratorInterfaceExtensions
    431.0 ms  ✓ DataAPI
    420.5 ms  ✓ PackageExtensionCompat
    519.6 ms  ✓ ConstructionBase
    394.9 ms  ✓ CompositionsBase
    385.7 ms  ✓ PtrArrays
    979.8 ms  ✓ FillArrays
    496.5 ms  ✓ ChunkSplitters
    633.2 ms  ✓ TupleTools
    631.1 ms  ✓ RationalRoots
    638.0 ms  ✓ StaticArraysCore
    614.2 ms  ✓ TranscodingStreams
    520.8 ms  ✓ HashArrayMappedTries
    510.2 ms  ✓ NaNMath
   1262.9 ms  ✓ IrrationalConstants
    585.5 ms  ✓ Requires
    616.3 ms  ✓ LoggingExtras
    584.2 ms  ✓ SuiteSparse
    937.5 ms  ✓ InitialValues
    620.4 ms  ✓ Compat
    408.6 ms  ✓ TableTraits
    748.8 ms  ✓ Preferences
    698.9 ms  ✓ Primes
    652.9 ms  ✓ InverseFunctions → InverseFunctionsDatesExt
    471.2 ms  ✓ LRUCache → SerializationExt
    454.3 ms  ✓ ConstructionBase → ConstructionBaseLinearAlgebraExt
    463.2 ms  ✓ CompositionsBase → CompositionsBaseInverseFunctionsExt
    549.0 ms  ✓ StridedViews
    619.4 ms  ✓ Statistics → SparseArraysExt
    491.1 ms  ✓ FillArrays → FillArraysStatisticsExt
    408.9 ms  ✓ ScopedValues
    481.3 ms  ✓ DiffResults
    450.4 ms  ✓ Compat → CompatLinearAlgebraExt
    494.1 ms  ✓ Adapt
    692.4 ms  ✓ FillArrays → FillArraysSparseArraysExt
    508.9 ms  ✓ PrecompileTools
    623.3 ms  ✓ SparseInverseSubset
    556.4 ms  ✓ JLLWrappers
    709.0 ms  ✓ LogExpFunctions
    456.5 ms  ✓ StridedViews → StridedViewsPtrArraysExt
    852.4 ms  ✓ Tables
    719.8 ms  ✓ Strided
    506.7 ms  ✓ GPUArraysCore
   1498.5 ms  ✓ KrylovKit
    587.4 ms  ✓ Adapt → AdaptSparseArraysExt
   2344.9 ms  ✓ MacroTools
    448.9 ms  ✓ LogExpFunctions → LogExpFunctionsInverseFunctionsExt
    609.2 ms  ✓ OpenSpecFun_jll
   1348.9 ms  ✓ OptimKit
    524.1 ms  ✓ CommonSubexpressions
    809.6 ms  ✓ StructArrays
   1264.9 ms  ✓ ChainRulesCore
    467.8 ms  ✓ StructArrays → StructArraysAdaptExt
    487.9 ms  ✓ StructArrays → StructArraysLinearAlgebraExt
   1594.8 ms  ✓ RecipesBase
    497.3 ms  ✓ AbstractFFTs → AbstractFFTsChainRulesCoreExt
    649.9 ms  ✓ StructArrays → StructArraysSparseArraysExt
    644.8 ms  ✓ ChainRulesCore → ChainRulesCoreSparseArraysExt
   2364.9 ms  ✓ WignerSymbols
    828.3 ms  ✓ ZygoteRules
    638.4 ms  ✓ KrylovKit → KrylovKitChainRulesCoreExt
   1821.3 ms  ✓ IRTools
   2045.8 ms  ✓ Accessors
   1531.8 ms  ✓ LogExpFunctions → LogExpFunctionsChainRulesCoreExt
    543.4 ms  ✓ Accessors → StructArraysExt
    566.2 ms  ✓ Accessors → LinearAlgebraExt
   3747.7 ms  ✓ FileIO
   2699.3 ms  ✓ SpecialFunctions
    812.9 ms  ✓ BangBang
    675.0 ms  ✓ DiffRules
    550.1 ms  ✓ BangBang → BangBangTablesExt
    554.5 ms  ✓ BangBang → BangBangStructArraysExt
    564.2 ms  ✓ BangBang → BangBangChainRulesCoreExt
    949.2 ms  ✓ OhMyThreads
   1710.2 ms  ✓ SpecialFunctions → SpecialFunctionsChainRulesCoreExt
   6975.3 ms  ✓ StaticArrays
   3391.4 ms  ✓ ForwardDiff
   5656.8 ms  ✓ ChainRules
    658.1 ms  ✓ Adapt → AdaptStaticArraysExt
    672.4 ms  ✓ StaticArrays → StaticArraysStatisticsExt
    699.9 ms  ✓ StaticArrays → StaticArraysChainRulesCoreExt
    701.6 ms  ✓ ConstructionBase → ConstructionBaseStaticArraysExt
    763.2 ms  ✓ StructArrays → StructArraysStaticArraysExt
    755.5 ms  ✓ Accessors → StaticArraysExt
    753.2 ms  ✓ BangBang → BangBangStaticArraysExt
    837.9 ms  ✓ ForwardDiff → ForwardDiffStaticArraysExt
   1150.9 ms  ✓ FiniteDifferences
  12635.8 ms  ✓ ArrayLayouts
    784.6 ms  ✓ ArrayLayouts → ArrayLayoutsSparseArraysExt
   1665.6 ms  ✓ BlockArrays
    729.0 ms  ✓ BlockArrays → BlockArraysAdaptExt
  28869.6 ms  ✓ JLD2
  25176.8 ms  ✓ Zygote
 104538.3 ms  ✓ TensorOperations
   1191.7 ms  ✓ TensorOperations → TensorOperationsChainRulesCoreExt
   5651.2 ms  ✓ TensorKitSectors
   7217.8 ms  ✓ TensorKit
   1906.4 ms  ✓ TensorKitManifolds
   1949.1 ms  ✓ TensorKit → TensorKitFiniteDifferencesExt
   2234.8 ms  ✓ TensorKit → TensorKitChainRulesCoreExt
   2718.8 ms  ✓ BlockTensorKit
  12675.2 ms  ✓ MPSKit
  10394.8 ms  ✓ MPSKitModels
  12870.1 ms  ✓ PEPSKit
  118 dependencies successfully precompiled in 159 seconds. 31 already precompiled.
[ Info: CTMRG init:	obj = +6.183499767839e-01 +1.363841494025e+00im	err = 1.0000e+00
[ Info: CTMRG conv 61:	obj = +2.395782299261e+00	err = 7.0784410613e-10	time = 38.91 sec
[ Info: CTMRG init:	obj = +1.600471067589e+01 +1.181920313169e-10im	err = 1.0000e+00
[ Info: CTMRG conv 14:	obj = +1.759970635432e+01	err = 6.0008096800e-10	time = 1.28 min
┌ Warning: `svd` cotangents sensitive to gauge choice: (|Δgauge| = 0.7484360146198082)
└ @ TensorKitChainRulesCoreExt ~/.julia/packages/TensorKit/esxcj/ext/TensorKitChainRulesCoreExt/factorizations.jl:254
┌ Warning: `svd` cotangents sensitive to gauge choice: (|Δgauge| = 5.726470481821869e-12)
└ @ TensorKitChainRulesCoreExt ~/.julia/packages/TensorKit/esxcj/ext/TensorKitChainRulesCoreExt/factorizations.jl:254
┌ Warning: `svd` cotangents sensitive to gauge choice: (|Δgauge| = 0.7484360146223896)
└ @ TensorKitChainRulesCoreExt ~/.julia/packages/TensorKit/esxcj/ext/TensorKitChainRulesCoreExt/factorizations.jl:254
[ Info: LBFGS: initializing with f = -0.310528705300, ‖∇f‖ = 8.7495e-02
[ Info: CTMRG init:	obj = +2.338014569073e+00	err = 1.0000e+00
[ Info: CTMRG conv 38:	obj = +2.397150432053e+00	err = 7.1275993444e-10	time = 16.04 sec
┌ Warning: `svd` cotangents sensitive to gauge choice: (|Δgauge| = 0.5995215058488601)
└ @ TensorKitChainRulesCoreExt ~/.julia/packages/TensorKit/esxcj/ext/TensorKitChainRulesCoreExt/factorizations.jl:254
┌ Warning: `svd` cotangents sensitive to gauge choice: (|Δgauge| = 8.676765278664984e-11)
└ @ TensorKitChainRulesCoreExt ~/.julia/packages/TensorKit/esxcj/ext/TensorKitChainRulesCoreExt/factorizations.jl:254
┌ Warning: `svd` cotangents sensitive to gauge choice: (|Δgauge| = 0.5995215057621197)
└ @ TensorKitChainRulesCoreExt ~/.julia/packages/TensorKit/esxcj/ext/TensorKitChainRulesCoreExt/factorizations.jl:254
[ Info: CTMRG init:	obj = +2.346253987927e+00	err = 1.0000e+00
[ Info: CTMRG conv 32:	obj = +2.403407342643e+00	err = 7.1877904562e-10	time = 13.84 sec
┌ Warning: `svd` cotangents sensitive to gauge choice: (|Δgauge| = 0.6144095366902309)
└ @ TensorKitChainRulesCoreExt ~/.julia/packages/TensorKit/esxcj/ext/TensorKitChainRulesCoreExt/factorizations.jl:254
┌ Warning: `svd` cotangents sensitive to gauge choice: (|Δgauge| = 1.0507324213962063e-10)
└ @ TensorKitChainRulesCoreExt ~/.julia/packages/TensorKit/esxcj/ext/TensorKitChainRulesCoreExt/factorizations.jl:254
┌ Warning: `svd` cotangents sensitive to gauge choice: (|Δgauge| = 0.6144095365851807)
└ @ TensorKitChainRulesCoreExt ~/.julia/packages/TensorKit/esxcj/ext/TensorKitChainRulesCoreExt/factorizations.jl:254
[ Info: CTMRG init:	obj = +2.391537651098e+00	err = 1.0000e+00
[ Info: CTMRG conv 24:	obj = +2.456423514343e+00	err = 7.0736612824e-10	time = 9.83 sec
┌ Warning: `svd` cotangents sensitive to gauge choice: (|Δgauge| = 0.6852839642930726)
└ @ TensorKitChainRulesCoreExt ~/.julia/packages/TensorKit/esxcj/ext/TensorKitChainRulesCoreExt/factorizations.jl:254
┌ Warning: `svd` cotangents sensitive to gauge choice: (|Δgauge| = 4.2518767714514557e-10)
└ @ TensorKitChainRulesCoreExt ~/.julia/packages/TensorKit/esxcj/ext/TensorKitChainRulesCoreExt/factorizations.jl:254
┌ Warning: `svd` cotangents sensitive to gauge choice: (|Δgauge| = 0.6852839638677768)
└ @ TensorKitChainRulesCoreExt ~/.julia/packages/TensorKit/esxcj/ext/TensorKitChainRulesCoreExt/factorizations.jl:254
[ Info: CTMRG init:	obj = +2.719164300084e+00	err = 1.0000e+00
[ Info: CTMRG conv 27:	obj = +4.626915595842e+00	err = 8.1367324991e-10	time = 10.80 sec
┌ Warning: `svd` cotangents sensitive to gauge choice: (|Δgauge| = 0.09083288118938096)
└ @ TensorKitChainRulesCoreExt ~/.julia/packages/TensorKit/esxcj/ext/TensorKitChainRulesCoreExt/factorizations.jl:254
┌ Warning: `svd` cotangents sensitive to gauge choice: (|Δgauge| = 0.09083288118940477)
└ @ TensorKitChainRulesCoreExt ~/.julia/packages/TensorKit/esxcj/ext/TensorKitChainRulesCoreExt/factorizations.jl:254
[ Info: CTMRG init:	obj = +6.654950505528e+00	err = 1.0000e+00
[ Info: CTMRG conv 24:	obj = +3.239429593534e+01	err = 8.3316679402e-10	time = 10.26 sec
┌ Warning: `svd` cotangents sensitive to gauge choice: (|Δgauge| = 0.016366442832701597)
└ @ TensorKitChainRulesCoreExt ~/.julia/packages/TensorKit/esxcj/ext/TensorKitChainRulesCoreExt/factorizations.jl:254
┌ Warning: `svd` cotangents sensitive to gauge choice: (|Δgauge| = 0.016366442846180523)
└ @ TensorKitChainRulesCoreExt ~/.julia/packages/TensorKit/esxcj/ext/TensorKitChainRulesCoreExt/factorizations.jl:254
[ Info: CTMRG init:	obj = +6.460015377239e+00	err = 1.0000e+00
[ Info: CTMRG conv 20:	obj = +3.106164918304e+01	err = 9.3698925496e-10	time = 9.51 sec
┌ Warning: `svd` cotangents sensitive to gauge choice: (|Δgauge| = 0.01697104935166683)
└ @ TensorKitChainRulesCoreExt ~/.julia/packages/TensorKit/esxcj/ext/TensorKitChainRulesCoreExt/factorizations.jl:254
┌ Warning: `svd` cotangents sensitive to gauge choice: (|Δgauge| = 0.016971049353296956)
└ @ TensorKitChainRulesCoreExt ~/.julia/packages/TensorKit/esxcj/ext/TensorKitChainRulesCoreExt/factorizations.jl:254
[ Info: LBFGS: iter    1, time 1114.57 s: f = -2.400788961976, ‖∇f‖ = 3.2837e-03, α = 6.07e+02, m = 0, nfg = 6
[ Info: CTMRG init:	obj = +3.067328463721e+01	err = 1.0000e+00
[ Info: CTMRG conv 16:	obj = +3.067354063610e+01	err = 8.4998136323e-10	time = 7.39 sec
┌ Warning: `svd` cotangents sensitive to gauge choice: (|Δgauge| = 0.012430083536686317)
└ @ TensorKitChainRulesCoreExt ~/.julia/packages/TensorKit/esxcj/ext/TensorKitChainRulesCoreExt/factorizations.jl:254
┌ Warning: `svd` cotangents sensitive to gauge choice: (|Δgauge| = 3.202539693865087e-12)
└ @ TensorKitChainRulesCoreExt ~/.julia/packages/TensorKit/esxcj/ext/TensorKitChainRulesCoreExt/factorizations.jl:254
┌ Warning: `svd` cotangents sensitive to gauge choice: (|Δgauge| = 0.01243008353282302)
└ @ TensorKitChainRulesCoreExt ~/.julia/packages/TensorKit/esxcj/ext/TensorKitChainRulesCoreExt/factorizations.jl:254
[ Info: CTMRG init:	obj = +2.874053304554e+01	err = 1.0000e+00
[ Info: CTMRG conv 18:	obj = +2.874485491159e+01	err = 4.8620762088e-10	time = 8.32 sec
┌ Warning: `svd` cotangents sensitive to gauge choice: (|Δgauge| = 0.0011434802114348667)
└ @ TensorKitChainRulesCoreExt ~/.julia/packages/TensorKit/esxcj/ext/TensorKitChainRulesCoreExt/factorizations.jl:254
┌ Warning: `svd` cotangents sensitive to gauge choice: (|Δgauge| = 2.0077781415036756e-12)
└ @ TensorKitChainRulesCoreExt ~/.julia/packages/TensorKit/esxcj/ext/TensorKitChainRulesCoreExt/factorizations.jl:254
┌ Warning: `svd` cotangents sensitive to gauge choice: (|Δgauge| = 0.0011434802117516497)
└ @ TensorKitChainRulesCoreExt ~/.julia/packages/TensorKit/esxcj/ext/TensorKitChainRulesCoreExt/factorizations.jl:254
[ Info: CTMRG init:	obj = +1.339148714382e+01	err = 1.0000e+00
[ Info: CTMRG conv 26:	obj = +1.463169630162e+01	err = 8.0332000221e-10	time = 12.05 sec
┌ Warning: `svd` cotangents sensitive to gauge choice: (|Δgauge| = 0.3196614746689479)
└ @ TensorKitChainRulesCoreExt ~/.julia/packages/TensorKit/esxcj/ext/TensorKitChainRulesCoreExt/factorizations.jl:254
┌ Warning: `svd` cotangents sensitive to gauge choice: (|Δgauge| = 4.822944659733571e-9)
└ @ TensorKitChainRulesCoreExt ~/.julia/packages/TensorKit/esxcj/ext/TensorKitChainRulesCoreExt/factorizations.jl:254
┌ Warning: `svd` cotangents sensitive to gauge choice: (|Δgauge| = 0.31966146984608557)
└ @ TensorKitChainRulesCoreExt ~/.julia/packages/TensorKit/esxcj/ext/TensorKitChainRulesCoreExt/factorizations.jl:254
[ Info: CTMRG init:	obj = +2.845651563140e+01	err = 1.0000e+00
[ Info: CTMRG conv 18:	obj = +2.846152166938e+01	err = 5.6416730036e-10	time = 9.48 sec
┌ Warning: `svd` cotangents sensitive to gauge choice: (|Δgauge| = 0.0005609624237627943)
└ @ TensorKitChainRulesCoreExt ~/.julia/packages/TensorKit/esxcj/ext/TensorKitChainRulesCoreExt/factorizations.jl:254
┌ Warning: `svd` cotangents sensitive to gauge choice: (|Δgauge| = 2.4618537340460627e-12)
└ @ TensorKitChainRulesCoreExt ~/.julia/packages/TensorKit/esxcj/ext/TensorKitChainRulesCoreExt/factorizations.jl:254
┌ Warning: `svd` cotangents sensitive to gauge choice: (|Δgauge| = 0.0005609624234699483)
└ @ TensorKitChainRulesCoreExt ~/.julia/packages/TensorKit/esxcj/ext/TensorKitChainRulesCoreExt/factorizations.jl:254
[ Info: CTMRG init:	obj = +2.158575257458e+01	err = 1.0000e+00
[ Info: CTMRG conv 20:	obj = +2.164760401082e+01	err = 6.2224758515e-10	time = 9.94 sec
┌ Warning: `svd` cotangents sensitive to gauge choice: (|Δgauge| = 0.041410637926412475)
└ @ TensorKitChainRulesCoreExt ~/.julia/packages/TensorKit/esxcj/ext/TensorKitChainRulesCoreExt/factorizations.jl:254
┌ Warning: `svd` cotangents sensitive to gauge choice: (|Δgauge| = 2.49963944089261e-11)
└ @ TensorKitChainRulesCoreExt ~/.julia/packages/TensorKit/esxcj/ext/TensorKitChainRulesCoreExt/factorizations.jl:254
┌ Warning: `svd` cotangents sensitive to gauge choice: (|Δgauge| = 0.04141063792692591)
└ @ TensorKitChainRulesCoreExt ~/.julia/packages/TensorKit/esxcj/ext/TensorKitChainRulesCoreExt/factorizations.jl:254
[ Info: CTMRG init:	obj = +2.054154771068e+01	err = 1.0000e+00
[ Info: CTMRG conv 21:	obj = +2.063605311608e+01	err = 4.4753058905e-10	time = 10.93 sec
┌ Warning: `svd` cotangents sensitive to gauge choice: (|Δgauge| = 0.05772534285188697)
└ @ TensorKitChainRulesCoreExt ~/.julia/packages/TensorKit/esxcj/ext/TensorKitChainRulesCoreExt/factorizations.jl:254
┌ Warning: `svd` cotangents sensitive to gauge choice: (|Δgauge| = 1.7603179243710575e-11)
└ @ TensorKitChainRulesCoreExt ~/.julia/packages/TensorKit/esxcj/ext/TensorKitChainRulesCoreExt/factorizations.jl:254
┌ Warning: `svd` cotangents sensitive to gauge choice: (|Δgauge| = 0.05772534285171271)
└ @ TensorKitChainRulesCoreExt ~/.julia/packages/TensorKit/esxcj/ext/TensorKitChainRulesCoreExt/factorizations.jl:254
[ Info: CTMRG init:	obj = +1.698083305489e+01	err = 1.0000e+00
[ Info: CTMRG conv 19:	obj = +1.735511483026e+01	err = 6.9121685343e-10	time = 10.72 sec
┌ Warning: `svd` cotangents sensitive to gauge choice: (|Δgauge| = 0.14580616278636832)
└ @ TensorKitChainRulesCoreExt ~/.julia/packages/TensorKit/esxcj/ext/TensorKitChainRulesCoreExt/factorizations.jl:254
┌ Warning: `svd` cotangents sensitive to gauge choice: (|Δgauge| = 5.671473035122623e-10)
└ @ TensorKitChainRulesCoreExt ~/.julia/packages/TensorKit/esxcj/ext/TensorKitChainRulesCoreExt/factorizations.jl:254
┌ Warning: `svd` cotangents sensitive to gauge choice: (|Δgauge| = 0.14580616277699568)
└ @ TensorKitChainRulesCoreExt ~/.julia/packages/TensorKit/esxcj/ext/TensorKitChainRulesCoreExt/factorizations.jl:254
[ Info: LBFGS: iter    2, time 1238.11 s: f = -2.520902194686, ‖∇f‖ = 6.8200e-02, α = 2.08e+01, m = 1, nfg = 7
[ Info: CTMRG init:	obj = +2.502073771726e+01	err = 1.0000e+00
[ Info: CTMRG conv 19:	obj = +2.587202906496e+01	err = 6.1910267265e-10	time = 10.37 sec
┌ Warning: `svd` cotangents sensitive to gauge choice: (|Δgauge| = 0.00040800771424245397)
└ @ TensorKitChainRulesCoreExt ~/.julia/packages/TensorKit/esxcj/ext/TensorKitChainRulesCoreExt/factorizations.jl:254
┌ Warning: `svd` cotangents sensitive to gauge choice: (|Δgauge| = 3.550071659856545e-12)
└ @ TensorKitChainRulesCoreExt ~/.julia/packages/TensorKit/esxcj/ext/TensorKitChainRulesCoreExt/factorizations.jl:254
┌ Warning: `svd` cotangents sensitive to gauge choice: (|Δgauge| = 0.00040800771845592263)
└ @ TensorKitChainRulesCoreExt ~/.julia/packages/TensorKit/esxcj/ext/TensorKitChainRulesCoreExt/factorizations.jl:254
[ Info: CTMRG init:	obj = +2.119289476216e+01	err = 1.0000e+00
[ Info: CTMRG conv 19:	obj = +2.150155836714e+01	err = 6.0733159846e-10	time = 10.72 sec
┌ Warning: `svd` cotangents sensitive to gauge choice: (|Δgauge| = 0.03312837183846822)
└ @ TensorKitChainRulesCoreExt ~/.julia/packages/TensorKit/esxcj/ext/TensorKitChainRulesCoreExt/factorizations.jl:254
┌ Warning: `svd` cotangents sensitive to gauge choice: (|Δgauge| = 5.995731247369213e-11)
└ @ TensorKitChainRulesCoreExt ~/.julia/packages/TensorKit/esxcj/ext/TensorKitChainRulesCoreExt/factorizations.jl:254
┌ Warning: `svd` cotangents sensitive to gauge choice: (|Δgauge| = 0.033128371840060844)
└ @ TensorKitChainRulesCoreExt ~/.julia/packages/TensorKit/esxcj/ext/TensorKitChainRulesCoreExt/factorizations.jl:254
[ Info: CTMRG init:	obj = +1.838739692564e+01	err = 1.0000e+00
[ Info: CTMRG conv 22:	obj = +1.841728297992e+01	err = 6.3205563710e-10	time = 12.54 sec
┌ Warning: `svd` cotangents sensitive to gauge choice: (|Δgauge| = 0.10460488951782382)
└ @ TensorKitChainRulesCoreExt ~/.julia/packages/TensorKit/esxcj/ext/TensorKitChainRulesCoreExt/factorizations.jl:254
┌ Warning: `svd` cotangents sensitive to gauge choice: (|Δgauge| = 2.1804717171781148e-11)
└ @ TensorKitChainRulesCoreExt ~/.julia/packages/TensorKit/esxcj/ext/TensorKitChainRulesCoreExt/factorizations.jl:254
┌ Warning: `svd` cotangents sensitive to gauge choice: (|Δgauge| = 0.10460488951760016)
└ @ TensorKitChainRulesCoreExt ~/.julia/packages/TensorKit/esxcj/ext/TensorKitChainRulesCoreExt/factorizations.jl:254
[ Info: CTMRG init:	obj = +1.776386257062e+01	err = 1.0000e+00
[ Info: CTMRG conv 20:	obj = +1.776886131910e+01	err = 9.1032842402e-10	time = 12.82 sec
┌ Warning: `svd` cotangents sensitive to gauge choice: (|Δgauge| = 0.12832644028074291)
└ @ TensorKitChainRulesCoreExt ~/.julia/packages/TensorKit/esxcj/ext/TensorKitChainRulesCoreExt/factorizations.jl:254
┌ Warning: `svd` cotangents sensitive to gauge choice: (|Δgauge| = 1.823800830871257e-10)
└ @ TensorKitChainRulesCoreExt ~/.julia/packages/TensorKit/esxcj/ext/TensorKitChainRulesCoreExt/factorizations.jl:254
┌ Warning: `svd` cotangents sensitive to gauge choice: (|Δgauge| = 0.12832644027734574)
└ @ TensorKitChainRulesCoreExt ~/.julia/packages/TensorKit/esxcj/ext/TensorKitChainRulesCoreExt/factorizations.jl:254
[ Info: LBFGS: iter    3, time 1311.11 s: f = -2.521818721889, ‖∇f‖ = 7.2318e-02, α = 4.87e-02, m = 2, nfg = 4
[ Info: CTMRG init:	obj = +1.315419617249e+01	err = 1.0000e+00
[ Info: CTMRG conv 18:	obj = +1.326350366238e+01	err = 9.0649804853e-10	time = 12.33 sec
┌ Warning: `svd` cotangents sensitive to gauge choice: (|Δgauge| = 0.0389515100799855)
└ @ TensorKitChainRulesCoreExt ~/.julia/packages/TensorKit/esxcj/ext/TensorKitChainRulesCoreExt/factorizations.jl:254
┌ Warning: `svd` cotangents sensitive to gauge choice: (|Δgauge| = 1.6049315640326495e-9)
└ @ TensorKitChainRulesCoreExt ~/.julia/packages/TensorKit/esxcj/ext/TensorKitChainRulesCoreExt/factorizations.jl:254
┌ Warning: `svd` cotangents sensitive to gauge choice: (|Δgauge| = 0.03895150983092832)
└ @ TensorKitChainRulesCoreExt ~/.julia/packages/TensorKit/esxcj/ext/TensorKitChainRulesCoreExt/factorizations.jl:254
[ Info: LBFGS: iter    4, time 1330.12 s: f = -2.546349927754, ‖∇f‖ = 9.2561e-02, α = 1.00e+00, m = 3, nfg = 1
[ Info: CTMRG init:	obj = +1.404520719504e+01	err = 1.0000e+00
[ Info: CTMRG conv 19:	obj = +1.407792527281e+01	err = 7.0061441253e-10	time = 12.05 sec
┌ Warning: `svd` cotangents sensitive to gauge choice: (|Δgauge| = 0.023775444513557342)
└ @ TensorKitChainRulesCoreExt ~/.julia/packages/TensorKit/esxcj/ext/TensorKitChainRulesCoreExt/factorizations.jl:254
┌ Warning: `svd` cotangents sensitive to gauge choice: (|Δgauge| = 3.724897911290401e-10)
└ @ TensorKitChainRulesCoreExt ~/.julia/packages/TensorKit/esxcj/ext/TensorKitChainRulesCoreExt/factorizations.jl:254
┌ Warning: `svd` cotangents sensitive to gauge choice: (|Δgauge| = 0.02377544451385573)
└ @ TensorKitChainRulesCoreExt ~/.julia/packages/TensorKit/esxcj/ext/TensorKitChainRulesCoreExt/factorizations.jl:254
[ Info: LBFGS: iter    5, time 1351.44 s: f = -2.553889752940, ‖∇f‖ = 2.9921e-02, α = 1.00e+00, m = 3, nfg = 1
[ Info: CTMRG init:	obj = +1.338027716230e+01	err = 1.0000e+00
[ Info: CTMRG conv 18:	obj = +1.338200641322e+01	err = 9.0589936367e-10	time = 11.78 sec
┌ Warning: `svd` cotangents sensitive to gauge choice: (|Δgauge| = 0.015479735628661163)
└ @ TensorKitChainRulesCoreExt ~/.julia/packages/TensorKit/esxcj/ext/TensorKitChainRulesCoreExt/factorizations.jl:254
┌ Warning: `svd` cotangents sensitive to gauge choice: (|Δgauge| = 9.350369695439822e-10)
└ @ TensorKitChainRulesCoreExt ~/.julia/packages/TensorKit/esxcj/ext/TensorKitChainRulesCoreExt/factorizations.jl:254
┌ Warning: `svd` cotangents sensitive to gauge choice: (|Δgauge| = 0.015479735623265652)
└ @ TensorKitChainRulesCoreExt ~/.julia/packages/TensorKit/esxcj/ext/TensorKitChainRulesCoreExt/factorizations.jl:254
[ Info: LBFGS: iter    6, time 1369.19 s: f = -2.555949551042, ‖∇f‖ = 1.7418e-02, α = 1.00e+00, m = 3, nfg = 1
[ Info: CTMRG init:	obj = +1.179052300181e+01	err = 1.0000e+00
[ Info: CTMRG conv 20:	obj = +1.179603089979e+01	err = 3.6553008050e-10	time = 14.10 sec
┌ Warning: `svd` cotangents sensitive to gauge choice: (|Δgauge| = 0.006889430142985979)
└ @ TensorKitChainRulesCoreExt ~/.julia/packages/TensorKit/esxcj/ext/TensorKitChainRulesCoreExt/factorizations.jl:254
┌ Warning: `svd` cotangents sensitive to gauge choice: (|Δgauge| = 1.3024737688326064e-10)
└ @ TensorKitChainRulesCoreExt ~/.julia/packages/TensorKit/esxcj/ext/TensorKitChainRulesCoreExt/factorizations.jl:254
┌ Warning: `svd` cotangents sensitive to gauge choice: (|Δgauge| = 0.006889430012600381)
└ @ TensorKitChainRulesCoreExt ~/.julia/packages/TensorKit/esxcj/ext/TensorKitChainRulesCoreExt/factorizations.jl:254
[ Info: LBFGS: iter    7, time 1389.84 s: f = -2.559140292247, ‖∇f‖ = 2.4326e-02, α = 1.00e+00, m = 3, nfg = 1
[ Info: CTMRG init:	obj = +9.176491629494e+00	err = 1.0000e+00
[ Info: CTMRG conv 22:	obj = +9.192663346738e+00	err = 5.1616110805e-10	time = 15.00 sec
┌ Warning: `svd` cotangents sensitive to gauge choice: (|Δgauge| = 0.061695561371494845)
└ @ TensorKitChainRulesCoreExt ~/.julia/packages/TensorKit/esxcj/ext/TensorKitChainRulesCoreExt/factorizations.jl:254
┌ Warning: `svd` cotangents sensitive to gauge choice: (|Δgauge| = 5.462451449041385e-10)
└ @ TensorKitChainRulesCoreExt ~/.julia/packages/TensorKit/esxcj/ext/TensorKitChainRulesCoreExt/factorizations.jl:254
┌ Warning: `svd` cotangents sensitive to gauge choice: (|Δgauge| = 0.061695560825131314)
└ @ TensorKitChainRulesCoreExt ~/.julia/packages/TensorKit/esxcj/ext/TensorKitChainRulesCoreExt/factorizations.jl:254
[ Info: LBFGS: iter    8, time 1413.19 s: f = -2.560837200245, ‖∇f‖ = 6.1811e-02, α = 1.00e+00, m = 3, nfg = 1
[ Info: CTMRG init:	obj = +1.061847256456e+01	err = 1.0000e+00
[ Info: CTMRG conv 21:	obj = +1.062877436138e+01	err = 6.1076685189e-10	time = 13.87 sec
┌ Warning: `svd` cotangents sensitive to gauge choice: (|Δgauge| = 0.011190022564962187)
└ @ TensorKitChainRulesCoreExt ~/.julia/packages/TensorKit/esxcj/ext/TensorKitChainRulesCoreExt/factorizations.jl:254
┌ Warning: `svd` cotangents sensitive to gauge choice: (|Δgauge| = 3.503074229660423e-11)
└ @ TensorKitChainRulesCoreExt ~/.julia/packages/TensorKit/esxcj/ext/TensorKitChainRulesCoreExt/factorizations.jl:254
┌ Warning: `svd` cotangents sensitive to gauge choice: (|Δgauge| = 0.011190022529909553)
└ @ TensorKitChainRulesCoreExt ~/.julia/packages/TensorKit/esxcj/ext/TensorKitChainRulesCoreExt/factorizations.jl:254
[ Info: LBFGS: iter    9, time 1434.24 s: f = -2.564599285229, ‖∇f‖ = 1.7516e-02, α = 1.00e+00, m = 3, nfg = 1
[ Info: CTMRG init:	obj = +1.024893137044e+01	err = 1.0000e+00
[ Info: CTMRG conv 19:	obj = +1.024959265701e+01	err = 8.7745855553e-10	time = 13.11 sec
┌ Warning: `svd` cotangents sensitive to gauge choice: (|Δgauge| = 0.017179491952411884)
└ @ TensorKitChainRulesCoreExt ~/.julia/packages/TensorKit/esxcj/ext/TensorKitChainRulesCoreExt/factorizations.jl:254
┌ Warning: `svd` cotangents sensitive to gauge choice: (|Δgauge| = 4.742441511245763e-10)
└ @ TensorKitChainRulesCoreExt ~/.julia/packages/TensorKit/esxcj/ext/TensorKitChainRulesCoreExt/factorizations.jl:254
┌ Warning: `svd` cotangents sensitive to gauge choice: (|Δgauge| = 0.01717949147795364)
└ @ TensorKitChainRulesCoreExt ~/.julia/packages/TensorKit/esxcj/ext/TensorKitChainRulesCoreExt/factorizations.jl:254
[ Info: LBFGS: iter   10, time 1453.86 s: f = -2.567252453327, ‖∇f‖ = 2.2578e-02, α = 1.00e+00, m = 3, nfg = 1
[ Info: CTMRG init:	obj = +8.139513718203e+00	err = 1.0000e+00
[ Info: CTMRG conv 29:	obj = +8.163888770901e+00	err = 7.0259380789e-10	time = 21.95 sec
┌ Warning: `svd` cotangents sensitive to gauge choice: (|Δgauge| = 0.06191698928169379)
└ @ TensorKitChainRulesCoreExt ~/.julia/packages/TensorKit/esxcj/ext/TensorKitChainRulesCoreExt/factorizations.jl:254
┌ Warning: `svd` cotangents sensitive to gauge choice: (|Δgauge| = 2.1794335379137004e-8)
└ @ TensorKitChainRulesCoreExt ~/.julia/packages/TensorKit/esxcj/ext/TensorKitChainRulesCoreExt/factorizations.jl:254
┌ Warning: `svd` cotangents sensitive to gauge choice: (|Δgauge| = 0.061916977471029006)
└ @ TensorKitChainRulesCoreExt ~/.julia/packages/TensorKit/esxcj/ext/TensorKitChainRulesCoreExt/factorizations.jl:254
[ Info: CTMRG init:	obj = +9.577725615911e+00	err = 1.0000e+00
[ Info: CTMRG conv 19:	obj = +9.579483936181e+00	err = 9.8178527749e-10	time = 14.66 sec
┌ Warning: `svd` cotangents sensitive to gauge choice: (|Δgauge| = 0.02664483326348674)
└ @ TensorKitChainRulesCoreExt ~/.julia/packages/TensorKit/esxcj/ext/TensorKitChainRulesCoreExt/factorizations.jl:254
┌ Warning: `svd` cotangents sensitive to gauge choice: (|Δgauge| = 4.531564705388675e-9)
└ @ TensorKitChainRulesCoreExt ~/.julia/packages/TensorKit/esxcj/ext/TensorKitChainRulesCoreExt/factorizations.jl:254
┌ Warning: `svd` cotangents sensitive to gauge choice: (|Δgauge| = 0.026644828731592934)
└ @ TensorKitChainRulesCoreExt ~/.julia/packages/TensorKit/esxcj/ext/TensorKitChainRulesCoreExt/factorizations.jl:254
[ Info: LBFGS: iter   11, time 1505.41 s: f = -2.571084595036, ‖∇f‖ = 3.1587e-02, α = 3.27e-01, m = 3, nfg = 2
[ Info: CTMRG init:	obj = +7.231133533315e+00	err = 1.0000e+00
[ Info: CTMRG conv 79:	obj = +7.582828190843e+00	err = 6.6227820523e-10	time = 1.05 min
┌ Warning: `svd` cotangents sensitive to gauge choice: (|Δgauge| = 0.5256744911878042)
└ @ TensorKitChainRulesCoreExt ~/.julia/packages/TensorKit/esxcj/ext/TensorKitChainRulesCoreExt/factorizations.jl:254
┌ Warning: `svd` cotangents sensitive to gauge choice: (|Δgauge| = 0.5256744911892959)
└ @ TensorKitChainRulesCoreExt ~/.julia/packages/TensorKit/esxcj/ext/TensorKitChainRulesCoreExt/factorizations.jl:254
[ Info: CTMRG init:	obj = +9.518520904301e+00	err = 1.0000e+00
[ Info: CTMRG conv 17:	obj = +9.518568303253e+00	err = 6.4501253771e-10	time = 14.06 sec
┌ Warning: `svd` cotangents sensitive to gauge choice: (|Δgauge| = 0.026448832082047784)
└ @ TensorKitChainRulesCoreExt ~/.julia/packages/TensorKit/esxcj/ext/TensorKitChainRulesCoreExt/factorizations.jl:254
┌ Warning: `svd` cotangents sensitive to gauge choice: (|Δgauge| = 2.8484773554191962e-8)
└ @ TensorKitChainRulesCoreExt ~/.julia/packages/TensorKit/esxcj/ext/TensorKitChainRulesCoreExt/factorizations.jl:254
┌ Warning: `svd` cotangents sensitive to gauge choice: (|Δgauge| = 0.02644880359676482)
└ @ TensorKitChainRulesCoreExt ~/.julia/packages/TensorKit/esxcj/ext/TensorKitChainRulesCoreExt/factorizations.jl:254
[ Info: CTMRG init:	obj = +7.982556398868e+00	err = 1.0000e+00
[ Info: CTMRG conv 75:	obj = +8.050362167053e+00	err = 9.5313409508e-10	time = 1.08 min
┌ Warning: `svd` cotangents sensitive to gauge choice: (|Δgauge| = 0.042605923227463996)
└ @ TensorKitChainRulesCoreExt ~/.julia/packages/TensorKit/esxcj/ext/TensorKitChainRulesCoreExt/factorizations.jl:254
┌ Warning: `svd` cotangents sensitive to gauge choice: (|Δgauge| = 2.3860364229248157e-8)
└ @ TensorKitChainRulesCoreExt ~/.julia/packages/TensorKit/esxcj/ext/TensorKitChainRulesCoreExt/factorizations.jl:254
┌ Warning: `svd` cotangents sensitive to gauge choice: (|Δgauge| = 0.042605911111407144)
└ @ TensorKitChainRulesCoreExt ~/.julia/packages/TensorKit/esxcj/ext/TensorKitChainRulesCoreExt/factorizations.jl:254
[ Info: CTMRG init:	obj = +9.396803901425e+00	err = 1.0000e+00
[ Info: CTMRG conv 18:	obj = +9.397247251885e+00	err = 7.5751301181e-10	time = 15.39 sec
┌ Warning: `svd` cotangents sensitive to gauge choice: (|Δgauge| = 0.02608342542462516)
└ @ TensorKitChainRulesCoreExt ~/.julia/packages/TensorKit/esxcj/ext/TensorKitChainRulesCoreExt/factorizations.jl:254
┌ Warning: `svd` cotangents sensitive to gauge choice: (|Δgauge| = 2.721199059256e-8)
└ @ TensorKitChainRulesCoreExt ~/.julia/packages/TensorKit/esxcj/ext/TensorKitChainRulesCoreExt/factorizations.jl:254
┌ Warning: `svd` cotangents sensitive to gauge choice: (|Δgauge| = 0.02608339821227808)
└ @ TensorKitChainRulesCoreExt ~/.julia/packages/TensorKit/esxcj/ext/TensorKitChainRulesCoreExt/factorizations.jl:254
[ Info: LBFGS: iter   12, time 1714.74 s: f = -2.572784360104, ‖∇f‖ = 2.7811e-02, α = 8.38e-02, m = 3, nfg = 4
[ Info: CTMRG init:	obj = +8.823016704261e+00	err = 1.0000e+00
[ Info: CTMRG conv 40:	obj = +8.854638566112e+00	err = 8.7678884434e-10	time = 35.59 sec
┌ Warning: `svd` cotangents sensitive to gauge choice: (|Δgauge| = 0.0121306297546209)
└ @ TensorKitChainRulesCoreExt ~/.julia/packages/TensorKit/esxcj/ext/TensorKitChainRulesCoreExt/factorizations.jl:254
┌ Warning: `svd` cotangents sensitive to gauge choice: (|Δgauge| = 7.814303257224677e-8)
└ @ TensorKitChainRulesCoreExt ~/.julia/packages/TensorKit/esxcj/ext/TensorKitChainRulesCoreExt/factorizations.jl:254
┌ Warning: `svd` cotangents sensitive to gauge choice: (|Δgauge| = 0.012130629831845166)
└ @ TensorKitChainRulesCoreExt ~/.julia/packages/TensorKit/esxcj/ext/TensorKitChainRulesCoreExt/factorizations.jl:254
[ Info: CTMRG init:	obj = +9.302961508380e+00	err = 1.0000e+00
[ Info: CTMRG conv 19:	obj = +9.303757234727e+00	err = 5.2699174535e-10	time = 17.28 sec
┌ Warning: `svd` cotangents sensitive to gauge choice: (|Δgauge| = 0.01958381994630177)
└ @ TensorKitChainRulesCoreExt ~/.julia/packages/TensorKit/esxcj/ext/TensorKitChainRulesCoreExt/factorizations.jl:254
┌ Warning: `svd` cotangents sensitive to gauge choice: (|Δgauge| = 4.495536997744837e-8)
└ @ TensorKitChainRulesCoreExt ~/.julia/packages/TensorKit/esxcj/ext/TensorKitChainRulesCoreExt/factorizations.jl:254
┌ Warning: `svd` cotangents sensitive to gauge choice: (|Δgauge| = 0.01958379548948221)
└ @ TensorKitChainRulesCoreExt ~/.julia/packages/TensorKit/esxcj/ext/TensorKitChainRulesCoreExt/factorizations.jl:254
[ Info: LBFGS: iter   13, time 1786.02 s: f = -2.574905313364, ‖∇f‖ = 2.6401e-02, α = 2.04e-01, m = 3, nfg = 2
[ Info: CTMRG init:	obj = +6.560658679061e+00	err = 1.0000e+00
[ Info: CTMRG conv 57:	obj = +7.199140210746e+00	err = 8.3296856243e-10	time = 51.64 sec
┌ Warning: `svd` cotangents sensitive to gauge choice: (|Δgauge| = 0.7219436933074692)
└ @ TensorKitChainRulesCoreExt ~/.julia/packages/TensorKit/esxcj/ext/TensorKitChainRulesCoreExt/factorizations.jl:254
┌ Warning: `svd` cotangents sensitive to gauge choice: (|Δgauge| = 0.7219436933078655)
└ @ TensorKitChainRulesCoreExt ~/.julia/packages/TensorKit/esxcj/ext/TensorKitChainRulesCoreExt/factorizations.jl:254
[ Info: CTMRG init:	obj = +9.183494043198e+00	err = 1.0000e+00
[ Info: CTMRG conv 19:	obj = +9.183970987244e+00	err = 5.8543558661e-10	time = 18.65 sec
┌ Warning: `svd` cotangents sensitive to gauge choice: (|Δgauge| = 0.02051942271085619)
└ @ TensorKitChainRulesCoreExt ~/.julia/packages/TensorKit/esxcj/ext/TensorKitChainRulesCoreExt/factorizations.jl:254
┌ Warning: `svd` cotangents sensitive to gauge choice: (|Δgauge| = 9.167275418738274e-8)
└ @ TensorKitChainRulesCoreExt ~/.julia/packages/TensorKit/esxcj/ext/TensorKitChainRulesCoreExt/factorizations.jl:254
┌ Warning: `svd` cotangents sensitive to gauge choice: (|Δgauge| = 0.02051937295479623)
└ @ TensorKitChainRulesCoreExt ~/.julia/packages/TensorKit/esxcj/ext/TensorKitChainRulesCoreExt/factorizations.jl:254
[ Info: LBFGS: iter   14, time 1876.72 s: f = -2.575364273783, ‖∇f‖ = 1.1654e-02, α = 4.10e-02, m = 3, nfg = 2
[ Info: CTMRG init:	obj = +9.084303289945e+00	err = 1.0000e+00
[ Info: CTMRG conv 23:	obj = +9.087177224027e+00	err = 8.4601667176e-10	time = 21.30 sec
┌ Warning: `svd` cotangents sensitive to gauge choice: (|Δgauge| = 0.013909508196842559)
└ @ TensorKitChainRulesCoreExt ~/.julia/packages/TensorKit/esxcj/ext/TensorKitChainRulesCoreExt/factorizations.jl:254
┌ Warning: `svd` cotangents sensitive to gauge choice: (|Δgauge| = 1.0145769375575824e-7)
└ @ TensorKitChainRulesCoreExt ~/.julia/packages/TensorKit/esxcj/ext/TensorKitChainRulesCoreExt/factorizations.jl:254
┌ Warning: `svd` cotangents sensitive to gauge choice: (|Δgauge| = 0.013909453384555927)
└ @ TensorKitChainRulesCoreExt ~/.julia/packages/TensorKit/esxcj/ext/TensorKitChainRulesCoreExt/factorizations.jl:254
[ Info: LBFGS: iter   15, time 1905.28 s: f = -2.576079927087, ‖∇f‖ = 1.3678e-02, α = 1.00e+00, m = 3, nfg = 1
[ Info: CTMRG init:	obj = +9.229416840412e+00	err = 1.0000e+00
[ Info: CTMRG conv 20:	obj = +9.230021590320e+00	err = 8.9501144527e-10	time = 19.84 sec
┌ Warning: `svd` cotangents sensitive to gauge choice: (|Δgauge| = 0.012814035370479366)
└ @ TensorKitChainRulesCoreExt ~/.julia/packages/TensorKit/esxcj/ext/TensorKitChainRulesCoreExt/factorizations.jl:254
┌ Warning: `svd` cotangents sensitive to gauge choice: (|Δgauge| = 1.243964238264002e-7)
└ @ TensorKitChainRulesCoreExt ~/.julia/packages/TensorKit/esxcj/ext/TensorKitChainRulesCoreExt/factorizations.jl:254
┌ Warning: `svd` cotangents sensitive to gauge choice: (|Δgauge| = 0.012813966994708773)
└ @ TensorKitChainRulesCoreExt ~/.julia/packages/TensorKit/esxcj/ext/TensorKitChainRulesCoreExt/factorizations.jl:254
[ Info: LBFGS: iter   16, time 1931.58 s: f = -2.576583426863, ‖∇f‖ = 5.3710e-03, α = 1.00e+00, m = 3, nfg = 1
[ Info: CTMRG init:	obj = +9.320570567171e+00	err = 1.0000e+00
[ Info: CTMRG conv 19:	obj = +9.320661604343e+00	err = 8.3605311872e-10	time = 21.06 sec
┌ Warning: `svd` cotangents sensitive to gauge choice: (|Δgauge| = 0.010663512081682088)
└ @ TensorKitChainRulesCoreExt ~/.julia/packages/TensorKit/esxcj/ext/TensorKitChainRulesCoreExt/factorizations.jl:254
┌ Warning: `svd` cotangents sensitive to gauge choice: (|Δgauge| = 1.5583721512798282e-7)
└ @ TensorKitChainRulesCoreExt ~/.julia/packages/TensorKit/esxcj/ext/TensorKitChainRulesCoreExt/factorizations.jl:254
┌ Warning: `svd` cotangents sensitive to gauge choice: (|Δgauge| = 0.010663427293158338)
└ @ TensorKitChainRulesCoreExt ~/.julia/packages/TensorKit/esxcj/ext/TensorKitChainRulesCoreExt/factorizations.jl:254
[ Info: LBFGS: iter   17, time 1959.42 s: f = -2.576816319057, ‖∇f‖ = 5.1460e-03, α = 1.00e+00, m = 3, nfg = 1
[ Info: CTMRG init:	obj = +9.723974922664e+00	err = 1.0000e+00
[ Info: CTMRG conv 20:	obj = +9.726102877291e+00	err = 6.7379231954e-10	time = 19.76 sec
┌ Warning: `svd` cotangents sensitive to gauge choice: (|Δgauge| = 0.006614523597858114)
└ @ TensorKitChainRulesCoreExt ~/.julia/packages/TensorKit/esxcj/ext/TensorKitChainRulesCoreExt/factorizations.jl:254
┌ Warning: `svd` cotangents sensitive to gauge choice: (|Δgauge| = 2.9086461517539518e-8)
└ @ TensorKitChainRulesCoreExt ~/.julia/packages/TensorKit/esxcj/ext/TensorKitChainRulesCoreExt/factorizations.jl:254
┌ Warning: `svd` cotangents sensitive to gauge choice: (|Δgauge| = 0.006614523379493392)
└ @ TensorKitChainRulesCoreExt ~/.julia/packages/TensorKit/esxcj/ext/TensorKitChainRulesCoreExt/factorizations.jl:254
[ Info: LBFGS: iter   18, time 1985.77 s: f = -2.577303933478, ‖∇f‖ = 2.3076e-02, α = 1.00e+00, m = 3, nfg = 1
[ Info: CTMRG init:	obj = +9.993444826743e+00	err = 1.0000e+00
[ Info: CTMRG conv 20:	obj = +9.995410427696e+00	err = 8.4680323521e-10	time = 18.94 sec
┌ Warning: `svd` cotangents sensitive to gauge choice: (|Δgauge| = 0.006221331768686363)
└ @ TensorKitChainRulesCoreExt ~/.julia/packages/TensorKit/esxcj/ext/TensorKitChainRulesCoreExt/factorizations.jl:254
┌ Warning: `svd` cotangents sensitive to gauge choice: (|Δgauge| = 3.649383930945009e-8)
└ @ TensorKitChainRulesCoreExt ~/.julia/packages/TensorKit/esxcj/ext/TensorKitChainRulesCoreExt/factorizations.jl:254
┌ Warning: `svd` cotangents sensitive to gauge choice: (|Δgauge| = 0.006221331663151794)
└ @ TensorKitChainRulesCoreExt ~/.julia/packages/TensorKit/esxcj/ext/TensorKitChainRulesCoreExt/factorizations.jl:254
[ Info: LBFGS: iter   19, time 2011.29 s: f = -2.578032545120, ‖∇f‖ = 3.5558e-03, α = 1.00e+00, m = 3, nfg = 1
[ Info: CTMRG init:	obj = +1.020354821673e+01	err = 1.0000e+00
[ Info: CTMRG conv 20:	obj = +1.020435675097e+01	err = 8.6202878590e-10	time = 20.18 sec
┌ Warning: `svd` cotangents sensitive to gauge choice: (|Δgauge| = 0.011409001040495744)
└ @ TensorKitChainRulesCoreExt ~/.julia/packages/TensorKit/esxcj/ext/TensorKitChainRulesCoreExt/factorizations.jl:254
┌ Warning: `svd` cotangents sensitive to gauge choice: (|Δgauge| = 4.7240055535649335e-8)
└ @ TensorKitChainRulesCoreExt ~/.julia/packages/TensorKit/esxcj/ext/TensorKitChainRulesCoreExt/factorizations.jl:254
┌ Warning: `svd` cotangents sensitive to gauge choice: (|Δgauge| = 0.0114089538003667)
└ @ TensorKitChainRulesCoreExt ~/.julia/packages/TensorKit/esxcj/ext/TensorKitChainRulesCoreExt/factorizations.jl:254
[ Info: LBFGS: iter   20, time 2037.41 s: f = -2.578279951327, ‖∇f‖ = 3.5724e-03, α = 1.00e+00, m = 3, nfg = 1
[ Info: CTMRG init:	obj = +1.027697251804e+01	err = 1.0000e+00
[ Info: CTMRG conv 24:	obj = +1.027808703433e+01	err = 5.1164655216e-10	time = 23.56 sec
┌ Warning: `svd` cotangents sensitive to gauge choice: (|Δgauge| = 0.014853838235682858)
└ @ TensorKitChainRulesCoreExt ~/.julia/packages/TensorKit/esxcj/ext/TensorKitChainRulesCoreExt/factorizations.jl:254
┌ Warning: `svd` cotangents sensitive to gauge choice: (|Δgauge| = 5.871355201413646e-9)
└ @ TensorKitChainRulesCoreExt ~/.julia/packages/TensorKit/esxcj/ext/TensorKitChainRulesCoreExt/factorizations.jl:254
┌ Warning: `svd` cotangents sensitive to gauge choice: (|Δgauge| = 0.014853832364255148)
└ @ TensorKitChainRulesCoreExt ~/.julia/packages/TensorKit/esxcj/ext/TensorKitChainRulesCoreExt/factorizations.jl:254
[ Info: LBFGS: iter   21, time 2068.40 s: f = -2.578552358390, ‖∇f‖ = 5.4153e-03, α = 1.00e+00, m = 3, nfg = 1
[ Info: CTMRG init:	obj = +1.067674013907e+01	err = 1.0000e+00
[ Info: CTMRG conv 19:	obj = +1.067968684296e+01	err = 7.0887999999e-10	time = 19.43 sec
┌ Warning: `svd` cotangents sensitive to gauge choice: (|Δgauge| = 0.01990157004699901)
└ @ TensorKitChainRulesCoreExt ~/.julia/packages/TensorKit/esxcj/ext/TensorKitChainRulesCoreExt/factorizations.jl:254
┌ Warning: `svd` cotangents sensitive to gauge choice: (|Δgauge| = 1.789832924564289e-8)
└ @ TensorKitChainRulesCoreExt ~/.julia/packages/TensorKit/esxcj/ext/TensorKitChainRulesCoreExt/factorizations.jl:254
┌ Warning: `svd` cotangents sensitive to gauge choice: (|Δgauge| = 0.019901560744620357)
└ @ TensorKitChainRulesCoreExt ~/.julia/packages/TensorKit/esxcj/ext/TensorKitChainRulesCoreExt/factorizations.jl:254
[ Info: CTMRG init:	obj = +1.044688544196e+01	err = 1.0000e+00
[ Info: CTMRG conv 23:	obj = +1.044739524411e+01	err = 5.3102654345e-10	time = 23.23 sec
┌ Warning: `svd` cotangents sensitive to gauge choice: (|Δgauge| = 0.016500844948391657)
└ @ TensorKitChainRulesCoreExt ~/.julia/packages/TensorKit/esxcj/ext/TensorKitChainRulesCoreExt/factorizations.jl:254
┌ Warning: `svd` cotangents sensitive to gauge choice: (|Δgauge| = 4.282290485358201e-9)
└ @ TensorKitChainRulesCoreExt ~/.julia/packages/TensorKit/esxcj/ext/TensorKitChainRulesCoreExt/factorizations.jl:254
┌ Warning: `svd` cotangents sensitive to gauge choice: (|Δgauge| = 0.016500840666135382)
└ @ TensorKitChainRulesCoreExt ~/.julia/packages/TensorKit/esxcj/ext/TensorKitChainRulesCoreExt/factorizations.jl:254
[ Info: LBFGS: iter   22, time 2123.99 s: f = -2.578633848946, ‖∇f‖ = 5.7799e-03, α = 4.11e-01, m = 3, nfg = 2
[ Info: CTMRG init:	obj = +1.041830085267e+01	err = 1.0000e+00
[ Info: CTMRG conv 21:	obj = +1.041840114806e+01	err = 5.6477811746e-10	time = 22.20 sec
┌ Warning: `svd` cotangents sensitive to gauge choice: (|Δgauge| = 0.011851725801836962)
└ @ TensorKitChainRulesCoreExt ~/.julia/packages/TensorKit/esxcj/ext/TensorKitChainRulesCoreExt/factorizations.jl:254
┌ Warning: `svd` cotangents sensitive to gauge choice: (|Δgauge| = 5.79857418049521e-9)
└ @ TensorKitChainRulesCoreExt ~/.julia/packages/TensorKit/esxcj/ext/TensorKitChainRulesCoreExt/factorizations.jl:254
┌ Warning: `svd` cotangents sensitive to gauge choice: (|Δgauge| = 0.011851722798412526)
└ @ TensorKitChainRulesCoreExt ~/.julia/packages/TensorKit/esxcj/ext/TensorKitChainRulesCoreExt/factorizations.jl:254
[ Info: LBFGS: iter   23, time 2152.41 s: f = -2.578833671041, ‖∇f‖ = 5.5728e-03, α = 1.00e+00, m = 3, nfg = 1
[ Info: CTMRG init:	obj = +1.066536289045e+01	err = 1.0000e+00
[ Info: CTMRG conv 20:	obj = +1.082507732520e+01	err = 3.5304285929e-10	time = 19.90 sec
┌ Warning: `svd` cotangents sensitive to gauge choice: (|Δgauge| = 0.11717127584437044)
└ @ TensorKitChainRulesCoreExt ~/.julia/packages/TensorKit/esxcj/ext/TensorKitChainRulesCoreExt/factorizations.jl:254
┌ Warning: `svd` cotangents sensitive to gauge choice: (|Δgauge| = 1.5877268534771932e-9)
└ @ TensorKitChainRulesCoreExt ~/.julia/packages/TensorKit/esxcj/ext/TensorKitChainRulesCoreExt/factorizations.jl:254
┌ Warning: `svd` cotangents sensitive to gauge choice: (|Δgauge| = 0.11717127504003523)
└ @ TensorKitChainRulesCoreExt ~/.julia/packages/TensorKit/esxcj/ext/TensorKitChainRulesCoreExt/factorizations.jl:254
[ Info: CTMRG init:	obj = +1.046124879512e+01	err = 1.0000e+00
[ Info: CTMRG conv 19:	obj = +1.046138255745e+01	err = 7.7314536668e-10	time = 20.38 sec
┌ Warning: `svd` cotangents sensitive to gauge choice: (|Δgauge| = 0.01332717682090388)
└ @ TensorKitChainRulesCoreExt ~/.julia/packages/TensorKit/esxcj/ext/TensorKitChainRulesCoreExt/factorizations.jl:254
┌ Warning: `svd` cotangents sensitive to gauge choice: (|Δgauge| = 1.54004411194195e-8)
└ @ TensorKitChainRulesCoreExt ~/.julia/packages/TensorKit/esxcj/ext/TensorKitChainRulesCoreExt/factorizations.jl:254
┌ Warning: `svd` cotangents sensitive to gauge choice: (|Δgauge| = 0.01332716888804035)
└ @ TensorKitChainRulesCoreExt ~/.julia/packages/TensorKit/esxcj/ext/TensorKitChainRulesCoreExt/factorizations.jl:254
[ Info: LBFGS: iter   24, time 2205.70 s: f = -2.578906762252, ‖∇f‖ = 2.3902e-03, α = 3.10e-02, m = 3, nfg = 2
[ Info: CTMRG init:	obj = +1.050234408856e+01	err = 1.0000e+00
[ Info: CTMRG conv 18:	obj = +1.050295797308e+01	err = 4.0931812440e-10	time = 18.66 sec
┌ Warning: `svd` cotangents sensitive to gauge choice: (|Δgauge| = 0.013645575222525186)
└ @ TensorKitChainRulesCoreExt ~/.julia/packages/TensorKit/esxcj/ext/TensorKitChainRulesCoreExt/factorizations.jl:254
┌ Warning: `svd` cotangents sensitive to gauge choice: (|Δgauge| = 1.3717801994334518e-8)
└ @ TensorKitChainRulesCoreExt ~/.julia/packages/TensorKit/esxcj/ext/TensorKitChainRulesCoreExt/factorizations.jl:254
┌ Warning: `svd` cotangents sensitive to gauge choice: (|Δgauge| = 0.0136455681716195)
└ @ TensorKitChainRulesCoreExt ~/.julia/packages/TensorKit/esxcj/ext/TensorKitChainRulesCoreExt/factorizations.jl:254
[ Info: LBFGS: iter   25, time 2232.91 s: f = -2.579071733640, ‖∇f‖ = 3.1161e-03, α = 1.00e+00, m = 3, nfg = 1
[ Info: CTMRG init:	obj = +1.066636922229e+01	err = 1.0000e+00
[ Info: CTMRG conv 16:	obj = +1.066717431826e+01	err = 6.6270546193e-10	time = 16.44 sec
┌ Warning: `svd` cotangents sensitive to gauge choice: (|Δgauge| = 0.014944505525539654)
└ @ TensorKitChainRulesCoreExt ~/.julia/packages/TensorKit/esxcj/ext/TensorKitChainRulesCoreExt/factorizations.jl:254
┌ Warning: `svd` cotangents sensitive to gauge choice: (|Δgauge| = 4.33112988493177e-8)
└ @ TensorKitChainRulesCoreExt ~/.julia/packages/TensorKit/esxcj/ext/TensorKitChainRulesCoreExt/factorizations.jl:254
┌ Warning: `svd` cotangents sensitive to gauge choice: (|Δgauge| = 0.01494448324101416)
└ @ TensorKitChainRulesCoreExt ~/.julia/packages/TensorKit/esxcj/ext/TensorKitChainRulesCoreExt/factorizations.jl:254
[ Info: LBFGS: iter   26, time 2255.29 s: f = -2.579144266340, ‖∇f‖ = 4.7158e-03, α = 1.00e+00, m = 3, nfg = 1
[ Info: CTMRG init:	obj = +1.063053599784e+01	err = 1.0000e+00
[ Info: CTMRG conv 16:	obj = +1.063060948022e+01	err = 5.3307000926e-10	time = 16.76 sec
┌ Warning: `svd` cotangents sensitive to gauge choice: (|Δgauge| = 0.013210460127846043)
└ @ TensorKitChainRulesCoreExt ~/.julia/packages/TensorKit/esxcj/ext/TensorKitChainRulesCoreExt/factorizations.jl:254
┌ Warning: `svd` cotangents sensitive to gauge choice: (|Δgauge| = 6.324913088673353e-8)
└ @ TensorKitChainRulesCoreExt ~/.julia/packages/TensorKit/esxcj/ext/TensorKitChainRulesCoreExt/factorizations.jl:254
┌ Warning: `svd` cotangents sensitive to gauge choice: (|Δgauge| = 0.013210427804806725)
└ @ TensorKitChainRulesCoreExt ~/.julia/packages/TensorKit/esxcj/ext/TensorKitChainRulesCoreExt/factorizations.jl:254
[ Info: LBFGS: iter   27, time 2277.85 s: f = -2.579206464159, ‖∇f‖ = 2.1539e-03, α = 1.00e+00, m = 3, nfg = 1
[ Info: CTMRG init:	obj = +1.057679136056e+01	err = 1.0000e+00
[ Info: CTMRG conv 16:	obj = +1.057691623165e+01	err = 3.0285737680e-10	time = 17.77 sec
┌ Warning: `svd` cotangents sensitive to gauge choice: (|Δgauge| = 0.009333556260842143)
└ @ TensorKitChainRulesCoreExt ~/.julia/packages/TensorKit/esxcj/ext/TensorKitChainRulesCoreExt/factorizations.jl:254
┌ Warning: `svd` cotangents sensitive to gauge choice: (|Δgauge| = 8.752457894183803e-8)
└ @ TensorKitChainRulesCoreExt ~/.julia/packages/TensorKit/esxcj/ext/TensorKitChainRulesCoreExt/factorizations.jl:254
┌ Warning: `svd` cotangents sensitive to gauge choice: (|Δgauge| = 0.00933351153873931)
└ @ TensorKitChainRulesCoreExt ~/.julia/packages/TensorKit/esxcj/ext/TensorKitChainRulesCoreExt/factorizations.jl:254
[ Info: LBFGS: iter   28, time 2301.80 s: f = -2.579284283073, ‖∇f‖ = 1.5312e-03, α = 1.00e+00, m = 3, nfg = 1
[ Info: CTMRG init:	obj = +1.065492390201e+01	err = 1.0000e+00
[ Info: CTMRG conv 15:	obj = +1.065524379570e+01	err = 2.9631182225e-10	time = 16.15 sec
┌ Warning: `svd` cotangents sensitive to gauge choice: (|Δgauge| = 0.006921763637351005)
└ @ TensorKitChainRulesCoreExt ~/.julia/packages/TensorKit/esxcj/ext/TensorKitChainRulesCoreExt/factorizations.jl:254
┌ Warning: `svd` cotangents sensitive to gauge choice: (|Δgauge| = 1.510031864244265e-7)
└ @ TensorKitChainRulesCoreExt ~/.julia/packages/TensorKit/esxcj/ext/TensorKitChainRulesCoreExt/factorizations.jl:254
┌ Warning: `svd` cotangents sensitive to gauge choice: (|Δgauge| = 0.006921687080563335)
└ @ TensorKitChainRulesCoreExt ~/.julia/packages/TensorKit/esxcj/ext/TensorKitChainRulesCoreExt/factorizations.jl:254
[ Info: LBFGS: iter   29, time 2323.56 s: f = -2.579323529540, ‖∇f‖ = 6.0957e-03, α = 1.00e+00, m = 3, nfg = 1
[ Info: CTMRG init:	obj = +1.070158399803e+01	err = 1.0000e+00
[ Info: CTMRG conv 15:	obj = +1.070169149419e+01	err = 4.8689899330e-10	time = 16.62 sec
┌ Warning: `svd` cotangents sensitive to gauge choice: (|Δgauge| = 0.005232159412174991)
└ @ TensorKitChainRulesCoreExt ~/.julia/packages/TensorKit/esxcj/ext/TensorKitChainRulesCoreExt/factorizations.jl:254
┌ Warning: `svd` cotangents sensitive to gauge choice: (|Δgauge| = 1.342001794978923e-7)
└ @ TensorKitChainRulesCoreExt ~/.julia/packages/TensorKit/esxcj/ext/TensorKitChainRulesCoreExt/factorizations.jl:254
┌ Warning: `svd` cotangents sensitive to gauge choice: (|Δgauge| = 0.005232091395974676)
└ @ TensorKitChainRulesCoreExt ~/.julia/packages/TensorKit/esxcj/ext/TensorKitChainRulesCoreExt/factorizations.jl:254
[ Info: LBFGS: iter   30, time 2345.73 s: f = -2.579360764881, ‖∇f‖ = 1.7665e-03, α = 1.00e+00, m = 3, nfg = 1
[ Info: CTMRG init:	obj = +1.072807897453e+01	err = 1.0000e+00
[ Info: CTMRG conv 14:	obj = +1.072809294981e+01	err = 5.8633175894e-10	time = 15.18 sec
┌ Warning: `svd` cotangents sensitive to gauge choice: (|Δgauge| = 0.004808829145801739)
└ @ TensorKitChainRulesCoreExt ~/.julia/packages/TensorKit/esxcj/ext/TensorKitChainRulesCoreExt/factorizations.jl:254
┌ Warning: `svd` cotangents sensitive to gauge choice: (|Δgauge| = 2.499167078234868e-7)
└ @ TensorKitChainRulesCoreExt ~/.julia/packages/TensorKit/esxcj/ext/TensorKitChainRulesCoreExt/factorizations.jl:254
┌ Warning: `svd` cotangents sensitive to gauge choice: (|Δgauge| = 0.0048087030132967865)
└ @ TensorKitChainRulesCoreExt ~/.julia/packages/TensorKit/esxcj/ext/TensorKitChainRulesCoreExt/factorizations.jl:254
[ Info: LBFGS: iter   31, time 2366.50 s: f = -2.579368816560, ‖∇f‖ = 1.8321e-03, α = 1.00e+00, m = 3, nfg = 1
[ Info: CTMRG init:	obj = +1.082978465585e+01	err = 1.0000e+00
[ Info: CTMRG conv 15:	obj = +1.082999532492e+01	err = 3.9312325062e-10	time = 16.63 sec
┌ Warning: `svd` cotangents sensitive to gauge choice: (|Δgauge| = 0.004236225586074841)
└ @ TensorKitChainRulesCoreExt ~/.julia/packages/TensorKit/esxcj/ext/TensorKitChainRulesCoreExt/factorizations.jl:254
┌ Warning: `svd` cotangents sensitive to gauge choice: (|Δgauge| = 8.408368043031032e-8)
└ @ TensorKitChainRulesCoreExt ~/.julia/packages/TensorKit/esxcj/ext/TensorKitChainRulesCoreExt/factorizations.jl:254
┌ Warning: `svd` cotangents sensitive to gauge choice: (|Δgauge| = 0.004236225814285392)
└ @ TensorKitChainRulesCoreExt ~/.julia/packages/TensorKit/esxcj/ext/TensorKitChainRulesCoreExt/factorizations.jl:254
[ Info: LBFGS: iter   32, time 2389.96 s: f = -2.579406227485, ‖∇f‖ = 3.2720e-03, α = 1.00e+00, m = 3, nfg = 1
[ Info: CTMRG init:	obj = +1.099004424091e+01	err = 1.0000e+00
[ Info: CTMRG conv 15:	obj = +1.099071667704e+01	err = 4.5970134203e-10	time = 16.89 sec
┌ Warning: `svd` cotangents sensitive to gauge choice: (|Δgauge| = 0.006021864821549365)
└ @ TensorKitChainRulesCoreExt ~/.julia/packages/TensorKit/esxcj/ext/TensorKitChainRulesCoreExt/factorizations.jl:254
┌ Warning: `svd` cotangents sensitive to gauge choice: (|Δgauge| = 4.4949736189010754e-8)
└ @ TensorKitChainRulesCoreExt ~/.julia/packages/TensorKit/esxcj/ext/TensorKitChainRulesCoreExt/factorizations.jl:254
┌ Warning: `svd` cotangents sensitive to gauge choice: (|Δgauge| = 0.006021866317637979)
└ @ TensorKitChainRulesCoreExt ~/.julia/packages/TensorKit/esxcj/ext/TensorKitChainRulesCoreExt/factorizations.jl:254
[ Info: LBFGS: iter   33, time 2412.24 s: f = -2.579470354476, ‖∇f‖ = 3.7711e-03, α = 1.00e+00, m = 3, nfg = 1
[ Info: CTMRG init:	obj = +1.142853451024e+01	err = 1.0000e+00
[ Info: CTMRG conv 15:	obj = +1.143354421349e+01	err = 7.3981975252e-10	time = 16.16 sec
┌ Warning: `svd` cotangents sensitive to gauge choice: (|Δgauge| = 0.012299550625081018)
└ @ TensorKitChainRulesCoreExt ~/.julia/packages/TensorKit/esxcj/ext/TensorKitChainRulesCoreExt/factorizations.jl:254
┌ Warning: `svd` cotangents sensitive to gauge choice: (|Δgauge| = 6.235245842646375e-9)
└ @ TensorKitChainRulesCoreExt ~/.julia/packages/TensorKit/esxcj/ext/TensorKitChainRulesCoreExt/factorizations.jl:254
┌ Warning: `svd` cotangents sensitive to gauge choice: (|Δgauge| = 0.01229955385088572)
└ @ TensorKitChainRulesCoreExt ~/.julia/packages/TensorKit/esxcj/ext/TensorKitChainRulesCoreExt/factorizations.jl:254
[ Info: CTMRG init:	obj = +1.120376719223e+01	err = 1.0000e+00
[ Info: CTMRG conv 15:	obj = +1.120487276491e+01	err = 5.2610365182e-10	time = 18.21 sec
┌ Warning: `svd` cotangents sensitive to gauge choice: (|Δgauge| = 0.008946918412073958)
└ @ TensorKitChainRulesCoreExt ~/.julia/packages/TensorKit/esxcj/ext/TensorKitChainRulesCoreExt/factorizations.jl:254
┌ Warning: `svd` cotangents sensitive to gauge choice: (|Δgauge| = 1.647480792917364e-8)
└ @ TensorKitChainRulesCoreExt ~/.julia/packages/TensorKit/esxcj/ext/TensorKitChainRulesCoreExt/factorizations.jl:254
┌ Warning: `svd` cotangents sensitive to gauge choice: (|Δgauge| = 0.008946921214027646)
└ @ TensorKitChainRulesCoreExt ~/.julia/packages/TensorKit/esxcj/ext/TensorKitChainRulesCoreExt/factorizations.jl:254
[ Info: LBFGS: iter   34, time 2457.36 s: f = -2.579528104337, ‖∇f‖ = 1.3008e-02, α = 4.62e-01, m = 3, nfg = 2
[ Info: CTMRG init:	obj = +1.147525345656e+01	err = 1.0000e+00
[ Info: CTMRG conv 15:	obj = +1.147913219308e+01	err = 7.6538075151e-10	time = 16.91 sec
┌ Warning: `svd` cotangents sensitive to gauge choice: (|Δgauge| = 0.01452287417247389)
└ @ TensorKitChainRulesCoreExt ~/.julia/packages/TensorKit/esxcj/ext/TensorKitChainRulesCoreExt/factorizations.jl:254
┌ Warning: `svd` cotangents sensitive to gauge choice: (|Δgauge| = 7.048544057322177e-9)
└ @ TensorKitChainRulesCoreExt ~/.julia/packages/TensorKit/esxcj/ext/TensorKitChainRulesCoreExt/factorizations.jl:254
┌ Warning: `svd` cotangents sensitive to gauge choice: (|Δgauge| = 0.014522877373956425)
└ @ TensorKitChainRulesCoreExt ~/.julia/packages/TensorKit/esxcj/ext/TensorKitChainRulesCoreExt/factorizations.jl:254
[ Info: LBFGS: iter   35, time 2479.78 s: f = -2.579698354386, ‖∇f‖ = 4.4390e-03, α = 1.00e+00, m = 3, nfg = 1
[ Info: CTMRG init:	obj = +1.142398412036e+01	err = 1.0000e+00
[ Info: CTMRG conv 16:	obj = +1.142404321526e+01	err = 8.0273733849e-10	time = 17.88 sec
┌ Warning: `svd` cotangents sensitive to gauge choice: (|Δgauge| = 0.015506955781936994)
└ @ TensorKitChainRulesCoreExt ~/.julia/packages/TensorKit/esxcj/ext/TensorKitChainRulesCoreExt/factorizations.jl:254
┌ Warning: `svd` cotangents sensitive to gauge choice: (|Δgauge| = 3.783209856117849e-9)
└ @ TensorKitChainRulesCoreExt ~/.julia/packages/TensorKit/esxcj/ext/TensorKitChainRulesCoreExt/factorizations.jl:254
┌ Warning: `svd` cotangents sensitive to gauge choice: (|Δgauge| = 0.015506954506292504)
└ @ TensorKitChainRulesCoreExt ~/.julia/packages/TensorKit/esxcj/ext/TensorKitChainRulesCoreExt/factorizations.jl:254
[ Info: LBFGS: iter   36, time 2503.28 s: f = -2.579779389997, ‖∇f‖ = 2.4656e-03, α = 1.00e+00, m = 3, nfg = 1
[ Info: CTMRG init:	obj = +1.140195692338e+01	err = 1.0000e+00
[ Info: CTMRG conv 16:	obj = +1.140205381024e+01	err = 9.3774635156e-10	time = 17.97 sec
┌ Warning: `svd` cotangents sensitive to gauge choice: (|Δgauge| = 0.01743596695191554)
└ @ TensorKitChainRulesCoreExt ~/.julia/packages/TensorKit/esxcj/ext/TensorKitChainRulesCoreExt/factorizations.jl:254
┌ Warning: `svd` cotangents sensitive to gauge choice: (|Δgauge| = 4.863314053654566e-9)
└ @ TensorKitChainRulesCoreExt ~/.julia/packages/TensorKit/esxcj/ext/TensorKitChainRulesCoreExt/factorizations.jl:254
┌ Warning: `svd` cotangents sensitive to gauge choice: (|Δgauge| = 0.017435965523990765)
└ @ TensorKitChainRulesCoreExt ~/.julia/packages/TensorKit/esxcj/ext/TensorKitChainRulesCoreExt/factorizations.jl:254
[ Info: LBFGS: iter   37, time 2526.85 s: f = -2.579835330904, ‖∇f‖ = 1.9824e-03, α = 1.00e+00, m = 3, nfg = 1
[ Info: CTMRG init:	obj = +1.143467802949e+01	err = 1.0000e+00
[ Info: CTMRG conv 15:	obj = +1.143477098161e+01	err = 9.9190770596e-10	time = 17.45 sec
┌ Warning: `svd` cotangents sensitive to gauge choice: (|Δgauge| = 0.019500628045524517)
└ @ TensorKitChainRulesCoreExt ~/.julia/packages/TensorKit/esxcj/ext/TensorKitChainRulesCoreExt/factorizations.jl:254
┌ Warning: `svd` cotangents sensitive to gauge choice: (|Δgauge| = 1.2616417772823622e-8)
└ @ TensorKitChainRulesCoreExt ~/.julia/packages/TensorKit/esxcj/ext/TensorKitChainRulesCoreExt/factorizations.jl:254
┌ Warning: `svd` cotangents sensitive to gauge choice: (|Δgauge| = 0.019500632228108522)
└ @ TensorKitChainRulesCoreExt ~/.julia/packages/TensorKit/esxcj/ext/TensorKitChainRulesCoreExt/factorizations.jl:254
[ Info: LBFGS: iter   38, time 2549.79 s: f = -2.579877484235, ‖∇f‖ = 2.4351e-03, α = 1.00e+00, m = 3, nfg = 1
[ Info: CTMRG init:	obj = +1.156124943001e+01	err = 1.0000e+00
[ Info: CTMRG conv 16:	obj = +1.156316109419e+01	err = 6.6022028324e-10	time = 17.92 sec
┌ Warning: `svd` cotangents sensitive to gauge choice: (|Δgauge| = 0.027329692695353836)
└ @ TensorKitChainRulesCoreExt ~/.julia/packages/TensorKit/esxcj/ext/TensorKitChainRulesCoreExt/factorizations.jl:254
┌ Warning: `svd` cotangents sensitive to gauge choice: (|Δgauge| = 1.3200778801527526e-8)
└ @ TensorKitChainRulesCoreExt ~/.julia/packages/TensorKit/esxcj/ext/TensorKitChainRulesCoreExt/factorizations.jl:254
┌ Warning: `svd` cotangents sensitive to gauge choice: (|Δgauge| = 0.027329691151471963)
└ @ TensorKitChainRulesCoreExt ~/.julia/packages/TensorKit/esxcj/ext/TensorKitChainRulesCoreExt/factorizations.jl:254
[ Info: CTMRG init:	obj = +1.148528775214e+01	err = 1.0000e+00
[ Info: CTMRG conv 16:	obj = +1.148554447348e+01	err = 1.9781437498e-10	time = 18.85 sec
┌ Warning: `svd` cotangents sensitive to gauge choice: (|Δgauge| = 0.02239587157064758)
└ @ TensorKitChainRulesCoreExt ~/.julia/packages/TensorKit/esxcj/ext/TensorKitChainRulesCoreExt/factorizations.jl:254
┌ Warning: `svd` cotangents sensitive to gauge choice: (|Δgauge| = 7.529681056990388e-9)
└ @ TensorKitChainRulesCoreExt ~/.julia/packages/TensorKit/esxcj/ext/TensorKitChainRulesCoreExt/factorizations.jl:254
┌ Warning: `svd` cotangents sensitive to gauge choice: (|Δgauge| = 0.02239587003723645)
└ @ TensorKitChainRulesCoreExt ~/.julia/packages/TensorKit/esxcj/ext/TensorKitChainRulesCoreExt/factorizations.jl:254
[ Info: LBFGS: iter   39, time 2598.25 s: f = -2.579917778979, ‖∇f‖ = 7.6137e-03, α = 3.70e-01, m = 3, nfg = 2
[ Info: CTMRG init:	obj = +1.163860683687e+01	err = 1.0000e+00
[ Info: CTMRG conv 15:	obj = +1.163926459299e+01	err = 4.2619266211e-10	time = 17.85 sec
┌ Warning: `svd` cotangents sensitive to gauge choice: (|Δgauge| = 0.027384595046070718)
└ @ TensorKitChainRulesCoreExt ~/.julia/packages/TensorKit/esxcj/ext/TensorKitChainRulesCoreExt/factorizations.jl:254
┌ Warning: `svd` cotangents sensitive to gauge choice: (|Δgauge| = 2.406089432625779e-8)
└ @ TensorKitChainRulesCoreExt ~/.julia/packages/TensorKit/esxcj/ext/TensorKitChainRulesCoreExt/factorizations.jl:254
┌ Warning: `svd` cotangents sensitive to gauge choice: (|Δgauge| = 0.027384599011722154)
└ @ TensorKitChainRulesCoreExt ~/.julia/packages/TensorKit/esxcj/ext/TensorKitChainRulesCoreExt/factorizations.jl:254
[ Info: LBFGS: iter   40, time 2621.21 s: f = -2.580017198560, ‖∇f‖ = 5.4007e-03, α = 1.00e+00, m = 3, nfg = 1
[ Info: CTMRG init:	obj = +1.183876728293e+01	err = 1.0000e+00
[ Info: CTMRG conv 16:	obj = +1.183926855106e+01	err = 3.2792880446e-10	time = 21.58 sec
┌ Warning: `svd` cotangents sensitive to gauge choice: (|Δgauge| = 0.031262078986711045)
└ @ TensorKitChainRulesCoreExt ~/.julia/packages/TensorKit/esxcj/ext/TensorKitChainRulesCoreExt/factorizations.jl:254
┌ Warning: `svd` cotangents sensitive to gauge choice: (|Δgauge| = 1.1453999796508205e-8)
└ @ TensorKitChainRulesCoreExt ~/.julia/packages/TensorKit/esxcj/ext/TensorKitChainRulesCoreExt/factorizations.jl:254
┌ Warning: `svd` cotangents sensitive to gauge choice: (|Δgauge| = 0.031262077767245613)
└ @ TensorKitChainRulesCoreExt ~/.julia/packages/TensorKit/esxcj/ext/TensorKitChainRulesCoreExt/factorizations.jl:254
[ Info: LBFGS: iter   41, time 2648.20 s: f = -2.580116623048, ‖∇f‖ = 1.9196e-03, α = 1.00e+00, m = 3, nfg = 1
[ Info: CTMRG init:	obj = +1.197668239059e+01	err = 1.0000e+00
[ Info: CTMRG conv 15:	obj = +1.197690155042e+01	err = 7.4070064444e-10	time = 18.05 sec
┌ Warning: `svd` cotangents sensitive to gauge choice: (|Δgauge| = 0.033856595987829335)
└ @ TensorKitChainRulesCoreExt ~/.julia/packages/TensorKit/esxcj/ext/TensorKitChainRulesCoreExt/factorizations.jl:254
┌ Warning: `svd` cotangents sensitive to gauge choice: (|Δgauge| = 2.4574941857024314e-8)
└ @ TensorKitChainRulesCoreExt ~/.julia/packages/TensorKit/esxcj/ext/TensorKitChainRulesCoreExt/factorizations.jl:254
┌ Warning: `svd` cotangents sensitive to gauge choice: (|Δgauge| = 0.033856598977915084)
└ @ TensorKitChainRulesCoreExt ~/.julia/packages/TensorKit/esxcj/ext/TensorKitChainRulesCoreExt/factorizations.jl:254
[ Info: LBFGS: iter   42, time 2671.58 s: f = -2.580151027288, ‖∇f‖ = 1.2445e-03, α = 1.00e+00, m = 3, nfg = 1
[ Info: CTMRG init:	obj = +1.206330793329e+01	err = 1.0000e+00
[ Info: CTMRG conv 15:	obj = +1.206342887335e+01	err = 2.2559611064e-10	time = 19.21 sec
┌ Warning: `svd` cotangents sensitive to gauge choice: (|Δgauge| = 0.03594010855391369)
└ @ TensorKitChainRulesCoreExt ~/.julia/packages/TensorKit/esxcj/ext/TensorKitChainRulesCoreExt/factorizations.jl:254
┌ Warning: `svd` cotangents sensitive to gauge choice: (|Δgauge| = 2.363874567320593e-8)
└ @ TensorKitChainRulesCoreExt ~/.julia/packages/TensorKit/esxcj/ext/TensorKitChainRulesCoreExt/factorizations.jl:254
┌ Warning: `svd` cotangents sensitive to gauge choice: (|Δgauge| = 0.03594011128024043)
└ @ TensorKitChainRulesCoreExt ~/.julia/packages/TensorKit/esxcj/ext/TensorKitChainRulesCoreExt/factorizations.jl:254
[ Info: LBFGS: iter   43, time 2712.52 s: f = -2.580177348571, ‖∇f‖ = 1.2030e-03, α = 1.00e+00, m = 3, nfg = 1
[ Info: CTMRG init:	obj = +1.265858131738e+01	err = 1.0000e+00
[ Info: CTMRG conv 15:	obj = +1.266454923082e+01	err = 8.1506995397e-10	time = 19.62 sec
┌ Warning: `svd` cotangents sensitive to gauge choice: (|Δgauge| = 0.039971276861591215)
└ @ TensorKitChainRulesCoreExt ~/.julia/packages/TensorKit/esxcj/ext/TensorKitChainRulesCoreExt/factorizations.jl:254
┌ Warning: `svd` cotangents sensitive to gauge choice: (|Δgauge| = 2.46227189303209e-9)
└ @ TensorKitChainRulesCoreExt ~/.julia/packages/TensorKit/esxcj/ext/TensorKitChainRulesCoreExt/factorizations.jl:254
┌ Warning: `svd` cotangents sensitive to gauge choice: (|Δgauge| = 0.039971278350425604)
└ @ TensorKitChainRulesCoreExt ~/.julia/packages/TensorKit/esxcj/ext/TensorKitChainRulesCoreExt/factorizations.jl:254
[ Info: CTMRG init:	obj = +1.213354285493e+01	err = 1.0000e+00
[ Info: CTMRG conv 15:	obj = +1.213362390231e+01	err = 4.2027196128e-10	time = 17.88 sec
┌ Warning: `svd` cotangents sensitive to gauge choice: (|Δgauge| = 0.03642202615489354)
└ @ TensorKitChainRulesCoreExt ~/.julia/packages/TensorKit/esxcj/ext/TensorKitChainRulesCoreExt/factorizations.jl:254
┌ Warning: `svd` cotangents sensitive to gauge choice: (|Δgauge| = 1.8404498322656684e-8)
└ @ TensorKitChainRulesCoreExt ~/.julia/packages/TensorKit/esxcj/ext/TensorKitChainRulesCoreExt/factorizations.jl:254
┌ Warning: `svd` cotangents sensitive to gauge choice: (|Δgauge| = 0.036422028719516275)
└ @ TensorKitChainRulesCoreExt ~/.julia/packages/TensorKit/esxcj/ext/TensorKitChainRulesCoreExt/factorizations.jl:254
[ Info: LBFGS: iter   44, time 2759.96 s: f = -2.580188753419, ‖∇f‖ = 4.3890e-03, α = 1.13e-01, m = 3, nfg = 2
[ Info: CTMRG init:	obj = +1.227143090938e+01	err = 1.0000e+00
[ Info: CTMRG conv 15:	obj = +1.227192875666e+01	err = 1.9245029020e-10	time = 18.50 sec
┌ Warning: `svd` cotangents sensitive to gauge choice: (|Δgauge| = 0.04068643656119675)
└ @ TensorKitChainRulesCoreExt ~/.julia/packages/TensorKit/esxcj/ext/TensorKitChainRulesCoreExt/factorizations.jl:254
┌ Warning: `svd` cotangents sensitive to gauge choice: (|Δgauge| = 1.6533857211145427e-8)
└ @ TensorKitChainRulesCoreExt ~/.julia/packages/TensorKit/esxcj/ext/TensorKitChainRulesCoreExt/factorizations.jl:254
┌ Warning: `svd` cotangents sensitive to gauge choice: (|Δgauge| = 0.0406864386755202)
└ @ TensorKitChainRulesCoreExt ~/.julia/packages/TensorKit/esxcj/ext/TensorKitChainRulesCoreExt/factorizations.jl:254
[ Info: LBFGS: iter   45, time 2783.28 s: f = -2.580241150656, ‖∇f‖ = 1.6963e-03, α = 1.00e+00, m = 3, nfg = 1
[ Info: CTMRG init:	obj = +1.234253617184e+01	err = 1.0000e+00
[ Info: CTMRG conv 14:	obj = +1.234272037475e+01	err = 8.7001161480e-10	time = 17.38 sec
┌ Warning: `svd` cotangents sensitive to gauge choice: (|Δgauge| = 0.04314797372937956)
└ @ TensorKitChainRulesCoreExt ~/.julia/packages/TensorKit/esxcj/ext/TensorKitChainRulesCoreExt/factorizations.jl:254
┌ Warning: `svd` cotangents sensitive to gauge choice: (|Δgauge| = 3.1210644961664384e-8)
└ @ TensorKitChainRulesCoreExt ~/.julia/packages/TensorKit/esxcj/ext/TensorKitChainRulesCoreExt/factorizations.jl:254
┌ Warning: `svd` cotangents sensitive to gauge choice: (|Δgauge| = 0.04314796711970381)
└ @ TensorKitChainRulesCoreExt ~/.julia/packages/TensorKit/esxcj/ext/TensorKitChainRulesCoreExt/factorizations.jl:254
[ Info: LBFGS: iter   46, time 2805.13 s: f = -2.580267620302, ‖∇f‖ = 1.2388e-03, α = 1.00e+00, m = 3, nfg = 1
[ Info: CTMRG init:	obj = +1.237539241634e+01	err = 1.0000e+00
[ Info: CTMRG conv 14:	obj = +1.237549084784e+01	err = 6.2568658759e-10	time = 17.53 sec
┌ Warning: `svd` cotangents sensitive to gauge choice: (|Δgauge| = 0.04477423421594054)
└ @ TensorKitChainRulesCoreExt ~/.julia/packages/TensorKit/esxcj/ext/TensorKitChainRulesCoreExt/factorizations.jl:254
┌ Warning: `svd` cotangents sensitive to gauge choice: (|Δgauge| = 2.5513112917613504e-8)
└ @ TensorKitChainRulesCoreExt ~/.julia/packages/TensorKit/esxcj/ext/TensorKitChainRulesCoreExt/factorizations.jl:254
┌ Warning: `svd` cotangents sensitive to gauge choice: (|Δgauge| = 0.04477422815567744)
└ @ TensorKitChainRulesCoreExt ~/.julia/packages/TensorKit/esxcj/ext/TensorKitChainRulesCoreExt/factorizations.jl:254
[ Info: LBFGS: iter   47, time 2827.32 s: f = -2.580292003432, ‖∇f‖ = 1.0991e-03, α = 1.00e+00, m = 3, nfg = 1
[ Info: CTMRG init:	obj = +1.229327970870e+01	err = 1.0000e+00
[ Info: CTMRG conv 16:	obj = +1.229340737632e+01	err = 2.4650523883e-10	time = 19.53 sec
┌ Warning: `svd` cotangents sensitive to gauge choice: (|Δgauge| = 0.04466367700290198)
└ @ TensorKitChainRulesCoreExt ~/.julia/packages/TensorKit/esxcj/ext/TensorKitChainRulesCoreExt/factorizations.jl:254
┌ Warning: `svd` cotangents sensitive to gauge choice: (|Δgauge| = 5.420809020365019e-9)
└ @ TensorKitChainRulesCoreExt ~/.julia/packages/TensorKit/esxcj/ext/TensorKitChainRulesCoreExt/factorizations.jl:254
┌ Warning: `svd` cotangents sensitive to gauge choice: (|Δgauge| = 0.044663676418421304)
└ @ TensorKitChainRulesCoreExt ~/.julia/packages/TensorKit/esxcj/ext/TensorKitChainRulesCoreExt/factorizations.jl:254
[ Info: LBFGS: iter   48, time 2851.70 s: f = -2.580296484059, ‖∇f‖ = 4.5951e-03, α = 1.00e+00, m = 3, nfg = 1
[ Info: CTMRG init:	obj = +1.237889477908e+01	err = 1.0000e+00
[ Info: CTMRG conv 15:	obj = +1.237906451394e+01	err = 8.6332449970e-10	time = 18.40 sec
┌ Warning: `svd` cotangents sensitive to gauge choice: (|Δgauge| = 0.04555823151863451)
└ @ TensorKitChainRulesCoreExt ~/.julia/packages/TensorKit/esxcj/ext/TensorKitChainRulesCoreExt/factorizations.jl:254
┌ Warning: `svd` cotangents sensitive to gauge choice: (|Δgauge| = 8.383864721159933e-9)
└ @ TensorKitChainRulesCoreExt ~/.julia/packages/TensorKit/esxcj/ext/TensorKitChainRulesCoreExt/factorizations.jl:254
┌ Warning: `svd` cotangents sensitive to gauge choice: (|Δgauge| = 0.04555823307802069)
└ @ TensorKitChainRulesCoreExt ~/.julia/packages/TensorKit/esxcj/ext/TensorKitChainRulesCoreExt/factorizations.jl:254
[ Info: LBFGS: iter   49, time 2874.73 s: f = -2.580314385186, ‖∇f‖ = 1.5531e-03, α = 1.00e+00, m = 3, nfg = 1
[ Info: CTMRG init:	obj = +1.236835522550e+01	err = 1.0000e+00
[ Info: CTMRG conv 14:	obj = +1.236836249625e+01	err = 4.5248272313e-10	time = 17.85 sec
┌ Warning: `svd` cotangents sensitive to gauge choice: (|Δgauge| = 0.04535271126460843)
└ @ TensorKitChainRulesCoreExt ~/.julia/packages/TensorKit/esxcj/ext/TensorKitChainRulesCoreExt/factorizations.jl:254
┌ Warning: `svd` cotangents sensitive to gauge choice: (|Δgauge| = 2.0375803689429633e-8)
└ @ TensorKitChainRulesCoreExt ~/.julia/packages/TensorKit/esxcj/ext/TensorKitChainRulesCoreExt/factorizations.jl:254
┌ Warning: `svd` cotangents sensitive to gauge choice: (|Δgauge| = 0.04535270561300924)
└ @ TensorKitChainRulesCoreExt ~/.julia/packages/TensorKit/esxcj/ext/TensorKitChainRulesCoreExt/factorizations.jl:254
[ Info: LBFGS: converged after 50 iterations and time 2897.33 s: f = -2.580316876595, ‖∇f‖ = 6.2019e-04
