  Installing known registries into `~/.julia`
       Added `General` registry to ~/.julia/registries
    Updating registry at `~/.julia/registries/General.toml`
   Installed GPUArraysCore ─────────────── v0.2.0
   Installed RealDot ───────────────────── v0.1.0
   Installed IrrationalConstants ───────── v0.2.4
   Installed TaskLocalValues ───────────── v0.1.2
   Installed IRTools ───────────────────── v0.4.14
   Installed JLD2 ──────────────────────── v0.5.12
   Installed BlockTensorKit ────────────── v0.1.6
   Installed OhMyThreads ───────────────── v0.7.0
   Installed DiffRules ─────────────────── v1.15.1
   Installed IntegerMathUtils ──────────── v0.1.2
   Installed LRUCache ──────────────────── v1.6.2
   Installed TableTraits ───────────────── v1.0.1
   Installed PtrArrays ─────────────────── v1.3.0
   Installed Accessors ─────────────────── v0.1.42
   Installed Adapt ─────────────────────── v4.3.0
   Installed Preferences ───────────────── v1.4.3
   Installed LoggingExtras ─────────────── v1.0.3
   Installed DiffResults ───────────────── v1.1.0
   Installed OptimKit ──────────────────── v0.4.0
   Installed WignerSymbols ─────────────── v2.0.0
   Installed HashArrayMappedTries ──────── v0.2.0
   Installed Tables ────────────────────── v1.12.0
   Installed SpecialFunctions ──────────── v2.5.0
   Installed ChunkSplitters ────────────── v3.1.2
   Installed TensorKit ─────────────────── v0.14.5
   Installed RecipesBase ───────────────── v1.3.4
   Installed DataAPI ───────────────────── v1.16.0
   Installed Primes ────────────────────── v0.5.7
   Installed StaticArrays ──────────────── v1.9.13
   Installed Zygote ────────────────────── v0.7.6
   Installed AbstractFFTs ──────────────── v1.5.0
   Installed BlockArrays ───────────────── v1.6.0
   Installed MPSKit ────────────────────── v0.12.6
   Installed JLLWrappers ───────────────── v1.7.0
   Installed Richardson ────────────────── v1.4.2
   Installed StaticArraysCore ──────────── v1.4.3
   Installed FiniteDifferences ─────────── v0.12.32
   Installed IteratorInterfaceExtensions ─ v1.0.0
   Installed ConstructionBase ──────────── v1.5.8
   Installed NaNMath ───────────────────── v1.1.3
   Installed StructArrays ──────────────── v0.7.1
   Installed RationalRoots ─────────────── v0.2.1
   Installed DataValueInterfaces ───────── v1.0.0
   Installed OrderedCollections ────────── v1.8.0
   Installed PrecompileTools ───────────── v1.2.1
   Installed TensorKitSectors ──────────── v0.1.4
   Installed StableTasks ───────────────── v0.1.7
   Installed TranscodingStreams ────────── v0.11.3
   Installed ScopedValues ──────────────── v1.3.0
   Installed InitialValues ─────────────── v0.3.1
   Installed VectorInterface ───────────── v0.5.0
   Installed ChainRulesCore ────────────── v1.25.1
   Installed ForwardDiff ───────────────── v1.0.1
   Installed FileIO ────────────────────── v1.17.0
   Installed FillArrays ────────────────── v1.13.0
   Installed MPSKitModels ──────────────── v0.4.0
   Installed Requires ──────────────────── v1.3.1
   Installed LogExpFunctions ───────────── v0.3.29
   Installed Statistics ────────────────── v1.11.1
   Installed CommonSubexpressions ──────── v0.3.1
   Installed ChainRules ────────────────── v1.72.3
   Installed ZygoteRules ───────────────── v0.2.7
   Installed StridedViews ──────────────── v0.4.1
   Installed BangBang ──────────────────── v0.4.4
   Installed Strided ───────────────────── v2.3.0
   Installed Compat ────────────────────── v4.16.0
   Installed TensorKitManifolds ────────── v0.7.2
   Installed MacroTools ────────────────── v0.5.15
   Installed PackageExtensionCompat ────── v1.0.2
   Installed HalfIntegers ──────────────── v1.6.0
   Installed CompositionsBase ──────────── v0.1.2
   Installed OpenSpecFun_jll ───────────── v0.5.6+0
   Installed SparseInverseSubset ───────── v0.1.2
   Installed TupleTools ────────────────── v1.6.0
   Installed InverseFunctions ──────────── v0.1.17
   Installed TensorOperations ──────────── v5.2.0
   Installed ArrayLayouts ──────────────── v1.11.1
   Installed KrylovKit ─────────────────── v0.9.5
   Installed DocStringExtensions ───────── v0.9.4
   Installed PEPSKit ───────────────────── v0.5.0
    Updating `/var/lib/condor/execute/dir_3060/Project.toml`
  [d360d2e6] + ChainRulesCore v1.25.1
  [033835bb] + JLD2 v0.5.12
  [0b1a1467] + KrylovKit v0.9.5
  [bb1c41ca] + MPSKit v0.12.6
  [ca635005] + MPSKitModels v0.4.0
  [77e91f04] + OptimKit v0.4.0
  [52969e89] + PEPSKit v0.5.0
  [07d1fe3e] + TensorKit v0.14.5
  [409d34a3] + VectorInterface v0.5.0
  [e88e6eb3] + Zygote v0.7.6
  [37e2e46d] ~ LinearAlgebra ⇒ v1.11.0
    Updating `/var/lib/condor/execute/dir_3060/Manifest.toml`
  [621f4979] + AbstractFFTs v1.5.0
  [7d9f7c33] + Accessors v0.1.42
  [79e6a3ab] + Adapt v4.3.0
  [4c555306] + ArrayLayouts v1.11.1
  [198e06fe] + BangBang v0.4.4
  [8e7c35d0] + BlockArrays v1.6.0
  [5f87ffc2] + BlockTensorKit v0.1.6
  [082447d4] + ChainRules v1.72.3
  [d360d2e6] + ChainRulesCore v1.25.1
  [ae650224] + ChunkSplitters v3.1.2
  [bbf7d656] + CommonSubexpressions v0.3.1
  [34da2185] + Compat v4.16.0
  [a33af91c] + CompositionsBase v0.1.2
  [187b0558] + ConstructionBase v1.5.8
  [9a962f9c] + DataAPI v1.16.0
  [e2d170a0] + DataValueInterfaces v1.0.0
  [163ba53b] + DiffResults v1.1.0
  [b552c78f] + DiffRules v1.15.1
  [ffbed154] + DocStringExtensions v0.9.4
  [5789e2e9] + FileIO v1.17.0
  [1a297f60] + FillArrays v1.13.0
  [26cc04aa] + FiniteDifferences v0.12.32
  [f6369f11] + ForwardDiff v1.0.1
  [46192b85] + GPUArraysCore v0.2.0
  [f0d1745a] + HalfIntegers v1.6.0
  [076d061b] + HashArrayMappedTries v0.2.0
  [7869d1d1] + IRTools v0.4.14
  [22cec73e] + InitialValues v0.3.1
  [18e54dd8] + IntegerMathUtils v0.1.2
  [3587e190] + InverseFunctions v0.1.17
  [92d709cd] + IrrationalConstants v0.2.4
  [82899510] + IteratorInterfaceExtensions v1.0.0
  [033835bb] + JLD2 v0.5.12
  [692b3bcd] + JLLWrappers v1.7.0
  [0b1a1467] + KrylovKit v0.9.5
  [8ac3fa9e] + LRUCache v1.6.2
  [2ab3a3ac] + LogExpFunctions v0.3.29
⌅ [e6f89c97] + LoggingExtras v1.0.3
  [bb1c41ca] + MPSKit v0.12.6
  [ca635005] + MPSKitModels v0.4.0
  [1914dd2f] + MacroTools v0.5.15
  [77ba4419] + NaNMath v1.1.3
⌅ [67456a42] + OhMyThreads v0.7.0
  [77e91f04] + OptimKit v0.4.0
  [bac558e1] + OrderedCollections v1.8.0
  [52969e89] + PEPSKit v0.5.0
  [65ce6f38] + PackageExtensionCompat v1.0.2
⌅ [aea7be01] + PrecompileTools v1.2.1
  [21216c6a] + Preferences v1.4.3
  [27ebfcd6] + Primes v0.5.7
  [43287f4e] + PtrArrays v1.3.0
  [308eb6b3] + RationalRoots v0.2.1
  [c1ae055f] + RealDot v0.1.0
  [3cdcf5f2] + RecipesBase v1.3.4
  [ae029012] + Requires v1.3.1
  [708f8203] + Richardson v1.4.2
  [7e506255] + ScopedValues v1.3.0
  [dc90abb0] + SparseInverseSubset v0.1.2
  [276daf66] + SpecialFunctions v2.5.0
  [91464d47] + StableTasks v0.1.7
  [90137ffa] + StaticArrays v1.9.13
  [1e83bf80] + StaticArraysCore v1.4.3
  [10745b16] + Statistics v1.11.1
  [5e0ebb24] + Strided v2.3.0
  [4db3bf67] + StridedViews v0.4.1
  [09ab397b] + StructArrays v0.7.1
  [3783bdb8] + TableTraits v1.0.1
  [bd369af6] + Tables v1.12.0
  [ed4db957] + TaskLocalValues v0.1.2
  [07d1fe3e] + TensorKit v0.14.5
  [11fa318c] + TensorKitManifolds v0.7.2
  [13a9c161] + TensorKitSectors v0.1.4
  [6aa20fa7] + TensorOperations v5.2.0
  [3bb67fe8] + TranscodingStreams v0.11.3
  [9d95972d] + TupleTools v1.6.0
  [409d34a3] + VectorInterface v0.5.0
  [9f57e263] + WignerSymbols v2.0.0
  [e88e6eb3] + Zygote v0.7.6
  [700de1a5] + ZygoteRules v0.2.7
  [efe28fd5] + OpenSpecFun_jll v0.5.6+0
  [0dad84c5] + ArgTools v1.1.2
  [56f22d72] + Artifacts v1.11.0
  [2a0f44e3] + Base64 v1.11.0
  [ade2ca70] + Dates v1.11.0
  [8ba89e20] + Distributed v1.11.0
  [f43a241f] + Downloads v1.6.0
  [7b1f6079] + FileWatching v1.11.0
  [b77e0a4c] + InteractiveUtils v1.11.0
  [b27032c2] + LibCURL v0.6.4
  [76f85450] + LibGit2 v1.11.0
  [8f399da3] + Libdl v1.11.0
  [37e2e46d] + LinearAlgebra v1.11.0
  [56ddb016] + Logging v1.11.0
  [d6f4376e] + Markdown v1.11.0
  [a63ad114] + Mmap v1.11.0
  [ca575930] + NetworkOptions v1.2.0
  [44cfe95a] + Pkg v1.11.0
  [de0858da] + Printf v1.11.0
  [9a3f8284] + Random v1.11.0
  [ea8e919c] + SHA v0.7.0
  [9e88b42a] + Serialization v1.11.0
  [6462fe0b] + Sockets v1.11.0
  [2f01184e] + SparseArrays v1.11.0
  [4607b0f0] + SuiteSparse
  [fa267f1f] + TOML v1.0.3
  [a4e569a6] + Tar v1.10.0
  [cf7118a7] + UUIDs v1.11.0
  [4ec0a83e] + Unicode v1.11.0
  [e66e0078] + CompilerSupportLibraries_jll v1.1.1+0
  [deac9b47] + LibCURL_jll v8.6.0+0
  [e37daf67] + LibGit2_jll v1.7.2+0
  [29816b5a] + LibSSH2_jll v1.11.0+1
  [c8ffd9c3] + MbedTLS_jll v2.28.6+0
  [14a3606d] + MozillaCACerts_jll v2023.12.12
  [4536629a] + OpenBLAS_jll v0.3.27+1
  [05823500] + OpenLibm_jll v0.8.1+2
  [bea87d4a] + SuiteSparse_jll v7.7.0+0
  [83775a58] + Zlib_jll v1.2.13+1
  [8e850b90] + libblastrampoline_jll v5.11.0+0
  [8e850ede] + nghttp2_jll v1.59.0+0
  [3f19e933] + p7zip_jll v17.4.0+2
        Info Packages marked with ⌅ have new versions available but compatibility constraints restrict them from upgrading. To see why use `status --outdated -m`
Precompiling project...
    381.8 ms  ✓ DataValueInterfaces
    426.1 ms  ✓ TaskLocalValues
    393.0 ms  ✓ IntegerMathUtils
    400.9 ms  ✓ RealDot
    458.4 ms  ✓ Richardson
    489.6 ms  ✓ HalfIntegers
    483.7 ms  ✓ StableTasks
    469.5 ms  ✓ InverseFunctions
    497.0 ms  ✓ LRUCache
    597.7 ms  ✓ OrderedCollections
    574.1 ms  ✓ DocStringExtensions
    609.9 ms  ✓ AbstractFFTs
    616.1 ms  ✓ Statistics
    674.7 ms  ✓ VectorInterface
    371.9 ms  ✓ IteratorInterfaceExtensions
    384.2 ms  ✓ PackageExtensionCompat
    441.7 ms  ✓ DataAPI
    402.3 ms  ✓ CompositionsBase
    515.1 ms  ✓ ConstructionBase
    395.4 ms  ✓ PtrArrays
    462.0 ms  ✓ StaticArraysCore
   1061.1 ms  ✓ FillArrays
    570.5 ms  ✓ ChunkSplitters
    447.8 ms  ✓ RationalRoots
    494.7 ms  ✓ TupleTools
    449.6 ms  ✓ HashArrayMappedTries
   1168.2 ms  ✓ IrrationalConstants
    565.1 ms  ✓ TranscodingStreams
    527.7 ms  ✓ NaNMath
    546.0 ms  ✓ Requires
    864.0 ms  ✓ InitialValues
    590.0 ms  ✓ LoggingExtras
    561.0 ms  ✓ ConstructionBase → ConstructionBaseLinearAlgebraExt
    452.7 ms  ✓ InverseFunctions → InverseFunctionsDatesExt
    410.8 ms  ✓ TableTraits
    621.1 ms  ✓ Compat
    745.3 ms  ✓ SuiteSparse
    444.2 ms  ✓ CompositionsBase → CompositionsBaseInverseFunctionsExt
    633.4 ms  ✓ Primes
    532.7 ms  ✓ StridedViews
    643.9 ms  ✓ Statistics → SparseArraysExt
    455.0 ms  ✓ DiffResults
    462.6 ms  ✓ FillArrays → FillArraysStatisticsExt
    436.3 ms  ✓ LRUCache → SerializationExt
    425.8 ms  ✓ ScopedValues
    474.6 ms  ✓ Adapt
    767.6 ms  ✓ Preferences
    690.0 ms  ✓ FillArrays → FillArraysSparseArraysExt
    455.5 ms  ✓ Compat → CompatLinearAlgebraExt
    402.4 ms  ✓ StridedViews → StridedViewsPtrArraysExt
    677.1 ms  ✓ LogExpFunctions
    613.5 ms  ✓ SparseInverseSubset
    629.6 ms  ✓ Strided
    819.7 ms  ✓ Tables
    530.5 ms  ✓ GPUArraysCore
    495.8 ms  ✓ PrecompileTools
   2108.7 ms  ✓ MacroTools
    602.5 ms  ✓ Adapt → AdaptSparseArraysExt
    522.5 ms  ✓ JLLWrappers
    446.1 ms  ✓ LogExpFunctions → LogExpFunctionsInverseFunctionsExt
   1453.8 ms  ✓ KrylovKit
    504.3 ms  ✓ CommonSubexpressions
    603.3 ms  ✓ OpenSpecFun_jll
   1318.4 ms  ✓ OptimKit
    772.1 ms  ✓ StructArrays
   1311.5 ms  ✓ ChainRulesCore
    461.8 ms  ✓ StructArrays → StructArraysLinearAlgebraExt
    512.5 ms  ✓ StructArrays → StructArraysAdaptExt
    627.7 ms  ✓ StructArrays → StructArraysSparseArraysExt
    495.4 ms  ✓ AbstractFFTs → AbstractFFTsChainRulesCoreExt
    619.9 ms  ✓ ChainRulesCore → ChainRulesCoreSparseArraysExt
   2430.7 ms  ✓ WignerSymbols
   1600.1 ms  ✓ RecipesBase
    815.8 ms  ✓ ZygoteRules
    631.2 ms  ✓ KrylovKit → KrylovKitChainRulesCoreExt
   1824.6 ms  ✓ IRTools
   2058.3 ms  ✓ Accessors
   1451.8 ms  ✓ LogExpFunctions → LogExpFunctionsChainRulesCoreExt
    546.2 ms  ✓ Accessors → StructArraysExt
    571.6 ms  ✓ Accessors → LinearAlgebraExt
   3580.9 ms  ✓ FileIO
   2743.6 ms  ✓ SpecialFunctions
    799.1 ms  ✓ BangBang
    535.6 ms  ✓ BangBang → BangBangTablesExt
    545.6 ms  ✓ BangBang → BangBangStructArraysExt
    551.8 ms  ✓ BangBang → BangBangChainRulesCoreExt
    648.6 ms  ✓ DiffRules
    914.9 ms  ✓ OhMyThreads
   1628.1 ms  ✓ SpecialFunctions → SpecialFunctionsChainRulesCoreExt
   6578.5 ms  ✓ StaticArrays
   5349.5 ms  ✓ ChainRules
    641.6 ms  ✓ Adapt → AdaptStaticArraysExt
    653.9 ms  ✓ StaticArrays → StaticArraysStatisticsExt
    652.8 ms  ✓ ConstructionBase → ConstructionBaseStaticArraysExt
    686.3 ms  ✓ StaticArrays → StaticArraysChainRulesCoreExt
    703.3 ms  ✓ StructArrays → StructArraysStaticArraysExt
    741.2 ms  ✓ BangBang → BangBangStaticArraysExt
   3266.6 ms  ✓ ForwardDiff
    785.3 ms  ✓ Accessors → StaticArraysExt
    782.7 ms  ✓ ForwardDiff → ForwardDiffStaticArraysExt
   1122.8 ms  ✓ FiniteDifferences
  11792.7 ms  ✓ ArrayLayouts
    815.0 ms  ✓ ArrayLayouts → ArrayLayoutsSparseArraysExt
   1495.1 ms  ✓ BlockArrays
    705.0 ms  ✓ BlockArrays → BlockArraysAdaptExt
  27819.4 ms  ✓ JLD2
  25397.9 ms  ✓ Zygote
 101593.1 ms  ✓ TensorOperations
   1169.1 ms  ✓ TensorOperations → TensorOperationsChainRulesCoreExt
   4983.2 ms  ✓ TensorKitSectors
   6033.8 ms  ✓ TensorKit
   1572.1 ms  ✓ TensorKitManifolds
   1711.1 ms  ✓ TensorKit → TensorKitFiniteDifferencesExt
   1717.7 ms  ✓ TensorKit → TensorKitChainRulesCoreExt
   2344.6 ms  ✓ BlockTensorKit
  11732.2 ms  ✓ MPSKit
  10210.6 ms  ✓ MPSKitModels
  12195.2 ms  ✓ PEPSKit
  118 dependencies successfully precompiled in 152 seconds. 31 already precompiled.
[ Info: CTMRG init:	obj = -2.835521183456e-02 +4.533406074355e+00im	err = 1.0000e+00
[ Info: CTMRG conv 48:	obj = +2.929781739314e+00	err = 7.9085330682e-10	time = 34.99 sec
[ Info: CTMRG init:	obj = +3.928631681496e+00 +1.175813639680e-09im	err = 1.0000e+00
[ Info: CTMRG conv 15:	obj = +1.539723058251e+01	err = 2.5348087706e-10	time = 1.24 min
┌ Warning: `svd` cotangents sensitive to gauge choice: (|Δgauge| = 0.29022002330403607)
└ @ TensorKitChainRulesCoreExt ~/.julia/packages/TensorKit/esxcj/ext/TensorKitChainRulesCoreExt/factorizations.jl:254
┌ Warning: `svd` cotangents sensitive to gauge choice: (|Δgauge| = 0.29022002330406715)
└ @ TensorKitChainRulesCoreExt ~/.julia/packages/TensorKit/esxcj/ext/TensorKitChainRulesCoreExt/factorizations.jl:254
[ Info: LBFGS: initializing with f = 0.083400076233, ‖∇f‖ = 6.1401e-02
[ Info: CTMRG init:	obj = +2.610700165210e+00	err = 1.0000e+00
[ Info: CTMRG conv 43:	obj = +2.927572080184e+00	err = 8.2039166499e-10	time = 18.23 sec
┌ Warning: `svd` cotangents sensitive to gauge choice: (|Δgauge| = 0.10653335347429155)
└ @ TensorKitChainRulesCoreExt ~/.julia/packages/TensorKit/esxcj/ext/TensorKitChainRulesCoreExt/factorizations.jl:254
┌ Warning: `svd` cotangents sensitive to gauge choice: (|Δgauge| = 6.3149677750119735e-12)
└ @ TensorKitChainRulesCoreExt ~/.julia/packages/TensorKit/esxcj/ext/TensorKitChainRulesCoreExt/factorizations.jl:254
┌ Warning: `svd` cotangents sensitive to gauge choice: (|Δgauge| = 0.1065333534704868)
└ @ TensorKitChainRulesCoreExt ~/.julia/packages/TensorKit/esxcj/ext/TensorKitChainRulesCoreExt/factorizations.jl:254
[ Info: CTMRG init:	obj = +2.619798090364e+00	err = 1.0000e+00
[ Info: CTMRG conv 45:	obj = +2.918772231485e+00	err = 8.3522699429e-10	time = 18.40 sec
┌ Warning: `svd` cotangents sensitive to gauge choice: (|Δgauge| = 0.10395757665086978)
└ @ TensorKitChainRulesCoreExt ~/.julia/packages/TensorKit/esxcj/ext/TensorKitChainRulesCoreExt/factorizations.jl:254
┌ Warning: `svd` cotangents sensitive to gauge choice: (|Δgauge| = 4.879153863435178e-12)
└ @ TensorKitChainRulesCoreExt ~/.julia/packages/TensorKit/esxcj/ext/TensorKitChainRulesCoreExt/factorizations.jl:254
┌ Warning: `svd` cotangents sensitive to gauge choice: (|Δgauge| = 0.10395757664803161)
└ @ TensorKitChainRulesCoreExt ~/.julia/packages/TensorKit/esxcj/ext/TensorKitChainRulesCoreExt/factorizations.jl:254
[ Info: CTMRG init:	obj = +2.667765245098e+00	err = 1.0000e+00
[ Info: CTMRG conv 67:	obj = +2.876035458231e+00	err = 7.3690231676e-10	time = 30.26 sec
┌ Warning: `svd` cotangents sensitive to gauge choice: (|Δgauge| = 0.09013543647377228)
└ @ TensorKitChainRulesCoreExt ~/.julia/packages/TensorKit/esxcj/ext/TensorKitChainRulesCoreExt/factorizations.jl:254
┌ Warning: `svd` cotangents sensitive to gauge choice: (|Δgauge| = 0.09013543647445767)
└ @ TensorKitChainRulesCoreExt ~/.julia/packages/TensorKit/esxcj/ext/TensorKitChainRulesCoreExt/factorizations.jl:254
[ Info: CTMRG init:	obj = +2.968469523156e+00	err = 1.0000e+00
[ Info: CTMRG conv 27:	obj = +4.160173977687e+00	err = 7.1858030105e-10	time = 13.81 sec
┌ Warning: `svd` cotangents sensitive to gauge choice: (|Δgauge| = 0.28244141155535646)
└ @ TensorKitChainRulesCoreExt ~/.julia/packages/TensorKit/esxcj/ext/TensorKitChainRulesCoreExt/factorizations.jl:254
┌ Warning: `svd` cotangents sensitive to gauge choice: (|Δgauge| = 6.6390544790911e-11)
└ @ TensorKitChainRulesCoreExt ~/.julia/packages/TensorKit/esxcj/ext/TensorKitChainRulesCoreExt/factorizations.jl:254
┌ Warning: `svd` cotangents sensitive to gauge choice: (|Δgauge| = 0.28244141148898383)
└ @ TensorKitChainRulesCoreExt ~/.julia/packages/TensorKit/esxcj/ext/TensorKitChainRulesCoreExt/factorizations.jl:254
[ Info: CTMRG init:	obj = +5.784898078414e+00	err = 1.0000e+00
[ Info: CTMRG conv 15:	obj = +1.912374977147e+01	err = 3.6739835625e-10	time = 7.21 sec
┌ Warning: `svd` cotangents sensitive to gauge choice: (|Δgauge| = 0.04711685935508209)
└ @ TensorKitChainRulesCoreExt ~/.julia/packages/TensorKit/esxcj/ext/TensorKitChainRulesCoreExt/factorizations.jl:254
┌ Warning: `svd` cotangents sensitive to gauge choice: (|Δgauge| = 0.047116859338787426)
└ @ TensorKitChainRulesCoreExt ~/.julia/packages/TensorKit/esxcj/ext/TensorKitChainRulesCoreExt/factorizations.jl:254
[ Info: CTMRG init:	obj = +1.182902273277e+01	err = 1.0000e+00
[ Info: CTMRG conv 11:	obj = +4.456681188583e+01	err = 8.8537265519e-10	time = 5.23 sec
┌ Warning: `svd` cotangents sensitive to gauge choice: (|Δgauge| = 0.008825659887143155)
└ @ TensorKitChainRulesCoreExt ~/.julia/packages/TensorKit/esxcj/ext/TensorKitChainRulesCoreExt/factorizations.jl:254
┌ Warning: `svd` cotangents sensitive to gauge choice: (|Δgauge| = 0.008825659890774957)
└ @ TensorKitChainRulesCoreExt ~/.julia/packages/TensorKit/esxcj/ext/TensorKitChainRulesCoreExt/factorizations.jl:254
[ Info: CTMRG init:	obj = +1.372152551241e+01	err = 1.0000e+00
[ Info: CTMRG conv 11:	obj = +5.440169868699e+01	err = 6.4558925419e-10	time = 5.01 sec
┌ Warning: `svd` cotangents sensitive to gauge choice: (|Δgauge| = 0.005648455417440919)
└ @ TensorKitChainRulesCoreExt ~/.julia/packages/TensorKit/esxcj/ext/TensorKitChainRulesCoreExt/factorizations.jl:254
┌ Warning: `svd` cotangents sensitive to gauge choice: (|Δgauge| = 0.005648455417568142)
└ @ TensorKitChainRulesCoreExt ~/.julia/packages/TensorKit/esxcj/ext/TensorKitChainRulesCoreExt/factorizations.jl:254
[ Info: LBFGS: converged after 1 iterations and time 1114.40 s: f = -1.660312622343, ‖∇f‖ = 8.1329e-04
