  Installing known registries into `~/.julia`
       Added `General` registry to ~/.julia/registries
    Updating registry at `~/.julia/registries/General.toml`
   Installed RealDot ───────────────────── v0.1.0
   Installed TaskLocalValues ───────────── v0.1.2
   Installed GPUArraysCore ─────────────── v0.2.0
   Installed IrrationalConstants ───────── v0.2.4
   Installed IRTools ───────────────────── v0.4.14
   Installed JLD2 ──────────────────────── v0.5.12
   Installed OhMyThreads ───────────────── v0.7.0
   Installed BlockTensorKit ────────────── v0.1.6
   Installed DiffRules ─────────────────── v1.15.1
   Installed LRUCache ──────────────────── v1.6.2
   Installed Adapt ─────────────────────── v4.3.0
   Installed IntegerMathUtils ──────────── v0.1.2
   Installed TableTraits ───────────────── v1.0.1
   Installed PtrArrays ─────────────────── v1.3.0
   Installed Accessors ─────────────────── v0.1.42
   Installed Preferences ───────────────── v1.4.3
   Installed LoggingExtras ─────────────── v1.0.3
   Installed OptimKit ──────────────────── v0.4.0
   Installed WignerSymbols ─────────────── v2.0.0
   Installed HashArrayMappedTries ──────── v0.2.0
   Installed DiffResults ───────────────── v1.1.0
   Installed Tables ────────────────────── v1.12.0
   Installed SpecialFunctions ──────────── v2.5.1
   Installed ChunkSplitters ────────────── v3.1.2
   Installed TensorKit ─────────────────── v0.14.5
   Installed DataAPI ───────────────────── v1.16.0
   Installed RecipesBase ───────────────── v1.3.4
   Installed Primes ────────────────────── v0.5.7
   Installed StaticArrays ──────────────── v1.9.13
   Installed AbstractFFTs ──────────────── v1.5.0
   Installed Zygote ────────────────────── v0.7.6
   Installed BlockArrays ───────────────── v1.6.1
   Installed MPSKit ────────────────────── v0.12.6
   Installed JLLWrappers ───────────────── v1.7.0
   Installed Richardson ────────────────── v1.4.2
   Installed FiniteDifferences ─────────── v0.12.32
   Installed IteratorInterfaceExtensions ─ v1.0.0
   Installed StaticArraysCore ──────────── v1.4.3
   Installed NaNMath ───────────────────── v1.1.3
   Installed ConstructionBase ──────────── v1.5.8
   Installed PrecompileTools ───────────── v1.2.1
   Installed DataValueInterfaces ───────── v1.0.0
   Installed RationalRoots ─────────────── v0.2.1
   Installed StructArrays ──────────────── v0.7.1
   Installed StableTasks ───────────────── v0.1.7
   Installed OrderedCollections ────────── v1.8.0
   Installed TensorKitSectors ──────────── v0.1.4
   Installed VectorInterface ───────────── v0.5.0
   Installed ScopedValues ──────────────── v1.3.0
   Installed InitialValues ─────────────── v0.3.1
   Installed TranscodingStreams ────────── v0.11.3
   Installed ChainRulesCore ────────────── v1.25.1
   Installed LogExpFunctions ───────────── v0.3.29
   Installed Requires ──────────────────── v1.3.1
   Installed FillArrays ────────────────── v1.13.0
   Installed Statistics ────────────────── v1.11.1
   Installed MPSKitModels ──────────────── v0.4.1
   Installed ForwardDiff ───────────────── v1.0.1
   Installed ChainRules ────────────────── v1.72.3
   Installed FileIO ────────────────────── v1.17.0
   Installed ZygoteRules ───────────────── v0.2.7
   Installed StridedViews ──────────────── v0.4.1
   Installed HalfIntegers ──────────────── v1.6.0
   Installed Strided ───────────────────── v2.3.0
   Installed BangBang ──────────────────── v0.4.4
   Installed CommonSubexpressions ──────── v0.3.1
   Installed PackageExtensionCompat ────── v1.0.2
   Installed MacroTools ────────────────── v0.5.15
   Installed OpenSpecFun_jll ───────────── v0.5.6+0
   Installed SparseInverseSubset ───────── v0.1.2
   Installed CompositionsBase ──────────── v0.1.2
   Installed Compat ────────────────────── v4.16.0
   Installed TensorKitManifolds ────────── v0.7.2
   Installed TupleTools ────────────────── v1.6.0
   Installed InverseFunctions ──────────── v0.1.17
   Installed PEPSKit ───────────────────── v0.5.0
   Installed ArrayLayouts ──────────────── v1.11.1
   Installed DocStringExtensions ───────── v0.9.4
   Installed TensorOperations ──────────── v5.2.0
   Installed KrylovKit ─────────────────── v0.9.5
    Updating `/var/lib/condor/execute/dir_1060181/Project.toml`
  [d360d2e6] + ChainRulesCore v1.25.1
  [033835bb] + JLD2 v0.5.12
  [0b1a1467] + KrylovKit v0.9.5
  [bb1c41ca] + MPSKit v0.12.6
  [ca635005] + MPSKitModels v0.4.1
  [77e91f04] + OptimKit v0.4.0
  [52969e89] + PEPSKit v0.5.0
  [07d1fe3e] + TensorKit v0.14.5
  [409d34a3] + VectorInterface v0.5.0
  [e88e6eb3] + Zygote v0.7.6
  [37e2e46d] ~ LinearAlgebra ⇒ v1.11.0
    Updating `/var/lib/condor/execute/dir_1060181/Manifest.toml`
  [621f4979] + AbstractFFTs v1.5.0
  [7d9f7c33] + Accessors v0.1.42
  [79e6a3ab] + Adapt v4.3.0
  [4c555306] + ArrayLayouts v1.11.1
  [198e06fe] + BangBang v0.4.4
  [8e7c35d0] + BlockArrays v1.6.1
  [5f87ffc2] + BlockTensorKit v0.1.6
  [082447d4] + ChainRules v1.72.3
  [d360d2e6] + ChainRulesCore v1.25.1
  [ae650224] + ChunkSplitters v3.1.2
  [bbf7d656] + CommonSubexpressions v0.3.1
  [34da2185] + Compat v4.16.0
  [a33af91c] + CompositionsBase v0.1.2
  [187b0558] + ConstructionBase v1.5.8
  [9a962f9c] + DataAPI v1.16.0
  [e2d170a0] + DataValueInterfaces v1.0.0
  [163ba53b] + DiffResults v1.1.0
  [b552c78f] + DiffRules v1.15.1
  [ffbed154] + DocStringExtensions v0.9.4
  [5789e2e9] + FileIO v1.17.0
  [1a297f60] + FillArrays v1.13.0
  [26cc04aa] + FiniteDifferences v0.12.32
  [f6369f11] + ForwardDiff v1.0.1
  [46192b85] + GPUArraysCore v0.2.0
  [f0d1745a] + HalfIntegers v1.6.0
  [076d061b] + HashArrayMappedTries v0.2.0
  [7869d1d1] + IRTools v0.4.14
  [22cec73e] + InitialValues v0.3.1
  [18e54dd8] + IntegerMathUtils v0.1.2
  [3587e190] + InverseFunctions v0.1.17
  [92d709cd] + IrrationalConstants v0.2.4
  [82899510] + IteratorInterfaceExtensions v1.0.0
  [033835bb] + JLD2 v0.5.12
  [692b3bcd] + JLLWrappers v1.7.0
  [0b1a1467] + KrylovKit v0.9.5
  [8ac3fa9e] + LRUCache v1.6.2
  [2ab3a3ac] + LogExpFunctions v0.3.29
⌅ [e6f89c97] + LoggingExtras v1.0.3
  [bb1c41ca] + MPSKit v0.12.6
  [ca635005] + MPSKitModels v0.4.1
  [1914dd2f] + MacroTools v0.5.15
  [77ba4419] + NaNMath v1.1.3
⌅ [67456a42] + OhMyThreads v0.7.0
  [77e91f04] + OptimKit v0.4.0
  [bac558e1] + OrderedCollections v1.8.0
  [52969e89] + PEPSKit v0.5.0
  [65ce6f38] + PackageExtensionCompat v1.0.2
⌅ [aea7be01] + PrecompileTools v1.2.1
  [21216c6a] + Preferences v1.4.3
  [27ebfcd6] + Primes v0.5.7
  [43287f4e] + PtrArrays v1.3.0
  [308eb6b3] + RationalRoots v0.2.1
  [c1ae055f] + RealDot v0.1.0
  [3cdcf5f2] + RecipesBase v1.3.4
  [ae029012] + Requires v1.3.1
  [708f8203] + Richardson v1.4.2
  [7e506255] + ScopedValues v1.3.0
  [dc90abb0] + SparseInverseSubset v0.1.2
  [276daf66] + SpecialFunctions v2.5.1
  [91464d47] + StableTasks v0.1.7
  [90137ffa] + StaticArrays v1.9.13
  [1e83bf80] + StaticArraysCore v1.4.3
  [10745b16] + Statistics v1.11.1
  [5e0ebb24] + Strided v2.3.0
  [4db3bf67] + StridedViews v0.4.1
  [09ab397b] + StructArrays v0.7.1
  [3783bdb8] + TableTraits v1.0.1
  [bd369af6] + Tables v1.12.0
  [ed4db957] + TaskLocalValues v0.1.2
  [07d1fe3e] + TensorKit v0.14.5
  [11fa318c] + TensorKitManifolds v0.7.2
  [13a9c161] + TensorKitSectors v0.1.4
  [6aa20fa7] + TensorOperations v5.2.0
  [3bb67fe8] + TranscodingStreams v0.11.3
  [9d95972d] + TupleTools v1.6.0
  [409d34a3] + VectorInterface v0.5.0
  [9f57e263] + WignerSymbols v2.0.0
  [e88e6eb3] + Zygote v0.7.6
  [700de1a5] + ZygoteRules v0.2.7
  [efe28fd5] + OpenSpecFun_jll v0.5.6+0
  [0dad84c5] + ArgTools v1.1.2
  [56f22d72] + Artifacts v1.11.0
  [2a0f44e3] + Base64 v1.11.0
  [ade2ca70] + Dates v1.11.0
  [8ba89e20] + Distributed v1.11.0
  [f43a241f] + Downloads v1.6.0
  [7b1f6079] + FileWatching v1.11.0
  [b77e0a4c] + InteractiveUtils v1.11.0
  [b27032c2] + LibCURL v0.6.4
  [76f85450] + LibGit2 v1.11.0
  [8f399da3] + Libdl v1.11.0
  [37e2e46d] + LinearAlgebra v1.11.0
  [56ddb016] + Logging v1.11.0
  [d6f4376e] + Markdown v1.11.0
  [a63ad114] + Mmap v1.11.0
  [ca575930] + NetworkOptions v1.2.0
  [44cfe95a] + Pkg v1.11.0
  [de0858da] + Printf v1.11.0
  [9a3f8284] + Random v1.11.0
  [ea8e919c] + SHA v0.7.0
  [9e88b42a] + Serialization v1.11.0
  [6462fe0b] + Sockets v1.11.0
  [2f01184e] + SparseArrays v1.11.0
  [4607b0f0] + SuiteSparse
  [fa267f1f] + TOML v1.0.3
  [a4e569a6] + Tar v1.10.0
  [cf7118a7] + UUIDs v1.11.0
  [4ec0a83e] + Unicode v1.11.0
  [e66e0078] + CompilerSupportLibraries_jll v1.1.1+0
  [deac9b47] + LibCURL_jll v8.6.0+0
  [e37daf67] + LibGit2_jll v1.7.2+0
  [29816b5a] + LibSSH2_jll v1.11.0+1
  [c8ffd9c3] + MbedTLS_jll v2.28.6+0
  [14a3606d] + MozillaCACerts_jll v2023.12.12
  [4536629a] + OpenBLAS_jll v0.3.27+1
  [05823500] + OpenLibm_jll v0.8.1+2
  [bea87d4a] + SuiteSparse_jll v7.7.0+0
  [83775a58] + Zlib_jll v1.2.13+1
  [8e850b90] + libblastrampoline_jll v5.11.0+0
  [8e850ede] + nghttp2_jll v1.59.0+0
  [3f19e933] + p7zip_jll v17.4.0+2
        Info Packages marked with ⌅ have new versions available but compatibility constraints restrict them from upgrading. To see why use `status --outdated -m`
Precompiling project...
    586.6 ms  ✓ TaskLocalValues
    532.9 ms  ✓ IntegerMathUtils
    576.2 ms  ✓ DataValueInterfaces
    586.4 ms  ✓ RealDot
    599.9 ms  ✓ Richardson
    714.0 ms  ✓ HalfIntegers
    721.8 ms  ✓ InverseFunctions
    770.8 ms  ✓ LRUCache
    812.2 ms  ✓ VectorInterface
    904.2 ms  ✓ AbstractFFTs
    969.0 ms  ✓ OrderedCollections
    931.8 ms  ✓ DocStringExtensions
    977.5 ms  ✓ Statistics
   1013.1 ms  ✓ StableTasks
    479.0 ms  ✓ IteratorInterfaceExtensions
    659.6 ms  ✓ DataAPI
    644.0 ms  ✓ PackageExtensionCompat
    720.2 ms  ✓ ConstructionBase
    480.4 ms  ✓ PtrArrays
    604.4 ms  ✓ CompositionsBase
    551.0 ms  ✓ StaticArraysCore
    781.1 ms  ✓ ChunkSplitters
    686.3 ms  ✓ TupleTools
   1659.2 ms  ✓ FillArrays
    690.5 ms  ✓ RationalRoots
    588.6 ms  ✓ HashArrayMappedTries
   1801.6 ms  ✓ IrrationalConstants
    950.6 ms  ✓ TranscodingStreams
    789.8 ms  ✓ Compat
    852.2 ms  ✓ LoggingExtras
    865.1 ms  ✓ Requires
    611.7 ms  ✓ InverseFunctions → InverseFunctionsDatesExt
    932.4 ms  ✓ SuiteSparse
   1438.8 ms  ✓ InitialValues
   1282.2 ms  ✓ Statistics → SparseArraysExt
    620.4 ms  ✓ TableTraits
    695.9 ms  ✓ LRUCache → SerializationExt
    738.1 ms  ✓ NaNMath
    952.1 ms  ✓ Primes
   1140.1 ms  ✓ Preferences
    572.6 ms  ✓ ConstructionBase → ConstructionBaseLinearAlgebraExt
    767.7 ms  ✓ StridedViews
    709.6 ms  ✓ CompositionsBase → CompositionsBaseInverseFunctionsExt
    713.5 ms  ✓ DiffResults
    670.0 ms  ✓ FillArrays → FillArraysStatisticsExt
    606.9 ms  ✓ ScopedValues
    643.5 ms  ✓ Compat → CompatLinearAlgebraExt
    648.4 ms  ✓ Adapt
    591.9 ms  ✓ PrecompileTools
    836.0 ms  ✓ SparseInverseSubset
   1072.5 ms  ✓ LogExpFunctions
    584.9 ms  ✓ StridedViews → StridedViewsPtrArraysExt
   1250.4 ms  ✓ FillArrays → FillArraysSparseArraysExt
    868.0 ms  ✓ JLLWrappers
   1309.0 ms  ✓ Tables
   1029.5 ms  ✓ Strided
    715.0 ms  ✓ GPUArraysCore
   3279.8 ms  ✓ MacroTools
    977.4 ms  ✓ Adapt → AdaptSparseArraysExt
    666.1 ms  ✓ LogExpFunctions → LogExpFunctionsInverseFunctionsExt
   2581.7 ms  ✓ KrylovKit
    802.4 ms  ✓ OpenSpecFun_jll
    599.9 ms  ✓ CommonSubexpressions
   1278.2 ms  ✓ StructArrays
   2102.9 ms  ✓ ChainRulesCore
   2752.3 ms  ✓ OptimKit
    695.8 ms  ✓ StructArrays → StructArraysAdaptExt
    670.1 ms  ✓ AbstractFFTs → AbstractFFTsChainRulesCoreExt
    722.4 ms  ✓ StructArrays → StructArraysLinearAlgebraExt
   2686.2 ms  ✓ RecipesBase
   1046.3 ms  ✓ StructArrays → StructArraysSparseArraysExt
   1114.7 ms  ✓ ChainRulesCore → ChainRulesCoreSparseArraysExt
   2556.9 ms  ✓ IRTools
   1502.3 ms  ✓ ZygoteRules
    835.9 ms  ✓ KrylovKit → KrylovKitChainRulesCoreExt
   4146.4 ms  ✓ WignerSymbols
   2913.6 ms  ✓ Accessors
    605.3 ms  ✓ Accessors → StructArraysExt
    627.4 ms  ✓ Accessors → LinearAlgebraExt
   2134.6 ms  ✓ LogExpFunctions → LogExpFunctionsChainRulesCoreExt
   5705.9 ms  ✓ FileIO
   3788.2 ms  ✓ SpecialFunctions
   1064.3 ms  ✓ BangBang
    639.7 ms  ✓ BangBang → BangBangTablesExt
    649.6 ms  ✓ BangBang → BangBangChainRulesCoreExt
    655.6 ms  ✓ BangBang → BangBangStructArraysExt
    945.8 ms  ✓ DiffRules
   1376.9 ms  ✓ OhMyThreads
   1925.0 ms  ✓ SpecialFunctions → SpecialFunctionsChainRulesCoreExt
   8968.1 ms  ✓ StaticArrays
    882.1 ms  ✓ Adapt → AdaptStaticArraysExt
    961.6 ms  ✓ ConstructionBase → ConstructionBaseStaticArraysExt
   7037.5 ms  ✓ ChainRules
   4050.2 ms  ✓ ForwardDiff
   1107.5 ms  ✓ StaticArrays → StaticArraysStatisticsExt
   1105.4 ms  ✓ StructArrays → StructArraysStaticArraysExt
   1142.1 ms  ✓ StaticArrays → StaticArraysChainRulesCoreExt
   1134.3 ms  ✓ BangBang → BangBangStaticArraysExt
   1260.5 ms  ✓ Accessors → StaticArraysExt
    908.4 ms  ✓ ForwardDiff → ForwardDiffStaticArraysExt
   1242.5 ms  ✓ FiniteDifferences
  16058.8 ms  ✓ ArrayLayouts
    825.7 ms  ✓ ArrayLayouts → ArrayLayoutsSparseArraysExt
   1686.0 ms  ✓ BlockArrays
    756.0 ms  ✓ BlockArrays → BlockArraysAdaptExt
  33318.8 ms  ✓ JLD2
  28842.0 ms  ✓ Zygote
 130735.9 ms  ✓ TensorOperations
   1324.9 ms  ✓ TensorOperations → TensorOperationsChainRulesCoreExt
   6063.8 ms  ✓ TensorKitSectors
   6527.9 ms  ✓ TensorKit
   1750.3 ms  ✓ TensorKitManifolds
   1752.9 ms  ✓ TensorKit → TensorKitFiniteDifferencesExt
   2202.4 ms  ✓ TensorKit → TensorKitChainRulesCoreExt
   2433.7 ms  ✓ BlockTensorKit
  12869.5 ms  ✓ MPSKit
  11049.4 ms  ✓ MPSKitModels
  13527.7 ms  ✓ PEPSKit
  118 dependencies successfully precompiled in 187 seconds. 31 already precompiled.
[ Info: CTMRG init:	obj = +7.570857294543e+00	err = 1.0000e+00
┌ Warning: CTMRG cancel 100:	obj = +7.570857294543e+00	err = 8.0886398191e-09	time = 1.97 min
└ @ PEPSKit ~/.julia/packages/PEPSKit/P7ER3/src/algorithms/ctmrg/ctmrg.jl:129
┌ Warning: `svd` cotangents sensitive to gauge choice: (|Δgauge| = 0.12738046539181283)
└ @ TensorKitChainRulesCoreExt ~/.julia/packages/TensorKit/esxcj/ext/TensorKitChainRulesCoreExt/factorizations.jl:254
┌ Warning: `svd` cotangents sensitive to gauge choice: (|Δgauge| = 0.1273804680445264)
└ @ TensorKitChainRulesCoreExt ~/.julia/packages/TensorKit/esxcj/ext/TensorKitChainRulesCoreExt/factorizations.jl:254
[ Info: LBFGS: initializing with f = -2.025551997779, ‖∇f‖ = 8.5152e-04
[ Info: CTMRG init:	obj = +7.570779438115e+00	err = 1.0000e+00
┌ Warning: CTMRG cancel 100:	obj = +7.570781155081e+00	err = 4.0011285484e-09	time = 1.30 min
└ @ PEPSKit ~/.julia/packages/PEPSKit/P7ER3/src/algorithms/ctmrg/ctmrg.jl:129
┌ Warning: `svd` cotangents sensitive to gauge choice: (|Δgauge| = 0.12777703508814964)
└ @ TensorKitChainRulesCoreExt ~/.julia/packages/TensorKit/esxcj/ext/TensorKitChainRulesCoreExt/factorizations.jl:254
┌ Warning: `svd` cotangents sensitive to gauge choice: (|Δgauge| = 0.12777703595084422)
└ @ TensorKitChainRulesCoreExt ~/.julia/packages/TensorKit/esxcj/ext/TensorKitChainRulesCoreExt/factorizations.jl:254
[ Info: LBFGS: iter    1, time 1470.79 s: f = -2.025553955761, ‖∇f‖ = 2.1620e-03, α = 1.00e+00, m = 0, nfg = 1
[ Info: CTMRG init:	obj = +7.571122396762e+00	err = 1.0000e+00
┌ Warning: CTMRG cancel 100:	obj = +7.571122901506e+00	err = 5.7515057427e-09	time = 1.33 min
└ @ PEPSKit ~/.julia/packages/PEPSKit/P7ER3/src/algorithms/ctmrg/ctmrg.jl:129
┌ Warning: `svd` cotangents sensitive to gauge choice: (|Δgauge| = 0.1277187794142406)
└ @ TensorKitChainRulesCoreExt ~/.julia/packages/TensorKit/esxcj/ext/TensorKitChainRulesCoreExt/factorizations.jl:254
┌ Warning: `svd` cotangents sensitive to gauge choice: (|Δgauge| = 0.12771877971568396)
└ @ TensorKitChainRulesCoreExt ~/.julia/packages/TensorKit/esxcj/ext/TensorKitChainRulesCoreExt/factorizations.jl:254
[ Info: LBFGS: iter    2, time 1604.01 s: f = -2.025558417654, ‖∇f‖ = 1.1694e-03, α = 1.00e+00, m = 1, nfg = 1
[ Info: CTMRG init:	obj = +7.571888093114e+00	err = 1.0000e+00
┌ Warning: CTMRG cancel 100:	obj = +7.571889690217e+00	err = 6.2552013165e-09	time = 58.16 sec
└ @ PEPSKit ~/.julia/packages/PEPSKit/P7ER3/src/algorithms/ctmrg/ctmrg.jl:129
┌ Warning: `svd` cotangents sensitive to gauge choice: (|Δgauge| = 0.12780743330013491)
└ @ TensorKitChainRulesCoreExt ~/.julia/packages/TensorKit/esxcj/ext/TensorKitChainRulesCoreExt/factorizations.jl:254
┌ Warning: `svd` cotangents sensitive to gauge choice: (|Δgauge| = 0.12780743286163276)
└ @ TensorKitChainRulesCoreExt ~/.julia/packages/TensorKit/esxcj/ext/TensorKitChainRulesCoreExt/factorizations.jl:254
[ Info: LBFGS: iter    3, time 1687.38 s: f = -2.025565458773, ‖∇f‖ = 8.0241e-04, α = 1.00e+00, m = 2, nfg = 1
[ Info: CTMRG init:	obj = +7.572553105543e+00	err = 1.0000e+00
┌ Warning: CTMRG cancel 100:	obj = +7.572554314920e+00	err = 3.9671678011e-09	time = 1.17 min
└ @ PEPSKit ~/.julia/packages/PEPSKit/P7ER3/src/algorithms/ctmrg/ctmrg.jl:129
┌ Warning: `svd` cotangents sensitive to gauge choice: (|Δgauge| = 0.12800204716453517)
└ @ TensorKitChainRulesCoreExt ~/.julia/packages/TensorKit/esxcj/ext/TensorKitChainRulesCoreExt/factorizations.jl:254
┌ Warning: `svd` cotangents sensitive to gauge choice: (|Δgauge| = 0.12800205046040958)
└ @ TensorKitChainRulesCoreExt ~/.julia/packages/TensorKit/esxcj/ext/TensorKitChainRulesCoreExt/factorizations.jl:254
[ Info: LBFGS: iter    4, time 1775.05 s: f = -2.025570348075, ‖∇f‖ = 1.0147e-03, α = 1.00e+00, m = 3, nfg = 1
[ Info: CTMRG init:	obj = +7.575333890051e+00	err = 1.0000e+00
┌ Warning: CTMRG cancel 100:	obj = +7.575339462480e+00	err = 9.4515929171e-09	time = 1.59 min
└ @ PEPSKit ~/.julia/packages/PEPSKit/P7ER3/src/algorithms/ctmrg/ctmrg.jl:129
┌ Warning: `svd` cotangents sensitive to gauge choice: (|Δgauge| = 0.12801467373735137)
└ @ TensorKitChainRulesCoreExt ~/.julia/packages/TensorKit/esxcj/ext/TensorKitChainRulesCoreExt/factorizations.jl:254
┌ Warning: `svd` cotangents sensitive to gauge choice: (|Δgauge| = 0.12801467558402418)
└ @ TensorKitChainRulesCoreExt ~/.julia/packages/TensorKit/esxcj/ext/TensorKitChainRulesCoreExt/factorizations.jl:254
[ Info: LBFGS: iter    5, time 1888.95 s: f = -2.025575816231, ‖∇f‖ = 1.3497e-03, α = 1.00e+00, m = 4, nfg = 1
[ Info: CTMRG init:	obj = +7.577196701413e+00	err = 1.0000e+00
┌ Warning: CTMRG cancel 100:	obj = +7.577214081705e+00	err = 8.1128653631e-09	time = 1.38 min
└ @ PEPSKit ~/.julia/packages/PEPSKit/P7ER3/src/algorithms/ctmrg/ctmrg.jl:129
┌ Warning: `svd` cotangents sensitive to gauge choice: (|Δgauge| = 0.12808254901553784)
└ @ TensorKitChainRulesCoreExt ~/.julia/packages/TensorKit/esxcj/ext/TensorKitChainRulesCoreExt/factorizations.jl:254
┌ Warning: `svd` cotangents sensitive to gauge choice: (|Δgauge| = 0.1280825488478315)
└ @ TensorKitChainRulesCoreExt ~/.julia/packages/TensorKit/esxcj/ext/TensorKitChainRulesCoreExt/factorizations.jl:254
[ Info: CTMRG init:	obj = +7.576331792509e+00	err = 1.0000e+00
┌ Warning: CTMRG cancel 100:	obj = +7.576336473265e+00	err = 4.4202555655e-09	time = 1.41 min
└ @ PEPSKit ~/.julia/packages/PEPSKit/P7ER3/src/algorithms/ctmrg/ctmrg.jl:129
┌ Warning: `svd` cotangents sensitive to gauge choice: (|Δgauge| = 0.12805026437686778)
└ @ TensorKitChainRulesCoreExt ~/.julia/packages/TensorKit/esxcj/ext/TensorKitChainRulesCoreExt/factorizations.jl:254
┌ Warning: `svd` cotangents sensitive to gauge choice: (|Δgauge| = 0.12805026625952246)
└ @ TensorKitChainRulesCoreExt ~/.julia/packages/TensorKit/esxcj/ext/TensorKitChainRulesCoreExt/factorizations.jl:254
[ Info: LBFGS: iter    6, time 2093.08 s: f = -2.025578618107, ‖∇f‖ = 9.6467e-04, α = 5.19e-01, m = 5, nfg = 2
[ Info: CTMRG init:	obj = +7.577546087214e+00	err = 1.0000e+00
┌ Warning: CTMRG cancel 100:	obj = +7.577546188300e+00	err = 4.3262525496e-09	time = 1.51 min
└ @ PEPSKit ~/.julia/packages/PEPSKit/P7ER3/src/algorithms/ctmrg/ctmrg.jl:129
┌ Warning: `svd` cotangents sensitive to gauge choice: (|Δgauge| = 0.12806686062942346)
└ @ TensorKitChainRulesCoreExt ~/.julia/packages/TensorKit/esxcj/ext/TensorKitChainRulesCoreExt/factorizations.jl:254
┌ Warning: `svd` cotangents sensitive to gauge choice: (|Δgauge| = 0.1280668597754991)
└ @ TensorKitChainRulesCoreExt ~/.julia/packages/TensorKit/esxcj/ext/TensorKitChainRulesCoreExt/factorizations.jl:254
[ Info: LBFGS: iter    7, time 2201.45 s: f = -2.025580791454, ‖∇f‖ = 7.9777e-04, α = 1.00e+00, m = 6, nfg = 1
[ Info: CTMRG init:	obj = +7.582973870216e+00	err = 1.0000e+00
┌ Warning: CTMRG cancel 100:	obj = +7.582974918199e+00	err = 5.1973436332e-09	time = 1.64 min
└ @ PEPSKit ~/.julia/packages/PEPSKit/P7ER3/src/algorithms/ctmrg/ctmrg.jl:129
┌ Warning: `svd` cotangents sensitive to gauge choice: (|Δgauge| = 0.12813177622706323)
└ @ TensorKitChainRulesCoreExt ~/.julia/packages/TensorKit/esxcj/ext/TensorKitChainRulesCoreExt/factorizations.jl:254
┌ Warning: `svd` cotangents sensitive to gauge choice: (|Δgauge| = 0.12813177663055736)
└ @ TensorKitChainRulesCoreExt ~/.julia/packages/TensorKit/esxcj/ext/TensorKitChainRulesCoreExt/factorizations.jl:254
[ Info: LBFGS: iter    8, time 2316.61 s: f = -2.025587226580, ‖∇f‖ = 1.5580e-03, α = 1.00e+00, m = 7, nfg = 1
[ Info: CTMRG init:	obj = +7.591054421244e+00	err = 1.0000e+00
┌ Warning: CTMRG cancel 100:	obj = +7.591056326249e+00	err = 8.4855973201e-09	time = 1.73 min
└ @ PEPSKit ~/.julia/packages/PEPSKit/P7ER3/src/algorithms/ctmrg/ctmrg.jl:129
┌ Warning: `svd` cotangents sensitive to gauge choice: (|Δgauge| = 0.1282007284399107)
└ @ TensorKitChainRulesCoreExt ~/.julia/packages/TensorKit/esxcj/ext/TensorKitChainRulesCoreExt/factorizations.jl:254
┌ Warning: `svd` cotangents sensitive to gauge choice: (|Δgauge| = 0.12820072848404618)
└ @ TensorKitChainRulesCoreExt ~/.julia/packages/TensorKit/esxcj/ext/TensorKitChainRulesCoreExt/factorizations.jl:254
[ Info: LBFGS: iter    9, time 2438.43 s: f = -2.025595303814, ‖∇f‖ = 2.3508e-03, α = 1.00e+00, m = 8, nfg = 1
[ Info: CTMRG init:	obj = +7.609269345892e+00	err = 1.0000e+00
┌ Warning: CTMRG cancel 100:	obj = +7.609280949658e+00	err = 5.2787290360e-09	time = 1.78 min
└ @ PEPSKit ~/.julia/packages/PEPSKit/P7ER3/src/algorithms/ctmrg/ctmrg.jl:129
┌ Warning: `svd` cotangents sensitive to gauge choice: (|Δgauge| = 0.12833438520077228)
└ @ TensorKitChainRulesCoreExt ~/.julia/packages/TensorKit/esxcj/ext/TensorKitChainRulesCoreExt/factorizations.jl:254
┌ Warning: `svd` cotangents sensitive to gauge choice: (|Δgauge| = 0.12833438623064258)
└ @ TensorKitChainRulesCoreExt ~/.julia/packages/TensorKit/esxcj/ext/TensorKitChainRulesCoreExt/factorizations.jl:254
[ Info: LBFGS: iter   10, time 2564.08 s: f = -2.025612596137, ‖∇f‖ = 3.0332e-03, α = 1.00e+00, m = 8, nfg = 1
[ Info: CTMRG init:	obj = +7.632677560327e+00	err = 1.0000e+00
┌ Warning: CTMRG cancel 100:	obj = +7.632706595092e+00	err = 1.3019960430e-08	time = 1.90 min
└ @ PEPSKit ~/.julia/packages/PEPSKit/P7ER3/src/algorithms/ctmrg/ctmrg.jl:129
┌ Warning: `svd` cotangents sensitive to gauge choice: (|Δgauge| = 0.12811495775281034)
└ @ TensorKitChainRulesCoreExt ~/.julia/packages/TensorKit/esxcj/ext/TensorKitChainRulesCoreExt/factorizations.jl:254
┌ Warning: `svd` cotangents sensitive to gauge choice: (|Δgauge| = 0.12811495647400548)
└ @ TensorKitChainRulesCoreExt ~/.julia/packages/TensorKit/esxcj/ext/TensorKitChainRulesCoreExt/factorizations.jl:254
[ Info: LBFGS: iter   11, time 2695.20 s: f = -2.025636422377, ‖∇f‖ = 2.4965e-03, α = 1.00e+00, m = 8, nfg = 1
[ Info: CTMRG init:	obj = +7.660538112480e+00	err = 1.0000e+00
┌ Warning: CTMRG cancel 100:	obj = +7.660638186492e+00	err = 9.5328561660e-09	time = 2.06 min
└ @ PEPSKit ~/.julia/packages/PEPSKit/P7ER3/src/algorithms/ctmrg/ctmrg.jl:129
┌ Warning: `svd` cotangents sensitive to gauge choice: (|Δgauge| = 0.12826706601607157)
└ @ TensorKitChainRulesCoreExt ~/.julia/packages/TensorKit/esxcj/ext/TensorKitChainRulesCoreExt/factorizations.jl:254
┌ Warning: `svd` cotangents sensitive to gauge choice: (|Δgauge| = 4.835743520465428e-11)
└ @ TensorKitChainRulesCoreExt ~/.julia/packages/TensorKit/esxcj/ext/TensorKitChainRulesCoreExt/factorizations.jl:254
┌ Warning: `svd` cotangents sensitive to gauge choice: (|Δgauge| = 0.12826706663341253)
└ @ TensorKitChainRulesCoreExt ~/.julia/packages/TensorKit/esxcj/ext/TensorKitChainRulesCoreExt/factorizations.jl:254
[ Info: LBFGS: iter   12, time 2835.66 s: f = -2.025651952652, ‖∇f‖ = 3.9796e-03, α = 1.00e+00, m = 8, nfg = 1
[ Info: CTMRG init:	obj = +7.666194303184e+00	err = 1.0000e+00
┌ Warning: CTMRG cancel 100:	obj = +7.666211085145e+00	err = 4.5494754901e-09	time = 2.12 min
└ @ PEPSKit ~/.julia/packages/PEPSKit/P7ER3/src/algorithms/ctmrg/ctmrg.jl:129
┌ Warning: `svd` cotangents sensitive to gauge choice: (|Δgauge| = 0.12787832525994977)
└ @ TensorKitChainRulesCoreExt ~/.julia/packages/TensorKit/esxcj/ext/TensorKitChainRulesCoreExt/factorizations.jl:254
┌ Warning: `svd` cotangents sensitive to gauge choice: (|Δgauge| = 0.1278783237788263)
└ @ TensorKitChainRulesCoreExt ~/.julia/packages/TensorKit/esxcj/ext/TensorKitChainRulesCoreExt/factorizations.jl:254
[ Info: LBFGS: iter   13, time 2980.83 s: f = -2.025686669294, ‖∇f‖ = 1.4656e-03, α = 1.00e+00, m = 8, nfg = 1
[ Info: CTMRG init:	obj = +7.671117090930e+00	err = 1.0000e+00
┌ Warning: CTMRG cancel 100:	obj = +7.671122073710e+00	err = 9.7019826448e-09	time = 2.23 min
└ @ PEPSKit ~/.julia/packages/PEPSKit/P7ER3/src/algorithms/ctmrg/ctmrg.jl:129
┌ Warning: `svd` cotangents sensitive to gauge choice: (|Δgauge| = 0.12758901243653425)
└ @ TensorKitChainRulesCoreExt ~/.julia/packages/TensorKit/esxcj/ext/TensorKitChainRulesCoreExt/factorizations.jl:254
┌ Warning: `svd` cotangents sensitive to gauge choice: (|Δgauge| = 0.12758901157974814)
└ @ TensorKitChainRulesCoreExt ~/.julia/packages/TensorKit/esxcj/ext/TensorKitChainRulesCoreExt/factorizations.jl:254
[ Info: LBFGS: iter   14, time 3132.69 s: f = -2.025704560196, ‖∇f‖ = 2.0449e-03, α = 1.00e+00, m = 8, nfg = 1
[ Info: CTMRG init:	obj = +7.679234334725e+00	err = 1.0000e+00
┌ Warning: CTMRG cancel 100:	obj = +7.679258172346e+00	err = 5.1933308889e-09	time = 2.48 min
└ @ PEPSKit ~/.julia/packages/PEPSKit/P7ER3/src/algorithms/ctmrg/ctmrg.jl:129
┌ Warning: `svd` cotangents sensitive to gauge choice: (|Δgauge| = 0.12722830085361714)
└ @ TensorKitChainRulesCoreExt ~/.julia/packages/TensorKit/esxcj/ext/TensorKitChainRulesCoreExt/factorizations.jl:254
┌ Warning: `svd` cotangents sensitive to gauge choice: (|Δgauge| = 6.073658753630236e-11)
└ @ TensorKitChainRulesCoreExt ~/.julia/packages/TensorKit/esxcj/ext/TensorKitChainRulesCoreExt/factorizations.jl:254
┌ Warning: `svd` cotangents sensitive to gauge choice: (|Δgauge| = 0.12722829868351138)
└ @ TensorKitChainRulesCoreExt ~/.julia/packages/TensorKit/esxcj/ext/TensorKitChainRulesCoreExt/factorizations.jl:254
[ Info: LBFGS: iter   15, time 3308.20 s: f = -2.025724688898, ‖∇f‖ = 2.1654e-03, α = 1.00e+00, m = 8, nfg = 1
[ Info: CTMRG init:	obj = +7.688228660960e+00	err = 1.0000e+00
┌ Warning: CTMRG cancel 100:	obj = +7.688336335135e+00	err = 3.7463972215e-09	time = 2.43 min
└ @ PEPSKit ~/.julia/packages/PEPSKit/P7ER3/src/algorithms/ctmrg/ctmrg.jl:129
┌ Warning: `svd` cotangents sensitive to gauge choice: (|Δgauge| = 0.12660829271839508)
└ @ TensorKitChainRulesCoreExt ~/.julia/packages/TensorKit/esxcj/ext/TensorKitChainRulesCoreExt/factorizations.jl:254
┌ Warning: `svd` cotangents sensitive to gauge choice: (|Δgauge| = 0.12660830037754295)
└ @ TensorKitChainRulesCoreExt ~/.julia/packages/TensorKit/esxcj/ext/TensorKitChainRulesCoreExt/factorizations.jl:254
[ Info: CTMRG init:	obj = +7.682907329568e+00	err = 1.0000e+00
┌ Warning: CTMRG cancel 100:	obj = +7.682916128708e+00	err = 2.6619568272e-08	time = 3.07 min
└ @ PEPSKit ~/.julia/packages/PEPSKit/P7ER3/src/algorithms/ctmrg/ctmrg.jl:129
┌ Warning: `svd` cotangents sensitive to gauge choice: (|Δgauge| = 0.1270470925790506)
└ @ TensorKitChainRulesCoreExt ~/.julia/packages/TensorKit/esxcj/ext/TensorKitChainRulesCoreExt/factorizations.jl:254
┌ Warning: `svd` cotangents sensitive to gauge choice: (|Δgauge| = 5.6522944349480677e-11)
└ @ TensorKitChainRulesCoreExt ~/.julia/packages/TensorKit/esxcj/ext/TensorKitChainRulesCoreExt/factorizations.jl:254
┌ Warning: `svd` cotangents sensitive to gauge choice: (|Δgauge| = 0.1270470897465581)
└ @ TensorKitChainRulesCoreExt ~/.julia/packages/TensorKit/esxcj/ext/TensorKitChainRulesCoreExt/factorizations.jl:254
[ Info: LBFGS: iter   16, time 3684.83 s: f = -2.025730133326, ‖∇f‖ = 2.4902e-03, α = 2.86e-01, m = 8, nfg = 2
[ Info: CTMRG init:	obj = +7.682935484695e+00	err = 1.0000e+00
┌ Warning: CTMRG cancel 100:	obj = +7.682958149294e+00	err = 2.4859837167e-09	time = 3.62 min
└ @ PEPSKit ~/.julia/packages/PEPSKit/P7ER3/src/algorithms/ctmrg/ctmrg.jl:129
┌ Warning: `svd` cotangents sensitive to gauge choice: (|Δgauge| = 0.12692591002061673)
└ @ TensorKitChainRulesCoreExt ~/.julia/packages/TensorKit/esxcj/ext/TensorKitChainRulesCoreExt/factorizations.jl:254
┌ Warning: `svd` cotangents sensitive to gauge choice: (|Δgauge| = 0.126925911490865)
└ @ TensorKitChainRulesCoreExt ~/.julia/packages/TensorKit/esxcj/ext/TensorKitChainRulesCoreExt/factorizations.jl:254
[ Info: LBFGS: iter   17, time 3924.07 s: f = -2.025739802795, ‖∇f‖ = 8.4600e-04, α = 1.00e+00, m = 8, nfg = 1
[ Info: CTMRG init:	obj = +7.682406729635e+00	err = 1.0000e+00
┌ Warning: CTMRG cancel 100:	obj = +7.682408652334e+00	err = 3.4861754384e-09	time = 3.46 min
└ @ PEPSKit ~/.julia/packages/PEPSKit/P7ER3/src/algorithms/ctmrg/ctmrg.jl:129
┌ Warning: `svd` cotangents sensitive to gauge choice: (|Δgauge| = 0.12686767950912836)
└ @ TensorKitChainRulesCoreExt ~/.julia/packages/TensorKit/esxcj/ext/TensorKitChainRulesCoreExt/factorizations.jl:254
┌ Warning: `svd` cotangents sensitive to gauge choice: (|Δgauge| = 4.2405681851706925e-11)
└ @ TensorKitChainRulesCoreExt ~/.julia/packages/TensorKit/esxcj/ext/TensorKitChainRulesCoreExt/factorizations.jl:254
┌ Warning: `svd` cotangents sensitive to gauge choice: (|Δgauge| = 0.12686768308641894)
└ @ TensorKitChainRulesCoreExt ~/.julia/packages/TensorKit/esxcj/ext/TensorKitChainRulesCoreExt/factorizations.jl:254
[ Info: LBFGS: iter   18, time 4154.24 s: f = -2.025742393999, ‖∇f‖ = 6.3567e-04, α = 1.00e+00, m = 8, nfg = 1
[ Info: CTMRG init:	obj = +7.682319328391e+00	err = 1.0000e+00
┌ Warning: CTMRG cancel 100:	obj = +7.682322506409e+00	err = 2.6264436620e-09	time = 3.45 min
└ @ PEPSKit ~/.julia/packages/PEPSKit/P7ER3/src/algorithms/ctmrg/ctmrg.jl:129
┌ Warning: `svd` cotangents sensitive to gauge choice: (|Δgauge| = 0.1267188250085255)
└ @ TensorKitChainRulesCoreExt ~/.julia/packages/TensorKit/esxcj/ext/TensorKitChainRulesCoreExt/factorizations.jl:254
┌ Warning: `svd` cotangents sensitive to gauge choice: (|Δgauge| = 0.12671882227076603)
└ @ TensorKitChainRulesCoreExt ~/.julia/packages/TensorKit/esxcj/ext/TensorKitChainRulesCoreExt/factorizations.jl:254
[ Info: LBFGS: iter   19, time 4381.58 s: f = -2.025746355109, ‖∇f‖ = 1.0378e-03, α = 1.00e+00, m = 8, nfg = 1
[ Info: CTMRG init:	obj = +7.683793325673e+00	err = 1.0000e+00
┌ Warning: CTMRG cancel 100:	obj = +7.683795543785e+00	err = 1.0842949280e-08	time = 3.54 min
└ @ PEPSKit ~/.julia/packages/PEPSKit/P7ER3/src/algorithms/ctmrg/ctmrg.jl:129
┌ Warning: `svd` cotangents sensitive to gauge choice: (|Δgauge| = 0.12647550108421238)
└ @ TensorKitChainRulesCoreExt ~/.julia/packages/TensorKit/esxcj/ext/TensorKitChainRulesCoreExt/factorizations.jl:254
┌ Warning: `svd` cotangents sensitive to gauge choice: (|Δgauge| = 0.12647550486339654)
└ @ TensorKitChainRulesCoreExt ~/.julia/packages/TensorKit/esxcj/ext/TensorKitChainRulesCoreExt/factorizations.jl:254
[ Info: LBFGS: iter   20, time 4616.48 s: f = -2.025750927835, ‖∇f‖ = 1.1643e-03, α = 1.00e+00, m = 8, nfg = 1
[ Info: CTMRG init:	obj = +7.689742979917e+00	err = 1.0000e+00
┌ Warning: CTMRG cancel 100:	obj = +7.689746601952e+00	err = 2.5232690772e-08	time = 3.67 min
└ @ PEPSKit ~/.julia/packages/PEPSKit/P7ER3/src/algorithms/ctmrg/ctmrg.jl:129
┌ Warning: `svd` cotangents sensitive to gauge choice: (|Δgauge| = 0.12650080153485005)
└ @ TensorKitChainRulesCoreExt ~/.julia/packages/TensorKit/esxcj/ext/TensorKitChainRulesCoreExt/factorizations.jl:254
┌ Warning: `svd` cotangents sensitive to gauge choice: (|Δgauge| = 0.1265008018526498)
└ @ TensorKitChainRulesCoreExt ~/.julia/packages/TensorKit/esxcj/ext/TensorKitChainRulesCoreExt/factorizations.jl:254
[ Info: CTMRG init:	obj = +7.686855118149e+00	err = 1.0000e+00
┌ Warning: CTMRG cancel 100:	obj = +7.686856052746e+00	err = 1.0029758101e-08	time = 4.11 min
└ @ PEPSKit ~/.julia/packages/PEPSKit/P7ER3/src/algorithms/ctmrg/ctmrg.jl:129
┌ Warning: `svd` cotangents sensitive to gauge choice: (|Δgauge| = 0.1264872135450233)
└ @ TensorKitChainRulesCoreExt ~/.julia/packages/TensorKit/esxcj/ext/TensorKitChainRulesCoreExt/factorizations.jl:254
┌ Warning: `svd` cotangents sensitive to gauge choice: (|Δgauge| = 0.12648721492893217)
└ @ TensorKitChainRulesCoreExt ~/.julia/packages/TensorKit/esxcj/ext/TensorKitChainRulesCoreExt/factorizations.jl:254
[ Info: LBFGS: iter   21, time 5133.92 s: f = -2.025753490012, ‖∇f‖ = 1.4704e-03, α = 5.07e-01, m = 8, nfg = 2
[ Info: CTMRG init:	obj = +7.688800001963e+00	err = 1.0000e+00
┌ Warning: CTMRG cancel 100:	obj = +7.688801180006e+00	err = 2.8481456765e-09	time = 4.20 min
└ @ PEPSKit ~/.julia/packages/PEPSKit/P7ER3/src/algorithms/ctmrg/ctmrg.jl:129
┌ Warning: `svd` cotangents sensitive to gauge choice: (|Δgauge| = 0.12619388767540132)
└ @ TensorKitChainRulesCoreExt ~/.julia/packages/TensorKit/esxcj/ext/TensorKitChainRulesCoreExt/factorizations.jl:254
┌ Warning: `svd` cotangents sensitive to gauge choice: (|Δgauge| = 0.12619388874063925)
└ @ TensorKitChainRulesCoreExt ~/.julia/packages/TensorKit/esxcj/ext/TensorKitChainRulesCoreExt/factorizations.jl:254
[ Info: LBFGS: iter   22, time 5422.95 s: f = -2.025756350486, ‖∇f‖ = 4.0099e-04, α = 1.00e+00, m = 8, nfg = 1
[ Info: CTMRG init:	obj = +7.689391344406e+00	err = 1.0000e+00
┌ Warning: CTMRG cancel 100:	obj = +7.689391586601e+00	err = 6.1563636819e-09	time = 4.27 min
└ @ PEPSKit ~/.julia/packages/PEPSKit/P7ER3/src/algorithms/ctmrg/ctmrg.jl:129
┌ Warning: `svd` cotangents sensitive to gauge choice: (|Δgauge| = 0.12620013621386067)
└ @ TensorKitChainRulesCoreExt ~/.julia/packages/TensorKit/esxcj/ext/TensorKitChainRulesCoreExt/factorizations.jl:254
┌ Warning: `svd` cotangents sensitive to gauge choice: (|Δgauge| = 0.1262001347294849)
└ @ TensorKitChainRulesCoreExt ~/.julia/packages/TensorKit/esxcj/ext/TensorKitChainRulesCoreExt/factorizations.jl:254
[ Info: LBFGS: iter   23, time 5703.12 s: f = -2.025756725988, ‖∇f‖ = 2.0606e-04, α = 1.00e+00, m = 8, nfg = 1
[ Info: CTMRG init:	obj = +7.690158823516e+00	err = 1.0000e+00
┌ Warning: CTMRG cancel 100:	obj = +7.690159158816e+00	err = 8.7538618279e-09	time = 4.20 min
└ @ PEPSKit ~/.julia/packages/PEPSKit/P7ER3/src/algorithms/ctmrg/ctmrg.jl:129
┌ Warning: `svd` cotangents sensitive to gauge choice: (|Δgauge| = 0.1262062276262846)
└ @ TensorKitChainRulesCoreExt ~/.julia/packages/TensorKit/esxcj/ext/TensorKitChainRulesCoreExt/factorizations.jl:254
┌ Warning: `svd` cotangents sensitive to gauge choice: (|Δgauge| = 0.12620622824265706)
└ @ TensorKitChainRulesCoreExt ~/.julia/packages/TensorKit/esxcj/ext/TensorKitChainRulesCoreExt/factorizations.jl:254
[ Info: LBFGS: iter   24, time 5982.90 s: f = -2.025756998899, ‖∇f‖ = 2.6952e-04, α = 1.00e+00, m = 8, nfg = 1
[ Info: CTMRG init:	obj = +7.690568533145e+00	err = 1.0000e+00
[ Info: CTMRG conv 53:	obj = +7.690568669614e+00	err = 9.9698814877e-10	time = 2.29 min
┌ Warning: `svd` cotangents sensitive to gauge choice: (|Δgauge| = 0.12621003321479796)
└ @ TensorKitChainRulesCoreExt ~/.julia/packages/TensorKit/esxcj/ext/TensorKitChainRulesCoreExt/factorizations.jl:254
┌ Warning: `svd` cotangents sensitive to gauge choice: (|Δgauge| = 0.1262100337792351)
└ @ TensorKitChainRulesCoreExt ~/.julia/packages/TensorKit/esxcj/ext/TensorKitChainRulesCoreExt/factorizations.jl:254
[ Info: LBFGS: iter   25, time 6134.40 s: f = -2.025757237521, ‖∇f‖ = 3.1930e-04, α = 1.00e+00, m = 8, nfg = 1
[ Info: CTMRG init:	obj = +7.690790915222e+00	err = 1.0000e+00
┌ Warning: CTMRG cancel 100:	obj = +7.690791361200e+00	err = 3.3907779058e-09	time = 4.33 min
└ @ PEPSKit ~/.julia/packages/PEPSKit/P7ER3/src/algorithms/ctmrg/ctmrg.jl:129
┌ Warning: `svd` cotangents sensitive to gauge choice: (|Δgauge| = 0.12624445746095486)
└ @ TensorKitChainRulesCoreExt ~/.julia/packages/TensorKit/esxcj/ext/TensorKitChainRulesCoreExt/factorizations.jl:254
┌ Warning: `svd` cotangents sensitive to gauge choice: (|Δgauge| = 0.12624445918259508)
└ @ TensorKitChainRulesCoreExt ~/.julia/packages/TensorKit/esxcj/ext/TensorKitChainRulesCoreExt/factorizations.jl:254
[ Info: LBFGS: iter   26, time 6424.35 s: f = -2.025757758937, ‖∇f‖ = 2.2678e-04, α = 1.00e+00, m = 8, nfg = 1
[ Info: CTMRG init:	obj = +7.688680483114e+00	err = 1.0000e+00
┌ Warning: CTMRG cancel 100:	obj = +7.688681069954e+00	err = 3.4231253193e-09	time = 4.40 min
└ @ PEPSKit ~/.julia/packages/PEPSKit/P7ER3/src/algorithms/ctmrg/ctmrg.jl:129
┌ Warning: `svd` cotangents sensitive to gauge choice: (|Δgauge| = 0.1262923697915388)
└ @ TensorKitChainRulesCoreExt ~/.julia/packages/TensorKit/esxcj/ext/TensorKitChainRulesCoreExt/factorizations.jl:254
┌ Warning: `svd` cotangents sensitive to gauge choice: (|Δgauge| = 0.12629236682369233)
└ @ TensorKitChainRulesCoreExt ~/.julia/packages/TensorKit/esxcj/ext/TensorKitChainRulesCoreExt/factorizations.jl:254
[ Info: LBFGS: iter   27, time 6714.84 s: f = -2.025758014811, ‖∇f‖ = 4.4242e-04, α = 1.00e+00, m = 8, nfg = 1
[ Info: CTMRG init:	obj = +7.687844000380e+00	err = 1.0000e+00
┌ Warning: CTMRG cancel 100:	obj = +7.687844033156e+00	err = 2.5063257316e-09	time = 4.49 min
└ @ PEPSKit ~/.julia/packages/PEPSKit/P7ER3/src/algorithms/ctmrg/ctmrg.jl:129
┌ Warning: `svd` cotangents sensitive to gauge choice: (|Δgauge| = 0.12631008535208338)
└ @ TensorKitChainRulesCoreExt ~/.julia/packages/TensorKit/esxcj/ext/TensorKitChainRulesCoreExt/factorizations.jl:254
┌ Warning: `svd` cotangents sensitive to gauge choice: (|Δgauge| = 0.1263100865467997)
└ @ TensorKitChainRulesCoreExt ~/.julia/packages/TensorKit/esxcj/ext/TensorKitChainRulesCoreExt/factorizations.jl:254
[ Info: LBFGS: iter   28, time 7006.36 s: f = -2.025758516472, ‖∇f‖ = 1.9231e-04, α = 1.00e+00, m = 8, nfg = 1
[ Info: CTMRG init:	obj = +7.685830471979e+00	err = 1.0000e+00
┌ Warning: CTMRG cancel 100:	obj = +7.685830847898e+00	err = 5.3565818993e-09	time = 4.58 min
└ @ PEPSKit ~/.julia/packages/PEPSKit/P7ER3/src/algorithms/ctmrg/ctmrg.jl:129
┌ Warning: `svd` cotangents sensitive to gauge choice: (|Δgauge| = 0.1263435181263578)
└ @ TensorKitChainRulesCoreExt ~/.julia/packages/TensorKit/esxcj/ext/TensorKitChainRulesCoreExt/factorizations.jl:254
┌ Warning: `svd` cotangents sensitive to gauge choice: (|Δgauge| = 0.12634351672414035)
└ @ TensorKitChainRulesCoreExt ~/.julia/packages/TensorKit/esxcj/ext/TensorKitChainRulesCoreExt/factorizations.jl:254
[ Info: LBFGS: iter   29, time 7299.58 s: f = -2.025758907264, ‖∇f‖ = 2.3541e-04, α = 1.00e+00, m = 8, nfg = 1
[ Info: CTMRG init:	obj = +7.682636288824e+00	err = 1.0000e+00
[ Info: CTMRG conv 53:	obj = +7.682637115832e+00	err = 8.0865741748e-10	time = 2.15 min
┌ Warning: `svd` cotangents sensitive to gauge choice: (|Δgauge| = 0.12640494409203412)
└ @ TensorKitChainRulesCoreExt ~/.julia/packages/TensorKit/esxcj/ext/TensorKitChainRulesCoreExt/factorizations.jl:254
┌ Warning: `svd` cotangents sensitive to gauge choice: (|Δgauge| = 0.1264049459227723)
└ @ TensorKitChainRulesCoreExt ~/.julia/packages/TensorKit/esxcj/ext/TensorKitChainRulesCoreExt/factorizations.jl:254
[ Info: LBFGS: iter   30, time 7438.94 s: f = -2.025759338570, ‖∇f‖ = 2.8558e-04, α = 1.00e+00, m = 8, nfg = 1
[ Info: CTMRG init:	obj = +7.677840527983e+00	err = 1.0000e+00
[ Info: CTMRG conv 45:	obj = +7.677843361229e+00	err = 9.5781803156e-10	time = 1.84 min
┌ Warning: `svd` cotangents sensitive to gauge choice: (|Δgauge| = 0.12649087227847536)
└ @ TensorKitChainRulesCoreExt ~/.julia/packages/TensorKit/esxcj/ext/TensorKitChainRulesCoreExt/factorizations.jl:254
┌ Warning: `svd` cotangents sensitive to gauge choice: (|Δgauge| = 0.12649087081453053)
└ @ TensorKitChainRulesCoreExt ~/.julia/packages/TensorKit/esxcj/ext/TensorKitChainRulesCoreExt/factorizations.jl:254
[ Info: CTMRG init:	obj = +7.680349582543e+00	err = 1.0000e+00
[ Info: CTMRG conv 11:	obj = +7.680350244378e+00	err = 8.3540319564e-10	time = 26.62 sec
┌ Warning: `svd` cotangents sensitive to gauge choice: (|Δgauge| = 0.12644640602312662)
└ @ TensorKitChainRulesCoreExt ~/.julia/packages/TensorKit/esxcj/ext/TensorKitChainRulesCoreExt/factorizations.jl:254
┌ Warning: `svd` cotangents sensitive to gauge choice: (|Δgauge| = 0.12644640703296797)
└ @ TensorKitChainRulesCoreExt ~/.julia/packages/TensorKit/esxcj/ext/TensorKitChainRulesCoreExt/factorizations.jl:254
[ Info: LBFGS: iter   31, time 7591.17 s: f = -2.025759614204, ‖∇f‖ = 4.9575e-04, α = 4.84e-01, m = 8, nfg = 2
[ Info: CTMRG init:	obj = +7.677754781316e+00	err = 1.0000e+00
┌ Warning: CTMRG cancel 100:	obj = +7.677755394719e+00	err = 1.6860285533e-09	time = 4.47 min
└ @ PEPSKit ~/.julia/packages/PEPSKit/P7ER3/src/algorithms/ctmrg/ctmrg.jl:129
┌ Warning: `svd` cotangents sensitive to gauge choice: (|Δgauge| = 0.12648910021031257)
└ @ TensorKitChainRulesCoreExt ~/.julia/packages/TensorKit/esxcj/ext/TensorKitChainRulesCoreExt/factorizations.jl:254
┌ Warning: `svd` cotangents sensitive to gauge choice: (|Δgauge| = 0.126489099688685)
└ @ TensorKitChainRulesCoreExt ~/.julia/packages/TensorKit/esxcj/ext/TensorKitChainRulesCoreExt/factorizations.jl:254
[ Info: LBFGS: iter   32, time 7879.36 s: f = -2.025760146791, ‖∇f‖ = 3.2866e-04, α = 1.00e+00, m = 8, nfg = 1
[ Info: CTMRG init:	obj = +7.674005938409e+00	err = 1.0000e+00
┌ Warning: CTMRG cancel 100:	obj = +7.674007265343e+00	err = 3.1699402232e-09	time = 4.55 min
└ @ PEPSKit ~/.julia/packages/PEPSKit/P7ER3/src/algorithms/ctmrg/ctmrg.jl:129
┌ Warning: `svd` cotangents sensitive to gauge choice: (|Δgauge| = 0.1265556478816155)
└ @ TensorKitChainRulesCoreExt ~/.julia/packages/TensorKit/esxcj/ext/TensorKitChainRulesCoreExt/factorizations.jl:254
┌ Warning: `svd` cotangents sensitive to gauge choice: (|Δgauge| = 0.12655564698969377)
└ @ TensorKitChainRulesCoreExt ~/.julia/packages/TensorKit/esxcj/ext/TensorKitChainRulesCoreExt/factorizations.jl:254
[ Info: LBFGS: iter   33, time 8171.25 s: f = -2.025761155453, ‖∇f‖ = 2.9600e-04, α = 1.00e+00, m = 8, nfg = 1
[ Info: CTMRG init:	obj = +7.670829853102e+00	err = 1.0000e+00
┌ Warning: CTMRG cancel 100:	obj = +7.670831238487e+00	err = 2.5242851749e-09	time = 4.53 min
└ @ PEPSKit ~/.julia/packages/PEPSKit/P7ER3/src/algorithms/ctmrg/ctmrg.jl:129
┌ Warning: `svd` cotangents sensitive to gauge choice: (|Δgauge| = 0.12651969928682305)
└ @ TensorKitChainRulesCoreExt ~/.julia/packages/TensorKit/esxcj/ext/TensorKitChainRulesCoreExt/factorizations.jl:254
┌ Warning: `svd` cotangents sensitive to gauge choice: (|Δgauge| = 0.12651969874993169)
└ @ TensorKitChainRulesCoreExt ~/.julia/packages/TensorKit/esxcj/ext/TensorKitChainRulesCoreExt/factorizations.jl:254
[ Info: LBFGS: iter   34, time 8465.39 s: f = -2.025762337372, ‖∇f‖ = 7.7323e-04, α = 1.00e+00, m = 8, nfg = 1
[ Info: CTMRG init:	obj = +7.669782417628e+00	err = 1.0000e+00
┌ Warning: CTMRG cancel 100:	obj = +7.669782791587e+00	err = 3.2888880899e-09	time = 4.75 min
└ @ PEPSKit ~/.julia/packages/PEPSKit/P7ER3/src/algorithms/ctmrg/ctmrg.jl:129
┌ Warning: `svd` cotangents sensitive to gauge choice: (|Δgauge| = 0.12652455947026103)
└ @ TensorKitChainRulesCoreExt ~/.julia/packages/TensorKit/esxcj/ext/TensorKitChainRulesCoreExt/factorizations.jl:254
┌ Warning: `svd` cotangents sensitive to gauge choice: (|Δgauge| = 0.12652456104359905)
└ @ TensorKitChainRulesCoreExt ~/.julia/packages/TensorKit/esxcj/ext/TensorKitChainRulesCoreExt/factorizations.jl:254
[ Info: LBFGS: iter   35, time 8770.40 s: f = -2.025763689726, ‖∇f‖ = 5.5559e-04, α = 1.00e+00, m = 8, nfg = 1
[ Info: CTMRG init:	obj = +7.671545096147e+00	err = 1.0000e+00
┌ Warning: CTMRG cancel 100:	obj = +7.671545560283e+00	err = 4.5961851421e-09	time = 6.38 min
└ @ PEPSKit ~/.julia/packages/PEPSKit/P7ER3/src/algorithms/ctmrg/ctmrg.jl:129
┌ Warning: `svd` cotangents sensitive to gauge choice: (|Δgauge| = 0.12643762073763468)
└ @ TensorKitChainRulesCoreExt ~/.julia/packages/TensorKit/esxcj/ext/TensorKitChainRulesCoreExt/factorizations.jl:254
┌ Warning: `svd` cotangents sensitive to gauge choice: (|Δgauge| = 0.12643762041500317)
└ @ TensorKitChainRulesCoreExt ~/.julia/packages/TensorKit/esxcj/ext/TensorKitChainRulesCoreExt/factorizations.jl:254
[ Info: LBFGS: iter   36, time 9187.46 s: f = -2.025765050402, ‖∇f‖ = 3.3420e-04, α = 1.00e+00, m = 8, nfg = 1
[ Info: CTMRG init:	obj = +7.674710137832e+00	err = 1.0000e+00
┌ Warning: CTMRG cancel 100:	obj = +7.674710503167e+00	err = 6.2170591973e-09	time = 6.22 min
└ @ PEPSKit ~/.julia/packages/PEPSKit/P7ER3/src/algorithms/ctmrg/ctmrg.jl:129
┌ Warning: `svd` cotangents sensitive to gauge choice: (|Δgauge| = 0.12628658921342295)
└ @ TensorKitChainRulesCoreExt ~/.julia/packages/TensorKit/esxcj/ext/TensorKitChainRulesCoreExt/factorizations.jl:254
┌ Warning: `svd` cotangents sensitive to gauge choice: (|Δgauge| = 0.12628658811808058)
└ @ TensorKitChainRulesCoreExt ~/.julia/packages/TensorKit/esxcj/ext/TensorKitChainRulesCoreExt/factorizations.jl:254
[ Info: LBFGS: iter   37, time 9585.88 s: f = -2.025766179743, ‖∇f‖ = 3.1670e-04, α = 1.00e+00, m = 8, nfg = 1
[ Info: CTMRG init:	obj = +7.672501130535e+00	err = 1.0000e+00
┌ Warning: CTMRG cancel 100:	obj = +7.672505723961e+00	err = 6.5670307511e-09	time = 5.62 min
└ @ PEPSKit ~/.julia/packages/PEPSKit/P7ER3/src/algorithms/ctmrg/ctmrg.jl:129
┌ Warning: `svd` cotangents sensitive to gauge choice: (|Δgauge| = 0.12619609874927873)
└ @ TensorKitChainRulesCoreExt ~/.julia/packages/TensorKit/esxcj/ext/TensorKitChainRulesCoreExt/factorizations.jl:254
┌ Warning: `svd` cotangents sensitive to gauge choice: (|Δgauge| = 0.1261960995000243)
└ @ TensorKitChainRulesCoreExt ~/.julia/packages/TensorKit/esxcj/ext/TensorKitChainRulesCoreExt/factorizations.jl:254
[ Info: CTMRG init:	obj = +7.673768723097e+00	err = 1.0000e+00
┌ Warning: CTMRG cancel 100:	obj = +7.673769844338e+00	err = 9.3113148292e-09	time = 5.62 min
└ @ PEPSKit ~/.julia/packages/PEPSKit/P7ER3/src/algorithms/ctmrg/ctmrg.jl:129
┌ Warning: `svd` cotangents sensitive to gauge choice: (|Δgauge| = 0.1262413200114841)
└ @ TensorKitChainRulesCoreExt ~/.julia/packages/TensorKit/esxcj/ext/TensorKitChainRulesCoreExt/factorizations.jl:254
┌ Warning: `svd` cotangents sensitive to gauge choice: (|Δgauge| = 0.12624132204338817)
└ @ TensorKitChainRulesCoreExt ~/.julia/packages/TensorKit/esxcj/ext/TensorKitChainRulesCoreExt/factorizations.jl:254
[ Info: LBFGS: iter   38, time 10305.59 s: f = -2.025766957776, ‖∇f‖ = 6.3226e-04, α = 4.95e-01, m = 8, nfg = 2
[ Info: CTMRG init:	obj = +7.674875990558e+00	err = 1.0000e+00
┌ Warning: CTMRG cancel 100:	obj = +7.674876304209e+00	err = 4.1228443433e-09	time = 5.74 min
└ @ PEPSKit ~/.julia/packages/PEPSKit/P7ER3/src/algorithms/ctmrg/ctmrg.jl:129
┌ Warning: `svd` cotangents sensitive to gauge choice: (|Δgauge| = 0.12612769749395836)
└ @ TensorKitChainRulesCoreExt ~/.julia/packages/TensorKit/esxcj/ext/TensorKitChainRulesCoreExt/factorizations.jl:254
┌ Warning: `svd` cotangents sensitive to gauge choice: (|Δgauge| = 0.12612769850450106)
└ @ TensorKitChainRulesCoreExt ~/.julia/packages/TensorKit/esxcj/ext/TensorKitChainRulesCoreExt/factorizations.jl:254
[ Info: LBFGS: iter   39, time 10672.00 s: f = -2.025767859139, ‖∇f‖ = 3.9629e-04, α = 1.00e+00, m = 8, nfg = 1
[ Info: CTMRG init:	obj = +7.673043992575e+00	err = 1.0000e+00
┌ Warning: CTMRG cancel 100:	obj = +7.673045483713e+00	err = 3.2679949354e-09	time = 5.80 min
└ @ PEPSKit ~/.julia/packages/PEPSKit/P7ER3/src/algorithms/ctmrg/ctmrg.jl:129
┌ Warning: `svd` cotangents sensitive to gauge choice: (|Δgauge| = 0.126011793657005)
└ @ TensorKitChainRulesCoreExt ~/.julia/packages/TensorKit/esxcj/ext/TensorKitChainRulesCoreExt/factorizations.jl:254
┌ Warning: `svd` cotangents sensitive to gauge choice: (|Δgauge| = 0.12601179554644265)
└ @ TensorKitChainRulesCoreExt ~/.julia/packages/TensorKit/esxcj/ext/TensorKitChainRulesCoreExt/factorizations.jl:254
[ Info: LBFGS: iter   40, time 11043.06 s: f = -2.025768700103, ‖∇f‖ = 1.7945e-04, α = 1.00e+00, m = 8, nfg = 1
[ Info: CTMRG init:	obj = +7.671032844935e+00	err = 1.0000e+00
┌ Warning: CTMRG cancel 100:	obj = +7.671033530700e+00	err = 5.4814842970e-09	time = 7.40 min
└ @ PEPSKit ~/.julia/packages/PEPSKit/P7ER3/src/algorithms/ctmrg/ctmrg.jl:129
┌ Warning: `svd` cotangents sensitive to gauge choice: (|Δgauge| = 0.1259618271793954)
└ @ TensorKitChainRulesCoreExt ~/.julia/packages/TensorKit/esxcj/ext/TensorKitChainRulesCoreExt/factorizations.jl:254
┌ Warning: `svd` cotangents sensitive to gauge choice: (|Δgauge| = 0.1259618269387912)
└ @ TensorKitChainRulesCoreExt ~/.julia/packages/TensorKit/esxcj/ext/TensorKitChainRulesCoreExt/factorizations.jl:254
[ Info: LBFGS: iter   41, time 11554.94 s: f = -2.025768980191, ‖∇f‖ = 1.3492e-04, α = 1.00e+00, m = 8, nfg = 1
[ Info: CTMRG init:	obj = +7.668787533392e+00	err = 1.0000e+00
┌ Warning: CTMRG cancel 100:	obj = +7.668788107132e+00	err = 4.3212718426e-09	time = 8.43 min
└ @ PEPSKit ~/.julia/packages/PEPSKit/P7ER3/src/algorithms/ctmrg/ctmrg.jl:129
┌ Warning: `svd` cotangents sensitive to gauge choice: (|Δgauge| = 0.1259305050659638)
└ @ TensorKitChainRulesCoreExt ~/.julia/packages/TensorKit/esxcj/ext/TensorKitChainRulesCoreExt/factorizations.jl:254
┌ Warning: `svd` cotangents sensitive to gauge choice: (|Δgauge| = 0.12593050632107308)
└ @ TensorKitChainRulesCoreExt ~/.julia/packages/TensorKit/esxcj/ext/TensorKitChainRulesCoreExt/factorizations.jl:254
[ Info: LBFGS: iter   42, time 12095.14 s: f = -2.025769093903, ‖∇f‖ = 2.5665e-04, α = 1.00e+00, m = 8, nfg = 1
[ Info: CTMRG init:	obj = +7.667690209996e+00	err = 1.0000e+00
[ Info: CTMRG conv 54:	obj = +7.667690369416e+00	err = 8.8422546371e-10	time = 3.68 min
┌ Warning: `svd` cotangents sensitive to gauge choice: (|Δgauge| = 0.1259395038094494)
└ @ TensorKitChainRulesCoreExt ~/.julia/packages/TensorKit/esxcj/ext/TensorKitChainRulesCoreExt/factorizations.jl:254
┌ Warning: `svd` cotangents sensitive to gauge choice: (|Δgauge| = 0.12593950493665518)
└ @ TensorKitChainRulesCoreExt ~/.julia/packages/TensorKit/esxcj/ext/TensorKitChainRulesCoreExt/factorizations.jl:254
[ Info: LBFGS: converged after 43 iterations and time 12329.19 s: f = -2.025769218359, ‖∇f‖ = 9.9724e-05
