  Installing known registries into `~/.julia`
       Added `General` registry to ~/.julia/registries
    Updating registry at `~/.julia/registries/General.toml`
   Installed GPUArraysCore ─────────────── v0.2.0
   Installed TaskLocalValues ───────────── v0.1.2
   Installed IRTools ───────────────────── v0.4.14
   Installed IrrationalConstants ───────── v0.2.4
   Installed RealDot ───────────────────── v0.1.0
   Installed BlockTensorKit ────────────── v0.1.6
   Installed OhMyThreads ───────────────── v0.7.0
   Installed JLD2 ──────────────────────── v0.5.12
   Installed IntegerMathUtils ──────────── v0.1.2
   Installed LRUCache ──────────────────── v1.6.2
   Installed Accessors ─────────────────── v0.1.42
   Installed Adapt ─────────────────────── v4.3.0
   Installed DiffRules ─────────────────── v1.15.1
   Installed TableTraits ───────────────── v1.0.1
   Installed PtrArrays ─────────────────── v1.3.0
   Installed Preferences ───────────────── v1.4.3
   Installed LoggingExtras ─────────────── v1.0.3
   Installed DiffResults ───────────────── v1.1.0
   Installed OptimKit ──────────────────── v0.4.0
   Installed WignerSymbols ─────────────── v2.0.0
   Installed SpecialFunctions ──────────── v2.5.0
   Installed HashArrayMappedTries ──────── v0.2.0
   Installed ChunkSplitters ────────────── v3.1.2
   Installed Tables ────────────────────── v1.12.0
   Installed TensorKit ─────────────────── v0.14.5
   Installed DataAPI ───────────────────── v1.16.0
   Installed Zygote ────────────────────── v0.7.6
   Installed Primes ────────────────────── v0.5.7
   Installed RecipesBase ───────────────── v1.3.4
   Installed AbstractFFTs ──────────────── v1.5.0
   Installed BlockArrays ───────────────── v1.6.1
   Installed StaticArrays ──────────────── v1.9.13
   Installed MPSKit ────────────────────── v0.12.6
   Installed Richardson ────────────────── v1.4.2
   Installed JLLWrappers ───────────────── v1.7.0
   Installed FiniteDifferences ─────────── v0.12.32
   Installed NaNMath ───────────────────── v1.1.3
   Installed StaticArraysCore ──────────── v1.4.3
   Installed PrecompileTools ───────────── v1.2.1
   Installed IteratorInterfaceExtensions ─ v1.0.0
   Installed ConstructionBase ──────────── v1.5.8
   Installed RationalRoots ─────────────── v0.2.1
   Installed DataValueInterfaces ───────── v1.0.0
   Installed StructArrays ──────────────── v0.7.1
   Installed StableTasks ───────────────── v0.1.7
   Installed TensorKitSectors ──────────── v0.1.4
   Installed OrderedCollections ────────── v1.8.0
   Installed ScopedValues ──────────────── v1.3.0
   Installed VectorInterface ───────────── v0.5.0
   Installed TranscodingStreams ────────── v0.11.3
   Installed InitialValues ─────────────── v0.3.1
   Installed ChainRulesCore ────────────── v1.25.1
   Installed MPSKitModels ──────────────── v0.4.0
   Installed ForwardDiff ───────────────── v1.0.1
   Installed FillArrays ────────────────── v1.13.0
   Installed FileIO ────────────────────── v1.17.0
   Installed Statistics ────────────────── v1.11.1
   Installed ChainRules ────────────────── v1.72.3
   Installed LogExpFunctions ───────────── v0.3.29
   Installed Requires ──────────────────── v1.3.1
   Installed ZygoteRules ───────────────── v0.2.7
   Installed StridedViews ──────────────── v0.4.1
   Installed CommonSubexpressions ──────── v0.3.1
   Installed BangBang ──────────────────── v0.4.4
   Installed HalfIntegers ──────────────── v1.6.0
   Installed Strided ───────────────────── v2.3.0
   Installed PackageExtensionCompat ────── v1.0.2
   Installed TensorKitManifolds ────────── v0.7.2
   Installed MacroTools ────────────────── v0.5.15
   Installed CompositionsBase ──────────── v0.1.2
   Installed Compat ────────────────────── v4.16.0
   Installed OpenSpecFun_jll ───────────── v0.5.6+0
   Installed PEPSKit ───────────────────── v0.5.0
   Installed SparseInverseSubset ───────── v0.1.2
   Installed TensorOperations ──────────── v5.2.0
   Installed KrylovKit ─────────────────── v0.9.5
   Installed InverseFunctions ──────────── v0.1.17
   Installed DocStringExtensions ───────── v0.9.4
   Installed TupleTools ────────────────── v1.6.0
   Installed ArrayLayouts ──────────────── v1.11.1
    Updating `/var/lib/condor/execute/dir_563349/Project.toml`
  [d360d2e6] + ChainRulesCore v1.25.1
  [033835bb] + JLD2 v0.5.12
  [0b1a1467] + KrylovKit v0.9.5
  [bb1c41ca] + MPSKit v0.12.6
  [ca635005] + MPSKitModels v0.4.0
  [77e91f04] + OptimKit v0.4.0
  [52969e89] + PEPSKit v0.5.0
  [07d1fe3e] + TensorKit v0.14.5
  [409d34a3] + VectorInterface v0.5.0
  [e88e6eb3] + Zygote v0.7.6
  [37e2e46d] ~ LinearAlgebra ⇒ v1.11.0
    Updating `/var/lib/condor/execute/dir_563349/Manifest.toml`
  [621f4979] + AbstractFFTs v1.5.0
  [7d9f7c33] + Accessors v0.1.42
  [79e6a3ab] + Adapt v4.3.0
  [4c555306] + ArrayLayouts v1.11.1
  [198e06fe] + BangBang v0.4.4
  [8e7c35d0] + BlockArrays v1.6.1
  [5f87ffc2] + BlockTensorKit v0.1.6
  [082447d4] + ChainRules v1.72.3
  [d360d2e6] + ChainRulesCore v1.25.1
  [ae650224] + ChunkSplitters v3.1.2
  [bbf7d656] + CommonSubexpressions v0.3.1
  [34da2185] + Compat v4.16.0
  [a33af91c] + CompositionsBase v0.1.2
  [187b0558] + ConstructionBase v1.5.8
  [9a962f9c] + DataAPI v1.16.0
  [e2d170a0] + DataValueInterfaces v1.0.0
  [163ba53b] + DiffResults v1.1.0
  [b552c78f] + DiffRules v1.15.1
  [ffbed154] + DocStringExtensions v0.9.4
  [5789e2e9] + FileIO v1.17.0
  [1a297f60] + FillArrays v1.13.0
  [26cc04aa] + FiniteDifferences v0.12.32
  [f6369f11] + ForwardDiff v1.0.1
  [46192b85] + GPUArraysCore v0.2.0
  [f0d1745a] + HalfIntegers v1.6.0
  [076d061b] + HashArrayMappedTries v0.2.0
  [7869d1d1] + IRTools v0.4.14
  [22cec73e] + InitialValues v0.3.1
  [18e54dd8] + IntegerMathUtils v0.1.2
  [3587e190] + InverseFunctions v0.1.17
  [92d709cd] + IrrationalConstants v0.2.4
  [82899510] + IteratorInterfaceExtensions v1.0.0
  [033835bb] + JLD2 v0.5.12
  [692b3bcd] + JLLWrappers v1.7.0
  [0b1a1467] + KrylovKit v0.9.5
  [8ac3fa9e] + LRUCache v1.6.2
  [2ab3a3ac] + LogExpFunctions v0.3.29
⌅ [e6f89c97] + LoggingExtras v1.0.3
  [bb1c41ca] + MPSKit v0.12.6
  [ca635005] + MPSKitModels v0.4.0
  [1914dd2f] + MacroTools v0.5.15
  [77ba4419] + NaNMath v1.1.3
⌅ [67456a42] + OhMyThreads v0.7.0
  [77e91f04] + OptimKit v0.4.0
  [bac558e1] + OrderedCollections v1.8.0
  [52969e89] + PEPSKit v0.5.0
  [65ce6f38] + PackageExtensionCompat v1.0.2
⌅ [aea7be01] + PrecompileTools v1.2.1
  [21216c6a] + Preferences v1.4.3
  [27ebfcd6] + Primes v0.5.7
  [43287f4e] + PtrArrays v1.3.0
  [308eb6b3] + RationalRoots v0.2.1
  [c1ae055f] + RealDot v0.1.0
  [3cdcf5f2] + RecipesBase v1.3.4
  [ae029012] + Requires v1.3.1
  [708f8203] + Richardson v1.4.2
  [7e506255] + ScopedValues v1.3.0
  [dc90abb0] + SparseInverseSubset v0.1.2
  [276daf66] + SpecialFunctions v2.5.0
  [91464d47] + StableTasks v0.1.7
  [90137ffa] + StaticArrays v1.9.13
  [1e83bf80] + StaticArraysCore v1.4.3
  [10745b16] + Statistics v1.11.1
  [5e0ebb24] + Strided v2.3.0
  [4db3bf67] + StridedViews v0.4.1
  [09ab397b] + StructArrays v0.7.1
  [3783bdb8] + TableTraits v1.0.1
  [bd369af6] + Tables v1.12.0
  [ed4db957] + TaskLocalValues v0.1.2
  [07d1fe3e] + TensorKit v0.14.5
  [11fa318c] + TensorKitManifolds v0.7.2
  [13a9c161] + TensorKitSectors v0.1.4
  [6aa20fa7] + TensorOperations v5.2.0
  [3bb67fe8] + TranscodingStreams v0.11.3
  [9d95972d] + TupleTools v1.6.0
  [409d34a3] + VectorInterface v0.5.0
  [9f57e263] + WignerSymbols v2.0.0
  [e88e6eb3] + Zygote v0.7.6
  [700de1a5] + ZygoteRules v0.2.7
  [efe28fd5] + OpenSpecFun_jll v0.5.6+0
  [0dad84c5] + ArgTools v1.1.2
  [56f22d72] + Artifacts v1.11.0
  [2a0f44e3] + Base64 v1.11.0
  [ade2ca70] + Dates v1.11.0
  [8ba89e20] + Distributed v1.11.0
  [f43a241f] + Downloads v1.6.0
  [7b1f6079] + FileWatching v1.11.0
  [b77e0a4c] + InteractiveUtils v1.11.0
  [b27032c2] + LibCURL v0.6.4
  [76f85450] + LibGit2 v1.11.0
  [8f399da3] + Libdl v1.11.0
  [37e2e46d] + LinearAlgebra v1.11.0
  [56ddb016] + Logging v1.11.0
  [d6f4376e] + Markdown v1.11.0
  [a63ad114] + Mmap v1.11.0
  [ca575930] + NetworkOptions v1.2.0
  [44cfe95a] + Pkg v1.11.0
  [de0858da] + Printf v1.11.0
  [9a3f8284] + Random v1.11.0
  [ea8e919c] + SHA v0.7.0
  [9e88b42a] + Serialization v1.11.0
  [6462fe0b] + Sockets v1.11.0
  [2f01184e] + SparseArrays v1.11.0
  [4607b0f0] + SuiteSparse
  [fa267f1f] + TOML v1.0.3
  [a4e569a6] + Tar v1.10.0
  [cf7118a7] + UUIDs v1.11.0
  [4ec0a83e] + Unicode v1.11.0
  [e66e0078] + CompilerSupportLibraries_jll v1.1.1+0
  [deac9b47] + LibCURL_jll v8.6.0+0
  [e37daf67] + LibGit2_jll v1.7.2+0
  [29816b5a] + LibSSH2_jll v1.11.0+1
  [c8ffd9c3] + MbedTLS_jll v2.28.6+0
  [14a3606d] + MozillaCACerts_jll v2023.12.12
  [4536629a] + OpenBLAS_jll v0.3.27+1
  [05823500] + OpenLibm_jll v0.8.1+2
  [bea87d4a] + SuiteSparse_jll v7.7.0+0
  [83775a58] + Zlib_jll v1.2.13+1
  [8e850b90] + libblastrampoline_jll v5.11.0+0
  [8e850ede] + nghttp2_jll v1.59.0+0
  [3f19e933] + p7zip_jll v17.4.0+2
        Info Packages marked with ⌅ have new versions available but compatibility constraints restrict them from upgrading. To see why use `status --outdated -m`
Precompiling project...
    487.5 ms  ✓ TaskLocalValues
    485.1 ms  ✓ IntegerMathUtils
    494.8 ms  ✓ RealDot
    518.9 ms  ✓ Richardson
    554.1 ms  ✓ DataValueInterfaces
    559.4 ms  ✓ InverseFunctions
    630.9 ms  ✓ HalfIntegers
    650.0 ms  ✓ StableTasks
    654.4 ms  ✓ LRUCache
    720.6 ms  ✓ OrderedCollections
    688.3 ms  ✓ DocStringExtensions
    724.7 ms  ✓ AbstractFFTs
    714.1 ms  ✓ VectorInterface
    727.1 ms  ✓ Statistics
    396.9 ms  ✓ IteratorInterfaceExtensions
    418.4 ms  ✓ PackageExtensionCompat
    461.1 ms  ✓ DataAPI
    543.5 ms  ✓ ConstructionBase
    463.9 ms  ✓ CompositionsBase
    509.2 ms  ✓ PtrArrays
    639.9 ms  ✓ ChunkSplitters
    570.8 ms  ✓ StaticArraysCore
    788.9 ms  ✓ RationalRoots
    778.7 ms  ✓ HashArrayMappedTries
    823.2 ms  ✓ TupleTools
    804.2 ms  ✓ TranscodingStreams
    671.5 ms  ✓ NaNMath
   1563.0 ms  ✓ FillArrays
    621.6 ms  ✓ Requires
    629.3 ms  ✓ SuiteSparse
    692.0 ms  ✓ LoggingExtras
   1151.0 ms  ✓ InitialValues
   1850.9 ms  ✓ IrrationalConstants
    739.0 ms  ✓ Primes
    897.8 ms  ✓ Preferences
    484.4 ms  ✓ DiffResults
    570.8 ms  ✓ LRUCache → SerializationExt
    529.8 ms  ✓ ConstructionBase → ConstructionBaseLinearAlgebraExt
    820.8 ms  ✓ InverseFunctions → InverseFunctionsDatesExt
    564.8 ms  ✓ StridedViews
    588.6 ms  ✓ TableTraits
    517.4 ms  ✓ ScopedValues
    717.2 ms  ✓ Statistics → SparseArraysExt
   1216.8 ms  ✓ Compat
    572.7 ms  ✓ FillArrays → FillArraysStatisticsExt
    569.4 ms  ✓ CompositionsBase → CompositionsBaseInverseFunctionsExt
    542.5 ms  ✓ StridedViews → StridedViewsPtrArraysExt
    683.3 ms  ✓ Adapt
    653.7 ms  ✓ SparseInverseSubset
    648.3 ms  ✓ PrecompileTools
    668.6 ms  ✓ JLLWrappers
    878.4 ms  ✓ LogExpFunctions
    485.4 ms  ✓ Compat → CompatLinearAlgebraExt
   1169.7 ms  ✓ FillArrays → FillArraysSparseArraysExt
    828.6 ms  ✓ Strided
   1086.0 ms  ✓ Tables
    616.1 ms  ✓ GPUArraysCore
    737.9 ms  ✓ Adapt → AdaptSparseArraysExt
    515.8 ms  ✓ LogExpFunctions → LogExpFunctionsInverseFunctionsExt
    677.2 ms  ✓ OpenSpecFun_jll
   2028.8 ms  ✓ KrylovKit
   3032.8 ms  ✓ MacroTools
   1607.6 ms  ✓ OptimKit
    667.0 ms  ✓ CommonSubexpressions
   1175.6 ms  ✓ StructArrays
   1612.4 ms  ✓ ChainRulesCore
   1981.4 ms  ✓ RecipesBase
    505.9 ms  ✓ StructArrays → StructArraysAdaptExt
    505.7 ms  ✓ StructArrays → StructArraysLinearAlgebraExt
    745.8 ms  ✓ AbstractFFTs → AbstractFFTsChainRulesCoreExt
    917.1 ms  ✓ StructArrays → StructArraysSparseArraysExt
   3369.6 ms  ✓ WignerSymbols
    852.2 ms  ✓ KrylovKit → KrylovKitChainRulesCoreExt
    996.2 ms  ✓ ZygoteRules
   1055.4 ms  ✓ ChainRulesCore → ChainRulesCoreSparseArraysExt
   2172.5 ms  ✓ IRTools
   2478.4 ms  ✓ Accessors
   1564.2 ms  ✓ LogExpFunctions → LogExpFunctionsChainRulesCoreExt
   2967.2 ms  ✓ SpecialFunctions
    617.8 ms  ✓ Accessors → StructArraysExt
    799.9 ms  ✓ Accessors → LinearAlgebraExt
   4800.7 ms  ✓ FileIO
    745.8 ms  ✓ DiffRules
   1174.1 ms  ✓ BangBang
   2101.5 ms  ✓ SpecialFunctions → SpecialFunctionsChainRulesCoreExt
    761.5 ms  ✓ BangBang → BangBangTablesExt
    767.1 ms  ✓ BangBang → BangBangStructArraysExt
    772.9 ms  ✓ BangBang → BangBangChainRulesCoreExt
   1380.5 ms  ✓ OhMyThreads
   4014.7 ms  ✓ ForwardDiff
   9438.3 ms  ✓ StaticArrays
   6604.9 ms  ✓ ChainRules
    723.9 ms  ✓ StaticArrays → StaticArraysStatisticsExt
    760.3 ms  ✓ ConstructionBase → ConstructionBaseStaticArraysExt
    801.9 ms  ✓ StaticArrays → StaticArraysChainRulesCoreExt
    818.8 ms  ✓ Adapt → AdaptStaticArraysExt
    822.6 ms  ✓ BangBang → BangBangStaticArraysExt
    826.1 ms  ✓ Accessors → StaticArraysExt
    985.5 ms  ✓ StructArrays → StructArraysStaticArraysExt
   1146.5 ms  ✓ ForwardDiff → ForwardDiffStaticArraysExt
   1382.6 ms  ✓ FiniteDifferences
  15649.2 ms  ✓ ArrayLayouts
    830.7 ms  ✓ ArrayLayouts → ArrayLayoutsSparseArraysExt
   1838.8 ms  ✓ BlockArrays
    827.7 ms  ✓ BlockArrays → BlockArraysAdaptExt
  34879.4 ms  ✓ JLD2
  30689.7 ms  ✓ Zygote
 123398.8 ms  ✓ TensorOperations
   1579.3 ms  ✓ TensorOperations → TensorOperationsChainRulesCoreExt
   6024.8 ms  ✓ TensorKitSectors
   7479.1 ms  ✓ TensorKit
   1882.7 ms  ✓ TensorKitManifolds
   1988.0 ms  ✓ TensorKit → TensorKitFiniteDifferencesExt
   2130.6 ms  ✓ TensorKit → TensorKitChainRulesCoreExt
   2812.7 ms  ✓ BlockTensorKit
  14466.5 ms  ✓ MPSKit
  12476.6 ms  ✓ MPSKitModels
  14520.2 ms  ✓ PEPSKit
  118 dependencies successfully precompiled in 184 seconds. 31 already precompiled.
[ Info: CTMRG init:	obj = +3.558748214194e-01 -6.402288190807e-01im	err = 1.0000e+00
[ Info: CTMRG conv 42:	obj = +3.389704278028e+00	err = 8.6631324453e-10	time = 36.58 sec
[ Info: CTMRG init:	obj = +3.389704278028e+00	err = 1.0000e+00
[ Info: CTMRG conv 4:	obj = +3.389704278028e+00	err = 1.2755573553e-11	time = 1.50 min
┌ Warning: `svd` cotangents sensitive to gauge choice: (|Δgauge| = 0.3685324058902967)
└ @ TensorKitChainRulesCoreExt ~/.julia/packages/TensorKit/esxcj/ext/TensorKitChainRulesCoreExt/factorizations.jl:254
┌ Warning: `svd` cotangents sensitive to gauge choice: (|Δgauge| = 0.0019246222317090406)
└ @ TensorKitChainRulesCoreExt ~/.julia/packages/TensorKit/esxcj/ext/TensorKitChainRulesCoreExt/factorizations.jl:254
┌ Warning: `svd` cotangents sensitive to gauge choice: (|Δgauge| = 0.36660778365836644)
└ @ TensorKitChainRulesCoreExt ~/.julia/packages/TensorKit/esxcj/ext/TensorKitChainRulesCoreExt/factorizations.jl:254
[ Info: LBFGS: initializing with f = 0.083197179240, ‖∇f‖ = 4.4440e-01
[ Info: CTMRG init:	obj = +3.386096717803e+00	err = 1.0000e+00
[ Info: CTMRG conv 16:	obj = +3.386103744985e+00	err = 4.0444380397e-10	time = 6.54 sec
┌ Warning: `svd` cotangents sensitive to gauge choice: (|Δgauge| = 0.36636565046045877)
└ @ TensorKitChainRulesCoreExt ~/.julia/packages/TensorKit/esxcj/ext/TensorKitChainRulesCoreExt/factorizations.jl:254
┌ Warning: `svd` cotangents sensitive to gauge choice: (|Δgauge| = 6.097595241056486e-9)
└ @ TensorKitChainRulesCoreExt ~/.julia/packages/TensorKit/esxcj/ext/TensorKitChainRulesCoreExt/factorizations.jl:254
┌ Warning: `svd` cotangents sensitive to gauge choice: (|Δgauge| = 0.3663656443629517)
└ @ TensorKitChainRulesCoreExt ~/.julia/packages/TensorKit/esxcj/ext/TensorKitChainRulesCoreExt/factorizations.jl:254
[ Info: CTMRG init:	obj = +3.371941092086e+00	err = 1.0000e+00
[ Info: CTMRG conv 17:	obj = +3.372118412154e+00	err = 5.8784684554e-10	time = 44.59 sec
┌ Warning: `svd` cotangents sensitive to gauge choice: (|Δgauge| = 0.35774629424297755)
└ @ TensorKitChainRulesCoreExt ~/.julia/packages/TensorKit/esxcj/ext/TensorKitChainRulesCoreExt/factorizations.jl:254
┌ Warning: `svd` cotangents sensitive to gauge choice: (|Δgauge| = 2.6928304273268283e-9)
└ @ TensorKitChainRulesCoreExt ~/.julia/packages/TensorKit/esxcj/ext/TensorKitChainRulesCoreExt/factorizations.jl:254
┌ Warning: `svd` cotangents sensitive to gauge choice: (|Δgauge| = 0.35774629155020304)
└ @ TensorKitChainRulesCoreExt ~/.julia/packages/TensorKit/esxcj/ext/TensorKitChainRulesCoreExt/factorizations.jl:254
[ Info: CTMRG init:	obj = +3.307835065131e+00	err = 1.0000e+00
[ Info: CTMRG conv 19:	obj = +3.312462344798e+00	err = 4.0400481227e-10	time = 7.47 sec
┌ Warning: `svd` cotangents sensitive to gauge choice: (|Δgauge| = 0.31625744624898366)
└ @ TensorKitChainRulesCoreExt ~/.julia/packages/TensorKit/esxcj/ext/TensorKitChainRulesCoreExt/factorizations.jl:254
┌ Warning: `svd` cotangents sensitive to gauge choice: (|Δgauge| = 1.6640039034251916e-9)
└ @ TensorKitChainRulesCoreExt ~/.julia/packages/TensorKit/esxcj/ext/TensorKitChainRulesCoreExt/factorizations.jl:254
┌ Warning: `svd` cotangents sensitive to gauge choice: (|Δgauge| = 0.31625744458485916)
└ @ TensorKitChainRulesCoreExt ~/.julia/packages/TensorKit/esxcj/ext/TensorKitChainRulesCoreExt/factorizations.jl:254
[ Info: CTMRG init:	obj = +3.161557281307e+00	err = 1.0000e+00
[ Info: CTMRG conv 37:	obj = +3.294677087033e+00	err = 6.8086112487e-10	time = 14.22 sec
┌ Warning: `svd` cotangents sensitive to gauge choice: (|Δgauge| = 0.18918877902051628)
└ @ TensorKitChainRulesCoreExt ~/.julia/packages/TensorKit/esxcj/ext/TensorKitChainRulesCoreExt/factorizations.jl:254
┌ Warning: `svd` cotangents sensitive to gauge choice: (|Δgauge| = 7.741008736458049e-9)
└ @ TensorKitChainRulesCoreExt ~/.julia/packages/TensorKit/esxcj/ext/TensorKitChainRulesCoreExt/factorizations.jl:254
┌ Warning: `svd` cotangents sensitive to gauge choice: (|Δgauge| = 0.18918877127938205)
└ @ TensorKitChainRulesCoreExt ~/.julia/packages/TensorKit/esxcj/ext/TensorKitChainRulesCoreExt/factorizations.jl:254
[ Info: CTMRG init:	obj = +6.084601651530e+00	err = 1.0000e+00
[ Info: CTMRG conv 39:	obj = +6.995015299881e+00	err = 5.8828035650e-10	time = 16.11 sec
┌ Warning: `svd` cotangents sensitive to gauge choice: (|Δgauge| = 0.6388039594427026)
└ @ TensorKitChainRulesCoreExt ~/.julia/packages/TensorKit/esxcj/ext/TensorKitChainRulesCoreExt/factorizations.jl:254
┌ Warning: `svd` cotangents sensitive to gauge choice: (|Δgauge| = 9.829084985688212e-11)
└ @ TensorKitChainRulesCoreExt ~/.julia/packages/TensorKit/esxcj/ext/TensorKitChainRulesCoreExt/factorizations.jl:254
┌ Warning: `svd` cotangents sensitive to gauge choice: (|Δgauge| = 0.6388039593455896)
└ @ TensorKitChainRulesCoreExt ~/.julia/packages/TensorKit/esxcj/ext/TensorKitChainRulesCoreExt/factorizations.jl:254
[ Info: CTMRG init:	obj = +7.165240267463e+00	err = 1.0000e+00
[ Info: CTMRG conv 16:	obj = +7.493723413389e+00	err = 2.1730672077e-10	time = 6.45 sec
┌ Warning: `svd` cotangents sensitive to gauge choice: (|Δgauge| = 0.7492816656682586)
└ @ TensorKitChainRulesCoreExt ~/.julia/packages/TensorKit/esxcj/ext/TensorKitChainRulesCoreExt/factorizations.jl:254
┌ Warning: `svd` cotangents sensitive to gauge choice: (|Δgauge| = 2.575190658631194e-12)
└ @ TensorKitChainRulesCoreExt ~/.julia/packages/TensorKit/esxcj/ext/TensorKitChainRulesCoreExt/factorizations.jl:254
┌ Warning: `svd` cotangents sensitive to gauge choice: (|Δgauge| = 0.7492816657290491)
└ @ TensorKitChainRulesCoreExt ~/.julia/packages/TensorKit/esxcj/ext/TensorKitChainRulesCoreExt/factorizations.jl:254
[ Info: CTMRG init:	obj = +7.448180922086e+00	err = 1.0000e+00
[ Info: CTMRG conv 18:	obj = +8.196980278908e+00	err = 4.4553769037e-10	time = 7.42 sec
┌ Warning: `svd` cotangents sensitive to gauge choice: (|Δgauge| = 0.6919190703388769)
└ @ TensorKitChainRulesCoreExt ~/.julia/packages/TensorKit/esxcj/ext/TensorKitChainRulesCoreExt/factorizations.jl:254
┌ Warning: `svd` cotangents sensitive to gauge choice: (|Δgauge| = 1.2396931952968165e-11)
└ @ TensorKitChainRulesCoreExt ~/.julia/packages/TensorKit/esxcj/ext/TensorKitChainRulesCoreExt/factorizations.jl:254
┌ Warning: `svd` cotangents sensitive to gauge choice: (|Δgauge| = 0.6919190704710472)
└ @ TensorKitChainRulesCoreExt ~/.julia/packages/TensorKit/esxcj/ext/TensorKitChainRulesCoreExt/factorizations.jl:254
[ Info: LBFGS: iter    1, time 1539.16 s: f = -1.452006501927, ‖∇f‖ = 3.6969e-01, α = 8.03e+02, m = 0, nfg = 7
[ Info: CTMRG init:	obj = +8.490649439012e+00	err = 1.0000e+00
[ Info: CTMRG conv 40:	obj = +9.657567119617e+00	err = 9.9356009829e-10	time = 16.94 sec
┌ Warning: `svd` cotangents sensitive to gauge choice: (|Δgauge| = 0.15850305747681484)
└ @ TensorKitChainRulesCoreExt ~/.julia/packages/TensorKit/esxcj/ext/TensorKitChainRulesCoreExt/factorizations.jl:254
┌ Warning: `svd` cotangents sensitive to gauge choice: (|Δgauge| = 2.9241312338761107e-12)
└ @ TensorKitChainRulesCoreExt ~/.julia/packages/TensorKit/esxcj/ext/TensorKitChainRulesCoreExt/factorizations.jl:254
┌ Warning: `svd` cotangents sensitive to gauge choice: (|Δgauge| = 0.15850305718552687)
└ @ TensorKitChainRulesCoreExt ~/.julia/packages/TensorKit/esxcj/ext/TensorKitChainRulesCoreExt/factorizations.jl:254
[ Info: LBFGS: iter    2, time 1566.33 s: f = -1.921206991874, ‖∇f‖ = 2.2241e-01, α = 1.00e+00, m = 1, nfg = 1
[ Info: CTMRG init:	obj = +6.595040502739e+00	err = 1.0000e+00
┌ Warning: CTMRG cancel 100:	obj = +8.285430627801e+00	err = 5.8783949394e-09	time = 1.01 min
└ @ PEPSKit ~/.julia/packages/PEPSKit/P7ER3/src/algorithms/ctmrg/ctmrg.jl:129
┌ Warning: `svd` cotangents sensitive to gauge choice: (|Δgauge| = 0.6996297787680646)
└ @ TensorKitChainRulesCoreExt ~/.julia/packages/TensorKit/esxcj/ext/TensorKitChainRulesCoreExt/factorizations.jl:254
┌ Warning: `svd` cotangents sensitive to gauge choice: (|Δgauge| = 0.6996297783025486)
└ @ TensorKitChainRulesCoreExt ~/.julia/packages/TensorKit/esxcj/ext/TensorKitChainRulesCoreExt/factorizations.jl:254
[ Info: CTMRG init:	obj = +8.268584756972e+00	err = 1.0000e+00
┌ Warning: CTMRG cancel 100:	obj = +8.677511466860e+00	err = 7.0309203084e-09	time = 58.40 sec
└ @ PEPSKit ~/.julia/packages/PEPSKit/P7ER3/src/algorithms/ctmrg/ctmrg.jl:129
┌ Warning: `svd` cotangents sensitive to gauge choice: (|Δgauge| = 0.49525785406228506)
└ @ TensorKitChainRulesCoreExt ~/.julia/packages/TensorKit/esxcj/ext/TensorKitChainRulesCoreExt/factorizations.jl:254
┌ Warning: `svd` cotangents sensitive to gauge choice: (|Δgauge| = 0.49525785302698183)
└ @ TensorKitChainRulesCoreExt ~/.julia/packages/TensorKit/esxcj/ext/TensorKitChainRulesCoreExt/factorizations.jl:254
[ Info: LBFGS: iter    3, time 1725.17 s: f = -1.954630733003, ‖∇f‖ = 1.7494e-01, α = 4.33e-01, m = 2, nfg = 2
[ Info: CTMRG init:	obj = +8.592251728421e+00	err = 1.0000e+00
[ Info: CTMRG conv 72:	obj = +8.610598733177e+00	err = 9.9040080189e-10	time = 49.51 sec
┌ Warning: `svd` cotangents sensitive to gauge choice: (|Δgauge| = 0.5335046252304616)
└ @ TensorKitChainRulesCoreExt ~/.julia/packages/TensorKit/esxcj/ext/TensorKitChainRulesCoreExt/factorizations.jl:254
┌ Warning: `svd` cotangents sensitive to gauge choice: (|Δgauge| = 0.5335046277911708)
└ @ TensorKitChainRulesCoreExt ~/.julia/packages/TensorKit/esxcj/ext/TensorKitChainRulesCoreExt/factorizations.jl:254
[ Info: LBFGS: iter    4, time 1787.65 s: f = -1.988440183945, ‖∇f‖ = 1.2327e-01, α = 1.00e+00, m = 3, nfg = 1
[ Info: CTMRG init:	obj = +8.140564264027e+00	err = 1.0000e+00
[ Info: CTMRG conv 12:	obj = +8.272310095520e+00	err = 5.5617804374e-10	time = 7.65 sec
┌ Warning: `svd` cotangents sensitive to gauge choice: (|Δgauge| = 0.5869032268521325)
└ @ TensorKitChainRulesCoreExt ~/.julia/packages/TensorKit/esxcj/ext/TensorKitChainRulesCoreExt/factorizations.jl:254
┌ Warning: `svd` cotangents sensitive to gauge choice: (|Δgauge| = 0.5869032267529225)
└ @ TensorKitChainRulesCoreExt ~/.julia/packages/TensorKit/esxcj/ext/TensorKitChainRulesCoreExt/factorizations.jl:254
[ Info: LBFGS: iter    5, time 1800.13 s: f = -2.016026243505, ‖∇f‖ = 1.1887e-01, α = 1.00e+00, m = 3, nfg = 1
[ Info: CTMRG init:	obj = +8.293072022818e+00	err = 1.0000e+00
[ Info: CTMRG conv 18:	obj = +8.294913788056e+00	err = 9.1448481894e-10	time = 12.90 sec
┌ Warning: `svd` cotangents sensitive to gauge choice: (|Δgauge| = 0.5379254586504392)
└ @ TensorKitChainRulesCoreExt ~/.julia/packages/TensorKit/esxcj/ext/TensorKitChainRulesCoreExt/factorizations.jl:254
┌ Warning: `svd` cotangents sensitive to gauge choice: (|Δgauge| = 0.5379254574713006)
└ @ TensorKitChainRulesCoreExt ~/.julia/packages/TensorKit/esxcj/ext/TensorKitChainRulesCoreExt/factorizations.jl:254
[ Info: LBFGS: iter    6, time 1818.52 s: f = -2.047716756539, ‖∇f‖ = 4.8086e-02, α = 1.00e+00, m = 3, nfg = 1
[ Info: CTMRG init:	obj = +8.315005011668e+00	err = 1.0000e+00
┌ Warning: CTMRG cancel 100:	obj = +8.316264044375e+00	err = 1.8741733587e-09	time = 2.43 min
└ @ PEPSKit ~/.julia/packages/PEPSKit/P7ER3/src/algorithms/ctmrg/ctmrg.jl:129
┌ Warning: `svd` cotangents sensitive to gauge choice: (|Δgauge| = 0.5018139057185342)
└ @ TensorKitChainRulesCoreExt ~/.julia/packages/TensorKit/esxcj/ext/TensorKitChainRulesCoreExt/factorizations.jl:254
┌ Warning: `svd` cotangents sensitive to gauge choice: (|Δgauge| = 0.5018139040510753)
└ @ TensorKitChainRulesCoreExt ~/.julia/packages/TensorKit/esxcj/ext/TensorKitChainRulesCoreExt/factorizations.jl:254
[ Info: LBFGS: iter    7, time 2027.18 s: f = -2.055535329376, ‖∇f‖ = 3.8760e-02, α = 1.00e+00, m = 3, nfg = 1
[ Info: CTMRG init:	obj = +8.365803142148e+00	err = 1.0000e+00
[ Info: CTMRG conv 32:	obj = +8.369482737383e+00	err = 9.3844988565e-10	time = 2.31 min
┌ Warning: `svd` cotangents sensitive to gauge choice: (|Δgauge| = 0.48231004896311436)
└ @ TensorKitChainRulesCoreExt ~/.julia/packages/TensorKit/esxcj/ext/TensorKitChainRulesCoreExt/factorizations.jl:254
┌ Warning: `svd` cotangents sensitive to gauge choice: (|Δgauge| = 0.48231004723803983)
└ @ TensorKitChainRulesCoreExt ~/.julia/packages/TensorKit/esxcj/ext/TensorKitChainRulesCoreExt/factorizations.jl:254
[ Info: LBFGS: iter    8, time 2172.90 s: f = -2.062337799639, ‖∇f‖ = 2.6644e-02, α = 1.00e+00, m = 3, nfg = 1
[ Info: CTMRG init:	obj = +8.319042536239e+00	err = 1.0000e+00
[ Info: CTMRG conv 21:	obj = +8.325263651082e+00	err = 9.9344313810e-10	time = 15.98 sec
┌ Warning: `svd` cotangents sensitive to gauge choice: (|Δgauge| = 0.5151859924701055)
└ @ TensorKitChainRulesCoreExt ~/.julia/packages/TensorKit/esxcj/ext/TensorKitChainRulesCoreExt/factorizations.jl:254
┌ Warning: `svd` cotangents sensitive to gauge choice: (|Δgauge| = 0.5151859918926399)
└ @ TensorKitChainRulesCoreExt ~/.julia/packages/TensorKit/esxcj/ext/TensorKitChainRulesCoreExt/factorizations.jl:254
[ Info: LBFGS: iter    9, time 2194.14 s: f = -2.064938804746, ‖∇f‖ = 3.4893e-02, α = 1.00e+00, m = 3, nfg = 1
[ Info: CTMRG init:	obj = +8.386947229927e+00	err = 1.0000e+00
[ Info: CTMRG conv 28:	obj = +8.393033205582e+00	err = 9.8931186989e-10	time = 21.56 sec
┌ Warning: `svd` cotangents sensitive to gauge choice: (|Δgauge| = 0.5038492587796775)
└ @ TensorKitChainRulesCoreExt ~/.julia/packages/TensorKit/esxcj/ext/TensorKitChainRulesCoreExt/factorizations.jl:254
┌ Warning: `svd` cotangents sensitive to gauge choice: (|Δgauge| = 0.5038492600193762)
└ @ TensorKitChainRulesCoreExt ~/.julia/packages/TensorKit/esxcj/ext/TensorKitChainRulesCoreExt/factorizations.jl:254
[ Info: LBFGS: iter   10, time 2221.86 s: f = -2.065363461672, ‖∇f‖ = 2.6234e-02, α = 1.00e+00, m = 3, nfg = 1
[ Info: CTMRG init:	obj = +8.365135184825e+00	err = 1.0000e+00
[ Info: CTMRG conv 23:	obj = +8.365856071382e+00	err = 8.0817465031e-10	time = 17.54 sec
┌ Warning: `svd` cotangents sensitive to gauge choice: (|Δgauge| = 0.5085122479702455)
└ @ TensorKitChainRulesCoreExt ~/.julia/packages/TensorKit/esxcj/ext/TensorKitChainRulesCoreExt/factorizations.jl:254
┌ Warning: `svd` cotangents sensitive to gauge choice: (|Δgauge| = 0.5085122484027563)
└ @ TensorKitChainRulesCoreExt ~/.julia/packages/TensorKit/esxcj/ext/TensorKitChainRulesCoreExt/factorizations.jl:254
[ Info: LBFGS: iter   11, time 2245.05 s: f = -2.066369501749, ‖∇f‖ = 3.8170e-03, α = 1.00e+00, m = 3, nfg = 1
[ Info: CTMRG init:	obj = +8.361980510137e+00	err = 1.0000e+00
[ Info: CTMRG conv 17:	obj = +8.361985346473e+00	err = 9.1489158822e-10	time = 13.02 sec
┌ Warning: `svd` cotangents sensitive to gauge choice: (|Δgauge| = 0.5081654713082422)
└ @ TensorKitChainRulesCoreExt ~/.julia/packages/TensorKit/esxcj/ext/TensorKitChainRulesCoreExt/factorizations.jl:254
┌ Warning: `svd` cotangents sensitive to gauge choice: (|Δgauge| = 0.5081654707182421)
└ @ TensorKitChainRulesCoreExt ~/.julia/packages/TensorKit/esxcj/ext/TensorKitChainRulesCoreExt/factorizations.jl:254
[ Info: LBFGS: iter   12, time 2262.66 s: f = -2.066407384556, ‖∇f‖ = 3.3121e-03, α = 1.00e+00, m = 3, nfg = 1
[ Info: CTMRG init:	obj = +8.346132465180e+00	err = 1.0000e+00
┌ Warning: CTMRG cancel 100:	obj = +8.346174767110e+00	err = 1.4721073964e-09	time = 5.78 min
└ @ PEPSKit ~/.julia/packages/PEPSKit/P7ER3/src/algorithms/ctmrg/ctmrg.jl:129
┌ Warning: `svd` cotangents sensitive to gauge choice: (|Δgauge| = 0.508008760078304)
└ @ TensorKitChainRulesCoreExt ~/.julia/packages/TensorKit/esxcj/ext/TensorKitChainRulesCoreExt/factorizations.jl:254
┌ Warning: `svd` cotangents sensitive to gauge choice: (|Δgauge| = 0.5080087598281012)
└ @ TensorKitChainRulesCoreExt ~/.julia/packages/TensorKit/esxcj/ext/TensorKitChainRulesCoreExt/factorizations.jl:254
[ Info: LBFGS: iter   13, time 2628.35 s: f = -2.066561702963, ‖∇f‖ = 6.8005e-03, α = 1.00e+00, m = 3, nfg = 1
[ Info: CTMRG init:	obj = +8.277175690978e+00	err = 1.0000e+00
┌ Warning: CTMRG cancel 100:	obj = +8.277569663820e+00	err = 8.9359749259e-09	time = 1.96 min
└ @ PEPSKit ~/.julia/packages/PEPSKit/P7ER3/src/algorithms/ctmrg/ctmrg.jl:129
┌ Warning: `svd` cotangents sensitive to gauge choice: (|Δgauge| = 0.5064800706848501)
└ @ TensorKitChainRulesCoreExt ~/.julia/packages/TensorKit/esxcj/ext/TensorKitChainRulesCoreExt/factorizations.jl:254
┌ Warning: `svd` cotangents sensitive to gauge choice: (|Δgauge| = 0.5064800709053762)
└ @ TensorKitChainRulesCoreExt ~/.julia/packages/TensorKit/esxcj/ext/TensorKitChainRulesCoreExt/factorizations.jl:254
[ Info: LBFGS: iter   14, time 2766.63 s: f = -2.067060400975, ‖∇f‖ = 2.0383e-02, α = 1.00e+00, m = 3, nfg = 1
[ Info: CTMRG init:	obj = +8.028442259831e+00	err = 1.0000e+00
[ Info: CTMRG conv 24:	obj = +8.031749431195e+00	err = 9.0306527607e-10	time = 23.10 sec
┌ Warning: `svd` cotangents sensitive to gauge choice: (|Δgauge| = 0.501860346937161)
└ @ TensorKitChainRulesCoreExt ~/.julia/packages/TensorKit/esxcj/ext/TensorKitChainRulesCoreExt/factorizations.jl:254
┌ Warning: `svd` cotangents sensitive to gauge choice: (|Δgauge| = 0.5018603482993567)
└ @ TensorKitChainRulesCoreExt ~/.julia/packages/TensorKit/esxcj/ext/TensorKitChainRulesCoreExt/factorizations.jl:254
[ Info: LBFGS: iter   15, time 2796.16 s: f = -2.067298002476, ‖∇f‖ = 4.4837e-02, α = 1.00e+00, m = 3, nfg = 1
[ Info: CTMRG init:	obj = +8.145951270532e+00	err = 1.0000e+00
┌ Warning: CTMRG cancel 100:	obj = +8.146874040446e+00	err = 7.0999620512e-09	time = 1.66 min
└ @ PEPSKit ~/.julia/packages/PEPSKit/P7ER3/src/algorithms/ctmrg/ctmrg.jl:129
┌ Warning: `svd` cotangents sensitive to gauge choice: (|Δgauge| = 0.4995993028327172)
└ @ TensorKitChainRulesCoreExt ~/.julia/packages/TensorKit/esxcj/ext/TensorKitChainRulesCoreExt/factorizations.jl:254
┌ Warning: `svd` cotangents sensitive to gauge choice: (|Δgauge| = 0.4995993024280474)
└ @ TensorKitChainRulesCoreExt ~/.julia/packages/TensorKit/esxcj/ext/TensorKitChainRulesCoreExt/factorizations.jl:254
[ Info: LBFGS: iter   16, time 2911.46 s: f = -2.068385797905, ‖∇f‖ = 2.4989e-02, α = 1.00e+00, m = 3, nfg = 1
[ Info: CTMRG init:	obj = +8.080240019733e+00	err = 1.0000e+00
[ Info: CTMRG conv 26:	obj = +8.081345080620e+00	err = 9.3647642780e-10	time = 25.41 sec
┌ Warning: `svd` cotangents sensitive to gauge choice: (|Δgauge| = 0.49484374112692414)
└ @ TensorKitChainRulesCoreExt ~/.julia/packages/TensorKit/esxcj/ext/TensorKitChainRulesCoreExt/factorizations.jl:254
┌ Warning: `svd` cotangents sensitive to gauge choice: (|Δgauge| = 0.4948437410744122)
└ @ TensorKitChainRulesCoreExt ~/.julia/packages/TensorKit/esxcj/ext/TensorKitChainRulesCoreExt/factorizations.jl:254
[ Info: LBFGS: iter   17, time 2972.62 s: f = -2.069740096557, ‖∇f‖ = 1.2464e-02, α = 1.00e+00, m = 3, nfg = 1
[ Info: CTMRG init:	obj = +7.924267370998e+00	err = 1.0000e+00
[ Info: CTMRG conv 25:	obj = +7.925426994118e+00	err = 9.0427021705e-10	time = 1.35 min
┌ Warning: `svd` cotangents sensitive to gauge choice: (|Δgauge| = 0.5027175721946006)
└ @ TensorKitChainRulesCoreExt ~/.julia/packages/TensorKit/esxcj/ext/TensorKitChainRulesCoreExt/factorizations.jl:254
┌ Warning: `svd` cotangents sensitive to gauge choice: (|Δgauge| = 0.5027175719693704)
└ @ TensorKitChainRulesCoreExt ~/.julia/packages/TensorKit/esxcj/ext/TensorKitChainRulesCoreExt/factorizations.jl:254
[ Info: LBFGS: iter   18, time 3095.35 s: f = -2.070396450153, ‖∇f‖ = 1.0261e-02, α = 1.00e+00, m = 3, nfg = 1
[ Info: CTMRG init:	obj = +7.980466463104e+00	err = 1.0000e+00
┌ Warning: CTMRG cancel 100:	obj = +7.980937577262e+00	err = 5.0401287765e-09	time = 10.11 min
└ @ PEPSKit ~/.julia/packages/PEPSKit/P7ER3/src/algorithms/ctmrg/ctmrg.jl:129
┌ Warning: `svd` cotangents sensitive to gauge choice: (|Δgauge| = 0.5042276554617247)
└ @ TensorKitChainRulesCoreExt ~/.julia/packages/TensorKit/esxcj/ext/TensorKitChainRulesCoreExt/factorizations.jl:254
┌ Warning: `svd` cotangents sensitive to gauge choice: (|Δgauge| = 0.5042276561799132)
└ @ TensorKitChainRulesCoreExt ~/.julia/packages/TensorKit/esxcj/ext/TensorKitChainRulesCoreExt/factorizations.jl:254
[ Info: LBFGS: iter   19, time 3911.96 s: f = -2.070863028408, ‖∇f‖ = 9.6156e-03, α = 1.00e+00, m = 3, nfg = 1
[ Info: CTMRG init:	obj = +7.981410983777e+00	err = 1.0000e+00
┌ Warning: CTMRG cancel 100:	obj = +7.981685489182e+00	err = 2.0624256382e-09	time = 2.94 min
└ @ PEPSKit ~/.julia/packages/PEPSKit/P7ER3/src/algorithms/ctmrg/ctmrg.jl:129
┌ Warning: `svd` cotangents sensitive to gauge choice: (|Δgauge| = 0.5055815651951814)
└ @ TensorKitChainRulesCoreExt ~/.julia/packages/TensorKit/esxcj/ext/TensorKitChainRulesCoreExt/factorizations.jl:254
┌ Warning: `svd` cotangents sensitive to gauge choice: (|Δgauge| = 0.5055815665078758)
└ @ TensorKitChainRulesCoreExt ~/.julia/packages/TensorKit/esxcj/ext/TensorKitChainRulesCoreExt/factorizations.jl:254
[ Info: LBFGS: iter   20, time 4109.18 s: f = -2.071657274823, ‖∇f‖ = 7.0847e-03, α = 1.00e+00, m = 3, nfg = 1
[ Info: CTMRG init:	obj = +7.657656198829e+00	err = 1.0000e+00
[ Info: CTMRG conv 37:	obj = +7.664011417024e+00	err = 9.5184921268e-10	time = 53.04 sec
┌ Warning: `svd` cotangents sensitive to gauge choice: (|Δgauge| = 0.47423183070304814)
└ @ TensorKitChainRulesCoreExt ~/.julia/packages/TensorKit/esxcj/ext/TensorKitChainRulesCoreExt/factorizations.jl:254
┌ Warning: `svd` cotangents sensitive to gauge choice: (|Δgauge| = 0.4742318306075656)
└ @ TensorKitChainRulesCoreExt ~/.julia/packages/TensorKit/esxcj/ext/TensorKitChainRulesCoreExt/factorizations.jl:254
[ Info: CTMRG init:	obj = +7.893649191847e+00	err = 1.0000e+00
┌ Warning: CTMRG cancel 100:	obj = +7.894333472066e+00	err = 1.3728250331e-08	time = 2.17 min
└ @ PEPSKit ~/.julia/packages/PEPSKit/P7ER3/src/algorithms/ctmrg/ctmrg.jl:129
┌ Warning: `svd` cotangents sensitive to gauge choice: (|Δgauge| = 0.4936488698780743)
└ @ TensorKitChainRulesCoreExt ~/.julia/packages/TensorKit/esxcj/ext/TensorKitChainRulesCoreExt/factorizations.jl:254
┌ Warning: `svd` cotangents sensitive to gauge choice: (|Δgauge| = 0.49364887206545693)
└ @ TensorKitChainRulesCoreExt ~/.julia/packages/TensorKit/esxcj/ext/TensorKitChainRulesCoreExt/factorizations.jl:254
[ Info: LBFGS: iter   21, time 4340.47 s: f = -2.072686119368, ‖∇f‖ = 1.1885e-02, α = 3.75e-01, m = 3, nfg = 2
[ Info: CTMRG init:	obj = +7.681077250365e+00	err = 1.0000e+00
┌ Warning: CTMRG cancel 100:	obj = +7.684606792300e+00	err = 4.8670608521e-09	time = 2.89 min
└ @ PEPSKit ~/.julia/packages/PEPSKit/P7ER3/src/algorithms/ctmrg/ctmrg.jl:129
┌ Warning: `svd` cotangents sensitive to gauge choice: (|Δgauge| = 0.5107836993559765)
└ @ TensorKitChainRulesCoreExt ~/.julia/packages/TensorKit/esxcj/ext/TensorKitChainRulesCoreExt/factorizations.jl:254
┌ Warning: `svd` cotangents sensitive to gauge choice: (|Δgauge| = 0.510783700130018)
└ @ TensorKitChainRulesCoreExt ~/.julia/packages/TensorKit/esxcj/ext/TensorKitChainRulesCoreExt/factorizations.jl:254
[ Info: CTMRG init:	obj = +7.813746512185e+00	err = 1.0000e+00
┌ Warning: CTMRG cancel 100:	obj = +7.814362028365e+00	err = 4.9584716986e-09	time = 3.16 min
└ @ PEPSKit ~/.julia/packages/PEPSKit/P7ER3/src/algorithms/ctmrg/ctmrg.jl:129
┌ Warning: `svd` cotangents sensitive to gauge choice: (|Δgauge| = 0.5008446504995852)
└ @ TensorKitChainRulesCoreExt ~/.julia/packages/TensorKit/esxcj/ext/TensorKitChainRulesCoreExt/factorizations.jl:254
┌ Warning: `svd` cotangents sensitive to gauge choice: (|Δgauge| = 0.500844649095584)
└ @ TensorKitChainRulesCoreExt ~/.julia/packages/TensorKit/esxcj/ext/TensorKitChainRulesCoreExt/factorizations.jl:254
[ Info: LBFGS: iter   22, time 5011.93 s: f = -2.073095346387, ‖∇f‖ = 7.6864e-03, α = 4.23e-01, m = 3, nfg = 2
[ Info: CTMRG init:	obj = +7.784542811074e+00	err = 1.0000e+00
┌ Warning: CTMRG cancel 100:	obj = +7.784684242166e+00	err = 3.3477221888e-09	time = 8.02 min
└ @ PEPSKit ~/.julia/packages/PEPSKit/P7ER3/src/algorithms/ctmrg/ctmrg.jl:129
┌ Warning: `svd` cotangents sensitive to gauge choice: (|Δgauge| = 0.4985712582451165)
└ @ TensorKitChainRulesCoreExt ~/.julia/packages/TensorKit/esxcj/ext/TensorKitChainRulesCoreExt/factorizations.jl:254
┌ Warning: `svd` cotangents sensitive to gauge choice: (|Δgauge| = 0.49857125714809714)
└ @ TensorKitChainRulesCoreExt ~/.julia/packages/TensorKit/esxcj/ext/TensorKitChainRulesCoreExt/factorizations.jl:254
[ Info: LBFGS: iter   23, time 5557.24 s: f = -2.073323832088, ‖∇f‖ = 6.5696e-03, α = 1.00e+00, m = 3, nfg = 1
[ Info: CTMRG init:	obj = +7.753581317050e+00	err = 1.0000e+00
┌ Warning: CTMRG cancel 100:	obj = +7.754020050767e+00	err = 6.4438565903e-09	time = 5.11 min
└ @ PEPSKit ~/.julia/packages/PEPSKit/P7ER3/src/algorithms/ctmrg/ctmrg.jl:129
┌ Warning: `svd` cotangents sensitive to gauge choice: (|Δgauge| = 0.4968657101364768)
└ @ TensorKitChainRulesCoreExt ~/.julia/packages/TensorKit/esxcj/ext/TensorKitChainRulesCoreExt/factorizations.jl:254
┌ Warning: `svd` cotangents sensitive to gauge choice: (|Δgauge| = 0.4968657094117364)
└ @ TensorKitChainRulesCoreExt ~/.julia/packages/TensorKit/esxcj/ext/TensorKitChainRulesCoreExt/factorizations.jl:254
[ Info: LBFGS: iter   24, time 5882.44 s: f = -2.073764922403, ‖∇f‖ = 5.9302e-03, α = 1.00e+00, m = 3, nfg = 1
[ Info: CTMRG init:	obj = +7.826727010738e+00	err = 1.0000e+00
┌ Warning: CTMRG cancel 100:	obj = +7.827944277849e+00	err = 4.2879524322e-09	time = 3.56 min
└ @ PEPSKit ~/.julia/packages/PEPSKit/P7ER3/src/algorithms/ctmrg/ctmrg.jl:129
┌ Warning: `svd` cotangents sensitive to gauge choice: (|Δgauge| = 0.5075875595909514)
└ @ TensorKitChainRulesCoreExt ~/.julia/packages/TensorKit/esxcj/ext/TensorKitChainRulesCoreExt/factorizations.jl:254
┌ Warning: `svd` cotangents sensitive to gauge choice: (|Δgauge| = 0.507587558684462)
└ @ TensorKitChainRulesCoreExt ~/.julia/packages/TensorKit/esxcj/ext/TensorKitChainRulesCoreExt/factorizations.jl:254
[ Info: CTMRG init:	obj = +7.789653581760e+00	err = 1.0000e+00
┌ Warning: CTMRG cancel 100:	obj = +7.789931796467e+00	err = 4.8596087770e-09	time = 2.78 min
└ @ PEPSKit ~/.julia/packages/PEPSKit/P7ER3/src/algorithms/ctmrg/ctmrg.jl:129
┌ Warning: `svd` cotangents sensitive to gauge choice: (|Δgauge| = 0.501904784804593)
└ @ TensorKitChainRulesCoreExt ~/.julia/packages/TensorKit/esxcj/ext/TensorKitChainRulesCoreExt/factorizations.jl:254
┌ Warning: `svd` cotangents sensitive to gauge choice: (|Δgauge| = 0.5019047825676056)
└ @ TensorKitChainRulesCoreExt ~/.julia/packages/TensorKit/esxcj/ext/TensorKitChainRulesCoreExt/factorizations.jl:254
[ Info: LBFGS: iter   25, time 6332.63 s: f = -2.073954627279, ‖∇f‖ = 1.0293e-02, α = 4.74e-01, m = 3, nfg = 2
[ Info: CTMRG init:	obj = +7.815388541399e+00	err = 1.0000e+00
┌ Warning: CTMRG cancel 100:	obj = +7.816629162386e+00	err = 2.4262404684e-09	time = 3.08 min
└ @ PEPSKit ~/.julia/packages/PEPSKit/P7ER3/src/algorithms/ctmrg/ctmrg.jl:129
┌ Warning: `svd` cotangents sensitive to gauge choice: (|Δgauge| = 0.4832076647194168)
└ @ TensorKitChainRulesCoreExt ~/.julia/packages/TensorKit/esxcj/ext/TensorKitChainRulesCoreExt/factorizations.jl:254
┌ Warning: `svd` cotangents sensitive to gauge choice: (|Δgauge| = 0.4832076667377744)
└ @ TensorKitChainRulesCoreExt ~/.julia/packages/TensorKit/esxcj/ext/TensorKitChainRulesCoreExt/factorizations.jl:254
[ Info: CTMRG init:	obj = +7.801999600147e+00	err = 1.0000e+00
┌ Warning: CTMRG cancel 100:	obj = +7.802245240636e+00	err = 2.2370621509e-09	time = 2.82 min
└ @ PEPSKit ~/.julia/packages/PEPSKit/P7ER3/src/algorithms/ctmrg/ctmrg.jl:129
┌ Warning: `svd` cotangents sensitive to gauge choice: (|Δgauge| = 0.4936583168825518)
└ @ TensorKitChainRulesCoreExt ~/.julia/packages/TensorKit/esxcj/ext/TensorKitChainRulesCoreExt/factorizations.jl:254
┌ Warning: `svd` cotangents sensitive to gauge choice: (|Δgauge| = 0.4936583141471582)
└ @ TensorKitChainRulesCoreExt ~/.julia/packages/TensorKit/esxcj/ext/TensorKitChainRulesCoreExt/factorizations.jl:254
[ Info: LBFGS: iter   26, time 6723.68 s: f = -2.074085965922, ‖∇f‖ = 6.8154e-03, α = 4.47e-01, m = 3, nfg = 2
[ Info: CTMRG init:	obj = +7.798135669817e+00	err = 1.0000e+00
┌ Warning: CTMRG cancel 100:	obj = +7.798217948405e+00	err = 2.3903605352e-09	time = 14.09 min
└ @ PEPSKit ~/.julia/packages/PEPSKit/P7ER3/src/algorithms/ctmrg/ctmrg.jl:129
┌ Warning: `svd` cotangents sensitive to gauge choice: (|Δgauge| = 0.49525793249205535)
└ @ TensorKitChainRulesCoreExt ~/.julia/packages/TensorKit/esxcj/ext/TensorKitChainRulesCoreExt/factorizations.jl:254
┌ Warning: `svd` cotangents sensitive to gauge choice: (|Δgauge| = 0.49525793424150355)
└ @ TensorKitChainRulesCoreExt ~/.julia/packages/TensorKit/esxcj/ext/TensorKitChainRulesCoreExt/factorizations.jl:254
[ Info: LBFGS: iter   27, time 7620.23 s: f = -2.074153441849, ‖∇f‖ = 3.9035e-03, α = 1.00e+00, m = 3, nfg = 1
[ Info: CTMRG init:	obj = +7.796952522779e+00	err = 1.0000e+00
┌ Warning: CTMRG cancel 100:	obj = +7.797000926694e+00	err = 8.4781937183e-09	time = 7.63 min
└ @ PEPSKit ~/.julia/packages/PEPSKit/P7ER3/src/algorithms/ctmrg/ctmrg.jl:129
┌ Warning: `svd` cotangents sensitive to gauge choice: (|Δgauge| = 0.4964310919763158)
└ @ TensorKitChainRulesCoreExt ~/.julia/packages/TensorKit/esxcj/ext/TensorKitChainRulesCoreExt/factorizations.jl:254
┌ Warning: `svd` cotangents sensitive to gauge choice: (|Δgauge| = 0.49643109286247755)
└ @ TensorKitChainRulesCoreExt ~/.julia/packages/TensorKit/esxcj/ext/TensorKitChainRulesCoreExt/factorizations.jl:254
[ Info: LBFGS: iter   28, time 8454.01 s: f = -2.074216407197, ‖∇f‖ = 4.1093e-03, α = 1.00e+00, m = 3, nfg = 1
[ Info: CTMRG init:	obj = +7.796775300532e+00	err = 1.0000e+00
┌ Warning: CTMRG cancel 100:	obj = +7.796871921877e+00	err = 3.8259805879e-09	time = 20.80 min
└ @ PEPSKit ~/.julia/packages/PEPSKit/P7ER3/src/algorithms/ctmrg/ctmrg.jl:129
┌ Warning: `svd` cotangents sensitive to gauge choice: (|Δgauge| = 0.4984379539595134)
└ @ TensorKitChainRulesCoreExt ~/.julia/packages/TensorKit/esxcj/ext/TensorKitChainRulesCoreExt/factorizations.jl:254
┌ Warning: `svd` cotangents sensitive to gauge choice: (|Δgauge| = 0.49843795206975755)
└ @ TensorKitChainRulesCoreExt ~/.julia/packages/TensorKit/esxcj/ext/TensorKitChainRulesCoreExt/factorizations.jl:254
[ Info: LBFGS: iter   29, time 9776.96 s: f = -2.074358181771, ‖∇f‖ = 7.6920e-03, α = 1.00e+00, m = 3, nfg = 1
[ Info: CTMRG init:	obj = +7.778701241272e+00	err = 1.0000e+00
┌ Warning: CTMRG cancel 100:	obj = +7.779151180952e+00	err = 4.0119700966e-09	time = 12.82 min
└ @ PEPSKit ~/.julia/packages/PEPSKit/P7ER3/src/algorithms/ctmrg/ctmrg.jl:129
┌ Warning: `svd` cotangents sensitive to gauge choice: (|Δgauge| = 0.5035426369654588)
└ @ TensorKitChainRulesCoreExt ~/.julia/packages/TensorKit/esxcj/ext/TensorKitChainRulesCoreExt/factorizations.jl:254
┌ Warning: `svd` cotangents sensitive to gauge choice: (|Δgauge| = 0.5035426300258741)
└ @ TensorKitChainRulesCoreExt ~/.julia/packages/TensorKit/esxcj/ext/TensorKitChainRulesCoreExt/factorizations.jl:254
[ Info: LBFGS: iter   30, time 10591.50 s: f = -2.074782730650, ‖∇f‖ = 1.7013e-02, α = 1.00e+00, m = 3, nfg = 1
[ Info: CTMRG init:	obj = +7.548497446855e+00	err = 1.0000e+00
┌ Warning: CTMRG cancel 100:	obj = +7.551738373978e+00	err = 7.8620262891e-09	time = 20.91 min
└ @ PEPSKit ~/.julia/packages/PEPSKit/P7ER3/src/algorithms/ctmrg/ctmrg.jl:129
┌ Warning: `svd` cotangents sensitive to gauge choice: (|Δgauge| = 0.5146621145871185)
└ @ TensorKitChainRulesCoreExt ~/.julia/packages/TensorKit/esxcj/ext/TensorKitChainRulesCoreExt/factorizations.jl:254
┌ Warning: `svd` cotangents sensitive to gauge choice: (|Δgauge| = 0.514662114366638)
└ @ TensorKitChainRulesCoreExt ~/.julia/packages/TensorKit/esxcj/ext/TensorKitChainRulesCoreExt/factorizations.jl:254
[ Info: CTMRG init:	obj = +7.732872235249e+00	err = 1.0000e+00
┌ Warning: CTMRG cancel 100:	obj = +7.733146534878e+00	err = 4.8535458390e-09	time = 4.35 min
└ @ PEPSKit ~/.julia/packages/PEPSKit/P7ER3/src/algorithms/ctmrg/ctmrg.jl:129
┌ Warning: `svd` cotangents sensitive to gauge choice: (|Δgauge| = 0.5074562859086923)
└ @ TensorKitChainRulesCoreExt ~/.julia/packages/TensorKit/esxcj/ext/TensorKitChainRulesCoreExt/factorizations.jl:254
┌ Warning: `svd` cotangents sensitive to gauge choice: (|Δgauge| = 0.5074562857284177)
└ @ TensorKitChainRulesCoreExt ~/.julia/packages/TensorKit/esxcj/ext/TensorKitChainRulesCoreExt/factorizations.jl:254
[ Info: LBFGS: iter   31, time 12309.69 s: f = -2.075186633280, ‖∇f‖ = 2.3011e-02, α = 3.39e-01, m = 3, nfg = 2
[ Info: CTMRG init:	obj = +7.393377589099e+00	err = 1.0000e+00
[ Info: CTMRG conv 22:	obj = +7.398529050605e+00	err = 9.3952053340e-10	time = 52.47 sec
┌ Warning: `svd` cotangents sensitive to gauge choice: (|Δgauge| = 0.5161079302582905)
└ @ TensorKitChainRulesCoreExt ~/.julia/packages/TensorKit/esxcj/ext/TensorKitChainRulesCoreExt/factorizations.jl:254
┌ Warning: `svd` cotangents sensitive to gauge choice: (|Δgauge| = 0.5161079294693924)
└ @ TensorKitChainRulesCoreExt ~/.julia/packages/TensorKit/esxcj/ext/TensorKitChainRulesCoreExt/factorizations.jl:254
[ Info: CTMRG init:	obj = +7.685252023545e+00	err = 1.0000e+00
┌ Warning: CTMRG cancel 100:	obj = +7.685402462961e+00	err = 5.7826771756e-09	time = 4.44 min
└ @ PEPSKit ~/.julia/packages/PEPSKit/P7ER3/src/algorithms/ctmrg/ctmrg.jl:129
┌ Warning: `svd` cotangents sensitive to gauge choice: (|Δgauge| = 0.5095653744454007)
└ @ TensorKitChainRulesCoreExt ~/.julia/packages/TensorKit/esxcj/ext/TensorKitChainRulesCoreExt/factorizations.jl:254
┌ Warning: `svd` cotangents sensitive to gauge choice: (|Δgauge| = 0.5095653760520277)
└ @ TensorKitChainRulesCoreExt ~/.julia/packages/TensorKit/esxcj/ext/TensorKitChainRulesCoreExt/factorizations.jl:254
[ Info: LBFGS: iter   32, time 12655.35 s: f = -2.075533911427, ‖∇f‖ = 2.4935e-02, α = 2.23e-01, m = 3, nfg = 2
[ Info: CTMRG init:	obj = +7.419773667027e+00	err = 1.0000e+00
[ Info: CTMRG conv 24:	obj = +7.424893895556e+00	err = 9.1991879250e-10	time = 1.07 min
┌ Warning: `svd` cotangents sensitive to gauge choice: (|Δgauge| = 0.5086134849438259)
└ @ TensorKitChainRulesCoreExt ~/.julia/packages/TensorKit/esxcj/ext/TensorKitChainRulesCoreExt/factorizations.jl:254
┌ Warning: `svd` cotangents sensitive to gauge choice: (|Δgauge| = 0.5086134845164202)
└ @ TensorKitChainRulesCoreExt ~/.julia/packages/TensorKit/esxcj/ext/TensorKitChainRulesCoreExt/factorizations.jl:254
[ Info: LBFGS: iter   33, time 12726.24 s: f = -2.075943911328, ‖∇f‖ = 1.9534e-02, α = 1.00e+00, m = 3, nfg = 1
[ Info: CTMRG init:	obj = +7.688800918382e+00	err = 1.0000e+00
┌ Warning: CTMRG cancel 100:	obj = +7.693256295552e+00	err = 3.2914033005e-08	time = 4.55 min
└ @ PEPSKit ~/.julia/packages/PEPSKit/P7ER3/src/algorithms/ctmrg/ctmrg.jl:129
┌ Warning: `svd` cotangents sensitive to gauge choice: (|Δgauge| = 0.501483894018625)
└ @ TensorKitChainRulesCoreExt ~/.julia/packages/TensorKit/esxcj/ext/TensorKitChainRulesCoreExt/factorizations.jl:254
┌ Warning: `svd` cotangents sensitive to gauge choice: (|Δgauge| = 0.5014838938242879)
└ @ TensorKitChainRulesCoreExt ~/.julia/packages/TensorKit/esxcj/ext/TensorKitChainRulesCoreExt/factorizations.jl:254
[ Info: LBFGS: iter   34, time 13020.13 s: f = -2.076713611454, ‖∇f‖ = 2.3565e-02, α = 1.00e+00, m = 3, nfg = 1
[ Info: CTMRG init:	obj = +7.601720391217e+00	err = 1.0000e+00
┌ Warning: CTMRG cancel 100:	obj = +7.606940348051e+00	err = 2.3053570651e-09	time = 4.55 min
└ @ PEPSKit ~/.julia/packages/PEPSKit/P7ER3/src/algorithms/ctmrg/ctmrg.jl:129
┌ Warning: `svd` cotangents sensitive to gauge choice: (|Δgauge| = 0.5257818301995034)
└ @ TensorKitChainRulesCoreExt ~/.julia/packages/TensorKit/esxcj/ext/TensorKitChainRulesCoreExt/factorizations.jl:254
┌ Warning: `svd` cotangents sensitive to gauge choice: (|Δgauge| = 0.5257818300229284)
└ @ TensorKitChainRulesCoreExt ~/.julia/packages/TensorKit/esxcj/ext/TensorKitChainRulesCoreExt/factorizations.jl:254
[ Info: LBFGS: iter   35, time 13313.69 s: f = -2.078023187711, ‖∇f‖ = 2.0803e-02, α = 1.00e+00, m = 3, nfg = 1
[ Info: CTMRG init:	obj = +7.518867929447e+00	err = 1.0000e+00
┌ Warning: CTMRG cancel 100:	obj = +7.519242677332e+00	err = 4.4893242249e-09	time = 4.53 min
└ @ PEPSKit ~/.julia/packages/PEPSKit/P7ER3/src/algorithms/ctmrg/ctmrg.jl:129
┌ Warning: `svd` cotangents sensitive to gauge choice: (|Δgauge| = 0.5255835106792228)
└ @ TensorKitChainRulesCoreExt ~/.julia/packages/TensorKit/esxcj/ext/TensorKitChainRulesCoreExt/factorizations.jl:254
┌ Warning: `svd` cotangents sensitive to gauge choice: (|Δgauge| = 0.5255835113177074)
└ @ TensorKitChainRulesCoreExt ~/.julia/packages/TensorKit/esxcj/ext/TensorKitChainRulesCoreExt/factorizations.jl:254
[ Info: LBFGS: iter   36, time 13605.67 s: f = -2.079075142158, ‖∇f‖ = 1.6827e-02, α = 1.00e+00, m = 3, nfg = 1
[ Info: CTMRG init:	obj = +7.312733945786e+00	err = 1.0000e+00
┌ Warning: CTMRG cancel 100:	obj = +7.314993012592e+00	err = 3.6134675617e-08	time = 4.65 min
└ @ PEPSKit ~/.julia/packages/PEPSKit/P7ER3/src/algorithms/ctmrg/ctmrg.jl:129
┌ Warning: `svd` cotangents sensitive to gauge choice: (|Δgauge| = 0.5241790432437381)
└ @ TensorKitChainRulesCoreExt ~/.julia/packages/TensorKit/esxcj/ext/TensorKitChainRulesCoreExt/factorizations.jl:254
┌ Warning: `svd` cotangents sensitive to gauge choice: (|Δgauge| = 0.5241790438722851)
└ @ TensorKitChainRulesCoreExt ~/.julia/packages/TensorKit/esxcj/ext/TensorKitChainRulesCoreExt/factorizations.jl:254
[ Info: LBFGS: iter   37, time 13904.08 s: f = -2.080162361370, ‖∇f‖ = 1.4834e-02, α = 1.00e+00, m = 3, nfg = 1
[ Info: CTMRG init:	obj = +7.355833310317e+00	err = 1.0000e+00
┌ Warning: CTMRG cancel 100:	obj = +7.357079715558e+00	err = 5.5742337517e-09	time = 4.96 min
└ @ PEPSKit ~/.julia/packages/PEPSKit/P7ER3/src/algorithms/ctmrg/ctmrg.jl:129
┌ Warning: `svd` cotangents sensitive to gauge choice: (|Δgauge| = 0.4966034173160495)
└ @ TensorKitChainRulesCoreExt ~/.julia/packages/TensorKit/esxcj/ext/TensorKitChainRulesCoreExt/factorizations.jl:254
┌ Warning: `svd` cotangents sensitive to gauge choice: (|Δgauge| = 0.4966034195459148)
└ @ TensorKitChainRulesCoreExt ~/.julia/packages/TensorKit/esxcj/ext/TensorKitChainRulesCoreExt/factorizations.jl:254
[ Info: CTMRG init:	obj = +7.344077166610e+00	err = 1.0000e+00
┌ Warning: CTMRG cancel 100:	obj = +7.344432922337e+00	err = 5.4351273523e-09	time = 4.92 min
└ @ PEPSKit ~/.julia/packages/PEPSKit/P7ER3/src/algorithms/ctmrg/ctmrg.jl:129
┌ Warning: `svd` cotangents sensitive to gauge choice: (|Δgauge| = 0.5099170671786187)
└ @ TensorKitChainRulesCoreExt ~/.julia/packages/TensorKit/esxcj/ext/TensorKitChainRulesCoreExt/factorizations.jl:254
┌ Warning: `svd` cotangents sensitive to gauge choice: (|Δgauge| = 0.5099170662233459)
└ @ TensorKitChainRulesCoreExt ~/.julia/packages/TensorKit/esxcj/ext/TensorKitChainRulesCoreExt/factorizations.jl:254
[ Info: LBFGS: iter   38, time 14536.08 s: f = -2.081205582323, ‖∇f‖ = 2.9418e-02, α = 5.11e-01, m = 3, nfg = 2
[ Info: CTMRG init:	obj = +7.359160325236e+00	err = 1.0000e+00
┌ Warning: CTMRG cancel 100:	obj = +7.359308834847e+00	err = 3.4898677892e-09	time = 4.86 min
└ @ PEPSKit ~/.julia/packages/PEPSKit/P7ER3/src/algorithms/ctmrg/ctmrg.jl:129
┌ Warning: `svd` cotangents sensitive to gauge choice: (|Δgauge| = 0.5103965054024046)
└ @ TensorKitChainRulesCoreExt ~/.julia/packages/TensorKit/esxcj/ext/TensorKitChainRulesCoreExt/factorizations.jl:254
┌ Warning: `svd` cotangents sensitive to gauge choice: (|Δgauge| = 0.5103965054126739)
└ @ TensorKitChainRulesCoreExt ~/.julia/packages/TensorKit/esxcj/ext/TensorKitChainRulesCoreExt/factorizations.jl:254
[ Info: LBFGS: iter   39, time 14846.75 s: f = -2.082746987302, ‖∇f‖ = 1.8851e-02, α = 1.00e+00, m = 3, nfg = 1
[ Info: CTMRG init:	obj = +7.121370672432e+00	err = 1.0000e+00
┌ Warning: CTMRG cancel 100:	obj = +7.124729685700e+00	err = 7.4340799172e-09	time = 5.35 min
└ @ PEPSKit ~/.julia/packages/PEPSKit/P7ER3/src/algorithms/ctmrg/ctmrg.jl:129
┌ Warning: `svd` cotangents sensitive to gauge choice: (|Δgauge| = 0.5300109750865349)
└ @ TensorKitChainRulesCoreExt ~/.julia/packages/TensorKit/esxcj/ext/TensorKitChainRulesCoreExt/factorizations.jl:254
┌ Warning: `svd` cotangents sensitive to gauge choice: (|Δgauge| = 0.5300109751956027)
└ @ TensorKitChainRulesCoreExt ~/.julia/packages/TensorKit/esxcj/ext/TensorKitChainRulesCoreExt/factorizations.jl:254
[ Info: LBFGS: iter   40, time 15187.54 s: f = -2.083590986368, ‖∇f‖ = 2.0579e-02, α = 1.00e+00, m = 3, nfg = 1
[ Info: CTMRG init:	obj = +7.206345128971e+00	err = 1.0000e+00
[ Info: CTMRG conv 40:	obj = +7.209280244406e+00	err = 8.7674100283e-10	time = 2.15 min
┌ Warning: `svd` cotangents sensitive to gauge choice: (|Δgauge| = 0.5160726711037081)
└ @ TensorKitChainRulesCoreExt ~/.julia/packages/TensorKit/esxcj/ext/TensorKitChainRulesCoreExt/factorizations.jl:254
┌ Warning: `svd` cotangents sensitive to gauge choice: (|Δgauge| = 0.516072671037513)
└ @ TensorKitChainRulesCoreExt ~/.julia/packages/TensorKit/esxcj/ext/TensorKitChainRulesCoreExt/factorizations.jl:254
[ Info: LBFGS: iter   41, time 15325.77 s: f = -2.084173258264, ‖∇f‖ = 1.5877e-02, α = 1.00e+00, m = 3, nfg = 1
[ Info: CTMRG init:	obj = +7.199488303860e+00	err = 1.0000e+00
┌ Warning: CTMRG cancel 100:	obj = +7.200002757734e+00	err = 6.9252956276e-09	time = 5.14 min
└ @ PEPSKit ~/.julia/packages/PEPSKit/P7ER3/src/algorithms/ctmrg/ctmrg.jl:129
┌ Warning: `svd` cotangents sensitive to gauge choice: (|Δgauge| = 0.5218233426242394)
└ @ TensorKitChainRulesCoreExt ~/.julia/packages/TensorKit/esxcj/ext/TensorKitChainRulesCoreExt/factorizations.jl:254
┌ Warning: `svd` cotangents sensitive to gauge choice: (|Δgauge| = 0.521823342826649)
└ @ TensorKitChainRulesCoreExt ~/.julia/packages/TensorKit/esxcj/ext/TensorKitChainRulesCoreExt/factorizations.jl:254
[ Info: LBFGS: iter   42, time 15653.37 s: f = -2.084421411909, ‖∇f‖ = 5.5151e-03, α = 1.00e+00, m = 3, nfg = 1
[ Info: CTMRG init:	obj = +7.180726150313e+00	err = 1.0000e+00
[ Info: CTMRG conv 15:	obj = +7.180746403040e+00	err = 8.3473723700e-10	time = 50.43 sec
┌ Warning: `svd` cotangents sensitive to gauge choice: (|Δgauge| = 0.5214954161282447)
└ @ TensorKitChainRulesCoreExt ~/.julia/packages/TensorKit/esxcj/ext/TensorKitChainRulesCoreExt/factorizations.jl:254
┌ Warning: `svd` cotangents sensitive to gauge choice: (|Δgauge| = 0.5214954160369529)
└ @ TensorKitChainRulesCoreExt ~/.julia/packages/TensorKit/esxcj/ext/TensorKitChainRulesCoreExt/factorizations.jl:254
[ Info: LBFGS: iter   43, time 15709.13 s: f = -2.084513030919, ‖∇f‖ = 4.5916e-03, α = 1.00e+00, m = 3, nfg = 1
[ Info: CTMRG init:	obj = +7.103101182508e+00	err = 1.0000e+00
[ Info: CTMRG conv 18:	obj = +7.103457727855e+00	err = 6.6770470349e-10	time = 59.01 sec
┌ Warning: `svd` cotangents sensitive to gauge choice: (|Δgauge| = 0.5250548517936675)
└ @ TensorKitChainRulesCoreExt ~/.julia/packages/TensorKit/esxcj/ext/TensorKitChainRulesCoreExt/factorizations.jl:254
┌ Warning: `svd` cotangents sensitive to gauge choice: (|Δgauge| = 0.5250548532871209)
└ @ TensorKitChainRulesCoreExt ~/.julia/packages/TensorKit/esxcj/ext/TensorKitChainRulesCoreExt/factorizations.jl:254
[ Info: LBFGS: iter   44, time 15773.79 s: f = -2.084739455433, ‖∇f‖ = 7.7190e-03, α = 1.00e+00, m = 3, nfg = 1
[ Info: CTMRG init:	obj = +7.110140567936e+00	err = 1.0000e+00
[ Info: CTMRG conv 18:	obj = +7.110309893025e+00	err = 7.5660924838e-10	time = 58.57 sec
┌ Warning: `svd` cotangents sensitive to gauge choice: (|Δgauge| = 0.516670798432284)
└ @ TensorKitChainRulesCoreExt ~/.julia/packages/TensorKit/esxcj/ext/TensorKitChainRulesCoreExt/factorizations.jl:254
┌ Warning: `svd` cotangents sensitive to gauge choice: (|Δgauge| = 0.5166707959077359)
└ @ TensorKitChainRulesCoreExt ~/.julia/packages/TensorKit/esxcj/ext/TensorKitChainRulesCoreExt/factorizations.jl:254
[ Info: CTMRG init:	obj = +7.107244414162e+00	err = 1.0000e+00
[ Info: CTMRG conv 16:	obj = +7.107291539100e+00	err = 9.6699291439e-10	time = 55.37 sec
┌ Warning: `svd` cotangents sensitive to gauge choice: (|Δgauge| = 0.5206453781750795)
└ @ TensorKitChainRulesCoreExt ~/.julia/packages/TensorKit/esxcj/ext/TensorKitChainRulesCoreExt/factorizations.jl:254
┌ Warning: `svd` cotangents sensitive to gauge choice: (|Δgauge| = 0.5206453786443408)
└ @ TensorKitChainRulesCoreExt ~/.julia/packages/TensorKit/esxcj/ext/TensorKitChainRulesCoreExt/factorizations.jl:254
[ Info: LBFGS: iter   45, time 15898.78 s: f = -2.084821042327, ‖∇f‖ = 4.2352e-03, α = 5.31e-01, m = 3, nfg = 2
[ Info: CTMRG init:	obj = +7.122363906596e+00	err = 1.0000e+00
[ Info: CTMRG conv 16:	obj = +7.122377080515e+00	err = 8.7095057389e-10	time = 55.20 sec
┌ Warning: `svd` cotangents sensitive to gauge choice: (|Δgauge| = 0.5207606333128981)
└ @ TensorKitChainRulesCoreExt ~/.julia/packages/TensorKit/esxcj/ext/TensorKitChainRulesCoreExt/factorizations.jl:254
┌ Warning: `svd` cotangents sensitive to gauge choice: (|Δgauge| = 0.5207606339796649)
└ @ TensorKitChainRulesCoreExt ~/.julia/packages/TensorKit/esxcj/ext/TensorKitChainRulesCoreExt/factorizations.jl:254
[ Info: LBFGS: iter   46, time 15959.56 s: f = -2.084858509227, ‖∇f‖ = 2.7598e-03, α = 1.00e+00, m = 3, nfg = 1
[ Info: CTMRG init:	obj = +7.139043609509e+00	err = 1.0000e+00
[ Info: CTMRG conv 16:	obj = +7.139057716434e+00	err = 8.2863679440e-10	time = 48.45 sec
┌ Warning: `svd` cotangents sensitive to gauge choice: (|Δgauge| = 0.5224674700789378)
└ @ TensorKitChainRulesCoreExt ~/.julia/packages/TensorKit/esxcj/ext/TensorKitChainRulesCoreExt/factorizations.jl:254
┌ Warning: `svd` cotangents sensitive to gauge choice: (|Δgauge| = 0.52246747105576)
└ @ TensorKitChainRulesCoreExt ~/.julia/packages/TensorKit/esxcj/ext/TensorKitChainRulesCoreExt/factorizations.jl:254
[ Info: LBFGS: iter   47, time 16013.46 s: f = -2.084898034099, ‖∇f‖ = 1.9867e-03, α = 1.00e+00, m = 3, nfg = 1
[ Info: CTMRG init:	obj = +7.157259645444e+00	err = 1.0000e+00
[ Info: CTMRG conv 16:	obj = +7.157321541394e+00	err = 9.4919362045e-10	time = 52.54 sec
┌ Warning: `svd` cotangents sensitive to gauge choice: (|Δgauge| = 0.5217501105160096)
└ @ TensorKitChainRulesCoreExt ~/.julia/packages/TensorKit/esxcj/ext/TensorKitChainRulesCoreExt/factorizations.jl:254
┌ Warning: `svd` cotangents sensitive to gauge choice: (|Δgauge| = 0.5217501102140084)
└ @ TensorKitChainRulesCoreExt ~/.julia/packages/TensorKit/esxcj/ext/TensorKitChainRulesCoreExt/factorizations.jl:254
[ Info: LBFGS: iter   48, time 16071.23 s: f = -2.084936554902, ‖∇f‖ = 4.1115e-03, α = 1.00e+00, m = 3, nfg = 1
[ Info: CTMRG init:	obj = +7.160641854282e+00	err = 1.0000e+00
┌ Warning: CTMRG cancel 100:	obj = +7.160655189044e+00	err = 4.0685351465e-09	time = 5.46 min
└ @ PEPSKit ~/.julia/packages/PEPSKit/P7ER3/src/algorithms/ctmrg/ctmrg.jl:129
┌ Warning: `svd` cotangents sensitive to gauge choice: (|Δgauge| = 0.523658355985439)
└ @ TensorKitChainRulesCoreExt ~/.julia/packages/TensorKit/esxcj/ext/TensorKitChainRulesCoreExt/factorizations.jl:254
┌ Warning: `svd` cotangents sensitive to gauge choice: (|Δgauge| = 0.5236583571300437)
└ @ TensorKitChainRulesCoreExt ~/.julia/packages/TensorKit/esxcj/ext/TensorKitChainRulesCoreExt/factorizations.jl:254
[ Info: LBFGS: iter   49, time 16418.95 s: f = -2.084983713642, ‖∇f‖ = 3.7590e-03, α = 1.00e+00, m = 3, nfg = 1
[ Info: CTMRG init:	obj = +7.167293142921e+00	err = 1.0000e+00
┌ Warning: CTMRG cancel 100:	obj = +7.167389654844e+00	err = 4.1029218630e-09	time = 5.69 min
└ @ PEPSKit ~/.julia/packages/PEPSKit/P7ER3/src/algorithms/ctmrg/ctmrg.jl:129
┌ Warning: `svd` cotangents sensitive to gauge choice: (|Δgauge| = 0.5255019757887964)
└ @ TensorKitChainRulesCoreExt ~/.julia/packages/TensorKit/esxcj/ext/TensorKitChainRulesCoreExt/factorizations.jl:254
┌ Warning: `svd` cotangents sensitive to gauge choice: (|Δgauge| = 0.5255019776427974)
└ @ TensorKitChainRulesCoreExt ~/.julia/packages/TensorKit/esxcj/ext/TensorKitChainRulesCoreExt/factorizations.jl:254
[ Info: LBFGS: iter   50, time 16780.11 s: f = -2.085084631931, ‖∇f‖ = 2.4473e-03, α = 1.00e+00, m = 3, nfg = 1
[ Info: CTMRG init:	obj = +7.150624277374e+00	err = 1.0000e+00
[ Info: CTMRG conv 47:	obj = +7.150655992193e+00	err = 6.7764427469e-10	time = 2.74 min
┌ Warning: `svd` cotangents sensitive to gauge choice: (|Δgauge| = 0.5263573750877446)
└ @ TensorKitChainRulesCoreExt ~/.julia/packages/TensorKit/esxcj/ext/TensorKitChainRulesCoreExt/factorizations.jl:254
┌ Warning: `svd` cotangents sensitive to gauge choice: (|Δgauge| = 0.5263573757506013)
└ @ TensorKitChainRulesCoreExt ~/.julia/packages/TensorKit/esxcj/ext/TensorKitChainRulesCoreExt/factorizations.jl:254
[ Info: LBFGS: iter   51, time 16954.78 s: f = -2.085146062733, ‖∇f‖ = 3.2915e-03, α = 1.00e+00, m = 3, nfg = 1
[ Info: CTMRG init:	obj = +7.091863520271e+00	err = 1.0000e+00
┌ Warning: CTMRG cancel 100:	obj = +7.092102704518e+00	err = 2.3822522937e-09	time = 5.80 min
└ @ PEPSKit ~/.julia/packages/PEPSKit/P7ER3/src/algorithms/ctmrg/ctmrg.jl:129
┌ Warning: `svd` cotangents sensitive to gauge choice: (|Δgauge| = 0.5255835590367423)
└ @ TensorKitChainRulesCoreExt ~/.julia/packages/TensorKit/esxcj/ext/TensorKitChainRulesCoreExt/factorizations.jl:254
┌ Warning: `svd` cotangents sensitive to gauge choice: (|Δgauge| = 0.525583559776849)
└ @ TensorKitChainRulesCoreExt ~/.julia/packages/TensorKit/esxcj/ext/TensorKitChainRulesCoreExt/factorizations.jl:254
[ Info: LBFGS: iter   52, time 17322.65 s: f = -2.085256315289, ‖∇f‖ = 3.2542e-03, α = 1.00e+00, m = 3, nfg = 1
[ Info: CTMRG init:	obj = +7.015542858514e+00	err = 1.0000e+00
┌ Warning: CTMRG cancel 100:	obj = +7.015813376125e+00	err = 1.5683089597e-09	time = 5.85 min
└ @ PEPSKit ~/.julia/packages/PEPSKit/P7ER3/src/algorithms/ctmrg/ctmrg.jl:129
┌ Warning: `svd` cotangents sensitive to gauge choice: (|Δgauge| = 0.5272786255077104)
└ @ TensorKitChainRulesCoreExt ~/.julia/packages/TensorKit/esxcj/ext/TensorKitChainRulesCoreExt/factorizations.jl:254
┌ Warning: `svd` cotangents sensitive to gauge choice: (|Δgauge| = 0.5272786270680065)
└ @ TensorKitChainRulesCoreExt ~/.julia/packages/TensorKit/esxcj/ext/TensorKitChainRulesCoreExt/factorizations.jl:254
[ Info: LBFGS: iter   53, time 17693.83 s: f = -2.085295310444, ‖∇f‖ = 8.5320e-03, α = 1.00e+00, m = 3, nfg = 1
[ Info: CTMRG init:	obj = +7.010223859063e+00	err = 1.0000e+00
[ Info: CTMRG conv 91:	obj = +7.010250149423e+00	err = 9.0905316880e-10	time = 5.41 min
┌ Warning: `svd` cotangents sensitive to gauge choice: (|Δgauge| = 0.5270268125477665)
└ @ TensorKitChainRulesCoreExt ~/.julia/packages/TensorKit/esxcj/ext/TensorKitChainRulesCoreExt/factorizations.jl:254
┌ Warning: `svd` cotangents sensitive to gauge choice: (|Δgauge| = 0.52702681054222)
└ @ TensorKitChainRulesCoreExt ~/.julia/packages/TensorKit/esxcj/ext/TensorKitChainRulesCoreExt/factorizations.jl:254
[ Info: LBFGS: iter   54, time 18036.93 s: f = -2.085398002602, ‖∇f‖ = 3.6692e-03, α = 1.00e+00, m = 3, nfg = 1
[ Info: CTMRG init:	obj = +6.987718793256e+00	err = 1.0000e+00
┌ Warning: CTMRG cancel 100:	obj = +6.987848584071e+00	err = 2.3772322921e-09	time = 6.10 min
└ @ PEPSKit ~/.julia/packages/PEPSKit/P7ER3/src/algorithms/ctmrg/ctmrg.jl:129
┌ Warning: `svd` cotangents sensitive to gauge choice: (|Δgauge| = 0.5267516785224313)
└ @ TensorKitChainRulesCoreExt ~/.julia/packages/TensorKit/esxcj/ext/TensorKitChainRulesCoreExt/factorizations.jl:254
┌ Warning: `svd` cotangents sensitive to gauge choice: (|Δgauge| = 0.5267516786493756)
└ @ TensorKitChainRulesCoreExt ~/.julia/packages/TensorKit/esxcj/ext/TensorKitChainRulesCoreExt/factorizations.jl:254
[ Info: LBFGS: iter   55, time 18423.15 s: f = -2.085473641030, ‖∇f‖ = 2.6937e-03, α = 1.00e+00, m = 3, nfg = 1
[ Info: CTMRG init:	obj = +6.961441517927e+00	err = 1.0000e+00
[ Info: CTMRG conv 52:	obj = +6.961504086187e+00	err = 9.4709168901e-10	time = 3.21 min
┌ Warning: `svd` cotangents sensitive to gauge choice: (|Δgauge| = 0.5269717497424382)
└ @ TensorKitChainRulesCoreExt ~/.julia/packages/TensorKit/esxcj/ext/TensorKitChainRulesCoreExt/factorizations.jl:254
┌ Warning: `svd` cotangents sensitive to gauge choice: (|Δgauge| = 0.5269717497117627)
└ @ TensorKitChainRulesCoreExt ~/.julia/packages/TensorKit/esxcj/ext/TensorKitChainRulesCoreExt/factorizations.jl:254
[ Info: LBFGS: iter   56, time 18627.47 s: f = -2.085519024698, ‖∇f‖ = 3.2503e-03, α = 1.00e+00, m = 3, nfg = 1
[ Info: CTMRG init:	obj = +6.900154880711e+00	err = 1.0000e+00
┌ Warning: CTMRG cancel 100:	obj = +6.900654961394e+00	err = 6.2222881353e-09	time = 6.36 min
└ @ PEPSKit ~/.julia/packages/PEPSKit/P7ER3/src/algorithms/ctmrg/ctmrg.jl:129
┌ Warning: `svd` cotangents sensitive to gauge choice: (|Δgauge| = 0.519616374554937)
└ @ TensorKitChainRulesCoreExt ~/.julia/packages/TensorKit/esxcj/ext/TensorKitChainRulesCoreExt/factorizations.jl:254
┌ Warning: `svd` cotangents sensitive to gauge choice: (|Δgauge| = 0.5196163755212373)
└ @ TensorKitChainRulesCoreExt ~/.julia/packages/TensorKit/esxcj/ext/TensorKitChainRulesCoreExt/factorizations.jl:254
[ Info: LBFGS: iter   57, time 19030.00 s: f = -2.085537332885, ‖∇f‖ = 9.2320e-03, α = 1.00e+00, m = 3, nfg = 1
[ Info: CTMRG init:	obj = +6.900757785600e+00	err = 1.0000e+00
┌ Warning: CTMRG cancel 100:	obj = +6.900882970652e+00	err = 1.8582478969e-09	time = 6.26 min
└ @ PEPSKit ~/.julia/packages/PEPSKit/P7ER3/src/algorithms/ctmrg/ctmrg.jl:129
┌ Warning: `svd` cotangents sensitive to gauge choice: (|Δgauge| = 0.5241714742417505)
└ @ TensorKitChainRulesCoreExt ~/.julia/packages/TensorKit/esxcj/ext/TensorKitChainRulesCoreExt/factorizations.jl:254
┌ Warning: `svd` cotangents sensitive to gauge choice: (|Δgauge| = 0.5241714747145507)
└ @ TensorKitChainRulesCoreExt ~/.julia/packages/TensorKit/esxcj/ext/TensorKitChainRulesCoreExt/factorizations.jl:254
[ Info: LBFGS: iter   58, time 19426.63 s: f = -2.085626897439, ‖∇f‖ = 2.2797e-03, α = 1.00e+00, m = 3, nfg = 1
[ Info: CTMRG init:	obj = +6.904495273578e+00	err = 1.0000e+00
┌ Warning: CTMRG cancel 100:	obj = +6.904522095797e+00	err = 3.2794706798e-09	time = 6.59 min
└ @ PEPSKit ~/.julia/packages/PEPSKit/P7ER3/src/algorithms/ctmrg/ctmrg.jl:129
┌ Warning: `svd` cotangents sensitive to gauge choice: (|Δgauge| = 0.5250858634890534)
└ @ TensorKitChainRulesCoreExt ~/.julia/packages/TensorKit/esxcj/ext/TensorKitChainRulesCoreExt/factorizations.jl:254
┌ Warning: `svd` cotangents sensitive to gauge choice: (|Δgauge| = 0.5250858653481907)
└ @ TensorKitChainRulesCoreExt ~/.julia/packages/TensorKit/esxcj/ext/TensorKitChainRulesCoreExt/factorizations.jl:254
[ Info: LBFGS: iter   59, time 19841.82 s: f = -2.085650794699, ‖∇f‖ = 1.8723e-03, α = 1.00e+00, m = 3, nfg = 1
[ Info: CTMRG init:	obj = +6.899179278083e+00	err = 1.0000e+00
┌ Warning: CTMRG cancel 100:	obj = +6.899205700577e+00	err = 1.2824562545e-09	time = 6.63 min
└ @ PEPSKit ~/.julia/packages/PEPSKit/P7ER3/src/algorithms/ctmrg/ctmrg.jl:129
┌ Warning: `svd` cotangents sensitive to gauge choice: (|Δgauge| = 0.5254296543000895)
└ @ TensorKitChainRulesCoreExt ~/.julia/packages/TensorKit/esxcj/ext/TensorKitChainRulesCoreExt/factorizations.jl:254
┌ Warning: `svd` cotangents sensitive to gauge choice: (|Δgauge| = 0.5254296539636871)
└ @ TensorKitChainRulesCoreExt ~/.julia/packages/TensorKit/esxcj/ext/TensorKitChainRulesCoreExt/factorizations.jl:254
[ Info: LBFGS: iter   60, time 20259.43 s: f = -2.085673398915, ‖∇f‖ = 2.1298e-03, α = 1.00e+00, m = 3, nfg = 1
[ Info: CTMRG init:	obj = +6.895021254751e+00	err = 1.0000e+00
[ Info: CTMRG conv 22:	obj = +6.895058637435e+00	err = 9.0185718544e-10	time = 1.54 min
┌ Warning: `svd` cotangents sensitive to gauge choice: (|Δgauge| = 0.5244192186072458)
└ @ TensorKitChainRulesCoreExt ~/.julia/packages/TensorKit/esxcj/ext/TensorKitChainRulesCoreExt/factorizations.jl:254
┌ Warning: `svd` cotangents sensitive to gauge choice: (|Δgauge| = 0.5244192185075376)
└ @ TensorKitChainRulesCoreExt ~/.julia/packages/TensorKit/esxcj/ext/TensorKitChainRulesCoreExt/factorizations.jl:254
[ Info: LBFGS: iter   61, time 20359.29 s: f = -2.085682067584, ‖∇f‖ = 3.3215e-03, α = 1.00e+00, m = 3, nfg = 1
[ Info: CTMRG init:	obj = +6.895016284176e+00	err = 1.0000e+00
[ Info: CTMRG conv 43:	obj = +6.895022928168e+00	err = 9.8112285243e-10	time = 2.86 min
┌ Warning: `svd` cotangents sensitive to gauge choice: (|Δgauge| = 0.5244655857495903)
└ @ TensorKitChainRulesCoreExt ~/.julia/packages/TensorKit/esxcj/ext/TensorKitChainRulesCoreExt/factorizations.jl:254
┌ Warning: `svd` cotangents sensitive to gauge choice: (|Δgauge| = 0.5244655857782834)
└ @ TensorKitChainRulesCoreExt ~/.julia/packages/TensorKit/esxcj/ext/TensorKitChainRulesCoreExt/factorizations.jl:254
[ Info: LBFGS: converged after 62 iterations and time 20541.44 s: f = -2.085695702757, ‖∇f‖ = 8.7249e-04
