  Installing known registries into `~/.julia`
       Added `General` registry to ~/.julia/registries
    Updating registry at `~/.julia/registries/General.toml`
   Installed GPUArraysCore ─────────────── v0.2.0
   Installed IrrationalConstants ───────── v0.2.4
   Installed RealDot ───────────────────── v0.1.0
   Installed TaskLocalValues ───────────── v0.1.2
   Installed IRTools ───────────────────── v0.4.14
   Installed JLD2 ──────────────────────── v0.5.12
   Installed OhMyThreads ───────────────── v0.7.0
   Installed BlockTensorKit ────────────── v0.1.6
   Installed IntegerMathUtils ──────────── v0.1.2
   Installed Adapt ─────────────────────── v4.3.0
   Installed LRUCache ──────────────────── v1.6.2
   Installed PtrArrays ─────────────────── v1.3.0
   Installed DiffRules ─────────────────── v1.15.1
   Installed Accessors ─────────────────── v0.1.42
   Installed TableTraits ───────────────── v1.0.1
   Installed Preferences ───────────────── v1.4.3
   Installed LoggingExtras ─────────────── v1.0.3
   Installed DiffResults ───────────────── v1.1.0
   Installed OptimKit ──────────────────── v0.4.0
   Installed HashArrayMappedTries ──────── v0.2.0
   Installed WignerSymbols ─────────────── v2.0.0
   Installed Tables ────────────────────── v1.12.0
   Installed SpecialFunctions ──────────── v2.5.0
   Installed TensorKit ─────────────────── v0.14.5
   Installed ChunkSplitters ────────────── v3.1.2
   Installed RecipesBase ───────────────── v1.3.4
   Installed DataAPI ───────────────────── v1.16.0
   Installed Primes ────────────────────── v0.5.7
   Installed StaticArrays ──────────────── v1.9.13
   Installed Zygote ────────────────────── v0.7.6
   Installed AbstractFFTs ──────────────── v1.5.0
   Installed BlockArrays ───────────────── v1.6.0
   Installed MPSKit ────────────────────── v0.12.6
   Installed FiniteDifferences ─────────── v0.12.32
   Installed JLLWrappers ───────────────── v1.7.0
   Installed StaticArraysCore ──────────── v1.4.3
   Installed Richardson ────────────────── v1.4.2
   Installed NaNMath ───────────────────── v1.1.3
   Installed IteratorInterfaceExtensions ─ v1.0.0
   Installed PrecompileTools ───────────── v1.2.1
   Installed ConstructionBase ──────────── v1.5.8
   Installed StableTasks ───────────────── v0.1.7
   Installed DataValueInterfaces ───────── v1.0.0
   Installed RationalRoots ─────────────── v0.2.1
   Installed StructArrays ──────────────── v0.7.1
   Installed TensorKitSectors ──────────── v0.1.4
   Installed OrderedCollections ────────── v1.8.0
   Installed TranscodingStreams ────────── v0.11.3
   Installed ChainRulesCore ────────────── v1.25.1
   Installed ScopedValues ──────────────── v1.3.0
   Installed VectorInterface ───────────── v0.5.0
   Installed InitialValues ─────────────── v0.3.1
   Installed ForwardDiff ───────────────── v1.0.1
   Installed Statistics ────────────────── v1.11.1
   Installed FillArrays ────────────────── v1.13.0
   Installed MPSKitModels ──────────────── v0.4.0
   Installed FileIO ────────────────────── v1.17.0
   Installed ChainRules ────────────────── v1.72.3
   Installed Requires ──────────────────── v1.3.1
   Installed LogExpFunctions ───────────── v0.3.29
   Installed CommonSubexpressions ──────── v0.3.1
   Installed ZygoteRules ───────────────── v0.2.7
   Installed HalfIntegers ──────────────── v1.6.0
   Installed StridedViews ──────────────── v0.4.1
   Installed Strided ───────────────────── v2.3.0
   Installed BangBang ──────────────────── v0.4.4
   Installed MacroTools ────────────────── v0.5.15
   Installed PackageExtensionCompat ────── v1.0.2
   Installed TensorKitManifolds ────────── v0.7.2
   Installed Compat ────────────────────── v4.16.0
   Installed SparseInverseSubset ───────── v0.1.2
   Installed CompositionsBase ──────────── v0.1.2
   Installed TupleTools ────────────────── v1.6.0
   Installed InverseFunctions ──────────── v0.1.17
   Installed OpenSpecFun_jll ───────────── v0.5.6+0
   Installed TensorOperations ──────────── v5.2.0
   Installed PEPSKit ───────────────────── v0.5.0
   Installed ArrayLayouts ──────────────── v1.11.1
   Installed DocStringExtensions ───────── v0.9.4
   Installed KrylovKit ─────────────────── v0.9.5
    Updating `/var/lib/condor/execute/dir_2998871/Project.toml`
  [d360d2e6] + ChainRulesCore v1.25.1
  [033835bb] + JLD2 v0.5.12
  [0b1a1467] + KrylovKit v0.9.5
  [bb1c41ca] + MPSKit v0.12.6
  [ca635005] + MPSKitModels v0.4.0
  [77e91f04] + OptimKit v0.4.0
  [52969e89] + PEPSKit v0.5.0
  [07d1fe3e] + TensorKit v0.14.5
  [409d34a3] + VectorInterface v0.5.0
  [e88e6eb3] + Zygote v0.7.6
  [37e2e46d] ~ LinearAlgebra ⇒ v1.11.0
    Updating `/var/lib/condor/execute/dir_2998871/Manifest.toml`
  [621f4979] + AbstractFFTs v1.5.0
  [7d9f7c33] + Accessors v0.1.42
  [79e6a3ab] + Adapt v4.3.0
  [4c555306] + ArrayLayouts v1.11.1
  [198e06fe] + BangBang v0.4.4
  [8e7c35d0] + BlockArrays v1.6.0
  [5f87ffc2] + BlockTensorKit v0.1.6
  [082447d4] + ChainRules v1.72.3
  [d360d2e6] + ChainRulesCore v1.25.1
  [ae650224] + ChunkSplitters v3.1.2
  [bbf7d656] + CommonSubexpressions v0.3.1
  [34da2185] + Compat v4.16.0
  [a33af91c] + CompositionsBase v0.1.2
  [187b0558] + ConstructionBase v1.5.8
  [9a962f9c] + DataAPI v1.16.0
  [e2d170a0] + DataValueInterfaces v1.0.0
  [163ba53b] + DiffResults v1.1.0
  [b552c78f] + DiffRules v1.15.1
  [ffbed154] + DocStringExtensions v0.9.4
  [5789e2e9] + FileIO v1.17.0
  [1a297f60] + FillArrays v1.13.0
  [26cc04aa] + FiniteDifferences v0.12.32
  [f6369f11] + ForwardDiff v1.0.1
  [46192b85] + GPUArraysCore v0.2.0
  [f0d1745a] + HalfIntegers v1.6.0
  [076d061b] + HashArrayMappedTries v0.2.0
  [7869d1d1] + IRTools v0.4.14
  [22cec73e] + InitialValues v0.3.1
  [18e54dd8] + IntegerMathUtils v0.1.2
  [3587e190] + InverseFunctions v0.1.17
  [92d709cd] + IrrationalConstants v0.2.4
  [82899510] + IteratorInterfaceExtensions v1.0.0
  [033835bb] + JLD2 v0.5.12
  [692b3bcd] + JLLWrappers v1.7.0
  [0b1a1467] + KrylovKit v0.9.5
  [8ac3fa9e] + LRUCache v1.6.2
  [2ab3a3ac] + LogExpFunctions v0.3.29
⌅ [e6f89c97] + LoggingExtras v1.0.3
  [bb1c41ca] + MPSKit v0.12.6
  [ca635005] + MPSKitModels v0.4.0
  [1914dd2f] + MacroTools v0.5.15
  [77ba4419] + NaNMath v1.1.3
⌅ [67456a42] + OhMyThreads v0.7.0
  [77e91f04] + OptimKit v0.4.0
  [bac558e1] + OrderedCollections v1.8.0
  [52969e89] + PEPSKit v0.5.0
  [65ce6f38] + PackageExtensionCompat v1.0.2
⌅ [aea7be01] + PrecompileTools v1.2.1
  [21216c6a] + Preferences v1.4.3
  [27ebfcd6] + Primes v0.5.7
  [43287f4e] + PtrArrays v1.3.0
  [308eb6b3] + RationalRoots v0.2.1
  [c1ae055f] + RealDot v0.1.0
  [3cdcf5f2] + RecipesBase v1.3.4
  [ae029012] + Requires v1.3.1
  [708f8203] + Richardson v1.4.2
  [7e506255] + ScopedValues v1.3.0
  [dc90abb0] + SparseInverseSubset v0.1.2
  [276daf66] + SpecialFunctions v2.5.0
  [91464d47] + StableTasks v0.1.7
  [90137ffa] + StaticArrays v1.9.13
  [1e83bf80] + StaticArraysCore v1.4.3
  [10745b16] + Statistics v1.11.1
  [5e0ebb24] + Strided v2.3.0
  [4db3bf67] + StridedViews v0.4.1
  [09ab397b] + StructArrays v0.7.1
  [3783bdb8] + TableTraits v1.0.1
  [bd369af6] + Tables v1.12.0
  [ed4db957] + TaskLocalValues v0.1.2
  [07d1fe3e] + TensorKit v0.14.5
  [11fa318c] + TensorKitManifolds v0.7.2
  [13a9c161] + TensorKitSectors v0.1.4
  [6aa20fa7] + TensorOperations v5.2.0
  [3bb67fe8] + TranscodingStreams v0.11.3
  [9d95972d] + TupleTools v1.6.0
  [409d34a3] + VectorInterface v0.5.0
  [9f57e263] + WignerSymbols v2.0.0
  [e88e6eb3] + Zygote v0.7.6
  [700de1a5] + ZygoteRules v0.2.7
  [efe28fd5] + OpenSpecFun_jll v0.5.6+0
  [0dad84c5] + ArgTools v1.1.2
  [56f22d72] + Artifacts v1.11.0
  [2a0f44e3] + Base64 v1.11.0
  [ade2ca70] + Dates v1.11.0
  [8ba89e20] + Distributed v1.11.0
  [f43a241f] + Downloads v1.6.0
  [7b1f6079] + FileWatching v1.11.0
  [b77e0a4c] + InteractiveUtils v1.11.0
  [b27032c2] + LibCURL v0.6.4
  [76f85450] + LibGit2 v1.11.0
  [8f399da3] + Libdl v1.11.0
  [37e2e46d] + LinearAlgebra v1.11.0
  [56ddb016] + Logging v1.11.0
  [d6f4376e] + Markdown v1.11.0
  [a63ad114] + Mmap v1.11.0
  [ca575930] + NetworkOptions v1.2.0
  [44cfe95a] + Pkg v1.11.0
  [de0858da] + Printf v1.11.0
  [9a3f8284] + Random v1.11.0
  [ea8e919c] + SHA v0.7.0
  [9e88b42a] + Serialization v1.11.0
  [6462fe0b] + Sockets v1.11.0
  [2f01184e] + SparseArrays v1.11.0
  [4607b0f0] + SuiteSparse
  [fa267f1f] + TOML v1.0.3
  [a4e569a6] + Tar v1.10.0
  [cf7118a7] + UUIDs v1.11.0
  [4ec0a83e] + Unicode v1.11.0
  [e66e0078] + CompilerSupportLibraries_jll v1.1.1+0
  [deac9b47] + LibCURL_jll v8.6.0+0
  [e37daf67] + LibGit2_jll v1.7.2+0
  [29816b5a] + LibSSH2_jll v1.11.0+1
  [c8ffd9c3] + MbedTLS_jll v2.28.6+0
  [14a3606d] + MozillaCACerts_jll v2023.12.12
  [4536629a] + OpenBLAS_jll v0.3.27+1
  [05823500] + OpenLibm_jll v0.8.1+2
  [bea87d4a] + SuiteSparse_jll v7.7.0+0
  [83775a58] + Zlib_jll v1.2.13+1
  [8e850b90] + libblastrampoline_jll v5.11.0+0
  [8e850ede] + nghttp2_jll v1.59.0+0
  [3f19e933] + p7zip_jll v17.4.0+2
        Info Packages marked with ⌅ have new versions available but compatibility constraints restrict them from upgrading. To see why use `status --outdated -m`
Precompiling project...
    444.8 ms  ✓ TaskLocalValues
    398.0 ms  ✓ DataValueInterfaces
    449.4 ms  ✓ IntegerMathUtils
    436.7 ms  ✓ RealDot
    453.4 ms  ✓ Richardson
    511.0 ms  ✓ HalfIntegers
    512.0 ms  ✓ InverseFunctions
    545.3 ms  ✓ StableTasks
    542.1 ms  ✓ LRUCache
    657.2 ms  ✓ OrderedCollections
    619.5 ms  ✓ VectorInterface
    614.4 ms  ✓ Statistics
    617.5 ms  ✓ DocStringExtensions
    781.3 ms  ✓ AbstractFFTs
    420.4 ms  ✓ IteratorInterfaceExtensions
    492.0 ms  ✓ DataAPI
    435.9 ms  ✓ CompositionsBase
    548.4 ms  ✓ ConstructionBase
    419.4 ms  ✓ PtrArrays
   1039.0 ms  ✓ FillArrays
    548.0 ms  ✓ ChunkSplitters
    475.7 ms  ✓ RationalRoots
    520.3 ms  ✓ StaticArraysCore
    532.4 ms  ✓ TupleTools
    762.1 ms  ✓ Primes
   1239.8 ms  ✓ IrrationalConstants
    498.9 ms  ✓ HashArrayMappedTries
    612.6 ms  ✓ NaNMath
    839.8 ms  ✓ Statistics → SparseArraysExt
    444.4 ms  ✓ PackageExtensionCompat
    972.5 ms  ✓ InitialValues
    626.5 ms  ✓ Requires
    665.5 ms  ✓ LoggingExtras
    695.2 ms  ✓ SuiteSparse
    672.7 ms  ✓ Compat
    518.3 ms  ✓ InverseFunctions → InverseFunctionsDatesExt
    449.6 ms  ✓ TableTraits
    509.2 ms  ✓ LRUCache → SerializationExt
    492.1 ms  ✓ CompositionsBase → CompositionsBaseInverseFunctionsExt
    479.2 ms  ✓ ConstructionBase → ConstructionBaseLinearAlgebraExt
    658.3 ms  ✓ TranscodingStreams
    839.5 ms  ✓ Preferences
    537.8 ms  ✓ FillArrays → FillArraysStatisticsExt
    495.7 ms  ✓ DiffResults
    420.5 ms  ✓ ScopedValues
    534.3 ms  ✓ StridedViews
    520.1 ms  ✓ Adapt
    478.5 ms  ✓ Compat → CompatLinearAlgebraExt
    745.6 ms  ✓ FillArrays → FillArraysSparseArraysExt
    681.0 ms  ✓ LogExpFunctions
    511.4 ms  ✓ PrecompileTools
    633.5 ms  ✓ SparseInverseSubset
    441.4 ms  ✓ StridedViews → StridedViewsPtrArraysExt
    587.7 ms  ✓ JLLWrappers
    897.8 ms  ✓ Tables
    464.6 ms  ✓ LogExpFunctions → LogExpFunctionsInverseFunctionsExt
    553.3 ms  ✓ GPUArraysCore
    626.4 ms  ✓ Adapt → AdaptSparseArraysExt
   2369.6 ms  ✓ MacroTools
    715.7 ms  ✓ Strided
   1530.4 ms  ✓ KrylovKit
    619.0 ms  ✓ OpenSpecFun_jll
    531.3 ms  ✓ CommonSubexpressions
   1343.3 ms  ✓ OptimKit
    824.2 ms  ✓ StructArrays
   1456.0 ms  ✓ ChainRulesCore
   2435.4 ms  ✓ WignerSymbols
    528.1 ms  ✓ StructArrays → StructArraysAdaptExt
   1725.1 ms  ✓ RecipesBase
    593.8 ms  ✓ StructArrays → StructArraysLinearAlgebraExt
    750.5 ms  ✓ StructArrays → StructArraysSparseArraysExt
    580.2 ms  ✓ AbstractFFTs → AbstractFFTsChainRulesCoreExt
    731.0 ms  ✓ ChainRulesCore → ChainRulesCoreSparseArraysExt
    875.4 ms  ✓ ZygoteRules
   1819.1 ms  ✓ IRTools
    679.8 ms  ✓ KrylovKit → KrylovKitChainRulesCoreExt
   2070.0 ms  ✓ Accessors
   1497.4 ms  ✓ LogExpFunctions → LogExpFunctionsChainRulesCoreExt
    567.6 ms  ✓ Accessors → StructArraysExt
    598.9 ms  ✓ Accessors → LinearAlgebraExt
   3850.1 ms  ✓ FileIO
   2850.1 ms  ✓ SpecialFunctions
    832.9 ms  ✓ BangBang
    690.6 ms  ✓ DiffRules
    604.8 ms  ✓ BangBang → BangBangTablesExt
    620.6 ms  ✓ BangBang → BangBangChainRulesCoreExt
    645.8 ms  ✓ BangBang → BangBangStructArraysExt
   1036.6 ms  ✓ OhMyThreads
   1747.3 ms  ✓ SpecialFunctions → SpecialFunctionsChainRulesCoreExt
   6934.3 ms  ✓ StaticArrays
    699.5 ms  ✓ StaticArrays → StaticArraysStatisticsExt
    728.8 ms  ✓ StaticArrays → StaticArraysChainRulesCoreExt
    734.4 ms  ✓ Adapt → AdaptStaticArraysExt
    742.3 ms  ✓ StructArrays → StructArraysStaticArraysExt
    753.1 ms  ✓ ConstructionBase → ConstructionBaseStaticArraysExt
    765.9 ms  ✓ Accessors → StaticArraysExt
   5631.1 ms  ✓ ChainRules
    782.5 ms  ✓ BangBang → BangBangStaticArraysExt
   3798.4 ms  ✓ ForwardDiff
   1168.1 ms  ✓ FiniteDifferences
    827.6 ms  ✓ ForwardDiff → ForwardDiffStaticArraysExt
  12771.9 ms  ✓ ArrayLayouts
    785.9 ms  ✓ ArrayLayouts → ArrayLayoutsSparseArraysExt
   1625.5 ms  ✓ BlockArrays
    753.3 ms  ✓ BlockArrays → BlockArraysAdaptExt
  29587.4 ms  ✓ JLD2
  27155.9 ms  ✓ Zygote
 109310.1 ms  ✓ TensorOperations
   1287.8 ms  ✓ TensorOperations → TensorOperationsChainRulesCoreExt
   6111.7 ms  ✓ TensorKitSectors
   7071.6 ms  ✓ TensorKit
   1887.2 ms  ✓ TensorKit → TensorKitChainRulesCoreExt
   1897.4 ms  ✓ TensorKit → TensorKitFiniteDifferencesExt
   1917.6 ms  ✓ TensorKitManifolds
   2619.9 ms  ✓ BlockTensorKit
  14827.1 ms  ✓ MPSKit
  11473.0 ms  ✓ MPSKitModels
  14286.7 ms  ✓ PEPSKit
  118 dependencies successfully precompiled in 169 seconds. 31 already precompiled.
[ Info: CTMRG init:	obj = +4.471484041241e-01 -5.282009404554e-01im	err = 1.0000e+00
[ Info: CTMRG conv 48:	obj = +2.196442490573e+00	err = 8.4269229917e-10	time = 35.95 sec
[ Info: CTMRG init:	obj = +2.196442490573e+00	err = 1.0000e+00
[ Info: CTMRG conv 4:	obj = +2.196442490573e+00	err = 9.4281642591e-11	time = 1.34 min
┌ Warning: `svd` cotangents sensitive to gauge choice: (|Δgauge| = 0.45126846587134595)
└ @ TensorKitChainRulesCoreExt ~/.julia/packages/TensorKit/esxcj/ext/TensorKitChainRulesCoreExt/factorizations.jl:254
┌ Warning: `svd` cotangents sensitive to gauge choice: (|Δgauge| = 0.0315749641210477)
└ @ TensorKitChainRulesCoreExt ~/.julia/packages/TensorKit/esxcj/ext/TensorKitChainRulesCoreExt/factorizations.jl:254
┌ Warning: `svd` cotangents sensitive to gauge choice: (|Δgauge| = 0.4218870168854397)
└ @ TensorKitChainRulesCoreExt ~/.julia/packages/TensorKit/esxcj/ext/TensorKitChainRulesCoreExt/factorizations.jl:254
[ Info: LBFGS: initializing with f = -0.114325490595, ‖∇f‖ = 1.3473e+00
[ Info: CTMRG init:	obj = +2.197388887816e+00	err = 1.0000e+00
[ Info: CTMRG conv 29:	obj = +2.197481413292e+00	err = 7.1263065881e-10	time = 11.75 sec
┌ Warning: `svd` cotangents sensitive to gauge choice: (|Δgauge| = 0.4501191472175994)
└ @ TensorKitChainRulesCoreExt ~/.julia/packages/TensorKit/esxcj/ext/TensorKitChainRulesCoreExt/factorizations.jl:254
┌ Warning: `svd` cotangents sensitive to gauge choice: (|Δgauge| = 3.298446759555035e-8)
└ @ TensorKitChainRulesCoreExt ~/.julia/packages/TensorKit/esxcj/ext/TensorKitChainRulesCoreExt/factorizations.jl:254
┌ Warning: `svd` cotangents sensitive to gauge choice: (|Δgauge| = 0.4501191177432924)
└ @ TensorKitChainRulesCoreExt ~/.julia/packages/TensorKit/esxcj/ext/TensorKitChainRulesCoreExt/factorizations.jl:254
[ Info: CTMRG init:	obj = +2.201187297117e+00	err = 1.0000e+00
[ Info: CTMRG conv 30:	obj = +2.203430806847e+00	err = 9.5738274547e-10	time = 11.36 sec
┌ Warning: `svd` cotangents sensitive to gauge choice: (|Δgauge| = 0.4437993208727955)
└ @ TensorKitChainRulesCoreExt ~/.julia/packages/TensorKit/esxcj/ext/TensorKitChainRulesCoreExt/factorizations.jl:254
┌ Warning: `svd` cotangents sensitive to gauge choice: (|Δgauge| = 9.04108622608494e-9)
└ @ TensorKitChainRulesCoreExt ~/.julia/packages/TensorKit/esxcj/ext/TensorKitChainRulesCoreExt/factorizations.jl:254
┌ Warning: `svd` cotangents sensitive to gauge choice: (|Δgauge| = 0.4437993128935561)
└ @ TensorKitChainRulesCoreExt ~/.julia/packages/TensorKit/esxcj/ext/TensorKitChainRulesCoreExt/factorizations.jl:254
[ Info: CTMRG init:	obj = +2.220464465814e+00 +1.185394093604e-11im	err = 1.0000e+00
[ Info: CTMRG conv 29:	obj = +2.268499202106e+00	err = 5.5454495035e-10	time = 10.91 sec
┌ Warning: `svd` cotangents sensitive to gauge choice: (|Δgauge| = 0.394486196812307)
└ @ TensorKitChainRulesCoreExt ~/.julia/packages/TensorKit/esxcj/ext/TensorKitChainRulesCoreExt/factorizations.jl:254
┌ Warning: `svd` cotangents sensitive to gauge choice: (|Δgauge| = 7.381753742092348e-10)
└ @ TensorKitChainRulesCoreExt ~/.julia/packages/TensorKit/esxcj/ext/TensorKitChainRulesCoreExt/factorizations.jl:254
┌ Warning: `svd` cotangents sensitive to gauge choice: (|Δgauge| = 0.3944861961986258)
└ @ TensorKitChainRulesCoreExt ~/.julia/packages/TensorKit/esxcj/ext/TensorKitChainRulesCoreExt/factorizations.jl:254
[ Info: CTMRG init:	obj = +2.321093530571e+00 +5.845130532023e-11im	err = 1.0000e+00
[ Info: CTMRG conv 54:	obj = +2.991706226785e+00	err = 7.7390760161e-10	time = 21.51 sec
┌ Warning: `svd` cotangents sensitive to gauge choice: (|Δgauge| = 0.24474568714127737)
└ @ TensorKitChainRulesCoreExt ~/.julia/packages/TensorKit/esxcj/ext/TensorKitChainRulesCoreExt/factorizations.jl:254
┌ Warning: `svd` cotangents sensitive to gauge choice: (|Δgauge| = 2.094619836828451e-8)
└ @ TensorKitChainRulesCoreExt ~/.julia/packages/TensorKit/esxcj/ext/TensorKitChainRulesCoreExt/factorizations.jl:254
┌ Warning: `svd` cotangents sensitive to gauge choice: (|Δgauge| = 0.24474566619509902)
└ @ TensorKitChainRulesCoreExt ~/.julia/packages/TensorKit/esxcj/ext/TensorKitChainRulesCoreExt/factorizations.jl:254
[ Info: CTMRG init:	obj = +2.597801445923e+00 +1.346584358317e-10im	err = 1.0000e+00
┌ Warning: CTMRG cancel 100:	obj = +6.170165151834e+00	err = 3.1830914031e-05	time = 43.50 sec
└ @ PEPSKit ~/.julia/packages/PEPSKit/P7ER3/src/algorithms/ctmrg/ctmrg.jl:129
┌ Warning: `svd` cotangents sensitive to gauge choice: (|Δgauge| = 0.05651464531126711)
└ @ TensorKitChainRulesCoreExt ~/.julia/packages/TensorKit/esxcj/ext/TensorKitChainRulesCoreExt/factorizations.jl:254
┌ Warning: `svd` cotangents sensitive to gauge choice: (|Δgauge| = 0.14761230721584354)
└ @ TensorKitChainRulesCoreExt ~/.julia/packages/TensorKit/esxcj/ext/TensorKitChainRulesCoreExt/factorizations.jl:254
┌ Warning: `svd` cotangents sensitive to gauge choice: (|Δgauge| = 0.12833932660143893)
└ @ TensorKitChainRulesCoreExt ~/.julia/packages/TensorKit/esxcj/ext/TensorKitChainRulesCoreExt/factorizations.jl:254
[ Info: CTMRG init:	obj = +2.601634207263e+00 +1.396957964430e-10im	err = 1.0000e+00
┌ Warning: CTMRG cancel 100:	obj = +6.163921187287e+00	err = 3.2020763982e-05	time = 52.65 sec
└ @ PEPSKit ~/.julia/packages/PEPSKit/P7ER3/src/algorithms/ctmrg/ctmrg.jl:129
┌ Warning: `svd` cotangents sensitive to gauge choice: (|Δgauge| = 0.06091990263958695)
└ @ TensorKitChainRulesCoreExt ~/.julia/packages/TensorKit/esxcj/ext/TensorKitChainRulesCoreExt/factorizations.jl:254
┌ Warning: `svd` cotangents sensitive to gauge choice: (|Δgauge| = 0.1435448047372192)
└ @ TensorKitChainRulesCoreExt ~/.julia/packages/TensorKit/esxcj/ext/TensorKitChainRulesCoreExt/factorizations.jl:254
┌ Warning: `svd` cotangents sensitive to gauge choice: (|Δgauge| = 0.12499022175761171)
└ @ TensorKitChainRulesCoreExt ~/.julia/packages/TensorKit/esxcj/ext/TensorKitChainRulesCoreExt/factorizations.jl:254
[ Info: LBFGS: iter    1, time 1390.23 s: f = -1.196415039958, ‖∇f‖ = 3.4189e-01, α = 6.00e+02, m = 0, nfg = 6
[ Info: CTMRG init:	obj = +3.715116693975e+00	err = 1.0000e+00
┌ Warning: CTMRG cancel 100:	obj = +5.071152269613e+00	err = 4.2239312671e-04	time = 54.82 sec
└ @ PEPSKit ~/.julia/packages/PEPSKit/P7ER3/src/algorithms/ctmrg/ctmrg.jl:129
┌ Warning: `svd` cotangents sensitive to gauge choice: (|Δgauge| = 0.15345377286777545)
└ @ TensorKitChainRulesCoreExt ~/.julia/packages/TensorKit/esxcj/ext/TensorKitChainRulesCoreExt/factorizations.jl:254
┌ Warning: `svd` cotangents sensitive to gauge choice: (|Δgauge| = 4.29096697399087e-6)
└ @ TensorKitChainRulesCoreExt ~/.julia/packages/TensorKit/esxcj/ext/TensorKitChainRulesCoreExt/factorizations.jl:254
┌ Warning: `svd` cotangents sensitive to gauge choice: (|Δgauge| = 0.15345642734544102)
└ @ TensorKitChainRulesCoreExt ~/.julia/packages/TensorKit/esxcj/ext/TensorKitChainRulesCoreExt/factorizations.jl:254
[ Info: LBFGS: iter    2, time 1465.96 s: f = -1.320100096725, ‖∇f‖ = 3.7728e-01, α = 1.00e+00, m = 1, nfg = 1
[ Info: CTMRG init:	obj = +5.257983249366e+00	err = 1.0000e+00
┌ Warning: CTMRG cancel 100:	obj = +5.337141993285e+00	err = 4.3268203078e-04	time = 1.09 min
└ @ PEPSKit ~/.julia/packages/PEPSKit/P7ER3/src/algorithms/ctmrg/ctmrg.jl:129
┌ Warning: `svd` cotangents sensitive to gauge choice: (|Δgauge| = 0.13941097891995602)
└ @ TensorKitChainRulesCoreExt ~/.julia/packages/TensorKit/esxcj/ext/TensorKitChainRulesCoreExt/factorizations.jl:254
┌ Warning: `svd` cotangents sensitive to gauge choice: (|Δgauge| = 0.13941097891909093)
└ @ TensorKitChainRulesCoreExt ~/.julia/packages/TensorKit/esxcj/ext/TensorKitChainRulesCoreExt/factorizations.jl:254
[ Info: LBFGS: iter    3, time 1553.84 s: f = -1.454007431470, ‖∇f‖ = 1.8640e-01, α = 1.00e+00, m = 2, nfg = 1
[ Info: CTMRG init:	obj = +5.583594693994e+00	err = 1.0000e+00
┌ Warning: CTMRG cancel 100:	obj = +5.605362558310e+00	err = 2.2287387691e-03	time = 1.22 min
└ @ PEPSKit ~/.julia/packages/PEPSKit/P7ER3/src/algorithms/ctmrg/ctmrg.jl:129
┌ Warning: `svd` cotangents sensitive to gauge choice: (|Δgauge| = 0.07695720117019104)
└ @ TensorKitChainRulesCoreExt ~/.julia/packages/TensorKit/esxcj/ext/TensorKitChainRulesCoreExt/factorizations.jl:254
┌ Warning: `svd` cotangents sensitive to gauge choice: (|Δgauge| = 1.1545832866730918e-6)
└ @ TensorKitChainRulesCoreExt ~/.julia/packages/TensorKit/esxcj/ext/TensorKitChainRulesCoreExt/factorizations.jl:254
┌ Warning: `svd` cotangents sensitive to gauge choice: (|Δgauge| = 0.0769560465869123)
└ @ TensorKitChainRulesCoreExt ~/.julia/packages/TensorKit/esxcj/ext/TensorKitChainRulesCoreExt/factorizations.jl:254
[ Info: LBFGS: iter    4, time 1649.49 s: f = -1.509768258152, ‖∇f‖ = 7.0817e-02, α = 1.00e+00, m = 3, nfg = 1
[ Info: CTMRG init:	obj = +5.601775496719e+00	err = 1.0000e+00
┌ Warning: CTMRG cancel 100:	obj = +5.607022978374e+00	err = 4.6980120920e-03	time = 1.25 min
└ @ PEPSKit ~/.julia/packages/PEPSKit/P7ER3/src/algorithms/ctmrg/ctmrg.jl:129
┌ Warning: `svd` cotangents sensitive to gauge choice: (|Δgauge| = 0.09448305834664769)
└ @ TensorKitChainRulesCoreExt ~/.julia/packages/TensorKit/esxcj/ext/TensorKitChainRulesCoreExt/factorizations.jl:254
┌ Warning: `svd` cotangents sensitive to gauge choice: (|Δgauge| = 4.511432819073231e-7)
└ @ TensorKitChainRulesCoreExt ~/.julia/packages/TensorKit/esxcj/ext/TensorKitChainRulesCoreExt/factorizations.jl:254
┌ Warning: `svd` cotangents sensitive to gauge choice: (|Δgauge| = 0.09448263288323419)
└ @ TensorKitChainRulesCoreExt ~/.julia/packages/TensorKit/esxcj/ext/TensorKitChainRulesCoreExt/factorizations.jl:254
[ Info: LBFGS: iter    5, time 1742.63 s: f = -1.523705248674, ‖∇f‖ = 7.7320e-02, α = 1.00e+00, m = 3, nfg = 1
[ Info: CTMRG init:	obj = +3.120942504212e+00	err = 1.0000e+00
[ Info: CTMRG conv 62:	obj = +7.131971143601e+00	err = 6.5562363821e-10	time = 48.34 sec
┌ Warning: `svd` cotangents sensitive to gauge choice: (|Δgauge| = 0.10016919455795577)
└ @ TensorKitChainRulesCoreExt ~/.julia/packages/TensorKit/esxcj/ext/TensorKitChainRulesCoreExt/factorizations.jl:254
┌ Warning: `svd` cotangents sensitive to gauge choice: (|Δgauge| = 1.4086138768672196e-8)
└ @ TensorKitChainRulesCoreExt ~/.julia/packages/TensorKit/esxcj/ext/TensorKitChainRulesCoreExt/factorizations.jl:254
┌ Warning: `svd` cotangents sensitive to gauge choice: (|Δgauge| = 0.10016920400754614)
└ @ TensorKitChainRulesCoreExt ~/.julia/packages/TensorKit/esxcj/ext/TensorKitChainRulesCoreExt/factorizations.jl:254
[ Info: CTMRG init:	obj = +5.529324256340e+00	err = 1.0000e+00
┌ Warning: CTMRG cancel 100:	obj = +5.622642695138e+00	err = 7.1388977206e-07	time = 1.36 min
└ @ PEPSKit ~/.julia/packages/PEPSKit/P7ER3/src/algorithms/ctmrg/ctmrg.jl:129
┌ Warning: `svd` cotangents sensitive to gauge choice: (|Δgauge| = 0.23903667457263772)
└ @ TensorKitChainRulesCoreExt ~/.julia/packages/TensorKit/esxcj/ext/TensorKitChainRulesCoreExt/factorizations.jl:254
┌ Warning: `svd` cotangents sensitive to gauge choice: (|Δgauge| = 0.23903667457271216)
└ @ TensorKitChainRulesCoreExt ~/.julia/packages/TensorKit/esxcj/ext/TensorKitChainRulesCoreExt/factorizations.jl:254
[ Info: CTMRG init:	obj = +4.631589261270e+00	err = 1.0000e+00
┌ Warning: CTMRG cancel 100:	obj = +6.197742988941e+00	err = 1.2772037723e-02	time = 1.47 min
└ @ PEPSKit ~/.julia/packages/PEPSKit/P7ER3/src/algorithms/ctmrg/ctmrg.jl:129
┌ Warning: `svd` cotangents sensitive to gauge choice: (|Δgauge| = 0.2377313665706352)
└ @ TensorKitChainRulesCoreExt ~/.julia/packages/TensorKit/esxcj/ext/TensorKitChainRulesCoreExt/factorizations.jl:254
┌ Warning: `svd` cotangents sensitive to gauge choice: (|Δgauge| = 0.23773136657175784)
└ @ TensorKitChainRulesCoreExt ~/.julia/packages/TensorKit/esxcj/ext/TensorKitChainRulesCoreExt/factorizations.jl:254
[ Info: LBFGS: iter    6, time 2012.88 s: f = -1.595422538393, ‖∇f‖ = 5.8626e-01, α = 5.89e-01, m = 3, nfg = 3
[ Info: CTMRG init:	obj = +5.632304441355e+00	err = 1.0000e+00
[ Info: CTMRG conv 63:	obj = +5.782233642536e+00	err = 4.7184272169e-10	time = 55.58 sec
┌ Warning: `svd` cotangents sensitive to gauge choice: (|Δgauge| = 0.32810200519236676)
└ @ TensorKitChainRulesCoreExt ~/.julia/packages/TensorKit/esxcj/ext/TensorKitChainRulesCoreExt/factorizations.jl:254
┌ Warning: `svd` cotangents sensitive to gauge choice: (|Δgauge| = 0.32810200519214006)
└ @ TensorKitChainRulesCoreExt ~/.julia/packages/TensorKit/esxcj/ext/TensorKitChainRulesCoreExt/factorizations.jl:254
[ Info: LBFGS: iter    7, time 2083.24 s: f = -1.736844448039, ‖∇f‖ = 3.7651e-01, α = 1.00e+00, m = 3, nfg = 1
[ Info: CTMRG init:	obj = +6.053226541657e+00	err = 1.0000e+00
[ Info: CTMRG conv 24:	obj = +6.484796424970e+00	err = 6.5551273847e-10	time = 21.56 sec
┌ Warning: `svd` cotangents sensitive to gauge choice: (|Δgauge| = 0.4112034937502217)
└ @ TensorKitChainRulesCoreExt ~/.julia/packages/TensorKit/esxcj/ext/TensorKitChainRulesCoreExt/factorizations.jl:254
┌ Warning: `svd` cotangents sensitive to gauge choice: (|Δgauge| = 0.4112034937512463)
└ @ TensorKitChainRulesCoreExt ~/.julia/packages/TensorKit/esxcj/ext/TensorKitChainRulesCoreExt/factorizations.jl:254
[ Info: LBFGS: iter    8, time 2110.43 s: f = -1.939178086751, ‖∇f‖ = 3.5490e-01, α = 1.00e+00, m = 3, nfg = 1
[ Info: CTMRG init:	obj = +7.198443657493e+00	err = 1.0000e+00
[ Info: CTMRG conv 28:	obj = +8.999471601077e+00	err = 7.3558926328e-10	time = 26.02 sec
┌ Warning: `svd` cotangents sensitive to gauge choice: (|Δgauge| = 0.056401964287091516)
└ @ TensorKitChainRulesCoreExt ~/.julia/packages/TensorKit/esxcj/ext/TensorKitChainRulesCoreExt/factorizations.jl:254
┌ Warning: `svd` cotangents sensitive to gauge choice: (|Δgauge| = 5.033944443697507e-12)
└ @ TensorKitChainRulesCoreExt ~/.julia/packages/TensorKit/esxcj/ext/TensorKitChainRulesCoreExt/factorizations.jl:254
┌ Warning: `svd` cotangents sensitive to gauge choice: (|Δgauge| = 0.056401964292027935)
└ @ TensorKitChainRulesCoreExt ~/.julia/packages/TensorKit/esxcj/ext/TensorKitChainRulesCoreExt/factorizations.jl:254
[ Info: CTMRG init:	obj = +6.868736840743e+00	err = 1.0000e+00
┌ Warning: CTMRG cancel 100:	obj = +7.352436252554e+00	err = 1.7083944422e-08	time = 1.66 min
└ @ PEPSKit ~/.julia/packages/PEPSKit/P7ER3/src/algorithms/ctmrg/ctmrg.jl:129
┌ Warning: `svd` cotangents sensitive to gauge choice: (|Δgauge| = 0.11215131643398678)
└ @ TensorKitChainRulesCoreExt ~/.julia/packages/TensorKit/esxcj/ext/TensorKitChainRulesCoreExt/factorizations.jl:254
┌ Warning: `svd` cotangents sensitive to gauge choice: (|Δgauge| = 3.611827256535794e-10)
└ @ TensorKitChainRulesCoreExt ~/.julia/packages/TensorKit/esxcj/ext/TensorKitChainRulesCoreExt/factorizations.jl:254
┌ Warning: `svd` cotangents sensitive to gauge choice: (|Δgauge| = 0.11215131650816143)
└ @ TensorKitChainRulesCoreExt ~/.julia/packages/TensorKit/esxcj/ext/TensorKitChainRulesCoreExt/factorizations.jl:254
[ Info: CTMRG init:	obj = +6.656181113894e+00	err = 1.0000e+00
[ Info: CTMRG conv 46:	obj = +6.724472191956e+00	err = 7.6159580198e-10	time = 47.39 sec
┌ Warning: `svd` cotangents sensitive to gauge choice: (|Δgauge| = 0.32129737713839085)
└ @ TensorKitChainRulesCoreExt ~/.julia/packages/TensorKit/esxcj/ext/TensorKitChainRulesCoreExt/factorizations.jl:254
┌ Warning: `svd` cotangents sensitive to gauge choice: (|Δgauge| = 0.321297377139556)
└ @ TensorKitChainRulesCoreExt ~/.julia/packages/TensorKit/esxcj/ext/TensorKitChainRulesCoreExt/factorizations.jl:254
[ Info: LBFGS: iter    9, time 2318.42 s: f = -2.002603313792, ‖∇f‖ = 1.5600e-01, α = 2.65e-01, m = 3, nfg = 3
[ Info: CTMRG init:	obj = +6.302530763931e+00	err = 1.0000e+00
[ Info: CTMRG conv 19:	obj = +6.409245783947e+00	err = 5.9189314561e-10	time = 18.67 sec
┌ Warning: `svd` cotangents sensitive to gauge choice: (|Δgauge| = 0.3832687984706452)
└ @ TensorKitChainRulesCoreExt ~/.julia/packages/TensorKit/esxcj/ext/TensorKitChainRulesCoreExt/factorizations.jl:254
┌ Warning: `svd` cotangents sensitive to gauge choice: (|Δgauge| = 0.3832687984834266)
└ @ TensorKitChainRulesCoreExt ~/.julia/packages/TensorKit/esxcj/ext/TensorKitChainRulesCoreExt/factorizations.jl:254
[ Info: LBFGS: iter   10, time 2342.71 s: f = -2.036845680500, ‖∇f‖ = 6.2445e-02, α = 1.00e+00, m = 3, nfg = 1
[ Info: CTMRG init:	obj = +6.563361887946e+00	err = 1.0000e+00
[ Info: CTMRG conv 21:	obj = +6.570927481381e+00	err = 5.3098603533e-10	time = 23.54 sec
┌ Warning: `svd` cotangents sensitive to gauge choice: (|Δgauge| = 0.3601848998050241)
└ @ TensorKitChainRulesCoreExt ~/.julia/packages/TensorKit/esxcj/ext/TensorKitChainRulesCoreExt/factorizations.jl:254
┌ Warning: `svd` cotangents sensitive to gauge choice: (|Δgauge| = 0.3601848998063968)
└ @ TensorKitChainRulesCoreExt ~/.julia/packages/TensorKit/esxcj/ext/TensorKitChainRulesCoreExt/factorizations.jl:254
[ Info: LBFGS: iter   11, time 2372.38 s: f = -2.042974528482, ‖∇f‖ = 2.6998e-02, α = 1.00e+00, m = 3, nfg = 1
[ Info: CTMRG init:	obj = +6.645661360891e+00	err = 1.0000e+00
[ Info: CTMRG conv 19:	obj = +6.646010407761e+00	err = 8.3260436182e-10	time = 20.64 sec
┌ Warning: `svd` cotangents sensitive to gauge choice: (|Δgauge| = 0.3518756763724116)
└ @ TensorKitChainRulesCoreExt ~/.julia/packages/TensorKit/esxcj/ext/TensorKitChainRulesCoreExt/factorizations.jl:254
┌ Warning: `svd` cotangents sensitive to gauge choice: (|Δgauge| = 0.35187567636716754)
└ @ TensorKitChainRulesCoreExt ~/.julia/packages/TensorKit/esxcj/ext/TensorKitChainRulesCoreExt/factorizations.jl:254
[ Info: LBFGS: iter   12, time 2398.56 s: f = -2.044922778625, ‖∇f‖ = 2.4116e-02, α = 1.00e+00, m = 3, nfg = 1
[ Info: CTMRG init:	obj = +6.889519442977e+00	err = 1.0000e+00
[ Info: CTMRG conv 17:	obj = +6.895940595385e+00	err = 1.5721123265e-10	time = 18.22 sec
┌ Warning: `svd` cotangents sensitive to gauge choice: (|Δgauge| = 0.34514541510061036)
└ @ TensorKitChainRulesCoreExt ~/.julia/packages/TensorKit/esxcj/ext/TensorKitChainRulesCoreExt/factorizations.jl:254
┌ Warning: `svd` cotangents sensitive to gauge choice: (|Δgauge| = 0.3451454150596978)
└ @ TensorKitChainRulesCoreExt ~/.julia/packages/TensorKit/esxcj/ext/TensorKitChainRulesCoreExt/factorizations.jl:254
[ Info: LBFGS: iter   13, time 2422.60 s: f = -2.049243442486, ‖∇f‖ = 2.1595e-02, α = 1.00e+00, m = 3, nfg = 1
[ Info: CTMRG init:	obj = +7.101175971012e+00	err = 1.0000e+00
[ Info: CTMRG conv 14:	obj = +7.104549438762e+00	err = 3.4004695008e-10	time = 15.79 sec
┌ Warning: `svd` cotangents sensitive to gauge choice: (|Δgauge| = 0.33389129868919976)
└ @ TensorKitChainRulesCoreExt ~/.julia/packages/TensorKit/esxcj/ext/TensorKitChainRulesCoreExt/factorizations.jl:254
┌ Warning: `svd` cotangents sensitive to gauge choice: (|Δgauge| = 0.33389129869983475)
└ @ TensorKitChainRulesCoreExt ~/.julia/packages/TensorKit/esxcj/ext/TensorKitChainRulesCoreExt/factorizations.jl:254
[ Info: CTMRG init:	obj = +6.997046703207e+00	err = 1.0000e+00
[ Info: CTMRG conv 14:	obj = +6.997841420743e+00	err = 7.1760775870e-10	time = 15.31 sec
┌ Warning: `svd` cotangents sensitive to gauge choice: (|Δgauge| = 0.33981086760537127)
└ @ TensorKitChainRulesCoreExt ~/.julia/packages/TensorKit/esxcj/ext/TensorKitChainRulesCoreExt/factorizations.jl:254
┌ Warning: `svd` cotangents sensitive to gauge choice: (|Δgauge| = 0.339810867600804)
└ @ TensorKitChainRulesCoreExt ~/.julia/packages/TensorKit/esxcj/ext/TensorKitChainRulesCoreExt/factorizations.jl:254
[ Info: LBFGS: iter   14, time 2463.60 s: f = -2.050288493216, ‖∇f‖ = 1.5783e-02, α = 4.63e-01, m = 3, nfg = 2
[ Info: CTMRG init:	obj = +7.048498767363e+00	err = 1.0000e+00
[ Info: CTMRG conv 14:	obj = +7.048969919071e+00	err = 5.9778589824e-10	time = 13.93 sec
┌ Warning: `svd` cotangents sensitive to gauge choice: (|Δgauge| = 0.33898574050620034)
└ @ TensorKitChainRulesCoreExt ~/.julia/packages/TensorKit/esxcj/ext/TensorKitChainRulesCoreExt/factorizations.jl:254
┌ Warning: `svd` cotangents sensitive to gauge choice: (|Δgauge| = 0.33898574051044406)
└ @ TensorKitChainRulesCoreExt ~/.julia/packages/TensorKit/esxcj/ext/TensorKitChainRulesCoreExt/factorizations.jl:254
[ Info: LBFGS: iter   15, time 2482.68 s: f = -2.050822854960, ‖∇f‖ = 7.2232e-03, α = 1.00e+00, m = 3, nfg = 1
[ Info: CTMRG init:	obj = +7.122469016191e+00	err = 1.0000e+00
[ Info: CTMRG conv 14:	obj = +7.122878453931e+00	err = 1.2869288973e-10	time = 17.64 sec
┌ Warning: `svd` cotangents sensitive to gauge choice: (|Δgauge| = 0.33543355560747395)
└ @ TensorKitChainRulesCoreExt ~/.julia/packages/TensorKit/esxcj/ext/TensorKitChainRulesCoreExt/factorizations.jl:254
┌ Warning: `svd` cotangents sensitive to gauge choice: (|Δgauge| = 0.3354335555374891)
└ @ TensorKitChainRulesCoreExt ~/.julia/packages/TensorKit/esxcj/ext/TensorKitChainRulesCoreExt/factorizations.jl:254
[ Info: LBFGS: iter   16, time 2505.15 s: f = -2.051249585958, ‖∇f‖ = 7.7271e-03, α = 1.00e+00, m = 3, nfg = 1
[ Info: CTMRG init:	obj = +7.211008202337e+00	err = 1.0000e+00
[ Info: CTMRG conv 13:	obj = +7.211561537401e+00	err = 3.0156097225e-10	time = 14.22 sec
┌ Warning: `svd` cotangents sensitive to gauge choice: (|Δgauge| = 0.3288898637487383)
└ @ TensorKitChainRulesCoreExt ~/.julia/packages/TensorKit/esxcj/ext/TensorKitChainRulesCoreExt/factorizations.jl:254
┌ Warning: `svd` cotangents sensitive to gauge choice: (|Δgauge| = 0.32888986377782803)
└ @ TensorKitChainRulesCoreExt ~/.julia/packages/TensorKit/esxcj/ext/TensorKitChainRulesCoreExt/factorizations.jl:254
[ Info: LBFGS: iter   17, time 2524.23 s: f = -2.051851376034, ‖∇f‖ = 1.5592e-02, α = 1.00e+00, m = 3, nfg = 1
[ Info: CTMRG init:	obj = +7.136753046813e+00	err = 1.0000e+00
[ Info: CTMRG conv 12:	obj = +7.140724866817e+00	err = 6.0771178045e-10	time = 14.19 sec
┌ Warning: `svd` cotangents sensitive to gauge choice: (|Δgauge| = 0.3236158180359988)
└ @ TensorKitChainRulesCoreExt ~/.julia/packages/TensorKit/esxcj/ext/TensorKitChainRulesCoreExt/factorizations.jl:254
┌ Warning: `svd` cotangents sensitive to gauge choice: (|Δgauge| = 0.32361581813000573)
└ @ TensorKitChainRulesCoreExt ~/.julia/packages/TensorKit/esxcj/ext/TensorKitChainRulesCoreExt/factorizations.jl:254
[ Info: LBFGS: iter   18, time 2543.00 s: f = -2.052423885905, ‖∇f‖ = 3.0376e-02, α = 1.00e+00, m = 3, nfg = 1
[ Info: CTMRG init:	obj = +7.245919279387e+00	err = 1.0000e+00
[ Info: CTMRG conv 17:	obj = +7.254384362484e+00	err = 3.7697332413e-10	time = 19.12 sec
┌ Warning: `svd` cotangents sensitive to gauge choice: (|Δgauge| = 0.30473878532324966)
└ @ TensorKitChainRulesCoreExt ~/.julia/packages/TensorKit/esxcj/ext/TensorKitChainRulesCoreExt/factorizations.jl:254
┌ Warning: `svd` cotangents sensitive to gauge choice: (|Δgauge| = 0.3047387853090916)
└ @ TensorKitChainRulesCoreExt ~/.julia/packages/TensorKit/esxcj/ext/TensorKitChainRulesCoreExt/factorizations.jl:254
[ Info: CTMRG init:	obj = +7.204821992720e+00	err = 1.0000e+00
[ Info: CTMRG conv 15:	obj = +7.207055711797e+00	err = 6.0655783162e-10	time = 16.23 sec
┌ Warning: `svd` cotangents sensitive to gauge choice: (|Δgauge| = 0.3141779999438423)
└ @ TensorKitChainRulesCoreExt ~/.julia/packages/TensorKit/esxcj/ext/TensorKitChainRulesCoreExt/factorizations.jl:254
┌ Warning: `svd` cotangents sensitive to gauge choice: (|Δgauge| = 0.31417799992062745)
└ @ TensorKitChainRulesCoreExt ~/.julia/packages/TensorKit/esxcj/ext/TensorKitChainRulesCoreExt/factorizations.jl:254
[ Info: LBFGS: iter   19, time 2588.29 s: f = -2.053627279668, ‖∇f‖ = 2.0439e-02, α = 5.13e-01, m = 3, nfg = 2
[ Info: CTMRG init:	obj = +7.205786914670e+00	err = 1.0000e+00
[ Info: CTMRG conv 14:	obj = +7.206216451351e+00	err = 1.1136596257e-10	time = 15.02 sec
┌ Warning: `svd` cotangents sensitive to gauge choice: (|Δgauge| = 0.3210872176246062)
└ @ TensorKitChainRulesCoreExt ~/.julia/packages/TensorKit/esxcj/ext/TensorKitChainRulesCoreExt/factorizations.jl:254
┌ Warning: `svd` cotangents sensitive to gauge choice: (|Δgauge| = 0.3210872176240776)
└ @ TensorKitChainRulesCoreExt ~/.julia/packages/TensorKit/esxcj/ext/TensorKitChainRulesCoreExt/factorizations.jl:254
[ Info: LBFGS: iter   20, time 2608.22 s: f = -2.054095633730, ‖∇f‖ = 1.0977e-02, α = 1.00e+00, m = 3, nfg = 1
[ Info: CTMRG init:	obj = +7.175578255819e+00	err = 1.0000e+00
[ Info: CTMRG conv 13:	obj = +7.175624744221e+00	err = 1.9758062442e-10	time = 14.54 sec
┌ Warning: `svd` cotangents sensitive to gauge choice: (|Δgauge| = 0.32488310033541634)
└ @ TensorKitChainRulesCoreExt ~/.julia/packages/TensorKit/esxcj/ext/TensorKitChainRulesCoreExt/factorizations.jl:254
┌ Warning: `svd` cotangents sensitive to gauge choice: (|Δgauge| = 0.32488310039140533)
└ @ TensorKitChainRulesCoreExt ~/.julia/packages/TensorKit/esxcj/ext/TensorKitChainRulesCoreExt/factorizations.jl:254
[ Info: LBFGS: iter   21, time 2627.54 s: f = -2.054742985110, ‖∇f‖ = 1.7540e-02, α = 1.00e+00, m = 3, nfg = 1
[ Info: CTMRG init:	obj = +6.864538958787e+00	err = 1.0000e+00
[ Info: CTMRG conv 12:	obj = +6.868440603719e+00	err = 2.4334485346e-10	time = 13.25 sec
┌ Warning: `svd` cotangents sensitive to gauge choice: (|Δgauge| = 0.35719282592287493)
└ @ TensorKitChainRulesCoreExt ~/.julia/packages/TensorKit/esxcj/ext/TensorKitChainRulesCoreExt/factorizations.jl:254
┌ Warning: `svd` cotangents sensitive to gauge choice: (|Δgauge| = 0.3571928259609507)
└ @ TensorKitChainRulesCoreExt ~/.julia/packages/TensorKit/esxcj/ext/TensorKitChainRulesCoreExt/factorizations.jl:254
[ Info: LBFGS: iter   22, time 2645.41 s: f = -2.057642187147, ‖∇f‖ = 6.3768e-02, α = 1.00e+00, m = 3, nfg = 1
[ Info: CTMRG init:	obj = +6.731144890638e+00	err = 1.0000e+00
[ Info: CTMRG conv 12:	obj = +6.732219323383e+00	err = 4.5171243266e-10	time = 14.97 sec
┌ Warning: `svd` cotangents sensitive to gauge choice: (|Δgauge| = 0.37468558109976247)
└ @ TensorKitChainRulesCoreExt ~/.julia/packages/TensorKit/esxcj/ext/TensorKitChainRulesCoreExt/factorizations.jl:254
┌ Warning: `svd` cotangents sensitive to gauge choice: (|Δgauge| = 0.3746855811079339)
└ @ TensorKitChainRulesCoreExt ~/.julia/packages/TensorKit/esxcj/ext/TensorKitChainRulesCoreExt/factorizations.jl:254
[ Info: LBFGS: iter   23, time 2665.73 s: f = -2.060570541961, ‖∇f‖ = 6.2047e-02, α = 1.00e+00, m = 3, nfg = 1
[ Info: CTMRG init:	obj = +6.041524166182e+00	err = 1.0000e+00
[ Info: CTMRG conv 12:	obj = +6.059224448645e+00	err = 5.8086471168e-10	time = 12.94 sec
┌ Warning: `svd` cotangents sensitive to gauge choice: (|Δgauge| = 0.4241940266686964)
└ @ TensorKitChainRulesCoreExt ~/.julia/packages/TensorKit/esxcj/ext/TensorKitChainRulesCoreExt/factorizations.jl:254
┌ Warning: `svd` cotangents sensitive to gauge choice: (|Δgauge| = 0.4241940266688335)
└ @ TensorKitChainRulesCoreExt ~/.julia/packages/TensorKit/esxcj/ext/TensorKitChainRulesCoreExt/factorizations.jl:254
[ Info: CTMRG init:	obj = +6.573883816830e+00	err = 1.0000e+00
[ Info: CTMRG conv 10:	obj = +6.574834599685e+00	err = 9.4795543104e-10	time = 11.26 sec
┌ Warning: `svd` cotangents sensitive to gauge choice: (|Δgauge| = 0.38665647561727445)
└ @ TensorKitChainRulesCoreExt ~/.julia/packages/TensorKit/esxcj/ext/TensorKitChainRulesCoreExt/factorizations.jl:254
┌ Warning: `svd` cotangents sensitive to gauge choice: (|Δgauge| = 0.38665647565947614)
└ @ TensorKitChainRulesCoreExt ~/.julia/packages/TensorKit/esxcj/ext/TensorKitChainRulesCoreExt/factorizations.jl:254
[ Info: LBFGS: iter   24, time 2698.19 s: f = -2.064098626186, ‖∇f‖ = 4.5366e-02, α = 2.94e-01, m = 3, nfg = 2
[ Info: CTMRG init:	obj = +6.577352608433e+00	err = 1.0000e+00
[ Info: CTMRG conv 12:	obj = +6.578268220690e+00	err = 7.0296074530e-10	time = 13.63 sec
┌ Warning: `svd` cotangents sensitive to gauge choice: (|Δgauge| = 0.3759296159979461)
└ @ TensorKitChainRulesCoreExt ~/.julia/packages/TensorKit/esxcj/ext/TensorKitChainRulesCoreExt/factorizations.jl:254
┌ Warning: `svd` cotangents sensitive to gauge choice: (|Δgauge| = 0.3759296160954141)
└ @ TensorKitChainRulesCoreExt ~/.julia/packages/TensorKit/esxcj/ext/TensorKitChainRulesCoreExt/factorizations.jl:254
[ Info: CTMRG init:	obj = +6.590361815064e+00	err = 1.0000e+00
[ Info: CTMRG conv 11:	obj = +6.590645044631e+00	err = 7.4901679040e-10	time = 12.35 sec
┌ Warning: `svd` cotangents sensitive to gauge choice: (|Δgauge| = 0.38013884575388135)
└ @ TensorKitChainRulesCoreExt ~/.julia/packages/TensorKit/esxcj/ext/TensorKitChainRulesCoreExt/factorizations.jl:254
┌ Warning: `svd` cotangents sensitive to gauge choice: (|Δgauge| = 0.3801388457376772)
└ @ TensorKitChainRulesCoreExt ~/.julia/packages/TensorKit/esxcj/ext/TensorKitChainRulesCoreExt/factorizations.jl:254
[ Info: LBFGS: iter   25, time 2732.67 s: f = -2.065633694432, ‖∇f‖ = 2.2187e-02, α = 5.14e-01, m = 3, nfg = 2
[ Info: CTMRG init:	obj = +6.565650499579e+00	err = 1.0000e+00
[ Info: CTMRG conv 13:	obj = +6.566280824483e+00	err = 3.5467413759e-10	time = 14.77 sec
┌ Warning: `svd` cotangents sensitive to gauge choice: (|Δgauge| = 0.3757064113603362)
└ @ TensorKitChainRulesCoreExt ~/.julia/packages/TensorKit/esxcj/ext/TensorKitChainRulesCoreExt/factorizations.jl:254
┌ Warning: `svd` cotangents sensitive to gauge choice: (|Δgauge| = 0.37570641126267734)
└ @ TensorKitChainRulesCoreExt ~/.julia/packages/TensorKit/esxcj/ext/TensorKitChainRulesCoreExt/factorizations.jl:254
[ Info: LBFGS: iter   26, time 2752.53 s: f = -2.066193085880, ‖∇f‖ = 7.6706e-03, α = 1.00e+00, m = 3, nfg = 1
[ Info: CTMRG init:	obj = +6.529781925533e+00	err = 1.0000e+00
[ Info: CTMRG conv 12:	obj = +6.529844055875e+00	err = 1.1947236243e-10	time = 13.93 sec
┌ Warning: `svd` cotangents sensitive to gauge choice: (|Δgauge| = 0.3781665237978753)
└ @ TensorKitChainRulesCoreExt ~/.julia/packages/TensorKit/esxcj/ext/TensorKitChainRulesCoreExt/factorizations.jl:254
┌ Warning: `svd` cotangents sensitive to gauge choice: (|Δgauge| = 0.37816652365651476)
└ @ TensorKitChainRulesCoreExt ~/.julia/packages/TensorKit/esxcj/ext/TensorKitChainRulesCoreExt/factorizations.jl:254
[ Info: LBFGS: iter   27, time 2770.93 s: f = -2.066310604832, ‖∇f‖ = 7.1786e-03, α = 1.00e+00, m = 3, nfg = 1
[ Info: CTMRG init:	obj = +6.492650402432e+00	err = 1.0000e+00
[ Info: CTMRG conv 12:	obj = +6.492814304104e+00	err = 2.5638763465e-10	time = 14.32 sec
┌ Warning: `svd` cotangents sensitive to gauge choice: (|Δgauge| = 0.37728482333864777)
└ @ TensorKitChainRulesCoreExt ~/.julia/packages/TensorKit/esxcj/ext/TensorKitChainRulesCoreExt/factorizations.jl:254
┌ Warning: `svd` cotangents sensitive to gauge choice: (|Δgauge| = 0.37728482327448454)
└ @ TensorKitChainRulesCoreExt ~/.julia/packages/TensorKit/esxcj/ext/TensorKitChainRulesCoreExt/factorizations.jl:254
[ Info: LBFGS: iter   28, time 2789.61 s: f = -2.066774819317, ‖∇f‖ = 8.4088e-03, α = 1.00e+00, m = 3, nfg = 1
[ Info: CTMRG init:	obj = +6.470811184568e+00	err = 1.0000e+00
[ Info: CTMRG conv 12:	obj = +6.471054198480e+00	err = 6.0473888937e-10	time = 15.63 sec
┌ Warning: `svd` cotangents sensitive to gauge choice: (|Δgauge| = 0.37547914550680106)
└ @ TensorKitChainRulesCoreExt ~/.julia/packages/TensorKit/esxcj/ext/TensorKitChainRulesCoreExt/factorizations.jl:254
┌ Warning: `svd` cotangents sensitive to gauge choice: (|Δgauge| = 0.3754791454191065)
└ @ TensorKitChainRulesCoreExt ~/.julia/packages/TensorKit/esxcj/ext/TensorKitChainRulesCoreExt/factorizations.jl:254
[ Info: CTMRG init:	obj = +6.485096160129e+00	err = 1.0000e+00
[ Info: CTMRG conv 12:	obj = +6.485137997750e+00	err = 3.5150201540e-10	time = 14.28 sec
┌ Warning: `svd` cotangents sensitive to gauge choice: (|Δgauge| = 0.37645638144039206)
└ @ TensorKitChainRulesCoreExt ~/.julia/packages/TensorKit/esxcj/ext/TensorKitChainRulesCoreExt/factorizations.jl:254
┌ Warning: `svd` cotangents sensitive to gauge choice: (|Δgauge| = 0.37645638141252735)
└ @ TensorKitChainRulesCoreExt ~/.julia/packages/TensorKit/esxcj/ext/TensorKitChainRulesCoreExt/factorizations.jl:254
[ Info: LBFGS: iter   29, time 2828.51 s: f = -2.066966194012, ‖∇f‖ = 7.4838e-03, α = 4.27e-01, m = 3, nfg = 2
[ Info: CTMRG init:	obj = +6.509558714188e+00	err = 1.0000e+00
[ Info: CTMRG conv 12:	obj = +6.509581883956e+00	err = 2.3602023115e-10	time = 14.86 sec
┌ Warning: `svd` cotangents sensitive to gauge choice: (|Δgauge| = 0.3733518890082206)
└ @ TensorKitChainRulesCoreExt ~/.julia/packages/TensorKit/esxcj/ext/TensorKitChainRulesCoreExt/factorizations.jl:254
┌ Warning: `svd` cotangents sensitive to gauge choice: (|Δgauge| = 0.37335188909636097)
└ @ TensorKitChainRulesCoreExt ~/.julia/packages/TensorKit/esxcj/ext/TensorKitChainRulesCoreExt/factorizations.jl:254
[ Info: LBFGS: iter   30, time 2847.82 s: f = -2.067079502864, ‖∇f‖ = 4.0270e-03, α = 1.00e+00, m = 3, nfg = 1
[ Info: CTMRG init:	obj = +6.531642982669e+00	err = 1.0000e+00
[ Info: CTMRG conv 12:	obj = +6.531660625730e+00	err = 2.5774565641e-10	time = 13.88 sec
┌ Warning: `svd` cotangents sensitive to gauge choice: (|Δgauge| = 0.3733717129178341)
└ @ TensorKitChainRulesCoreExt ~/.julia/packages/TensorKit/esxcj/ext/TensorKitChainRulesCoreExt/factorizations.jl:254
┌ Warning: `svd` cotangents sensitive to gauge choice: (|Δgauge| = 0.37337171290529825)
└ @ TensorKitChainRulesCoreExt ~/.julia/packages/TensorKit/esxcj/ext/TensorKitChainRulesCoreExt/factorizations.jl:254
[ Info: LBFGS: iter   31, time 2866.02 s: f = -2.067135848244, ‖∇f‖ = 3.6246e-03, α = 1.00e+00, m = 3, nfg = 1
[ Info: CTMRG init:	obj = +6.572149041154e+00	err = 1.0000e+00
[ Info: CTMRG conv 11:	obj = +6.572176991227e+00	err = 5.3990289273e-10	time = 13.92 sec
┌ Warning: `svd` cotangents sensitive to gauge choice: (|Δgauge| = 0.37186839513088144)
└ @ TensorKitChainRulesCoreExt ~/.julia/packages/TensorKit/esxcj/ext/TensorKitChainRulesCoreExt/factorizations.jl:254
┌ Warning: `svd` cotangents sensitive to gauge choice: (|Δgauge| = 0.3718683951494056)
└ @ TensorKitChainRulesCoreExt ~/.julia/packages/TensorKit/esxcj/ext/TensorKitChainRulesCoreExt/factorizations.jl:254
[ Info: LBFGS: iter   32, time 2884.81 s: f = -2.067236221678, ‖∇f‖ = 4.0304e-03, α = 1.00e+00, m = 3, nfg = 1
[ Info: CTMRG init:	obj = +6.651386938076e+00	err = 1.0000e+00
[ Info: CTMRG conv 12:	obj = +6.651638693831e+00	err = 4.8292124517e-10	time = 14.48 sec
┌ Warning: `svd` cotangents sensitive to gauge choice: (|Δgauge| = 0.3750087867605595)
└ @ TensorKitChainRulesCoreExt ~/.julia/packages/TensorKit/esxcj/ext/TensorKitChainRulesCoreExt/factorizations.jl:254
┌ Warning: `svd` cotangents sensitive to gauge choice: (|Δgauge| = 0.37500878664081044)
└ @ TensorKitChainRulesCoreExt ~/.julia/packages/TensorKit/esxcj/ext/TensorKitChainRulesCoreExt/factorizations.jl:254
[ Info: LBFGS: iter   33, time 2903.93 s: f = -2.067304517798, ‖∇f‖ = 1.2858e-02, α = 1.00e+00, m = 3, nfg = 1
[ Info: CTMRG init:	obj = +6.661607053288e+00	err = 1.0000e+00
[ Info: CTMRG conv 12:	obj = +6.661693110621e+00	err = 6.9334648212e-10	time = 14.96 sec
┌ Warning: `svd` cotangents sensitive to gauge choice: (|Δgauge| = 0.373708577328913)
└ @ TensorKitChainRulesCoreExt ~/.julia/packages/TensorKit/esxcj/ext/TensorKitChainRulesCoreExt/factorizations.jl:254
┌ Warning: `svd` cotangents sensitive to gauge choice: (|Δgauge| = 0.3737085772991519)
└ @ TensorKitChainRulesCoreExt ~/.julia/packages/TensorKit/esxcj/ext/TensorKitChainRulesCoreExt/factorizations.jl:254
[ Info: LBFGS: iter   34, time 2924.06 s: f = -2.067467130471, ‖∇f‖ = 4.4219e-03, α = 1.00e+00, m = 3, nfg = 1
[ Info: CTMRG init:	obj = +6.656218295807e+00	err = 1.0000e+00
[ Info: CTMRG conv 12:	obj = +6.656237742907e+00	err = 4.0714924268e-10	time = 15.63 sec
┌ Warning: `svd` cotangents sensitive to gauge choice: (|Δgauge| = 0.37364763451625704)
└ @ TensorKitChainRulesCoreExt ~/.julia/packages/TensorKit/esxcj/ext/TensorKitChainRulesCoreExt/factorizations.jl:254
┌ Warning: `svd` cotangents sensitive to gauge choice: (|Δgauge| = 0.3736476345044999)
└ @ TensorKitChainRulesCoreExt ~/.julia/packages/TensorKit/esxcj/ext/TensorKitChainRulesCoreExt/factorizations.jl:254
[ Info: LBFGS: iter   35, time 2944.34 s: f = -2.067518483939, ‖∇f‖ = 4.2248e-03, α = 1.00e+00, m = 3, nfg = 1
[ Info: CTMRG init:	obj = +6.644325709255e+00	err = 1.0000e+00
[ Info: CTMRG conv 12:	obj = +6.644369415892e+00	err = 4.7686512265e-10	time = 15.70 sec
┌ Warning: `svd` cotangents sensitive to gauge choice: (|Δgauge| = 0.376084300194764)
└ @ TensorKitChainRulesCoreExt ~/.julia/packages/TensorKit/esxcj/ext/TensorKitChainRulesCoreExt/factorizations.jl:254
┌ Warning: `svd` cotangents sensitive to gauge choice: (|Δgauge| = 0.37608430024004047)
└ @ TensorKitChainRulesCoreExt ~/.julia/packages/TensorKit/esxcj/ext/TensorKitChainRulesCoreExt/factorizations.jl:254
[ Info: LBFGS: iter   36, time 2965.19 s: f = -2.067618651917, ‖∇f‖ = 5.5594e-03, α = 1.00e+00, m = 3, nfg = 1
[ Info: CTMRG init:	obj = +6.633891828405e+00	err = 1.0000e+00
[ Info: CTMRG conv 11:	obj = +6.633968660195e+00	err = 6.5399549531e-10	time = 14.55 sec
┌ Warning: `svd` cotangents sensitive to gauge choice: (|Δgauge| = 0.37820987258707994)
└ @ TensorKitChainRulesCoreExt ~/.julia/packages/TensorKit/esxcj/ext/TensorKitChainRulesCoreExt/factorizations.jl:254
┌ Warning: `svd` cotangents sensitive to gauge choice: (|Δgauge| = 0.3782098726604596)
└ @ TensorKitChainRulesCoreExt ~/.julia/packages/TensorKit/esxcj/ext/TensorKitChainRulesCoreExt/factorizations.jl:254
[ Info: LBFGS: iter   37, time 2984.48 s: f = -2.067734271478, ‖∇f‖ = 1.0605e-02, α = 1.00e+00, m = 3, nfg = 1
[ Info: CTMRG init:	obj = +6.623399152766e+00	err = 1.0000e+00
[ Info: CTMRG conv 12:	obj = +6.623449709020e+00	err = 4.2717748769e-10	time = 15.77 sec
┌ Warning: `svd` cotangents sensitive to gauge choice: (|Δgauge| = 0.3815128522324681)
└ @ TensorKitChainRulesCoreExt ~/.julia/packages/TensorKit/esxcj/ext/TensorKitChainRulesCoreExt/factorizations.jl:254
┌ Warning: `svd` cotangents sensitive to gauge choice: (|Δgauge| = 0.3815128521004984)
└ @ TensorKitChainRulesCoreExt ~/.julia/packages/TensorKit/esxcj/ext/TensorKitChainRulesCoreExt/factorizations.jl:254
[ Info: LBFGS: iter   38, time 3004.83 s: f = -2.067874573908, ‖∇f‖ = 6.0439e-03, α = 1.00e+00, m = 3, nfg = 1
[ Info: CTMRG init:	obj = +6.615660535317e+00	err = 1.0000e+00
[ Info: CTMRG conv 12:	obj = +6.615797044667e+00	err = 4.6784945331e-10	time = 15.93 sec
┌ Warning: `svd` cotangents sensitive to gauge choice: (|Δgauge| = 0.3837022984414862)
└ @ TensorKitChainRulesCoreExt ~/.julia/packages/TensorKit/esxcj/ext/TensorKitChainRulesCoreExt/factorizations.jl:254
┌ Warning: `svd` cotangents sensitive to gauge choice: (|Δgauge| = 0.3837022982419713)
└ @ TensorKitChainRulesCoreExt ~/.julia/packages/TensorKit/esxcj/ext/TensorKitChainRulesCoreExt/factorizations.jl:254
[ Info: LBFGS: iter   39, time 3024.99 s: f = -2.068074067694, ‖∇f‖ = 5.2571e-03, α = 1.00e+00, m = 3, nfg = 1
[ Info: CTMRG init:	obj = +6.613507826106e+00	err = 1.0000e+00
[ Info: CTMRG conv 11:	obj = +6.613589986542e+00	err = 9.0824581659e-10	time = 13.19 sec
┌ Warning: `svd` cotangents sensitive to gauge choice: (|Δgauge| = 0.3826439405103188)
└ @ TensorKitChainRulesCoreExt ~/.julia/packages/TensorKit/esxcj/ext/TensorKitChainRulesCoreExt/factorizations.jl:254
┌ Warning: `svd` cotangents sensitive to gauge choice: (|Δgauge| = 0.3826439406844451)
└ @ TensorKitChainRulesCoreExt ~/.julia/packages/TensorKit/esxcj/ext/TensorKitChainRulesCoreExt/factorizations.jl:254
[ Info: LBFGS: iter   40, time 3042.53 s: f = -2.068216583936, ‖∇f‖ = 6.6362e-03, α = 1.00e+00, m = 3, nfg = 1
[ Info: CTMRG init:	obj = +6.621706771689e+00	err = 1.0000e+00
[ Info: CTMRG conv 12:	obj = +6.621911220459e+00	err = 4.8797887945e-10	time = 14.77 sec
┌ Warning: `svd` cotangents sensitive to gauge choice: (|Δgauge| = 0.3821507933473084)
└ @ TensorKitChainRulesCoreExt ~/.julia/packages/TensorKit/esxcj/ext/TensorKitChainRulesCoreExt/factorizations.jl:254
┌ Warning: `svd` cotangents sensitive to gauge choice: (|Δgauge| = 0.3821507935033275)
└ @ TensorKitChainRulesCoreExt ~/.julia/packages/TensorKit/esxcj/ext/TensorKitChainRulesCoreExt/factorizations.jl:254
[ Info: LBFGS: iter   41, time 3061.66 s: f = -2.068320444487, ‖∇f‖ = 1.6438e-02, α = 1.00e+00, m = 3, nfg = 1
[ Info: CTMRG init:	obj = +6.633508295003e+00	err = 1.0000e+00
[ Info: CTMRG conv 12:	obj = +6.633576791691e+00	err = 7.2945446049e-10	time = 16.42 sec
┌ Warning: `svd` cotangents sensitive to gauge choice: (|Δgauge| = 0.37925897773344475)
└ @ TensorKitChainRulesCoreExt ~/.julia/packages/TensorKit/esxcj/ext/TensorKitChainRulesCoreExt/factorizations.jl:254
┌ Warning: `svd` cotangents sensitive to gauge choice: (|Δgauge| = 0.3792589776485539)
└ @ TensorKitChainRulesCoreExt ~/.julia/packages/TensorKit/esxcj/ext/TensorKitChainRulesCoreExt/factorizations.jl:254
[ Info: LBFGS: iter   42, time 3082.65 s: f = -2.068561063291, ‖∇f‖ = 8.4998e-03, α = 1.00e+00, m = 3, nfg = 1
[ Info: CTMRG init:	obj = +6.666337565389e+00	err = 1.0000e+00
[ Info: CTMRG conv 13:	obj = +6.666457740526e+00	err = 6.5372715731e-10	time = 17.69 sec
┌ Warning: `svd` cotangents sensitive to gauge choice: (|Δgauge| = 0.3749664338819173)
└ @ TensorKitChainRulesCoreExt ~/.julia/packages/TensorKit/esxcj/ext/TensorKitChainRulesCoreExt/factorizations.jl:254
┌ Warning: `svd` cotangents sensitive to gauge choice: (|Δgauge| = 0.37496643382425865)
└ @ TensorKitChainRulesCoreExt ~/.julia/packages/TensorKit/esxcj/ext/TensorKitChainRulesCoreExt/factorizations.jl:254
[ Info: LBFGS: iter   43, time 3104.93 s: f = -2.068843143384, ‖∇f‖ = 5.9571e-03, α = 1.00e+00, m = 3, nfg = 1
[ Info: CTMRG init:	obj = +6.680030767986e+00	err = 1.0000e+00
[ Info: CTMRG conv 18:	obj = +6.680097610665e+00	err = 5.1918926420e-10	time = 25.84 sec
┌ Warning: `svd` cotangents sensitive to gauge choice: (|Δgauge| = 0.3741842058092537)
└ @ TensorKitChainRulesCoreExt ~/.julia/packages/TensorKit/esxcj/ext/TensorKitChainRulesCoreExt/factorizations.jl:254
┌ Warning: `svd` cotangents sensitive to gauge choice: (|Δgauge| = 0.37418420610966796)
└ @ TensorKitChainRulesCoreExt ~/.julia/packages/TensorKit/esxcj/ext/TensorKitChainRulesCoreExt/factorizations.jl:254
[ Info: LBFGS: iter   44, time 3136.52 s: f = -2.069020471086, ‖∇f‖ = 6.4715e-03, α = 1.00e+00, m = 3, nfg = 1
[ Info: CTMRG init:	obj = +6.690644561647e+00	err = 1.0000e+00
[ Info: CTMRG conv 59:	obj = +6.690975262406e+00	err = 6.1989041929e-10	time = 1.31 min
┌ Warning: `svd` cotangents sensitive to gauge choice: (|Δgauge| = 0.3710877925041865)
└ @ TensorKitChainRulesCoreExt ~/.julia/packages/TensorKit/esxcj/ext/TensorKitChainRulesCoreExt/factorizations.jl:254
┌ Warning: `svd` cotangents sensitive to gauge choice: (|Δgauge| = 0.3710877930845716)
└ @ TensorKitChainRulesCoreExt ~/.julia/packages/TensorKit/esxcj/ext/TensorKitChainRulesCoreExt/factorizations.jl:254
[ Info: CTMRG init:	obj = +6.687183553885e+00	err = 1.0000e+00
[ Info: CTMRG conv 12:	obj = +6.687222534108e+00	err = 8.7255338758e-10	time = 16.09 sec
┌ Warning: `svd` cotangents sensitive to gauge choice: (|Δgauge| = 0.37314472636048235)
└ @ TensorKitChainRulesCoreExt ~/.julia/packages/TensorKit/esxcj/ext/TensorKitChainRulesCoreExt/factorizations.jl:254
┌ Warning: `svd` cotangents sensitive to gauge choice: (|Δgauge| = 0.3731447263131511)
└ @ TensorKitChainRulesCoreExt ~/.julia/packages/TensorKit/esxcj/ext/TensorKitChainRulesCoreExt/factorizations.jl:254
[ Info: LBFGS: iter   45, time 3250.18 s: f = -2.069102612014, ‖∇f‖ = 9.5596e-03, α = 3.44e-01, m = 3, nfg = 2
[ Info: CTMRG init:	obj = +6.680979017399e+00	err = 1.0000e+00
[ Info: CTMRG conv 15:	obj = +6.681051066267e+00	err = 8.9668830227e-10	time = 20.55 sec
┌ Warning: `svd` cotangents sensitive to gauge choice: (|Δgauge| = 0.3754198481077481)
└ @ TensorKitChainRulesCoreExt ~/.julia/packages/TensorKit/esxcj/ext/TensorKitChainRulesCoreExt/factorizations.jl:254
┌ Warning: `svd` cotangents sensitive to gauge choice: (|Δgauge| = 0.37541984958895747)
└ @ TensorKitChainRulesCoreExt ~/.julia/packages/TensorKit/esxcj/ext/TensorKitChainRulesCoreExt/factorizations.jl:254
[ Info: LBFGS: iter   46, time 3275.54 s: f = -2.069230806851, ‖∇f‖ = 5.5822e-03, α = 1.00e+00, m = 3, nfg = 1
[ Info: CTMRG init:	obj = +6.671972795212e+00	err = 1.0000e+00
┌ Warning: CTMRG cancel 100:	obj = +6.672027070001e+00	err = 9.7183881882e-09	time = 2.37 min
└ @ PEPSKit ~/.julia/packages/PEPSKit/P7ER3/src/algorithms/ctmrg/ctmrg.jl:129
┌ Warning: `svd` cotangents sensitive to gauge choice: (|Δgauge| = 0.3777734755346477)
└ @ TensorKitChainRulesCoreExt ~/.julia/packages/TensorKit/esxcj/ext/TensorKitChainRulesCoreExt/factorizations.jl:254
┌ Warning: `svd` cotangents sensitive to gauge choice: (|Δgauge| = 0.3777734768563624)
└ @ TensorKitChainRulesCoreExt ~/.julia/packages/TensorKit/esxcj/ext/TensorKitChainRulesCoreExt/factorizations.jl:254
[ Info: LBFGS: iter   47, time 3436.45 s: f = -2.069362628660, ‖∇f‖ = 3.6864e-03, α = 1.00e+00, m = 3, nfg = 1
[ Info: CTMRG init:	obj = +6.657572295506e+00	err = 1.0000e+00
┌ Warning: CTMRG cancel 100:	obj = +6.657644498506e+00	err = 8.8105756293e-09	time = 2.54 min
└ @ PEPSKit ~/.julia/packages/PEPSKit/P7ER3/src/algorithms/ctmrg/ctmrg.jl:129
┌ Warning: `svd` cotangents sensitive to gauge choice: (|Δgauge| = 0.3810167611668802)
└ @ TensorKitChainRulesCoreExt ~/.julia/packages/TensorKit/esxcj/ext/TensorKitChainRulesCoreExt/factorizations.jl:254
┌ Warning: `svd` cotangents sensitive to gauge choice: (|Δgauge| = 0.3810167616132313)
└ @ TensorKitChainRulesCoreExt ~/.julia/packages/TensorKit/esxcj/ext/TensorKitChainRulesCoreExt/factorizations.jl:254
[ Info: LBFGS: iter   48, time 3610.18 s: f = -2.069423830859, ‖∇f‖ = 8.9621e-03, α = 1.00e+00, m = 3, nfg = 1
[ Info: CTMRG init:	obj = +6.657979831084e+00	err = 1.0000e+00
┌ Warning: CTMRG cancel 100:	obj = +6.658012668771e+00	err = 6.4029110438e-09	time = 2.72 min
└ @ PEPSKit ~/.julia/packages/PEPSKit/P7ER3/src/algorithms/ctmrg/ctmrg.jl:129
┌ Warning: `svd` cotangents sensitive to gauge choice: (|Δgauge| = 0.3805333578337727)
└ @ TensorKitChainRulesCoreExt ~/.julia/packages/TensorKit/esxcj/ext/TensorKitChainRulesCoreExt/factorizations.jl:254
┌ Warning: `svd` cotangents sensitive to gauge choice: (|Δgauge| = 0.3805333575471596)
└ @ TensorKitChainRulesCoreExt ~/.julia/packages/TensorKit/esxcj/ext/TensorKitChainRulesCoreExt/factorizations.jl:254
[ Info: LBFGS: iter   49, time 3794.90 s: f = -2.069489922825, ‖∇f‖ = 3.9463e-03, α = 1.00e+00, m = 3, nfg = 1
[ Info: CTMRG init:	obj = +6.659593934507e+00	err = 1.0000e+00
┌ Warning: CTMRG cancel 100:	obj = +6.659601016011e+00	err = 4.6585860054e-09	time = 2.67 min
└ @ PEPSKit ~/.julia/packages/PEPSKit/P7ER3/src/algorithms/ctmrg/ctmrg.jl:129
┌ Warning: `svd` cotangents sensitive to gauge choice: (|Δgauge| = 0.3799194764226773)
└ @ TensorKitChainRulesCoreExt ~/.julia/packages/TensorKit/esxcj/ext/TensorKitChainRulesCoreExt/factorizations.jl:254
┌ Warning: `svd` cotangents sensitive to gauge choice: (|Δgauge| = 0.37991947641789103)
└ @ TensorKitChainRulesCoreExt ~/.julia/packages/TensorKit/esxcj/ext/TensorKitChainRulesCoreExt/factorizations.jl:254
[ Info: LBFGS: iter   50, time 3976.32 s: f = -2.069512105707, ‖∇f‖ = 2.3638e-03, α = 1.00e+00, m = 3, nfg = 1
[ Info: CTMRG init:	obj = +6.658983193013e+00	err = 1.0000e+00
┌ Warning: CTMRG cancel 100:	obj = +6.658987268544e+00	err = 4.5097949130e-09	time = 2.81 min
└ @ PEPSKit ~/.julia/packages/PEPSKit/P7ER3/src/algorithms/ctmrg/ctmrg.jl:129
┌ Warning: `svd` cotangents sensitive to gauge choice: (|Δgauge| = 0.37988950529706367)
└ @ TensorKitChainRulesCoreExt ~/.julia/packages/TensorKit/esxcj/ext/TensorKitChainRulesCoreExt/factorizations.jl:254
┌ Warning: `svd` cotangents sensitive to gauge choice: (|Δgauge| = 0.37988950528424215)
└ @ TensorKitChainRulesCoreExt ~/.julia/packages/TensorKit/esxcj/ext/TensorKitChainRulesCoreExt/factorizations.jl:254
[ Info: LBFGS: iter   51, time 4165.87 s: f = -2.069533163298, ‖∇f‖ = 2.0913e-03, α = 1.00e+00, m = 3, nfg = 1
[ Info: CTMRG init:	obj = +6.655002057480e+00	err = 1.0000e+00
┌ Warning: CTMRG cancel 100:	obj = +6.655009327588e+00	err = 1.0689478272e-08	time = 2.95 min
└ @ PEPSKit ~/.julia/packages/PEPSKit/P7ER3/src/algorithms/ctmrg/ctmrg.jl:129
┌ Warning: `svd` cotangents sensitive to gauge choice: (|Δgauge| = 0.38028819577011574)
└ @ TensorKitChainRulesCoreExt ~/.julia/packages/TensorKit/esxcj/ext/TensorKitChainRulesCoreExt/factorizations.jl:254
┌ Warning: `svd` cotangents sensitive to gauge choice: (|Δgauge| = 0.38028819463890395)
└ @ TensorKitChainRulesCoreExt ~/.julia/packages/TensorKit/esxcj/ext/TensorKitChainRulesCoreExt/factorizations.jl:254
[ Info: LBFGS: iter   52, time 4362.90 s: f = -2.069552138715, ‖∇f‖ = 1.3207e-03, α = 1.00e+00, m = 3, nfg = 1
[ Info: CTMRG init:	obj = +6.647389405855e+00	err = 1.0000e+00
┌ Warning: CTMRG cancel 100:	obj = +6.647395607783e+00	err = 8.3427543210e-09	time = 3.00 min
└ @ PEPSKit ~/.julia/packages/PEPSKit/P7ER3/src/algorithms/ctmrg/ctmrg.jl:129
┌ Warning: `svd` cotangents sensitive to gauge choice: (|Δgauge| = 0.3796262240504239)
└ @ TensorKitChainRulesCoreExt ~/.julia/packages/TensorKit/esxcj/ext/TensorKitChainRulesCoreExt/factorizations.jl:254
┌ Warning: `svd` cotangents sensitive to gauge choice: (|Δgauge| = 0.3796262243984635)
└ @ TensorKitChainRulesCoreExt ~/.julia/packages/TensorKit/esxcj/ext/TensorKitChainRulesCoreExt/factorizations.jl:254
[ Info: LBFGS: iter   53, time 4562.49 s: f = -2.069555873514, ‖∇f‖ = 4.5367e-03, α = 1.00e+00, m = 3, nfg = 1
[ Info: CTMRG init:	obj = +6.646574761180e+00	err = 1.0000e+00
┌ Warning: CTMRG cancel 100:	obj = +6.646575281160e+00	err = 7.0716001716e-09	time = 3.07 min
└ @ PEPSKit ~/.julia/packages/PEPSKit/P7ER3/src/algorithms/ctmrg/ctmrg.jl:129
┌ Warning: `svd` cotangents sensitive to gauge choice: (|Δgauge| = 0.37964697682373993)
└ @ TensorKitChainRulesCoreExt ~/.julia/packages/TensorKit/esxcj/ext/TensorKitChainRulesCoreExt/factorizations.jl:254
┌ Warning: `svd` cotangents sensitive to gauge choice: (|Δgauge| = 0.37964697761410776)
└ @ TensorKitChainRulesCoreExt ~/.julia/packages/TensorKit/esxcj/ext/TensorKitChainRulesCoreExt/factorizations.jl:254
[ Info: LBFGS: iter   54, time 4763.62 s: f = -2.069570085442, ‖∇f‖ = 1.1600e-03, α = 1.00e+00, m = 3, nfg = 1
[ Info: CTMRG init:	obj = +6.645415745993e+00	err = 1.0000e+00
┌ Warning: CTMRG cancel 100:	obj = +6.645415879334e+00	err = 4.8576775944e-09	time = 3.18 min
└ @ PEPSKit ~/.julia/packages/PEPSKit/P7ER3/src/algorithms/ctmrg/ctmrg.jl:129
┌ Warning: `svd` cotangents sensitive to gauge choice: (|Δgauge| = 0.3794605697840889)
└ @ TensorKitChainRulesCoreExt ~/.julia/packages/TensorKit/esxcj/ext/TensorKitChainRulesCoreExt/factorizations.jl:254
┌ Warning: `svd` cotangents sensitive to gauge choice: (|Δgauge| = 0.379460568997921)
└ @ TensorKitChainRulesCoreExt ~/.julia/packages/TensorKit/esxcj/ext/TensorKitChainRulesCoreExt/factorizations.jl:254
[ Info: LBFGS: converged after 55 iterations and time 4973.83 s: f = -2.069573461967, ‖∇f‖ = 7.7976e-04
