  Installing known registries into `~/.julia`
       Added `General` registry to ~/.julia/registries
    Updating registry at `~/.julia/registries/General.toml`
   Installed TaskLocalValues ───────────── v0.1.2
   Installed GPUArraysCore ─────────────── v0.2.0
   Installed IrrationalConstants ───────── v0.2.4
   Installed RealDot ───────────────────── v0.1.0
   Installed IRTools ───────────────────── v0.4.14
   Installed JLD2 ──────────────────────── v0.5.12
   Installed BlockTensorKit ────────────── v0.1.6
   Installed OhMyThreads ───────────────── v0.7.0
   Installed Adapt ─────────────────────── v4.3.0
   Installed PtrArrays ─────────────────── v1.3.0
   Installed LRUCache ──────────────────── v1.6.2
   Installed DiffRules ─────────────────── v1.15.1
   Installed IntegerMathUtils ──────────── v0.1.2
   Installed Accessors ─────────────────── v0.1.42
   Installed TableTraits ───────────────── v1.0.1
   Installed Preferences ───────────────── v1.4.3
   Installed DiffResults ───────────────── v1.1.0
   Installed LoggingExtras ─────────────── v1.0.3
   Installed HashArrayMappedTries ──────── v0.2.0
   Installed Tables ────────────────────── v1.12.0
   Installed SpecialFunctions ──────────── v2.5.0
   Installed OptimKit ──────────────────── v0.4.0
   Installed WignerSymbols ─────────────── v2.0.0
   Installed ChunkSplitters ────────────── v3.1.2
   Installed DataAPI ───────────────────── v1.16.0
   Installed TensorKit ─────────────────── v0.14.5
   Installed Primes ────────────────────── v0.5.7
   Installed StaticArrays ──────────────── v1.9.13
   Installed Zygote ────────────────────── v0.7.6
   Installed RecipesBase ───────────────── v1.3.4
   Installed AbstractFFTs ──────────────── v1.5.0
   Installed MPSKit ────────────────────── v0.12.6
   Installed BlockArrays ───────────────── v1.6.1
   Installed IteratorInterfaceExtensions ─ v1.0.0
   Installed JLLWrappers ───────────────── v1.7.0
   Installed NaNMath ───────────────────── v1.1.3
   Installed Richardson ────────────────── v1.4.2
   Installed StaticArraysCore ──────────── v1.4.3
   Installed FiniteDifferences ─────────── v0.12.32
   Installed ConstructionBase ──────────── v1.5.8
   Installed PrecompileTools ───────────── v1.2.1
   Installed StructArrays ──────────────── v0.7.1
   Installed DataValueInterfaces ───────── v1.0.0
   Installed StableTasks ───────────────── v0.1.7
   Installed TranscodingStreams ────────── v0.11.3
   Installed ChainRulesCore ────────────── v1.25.1
   Installed TensorKitSectors ──────────── v0.1.4
   Installed OrderedCollections ────────── v1.8.0
   Installed RationalRoots ─────────────── v0.2.1
   Installed InitialValues ─────────────── v0.3.1
   Installed ScopedValues ──────────────── v1.3.0
   Installed VectorInterface ───────────── v0.5.0
   Installed Statistics ────────────────── v1.11.1
   Installed ForwardDiff ───────────────── v1.0.1
   Installed FillArrays ────────────────── v1.13.0
   Installed FileIO ────────────────────── v1.17.0
   Installed MPSKitModels ──────────────── v0.4.1
   Installed ChainRules ────────────────── v1.72.3
   Installed LogExpFunctions ───────────── v0.3.29
   Installed ZygoteRules ───────────────── v0.2.7
   Installed CommonSubexpressions ──────── v0.3.1
   Installed Requires ──────────────────── v1.3.1
   Installed BangBang ──────────────────── v0.4.4
   Installed PackageExtensionCompat ────── v1.0.2
   Installed HalfIntegers ──────────────── v1.6.0
   Installed StridedViews ──────────────── v0.4.1
   Installed MacroTools ────────────────── v0.5.15
   Installed Strided ───────────────────── v2.3.0
   Installed Compat ────────────────────── v4.16.0
   Installed CompositionsBase ──────────── v0.1.2
   Installed OpenSpecFun_jll ───────────── v0.5.6+0
   Installed SparseInverseSubset ───────── v0.1.2
   Installed TensorKitManifolds ────────── v0.7.2
   Installed TupleTools ────────────────── v1.6.0
   Installed InverseFunctions ──────────── v0.1.17
   Installed KrylovKit ─────────────────── v0.9.5
   Installed DocStringExtensions ───────── v0.9.4
   Installed ArrayLayouts ──────────────── v1.11.1
   Installed TensorOperations ──────────── v5.2.0
   Installed PEPSKit ───────────────────── v0.5.0
    Updating `/var/lib/condor/execute/dir_733776/Project.toml`
  [d360d2e6] + ChainRulesCore v1.25.1
  [033835bb] + JLD2 v0.5.12
  [0b1a1467] + KrylovKit v0.9.5
  [bb1c41ca] + MPSKit v0.12.6
  [ca635005] + MPSKitModels v0.4.1
  [77e91f04] + OptimKit v0.4.0
  [52969e89] + PEPSKit v0.5.0
  [07d1fe3e] + TensorKit v0.14.5
  [409d34a3] + VectorInterface v0.5.0
  [e88e6eb3] + Zygote v0.7.6
  [37e2e46d] ~ LinearAlgebra ⇒ v1.11.0
    Updating `/var/lib/condor/execute/dir_733776/Manifest.toml`
  [621f4979] + AbstractFFTs v1.5.0
  [7d9f7c33] + Accessors v0.1.42
  [79e6a3ab] + Adapt v4.3.0
  [4c555306] + ArrayLayouts v1.11.1
  [198e06fe] + BangBang v0.4.4
  [8e7c35d0] + BlockArrays v1.6.1
  [5f87ffc2] + BlockTensorKit v0.1.6
  [082447d4] + ChainRules v1.72.3
  [d360d2e6] + ChainRulesCore v1.25.1
  [ae650224] + ChunkSplitters v3.1.2
  [bbf7d656] + CommonSubexpressions v0.3.1
  [34da2185] + Compat v4.16.0
  [a33af91c] + CompositionsBase v0.1.2
  [187b0558] + ConstructionBase v1.5.8
  [9a962f9c] + DataAPI v1.16.0
  [e2d170a0] + DataValueInterfaces v1.0.0
  [163ba53b] + DiffResults v1.1.0
  [b552c78f] + DiffRules v1.15.1
  [ffbed154] + DocStringExtensions v0.9.4
  [5789e2e9] + FileIO v1.17.0
  [1a297f60] + FillArrays v1.13.0
  [26cc04aa] + FiniteDifferences v0.12.32
  [f6369f11] + ForwardDiff v1.0.1
  [46192b85] + GPUArraysCore v0.2.0
  [f0d1745a] + HalfIntegers v1.6.0
  [076d061b] + HashArrayMappedTries v0.2.0
  [7869d1d1] + IRTools v0.4.14
  [22cec73e] + InitialValues v0.3.1
  [18e54dd8] + IntegerMathUtils v0.1.2
  [3587e190] + InverseFunctions v0.1.17
  [92d709cd] + IrrationalConstants v0.2.4
  [82899510] + IteratorInterfaceExtensions v1.0.0
  [033835bb] + JLD2 v0.5.12
  [692b3bcd] + JLLWrappers v1.7.0
  [0b1a1467] + KrylovKit v0.9.5
  [8ac3fa9e] + LRUCache v1.6.2
  [2ab3a3ac] + LogExpFunctions v0.3.29
⌅ [e6f89c97] + LoggingExtras v1.0.3
  [bb1c41ca] + MPSKit v0.12.6
  [ca635005] + MPSKitModels v0.4.1
  [1914dd2f] + MacroTools v0.5.15
  [77ba4419] + NaNMath v1.1.3
⌅ [67456a42] + OhMyThreads v0.7.0
  [77e91f04] + OptimKit v0.4.0
  [bac558e1] + OrderedCollections v1.8.0
  [52969e89] + PEPSKit v0.5.0
  [65ce6f38] + PackageExtensionCompat v1.0.2
⌅ [aea7be01] + PrecompileTools v1.2.1
  [21216c6a] + Preferences v1.4.3
  [27ebfcd6] + Primes v0.5.7
  [43287f4e] + PtrArrays v1.3.0
  [308eb6b3] + RationalRoots v0.2.1
  [c1ae055f] + RealDot v0.1.0
  [3cdcf5f2] + RecipesBase v1.3.4
  [ae029012] + Requires v1.3.1
  [708f8203] + Richardson v1.4.2
  [7e506255] + ScopedValues v1.3.0
  [dc90abb0] + SparseInverseSubset v0.1.2
  [276daf66] + SpecialFunctions v2.5.0
  [91464d47] + StableTasks v0.1.7
  [90137ffa] + StaticArrays v1.9.13
  [1e83bf80] + StaticArraysCore v1.4.3
  [10745b16] + Statistics v1.11.1
  [5e0ebb24] + Strided v2.3.0
  [4db3bf67] + StridedViews v0.4.1
  [09ab397b] + StructArrays v0.7.1
  [3783bdb8] + TableTraits v1.0.1
  [bd369af6] + Tables v1.12.0
  [ed4db957] + TaskLocalValues v0.1.2
  [07d1fe3e] + TensorKit v0.14.5
  [11fa318c] + TensorKitManifolds v0.7.2
  [13a9c161] + TensorKitSectors v0.1.4
  [6aa20fa7] + TensorOperations v5.2.0
  [3bb67fe8] + TranscodingStreams v0.11.3
  [9d95972d] + TupleTools v1.6.0
  [409d34a3] + VectorInterface v0.5.0
  [9f57e263] + WignerSymbols v2.0.0
  [e88e6eb3] + Zygote v0.7.6
  [700de1a5] + ZygoteRules v0.2.7
  [efe28fd5] + OpenSpecFun_jll v0.5.6+0
  [0dad84c5] + ArgTools v1.1.2
  [56f22d72] + Artifacts v1.11.0
  [2a0f44e3] + Base64 v1.11.0
  [ade2ca70] + Dates v1.11.0
  [8ba89e20] + Distributed v1.11.0
  [f43a241f] + Downloads v1.6.0
  [7b1f6079] + FileWatching v1.11.0
  [b77e0a4c] + InteractiveUtils v1.11.0
  [b27032c2] + LibCURL v0.6.4
  [76f85450] + LibGit2 v1.11.0
  [8f399da3] + Libdl v1.11.0
  [37e2e46d] + LinearAlgebra v1.11.0
  [56ddb016] + Logging v1.11.0
  [d6f4376e] + Markdown v1.11.0
  [a63ad114] + Mmap v1.11.0
  [ca575930] + NetworkOptions v1.2.0
  [44cfe95a] + Pkg v1.11.0
  [de0858da] + Printf v1.11.0
  [9a3f8284] + Random v1.11.0
  [ea8e919c] + SHA v0.7.0
  [9e88b42a] + Serialization v1.11.0
  [6462fe0b] + Sockets v1.11.0
  [2f01184e] + SparseArrays v1.11.0
  [4607b0f0] + SuiteSparse
  [fa267f1f] + TOML v1.0.3
  [a4e569a6] + Tar v1.10.0
  [cf7118a7] + UUIDs v1.11.0
  [4ec0a83e] + Unicode v1.11.0
  [e66e0078] + CompilerSupportLibraries_jll v1.1.1+0
  [deac9b47] + LibCURL_jll v8.6.0+0
  [e37daf67] + LibGit2_jll v1.7.2+0
  [29816b5a] + LibSSH2_jll v1.11.0+1
  [c8ffd9c3] + MbedTLS_jll v2.28.6+0
  [14a3606d] + MozillaCACerts_jll v2023.12.12
  [4536629a] + OpenBLAS_jll v0.3.27+1
  [05823500] + OpenLibm_jll v0.8.1+2
  [bea87d4a] + SuiteSparse_jll v7.7.0+0
  [83775a58] + Zlib_jll v1.2.13+1
  [8e850b90] + libblastrampoline_jll v5.11.0+0
  [8e850ede] + nghttp2_jll v1.59.0+0
  [3f19e933] + p7zip_jll v17.4.0+2
        Info Packages marked with ⌅ have new versions available but compatibility constraints restrict them from upgrading. To see why use `status --outdated -m`
Precompiling project...
    475.7 ms  ✓ TaskLocalValues
    435.2 ms  ✓ IntegerMathUtils
    461.8 ms  ✓ DataValueInterfaces
    478.9 ms  ✓ RealDot
    507.5 ms  ✓ Richardson
    528.1 ms  ✓ HalfIntegers
    516.7 ms  ✓ InverseFunctions
    573.5 ms  ✓ StableTasks
    646.5 ms  ✓ OrderedCollections
    618.1 ms  ✓ LRUCache
    654.8 ms  ✓ VectorInterface
    663.4 ms  ✓ DocStringExtensions
    670.5 ms  ✓ Statistics
    752.2 ms  ✓ AbstractFFTs
    401.3 ms  ✓ PackageExtensionCompat
    464.5 ms  ✓ IteratorInterfaceExtensions
    467.5 ms  ✓ DataAPI
    434.7 ms  ✓ CompositionsBase
    422.9 ms  ✓ PtrArrays
    601.2 ms  ✓ ConstructionBase
    546.4 ms  ✓ ChunkSplitters
    476.3 ms  ✓ StaticArraysCore
    528.8 ms  ✓ HashArrayMappedTries
    601.9 ms  ✓ TupleTools
    591.0 ms  ✓ RationalRoots
   1301.2 ms  ✓ FillArrays
    656.2 ms  ✓ TranscodingStreams
   1366.5 ms  ✓ IrrationalConstants
    561.5 ms  ✓ NaNMath
    584.7 ms  ✓ Requires
    640.1 ms  ✓ LoggingExtras
    667.6 ms  ✓ Compat
    711.3 ms  ✓ SuiteSparse
    447.9 ms  ✓ ScopedValues
   1114.1 ms  ✓ InitialValues
    478.6 ms  ✓ LRUCache → SerializationExt
    677.7 ms  ✓ InverseFunctions → InverseFunctionsDatesExt
    447.6 ms  ✓ TableTraits
    720.9 ms  ✓ Primes
    823.2 ms  ✓ Preferences
    491.6 ms  ✓ CompositionsBase → CompositionsBaseInverseFunctionsExt
    473.0 ms  ✓ ConstructionBase → ConstructionBaseLinearAlgebraExt
    680.8 ms  ✓ Statistics → SparseArraysExt
    504.5 ms  ✓ DiffResults
    564.3 ms  ✓ StridedViews
    506.7 ms  ✓ FillArrays → FillArraysStatisticsExt
    543.7 ms  ✓ Adapt
    502.5 ms  ✓ Compat → CompatLinearAlgebraExt
    683.2 ms  ✓ SparseInverseSubset
    739.6 ms  ✓ LogExpFunctions
    543.8 ms  ✓ PrecompileTools
    805.4 ms  ✓ FillArrays → FillArraysSparseArraysExt
    568.2 ms  ✓ JLLWrappers
    603.9 ms  ✓ StridedViews → StridedViewsPtrArraysExt
    906.1 ms  ✓ Tables
    710.6 ms  ✓ Strided
    454.2 ms  ✓ LogExpFunctions → LogExpFunctionsInverseFunctionsExt
    654.2 ms  ✓ GPUArraysCore
    758.8 ms  ✓ Adapt → AdaptSparseArraysExt
   2597.4 ms  ✓ MacroTools
   1868.1 ms  ✓ KrylovKit
    633.6 ms  ✓ OpenSpecFun_jll
   1663.0 ms  ✓ OptimKit
    531.4 ms  ✓ CommonSubexpressions
    873.9 ms  ✓ StructArrays
   1347.8 ms  ✓ ChainRulesCore
    542.1 ms  ✓ StructArrays → StructArraysAdaptExt
    619.6 ms  ✓ StructArrays → StructArraysLinearAlgebraExt
   1758.4 ms  ✓ RecipesBase
    590.0 ms  ✓ AbstractFFTs → AbstractFFTsChainRulesCoreExt
    853.0 ms  ✓ StructArrays → StructArraysSparseArraysExt
   2686.0 ms  ✓ WignerSymbols
    837.8 ms  ✓ ChainRulesCore → ChainRulesCoreSparseArraysExt
    985.3 ms  ✓ ZygoteRules
    720.0 ms  ✓ KrylovKit → KrylovKitChainRulesCoreExt
   1984.5 ms  ✓ IRTools
   1530.5 ms  ✓ LogExpFunctions → LogExpFunctionsChainRulesCoreExt
   2271.9 ms  ✓ Accessors
   4114.6 ms  ✓ FileIO
    584.4 ms  ✓ Accessors → StructArraysExt
    631.0 ms  ✓ Accessors → LinearAlgebraExt
   2909.6 ms  ✓ SpecialFunctions
    676.5 ms  ✓ DiffRules
    975.7 ms  ✓ BangBang
    654.5 ms  ✓ BangBang → BangBangTablesExt
    666.2 ms  ✓ BangBang → BangBangChainRulesCoreExt
    707.1 ms  ✓ BangBang → BangBangStructArraysExt
   1704.3 ms  ✓ SpecialFunctions → SpecialFunctionsChainRulesCoreExt
   1191.0 ms  ✓ OhMyThreads
   7117.1 ms  ✓ StaticArrays
    687.1 ms  ✓ Adapt → AdaptStaticArraysExt
    700.5 ms  ✓ StaticArrays → StaticArraysStatisticsExt
   3579.0 ms  ✓ ForwardDiff
    724.4 ms  ✓ StaticArrays → StaticArraysChainRulesCoreExt
    783.3 ms  ✓ ConstructionBase → ConstructionBaseStaticArraysExt
    787.9 ms  ✓ StructArrays → StructArraysStaticArraysExt
    808.6 ms  ✓ BangBang → BangBangStaticArraysExt
   5768.7 ms  ✓ ChainRules
    810.1 ms  ✓ Accessors → StaticArraysExt
    866.1 ms  ✓ ForwardDiff → ForwardDiffStaticArraysExt
   1328.0 ms  ✓ FiniteDifferences
  13349.7 ms  ✓ ArrayLayouts
    765.7 ms  ✓ ArrayLayouts → ArrayLayoutsSparseArraysExt
   1624.5 ms  ✓ BlockArrays
    746.7 ms  ✓ BlockArrays → BlockArraysAdaptExt
  31447.4 ms  ✓ JLD2
  28072.2 ms  ✓ Zygote
 123875.6 ms  ✓ TensorOperations
   1253.9 ms  ✓ TensorOperations → TensorOperationsChainRulesCoreExt
   5698.7 ms  ✓ TensorKitSectors
   6975.0 ms  ✓ TensorKit
   1894.7 ms  ✓ TensorKitManifolds
   1927.0 ms  ✓ TensorKit → TensorKitFiniteDifferencesExt
   1960.7 ms  ✓ TensorKit → TensorKitChainRulesCoreExt
   2824.3 ms  ✓ BlockTensorKit
  13727.6 ms  ✓ MPSKit
  11336.3 ms  ✓ MPSKitModels
  13660.7 ms  ✓ PEPSKit
  118 dependencies successfully precompiled in 181 seconds. 31 already precompiled.
[ Info: CTMRG init:	obj = -3.171842984268e+00 +1.192292668887e+00im	err = 1.0000e+00
[ Info: CTMRG conv 41:	obj = +3.525476362148e+00	err = 7.6917808221e-10	time = 33.93 sec
[ Info: CTMRG init:	obj = +3.525476362148e+00	err = 1.0000e+00
[ Info: CTMRG conv 4:	obj = +3.525476362148e+00	err = 2.5099492982e-11	time = 1.28 min
┌ Warning: `svd` cotangents sensitive to gauge choice: (|Δgauge| = 0.26568988063204846)
└ @ TensorKitChainRulesCoreExt ~/.julia/packages/TensorKit/esxcj/ext/TensorKitChainRulesCoreExt/factorizations.jl:254
┌ Warning: `svd` cotangents sensitive to gauge choice: (|Δgauge| = 0.010929265936963051)
└ @ TensorKitChainRulesCoreExt ~/.julia/packages/TensorKit/esxcj/ext/TensorKitChainRulesCoreExt/factorizations.jl:254
┌ Warning: `svd` cotangents sensitive to gauge choice: (|Δgauge| = 0.2602605450249555)
└ @ TensorKitChainRulesCoreExt ~/.julia/packages/TensorKit/esxcj/ext/TensorKitChainRulesCoreExt/factorizations.jl:254
[ Info: LBFGS: initializing with f = -1.966499265400, ‖∇f‖ = 3.3637e-01
[ Info: CTMRG init:	obj = +3.533062036542e+00	err = 1.0000e+00
[ Info: CTMRG conv 17:	obj = +3.533072454929e+00	err = 6.2561421059e-10	time = 6.26 sec
┌ Warning: `svd` cotangents sensitive to gauge choice: (|Δgauge| = 0.26979207540827504)
└ @ TensorKitChainRulesCoreExt ~/.julia/packages/TensorKit/esxcj/ext/TensorKitChainRulesCoreExt/factorizations.jl:254
┌ Warning: `svd` cotangents sensitive to gauge choice: (|Δgauge| = 1.5698531804124078e-7)
└ @ TensorKitChainRulesCoreExt ~/.julia/packages/TensorKit/esxcj/ext/TensorKitChainRulesCoreExt/factorizations.jl:254
┌ Warning: `svd` cotangents sensitive to gauge choice: (|Δgauge| = 0.26979199791179503)
└ @ TensorKitChainRulesCoreExt ~/.julia/packages/TensorKit/esxcj/ext/TensorKitChainRulesCoreExt/factorizations.jl:254
[ Info: CTMRG init:	obj = +3.563431723216e+00	err = 1.0000e+00
[ Info: CTMRG conv 18:	obj = +3.563696598399e+00	err = 8.5504053606e-10	time = 7.35 sec
┌ Warning: `svd` cotangents sensitive to gauge choice: (|Δgauge| = 0.28665365174179475)
└ @ TensorKitChainRulesCoreExt ~/.julia/packages/TensorKit/esxcj/ext/TensorKitChainRulesCoreExt/factorizations.jl:254
┌ Warning: `svd` cotangents sensitive to gauge choice: (|Δgauge| = 4.4794028166544875e-8)
└ @ TensorKitChainRulesCoreExt ~/.julia/packages/TensorKit/esxcj/ext/TensorKitChainRulesCoreExt/factorizations.jl:254
┌ Warning: `svd` cotangents sensitive to gauge choice: (|Δgauge| = 0.2866536290862796)
└ @ TensorKitChainRulesCoreExt ~/.julia/packages/TensorKit/esxcj/ext/TensorKitChainRulesCoreExt/factorizations.jl:254
[ Info: CTMRG init:	obj = +3.715797328347e+00	err = 1.0000e+00
[ Info: CTMRG conv 19:	obj = +3.722969193472e+00	err = 9.4699337458e-10	time = 7.47 sec
┌ Warning: `svd` cotangents sensitive to gauge choice: (|Δgauge| = 0.38102108455176664)
└ @ TensorKitChainRulesCoreExt ~/.julia/packages/TensorKit/esxcj/ext/TensorKitChainRulesCoreExt/factorizations.jl:254
┌ Warning: `svd` cotangents sensitive to gauge choice: (|Δgauge| = 3.2898399107134173e-9)
└ @ TensorKitChainRulesCoreExt ~/.julia/packages/TensorKit/esxcj/ext/TensorKitChainRulesCoreExt/factorizations.jl:254
┌ Warning: `svd` cotangents sensitive to gauge choice: (|Δgauge| = 0.38102108230944154)
└ @ TensorKitChainRulesCoreExt ~/.julia/packages/TensorKit/esxcj/ext/TensorKitChainRulesCoreExt/factorizations.jl:254
[ Info: CTMRG init:	obj = +4.474311961943e+00	err = 1.0000e+00
[ Info: CTMRG conv 17:	obj = +4.709883585243e+00	err = 7.3454051601e-10	time = 6.08 sec
┌ Warning: `svd` cotangents sensitive to gauge choice: (|Δgauge| = 0.9844166145954463)
└ @ TensorKitChainRulesCoreExt ~/.julia/packages/TensorKit/esxcj/ext/TensorKitChainRulesCoreExt/factorizations.jl:254
┌ Warning: `svd` cotangents sensitive to gauge choice: (|Δgauge| = 4.897601948019673e-10)
└ @ TensorKitChainRulesCoreExt ~/.julia/packages/TensorKit/esxcj/ext/TensorKitChainRulesCoreExt/factorizations.jl:254
┌ Warning: `svd` cotangents sensitive to gauge choice: (|Δgauge| = 0.9844166142199666)
└ @ TensorKitChainRulesCoreExt ~/.julia/packages/TensorKit/esxcj/ext/TensorKitChainRulesCoreExt/factorizations.jl:254
[ Info: CTMRG init:	obj = +6.440861099469e+00	err = 1.0000e+00
[ Info: CTMRG conv 18:	obj = +1.192690656849e+01	err = 2.2910883254e-10	time = 6.41 sec
┌ Warning: `svd` cotangents sensitive to gauge choice: (|Δgauge| = 1.6678904979136129)
└ @ TensorKitChainRulesCoreExt ~/.julia/packages/TensorKit/esxcj/ext/TensorKitChainRulesCoreExt/factorizations.jl:254
┌ Warning: `svd` cotangents sensitive to gauge choice: (|Δgauge| = 3.2840448140097926e-12)
└ @ TensorKitChainRulesCoreExt ~/.julia/packages/TensorKit/esxcj/ext/TensorKitChainRulesCoreExt/factorizations.jl:254
┌ Warning: `svd` cotangents sensitive to gauge choice: (|Δgauge| = 1.6678904978713947)
└ @ TensorKitChainRulesCoreExt ~/.julia/packages/TensorKit/esxcj/ext/TensorKitChainRulesCoreExt/factorizations.jl:254
[ Info: CTMRG init:	obj = +4.479894375331e+00	err = 1.0000e+00
[ Info: CTMRG conv 17:	obj = +4.718622393568e+00	err = 7.1927636245e-10	time = 6.13 sec
┌ Warning: `svd` cotangents sensitive to gauge choice: (|Δgauge| = 0.9889785059913876)
└ @ TensorKitChainRulesCoreExt ~/.julia/packages/TensorKit/esxcj/ext/TensorKitChainRulesCoreExt/factorizations.jl:254
┌ Warning: `svd` cotangents sensitive to gauge choice: (|Δgauge| = 4.737560926084266e-10)
└ @ TensorKitChainRulesCoreExt ~/.julia/packages/TensorKit/esxcj/ext/TensorKitChainRulesCoreExt/factorizations.jl:254
┌ Warning: `svd` cotangents sensitive to gauge choice: (|Δgauge| = 0.9889785056277682)
└ @ TensorKitChainRulesCoreExt ~/.julia/packages/TensorKit/esxcj/ext/TensorKitChainRulesCoreExt/factorizations.jl:254
[ Info: LBFGS: iter    1, time 1216.92 s: f = -2.198341297259, ‖∇f‖ = 2.1673e-01, α = 1.26e+02, m = 0, nfg = 6
[ Info: CTMRG init:	obj = +5.372811898188e+00	err = 1.0000e+00
[ Info: CTMRG conv 15:	obj = +5.397606942525e+00	err = 3.0622780112e-10	time = 5.95 sec
┌ Warning: `svd` cotangents sensitive to gauge choice: (|Δgauge| = 0.8506184508886772)
└ @ TensorKitChainRulesCoreExt ~/.julia/packages/TensorKit/esxcj/ext/TensorKitChainRulesCoreExt/factorizations.jl:254
┌ Warning: `svd` cotangents sensitive to gauge choice: (|Δgauge| = 1.3415726926761407e-10)
└ @ TensorKitChainRulesCoreExt ~/.julia/packages/TensorKit/esxcj/ext/TensorKitChainRulesCoreExt/factorizations.jl:254
┌ Warning: `svd` cotangents sensitive to gauge choice: (|Δgauge| = 0.85061845077682)
└ @ TensorKitChainRulesCoreExt ~/.julia/packages/TensorKit/esxcj/ext/TensorKitChainRulesCoreExt/factorizations.jl:254
[ Info: LBFGS: iter    2, time 1228.86 s: f = -2.301532894474, ‖∇f‖ = 2.7068e-01, α = 1.00e+00, m = 1, nfg = 1
[ Info: CTMRG init:	obj = +6.956450994682e+00	err = 1.0000e+00
[ Info: CTMRG conv 17:	obj = +9.212649153931e+00	err = 3.5998426658e-10	time = 6.43 sec
┌ Warning: `svd` cotangents sensitive to gauge choice: (|Δgauge| = 1.0367761609917374)
└ @ TensorKitChainRulesCoreExt ~/.julia/packages/TensorKit/esxcj/ext/TensorKitChainRulesCoreExt/factorizations.jl:254
┌ Warning: `svd` cotangents sensitive to gauge choice: (|Δgauge| = 1.6431333828575613e-11)
└ @ TensorKitChainRulesCoreExt ~/.julia/packages/TensorKit/esxcj/ext/TensorKitChainRulesCoreExt/factorizations.jl:254
┌ Warning: `svd` cotangents sensitive to gauge choice: (|Δgauge| = 1.0367761609992208)
└ @ TensorKitChainRulesCoreExt ~/.julia/packages/TensorKit/esxcj/ext/TensorKitChainRulesCoreExt/factorizations.jl:254
[ Info: LBFGS: iter    3, time 1240.69 s: f = -2.692497457965, ‖∇f‖ = 4.4872e-01, α = 1.00e+00, m = 2, nfg = 1
[ Info: CTMRG init:	obj = +9.620385241977e+00	err = 1.0000e+00
[ Info: CTMRG conv 12:	obj = +9.846200119638e+00	err = 6.1119867931e-10	time = 4.69 sec
┌ Warning: `svd` cotangents sensitive to gauge choice: (|Δgauge| = 0.8566301332947155)
└ @ TensorKitChainRulesCoreExt ~/.julia/packages/TensorKit/esxcj/ext/TensorKitChainRulesCoreExt/factorizations.jl:254
┌ Warning: `svd` cotangents sensitive to gauge choice: (|Δgauge| = 1.2249245073950672e-10)
└ @ TensorKitChainRulesCoreExt ~/.julia/packages/TensorKit/esxcj/ext/TensorKitChainRulesCoreExt/factorizations.jl:254
┌ Warning: `svd` cotangents sensitive to gauge choice: (|Δgauge| = 0.8566301331419388)
└ @ TensorKitChainRulesCoreExt ~/.julia/packages/TensorKit/esxcj/ext/TensorKitChainRulesCoreExt/factorizations.jl:254
[ Info: LBFGS: iter    4, time 1250.07 s: f = -2.960040439385, ‖∇f‖ = 3.5052e-01, α = 1.00e+00, m = 3, nfg = 1
[ Info: CTMRG init:	obj = +9.916488252432e+00	err = 1.0000e+00
[ Info: CTMRG conv 11:	obj = +9.990845628658e+00	err = 8.0997085963e-10	time = 4.15 sec
┌ Warning: `svd` cotangents sensitive to gauge choice: (|Δgauge| = 0.5686702399404875)
└ @ TensorKitChainRulesCoreExt ~/.julia/packages/TensorKit/esxcj/ext/TensorKitChainRulesCoreExt/factorizations.jl:254
┌ Warning: `svd` cotangents sensitive to gauge choice: (|Δgauge| = 3.7374677346461395e-10)
└ @ TensorKitChainRulesCoreExt ~/.julia/packages/TensorKit/esxcj/ext/TensorKitChainRulesCoreExt/factorizations.jl:254
┌ Warning: `svd` cotangents sensitive to gauge choice: (|Δgauge| = 0.5686702395957579)
└ @ TensorKitChainRulesCoreExt ~/.julia/packages/TensorKit/esxcj/ext/TensorKitChainRulesCoreExt/factorizations.jl:254
[ Info: LBFGS: iter    5, time 1258.68 s: f = -3.063837078331, ‖∇f‖ = 2.9739e-01, α = 1.00e+00, m = 3, nfg = 1
[ Info: CTMRG init:	obj = +9.978756362339e+00	err = 1.0000e+00
[ Info: CTMRG conv 10:	obj = +1.023964163418e+01	err = 1.7509335896e-10	time = 3.68 sec
┌ Warning: `svd` cotangents sensitive to gauge choice: (|Δgauge| = 0.5479980667467621)
└ @ TensorKitChainRulesCoreExt ~/.julia/packages/TensorKit/esxcj/ext/TensorKitChainRulesCoreExt/factorizations.jl:254
┌ Warning: `svd` cotangents sensitive to gauge choice: (|Δgauge| = 5.188371884039773e-12)
└ @ TensorKitChainRulesCoreExt ~/.julia/packages/TensorKit/esxcj/ext/TensorKitChainRulesCoreExt/factorizations.jl:254
┌ Warning: `svd` cotangents sensitive to gauge choice: (|Δgauge| = 0.5479980666819992)
└ @ TensorKitChainRulesCoreExt ~/.julia/packages/TensorKit/esxcj/ext/TensorKitChainRulesCoreExt/factorizations.jl:254
[ Info: LBFGS: iter    6, time 1266.70 s: f = -3.109670338512, ‖∇f‖ = 2.2264e-01, α = 1.00e+00, m = 3, nfg = 1
[ Info: CTMRG init:	obj = +1.010091941238e+01	err = 1.0000e+00
[ Info: CTMRG conv 10:	obj = +1.019249783141e+01	err = 3.0802540493e-10	time = 4.22 sec
┌ Warning: `svd` cotangents sensitive to gauge choice: (|Δgauge| = 0.6216334453492496)
└ @ TensorKitChainRulesCoreExt ~/.julia/packages/TensorKit/esxcj/ext/TensorKitChainRulesCoreExt/factorizations.jl:254
┌ Warning: `svd` cotangents sensitive to gauge choice: (|Δgauge| = 3.789202334856344e-11)
└ @ TensorKitChainRulesCoreExt ~/.julia/packages/TensorKit/esxcj/ext/TensorKitChainRulesCoreExt/factorizations.jl:254
┌ Warning: `svd` cotangents sensitive to gauge choice: (|Δgauge| = 0.6216334450467331)
└ @ TensorKitChainRulesCoreExt ~/.julia/packages/TensorKit/esxcj/ext/TensorKitChainRulesCoreExt/factorizations.jl:254
[ Info: LBFGS: iter    7, time 1274.82 s: f = -3.147269297114, ‖∇f‖ = 8.2590e-02, α = 1.00e+00, m = 3, nfg = 1
[ Info: CTMRG init:	obj = +1.026593218065e+01	err = 1.0000e+00
[ Info: CTMRG conv 8:	obj = +1.026615769652e+01	err = 9.0193257298e-10	time = 2.87 sec
┌ Warning: `svd` cotangents sensitive to gauge choice: (|Δgauge| = 0.5917291192051369)
└ @ TensorKitChainRulesCoreExt ~/.julia/packages/TensorKit/esxcj/ext/TensorKitChainRulesCoreExt/factorizations.jl:254
┌ Warning: `svd` cotangents sensitive to gauge choice: (|Δgauge| = 1.3092713169728594e-9)
└ @ TensorKitChainRulesCoreExt ~/.julia/packages/TensorKit/esxcj/ext/TensorKitChainRulesCoreExt/factorizations.jl:254
┌ Warning: `svd` cotangents sensitive to gauge choice: (|Δgauge| = 0.591729117946576)
└ @ TensorKitChainRulesCoreExt ~/.julia/packages/TensorKit/esxcj/ext/TensorKitChainRulesCoreExt/factorizations.jl:254
[ Info: LBFGS: iter    8, time 1281.23 s: f = -3.154937614980, ‖∇f‖ = 3.1613e-02, α = 1.00e+00, m = 3, nfg = 1
[ Info: CTMRG init:	obj = +1.034288858030e+01	err = 1.0000e+00
[ Info: CTMRG conv 7:	obj = +1.034306055931e+01	err = 8.6386941768e-10	time = 2.28 sec
┌ Warning: `svd` cotangents sensitive to gauge choice: (|Δgauge| = 0.5803290750864969)
└ @ TensorKitChainRulesCoreExt ~/.julia/packages/TensorKit/esxcj/ext/TensorKitChainRulesCoreExt/factorizations.jl:254
┌ Warning: `svd` cotangents sensitive to gauge choice: (|Δgauge| = 3.40486328953324e-9)
└ @ TensorKitChainRulesCoreExt ~/.julia/packages/TensorKit/esxcj/ext/TensorKitChainRulesCoreExt/factorizations.jl:254
┌ Warning: `svd` cotangents sensitive to gauge choice: (|Δgauge| = 0.5803290755460808)
└ @ TensorKitChainRulesCoreExt ~/.julia/packages/TensorKit/esxcj/ext/TensorKitChainRulesCoreExt/factorizations.jl:254
[ Info: LBFGS: iter    9, time 1286.85 s: f = -3.157783506195, ‖∇f‖ = 2.2985e-02, α = 1.00e+00, m = 3, nfg = 1
[ Info: CTMRG init:	obj = +1.046492560472e+01	err = 1.0000e+00
[ Info: CTMRG conv 8:	obj = +1.046542528723e+01	err = 6.5905278451e-10	time = 3.00 sec
┌ Warning: `svd` cotangents sensitive to gauge choice: (|Δgauge| = 0.5758763597879568)
└ @ TensorKitChainRulesCoreExt ~/.julia/packages/TensorKit/esxcj/ext/TensorKitChainRulesCoreExt/factorizations.jl:254
┌ Warning: `svd` cotangents sensitive to gauge choice: (|Δgauge| = 1.8837990992940004e-10)
└ @ TensorKitChainRulesCoreExt ~/.julia/packages/TensorKit/esxcj/ext/TensorKitChainRulesCoreExt/factorizations.jl:254
┌ Warning: `svd` cotangents sensitive to gauge choice: (|Δgauge| = 0.5758763592313021)
└ @ TensorKitChainRulesCoreExt ~/.julia/packages/TensorKit/esxcj/ext/TensorKitChainRulesCoreExt/factorizations.jl:254
[ Info: LBFGS: iter   10, time 1293.66 s: f = -3.160957410596, ‖∇f‖ = 2.4439e-02, α = 1.00e+00, m = 3, nfg = 1
[ Info: CTMRG init:	obj = +1.059847128282e+01	err = 1.0000e+00
[ Info: CTMRG conv 8:	obj = +1.059971835205e+01	err = 2.3225535146e-10	time = 3.21 sec
┌ Warning: `svd` cotangents sensitive to gauge choice: (|Δgauge| = 0.5825248392826012)
└ @ TensorKitChainRulesCoreExt ~/.julia/packages/TensorKit/esxcj/ext/TensorKitChainRulesCoreExt/factorizations.jl:254
┌ Warning: `svd` cotangents sensitive to gauge choice: (|Δgauge| = 2.2500270589590424e-11)
└ @ TensorKitChainRulesCoreExt ~/.julia/packages/TensorKit/esxcj/ext/TensorKitChainRulesCoreExt/factorizations.jl:254
┌ Warning: `svd` cotangents sensitive to gauge choice: (|Δgauge| = 0.5825248393827567)
└ @ TensorKitChainRulesCoreExt ~/.julia/packages/TensorKit/esxcj/ext/TensorKitChainRulesCoreExt/factorizations.jl:254
[ Info: LBFGS: iter   11, time 1300.45 s: f = -3.163754989050, ‖∇f‖ = 2.0571e-02, α = 1.00e+00, m = 3, nfg = 1
[ Info: CTMRG init:	obj = +1.074812529739e+01	err = 1.0000e+00
[ Info: CTMRG conv 7:	obj = +1.075146801457e+01	err = 9.1747014038e-10	time = 2.66 sec
┌ Warning: `svd` cotangents sensitive to gauge choice: (|Δgauge| = 0.58424647650233)
└ @ TensorKitChainRulesCoreExt ~/.julia/packages/TensorKit/esxcj/ext/TensorKitChainRulesCoreExt/factorizations.jl:254
┌ Warning: `svd` cotangents sensitive to gauge choice: (|Δgauge| = 1.3995232339398712e-11)
└ @ TensorKitChainRulesCoreExt ~/.julia/packages/TensorKit/esxcj/ext/TensorKitChainRulesCoreExt/factorizations.jl:254
┌ Warning: `svd` cotangents sensitive to gauge choice: (|Δgauge| = 0.584246476628554)
└ @ TensorKitChainRulesCoreExt ~/.julia/packages/TensorKit/esxcj/ext/TensorKitChainRulesCoreExt/factorizations.jl:254
[ Info: LBFGS: iter   12, time 1306.58 s: f = -3.164549535332, ‖∇f‖ = 3.0017e-02, α = 1.00e+00, m = 3, nfg = 1
[ Info: CTMRG init:	obj = +1.073571006358e+01	err = 1.0000e+00
[ Info: CTMRG conv 7:	obj = +1.073660722572e+01	err = 5.1684008168e-10	time = 2.42 sec
┌ Warning: `svd` cotangents sensitive to gauge choice: (|Δgauge| = 0.5865254962269962)
└ @ TensorKitChainRulesCoreExt ~/.julia/packages/TensorKit/esxcj/ext/TensorKitChainRulesCoreExt/factorizations.jl:254
┌ Warning: `svd` cotangents sensitive to gauge choice: (|Δgauge| = 1.2285666950836438e-11)
└ @ TensorKitChainRulesCoreExt ~/.julia/packages/TensorKit/esxcj/ext/TensorKitChainRulesCoreExt/factorizations.jl:254
┌ Warning: `svd` cotangents sensitive to gauge choice: (|Δgauge| = 0.5865254949309373)
└ @ TensorKitChainRulesCoreExt ~/.julia/packages/TensorKit/esxcj/ext/TensorKitChainRulesCoreExt/factorizations.jl:254
[ Info: LBFGS: iter   13, time 1312.15 s: f = -3.165370336292, ‖∇f‖ = 5.1725e-03, α = 1.00e+00, m = 3, nfg = 1
[ Info: CTMRG init:	obj = +1.074434022538e+01	err = 1.0000e+00
[ Info: CTMRG conv 7:	obj = +1.074438346721e+01	err = 1.6190044276e-10	time = 2.59 sec
┌ Warning: `svd` cotangents sensitive to gauge choice: (|Δgauge| = 0.5868302618909749)
└ @ TensorKitChainRulesCoreExt ~/.julia/packages/TensorKit/esxcj/ext/TensorKitChainRulesCoreExt/factorizations.jl:254
┌ Warning: `svd` cotangents sensitive to gauge choice: (|Δgauge| = 7.1863706943324115e-12)
└ @ TensorKitChainRulesCoreExt ~/.julia/packages/TensorKit/esxcj/ext/TensorKitChainRulesCoreExt/factorizations.jl:254
┌ Warning: `svd` cotangents sensitive to gauge choice: (|Δgauge| = 0.5868302638181734)
└ @ TensorKitChainRulesCoreExt ~/.julia/packages/TensorKit/esxcj/ext/TensorKitChainRulesCoreExt/factorizations.jl:254
[ Info: LBFGS: iter   14, time 1317.75 s: f = -3.165448070776, ‖∇f‖ = 1.6264e-03, α = 1.00e+00, m = 3, nfg = 1
[ Info: CTMRG init:	obj = +1.075476362445e+01	err = 1.0000e+00
[ Info: CTMRG conv 6:	obj = +1.075477981056e+01	err = 2.5343698522e-10	time = 2.46 sec
┌ Warning: `svd` cotangents sensitive to gauge choice: (|Δgauge| = 0.5866876438538021)
└ @ TensorKitChainRulesCoreExt ~/.julia/packages/TensorKit/esxcj/ext/TensorKitChainRulesCoreExt/factorizations.jl:254
┌ Warning: `svd` cotangents sensitive to gauge choice: (|Δgauge| = 1.1696226089194192e-10)
└ @ TensorKitChainRulesCoreExt ~/.julia/packages/TensorKit/esxcj/ext/TensorKitChainRulesCoreExt/factorizations.jl:254
┌ Warning: `svd` cotangents sensitive to gauge choice: (|Δgauge| = 0.5866876446210996)
└ @ TensorKitChainRulesCoreExt ~/.julia/packages/TensorKit/esxcj/ext/TensorKitChainRulesCoreExt/factorizations.jl:254
[ Info: LBFGS: iter   15, time 1323.32 s: f = -3.165491822951, ‖∇f‖ = 2.0623e-03, α = 1.00e+00, m = 3, nfg = 1
[ Info: CTMRG init:	obj = +1.076299623592e+01	err = 1.0000e+00
[ Info: CTMRG conv 6:	obj = +1.076300585316e+01	err = 3.9015515097e-10	time = 2.25 sec
┌ Warning: `svd` cotangents sensitive to gauge choice: (|Δgauge| = 0.5863605797801807)
└ @ TensorKitChainRulesCoreExt ~/.julia/packages/TensorKit/esxcj/ext/TensorKitChainRulesCoreExt/factorizations.jl:254
┌ Warning: `svd` cotangents sensitive to gauge choice: (|Δgauge| = 5.613708662283586e-11)
└ @ TensorKitChainRulesCoreExt ~/.julia/packages/TensorKit/esxcj/ext/TensorKitChainRulesCoreExt/factorizations.jl:254
┌ Warning: `svd` cotangents sensitive to gauge choice: (|Δgauge| = 0.586360578328424)
└ @ TensorKitChainRulesCoreExt ~/.julia/packages/TensorKit/esxcj/ext/TensorKitChainRulesCoreExt/factorizations.jl:254
[ Info: LBFGS: iter   16, time 1328.53 s: f = -3.165516927292, ‖∇f‖ = 1.6159e-03, α = 1.00e+00, m = 3, nfg = 1
[ Info: CTMRG init:	obj = +1.076624870599e+01	err = 1.0000e+00
[ Info: CTMRG conv 6:	obj = +1.076627913045e+01	err = 2.5496529518e-10	time = 2.51 sec
┌ Warning: `svd` cotangents sensitive to gauge choice: (|Δgauge| = 0.5880647638001573)
└ @ TensorKitChainRulesCoreExt ~/.julia/packages/TensorKit/esxcj/ext/TensorKitChainRulesCoreExt/factorizations.jl:254
┌ Warning: `svd` cotangents sensitive to gauge choice: (|Δgauge| = 1.294260654579007e-11)
└ @ TensorKitChainRulesCoreExt ~/.julia/packages/TensorKit/esxcj/ext/TensorKitChainRulesCoreExt/factorizations.jl:254
┌ Warning: `svd` cotangents sensitive to gauge choice: (|Δgauge| = 0.5880647636010856)
└ @ TensorKitChainRulesCoreExt ~/.julia/packages/TensorKit/esxcj/ext/TensorKitChainRulesCoreExt/factorizations.jl:254
[ Info: CTMRG init:	obj = +1.076477703240e+01	err = 1.0000e+00
[ Info: CTMRG conv 6:	obj = +1.076477972016e+01	err = 3.7080974708e-10	time = 2.54 sec
┌ Warning: `svd` cotangents sensitive to gauge choice: (|Δgauge| = 0.5868526089813015)
└ @ TensorKitChainRulesCoreExt ~/.julia/packages/TensorKit/esxcj/ext/TensorKitChainRulesCoreExt/factorizations.jl:254
┌ Warning: `svd` cotangents sensitive to gauge choice: (|Δgauge| = 3.7722059923205496e-11)
└ @ TensorKitChainRulesCoreExt ~/.julia/packages/TensorKit/esxcj/ext/TensorKitChainRulesCoreExt/factorizations.jl:254
┌ Warning: `svd` cotangents sensitive to gauge choice: (|Δgauge| = 0.5868526076376048)
└ @ TensorKitChainRulesCoreExt ~/.julia/packages/TensorKit/esxcj/ext/TensorKitChainRulesCoreExt/factorizations.jl:254
[ Info: LBFGS: iter   17, time 1340.45 s: f = -3.165522964471, ‖∇f‖ = 1.7994e-03, α = 2.87e-01, m = 3, nfg = 2
[ Info: CTMRG init:	obj = +1.076785913259e+01	err = 1.0000e+00
[ Info: CTMRG conv 6:	obj = +1.076786540537e+01	err = 4.9077181231e-10	time = 2.85 sec
┌ Warning: `svd` cotangents sensitive to gauge choice: (|Δgauge| = 0.5865807202615531)
└ @ TensorKitChainRulesCoreExt ~/.julia/packages/TensorKit/esxcj/ext/TensorKitChainRulesCoreExt/factorizations.jl:254
┌ Warning: `svd` cotangents sensitive to gauge choice: (|Δgauge| = 2.399464335638768e-11)
└ @ TensorKitChainRulesCoreExt ~/.julia/packages/TensorKit/esxcj/ext/TensorKitChainRulesCoreExt/factorizations.jl:254
┌ Warning: `svd` cotangents sensitive to gauge choice: (|Δgauge| = 0.5865807198502601)
└ @ TensorKitChainRulesCoreExt ~/.julia/packages/TensorKit/esxcj/ext/TensorKitChainRulesCoreExt/factorizations.jl:254
[ Info: LBFGS: converged after 18 iterations and time 1346.77 s: f = -3.165531023734, ‖∇f‖ = 7.2186e-04
