  Installing known registries into `~/.julia`
       Added `General` registry to ~/.julia/registries
    Updating registry at `~/.julia/registries/General.toml`
   Installed GPUArraysCore ─────────────── v0.2.0
   Installed TaskLocalValues ───────────── v0.1.2
   Installed RealDot ───────────────────── v0.1.0
   Installed IrrationalConstants ───────── v0.2.4
   Installed IRTools ───────────────────── v0.4.14
   Installed JLD2 ──────────────────────── v0.5.12
   Installed BlockTensorKit ────────────── v0.1.6
   Installed OhMyThreads ───────────────── v0.7.0
   Installed DiffRules ─────────────────── v1.15.1
   Installed IntegerMathUtils ──────────── v0.1.2
   Installed Adapt ─────────────────────── v4.3.0
   Installed LRUCache ──────────────────── v1.6.2
   Installed PtrArrays ─────────────────── v1.3.0
   Installed TableTraits ───────────────── v1.0.1
   Installed Accessors ─────────────────── v0.1.42
   Installed Preferences ───────────────── v1.4.3
   Installed LoggingExtras ─────────────── v1.0.3
   Installed OptimKit ──────────────────── v0.4.0
   Installed HashArrayMappedTries ──────── v0.2.0
   Installed WignerSymbols ─────────────── v2.0.0
   Installed DiffResults ───────────────── v1.1.0
   Installed Tables ────────────────────── v1.12.0
   Installed SpecialFunctions ──────────── v2.5.0
   Installed ChunkSplitters ────────────── v3.1.1
   Installed TensorKit ─────────────────── v0.14.5
   Installed RecipesBase ───────────────── v1.3.4
   Installed DataAPI ───────────────────── v1.16.0
   Installed AbstractFFTs ──────────────── v1.5.0
   Installed Primes ────────────────────── v0.5.7
   Installed StaticArrays ──────────────── v1.9.13
   Installed Zygote ────────────────────── v0.7.6
   Installed BlockArrays ───────────────── v1.5.0
   Installed MPSKit ────────────────────── v0.12.6
   Installed Richardson ────────────────── v1.4.2
   Installed JLLWrappers ───────────────── v1.7.0
   Installed StaticArraysCore ──────────── v1.4.3
   Installed FiniteDifferences ─────────── v0.12.32
   Installed NaNMath ───────────────────── v1.1.2
   Installed IteratorInterfaceExtensions ─ v1.0.0
   Installed ConstructionBase ──────────── v1.5.8
   Installed PrecompileTools ───────────── v1.2.1
   Installed DataValueInterfaces ───────── v1.0.0
   Installed StructArrays ──────────────── v0.7.0
   Installed RationalRoots ─────────────── v0.2.1
   Installed OrderedCollections ────────── v1.8.0
   Installed StableTasks ───────────────── v0.1.7
   Installed TensorKitSectors ──────────── v0.1.4
   Installed ScopedValues ──────────────── v1.3.0
   Installed VectorInterface ───────────── v0.5.0
   Installed ChainRulesCore ────────────── v1.25.1
   Installed InitialValues ─────────────── v0.3.1
   Installed TranscodingStreams ────────── v0.11.3
   Installed ForwardDiff ───────────────── v1.0.0
   Installed MPSKitModels ──────────────── v0.4.0
   Installed FillArrays ────────────────── v1.13.0
   Installed FileIO ────────────────────── v1.17.0
   Installed LogExpFunctions ───────────── v0.3.29
   Installed Statistics ────────────────── v1.11.1
   Installed CommonSubexpressions ──────── v0.3.1
   Installed Requires ──────────────────── v1.3.1
   Installed ChainRules ────────────────── v1.72.3
   Installed StridedViews ──────────────── v0.3.2
   Installed ZygoteRules ───────────────── v0.2.7
   Installed Strided ───────────────────── v2.3.0
   Installed HalfIntegers ──────────────── v1.6.0
   Installed PackageExtensionCompat ────── v1.0.2
   Installed BangBang ──────────────────── v0.4.4
   Installed TensorKitManifolds ────────── v0.7.2
   Installed MacroTools ────────────────── v0.5.15
   Installed Compat ────────────────────── v4.16.0
   Installed CompositionsBase ──────────── v0.1.2
   Installed OpenSpecFun_jll ───────────── v0.5.6+0
   Installed SparseInverseSubset ───────── v0.1.2
   Installed InverseFunctions ──────────── v0.1.17
   Installed TensorOperations ──────────── v5.1.4
   Installed TupleTools ────────────────── v1.6.0
   Installed DocStringExtensions ───────── v0.9.4
   Installed KrylovKit ─────────────────── v0.9.5
   Installed PEPSKit ───────────────────── v0.5.0
   Installed ArrayLayouts ──────────────── v1.11.1
    Updating `/var/lib/condor/execute/dir_2298374/Project.toml`
  [d360d2e6] + ChainRulesCore v1.25.1
  [033835bb] + JLD2 v0.5.12
  [0b1a1467] + KrylovKit v0.9.5
  [bb1c41ca] + MPSKit v0.12.6
  [ca635005] + MPSKitModels v0.4.0
  [77e91f04] + OptimKit v0.4.0
  [52969e89] + PEPSKit v0.5.0
  [07d1fe3e] + TensorKit v0.14.5
  [409d34a3] + VectorInterface v0.5.0
  [e88e6eb3] + Zygote v0.7.6
  [37e2e46d] ~ LinearAlgebra ⇒ v1.11.0
    Updating `/var/lib/condor/execute/dir_2298374/Manifest.toml`
  [621f4979] + AbstractFFTs v1.5.0
  [7d9f7c33] + Accessors v0.1.42
  [79e6a3ab] + Adapt v4.3.0
  [4c555306] + ArrayLayouts v1.11.1
  [198e06fe] + BangBang v0.4.4
  [8e7c35d0] + BlockArrays v1.5.0
  [5f87ffc2] + BlockTensorKit v0.1.6
  [082447d4] + ChainRules v1.72.3
  [d360d2e6] + ChainRulesCore v1.25.1
  [ae650224] + ChunkSplitters v3.1.1
  [bbf7d656] + CommonSubexpressions v0.3.1
  [34da2185] + Compat v4.16.0
  [a33af91c] + CompositionsBase v0.1.2
  [187b0558] + ConstructionBase v1.5.8
  [9a962f9c] + DataAPI v1.16.0
  [e2d170a0] + DataValueInterfaces v1.0.0
  [163ba53b] + DiffResults v1.1.0
  [b552c78f] + DiffRules v1.15.1
  [ffbed154] + DocStringExtensions v0.9.4
  [5789e2e9] + FileIO v1.17.0
  [1a297f60] + FillArrays v1.13.0
  [26cc04aa] + FiniteDifferences v0.12.32
  [f6369f11] + ForwardDiff v1.0.0
  [46192b85] + GPUArraysCore v0.2.0
  [f0d1745a] + HalfIntegers v1.6.0
  [076d061b] + HashArrayMappedTries v0.2.0
  [7869d1d1] + IRTools v0.4.14
  [22cec73e] + InitialValues v0.3.1
  [18e54dd8] + IntegerMathUtils v0.1.2
  [3587e190] + InverseFunctions v0.1.17
  [92d709cd] + IrrationalConstants v0.2.4
  [82899510] + IteratorInterfaceExtensions v1.0.0
  [033835bb] + JLD2 v0.5.12
  [692b3bcd] + JLLWrappers v1.7.0
  [0b1a1467] + KrylovKit v0.9.5
  [8ac3fa9e] + LRUCache v1.6.2
  [2ab3a3ac] + LogExpFunctions v0.3.29
⌅ [e6f89c97] + LoggingExtras v1.0.3
  [bb1c41ca] + MPSKit v0.12.6
  [ca635005] + MPSKitModels v0.4.0
  [1914dd2f] + MacroTools v0.5.15
  [77ba4419] + NaNMath v1.1.2
⌅ [67456a42] + OhMyThreads v0.7.0
  [77e91f04] + OptimKit v0.4.0
  [bac558e1] + OrderedCollections v1.8.0
  [52969e89] + PEPSKit v0.5.0
  [65ce6f38] + PackageExtensionCompat v1.0.2
⌅ [aea7be01] + PrecompileTools v1.2.1
  [21216c6a] + Preferences v1.4.3
  [27ebfcd6] + Primes v0.5.7
  [43287f4e] + PtrArrays v1.3.0
  [308eb6b3] + RationalRoots v0.2.1
  [c1ae055f] + RealDot v0.1.0
  [3cdcf5f2] + RecipesBase v1.3.4
  [ae029012] + Requires v1.3.1
  [708f8203] + Richardson v1.4.2
  [7e506255] + ScopedValues v1.3.0
  [dc90abb0] + SparseInverseSubset v0.1.2
  [276daf66] + SpecialFunctions v2.5.0
  [91464d47] + StableTasks v0.1.7
  [90137ffa] + StaticArrays v1.9.13
  [1e83bf80] + StaticArraysCore v1.4.3
  [10745b16] + Statistics v1.11.1
  [5e0ebb24] + Strided v2.3.0
⌅ [4db3bf67] + StridedViews v0.3.2
  [09ab397b] + StructArrays v0.7.0
  [3783bdb8] + TableTraits v1.0.1
  [bd369af6] + Tables v1.12.0
  [ed4db957] + TaskLocalValues v0.1.2
  [07d1fe3e] + TensorKit v0.14.5
  [11fa318c] + TensorKitManifolds v0.7.2
  [13a9c161] + TensorKitSectors v0.1.4
  [6aa20fa7] + TensorOperations v5.1.4
  [3bb67fe8] + TranscodingStreams v0.11.3
  [9d95972d] + TupleTools v1.6.0
  [409d34a3] + VectorInterface v0.5.0
  [9f57e263] + WignerSymbols v2.0.0
  [e88e6eb3] + Zygote v0.7.6
  [700de1a5] + ZygoteRules v0.2.7
  [efe28fd5] + OpenSpecFun_jll v0.5.6+0
  [0dad84c5] + ArgTools v1.1.2
  [56f22d72] + Artifacts v1.11.0
  [2a0f44e3] + Base64 v1.11.0
  [ade2ca70] + Dates v1.11.0
  [8ba89e20] + Distributed v1.11.0
  [f43a241f] + Downloads v1.6.0
  [7b1f6079] + FileWatching v1.11.0
  [b77e0a4c] + InteractiveUtils v1.11.0
  [b27032c2] + LibCURL v0.6.4
  [76f85450] + LibGit2 v1.11.0
  [8f399da3] + Libdl v1.11.0
  [37e2e46d] + LinearAlgebra v1.11.0
  [56ddb016] + Logging v1.11.0
  [d6f4376e] + Markdown v1.11.0
  [a63ad114] + Mmap v1.11.0
  [ca575930] + NetworkOptions v1.2.0
  [44cfe95a] + Pkg v1.11.0
  [de0858da] + Printf v1.11.0
  [9a3f8284] + Random v1.11.0
  [ea8e919c] + SHA v0.7.0
  [9e88b42a] + Serialization v1.11.0
  [6462fe0b] + Sockets v1.11.0
  [2f01184e] + SparseArrays v1.11.0
  [4607b0f0] + SuiteSparse
  [fa267f1f] + TOML v1.0.3
  [a4e569a6] + Tar v1.10.0
  [cf7118a7] + UUIDs v1.11.0
  [4ec0a83e] + Unicode v1.11.0
  [e66e0078] + CompilerSupportLibraries_jll v1.1.1+0
  [deac9b47] + LibCURL_jll v8.6.0+0
  [e37daf67] + LibGit2_jll v1.7.2+0
  [29816b5a] + LibSSH2_jll v1.11.0+1
  [c8ffd9c3] + MbedTLS_jll v2.28.6+0
  [14a3606d] + MozillaCACerts_jll v2023.12.12
  [4536629a] + OpenBLAS_jll v0.3.27+1
  [05823500] + OpenLibm_jll v0.8.1+2
  [bea87d4a] + SuiteSparse_jll v7.7.0+0
  [83775a58] + Zlib_jll v1.2.13+1
  [8e850b90] + libblastrampoline_jll v5.11.0+0
  [8e850ede] + nghttp2_jll v1.59.0+0
  [3f19e933] + p7zip_jll v17.4.0+2
        Info Packages marked with ⌅ have new versions available but compatibility constraints restrict them from upgrading. To see why use `status --outdated -m`
Precompiling project...
    388.3 ms  ✓ DataValueInterfaces
    438.9 ms  ✓ TaskLocalValues
    405.4 ms  ✓ IntegerMathUtils
    408.3 ms  ✓ RealDot
    500.0 ms  ✓ Richardson
    513.9 ms  ✓ HalfIntegers
    497.3 ms  ✓ InverseFunctions
    522.9 ms  ✓ LRUCache
    592.9 ms  ✓ StableTasks
    612.9 ms  ✓ OrderedCollections
    613.3 ms  ✓ AbstractFFTs
    604.6 ms  ✓ VectorInterface
    619.4 ms  ✓ DocStringExtensions
    681.1 ms  ✓ Statistics
    406.8 ms  ✓ IteratorInterfaceExtensions
    396.4 ms  ✓ PackageExtensionCompat
    446.3 ms  ✓ DataAPI
    415.2 ms  ✓ CompositionsBase
    541.7 ms  ✓ ConstructionBase
    408.4 ms  ✓ PtrArrays
    515.6 ms  ✓ ChunkSplitters
    455.9 ms  ✓ RationalRoots
    638.3 ms  ✓ StaticArraysCore
   1248.4 ms  ✓ FillArrays
    535.4 ms  ✓ HashArrayMappedTries
    628.6 ms  ✓ TupleTools
    620.2 ms  ✓ TranscodingStreams
   1235.2 ms  ✓ IrrationalConstants
    521.2 ms  ✓ NaNMath
    553.9 ms  ✓ Requires
    685.5 ms  ✓ LoggingExtras
    621.6 ms  ✓ Compat
    959.2 ms  ✓ InitialValues
    644.9 ms  ✓ SuiteSparse
    418.7 ms  ✓ TableTraits
    615.7 ms  ✓ InverseFunctions → InverseFunctionsDatesExt
    473.0 ms  ✓ LRUCache → SerializationExt
    471.3 ms  ✓ DiffResults
    455.6 ms  ✓ CompositionsBase → CompositionsBaseInverseFunctionsExt
    780.1 ms  ✓ Preferences
    697.3 ms  ✓ Primes
    477.7 ms  ✓ ConstructionBase → ConstructionBaseLinearAlgebraExt
    661.7 ms  ✓ Statistics → SparseArraysExt
    430.0 ms  ✓ ScopedValues
    531.6 ms  ✓ FillArrays → FillArraysStatisticsExt
    498.8 ms  ✓ StridedViews
    516.4 ms  ✓ Adapt
    507.3 ms  ✓ PrecompileTools
    558.9 ms  ✓ Compat → CompatLinearAlgebraExt
    738.3 ms  ✓ FillArrays → FillArraysSparseArraysExt
    558.1 ms  ✓ JLLWrappers
    675.3 ms  ✓ SparseInverseSubset
    759.7 ms  ✓ LogExpFunctions
    864.9 ms  ✓ Tables
    658.2 ms  ✓ Strided
    540.8 ms  ✓ GPUArraysCore
   1614.2 ms  ✓ KrylovKit
   2380.3 ms  ✓ MacroTools
    673.8 ms  ✓ Adapt → AdaptSparseArraysExt
    476.8 ms  ✓ LogExpFunctions → LogExpFunctionsInverseFunctionsExt
    635.6 ms  ✓ OpenSpecFun_jll
   1304.0 ms  ✓ OptimKit
    526.9 ms  ✓ CommonSubexpressions
    951.9 ms  ✓ StructArrays
   1336.4 ms  ✓ ChainRulesCore
   1538.5 ms  ✓ RecipesBase
    499.9 ms  ✓ StructArrays → StructArraysLinearAlgebraExt
    506.7 ms  ✓ StructArrays → StructArraysAdaptExt
   1351.5 ms  ✓ TensorOperations
    649.7 ms  ✓ StructArrays → StructArraysSparseArraysExt
    585.4 ms  ✓ AbstractFFTs → AbstractFFTsChainRulesCoreExt
   2334.1 ms  ✓ WignerSymbols
    646.4 ms  ✓ ChainRulesCore → ChainRulesCoreSparseArraysExt
    851.8 ms  ✓ ZygoteRules
    678.8 ms  ✓ KrylovKit → KrylovKitChainRulesCoreExt
   1720.5 ms  ✓ IRTools
    642.4 ms  ✓ TensorOperations → TensorOperationsChainRulesCoreExt
   2088.8 ms  ✓ Accessors
   1367.7 ms  ✓ LogExpFunctions → LogExpFunctionsChainRulesCoreExt
    541.7 ms  ✓ Accessors → StructArraysExt
    584.8 ms  ✓ Accessors → LinearAlgebraExt
   3942.3 ms  ✓ FileIO
   2688.6 ms  ✓ SpecialFunctions
    681.0 ms  ✓ DiffRules
    834.8 ms  ✓ BangBang
    558.0 ms  ✓ BangBang → BangBangTablesExt
    572.8 ms  ✓ BangBang → BangBangStructArraysExt
    614.9 ms  ✓ BangBang → BangBangChainRulesCoreExt
   1024.7 ms  ✓ OhMyThreads
   1829.3 ms  ✓ SpecialFunctions → SpecialFunctionsChainRulesCoreExt
   4841.8 ms  ✓ TensorKitSectors
   6896.8 ms  ✓ StaticArrays
   3426.3 ms  ✓ ForwardDiff
    717.5 ms  ✓ Adapt → AdaptStaticArraysExt
    736.2 ms  ✓ StructArrays → StructArraysStaticArraysExt
    761.0 ms  ✓ Accessors → StaticArraysExt
    774.6 ms  ✓ StaticArrays → StaticArraysChainRulesCoreExt
   5653.3 ms  ✓ ChainRules
    785.0 ms  ✓ ConstructionBase → ConstructionBaseStaticArraysExt
    773.4 ms  ✓ BangBang → BangBangStaticArraysExt
    814.8 ms  ✓ StaticArrays → StaticArraysStatisticsExt
    823.6 ms  ✓ ForwardDiff → ForwardDiffStaticArraysExt
   1333.2 ms  ✓ FiniteDifferences
  12269.7 ms  ✓ ArrayLayouts
    744.4 ms  ✓ ArrayLayouts → ArrayLayoutsSparseArraysExt
   1520.0 ms  ✓ BlockArrays
   6122.4 ms  ✓ TensorKit
    737.0 ms  ✓ BlockArrays → BlockArraysAdaptExt
   1007.1 ms  ✓ TensorKitManifolds
   1023.5 ms  ✓ TensorKit → TensorKitFiniteDifferencesExt
   1156.6 ms  ✓ TensorKit → TensorKitChainRulesCoreExt
   1634.4 ms  ✓ BlockTensorKit
  12573.8 ms  ✓ MPSKit
  28514.4 ms  ✓ JLD2
  26635.4 ms  ✓ Zygote
  10620.4 ms  ✓ MPSKitModels
  11069.6 ms  ✓ PEPSKit
  117 dependencies successfully precompiled in 51 seconds. 31 already precompiled.
[ Info: CTMRG init:	obj = +3.724254914423e+00 +1.275840280281e+00im	err = 1.0000e+00
[ Info: CTMRG   1:	obj = -1.403065345591e+01 +8.877372495659e+00im	err = 2.1757287290e-01	time = 21.64 sec
[ Info: CTMRG   2:	obj = +9.417736433784e+00 -3.031915055852e+01im	err = 4.3645522272e-01	time = 0.56 sec
[ Info: CTMRG   3:	obj = +2.110000984134e+01 -1.159068624781e+01im	err = 4.1574491244e-01	time = 0.19 sec
[ Info: CTMRG   4:	obj = +1.632166431515e+01 -1.384869976578e-01im	err = 2.9360405185e-01	time = 0.15 sec
[ Info: CTMRG   5:	obj = +1.550657136391e+01 +4.817888497407e-01im	err = 3.2139557602e-01	time = 0.12 sec
[ Info: CTMRG   6:	obj = +1.552348990826e+01 +6.435255180843e-01im	err = 4.3504290251e-01	time = 0.13 sec
[ Info: CTMRG   7:	obj = +1.569016780785e+01 +3.737793260515e-01im	err = 3.3734074983e-01	time = 0.12 sec
[ Info: CTMRG   8:	obj = +1.572882549136e+01 -9.618783537499e-05im	err = 5.6328266975e-01	time = 0.13 sec
[ Info: CTMRG   9:	obj = +1.572880673734e+01 -1.879771709631e-07im	err = 1.5473702831e-01	time = 0.12 sec
[ Info: CTMRG  10:	obj = +1.572880673813e+01 -4.234190030285e-09im	err = 9.4917878801e-03	time = 0.12 sec
[ Info: CTMRG  11:	obj = +1.572880674429e+01 +2.187033623153e-11im	err = 5.3591721312e-04	time = 0.11 sec
[ Info: CTMRG  12:	obj = +1.572880674407e+01 +1.401530022966e-10im	err = 7.5878838794e-05	time = 0.12 sec
[ Info: CTMRG  13:	obj = +1.572880674399e+01 +1.511252186572e-11im	err = 1.3679493813e-05	time = 0.15 sec
[ Info: CTMRG  14:	obj = +1.572880674398e+01	err = 1.7693464075e-06	time = 0.37 sec
[ Info: CTMRG  15:	obj = +1.572880674398e+01	err = 2.9135163724e-07	time = 0.23 sec
[ Info: CTMRG  16:	obj = +1.572880674398e+01	err = 3.9914327904e-08	time = 0.14 sec
[ Info: CTMRG  17:	obj = +1.572880674398e+01	err = 5.1205559559e-09	time = 0.16 sec
[ Info: CTMRG  18:	obj = +1.572880674398e+01	err = 1.1278419729e-09	time = 0.12 sec
[ Info: CTMRG conv 19:	obj = +1.572880674398e+01	err = 3.2541159674e-10	time = 24.86 sec
[ Info: CTMRG init:	obj = +1.572880674398e+01	err = 1.0000e+00
[ Info: CTMRG   1:	obj = +1.572880674398e+01	err = 6.3875196178e-11	time = 1.19 min
[ Info: CTMRG   2:	obj = +1.572880674398e+01	err = 1.4568634993e-11	time = 0.22 sec
[ Info: CTMRG   3:	obj = +1.572880674398e+01	err = 3.5181181462e-12	time = 0.35 sec
[ Info: CTMRG conv 4:	obj = +1.572880674398e+01	err = 8.3757009210e-13	time = 1.20 min
┌ Warning: `svd` cotangents sensitive to gauge choice: (|Δgauge| = 0.09858546071581578)
└ @ TensorKitChainRulesCoreExt ~/.julia/packages/TensorKit/esxcj/ext/TensorKitChainRulesCoreExt/factorizations.jl:254
┌ Warning: `svd` cotangents sensitive to gauge choice: (|Δgauge| = 6.781527143491704e-5)
└ @ TensorKitChainRulesCoreExt ~/.julia/packages/TensorKit/esxcj/ext/TensorKitChainRulesCoreExt/factorizations.jl:254
┌ Warning: `svd` cotangents sensitive to gauge choice: (|Δgauge| = 0.09857621503495258)
└ @ TensorKitChainRulesCoreExt ~/.julia/packages/TensorKit/esxcj/ext/TensorKitChainRulesCoreExt/factorizations.jl:254
[ Info: LBFGS: initializing with f = 0.100013377877, ‖∇f‖ = 1.4911e-01
[ Info: CTMRG init:	obj = +1.572814237078e+01	err = 1.0000e+00
[ Info: CTMRG   1:	obj = +1.572814537124e+01	err = 3.8393849382e-04	time = 0.17 sec
[ Info: CTMRG   2:	obj = +1.572814535644e+01	err = 3.4600936801e-04	time = 0.20 sec
[ Info: CTMRG   3:	obj = +1.572814535665e+01	err = 5.5906787692e-05	time = 0.16 sec
[ Info: CTMRG   4:	obj = +1.572814535665e+01	err = 1.0898015529e-05	time = 0.20 sec
[ Info: CTMRG   5:	obj = +1.572814535666e+01	err = 1.6383944026e-06	time = 0.16 sec
[ Info: CTMRG   6:	obj = +1.572814535666e+01	err = 2.7225705249e-07	time = 0.17 sec
[ Info: CTMRG   7:	obj = +1.572814535666e+01	err = 7.5749707467e-08	time = 0.19 sec
[ Info: CTMRG   8:	obj = +1.572814535666e+01	err = 1.2292807225e-08	time = 0.36 sec
[ Info: CTMRG   9:	obj = +1.572814535666e+01	err = 2.3177886945e-09	time = 0.18 sec
[ Info: CTMRG conv 10:	obj = +1.572814535666e+01	err = 6.1256786222e-10	time = 2.13 sec
┌ Warning: `svd` cotangents sensitive to gauge choice: (|Δgauge| = 0.09846168243514566)
└ @ TensorKitChainRulesCoreExt ~/.julia/packages/TensorKit/esxcj/ext/TensorKitChainRulesCoreExt/factorizations.jl:254
┌ Warning: `svd` cotangents sensitive to gauge choice: (|Δgauge| = 1.8174582885189685e-8)
└ @ TensorKitChainRulesCoreExt ~/.julia/packages/TensorKit/esxcj/ext/TensorKitChainRulesCoreExt/factorizations.jl:254
┌ Warning: `svd` cotangents sensitive to gauge choice: (|Δgauge| = 0.09846166815709152)
└ @ TensorKitChainRulesCoreExt ~/.julia/packages/TensorKit/esxcj/ext/TensorKitChainRulesCoreExt/factorizations.jl:254
[ Info: CTMRG init:	obj = +1.572565727986e+01	err = 1.0000e+00
[ Info: CTMRG   1:	obj = +1.572573224866e+01	err = 1.9267262842e-03	time = 0.17 sec
[ Info: CTMRG   2:	obj = +1.572573193612e+01	err = 1.7221844534e-03	time = 0.16 sec
[ Info: CTMRG   3:	obj = +1.572573193989e+01	err = 2.7439084522e-04	time = 0.19 sec
[ Info: CTMRG   4:	obj = +1.572573194014e+01	err = 5.3186868766e-05	time = 0.17 sec
[ Info: CTMRG   5:	obj = +1.572573194018e+01	err = 7.8954439180e-06	time = 0.20 sec
[ Info: CTMRG   6:	obj = +1.572573194019e+01	err = 1.3681195409e-06	time = 0.24 sec
[ Info: CTMRG   7:	obj = +1.572573194019e+01	err = 3.8540018597e-07	time = 0.18 sec
[ Info: CTMRG   8:	obj = +1.572573194019e+01	err = 6.2502020797e-08	time = 0.27 sec
[ Info: CTMRG   9:	obj = +1.572573194019e+01	err = 1.1805557233e-08	time = 0.18 sec
[ Info: CTMRG  10:	obj = +1.572573194019e+01	err = 3.1011673494e-09	time = 0.22 sec
[ Info: CTMRG conv 11:	obj = +1.572573194019e+01	err = 8.2165511957e-10	time = 2.22 sec
┌ Warning: `svd` cotangents sensitive to gauge choice: (|Δgauge| = 0.09796457128550923)
└ @ TensorKitChainRulesCoreExt ~/.julia/packages/TensorKit/esxcj/ext/TensorKitChainRulesCoreExt/factorizations.jl:254
┌ Warning: `svd` cotangents sensitive to gauge choice: (|Δgauge| = 4.501484903683568e-9)
└ @ TensorKitChainRulesCoreExt ~/.julia/packages/TensorKit/esxcj/ext/TensorKitChainRulesCoreExt/factorizations.jl:254
┌ Warning: `svd` cotangents sensitive to gauge choice: (|Δgauge| = 0.09796457483914753)
└ @ TensorKitChainRulesCoreExt ~/.julia/packages/TensorKit/esxcj/ext/TensorKitChainRulesCoreExt/factorizations.jl:254
[ Info: CTMRG init:	obj = +1.571736947146e+01	err = 1.0000e+00
[ Info: CTMRG   1:	obj = +1.571922723638e+01	err = 8.4619026613e-03	time = 0.19 sec
[ Info: CTMRG   2:	obj = +1.571922009445e+01	err = 9.3066167880e-03	time = 0.22 sec
[ Info: CTMRG   3:	obj = +1.571922014515e+01	err = 1.4131980750e-03	time = 0.22 sec
[ Info: CTMRG   4:	obj = +1.571922015258e+01	err = 2.8258258142e-04	time = 0.25 sec
[ Info: CTMRG   5:	obj = +1.571922015301e+01	err = 4.5846307826e-05	time = 0.23 sec
[ Info: CTMRG   6:	obj = +1.571922015305e+01	err = 6.9432987692e-06	time = 0.26 sec
[ Info: CTMRG   7:	obj = +1.571922015305e+01	err = 1.9813122132e-06	time = 0.23 sec
[ Info: CTMRG   8:	obj = +1.571922015305e+01	err = 3.1137862192e-07	time = 0.24 sec
[ Info: CTMRG   9:	obj = +1.571922015305e+01	err = 6.0476204400e-08	time = 0.22 sec
[ Info: CTMRG  10:	obj = +1.571922015305e+01	err = 1.5580172979e-08	time = 0.25 sec
[ Info: CTMRG  11:	obj = +1.571922015305e+01	err = 4.0757521901e-09	time = 0.25 sec
[ Info: CTMRG  12:	obj = +1.571922015305e+01	err = 1.0000093328e-09	time = 0.17 sec
[ Info: CTMRG conv 13:	obj = +1.571922015305e+01	err = 2.2869141285e-10	time = 2.98 sec
┌ Warning: `svd` cotangents sensitive to gauge choice: (|Δgauge| = 0.0954352296091718)
└ @ TensorKitChainRulesCoreExt ~/.julia/packages/TensorKit/esxcj/ext/TensorKitChainRulesCoreExt/factorizations.jl:254
┌ Warning: `svd` cotangents sensitive to gauge choice: (|Δgauge| = 2.8209290203622807e-10)
└ @ TensorKitChainRulesCoreExt ~/.julia/packages/TensorKit/esxcj/ext/TensorKitChainRulesCoreExt/factorizations.jl:254
┌ Warning: `svd` cotangents sensitive to gauge choice: (|Δgauge| = 0.09543522981026158)
└ @ TensorKitChainRulesCoreExt ~/.julia/packages/TensorKit/esxcj/ext/TensorKitChainRulesCoreExt/factorizations.jl:254
[ Info: CTMRG init:	obj = +1.577937158349e+01	err = 1.0000e+00
[ Info: CTMRG   1:	obj = +1.582351470849e+01	err = 3.6373529457e-02	time = 0.15 sec
[ Info: CTMRG   2:	obj = +1.582341553184e+01	err = 3.3678190089e-02	time = 0.19 sec
[ Info: CTMRG   3:	obj = +1.582341155425e+01	err = 1.0697087124e-02	time = 0.19 sec
[ Info: CTMRG   4:	obj = +1.582341173699e+01	err = 1.9045039605e-03	time = 0.26 sec
[ Info: CTMRG   5:	obj = +1.582341174692e+01	err = 3.9247781785e-04	time = 0.23 sec
[ Info: CTMRG   6:	obj = +1.582341174729e+01	err = 4.6017574996e-05	time = 0.24 sec
[ Info: CTMRG   7:	obj = +1.582341174736e+01	err = 1.2752551407e-05	time = 0.19 sec
[ Info: CTMRG   8:	obj = +1.582341174737e+01	err = 1.7551864249e-06	time = 0.21 sec
[ Info: CTMRG   9:	obj = +1.582341174737e+01	err = 3.6297484664e-07	time = 0.23 sec
[ Info: CTMRG  10:	obj = +1.582341174737e+01	err = 8.5627597713e-08	time = 0.21 sec
[ Info: CTMRG  11:	obj = +1.582341174737e+01	err = 2.3143388591e-08	time = 0.22 sec
[ Info: CTMRG  12:	obj = +1.582341174737e+01	err = 6.1402397056e-09	time = 0.21 sec
[ Info: CTMRG  13:	obj = +1.582341174737e+01	err = 1.4770010260e-09	time = 0.23 sec
[ Info: CTMRG conv 14:	obj = +1.582341174737e+01	err = 3.5468879439e-10	time = 2.98 sec
┌ Warning: `svd` cotangents sensitive to gauge choice: (|Δgauge| = 0.08219949962238035)
└ @ TensorKitChainRulesCoreExt ~/.julia/packages/TensorKit/esxcj/ext/TensorKitChainRulesCoreExt/factorizations.jl:254
┌ Warning: `svd` cotangents sensitive to gauge choice: (|Δgauge| = 1.3928916233686864e-10)
└ @ TensorKitChainRulesCoreExt ~/.julia/packages/TensorKit/esxcj/ext/TensorKitChainRulesCoreExt/factorizations.jl:254
┌ Warning: `svd` cotangents sensitive to gauge choice: (|Δgauge| = 0.08219949952387415)
└ @ TensorKitChainRulesCoreExt ~/.julia/packages/TensorKit/esxcj/ext/TensorKitChainRulesCoreExt/factorizations.jl:254
[ Info: CTMRG init:	obj = +1.867541099510e+01	err = 1.0000e+00
[ Info: CTMRG   1:	obj = +1.944762072194e+01	err = 8.5092897163e-02	time = 0.21 sec
[ Info: CTMRG   2:	obj = +1.945564175902e+01	err = 1.0218234972e-01	time = 0.21 sec
[ Info: CTMRG   3:	obj = +1.945488790996e+01	err = 3.5454727778e-02	time = 0.20 sec
[ Info: CTMRG   4:	obj = +1.945485970165e+01	err = 1.3760665609e-02	time = 0.15 sec
[ Info: CTMRG   5:	obj = +1.945486164026e+01	err = 3.3561014444e-03	time = 0.21 sec
[ Info: CTMRG   6:	obj = +1.945486176803e+01	err = 6.6692081557e-04	time = 0.22 sec
[ Info: CTMRG   7:	obj = +1.945486180100e+01	err = 1.3799026237e-04	time = 0.26 sec
[ Info: CTMRG   8:	obj = +1.945486180429e+01	err = 4.7439139651e-05	time = 0.22 sec
[ Info: CTMRG   9:	obj = +1.945486180517e+01	err = 1.6059507587e-05	time = 0.22 sec
[ Info: CTMRG  10:	obj = +1.945486180509e+01	err = 5.3525815894e-06	time = 0.32 sec
[ Info: CTMRG  11:	obj = +1.945486180516e+01	err = 1.8863834672e-06	time = 0.20 sec
[ Info: CTMRG  12:	obj = +1.945486180514e+01	err = 6.9907654353e-07	time = 0.20 sec
[ Info: CTMRG  13:	obj = +1.945486180515e+01	err = 2.5916332977e-07	time = 0.25 sec
[ Info: CTMRG  14:	obj = +1.945486180515e+01	err = 9.4008385041e-08	time = 0.21 sec
[ Info: CTMRG  15:	obj = +1.945486180515e+01	err = 3.3668233509e-08	time = 0.26 sec
[ Info: CTMRG  16:	obj = +1.945486180515e+01	err = 1.2098125731e-08	time = 0.23 sec
[ Info: CTMRG  17:	obj = +1.945486180515e+01	err = 4.3833527419e-09	time = 0.28 sec
[ Info: CTMRG  18:	obj = +1.945486180515e+01	err = 1.5930739036e-09	time = 0.25 sec
[ Info: CTMRG conv 19:	obj = +1.945486180515e+01	err = 5.7776381057e-10	time = 4.33 sec
┌ Warning: `svd` cotangents sensitive to gauge choice: (|Δgauge| = 0.0609863100996596)
└ @ TensorKitChainRulesCoreExt ~/.julia/packages/TensorKit/esxcj/ext/TensorKitChainRulesCoreExt/factorizations.jl:254
┌ Warning: `svd` cotangents sensitive to gauge choice: (|Δgauge| = 3.829656299833719e-11)
└ @ TensorKitChainRulesCoreExt ~/.julia/packages/TensorKit/esxcj/ext/TensorKitChainRulesCoreExt/factorizations.jl:254
┌ Warning: `svd` cotangents sensitive to gauge choice: (|Δgauge| = 0.06098631010714442)
└ @ TensorKitChainRulesCoreExt ~/.julia/packages/TensorKit/esxcj/ext/TensorKitChainRulesCoreExt/factorizations.jl:254
[ Info: CTMRG init:	obj = +9.780632933893e+01	err = 1.0000e+00
[ Info: CTMRG   1:	obj = +9.928937276304e+01	err = 1.0510180101e-01	time = 0.20 sec
[ Info: CTMRG   2:	obj = +9.939593074161e+01	err = 9.9671193069e-02	time = 0.28 sec
[ Info: CTMRG   3:	obj = +9.931203070502e+01	err = 5.4111992981e-02	time = 0.20 sec
[ Info: CTMRG   4:	obj = +9.930155248231e+01	err = 1.5893350303e-02	time = 0.18 sec
[ Info: CTMRG   5:	obj = +9.929851855044e+01	err = 8.9807451989e-03	time = 0.23 sec
[ Info: CTMRG   6:	obj = +9.929765921644e+01	err = 8.0535257069e-03	time = 0.19 sec
[ Info: CTMRG   7:	obj = +9.929740705451e+01	err = 3.3892191340e-03	time = 0.67 sec
[ Info: CTMRG   8:	obj = +9.929733200072e+01	err = 1.7772624756e-03	time = 0.28 sec
[ Info: CTMRG   9:	obj = +9.929731000845e+01	err = 9.2570557628e-04	time = 0.25 sec
[ Info: CTMRG  10:	obj = +9.929730337135e+01	err = 5.2144471772e-04	time = 0.39 sec
[ Info: CTMRG  11:	obj = +9.929730147414e+01	err = 2.7750478581e-04	time = 0.25 sec
[ Info: CTMRG  12:	obj = +9.929730087513e+01	err = 1.5249782429e-04	time = 0.30 sec
[ Info: CTMRG  13:	obj = +9.929730071801e+01	err = 8.2745838326e-05	time = 0.23 sec
[ Info: CTMRG  14:	obj = +9.929730066044e+01	err = 4.5133761319e-05	time = 0.20 sec
[ Info: CTMRG  15:	obj = +9.929730064940e+01	err = 2.4524610913e-05	time = 0.25 sec
[ Info: CTMRG  16:	obj = +9.929730064286e+01	err = 1.3355628724e-05	time = 0.20 sec
[ Info: CTMRG  17:	obj = +9.929730064270e+01	err = 7.2658217003e-06	time = 0.21 sec
[ Info: CTMRG  18:	obj = +9.929730064169e+01	err = 3.9549355299e-06	time = 0.19 sec
[ Info: CTMRG  19:	obj = +9.929730064191e+01	err = 2.1521368574e-06	time = 0.25 sec
[ Info: CTMRG  20:	obj = +9.929730064169e+01	err = 1.1712870576e-06	time = 0.19 sec
[ Info: CTMRG  21:	obj = +9.929730064178e+01	err = 6.3741319211e-07	time = 0.25 sec
[ Info: CTMRG  22:	obj = +9.929730064173e+01	err = 3.4689450773e-07	time = 0.18 sec
[ Info: CTMRG  23:	obj = +9.929730064175e+01	err = 1.8878371153e-07	time = 0.28 sec
[ Info: CTMRG  24:	obj = +9.929730064174e+01	err = 1.0273932107e-07	time = 0.21 sec
[ Info: CTMRG  25:	obj = +9.929730064175e+01	err = 5.5912138089e-08	time = 0.36 sec
[ Info: CTMRG  26:	obj = +9.929730064174e+01	err = 3.0428256252e-08	time = 0.26 sec
[ Info: CTMRG  27:	obj = +9.929730064174e+01	err = 1.6559502007e-08	time = 0.27 sec
[ Info: CTMRG  28:	obj = +9.929730064174e+01	err = 9.0119269839e-09	time = 0.26 sec
[ Info: CTMRG  29:	obj = +9.929730064174e+01	err = 4.9044201163e-09	time = 0.26 sec
[ Info: CTMRG  30:	obj = +9.929730064174e+01	err = 2.6690545705e-09	time = 0.25 sec
[ Info: CTMRG  31:	obj = +9.929730064174e+01	err = 1.4525353136e-09	time = 0.25 sec
[ Info: CTMRG conv 32:	obj = +9.929730064174e+01	err = 7.9048902220e-10	time = 8.27 sec
┌ Warning: `svd` cotangents sensitive to gauge choice: (|Δgauge| = 0.13120719369314224)
└ @ TensorKitChainRulesCoreExt ~/.julia/packages/TensorKit/esxcj/ext/TensorKitChainRulesCoreExt/factorizations.jl:254
┌ Warning: `svd` cotangents sensitive to gauge choice: (|Δgauge| = 5.658145290855515e-11)
└ @ TensorKitChainRulesCoreExt ~/.julia/packages/TensorKit/esxcj/ext/TensorKitChainRulesCoreExt/factorizations.jl:254
┌ Warning: `svd` cotangents sensitive to gauge choice: (|Δgauge| = 0.1312071937417717)
└ @ TensorKitChainRulesCoreExt ~/.julia/packages/TensorKit/esxcj/ext/TensorKitChainRulesCoreExt/factorizations.jl:254
[ Info: CTMRG init:	obj = +7.646923535081e+01	err = 1.0000e+00
[ Info: CTMRG   1:	obj = +7.837060228956e+01	err = 1.1174148316e-01	time = 0.23 sec
[ Info: CTMRG   2:	obj = +7.846693749010e+01	err = 9.8558086179e-02	time = 0.27 sec
[ Info: CTMRG   3:	obj = +7.839854666438e+01	err = 6.2538605303e-02	time = 0.20 sec
[ Info: CTMRG   4:	obj = +7.839124128483e+01	err = 1.9533985929e-02	time = 0.21 sec
[ Info: CTMRG   5:	obj = +7.838919728328e+01	err = 7.3476603834e-03	time = 0.24 sec
[ Info: CTMRG   6:	obj = +7.838864936826e+01	err = 4.5622350411e-03	time = 0.18 sec
[ Info: CTMRG   7:	obj = +7.838849186973e+01	err = 2.2303032101e-03	time = 0.24 sec
[ Info: CTMRG   8:	obj = +7.838844544242e+01	err = 1.1401277905e-03	time = 0.26 sec
[ Info: CTMRG   9:	obj = +7.838843214622e+01	err = 5.9528560384e-04	time = 0.29 sec
[ Info: CTMRG  10:	obj = +7.838842810141e+01	err = 3.2463787237e-04	time = 0.25 sec
[ Info: CTMRG  11:	obj = +7.838842700354e+01	err = 1.7371071766e-04	time = 0.29 sec
[ Info: CTMRG  12:	obj = +7.838842663572e+01	err = 9.4473181812e-05	time = 0.28 sec
[ Info: CTMRG  13:	obj = +7.838842655343e+01	err = 5.1064916708e-05	time = 0.31 sec
[ Info: CTMRG  14:	obj = +7.838842651561e+01	err = 2.7644289181e-05	time = 0.31 sec
[ Info: CTMRG  15:	obj = +7.838842651199e+01	err = 1.4938330482e-05	time = 0.30 sec
[ Info: CTMRG  16:	obj = +7.838842650690e+01	err = 8.0822567692e-06	time = 0.24 sec
[ Info: CTMRG  17:	obj = +7.838842650759e+01	err = 4.3713767096e-06	time = 0.25 sec
[ Info: CTMRG  18:	obj = +7.838842650661e+01	err = 2.3649001209e-06	time = 0.33 sec
[ Info: CTMRG  19:	obj = +7.838842650697e+01	err = 1.2792153951e-06	time = 0.23 sec
[ Info: CTMRG  20:	obj = +7.838842650672e+01	err = 6.9199059787e-07	time = 0.28 sec
[ Info: CTMRG  21:	obj = +7.838842650684e+01	err = 3.7431783083e-07	time = 0.50 sec
[ Info: CTMRG  22:	obj = +7.838842650677e+01	err = 2.0248386684e-07	time = 0.22 sec
[ Info: CTMRG  23:	obj = +7.838842650681e+01	err = 1.0953093172e-07	time = 0.25 sec
[ Info: CTMRG  24:	obj = +7.838842650679e+01	err = 5.9249618206e-08	time = 0.28 sec
[ Info: CTMRG  25:	obj = +7.838842650680e+01	err = 3.2050366727e-08	time = 0.25 sec
[ Info: CTMRG  26:	obj = +7.838842650679e+01	err = 1.7337281313e-08	time = 0.30 sec
[ Info: CTMRG  27:	obj = +7.838842650680e+01	err = 9.3783966488e-09	time = 0.23 sec
[ Info: CTMRG  28:	obj = +7.838842650679e+01	err = 5.0731357624e-09	time = 0.28 sec
[ Info: CTMRG  29:	obj = +7.838842650680e+01	err = 2.7442543863e-09	time = 0.20 sec
[ Info: CTMRG  30:	obj = +7.838842650680e+01	err = 1.4844757863e-09	time = 0.27 sec
[ Info: CTMRG conv 31:	obj = +7.838842650680e+01	err = 8.0301085268e-10	time = 8.21 sec
┌ Warning: `svd` cotangents sensitive to gauge choice: (|Δgauge| = 0.11979416502808518)
└ @ TensorKitChainRulesCoreExt ~/.julia/packages/TensorKit/esxcj/ext/TensorKitChainRulesCoreExt/factorizations.jl:254
┌ Warning: `svd` cotangents sensitive to gauge choice: (|Δgauge| = 7.997879412181332e-11)
└ @ TensorKitChainRulesCoreExt ~/.julia/packages/TensorKit/esxcj/ext/TensorKitChainRulesCoreExt/factorizations.jl:254
┌ Warning: `svd` cotangents sensitive to gauge choice: (|Δgauge| = 0.11979416495134329)
└ @ TensorKitChainRulesCoreExt ~/.julia/packages/TensorKit/esxcj/ext/TensorKitChainRulesCoreExt/factorizations.jl:254
[ Info: LBFGS: iter    1, time 1104.02 s: f = -0.624428744174, ‖∇f‖ = 8.5317e-02, α = 2.69e+03, m = 0, nfg = 7
[ Info: CTMRG init:	obj = +7.871662577552e+01	err = 1.0000e+00
[ Info: CTMRG   1:	obj = +8.245990152438e+01	err = 5.4462466188e-02	time = 0.26 sec
[ Info: CTMRG   2:	obj = +8.250172543069e+01	err = 4.5617230651e-02	time = 0.36 sec
[ Info: CTMRG   3:	obj = +8.250165619875e+01	err = 3.4917097120e-02	time = 0.25 sec
[ Info: CTMRG   4:	obj = +8.250134948427e+01	err = 1.1584536224e-02	time = 0.25 sec
[ Info: CTMRG   5:	obj = +8.250133484957e+01	err = 6.7960167687e-03	time = 0.25 sec
[ Info: CTMRG   6:	obj = +8.250133062368e+01	err = 2.3738926688e-03	time = 0.30 sec
[ Info: CTMRG   7:	obj = +8.250133005347e+01	err = 1.0332970180e-03	time = 0.19 sec
[ Info: CTMRG   8:	obj = +8.250132914580e+01	err = 6.3248731762e-04	time = 0.26 sec
[ Info: CTMRG   9:	obj = +8.250132924968e+01	err = 3.2104157009e-04	time = 0.29 sec
[ Info: CTMRG  10:	obj = +8.250132907246e+01	err = 1.8520360169e-04	time = 0.25 sec
[ Info: CTMRG  11:	obj = +8.250132913414e+01	err = 9.9570079082e-05	time = 0.30 sec
[ Info: CTMRG  12:	obj = +8.250132908815e+01	err = 5.6636251415e-05	time = 0.23 sec
[ Info: CTMRG  13:	obj = +8.250132911017e+01	err = 3.1140756328e-05	time = 0.28 sec
[ Info: CTMRG  14:	obj = +8.250132909676e+01	err = 1.7498172223e-05	time = 0.25 sec
[ Info: CTMRG  15:	obj = +8.250132910388e+01	err = 9.7000388610e-06	time = 0.34 sec
[ Info: CTMRG  16:	obj = +8.250132909980e+01	err = 5.4254566536e-06	time = 0.31 sec
[ Info: CTMRG  17:	obj = +8.250132910204e+01	err = 3.0170376196e-06	time = 0.43 sec
[ Info: CTMRG  18:	obj = +8.250132910078e+01	err = 1.6842035086e-06	time = 0.20 sec
[ Info: CTMRG  19:	obj = +8.250132910148e+01	err = 9.3788769152e-07	time = 0.25 sec
[ Info: CTMRG  20:	obj = +8.250132910109e+01	err = 5.2312143421e-07	time = 0.23 sec
[ Info: CTMRG  21:	obj = +8.250132910131e+01	err = 2.9148101040e-07	time = 0.21 sec
[ Info: CTMRG  22:	obj = +8.250132910119e+01	err = 1.6251954256e-07	time = 0.24 sec
[ Info: CTMRG  23:	obj = +8.250132910125e+01	err = 9.0576293329e-08	time = 0.23 sec
[ Info: CTMRG  24:	obj = +8.250132910122e+01	err = 5.0494458175e-08	time = 0.37 sec
[ Info: CTMRG  25:	obj = +8.250132910124e+01	err = 2.8144583612e-08	time = 0.34 sec
[ Info: CTMRG  26:	obj = +8.250132910123e+01	err = 1.5689041726e-08	time = 0.30 sec
[ Info: CTMRG  27:	obj = +8.250132910123e+01	err = 8.7451117777e-09	time = 0.23 sec
[ Info: CTMRG  28:	obj = +8.250132910123e+01	err = 4.8747838969e-09	time = 0.33 sec
[ Info: CTMRG  29:	obj = +8.250132910123e+01	err = 2.7172655116e-09	time = 0.26 sec
[ Info: CTMRG  30:	obj = +8.250132910123e+01	err = 1.5146693860e-09	time = 0.27 sec
[ Info: CTMRG conv 31:	obj = +8.250132910123e+01	err = 8.4430070772e-10	time = 8.53 sec
┌ Warning: `svd` cotangents sensitive to gauge choice: (|Δgauge| = 0.030346594563933238)
└ @ TensorKitChainRulesCoreExt ~/.julia/packages/TensorKit/esxcj/ext/TensorKitChainRulesCoreExt/factorizations.jl:254
┌ Warning: `svd` cotangents sensitive to gauge choice: (|Δgauge| = 1.285582681625331e-10)
└ @ TensorKitChainRulesCoreExt ~/.julia/packages/TensorKit/esxcj/ext/TensorKitChainRulesCoreExt/factorizations.jl:254
┌ Warning: `svd` cotangents sensitive to gauge choice: (|Δgauge| = 0.030346594692491548)
└ @ TensorKitChainRulesCoreExt ~/.julia/packages/TensorKit/esxcj/ext/TensorKitChainRulesCoreExt/factorizations.jl:254
[ Info: LBFGS: iter    2, time 1118.94 s: f = -0.907970346567, ‖∇f‖ = 4.7779e-02, α = 1.00e+00, m = 1, nfg = 1
[ Info: CTMRG init:	obj = +8.886924222801e+01	err = 1.0000e+00
[ Info: CTMRG   1:	obj = +8.898399742965e+01	err = 1.7776580906e-02	time = 0.26 sec
[ Info: CTMRG   2:	obj = +8.898283191647e+01	err = 1.7962623913e-02	time = 0.23 sec
[ Info: CTMRG   3:	obj = +8.898264216920e+01	err = 9.9485398305e-03	time = 0.26 sec
[ Info: CTMRG   4:	obj = +8.898266680957e+01	err = 2.6959754473e-03	time = 0.21 sec
[ Info: CTMRG   5:	obj = +8.898266006040e+01	err = 1.4904219309e-03	time = 0.26 sec
[ Info: CTMRG   6:	obj = +8.898265339174e+01	err = 8.7890086689e-04	time = 0.30 sec
[ Info: CTMRG   7:	obj = +8.898265067843e+01	err = 3.8114024142e-04	time = 0.22 sec
[ Info: CTMRG   8:	obj = +8.898264945499e+01	err = 2.5780140154e-04	time = 0.34 sec
[ Info: CTMRG   9:	obj = +8.898264907301e+01	err = 1.3412065274e-04	time = 0.28 sec
[ Info: CTMRG  10:	obj = +8.898264887991e+01	err = 7.9883604611e-05	time = 0.31 sec
[ Info: CTMRG  11:	obj = +8.898264883535e+01	err = 4.6921841143e-05	time = 0.31 sec
[ Info: CTMRG  12:	obj = +8.898264880159e+01	err = 2.8630261107e-05	time = 0.30 sec
[ Info: CTMRG  13:	obj = +8.898264879917e+01	err = 1.7425612136e-05	time = 0.28 sec
[ Info: CTMRG  14:	obj = +8.898264879198e+01	err = 1.0727663630e-05	time = 0.26 sec
[ Info: CTMRG  15:	obj = +8.898264879312e+01	err = 6.5608487265e-06	time = 0.21 sec
[ Info: CTMRG  16:	obj = +8.898264879120e+01	err = 4.0300087402e-06	time = 0.27 sec
[ Info: CTMRG  17:	obj = +8.898264879192e+01	err = 2.4652028961e-06	time = 0.32 sec
[ Info: CTMRG  18:	obj = +8.898264879130e+01	err = 1.5112041626e-06	time = 0.24 sec
[ Info: CTMRG  19:	obj = +8.898264879161e+01	err = 9.2470720827e-07	time = 0.28 sec
[ Info: CTMRG  20:	obj = +8.898264879140e+01	err = 5.6646461746e-07	time = 0.33 sec
[ Info: CTMRG  21:	obj = +8.898264879152e+01	err = 3.4674465060e-07	time = 0.26 sec
[ Info: CTMRG  22:	obj = +8.898264879144e+01	err = 2.1236649830e-07	time = 0.28 sec
[ Info: CTMRG  23:	obj = +8.898264879149e+01	err = 1.3002118125e-07	time = 0.31 sec
[ Info: CTMRG  24:	obj = +8.898264879146e+01	err = 7.9625088153e-08	time = 0.29 sec
[ Info: CTMRG  25:	obj = +8.898264879148e+01	err = 4.8754820222e-08	time = 0.27 sec
[ Info: CTMRG  26:	obj = +8.898264879146e+01	err = 2.9856009426e-08	time = 0.42 sec
[ Info: CTMRG  27:	obj = +8.898264879147e+01	err = 1.8281631097e-08	time = 0.24 sec
[ Info: CTMRG  28:	obj = +8.898264879147e+01	err = 1.1194856990e-08	time = 0.24 sec
[ Info: CTMRG  29:	obj = +8.898264879147e+01	err = 6.8550212778e-09	time = 0.30 sec
[ Info: CTMRG  30:	obj = +8.898264879147e+01	err = 4.1976631599e-09	time = 0.26 sec
[ Info: CTMRG  31:	obj = +8.898264879147e+01	err = 2.5703982963e-09	time = 0.27 sec
[ Info: CTMRG  32:	obj = +8.898264879147e+01	err = 1.5739715073e-09	time = 0.28 sec
[ Info: CTMRG conv 33:	obj = +8.898264879147e+01	err = 9.6380954484e-10	time = 9.18 sec
┌ Warning: `svd` cotangents sensitive to gauge choice: (|Δgauge| = 0.024542445020649922)
└ @ TensorKitChainRulesCoreExt ~/.julia/packages/TensorKit/esxcj/ext/TensorKitChainRulesCoreExt/factorizations.jl:254
┌ Warning: `svd` cotangents sensitive to gauge choice: (|Δgauge| = 8.776654876091424e-11)
└ @ TensorKitChainRulesCoreExt ~/.julia/packages/TensorKit/esxcj/ext/TensorKitChainRulesCoreExt/factorizations.jl:254
┌ Warning: `svd` cotangents sensitive to gauge choice: (|Δgauge| = 0.0245424450003068)
└ @ TensorKitChainRulesCoreExt ~/.julia/packages/TensorKit/esxcj/ext/TensorKitChainRulesCoreExt/factorizations.jl:254
[ Info: LBFGS: iter    3, time 1133.69 s: f = -0.986198745608, ‖∇f‖ = 3.4690e-02, α = 1.00e+00, m = 2, nfg = 1
[ Info: CTMRG init:	obj = +9.359846188560e+01	err = 1.0000e+00
[ Info: CTMRG   1:	obj = +9.377868761278e+01	err = 1.8807969786e-02	time = 0.35 sec
[ Info: CTMRG   2:	obj = +9.379142469125e+01	err = 1.9733413147e-02	time = 0.27 sec
[ Info: CTMRG   3:	obj = +9.379368467433e+01	err = 1.3334818377e-02	time = 0.26 sec
[ Info: CTMRG   4:	obj = +9.379415002012e+01	err = 5.9085377802e-03	time = 0.23 sec
[ Info: CTMRG   5:	obj = +9.379425263836e+01	err = 2.2810950094e-03	time = 0.30 sec
[ Info: CTMRG   6:	obj = +9.379427855195e+01	err = 2.6379134363e-03	time = 0.28 sec
[ Info: CTMRG   7:	obj = +9.379428527511e+01	err = 7.3094486908e-04	time = 0.25 sec
[ Info: CTMRG   8:	obj = +9.379428787679e+01	err = 8.3773833061e-04	time = 0.25 sec
[ Info: CTMRG   9:	obj = +9.379428858292e+01	err = 3.1190145540e-04	time = 0.28 sec
[ Info: CTMRG  10:	obj = +9.379428904946e+01	err = 2.3725575261e-04	time = 0.31 sec
[ Info: CTMRG  11:	obj = +9.379428912559e+01	err = 1.3380967102e-04	time = 0.27 sec
[ Info: CTMRG  12:	obj = +9.379428923814e+01	err = 8.9123849855e-05	time = 0.30 sec
[ Info: CTMRG  13:	obj = +9.379428923409e+01	err = 5.8125863351e-05	time = 0.30 sec
[ Info: CTMRG  14:	obj = +9.379428926723e+01	err = 3.8607855255e-05	time = 0.25 sec
[ Info: CTMRG  15:	obj = +9.379428925861e+01	err = 2.5364621670e-05	time = 0.35 sec
[ Info: CTMRG  16:	obj = +9.379428927008e+01	err = 1.6806555721e-05	time = 0.30 sec
[ Info: CTMRG  17:	obj = +9.379428926503e+01	err = 1.1073150525e-05	time = 0.34 sec
[ Info: CTMRG  18:	obj = +9.379428926946e+01	err = 7.3250046166e-06	time = 0.30 sec
[ Info: CTMRG  19:	obj = +9.379428926701e+01	err = 4.8322094104e-06	time = 0.22 sec
[ Info: CTMRG  20:	obj = +9.379428926884e+01	err = 3.1937623151e-06	time = 0.23 sec
[ Info: CTMRG  21:	obj = +9.379428926772e+01	err = 2.1081188376e-06	time = 0.34 sec
[ Info: CTMRG  22:	obj = +9.379428926850e+01	err = 1.3927403780e-06	time = 0.28 sec
[ Info: CTMRG  23:	obj = +9.379428926801e+01	err = 9.1956757912e-07	time = 0.33 sec
[ Info: CTMRG  24:	obj = +9.379428926834e+01	err = 6.0739971204e-07	time = 0.44 sec
[ Info: CTMRG  25:	obj = +9.379428926812e+01	err = 4.0109307105e-07	time = 0.22 sec
[ Info: CTMRG  26:	obj = +9.379428926827e+01	err = 2.6490939322e-07	time = 0.34 sec
[ Info: CTMRG  27:	obj = +9.379428926817e+01	err = 1.7494215393e-07	time = 0.33 sec
[ Info: CTMRG  28:	obj = +9.379428926824e+01	err = 1.1553906867e-07	time = 0.30 sec
[ Info: CTMRG  29:	obj = +9.379428926819e+01	err = 7.6302390343e-08	time = 0.35 sec
[ Info: CTMRG  30:	obj = +9.379428926822e+01	err = 5.0392320076e-08	time = 0.29 sec
[ Info: CTMRG  31:	obj = +9.379428926820e+01	err = 3.3279682439e-08	time = 0.34 sec
[ Info: CTMRG  32:	obj = +9.379428926822e+01	err = 2.1978685646e-08	time = 0.30 sec
[ Info: CTMRG  33:	obj = +9.379428926821e+01	err = 1.4515067793e-08	time = 0.33 sec
[ Info: CTMRG  34:	obj = +9.379428926821e+01	err = 9.5860535524e-09	time = 0.34 sec
[ Info: CTMRG  35:	obj = +9.379428926821e+01	err = 6.3307958827e-09	time = 0.28 sec
[ Info: CTMRG  36:	obj = +9.379428926821e+01	err = 4.1809824535e-09	time = 0.25 sec
[ Info: CTMRG  37:	obj = +9.379428926821e+01	err = 2.7611970595e-09	time = 0.29 sec
[ Info: CTMRG  38:	obj = +9.379428926821e+01	err = 1.8235484240e-09	time = 0.26 sec
[ Info: CTMRG  39:	obj = +9.379428926821e+01	err = 1.2043036021e-09	time = 0.38 sec
[ Info: CTMRG conv 40:	obj = +9.379428926821e+01	err = 7.9534557306e-10	time = 11.97 sec
┌ Warning: `svd` cotangents sensitive to gauge choice: (|Δgauge| = 0.03429655719921901)
└ @ TensorKitChainRulesCoreExt ~/.julia/packages/TensorKit/esxcj/ext/TensorKitChainRulesCoreExt/factorizations.jl:254
┌ Warning: `svd` cotangents sensitive to gauge choice: (|Δgauge| = 9.984279763910488e-10)
└ @ TensorKitChainRulesCoreExt ~/.julia/packages/TensorKit/esxcj/ext/TensorKitChainRulesCoreExt/factorizations.jl:254
┌ Warning: `svd` cotangents sensitive to gauge choice: (|Δgauge| = 0.03429655709969953)
└ @ TensorKitChainRulesCoreExt ~/.julia/packages/TensorKit/esxcj/ext/TensorKitChainRulesCoreExt/factorizations.jl:254
[ Info: CTMRG init:	obj = +1.237420493666e+02	err = 1.0000e+00
[ Info: CTMRG   1:	obj = +1.280339644536e+02	err = 9.9713627973e-02	time = 0.27 sec
[ Info: CTMRG   2:	obj = +1.288395715118e+02	err = 8.2698101972e-02	time = 0.29 sec
[ Info: CTMRG   3:	obj = +1.290566401557e+02	err = 5.1875820512e-02	time = 0.31 sec
[ Info: CTMRG   4:	obj = +1.291193739493e+02	err = 3.4854390683e-02	time = 0.29 sec
[ Info: CTMRG   5:	obj = +1.291387869678e+02	err = 1.8699096914e-02	time = 0.32 sec
[ Info: CTMRG   6:	obj = +1.291451271113e+02	err = 1.2936363364e-02	time = 0.27 sec
[ Info: CTMRG   7:	obj = +1.291473050589e+02	err = 6.8531123822e-03	time = 0.29 sec
[ Info: CTMRG   8:	obj = +1.291480941818e+02	err = 6.0596977455e-03	time = 0.34 sec
[ Info: CTMRG   9:	obj = +1.291483958193e+02	err = 3.2540957519e-03	time = 0.43 sec
[ Info: CTMRG  10:	obj = +1.291485166235e+02	err = 2.7185544318e-03	time = 0.30 sec
[ Info: CTMRG  11:	obj = +1.291485670668e+02	err = 1.5112295174e-03	time = 0.35 sec
[ Info: CTMRG  12:	obj = +1.291485886432e+02	err = 1.2285967282e-03	time = 0.36 sec
[ Info: CTMRG  13:	obj = +1.291485981695e+02	err = 7.3412995351e-04	time = 0.31 sec
[ Info: CTMRG  14:	obj = +1.291486023627e+02	err = 5.5853110190e-04	time = 0.32 sec
[ Info: CTMRG  15:	obj = +1.291486042825e+02	err = 3.4951387604e-04	time = 0.40 sec
[ Info: CTMRG  16:	obj = +1.291486051266e+02	err = 2.5469762925e-04	time = 0.35 sec
[ Info: CTMRG  17:	obj = +1.291486055277e+02	err = 1.6407577479e-04	time = 0.33 sec
[ Info: CTMRG  18:	obj = +1.291486056983e+02	err = 1.1633692413e-04	time = 0.36 sec
[ Info: CTMRG  19:	obj = +1.291486057846e+02	err = 7.6321211392e-05	time = 0.34 sec
[ Info: CTMRG  20:	obj = +1.291486058182e+02	err = 5.3187879431e-05	time = 0.37 sec
[ Info: CTMRG  21:	obj = +1.291486058376e+02	err = 3.5294530989e-05	time = 0.42 sec
[ Info: CTMRG  22:	obj = +1.291486058438e+02	err = 2.4330121169e-05	time = 0.32 sec
[ Info: CTMRG  23:	obj = +1.291486058484e+02	err = 1.6261633794e-05	time = 0.30 sec
[ Info: CTMRG  24:	obj = +1.291486058493e+02	err = 1.1133219556e-05	time = 0.30 sec
[ Info: CTMRG  25:	obj = +1.291486058506e+02	err = 7.4749930937e-06	time = 0.33 sec
[ Info: CTMRG  26:	obj = +1.291486058506e+02	err = 5.0955324271e-06	time = 0.29 sec
[ Info: CTMRG  27:	obj = +1.291486058510e+02	err = 3.4310230072e-06	time = 0.28 sec
[ Info: CTMRG  28:	obj = +1.291486058509e+02	err = 2.3324851924e-06	time = 0.41 sec
[ Info: CTMRG  29:	obj = +1.291486058510e+02	err = 1.5734009737e-06	time = 0.34 sec
[ Info: CTMRG  30:	obj = +1.291486058510e+02	err = 1.0677967940e-06	time = 0.27 sec
[ Info: CTMRG  31:	obj = +1.291486058510e+02	err = 7.2111853447e-07	time = 0.38 sec
[ Info: CTMRG  32:	obj = +1.291486058510e+02	err = 4.8886110978e-07	time = 0.41 sec
[ Info: CTMRG  33:	obj = +1.291486058510e+02	err = 3.3038353541e-07	time = 0.24 sec
[ Info: CTMRG  34:	obj = +1.291486058510e+02	err = 2.2382091086e-07	time = 0.26 sec
[ Info: CTMRG  35:	obj = +1.291486058510e+02	err = 1.5133272906e-07	time = 0.30 sec
[ Info: CTMRG  36:	obj = +1.291486058510e+02	err = 1.0247740651e-07	time = 0.38 sec
[ Info: CTMRG  37:	obj = +1.291486058510e+02	err = 6.9308499677e-08	time = 0.31 sec
[ Info: CTMRG  38:	obj = +1.291486058510e+02	err = 4.6920632244e-08	time = 0.30 sec
[ Info: CTMRG  39:	obj = +1.291486058510e+02	err = 3.1739647402e-08	time = 0.36 sec
[ Info: CTMRG  40:	obj = +1.291486058510e+02	err = 2.1483501863e-08	time = 0.36 sec
[ Info: CTMRG  41:	obj = +1.291486058510e+02	err = 1.4534291155e-08	time = 0.34 sec
[ Info: CTMRG  42:	obj = +1.291486058510e+02	err = 9.8367116121e-09	time = 0.30 sec
[ Info: CTMRG  43:	obj = +1.291486058510e+02	err = 6.6553475751e-09	time = 0.36 sec
[ Info: CTMRG  44:	obj = +1.291486058510e+02	err = 4.5039890300e-09	time = 0.40 sec
[ Info: CTMRG  45:	obj = +1.291486058510e+02	err = 3.0474628929e-09	time = 0.32 sec
[ Info: CTMRG  46:	obj = +1.291486058510e+02	err = 2.0622736626e-09	time = 0.37 sec
[ Info: CTMRG  47:	obj = +1.291486058510e+02	err = 1.3954047880e-09	time = 0.29 sec
[ Info: CTMRG conv 48:	obj = +1.291486058510e+02	err = 9.4426901427e-10	time = 15.92 sec
┌ Warning: `svd` cotangents sensitive to gauge choice: (|Δgauge| = 0.14128336033385525)
└ @ TensorKitChainRulesCoreExt ~/.julia/packages/TensorKit/esxcj/ext/TensorKitChainRulesCoreExt/factorizations.jl:254
┌ Warning: `svd` cotangents sensitive to gauge choice: (|Δgauge| = 1.0023300905906677e-9)
└ @ TensorKitChainRulesCoreExt ~/.julia/packages/TensorKit/esxcj/ext/TensorKitChainRulesCoreExt/factorizations.jl:254
┌ Warning: `svd` cotangents sensitive to gauge choice: (|Δgauge| = 0.14128335933145034)
└ @ TensorKitChainRulesCoreExt ~/.julia/packages/TensorKit/esxcj/ext/TensorKitChainRulesCoreExt/factorizations.jl:254
[ Info: CTMRG init:	obj = +5.547880292790e+02	err = 1.0000e+00
[ Info: CTMRG   1:	obj = +5.924980851245e+02	err = 2.4257611478e-01	time = 0.35 sec
[ Info: CTMRG   2:	obj = +6.021525633985e+02	err = 1.2705691222e-01	time = 0.39 sec
[ Info: CTMRG   3:	obj = +6.035383710302e+02	err = 1.2848558857e-01	time = 0.39 sec
[ Info: CTMRG   4:	obj = +6.037502319598e+02	err = 1.0289368331e-01	time = 0.33 sec
[ Info: CTMRG   5:	obj = +6.037834115560e+02	err = 4.8246467590e-02	time = 0.36 sec
[ Info: CTMRG   6:	obj = +6.037885419795e+02	err = 1.8000059325e-02	time = 0.37 sec
[ Info: CTMRG   7:	obj = +6.037892904339e+02	err = 2.5775380201e-03	time = 0.35 sec
[ Info: CTMRG   8:	obj = +6.037893879154e+02	err = 1.5038978447e-03	time = 0.37 sec
[ Info: CTMRG   9:	obj = +6.037893983907e+02	err = 3.1760728660e-04	time = 0.33 sec
[ Info: CTMRG  10:	obj = +6.037893991846e+02	err = 2.6899204391e-04	time = 0.30 sec
[ Info: CTMRG  11:	obj = +6.037893992133e+02	err = 5.0562448328e-05	time = 0.33 sec
[ Info: CTMRG  12:	obj = +6.037893992183e+02	err = 3.1332858701e-05	time = 0.33 sec
[ Info: CTMRG  13:	obj = +6.037893992226e+02	err = 1.2701494021e-05	time = 0.34 sec
[ Info: CTMRG  14:	obj = +6.037893992243e+02	err = 3.3643953868e-06	time = 0.36 sec
[ Info: CTMRG  15:	obj = +6.037893992248e+02	err = 3.4256625396e-06	time = 0.34 sec
[ Info: CTMRG  16:	obj = +6.037893992249e+02	err = 9.9320905519e-07	time = 0.35 sec
[ Info: CTMRG  17:	obj = +6.037893992249e+02	err = 7.6788811414e-07	time = 0.39 sec
[ Info: CTMRG  18:	obj = +6.037893992249e+02	err = 2.3346462034e-07	time = 0.42 sec
[ Info: CTMRG  19:	obj = +6.037893992249e+02	err = 1.3322276231e-07	time = 0.36 sec
[ Info: CTMRG  20:	obj = +6.037893992249e+02	err = 3.9528079295e-08	time = 0.37 sec
[ Info: CTMRG  21:	obj = +6.037893992249e+02	err = 1.6790080454e-08	time = 0.42 sec
[ Info: CTMRG  22:	obj = +6.037893992249e+02	err = 5.1996482191e-09	time = 0.36 sec
[ Info: CTMRG  23:	obj = +6.037893992249e+02	err = 2.1931397462e-09	time = 0.38 sec
[ Info: CTMRG  24:	obj = +6.037893992249e+02	err = 1.4949410098e-09	time = 0.41 sec
[ Info: CTMRG conv 25:	obj = +6.037893992249e+02	err = 7.0690815755e-10	time = 9.11 sec
┌ Warning: `svd` cotangents sensitive to gauge choice: (|Δgauge| = 0.2785847390456734)
└ @ TensorKitChainRulesCoreExt ~/.julia/packages/TensorKit/esxcj/ext/TensorKitChainRulesCoreExt/factorizations.jl:254
┌ Warning: `svd` cotangents sensitive to gauge choice: (|Δgauge| = 9.017859869452063e-11)
└ @ TensorKitChainRulesCoreExt ~/.julia/packages/TensorKit/esxcj/ext/TensorKitChainRulesCoreExt/factorizations.jl:254
┌ Warning: `svd` cotangents sensitive to gauge choice: (|Δgauge| = 0.2785847390265828)
└ @ TensorKitChainRulesCoreExt ~/.julia/packages/TensorKit/esxcj/ext/TensorKitChainRulesCoreExt/factorizations.jl:254
[ Info: CTMRG init:	obj = +4.050279814747e+02	err = 1.0000e+00
[ Info: CTMRG   1:	obj = +4.349304400906e+02	err = 2.4719566438e-01	time = 0.40 sec
[ Info: CTMRG   2:	obj = +4.420989219318e+02	err = 1.1850115855e-01	time = 0.40 sec
[ Info: CTMRG   3:	obj = +4.432174248163e+02	err = 1.3647306439e-01	time = 0.38 sec
[ Info: CTMRG   4:	obj = +4.434080550265e+02	err = 1.0115726171e-01	time = 0.38 sec
[ Info: CTMRG   5:	obj = +4.434418510301e+02	err = 4.4844721261e-02	time = 0.36 sec
[ Info: CTMRG   6:	obj = +4.434478238334e+02	err = 1.5790793390e-02	time = 0.29 sec
[ Info: CTMRG   7:	obj = +4.434488200104e+02	err = 4.1102429538e-03	time = 0.27 sec
[ Info: CTMRG   8:	obj = +4.434489652762e+02	err = 2.3173778756e-03	time = 0.32 sec
[ Info: CTMRG   9:	obj = +4.434489810917e+02	err = 7.0650414831e-04	time = 0.28 sec
[ Info: CTMRG  10:	obj = +4.434489815405e+02	err = 4.8656590659e-04	time = 0.35 sec
[ Info: CTMRG  11:	obj = +4.434489812081e+02	err = 1.3762999387e-04	time = 0.29 sec
[ Info: CTMRG  12:	obj = +4.434489811083e+02	err = 8.7402074034e-05	time = 0.30 sec
[ Info: CTMRG  13:	obj = +4.434489810954e+02	err = 2.3803593614e-05	time = 0.35 sec
[ Info: CTMRG  14:	obj = +4.434489810968e+02	err = 1.7646217441e-05	time = 0.29 sec
[ Info: CTMRG  15:	obj = +4.434489810982e+02	err = 6.3023292350e-06	time = 0.31 sec
[ Info: CTMRG  16:	obj = +4.434489810987e+02	err = 3.8522567731e-06	time = 0.33 sec
[ Info: CTMRG  17:	obj = +4.434489810988e+02	err = 1.3924121354e-06	time = 0.31 sec
[ Info: CTMRG  18:	obj = +4.434489810988e+02	err = 6.8460800682e-07	time = 0.34 sec
[ Info: CTMRG  19:	obj = +4.434489810988e+02	err = 4.4087743202e-07	time = 0.35 sec
[ Info: CTMRG  20:	obj = +4.434489810988e+02	err = 1.9354088294e-07	time = 0.32 sec
[ Info: CTMRG  21:	obj = +4.434489810988e+02	err = 1.0105983484e-07	time = 0.31 sec
[ Info: CTMRG  22:	obj = +4.434489810988e+02	err = 3.8453289761e-08	time = 0.37 sec
[ Info: CTMRG  23:	obj = +4.434489810988e+02	err = 1.6343570015e-08	time = 0.30 sec
[ Info: CTMRG  24:	obj = +4.434489810988e+02	err = 7.8252533276e-09	time = 0.31 sec
[ Info: CTMRG  25:	obj = +4.434489810988e+02	err = 4.2572223159e-09	time = 0.48 sec
[ Info: CTMRG  26:	obj = +4.434489810988e+02	err = 1.9629110228e-09	time = 0.38 sec
[ Info: CTMRG conv 27:	obj = +4.434489810988e+02	err = 9.2815714000e-10	time = 9.17 sec
┌ Warning: `svd` cotangents sensitive to gauge choice: (|Δgauge| = 0.2404813600839707)
└ @ TensorKitChainRulesCoreExt ~/.julia/packages/TensorKit/esxcj/ext/TensorKitChainRulesCoreExt/factorizations.jl:254
┌ Warning: `svd` cotangents sensitive to gauge choice: (|Δgauge| = 1.4081307509640992e-10)
└ @ TensorKitChainRulesCoreExt ~/.julia/packages/TensorKit/esxcj/ext/TensorKitChainRulesCoreExt/factorizations.jl:254
┌ Warning: `svd` cotangents sensitive to gauge choice: (|Δgauge| = 0.24048136007248486)
└ @ TensorKitChainRulesCoreExt ~/.julia/packages/TensorKit/esxcj/ext/TensorKitChainRulesCoreExt/factorizations.jl:254
[ Info: LBFGS: iter    4, time 1203.87 s: f = -1.251188056553, ‖∇f‖ = 9.3370e-02, α = 2.01e+01, m = 3, nfg = 4
[ Info: CTMRG init:	obj = +5.212957331933e+02	err = 1.0000e+00
[ Info: CTMRG   1:	obj = +5.539596404511e+02	err = 1.2432837632e-01	time = 0.39 sec
[ Info: CTMRG   2:	obj = +5.550528628936e+02	err = 1.0640474133e-01	time = 0.36 sec
[ Info: CTMRG   3:	obj = +5.551064566287e+02	err = 9.9401383806e-02	time = 0.31 sec
[ Info: CTMRG   4:	obj = +5.551091318077e+02	err = 7.7037668190e-02	time = 0.37 sec
[ Info: CTMRG   5:	obj = +5.551092722418e+02	err = 1.5654917619e-02	time = 0.31 sec
[ Info: CTMRG   6:	obj = +5.551092898275e+02	err = 2.8470704771e-03	time = 0.37 sec
[ Info: CTMRG   7:	obj = +5.551092932601e+02	err = 3.5692947106e-04	time = 0.44 sec
[ Info: CTMRG   8:	obj = +5.551092937256e+02	err = 1.2753290420e-04	time = 0.38 sec
[ Info: CTMRG   9:	obj = +5.551092937489e+02	err = 6.2818881029e-05	time = 0.38 sec
[ Info: CTMRG  10:	obj = +5.551092937433e+02	err = 1.1160068062e-05	time = 0.41 sec
[ Info: CTMRG  11:	obj = +5.551092937417e+02	err = 9.3140043826e-06	time = 0.37 sec
[ Info: CTMRG  12:	obj = +5.551092937415e+02	err = 2.0568160239e-06	time = 0.33 sec
[ Info: CTMRG  13:	obj = +5.551092937415e+02	err = 8.6804385654e-07	time = 0.35 sec
[ Info: CTMRG  14:	obj = +5.551092937415e+02	err = 1.5949064587e-07	time = 0.34 sec
[ Info: CTMRG  15:	obj = +5.551092937415e+02	err = 4.8013632673e-08	time = 0.47 sec
[ Info: CTMRG  16:	obj = +5.551092937415e+02	err = 3.9537414263e-08	time = 0.35 sec
[ Info: CTMRG  17:	obj = +5.551092937415e+02	err = 2.1772192783e-08	time = 0.41 sec
[ Info: CTMRG  18:	obj = +5.551092937415e+02	err = 1.0156367308e-08	time = 0.42 sec
[ Info: CTMRG  19:	obj = +5.551092937415e+02	err = 3.7312283300e-09	time = 0.34 sec
[ Info: CTMRG  20:	obj = +5.551092937415e+02	err = 1.1504893629e-09	time = 0.33 sec
[ Info: CTMRG conv 21:	obj = +5.551092937415e+02	err = 2.4263347474e-10	time = 7.97 sec
┌ Warning: `svd` cotangents sensitive to gauge choice: (|Δgauge| = 0.18660645155589323)
└ @ TensorKitChainRulesCoreExt ~/.julia/packages/TensorKit/esxcj/ext/TensorKitChainRulesCoreExt/factorizations.jl:254
┌ Warning: `svd` cotangents sensitive to gauge choice: (|Δgauge| = 1.200516224873019e-10)
└ @ TensorKitChainRulesCoreExt ~/.julia/packages/TensorKit/esxcj/ext/TensorKitChainRulesCoreExt/factorizations.jl:254
┌ Warning: `svd` cotangents sensitive to gauge choice: (|Δgauge| = 0.18660645153173633)
└ @ TensorKitChainRulesCoreExt ~/.julia/packages/TensorKit/esxcj/ext/TensorKitChainRulesCoreExt/factorizations.jl:254
[ Info: LBFGS: iter    5, time 1215.55 s: f = -1.543153893791, ‖∇f‖ = 4.5531e-02, α = 1.00e+00, m = 4, nfg = 1
[ Info: CTMRG init:	obj = +5.431008572358e+02	err = 1.0000e+00
[ Info: CTMRG   1:	obj = +5.483891947426e+02	err = 6.5737839041e-02	time = 0.44 sec
[ Info: CTMRG   2:	obj = +5.484597476500e+02	err = 9.0301250273e-02	time = 0.33 sec
[ Info: CTMRG   3:	obj = +5.484648141084e+02	err = 2.8693237646e-02	time = 0.42 sec
[ Info: CTMRG   4:	obj = +5.484658310392e+02	err = 7.4693556725e-03	time = 0.31 sec
[ Info: CTMRG   5:	obj = +5.484659799325e+02	err = 3.0260032454e-03	time = 0.28 sec
[ Info: CTMRG   6:	obj = +5.484659885678e+02	err = 1.4406753679e-03	time = 0.36 sec
[ Info: CTMRG   7:	obj = +5.484659866356e+02	err = 2.6162275514e-04	time = 0.41 sec
[ Info: CTMRG   8:	obj = +5.484659859990e+02	err = 1.6686376244e-04	time = 0.47 sec
[ Info: CTMRG   9:	obj = +5.484659859154e+02	err = 4.3526908081e-05	time = 0.35 sec
[ Info: CTMRG  10:	obj = +5.484659859149e+02	err = 1.3380424075e-05	time = 0.32 sec
[ Info: CTMRG  11:	obj = +5.484659859170e+02	err = 4.8175670780e-06	time = 0.38 sec
[ Info: CTMRG  12:	obj = +5.484659859175e+02	err = 1.5994888362e-06	time = 0.35 sec
[ Info: CTMRG  13:	obj = +5.484659859176e+02	err = 1.2663697839e-06	time = 0.38 sec
[ Info: CTMRG  14:	obj = +5.484659859176e+02	err = 6.4574357631e-07	time = 0.46 sec
[ Info: CTMRG  15:	obj = +5.484659859176e+02	err = 2.8089275498e-07	time = 0.42 sec
[ Info: CTMRG  16:	obj = +5.484659859176e+02	err = 9.8113851801e-08	time = 0.43 sec
[ Info: CTMRG  17:	obj = +5.484659859176e+02	err = 2.6952505466e-08	time = 0.40 sec
[ Info: CTMRG  18:	obj = +5.484659859176e+02	err = 8.1422337238e-09	time = 0.40 sec
[ Info: CTMRG  19:	obj = +5.484659859176e+02	err = 3.1938595599e-09	time = 0.49 sec
[ Info: CTMRG  20:	obj = +5.484659859176e+02	err = 1.9731432519e-09	time = 0.39 sec
[ Info: CTMRG  21:	obj = +5.484659859176e+02	err = 1.1373350637e-09	time = 0.37 sec
[ Info: CTMRG conv 22:	obj = +5.484659859176e+02	err = 5.1507510643e-10	time = 8.66 sec
┌ Warning: `svd` cotangents sensitive to gauge choice: (|Δgauge| = 0.18756518140636053)
└ @ TensorKitChainRulesCoreExt ~/.julia/packages/TensorKit/esxcj/ext/TensorKitChainRulesCoreExt/factorizations.jl:254
┌ Warning: `svd` cotangents sensitive to gauge choice: (|Δgauge| = 1.7934666158356208e-10)
└ @ TensorKitChainRulesCoreExt ~/.julia/packages/TensorKit/esxcj/ext/TensorKitChainRulesCoreExt/factorizations.jl:254
┌ Warning: `svd` cotangents sensitive to gauge choice: (|Δgauge| = 0.1875651814393875)
└ @ TensorKitChainRulesCoreExt ~/.julia/packages/TensorKit/esxcj/ext/TensorKitChainRulesCoreExt/factorizations.jl:254
[ Info: LBFGS: iter    6, time 1228.19 s: f = -1.718873381106, ‖∇f‖ = 4.8234e-02, α = 1.00e+00, m = 5, nfg = 1
[ Info: CTMRG init:	obj = +1.149259084997e+03	err = 1.0000e+00
[ Info: CTMRG   1:	obj = +1.477139219660e+03	err = 3.6087974478e-01	time = 0.39 sec
[ Info: CTMRG   2:	obj = +1.547425342344e+03	err = 2.0374760938e-01	time = 0.40 sec
[ Info: CTMRG   3:	obj = +1.573223628027e+03	err = 1.0771454872e-01	time = 0.42 sec
[ Info: CTMRG   4:	obj = +1.582826923911e+03	err = 7.7756882026e-02	time = 0.40 sec
[ Info: CTMRG   5:	obj = +1.586384669923e+03	err = 5.8160288866e-02	time = 0.41 sec
[ Info: CTMRG   6:	obj = +1.587701295658e+03	err = 3.2365236747e-02	time = 0.35 sec
[ Info: CTMRG   7:	obj = +1.588187929373e+03	err = 2.7569895207e-02	time = 0.47 sec
[ Info: CTMRG   8:	obj = +1.588367733735e+03	err = 1.4996186429e-02	time = 0.31 sec
[ Info: CTMRG   9:	obj = +1.588434158334e+03	err = 1.0016098410e-02	time = 0.45 sec
[ Info: CTMRG  10:	obj = +1.588458696245e+03	err = 5.8611299582e-03	time = 0.44 sec
[ Info: CTMRG  11:	obj = +1.588467760557e+03	err = 3.6558110414e-03	time = 0.35 sec
[ Info: CTMRG  12:	obj = +1.588471108927e+03	err = 2.1933581765e-03	time = 0.37 sec
[ Info: CTMRG  13:	obj = +1.588472345796e+03	err = 1.3451814432e-03	time = 0.30 sec
[ Info: CTMRG  14:	obj = +1.588472802700e+03	err = 8.1334045525e-04	time = 0.32 sec
[ Info: CTMRG  15:	obj = +1.588472971475e+03	err = 4.9599748401e-04	time = 0.34 sec
[ Info: CTMRG  16:	obj = +1.588473033823e+03	err = 3.0084643431e-04	time = 0.33 sec
[ Info: CTMRG  17:	obj = +1.588473056852e+03	err = 1.8308237510e-04	time = 0.31 sec
[ Info: CTMRG  18:	obj = +1.588473065360e+03	err = 1.1118678818e-04	time = 0.36 sec
[ Info: CTMRG  19:	obj = +1.588473068502e+03	err = 6.7610191164e-05	time = 0.33 sec
[ Info: CTMRG  20:	obj = +1.588473069663e+03	err = 4.1079813727e-05	time = 0.42 sec
[ Info: CTMRG  21:	obj = +1.588473070092e+03	err = 2.4972189240e-05	time = 0.32 sec
[ Info: CTMRG  22:	obj = +1.588473070251e+03	err = 1.5175869251e-05	time = 0.39 sec
[ Info: CTMRG  23:	obj = +1.588473070309e+03	err = 9.2242627738e-06	time = 0.48 sec
[ Info: CTMRG  24:	obj = +1.588473070331e+03	err = 5.6060835613e-06	time = 0.42 sec
[ Info: CTMRG  25:	obj = +1.588473070339e+03	err = 3.4073634456e-06	time = 0.47 sec
[ Info: CTMRG  26:	obj = +1.588473070342e+03	err = 2.0708955102e-06	time = 0.36 sec
[ Info: CTMRG  27:	obj = +1.588473070343e+03	err = 1.2586640173e-06	time = 0.49 sec
[ Info: CTMRG  28:	obj = +1.588473070343e+03	err = 7.6498687277e-07	time = 0.41 sec
[ Info: CTMRG  29:	obj = +1.588473070343e+03	err = 4.6494622383e-07	time = 0.39 sec
[ Info: CTMRG  30:	obj = +1.588473070343e+03	err = 2.8258487153e-07	time = 0.44 sec
[ Info: CTMRG  31:	obj = +1.588473070343e+03	err = 1.7175012228e-07	time = 0.45 sec
[ Info: CTMRG  32:	obj = +1.588473070343e+03	err = 1.0438638741e-07	time = 0.37 sec
[ Info: CTMRG  33:	obj = +1.588473070343e+03	err = 6.3444135055e-08	time = 0.31 sec
[ Info: CTMRG  34:	obj = +1.588473070343e+03	err = 3.8560084433e-08	time = 0.41 sec
[ Info: CTMRG  35:	obj = +1.588473070343e+03	err = 2.3436296148e-08	time = 0.30 sec
[ Info: CTMRG  36:	obj = +1.588473070343e+03	err = 1.4244363143e-08	time = 0.34 sec
[ Info: CTMRG  37:	obj = +1.588473070343e+03	err = 8.6572341267e-09	time = 0.29 sec
[ Info: CTMRG  38:	obj = +1.588473070343e+03	err = 5.2616434280e-09	time = 0.42 sec
[ Info: CTMRG  39:	obj = +1.588473070343e+03	err = 3.1981377652e-09	time = 0.37 sec
[ Info: CTMRG  40:	obj = +1.588473070343e+03	err = 1.9439812046e-09	time = 0.45 sec
[ Info: CTMRG  41:	obj = +1.588473070343e+03	err = 1.1814333392e-09	time = 0.31 sec
[ Info: CTMRG conv 42:	obj = +1.588473070343e+03	err = 7.1777861898e-10	time = 15.96 sec
┌ Warning: `svd` cotangents sensitive to gauge choice: (|Δgauge| = 0.2662081290142724)
└ @ TensorKitChainRulesCoreExt ~/.julia/packages/TensorKit/esxcj/ext/TensorKitChainRulesCoreExt/factorizations.jl:254
┌ Warning: `svd` cotangents sensitive to gauge choice: (|Δgauge| = 1.9444977144272697e-11)
└ @ TensorKitChainRulesCoreExt ~/.julia/packages/TensorKit/esxcj/ext/TensorKitChainRulesCoreExt/factorizations.jl:254
┌ Warning: `svd` cotangents sensitive to gauge choice: (|Δgauge| = 0.2662081290050208)
└ @ TensorKitChainRulesCoreExt ~/.julia/packages/TensorKit/esxcj/ext/TensorKitChainRulesCoreExt/factorizations.jl:254
[ Info: CTMRG init:	obj = +8.839874765586e+02	err = 1.0000e+00
[ Info: CTMRG   1:	obj = +1.123908679589e+03	err = 3.4155281673e-01	time = 0.44 sec
[ Info: CTMRG   2:	obj = +1.162932071979e+03	err = 1.9197215705e-01	time = 0.39 sec
[ Info: CTMRG   3:	obj = +1.175825326311e+03	err = 8.9523103719e-02	time = 0.47 sec
[ Info: CTMRG   4:	obj = +1.180127368677e+03	err = 7.4827102463e-02	time = 0.40 sec
[ Info: CTMRG   5:	obj = +1.181555185659e+03	err = 5.0176779514e-02	time = 0.39 sec
[ Info: CTMRG   6:	obj = +1.182028806900e+03	err = 3.2355585479e-02	time = 0.36 sec
[ Info: CTMRG   7:	obj = +1.182185835413e+03	err = 2.0100204819e-02	time = 0.31 sec
[ Info: CTMRG   8:	obj = +1.182237888549e+03	err = 1.1021670657e-02	time = 0.32 sec
[ Info: CTMRG   9:	obj = +1.182255142340e+03	err = 6.5871562581e-03	time = 0.39 sec
[ Info: CTMRG  10:	obj = +1.182260861283e+03	err = 3.7005595888e-03	time = 0.42 sec
[ Info: CTMRG  11:	obj = +1.182262756847e+03	err = 2.1623902000e-03	time = 0.51 sec
[ Info: CTMRG  12:	obj = +1.182263385151e+03	err = 1.2340236129e-03	time = 0.50 sec
[ Info: CTMRG  13:	obj = +1.182263593400e+03	err = 7.1432243376e-04	time = 0.36 sec
[ Info: CTMRG  14:	obj = +1.182263662429e+03	err = 4.0994998728e-04	time = 0.36 sec
[ Info: CTMRG  15:	obj = +1.182263685307e+03	err = 2.3646817366e-04	time = 0.43 sec
[ Info: CTMRG  16:	obj = +1.182263692891e+03	err = 1.3598738600e-04	time = 0.34 sec
[ Info: CTMRG  17:	obj = +1.182263695404e+03	err = 7.8342695042e-05	time = 0.41 sec
[ Info: CTMRG  18:	obj = +1.182263696237e+03	err = 4.5086074551e-05	time = 0.35 sec
[ Info: CTMRG  19:	obj = +1.182263696513e+03	err = 2.5962904183e-05	time = 0.45 sec
[ Info: CTMRG  20:	obj = +1.182263696605e+03	err = 1.4945422554e-05	time = 0.35 sec
[ Info: CTMRG  21:	obj = +1.182263696635e+03	err = 8.6050592120e-06	time = 0.42 sec
[ Info: CTMRG  22:	obj = +1.182263696645e+03	err = 4.9538959578e-06	time = 0.52 sec
[ Info: CTMRG  23:	obj = +1.182263696649e+03	err = 2.8521370163e-06	time = 0.43 sec
[ Info: CTMRG  24:	obj = +1.182263696650e+03	err = 1.6420120932e-06	time = 0.40 sec
[ Info: CTMRG  25:	obj = +1.182263696650e+03	err = 9.4534956838e-07	time = 0.58 sec
[ Info: CTMRG  26:	obj = +1.182263696650e+03	err = 5.4425489908e-07	time = 0.36 sec
[ Info: CTMRG  27:	obj = +1.182263696650e+03	err = 3.1334020669e-07	time = 0.38 sec
[ Info: CTMRG  28:	obj = +1.182263696650e+03	err = 1.8039672364e-07	time = 0.40 sec
[ Info: CTMRG  29:	obj = +1.182263696650e+03	err = 1.0385817340e-07	time = 0.38 sec
[ Info: CTMRG  30:	obj = +1.182263696650e+03	err = 5.9793136059e-08	time = 0.47 sec
[ Info: CTMRG  31:	obj = +1.182263696650e+03	err = 3.4424078060e-08	time = 0.37 sec
[ Info: CTMRG  32:	obj = +1.182263696650e+03	err = 1.9818898369e-08	time = 0.44 sec
[ Info: CTMRG  33:	obj = +1.182263696650e+03	err = 1.1409909136e-08	time = 0.43 sec
[ Info: CTMRG  34:	obj = +1.182263696650e+03	err = 6.5686495955e-09	time = 0.45 sec
[ Info: CTMRG  35:	obj = +1.182263696650e+03	err = 3.7822000654e-09	time = 0.41 sec
[ Info: CTMRG  36:	obj = +1.182263696650e+03	err = 2.1775861005e-09	time = 0.44 sec
[ Info: CTMRG  37:	obj = +1.182263696650e+03	err = 1.2535921029e-09	time = 0.47 sec
[ Info: CTMRG conv 38:	obj = +1.182263696650e+03	err = 7.2185158732e-10	time = 15.81 sec
┌ Warning: `svd` cotangents sensitive to gauge choice: (|Δgauge| = 0.18876275119054658)
└ @ TensorKitChainRulesCoreExt ~/.julia/packages/TensorKit/esxcj/ext/TensorKitChainRulesCoreExt/factorizations.jl:254
┌ Warning: `svd` cotangents sensitive to gauge choice: (|Δgauge| = 2.4681393111892487e-11)
└ @ TensorKitChainRulesCoreExt ~/.julia/packages/TensorKit/esxcj/ext/TensorKitChainRulesCoreExt/factorizations.jl:254
┌ Warning: `svd` cotangents sensitive to gauge choice: (|Δgauge| = 0.18876275120268976)
└ @ TensorKitChainRulesCoreExt ~/.julia/packages/TensorKit/esxcj/ext/TensorKitChainRulesCoreExt/factorizations.jl:254
[ Info: CTMRG init:	obj = +6.239341236597e+02	err = 1.0000e+00
[ Info: CTMRG   1:	obj = +7.194101554207e+02	err = 1.6377442395e-01	time = 0.48 sec
[ Info: CTMRG   2:	obj = +7.243592169389e+02	err = 1.1238351588e-01	time = 0.44 sec
[ Info: CTMRG   3:	obj = +7.257507448301e+02	err = 9.0002456429e-02	time = 0.48 sec
[ Info: CTMRG   4:	obj = +7.260767301463e+02	err = 3.7256060727e-02	time = 0.46 sec
[ Info: CTMRG   5:	obj = +7.261455501558e+02	err = 1.5169971879e-02	time = 0.46 sec
[ Info: CTMRG   6:	obj = +7.261595555103e+02	err = 9.1048777263e-03	time = 0.49 sec
[ Info: CTMRG   7:	obj = +7.261623700927e+02	err = 3.6922656156e-03	time = 0.41 sec
[ Info: CTMRG   8:	obj = +7.261629332755e+02	err = 1.9736527827e-03	time = 0.46 sec
[ Info: CTMRG   9:	obj = +7.261630457945e+02	err = 8.6932541764e-04	time = 0.51 sec
[ Info: CTMRG  10:	obj = +7.261630682640e+02	err = 4.1322708032e-04	time = 0.49 sec
[ Info: CTMRG  11:	obj = +7.261630727498e+02	err = 1.8476973750e-04	time = 0.46 sec
[ Info: CTMRG  12:	obj = +7.261630736455e+02	err = 8.4142125899e-05	time = 0.47 sec
[ Info: CTMRG  13:	obj = +7.261630738243e+02	err = 3.7668591618e-05	time = 0.44 sec
[ Info: CTMRG  14:	obj = +7.261630738600e+02	err = 1.6927773573e-05	time = 0.47 sec
[ Info: CTMRG  15:	obj = +7.261630738671e+02	err = 7.5719207125e-06	time = 0.51 sec
[ Info: CTMRG  16:	obj = +7.261630738685e+02	err = 3.3891672031e-06	time = 0.51 sec
[ Info: CTMRG  17:	obj = +7.261630738688e+02	err = 1.5150544030e-06	time = 0.45 sec
[ Info: CTMRG  18:	obj = +7.261630738689e+02	err = 6.7731163551e-07	time = 0.48 sec
[ Info: CTMRG  19:	obj = +7.261630738689e+02	err = 3.0268622694e-07	time = 0.48 sec
[ Info: CTMRG  20:	obj = +7.261630738689e+02	err = 1.3526625607e-07	time = 0.50 sec
[ Info: CTMRG  21:	obj = +7.261630738689e+02	err = 6.0442085506e-08	time = 0.45 sec
[ Info: CTMRG  22:	obj = +7.261630738689e+02	err = 2.7006969270e-08	time = 0.37 sec
[ Info: CTMRG  23:	obj = +7.261630738689e+02	err = 1.2066897989e-08	time = 0.39 sec
[ Info: CTMRG  24:	obj = +7.261630738689e+02	err = 5.3916401995e-09	time = 0.55 sec
[ Info: CTMRG  25:	obj = +7.261630738689e+02	err = 2.4089189218e-09	time = 0.37 sec
[ Info: CTMRG  26:	obj = +7.261630738689e+02	err = 1.0763579290e-09	time = 0.40 sec
[ Info: CTMRG conv 27:	obj = +7.261630738689e+02	err = 4.8029310626e-10	time = 12.50 sec
┌ Warning: `svd` cotangents sensitive to gauge choice: (|Δgauge| = 0.17211804227740218)
└ @ TensorKitChainRulesCoreExt ~/.julia/packages/TensorKit/esxcj/ext/TensorKitChainRulesCoreExt/factorizations.jl:254
┌ Warning: `svd` cotangents sensitive to gauge choice: (|Δgauge| = 5.560371075753452e-11)
└ @ TensorKitChainRulesCoreExt ~/.julia/packages/TensorKit/esxcj/ext/TensorKitChainRulesCoreExt/factorizations.jl:254
┌ Warning: `svd` cotangents sensitive to gauge choice: (|Δgauge| = 0.1721180423342487)
└ @ TensorKitChainRulesCoreExt ~/.julia/packages/TensorKit/esxcj/ext/TensorKitChainRulesCoreExt/factorizations.jl:254
[ Info: LBFGS: iter    7, time 1287.94 s: f = -1.792889336878, ‖∇f‖ = 8.2614e-02, α = 3.78e-01, m = 6, nfg = 3
[ Info: CTMRG init:	obj = +7.483596744350e+02	err = 1.0000e+00
[ Info: CTMRG   1:	obj = +7.503291541724e+02	err = 9.5055938216e-02	time = 0.53 sec
[ Info: CTMRG   2:	obj = +7.505011365804e+02	err = 7.7715362767e-02	time = 0.49 sec
[ Info: CTMRG   3:	obj = +7.505209328746e+02	err = 4.5696497653e-02	time = 0.54 sec
[ Info: CTMRG   4:	obj = +7.505228738330e+02	err = 1.3667042520e-02	time = 0.49 sec
[ Info: CTMRG   5:	obj = +7.505230015045e+02	err = 2.0211724627e-03	time = 0.50 sec
[ Info: CTMRG   6:	obj = +7.505229998404e+02	err = 8.7997640641e-04	time = 0.54 sec
[ Info: CTMRG   7:	obj = +7.505229975521e+02	err = 3.1924769870e-04	time = 0.44 sec
[ Info: CTMRG   8:	obj = +7.505229970846e+02	err = 1.1407451303e-04	time = 0.40 sec
[ Info: CTMRG   9:	obj = +7.505229970186e+02	err = 3.8137895029e-05	time = 0.47 sec
[ Info: CTMRG  10:	obj = +7.505229970115e+02	err = 1.2069760848e-05	time = 0.43 sec
[ Info: CTMRG  11:	obj = +7.505229970109e+02	err = 3.4762970840e-06	time = 0.40 sec
[ Info: CTMRG  12:	obj = +7.505229970109e+02	err = 9.1458942066e-07	time = 0.41 sec
[ Info: CTMRG  13:	obj = +7.505229970109e+02	err = 2.0858700189e-07	time = 0.42 sec
[ Info: CTMRG  14:	obj = +7.505229970109e+02	err = 5.7157729355e-08	time = 0.46 sec
[ Info: CTMRG  15:	obj = +7.505229970109e+02	err = 2.7294752770e-08	time = 0.36 sec
[ Info: CTMRG  16:	obj = +7.505229970109e+02	err = 1.4321776888e-08	time = 0.46 sec
[ Info: CTMRG  17:	obj = +7.505229970109e+02	err = 6.6867122364e-09	time = 0.45 sec
[ Info: CTMRG  18:	obj = +7.505229970109e+02	err = 2.8176889250e-09	time = 0.42 sec
[ Info: CTMRG  19:	obj = +7.505229970109e+02	err = 1.0983867685e-09	time = 0.46 sec
[ Info: CTMRG conv 20:	obj = +7.505229970109e+02	err = 4.0063221616e-10	time = 9.20 sec
┌ Warning: `svd` cotangents sensitive to gauge choice: (|Δgauge| = 0.2115880677027125)
└ @ TensorKitChainRulesCoreExt ~/.julia/packages/TensorKit/esxcj/ext/TensorKitChainRulesCoreExt/factorizations.jl:254
┌ Warning: `svd` cotangents sensitive to gauge choice: (|Δgauge| = 2.867263221915208e-11)
└ @ TensorKitChainRulesCoreExt ~/.julia/packages/TensorKit/esxcj/ext/TensorKitChainRulesCoreExt/factorizations.jl:254
┌ Warning: `svd` cotangents sensitive to gauge choice: (|Δgauge| = 0.21158806771996247)
└ @ TensorKitChainRulesCoreExt ~/.julia/packages/TensorKit/esxcj/ext/TensorKitChainRulesCoreExt/factorizations.jl:254
[ Info: LBFGS: iter    8, time 1300.57 s: f = -2.130709302444, ‖∇f‖ = 7.2823e-02, α = 1.00e+00, m = 7, nfg = 1
[ Info: CTMRG init:	obj = +8.432089747803e+02	err = 1.0000e+00
[ Info: CTMRG   1:	obj = +9.167555688299e+02	err = 2.7010733976e-01	time = 0.54 sec
[ Info: CTMRG   2:	obj = +9.175718080031e+02	err = 1.7393911525e-01	time = 0.49 sec
[ Info: CTMRG   3:	obj = +9.176023551451e+02	err = 6.7584518812e-02	time = 0.43 sec
[ Info: CTMRG   4:	obj = +9.176037528321e+02	err = 3.2554081266e-03	time = 0.41 sec
[ Info: CTMRG   5:	obj = +9.176038195856e+02	err = 6.3831670408e-04	time = 0.45 sec
[ Info: CTMRG   6:	obj = +9.176038228240e+02	err = 1.4024500567e-04	time = 0.57 sec
[ Info: CTMRG   7:	obj = +9.176038229818e+02	err = 3.2132064771e-05	time = 0.50 sec
[ Info: CTMRG   8:	obj = +9.176038229895e+02	err = 6.6261292563e-06	time = 0.53 sec
[ Info: CTMRG   9:	obj = +9.176038229899e+02	err = 1.5691527678e-06	time = 0.49 sec
[ Info: CTMRG  10:	obj = +9.176038229899e+02	err = 3.2208530274e-07	time = 0.50 sec
[ Info: CTMRG  11:	obj = +9.176038229899e+02	err = 7.5272032423e-08	time = 0.52 sec
[ Info: CTMRG  12:	obj = +9.176038229899e+02	err = 1.5802147874e-08	time = 0.44 sec
[ Info: CTMRG  13:	obj = +9.176038229899e+02	err = 3.5993336215e-09	time = 0.44 sec
[ Info: CTMRG conv 14:	obj = +9.176038229899e+02	err = 7.7545054674e-10	time = 6.79 sec
┌ Warning: `svd` cotangents sensitive to gauge choice: (|Δgauge| = 0.0821782651155405)
└ @ TensorKitChainRulesCoreExt ~/.julia/packages/TensorKit/esxcj/ext/TensorKitChainRulesCoreExt/factorizations.jl:254
┌ Warning: `svd` cotangents sensitive to gauge choice: (|Δgauge| = 2.4453336137499703e-11)
└ @ TensorKitChainRulesCoreExt ~/.julia/packages/TensorKit/esxcj/ext/TensorKitChainRulesCoreExt/factorizations.jl:254
┌ Warning: `svd` cotangents sensitive to gauge choice: (|Δgauge| = 0.08217826511133534)
└ @ TensorKitChainRulesCoreExt ~/.julia/packages/TensorKit/esxcj/ext/TensorKitChainRulesCoreExt/factorizations.jl:254
[ Info: LBFGS: iter    9, time 1310.29 s: f = -2.635471665077, ‖∇f‖ = 6.9427e-02, α = 1.00e+00, m = 8, nfg = 1
[ Info: CTMRG init:	obj = +9.959929323509e+02	err = 1.0000e+00
[ Info: CTMRG   1:	obj = +1.003315128762e+03	err = 1.5372184555e-01	time = 0.45 sec
[ Info: CTMRG   2:	obj = +1.003335706637e+03	err = 8.9677220554e-02	time = 0.51 sec
[ Info: CTMRG   3:	obj = +1.003335808158e+03	err = 4.8782376404e-03	time = 0.46 sec
[ Info: CTMRG   4:	obj = +1.003335809956e+03	err = 4.6064749556e-04	time = 0.45 sec
[ Info: CTMRG   5:	obj = +1.003335810047e+03	err = 3.6544892666e-05	time = 0.41 sec
[ Info: CTMRG   6:	obj = +1.003335810051e+03	err = 6.3702736533e-06	time = 0.37 sec
[ Info: CTMRG   7:	obj = +1.003335810051e+03	err = 9.1307588303e-07	time = 0.43 sec
[ Info: CTMRG   8:	obj = +1.003335810051e+03	err = 1.8359502646e-07	time = 0.38 sec
[ Info: CTMRG   9:	obj = +1.003335810051e+03	err = 2.7613571384e-08	time = 0.42 sec
[ Info: CTMRG  10:	obj = +1.003335810051e+03	err = 3.7758307533e-09	time = 0.37 sec
[ Info: CTMRG conv 11:	obj = +1.003335810051e+03	err = 6.1054626440e-10	time = 4.68 sec
┌ Warning: `svd` cotangents sensitive to gauge choice: (|Δgauge| = 0.07658885472206484)
└ @ TensorKitChainRulesCoreExt ~/.julia/packages/TensorKit/esxcj/ext/TensorKitChainRulesCoreExt/factorizations.jl:254
┌ Warning: `svd` cotangents sensitive to gauge choice: (|Δgauge| = 7.287526138715431e-11)
└ @ TensorKitChainRulesCoreExt ~/.julia/packages/TensorKit/esxcj/ext/TensorKitChainRulesCoreExt/factorizations.jl:254
┌ Warning: `svd` cotangents sensitive to gauge choice: (|Δgauge| = 0.07658885476307101)
└ @ TensorKitChainRulesCoreExt ~/.julia/packages/TensorKit/esxcj/ext/TensorKitChainRulesCoreExt/factorizations.jl:254
[ Info: LBFGS: iter   10, time 1317.45 s: f = -3.051167238475, ‖∇f‖ = 2.3527e-02, α = 1.00e+00, m = 8, nfg = 1
[ Info: CTMRG init:	obj = +1.030593783933e+03	err = 1.0000e+00
[ Info: CTMRG   1:	obj = +1.032513175666e+03	err = 4.2805605351e-02	time = 0.46 sec
[ Info: CTMRG   2:	obj = +1.032512853871e+03	err = 2.2129874940e-02	time = 0.48 sec
[ Info: CTMRG   3:	obj = +1.032512847157e+03	err = 9.3389624244e-04	time = 0.38 sec
[ Info: CTMRG   4:	obj = +1.032512845536e+03	err = 1.5673548565e-04	time = 0.46 sec
[ Info: CTMRG   5:	obj = +1.032512845453e+03	err = 2.9506811443e-05	time = 0.43 sec
[ Info: CTMRG   6:	obj = +1.032512845451e+03	err = 5.5694199965e-06	time = 0.46 sec
[ Info: CTMRG   7:	obj = +1.032512845451e+03	err = 9.0185592818e-07	time = 0.39 sec
[ Info: CTMRG   8:	obj = +1.032512845451e+03	err = 1.2638155220e-07	time = 0.38 sec
[ Info: CTMRG   9:	obj = +1.032512845451e+03	err = 1.3303938594e-08	time = 0.42 sec
[ Info: CTMRG  10:	obj = +1.032512845451e+03	err = 1.8021505931e-09	time = 0.39 sec
[ Info: CTMRG conv 11:	obj = +1.032512845451e+03	err = 4.3601570811e-10	time = 4.70 sec
┌ Warning: `svd` cotangents sensitive to gauge choice: (|Δgauge| = 0.06621531492163522)
└ @ TensorKitChainRulesCoreExt ~/.julia/packages/TensorKit/esxcj/ext/TensorKitChainRulesCoreExt/factorizations.jl:254
┌ Warning: `svd` cotangents sensitive to gauge choice: (|Δgauge| = 2.8005516409359838e-11)
└ @ TensorKitChainRulesCoreExt ~/.julia/packages/TensorKit/esxcj/ext/TensorKitChainRulesCoreExt/factorizations.jl:254
┌ Warning: `svd` cotangents sensitive to gauge choice: (|Δgauge| = 0.0662153149396249)
└ @ TensorKitChainRulesCoreExt ~/.julia/packages/TensorKit/esxcj/ext/TensorKitChainRulesCoreExt/factorizations.jl:254
[ Info: LBFGS: iter   11, time 1324.38 s: f = -3.111072746967, ‖∇f‖ = 7.1306e-03, α = 1.00e+00, m = 8, nfg = 1
[ Info: CTMRG init:	obj = +1.036966668276e+03	err = 1.0000e+00
[ Info: CTMRG   1:	obj = +1.037893180933e+03	err = 3.5067966497e-02	time = 0.40 sec
[ Info: CTMRG   2:	obj = +1.037894076301e+03	err = 3.9380216413e-03	time = 0.42 sec
[ Info: CTMRG   3:	obj = +1.037894078497e+03	err = 1.9236844765e-03	time = 0.39 sec
[ Info: CTMRG   4:	obj = +1.037894078494e+03	err = 8.6598789266e-05	time = 0.42 sec
[ Info: CTMRG   5:	obj = +1.037894078494e+03	err = 5.9765322853e-06	time = 0.39 sec
[ Info: CTMRG   6:	obj = +1.037894078494e+03	err = 3.9164601011e-07	time = 0.47 sec
[ Info: CTMRG   7:	obj = +1.037894078494e+03	err = 6.6450689024e-08	time = 0.44 sec
[ Info: CTMRG   8:	obj = +1.037894078494e+03	err = 2.0878293227e-08	time = 0.43 sec
[ Info: CTMRG   9:	obj = +1.037894078494e+03	err = 4.5419304659e-09	time = 0.39 sec
[ Info: CTMRG conv 10:	obj = +1.037894078494e+03	err = 8.9690297493e-10	time = 4.12 sec
┌ Warning: `svd` cotangents sensitive to gauge choice: (|Δgauge| = 0.06167401020438014)
└ @ TensorKitChainRulesCoreExt ~/.julia/packages/TensorKit/esxcj/ext/TensorKitChainRulesCoreExt/factorizations.jl:254
┌ Warning: `svd` cotangents sensitive to gauge choice: (|Δgauge| = 5.08671987529414e-11)
└ @ TensorKitChainRulesCoreExt ~/.julia/packages/TensorKit/esxcj/ext/TensorKitChainRulesCoreExt/factorizations.jl:254
┌ Warning: `svd` cotangents sensitive to gauge choice: (|Δgauge| = 0.06167401017412731)
└ @ TensorKitChainRulesCoreExt ~/.julia/packages/TensorKit/esxcj/ext/TensorKitChainRulesCoreExt/factorizations.jl:254
[ Info: LBFGS: iter   12, time 1330.78 s: f = -3.115380387299, ‖∇f‖ = 5.0764e-03, α = 1.00e+00, m = 8, nfg = 1
[ Info: CTMRG init:	obj = +1.039182513076e+03	err = 1.0000e+00
[ Info: CTMRG   1:	obj = +1.039382436347e+03	err = 9.7936045369e-03	time = 0.45 sec
[ Info: CTMRG   2:	obj = +1.039382604552e+03	err = 2.0495940021e-03	time = 0.46 sec
[ Info: CTMRG   3:	obj = +1.039382604708e+03	err = 6.1757125352e-04	time = 0.48 sec
[ Info: CTMRG   4:	obj = +1.039382604594e+03	err = 5.2182766928e-05	time = 0.42 sec
[ Info: CTMRG   5:	obj = +1.039382604588e+03	err = 4.8006641890e-06	time = 0.49 sec
[ Info: CTMRG   6:	obj = +1.039382604588e+03	err = 1.1775539998e-06	time = 0.51 sec
[ Info: CTMRG   7:	obj = +1.039382604588e+03	err = 2.1247127480e-07	time = 0.45 sec
[ Info: CTMRG   8:	obj = +1.039382604588e+03	err = 3.7954712626e-08	time = 0.43 sec
[ Info: CTMRG   9:	obj = +1.039382604588e+03	err = 5.9730249731e-09	time = 0.45 sec
[ Info: CTMRG conv 10:	obj = +1.039382604588e+03	err = 8.1457359595e-10	time = 4.52 sec
┌ Warning: `svd` cotangents sensitive to gauge choice: (|Δgauge| = 0.06143177415277432)
└ @ TensorKitChainRulesCoreExt ~/.julia/packages/TensorKit/esxcj/ext/TensorKitChainRulesCoreExt/factorizations.jl:254
┌ Warning: `svd` cotangents sensitive to gauge choice: (|Δgauge| = 6.700500434980322e-11)
└ @ TensorKitChainRulesCoreExt ~/.julia/packages/TensorKit/esxcj/ext/TensorKitChainRulesCoreExt/factorizations.jl:254
┌ Warning: `svd` cotangents sensitive to gauge choice: (|Δgauge| = 0.06143177411663223)
└ @ TensorKitChainRulesCoreExt ~/.julia/packages/TensorKit/esxcj/ext/TensorKitChainRulesCoreExt/factorizations.jl:254
[ Info: LBFGS: iter   13, time 1337.47 s: f = -3.117839472193, ‖∇f‖ = 2.6305e-03, α = 1.00e+00, m = 8, nfg = 1
[ Info: CTMRG init:	obj = +1.044383648835e+03	err = 1.0000e+00
[ Info: CTMRG   1:	obj = +1.044415718770e+03	err = 9.4486340237e-03	time = 0.56 sec
[ Info: CTMRG   2:	obj = +1.044415791938e+03	err = 1.5633104735e-03	time = 0.48 sec
[ Info: CTMRG   3:	obj = +1.044415792524e+03	err = 2.5306586515e-04	time = 0.45 sec
[ Info: CTMRG   4:	obj = +1.044415792499e+03	err = 2.0117670816e-05	time = 0.46 sec
[ Info: CTMRG   5:	obj = +1.044415792497e+03	err = 2.9997263494e-06	time = 0.49 sec
[ Info: CTMRG   6:	obj = +1.044415792497e+03	err = 6.5516116113e-07	time = 0.44 sec
[ Info: CTMRG   7:	obj = +1.044415792497e+03	err = 1.2525765605e-07	time = 0.54 sec
[ Info: CTMRG   8:	obj = +1.044415792497e+03	err = 2.2691949380e-08	time = 0.43 sec
[ Info: CTMRG   9:	obj = +1.044415792497e+03	err = 3.6771469782e-09	time = 0.50 sec
[ Info: CTMRG conv 10:	obj = +1.044415792497e+03	err = 5.2352676058e-10	time = 4.78 sec
┌ Warning: `svd` cotangents sensitive to gauge choice: (|Δgauge| = 0.05741874007639923)
└ @ TensorKitChainRulesCoreExt ~/.julia/packages/TensorKit/esxcj/ext/TensorKitChainRulesCoreExt/factorizations.jl:254
┌ Warning: `svd` cotangents sensitive to gauge choice: (|Δgauge| = 9.300019033319405e-11)
└ @ TensorKitChainRulesCoreExt ~/.julia/packages/TensorKit/esxcj/ext/TensorKitChainRulesCoreExt/factorizations.jl:254
┌ Warning: `svd` cotangents sensitive to gauge choice: (|Δgauge| = 0.057418740020481196)
└ @ TensorKitChainRulesCoreExt ~/.julia/packages/TensorKit/esxcj/ext/TensorKitChainRulesCoreExt/factorizations.jl:254
[ Info: LBFGS: iter   14, time 1344.91 s: f = -3.119404002744, ‖∇f‖ = 2.2179e-03, α = 1.00e+00, m = 8, nfg = 1
[ Info: CTMRG init:	obj = +1.061707262384e+03	err = 1.0000e+00
[ Info: CTMRG   1:	obj = +1.061812571598e+03	err = 3.0556436960e-02	time = 0.55 sec
[ Info: CTMRG   2:	obj = +1.061813328112e+03	err = 5.4593685479e-03	time = 0.51 sec
[ Info: CTMRG   3:	obj = +1.061813334999e+03	err = 5.4762749596e-04	time = 0.49 sec
[ Info: CTMRG   4:	obj = +1.061813334716e+03	err = 4.8364467069e-05	time = 0.40 sec
[ Info: CTMRG   5:	obj = +1.061813334694e+03	err = 1.0999516046e-05	time = 0.40 sec
[ Info: CTMRG   6:	obj = +1.061813334694e+03	err = 2.1482975666e-06	time = 0.44 sec
[ Info: CTMRG   7:	obj = +1.061813334693e+03	err = 4.2611013874e-07	time = 0.42 sec
[ Info: CTMRG   8:	obj = +1.061813334693e+03	err = 7.6376684185e-08	time = 0.49 sec
[ Info: CTMRG   9:	obj = +1.061813334693e+03	err = 1.2426711805e-08	time = 0.53 sec
[ Info: CTMRG  10:	obj = +1.061813334693e+03	err = 1.7964156652e-09	time = 0.48 sec
[ Info: CTMRG conv 11:	obj = +1.061813334693e+03	err = 2.8472626175e-10	time = 5.18 sec
┌ Warning: `svd` cotangents sensitive to gauge choice: (|Δgauge| = 0.04503708507069665)
└ @ TensorKitChainRulesCoreExt ~/.julia/packages/TensorKit/esxcj/ext/TensorKitChainRulesCoreExt/factorizations.jl:254
┌ Warning: `svd` cotangents sensitive to gauge choice: (|Δgauge| = 1.2262495703430886e-11)
└ @ TensorKitChainRulesCoreExt ~/.julia/packages/TensorKit/esxcj/ext/TensorKitChainRulesCoreExt/factorizations.jl:254
┌ Warning: `svd` cotangents sensitive to gauge choice: (|Δgauge| = 0.04503708508056344)
└ @ TensorKitChainRulesCoreExt ~/.julia/packages/TensorKit/esxcj/ext/TensorKitChainRulesCoreExt/factorizations.jl:254
[ Info: LBFGS: iter   15, time 1352.99 s: f = -3.122730793394, ‖∇f‖ = 2.0750e-03, α = 1.00e+00, m = 8, nfg = 1
[ Info: CTMRG init:	obj = +1.080644922963e+03	err = 1.0000e+00
[ Info: CTMRG   1:	obj = +1.080736094153e+03	err = 4.9105163936e-02	time = 0.59 sec
[ Info: CTMRG   2:	obj = +1.080736348025e+03	err = 1.9320373071e-02	time = 0.54 sec
[ Info: CTMRG   3:	obj = +1.080736350114e+03	err = 5.8551132645e-04	time = 0.56 sec
[ Info: CTMRG   4:	obj = +1.080736350059e+03	err = 2.5463154362e-05	time = 0.48 sec
[ Info: CTMRG   5:	obj = +1.080736350054e+03	err = 2.9912031205e-06	time = 0.58 sec
[ Info: CTMRG   6:	obj = +1.080736350054e+03	err = 5.1958264039e-07	time = 0.54 sec
[ Info: CTMRG   7:	obj = +1.080736350054e+03	err = 1.2187659255e-07	time = 0.57 sec
[ Info: CTMRG   8:	obj = +1.080736350054e+03	err = 2.9404741298e-08	time = 0.51 sec
[ Info: CTMRG   9:	obj = +1.080736350054e+03	err = 6.1224680243e-09	time = 0.59 sec
[ Info: CTMRG  10:	obj = +1.080736350054e+03	err = 1.1517566180e-09	time = 0.50 sec
[ Info: CTMRG conv 11:	obj = +1.080736350054e+03	err = 1.9838162105e-10	time = 6.02 sec
┌ Warning: `svd` cotangents sensitive to gauge choice: (|Δgauge| = 0.0352321958789088)
└ @ TensorKitChainRulesCoreExt ~/.julia/packages/TensorKit/esxcj/ext/TensorKitChainRulesCoreExt/factorizations.jl:254
┌ Warning: `svd` cotangents sensitive to gauge choice: (|Δgauge| = 8.839165238734333e-12)
└ @ TensorKitChainRulesCoreExt ~/.julia/packages/TensorKit/esxcj/ext/TensorKitChainRulesCoreExt/factorizations.jl:254
┌ Warning: `svd` cotangents sensitive to gauge choice: (|Δgauge| = 0.03523219588602547)
└ @ TensorKitChainRulesCoreExt ~/.julia/packages/TensorKit/esxcj/ext/TensorKitChainRulesCoreExt/factorizations.jl:254
[ Info: LBFGS: iter   16, time 1361.27 s: f = -3.123088294786, ‖∇f‖ = 3.9291e-03, α = 1.00e+00, m = 8, nfg = 1
[ Info: CTMRG init:	obj = +1.082372912695e+03	err = 1.0000e+00
[ Info: CTMRG   1:	obj = +1.082378341183e+03	err = 2.1531853857e-02	time = 0.57 sec
[ Info: CTMRG   2:	obj = +1.082378427991e+03	err = 1.4346970707e-02	time = 0.52 sec
[ Info: CTMRG   3:	obj = +1.082378429233e+03	err = 1.5167974294e-04	time = 0.55 sec
[ Info: CTMRG   4:	obj = +1.082378429218e+03	err = 1.4472305035e-05	time = 0.53 sec
[ Info: CTMRG   5:	obj = +1.082378429216e+03	err = 4.1181770585e-06	time = 0.57 sec
[ Info: CTMRG   6:	obj = +1.082378429216e+03	err = 8.6262677175e-07	time = 0.51 sec
[ Info: CTMRG   7:	obj = +1.082378429216e+03	err = 1.6371476025e-07	time = 0.57 sec
[ Info: CTMRG   8:	obj = +1.082378429216e+03	err = 2.8196037957e-08	time = 0.42 sec
[ Info: CTMRG   9:	obj = +1.082378429216e+03	err = 4.4277691264e-09	time = 0.40 sec
[ Info: CTMRG conv 10:	obj = +1.082378429216e+03	err = 6.2157495712e-10	time = 5.15 sec
┌ Warning: `svd` cotangents sensitive to gauge choice: (|Δgauge| = 0.03316202577537665)
└ @ TensorKitChainRulesCoreExt ~/.julia/packages/TensorKit/esxcj/ext/TensorKitChainRulesCoreExt/factorizations.jl:254
┌ Warning: `svd` cotangents sensitive to gauge choice: (|Δgauge| = 5.0847528157322093e-11)
└ @ TensorKitChainRulesCoreExt ~/.julia/packages/TensorKit/esxcj/ext/TensorKitChainRulesCoreExt/factorizations.jl:254
┌ Warning: `svd` cotangents sensitive to gauge choice: (|Δgauge| = 0.03316202573589981)
└ @ TensorKitChainRulesCoreExt ~/.julia/packages/TensorKit/esxcj/ext/TensorKitChainRulesCoreExt/factorizations.jl:254
[ Info: LBFGS: converged after 17 iterations and time 1368.56 s: f = -3.124599338266, ‖∇f‖ = 6.4478e-04
