  Installing known registries into `~/.julia`
       Added `General` registry to ~/.julia/registries
    Updating registry at `~/.julia/registries/General.toml`
   Installed GPUArraysCore ─────────────── v0.2.0
   Installed RealDot ───────────────────── v0.1.0
   Installed IrrationalConstants ───────── v0.2.4
   Installed TaskLocalValues ───────────── v0.1.2
   Installed IRTools ───────────────────── v0.4.14
   Installed JLD2 ──────────────────────── v0.5.12
   Installed OhMyThreads ───────────────── v0.7.0
   Installed BlockTensorKit ────────────── v0.1.6
   Installed DiffRules ─────────────────── v1.15.1
   Installed Adapt ─────────────────────── v4.3.0
   Installed PtrArrays ─────────────────── v1.3.0
   Installed TableTraits ───────────────── v1.0.1
   Installed Preferences ───────────────── v1.4.3
   Installed LRUCache ──────────────────── v1.6.2
   Installed Accessors ─────────────────── v0.1.42
   Installed IntegerMathUtils ──────────── v0.1.2
   Installed DiffResults ───────────────── v1.1.0
   Installed LoggingExtras ─────────────── v1.0.3
   Installed WignerSymbols ─────────────── v2.0.0
   Installed Tables ────────────────────── v1.12.0
   Installed OptimKit ──────────────────── v0.4.0
   Installed SpecialFunctions ──────────── v2.5.0
   Installed HashArrayMappedTries ──────── v0.2.0
   Installed ChunkSplitters ────────────── v3.1.2
   Installed TensorKit ─────────────────── v0.14.5
   Installed DataAPI ───────────────────── v1.16.0
   Installed Zygote ────────────────────── v0.7.6
   Installed Primes ────────────────────── v0.5.7
   Installed AbstractFFTs ──────────────── v1.5.0
   Installed RecipesBase ───────────────── v1.3.4
   Installed MPSKit ────────────────────── v0.12.6
   Installed StaticArrays ──────────────── v1.9.13
   Installed BlockArrays ───────────────── v1.6.0
   Installed Richardson ────────────────── v1.4.2
   Installed JLLWrappers ───────────────── v1.7.0
   Installed IteratorInterfaceExtensions ─ v1.0.0
   Installed StaticArraysCore ──────────── v1.4.3
   Installed FiniteDifferences ─────────── v0.12.32
   Installed NaNMath ───────────────────── v1.1.3
   Installed ConstructionBase ──────────── v1.5.8
   Installed PrecompileTools ───────────── v1.2.1
   Installed DataValueInterfaces ───────── v1.0.0
   Installed StructArrays ──────────────── v0.7.1
   Installed OrderedCollections ────────── v1.8.0
   Installed TranscodingStreams ────────── v0.11.3
   Installed RationalRoots ─────────────── v0.2.1
   Installed TensorKitSectors ──────────── v0.1.4
   Installed ScopedValues ──────────────── v1.3.0
   Installed StableTasks ───────────────── v0.1.7
   Installed ChainRulesCore ────────────── v1.25.1
   Installed VectorInterface ───────────── v0.5.0
   Installed InitialValues ─────────────── v0.3.1
   Installed FileIO ────────────────────── v1.17.0
   Installed Statistics ────────────────── v1.11.1
   Installed FillArrays ────────────────── v1.13.0
   Installed ForwardDiff ───────────────── v1.0.1
   Installed ChainRules ────────────────── v1.72.3
   Installed MPSKitModels ──────────────── v0.4.0
   Installed Requires ──────────────────── v1.3.1
   Installed LogExpFunctions ───────────── v0.3.29
   Installed CommonSubexpressions ──────── v0.3.1
   Installed ZygoteRules ───────────────── v0.2.7
   Installed StridedViews ──────────────── v0.4.1
   Installed PackageExtensionCompat ────── v1.0.2
   Installed BangBang ──────────────────── v0.4.4
   Installed HalfIntegers ──────────────── v1.6.0
   Installed Strided ───────────────────── v2.3.0
   Installed MacroTools ────────────────── v0.5.15
   Installed OpenSpecFun_jll ───────────── v0.5.6+0
   Installed TensorKitManifolds ────────── v0.7.2
   Installed Compat ────────────────────── v4.16.0
   Installed CompositionsBase ──────────── v0.1.2
   Installed SparseInverseSubset ───────── v0.1.2
   Installed InverseFunctions ──────────── v0.1.17
   Installed TupleTools ────────────────── v1.6.0
   Installed KrylovKit ─────────────────── v0.9.5
   Installed DocStringExtensions ───────── v0.9.4
   Installed PEPSKit ───────────────────── v0.5.0
   Installed TensorOperations ──────────── v5.2.0
   Installed ArrayLayouts ──────────────── v1.11.1
    Updating `/var/lib/condor/execute/dir_3726570/Project.toml`
  [d360d2e6] + ChainRulesCore v1.25.1
  [033835bb] + JLD2 v0.5.12
  [0b1a1467] + KrylovKit v0.9.5
  [bb1c41ca] + MPSKit v0.12.6
  [ca635005] + MPSKitModels v0.4.0
  [77e91f04] + OptimKit v0.4.0
  [52969e89] + PEPSKit v0.5.0
  [07d1fe3e] + TensorKit v0.14.5
  [409d34a3] + VectorInterface v0.5.0
  [e88e6eb3] + Zygote v0.7.6
  [37e2e46d] ~ LinearAlgebra ⇒ v1.11.0
    Updating `/var/lib/condor/execute/dir_3726570/Manifest.toml`
  [621f4979] + AbstractFFTs v1.5.0
  [7d9f7c33] + Accessors v0.1.42
  [79e6a3ab] + Adapt v4.3.0
  [4c555306] + ArrayLayouts v1.11.1
  [198e06fe] + BangBang v0.4.4
  [8e7c35d0] + BlockArrays v1.6.0
  [5f87ffc2] + BlockTensorKit v0.1.6
  [082447d4] + ChainRules v1.72.3
  [d360d2e6] + ChainRulesCore v1.25.1
  [ae650224] + ChunkSplitters v3.1.2
  [bbf7d656] + CommonSubexpressions v0.3.1
  [34da2185] + Compat v4.16.0
  [a33af91c] + CompositionsBase v0.1.2
  [187b0558] + ConstructionBase v1.5.8
  [9a962f9c] + DataAPI v1.16.0
  [e2d170a0] + DataValueInterfaces v1.0.0
  [163ba53b] + DiffResults v1.1.0
  [b552c78f] + DiffRules v1.15.1
  [ffbed154] + DocStringExtensions v0.9.4
  [5789e2e9] + FileIO v1.17.0
  [1a297f60] + FillArrays v1.13.0
  [26cc04aa] + FiniteDifferences v0.12.32
  [f6369f11] + ForwardDiff v1.0.1
  [46192b85] + GPUArraysCore v0.2.0
  [f0d1745a] + HalfIntegers v1.6.0
  [076d061b] + HashArrayMappedTries v0.2.0
  [7869d1d1] + IRTools v0.4.14
  [22cec73e] + InitialValues v0.3.1
  [18e54dd8] + IntegerMathUtils v0.1.2
  [3587e190] + InverseFunctions v0.1.17
  [92d709cd] + IrrationalConstants v0.2.4
  [82899510] + IteratorInterfaceExtensions v1.0.0
  [033835bb] + JLD2 v0.5.12
  [692b3bcd] + JLLWrappers v1.7.0
  [0b1a1467] + KrylovKit v0.9.5
  [8ac3fa9e] + LRUCache v1.6.2
  [2ab3a3ac] + LogExpFunctions v0.3.29
⌅ [e6f89c97] + LoggingExtras v1.0.3
  [bb1c41ca] + MPSKit v0.12.6
  [ca635005] + MPSKitModels v0.4.0
  [1914dd2f] + MacroTools v0.5.15
  [77ba4419] + NaNMath v1.1.3
⌅ [67456a42] + OhMyThreads v0.7.0
  [77e91f04] + OptimKit v0.4.0
  [bac558e1] + OrderedCollections v1.8.0
  [52969e89] + PEPSKit v0.5.0
  [65ce6f38] + PackageExtensionCompat v1.0.2
⌅ [aea7be01] + PrecompileTools v1.2.1
  [21216c6a] + Preferences v1.4.3
  [27ebfcd6] + Primes v0.5.7
  [43287f4e] + PtrArrays v1.3.0
  [308eb6b3] + RationalRoots v0.2.1
  [c1ae055f] + RealDot v0.1.0
  [3cdcf5f2] + RecipesBase v1.3.4
  [ae029012] + Requires v1.3.1
  [708f8203] + Richardson v1.4.2
  [7e506255] + ScopedValues v1.3.0
  [dc90abb0] + SparseInverseSubset v0.1.2
  [276daf66] + SpecialFunctions v2.5.0
  [91464d47] + StableTasks v0.1.7
  [90137ffa] + StaticArrays v1.9.13
  [1e83bf80] + StaticArraysCore v1.4.3
  [10745b16] + Statistics v1.11.1
  [5e0ebb24] + Strided v2.3.0
  [4db3bf67] + StridedViews v0.4.1
  [09ab397b] + StructArrays v0.7.1
  [3783bdb8] + TableTraits v1.0.1
  [bd369af6] + Tables v1.12.0
  [ed4db957] + TaskLocalValues v0.1.2
  [07d1fe3e] + TensorKit v0.14.5
  [11fa318c] + TensorKitManifolds v0.7.2
  [13a9c161] + TensorKitSectors v0.1.4
  [6aa20fa7] + TensorOperations v5.2.0
  [3bb67fe8] + TranscodingStreams v0.11.3
  [9d95972d] + TupleTools v1.6.0
  [409d34a3] + VectorInterface v0.5.0
  [9f57e263] + WignerSymbols v2.0.0
  [e88e6eb3] + Zygote v0.7.6
  [700de1a5] + ZygoteRules v0.2.7
  [efe28fd5] + OpenSpecFun_jll v0.5.6+0
  [0dad84c5] + ArgTools v1.1.2
  [56f22d72] + Artifacts v1.11.0
  [2a0f44e3] + Base64 v1.11.0
  [ade2ca70] + Dates v1.11.0
  [8ba89e20] + Distributed v1.11.0
  [f43a241f] + Downloads v1.6.0
  [7b1f6079] + FileWatching v1.11.0
  [b77e0a4c] + InteractiveUtils v1.11.0
  [b27032c2] + LibCURL v0.6.4
  [76f85450] + LibGit2 v1.11.0
  [8f399da3] + Libdl v1.11.0
  [37e2e46d] + LinearAlgebra v1.11.0
  [56ddb016] + Logging v1.11.0
  [d6f4376e] + Markdown v1.11.0
  [a63ad114] + Mmap v1.11.0
  [ca575930] + NetworkOptions v1.2.0
  [44cfe95a] + Pkg v1.11.0
  [de0858da] + Printf v1.11.0
  [9a3f8284] + Random v1.11.0
  [ea8e919c] + SHA v0.7.0
  [9e88b42a] + Serialization v1.11.0
  [6462fe0b] + Sockets v1.11.0
  [2f01184e] + SparseArrays v1.11.0
  [4607b0f0] + SuiteSparse
  [fa267f1f] + TOML v1.0.3
  [a4e569a6] + Tar v1.10.0
  [cf7118a7] + UUIDs v1.11.0
  [4ec0a83e] + Unicode v1.11.0
  [e66e0078] + CompilerSupportLibraries_jll v1.1.1+0
  [deac9b47] + LibCURL_jll v8.6.0+0
  [e37daf67] + LibGit2_jll v1.7.2+0
  [29816b5a] + LibSSH2_jll v1.11.0+1
  [c8ffd9c3] + MbedTLS_jll v2.28.6+0
  [14a3606d] + MozillaCACerts_jll v2023.12.12
  [4536629a] + OpenBLAS_jll v0.3.27+1
  [05823500] + OpenLibm_jll v0.8.1+2
  [bea87d4a] + SuiteSparse_jll v7.7.0+0
  [83775a58] + Zlib_jll v1.2.13+1
  [8e850b90] + libblastrampoline_jll v5.11.0+0
  [8e850ede] + nghttp2_jll v1.59.0+0
  [3f19e933] + p7zip_jll v17.4.0+2
        Info Packages marked with ⌅ have new versions available but compatibility constraints restrict them from upgrading. To see why use `status --outdated -m`
Precompiling project...
    547.3 ms  ✓ DataValueInterfaces
    613.3 ms  ✓ TaskLocalValues
    572.4 ms  ✓ IntegerMathUtils
    570.4 ms  ✓ RealDot
    631.3 ms  ✓ Richardson
    666.7 ms  ✓ InverseFunctions
    729.1 ms  ✓ HalfIntegers
    935.4 ms  ✓ StableTasks
    912.9 ms  ✓ DocStringExtensions
    971.2 ms  ✓ AbstractFFTs
    916.8 ms  ✓ VectorInterface
    921.8 ms  ✓ LRUCache
    910.7 ms  ✓ Statistics
    983.1 ms  ✓ OrderedCollections
    509.2 ms  ✓ IteratorInterfaceExtensions
    527.1 ms  ✓ PackageExtensionCompat
    653.2 ms  ✓ DataAPI
    716.6 ms  ✓ ConstructionBase
    569.7 ms  ✓ CompositionsBase
   1474.7 ms  ✓ FillArrays
    559.2 ms  ✓ PtrArrays
    637.1 ms  ✓ RationalRoots
    639.9 ms  ✓ StaticArraysCore
    896.1 ms  ✓ InverseFunctions → InverseFunctionsDatesExt
    649.7 ms  ✓ LRUCache → SerializationExt
   1575.5 ms  ✓ IrrationalConstants
    693.3 ms  ✓ TupleTools
    767.4 ms  ✓ NaNMath
    859.1 ms  ✓ TranscodingStreams
    800.8 ms  ✓ Requires
    853.2 ms  ✓ LoggingExtras
    824.6 ms  ✓ SuiteSparse
    915.5 ms  ✓ Compat
    577.3 ms  ✓ TableTraits
    590.6 ms  ✓ HashArrayMappedTries
    670.4 ms  ✓ ChunkSplitters
   1364.3 ms  ✓ InitialValues
    733.2 ms  ✓ StridedViews
    941.2 ms  ✓ Primes
    624.5 ms  ✓ ConstructionBase → ConstructionBaseLinearAlgebraExt
    633.4 ms  ✓ CompositionsBase → CompositionsBaseInverseFunctionsExt
   1017.3 ms  ✓ Preferences
    905.4 ms  ✓ Statistics → SparseArraysExt
    626.7 ms  ✓ FillArrays → FillArraysStatisticsExt
    647.0 ms  ✓ Compat → CompatLinearAlgebraExt
    687.5 ms  ✓ Adapt
    691.7 ms  ✓ DiffResults
    544.3 ms  ✓ ScopedValues
    940.2 ms  ✓ FillArrays → FillArraysSparseArraysExt
    574.8 ms  ✓ StridedViews → StridedViewsPtrArraysExt
    830.4 ms  ✓ SparseInverseSubset
    932.0 ms  ✓ LogExpFunctions
    672.1 ms  ✓ PrecompileTools
    892.0 ms  ✓ Strided
    736.3 ms  ✓ JLLWrappers
   1180.4 ms  ✓ Tables
    805.9 ms  ✓ Adapt → AdaptSparseArraysExt
    723.8 ms  ✓ GPUArraysCore
   2170.0 ms  ✓ KrylovKit
    629.0 ms  ✓ LogExpFunctions → LogExpFunctionsInverseFunctionsExt
   3328.8 ms  ✓ MacroTools
    836.2 ms  ✓ OpenSpecFun_jll
   1727.8 ms  ✓ ChainRulesCore
    694.9 ms  ✓ CommonSubexpressions
   1171.5 ms  ✓ StructArrays
   1853.7 ms  ✓ OptimKit
    685.4 ms  ✓ AbstractFFTs → AbstractFFTsChainRulesCoreExt
    867.2 ms  ✓ ChainRulesCore → ChainRulesCoreSparseArraysExt
    656.2 ms  ✓ StructArrays → StructArraysAdaptExt
    924.0 ms  ✓ KrylovKit → KrylovKitChainRulesCoreExt
   2284.8 ms  ✓ RecipesBase
    880.2 ms  ✓ StructArrays → StructArraysSparseArraysExt
   1116.0 ms  ✓ ZygoteRules
   3385.5 ms  ✓ WignerSymbols
    658.5 ms  ✓ StructArrays → StructArraysLinearAlgebraExt
   2554.4 ms  ✓ IRTools
   2097.7 ms  ✓ LogExpFunctions → LogExpFunctionsChainRulesCoreExt
   2970.0 ms  ✓ Accessors
   5376.9 ms  ✓ FileIO
    736.5 ms  ✓ Accessors → StructArraysExt
    817.8 ms  ✓ Accessors → LinearAlgebraExt
   3851.3 ms  ✓ SpecialFunctions
   1184.8 ms  ✓ BangBang
    921.6 ms  ✓ DiffRules
    758.1 ms  ✓ BangBang → BangBangTablesExt
    761.9 ms  ✓ BangBang → BangBangStructArraysExt
    785.8 ms  ✓ BangBang → BangBangChainRulesCoreExt
   1318.5 ms  ✓ OhMyThreads
   2569.6 ms  ✓ SpecialFunctions → SpecialFunctionsChainRulesCoreExt
   9885.1 ms  ✓ StaticArrays
   7633.7 ms  ✓ ChainRules
   4925.1 ms  ✓ ForwardDiff
    923.8 ms  ✓ Adapt → AdaptStaticArraysExt
    950.5 ms  ✓ ConstructionBase → ConstructionBaseStaticArraysExt
    952.5 ms  ✓ StaticArrays → StaticArraysStatisticsExt
    982.5 ms  ✓ StaticArrays → StaticArraysChainRulesCoreExt
   1023.4 ms  ✓ StructArrays → StructArraysStaticArraysExt
   1062.6 ms  ✓ BangBang → BangBangStaticArraysExt
   1066.6 ms  ✓ Accessors → StaticArraysExt
   1102.9 ms  ✓ ForwardDiff → ForwardDiffStaticArraysExt
   1570.2 ms  ✓ FiniteDifferences
  17972.8 ms  ✓ ArrayLayouts
   1017.8 ms  ✓ ArrayLayouts → ArrayLayoutsSparseArraysExt
   2145.5 ms  ✓ BlockArrays
    992.1 ms  ✓ BlockArrays → BlockArraysAdaptExt
  37972.1 ms  ✓ JLD2
  39558.9 ms  ✓ Zygote
 182953.2 ms  ✓ TensorOperations
   1650.8 ms  ✓ TensorOperations → TensorOperationsChainRulesCoreExt
   7960.2 ms  ✓ TensorKitSectors
   9579.0 ms  ✓ TensorKit
   2361.2 ms  ✓ TensorKitManifolds
   2456.9 ms  ✓ TensorKit → TensorKitFiniteDifferencesExt
   2608.6 ms  ✓ TensorKit → TensorKitChainRulesCoreExt
   3356.7 ms  ✓ BlockTensorKit
  18438.0 ms  ✓ MPSKit
  15989.5 ms  ✓ MPSKitModels
  18790.8 ms  ✓ PEPSKit
  118 dependencies successfully precompiled in 261 seconds. 31 already precompiled.
[ Info: CTMRG init:	obj = -2.010735807454e+00 -1.401482857515e+00im	err = 1.0000e+00
[ Info: CTMRG conv 32:	obj = +2.521127911983e+00	err = 6.0672348117e-10	time = 47.03 sec
[ Info: CTMRG init:	obj = +2.521127911983e+00	err = 1.0000e+00
[ Info: CTMRG conv 4:	obj = +2.521127911983e+00	err = 3.1148089537e-11	time = 1.89 min
┌ Warning: `svd` cotangents sensitive to gauge choice: (|Δgauge| = 0.46903147001351153)
└ @ TensorKitChainRulesCoreExt ~/.julia/packages/TensorKit/esxcj/ext/TensorKitChainRulesCoreExt/factorizations.jl:254
┌ Warning: `svd` cotangents sensitive to gauge choice: (|Δgauge| = 0.004213330298586079)
└ @ TensorKitChainRulesCoreExt ~/.julia/packages/TensorKit/esxcj/ext/TensorKitChainRulesCoreExt/factorizations.jl:254
┌ Warning: `svd` cotangents sensitive to gauge choice: (|Δgauge| = 0.466755066446154)
└ @ TensorKitChainRulesCoreExt ~/.julia/packages/TensorKit/esxcj/ext/TensorKitChainRulesCoreExt/factorizations.jl:254
[ Info: LBFGS: initializing with f = 0.091829957495, ‖∇f‖ = 6.2414e-01
[ Info: CTMRG init:	obj = +2.519720559378e+00	err = 1.0000e+00
[ Info: CTMRG conv 17:	obj = +2.519738396073e+00	err = 8.1855148025e-10	time = 9.08 sec
┌ Warning: `svd` cotangents sensitive to gauge choice: (|Δgauge| = 0.4694765549480221)
└ @ TensorKitChainRulesCoreExt ~/.julia/packages/TensorKit/esxcj/ext/TensorKitChainRulesCoreExt/factorizations.jl:254
┌ Warning: `svd` cotangents sensitive to gauge choice: (|Δgauge| = 1.572353648464531e-7)
└ @ TensorKitChainRulesCoreExt ~/.julia/packages/TensorKit/esxcj/ext/TensorKitChainRulesCoreExt/factorizations.jl:254
┌ Warning: `svd` cotangents sensitive to gauge choice: (|Δgauge| = 0.46947651986515904)
└ @ TensorKitChainRulesCoreExt ~/.julia/packages/TensorKit/esxcj/ext/TensorKitChainRulesCoreExt/factorizations.jl:254
[ Info: CTMRG init:	obj = +2.514107040910e+00	err = 1.0000e+00
[ Info: CTMRG conv 19:	obj = +2.514552604668e+00	err = 7.9832196025e-10	time = 8.95 sec
┌ Warning: `svd` cotangents sensitive to gauge choice: (|Δgauge| = 0.47096915186971067)
└ @ TensorKitChainRulesCoreExt ~/.julia/packages/TensorKit/esxcj/ext/TensorKitChainRulesCoreExt/factorizations.jl:254
┌ Warning: `svd` cotangents sensitive to gauge choice: (|Δgauge| = 3.107913446777112e-8)
└ @ TensorKitChainRulesCoreExt ~/.julia/packages/TensorKit/esxcj/ext/TensorKitChainRulesCoreExt/factorizations.jl:254
┌ Warning: `svd` cotangents sensitive to gauge choice: (|Δgauge| = 0.47096914579681326)
└ @ TensorKitChainRulesCoreExt ~/.julia/packages/TensorKit/esxcj/ext/TensorKitChainRulesCoreExt/factorizations.jl:254
[ Info: CTMRG init:	obj = +2.486449769987e+00	err = 1.0000e+00
[ Info: CTMRG conv 21:	obj = +2.497582040327e+00	err = 6.4127632335e-10	time = 9.74 sec
┌ Warning: `svd` cotangents sensitive to gauge choice: (|Δgauge| = 0.4717933593925051)
└ @ TensorKitChainRulesCoreExt ~/.julia/packages/TensorKit/esxcj/ext/TensorKitChainRulesCoreExt/factorizations.jl:254
┌ Warning: `svd` cotangents sensitive to gauge choice: (|Δgauge| = 3.95351779229177e-9)
└ @ TensorKitChainRulesCoreExt ~/.julia/packages/TensorKit/esxcj/ext/TensorKitChainRulesCoreExt/factorizations.jl:254
┌ Warning: `svd` cotangents sensitive to gauge choice: (|Δgauge| = 0.47179335934835576)
└ @ TensorKitChainRulesCoreExt ~/.julia/packages/TensorKit/esxcj/ext/TensorKitChainRulesCoreExt/factorizations.jl:254
[ Info: CTMRG init:	obj = +2.361846077702e+00	err = 1.0000e+00
┌ Warning: CTMRG cancel 100:	obj = +2.721813178276e+00	err = 2.7634515203e-02	time = 52.39 sec
└ @ PEPSKit ~/.julia/packages/PEPSKit/P7ER3/src/algorithms/ctmrg/ctmrg.jl:129
┌ Warning: `svd` cotangents sensitive to gauge choice: (|Δgauge| = 0.2321803054657105)
└ @ TensorKitChainRulesCoreExt ~/.julia/packages/TensorKit/esxcj/ext/TensorKitChainRulesCoreExt/factorizations.jl:254
┌ Warning: `svd` cotangents sensitive to gauge choice: (|Δgauge| = 0.00012199105400203386)
└ @ TensorKitChainRulesCoreExt ~/.julia/packages/TensorKit/esxcj/ext/TensorKitChainRulesCoreExt/factorizations.jl:254
┌ Warning: `svd` cotangents sensitive to gauge choice: (|Δgauge| = 0.23208077942724525)
└ @ TensorKitChainRulesCoreExt ~/.julia/packages/TensorKit/esxcj/ext/TensorKitChainRulesCoreExt/factorizations.jl:254
[ Info: CTMRG init:	obj = +2.340330335601e+00	err = 1.0000e+00
┌ Warning: CTMRG cancel 100:	obj = +5.016556939457e+00 +1.752168235971e-11im	err = 4.0569420768e-06	time = 55.49 sec
└ @ PEPSKit ~/.julia/packages/PEPSKit/P7ER3/src/algorithms/ctmrg/ctmrg.jl:129
┌ Warning: `svd` cotangents sensitive to gauge choice: (|Δgauge| = 0.04754771856075166)
└ @ TensorKitChainRulesCoreExt ~/.julia/packages/TensorKit/esxcj/ext/TensorKitChainRulesCoreExt/factorizations.jl:254
┌ Warning: `svd` cotangents sensitive to gauge choice: (|Δgauge| = 0.0006520478244282162)
└ @ TensorKitChainRulesCoreExt ~/.julia/packages/TensorKit/esxcj/ext/TensorKitChainRulesCoreExt/factorizations.jl:254
┌ Warning: `svd` cotangents sensitive to gauge choice: (|Δgauge| = 0.04759409766742548)
└ @ TensorKitChainRulesCoreExt ~/.julia/packages/TensorKit/esxcj/ext/TensorKitChainRulesCoreExt/factorizations.jl:254
[ Info: CTMRG init:	obj = +2.325033568981e+00	err = 1.0000e+00
┌ Warning: CTMRG cancel 100:	obj = +5.019059416619e+00 +2.309350819597e-11im	err = 2.5735250984e-05	time = 1.04 min
└ @ PEPSKit ~/.julia/packages/PEPSKit/P7ER3/src/algorithms/ctmrg/ctmrg.jl:129
┌ Warning: `svd` cotangents sensitive to gauge choice: (|Δgauge| = 0.048387417021221554)
└ @ TensorKitChainRulesCoreExt ~/.julia/packages/TensorKit/esxcj/ext/TensorKitChainRulesCoreExt/factorizations.jl:254
┌ Warning: `svd` cotangents sensitive to gauge choice: (|Δgauge| = 0.0006272898716056459)
└ @ TensorKitChainRulesCoreExt ~/.julia/packages/TensorKit/esxcj/ext/TensorKitChainRulesCoreExt/factorizations.jl:254
┌ Warning: `svd` cotangents sensitive to gauge choice: (|Δgauge| = 0.048431639479230244)
└ @ TensorKitChainRulesCoreExt ~/.julia/packages/TensorKit/esxcj/ext/TensorKitChainRulesCoreExt/factorizations.jl:254
[ Info: LBFGS: iter    1, time 1892.20 s: f = -1.628405815458, ‖∇f‖ = 2.5831e-01, α = 6.10e+02, m = 0, nfg = 6
[ Info: CTMRG init:	obj = +1.671132241120e+00 +7.689619073794e-12im	err = 1.0000e+00
┌ Warning: CTMRG cancel 100:	obj = +3.824876315883e+00 -9.986350742059e-11im	err = 9.4944557816e-04	time = 1.12 min
└ @ PEPSKit ~/.julia/packages/PEPSKit/P7ER3/src/algorithms/ctmrg/ctmrg.jl:129
┌ Warning: `svd` cotangents sensitive to gauge choice: (|Δgauge| = 0.05682965815813951)
└ @ TensorKitChainRulesCoreExt ~/.julia/packages/TensorKit/esxcj/ext/TensorKitChainRulesCoreExt/factorizations.jl:254
┌ Warning: `svd` cotangents sensitive to gauge choice: (|Δgauge| = 5.9488862667217134e-6)
└ @ TensorKitChainRulesCoreExt ~/.julia/packages/TensorKit/esxcj/ext/TensorKitChainRulesCoreExt/factorizations.jl:254
┌ Warning: `svd` cotangents sensitive to gauge choice: (|Δgauge| = 0.056828727052391136)
└ @ TensorKitChainRulesCoreExt ~/.julia/packages/TensorKit/esxcj/ext/TensorKitChainRulesCoreExt/factorizations.jl:254
[ Info: CTMRG init:	obj = +2.855366167452e+00 +1.313795965782e-11im	err = 1.0000e+00
┌ Warning: CTMRG cancel 100:	obj = +3.941163603134e+00 -1.046291323211e-11im	err = 1.2553794637e-04	time = 1.24 min
└ @ PEPSKit ~/.julia/packages/PEPSKit/P7ER3/src/algorithms/ctmrg/ctmrg.jl:129
┌ Warning: `svd` cotangents sensitive to gauge choice: (|Δgauge| = 0.05066947611287727)
└ @ TensorKitChainRulesCoreExt ~/.julia/packages/TensorKit/esxcj/ext/TensorKitChainRulesCoreExt/factorizations.jl:254
┌ Warning: `svd` cotangents sensitive to gauge choice: (|Δgauge| = 0.05066947611287928)
└ @ TensorKitChainRulesCoreExt ~/.julia/packages/TensorKit/esxcj/ext/TensorKitChainRulesCoreExt/factorizations.jl:254
[ Info: CTMRG init:	obj = +3.618184833764e+00 +1.664742684038e-11im	err = 1.0000e+00
┌ Warning: CTMRG cancel 100:	obj = +4.070100552944e+00 -9.373109210765e-11im	err = 7.8747589529e-04	time = 1.32 min
└ @ PEPSKit ~/.julia/packages/PEPSKit/P7ER3/src/algorithms/ctmrg/ctmrg.jl:129
┌ Warning: `svd` cotangents sensitive to gauge choice: (|Δgauge| = 0.04176294085310914)
└ @ TensorKitChainRulesCoreExt ~/.julia/packages/TensorKit/esxcj/ext/TensorKitChainRulesCoreExt/factorizations.jl:254
┌ Warning: `svd` cotangents sensitive to gauge choice: (|Δgauge| = 2.3636432240700655e-6)
└ @ TensorKitChainRulesCoreExt ~/.julia/packages/TensorKit/esxcj/ext/TensorKitChainRulesCoreExt/factorizations.jl:254
┌ Warning: `svd` cotangents sensitive to gauge choice: (|Δgauge| = 0.04176292364122528)
└ @ TensorKitChainRulesCoreExt ~/.julia/packages/TensorKit/esxcj/ext/TensorKitChainRulesCoreExt/factorizations.jl:254
[ Info: LBFGS: iter    2, time 2225.96 s: f = -1.686405851174, ‖∇f‖ = 2.8228e-01, α = 3.62e-01, m = 1, nfg = 3
[ Info: CTMRG init:	obj = +4.421808205194e+00 -1.016745262176e-10im	err = 1.0000e+00
┌ Warning: CTMRG cancel 100:	obj = +4.496505253261e+00 -4.131900422517e-05im	err = 1.4704007883e-03	time = 1.47 min
└ @ PEPSKit ~/.julia/packages/PEPSKit/P7ER3/src/algorithms/ctmrg/ctmrg.jl:129
┌ Warning: `svd` cotangents sensitive to gauge choice: (|Δgauge| = 0.03179880224585965)
└ @ TensorKitChainRulesCoreExt ~/.julia/packages/TensorKit/esxcj/ext/TensorKitChainRulesCoreExt/factorizations.jl:254
┌ Warning: `svd` cotangents sensitive to gauge choice: (|Δgauge| = 2.2237449481076803e-8)
└ @ TensorKitChainRulesCoreExt ~/.julia/packages/TensorKit/esxcj/ext/TensorKitChainRulesCoreExt/factorizations.jl:254
┌ Warning: `svd` cotangents sensitive to gauge choice: (|Δgauge| = 0.031798780008443314)
└ @ TensorKitChainRulesCoreExt ~/.julia/packages/TensorKit/esxcj/ext/TensorKitChainRulesCoreExt/factorizations.jl:254
[ Info: LBFGS: iter    3, time 2352.10 s: f = -1.717551947956, ‖∇f‖ = 9.6873e-02, α = 1.00e+00, m = 2, nfg = 1
[ Info: CTMRG init:	obj = +4.435552177724e+00 -4.076021480429e-05im	err = 1.0000e+00
[ Info: CTMRG conv 77:	obj = +4.516012772863e+00	err = 8.3356595124e-10	time = 1.23 min
┌ Warning: `svd` cotangents sensitive to gauge choice: (|Δgauge| = 0.03469313678577164)
└ @ TensorKitChainRulesCoreExt ~/.julia/packages/TensorKit/esxcj/ext/TensorKitChainRulesCoreExt/factorizations.jl:254
┌ Warning: `svd` cotangents sensitive to gauge choice: (|Δgauge| = 0.03469313678572075)
└ @ TensorKitChainRulesCoreExt ~/.julia/packages/TensorKit/esxcj/ext/TensorKitChainRulesCoreExt/factorizations.jl:254
[ Info: CTMRG init:	obj = +4.183805098634e+00 -3.845207905827e-05im	err = 1.0000e+00
[ Info: CTMRG conv 78:	obj = +4.278978016731e+00	err = 6.9891145364e-10	time = 1.28 min
┌ Warning: `svd` cotangents sensitive to gauge choice: (|Δgauge| = 0.054232397504982294)
└ @ TensorKitChainRulesCoreExt ~/.julia/packages/TensorKit/esxcj/ext/TensorKitChainRulesCoreExt/factorizations.jl:254
┌ Warning: `svd` cotangents sensitive to gauge choice: (|Δgauge| = 3.4947324726710776e-11)
└ @ TensorKitChainRulesCoreExt ~/.julia/packages/TensorKit/esxcj/ext/TensorKitChainRulesCoreExt/factorizations.jl:254
┌ Warning: `svd` cotangents sensitive to gauge choice: (|Δgauge| = 0.05423239750507904)
└ @ TensorKitChainRulesCoreExt ~/.julia/packages/TensorKit/esxcj/ext/TensorKitChainRulesCoreExt/factorizations.jl:254
[ Info: CTMRG init:	obj = +2.828956368145e+00 -2.602486340682e-05im	err = 1.0000e+00
[ Info: CTMRG conv 72:	obj = +3.467390069464e+00	err = 9.2808732224e-10	time = 1.26 min
┌ Warning: `svd` cotangents sensitive to gauge choice: (|Δgauge| = 0.18340534184985552)
└ @ TensorKitChainRulesCoreExt ~/.julia/packages/TensorKit/esxcj/ext/TensorKitChainRulesCoreExt/factorizations.jl:254
┌ Warning: `svd` cotangents sensitive to gauge choice: (|Δgauge| = 4.8837435924558815e-8)
└ @ TensorKitChainRulesCoreExt ~/.julia/packages/TensorKit/esxcj/ext/TensorKitChainRulesCoreExt/factorizations.jl:254
┌ Warning: `svd` cotangents sensitive to gauge choice: (|Δgauge| = 0.18340536048274214)
└ @ TensorKitChainRulesCoreExt ~/.julia/packages/TensorKit/esxcj/ext/TensorKitChainRulesCoreExt/factorizations.jl:254
[ Info: CTMRG init:	obj = +4.054668306186e+00 -3.726795642541e-05im	err = 1.0000e+00
[ Info: CTMRG conv 85:	obj = +4.167376274724e+00	err = 8.9601935761e-10	time = 1.56 min
┌ Warning: `svd` cotangents sensitive to gauge choice: (|Δgauge| = 0.06595099632074514)
└ @ TensorKitChainRulesCoreExt ~/.julia/packages/TensorKit/esxcj/ext/TensorKitChainRulesCoreExt/factorizations.jl:254
┌ Warning: `svd` cotangents sensitive to gauge choice: (|Δgauge| = 5.182965021696948e-11)
└ @ TensorKitChainRulesCoreExt ~/.julia/packages/TensorKit/esxcj/ext/TensorKitChainRulesCoreExt/factorizations.jl:254
┌ Warning: `svd` cotangents sensitive to gauge choice: (|Δgauge| = 0.065950996321297)
└ @ TensorKitChainRulesCoreExt ~/.julia/packages/TensorKit/esxcj/ext/TensorKitChainRulesCoreExt/factorizations.jl:254
[ Info: LBFGS: iter    4, time 2792.37 s: f = -1.745293690297, ‖∇f‖ = 1.7595e-01, α = 6.99e+00, m = 3, nfg = 4
[ Info: CTMRG init:	obj = +3.754426714497e+00	err = 1.0000e+00
[ Info: CTMRG conv 46:	obj = +3.814624865370e+00	err = 9.5197844506e-10	time = 52.19 sec
┌ Warning: `svd` cotangents sensitive to gauge choice: (|Δgauge| = 0.15448170500597447)
└ @ TensorKitChainRulesCoreExt ~/.julia/packages/TensorKit/esxcj/ext/TensorKitChainRulesCoreExt/factorizations.jl:254
┌ Warning: `svd` cotangents sensitive to gauge choice: (|Δgauge| = 1.0648613786130013e-8)
└ @ TensorKitChainRulesCoreExt ~/.julia/packages/TensorKit/esxcj/ext/TensorKitChainRulesCoreExt/factorizations.jl:254
┌ Warning: `svd` cotangents sensitive to gauge choice: (|Δgauge| = 0.1544817042470082)
└ @ TensorKitChainRulesCoreExt ~/.julia/packages/TensorKit/esxcj/ext/TensorKitChainRulesCoreExt/factorizations.jl:254
[ Info: CTMRG init:	obj = +4.033802309164e+00	err = 1.0000e+00
[ Info: CTMRG conv 45:	obj = +4.040270951334e+00	err = 8.7395373271e-10	time = 52.63 sec
┌ Warning: `svd` cotangents sensitive to gauge choice: (|Δgauge| = 0.09380064771044988)
└ @ TensorKitChainRulesCoreExt ~/.julia/packages/TensorKit/esxcj/ext/TensorKitChainRulesCoreExt/factorizations.jl:254
┌ Warning: `svd` cotangents sensitive to gauge choice: (|Δgauge| = 2.7393949632876205e-8)
└ @ TensorKitChainRulesCoreExt ~/.julia/packages/TensorKit/esxcj/ext/TensorKitChainRulesCoreExt/factorizations.jl:254
┌ Warning: `svd` cotangents sensitive to gauge choice: (|Δgauge| = 0.09380064747714581)
└ @ TensorKitChainRulesCoreExt ~/.julia/packages/TensorKit/esxcj/ext/TensorKitChainRulesCoreExt/factorizations.jl:254
[ Info: LBFGS: iter    5, time 2936.77 s: f = -1.761324632459, ‖∇f‖ = 2.1355e-01, α = 3.67e-01, m = 3, nfg = 2
[ Info: CTMRG init:	obj = +3.789504913345e+00	err = 1.0000e+00
[ Info: CTMRG conv 37:	obj = +3.838256745130e+00	err = 9.5099810584e-10	time = 44.26 sec
┌ Warning: `svd` cotangents sensitive to gauge choice: (|Δgauge| = 0.13896733741112954)
└ @ TensorKitChainRulesCoreExt ~/.julia/packages/TensorKit/esxcj/ext/TensorKitChainRulesCoreExt/factorizations.jl:254
┌ Warning: `svd` cotangents sensitive to gauge choice: (|Δgauge| = 5.98944256208146e-9)
└ @ TensorKitChainRulesCoreExt ~/.julia/packages/TensorKit/esxcj/ext/TensorKitChainRulesCoreExt/factorizations.jl:254
┌ Warning: `svd` cotangents sensitive to gauge choice: (|Δgauge| = 0.13896733727418517)
└ @ TensorKitChainRulesCoreExt ~/.julia/packages/TensorKit/esxcj/ext/TensorKitChainRulesCoreExt/factorizations.jl:254
[ Info: LBFGS: iter    6, time 2998.05 s: f = -1.783097182361, ‖∇f‖ = 3.5311e-01, α = 1.00e+00, m = 3, nfg = 1
[ Info: CTMRG init:	obj = +4.094670558041e+00	err = 1.0000e+00
[ Info: CTMRG conv 25:	obj = +4.123679449705e+00	err = 8.5778535700e-10	time = 29.54 sec
┌ Warning: `svd` cotangents sensitive to gauge choice: (|Δgauge| = 0.08172416956374082)
└ @ TensorKitChainRulesCoreExt ~/.julia/packages/TensorKit/esxcj/ext/TensorKitChainRulesCoreExt/factorizations.jl:254
┌ Warning: `svd` cotangents sensitive to gauge choice: (|Δgauge| = 2.1191360975409284e-8)
└ @ TensorKitChainRulesCoreExt ~/.julia/packages/TensorKit/esxcj/ext/TensorKitChainRulesCoreExt/factorizations.jl:254
┌ Warning: `svd` cotangents sensitive to gauge choice: (|Δgauge| = 0.08172417212981561)
└ @ TensorKitChainRulesCoreExt ~/.julia/packages/TensorKit/esxcj/ext/TensorKitChainRulesCoreExt/factorizations.jl:254
[ Info: LBFGS: iter    7, time 3041.54 s: f = -1.822391422996, ‖∇f‖ = 1.0817e-01, α = 1.00e+00, m = 3, nfg = 1
[ Info: CTMRG init:	obj = +4.074816409170e+00	err = 1.0000e+00
[ Info: CTMRG conv 27:	obj = +4.080378510741e+00	err = 7.5081473481e-10	time = 32.66 sec
┌ Warning: `svd` cotangents sensitive to gauge choice: (|Δgauge| = 0.06576526130359964)
└ @ TensorKitChainRulesCoreExt ~/.julia/packages/TensorKit/esxcj/ext/TensorKitChainRulesCoreExt/factorizations.jl:254
┌ Warning: `svd` cotangents sensitive to gauge choice: (|Δgauge| = 3.4708376364132955e-9)
└ @ TensorKitChainRulesCoreExt ~/.julia/packages/TensorKit/esxcj/ext/TensorKitChainRulesCoreExt/factorizations.jl:254
┌ Warning: `svd` cotangents sensitive to gauge choice: (|Δgauge| = 0.06576526109889977)
└ @ TensorKitChainRulesCoreExt ~/.julia/packages/TensorKit/esxcj/ext/TensorKitChainRulesCoreExt/factorizations.jl:254
[ Info: LBFGS: iter    8, time 3088.24 s: f = -1.834499102282, ‖∇f‖ = 8.6703e-02, α = 1.00e+00, m = 3, nfg = 1
[ Info: CTMRG init:	obj = +3.918171479977e+00	err = 1.0000e+00
[ Info: CTMRG conv 30:	obj = +3.996676315659e+00	err = 9.8031232586e-10	time = 37.54 sec
┌ Warning: `svd` cotangents sensitive to gauge choice: (|Δgauge| = 0.03661474502789577)
└ @ TensorKitChainRulesCoreExt ~/.julia/packages/TensorKit/esxcj/ext/TensorKitChainRulesCoreExt/factorizations.jl:254
┌ Warning: `svd` cotangents sensitive to gauge choice: (|Δgauge| = 1.3652815105919886e-8)
└ @ TensorKitChainRulesCoreExt ~/.julia/packages/TensorKit/esxcj/ext/TensorKitChainRulesCoreExt/factorizations.jl:254
┌ Warning: `svd` cotangents sensitive to gauge choice: (|Δgauge| = 0.036614742613639076)
└ @ TensorKitChainRulesCoreExt ~/.julia/packages/TensorKit/esxcj/ext/TensorKitChainRulesCoreExt/factorizations.jl:254
[ Info: LBFGS: iter    9, time 3139.98 s: f = -1.842287489971, ‖∇f‖ = 2.3191e-01, α = 1.00e+00, m = 3, nfg = 1
[ Info: CTMRG init:	obj = +4.042602068664e+00	err = 1.0000e+00
[ Info: CTMRG conv 31:	obj = +4.045457008209e+00	err = 7.6579822711e-10	time = 40.14 sec
┌ Warning: `svd` cotangents sensitive to gauge choice: (|Δgauge| = 0.036401191597221924)
└ @ TensorKitChainRulesCoreExt ~/.julia/packages/TensorKit/esxcj/ext/TensorKitChainRulesCoreExt/factorizations.jl:254
┌ Warning: `svd` cotangents sensitive to gauge choice: (|Δgauge| = 2.9913183581861663e-9)
└ @ TensorKitChainRulesCoreExt ~/.julia/packages/TensorKit/esxcj/ext/TensorKitChainRulesCoreExt/factorizations.jl:254
┌ Warning: `svd` cotangents sensitive to gauge choice: (|Δgauge| = 0.03640119072064879)
└ @ TensorKitChainRulesCoreExt ~/.julia/packages/TensorKit/esxcj/ext/TensorKitChainRulesCoreExt/factorizations.jl:254
[ Info: LBFGS: iter   10, time 3195.17 s: f = -1.858371156940, ‖∇f‖ = 1.5190e-01, α = 1.00e+00, m = 3, nfg = 1
[ Info: CTMRG init:	obj = +4.190948176708e+00	err = 1.0000e+00
[ Info: CTMRG conv 66:	obj = +4.230334574424e+00	err = 8.3722445582e-10	time = 1.42 min
┌ Warning: `svd` cotangents sensitive to gauge choice: (|Δgauge| = 0.046453417998392706)
└ @ TensorKitChainRulesCoreExt ~/.julia/packages/TensorKit/esxcj/ext/TensorKitChainRulesCoreExt/factorizations.jl:254
┌ Warning: `svd` cotangents sensitive to gauge choice: (|Δgauge| = 2.7350464471829087e-9)
└ @ TensorKitChainRulesCoreExt ~/.julia/packages/TensorKit/esxcj/ext/TensorKitChainRulesCoreExt/factorizations.jl:254
┌ Warning: `svd` cotangents sensitive to gauge choice: (|Δgauge| = 0.04645341799236379)
└ @ TensorKitChainRulesCoreExt ~/.julia/packages/TensorKit/esxcj/ext/TensorKitChainRulesCoreExt/factorizations.jl:254
[ Info: LBFGS: iter   11, time 3308.05 s: f = -1.894684728159, ‖∇f‖ = 1.1847e-01, α = 1.00e+00, m = 3, nfg = 1
[ Info: CTMRG init:	obj = +4.301739503643e+00	err = 1.0000e+00
[ Info: CTMRG conv 81:	obj = +4.349713518107e+00	err = 8.8319620692e-10	time = 1.85 min
┌ Warning: `svd` cotangents sensitive to gauge choice: (|Δgauge| = 0.14032812301109876)
└ @ TensorKitChainRulesCoreExt ~/.julia/packages/TensorKit/esxcj/ext/TensorKitChainRulesCoreExt/factorizations.jl:254
┌ Warning: `svd` cotangents sensitive to gauge choice: (|Δgauge| = 2.0653652359925674e-11)
└ @ TensorKitChainRulesCoreExt ~/.julia/packages/TensorKit/esxcj/ext/TensorKitChainRulesCoreExt/factorizations.jl:254
┌ Warning: `svd` cotangents sensitive to gauge choice: (|Δgauge| = 0.14032812299236427)
└ @ TensorKitChainRulesCoreExt ~/.julia/packages/TensorKit/esxcj/ext/TensorKitChainRulesCoreExt/factorizations.jl:254
[ Info: CTMRG init:	obj = +4.315803418036e+00	err = 1.0000e+00
[ Info: CTMRG conv 20:	obj = +5.280752599789e+00	err = 2.0840745553e-10	time = 27.69 sec
┌ Warning: `svd` cotangents sensitive to gauge choice: (|Δgauge| = 0.2358190141260984)
└ @ TensorKitChainRulesCoreExt ~/.julia/packages/TensorKit/esxcj/ext/TensorKitChainRulesCoreExt/factorizations.jl:254
┌ Warning: `svd` cotangents sensitive to gauge choice: (|Δgauge| = 0.23581901412626396)
└ @ TensorKitChainRulesCoreExt ~/.julia/packages/TensorKit/esxcj/ext/TensorKitChainRulesCoreExt/factorizations.jl:254
[ Info: CTMRG init:	obj = +4.358500229137e+00	err = 1.0000e+00
[ Info: CTMRG conv 29:	obj = +4.664190678053e+00	err = 8.7525515298e-10	time = 41.05 sec
┌ Warning: `svd` cotangents sensitive to gauge choice: (|Δgauge| = 0.18160400258104276)
└ @ TensorKitChainRulesCoreExt ~/.julia/packages/TensorKit/esxcj/ext/TensorKitChainRulesCoreExt/factorizations.jl:254
┌ Warning: `svd` cotangents sensitive to gauge choice: (|Δgauge| = 0.1816040025813213)
└ @ TensorKitChainRulesCoreExt ~/.julia/packages/TensorKit/esxcj/ext/TensorKitChainRulesCoreExt/factorizations.jl:254
[ Info: LBFGS: iter   12, time 3543.16 s: f = -1.928379938700, ‖∇f‖ = 3.1742e-01, α = 2.50e+00, m = 3, nfg = 3
[ Info: CTMRG init:	obj = +5.767677092796e+00	err = 1.0000e+00
[ Info: CTMRG conv 14:	obj = +6.395357853141e+00	err = 2.6924225760e-10	time = 19.30 sec
┌ Warning: `svd` cotangents sensitive to gauge choice: (|Δgauge| = 0.27615011310567816)
└ @ TensorKitChainRulesCoreExt ~/.julia/packages/TensorKit/esxcj/ext/TensorKitChainRulesCoreExt/factorizations.jl:254
┌ Warning: `svd` cotangents sensitive to gauge choice: (|Δgauge| = 0.2761501131052543)
└ @ TensorKitChainRulesCoreExt ~/.julia/packages/TensorKit/esxcj/ext/TensorKitChainRulesCoreExt/factorizations.jl:254
[ Info: CTMRG init:	obj = +5.148176820522e+00	err = 1.0000e+00
[ Info: CTMRG conv 16:	obj = +5.230675758545e+00	err = 4.3449211882e-10	time = 22.75 sec
┌ Warning: `svd` cotangents sensitive to gauge choice: (|Δgauge| = 0.23872874913900421)
└ @ TensorKitChainRulesCoreExt ~/.julia/packages/TensorKit/esxcj/ext/TensorKitChainRulesCoreExt/factorizations.jl:254
┌ Warning: `svd` cotangents sensitive to gauge choice: (|Δgauge| = 0.23872874913939168)
└ @ TensorKitChainRulesCoreExt ~/.julia/packages/TensorKit/esxcj/ext/TensorKitChainRulesCoreExt/factorizations.jl:254
[ Info: LBFGS: iter   13, time 3604.58 s: f = -1.934162038596, ‖∇f‖ = 2.8554e-01, α = 2.80e-01, m = 3, nfg = 2
[ Info: CTMRG init:	obj = +5.077967936866e+00	err = 1.0000e+00
[ Info: CTMRG conv 16:	obj = +5.082905568684e+00	err = 8.6659333626e-10	time = 22.83 sec
┌ Warning: `svd` cotangents sensitive to gauge choice: (|Δgauge| = 0.22204141289480217)
└ @ TensorKitChainRulesCoreExt ~/.julia/packages/TensorKit/esxcj/ext/TensorKitChainRulesCoreExt/factorizations.jl:254
┌ Warning: `svd` cotangents sensitive to gauge choice: (|Δgauge| = 2.1015367399450923e-12)
└ @ TensorKitChainRulesCoreExt ~/.julia/packages/TensorKit/esxcj/ext/TensorKitChainRulesCoreExt/factorizations.jl:254
┌ Warning: `svd` cotangents sensitive to gauge choice: (|Δgauge| = 0.22204141289672447)
└ @ TensorKitChainRulesCoreExt ~/.julia/packages/TensorKit/esxcj/ext/TensorKitChainRulesCoreExt/factorizations.jl:254
[ Info: LBFGS: iter   14, time 3637.33 s: f = -1.984221441616, ‖∇f‖ = 1.9426e-01, α = 1.00e+00, m = 3, nfg = 1
[ Info: CTMRG init:	obj = +5.049143207362e+00	err = 1.0000e+00
[ Info: CTMRG conv 16:	obj = +5.058259746359e+00	err = 5.8821336343e-10	time = 23.12 sec
┌ Warning: `svd` cotangents sensitive to gauge choice: (|Δgauge| = 0.2046963515920602)
└ @ TensorKitChainRulesCoreExt ~/.julia/packages/TensorKit/esxcj/ext/TensorKitChainRulesCoreExt/factorizations.jl:254
┌ Warning: `svd` cotangents sensitive to gauge choice: (|Δgauge| = 0.20469635159315702)
└ @ TensorKitChainRulesCoreExt ~/.julia/packages/TensorKit/esxcj/ext/TensorKitChainRulesCoreExt/factorizations.jl:254
[ Info: LBFGS: iter   15, time 3669.81 s: f = -2.019699365177, ‖∇f‖ = 5.0006e-02, α = 1.00e+00, m = 3, nfg = 1
[ Info: CTMRG init:	obj = +5.246703540263e+00	err = 1.0000e+00
[ Info: CTMRG conv 15:	obj = +5.249881183256e+00	err = 8.1538409599e-10	time = 22.34 sec
┌ Warning: `svd` cotangents sensitive to gauge choice: (|Δgauge| = 0.2113290499444112)
└ @ TensorKitChainRulesCoreExt ~/.julia/packages/TensorKit/esxcj/ext/TensorKitChainRulesCoreExt/factorizations.jl:254
┌ Warning: `svd` cotangents sensitive to gauge choice: (|Δgauge| = 0.21132904994382695)
└ @ TensorKitChainRulesCoreExt ~/.julia/packages/TensorKit/esxcj/ext/TensorKitChainRulesCoreExt/factorizations.jl:254
[ Info: LBFGS: iter   16, time 3702.48 s: f = -2.023611527756, ‖∇f‖ = 3.2620e-02, α = 1.00e+00, m = 3, nfg = 1
[ Info: CTMRG init:	obj = +5.351860618501e+00	err = 1.0000e+00
[ Info: CTMRG conv 14:	obj = +5.352575285719e+00	err = 7.7548755487e-10	time = 21.06 sec
┌ Warning: `svd` cotangents sensitive to gauge choice: (|Δgauge| = 0.21491791537316446)
└ @ TensorKitChainRulesCoreExt ~/.julia/packages/TensorKit/esxcj/ext/TensorKitChainRulesCoreExt/factorizations.jl:254
┌ Warning: `svd` cotangents sensitive to gauge choice: (|Δgauge| = 0.21491791537232563)
└ @ TensorKitChainRulesCoreExt ~/.julia/packages/TensorKit/esxcj/ext/TensorKitChainRulesCoreExt/factorizations.jl:254
[ Info: LBFGS: iter   17, time 3733.00 s: f = -2.025399762997, ‖∇f‖ = 2.0870e-02, α = 1.00e+00, m = 3, nfg = 1
[ Info: CTMRG init:	obj = +5.576009031422e+00	err = 1.0000e+00
[ Info: CTMRG conv 14:	obj = +5.579197495813e+00	err = 2.8322724862e-10	time = 20.54 sec
┌ Warning: `svd` cotangents sensitive to gauge choice: (|Δgauge| = 0.21624117457762895)
└ @ TensorKitChainRulesCoreExt ~/.julia/packages/TensorKit/esxcj/ext/TensorKitChainRulesCoreExt/factorizations.jl:254
┌ Warning: `svd` cotangents sensitive to gauge choice: (|Δgauge| = 0.21624117457823444)
└ @ TensorKitChainRulesCoreExt ~/.julia/packages/TensorKit/esxcj/ext/TensorKitChainRulesCoreExt/factorizations.jl:254
[ Info: LBFGS: iter   18, time 3762.56 s: f = -2.027924946692, ‖∇f‖ = 2.0263e-02, α = 1.00e+00, m = 3, nfg = 1
[ Info: CTMRG init:	obj = +5.779484487793e+00	err = 1.0000e+00
[ Info: CTMRG conv 13:	obj = +5.783477535618e+00	err = 4.4359678635e-10	time = 19.39 sec
┌ Warning: `svd` cotangents sensitive to gauge choice: (|Δgauge| = 0.22150558095987216)
└ @ TensorKitChainRulesCoreExt ~/.julia/packages/TensorKit/esxcj/ext/TensorKitChainRulesCoreExt/factorizations.jl:254
┌ Warning: `svd` cotangents sensitive to gauge choice: (|Δgauge| = 0.22150558095897466)
└ @ TensorKitChainRulesCoreExt ~/.julia/packages/TensorKit/esxcj/ext/TensorKitChainRulesCoreExt/factorizations.jl:254
[ Info: LBFGS: iter   19, time 3791.58 s: f = -2.029713420139, ‖∇f‖ = 3.4743e-02, α = 1.00e+00, m = 3, nfg = 1
[ Info: CTMRG init:	obj = +5.937993981418e+00	err = 1.0000e+00
[ Info: CTMRG conv 12:	obj = +5.939798970574e+00	err = 6.2532695970e-10	time = 17.89 sec
┌ Warning: `svd` cotangents sensitive to gauge choice: (|Δgauge| = 0.2201489508347531)
└ @ TensorKitChainRulesCoreExt ~/.julia/packages/TensorKit/esxcj/ext/TensorKitChainRulesCoreExt/factorizations.jl:254
┌ Warning: `svd` cotangents sensitive to gauge choice: (|Δgauge| = 0.22014895083573918)
└ @ TensorKitChainRulesCoreExt ~/.julia/packages/TensorKit/esxcj/ext/TensorKitChainRulesCoreExt/factorizations.jl:254
[ Info: LBFGS: iter   20, time 3818.05 s: f = -2.031718003826, ‖∇f‖ = 2.1635e-02, α = 1.00e+00, m = 3, nfg = 1
[ Info: CTMRG init:	obj = +6.151907539836e+00	err = 1.0000e+00
[ Info: CTMRG conv 12:	obj = +6.161647739186e+00	err = 9.8313034733e-10	time = 17.99 sec
┌ Warning: `svd` cotangents sensitive to gauge choice: (|Δgauge| = 0.21811046181319965)
└ @ TensorKitChainRulesCoreExt ~/.julia/packages/TensorKit/esxcj/ext/TensorKitChainRulesCoreExt/factorizations.jl:254
┌ Warning: `svd` cotangents sensitive to gauge choice: (|Δgauge| = 0.21811046181427596)
└ @ TensorKitChainRulesCoreExt ~/.julia/packages/TensorKit/esxcj/ext/TensorKitChainRulesCoreExt/factorizations.jl:254
[ Info: LBFGS: iter   21, time 3844.86 s: f = -2.032802217196, ‖∇f‖ = 1.4633e-02, α = 1.00e+00, m = 3, nfg = 1
[ Info: CTMRG init:	obj = +6.083231161403e+00	err = 1.0000e+00
[ Info: CTMRG conv 11:	obj = +6.085320328571e+00	err = 6.8527881640e-10	time = 16.41 sec
┌ Warning: `svd` cotangents sensitive to gauge choice: (|Δgauge| = 0.21784808960830004)
└ @ TensorKitChainRulesCoreExt ~/.julia/packages/TensorKit/esxcj/ext/TensorKitChainRulesCoreExt/factorizations.jl:254
┌ Warning: `svd` cotangents sensitive to gauge choice: (|Δgauge| = 0.2178480896122553)
└ @ TensorKitChainRulesCoreExt ~/.julia/packages/TensorKit/esxcj/ext/TensorKitChainRulesCoreExt/factorizations.jl:254
[ Info: CTMRG init:	obj = +6.131931367620e+00	err = 1.0000e+00
[ Info: CTMRG conv 11:	obj = +6.132397382065e+00	err = 5.2954195031e-10	time = 16.72 sec
┌ Warning: `svd` cotangents sensitive to gauge choice: (|Δgauge| = 0.21767324850337996)
└ @ TensorKitChainRulesCoreExt ~/.julia/packages/TensorKit/esxcj/ext/TensorKitChainRulesCoreExt/factorizations.jl:254
┌ Warning: `svd` cotangents sensitive to gauge choice: (|Δgauge| = 0.21767324850465364)
└ @ TensorKitChainRulesCoreExt ~/.julia/packages/TensorKit/esxcj/ext/TensorKitChainRulesCoreExt/factorizations.jl:254
[ Info: LBFGS: iter   22, time 3894.77 s: f = -2.033548504364, ‖∇f‖ = 2.4047e-02, α = 4.53e-01, m = 3, nfg = 2
[ Info: CTMRG init:	obj = +6.080902461139e+00	err = 1.0000e+00
[ Info: CTMRG conv 11:	obj = +6.081574784895e+00	err = 7.7393586055e-10	time = 16.40 sec
┌ Warning: `svd` cotangents sensitive to gauge choice: (|Δgauge| = 0.21406070636698094)
└ @ TensorKitChainRulesCoreExt ~/.julia/packages/TensorKit/esxcj/ext/TensorKitChainRulesCoreExt/factorizations.jl:254
┌ Warning: `svd` cotangents sensitive to gauge choice: (|Δgauge| = 0.2140607063647783)
└ @ TensorKitChainRulesCoreExt ~/.julia/packages/TensorKit/esxcj/ext/TensorKitChainRulesCoreExt/factorizations.jl:254
[ Info: LBFGS: iter   23, time 3920.15 s: f = -2.034256227493, ‖∇f‖ = 1.0487e-02, α = 1.00e+00, m = 3, nfg = 1
[ Info: CTMRG init:	obj = +6.057573391810e+00	err = 1.0000e+00
[ Info: CTMRG conv 10:	obj = +6.057717830858e+00	err = 8.6732001317e-10	time = 15.53 sec
┌ Warning: `svd` cotangents sensitive to gauge choice: (|Δgauge| = 0.21617915738188584)
└ @ TensorKitChainRulesCoreExt ~/.julia/packages/TensorKit/esxcj/ext/TensorKitChainRulesCoreExt/factorizations.jl:254
┌ Warning: `svd` cotangents sensitive to gauge choice: (|Δgauge| = 5.043836617024692e-12)
└ @ TensorKitChainRulesCoreExt ~/.julia/packages/TensorKit/esxcj/ext/TensorKitChainRulesCoreExt/factorizations.jl:254
┌ Warning: `svd` cotangents sensitive to gauge choice: (|Δgauge| = 0.21617915738326224)
└ @ TensorKitChainRulesCoreExt ~/.julia/packages/TensorKit/esxcj/ext/TensorKitChainRulesCoreExt/factorizations.jl:254
[ Info: LBFGS: iter   24, time 3943.94 s: f = -2.035029550214, ‖∇f‖ = 1.1339e-02, α = 1.00e+00, m = 3, nfg = 1
[ Info: CTMRG init:	obj = +5.778304697387e+00	err = 1.0000e+00
[ Info: CTMRG conv 11:	obj = +5.785349235131e+00	err = 4.1274084366e-10	time = 16.62 sec
┌ Warning: `svd` cotangents sensitive to gauge choice: (|Δgauge| = 0.2364597943901623)
└ @ TensorKitChainRulesCoreExt ~/.julia/packages/TensorKit/esxcj/ext/TensorKitChainRulesCoreExt/factorizations.jl:254
┌ Warning: `svd` cotangents sensitive to gauge choice: (|Δgauge| = 0.23645979438796405)
└ @ TensorKitChainRulesCoreExt ~/.julia/packages/TensorKit/esxcj/ext/TensorKitChainRulesCoreExt/factorizations.jl:254
[ Info: LBFGS: iter   25, time 3969.57 s: f = -2.037632281100, ‖∇f‖ = 3.5029e-02, α = 1.00e+00, m = 3, nfg = 1
[ Info: CTMRG init:	obj = +5.998525489709e+00	err = 1.0000e+00
[ Info: CTMRG conv 11:	obj = +6.001053587979e+00	err = 7.8852960279e-11	time = 17.14 sec
┌ Warning: `svd` cotangents sensitive to gauge choice: (|Δgauge| = 0.23269522888135433)
└ @ TensorKitChainRulesCoreExt ~/.julia/packages/TensorKit/esxcj/ext/TensorKitChainRulesCoreExt/factorizations.jl:254
┌ Warning: `svd` cotangents sensitive to gauge choice: (|Δgauge| = 0.23269522888581368)
└ @ TensorKitChainRulesCoreExt ~/.julia/packages/TensorKit/esxcj/ext/TensorKitChainRulesCoreExt/factorizations.jl:254
[ Info: LBFGS: iter   26, time 3994.77 s: f = -2.041289664412, ‖∇f‖ = 4.5318e-02, α = 1.00e+00, m = 3, nfg = 1
[ Info: CTMRG init:	obj = +6.189070903487e+00	err = 1.0000e+00
[ Info: CTMRG conv 10:	obj = +6.214056186443e+00	err = 5.0697364088e-10	time = 15.10 sec
┌ Warning: `svd` cotangents sensitive to gauge choice: (|Δgauge| = 0.24593128516686327)
└ @ TensorKitChainRulesCoreExt ~/.julia/packages/TensorKit/esxcj/ext/TensorKitChainRulesCoreExt/factorizations.jl:254
┌ Warning: `svd` cotangents sensitive to gauge choice: (|Δgauge| = 2.2688549617427662e-12)
└ @ TensorKitChainRulesCoreExt ~/.julia/packages/TensorKit/esxcj/ext/TensorKitChainRulesCoreExt/factorizations.jl:254
┌ Warning: `svd` cotangents sensitive to gauge choice: (|Δgauge| = 0.2459312851784588)
└ @ TensorKitChainRulesCoreExt ~/.julia/packages/TensorKit/esxcj/ext/TensorKitChainRulesCoreExt/factorizations.jl:254
[ Info: LBFGS: iter   27, time 4018.14 s: f = -2.049582559038, ‖∇f‖ = 4.7288e-02, α = 1.00e+00, m = 3, nfg = 1
[ Info: CTMRG init:	obj = +6.223907728442e+00	err = 1.0000e+00
[ Info: CTMRG conv 11:	obj = +6.239362165501e+00	err = 8.7051289460e-10	time = 16.97 sec
┌ Warning: `svd` cotangents sensitive to gauge choice: (|Δgauge| = 0.21990952817076886)
└ @ TensorKitChainRulesCoreExt ~/.julia/packages/TensorKit/esxcj/ext/TensorKitChainRulesCoreExt/factorizations.jl:254
┌ Warning: `svd` cotangents sensitive to gauge choice: (|Δgauge| = 0.21990952817514514)
└ @ TensorKitChainRulesCoreExt ~/.julia/packages/TensorKit/esxcj/ext/TensorKitChainRulesCoreExt/factorizations.jl:254
[ Info: CTMRG init:	obj = +6.223299441313e+00	err = 1.0000e+00
[ Info: CTMRG conv 10:	obj = +6.225388861217e+00	err = 3.1526824492e-10	time = 15.34 sec
┌ Warning: `svd` cotangents sensitive to gauge choice: (|Δgauge| = 0.237889959182052)
└ @ TensorKitChainRulesCoreExt ~/.julia/packages/TensorKit/esxcj/ext/TensorKitChainRulesCoreExt/factorizations.jl:254
┌ Warning: `svd` cotangents sensitive to gauge choice: (|Δgauge| = 3.5937010655945535e-12)
└ @ TensorKitChainRulesCoreExt ~/.julia/packages/TensorKit/esxcj/ext/TensorKitChainRulesCoreExt/factorizations.jl:254
┌ Warning: `svd` cotangents sensitive to gauge choice: (|Δgauge| = 0.23788995918339395)
└ @ TensorKitChainRulesCoreExt ~/.julia/packages/TensorKit/esxcj/ext/TensorKitChainRulesCoreExt/factorizations.jl:254
[ Info: LBFGS: iter   28, time 4066.43 s: f = -2.052739469648, ‖∇f‖ = 4.0194e-02, α = 3.84e-01, m = 3, nfg = 2
[ Info: CTMRG init:	obj = +6.199138367700e+00	err = 1.0000e+00
[ Info: CTMRG conv 10:	obj = +6.201236341376e+00	err = 9.2809758881e-11	time = 15.49 sec
┌ Warning: `svd` cotangents sensitive to gauge choice: (|Δgauge| = 0.23586586715188113)
└ @ TensorKitChainRulesCoreExt ~/.julia/packages/TensorKit/esxcj/ext/TensorKitChainRulesCoreExt/factorizations.jl:254
┌ Warning: `svd` cotangents sensitive to gauge choice: (|Δgauge| = 0.2358658671513225)
└ @ TensorKitChainRulesCoreExt ~/.julia/packages/TensorKit/esxcj/ext/TensorKitChainRulesCoreExt/factorizations.jl:254
[ Info: LBFGS: iter   29, time 4090.38 s: f = -2.055333567169, ‖∇f‖ = 2.6672e-02, α = 1.00e+00, m = 3, nfg = 1
[ Info: CTMRG init:	obj = +6.267989219575e+00	err = 1.0000e+00
[ Info: CTMRG conv 9:	obj = +6.273297160251e+00	err = 5.1865742984e-10	time = 14.01 sec
┌ Warning: `svd` cotangents sensitive to gauge choice: (|Δgauge| = 0.23605745176571258)
└ @ TensorKitChainRulesCoreExt ~/.julia/packages/TensorKit/esxcj/ext/TensorKitChainRulesCoreExt/factorizations.jl:254
┌ Warning: `svd` cotangents sensitive to gauge choice: (|Δgauge| = 1.5284340979843246e-11)
└ @ TensorKitChainRulesCoreExt ~/.julia/packages/TensorKit/esxcj/ext/TensorKitChainRulesCoreExt/factorizations.jl:254
┌ Warning: `svd` cotangents sensitive to gauge choice: (|Δgauge| = 0.2360574517693755)
└ @ TensorKitChainRulesCoreExt ~/.julia/packages/TensorKit/esxcj/ext/TensorKitChainRulesCoreExt/factorizations.jl:254
[ Info: LBFGS: iter   30, time 4112.80 s: f = -2.057846640200, ‖∇f‖ = 5.0611e-02, α = 1.00e+00, m = 3, nfg = 1
[ Info: CTMRG init:	obj = +6.340557649666e+00	err = 1.0000e+00
[ Info: CTMRG conv 9:	obj = +6.340931736182e+00	err = 5.8694546325e-10	time = 13.72 sec
┌ Warning: `svd` cotangents sensitive to gauge choice: (|Δgauge| = 0.23391483439663605)
└ @ TensorKitChainRulesCoreExt ~/.julia/packages/TensorKit/esxcj/ext/TensorKitChainRulesCoreExt/factorizations.jl:254
┌ Warning: `svd` cotangents sensitive to gauge choice: (|Δgauge| = 1.442740459906299e-11)
└ @ TensorKitChainRulesCoreExt ~/.julia/packages/TensorKit/esxcj/ext/TensorKitChainRulesCoreExt/factorizations.jl:254
┌ Warning: `svd` cotangents sensitive to gauge choice: (|Δgauge| = 0.2339148343944077)
└ @ TensorKitChainRulesCoreExt ~/.julia/packages/TensorKit/esxcj/ext/TensorKitChainRulesCoreExt/factorizations.jl:254
[ Info: LBFGS: iter   31, time 4135.03 s: f = -2.059648552473, ‖∇f‖ = 3.9655e-02, α = 1.00e+00, m = 3, nfg = 1
[ Info: CTMRG init:	obj = +6.344387458396e+00	err = 1.0000e+00
[ Info: CTMRG conv 9:	obj = +6.344615916199e+00	err = 3.6063713309e-10	time = 14.19 sec
┌ Warning: `svd` cotangents sensitive to gauge choice: (|Δgauge| = 0.23365803769174182)
└ @ TensorKitChainRulesCoreExt ~/.julia/packages/TensorKit/esxcj/ext/TensorKitChainRulesCoreExt/factorizations.jl:254
┌ Warning: `svd` cotangents sensitive to gauge choice: (|Δgauge| = 1.2040587596111798e-11)
└ @ TensorKitChainRulesCoreExt ~/.julia/packages/TensorKit/esxcj/ext/TensorKitChainRulesCoreExt/factorizations.jl:254
┌ Warning: `svd` cotangents sensitive to gauge choice: (|Δgauge| = 0.23365803769177668)
└ @ TensorKitChainRulesCoreExt ~/.julia/packages/TensorKit/esxcj/ext/TensorKitChainRulesCoreExt/factorizations.jl:254
[ Info: LBFGS: iter   32, time 4156.76 s: f = -2.060736146011, ‖∇f‖ = 1.9564e-02, α = 1.00e+00, m = 3, nfg = 1
[ Info: CTMRG init:	obj = +6.390118855960e+00	err = 1.0000e+00
[ Info: CTMRG conv 9:	obj = +6.390182466623e+00	err = 2.7339951187e-10	time = 14.24 sec
┌ Warning: `svd` cotangents sensitive to gauge choice: (|Δgauge| = 0.23352351173653046)
└ @ TensorKitChainRulesCoreExt ~/.julia/packages/TensorKit/esxcj/ext/TensorKitChainRulesCoreExt/factorizations.jl:254
┌ Warning: `svd` cotangents sensitive to gauge choice: (|Δgauge| = 8.420175029459525e-12)
└ @ TensorKitChainRulesCoreExt ~/.julia/packages/TensorKit/esxcj/ext/TensorKitChainRulesCoreExt/factorizations.jl:254
┌ Warning: `svd` cotangents sensitive to gauge choice: (|Δgauge| = 0.23352351174039723)
└ @ TensorKitChainRulesCoreExt ~/.julia/packages/TensorKit/esxcj/ext/TensorKitChainRulesCoreExt/factorizations.jl:254
[ Info: LBFGS: iter   33, time 4178.45 s: f = -2.061760364693, ‖∇f‖ = 1.3833e-02, α = 1.00e+00, m = 3, nfg = 1
[ Info: CTMRG init:	obj = +6.574887886110e+00	err = 1.0000e+00
[ Info: CTMRG conv 9:	obj = +6.575811300890e+00	err = 1.4834219065e-10	time = 14.75 sec
┌ Warning: `svd` cotangents sensitive to gauge choice: (|Δgauge| = 0.2346202970820133)
└ @ TensorKitChainRulesCoreExt ~/.julia/packages/TensorKit/esxcj/ext/TensorKitChainRulesCoreExt/factorizations.jl:254
┌ Warning: `svd` cotangents sensitive to gauge choice: (|Δgauge| = 0.2346202970905259)
└ @ TensorKitChainRulesCoreExt ~/.julia/packages/TensorKit/esxcj/ext/TensorKitChainRulesCoreExt/factorizations.jl:254
[ Info: LBFGS: iter   34, time 4200.79 s: f = -2.064394821501, ‖∇f‖ = 2.0461e-02, α = 1.00e+00, m = 3, nfg = 1
[ Info: CTMRG init:	obj = +6.732455367378e+00	err = 1.0000e+00
[ Info: CTMRG conv 9:	obj = +6.733250238205e+00	err = 8.7819243986e-11	time = 14.17 sec
┌ Warning: `svd` cotangents sensitive to gauge choice: (|Δgauge| = 0.23868797182079274)
└ @ TensorKitChainRulesCoreExt ~/.julia/packages/TensorKit/esxcj/ext/TensorKitChainRulesCoreExt/factorizations.jl:254
┌ Warning: `svd` cotangents sensitive to gauge choice: (|Δgauge| = 0.23868797181379217)
└ @ TensorKitChainRulesCoreExt ~/.julia/packages/TensorKit/esxcj/ext/TensorKitChainRulesCoreExt/factorizations.jl:254
[ Info: LBFGS: iter   35, time 4223.53 s: f = -2.066223532298, ‖∇f‖ = 1.5229e-02, α = 1.00e+00, m = 3, nfg = 1
[ Info: CTMRG init:	obj = +6.891703900206e+00	err = 1.0000e+00
[ Info: CTMRG conv 9:	obj = +6.894389064271e+00	err = 1.9735479599e-10	time = 15.05 sec
┌ Warning: `svd` cotangents sensitive to gauge choice: (|Δgauge| = 0.24889843134024994)
└ @ TensorKitChainRulesCoreExt ~/.julia/packages/TensorKit/esxcj/ext/TensorKitChainRulesCoreExt/factorizations.jl:254
┌ Warning: `svd` cotangents sensitive to gauge choice: (|Δgauge| = 0.2488984315275063)
└ @ TensorKitChainRulesCoreExt ~/.julia/packages/TensorKit/esxcj/ext/TensorKitChainRulesCoreExt/factorizations.jl:254
[ Info: LBFGS: iter   36, time 4246.45 s: f = -2.067717832305, ‖∇f‖ = 4.1619e-02, α = 1.00e+00, m = 3, nfg = 1
[ Info: CTMRG init:	obj = +6.942622370476e+00	err = 1.0000e+00
[ Info: CTMRG conv 9:	obj = +6.943789978441e+00	err = 1.2685282164e-10	time = 13.98 sec
┌ Warning: `svd` cotangents sensitive to gauge choice: (|Δgauge| = 0.24996214927510252)
└ @ TensorKitChainRulesCoreExt ~/.julia/packages/TensorKit/esxcj/ext/TensorKitChainRulesCoreExt/factorizations.jl:254
┌ Warning: `svd` cotangents sensitive to gauge choice: (|Δgauge| = 0.2499621495722276)
└ @ TensorKitChainRulesCoreExt ~/.julia/packages/TensorKit/esxcj/ext/TensorKitChainRulesCoreExt/factorizations.jl:254
[ Info: LBFGS: iter   37, time 4268.09 s: f = -2.070264443128, ‖∇f‖ = 2.1547e-02, α = 1.00e+00, m = 3, nfg = 1
[ Info: CTMRG init:	obj = +6.892440466413e+00	err = 1.0000e+00
[ Info: CTMRG conv 10:	obj = +6.894464746820e+00	err = 9.4874118298e-10	time = 16.36 sec
┌ Warning: `svd` cotangents sensitive to gauge choice: (|Δgauge| = 0.2492234504663151)
└ @ TensorKitChainRulesCoreExt ~/.julia/packages/TensorKit/esxcj/ext/TensorKitChainRulesCoreExt/factorizations.jl:254
┌ Warning: `svd` cotangents sensitive to gauge choice: (|Δgauge| = 0.24922345080892166)
└ @ TensorKitChainRulesCoreExt ~/.julia/packages/TensorKit/esxcj/ext/TensorKitChainRulesCoreExt/factorizations.jl:254
[ Info: LBFGS: iter   38, time 4292.59 s: f = -2.073827797126, ‖∇f‖ = 2.4198e-02, α = 1.00e+00, m = 3, nfg = 1
[ Info: CTMRG init:	obj = +6.691377099121e+00	err = 1.0000e+00
┌ Warning: CTMRG cancel 100:	obj = +6.695609252938e+00	err = 7.8268587668e-09	time = 2.79 min
└ @ PEPSKit ~/.julia/packages/PEPSKit/P7ER3/src/algorithms/ctmrg/ctmrg.jl:129
┌ Warning: `svd` cotangents sensitive to gauge choice: (|Δgauge| = 0.24631889605328852)
└ @ TensorKitChainRulesCoreExt ~/.julia/packages/TensorKit/esxcj/ext/TensorKitChainRulesCoreExt/factorizations.jl:254
┌ Warning: `svd` cotangents sensitive to gauge choice: (|Δgauge| = 0.2463188959256789)
└ @ TensorKitChainRulesCoreExt ~/.julia/packages/TensorKit/esxcj/ext/TensorKitChainRulesCoreExt/factorizations.jl:254
[ Info: LBFGS: iter   39, time 4498.59 s: f = -2.076309475781, ‖∇f‖ = 2.9027e-02, α = 1.00e+00, m = 3, nfg = 1
[ Info: CTMRG init:	obj = +6.659551629834e+00	err = 1.0000e+00
┌ Warning: CTMRG cancel 100:	obj = +6.661595077768e+00	err = 4.2798937730e-09	time = 2.89 min
└ @ PEPSKit ~/.julia/packages/PEPSKit/P7ER3/src/algorithms/ctmrg/ctmrg.jl:129
┌ Warning: `svd` cotangents sensitive to gauge choice: (|Δgauge| = 0.2485171343975606)
└ @ TensorKitChainRulesCoreExt ~/.julia/packages/TensorKit/esxcj/ext/TensorKitChainRulesCoreExt/factorizations.jl:254
┌ Warning: `svd` cotangents sensitive to gauge choice: (|Δgauge| = 0.24851714126645452)
└ @ TensorKitChainRulesCoreExt ~/.julia/packages/TensorKit/esxcj/ext/TensorKitChainRulesCoreExt/factorizations.jl:254
[ Info: CTMRG init:	obj = +6.681870465902e+00	err = 1.0000e+00
┌ Warning: CTMRG cancel 100:	obj = +6.682304766477e+00	err = 2.6873870566e-08	time = 2.98 min
└ @ PEPSKit ~/.julia/packages/PEPSKit/P7ER3/src/algorithms/ctmrg/ctmrg.jl:129
┌ Warning: `svd` cotangents sensitive to gauge choice: (|Δgauge| = 0.2474496562382964)
└ @ TensorKitChainRulesCoreExt ~/.julia/packages/TensorKit/esxcj/ext/TensorKitChainRulesCoreExt/factorizations.jl:254
┌ Warning: `svd` cotangents sensitive to gauge choice: (|Δgauge| = 0.24744967144660965)
└ @ TensorKitChainRulesCoreExt ~/.julia/packages/TensorKit/esxcj/ext/TensorKitChainRulesCoreExt/factorizations.jl:254
[ Info: LBFGS: iter   40, time 4919.39 s: f = -2.077222597882, ‖∇f‖ = 2.9180e-02, α = 4.54e-01, m = 3, nfg = 2
[ Info: CTMRG init:	obj = +6.740151223400e+00	err = 1.0000e+00
┌ Warning: CTMRG cancel 100:	obj = +6.740451998751e+00	err = 3.7413734792e-09	time = 3.11 min
└ @ PEPSKit ~/.julia/packages/PEPSKit/P7ER3/src/algorithms/ctmrg/ctmrg.jl:129
┌ Warning: `svd` cotangents sensitive to gauge choice: (|Δgauge| = 0.24572452124014943)
└ @ TensorKitChainRulesCoreExt ~/.julia/packages/TensorKit/esxcj/ext/TensorKitChainRulesCoreExt/factorizations.jl:254
┌ Warning: `svd` cotangents sensitive to gauge choice: (|Δgauge| = 0.24572452085851032)
└ @ TensorKitChainRulesCoreExt ~/.julia/packages/TensorKit/esxcj/ext/TensorKitChainRulesCoreExt/factorizations.jl:254
[ Info: LBFGS: iter   41, time 5142.31 s: f = -2.078243247529, ‖∇f‖ = 1.2015e-02, α = 1.00e+00, m = 3, nfg = 1
[ Info: CTMRG init:	obj = +6.747900078565e+00	err = 1.0000e+00
┌ Warning: CTMRG cancel 100:	obj = +6.747951565723e+00	err = 2.4904040220e-08	time = 3.20 min
└ @ PEPSKit ~/.julia/packages/PEPSKit/P7ER3/src/algorithms/ctmrg/ctmrg.jl:129
┌ Warning: `svd` cotangents sensitive to gauge choice: (|Δgauge| = 0.24344343394573437)
└ @ TensorKitChainRulesCoreExt ~/.julia/packages/TensorKit/esxcj/ext/TensorKitChainRulesCoreExt/factorizations.jl:254
┌ Warning: `svd` cotangents sensitive to gauge choice: (|Δgauge| = 0.24344343140096095)
└ @ TensorKitChainRulesCoreExt ~/.julia/packages/TensorKit/esxcj/ext/TensorKitChainRulesCoreExt/factorizations.jl:254
[ Info: LBFGS: iter   42, time 5368.96 s: f = -2.078663082016, ‖∇f‖ = 9.3790e-03, α = 1.00e+00, m = 3, nfg = 1
[ Info: CTMRG init:	obj = +6.745372165981e+00	err = 1.0000e+00
┌ Warning: CTMRG cancel 100:	obj = +6.745462178568e+00	err = 1.7726916360e-08	time = 3.36 min
└ @ PEPSKit ~/.julia/packages/PEPSKit/P7ER3/src/algorithms/ctmrg/ctmrg.jl:129
┌ Warning: `svd` cotangents sensitive to gauge choice: (|Δgauge| = 0.24258936413501916)
└ @ TensorKitChainRulesCoreExt ~/.julia/packages/TensorKit/esxcj/ext/TensorKitChainRulesCoreExt/factorizations.jl:254
┌ Warning: `svd` cotangents sensitive to gauge choice: (|Δgauge| = 0.2425893623376792)
└ @ TensorKitChainRulesCoreExt ~/.julia/packages/TensorKit/esxcj/ext/TensorKitChainRulesCoreExt/factorizations.jl:254
[ Info: LBFGS: iter   43, time 5606.71 s: f = -2.079221961896, ‖∇f‖ = 9.4858e-03, α = 1.00e+00, m = 3, nfg = 1
[ Info: CTMRG init:	obj = +6.694168598493e+00	err = 1.0000e+00
┌ Warning: CTMRG cancel 100:	obj = +6.694826568697e+00	err = 3.6032441966e-09	time = 3.45 min
└ @ PEPSKit ~/.julia/packages/PEPSKit/P7ER3/src/algorithms/ctmrg/ctmrg.jl:129
┌ Warning: `svd` cotangents sensitive to gauge choice: (|Δgauge| = 0.24061146949139478)
└ @ TensorKitChainRulesCoreExt ~/.julia/packages/TensorKit/esxcj/ext/TensorKitChainRulesCoreExt/factorizations.jl:254
┌ Warning: `svd` cotangents sensitive to gauge choice: (|Δgauge| = 0.24061147085074458)
└ @ TensorKitChainRulesCoreExt ~/.julia/packages/TensorKit/esxcj/ext/TensorKitChainRulesCoreExt/factorizations.jl:254
[ Info: LBFGS: iter   44, time 5850.34 s: f = -2.079759853246, ‖∇f‖ = 1.9966e-02, α = 1.00e+00, m = 3, nfg = 1
[ Info: CTMRG init:	obj = +6.651981831042e+00	err = 1.0000e+00
[ Info: CTMRG conv 15:	obj = +6.652374455359e+00	err = 7.4227997746e-10	time = 31.17 sec
┌ Warning: `svd` cotangents sensitive to gauge choice: (|Δgauge| = 0.2426950979882384)
└ @ TensorKitChainRulesCoreExt ~/.julia/packages/TensorKit/esxcj/ext/TensorKitChainRulesCoreExt/factorizations.jl:254
┌ Warning: `svd` cotangents sensitive to gauge choice: (|Δgauge| = 0.2426950981329929)
└ @ TensorKitChainRulesCoreExt ~/.julia/packages/TensorKit/esxcj/ext/TensorKitChainRulesCoreExt/factorizations.jl:254
[ Info: LBFGS: iter   45, time 5891.33 s: f = -2.080144923638, ‖∇f‖ = 8.1110e-03, α = 1.00e+00, m = 3, nfg = 1
[ Info: CTMRG init:	obj = +6.645355179810e+00	err = 1.0000e+00
[ Info: CTMRG conv 13:	obj = +6.645376147492e+00	err = 6.4486168046e-10	time = 27.56 sec
┌ Warning: `svd` cotangents sensitive to gauge choice: (|Δgauge| = 0.24241141379001171)
└ @ TensorKitChainRulesCoreExt ~/.julia/packages/TensorKit/esxcj/ext/TensorKitChainRulesCoreExt/factorizations.jl:254
┌ Warning: `svd` cotangents sensitive to gauge choice: (|Δgauge| = 0.24241141353187068)
└ @ TensorKitChainRulesCoreExt ~/.julia/packages/TensorKit/esxcj/ext/TensorKitChainRulesCoreExt/factorizations.jl:254
[ Info: LBFGS: iter   46, time 5927.50 s: f = -2.080299373651, ‖∇f‖ = 6.0120e-03, α = 1.00e+00, m = 3, nfg = 1
[ Info: CTMRG init:	obj = +6.568561638515e+00	err = 1.0000e+00
[ Info: CTMRG conv 17:	obj = +6.569001362134e+00	err = 6.7744077410e-10	time = 35.98 sec
┌ Warning: `svd` cotangents sensitive to gauge choice: (|Δgauge| = 0.24128763244808538)
└ @ TensorKitChainRulesCoreExt ~/.julia/packages/TensorKit/esxcj/ext/TensorKitChainRulesCoreExt/factorizations.jl:254
┌ Warning: `svd` cotangents sensitive to gauge choice: (|Δgauge| = 0.2412876325444278)
└ @ TensorKitChainRulesCoreExt ~/.julia/packages/TensorKit/esxcj/ext/TensorKitChainRulesCoreExt/factorizations.jl:254
[ Info: LBFGS: iter   47, time 5974.42 s: f = -2.080650988965, ‖∇f‖ = 9.5344e-03, α = 1.00e+00, m = 3, nfg = 1
[ Info: CTMRG init:	obj = +6.476317536935e+00	err = 1.0000e+00
[ Info: CTMRG conv 16:	obj = +6.477219526246e+00	err = 5.7916674348e-10	time = 33.78 sec
┌ Warning: `svd` cotangents sensitive to gauge choice: (|Δgauge| = 0.2376559709518214)
└ @ TensorKitChainRulesCoreExt ~/.julia/packages/TensorKit/esxcj/ext/TensorKitChainRulesCoreExt/factorizations.jl:254
┌ Warning: `svd` cotangents sensitive to gauge choice: (|Δgauge| = 0.23765597173046105)
└ @ TensorKitChainRulesCoreExt ~/.julia/packages/TensorKit/esxcj/ext/TensorKitChainRulesCoreExt/factorizations.jl:254
[ Info: CTMRG init:	obj = +6.519659838357e+00	err = 1.0000e+00
[ Info: CTMRG conv 16:	obj = +6.519922472446e+00	err = 5.8355049411e-10	time = 33.97 sec
┌ Warning: `svd` cotangents sensitive to gauge choice: (|Δgauge| = 0.23934682116565487)
└ @ TensorKitChainRulesCoreExt ~/.julia/packages/TensorKit/esxcj/ext/TensorKitChainRulesCoreExt/factorizations.jl:254
┌ Warning: `svd` cotangents sensitive to gauge choice: (|Δgauge| = 0.23934682067668972)
└ @ TensorKitChainRulesCoreExt ~/.julia/packages/TensorKit/esxcj/ext/TensorKitChainRulesCoreExt/factorizations.jl:254
[ Info: LBFGS: iter   48, time 6061.12 s: f = -2.080821465889, ‖∇f‖ = 8.4014e-03, α = 5.47e-01, m = 3, nfg = 2
[ Info: CTMRG init:	obj = +6.483475928296e+00	err = 1.0000e+00
[ Info: CTMRG conv 19:	obj = +6.483604223015e+00	err = 8.8162883801e-10	time = 41.12 sec
┌ Warning: `svd` cotangents sensitive to gauge choice: (|Δgauge| = 0.23834816511396673)
└ @ TensorKitChainRulesCoreExt ~/.julia/packages/TensorKit/esxcj/ext/TensorKitChainRulesCoreExt/factorizations.jl:254
┌ Warning: `svd` cotangents sensitive to gauge choice: (|Δgauge| = 0.23834816536755532)
└ @ TensorKitChainRulesCoreExt ~/.julia/packages/TensorKit/esxcj/ext/TensorKitChainRulesCoreExt/factorizations.jl:254
[ Info: LBFGS: iter   49, time 6112.99 s: f = -2.080995424349, ‖∇f‖ = 7.5569e-03, α = 1.00e+00, m = 3, nfg = 1
[ Info: CTMRG init:	obj = +6.121731908775e+00	err = 1.0000e+00
[ Info: CTMRG conv 22:	obj = +6.133088810867e+00	err = 6.5033814429e-10	time = 47.71 sec
┌ Warning: `svd` cotangents sensitive to gauge choice: (|Δgauge| = 0.2246041662881813)
└ @ TensorKitChainRulesCoreExt ~/.julia/packages/TensorKit/esxcj/ext/TensorKitChainRulesCoreExt/factorizations.jl:254
┌ Warning: `svd` cotangents sensitive to gauge choice: (|Δgauge| = 0.22460416634316466)
└ @ TensorKitChainRulesCoreExt ~/.julia/packages/TensorKit/esxcj/ext/TensorKitChainRulesCoreExt/factorizations.jl:254
[ Info: CTMRG init:	obj = +6.320801449657e+00	err = 1.0000e+00
[ Info: CTMRG conv 19:	obj = +6.323283382265e+00	err = 2.2916238725e-10	time = 42.06 sec
┌ Warning: `svd` cotangents sensitive to gauge choice: (|Δgauge| = 0.23201629223769452)
└ @ TensorKitChainRulesCoreExt ~/.julia/packages/TensorKit/esxcj/ext/TensorKitChainRulesCoreExt/factorizations.jl:254
┌ Warning: `svd` cotangents sensitive to gauge choice: (|Δgauge| = 0.23201629225002507)
└ @ TensorKitChainRulesCoreExt ~/.julia/packages/TensorKit/esxcj/ext/TensorKitChainRulesCoreExt/factorizations.jl:254
[ Info: LBFGS: iter   50, time 6225.39 s: f = -2.081434815227, ‖∇f‖ = 1.5032e-02, α = 4.97e-01, m = 3, nfg = 2
[ Info: CTMRG init:	obj = +6.147064425493e+00	err = 1.0000e+00
[ Info: CTMRG conv 21:	obj = +6.150211260355e+00	err = 9.3831995029e-10	time = 46.75 sec
┌ Warning: `svd` cotangents sensitive to gauge choice: (|Δgauge| = 0.22936117571751571)
└ @ TensorKitChainRulesCoreExt ~/.julia/packages/TensorKit/esxcj/ext/TensorKitChainRulesCoreExt/factorizations.jl:254
┌ Warning: `svd` cotangents sensitive to gauge choice: (|Δgauge| = 0.22936117572274362)
└ @ TensorKitChainRulesCoreExt ~/.julia/packages/TensorKit/esxcj/ext/TensorKitChainRulesCoreExt/factorizations.jl:254
[ Info: LBFGS: iter   51, time 6284.95 s: f = -2.081636075391, ‖∇f‖ = 1.2395e-02, α = 1.00e+00, m = 3, nfg = 1
[ Info: CTMRG init:	obj = +6.223475802957e+00	err = 1.0000e+00
[ Info: CTMRG conv 20:	obj = +6.224095305976e+00	err = 3.0646011491e-10	time = 44.36 sec
┌ Warning: `svd` cotangents sensitive to gauge choice: (|Δgauge| = 0.2302611546280723)
└ @ TensorKitChainRulesCoreExt ~/.julia/packages/TensorKit/esxcj/ext/TensorKitChainRulesCoreExt/factorizations.jl:254
┌ Warning: `svd` cotangents sensitive to gauge choice: (|Δgauge| = 0.23026115461647095)
└ @ TensorKitChainRulesCoreExt ~/.julia/packages/TensorKit/esxcj/ext/TensorKitChainRulesCoreExt/factorizations.jl:254
[ Info: LBFGS: iter   52, time 6340.73 s: f = -2.081810738515, ‖∇f‖ = 4.7474e-03, α = 1.00e+00, m = 3, nfg = 1
[ Info: CTMRG init:	obj = +6.232205396976e+00	err = 1.0000e+00
[ Info: CTMRG conv 18:	obj = +6.232221901661e+00	err = 4.6875441084e-10	time = 40.18 sec
┌ Warning: `svd` cotangents sensitive to gauge choice: (|Δgauge| = 0.22962455002309454)
└ @ TensorKitChainRulesCoreExt ~/.julia/packages/TensorKit/esxcj/ext/TensorKitChainRulesCoreExt/factorizations.jl:254
┌ Warning: `svd` cotangents sensitive to gauge choice: (|Δgauge| = 0.22962455002556575)
└ @ TensorKitChainRulesCoreExt ~/.julia/packages/TensorKit/esxcj/ext/TensorKitChainRulesCoreExt/factorizations.jl:254
[ Info: LBFGS: iter   53, time 6391.05 s: f = -2.081865181143, ‖∇f‖ = 3.8087e-03, α = 1.00e+00, m = 3, nfg = 1
[ Info: CTMRG init:	obj = +6.221527249247e+00	err = 1.0000e+00
[ Info: CTMRG conv 19:	obj = +6.221547691503e+00	err = 4.0860060575e-10	time = 42.46 sec
┌ Warning: `svd` cotangents sensitive to gauge choice: (|Δgauge| = 0.2283997119083836)
└ @ TensorKitChainRulesCoreExt ~/.julia/packages/TensorKit/esxcj/ext/TensorKitChainRulesCoreExt/factorizations.jl:254
┌ Warning: `svd` cotangents sensitive to gauge choice: (|Δgauge| = 0.22839971181811167)
└ @ TensorKitChainRulesCoreExt ~/.julia/packages/TensorKit/esxcj/ext/TensorKitChainRulesCoreExt/factorizations.jl:254
[ Info: LBFGS: iter   54, time 6445.34 s: f = -2.081942624759, ‖∇f‖ = 5.2816e-03, α = 1.00e+00, m = 3, nfg = 1
[ Info: CTMRG init:	obj = +6.217215727774e+00	err = 1.0000e+00
[ Info: CTMRG conv 18:	obj = +6.217239397270e+00	err = 9.9376965297e-10	time = 39.76 sec
┌ Warning: `svd` cotangents sensitive to gauge choice: (|Δgauge| = 0.22844950570647563)
└ @ TensorKitChainRulesCoreExt ~/.julia/packages/TensorKit/esxcj/ext/TensorKitChainRulesCoreExt/factorizations.jl:254
┌ Warning: `svd` cotangents sensitive to gauge choice: (|Δgauge| = 0.22844950574901696)
└ @ TensorKitChainRulesCoreExt ~/.julia/packages/TensorKit/esxcj/ext/TensorKitChainRulesCoreExt/factorizations.jl:254
[ Info: LBFGS: iter   55, time 6496.33 s: f = -2.082047132474, ‖∇f‖ = 4.3892e-03, α = 1.00e+00, m = 3, nfg = 1
[ Info: CTMRG init:	obj = +6.203209109480e+00	err = 1.0000e+00
[ Info: CTMRG conv 19:	obj = +6.203307515598e+00	err = 6.8557664297e-10	time = 42.70 sec
┌ Warning: `svd` cotangents sensitive to gauge choice: (|Δgauge| = 0.22884398040179338)
└ @ TensorKitChainRulesCoreExt ~/.julia/packages/TensorKit/esxcj/ext/TensorKitChainRulesCoreExt/factorizations.jl:254
┌ Warning: `svd` cotangents sensitive to gauge choice: (|Δgauge| = 0.22884398035785838)
└ @ TensorKitChainRulesCoreExt ~/.julia/packages/TensorKit/esxcj/ext/TensorKitChainRulesCoreExt/factorizations.jl:254
[ Info: LBFGS: iter   56, time 6550.39 s: f = -2.082103474991, ‖∇f‖ = 9.6293e-03, α = 1.00e+00, m = 3, nfg = 1
[ Info: CTMRG init:	obj = +6.203077508564e+00	err = 1.0000e+00
[ Info: CTMRG conv 17:	obj = +6.203086294111e+00	err = 8.3607100538e-10	time = 38.93 sec
┌ Warning: `svd` cotangents sensitive to gauge choice: (|Δgauge| = 0.2295629880427288)
└ @ TensorKitChainRulesCoreExt ~/.julia/packages/TensorKit/esxcj/ext/TensorKitChainRulesCoreExt/factorizations.jl:254
┌ Warning: `svd` cotangents sensitive to gauge choice: (|Δgauge| = 0.22956298804109898)
└ @ TensorKitChainRulesCoreExt ~/.julia/packages/TensorKit/esxcj/ext/TensorKitChainRulesCoreExt/factorizations.jl:254
[ Info: LBFGS: iter   57, time 6599.64 s: f = -2.082199708816, ‖∇f‖ = 4.3095e-03, α = 1.00e+00, m = 3, nfg = 1
[ Info: CTMRG init:	obj = +6.200533080160e+00	err = 1.0000e+00
[ Info: CTMRG conv 18:	obj = +6.200554883342e+00	err = 6.0443310321e-10	time = 41.69 sec
┌ Warning: `svd` cotangents sensitive to gauge choice: (|Δgauge| = 0.23039316982874536)
└ @ TensorKitChainRulesCoreExt ~/.julia/packages/TensorKit/esxcj/ext/TensorKitChainRulesCoreExt/factorizations.jl:254
┌ Warning: `svd` cotangents sensitive to gauge choice: (|Δgauge| = 0.23039316982900648)
└ @ TensorKitChainRulesCoreExt ~/.julia/packages/TensorKit/esxcj/ext/TensorKitChainRulesCoreExt/factorizations.jl:254
[ Info: LBFGS: iter   58, time 6652.22 s: f = -2.082286982951, ‖∇f‖ = 3.5387e-03, α = 1.00e+00, m = 3, nfg = 1
[ Info: CTMRG init:	obj = +6.194869729475e+00	err = 1.0000e+00
[ Info: CTMRG conv 19:	obj = +6.194909084587e+00	err = 3.9193307240e-10	time = 43.65 sec
┌ Warning: `svd` cotangents sensitive to gauge choice: (|Δgauge| = 0.23049846006891903)
└ @ TensorKitChainRulesCoreExt ~/.julia/packages/TensorKit/esxcj/ext/TensorKitChainRulesCoreExt/factorizations.jl:254
┌ Warning: `svd` cotangents sensitive to gauge choice: (|Δgauge| = 0.2304984600691468)
└ @ TensorKitChainRulesCoreExt ~/.julia/packages/TensorKit/esxcj/ext/TensorKitChainRulesCoreExt/factorizations.jl:254
[ Info: LBFGS: iter   59, time 6706.67 s: f = -2.082356931936, ‖∇f‖ = 3.9877e-03, α = 1.00e+00, m = 3, nfg = 1
[ Info: CTMRG init:	obj = +6.187044284847e+00	err = 1.0000e+00
[ Info: CTMRG conv 19:	obj = +6.187168350327e+00	err = 5.6580102528e-10	time = 43.37 sec
┌ Warning: `svd` cotangents sensitive to gauge choice: (|Δgauge| = 0.23187363089191004)
└ @ TensorKitChainRulesCoreExt ~/.julia/packages/TensorKit/esxcj/ext/TensorKitChainRulesCoreExt/factorizations.jl:254
┌ Warning: `svd` cotangents sensitive to gauge choice: (|Δgauge| = 0.23187363088889984)
└ @ TensorKitChainRulesCoreExt ~/.julia/packages/TensorKit/esxcj/ext/TensorKitChainRulesCoreExt/factorizations.jl:254
[ Info: CTMRG init:	obj = +6.191829093556e+00	err = 1.0000e+00
[ Info: CTMRG conv 18:	obj = +6.191855380410e+00	err = 9.7422210624e-10	time = 42.10 sec
┌ Warning: `svd` cotangents sensitive to gauge choice: (|Δgauge| = 0.23113310767815773)
└ @ TensorKitChainRulesCoreExt ~/.julia/packages/TensorKit/esxcj/ext/TensorKitChainRulesCoreExt/factorizations.jl:254
┌ Warning: `svd` cotangents sensitive to gauge choice: (|Δgauge| = 0.23113310765653616)
└ @ TensorKitChainRulesCoreExt ~/.julia/packages/TensorKit/esxcj/ext/TensorKitChainRulesCoreExt/factorizations.jl:254
[ Info: LBFGS: iter   60, time 6814.34 s: f = -2.082391759598, ‖∇f‖ = 5.3698e-03, α = 4.59e-01, m = 3, nfg = 2
[ Info: CTMRG init:	obj = +6.190749573320e+00	err = 1.0000e+00
[ Info: CTMRG conv 18:	obj = +6.190762553951e+00	err = 8.2581139397e-10	time = 42.47 sec
┌ Warning: `svd` cotangents sensitive to gauge choice: (|Δgauge| = 0.23039221905034055)
└ @ TensorKitChainRulesCoreExt ~/.julia/packages/TensorKit/esxcj/ext/TensorKitChainRulesCoreExt/factorizations.jl:254
┌ Warning: `svd` cotangents sensitive to gauge choice: (|Δgauge| = 0.23039221905047175)
└ @ TensorKitChainRulesCoreExt ~/.julia/packages/TensorKit/esxcj/ext/TensorKitChainRulesCoreExt/factorizations.jl:254
[ Info: LBFGS: iter   61, time 6866.72 s: f = -2.082440870203, ‖∇f‖ = 2.5828e-03, α = 1.00e+00, m = 3, nfg = 1
[ Info: CTMRG init:	obj = +6.193051469052e+00	err = 1.0000e+00
[ Info: CTMRG conv 18:	obj = +6.193065686698e+00	err = 4.9839354549e-10	time = 42.26 sec
┌ Warning: `svd` cotangents sensitive to gauge choice: (|Δgauge| = 0.22950789060062568)
└ @ TensorKitChainRulesCoreExt ~/.julia/packages/TensorKit/esxcj/ext/TensorKitChainRulesCoreExt/factorizations.jl:254
┌ Warning: `svd` cotangents sensitive to gauge choice: (|Δgauge| = 0.22950789054449644)
└ @ TensorKitChainRulesCoreExt ~/.julia/packages/TensorKit/esxcj/ext/TensorKitChainRulesCoreExt/factorizations.jl:254
[ Info: LBFGS: iter   62, time 6920.14 s: f = -2.082478691701, ‖∇f‖ = 1.8834e-03, α = 1.00e+00, m = 3, nfg = 1
[ Info: CTMRG init:	obj = +6.193215519443e+00	err = 1.0000e+00
[ Info: CTMRG conv 19:	obj = +6.193220639170e+00	err = 2.8374228452e-10	time = 44.82 sec
┌ Warning: `svd` cotangents sensitive to gauge choice: (|Δgauge| = 0.22880064596647004)
└ @ TensorKitChainRulesCoreExt ~/.julia/packages/TensorKit/esxcj/ext/TensorKitChainRulesCoreExt/factorizations.jl:254
┌ Warning: `svd` cotangents sensitive to gauge choice: (|Δgauge| = 0.22880064580766574)
└ @ TensorKitChainRulesCoreExt ~/.julia/packages/TensorKit/esxcj/ext/TensorKitChainRulesCoreExt/factorizations.jl:254
[ Info: LBFGS: iter   63, time 6975.62 s: f = -2.082491175211, ‖∇f‖ = 4.6717e-03, α = 1.00e+00, m = 3, nfg = 1
[ Info: CTMRG init:	obj = +6.192369643574e+00	err = 1.0000e+00
[ Info: CTMRG conv 18:	obj = +6.192371012945e+00	err = 6.4996979239e-10	time = 42.93 sec
┌ Warning: `svd` cotangents sensitive to gauge choice: (|Δgauge| = 0.2287750519483568)
└ @ TensorKitChainRulesCoreExt ~/.julia/packages/TensorKit/esxcj/ext/TensorKitChainRulesCoreExt/factorizations.jl:254
┌ Warning: `svd` cotangents sensitive to gauge choice: (|Δgauge| = 0.2287750518607909)
└ @ TensorKitChainRulesCoreExt ~/.julia/packages/TensorKit/esxcj/ext/TensorKitChainRulesCoreExt/factorizations.jl:254
[ Info: LBFGS: iter   64, time 7029.61 s: f = -2.082508742964, ‖∇f‖ = 2.2339e-03, α = 1.00e+00, m = 3, nfg = 1
[ Info: CTMRG init:	obj = +6.189586984351e+00	err = 1.0000e+00
[ Info: CTMRG conv 19:	obj = +6.189589244309e+00	err = 4.1333813486e-10	time = 45.03 sec
┌ Warning: `svd` cotangents sensitive to gauge choice: (|Δgauge| = 0.228842395087824)
└ @ TensorKitChainRulesCoreExt ~/.julia/packages/TensorKit/esxcj/ext/TensorKitChainRulesCoreExt/factorizations.jl:254
┌ Warning: `svd` cotangents sensitive to gauge choice: (|Δgauge| = 0.22884239497326656)
└ @ TensorKitChainRulesCoreExt ~/.julia/packages/TensorKit/esxcj/ext/TensorKitChainRulesCoreExt/factorizations.jl:254
[ Info: LBFGS: iter   65, time 7085.44 s: f = -2.082520185582, ‖∇f‖ = 1.6877e-03, α = 1.00e+00, m = 3, nfg = 1
[ Info: CTMRG init:	obj = +6.183696237705e+00	err = 1.0000e+00
[ Info: CTMRG conv 19:	obj = +6.183700660847e+00	err = 7.6264836778e-10	time = 45.96 sec
┌ Warning: `svd` cotangents sensitive to gauge choice: (|Δgauge| = 0.2287582954119048)
└ @ TensorKitChainRulesCoreExt ~/.julia/packages/TensorKit/esxcj/ext/TensorKitChainRulesCoreExt/factorizations.jl:254
┌ Warning: `svd` cotangents sensitive to gauge choice: (|Δgauge| = 0.22875829534456826)
└ @ TensorKitChainRulesCoreExt ~/.julia/packages/TensorKit/esxcj/ext/TensorKitChainRulesCoreExt/factorizations.jl:254
[ Info: LBFGS: iter   66, time 7142.47 s: f = -2.082531611255, ‖∇f‖ = 1.8771e-03, α = 1.00e+00, m = 3, nfg = 1
[ Info: CTMRG init:	obj = +6.166351290042e+00	err = 1.0000e+00
[ Info: CTMRG conv 20:	obj = +6.166378385202e+00	err = 6.9589309154e-10	time = 48.10 sec
┌ Warning: `svd` cotangents sensitive to gauge choice: (|Δgauge| = 0.22885747430539946)
└ @ TensorKitChainRulesCoreExt ~/.julia/packages/TensorKit/esxcj/ext/TensorKitChainRulesCoreExt/factorizations.jl:254
┌ Warning: `svd` cotangents sensitive to gauge choice: (|Δgauge| = 0.22885747435206066)
└ @ TensorKitChainRulesCoreExt ~/.julia/packages/TensorKit/esxcj/ext/TensorKitChainRulesCoreExt/factorizations.jl:254
[ Info: LBFGS: iter   67, time 7202.71 s: f = -2.082553430168, ‖∇f‖ = 2.2888e-03, α = 1.00e+00, m = 3, nfg = 1
[ Info: CTMRG init:	obj = +6.140101959327e+00	err = 1.0000e+00
[ Info: CTMRG conv 21:	obj = +6.140211304818e+00	err = 6.5739518774e-10	time = 50.92 sec
┌ Warning: `svd` cotangents sensitive to gauge choice: (|Δgauge| = 0.22809179638337485)
└ @ TensorKitChainRulesCoreExt ~/.julia/packages/TensorKit/esxcj/ext/TensorKitChainRulesCoreExt/factorizations.jl:254
┌ Warning: `svd` cotangents sensitive to gauge choice: (|Δgauge| = 0.22809179622588677)
└ @ TensorKitChainRulesCoreExt ~/.julia/packages/TensorKit/esxcj/ext/TensorKitChainRulesCoreExt/factorizations.jl:254
[ Info: CTMRG init:	obj = +6.152836728170e+00	err = 1.0000e+00
[ Info: CTMRG conv 20:	obj = +6.152865990403e+00	err = 8.8091888347e-10	time = 49.03 sec
┌ Warning: `svd` cotangents sensitive to gauge choice: (|Δgauge| = 0.22846540153860107)
└ @ TensorKitChainRulesCoreExt ~/.julia/packages/TensorKit/esxcj/ext/TensorKitChainRulesCoreExt/factorizations.jl:254
┌ Warning: `svd` cotangents sensitive to gauge choice: (|Δgauge| = 0.2284654015046434)
└ @ TensorKitChainRulesCoreExt ~/.julia/packages/TensorKit/esxcj/ext/TensorKitChainRulesCoreExt/factorizations.jl:254
[ Info: LBFGS: iter   68, time 7325.67 s: f = -2.082565702069, ‖∇f‖ = 2.2396e-03, α = 5.19e-01, m = 3, nfg = 2
[ Info: CTMRG init:	obj = +6.144016332568e+00	err = 1.0000e+00
[ Info: CTMRG conv 20:	obj = +6.144022900101e+00	err = 6.4092657609e-10	time = 48.82 sec
┌ Warning: `svd` cotangents sensitive to gauge choice: (|Δgauge| = 0.22846887234512675)
└ @ TensorKitChainRulesCoreExt ~/.julia/packages/TensorKit/esxcj/ext/TensorKitChainRulesCoreExt/factorizations.jl:254
┌ Warning: `svd` cotangents sensitive to gauge choice: (|Δgauge| = 0.2284688722879964)
└ @ TensorKitChainRulesCoreExt ~/.julia/packages/TensorKit/esxcj/ext/TensorKitChainRulesCoreExt/factorizations.jl:254
[ Info: LBFGS: iter   69, time 7386.17 s: f = -2.082576353832, ‖∇f‖ = 1.5803e-03, α = 1.00e+00, m = 3, nfg = 1
[ Info: CTMRG init:	obj = +6.136067882877e+00	err = 1.0000e+00
[ Info: CTMRG conv 20:	obj = +6.136073144372e+00	err = 7.6352878507e-10	time = 49.75 sec
┌ Warning: `svd` cotangents sensitive to gauge choice: (|Δgauge| = 0.22843431256736219)
└ @ TensorKitChainRulesCoreExt ~/.julia/packages/TensorKit/esxcj/ext/TensorKitChainRulesCoreExt/factorizations.jl:254
┌ Warning: `svd` cotangents sensitive to gauge choice: (|Δgauge| = 0.228434312525524)
└ @ TensorKitChainRulesCoreExt ~/.julia/packages/TensorKit/esxcj/ext/TensorKitChainRulesCoreExt/factorizations.jl:254
[ Info: LBFGS: iter   70, time 7447.76 s: f = -2.082586595076, ‖∇f‖ = 1.6461e-03, α = 1.00e+00, m = 3, nfg = 1
[ Info: CTMRG init:	obj = +6.127915319014e+00	err = 1.0000e+00
[ Info: CTMRG conv 21:	obj = +6.127924090426e+00	err = 3.8867702566e-10	time = 52.74 sec
┌ Warning: `svd` cotangents sensitive to gauge choice: (|Δgauge| = 0.22796498975817636)
└ @ TensorKitChainRulesCoreExt ~/.julia/packages/TensorKit/esxcj/ext/TensorKitChainRulesCoreExt/factorizations.jl:254
┌ Warning: `svd` cotangents sensitive to gauge choice: (|Δgauge| = 0.22796498962615033)
└ @ TensorKitChainRulesCoreExt ~/.julia/packages/TensorKit/esxcj/ext/TensorKitChainRulesCoreExt/factorizations.jl:254
[ Info: LBFGS: iter   71, time 7512.10 s: f = -2.082605565752, ‖∇f‖ = 3.2056e-03, α = 1.00e+00, m = 3, nfg = 1
[ Info: CTMRG init:	obj = +6.127103709334e+00	err = 1.0000e+00
[ Info: CTMRG conv 20:	obj = +6.127113038804e+00	err = 4.3228252678e-10	time = 50.18 sec
┌ Warning: `svd` cotangents sensitive to gauge choice: (|Δgauge| = 0.22777951356391796)
└ @ TensorKitChainRulesCoreExt ~/.julia/packages/TensorKit/esxcj/ext/TensorKitChainRulesCoreExt/factorizations.jl:254
┌ Warning: `svd` cotangents sensitive to gauge choice: (|Δgauge| = 0.22777951353648254)
└ @ TensorKitChainRulesCoreExt ~/.julia/packages/TensorKit/esxcj/ext/TensorKitChainRulesCoreExt/factorizations.jl:254
[ Info: LBFGS: iter   72, time 7573.75 s: f = -2.082622717996, ‖∇f‖ = 2.2633e-03, α = 1.00e+00, m = 3, nfg = 1
[ Info: CTMRG init:	obj = +6.129465619539e+00	err = 1.0000e+00
[ Info: CTMRG conv 17:	obj = +6.129469733403e+00	err = 5.7786847147e-10	time = 42.80 sec
┌ Warning: `svd` cotangents sensitive to gauge choice: (|Δgauge| = 0.22742525666695024)
└ @ TensorKitChainRulesCoreExt ~/.julia/packages/TensorKit/esxcj/ext/TensorKitChainRulesCoreExt/factorizations.jl:254
┌ Warning: `svd` cotangents sensitive to gauge choice: (|Δgauge| = 0.22742525664747398)
└ @ TensorKitChainRulesCoreExt ~/.julia/packages/TensorKit/esxcj/ext/TensorKitChainRulesCoreExt/factorizations.jl:254
[ Info: LBFGS: iter   73, time 7627.09 s: f = -2.082632513506, ‖∇f‖ = 1.7251e-03, α = 1.00e+00, m = 3, nfg = 1
[ Info: CTMRG init:	obj = +6.131956440330e+00	err = 1.0000e+00
[ Info: CTMRG conv 18:	obj = +6.131959043924e+00	err = 6.5434404616e-10	time = 46.06 sec
┌ Warning: `svd` cotangents sensitive to gauge choice: (|Δgauge| = 0.22724602147499673)
└ @ TensorKitChainRulesCoreExt ~/.julia/packages/TensorKit/esxcj/ext/TensorKitChainRulesCoreExt/factorizations.jl:254
┌ Warning: `svd` cotangents sensitive to gauge choice: (|Δgauge| = 0.22724602136367067)
└ @ TensorKitChainRulesCoreExt ~/.julia/packages/TensorKit/esxcj/ext/TensorKitChainRulesCoreExt/factorizations.jl:254
[ Info: LBFGS: iter   74, time 7684.71 s: f = -2.082642348997, ‖∇f‖ = 1.5404e-03, α = 1.00e+00, m = 3, nfg = 1
[ Info: CTMRG init:	obj = +6.129502488839e+00	err = 1.0000e+00
[ Info: CTMRG conv 20:	obj = +6.129504451955e+00	err = 5.0192460948e-10	time = 51.08 sec
┌ Warning: `svd` cotangents sensitive to gauge choice: (|Δgauge| = 0.22692679229650678)
└ @ TensorKitChainRulesCoreExt ~/.julia/packages/TensorKit/esxcj/ext/TensorKitChainRulesCoreExt/factorizations.jl:254
┌ Warning: `svd` cotangents sensitive to gauge choice: (|Δgauge| = 0.22692679223692203)
└ @ TensorKitChainRulesCoreExt ~/.julia/packages/TensorKit/esxcj/ext/TensorKitChainRulesCoreExt/factorizations.jl:254
[ Info: LBFGS: iter   75, time 7747.20 s: f = -2.082654810793, ‖∇f‖ = 3.2823e-03, α = 1.00e+00, m = 3, nfg = 1
[ Info: CTMRG init:	obj = +6.125833349242e+00	err = 1.0000e+00
[ Info: CTMRG conv 20:	obj = +6.125835904028e+00	err = 5.9320199133e-10	time = 51.35 sec
┌ Warning: `svd` cotangents sensitive to gauge choice: (|Δgauge| = 0.22715991459055676)
└ @ TensorKitChainRulesCoreExt ~/.julia/packages/TensorKit/esxcj/ext/TensorKitChainRulesCoreExt/factorizations.jl:254
┌ Warning: `svd` cotangents sensitive to gauge choice: (|Δgauge| = 0.22715991451167072)
└ @ TensorKitChainRulesCoreExt ~/.julia/packages/TensorKit/esxcj/ext/TensorKitChainRulesCoreExt/factorizations.jl:254
[ Info: LBFGS: iter   76, time 7810.42 s: f = -2.082665941720, ‖∇f‖ = 1.8592e-03, α = 1.00e+00, m = 3, nfg = 1
[ Info: CTMRG init:	obj = +6.123200654982e+00	err = 1.0000e+00
[ Info: CTMRG conv 19:	obj = +6.123203582221e+00	err = 9.5652311904e-10	time = 48.29 sec
┌ Warning: `svd` cotangents sensitive to gauge choice: (|Δgauge| = 0.2273506614475792)
└ @ TensorKitChainRulesCoreExt ~/.julia/packages/TensorKit/esxcj/ext/TensorKitChainRulesCoreExt/factorizations.jl:254
┌ Warning: `svd` cotangents sensitive to gauge choice: (|Δgauge| = 0.2273506615652317)
└ @ TensorKitChainRulesCoreExt ~/.julia/packages/TensorKit/esxcj/ext/TensorKitChainRulesCoreExt/factorizations.jl:254
[ Info: LBFGS: iter   77, time 7869.53 s: f = -2.082670173503, ‖∇f‖ = 1.1589e-03, α = 1.00e+00, m = 3, nfg = 1
[ Info: CTMRG init:	obj = +6.119679410280e+00	err = 1.0000e+00
[ Info: CTMRG conv 20:	obj = +6.119680849380e+00	err = 4.6860015107e-10	time = 52.37 sec
┌ Warning: `svd` cotangents sensitive to gauge choice: (|Δgauge| = 0.22742948112584233)
└ @ TensorKitChainRulesCoreExt ~/.julia/packages/TensorKit/esxcj/ext/TensorKitChainRulesCoreExt/factorizations.jl:254
┌ Warning: `svd` cotangents sensitive to gauge choice: (|Δgauge| = 0.22742948101964244)
└ @ TensorKitChainRulesCoreExt ~/.julia/packages/TensorKit/esxcj/ext/TensorKitChainRulesCoreExt/factorizations.jl:254
[ Info: LBFGS: iter   78, time 7933.81 s: f = -2.082674164782, ‖∇f‖ = 1.0408e-03, α = 1.00e+00, m = 3, nfg = 1
[ Info: CTMRG init:	obj = +6.114650701477e+00	err = 1.0000e+00
[ Info: CTMRG conv 20:	obj = +6.114653698551e+00	err = 8.5983512709e-10	time = 52.20 sec
┌ Warning: `svd` cotangents sensitive to gauge choice: (|Δgauge| = 0.22751803970615558)
└ @ TensorKitChainRulesCoreExt ~/.julia/packages/TensorKit/esxcj/ext/TensorKitChainRulesCoreExt/factorizations.jl:254
┌ Warning: `svd` cotangents sensitive to gauge choice: (|Δgauge| = 0.22751803962420286)
└ @ TensorKitChainRulesCoreExt ~/.julia/packages/TensorKit/esxcj/ext/TensorKitChainRulesCoreExt/factorizations.jl:254
[ Info: LBFGS: iter   79, time 7996.99 s: f = -2.082681418319, ‖∇f‖ = 1.0704e-03, α = 1.00e+00, m = 3, nfg = 1
[ Info: CTMRG init:	obj = +6.107624702033e+00	err = 1.0000e+00
[ Info: CTMRG conv 21:	obj = +6.107629892102e+00	err = 4.6697222915e-10	time = 54.97 sec
┌ Warning: `svd` cotangents sensitive to gauge choice: (|Δgauge| = 0.22712908703046342)
└ @ TensorKitChainRulesCoreExt ~/.julia/packages/TensorKit/esxcj/ext/TensorKitChainRulesCoreExt/factorizations.jl:254
┌ Warning: `svd` cotangents sensitive to gauge choice: (|Δgauge| = 0.2271290868535774)
└ @ TensorKitChainRulesCoreExt ~/.julia/packages/TensorKit/esxcj/ext/TensorKitChainRulesCoreExt/factorizations.jl:254
[ Info: CTMRG init:	obj = +6.111525174679e+00	err = 1.0000e+00
[ Info: CTMRG conv 20:	obj = +6.111526222685e+00	err = 6.5687041369e-10	time = 52.21 sec
┌ Warning: `svd` cotangents sensitive to gauge choice: (|Δgauge| = 0.22734256219099763)
└ @ TensorKitChainRulesCoreExt ~/.julia/packages/TensorKit/esxcj/ext/TensorKitChainRulesCoreExt/factorizations.jl:254
┌ Warning: `svd` cotangents sensitive to gauge choice: (|Δgauge| = 0.22734256221636168)
└ @ TensorKitChainRulesCoreExt ~/.julia/packages/TensorKit/esxcj/ext/TensorKitChainRulesCoreExt/factorizations.jl:254
[ Info: LBFGS: iter   80, time 8128.12 s: f = -2.082686251283, ‖∇f‖ = 1.7495e-03, α = 4.50e-01, m = 3, nfg = 2
[ Info: CTMRG init:	obj = +6.109894570152e+00	err = 1.0000e+00
[ Info: CTMRG conv 20:	obj = +6.109895223707e+00	err = 4.8900402944e-10	time = 52.92 sec
┌ Warning: `svd` cotangents sensitive to gauge choice: (|Δgauge| = 0.22732775297562902)
└ @ TensorKitChainRulesCoreExt ~/.julia/packages/TensorKit/esxcj/ext/TensorKitChainRulesCoreExt/factorizations.jl:254
┌ Warning: `svd` cotangents sensitive to gauge choice: (|Δgauge| = 0.22732775297691027)
└ @ TensorKitChainRulesCoreExt ~/.julia/packages/TensorKit/esxcj/ext/TensorKitChainRulesCoreExt/factorizations.jl:254
[ Info: LBFGS: iter   81, time 8191.77 s: f = -2.082693516753, ‖∇f‖ = 1.1074e-03, α = 1.00e+00, m = 3, nfg = 1
[ Info: CTMRG init:	obj = +6.109672322736e+00	err = 1.0000e+00
[ Info: CTMRG conv 20:	obj = +6.109673196003e+00	err = 3.7417367559e-10	time = 53.48 sec
┌ Warning: `svd` cotangents sensitive to gauge choice: (|Δgauge| = 0.22732531573389908)
└ @ TensorKitChainRulesCoreExt ~/.julia/packages/TensorKit/esxcj/ext/TensorKitChainRulesCoreExt/factorizations.jl:254
┌ Warning: `svd` cotangents sensitive to gauge choice: (|Δgauge| = 0.2273253157899678)
└ @ TensorKitChainRulesCoreExt ~/.julia/packages/TensorKit/esxcj/ext/TensorKitChainRulesCoreExt/factorizations.jl:254
[ Info: LBFGS: iter   82, time 8257.25 s: f = -2.082701528045, ‖∇f‖ = 1.2139e-03, α = 1.00e+00, m = 3, nfg = 1
[ Info: CTMRG init:	obj = +6.109911059405e+00	err = 1.0000e+00
[ Info: CTMRG conv 20:	obj = +6.109912965543e+00	err = 4.6090309112e-10	time = 53.86 sec
┌ Warning: `svd` cotangents sensitive to gauge choice: (|Δgauge| = 0.2270196362461313)
└ @ TensorKitChainRulesCoreExt ~/.julia/packages/TensorKit/esxcj/ext/TensorKitChainRulesCoreExt/factorizations.jl:254
┌ Warning: `svd` cotangents sensitive to gauge choice: (|Δgauge| = 0.2270196361688155)
└ @ TensorKitChainRulesCoreExt ~/.julia/packages/TensorKit/esxcj/ext/TensorKitChainRulesCoreExt/factorizations.jl:254
[ Info: LBFGS: iter   83, time 8323.50 s: f = -2.082709020908, ‖∇f‖ = 2.3559e-03, α = 1.00e+00, m = 3, nfg = 1
[ Info: CTMRG init:	obj = +6.109999286017e+00	err = 1.0000e+00
[ Info: CTMRG conv 20:	obj = +6.110000672711e+00	err = 3.3736297200e-10	time = 53.84 sec
┌ Warning: `svd` cotangents sensitive to gauge choice: (|Δgauge| = 0.22700272252997467)
└ @ TensorKitChainRulesCoreExt ~/.julia/packages/TensorKit/esxcj/ext/TensorKitChainRulesCoreExt/factorizations.jl:254
┌ Warning: `svd` cotangents sensitive to gauge choice: (|Δgauge| = 0.22700272247551734)
└ @ TensorKitChainRulesCoreExt ~/.julia/packages/TensorKit/esxcj/ext/TensorKitChainRulesCoreExt/factorizations.jl:254
[ Info: LBFGS: iter   84, time 8388.50 s: f = -2.082719062049, ‖∇f‖ = 1.7807e-03, α = 1.00e+00, m = 3, nfg = 1
[ Info: CTMRG init:	obj = +6.107728064571e+00	err = 1.0000e+00
[ Info: CTMRG conv 21:	obj = +6.107733472337e+00	err = 4.9270993504e-10	time = 57.87 sec
┌ Warning: `svd` cotangents sensitive to gauge choice: (|Δgauge| = 0.22680616662622533)
└ @ TensorKitChainRulesCoreExt ~/.julia/packages/TensorKit/esxcj/ext/TensorKitChainRulesCoreExt/factorizations.jl:254
┌ Warning: `svd` cotangents sensitive to gauge choice: (|Δgauge| = 0.2268061666744285)
└ @ TensorKitChainRulesCoreExt ~/.julia/packages/TensorKit/esxcj/ext/TensorKitChainRulesCoreExt/factorizations.jl:254
[ Info: LBFGS: iter   85, time 8458.75 s: f = -2.082739337943, ‖∇f‖ = 1.8916e-03, α = 1.00e+00, m = 3, nfg = 1
[ Info: CTMRG init:	obj = +6.093892397096e+00	err = 1.0000e+00
[ Info: CTMRG conv 23:	obj = +6.093917291353e+00	err = 3.9303772273e-10	time = 1.04 min
┌ Warning: `svd` cotangents sensitive to gauge choice: (|Δgauge| = 0.22667990320627104)
└ @ TensorKitChainRulesCoreExt ~/.julia/packages/TensorKit/esxcj/ext/TensorKitChainRulesCoreExt/factorizations.jl:254
┌ Warning: `svd` cotangents sensitive to gauge choice: (|Δgauge| = 0.22667990317462816)
└ @ TensorKitChainRulesCoreExt ~/.julia/packages/TensorKit/esxcj/ext/TensorKitChainRulesCoreExt/factorizations.jl:254
[ Info: LBFGS: iter   86, time 8534.33 s: f = -2.082754905120, ‖∇f‖ = 3.7563e-03, α = 1.00e+00, m = 3, nfg = 1
[ Info: CTMRG init:	obj = +6.084687326689e+00	err = 1.0000e+00
[ Info: CTMRG conv 23:	obj = +6.084695763895e+00	err = 3.9541138801e-10	time = 1.05 min
┌ Warning: `svd` cotangents sensitive to gauge choice: (|Δgauge| = 0.22649359931627266)
└ @ TensorKitChainRulesCoreExt ~/.julia/packages/TensorKit/esxcj/ext/TensorKitChainRulesCoreExt/factorizations.jl:254
┌ Warning: `svd` cotangents sensitive to gauge choice: (|Δgauge| = 0.22649359917063308)
└ @ TensorKitChainRulesCoreExt ~/.julia/packages/TensorKit/esxcj/ext/TensorKitChainRulesCoreExt/factorizations.jl:254
[ Info: LBFGS: iter   87, time 8610.02 s: f = -2.082775942377, ‖∇f‖ = 2.2881e-03, α = 1.00e+00, m = 3, nfg = 1
[ Info: CTMRG init:	obj = +6.062611027801e+00	err = 1.0000e+00
[ Info: CTMRG conv 24:	obj = +6.062636226706e+00	err = 6.2741286684e-10	time = 1.12 min
┌ Warning: `svd` cotangents sensitive to gauge choice: (|Δgauge| = 0.2264036088134697)
└ @ TensorKitChainRulesCoreExt ~/.julia/packages/TensorKit/esxcj/ext/TensorKitChainRulesCoreExt/factorizations.jl:254
┌ Warning: `svd` cotangents sensitive to gauge choice: (|Δgauge| = 0.2264036086863786)
└ @ TensorKitChainRulesCoreExt ~/.julia/packages/TensorKit/esxcj/ext/TensorKitChainRulesCoreExt/factorizations.jl:254
[ Info: LBFGS: iter   88, time 8689.82 s: f = -2.082799421666, ‖∇f‖ = 1.5106e-03, α = 1.00e+00, m = 3, nfg = 1
[ Info: CTMRG init:	obj = +6.047968209717e+00	err = 1.0000e+00
[ Info: CTMRG conv 24:	obj = +6.047979016180e+00	err = 7.5960322781e-10	time = 1.12 min
┌ Warning: `svd` cotangents sensitive to gauge choice: (|Δgauge| = 0.2260068650782446)
└ @ TensorKitChainRulesCoreExt ~/.julia/packages/TensorKit/esxcj/ext/TensorKitChainRulesCoreExt/factorizations.jl:254
┌ Warning: `svd` cotangents sensitive to gauge choice: (|Δgauge| = 0.22600686497112527)
└ @ TensorKitChainRulesCoreExt ~/.julia/packages/TensorKit/esxcj/ext/TensorKitChainRulesCoreExt/factorizations.jl:254
[ Info: LBFGS: iter   89, time 8770.23 s: f = -2.082810339578, ‖∇f‖ = 2.3830e-03, α = 1.00e+00, m = 3, nfg = 1
[ Info: CTMRG init:	obj = +6.033292795812e+00	err = 1.0000e+00
[ Info: CTMRG conv 25:	obj = +6.033301859279e+00	err = 3.9559637281e-10	time = 1.18 min
┌ Warning: `svd` cotangents sensitive to gauge choice: (|Δgauge| = 0.22614811644624622)
└ @ TensorKitChainRulesCoreExt ~/.julia/packages/TensorKit/esxcj/ext/TensorKitChainRulesCoreExt/factorizations.jl:254
┌ Warning: `svd` cotangents sensitive to gauge choice: (|Δgauge| = 0.22614811612391425)
└ @ TensorKitChainRulesCoreExt ~/.julia/packages/TensorKit/esxcj/ext/TensorKitChainRulesCoreExt/factorizations.jl:254
[ Info: LBFGS: iter   90, time 8854.01 s: f = -2.082823244891, ‖∇f‖ = 1.3833e-03, α = 1.00e+00, m = 3, nfg = 1
[ Info: CTMRG init:	obj = +6.028896188040e+00	err = 1.0000e+00
[ Info: CTMRG conv 23:	obj = +6.028898057452e+00	err = 9.6323386985e-10	time = 1.07 min
┌ Warning: `svd` cotangents sensitive to gauge choice: (|Δgauge| = 0.22614561046684917)
└ @ TensorKitChainRulesCoreExt ~/.julia/packages/TensorKit/esxcj/ext/TensorKitChainRulesCoreExt/factorizations.jl:254
┌ Warning: `svd` cotangents sensitive to gauge choice: (|Δgauge| = 0.2261456104205541)
└ @ TensorKitChainRulesCoreExt ~/.julia/packages/TensorKit/esxcj/ext/TensorKitChainRulesCoreExt/factorizations.jl:254
[ Info: LBFGS: iter   91, time 8930.91 s: f = -2.082832108456, ‖∇f‖ = 1.3470e-03, α = 1.00e+00, m = 3, nfg = 1
[ Info: CTMRG init:	obj = +6.027499552797e+00	err = 1.0000e+00
[ Info: CTMRG conv 19:	obj = +6.027514821654e+00	err = 4.2539256767e-10	time = 54.04 sec
┌ Warning: `svd` cotangents sensitive to gauge choice: (|Δgauge| = 0.22616386785398623)
└ @ TensorKitChainRulesCoreExt ~/.julia/packages/TensorKit/esxcj/ext/TensorKitChainRulesCoreExt/factorizations.jl:254
┌ Warning: `svd` cotangents sensitive to gauge choice: (|Δgauge| = 0.2261638676583944)
└ @ TensorKitChainRulesCoreExt ~/.julia/packages/TensorKit/esxcj/ext/TensorKitChainRulesCoreExt/factorizations.jl:254
[ Info: CTMRG init:	obj = +6.028344990548e+00	err = 1.0000e+00
[ Info: CTMRG conv 19:	obj = +6.028347601518e+00	err = 3.8425943601e-10	time = 54.49 sec
┌ Warning: `svd` cotangents sensitive to gauge choice: (|Δgauge| = 0.22615190223056808)
└ @ TensorKitChainRulesCoreExt ~/.julia/packages/TensorKit/esxcj/ext/TensorKitChainRulesCoreExt/factorizations.jl:254
┌ Warning: `svd` cotangents sensitive to gauge choice: (|Δgauge| = 0.22615190214819322)
└ @ TensorKitChainRulesCoreExt ~/.julia/packages/TensorKit/esxcj/ext/TensorKitChainRulesCoreExt/factorizations.jl:254
[ Info: LBFGS: iter   92, time 9062.54 s: f = -2.082835497443, ‖∇f‖ = 1.2361e-03, α = 4.14e-01, m = 3, nfg = 2
[ Info: CTMRG init:	obj = +6.031472804259e+00	err = 1.0000e+00
[ Info: CTMRG conv 23:	obj = +6.031473613632e+00	err = 8.9533088458e-10	time = 1.10 min
┌ Warning: `svd` cotangents sensitive to gauge choice: (|Δgauge| = 0.2261736363205618)
└ @ TensorKitChainRulesCoreExt ~/.julia/packages/TensorKit/esxcj/ext/TensorKitChainRulesCoreExt/factorizations.jl:254
┌ Warning: `svd` cotangents sensitive to gauge choice: (|Δgauge| = 0.22617363622366068)
└ @ TensorKitChainRulesCoreExt ~/.julia/packages/TensorKit/esxcj/ext/TensorKitChainRulesCoreExt/factorizations.jl:254
[ Info: LBFGS: converged after 93 iterations and time 9140.66 s: f = -2.082837925068, ‖∇f‖ = 8.6305e-04
