  Installing known registries into `~/.julia`
       Added `General` registry to ~/.julia/registries
    Updating registry at `~/.julia/registries/General.toml`
   Installed RealDot ───────────────────── v0.1.0
   Installed TaskLocalValues ───────────── v0.1.2
   Installed IrrationalConstants ───────── v0.2.4
   Installed GPUArraysCore ─────────────── v0.2.0
   Installed IRTools ───────────────────── v0.4.14
   Installed JLD2 ──────────────────────── v0.5.12
   Installed BlockTensorKit ────────────── v0.1.6
   Installed OhMyThreads ───────────────── v0.7.0
   Installed IntegerMathUtils ──────────── v0.1.2
   Installed DiffRules ─────────────────── v1.15.1
   Installed Adapt ─────────────────────── v4.3.0
   Installed LRUCache ──────────────────── v1.6.2
   Installed PtrArrays ─────────────────── v1.3.0
   Installed TableTraits ───────────────── v1.0.1
   Installed Accessors ─────────────────── v0.1.42
   Installed Preferences ───────────────── v1.4.3
   Installed OptimKit ──────────────────── v0.4.0
   Installed WignerSymbols ─────────────── v2.0.0
   Installed HashArrayMappedTries ──────── v0.2.0
   Installed Tables ────────────────────── v1.12.0
   Installed LoggingExtras ─────────────── v1.0.3
   Installed DiffResults ───────────────── v1.1.0
   Installed SpecialFunctions ──────────── v2.5.1
   Installed TensorKit ─────────────────── v0.14.5
   Installed DataAPI ───────────────────── v1.16.0
   Installed RecipesBase ───────────────── v1.3.4
   Installed Primes ────────────────────── v0.5.7
   Installed ChunkSplitters ────────────── v3.1.2
   Installed StaticArrays ──────────────── v1.9.13
   Installed AbstractFFTs ──────────────── v1.5.0
   Installed Zygote ────────────────────── v0.7.6
   Installed MPSKit ────────────────────── v0.12.6
   Installed Richardson ────────────────── v1.4.2
   Installed JLLWrappers ───────────────── v1.7.0
   Installed BlockArrays ───────────────── v1.6.1
   Installed FiniteDifferences ─────────── v0.12.32
   Installed StaticArraysCore ──────────── v1.4.3
   Installed NaNMath ───────────────────── v1.1.3
   Installed IteratorInterfaceExtensions ─ v1.0.0
   Installed PrecompileTools ───────────── v1.2.1
   Installed DataValueInterfaces ───────── v1.0.0
   Installed RationalRoots ─────────────── v0.2.1
   Installed StructArrays ──────────────── v0.7.1
   Installed ConstructionBase ──────────── v1.5.8
   Installed TensorKitSectors ──────────── v0.1.4
   Installed StableTasks ───────────────── v0.1.7
   Installed OrderedCollections ────────── v1.8.0
   Installed TranscodingStreams ────────── v0.11.3
   Installed ScopedValues ──────────────── v1.3.0
   Installed InitialValues ─────────────── v0.3.1
   Installed ChainRulesCore ────────────── v1.25.1
   Installed VectorInterface ───────────── v0.5.0
   Installed FillArrays ────────────────── v1.13.0
   Installed MPSKitModels ──────────────── v0.4.1
   Installed ForwardDiff ───────────────── v1.0.1
   Installed FileIO ────────────────────── v1.17.0
   Installed Requires ──────────────────── v1.3.1
   Installed LogExpFunctions ───────────── v0.3.29
   Installed Statistics ────────────────── v1.11.1
   Installed ChainRules ────────────────── v1.72.3
   Installed CommonSubexpressions ──────── v0.3.1
   Installed ZygoteRules ───────────────── v0.2.7
   Installed StridedViews ──────────────── v0.4.1
   Installed BangBang ──────────────────── v0.4.4
   Installed HalfIntegers ──────────────── v1.6.0
   Installed MacroTools ────────────────── v0.5.15
   Installed Strided ───────────────────── v2.3.0
   Installed PackageExtensionCompat ────── v1.0.2
   Installed TensorKitManifolds ────────── v0.7.2
   Installed Compat ────────────────────── v4.16.0
   Installed CompositionsBase ──────────── v0.1.2
   Installed OpenSpecFun_jll ───────────── v0.5.6+0
   Installed SparseInverseSubset ───────── v0.1.2
   Installed TupleTools ────────────────── v1.6.0
   Installed InverseFunctions ──────────── v0.1.17
   Installed PEPSKit ───────────────────── v0.5.0
   Installed DocStringExtensions ───────── v0.9.4
   Installed KrylovKit ─────────────────── v0.9.5
   Installed ArrayLayouts ──────────────── v1.11.1
   Installed TensorOperations ──────────── v5.2.0
    Updating `/var/lib/condor/execute/dir_1091849/Project.toml`
  [d360d2e6] + ChainRulesCore v1.25.1
  [033835bb] + JLD2 v0.5.12
  [0b1a1467] + KrylovKit v0.9.5
  [bb1c41ca] + MPSKit v0.12.6
  [ca635005] + MPSKitModels v0.4.1
  [77e91f04] + OptimKit v0.4.0
  [52969e89] + PEPSKit v0.5.0
  [07d1fe3e] + TensorKit v0.14.5
  [409d34a3] + VectorInterface v0.5.0
  [e88e6eb3] + Zygote v0.7.6
  [37e2e46d] ~ LinearAlgebra ⇒ v1.11.0
    Updating `/var/lib/condor/execute/dir_1091849/Manifest.toml`
  [621f4979] + AbstractFFTs v1.5.0
  [7d9f7c33] + Accessors v0.1.42
  [79e6a3ab] + Adapt v4.3.0
  [4c555306] + ArrayLayouts v1.11.1
  [198e06fe] + BangBang v0.4.4
  [8e7c35d0] + BlockArrays v1.6.1
  [5f87ffc2] + BlockTensorKit v0.1.6
  [082447d4] + ChainRules v1.72.3
  [d360d2e6] + ChainRulesCore v1.25.1
  [ae650224] + ChunkSplitters v3.1.2
  [bbf7d656] + CommonSubexpressions v0.3.1
  [34da2185] + Compat v4.16.0
  [a33af91c] + CompositionsBase v0.1.2
  [187b0558] + ConstructionBase v1.5.8
  [9a962f9c] + DataAPI v1.16.0
  [e2d170a0] + DataValueInterfaces v1.0.0
  [163ba53b] + DiffResults v1.1.0
  [b552c78f] + DiffRules v1.15.1
  [ffbed154] + DocStringExtensions v0.9.4
  [5789e2e9] + FileIO v1.17.0
  [1a297f60] + FillArrays v1.13.0
  [26cc04aa] + FiniteDifferences v0.12.32
  [f6369f11] + ForwardDiff v1.0.1
  [46192b85] + GPUArraysCore v0.2.0
  [f0d1745a] + HalfIntegers v1.6.0
  [076d061b] + HashArrayMappedTries v0.2.0
  [7869d1d1] + IRTools v0.4.14
  [22cec73e] + InitialValues v0.3.1
  [18e54dd8] + IntegerMathUtils v0.1.2
  [3587e190] + InverseFunctions v0.1.17
  [92d709cd] + IrrationalConstants v0.2.4
  [82899510] + IteratorInterfaceExtensions v1.0.0
  [033835bb] + JLD2 v0.5.12
  [692b3bcd] + JLLWrappers v1.7.0
  [0b1a1467] + KrylovKit v0.9.5
  [8ac3fa9e] + LRUCache v1.6.2
  [2ab3a3ac] + LogExpFunctions v0.3.29
⌅ [e6f89c97] + LoggingExtras v1.0.3
  [bb1c41ca] + MPSKit v0.12.6
  [ca635005] + MPSKitModels v0.4.1
  [1914dd2f] + MacroTools v0.5.15
  [77ba4419] + NaNMath v1.1.3
⌅ [67456a42] + OhMyThreads v0.7.0
  [77e91f04] + OptimKit v0.4.0
  [bac558e1] + OrderedCollections v1.8.0
  [52969e89] + PEPSKit v0.5.0
  [65ce6f38] + PackageExtensionCompat v1.0.2
⌅ [aea7be01] + PrecompileTools v1.2.1
  [21216c6a] + Preferences v1.4.3
  [27ebfcd6] + Primes v0.5.7
  [43287f4e] + PtrArrays v1.3.0
  [308eb6b3] + RationalRoots v0.2.1
  [c1ae055f] + RealDot v0.1.0
  [3cdcf5f2] + RecipesBase v1.3.4
  [ae029012] + Requires v1.3.1
  [708f8203] + Richardson v1.4.2
  [7e506255] + ScopedValues v1.3.0
  [dc90abb0] + SparseInverseSubset v0.1.2
  [276daf66] + SpecialFunctions v2.5.1
  [91464d47] + StableTasks v0.1.7
  [90137ffa] + StaticArrays v1.9.13
  [1e83bf80] + StaticArraysCore v1.4.3
  [10745b16] + Statistics v1.11.1
  [5e0ebb24] + Strided v2.3.0
  [4db3bf67] + StridedViews v0.4.1
  [09ab397b] + StructArrays v0.7.1
  [3783bdb8] + TableTraits v1.0.1
  [bd369af6] + Tables v1.12.0
  [ed4db957] + TaskLocalValues v0.1.2
  [07d1fe3e] + TensorKit v0.14.5
  [11fa318c] + TensorKitManifolds v0.7.2
  [13a9c161] + TensorKitSectors v0.1.4
  [6aa20fa7] + TensorOperations v5.2.0
  [3bb67fe8] + TranscodingStreams v0.11.3
  [9d95972d] + TupleTools v1.6.0
  [409d34a3] + VectorInterface v0.5.0
  [9f57e263] + WignerSymbols v2.0.0
  [e88e6eb3] + Zygote v0.7.6
  [700de1a5] + ZygoteRules v0.2.7
  [efe28fd5] + OpenSpecFun_jll v0.5.6+0
  [0dad84c5] + ArgTools v1.1.2
  [56f22d72] + Artifacts v1.11.0
  [2a0f44e3] + Base64 v1.11.0
  [ade2ca70] + Dates v1.11.0
  [8ba89e20] + Distributed v1.11.0
  [f43a241f] + Downloads v1.6.0
  [7b1f6079] + FileWatching v1.11.0
  [b77e0a4c] + InteractiveUtils v1.11.0
  [b27032c2] + LibCURL v0.6.4
  [76f85450] + LibGit2 v1.11.0
  [8f399da3] + Libdl v1.11.0
  [37e2e46d] + LinearAlgebra v1.11.0
  [56ddb016] + Logging v1.11.0
  [d6f4376e] + Markdown v1.11.0
  [a63ad114] + Mmap v1.11.0
  [ca575930] + NetworkOptions v1.2.0
  [44cfe95a] + Pkg v1.11.0
  [de0858da] + Printf v1.11.0
  [9a3f8284] + Random v1.11.0
  [ea8e919c] + SHA v0.7.0
  [9e88b42a] + Serialization v1.11.0
  [6462fe0b] + Sockets v1.11.0
  [2f01184e] + SparseArrays v1.11.0
  [4607b0f0] + SuiteSparse
  [fa267f1f] + TOML v1.0.3
  [a4e569a6] + Tar v1.10.0
  [cf7118a7] + UUIDs v1.11.0
  [4ec0a83e] + Unicode v1.11.0
  [e66e0078] + CompilerSupportLibraries_jll v1.1.1+0
  [deac9b47] + LibCURL_jll v8.6.0+0
  [e37daf67] + LibGit2_jll v1.7.2+0
  [29816b5a] + LibSSH2_jll v1.11.0+1
  [c8ffd9c3] + MbedTLS_jll v2.28.6+0
  [14a3606d] + MozillaCACerts_jll v2023.12.12
  [4536629a] + OpenBLAS_jll v0.3.27+1
  [05823500] + OpenLibm_jll v0.8.1+2
  [bea87d4a] + SuiteSparse_jll v7.7.0+0
  [83775a58] + Zlib_jll v1.2.13+1
  [8e850b90] + libblastrampoline_jll v5.11.0+0
  [8e850ede] + nghttp2_jll v1.59.0+0
  [3f19e933] + p7zip_jll v17.4.0+2
        Info Packages marked with ⌅ have new versions available but compatibility constraints restrict them from upgrading. To see why use `status --outdated -m`
Precompiling project...
    583.0 ms  ✓ DataValueInterfaces
    650.0 ms  ✓ Richardson
    738.7 ms  ✓ TaskLocalValues
    712.4 ms  ✓ RealDot
    728.8 ms  ✓ IntegerMathUtils
    715.5 ms  ✓ InverseFunctions
    756.8 ms  ✓ StableTasks
    821.9 ms  ✓ HalfIntegers
    861.5 ms  ✓ LRUCache
    890.1 ms  ✓ VectorInterface
    896.4 ms  ✓ DocStringExtensions
    924.7 ms  ✓ Statistics
    989.2 ms  ✓ AbstractFFTs
   1091.0 ms  ✓ OrderedCollections
    592.8 ms  ✓ IteratorInterfaceExtensions
    596.2 ms  ✓ PackageExtensionCompat
    674.6 ms  ✓ DataAPI
    620.6 ms  ✓ CompositionsBase
    792.4 ms  ✓ ConstructionBase
    640.4 ms  ✓ PtrArrays
    812.7 ms  ✓ ChunkSplitters
   1608.4 ms  ✓ FillArrays
    910.1 ms  ✓ StaticArraysCore
    938.8 ms  ✓ TupleTools
    801.2 ms  ✓ HashArrayMappedTries
    919.6 ms  ✓ RationalRoots
   1082.6 ms  ✓ TranscodingStreams
    837.7 ms  ✓ NaNMath
   2033.4 ms  ✓ IrrationalConstants
    930.5 ms  ✓ LoggingExtras
   1445.3 ms  ✓ InitialValues
   1019.7 ms  ✓ Requires
   1024.1 ms  ✓ Compat
   1107.5 ms  ✓ SuiteSparse
    642.6 ms  ✓ TableTraits
    695.2 ms  ✓ LRUCache → SerializationExt
    966.7 ms  ✓ InverseFunctions → InverseFunctionsDatesExt
   1027.2 ms  ✓ Primes
    817.6 ms  ✓ StridedViews
   1333.2 ms  ✓ Preferences
    697.2 ms  ✓ ConstructionBase → ConstructionBaseLinearAlgebraExt
    723.2 ms  ✓ CompositionsBase → CompositionsBaseInverseFunctionsExt
   1058.3 ms  ✓ Statistics → SparseArraysExt
    728.7 ms  ✓ FillArrays → FillArraysStatisticsExt
    709.6 ms  ✓ DiffResults
    647.2 ms  ✓ ScopedValues
    770.1 ms  ✓ Adapt
    707.1 ms  ✓ Compat → CompatLinearAlgebraExt
    623.8 ms  ✓ StridedViews → StridedViewsPtrArraysExt
   1146.8 ms  ✓ FillArrays → FillArraysSparseArraysExt
   1017.9 ms  ✓ LogExpFunctions
    974.4 ms  ✓ SparseInverseSubset
    717.3 ms  ✓ PrecompileTools
   1059.6 ms  ✓ Strided
    913.8 ms  ✓ JLLWrappers
   1307.1 ms  ✓ Tables
    801.1 ms  ✓ GPUArraysCore
    951.3 ms  ✓ Adapt → AdaptSparseArraysExt
    722.7 ms  ✓ LogExpFunctions → LogExpFunctionsInverseFunctionsExt
   3890.5 ms  ✓ MacroTools
   2674.4 ms  ✓ KrylovKit
    988.3 ms  ✓ OpenSpecFun_jll
   2079.1 ms  ✓ OptimKit
    812.1 ms  ✓ CommonSubexpressions
   2040.1 ms  ✓ ChainRulesCore
   1580.6 ms  ✓ StructArrays
    901.7 ms  ✓ AbstractFFTs → AbstractFFTsChainRulesCoreExt
   1065.4 ms  ✓ ChainRulesCore → ChainRulesCoreSparseArraysExt
    885.6 ms  ✓ StructArrays → StructArraysAdaptExt
   1078.9 ms  ✓ KrylovKit → KrylovKitChainRulesCoreExt
   2872.5 ms  ✓ RecipesBase
   3902.6 ms  ✓ WignerSymbols
   1058.4 ms  ✓ StructArrays → StructArraysSparseArraysExt
   1284.9 ms  ✓ ZygoteRules
    804.1 ms  ✓ StructArrays → StructArraysLinearAlgebraExt
   3239.3 ms  ✓ IRTools
   2381.4 ms  ✓ LogExpFunctions → LogExpFunctionsChainRulesCoreExt
   3402.0 ms  ✓ Accessors
    837.0 ms  ✓ Accessors → StructArraysExt
    847.4 ms  ✓ Accessors → LinearAlgebraExt
   6370.9 ms  ✓ FileIO
   4305.2 ms  ✓ SpecialFunctions
   1184.5 ms  ✓ BangBang
   1036.8 ms  ✓ DiffRules
    874.6 ms  ✓ BangBang → BangBangTablesExt
    901.6 ms  ✓ BangBang → BangBangChainRulesCoreExt
    984.9 ms  ✓ BangBang → BangBangStructArraysExt
   1620.9 ms  ✓ OhMyThreads
   2945.5 ms  ✓ SpecialFunctions → SpecialFunctionsChainRulesCoreExt
  11411.1 ms  ✓ StaticArrays
   4937.8 ms  ✓ ForwardDiff
   8326.5 ms  ✓ ChainRules
    933.2 ms  ✓ StaticArrays → StaticArraysStatisticsExt
   1102.5 ms  ✓ ConstructionBase → ConstructionBaseStaticArraysExt
   1114.6 ms  ✓ StaticArrays → StaticArraysChainRulesCoreExt
   1121.8 ms  ✓ Adapt → AdaptStaticArraysExt
   1208.2 ms  ✓ BangBang → BangBangStaticArraysExt
   1223.5 ms  ✓ StructArrays → StructArraysStaticArraysExt
   1253.0 ms  ✓ Accessors → StaticArraysExt
   1335.1 ms  ✓ ForwardDiff → ForwardDiffStaticArraysExt
   1965.2 ms  ✓ FiniteDifferences
  20541.9 ms  ✓ ArrayLayouts
   1264.1 ms  ✓ ArrayLayouts → ArrayLayoutsSparseArraysExt
   2593.1 ms  ✓ BlockArrays
    950.7 ms  ✓ BlockArrays → BlockArraysAdaptExt
  41662.4 ms  ✓ Zygote
  48259.6 ms  ✓ JLD2
 160905.2 ms  ✓ TensorOperations
   1431.0 ms  ✓ TensorOperations → TensorOperationsChainRulesCoreExt
   8578.0 ms  ✓ TensorKitSectors
  10693.8 ms  ✓ TensorKit
   2281.2 ms  ✓ TensorKit → TensorKitFiniteDifferencesExt
   2485.3 ms  ✓ TensorKitManifolds
   2818.9 ms  ✓ TensorKit → TensorKitChainRulesCoreExt
   3773.2 ms  ✓ BlockTensorKit
  18215.6 ms  ✓ MPSKit
  15444.6 ms  ✓ MPSKitModels
  17524.8 ms  ✓ PEPSKit
  118 dependencies successfully precompiled in 239 seconds. 31 already precompiled.
[ Info: CTMRG init:	obj = +6.031473613632e+00	err = 1.0000e+00
[ Info: CTMRG conv 4:	obj = +6.031473613632e+00	err = 8.9578675370e-11	time = 1.95 min
┌ Warning: `svd` cotangents sensitive to gauge choice: (|Δgauge| = 0.2261736363205618)
└ @ TensorKitChainRulesCoreExt ~/.julia/packages/TensorKit/esxcj/ext/TensorKitChainRulesCoreExt/factorizations.jl:254
┌ Warning: `svd` cotangents sensitive to gauge choice: (|Δgauge| = 7.886685386162503e-6)
└ @ TensorKitChainRulesCoreExt ~/.julia/packages/TensorKit/esxcj/ext/TensorKitChainRulesCoreExt/factorizations.jl:254
┌ Warning: `svd` cotangents sensitive to gauge choice: (|Δgauge| = 0.2261688299457615)
└ @ TensorKitChainRulesCoreExt ~/.julia/packages/TensorKit/esxcj/ext/TensorKitChainRulesCoreExt/factorizations.jl:254
[ Info: LBFGS: initializing with f = -2.082837925068, ‖∇f‖ = 8.5311e-04
[ Info: CTMRG init:	obj = +6.036168134786e+00	err = 1.0000e+00
[ Info: CTMRG conv 23:	obj = +6.036184925884e+00	err = 8.2696992558e-10	time = 9.41 sec
┌ Warning: `svd` cotangents sensitive to gauge choice: (|Δgauge| = 0.22576980291224763)
└ @ TensorKitChainRulesCoreExt ~/.julia/packages/TensorKit/esxcj/ext/TensorKitChainRulesCoreExt/factorizations.jl:254
┌ Warning: `svd` cotangents sensitive to gauge choice: (|Δgauge| = 0.22576980291333965)
└ @ TensorKitChainRulesCoreExt ~/.julia/packages/TensorKit/esxcj/ext/TensorKitChainRulesCoreExt/factorizations.jl:254
[ Info: CTMRG init:	obj = +6.033025325599e+00	err = 1.0000e+00
[ Info: CTMRG conv 22:	obj = +6.033027155932e+00	err = 6.7421130268e-10	time = 8.25 sec
┌ Warning: `svd` cotangents sensitive to gauge choice: (|Δgauge| = 0.22604092837372092)
└ @ TensorKitChainRulesCoreExt ~/.julia/packages/TensorKit/esxcj/ext/TensorKitChainRulesCoreExt/factorizations.jl:254
┌ Warning: `svd` cotangents sensitive to gauge choice: (|Δgauge| = 0.22604092824848726)
└ @ TensorKitChainRulesCoreExt ~/.julia/packages/TensorKit/esxcj/ext/TensorKitChainRulesCoreExt/factorizations.jl:254
[ Info: LBFGS: iter    1, time 1549.88 s: f = -2.082839358432, ‖∇f‖ = 9.3711e-04, α = 3.30e-01, m = 0, nfg = 2
[ Info: CTMRG init:	obj = +6.033985499804e+00	err = 1.0000e+00
[ Info: CTMRG conv 22:	obj = +6.033985668417e+00	err = 6.7137213024e-10	time = 8.27 sec
┌ Warning: `svd` cotangents sensitive to gauge choice: (|Δgauge| = 0.22605449196899555)
└ @ TensorKitChainRulesCoreExt ~/.julia/packages/TensorKit/esxcj/ext/TensorKitChainRulesCoreExt/factorizations.jl:254
┌ Warning: `svd` cotangents sensitive to gauge choice: (|Δgauge| = 0.2260544920117738)
└ @ TensorKitChainRulesCoreExt ~/.julia/packages/TensorKit/esxcj/ext/TensorKitChainRulesCoreExt/factorizations.jl:254
[ Info: LBFGS: iter    2, time 1565.21 s: f = -2.082840723710, ‖∇f‖ = 7.3824e-04, α = 1.00e+00, m = 1, nfg = 1
[ Info: CTMRG init:	obj = +6.037832658449e+00	err = 1.0000e+00
[ Info: CTMRG conv 23:	obj = +6.037835987857e+00	err = 8.5565312123e-10	time = 8.37 sec
┌ Warning: `svd` cotangents sensitive to gauge choice: (|Δgauge| = 0.2259539339351545)
└ @ TensorKitChainRulesCoreExt ~/.julia/packages/TensorKit/esxcj/ext/TensorKitChainRulesCoreExt/factorizations.jl:254
┌ Warning: `svd` cotangents sensitive to gauge choice: (|Δgauge| = 0.22595393372281675)
└ @ TensorKitChainRulesCoreExt ~/.julia/packages/TensorKit/esxcj/ext/TensorKitChainRulesCoreExt/factorizations.jl:254
[ Info: LBFGS: iter    3, time 1579.71 s: f = -2.082842581907, ‖∇f‖ = 1.0828e-03, α = 1.00e+00, m = 2, nfg = 1
[ Info: CTMRG init:	obj = +6.037902443029e+00	err = 1.0000e+00
[ Info: CTMRG conv 19:	obj = +6.037902624984e+00	err = 8.9856631037e-10	time = 7.34 sec
┌ Warning: `svd` cotangents sensitive to gauge choice: (|Δgauge| = 0.22604704151052904)
└ @ TensorKitChainRulesCoreExt ~/.julia/packages/TensorKit/esxcj/ext/TensorKitChainRulesCoreExt/factorizations.jl:254
┌ Warning: `svd` cotangents sensitive to gauge choice: (|Δgauge| = 0.22604704164173184)
└ @ TensorKitChainRulesCoreExt ~/.julia/packages/TensorKit/esxcj/ext/TensorKitChainRulesCoreExt/factorizations.jl:254
[ Info: LBFGS: iter    4, time 1594.12 s: f = -2.082843649107, ‖∇f‖ = 7.8876e-04, α = 1.00e+00, m = 3, nfg = 1
[ Info: CTMRG init:	obj = +6.037298881203e+00	err = 1.0000e+00
[ Info: CTMRG conv 22:	obj = +6.037298932131e+00	err = 2.9881277485e-10	time = 8.36 sec
┌ Warning: `svd` cotangents sensitive to gauge choice: (|Δgauge| = 0.22605272447441543)
└ @ TensorKitChainRulesCoreExt ~/.julia/packages/TensorKit/esxcj/ext/TensorKitChainRulesCoreExt/factorizations.jl:254
┌ Warning: `svd` cotangents sensitive to gauge choice: (|Δgauge| = 0.22605272428501058)
└ @ TensorKitChainRulesCoreExt ~/.julia/packages/TensorKit/esxcj/ext/TensorKitChainRulesCoreExt/factorizations.jl:254
[ Info: LBFGS: iter    5, time 1607.86 s: f = -2.082844155130, ‖∇f‖ = 4.4497e-04, α = 1.00e+00, m = 4, nfg = 1
[ Info: CTMRG init:	obj = +6.036659285110e+00	err = 1.0000e+00
[ Info: CTMRG conv 21:	obj = +6.036659379342e+00	err = 8.4814335273e-10	time = 8.77 sec
┌ Warning: `svd` cotangents sensitive to gauge choice: (|Δgauge| = 0.22605592208473738)
└ @ TensorKitChainRulesCoreExt ~/.julia/packages/TensorKit/esxcj/ext/TensorKitChainRulesCoreExt/factorizations.jl:254
┌ Warning: `svd` cotangents sensitive to gauge choice: (|Δgauge| = 0.22605592194468768)
└ @ TensorKitChainRulesCoreExt ~/.julia/packages/TensorKit/esxcj/ext/TensorKitChainRulesCoreExt/factorizations.jl:254
[ Info: LBFGS: iter    6, time 1621.99 s: f = -2.082844985148, ‖∇f‖ = 3.6052e-04, α = 1.00e+00, m = 5, nfg = 1
[ Info: CTMRG init:	obj = +6.035654003769e+00	err = 1.0000e+00
[ Info: CTMRG conv 21:	obj = +6.035654586267e+00	err = 8.5630936818e-10	time = 8.94 sec
┌ Warning: `svd` cotangents sensitive to gauge choice: (|Δgauge| = 0.22607179984587242)
└ @ TensorKitChainRulesCoreExt ~/.julia/packages/TensorKit/esxcj/ext/TensorKitChainRulesCoreExt/factorizations.jl:254
┌ Warning: `svd` cotangents sensitive to gauge choice: (|Δgauge| = 0.22607179982926306)
└ @ TensorKitChainRulesCoreExt ~/.julia/packages/TensorKit/esxcj/ext/TensorKitChainRulesCoreExt/factorizations.jl:254
[ Info: LBFGS: iter    7, time 1636.77 s: f = -2.082847092009, ‖∇f‖ = 8.5388e-04, α = 1.00e+00, m = 6, nfg = 1
[ Info: CTMRG init:	obj = +6.035233576454e+00	err = 1.0000e+00
[ Info: CTMRG conv 20:	obj = +6.035234723054e+00	err = 9.2432603969e-10	time = 8.23 sec
┌ Warning: `svd` cotangents sensitive to gauge choice: (|Δgauge| = 0.22609381269457976)
└ @ TensorKitChainRulesCoreExt ~/.julia/packages/TensorKit/esxcj/ext/TensorKitChainRulesCoreExt/factorizations.jl:254
┌ Warning: `svd` cotangents sensitive to gauge choice: (|Δgauge| = 0.226093812749844)
└ @ TensorKitChainRulesCoreExt ~/.julia/packages/TensorKit/esxcj/ext/TensorKitChainRulesCoreExt/factorizations.jl:254
[ Info: LBFGS: iter    8, time 1650.44 s: f = -2.082850136758, ‖∇f‖ = 1.2482e-03, α = 1.00e+00, m = 7, nfg = 1
[ Info: CTMRG init:	obj = +6.037182655630e+00	err = 1.0000e+00
[ Info: CTMRG conv 22:	obj = +6.037184709111e+00	err = 7.9562911317e-10	time = 10.20 sec
┌ Warning: `svd` cotangents sensitive to gauge choice: (|Δgauge| = 0.22617177697482538)
└ @ TensorKitChainRulesCoreExt ~/.julia/packages/TensorKit/esxcj/ext/TensorKitChainRulesCoreExt/factorizations.jl:254
┌ Warning: `svd` cotangents sensitive to gauge choice: (|Δgauge| = 0.22617177717817452)
└ @ TensorKitChainRulesCoreExt ~/.julia/packages/TensorKit/esxcj/ext/TensorKitChainRulesCoreExt/factorizations.jl:254
[ Info: LBFGS: iter    9, time 1665.80 s: f = -2.082855298789, ‖∇f‖ = 1.4584e-03, α = 1.00e+00, m = 8, nfg = 1
[ Info: CTMRG init:	obj = +6.040222542269e+00	err = 1.0000e+00
[ Info: CTMRG conv 29:	obj = +6.040239026266e+00	err = 7.2225759409e-10	time = 12.84 sec
┌ Warning: `svd` cotangents sensitive to gauge choice: (|Δgauge| = 0.2254114670101802)
└ @ TensorKitChainRulesCoreExt ~/.julia/packages/TensorKit/esxcj/ext/TensorKitChainRulesCoreExt/factorizations.jl:254
┌ Warning: `svd` cotangents sensitive to gauge choice: (|Δgauge| = 0.22541146698959427)
└ @ TensorKitChainRulesCoreExt ~/.julia/packages/TensorKit/esxcj/ext/TensorKitChainRulesCoreExt/factorizations.jl:254
[ Info: CTMRG init:	obj = +6.037954588304e+00	err = 1.0000e+00
[ Info: CTMRG conv 21:	obj = +6.037955099979e+00	err = 6.8353356575e-10	time = 10.37 sec
┌ Warning: `svd` cotangents sensitive to gauge choice: (|Δgauge| = 0.22603676325241845)
└ @ TensorKitChainRulesCoreExt ~/.julia/packages/TensorKit/esxcj/ext/TensorKitChainRulesCoreExt/factorizations.jl:254
┌ Warning: `svd` cotangents sensitive to gauge choice: (|Δgauge| = 0.22603676265040343)
└ @ TensorKitChainRulesCoreExt ~/.julia/packages/TensorKit/esxcj/ext/TensorKitChainRulesCoreExt/factorizations.jl:254
[ Info: LBFGS: iter   10, time 1702.01 s: f = -2.082857149105, ‖∇f‖ = 1.6849e-03, α = 1.77e-01, m = 8, nfg = 2
[ Info: CTMRG init:	obj = +6.042567708886e+00	err = 1.0000e+00
[ Info: CTMRG conv 44:	obj = +6.042571773227e+00	err = 7.4582594732e-10	time = 24.72 sec
┌ Warning: `svd` cotangents sensitive to gauge choice: (|Δgauge| = 0.22616821159112957)
└ @ TensorKitChainRulesCoreExt ~/.julia/packages/TensorKit/esxcj/ext/TensorKitChainRulesCoreExt/factorizations.jl:254
┌ Warning: `svd` cotangents sensitive to gauge choice: (|Δgauge| = 0.2261682116128178)
└ @ TensorKitChainRulesCoreExt ~/.julia/packages/TensorKit/esxcj/ext/TensorKitChainRulesCoreExt/factorizations.jl:254
[ Info: LBFGS: iter   11, time 1736.05 s: f = -2.082863470086, ‖∇f‖ = 9.4695e-04, α = 1.00e+00, m = 8, nfg = 1
[ Info: CTMRG init:	obj = +6.046783246058e+00	err = 1.0000e+00
[ Info: CTMRG conv 25:	obj = +6.046785832918e+00	err = 4.1110578870e-10	time = 15.25 sec
┌ Warning: `svd` cotangents sensitive to gauge choice: (|Δgauge| = 0.22615591586670705)
└ @ TensorKitChainRulesCoreExt ~/.julia/packages/TensorKit/esxcj/ext/TensorKitChainRulesCoreExt/factorizations.jl:254
┌ Warning: `svd` cotangents sensitive to gauge choice: (|Δgauge| = 0.22615591583421008)
└ @ TensorKitChainRulesCoreExt ~/.julia/packages/TensorKit/esxcj/ext/TensorKitChainRulesCoreExt/factorizations.jl:254
[ Info: LBFGS: iter   12, time 1758.53 s: f = -2.082867872136, ‖∇f‖ = 5.9010e-04, α = 1.00e+00, m = 8, nfg = 1
[ Info: CTMRG init:	obj = +6.049077102363e+00	err = 1.0000e+00
[ Info: CTMRG conv 24:	obj = +6.049084573293e+00	err = 7.5657512549e-10	time = 13.59 sec
┌ Warning: `svd` cotangents sensitive to gauge choice: (|Δgauge| = 0.22626784680034118)
└ @ TensorKitChainRulesCoreExt ~/.julia/packages/TensorKit/esxcj/ext/TensorKitChainRulesCoreExt/factorizations.jl:254
┌ Warning: `svd` cotangents sensitive to gauge choice: (|Δgauge| = 0.22626784678951267)
└ @ TensorKitChainRulesCoreExt ~/.julia/packages/TensorKit/esxcj/ext/TensorKitChainRulesCoreExt/factorizations.jl:254
[ Info: LBFGS: iter   13, time 1778.30 s: f = -2.082869644555, ‖∇f‖ = 1.6564e-03, α = 1.00e+00, m = 8, nfg = 1
[ Info: CTMRG init:	obj = +6.049893399204e+00	err = 1.0000e+00
[ Info: CTMRG conv 22:	obj = +6.049896023543e+00	err = 9.6430290175e-10	time = 12.47 sec
┌ Warning: `svd` cotangents sensitive to gauge choice: (|Δgauge| = 0.22610808833119359)
└ @ TensorKitChainRulesCoreExt ~/.julia/packages/TensorKit/esxcj/ext/TensorKitChainRulesCoreExt/factorizations.jl:254
┌ Warning: `svd` cotangents sensitive to gauge choice: (|Δgauge| = 0.22610808835454005)
└ @ TensorKitChainRulesCoreExt ~/.julia/packages/TensorKit/esxcj/ext/TensorKitChainRulesCoreExt/factorizations.jl:254
[ Info: LBFGS: iter   14, time 1796.93 s: f = -2.082872240096, ‖∇f‖ = 6.0650e-04, α = 1.00e+00, m = 8, nfg = 1
[ Info: CTMRG init:	obj = +6.048865932927e+00	err = 1.0000e+00
[ Info: CTMRG conv 23:	obj = +6.048866166473e+00	err = 4.8331865719e-10	time = 13.53 sec
┌ Warning: `svd` cotangents sensitive to gauge choice: (|Δgauge| = 0.22606301126355366)
└ @ TensorKitChainRulesCoreExt ~/.julia/packages/TensorKit/esxcj/ext/TensorKitChainRulesCoreExt/factorizations.jl:254
┌ Warning: `svd` cotangents sensitive to gauge choice: (|Δgauge| = 0.2260630112622359)
└ @ TensorKitChainRulesCoreExt ~/.julia/packages/TensorKit/esxcj/ext/TensorKitChainRulesCoreExt/factorizations.jl:254
[ Info: LBFGS: iter   15, time 1816.07 s: f = -2.082873128971, ‖∇f‖ = 4.4782e-04, α = 1.00e+00, m = 8, nfg = 1
[ Info: CTMRG init:	obj = +6.045765000349e+00	err = 1.0000e+00
[ Info: CTMRG conv 26:	obj = +6.045766038525e+00	err = 6.7791235298e-10	time = 15.50 sec
┌ Warning: `svd` cotangents sensitive to gauge choice: (|Δgauge| = 0.22603108853743403)
└ @ TensorKitChainRulesCoreExt ~/.julia/packages/TensorKit/esxcj/ext/TensorKitChainRulesCoreExt/factorizations.jl:254
┌ Warning: `svd` cotangents sensitive to gauge choice: (|Δgauge| = 0.22603108854047052)
└ @ TensorKitChainRulesCoreExt ~/.julia/packages/TensorKit/esxcj/ext/TensorKitChainRulesCoreExt/factorizations.jl:254
[ Info: LBFGS: iter   16, time 1838.09 s: f = -2.082874526344, ‖∇f‖ = 4.2064e-04, α = 1.00e+00, m = 8, nfg = 1
[ Info: CTMRG init:	obj = +6.043892331398e+00	err = 1.0000e+00
[ Info: CTMRG conv 23:	obj = +6.043893698305e+00	err = 7.4919616238e-10	time = 15.13 sec
┌ Warning: `svd` cotangents sensitive to gauge choice: (|Δgauge| = 0.22601950476277793)
└ @ TensorKitChainRulesCoreExt ~/.julia/packages/TensorKit/esxcj/ext/TensorKitChainRulesCoreExt/factorizations.jl:254
┌ Warning: `svd` cotangents sensitive to gauge choice: (|Δgauge| = 0.2260195047816861)
└ @ TensorKitChainRulesCoreExt ~/.julia/packages/TensorKit/esxcj/ext/TensorKitChainRulesCoreExt/factorizations.jl:254
[ Info: LBFGS: iter   17, time 1858.71 s: f = -2.082874767861, ‖∇f‖ = 1.4347e-03, α = 1.00e+00, m = 8, nfg = 1
[ Info: CTMRG init:	obj = +6.042401504526e+00	err = 1.0000e+00
[ Info: CTMRG conv 24:	obj = +6.042401770627e+00	err = 7.9538534246e-10	time = 15.61 sec
┌ Warning: `svd` cotangents sensitive to gauge choice: (|Δgauge| = 0.22604725962158762)
└ @ TensorKitChainRulesCoreExt ~/.julia/packages/TensorKit/esxcj/ext/TensorKitChainRulesCoreExt/factorizations.jl:254
┌ Warning: `svd` cotangents sensitive to gauge choice: (|Δgauge| = 0.2260472596772301)
└ @ TensorKitChainRulesCoreExt ~/.julia/packages/TensorKit/esxcj/ext/TensorKitChainRulesCoreExt/factorizations.jl:254
[ Info: LBFGS: iter   18, time 1880.53 s: f = -2.082876107713, ‖∇f‖ = 5.3090e-04, α = 1.00e+00, m = 8, nfg = 1
[ Info: CTMRG init:	obj = +6.041583990533e+00	err = 1.0000e+00
[ Info: CTMRG conv 22:	obj = +6.041584049507e+00	err = 8.5230978653e-10	time = 15.71 sec
┌ Warning: `svd` cotangents sensitive to gauge choice: (|Δgauge| = 0.22606781600260814)
└ @ TensorKitChainRulesCoreExt ~/.julia/packages/TensorKit/esxcj/ext/TensorKitChainRulesCoreExt/factorizations.jl:254
┌ Warning: `svd` cotangents sensitive to gauge choice: (|Δgauge| = 0.22606781606900492)
└ @ TensorKitChainRulesCoreExt ~/.julia/packages/TensorKit/esxcj/ext/TensorKitChainRulesCoreExt/factorizations.jl:254
[ Info: LBFGS: iter   19, time 1901.62 s: f = -2.082876668868, ‖∇f‖ = 2.9712e-04, α = 1.00e+00, m = 8, nfg = 1
[ Info: CTMRG init:	obj = +6.040487112585e+00	err = 1.0000e+00
[ Info: CTMRG conv 22:	obj = +6.040487273719e+00	err = 6.1370986648e-10	time = 15.00 sec
┌ Warning: `svd` cotangents sensitive to gauge choice: (|Δgauge| = 0.22607673887049914)
└ @ TensorKitChainRulesCoreExt ~/.julia/packages/TensorKit/esxcj/ext/TensorKitChainRulesCoreExt/factorizations.jl:254
┌ Warning: `svd` cotangents sensitive to gauge choice: (|Δgauge| = 0.22607673884791812)
└ @ TensorKitChainRulesCoreExt ~/.julia/packages/TensorKit/esxcj/ext/TensorKitChainRulesCoreExt/factorizations.jl:254
[ Info: LBFGS: iter   20, time 1922.19 s: f = -2.082877231472, ‖∇f‖ = 4.5264e-04, α = 1.00e+00, m = 8, nfg = 1
[ Info: CTMRG init:	obj = +6.039155089838e+00	err = 1.0000e+00
[ Info: CTMRG conv 23:	obj = +6.039155282636e+00	err = 2.2472413307e-10	time = 15.66 sec
┌ Warning: `svd` cotangents sensitive to gauge choice: (|Δgauge| = 0.22603449227748537)
└ @ TensorKitChainRulesCoreExt ~/.julia/packages/TensorKit/esxcj/ext/TensorKitChainRulesCoreExt/factorizations.jl:254
┌ Warning: `svd` cotangents sensitive to gauge choice: (|Δgauge| = 0.22603449245875762)
└ @ TensorKitChainRulesCoreExt ~/.julia/packages/TensorKit/esxcj/ext/TensorKitChainRulesCoreExt/factorizations.jl:254
[ Info: LBFGS: iter   21, time 1944.12 s: f = -2.082878042521, ‖∇f‖ = 5.7266e-04, α = 1.00e+00, m = 8, nfg = 1
[ Info: CTMRG init:	obj = +6.034105581366e+00	err = 1.0000e+00
[ Info: CTMRG conv 25:	obj = +6.034106920211e+00	err = 6.3028386102e-10	time = 17.61 sec
┌ Warning: `svd` cotangents sensitive to gauge choice: (|Δgauge| = 0.22586365691590696)
└ @ TensorKitChainRulesCoreExt ~/.julia/packages/TensorKit/esxcj/ext/TensorKitChainRulesCoreExt/factorizations.jl:254
┌ Warning: `svd` cotangents sensitive to gauge choice: (|Δgauge| = 0.2258636569678254)
└ @ TensorKitChainRulesCoreExt ~/.julia/packages/TensorKit/esxcj/ext/TensorKitChainRulesCoreExt/factorizations.jl:254
[ Info: LBFGS: iter   22, time 1967.19 s: f = -2.082880361091, ‖∇f‖ = 8.6785e-04, α = 1.00e+00, m = 8, nfg = 1
[ Info: CTMRG init:	obj = +6.024130783515e+00	err = 1.0000e+00
[ Info: CTMRG conv 25:	obj = +6.024136142284e+00	err = 9.7424227651e-10	time = 18.02 sec
┌ Warning: `svd` cotangents sensitive to gauge choice: (|Δgauge| = 0.22549243609027883)
└ @ TensorKitChainRulesCoreExt ~/.julia/packages/TensorKit/esxcj/ext/TensorKitChainRulesCoreExt/factorizations.jl:254
┌ Warning: `svd` cotangents sensitive to gauge choice: (|Δgauge| = 0.22549243614611209)
└ @ TensorKitChainRulesCoreExt ~/.julia/packages/TensorKit/esxcj/ext/TensorKitChainRulesCoreExt/factorizations.jl:254
[ Info: CTMRG init:	obj = +6.029818038455e+00	err = 1.0000e+00
[ Info: CTMRG conv 24:	obj = +6.029819078742e+00	err = 9.7060459715e-10	time = 17.29 sec
┌ Warning: `svd` cotangents sensitive to gauge choice: (|Δgauge| = 0.2256996981091723)
└ @ TensorKitChainRulesCoreExt ~/.julia/packages/TensorKit/esxcj/ext/TensorKitChainRulesCoreExt/factorizations.jl:254
┌ Warning: `svd` cotangents sensitive to gauge choice: (|Δgauge| = 0.22569969815562518)
└ @ TensorKitChainRulesCoreExt ~/.julia/packages/TensorKit/esxcj/ext/TensorKitChainRulesCoreExt/factorizations.jl:254
[ Info: LBFGS: iter   23, time 2013.68 s: f = -2.082881411134, ‖∇f‖ = 9.1891e-04, α = 4.41e-01, m = 8, nfg = 2
[ Info: CTMRG init:	obj = +6.025561309703e+00	err = 1.0000e+00
[ Info: CTMRG conv 25:	obj = +6.025562022538e+00	err = 7.4754249988e-10	time = 18.06 sec
┌ Warning: `svd` cotangents sensitive to gauge choice: (|Δgauge| = 0.22559080943241633)
└ @ TensorKitChainRulesCoreExt ~/.julia/packages/TensorKit/esxcj/ext/TensorKitChainRulesCoreExt/factorizations.jl:254
┌ Warning: `svd` cotangents sensitive to gauge choice: (|Δgauge| = 0.2255908094340531)
└ @ TensorKitChainRulesCoreExt ~/.julia/packages/TensorKit/esxcj/ext/TensorKitChainRulesCoreExt/factorizations.jl:254
[ Info: LBFGS: iter   24, time 2037.17 s: f = -2.082882806951, ‖∇f‖ = 4.7771e-04, α = 1.00e+00, m = 8, nfg = 1
[ Info: CTMRG init:	obj = +6.023238805977e+00	err = 1.0000e+00
[ Info: CTMRG conv 24:	obj = +6.023239194007e+00	err = 9.8693611222e-10	time = 18.18 sec
┌ Warning: `svd` cotangents sensitive to gauge choice: (|Δgauge| = 0.22550022842253326)
└ @ TensorKitChainRulesCoreExt ~/.julia/packages/TensorKit/esxcj/ext/TensorKitChainRulesCoreExt/factorizations.jl:254
┌ Warning: `svd` cotangents sensitive to gauge choice: (|Δgauge| = 0.22550022859697028)
└ @ TensorKitChainRulesCoreExt ~/.julia/packages/TensorKit/esxcj/ext/TensorKitChainRulesCoreExt/factorizations.jl:254
[ Info: LBFGS: iter   25, time 2061.01 s: f = -2.082883456225, ‖∇f‖ = 3.1783e-04, α = 1.00e+00, m = 8, nfg = 1
[ Info: CTMRG init:	obj = +6.021493692810e+00	err = 1.0000e+00
[ Info: CTMRG conv 24:	obj = +6.021494018478e+00	err = 7.4351834632e-10	time = 17.15 sec
┌ Warning: `svd` cotangents sensitive to gauge choice: (|Δgauge| = 0.22555525445109395)
└ @ TensorKitChainRulesCoreExt ~/.julia/packages/TensorKit/esxcj/ext/TensorKitChainRulesCoreExt/factorizations.jl:254
┌ Warning: `svd` cotangents sensitive to gauge choice: (|Δgauge| = 0.22555525442416888)
└ @ TensorKitChainRulesCoreExt ~/.julia/packages/TensorKit/esxcj/ext/TensorKitChainRulesCoreExt/factorizations.jl:254
[ Info: LBFGS: iter   26, time 2083.94 s: f = -2.082883755753, ‖∇f‖ = 3.8175e-04, α = 1.00e+00, m = 8, nfg = 1
[ Info: CTMRG init:	obj = +6.020994634551e+00	err = 1.0000e+00
[ Info: CTMRG conv 24:	obj = +6.020994712533e+00	err = 8.1685729721e-10	time = 18.77 sec
┌ Warning: `svd` cotangents sensitive to gauge choice: (|Δgauge| = 0.2255495655899386)
└ @ TensorKitChainRulesCoreExt ~/.julia/packages/TensorKit/esxcj/ext/TensorKitChainRulesCoreExt/factorizations.jl:254
┌ Warning: `svd` cotangents sensitive to gauge choice: (|Δgauge| = 0.2255495656159573)
└ @ TensorKitChainRulesCoreExt ~/.julia/packages/TensorKit/esxcj/ext/TensorKitChainRulesCoreExt/factorizations.jl:254
[ Info: LBFGS: iter   27, time 2108.52 s: f = -2.082884006824, ‖∇f‖ = 2.7440e-04, α = 1.00e+00, m = 8, nfg = 1
[ Info: CTMRG init:	obj = +6.018961714450e+00	err = 1.0000e+00
[ Info: CTMRG conv 25:	obj = +6.018962028314e+00	err = 6.0910766323e-10	time = 20.13 sec
┌ Warning: `svd` cotangents sensitive to gauge choice: (|Δgauge| = 0.22555741222287737)
└ @ TensorKitChainRulesCoreExt ~/.julia/packages/TensorKit/esxcj/ext/TensorKitChainRulesCoreExt/factorizations.jl:254
┌ Warning: `svd` cotangents sensitive to gauge choice: (|Δgauge| = 0.22555741224085468)
└ @ TensorKitChainRulesCoreExt ~/.julia/packages/TensorKit/esxcj/ext/TensorKitChainRulesCoreExt/factorizations.jl:254
[ Info: LBFGS: iter   28, time 2134.48 s: f = -2.082884461713, ‖∇f‖ = 2.7712e-04, α = 1.00e+00, m = 8, nfg = 1
[ Info: CTMRG init:	obj = +6.016988962071e+00	err = 1.0000e+00
[ Info: CTMRG conv 25:	obj = +6.016989152435e+00	err = 9.7930588768e-10	time = 20.71 sec
┌ Warning: `svd` cotangents sensitive to gauge choice: (|Δgauge| = 0.2255351223849798)
└ @ TensorKitChainRulesCoreExt ~/.julia/packages/TensorKit/esxcj/ext/TensorKitChainRulesCoreExt/factorizations.jl:254
┌ Warning: `svd` cotangents sensitive to gauge choice: (|Δgauge| = 0.2255351225244967)
└ @ TensorKitChainRulesCoreExt ~/.julia/packages/TensorKit/esxcj/ext/TensorKitChainRulesCoreExt/factorizations.jl:254
[ Info: LBFGS: iter   29, time 2161.62 s: f = -2.082884868028, ‖∇f‖ = 3.5107e-04, α = 1.00e+00, m = 8, nfg = 1
[ Info: CTMRG init:	obj = +6.009945283707e+00	err = 1.0000e+00
[ Info: CTMRG conv 26:	obj = +6.009946968816e+00	err = 4.2875175218e-10	time = 20.91 sec
┌ Warning: `svd` cotangents sensitive to gauge choice: (|Δgauge| = 0.2254345678044518)
└ @ TensorKitChainRulesCoreExt ~/.julia/packages/TensorKit/esxcj/ext/TensorKitChainRulesCoreExt/factorizations.jl:254
┌ Warning: `svd` cotangents sensitive to gauge choice: (|Δgauge| = 0.2254345677897357)
└ @ TensorKitChainRulesCoreExt ~/.julia/packages/TensorKit/esxcj/ext/TensorKitChainRulesCoreExt/factorizations.jl:254
[ Info: LBFGS: iter   30, time 2188.57 s: f = -2.082885538760, ‖∇f‖ = 8.2323e-04, α = 1.00e+00, m = 8, nfg = 1
[ Info: CTMRG init:	obj = +6.009608358429e+00	err = 1.0000e+00
[ Info: CTMRG conv 23:	obj = +6.009608487034e+00	err = 9.6170918025e-10	time = 19.10 sec
┌ Warning: `svd` cotangents sensitive to gauge choice: (|Δgauge| = 0.22536803519586646)
└ @ TensorKitChainRulesCoreExt ~/.julia/packages/TensorKit/esxcj/ext/TensorKitChainRulesCoreExt/factorizations.jl:254
┌ Warning: `svd` cotangents sensitive to gauge choice: (|Δgauge| = 0.22536803516192905)
└ @ TensorKitChainRulesCoreExt ~/.julia/packages/TensorKit/esxcj/ext/TensorKitChainRulesCoreExt/factorizations.jl:254
[ Info: LBFGS: iter   31, time 2213.15 s: f = -2.082886358446, ‖∇f‖ = 3.5744e-04, α = 1.00e+00, m = 8, nfg = 1
[ Info: CTMRG init:	obj = +6.008977377033e+00	err = 1.0000e+00
[ Info: CTMRG conv 23:	obj = +6.008977518896e+00	err = 6.4805764068e-10	time = 18.90 sec
┌ Warning: `svd` cotangents sensitive to gauge choice: (|Δgauge| = 0.2252819080753104)
└ @ TensorKitChainRulesCoreExt ~/.julia/packages/TensorKit/esxcj/ext/TensorKitChainRulesCoreExt/factorizations.jl:254
┌ Warning: `svd` cotangents sensitive to gauge choice: (|Δgauge| = 0.22528190793550013)
└ @ TensorKitChainRulesCoreExt ~/.julia/packages/TensorKit/esxcj/ext/TensorKitChainRulesCoreExt/factorizations.jl:254
[ Info: LBFGS: iter   32, time 2237.46 s: f = -2.082886922979, ‖∇f‖ = 2.7544e-04, α = 1.00e+00, m = 8, nfg = 1
[ Info: CTMRG init:	obj = +6.007840923442e+00	err = 1.0000e+00
[ Info: CTMRG conv 24:	obj = +6.007841053657e+00	err = 4.9276192231e-10	time = 21.10 sec
┌ Warning: `svd` cotangents sensitive to gauge choice: (|Δgauge| = 0.22520403360030722)
└ @ TensorKitChainRulesCoreExt ~/.julia/packages/TensorKit/esxcj/ext/TensorKitChainRulesCoreExt/factorizations.jl:254
┌ Warning: `svd` cotangents sensitive to gauge choice: (|Δgauge| = 0.22520403374190273)
└ @ TensorKitChainRulesCoreExt ~/.julia/packages/TensorKit/esxcj/ext/TensorKitChainRulesCoreExt/factorizations.jl:254
[ Info: LBFGS: iter   33, time 2264.02 s: f = -2.082887340916, ‖∇f‖ = 3.0418e-04, α = 1.00e+00, m = 8, nfg = 1
[ Info: CTMRG init:	obj = +6.006061601701e+00	err = 1.0000e+00
[ Info: CTMRG conv 24:	obj = +6.006062040813e+00	err = 9.8936422384e-10	time = 22.50 sec
┌ Warning: `svd` cotangents sensitive to gauge choice: (|Δgauge| = 0.22522499032279114)
└ @ TensorKitChainRulesCoreExt ~/.julia/packages/TensorKit/esxcj/ext/TensorKitChainRulesCoreExt/factorizations.jl:254
┌ Warning: `svd` cotangents sensitive to gauge choice: (|Δgauge| = 0.22522499027046192)
└ @ TensorKitChainRulesCoreExt ~/.julia/packages/TensorKit/esxcj/ext/TensorKitChainRulesCoreExt/factorizations.jl:254
[ Info: LBFGS: iter   34, time 2292.39 s: f = -2.082887546376, ‖∇f‖ = 6.3975e-04, α = 1.00e+00, m = 8, nfg = 1
[ Info: CTMRG init:	obj = +6.005766932245e+00	err = 1.0000e+00
[ Info: CTMRG conv 23:	obj = +6.005767001606e+00	err = 5.4817427114e-10	time = 21.49 sec
┌ Warning: `svd` cotangents sensitive to gauge choice: (|Δgauge| = 0.22521376221666511)
└ @ TensorKitChainRulesCoreExt ~/.julia/packages/TensorKit/esxcj/ext/TensorKitChainRulesCoreExt/factorizations.jl:254
┌ Warning: `svd` cotangents sensitive to gauge choice: (|Δgauge| = 0.22521376241622712)
└ @ TensorKitChainRulesCoreExt ~/.julia/packages/TensorKit/esxcj/ext/TensorKitChainRulesCoreExt/factorizations.jl:254
[ Info: LBFGS: iter   35, time 2319.54 s: f = -2.082887934294, ‖∇f‖ = 1.8754e-04, α = 1.00e+00, m = 8, nfg = 1
[ Info: CTMRG init:	obj = +6.005642551226e+00	err = 1.0000e+00
[ Info: CTMRG conv 22:	obj = +6.005642578740e+00	err = 8.3729813141e-10	time = 20.48 sec
┌ Warning: `svd` cotangents sensitive to gauge choice: (|Δgauge| = 0.22523725363321462)
└ @ TensorKitChainRulesCoreExt ~/.julia/packages/TensorKit/esxcj/ext/TensorKitChainRulesCoreExt/factorizations.jl:254
┌ Warning: `svd` cotangents sensitive to gauge choice: (|Δgauge| = 0.22523725405250766)
└ @ TensorKitChainRulesCoreExt ~/.julia/packages/TensorKit/esxcj/ext/TensorKitChainRulesCoreExt/factorizations.jl:254
[ Info: LBFGS: iter   36, time 2346.19 s: f = -2.082888033281, ‖∇f‖ = 1.2501e-04, α = 1.00e+00, m = 8, nfg = 1
[ Info: CTMRG init:	obj = +6.005695289541e+00	err = 1.0000e+00
[ Info: CTMRG conv 20:	obj = +6.005695315130e+00	err = 9.7373880511e-10	time = 19.36 sec
┌ Warning: `svd` cotangents sensitive to gauge choice: (|Δgauge| = 0.22527136904536332)
└ @ TensorKitChainRulesCoreExt ~/.julia/packages/TensorKit/esxcj/ext/TensorKitChainRulesCoreExt/factorizations.jl:254
┌ Warning: `svd` cotangents sensitive to gauge choice: (|Δgauge| = 0.22527136917127666)
└ @ TensorKitChainRulesCoreExt ~/.julia/packages/TensorKit/esxcj/ext/TensorKitChainRulesCoreExt/factorizations.jl:254
[ Info: LBFGS: iter   37, time 2370.67 s: f = -2.082888115166, ‖∇f‖ = 1.3983e-04, α = 1.00e+00, m = 8, nfg = 1
[ Info: CTMRG init:	obj = +6.006246823766e+00	err = 1.0000e+00
[ Info: CTMRG conv 24:	obj = +6.006246955267e+00	err = 9.2727833967e-10	time = 22.19 sec
┌ Warning: `svd` cotangents sensitive to gauge choice: (|Δgauge| = 0.22528780612740382)
└ @ TensorKitChainRulesCoreExt ~/.julia/packages/TensorKit/esxcj/ext/TensorKitChainRulesCoreExt/factorizations.jl:254
┌ Warning: `svd` cotangents sensitive to gauge choice: (|Δgauge| = 0.22528780610503688)
└ @ TensorKitChainRulesCoreExt ~/.julia/packages/TensorKit/esxcj/ext/TensorKitChainRulesCoreExt/factorizations.jl:254
[ Info: LBFGS: iter   38, time 2398.60 s: f = -2.082888289621, ‖∇f‖ = 2.6149e-04, α = 1.00e+00, m = 8, nfg = 1
[ Info: CTMRG init:	obj = +6.007026020892e+00	err = 1.0000e+00
[ Info: CTMRG conv 24:	obj = +6.007026281465e+00	err = 7.0664533167e-10	time = 22.34 sec
┌ Warning: `svd` cotangents sensitive to gauge choice: (|Δgauge| = 0.22538836988529623)
└ @ TensorKitChainRulesCoreExt ~/.julia/packages/TensorKit/esxcj/ext/TensorKitChainRulesCoreExt/factorizations.jl:254
┌ Warning: `svd` cotangents sensitive to gauge choice: (|Δgauge| = 0.22538836994507366)
└ @ TensorKitChainRulesCoreExt ~/.julia/packages/TensorKit/esxcj/ext/TensorKitChainRulesCoreExt/factorizations.jl:254
[ Info: LBFGS: iter   39, time 2426.98 s: f = -2.082888455263, ‖∇f‖ = 1.9626e-04, α = 1.00e+00, m = 8, nfg = 1
[ Info: CTMRG init:	obj = +6.007532589424e+00	err = 1.0000e+00
[ Info: CTMRG conv 23:	obj = +6.007532702073e+00	err = 5.8687464494e-10	time = 22.27 sec
┌ Warning: `svd` cotangents sensitive to gauge choice: (|Δgauge| = 0.22535554207429837)
└ @ TensorKitChainRulesCoreExt ~/.julia/packages/TensorKit/esxcj/ext/TensorKitChainRulesCoreExt/factorizations.jl:254
┌ Warning: `svd` cotangents sensitive to gauge choice: (|Δgauge| = 0.22535554207163713)
└ @ TensorKitChainRulesCoreExt ~/.julia/packages/TensorKit/esxcj/ext/TensorKitChainRulesCoreExt/factorizations.jl:254
[ Info: LBFGS: iter   40, time 2455.11 s: f = -2.082888565842, ‖∇f‖ = 1.4491e-04, α = 1.00e+00, m = 8, nfg = 1
[ Info: CTMRG init:	obj = +6.008156865406e+00	err = 1.0000e+00
[ Info: CTMRG conv 23:	obj = +6.008156936824e+00	err = 8.0179904760e-10	time = 22.45 sec
┌ Warning: `svd` cotangents sensitive to gauge choice: (|Δgauge| = 0.22533930981275296)
└ @ TensorKitChainRulesCoreExt ~/.julia/packages/TensorKit/esxcj/ext/TensorKitChainRulesCoreExt/factorizations.jl:254
┌ Warning: `svd` cotangents sensitive to gauge choice: (|Δgauge| = 0.2253393098427952)
└ @ TensorKitChainRulesCoreExt ~/.julia/packages/TensorKit/esxcj/ext/TensorKitChainRulesCoreExt/factorizations.jl:254
[ Info: LBFGS: iter   41, time 2483.20 s: f = -2.082888655220, ‖∇f‖ = 1.4498e-04, α = 1.00e+00, m = 8, nfg = 1
[ Info: CTMRG init:	obj = +6.009178711306e+00	err = 1.0000e+00
[ Info: CTMRG conv 24:	obj = +6.009178820542e+00	err = 5.1084186844e-10	time = 22.84 sec
┌ Warning: `svd` cotangents sensitive to gauge choice: (|Δgauge| = 0.22534916583978146)
└ @ TensorKitChainRulesCoreExt ~/.julia/packages/TensorKit/esxcj/ext/TensorKitChainRulesCoreExt/factorizations.jl:254
┌ Warning: `svd` cotangents sensitive to gauge choice: (|Δgauge| = 0.2253491658141935)
└ @ TensorKitChainRulesCoreExt ~/.julia/packages/TensorKit/esxcj/ext/TensorKitChainRulesCoreExt/factorizations.jl:254
[ Info: LBFGS: iter   42, time 2512.80 s: f = -2.082888757415, ‖∇f‖ = 1.8820e-04, α = 1.00e+00, m = 8, nfg = 1
[ Info: CTMRG init:	obj = +6.011746963502e+00	err = 1.0000e+00
[ Info: CTMRG conv 26:	obj = +6.011747569060e+00	err = 6.2527098251e-10	time = 26.62 sec
┌ Warning: `svd` cotangents sensitive to gauge choice: (|Δgauge| = 0.22541221088564004)
└ @ TensorKitChainRulesCoreExt ~/.julia/packages/TensorKit/esxcj/ext/TensorKitChainRulesCoreExt/factorizations.jl:254
┌ Warning: `svd` cotangents sensitive to gauge choice: (|Δgauge| = 0.22541221087162866)
└ @ TensorKitChainRulesCoreExt ~/.julia/packages/TensorKit/esxcj/ext/TensorKitChainRulesCoreExt/factorizations.jl:254
[ Info: LBFGS: iter   43, time 2546.23 s: f = -2.082888907554, ‖∇f‖ = 3.4296e-04, α = 1.00e+00, m = 8, nfg = 1
[ Info: CTMRG init:	obj = +6.012580527932e+00	err = 1.0000e+00
[ Info: CTMRG conv 24:	obj = +6.012580578158e+00	err = 6.8804344417e-10	time = 25.44 sec
┌ Warning: `svd` cotangents sensitive to gauge choice: (|Δgauge| = 0.22546003967557915)
└ @ TensorKitChainRulesCoreExt ~/.julia/packages/TensorKit/esxcj/ext/TensorKitChainRulesCoreExt/factorizations.jl:254
┌ Warning: `svd` cotangents sensitive to gauge choice: (|Δgauge| = 0.22546003976377332)
└ @ TensorKitChainRulesCoreExt ~/.julia/packages/TensorKit/esxcj/ext/TensorKitChainRulesCoreExt/factorizations.jl:254
[ Info: LBFGS: iter   44, time 2578.53 s: f = -2.082889081910, ‖∇f‖ = 1.9338e-04, α = 1.00e+00, m = 8, nfg = 1
[ Info: CTMRG init:	obj = +6.013313402216e+00	err = 1.0000e+00
[ Info: CTMRG conv 25:	obj = +6.013313467658e+00	err = 9.5570677936e-10	time = 26.48 sec
┌ Warning: `svd` cotangents sensitive to gauge choice: (|Δgauge| = 0.22552652584826582)
└ @ TensorKitChainRulesCoreExt ~/.julia/packages/TensorKit/esxcj/ext/TensorKitChainRulesCoreExt/factorizations.jl:254
┌ Warning: `svd` cotangents sensitive to gauge choice: (|Δgauge| = 0.22552652572025328)
└ @ TensorKitChainRulesCoreExt ~/.julia/packages/TensorKit/esxcj/ext/TensorKitChainRulesCoreExt/factorizations.jl:254
[ Info: LBFGS: iter   45, time 2611.41 s: f = -2.082889241271, ‖∇f‖ = 1.8275e-04, α = 1.00e+00, m = 8, nfg = 1
[ Info: CTMRG init:	obj = +6.013748275480e+00	err = 1.0000e+00
[ Info: CTMRG conv 25:	obj = +6.013748328680e+00	err = 3.0843119365e-10	time = 28.15 sec
┌ Warning: `svd` cotangents sensitive to gauge choice: (|Δgauge| = 0.2255718161550423)
└ @ TensorKitChainRulesCoreExt ~/.julia/packages/TensorKit/esxcj/ext/TensorKitChainRulesCoreExt/factorizations.jl:254
┌ Warning: `svd` cotangents sensitive to gauge choice: (|Δgauge| = 0.22557181614150487)
└ @ TensorKitChainRulesCoreExt ~/.julia/packages/TensorKit/esxcj/ext/TensorKitChainRulesCoreExt/factorizations.jl:254
[ Info: LBFGS: iter   46, time 2645.55 s: f = -2.082889392892, ‖∇f‖ = 1.6788e-04, α = 1.00e+00, m = 8, nfg = 1
[ Info: CTMRG init:	obj = +6.014438051730e+00	err = 1.0000e+00
[ Info: CTMRG conv 26:	obj = +6.014438395328e+00	err = 4.8613926926e-10	time = 28.17 sec
┌ Warning: `svd` cotangents sensitive to gauge choice: (|Δgauge| = 0.22551406562099816)
└ @ TensorKitChainRulesCoreExt ~/.julia/packages/TensorKit/esxcj/ext/TensorKitChainRulesCoreExt/factorizations.jl:254
┌ Warning: `svd` cotangents sensitive to gauge choice: (|Δgauge| = 0.22551406559762233)
└ @ TensorKitChainRulesCoreExt ~/.julia/packages/TensorKit/esxcj/ext/TensorKitChainRulesCoreExt/factorizations.jl:254
[ Info: CTMRG init:	obj = +6.014085364393e+00	err = 1.0000e+00
[ Info: CTMRG conv 24:	obj = +6.014085443364e+00	err = 4.3422383467e-10	time = 25.11 sec
┌ Warning: `svd` cotangents sensitive to gauge choice: (|Δgauge| = 0.22554410941397254)
└ @ TensorKitChainRulesCoreExt ~/.julia/packages/TensorKit/esxcj/ext/TensorKitChainRulesCoreExt/factorizations.jl:254
┌ Warning: `svd` cotangents sensitive to gauge choice: (|Δgauge| = 0.22554410944607337)
└ @ TensorKitChainRulesCoreExt ~/.julia/packages/TensorKit/esxcj/ext/TensorKitChainRulesCoreExt/factorizations.jl:254
[ Info: LBFGS: iter   47, time 2711.75 s: f = -2.082889511219, ‖∇f‖ = 3.3327e-04, α = 4.79e-01, m = 8, nfg = 2
[ Info: CTMRG init:	obj = +6.014214104667e+00	err = 1.0000e+00
[ Info: CTMRG conv 21:	obj = +6.014214188973e+00	err = 5.6226319868e-10	time = 23.34 sec
┌ Warning: `svd` cotangents sensitive to gauge choice: (|Δgauge| = 0.2255979834747194)
└ @ TensorKitChainRulesCoreExt ~/.julia/packages/TensorKit/esxcj/ext/TensorKitChainRulesCoreExt/factorizations.jl:254
┌ Warning: `svd` cotangents sensitive to gauge choice: (|Δgauge| = 0.2255979835524226)
└ @ TensorKitChainRulesCoreExt ~/.julia/packages/TensorKit/esxcj/ext/TensorKitChainRulesCoreExt/factorizations.jl:254
[ Info: LBFGS: iter   48, time 2740.19 s: f = -2.082889680888, ‖∇f‖ = 1.4480e-04, α = 1.00e+00, m = 8, nfg = 1
[ Info: CTMRG init:	obj = +6.014144311336e+00	err = 1.0000e+00
[ Info: CTMRG conv 22:	obj = +6.014144336673e+00	err = 8.7675642474e-10	time = 23.21 sec
┌ Warning: `svd` cotangents sensitive to gauge choice: (|Δgauge| = 0.22557677718317865)
└ @ TensorKitChainRulesCoreExt ~/.julia/packages/TensorKit/esxcj/ext/TensorKitChainRulesCoreExt/factorizations.jl:254
┌ Warning: `svd` cotangents sensitive to gauge choice: (|Δgauge| = 0.22557677719219615)
└ @ TensorKitChainRulesCoreExt ~/.julia/packages/TensorKit/esxcj/ext/TensorKitChainRulesCoreExt/factorizations.jl:254
[ Info: LBFGS: iter   49, time 2769.30 s: f = -2.082889756949, ‖∇f‖ = 1.3933e-04, α = 1.00e+00, m = 8, nfg = 1
[ Info: CTMRG init:	obj = +6.013722130686e+00	err = 1.0000e+00
[ Info: CTMRG conv 23:	obj = +6.013722156745e+00	err = 9.2867728506e-10	time = 24.87 sec
┌ Warning: `svd` cotangents sensitive to gauge choice: (|Δgauge| = 0.22555080037463998)
└ @ TensorKitChainRulesCoreExt ~/.julia/packages/TensorKit/esxcj/ext/TensorKitChainRulesCoreExt/factorizations.jl:254
┌ Warning: `svd` cotangents sensitive to gauge choice: (|Δgauge| = 0.22555080039782002)
└ @ TensorKitChainRulesCoreExt ~/.julia/packages/TensorKit/esxcj/ext/TensorKitChainRulesCoreExt/factorizations.jl:254
[ Info: LBFGS: iter   50, time 2799.66 s: f = -2.082889878210, ‖∇f‖ = 2.0370e-04, α = 1.00e+00, m = 8, nfg = 1
[ Info: CTMRG init:	obj = +6.013299305942e+00	err = 1.0000e+00
[ Info: CTMRG conv 24:	obj = +6.013299352614e+00	err = 9.6875813202e-10	time = 26.18 sec
┌ Warning: `svd` cotangents sensitive to gauge choice: (|Δgauge| = 0.22551425903921807)
└ @ TensorKitChainRulesCoreExt ~/.julia/packages/TensorKit/esxcj/ext/TensorKitChainRulesCoreExt/factorizations.jl:254
┌ Warning: `svd` cotangents sensitive to gauge choice: (|Δgauge| = 0.22551425891780366)
└ @ TensorKitChainRulesCoreExt ~/.julia/packages/TensorKit/esxcj/ext/TensorKitChainRulesCoreExt/factorizations.jl:254
[ Info: LBFGS: iter   51, time 2832.07 s: f = -2.082890065515, ‖∇f‖ = 2.6015e-04, α = 1.00e+00, m = 8, nfg = 1
[ Info: CTMRG init:	obj = +6.012446302331e+00	err = 1.0000e+00
[ Info: CTMRG conv 25:	obj = +6.012446899724e+00	err = 8.2518967145e-10	time = 27.96 sec
┌ Warning: `svd` cotangents sensitive to gauge choice: (|Δgauge| = 0.22548664681017855)
└ @ TensorKitChainRulesCoreExt ~/.julia/packages/TensorKit/esxcj/ext/TensorKitChainRulesCoreExt/factorizations.jl:254
┌ Warning: `svd` cotangents sensitive to gauge choice: (|Δgauge| = 0.2254866468138294)
└ @ TensorKitChainRulesCoreExt ~/.julia/packages/TensorKit/esxcj/ext/TensorKitChainRulesCoreExt/factorizations.jl:254
[ Info: CTMRG init:	obj = +6.012854572936e+00	err = 1.0000e+00
[ Info: CTMRG conv 24:	obj = +6.012854748307e+00	err = 5.7959317622e-10	time = 30.92 sec
┌ Warning: `svd` cotangents sensitive to gauge choice: (|Δgauge| = 0.2254993018158855)
└ @ TensorKitChainRulesCoreExt ~/.julia/packages/TensorKit/esxcj/ext/TensorKitChainRulesCoreExt/factorizations.jl:254
┌ Warning: `svd` cotangents sensitive to gauge choice: (|Δgauge| = 0.22549930181825756)
└ @ TensorKitChainRulesCoreExt ~/.julia/packages/TensorKit/esxcj/ext/TensorKitChainRulesCoreExt/factorizations.jl:254
[ Info: LBFGS: iter   52, time 2903.08 s: f = -2.082890229439, ‖∇f‖ = 4.1343e-04, α = 5.42e-01, m = 8, nfg = 2
[ Info: CTMRG init:	obj = +6.012546474067e+00	err = 1.0000e+00
[ Info: CTMRG conv 24:	obj = +6.012546540477e+00	err = 9.3775159318e-10	time = 32.33 sec
┌ Warning: `svd` cotangents sensitive to gauge choice: (|Δgauge| = 0.22548083509870995)
└ @ TensorKitChainRulesCoreExt ~/.julia/packages/TensorKit/esxcj/ext/TensorKitChainRulesCoreExt/factorizations.jl:254
┌ Warning: `svd` cotangents sensitive to gauge choice: (|Δgauge| = 0.22548083502666877)
└ @ TensorKitChainRulesCoreExt ~/.julia/packages/TensorKit/esxcj/ext/TensorKitChainRulesCoreExt/factorizations.jl:254
[ Info: LBFGS: iter   53, time 2942.56 s: f = -2.082890479619, ‖∇f‖ = 2.3027e-04, α = 1.00e+00, m = 8, nfg = 1
[ Info: CTMRG init:	obj = +6.012357705523e+00	err = 1.0000e+00
[ Info: CTMRG conv 24:	obj = +6.012357791761e+00	err = 6.4964135524e-10	time = 33.92 sec
┌ Warning: `svd` cotangents sensitive to gauge choice: (|Δgauge| = 0.225471846902192)
└ @ TensorKitChainRulesCoreExt ~/.julia/packages/TensorKit/esxcj/ext/TensorKitChainRulesCoreExt/factorizations.jl:254
┌ Warning: `svd` cotangents sensitive to gauge choice: (|Δgauge| = 0.22547184693384675)
└ @ TensorKitChainRulesCoreExt ~/.julia/packages/TensorKit/esxcj/ext/TensorKitChainRulesCoreExt/factorizations.jl:254
[ Info: LBFGS: iter   54, time 2983.46 s: f = -2.082890702345, ‖∇f‖ = 1.9697e-04, α = 1.00e+00, m = 8, nfg = 1
[ Info: CTMRG init:	obj = +6.012141077876e+00	err = 1.0000e+00
[ Info: CTMRG conv 24:	obj = +6.012141166906e+00	err = 7.5261323109e-10	time = 33.85 sec
┌ Warning: `svd` cotangents sensitive to gauge choice: (|Δgauge| = 0.2254623471637769)
└ @ TensorKitChainRulesCoreExt ~/.julia/packages/TensorKit/esxcj/ext/TensorKitChainRulesCoreExt/factorizations.jl:254
┌ Warning: `svd` cotangents sensitive to gauge choice: (|Δgauge| = 0.22546234709471447)
└ @ TensorKitChainRulesCoreExt ~/.julia/packages/TensorKit/esxcj/ext/TensorKitChainRulesCoreExt/factorizations.jl:254
[ Info: LBFGS: iter   55, time 3024.77 s: f = -2.082890920484, ‖∇f‖ = 3.4265e-04, α = 1.00e+00, m = 8, nfg = 1
[ Info: CTMRG init:	obj = +6.011834521912e+00	err = 1.0000e+00
[ Info: CTMRG conv 24:	obj = +6.011834621498e+00	err = 8.7916834119e-10	time = 33.67 sec
┌ Warning: `svd` cotangents sensitive to gauge choice: (|Δgauge| = 0.22543308853716298)
└ @ TensorKitChainRulesCoreExt ~/.julia/packages/TensorKit/esxcj/ext/TensorKitChainRulesCoreExt/factorizations.jl:254
┌ Warning: `svd` cotangents sensitive to gauge choice: (|Δgauge| = 0.22543308853464383)
└ @ TensorKitChainRulesCoreExt ~/.julia/packages/TensorKit/esxcj/ext/TensorKitChainRulesCoreExt/factorizations.jl:254
[ Info: LBFGS: iter   56, time 3065.88 s: f = -2.082891178983, ‖∇f‖ = 3.1152e-04, α = 1.00e+00, m = 8, nfg = 1
[ Info: CTMRG init:	obj = +6.010978536563e+00	err = 1.0000e+00
[ Info: CTMRG conv 25:	obj = +6.010979046103e+00	err = 6.5494149115e-10	time = 45.58 sec
┌ Warning: `svd` cotangents sensitive to gauge choice: (|Δgauge| = 0.2253667627878157)
└ @ TensorKitChainRulesCoreExt ~/.julia/packages/TensorKit/esxcj/ext/TensorKitChainRulesCoreExt/factorizations.jl:254
┌ Warning: `svd` cotangents sensitive to gauge choice: (|Δgauge| = 0.22536676272654646)
└ @ TensorKitChainRulesCoreExt ~/.julia/packages/TensorKit/esxcj/ext/TensorKitChainRulesCoreExt/factorizations.jl:254
[ Info: LBFGS: iter   57, time 3118.83 s: f = -2.082891631409, ‖∇f‖ = 2.6850e-04, α = 1.00e+00, m = 8, nfg = 1
[ Info: CTMRG init:	obj = +6.009481185427e+00	err = 1.0000e+00
[ Info: CTMRG conv 25:	obj = +6.009482342184e+00	err = 6.3566835450e-10	time = 35.77 sec
┌ Warning: `svd` cotangents sensitive to gauge choice: (|Δgauge| = 0.22508623082542004)
└ @ TensorKitChainRulesCoreExt ~/.julia/packages/TensorKit/esxcj/ext/TensorKitChainRulesCoreExt/factorizations.jl:254
┌ Warning: `svd` cotangents sensitive to gauge choice: (|Δgauge| = 0.22508623084220686)
└ @ TensorKitChainRulesCoreExt ~/.julia/packages/TensorKit/esxcj/ext/TensorKitChainRulesCoreExt/factorizations.jl:254
[ Info: LBFGS: iter   58, time 3161.60 s: f = -2.082891764764, ‖∇f‖ = 5.8339e-04, α = 1.00e+00, m = 8, nfg = 1
[ Info: CTMRG init:	obj = +6.009590929139e+00	err = 1.0000e+00
[ Info: CTMRG conv 23:	obj = +6.009591054433e+00	err = 6.1201914971e-10	time = 34.51 sec
┌ Warning: `svd` cotangents sensitive to gauge choice: (|Δgauge| = 0.22515772267678633)
└ @ TensorKitChainRulesCoreExt ~/.julia/packages/TensorKit/esxcj/ext/TensorKitChainRulesCoreExt/factorizations.jl:254
┌ Warning: `svd` cotangents sensitive to gauge choice: (|Δgauge| = 0.22515772274907653)
└ @ TensorKitChainRulesCoreExt ~/.julia/packages/TensorKit/esxcj/ext/TensorKitChainRulesCoreExt/factorizations.jl:254
[ Info: LBFGS: iter   59, time 3202.83 s: f = -2.082892119203, ‖∇f‖ = 2.1334e-04, α = 1.00e+00, m = 8, nfg = 1
[ Info: CTMRG init:	obj = +6.009514263136e+00	err = 1.0000e+00
[ Info: CTMRG conv 22:	obj = +6.009514282886e+00	err = 8.6788464311e-10	time = 32.02 sec
┌ Warning: `svd` cotangents sensitive to gauge choice: (|Δgauge| = 0.2251555422672317)
└ @ TensorKitChainRulesCoreExt ~/.julia/packages/TensorKit/esxcj/ext/TensorKitChainRulesCoreExt/factorizations.jl:254
┌ Warning: `svd` cotangents sensitive to gauge choice: (|Δgauge| = 0.22515554226677462)
└ @ TensorKitChainRulesCoreExt ~/.julia/packages/TensorKit/esxcj/ext/TensorKitChainRulesCoreExt/factorizations.jl:254
[ Info: LBFGS: iter   60, time 3241.87 s: f = -2.082892277834, ‖∇f‖ = 2.0922e-04, α = 1.00e+00, m = 8, nfg = 1
[ Info: CTMRG init:	obj = +6.009169622897e+00	err = 1.0000e+00
[ Info: CTMRG conv 24:	obj = +6.009169774741e+00	err = 6.2659111366e-10	time = 36.63 sec
┌ Warning: `svd` cotangents sensitive to gauge choice: (|Δgauge| = 0.22511243099001116)
└ @ TensorKitChainRulesCoreExt ~/.julia/packages/TensorKit/esxcj/ext/TensorKitChainRulesCoreExt/factorizations.jl:254
┌ Warning: `svd` cotangents sensitive to gauge choice: (|Δgauge| = 0.22511243096929817)
└ @ TensorKitChainRulesCoreExt ~/.julia/packages/TensorKit/esxcj/ext/TensorKitChainRulesCoreExt/factorizations.jl:254
[ Info: LBFGS: iter   61, time 3286.23 s: f = -2.082892527149, ‖∇f‖ = 2.5028e-04, α = 1.00e+00, m = 8, nfg = 1
[ Info: CTMRG init:	obj = +6.008801392156e+00	err = 1.0000e+00
[ Info: CTMRG conv 24:	obj = +6.008801810054e+00	err = 8.0845948792e-10	time = 35.62 sec
┌ Warning: `svd` cotangents sensitive to gauge choice: (|Δgauge| = 0.225065372556984)
└ @ TensorKitChainRulesCoreExt ~/.julia/packages/TensorKit/esxcj/ext/TensorKitChainRulesCoreExt/factorizations.jl:254
┌ Warning: `svd` cotangents sensitive to gauge choice: (|Δgauge| = 0.22506537256306086)
└ @ TensorKitChainRulesCoreExt ~/.julia/packages/TensorKit/esxcj/ext/TensorKitChainRulesCoreExt/factorizations.jl:254
[ Info: LBFGS: iter   62, time 3328.89 s: f = -2.082892787095, ‖∇f‖ = 2.9517e-04, α = 1.00e+00, m = 8, nfg = 1
[ Info: CTMRG init:	obj = +6.007661406032e+00	err = 1.0000e+00
[ Info: CTMRG conv 25:	obj = +6.007662441172e+00	err = 6.2386576441e-10	time = 40.10 sec
┌ Warning: `svd` cotangents sensitive to gauge choice: (|Δgauge| = 0.22496130063620046)
└ @ TensorKitChainRulesCoreExt ~/.julia/packages/TensorKit/esxcj/ext/TensorKitChainRulesCoreExt/factorizations.jl:254
┌ Warning: `svd` cotangents sensitive to gauge choice: (|Δgauge| = 0.22496130070109024)
└ @ TensorKitChainRulesCoreExt ~/.julia/packages/TensorKit/esxcj/ext/TensorKitChainRulesCoreExt/factorizations.jl:254
[ Info: LBFGS: iter   63, time 3384.60 s: f = -2.082892927852, ‖∇f‖ = 3.0115e-04, α = 1.00e+00, m = 8, nfg = 1
[ Info: CTMRG init:	obj = +6.008142704465e+00	err = 1.0000e+00
[ Info: CTMRG conv 23:	obj = +6.008142810646e+00	err = 9.6708482545e-10	time = 40.60 sec
┌ Warning: `svd` cotangents sensitive to gauge choice: (|Δgauge| = 0.22497749680323437)
└ @ TensorKitChainRulesCoreExt ~/.julia/packages/TensorKit/esxcj/ext/TensorKitChainRulesCoreExt/factorizations.jl:254
┌ Warning: `svd` cotangents sensitive to gauge choice: (|Δgauge| = 0.22497749689876917)
└ @ TensorKitChainRulesCoreExt ~/.julia/packages/TensorKit/esxcj/ext/TensorKitChainRulesCoreExt/factorizations.jl:254
[ Info: LBFGS: iter   64, time 3432.24 s: f = -2.082893082899, ‖∇f‖ = 1.4650e-04, α = 1.00e+00, m = 8, nfg = 1
[ Info: CTMRG init:	obj = +6.008826137051e+00	err = 1.0000e+00
[ Info: CTMRG conv 23:	obj = +6.008826188309e+00	err = 9.3923233462e-10	time = 35.36 sec
┌ Warning: `svd` cotangents sensitive to gauge choice: (|Δgauge| = 0.22499448222323093)
└ @ TensorKitChainRulesCoreExt ~/.julia/packages/TensorKit/esxcj/ext/TensorKitChainRulesCoreExt/factorizations.jl:254
┌ Warning: `svd` cotangents sensitive to gauge choice: (|Δgauge| = 0.22499448218660684)
└ @ TensorKitChainRulesCoreExt ~/.julia/packages/TensorKit/esxcj/ext/TensorKitChainRulesCoreExt/factorizations.jl:254
[ Info: LBFGS: iter   65, time 3474.26 s: f = -2.082893210372, ‖∇f‖ = 1.8235e-04, α = 1.00e+00, m = 8, nfg = 1
[ Info: CTMRG init:	obj = +6.009942854094e+00	err = 1.0000e+00
[ Info: CTMRG conv 23:	obj = +6.009942908138e+00	err = 9.1184403835e-10	time = 35.88 sec
┌ Warning: `svd` cotangents sensitive to gauge choice: (|Δgauge| = 0.2250016643569216)
└ @ TensorKitChainRulesCoreExt ~/.julia/packages/TensorKit/esxcj/ext/TensorKitChainRulesCoreExt/factorizations.jl:254
┌ Warning: `svd` cotangents sensitive to gauge choice: (|Δgauge| = 0.22500166435604596)
└ @ TensorKitChainRulesCoreExt ~/.julia/packages/TensorKit/esxcj/ext/TensorKitChainRulesCoreExt/factorizations.jl:254
[ Info: LBFGS: iter   66, time 3517.03 s: f = -2.082893378300, ‖∇f‖ = 2.6488e-04, α = 1.00e+00, m = 8, nfg = 1
[ Info: CTMRG init:	obj = +6.012348881142e+00	err = 1.0000e+00
[ Info: CTMRG conv 24:	obj = +6.012349024480e+00	err = 6.6885108956e-10	time = 38.73 sec
┌ Warning: `svd` cotangents sensitive to gauge choice: (|Δgauge| = 0.2250003446804132)
└ @ TensorKitChainRulesCoreExt ~/.julia/packages/TensorKit/esxcj/ext/TensorKitChainRulesCoreExt/factorizations.jl:254
┌ Warning: `svd` cotangents sensitive to gauge choice: (|Δgauge| = 0.22500034473167607)
└ @ TensorKitChainRulesCoreExt ~/.julia/packages/TensorKit/esxcj/ext/TensorKitChainRulesCoreExt/factorizations.jl:254
[ Info: LBFGS: iter   67, time 3562.02 s: f = -2.082893525982, ‖∇f‖ = 5.3780e-04, α = 1.00e+00, m = 8, nfg = 1
[ Info: CTMRG init:	obj = +6.012860750408e+00	err = 1.0000e+00
[ Info: CTMRG conv 22:	obj = +6.012860768625e+00	err = 6.3897751797e-10	time = 33.49 sec
┌ Warning: `svd` cotangents sensitive to gauge choice: (|Δgauge| = 0.2249939889189821)
└ @ TensorKitChainRulesCoreExt ~/.julia/packages/TensorKit/esxcj/ext/TensorKitChainRulesCoreExt/factorizations.jl:254
┌ Warning: `svd` cotangents sensitive to gauge choice: (|Δgauge| = 0.2249939889631029)
└ @ TensorKitChainRulesCoreExt ~/.julia/packages/TensorKit/esxcj/ext/TensorKitChainRulesCoreExt/factorizations.jl:254
[ Info: LBFGS: iter   68, time 3601.79 s: f = -2.082893752673, ‖∇f‖ = 2.4977e-04, α = 1.00e+00, m = 8, nfg = 1
[ Info: CTMRG init:	obj = +6.013763891198e+00	err = 1.0000e+00
[ Info: CTMRG conv 23:	obj = +6.013763948569e+00	err = 6.6517447489e-10	time = 37.12 sec
┌ Warning: `svd` cotangents sensitive to gauge choice: (|Δgauge| = 0.22498439054477676)
└ @ TensorKitChainRulesCoreExt ~/.julia/packages/TensorKit/esxcj/ext/TensorKitChainRulesCoreExt/factorizations.jl:254
┌ Warning: `svd` cotangents sensitive to gauge choice: (|Δgauge| = 0.22498439054914368)
└ @ TensorKitChainRulesCoreExt ~/.julia/packages/TensorKit/esxcj/ext/TensorKitChainRulesCoreExt/factorizations.jl:254
[ Info: LBFGS: iter   69, time 3645.10 s: f = -2.082893914003, ‖∇f‖ = 1.9455e-04, α = 1.00e+00, m = 8, nfg = 1
[ Info: CTMRG init:	obj = +6.015255367325e+00	err = 1.0000e+00
[ Info: CTMRG conv 24:	obj = +6.015255444226e+00	err = 6.8310145471e-10	time = 46.27 sec
┌ Warning: `svd` cotangents sensitive to gauge choice: (|Δgauge| = 0.22498794396347158)
└ @ TensorKitChainRulesCoreExt ~/.julia/packages/TensorKit/esxcj/ext/TensorKitChainRulesCoreExt/factorizations.jl:254
┌ Warning: `svd` cotangents sensitive to gauge choice: (|Δgauge| = 0.2249879437799716)
└ @ TensorKitChainRulesCoreExt ~/.julia/packages/TensorKit/esxcj/ext/TensorKitChainRulesCoreExt/factorizations.jl:254
[ Info: LBFGS: iter   70, time 3698.51 s: f = -2.082894059518, ‖∇f‖ = 2.3445e-04, α = 1.00e+00, m = 8, nfg = 1
[ Info: CTMRG init:	obj = +6.019165973363e+00	err = 1.0000e+00
[ Info: CTMRG conv 25:	obj = +6.019166562508e+00	err = 7.7050859856e-10	time = 39.02 sec
┌ Warning: `svd` cotangents sensitive to gauge choice: (|Δgauge| = 0.22508162631394857)
└ @ TensorKitChainRulesCoreExt ~/.julia/packages/TensorKit/esxcj/ext/TensorKitChainRulesCoreExt/factorizations.jl:254
┌ Warning: `svd` cotangents sensitive to gauge choice: (|Δgauge| = 0.22508162632379297)
└ @ TensorKitChainRulesCoreExt ~/.julia/packages/TensorKit/esxcj/ext/TensorKitChainRulesCoreExt/factorizations.jl:254
[ Info: LBFGS: iter   71, time 3745.39 s: f = -2.082894372239, ‖∇f‖ = 2.9281e-04, α = 1.00e+00, m = 8, nfg = 1
[ Info: CTMRG init:	obj = +6.026307011600e+00	err = 1.0000e+00
[ Info: CTMRG conv 26:	obj = +6.026308886327e+00	err = 5.1711321374e-10	time = 41.75 sec
┌ Warning: `svd` cotangents sensitive to gauge choice: (|Δgauge| = 0.2251006448582481)
└ @ TensorKitChainRulesCoreExt ~/.julia/packages/TensorKit/esxcj/ext/TensorKitChainRulesCoreExt/factorizations.jl:254
┌ Warning: `svd` cotangents sensitive to gauge choice: (|Δgauge| = 0.2251006448035811)
└ @ TensorKitChainRulesCoreExt ~/.julia/packages/TensorKit/esxcj/ext/TensorKitChainRulesCoreExt/factorizations.jl:254
[ Info: CTMRG init:	obj = +6.021376525648e+00	err = 1.0000e+00
[ Info: CTMRG conv 25:	obj = +6.021376704235e+00	err = 4.8958249275e-10	time = 41.96 sec
┌ Warning: `svd` cotangents sensitive to gauge choice: (|Δgauge| = 0.22508760237522507)
└ @ TensorKitChainRulesCoreExt ~/.julia/packages/TensorKit/esxcj/ext/TensorKitChainRulesCoreExt/factorizations.jl:254
┌ Warning: `svd` cotangents sensitive to gauge choice: (|Δgauge| = 0.22508760225985908)
└ @ TensorKitChainRulesCoreExt ~/.julia/packages/TensorKit/esxcj/ext/TensorKitChainRulesCoreExt/factorizations.jl:254
[ Info: LBFGS: iter   72, time 3841.54 s: f = -2.082894499895, ‖∇f‖ = 3.3901e-04, α = 3.08e-01, m = 8, nfg = 2
[ Info: CTMRG init:	obj = +6.024454858331e+00	err = 1.0000e+00
[ Info: CTMRG conv 25:	obj = +6.024455278194e+00	err = 7.9363784534e-10	time = 40.70 sec
┌ Warning: `svd` cotangents sensitive to gauge choice: (|Δgauge| = 0.2252086121612856)
└ @ TensorKitChainRulesCoreExt ~/.julia/packages/TensorKit/esxcj/ext/TensorKitChainRulesCoreExt/factorizations.jl:254
┌ Warning: `svd` cotangents sensitive to gauge choice: (|Δgauge| = 0.22520861205612547)
└ @ TensorKitChainRulesCoreExt ~/.julia/packages/TensorKit/esxcj/ext/TensorKitChainRulesCoreExt/factorizations.jl:254
[ Info: LBFGS: iter   73, time 3889.14 s: f = -2.082894708817, ‖∇f‖ = 1.7724e-04, α = 1.00e+00, m = 8, nfg = 1
[ Info: CTMRG init:	obj = +6.026016287893e+00	err = 1.0000e+00
[ Info: CTMRG conv 24:	obj = +6.026016400557e+00	err = 8.6417222895e-10	time = 40.00 sec
┌ Warning: `svd` cotangents sensitive to gauge choice: (|Δgauge| = 0.22528564458571057)
└ @ TensorKitChainRulesCoreExt ~/.julia/packages/TensorKit/esxcj/ext/TensorKitChainRulesCoreExt/factorizations.jl:254
┌ Warning: `svd` cotangents sensitive to gauge choice: (|Δgauge| = 0.22528564442675109)
└ @ TensorKitChainRulesCoreExt ~/.julia/packages/TensorKit/esxcj/ext/TensorKitChainRulesCoreExt/factorizations.jl:254
[ Info: LBFGS: iter   74, time 3939.24 s: f = -2.082894855087, ‖∇f‖ = 1.2946e-04, α = 1.00e+00, m = 8, nfg = 1
[ Info: CTMRG init:	obj = +6.027909658573e+00	err = 1.0000e+00
[ Info: CTMRG conv 24:	obj = +6.027909799020e+00	err = 9.7352324434e-10	time = 44.20 sec
┌ Warning: `svd` cotangents sensitive to gauge choice: (|Δgauge| = 0.22537270161780884)
└ @ TensorKitChainRulesCoreExt ~/.julia/packages/TensorKit/esxcj/ext/TensorKitChainRulesCoreExt/factorizations.jl:254
┌ Warning: `svd` cotangents sensitive to gauge choice: (|Δgauge| = 0.2253727016696267)
└ @ TensorKitChainRulesCoreExt ~/.julia/packages/TensorKit/esxcj/ext/TensorKitChainRulesCoreExt/factorizations.jl:254
[ Info: LBFGS: iter   75, time 3990.06 s: f = -2.082895061479, ‖∇f‖ = 1.5995e-04, α = 1.00e+00, m = 8, nfg = 1
[ Info: CTMRG init:	obj = +6.030445867270e+00	err = 1.0000e+00
[ Info: CTMRG conv 24:	obj = +6.030445994511e+00	err = 8.9861495307e-10	time = 41.52 sec
┌ Warning: `svd` cotangents sensitive to gauge choice: (|Δgauge| = 0.2254176748065899)
└ @ TensorKitChainRulesCoreExt ~/.julia/packages/TensorKit/esxcj/ext/TensorKitChainRulesCoreExt/factorizations.jl:254
┌ Warning: `svd` cotangents sensitive to gauge choice: (|Δgauge| = 0.2254176747182887)
└ @ TensorKitChainRulesCoreExt ~/.julia/packages/TensorKit/esxcj/ext/TensorKitChainRulesCoreExt/factorizations.jl:254
[ Info: LBFGS: iter   76, time 4038.67 s: f = -2.082895252590, ‖∇f‖ = 3.2749e-04, α = 1.00e+00, m = 8, nfg = 1
[ Info: CTMRG init:	obj = +6.032663280320e+00	err = 1.0000e+00
[ Info: CTMRG conv 24:	obj = +6.032663403553e+00	err = 5.4987464298e-10	time = 40.92 sec
┌ Warning: `svd` cotangents sensitive to gauge choice: (|Δgauge| = 0.22543702161582482)
└ @ TensorKitChainRulesCoreExt ~/.julia/packages/TensorKit/esxcj/ext/TensorKitChainRulesCoreExt/factorizations.jl:254
┌ Warning: `svd` cotangents sensitive to gauge choice: (|Δgauge| = 0.22543702166441376)
└ @ TensorKitChainRulesCoreExt ~/.julia/packages/TensorKit/esxcj/ext/TensorKitChainRulesCoreExt/factorizations.jl:254
[ Info: LBFGS: iter   77, time 4085.33 s: f = -2.082895517688, ‖∇f‖ = 2.1598e-04, α = 1.00e+00, m = 8, nfg = 1
[ Info: CTMRG init:	obj = +6.034347028281e+00	err = 1.0000e+00
[ Info: CTMRG conv 25:	obj = +6.034347119887e+00	err = 8.9764936198e-10	time = 46.61 sec
┌ Warning: `svd` cotangents sensitive to gauge choice: (|Δgauge| = 0.22541439769085675)
└ @ TensorKitChainRulesCoreExt ~/.julia/packages/TensorKit/esxcj/ext/TensorKitChainRulesCoreExt/factorizations.jl:254
┌ Warning: `svd` cotangents sensitive to gauge choice: (|Δgauge| = 0.2254143978104577)
└ @ TensorKitChainRulesCoreExt ~/.julia/packages/TensorKit/esxcj/ext/TensorKitChainRulesCoreExt/factorizations.jl:254
[ Info: LBFGS: iter   78, time 4140.73 s: f = -2.082895787255, ‖∇f‖ = 1.8668e-04, α = 1.00e+00, m = 8, nfg = 1
[ Info: CTMRG init:	obj = +6.036502315000e+00	err = 1.0000e+00
[ Info: CTMRG conv 23:	obj = +6.036502669419e+00	err = 8.5700094476e-10	time = 38.82 sec
┌ Warning: `svd` cotangents sensitive to gauge choice: (|Δgauge| = 0.22529990895995983)
└ @ TensorKitChainRulesCoreExt ~/.julia/packages/TensorKit/esxcj/ext/TensorKitChainRulesCoreExt/factorizations.jl:254
┌ Warning: `svd` cotangents sensitive to gauge choice: (|Δgauge| = 0.22529990883303003)
└ @ TensorKitChainRulesCoreExt ~/.julia/packages/TensorKit/esxcj/ext/TensorKitChainRulesCoreExt/factorizations.jl:254
[ Info: LBFGS: iter   79, time 4185.96 s: f = -2.082896149314, ‖∇f‖ = 2.8916e-04, α = 1.00e+00, m = 8, nfg = 1
[ Info: CTMRG init:	obj = +6.042335032956e+00	err = 1.0000e+00
[ Info: CTMRG conv 24:	obj = +6.042336220132e+00	err = 7.7670569229e-10	time = 42.98 sec
┌ Warning: `svd` cotangents sensitive to gauge choice: (|Δgauge| = 0.22538807832606378)
└ @ TensorKitChainRulesCoreExt ~/.julia/packages/TensorKit/esxcj/ext/TensorKitChainRulesCoreExt/factorizations.jl:254
┌ Warning: `svd` cotangents sensitive to gauge choice: (|Δgauge| = 0.22538807820815765)
└ @ TensorKitChainRulesCoreExt ~/.julia/packages/TensorKit/esxcj/ext/TensorKitChainRulesCoreExt/factorizations.jl:254
[ Info: LBFGS: iter   80, time 4235.46 s: f = -2.082896334259, ‖∇f‖ = 7.2768e-04, α = 1.00e+00, m = 8, nfg = 1
[ Info: CTMRG init:	obj = +6.042014244234e+00	err = 1.0000e+00
[ Info: CTMRG conv 23:	obj = +6.042014486676e+00	err = 3.9217780330e-10	time = 42.72 sec
┌ Warning: `svd` cotangents sensitive to gauge choice: (|Δgauge| = 0.22532918204027413)
└ @ TensorKitChainRulesCoreExt ~/.julia/packages/TensorKit/esxcj/ext/TensorKitChainRulesCoreExt/factorizations.jl:254
┌ Warning: `svd` cotangents sensitive to gauge choice: (|Δgauge| = 0.22532918198606317)
└ @ TensorKitChainRulesCoreExt ~/.julia/packages/TensorKit/esxcj/ext/TensorKitChainRulesCoreExt/factorizations.jl:254
[ Info: LBFGS: iter   81, time 4284.60 s: f = -2.082896781328, ‖∇f‖ = 3.4456e-04, α = 1.00e+00, m = 8, nfg = 1
[ Info: CTMRG init:	obj = +6.043477861745e+00	err = 1.0000e+00
[ Info: CTMRG conv 23:	obj = +6.043477984915e+00	err = 4.2942783288e-10	time = 41.85 sec
┌ Warning: `svd` cotangents sensitive to gauge choice: (|Δgauge| = 0.2253313960229728)
└ @ TensorKitChainRulesCoreExt ~/.julia/packages/TensorKit/esxcj/ext/TensorKitChainRulesCoreExt/factorizations.jl:254
┌ Warning: `svd` cotangents sensitive to gauge choice: (|Δgauge| = 0.22533139593736506)
└ @ TensorKitChainRulesCoreExt ~/.julia/packages/TensorKit/esxcj/ext/TensorKitChainRulesCoreExt/factorizations.jl:254
[ Info: LBFGS: iter   82, time 4332.73 s: f = -2.082897110703, ‖∇f‖ = 1.8938e-04, α = 1.00e+00, m = 8, nfg = 1
[ Info: CTMRG init:	obj = +6.045561528677e+00	err = 1.0000e+00
[ Info: CTMRG conv 24:	obj = +6.045561576197e+00	err = 2.2671926374e-10	time = 45.92 sec
┌ Warning: `svd` cotangents sensitive to gauge choice: (|Δgauge| = 0.2253640378695106)
└ @ TensorKitChainRulesCoreExt ~/.julia/packages/TensorKit/esxcj/ext/TensorKitChainRulesCoreExt/factorizations.jl:254
┌ Warning: `svd` cotangents sensitive to gauge choice: (|Δgauge| = 0.22536403782676856)
└ @ TensorKitChainRulesCoreExt ~/.julia/packages/TensorKit/esxcj/ext/TensorKitChainRulesCoreExt/factorizations.jl:254
[ Info: LBFGS: iter   83, time 4389.06 s: f = -2.082897301635, ‖∇f‖ = 2.2063e-04, α = 1.00e+00, m = 8, nfg = 1
[ Info: CTMRG init:	obj = +6.046836993212e+00	err = 1.0000e+00
[ Info: CTMRG conv 23:	obj = +6.046837173957e+00	err = 6.0850903654e-10	time = 43.30 sec
┌ Warning: `svd` cotangents sensitive to gauge choice: (|Δgauge| = 0.22535135318085586)
└ @ TensorKitChainRulesCoreExt ~/.julia/packages/TensorKit/esxcj/ext/TensorKitChainRulesCoreExt/factorizations.jl:254
┌ Warning: `svd` cotangents sensitive to gauge choice: (|Δgauge| = 0.22535135307475496)
└ @ TensorKitChainRulesCoreExt ~/.julia/packages/TensorKit/esxcj/ext/TensorKitChainRulesCoreExt/factorizations.jl:254
[ Info: LBFGS: iter   84, time 4439.88 s: f = -2.082897582337, ‖∇f‖ = 2.4169e-04, α = 1.00e+00, m = 8, nfg = 1
[ Info: CTMRG init:	obj = +6.047984459347e+00	err = 1.0000e+00
[ Info: CTMRG conv 23:	obj = +6.047984666535e+00	err = 9.8520346419e-10	time = 40.27 sec
┌ Warning: `svd` cotangents sensitive to gauge choice: (|Δgauge| = 0.2253022282599303)
└ @ TensorKitChainRulesCoreExt ~/.julia/packages/TensorKit/esxcj/ext/TensorKitChainRulesCoreExt/factorizations.jl:254
┌ Warning: `svd` cotangents sensitive to gauge choice: (|Δgauge| = 0.2253022282939759)
└ @ TensorKitChainRulesCoreExt ~/.julia/packages/TensorKit/esxcj/ext/TensorKitChainRulesCoreExt/factorizations.jl:254
[ Info: CTMRG init:	obj = +6.047281793180e+00	err = 1.0000e+00
[ Info: CTMRG conv 22:	obj = +6.047281821757e+00	err = 6.3583835362e-10	time = 41.58 sec
┌ Warning: `svd` cotangents sensitive to gauge choice: (|Δgauge| = 0.22533308751850922)
└ @ TensorKitChainRulesCoreExt ~/.julia/packages/TensorKit/esxcj/ext/TensorKitChainRulesCoreExt/factorizations.jl:254
┌ Warning: `svd` cotangents sensitive to gauge choice: (|Δgauge| = 0.225333087547261)
└ @ TensorKitChainRulesCoreExt ~/.julia/packages/TensorKit/esxcj/ext/TensorKitChainRulesCoreExt/factorizations.jl:254
[ Info: LBFGS: iter   85, time 4535.06 s: f = -2.082897668857, ‖∇f‖ = 1.9875e-04, α = 3.71e-01, m = 8, nfg = 2
[ Info: CTMRG init:	obj = +6.047301627886e+00	err = 1.0000e+00
[ Info: CTMRG conv 23:	obj = +6.047301679439e+00	err = 6.1687658155e-10	time = 42.17 sec
┌ Warning: `svd` cotangents sensitive to gauge choice: (|Δgauge| = 0.22531322765153375)
└ @ TensorKitChainRulesCoreExt ~/.julia/packages/TensorKit/esxcj/ext/TensorKitChainRulesCoreExt/factorizations.jl:254
┌ Warning: `svd` cotangents sensitive to gauge choice: (|Δgauge| = 0.22531322782632462)
└ @ TensorKitChainRulesCoreExt ~/.julia/packages/TensorKit/esxcj/ext/TensorKitChainRulesCoreExt/factorizations.jl:254
[ Info: LBFGS: iter   86, time 4582.74 s: f = -2.082897744264, ‖∇f‖ = 1.2053e-04, α = 1.00e+00, m = 8, nfg = 1
[ Info: CTMRG init:	obj = +6.047166951904e+00	err = 1.0000e+00
[ Info: CTMRG conv 23:	obj = +6.047166976715e+00	err = 4.9099406036e-10	time = 41.86 sec
┌ Warning: `svd` cotangents sensitive to gauge choice: (|Δgauge| = 0.22530332052115548)
└ @ TensorKitChainRulesCoreExt ~/.julia/packages/TensorKit/esxcj/ext/TensorKitChainRulesCoreExt/factorizations.jl:254
┌ Warning: `svd` cotangents sensitive to gauge choice: (|Δgauge| = 0.22530332047300689)
└ @ TensorKitChainRulesCoreExt ~/.julia/packages/TensorKit/esxcj/ext/TensorKitChainRulesCoreExt/factorizations.jl:254
[ Info: LBFGS: iter   87, time 4630.04 s: f = -2.082897810109, ‖∇f‖ = 1.4111e-04, α = 1.00e+00, m = 8, nfg = 1
[ Info: CTMRG init:	obj = +6.047064340999e+00	err = 1.0000e+00
[ Info: CTMRG conv 23:	obj = +6.047064436086e+00	err = 7.7664494053e-10	time = 45.57 sec
┌ Warning: `svd` cotangents sensitive to gauge choice: (|Δgauge| = 0.22526313874194198)
└ @ TensorKitChainRulesCoreExt ~/.julia/packages/TensorKit/esxcj/ext/TensorKitChainRulesCoreExt/factorizations.jl:254
┌ Warning: `svd` cotangents sensitive to gauge choice: (|Δgauge| = 0.2252631389007344)
└ @ TensorKitChainRulesCoreExt ~/.julia/packages/TensorKit/esxcj/ext/TensorKitChainRulesCoreExt/factorizations.jl:254
[ Info: LBFGS: iter   88, time 4686.09 s: f = -2.082897955065, ‖∇f‖ = 2.2727e-04, α = 1.00e+00, m = 8, nfg = 1
[ Info: CTMRG init:	obj = +6.047249380349e+00	err = 1.0000e+00
[ Info: CTMRG conv 24:	obj = +6.047249484715e+00	err = 5.6546429825e-10	time = 45.46 sec
┌ Warning: `svd` cotangents sensitive to gauge choice: (|Δgauge| = 0.22525272020036285)
└ @ TensorKitChainRulesCoreExt ~/.julia/packages/TensorKit/esxcj/ext/TensorKitChainRulesCoreExt/factorizations.jl:254
┌ Warning: `svd` cotangents sensitive to gauge choice: (|Δgauge| = 0.22525272037964994)
└ @ TensorKitChainRulesCoreExt ~/.julia/packages/TensorKit/esxcj/ext/TensorKitChainRulesCoreExt/factorizations.jl:254
[ Info: LBFGS: iter   89, time 4738.13 s: f = -2.082898092891, ‖∇f‖ = 3.0558e-04, α = 1.00e+00, m = 8, nfg = 1
[ Info: CTMRG init:	obj = +6.047628653177e+00	err = 1.0000e+00
[ Info: CTMRG conv 23:	obj = +6.047628692819e+00	err = 8.7632492354e-10	time = 44.83 sec
┌ Warning: `svd` cotangents sensitive to gauge choice: (|Δgauge| = 0.22521589275242038)
└ @ TensorKitChainRulesCoreExt ~/.julia/packages/TensorKit/esxcj/ext/TensorKitChainRulesCoreExt/factorizations.jl:254
┌ Warning: `svd` cotangents sensitive to gauge choice: (|Δgauge| = 0.22521589275021758)
└ @ TensorKitChainRulesCoreExt ~/.julia/packages/TensorKit/esxcj/ext/TensorKitChainRulesCoreExt/factorizations.jl:254
[ Info: LBFGS: iter   90, time 4789.68 s: f = -2.082898234871, ‖∇f‖ = 1.5457e-04, α = 1.00e+00, m = 8, nfg = 1
[ Info: CTMRG init:	obj = +6.048186535044e+00	err = 1.0000e+00
[ Info: CTMRG conv 21:	obj = +6.048186572368e+00	err = 5.1897677410e-10	time = 40.28 sec
┌ Warning: `svd` cotangents sensitive to gauge choice: (|Δgauge| = 0.22520747181955889)
└ @ TensorKitChainRulesCoreExt ~/.julia/packages/TensorKit/esxcj/ext/TensorKitChainRulesCoreExt/factorizations.jl:254
┌ Warning: `svd` cotangents sensitive to gauge choice: (|Δgauge| = 0.2252074717512197)
└ @ TensorKitChainRulesCoreExt ~/.julia/packages/TensorKit/esxcj/ext/TensorKitChainRulesCoreExt/factorizations.jl:254
[ Info: LBFGS: iter   91, time 4835.33 s: f = -2.082898346663, ‖∇f‖ = 1.3557e-04, α = 1.00e+00, m = 8, nfg = 1
[ Info: CTMRG init:	obj = +6.048521587519e+00	err = 1.0000e+00
[ Info: CTMRG conv 22:	obj = +6.048521607400e+00	err = 7.0539160837e-10	time = 42.51 sec
┌ Warning: `svd` cotangents sensitive to gauge choice: (|Δgauge| = 0.22520275287494168)
└ @ TensorKitChainRulesCoreExt ~/.julia/packages/TensorKit/esxcj/ext/TensorKitChainRulesCoreExt/factorizations.jl:254
┌ Warning: `svd` cotangents sensitive to gauge choice: (|Δgauge| = 0.22520275279069588)
└ @ TensorKitChainRulesCoreExt ~/.julia/packages/TensorKit/esxcj/ext/TensorKitChainRulesCoreExt/factorizations.jl:254
[ Info: LBFGS: iter   92, time 4883.87 s: f = -2.082898433886, ‖∇f‖ = 1.6813e-04, α = 1.00e+00, m = 8, nfg = 1
[ Info: CTMRG init:	obj = +6.048757397043e+00	err = 1.0000e+00
[ Info: CTMRG conv 23:	obj = +6.048757495988e+00	err = 9.9946334030e-10	time = 45.89 sec
┌ Warning: `svd` cotangents sensitive to gauge choice: (|Δgauge| = 0.2251938343309614)
└ @ TensorKitChainRulesCoreExt ~/.julia/packages/TensorKit/esxcj/ext/TensorKitChainRulesCoreExt/factorizations.jl:254
┌ Warning: `svd` cotangents sensitive to gauge choice: (|Δgauge| = 0.22519383423798806)
└ @ TensorKitChainRulesCoreExt ~/.julia/packages/TensorKit/esxcj/ext/TensorKitChainRulesCoreExt/factorizations.jl:254
[ Info: LBFGS: iter   93, time 4936.53 s: f = -2.082898581761, ‖∇f‖ = 1.5083e-04, α = 1.00e+00, m = 8, nfg = 1
[ Info: CTMRG init:	obj = +6.049290530753e+00	err = 1.0000e+00
[ Info: CTMRG conv 23:	obj = +6.049290876834e+00	err = 5.8754884940e-10	time = 49.38 sec
┌ Warning: `svd` cotangents sensitive to gauge choice: (|Δgauge| = 0.2251688767872489)
└ @ TensorKitChainRulesCoreExt ~/.julia/packages/TensorKit/esxcj/ext/TensorKitChainRulesCoreExt/factorizations.jl:254
┌ Warning: `svd` cotangents sensitive to gauge choice: (|Δgauge| = 0.22516887689219947)
└ @ TensorKitChainRulesCoreExt ~/.julia/packages/TensorKit/esxcj/ext/TensorKitChainRulesCoreExt/factorizations.jl:254
[ Info: LBFGS: iter   94, time 4992.14 s: f = -2.082898682678, ‖∇f‖ = 3.7707e-04, α = 1.00e+00, m = 8, nfg = 1
[ Info: CTMRG init:	obj = +6.049362271966e+00	err = 1.0000e+00
[ Info: CTMRG conv 22:	obj = +6.049362384918e+00	err = 9.0222808621e-10	time = 41.83 sec
┌ Warning: `svd` cotangents sensitive to gauge choice: (|Δgauge| = 0.22518448312061523)
└ @ TensorKitChainRulesCoreExt ~/.julia/packages/TensorKit/esxcj/ext/TensorKitChainRulesCoreExt/factorizations.jl:254
┌ Warning: `svd` cotangents sensitive to gauge choice: (|Δgauge| = 0.2251844831125805)
└ @ TensorKitChainRulesCoreExt ~/.julia/packages/TensorKit/esxcj/ext/TensorKitChainRulesCoreExt/factorizations.jl:254
[ Info: LBFGS: iter   95, time 5040.68 s: f = -2.082898844684, ‖∇f‖ = 1.2991e-04, α = 1.00e+00, m = 8, nfg = 1
[ Info: CTMRG init:	obj = +6.049534002481e+00	err = 1.0000e+00
[ Info: CTMRG conv 21:	obj = +6.049534037718e+00	err = 5.6948482487e-10	time = 40.43 sec
┌ Warning: `svd` cotangents sensitive to gauge choice: (|Δgauge| = 0.22520320344425407)
└ @ TensorKitChainRulesCoreExt ~/.julia/packages/TensorKit/esxcj/ext/TensorKitChainRulesCoreExt/factorizations.jl:254
┌ Warning: `svd` cotangents sensitive to gauge choice: (|Δgauge| = 0.2252032034765592)
└ @ TensorKitChainRulesCoreExt ~/.julia/packages/TensorKit/esxcj/ext/TensorKitChainRulesCoreExt/factorizations.jl:254
[ Info: LBFGS: converged after 96 iterations and time 5087.15 s: f = -2.082898928035, ‖∇f‖ = 9.0729e-05
