  Installing known registries into `~/.julia`
       Added `General` registry to ~/.julia/registries
    Updating registry at `~/.julia/registries/General.toml`
   Installed GPUArraysCore ─────────────── v0.2.0
   Installed IrrationalConstants ───────── v0.2.4
   Installed RealDot ───────────────────── v0.1.0
   Installed TaskLocalValues ───────────── v0.1.2
   Installed IRTools ───────────────────── v0.4.14
   Installed JLD2 ──────────────────────── v0.5.12
   Installed BlockTensorKit ────────────── v0.1.6
   Installed OhMyThreads ───────────────── v0.7.0
   Installed DiffRules ─────────────────── v1.15.1
   Installed LRUCache ──────────────────── v1.6.2
   Installed Adapt ─────────────────────── v4.3.0
   Installed IntegerMathUtils ──────────── v0.1.2
   Installed TableTraits ───────────────── v1.0.1
   Installed Preferences ───────────────── v1.4.3
   Installed PtrArrays ─────────────────── v1.3.0
   Installed Accessors ─────────────────── v0.1.42
   Installed DiffResults ───────────────── v1.1.0
   Installed LoggingExtras ─────────────── v1.0.3
   Installed Tables ────────────────────── v1.12.0
   Installed SpecialFunctions ──────────── v2.5.1
   Installed OptimKit ──────────────────── v0.4.0
   Installed HashArrayMappedTries ──────── v0.2.0
   Installed ChunkSplitters ────────────── v3.1.2
   Installed DataAPI ───────────────────── v1.16.0
   Installed WignerSymbols ─────────────── v2.0.0
   Installed Primes ────────────────────── v0.5.7
   Installed StaticArrays ──────────────── v1.9.13
   Installed RecipesBase ───────────────── v1.3.4
   Installed Zygote ────────────────────── v0.7.6
   Installed TensorKit ─────────────────── v0.14.5
   Installed AbstractFFTs ──────────────── v1.5.0
   Installed MPSKit ────────────────────── v0.12.6
   Installed BlockArrays ───────────────── v1.6.1
   Installed Richardson ────────────────── v1.4.2
   Installed JLLWrappers ───────────────── v1.7.0
   Installed FiniteDifferences ─────────── v0.12.32
   Installed StaticArraysCore ──────────── v1.4.3
   Installed NaNMath ───────────────────── v1.1.3
   Installed IteratorInterfaceExtensions ─ v1.0.0
   Installed PrecompileTools ───────────── v1.2.1
   Installed DataValueInterfaces ───────── v1.0.0
   Installed ConstructionBase ──────────── v1.5.8
   Installed StructArrays ──────────────── v0.7.1
   Installed OrderedCollections ────────── v1.8.0
   Installed StableTasks ───────────────── v0.1.7
   Installed TranscodingStreams ────────── v0.11.3
   Installed RationalRoots ─────────────── v0.2.1
   Installed ScopedValues ──────────────── v1.3.0
   Installed InitialValues ─────────────── v0.3.1
   Installed VectorInterface ───────────── v0.5.0
   Installed TensorKitSectors ──────────── v0.1.4
   Installed ChainRulesCore ────────────── v1.25.1
   Installed MPSKitModels ──────────────── v0.4.1
   Installed FileIO ────────────────────── v1.17.0
   Installed FillArrays ────────────────── v1.13.0
   Installed ForwardDiff ───────────────── v1.0.1
   Installed CommonSubexpressions ──────── v0.3.1
   Installed Requires ──────────────────── v1.3.1
   Installed ZygoteRules ───────────────── v0.2.7
   Installed Statistics ────────────────── v1.11.1
   Installed LogExpFunctions ───────────── v0.3.29
   Installed ChainRules ────────────────── v1.72.3
   Installed Compat ────────────────────── v4.16.0
   Installed StridedViews ──────────────── v0.4.1
   Installed HalfIntegers ──────────────── v1.6.0
   Installed PackageExtensionCompat ────── v1.0.2
   Installed Strided ───────────────────── v2.3.0
   Installed MacroTools ────────────────── v0.5.15
   Installed BangBang ──────────────────── v0.4.4
   Installed TensorKitManifolds ────────── v0.7.2
   Installed SparseInverseSubset ───────── v0.1.2
   Installed CompositionsBase ──────────── v0.1.2
   Installed OpenSpecFun_jll ───────────── v0.5.6+0
   Installed TupleTools ────────────────── v1.6.0
   Installed InverseFunctions ──────────── v0.1.17
   Installed TensorOperations ──────────── v5.2.0
   Installed KrylovKit ─────────────────── v0.9.5
   Installed PEPSKit ───────────────────── v0.5.0
   Installed DocStringExtensions ───────── v0.9.4
   Installed ArrayLayouts ──────────────── v1.11.1
    Updating `/var/lib/condor/execute/dir_1060178/Project.toml`
  [d360d2e6] + ChainRulesCore v1.25.1
  [033835bb] + JLD2 v0.5.12
  [0b1a1467] + KrylovKit v0.9.5
  [bb1c41ca] + MPSKit v0.12.6
  [ca635005] + MPSKitModels v0.4.1
  [77e91f04] + OptimKit v0.4.0
  [52969e89] + PEPSKit v0.5.0
  [07d1fe3e] + TensorKit v0.14.5
  [409d34a3] + VectorInterface v0.5.0
  [e88e6eb3] + Zygote v0.7.6
  [37e2e46d] ~ LinearAlgebra ⇒ v1.11.0
    Updating `/var/lib/condor/execute/dir_1060178/Manifest.toml`
  [621f4979] + AbstractFFTs v1.5.0
  [7d9f7c33] + Accessors v0.1.42
  [79e6a3ab] + Adapt v4.3.0
  [4c555306] + ArrayLayouts v1.11.1
  [198e06fe] + BangBang v0.4.4
  [8e7c35d0] + BlockArrays v1.6.1
  [5f87ffc2] + BlockTensorKit v0.1.6
  [082447d4] + ChainRules v1.72.3
  [d360d2e6] + ChainRulesCore v1.25.1
  [ae650224] + ChunkSplitters v3.1.2
  [bbf7d656] + CommonSubexpressions v0.3.1
  [34da2185] + Compat v4.16.0
  [a33af91c] + CompositionsBase v0.1.2
  [187b0558] + ConstructionBase v1.5.8
  [9a962f9c] + DataAPI v1.16.0
  [e2d170a0] + DataValueInterfaces v1.0.0
  [163ba53b] + DiffResults v1.1.0
  [b552c78f] + DiffRules v1.15.1
  [ffbed154] + DocStringExtensions v0.9.4
  [5789e2e9] + FileIO v1.17.0
  [1a297f60] + FillArrays v1.13.0
  [26cc04aa] + FiniteDifferences v0.12.32
  [f6369f11] + ForwardDiff v1.0.1
  [46192b85] + GPUArraysCore v0.2.0
  [f0d1745a] + HalfIntegers v1.6.0
  [076d061b] + HashArrayMappedTries v0.2.0
  [7869d1d1] + IRTools v0.4.14
  [22cec73e] + InitialValues v0.3.1
  [18e54dd8] + IntegerMathUtils v0.1.2
  [3587e190] + InverseFunctions v0.1.17
  [92d709cd] + IrrationalConstants v0.2.4
  [82899510] + IteratorInterfaceExtensions v1.0.0
  [033835bb] + JLD2 v0.5.12
  [692b3bcd] + JLLWrappers v1.7.0
  [0b1a1467] + KrylovKit v0.9.5
  [8ac3fa9e] + LRUCache v1.6.2
  [2ab3a3ac] + LogExpFunctions v0.3.29
⌅ [e6f89c97] + LoggingExtras v1.0.3
  [bb1c41ca] + MPSKit v0.12.6
  [ca635005] + MPSKitModels v0.4.1
  [1914dd2f] + MacroTools v0.5.15
  [77ba4419] + NaNMath v1.1.3
⌅ [67456a42] + OhMyThreads v0.7.0
  [77e91f04] + OptimKit v0.4.0
  [bac558e1] + OrderedCollections v1.8.0
  [52969e89] + PEPSKit v0.5.0
  [65ce6f38] + PackageExtensionCompat v1.0.2
⌅ [aea7be01] + PrecompileTools v1.2.1
  [21216c6a] + Preferences v1.4.3
  [27ebfcd6] + Primes v0.5.7
  [43287f4e] + PtrArrays v1.3.0
  [308eb6b3] + RationalRoots v0.2.1
  [c1ae055f] + RealDot v0.1.0
  [3cdcf5f2] + RecipesBase v1.3.4
  [ae029012] + Requires v1.3.1
  [708f8203] + Richardson v1.4.2
  [7e506255] + ScopedValues v1.3.0
  [dc90abb0] + SparseInverseSubset v0.1.2
  [276daf66] + SpecialFunctions v2.5.1
  [91464d47] + StableTasks v0.1.7
  [90137ffa] + StaticArrays v1.9.13
  [1e83bf80] + StaticArraysCore v1.4.3
  [10745b16] + Statistics v1.11.1
  [5e0ebb24] + Strided v2.3.0
  [4db3bf67] + StridedViews v0.4.1
  [09ab397b] + StructArrays v0.7.1
  [3783bdb8] + TableTraits v1.0.1
  [bd369af6] + Tables v1.12.0
  [ed4db957] + TaskLocalValues v0.1.2
  [07d1fe3e] + TensorKit v0.14.5
  [11fa318c] + TensorKitManifolds v0.7.2
  [13a9c161] + TensorKitSectors v0.1.4
  [6aa20fa7] + TensorOperations v5.2.0
  [3bb67fe8] + TranscodingStreams v0.11.3
  [9d95972d] + TupleTools v1.6.0
  [409d34a3] + VectorInterface v0.5.0
  [9f57e263] + WignerSymbols v2.0.0
  [e88e6eb3] + Zygote v0.7.6
  [700de1a5] + ZygoteRules v0.2.7
  [efe28fd5] + OpenSpecFun_jll v0.5.6+0
  [0dad84c5] + ArgTools v1.1.2
  [56f22d72] + Artifacts v1.11.0
  [2a0f44e3] + Base64 v1.11.0
  [ade2ca70] + Dates v1.11.0
  [8ba89e20] + Distributed v1.11.0
  [f43a241f] + Downloads v1.6.0
  [7b1f6079] + FileWatching v1.11.0
  [b77e0a4c] + InteractiveUtils v1.11.0
  [b27032c2] + LibCURL v0.6.4
  [76f85450] + LibGit2 v1.11.0
  [8f399da3] + Libdl v1.11.0
  [37e2e46d] + LinearAlgebra v1.11.0
  [56ddb016] + Logging v1.11.0
  [d6f4376e] + Markdown v1.11.0
  [a63ad114] + Mmap v1.11.0
  [ca575930] + NetworkOptions v1.2.0
  [44cfe95a] + Pkg v1.11.0
  [de0858da] + Printf v1.11.0
  [9a3f8284] + Random v1.11.0
  [ea8e919c] + SHA v0.7.0
  [9e88b42a] + Serialization v1.11.0
  [6462fe0b] + Sockets v1.11.0
  [2f01184e] + SparseArrays v1.11.0
  [4607b0f0] + SuiteSparse
  [fa267f1f] + TOML v1.0.3
  [a4e569a6] + Tar v1.10.0
  [cf7118a7] + UUIDs v1.11.0
  [4ec0a83e] + Unicode v1.11.0
  [e66e0078] + CompilerSupportLibraries_jll v1.1.1+0
  [deac9b47] + LibCURL_jll v8.6.0+0
  [e37daf67] + LibGit2_jll v1.7.2+0
  [29816b5a] + LibSSH2_jll v1.11.0+1
  [c8ffd9c3] + MbedTLS_jll v2.28.6+0
  [14a3606d] + MozillaCACerts_jll v2023.12.12
  [4536629a] + OpenBLAS_jll v0.3.27+1
  [05823500] + OpenLibm_jll v0.8.1+2
  [bea87d4a] + SuiteSparse_jll v7.7.0+0
  [83775a58] + Zlib_jll v1.2.13+1
  [8e850b90] + libblastrampoline_jll v5.11.0+0
  [8e850ede] + nghttp2_jll v1.59.0+0
  [3f19e933] + p7zip_jll v17.4.0+2
        Info Packages marked with ⌅ have new versions available but compatibility constraints restrict them from upgrading. To see why use `status --outdated -m`
Precompiling project...
    414.2 ms  ✓ DataValueInterfaces
    462.9 ms  ✓ TaskLocalValues
    461.4 ms  ✓ IntegerMathUtils
    541.6 ms  ✓ Richardson
    573.8 ms  ✓ RealDot
    589.9 ms  ✓ LRUCache
    627.5 ms  ✓ StableTasks
    673.1 ms  ✓ HalfIntegers
    724.4 ms  ✓ InverseFunctions
    774.4 ms  ✓ DocStringExtensions
    812.9 ms  ✓ AbstractFFTs
    879.3 ms  ✓ OrderedCollections
    848.7 ms  ✓ Statistics
    474.0 ms  ✓ IteratorInterfaceExtensions
    940.0 ms  ✓ VectorInterface
    527.6 ms  ✓ DataAPI
    567.8 ms  ✓ PackageExtensionCompat
    796.6 ms  ✓ ConstructionBase
    609.4 ms  ✓ CompositionsBase
    610.5 ms  ✓ PtrArrays
    769.8 ms  ✓ ChunkSplitters
   1444.8 ms  ✓ FillArrays
    935.6 ms  ✓ TupleTools
    862.9 ms  ✓ HashArrayMappedTries
    954.9 ms  ✓ StaticArraysCore
    883.2 ms  ✓ RationalRoots
   1724.1 ms  ✓ IrrationalConstants
    863.9 ms  ✓ NaNMath
    880.4 ms  ✓ Requires
    988.6 ms  ✓ TranscodingStreams
   1286.3 ms  ✓ InitialValues
    964.8 ms  ✓ LoggingExtras
    944.6 ms  ✓ SuiteSparse
    957.2 ms  ✓ Compat
    504.4 ms  ✓ ScopedValues
    888.3 ms  ✓ LRUCache → SerializationExt
    952.3 ms  ✓ Primes
   1144.9 ms  ✓ Preferences
    605.8 ms  ✓ TableTraits
    741.2 ms  ✓ InverseFunctions → InverseFunctionsDatesExt
    674.1 ms  ✓ ConstructionBase → ConstructionBaseLinearAlgebraExt
    654.5 ms  ✓ CompositionsBase → CompositionsBaseInverseFunctionsExt
    728.6 ms  ✓ DiffResults
    779.4 ms  ✓ Adapt
    738.4 ms  ✓ FillArrays → FillArraysStatisticsExt
    797.5 ms  ✓ StridedViews
   1381.2 ms  ✓ Statistics → SparseArraysExt
    795.8 ms  ✓ PrecompileTools
   1180.6 ms  ✓ FillArrays → FillArraysSparseArraysExt
    723.7 ms  ✓ Compat → CompatLinearAlgebraExt
    920.2 ms  ✓ SparseInverseSubset
    849.6 ms  ✓ JLLWrappers
   1111.9 ms  ✓ LogExpFunctions
    815.1 ms  ✓ GPUArraysCore
   1004.6 ms  ✓ Adapt → AdaptSparseArraysExt
    648.8 ms  ✓ StridedViews → StridedViewsPtrArraysExt
   1340.0 ms  ✓ Tables
    705.8 ms  ✓ LogExpFunctions → LogExpFunctionsInverseFunctionsExt
    780.5 ms  ✓ OpenSpecFun_jll
   1086.1 ms  ✓ Strided
   3871.8 ms  ✓ MacroTools
   2197.6 ms  ✓ OptimKit
   2644.3 ms  ✓ KrylovKit
   1084.2 ms  ✓ StructArrays
    737.5 ms  ✓ CommonSubexpressions
   1932.3 ms  ✓ ChainRulesCore
   2524.2 ms  ✓ RecipesBase
    729.2 ms  ✓ StructArrays → StructArraysAdaptExt
    855.1 ms  ✓ StructArrays → StructArraysLinearAlgebraExt
   1031.5 ms  ✓ StructArrays → StructArraysSparseArraysExt
    890.1 ms  ✓ AbstractFFTs → AbstractFFTsChainRulesCoreExt
   3877.5 ms  ✓ WignerSymbols
   1101.7 ms  ✓ ChainRulesCore → ChainRulesCoreSparseArraysExt
   1229.3 ms  ✓ ZygoteRules
   1061.9 ms  ✓ KrylovKit → KrylovKitChainRulesCoreExt
   2689.4 ms  ✓ IRTools
   2010.9 ms  ✓ LogExpFunctions → LogExpFunctionsChainRulesCoreExt
   3197.7 ms  ✓ Accessors
   5917.5 ms  ✓ FileIO
   4265.6 ms  ✓ SpecialFunctions
    772.7 ms  ✓ Accessors → LinearAlgebraExt
    789.9 ms  ✓ Accessors → StructArraysExt
    887.8 ms  ✓ DiffRules
   1090.3 ms  ✓ BangBang
    635.5 ms  ✓ BangBang → BangBangTablesExt
    666.0 ms  ✓ BangBang → BangBangStructArraysExt
   1980.8 ms  ✓ SpecialFunctions → SpecialFunctionsChainRulesCoreExt
    933.7 ms  ✓ BangBang → BangBangChainRulesCoreExt
   1105.9 ms  ✓ OhMyThreads
   9214.9 ms  ✓ StaticArrays
   6879.5 ms  ✓ ChainRules
    794.7 ms  ✓ Adapt → AdaptStaticArraysExt
    811.7 ms  ✓ ConstructionBase → ConstructionBaseStaticArraysExt
    850.2 ms  ✓ StaticArrays → StaticArraysChainRulesCoreExt
    903.8 ms  ✓ BangBang → BangBangStaticArraysExt
   1002.3 ms  ✓ StaticArrays → StaticArraysStatisticsExt
   4245.8 ms  ✓ ForwardDiff
   1229.5 ms  ✓ StructArrays → StructArraysStaticArraysExt
   1457.9 ms  ✓ Accessors → StaticArraysExt
    927.7 ms  ✓ ForwardDiff → ForwardDiffStaticArraysExt
   1336.8 ms  ✓ FiniteDifferences
  15947.5 ms  ✓ ArrayLayouts
    783.1 ms  ✓ ArrayLayouts → ArrayLayoutsSparseArraysExt
   1668.4 ms  ✓ BlockArrays
    768.6 ms  ✓ BlockArrays → BlockArraysAdaptExt
  29245.9 ms  ✓ Zygote
  34736.0 ms  ✓ JLD2
 133238.7 ms  ✓ TensorOperations
   1229.4 ms  ✓ TensorOperations → TensorOperationsChainRulesCoreExt
   5370.3 ms  ✓ TensorKitSectors
   6559.9 ms  ✓ TensorKit
   1678.2 ms  ✓ TensorKitManifolds
   1833.9 ms  ✓ TensorKit → TensorKitFiniteDifferencesExt
   1934.0 ms  ✓ TensorKit → TensorKitChainRulesCoreExt
   2642.9 ms  ✓ BlockTensorKit
  12745.6 ms  ✓ MPSKit
  11612.6 ms  ✓ MPSKitModels
  14291.6 ms  ✓ PEPSKit
  118 dependencies successfully precompiled in 191 seconds. 31 already precompiled.
[ Info: CTMRG init:	obj = +3.552743514628e+00	err = 1.0000e+00
[ Info: CTMRG conv 4:	obj = +3.552743514628e+00	err = 1.6007684484e-11	time = 1.41 min
┌ Warning: `svd` cotangents sensitive to gauge choice: (|Δgauge| = 0.06904891467336041)
└ @ TensorKitChainRulesCoreExt ~/.julia/packages/TensorKit/esxcj/ext/TensorKitChainRulesCoreExt/factorizations.jl:254
┌ Warning: `svd` cotangents sensitive to gauge choice: (|Δgauge| = 2.414157516844543e-7)
└ @ TensorKitChainRulesCoreExt ~/.julia/packages/TensorKit/esxcj/ext/TensorKitChainRulesCoreExt/factorizations.jl:254
┌ Warning: `svd` cotangents sensitive to gauge choice: (|Δgauge| = 0.06904883596834671)
└ @ TensorKitChainRulesCoreExt ~/.julia/packages/TensorKit/esxcj/ext/TensorKitChainRulesCoreExt/factorizations.jl:254
[ Info: LBFGS: initializing with f = -2.050122156928, ‖∇f‖ = 7.3588e-04
[ Info: CTMRG init:	obj = +3.552675425878e+00	err = 1.0000e+00
[ Info: CTMRG conv 11:	obj = +3.552678287909e+00	err = 5.0263667920e-10	time = 5.33 sec
┌ Warning: `svd` cotangents sensitive to gauge choice: (|Δgauge| = 0.06913420694724773)
└ @ TensorKitChainRulesCoreExt ~/.julia/packages/TensorKit/esxcj/ext/TensorKitChainRulesCoreExt/factorizations.jl:254
┌ Warning: `svd` cotangents sensitive to gauge choice: (|Δgauge| = 0.06913420694807426)
└ @ TensorKitChainRulesCoreExt ~/.julia/packages/TensorKit/esxcj/ext/TensorKitChainRulesCoreExt/factorizations.jl:254
[ Info: LBFGS: iter    1, time 1250.19 s: f = -2.050124443770, ‖∇f‖ = 1.5623e-03, α = 1.00e+00, m = 0, nfg = 1
[ Info: CTMRG init:	obj = +3.552820452759e+00	err = 1.0000e+00
[ Info: CTMRG conv 11:	obj = +3.552821604146e+00	err = 2.0868530717e-10	time = 4.26 sec
┌ Warning: `svd` cotangents sensitive to gauge choice: (|Δgauge| = 0.06908959510629623)
└ @ TensorKitChainRulesCoreExt ~/.julia/packages/TensorKit/esxcj/ext/TensorKitChainRulesCoreExt/factorizations.jl:254
┌ Warning: `svd` cotangents sensitive to gauge choice: (|Δgauge| = 0.06908959510626254)
└ @ TensorKitChainRulesCoreExt ~/.julia/packages/TensorKit/esxcj/ext/TensorKitChainRulesCoreExt/factorizations.jl:254
[ Info: LBFGS: iter    2, time 1261.05 s: f = -2.050127331878, ‖∇f‖ = 4.8599e-04, α = 1.00e+00, m = 1, nfg = 1
[ Info: CTMRG init:	obj = +3.552863686445e+00	err = 1.0000e+00
[ Info: CTMRG conv 11:	obj = +3.552864032424e+00	err = 2.4873723092e-10	time = 4.07 sec
┌ Warning: `svd` cotangents sensitive to gauge choice: (|Δgauge| = 0.06905297296614053)
└ @ TensorKitChainRulesCoreExt ~/.julia/packages/TensorKit/esxcj/ext/TensorKitChainRulesCoreExt/factorizations.jl:254
┌ Warning: `svd` cotangents sensitive to gauge choice: (|Δgauge| = 0.06905297296837538)
└ @ TensorKitChainRulesCoreExt ~/.julia/packages/TensorKit/esxcj/ext/TensorKitChainRulesCoreExt/factorizations.jl:254
[ Info: LBFGS: iter    3, time 1269.41 s: f = -2.050127987687, ‖∇f‖ = 3.3581e-04, α = 1.00e+00, m = 2, nfg = 1
[ Info: CTMRG init:	obj = +3.552879858654e+00	err = 1.0000e+00
[ Info: CTMRG conv 11:	obj = +3.552880193960e+00	err = 2.8669333715e-10	time = 3.77 sec
┌ Warning: `svd` cotangents sensitive to gauge choice: (|Δgauge| = 0.06900332109635313)
└ @ TensorKitChainRulesCoreExt ~/.julia/packages/TensorKit/esxcj/ext/TensorKitChainRulesCoreExt/factorizations.jl:254
┌ Warning: `svd` cotangents sensitive to gauge choice: (|Δgauge| = 0.06900332109868407)
└ @ TensorKitChainRulesCoreExt ~/.julia/packages/TensorKit/esxcj/ext/TensorKitChainRulesCoreExt/factorizations.jl:254
[ Info: LBFGS: iter    4, time 1277.39 s: f = -2.050128503176, ‖∇f‖ = 3.8167e-04, α = 1.00e+00, m = 3, nfg = 1
[ Info: CTMRG init:	obj = +3.552846127877e+00	err = 1.0000e+00
[ Info: CTMRG conv 12:	obj = +3.552853201666e+00	err = 2.2882183333e-10	time = 3.88 sec
┌ Warning: `svd` cotangents sensitive to gauge choice: (|Δgauge| = 0.06877272514890403)
└ @ TensorKitChainRulesCoreExt ~/.julia/packages/TensorKit/esxcj/ext/TensorKitChainRulesCoreExt/factorizations.jl:254
┌ Warning: `svd` cotangents sensitive to gauge choice: (|Δgauge| = 0.06877272514562488)
└ @ TensorKitChainRulesCoreExt ~/.julia/packages/TensorKit/esxcj/ext/TensorKitChainRulesCoreExt/factorizations.jl:254
[ Info: LBFGS: iter    5, time 1285.87 s: f = -2.050129899696, ‖∇f‖ = 7.8958e-04, α = 1.00e+00, m = 4, nfg = 1
[ Info: CTMRG init:	obj = +3.552873464880e+00	err = 1.0000e+00
[ Info: CTMRG conv 12:	obj = +3.552878648713e+00	err = 1.8741445398e-10	time = 4.69 sec
┌ Warning: `svd` cotangents sensitive to gauge choice: (|Δgauge| = 0.06857268622100038)
└ @ TensorKitChainRulesCoreExt ~/.julia/packages/TensorKit/esxcj/ext/TensorKitChainRulesCoreExt/factorizations.jl:254
┌ Warning: `svd` cotangents sensitive to gauge choice: (|Δgauge| = 0.06857268621949575)
└ @ TensorKitChainRulesCoreExt ~/.julia/packages/TensorKit/esxcj/ext/TensorKitChainRulesCoreExt/factorizations.jl:254
[ Info: LBFGS: iter    6, time 1294.96 s: f = -2.050130928092, ‖∇f‖ = 6.3664e-04, α = 1.00e+00, m = 5, nfg = 1
[ Info: CTMRG init:	obj = +3.552865320136e+00	err = 1.0000e+00
[ Info: CTMRG conv 11:	obj = +3.552865526971e+00	err = 1.9006923058e-10	time = 3.71 sec
┌ Warning: `svd` cotangents sensitive to gauge choice: (|Δgauge| = 0.06856719543159853)
└ @ TensorKitChainRulesCoreExt ~/.julia/packages/TensorKit/esxcj/ext/TensorKitChainRulesCoreExt/factorizations.jl:254
┌ Warning: `svd` cotangents sensitive to gauge choice: (|Δgauge| = 0.06856719543065484)
└ @ TensorKitChainRulesCoreExt ~/.julia/packages/TensorKit/esxcj/ext/TensorKitChainRulesCoreExt/factorizations.jl:254
[ Info: LBFGS: iter    7, time 1303.49 s: f = -2.050131657501, ‖∇f‖ = 4.0950e-04, α = 1.00e+00, m = 6, nfg = 1
[ Info: CTMRG init:	obj = +3.552846903322e+00	err = 1.0000e+00
[ Info: CTMRG conv 11:	obj = +3.552850639343e+00	err = 8.0035417167e-10	time = 3.84 sec
┌ Warning: `svd` cotangents sensitive to gauge choice: (|Δgauge| = 0.06848985537716845)
└ @ TensorKitChainRulesCoreExt ~/.julia/packages/TensorKit/esxcj/ext/TensorKitChainRulesCoreExt/factorizations.jl:254
┌ Warning: `svd` cotangents sensitive to gauge choice: (|Δgauge| = 0.06848985537732588)
└ @ TensorKitChainRulesCoreExt ~/.julia/packages/TensorKit/esxcj/ext/TensorKitChainRulesCoreExt/factorizations.jl:254
[ Info: LBFGS: iter    8, time 1311.44 s: f = -2.050132911884, ‖∇f‖ = 4.7596e-04, α = 1.00e+00, m = 7, nfg = 1
[ Info: CTMRG init:	obj = +3.552887719237e+00	err = 1.0000e+00
[ Info: CTMRG conv 11:	obj = +3.552893732019e+00	err = 9.5160035295e-10	time = 4.00 sec
┌ Warning: `svd` cotangents sensitive to gauge choice: (|Δgauge| = 0.06840314280565321)
└ @ TensorKitChainRulesCoreExt ~/.julia/packages/TensorKit/esxcj/ext/TensorKitChainRulesCoreExt/factorizations.jl:254
┌ Warning: `svd` cotangents sensitive to gauge choice: (|Δgauge| = 0.06840314280621237)
└ @ TensorKitChainRulesCoreExt ~/.julia/packages/TensorKit/esxcj/ext/TensorKitChainRulesCoreExt/factorizations.jl:254
[ Info: LBFGS: iter    9, time 1319.68 s: f = -2.050133956340, ‖∇f‖ = 5.8424e-04, α = 1.00e+00, m = 8, nfg = 1
[ Info: CTMRG init:	obj = +3.552944020761e+00	err = 1.0000e+00
[ Info: CTMRG conv 12:	obj = +3.552983928777e+00	err = 3.3161555055e-10	time = 8.57 sec
┌ Warning: `svd` cotangents sensitive to gauge choice: (|Δgauge| = 0.06811035608118675)
└ @ TensorKitChainRulesCoreExt ~/.julia/packages/TensorKit/esxcj/ext/TensorKitChainRulesCoreExt/factorizations.jl:254
┌ Warning: `svd` cotangents sensitive to gauge choice: (|Δgauge| = 0.06811035608503922)
└ @ TensorKitChainRulesCoreExt ~/.julia/packages/TensorKit/esxcj/ext/TensorKitChainRulesCoreExt/factorizations.jl:254
[ Info: LBFGS: iter   10, time 1340.20 s: f = -2.050134887721, ‖∇f‖ = 1.0085e-03, α = 1.00e+00, m = 8, nfg = 1
[ Info: CTMRG init:	obj = +3.553066297525e+00	err = 1.0000e+00
[ Info: CTMRG conv 11:	obj = +3.553070415996e+00	err = 4.8578769914e-10	time = 6.77 sec
┌ Warning: `svd` cotangents sensitive to gauge choice: (|Δgauge| = 0.06806598941295963)
└ @ TensorKitChainRulesCoreExt ~/.julia/packages/TensorKit/esxcj/ext/TensorKitChainRulesCoreExt/factorizations.jl:254
┌ Warning: `svd` cotangents sensitive to gauge choice: (|Δgauge| = 0.06806598941248496)
└ @ TensorKitChainRulesCoreExt ~/.julia/packages/TensorKit/esxcj/ext/TensorKitChainRulesCoreExt/factorizations.jl:254
[ Info: LBFGS: iter   11, time 1358.04 s: f = -2.050136018963, ‖∇f‖ = 3.2408e-04, α = 1.00e+00, m = 8, nfg = 1
[ Info: CTMRG init:	obj = +3.553072499290e+00	err = 1.0000e+00
[ Info: CTMRG conv 10:	obj = +3.553072766849e+00	err = 7.7593637516e-10	time = 6.60 sec
┌ Warning: `svd` cotangents sensitive to gauge choice: (|Δgauge| = 0.06808529690595626)
└ @ TensorKitChainRulesCoreExt ~/.julia/packages/TensorKit/esxcj/ext/TensorKitChainRulesCoreExt/factorizations.jl:254
┌ Warning: `svd` cotangents sensitive to gauge choice: (|Δgauge| = 3.4623457529033034e-12)
└ @ TensorKitChainRulesCoreExt ~/.julia/packages/TensorKit/esxcj/ext/TensorKitChainRulesCoreExt/factorizations.jl:254
┌ Warning: `svd` cotangents sensitive to gauge choice: (|Δgauge| = 0.06808529690489316)
└ @ TensorKitChainRulesCoreExt ~/.julia/packages/TensorKit/esxcj/ext/TensorKitChainRulesCoreExt/factorizations.jl:254
[ Info: LBFGS: iter   12, time 1374.84 s: f = -2.050136258643, ‖∇f‖ = 2.1683e-04, α = 1.00e+00, m = 8, nfg = 1
[ Info: CTMRG init:	obj = +3.553064645904e+00	err = 1.0000e+00
[ Info: CTMRG conv 10:	obj = +3.553064844935e+00	err = 5.6488700901e-10	time = 6.81 sec
┌ Warning: `svd` cotangents sensitive to gauge choice: (|Δgauge| = 0.06805570064639373)
└ @ TensorKitChainRulesCoreExt ~/.julia/packages/TensorKit/esxcj/ext/TensorKitChainRulesCoreExt/factorizations.jl:254
┌ Warning: `svd` cotangents sensitive to gauge choice: (|Δgauge| = 3.331411851920559e-12)
└ @ TensorKitChainRulesCoreExt ~/.julia/packages/TensorKit/esxcj/ext/TensorKitChainRulesCoreExt/factorizations.jl:254
┌ Warning: `svd` cotangents sensitive to gauge choice: (|Δgauge| = 0.06805570064717767)
└ @ TensorKitChainRulesCoreExt ~/.julia/packages/TensorKit/esxcj/ext/TensorKitChainRulesCoreExt/factorizations.jl:254
[ Info: LBFGS: iter   13, time 1392.96 s: f = -2.050136583287, ‖∇f‖ = 2.2346e-04, α = 1.00e+00, m = 8, nfg = 1
[ Info: CTMRG init:	obj = +3.553098433996e+00	err = 1.0000e+00
[ Info: CTMRG conv 11:	obj = +3.553103305986e+00	err = 4.9542253997e-10	time = 8.05 sec
┌ Warning: `svd` cotangents sensitive to gauge choice: (|Δgauge| = 0.06796170989386666)
└ @ TensorKitChainRulesCoreExt ~/.julia/packages/TensorKit/esxcj/ext/TensorKitChainRulesCoreExt/factorizations.jl:254
┌ Warning: `svd` cotangents sensitive to gauge choice: (|Δgauge| = 0.06796170989164504)
└ @ TensorKitChainRulesCoreExt ~/.julia/packages/TensorKit/esxcj/ext/TensorKitChainRulesCoreExt/factorizations.jl:254
[ Info: LBFGS: iter   14, time 1411.85 s: f = -2.050136942206, ‖∇f‖ = 4.7966e-04, α = 1.00e+00, m = 8, nfg = 1
[ Info: CTMRG init:	obj = +3.553067057436e+00	err = 1.0000e+00
[ Info: CTMRG conv 11:	obj = +3.553069485583e+00	err = 3.1491493600e-10	time = 10.55 sec
┌ Warning: `svd` cotangents sensitive to gauge choice: (|Δgauge| = 0.06787737398892908)
└ @ TensorKitChainRulesCoreExt ~/.julia/packages/TensorKit/esxcj/ext/TensorKitChainRulesCoreExt/factorizations.jl:254
┌ Warning: `svd` cotangents sensitive to gauge choice: (|Δgauge| = 0.06787737398772839)
└ @ TensorKitChainRulesCoreExt ~/.julia/packages/TensorKit/esxcj/ext/TensorKitChainRulesCoreExt/factorizations.jl:254
[ Info: LBFGS: iter   15, time 1435.50 s: f = -2.050137352871, ‖∇f‖ = 2.8511e-04, α = 1.00e+00, m = 8, nfg = 1
[ Info: CTMRG init:	obj = +3.553035067379e+00	err = 1.0000e+00
[ Info: CTMRG conv 11:	obj = +3.553041036197e+00	err = 4.0629727496e-10	time = 8.97 sec
┌ Warning: `svd` cotangents sensitive to gauge choice: (|Δgauge| = 0.06774940778468497)
└ @ TensorKitChainRulesCoreExt ~/.julia/packages/TensorKit/esxcj/ext/TensorKitChainRulesCoreExt/factorizations.jl:254
┌ Warning: `svd` cotangents sensitive to gauge choice: (|Δgauge| = 0.06774940778499694)
└ @ TensorKitChainRulesCoreExt ~/.julia/packages/TensorKit/esxcj/ext/TensorKitChainRulesCoreExt/factorizations.jl:254
[ Info: LBFGS: iter   16, time 1455.33 s: f = -2.050137754080, ‖∇f‖ = 2.0342e-04, α = 1.00e+00, m = 8, nfg = 1
[ Info: CTMRG init:	obj = +3.553027236786e+00	err = 1.0000e+00
[ Info: CTMRG conv 11:	obj = +3.553030264472e+00	err = 2.4211836937e-10	time = 9.92 sec
┌ Warning: `svd` cotangents sensitive to gauge choice: (|Δgauge| = 0.06767735047639012)
└ @ TensorKitChainRulesCoreExt ~/.julia/packages/TensorKit/esxcj/ext/TensorKitChainRulesCoreExt/factorizations.jl:254
┌ Warning: `svd` cotangents sensitive to gauge choice: (|Δgauge| = 0.0676773504733777)
└ @ TensorKitChainRulesCoreExt ~/.julia/packages/TensorKit/esxcj/ext/TensorKitChainRulesCoreExt/factorizations.jl:254
[ Info: LBFGS: iter   17, time 1474.81 s: f = -2.050138016017, ‖∇f‖ = 2.3129e-04, α = 1.00e+00, m = 8, nfg = 1
[ Info: CTMRG init:	obj = +3.553005440145e+00	err = 1.0000e+00
[ Info: CTMRG conv 11:	obj = +3.553018509059e+00	err = 2.8234374327e-10	time = 8.87 sec
┌ Warning: `svd` cotangents sensitive to gauge choice: (|Δgauge| = 0.06762379459660833)
└ @ TensorKitChainRulesCoreExt ~/.julia/packages/TensorKit/esxcj/ext/TensorKitChainRulesCoreExt/factorizations.jl:254
┌ Warning: `svd` cotangents sensitive to gauge choice: (|Δgauge| = 0.06762379459664397)
└ @ TensorKitChainRulesCoreExt ~/.julia/packages/TensorKit/esxcj/ext/TensorKitChainRulesCoreExt/factorizations.jl:254
[ Info: LBFGS: iter   18, time 1495.53 s: f = -2.050138423307, ‖∇f‖ = 4.4930e-04, α = 1.00e+00, m = 8, nfg = 1
[ Info: CTMRG init:	obj = +3.553016835532e+00	err = 1.0000e+00
[ Info: CTMRG conv 10:	obj = +3.553017973323e+00	err = 3.7010778235e-10	time = 7.94 sec
┌ Warning: `svd` cotangents sensitive to gauge choice: (|Δgauge| = 0.0676594922588904)
└ @ TensorKitChainRulesCoreExt ~/.julia/packages/TensorKit/esxcj/ext/TensorKitChainRulesCoreExt/factorizations.jl:254
┌ Warning: `svd` cotangents sensitive to gauge choice: (|Δgauge| = 0.06765949225804925)
└ @ TensorKitChainRulesCoreExt ~/.julia/packages/TensorKit/esxcj/ext/TensorKitChainRulesCoreExt/factorizations.jl:254
[ Info: LBFGS: iter   19, time 1515.07 s: f = -2.050138845943, ‖∇f‖ = 2.2914e-04, α = 1.00e+00, m = 8, nfg = 1
[ Info: CTMRG init:	obj = +3.553022484327e+00	err = 1.0000e+00
[ Info: CTMRG conv 9:	obj = +3.553022689018e+00	err = 5.8229738123e-10	time = 8.45 sec
┌ Warning: `svd` cotangents sensitive to gauge choice: (|Δgauge| = 0.0676954840237533)
└ @ TensorKitChainRulesCoreExt ~/.julia/packages/TensorKit/esxcj/ext/TensorKitChainRulesCoreExt/factorizations.jl:254
┌ Warning: `svd` cotangents sensitive to gauge choice: (|Δgauge| = 0.06769548402330845)
└ @ TensorKitChainRulesCoreExt ~/.julia/packages/TensorKit/esxcj/ext/TensorKitChainRulesCoreExt/factorizations.jl:254
[ Info: LBFGS: iter   20, time 1535.23 s: f = -2.050139096882, ‖∇f‖ = 1.6388e-04, α = 1.00e+00, m = 8, nfg = 1
[ Info: CTMRG init:	obj = +3.553032181481e+00	err = 1.0000e+00
[ Info: CTMRG conv 9:	obj = +3.553032415495e+00	err = 6.1649227249e-10	time = 6.64 sec
┌ Warning: `svd` cotangents sensitive to gauge choice: (|Δgauge| = 0.06773624284682471)
└ @ TensorKitChainRulesCoreExt ~/.julia/packages/TensorKit/esxcj/ext/TensorKitChainRulesCoreExt/factorizations.jl:254
┌ Warning: `svd` cotangents sensitive to gauge choice: (|Δgauge| = 2.8343112203703515e-12)
└ @ TensorKitChainRulesCoreExt ~/.julia/packages/TensorKit/esxcj/ext/TensorKitChainRulesCoreExt/factorizations.jl:254
┌ Warning: `svd` cotangents sensitive to gauge choice: (|Δgauge| = 0.06773624284885577)
└ @ TensorKitChainRulesCoreExt ~/.julia/packages/TensorKit/esxcj/ext/TensorKitChainRulesCoreExt/factorizations.jl:254
[ Info: LBFGS: iter   21, time 1552.00 s: f = -2.050139232002, ‖∇f‖ = 1.6413e-04, α = 1.00e+00, m = 8, nfg = 1
[ Info: CTMRG init:	obj = +3.553013419782e+00	err = 1.0000e+00
[ Info: CTMRG conv 10:	obj = +3.553014929086e+00	err = 2.0120869963e-10	time = 8.36 sec
┌ Warning: `svd` cotangents sensitive to gauge choice: (|Δgauge| = 0.06779151442005842)
└ @ TensorKitChainRulesCoreExt ~/.julia/packages/TensorKit/esxcj/ext/TensorKitChainRulesCoreExt/factorizations.jl:254
┌ Warning: `svd` cotangents sensitive to gauge choice: (|Δgauge| = 0.0677915144168589)
└ @ TensorKitChainRulesCoreExt ~/.julia/packages/TensorKit/esxcj/ext/TensorKitChainRulesCoreExt/factorizations.jl:254
[ Info: LBFGS: iter   22, time 1573.77 s: f = -2.050139294228, ‖∇f‖ = 2.7276e-04, α = 1.00e+00, m = 8, nfg = 1
[ Info: CTMRG init:	obj = +3.553029836915e+00	err = 1.0000e+00
[ Info: CTMRG conv 8:	obj = +3.553029881690e+00	err = 8.3698119621e-10	time = 8.33 sec
┌ Warning: `svd` cotangents sensitive to gauge choice: (|Δgauge| = 0.06778557764641938)
└ @ TensorKitChainRulesCoreExt ~/.julia/packages/TensorKit/esxcj/ext/TensorKitChainRulesCoreExt/factorizations.jl:254
┌ Warning: `svd` cotangents sensitive to gauge choice: (|Δgauge| = 2.6193247736183574e-11)
└ @ TensorKitChainRulesCoreExt ~/.julia/packages/TensorKit/esxcj/ext/TensorKitChainRulesCoreExt/factorizations.jl:254
┌ Warning: `svd` cotangents sensitive to gauge choice: (|Δgauge| = 0.06778557764475125)
└ @ TensorKitChainRulesCoreExt ~/.julia/packages/TensorKit/esxcj/ext/TensorKitChainRulesCoreExt/factorizations.jl:254
[ Info: LBFGS: converged after 23 iterations and time 1594.22 s: f = -2.050139386659, ‖∇f‖ = 8.6405e-05
