  Installing known registries into `~/.julia`
       Added `General` registry to ~/.julia/registries
    Updating registry at `~/.julia/registries/General.toml`
   Installed GPUArraysCore ─────────────── v0.2.0
   Installed TaskLocalValues ───────────── v0.1.2
   Installed IrrationalConstants ───────── v0.2.4
   Installed RealDot ───────────────────── v0.1.0
   Installed IRTools ───────────────────── v0.4.14
   Installed JLD2 ──────────────────────── v0.5.12
   Installed OhMyThreads ───────────────── v0.7.0
   Installed BlockTensorKit ────────────── v0.1.6
   Installed DiffRules ─────────────────── v1.15.1
   Installed Adapt ─────────────────────── v4.3.0
   Installed LRUCache ──────────────────── v1.6.2
   Installed PtrArrays ─────────────────── v1.3.0
   Installed IntegerMathUtils ──────────── v0.1.2
   Installed Accessors ─────────────────── v0.1.42
   Installed Preferences ───────────────── v1.4.3
   Installed TableTraits ───────────────── v1.0.1
   Installed LoggingExtras ─────────────── v1.0.3
   Installed OptimKit ──────────────────── v0.4.0
   Installed DiffResults ───────────────── v1.1.0
   Installed WignerSymbols ─────────────── v2.0.0
   Installed HashArrayMappedTries ──────── v0.2.0
   Installed Tables ────────────────────── v1.12.0
   Installed SpecialFunctions ──────────── v2.5.1
   Installed ChunkSplitters ────────────── v3.1.2
   Installed TensorKit ─────────────────── v0.14.5
   Installed Primes ────────────────────── v0.5.7
   Installed RecipesBase ───────────────── v1.3.4
   Installed DataAPI ───────────────────── v1.16.0
   Installed AbstractFFTs ──────────────── v1.5.0
   Installed StaticArrays ──────────────── v1.9.13
   Installed Zygote ────────────────────── v0.7.6
   Installed BlockArrays ───────────────── v1.6.1
   Installed MPSKit ────────────────────── v0.12.6
   Installed JLLWrappers ───────────────── v1.7.0
   Installed StaticArraysCore ──────────── v1.4.3
   Installed Richardson ────────────────── v1.4.2
   Installed FiniteDifferences ─────────── v0.12.32
   Installed IteratorInterfaceExtensions ─ v1.0.0
   Installed NaNMath ───────────────────── v1.1.3
   Installed PrecompileTools ───────────── v1.2.1
   Installed ConstructionBase ──────────── v1.5.8
   Installed StructArrays ──────────────── v0.7.1
   Installed OrderedCollections ────────── v1.8.0
   Installed RationalRoots ─────────────── v0.2.1
   Installed DataValueInterfaces ───────── v1.0.0
   Installed StableTasks ───────────────── v0.1.7
   Installed TensorKitSectors ──────────── v0.1.4
   Installed TranscodingStreams ────────── v0.11.3
   Installed ScopedValues ──────────────── v1.3.0
   Installed ChainRulesCore ────────────── v1.25.1
   Installed VectorInterface ───────────── v0.5.0
   Installed InitialValues ─────────────── v0.3.1
   Installed FileIO ────────────────────── v1.17.0
   Installed MPSKitModels ──────────────── v0.4.1
   Installed ForwardDiff ───────────────── v1.0.1
   Installed Statistics ────────────────── v1.11.1
   Installed FillArrays ────────────────── v1.13.0
   Installed ChainRules ────────────────── v1.72.3
   Installed Requires ──────────────────── v1.3.1
   Installed LogExpFunctions ───────────── v0.3.29
   Installed CommonSubexpressions ──────── v0.3.1
   Installed StridedViews ──────────────── v0.4.1
   Installed BangBang ──────────────────── v0.4.4
   Installed ZygoteRules ───────────────── v0.2.7
   Installed Strided ───────────────────── v2.3.0
   Installed HalfIntegers ──────────────── v1.6.0
   Installed PackageExtensionCompat ────── v1.0.2
   Installed MacroTools ────────────────── v0.5.15
   Installed TensorKitManifolds ────────── v0.7.2
   Installed OpenSpecFun_jll ───────────── v0.5.6+0
   Installed Compat ────────────────────── v4.16.0
   Installed CompositionsBase ──────────── v0.1.2
   Installed SparseInverseSubset ───────── v0.1.2
   Installed PEPSKit ───────────────────── v0.5.0
   Installed TupleTools ────────────────── v1.6.0
   Installed InverseFunctions ──────────── v0.1.17
   Installed TensorOperations ──────────── v5.2.0
   Installed DocStringExtensions ───────── v0.9.4
   Installed KrylovKit ─────────────────── v0.9.5
   Installed ArrayLayouts ──────────────── v1.11.1
    Updating `/var/lib/condor/execute/dir_1544870/Project.toml`
  [d360d2e6] + ChainRulesCore v1.25.1
  [033835bb] + JLD2 v0.5.12
  [0b1a1467] + KrylovKit v0.9.5
  [bb1c41ca] + MPSKit v0.12.6
  [ca635005] + MPSKitModels v0.4.1
  [77e91f04] + OptimKit v0.4.0
  [52969e89] + PEPSKit v0.5.0
  [07d1fe3e] + TensorKit v0.14.5
  [409d34a3] + VectorInterface v0.5.0
  [e88e6eb3] + Zygote v0.7.6
  [37e2e46d] ~ LinearAlgebra ⇒ v1.11.0
    Updating `/var/lib/condor/execute/dir_1544870/Manifest.toml`
  [621f4979] + AbstractFFTs v1.5.0
  [7d9f7c33] + Accessors v0.1.42
  [79e6a3ab] + Adapt v4.3.0
  [4c555306] + ArrayLayouts v1.11.1
  [198e06fe] + BangBang v0.4.4
  [8e7c35d0] + BlockArrays v1.6.1
  [5f87ffc2] + BlockTensorKit v0.1.6
  [082447d4] + ChainRules v1.72.3
  [d360d2e6] + ChainRulesCore v1.25.1
  [ae650224] + ChunkSplitters v3.1.2
  [bbf7d656] + CommonSubexpressions v0.3.1
  [34da2185] + Compat v4.16.0
  [a33af91c] + CompositionsBase v0.1.2
  [187b0558] + ConstructionBase v1.5.8
  [9a962f9c] + DataAPI v1.16.0
  [e2d170a0] + DataValueInterfaces v1.0.0
  [163ba53b] + DiffResults v1.1.0
  [b552c78f] + DiffRules v1.15.1
  [ffbed154] + DocStringExtensions v0.9.4
  [5789e2e9] + FileIO v1.17.0
  [1a297f60] + FillArrays v1.13.0
  [26cc04aa] + FiniteDifferences v0.12.32
  [f6369f11] + ForwardDiff v1.0.1
  [46192b85] + GPUArraysCore v0.2.0
  [f0d1745a] + HalfIntegers v1.6.0
  [076d061b] + HashArrayMappedTries v0.2.0
  [7869d1d1] + IRTools v0.4.14
  [22cec73e] + InitialValues v0.3.1
  [18e54dd8] + IntegerMathUtils v0.1.2
  [3587e190] + InverseFunctions v0.1.17
  [92d709cd] + IrrationalConstants v0.2.4
  [82899510] + IteratorInterfaceExtensions v1.0.0
  [033835bb] + JLD2 v0.5.12
  [692b3bcd] + JLLWrappers v1.7.0
  [0b1a1467] + KrylovKit v0.9.5
  [8ac3fa9e] + LRUCache v1.6.2
  [2ab3a3ac] + LogExpFunctions v0.3.29
⌅ [e6f89c97] + LoggingExtras v1.0.3
  [bb1c41ca] + MPSKit v0.12.6
  [ca635005] + MPSKitModels v0.4.1
  [1914dd2f] + MacroTools v0.5.15
  [77ba4419] + NaNMath v1.1.3
⌅ [67456a42] + OhMyThreads v0.7.0
  [77e91f04] + OptimKit v0.4.0
  [bac558e1] + OrderedCollections v1.8.0
  [52969e89] + PEPSKit v0.5.0
  [65ce6f38] + PackageExtensionCompat v1.0.2
⌅ [aea7be01] + PrecompileTools v1.2.1
  [21216c6a] + Preferences v1.4.3
  [27ebfcd6] + Primes v0.5.7
  [43287f4e] + PtrArrays v1.3.0
  [308eb6b3] + RationalRoots v0.2.1
  [c1ae055f] + RealDot v0.1.0
  [3cdcf5f2] + RecipesBase v1.3.4
  [ae029012] + Requires v1.3.1
  [708f8203] + Richardson v1.4.2
  [7e506255] + ScopedValues v1.3.0
  [dc90abb0] + SparseInverseSubset v0.1.2
  [276daf66] + SpecialFunctions v2.5.1
  [91464d47] + StableTasks v0.1.7
  [90137ffa] + StaticArrays v1.9.13
  [1e83bf80] + StaticArraysCore v1.4.3
  [10745b16] + Statistics v1.11.1
  [5e0ebb24] + Strided v2.3.0
  [4db3bf67] + StridedViews v0.4.1
  [09ab397b] + StructArrays v0.7.1
  [3783bdb8] + TableTraits v1.0.1
  [bd369af6] + Tables v1.12.0
  [ed4db957] + TaskLocalValues v0.1.2
  [07d1fe3e] + TensorKit v0.14.5
  [11fa318c] + TensorKitManifolds v0.7.2
  [13a9c161] + TensorKitSectors v0.1.4
  [6aa20fa7] + TensorOperations v5.2.0
  [3bb67fe8] + TranscodingStreams v0.11.3
  [9d95972d] + TupleTools v1.6.0
  [409d34a3] + VectorInterface v0.5.0
  [9f57e263] + WignerSymbols v2.0.0
  [e88e6eb3] + Zygote v0.7.6
  [700de1a5] + ZygoteRules v0.2.7
  [efe28fd5] + OpenSpecFun_jll v0.5.6+0
  [0dad84c5] + ArgTools v1.1.2
  [56f22d72] + Artifacts v1.11.0
  [2a0f44e3] + Base64 v1.11.0
  [ade2ca70] + Dates v1.11.0
  [8ba89e20] + Distributed v1.11.0
  [f43a241f] + Downloads v1.6.0
  [7b1f6079] + FileWatching v1.11.0
  [b77e0a4c] + InteractiveUtils v1.11.0
  [b27032c2] + LibCURL v0.6.4
  [76f85450] + LibGit2 v1.11.0
  [8f399da3] + Libdl v1.11.0
  [37e2e46d] + LinearAlgebra v1.11.0
  [56ddb016] + Logging v1.11.0
  [d6f4376e] + Markdown v1.11.0
  [a63ad114] + Mmap v1.11.0
  [ca575930] + NetworkOptions v1.2.0
  [44cfe95a] + Pkg v1.11.0
  [de0858da] + Printf v1.11.0
  [9a3f8284] + Random v1.11.0
  [ea8e919c] + SHA v0.7.0
  [9e88b42a] + Serialization v1.11.0
  [6462fe0b] + Sockets v1.11.0
  [2f01184e] + SparseArrays v1.11.0
  [4607b0f0] + SuiteSparse
  [fa267f1f] + TOML v1.0.3
  [a4e569a6] + Tar v1.10.0
  [cf7118a7] + UUIDs v1.11.0
  [4ec0a83e] + Unicode v1.11.0
  [e66e0078] + CompilerSupportLibraries_jll v1.1.1+0
  [deac9b47] + LibCURL_jll v8.6.0+0
  [e37daf67] + LibGit2_jll v1.7.2+0
  [29816b5a] + LibSSH2_jll v1.11.0+1
  [c8ffd9c3] + MbedTLS_jll v2.28.6+0
  [14a3606d] + MozillaCACerts_jll v2023.12.12
  [4536629a] + OpenBLAS_jll v0.3.27+1
  [05823500] + OpenLibm_jll v0.8.1+2
  [bea87d4a] + SuiteSparse_jll v7.7.0+0
  [83775a58] + Zlib_jll v1.2.13+1
  [8e850b90] + libblastrampoline_jll v5.11.0+0
  [8e850ede] + nghttp2_jll v1.59.0+0
  [3f19e933] + p7zip_jll v17.4.0+2
        Info Packages marked with ⌅ have new versions available but compatibility constraints restrict them from upgrading. To see why use `status --outdated -m`
Precompiling project...
    425.3 ms  ✓ DataValueInterfaces
    499.5 ms  ✓ TaskLocalValues
    479.4 ms  ✓ Richardson
    508.6 ms  ✓ RealDot
    515.9 ms  ✓ IntegerMathUtils
    543.9 ms  ✓ HalfIntegers
    533.3 ms  ✓ InverseFunctions
    559.1 ms  ✓ LRUCache
    594.9 ms  ✓ StableTasks
    644.8 ms  ✓ DocStringExtensions
    680.1 ms  ✓ OrderedCollections
    642.9 ms  ✓ Statistics
    672.6 ms  ✓ VectorInterface
    725.5 ms  ✓ AbstractFFTs
    401.0 ms  ✓ IteratorInterfaceExtensions
    415.5 ms  ✓ PackageExtensionCompat
    462.4 ms  ✓ DataAPI
    410.0 ms  ✓ PtrArrays
    453.1 ms  ✓ CompositionsBase
    589.6 ms  ✓ ConstructionBase
    442.4 ms  ✓ RationalRoots
    574.8 ms  ✓ ChunkSplitters
    670.3 ms  ✓ HashArrayMappedTries
    724.6 ms  ✓ TupleTools
   1405.2 ms  ✓ FillArrays
    727.9 ms  ✓ StaticArraysCore
    704.7 ms  ✓ TranscodingStreams
   1378.0 ms  ✓ IrrationalConstants
    564.2 ms  ✓ NaNMath
    594.5 ms  ✓ Requires
    955.3 ms  ✓ InitialValues
    629.1 ms  ✓ LoggingExtras
    693.6 ms  ✓ Compat
    754.4 ms  ✓ SuiteSparse
    664.4 ms  ✓ Primes
    789.5 ms  ✓ Preferences
    435.0 ms  ✓ TableTraits
    456.4 ms  ✓ ScopedValues
    473.0 ms  ✓ LRUCache → SerializationExt
    746.3 ms  ✓ InverseFunctions → InverseFunctionsDatesExt
    487.1 ms  ✓ ConstructionBase → ConstructionBaseLinearAlgebraExt
    540.1 ms  ✓ FillArrays → FillArraysStatisticsExt
    747.8 ms  ✓ Statistics → SparseArraysExt
    610.3 ms  ✓ StridedViews
    532.8 ms  ✓ DiffResults
    537.9 ms  ✓ CompositionsBase → CompositionsBaseInverseFunctionsExt
    827.2 ms  ✓ FillArrays → FillArraysSparseArraysExt
    604.4 ms  ✓ Adapt
    582.7 ms  ✓ Compat → CompatLinearAlgebraExt
    552.0 ms  ✓ PrecompileTools
    671.3 ms  ✓ SparseInverseSubset
    560.7 ms  ✓ JLLWrappers
    898.4 ms  ✓ LogExpFunctions
    500.0 ms  ✓ StridedViews → StridedViewsPtrArraysExt
    540.7 ms  ✓ GPUArraysCore
    708.0 ms  ✓ Strided
    631.9 ms  ✓ Adapt → AdaptSparseArraysExt
   1708.2 ms  ✓ KrylovKit
    991.4 ms  ✓ Tables
   2645.6 ms  ✓ MacroTools
    493.1 ms  ✓ LogExpFunctions → LogExpFunctionsInverseFunctionsExt
    658.2 ms  ✓ OpenSpecFun_jll
   1315.7 ms  ✓ OptimKit
    536.9 ms  ✓ CommonSubexpressions
   1421.0 ms  ✓ ChainRulesCore
    902.6 ms  ✓ StructArrays
   2167.8 ms  ✓ RecipesBase
   1012.6 ms  ✓ AbstractFFTs → AbstractFFTsChainRulesCoreExt
   3016.2 ms  ✓ WignerSymbols
    875.5 ms  ✓ StructArrays → StructArraysAdaptExt
   1108.6 ms  ✓ KrylovKit → KrylovKitChainRulesCoreExt
   1270.8 ms  ✓ ChainRulesCore → ChainRulesCoreSparseArraysExt
   1447.5 ms  ✓ ZygoteRules
   2290.8 ms  ✓ IRTools
   1409.7 ms  ✓ StructArrays → StructArraysSparseArraysExt
    756.2 ms  ✓ StructArrays → StructArraysLinearAlgebraExt
   2797.7 ms  ✓ Accessors
   2195.5 ms  ✓ LogExpFunctions → LogExpFunctionsChainRulesCoreExt
   4595.4 ms  ✓ FileIO
    563.4 ms  ✓ Accessors → StructArraysExt
    599.1 ms  ✓ Accessors → LinearAlgebraExt
   3722.1 ms  ✓ SpecialFunctions
    871.1 ms  ✓ BangBang
    800.7 ms  ✓ DiffRules
    602.6 ms  ✓ BangBang → BangBangTablesExt
    626.8 ms  ✓ BangBang → BangBangChainRulesCoreExt
    682.2 ms  ✓ BangBang → BangBangStructArraysExt
   1059.9 ms  ✓ OhMyThreads
   1820.5 ms  ✓ SpecialFunctions → SpecialFunctionsChainRulesCoreExt
   7688.6 ms  ✓ StaticArrays
    674.1 ms  ✓ Adapt → AdaptStaticArraysExt
    760.5 ms  ✓ StaticArrays → StaticArraysStatisticsExt
    769.3 ms  ✓ BangBang → BangBangStaticArraysExt
    771.2 ms  ✓ Accessors → StaticArraysExt
    777.9 ms  ✓ StaticArrays → StaticArraysChainRulesCoreExt
    777.2 ms  ✓ ConstructionBase → ConstructionBaseStaticArraysExt
    808.6 ms  ✓ StructArrays → StructArraysStaticArraysExt
   3619.6 ms  ✓ ForwardDiff
   6175.5 ms  ✓ ChainRules
   1212.8 ms  ✓ FiniteDifferences
    849.0 ms  ✓ ForwardDiff → ForwardDiffStaticArraysExt
  13659.4 ms  ✓ ArrayLayouts
    806.9 ms  ✓ ArrayLayouts → ArrayLayoutsSparseArraysExt
   1625.9 ms  ✓ BlockArrays
    757.4 ms  ✓ BlockArrays → BlockArraysAdaptExt
  32720.1 ms  ✓ JLD2
  28475.6 ms  ✓ Zygote
 115336.9 ms  ✓ TensorOperations
   1386.2 ms  ✓ TensorOperations → TensorOperationsChainRulesCoreExt
   6086.9 ms  ✓ TensorKitSectors
   8019.8 ms  ✓ TensorKit
   2028.4 ms  ✓ TensorKitManifolds
   2223.9 ms  ✓ TensorKit → TensorKitFiniteDifferencesExt
   2292.4 ms  ✓ TensorKit → TensorKitChainRulesCoreExt
   2942.2 ms  ✓ BlockTensorKit
  13912.3 ms  ✓ MPSKit
  12302.0 ms  ✓ MPSKitModels
  15192.3 ms  ✓ PEPSKit
  118 dependencies successfully precompiled in 177 seconds. 31 already precompiled.
[ Info: CTMRG init:	obj = +9.577492035645e+00	err = 1.0000e+00
[ Info: CTMRG conv 4:	obj = +9.577492035645e+00	err = 1.5474076968e-10	time = 1.62 min
┌ Warning: `svd` cotangents sensitive to gauge choice: (|Δgauge| = 0.4363339205745138)
└ @ TensorKitChainRulesCoreExt ~/.julia/packages/TensorKit/esxcj/ext/TensorKitChainRulesCoreExt/factorizations.jl:254
┌ Warning: `svd` cotangents sensitive to gauge choice: (|Δgauge| = 2.9117728290970934e-7)
└ @ TensorKitChainRulesCoreExt ~/.julia/packages/TensorKit/esxcj/ext/TensorKitChainRulesCoreExt/factorizations.jl:254
┌ Warning: `svd` cotangents sensitive to gauge choice: (|Δgauge| = 0.43633370739542326)
└ @ TensorKitChainRulesCoreExt ~/.julia/packages/TensorKit/esxcj/ext/TensorKitChainRulesCoreExt/factorizations.jl:254
[ Info: LBFGS: initializing with f = -2.301495514231, ‖∇f‖ = 8.5759e-04
[ Info: CTMRG init:	obj = +9.572826451865e+00	err = 1.0000e+00
[ Info: CTMRG conv 7:	obj = +9.572829685786e+00	err = 4.2712144674e-10	time = 5.31 sec
┌ Warning: `svd` cotangents sensitive to gauge choice: (|Δgauge| = 0.43679159533470957)
└ @ TensorKitChainRulesCoreExt ~/.julia/packages/TensorKit/esxcj/ext/TensorKitChainRulesCoreExt/factorizations.jl:254
┌ Warning: `svd` cotangents sensitive to gauge choice: (|Δgauge| = 4.137492789629047e-11)
└ @ TensorKitChainRulesCoreExt ~/.julia/packages/TensorKit/esxcj/ext/TensorKitChainRulesCoreExt/factorizations.jl:254
┌ Warning: `svd` cotangents sensitive to gauge choice: (|Δgauge| = 0.43679159688644636)
└ @ TensorKitChainRulesCoreExt ~/.julia/packages/TensorKit/esxcj/ext/TensorKitChainRulesCoreExt/factorizations.jl:254
[ Info: LBFGS: iter    1, time 1330.84 s: f = -2.301499662596, ‖∇f‖ = 1.4778e-03, α = 1.00e+00, m = 0, nfg = 1
[ Info: CTMRG init:	obj = +9.567694109291e+00	err = 1.0000e+00
[ Info: CTMRG conv 7:	obj = +9.567694774445e+00	err = 3.2834102306e-10	time = 2.56 sec
┌ Warning: `svd` cotangents sensitive to gauge choice: (|Δgauge| = 0.43684118743550326)
└ @ TensorKitChainRulesCoreExt ~/.julia/packages/TensorKit/esxcj/ext/TensorKitChainRulesCoreExt/factorizations.jl:254
┌ Warning: `svd` cotangents sensitive to gauge choice: (|Δgauge| = 4.294116927298139e-11)
└ @ TensorKitChainRulesCoreExt ~/.julia/packages/TensorKit/esxcj/ext/TensorKitChainRulesCoreExt/factorizations.jl:254
┌ Warning: `svd` cotangents sensitive to gauge choice: (|Δgauge| = 0.4368411882220662)
└ @ TensorKitChainRulesCoreExt ~/.julia/packages/TensorKit/esxcj/ext/TensorKitChainRulesCoreExt/factorizations.jl:254
[ Info: LBFGS: iter    2, time 1338.57 s: f = -2.301505275076, ‖∇f‖ = 1.2216e-03, α = 1.00e+00, m = 1, nfg = 1
[ Info: CTMRG init:	obj = +9.524692469320e+00	err = 1.0000e+00
[ Info: CTMRG conv 8:	obj = +9.524752001345e+00	err = 3.7824518565e-10	time = 2.71 sec
┌ Warning: `svd` cotangents sensitive to gauge choice: (|Δgauge| = 0.43809097883204523)
└ @ TensorKitChainRulesCoreExt ~/.julia/packages/TensorKit/esxcj/ext/TensorKitChainRulesCoreExt/factorizations.jl:254
┌ Warning: `svd` cotangents sensitive to gauge choice: (|Δgauge| = 2.8562363446780377e-12)
└ @ TensorKitChainRulesCoreExt ~/.julia/packages/TensorKit/esxcj/ext/TensorKitChainRulesCoreExt/factorizations.jl:254
┌ Warning: `svd` cotangents sensitive to gauge choice: (|Δgauge| = 0.4380909803522164)
└ @ TensorKitChainRulesCoreExt ~/.julia/packages/TensorKit/esxcj/ext/TensorKitChainRulesCoreExt/factorizations.jl:254
[ Info: LBFGS: iter    3, time 1347.05 s: f = -2.301511756338, ‖∇f‖ = 2.8010e-03, α = 1.00e+00, m = 2, nfg = 1
[ Info: CTMRG init:	obj = +9.531304838108e+00	err = 1.0000e+00
[ Info: CTMRG conv 8:	obj = +9.531332090649e+00	err = 5.4823364820e-10	time = 2.56 sec
┌ Warning: `svd` cotangents sensitive to gauge choice: (|Δgauge| = 0.4374978186604631)
└ @ TensorKitChainRulesCoreExt ~/.julia/packages/TensorKit/esxcj/ext/TensorKitChainRulesCoreExt/factorizations.jl:254
┌ Warning: `svd` cotangents sensitive to gauge choice: (|Δgauge| = 2.9242385091780516e-12)
└ @ TensorKitChainRulesCoreExt ~/.julia/packages/TensorKit/esxcj/ext/TensorKitChainRulesCoreExt/factorizations.jl:254
┌ Warning: `svd` cotangents sensitive to gauge choice: (|Δgauge| = 0.4374978200723021)
└ @ TensorKitChainRulesCoreExt ~/.julia/packages/TensorKit/esxcj/ext/TensorKitChainRulesCoreExt/factorizations.jl:254
[ Info: LBFGS: iter    4, time 1353.91 s: f = -2.301519916048, ‖∇f‖ = 1.5439e-03, α = 1.00e+00, m = 3, nfg = 1
[ Info: CTMRG init:	obj = +9.536371888415e+00	err = 1.0000e+00
[ Info: CTMRG conv 7:	obj = +9.536375804332e+00	err = 7.0900025297e-10	time = 1.98 sec
┌ Warning: `svd` cotangents sensitive to gauge choice: (|Δgauge| = 0.4375936489736494)
└ @ TensorKitChainRulesCoreExt ~/.julia/packages/TensorKit/esxcj/ext/TensorKitChainRulesCoreExt/factorizations.jl:254
┌ Warning: `svd` cotangents sensitive to gauge choice: (|Δgauge| = 5.309618321764259e-11)
└ @ TensorKitChainRulesCoreExt ~/.julia/packages/TensorKit/esxcj/ext/TensorKitChainRulesCoreExt/factorizations.jl:254
┌ Warning: `svd` cotangents sensitive to gauge choice: (|Δgauge| = 0.43759364888491853)
└ @ TensorKitChainRulesCoreExt ~/.julia/packages/TensorKit/esxcj/ext/TensorKitChainRulesCoreExt/factorizations.jl:254
[ Info: LBFGS: iter    5, time 1359.88 s: f = -2.301522482983, ‖∇f‖ = 4.3568e-04, α = 1.00e+00, m = 4, nfg = 1
[ Info: CTMRG init:	obj = +9.536223173782e+00	err = 1.0000e+00
[ Info: CTMRG conv 7:	obj = +9.536223224271e+00	err = 4.2561879067e-10	time = 3.78 sec
┌ Warning: `svd` cotangents sensitive to gauge choice: (|Δgauge| = 0.4376599061611418)
└ @ TensorKitChainRulesCoreExt ~/.julia/packages/TensorKit/esxcj/ext/TensorKitChainRulesCoreExt/factorizations.jl:254
┌ Warning: `svd` cotangents sensitive to gauge choice: (|Δgauge| = 5.326511509144283e-11)
└ @ TensorKitChainRulesCoreExt ~/.julia/packages/TensorKit/esxcj/ext/TensorKitChainRulesCoreExt/factorizations.jl:254
┌ Warning: `svd` cotangents sensitive to gauge choice: (|Δgauge| = 0.43765990875517696)
└ @ TensorKitChainRulesCoreExt ~/.julia/packages/TensorKit/esxcj/ext/TensorKitChainRulesCoreExt/factorizations.jl:254
[ Info: CTMRG init:	obj = +9.535603652067e+00	err = 1.0000e+00
[ Info: CTMRG conv 7:	obj = +9.535604914471e+00	err = 3.1863541560e-10	time = 2.34 sec
┌ Warning: `svd` cotangents sensitive to gauge choice: (|Δgauge| = 0.43792487326998836)
└ @ TensorKitChainRulesCoreExt ~/.julia/packages/TensorKit/esxcj/ext/TensorKitChainRulesCoreExt/factorizations.jl:254
┌ Warning: `svd` cotangents sensitive to gauge choice: (|Δgauge| = 5.400548079114246e-11)
└ @ TensorKitChainRulesCoreExt ~/.julia/packages/TensorKit/esxcj/ext/TensorKitChainRulesCoreExt/factorizations.jl:254
┌ Warning: `svd` cotangents sensitive to gauge choice: (|Δgauge| = 0.4379248731540548)
└ @ TensorKitChainRulesCoreExt ~/.julia/packages/TensorKit/esxcj/ext/TensorKitChainRulesCoreExt/factorizations.jl:254
[ Info: CTMRG init:	obj = +9.532290118108e+00	err = 1.0000e+00
[ Info: CTMRG conv 12:	obj = +9.532321701084e+00	err = 9.3931389288e-10	time = 3.99 sec
┌ Warning: `svd` cotangents sensitive to gauge choice: (|Δgauge| = 0.43924823055880335)
└ @ TensorKitChainRulesCoreExt ~/.julia/packages/TensorKit/esxcj/ext/TensorKitChainRulesCoreExt/factorizations.jl:254
┌ Warning: `svd` cotangents sensitive to gauge choice: (|Δgauge| = 0.4392482307016811)
└ @ TensorKitChainRulesCoreExt ~/.julia/packages/TensorKit/esxcj/ext/TensorKitChainRulesCoreExt/factorizations.jl:254
[ Info: CTMRG init:	obj = +9.533837796615e+00	err = 1.0000e+00
[ Info: CTMRG conv 8:	obj = +9.533850611920e+00	err = 9.6415670763e-10	time = 2.66 sec
┌ Warning: `svd` cotangents sensitive to gauge choice: (|Δgauge| = 0.4386482329103687)
└ @ TensorKitChainRulesCoreExt ~/.julia/packages/TensorKit/esxcj/ext/TensorKitChainRulesCoreExt/factorizations.jl:254
┌ Warning: `svd` cotangents sensitive to gauge choice: (|Δgauge| = 2.963392676423786e-12)
└ @ TensorKitChainRulesCoreExt ~/.julia/packages/TensorKit/esxcj/ext/TensorKitChainRulesCoreExt/factorizations.jl:254
┌ Warning: `svd` cotangents sensitive to gauge choice: (|Δgauge| = 0.4386482344088568)
└ @ TensorKitChainRulesCoreExt ~/.julia/packages/TensorKit/esxcj/ext/TensorKitChainRulesCoreExt/factorizations.jl:254
[ Info: LBFGS: iter    6, time 1393.20 s: f = -2.301527222765, ‖∇f‖ = 1.9377e-03, α = 1.59e+01, m = 5, nfg = 4
[ Info: CTMRG init:	obj = +9.532060893785e+00	err = 1.0000e+00
[ Info: CTMRG conv 7:	obj = +9.532066220644e+00	err = 3.5078012902e-10	time = 2.07 sec
┌ Warning: `svd` cotangents sensitive to gauge choice: (|Δgauge| = 0.4392298213526122)
└ @ TensorKitChainRulesCoreExt ~/.julia/packages/TensorKit/esxcj/ext/TensorKitChainRulesCoreExt/factorizations.jl:254
┌ Warning: `svd` cotangents sensitive to gauge choice: (|Δgauge| = 5.98730499793797e-11)
└ @ TensorKitChainRulesCoreExt ~/.julia/packages/TensorKit/esxcj/ext/TensorKitChainRulesCoreExt/factorizations.jl:254
┌ Warning: `svd` cotangents sensitive to gauge choice: (|Δgauge| = 0.4392298212921789)
└ @ TensorKitChainRulesCoreExt ~/.julia/packages/TensorKit/esxcj/ext/TensorKitChainRulesCoreExt/factorizations.jl:254
[ Info: LBFGS: iter    7, time 1399.37 s: f = -2.301534234928, ‖∇f‖ = 1.6817e-03, α = 1.00e+00, m = 6, nfg = 1
[ Info: CTMRG init:	obj = +9.509011265197e+00	err = 1.0000e+00
[ Info: CTMRG conv 21:	obj = +9.509446228943e+00	err = 8.1943187952e-10	time = 9.27 sec
┌ Warning: `svd` cotangents sensitive to gauge choice: (|Δgauge| = 0.4449066606684634)
└ @ TensorKitChainRulesCoreExt ~/.julia/packages/TensorKit/esxcj/ext/TensorKitChainRulesCoreExt/factorizations.jl:254
┌ Warning: `svd` cotangents sensitive to gauge choice: (|Δgauge| = 0.4449066606753294)
└ @ TensorKitChainRulesCoreExt ~/.julia/packages/TensorKit/esxcj/ext/TensorKitChainRulesCoreExt/factorizations.jl:254
[ Info: LBFGS: iter    8, time 1415.36 s: f = -2.301565759581, ‖∇f‖ = 1.4428e-03, α = 1.00e+00, m = 7, nfg = 1
[ Info: CTMRG init:	obj = +9.504056553378e+00	err = 1.0000e+00
[ Info: CTMRG conv 9:	obj = +9.504166117952e+00	err = 8.9962196244e-10	time = 3.23 sec
┌ Warning: `svd` cotangents sensitive to gauge choice: (|Δgauge| = 0.44540807308281516)
└ @ TensorKitChainRulesCoreExt ~/.julia/packages/TensorKit/esxcj/ext/TensorKitChainRulesCoreExt/factorizations.jl:254
┌ Warning: `svd` cotangents sensitive to gauge choice: (|Δgauge| = 0.44540807284812883)
└ @ TensorKitChainRulesCoreExt ~/.julia/packages/TensorKit/esxcj/ext/TensorKitChainRulesCoreExt/factorizations.jl:254
[ Info: LBFGS: iter    9, time 1424.01 s: f = -2.301580363679, ‖∇f‖ = 2.1534e-03, α = 1.00e+00, m = 8, nfg = 1
[ Info: CTMRG init:	obj = +9.499823376807e+00	err = 1.0000e+00
[ Info: CTMRG conv 8:	obj = +9.499881766843e+00	err = 5.6421663599e-10	time = 2.81 sec
┌ Warning: `svd` cotangents sensitive to gauge choice: (|Δgauge| = 0.4461262357118211)
└ @ TensorKitChainRulesCoreExt ~/.julia/packages/TensorKit/esxcj/ext/TensorKitChainRulesCoreExt/factorizations.jl:254
┌ Warning: `svd` cotangents sensitive to gauge choice: (|Δgauge| = 1.0598034644204964e-11)
└ @ TensorKitChainRulesCoreExt ~/.julia/packages/TensorKit/esxcj/ext/TensorKitChainRulesCoreExt/factorizations.jl:254
┌ Warning: `svd` cotangents sensitive to gauge choice: (|Δgauge| = 0.44612623529057793)
└ @ TensorKitChainRulesCoreExt ~/.julia/packages/TensorKit/esxcj/ext/TensorKitChainRulesCoreExt/factorizations.jl:254
[ Info: CTMRG init:	obj = +9.468779106265e+00	err = 1.0000e+00
[ Info: CTMRG conv 20:	obj = +9.470274514807e+00	err = 8.9652959922e-10	time = 7.54 sec
┌ Warning: `svd` cotangents sensitive to gauge choice: (|Δgauge| = 0.4490349038620761)
└ @ TensorKitChainRulesCoreExt ~/.julia/packages/TensorKit/esxcj/ext/TensorKitChainRulesCoreExt/factorizations.jl:254
┌ Warning: `svd` cotangents sensitive to gauge choice: (|Δgauge| = 0.4490349046952187)
└ @ TensorKitChainRulesCoreExt ~/.julia/packages/TensorKit/esxcj/ext/TensorKitChainRulesCoreExt/factorizations.jl:254
[ Info: CTMRG init:	obj = +8.993670210762e+00	err = 1.0000e+00
[ Info: CTMRG conv 11:	obj = +9.037132460402e+00	err = 4.7295297180e-10	time = 5.06 sec
┌ Warning: `svd` cotangents sensitive to gauge choice: (|Δgauge| = 0.4643110669112313)
└ @ TensorKitChainRulesCoreExt ~/.julia/packages/TensorKit/esxcj/ext/TensorKitChainRulesCoreExt/factorizations.jl:254
┌ Warning: `svd` cotangents sensitive to gauge choice: (|Δgauge| = 0.46431106891304413)
└ @ TensorKitChainRulesCoreExt ~/.julia/packages/TensorKit/esxcj/ext/TensorKitChainRulesCoreExt/factorizations.jl:254
[ Info: CTMRG init:	obj = +9.423570793142e+00	err = 1.0000e+00
[ Info: CTMRG conv 17:	obj = +9.428005519569e+00	err = 9.9366089149e-10	time = 9.27 sec
┌ Warning: `svd` cotangents sensitive to gauge choice: (|Δgauge| = 0.4516390217800928)
└ @ TensorKitChainRulesCoreExt ~/.julia/packages/TensorKit/esxcj/ext/TensorKitChainRulesCoreExt/factorizations.jl:254
┌ Warning: `svd` cotangents sensitive to gauge choice: (|Δgauge| = 0.45163902092277985)
└ @ TensorKitChainRulesCoreExt ~/.julia/packages/TensorKit/esxcj/ext/TensorKitChainRulesCoreExt/factorizations.jl:254
[ Info: LBFGS: iter   10, time 1470.72 s: f = -2.301667959253, ‖∇f‖ = 2.3912e-03, α = 8.51e+00, m = 8, nfg = 4
[ Info: CTMRG init:	obj = +9.237782939522e+00	err = 1.0000e+00
[ Info: CTMRG conv 10:	obj = +9.239620469390e+00	err = 8.6937308196e-10	time = 4.07 sec
┌ Warning: `svd` cotangents sensitive to gauge choice: (|Δgauge| = 0.4591212114502651)
└ @ TensorKitChainRulesCoreExt ~/.julia/packages/TensorKit/esxcj/ext/TensorKitChainRulesCoreExt/factorizations.jl:254
┌ Warning: `svd` cotangents sensitive to gauge choice: (|Δgauge| = 2.683205568595841e-12)
└ @ TensorKitChainRulesCoreExt ~/.julia/packages/TensorKit/esxcj/ext/TensorKitChainRulesCoreExt/factorizations.jl:254
┌ Warning: `svd` cotangents sensitive to gauge choice: (|Δgauge| = 0.4591212112420716)
└ @ TensorKitChainRulesCoreExt ~/.julia/packages/TensorKit/esxcj/ext/TensorKitChainRulesCoreExt/factorizations.jl:254
[ Info: CTMRG init:	obj = +9.399704158584e+00	err = 1.0000e+00
[ Info: CTMRG conv 13:	obj = +9.399757737903e+00	err = 5.7064883436e-10	time = 5.52 sec
┌ Warning: `svd` cotangents sensitive to gauge choice: (|Δgauge| = 0.45293415569082973)
└ @ TensorKitChainRulesCoreExt ~/.julia/packages/TensorKit/esxcj/ext/TensorKitChainRulesCoreExt/factorizations.jl:254
┌ Warning: `svd` cotangents sensitive to gauge choice: (|Δgauge| = 0.45293415957814365)
└ @ TensorKitChainRulesCoreExt ~/.julia/packages/TensorKit/esxcj/ext/TensorKitChainRulesCoreExt/factorizations.jl:254
[ Info: LBFGS: iter   11, time 1491.87 s: f = -2.301678278824, ‖∇f‖ = 2.8819e-03, α = 1.74e-01, m = 8, nfg = 2
[ Info: CTMRG init:	obj = +9.375316844876e+00	err = 1.0000e+00
[ Info: CTMRG conv 10:	obj = +9.375428480099e+00	err = 9.3933708773e-10	time = 3.89 sec
┌ Warning: `svd` cotangents sensitive to gauge choice: (|Δgauge| = 0.4541587067408288)
└ @ TensorKitChainRulesCoreExt ~/.julia/packages/TensorKit/esxcj/ext/TensorKitChainRulesCoreExt/factorizations.jl:254
┌ Warning: `svd` cotangents sensitive to gauge choice: (|Δgauge| = 0.4541587077124515)
└ @ TensorKitChainRulesCoreExt ~/.julia/packages/TensorKit/esxcj/ext/TensorKitChainRulesCoreExt/factorizations.jl:254
[ Info: LBFGS: iter   12, time 1501.97 s: f = -2.301698849504, ‖∇f‖ = 1.5392e-03, α = 1.00e+00, m = 8, nfg = 1
[ Info: CTMRG init:	obj = +9.354300369967e+00	err = 1.0000e+00
[ Info: CTMRG conv 13:	obj = +9.354362590749e+00	err = 7.6377275225e-10	time = 6.00 sec
┌ Warning: `svd` cotangents sensitive to gauge choice: (|Δgauge| = 0.45532422372515674)
└ @ TensorKitChainRulesCoreExt ~/.julia/packages/TensorKit/esxcj/ext/TensorKitChainRulesCoreExt/factorizations.jl:254
┌ Warning: `svd` cotangents sensitive to gauge choice: (|Δgauge| = 0.45532422399675265)
└ @ TensorKitChainRulesCoreExt ~/.julia/packages/TensorKit/esxcj/ext/TensorKitChainRulesCoreExt/factorizations.jl:254
[ Info: LBFGS: iter   13, time 1512.46 s: f = -2.301714772484, ‖∇f‖ = 1.5188e-03, α = 1.00e+00, m = 8, nfg = 1
[ Info: CTMRG init:	obj = +9.290246121250e+00	err = 1.0000e+00
[ Info: CTMRG conv 17:	obj = +9.290662762726e+00	err = 5.7471242183e-10	time = 9.52 sec
┌ Warning: `svd` cotangents sensitive to gauge choice: (|Δgauge| = 0.45877070098128425)
└ @ TensorKitChainRulesCoreExt ~/.julia/packages/TensorKit/esxcj/ext/TensorKitChainRulesCoreExt/factorizations.jl:254
┌ Warning: `svd` cotangents sensitive to gauge choice: (|Δgauge| = 0.45877070312092044)
└ @ TensorKitChainRulesCoreExt ~/.julia/packages/TensorKit/esxcj/ext/TensorKitChainRulesCoreExt/factorizations.jl:254
[ Info: LBFGS: iter   14, time 1527.66 s: f = -2.301740480902, ‖∇f‖ = 2.1297e-03, α = 1.00e+00, m = 8, nfg = 1
[ Info: CTMRG init:	obj = +9.252783306519e+00	err = 1.0000e+00
[ Info: CTMRG conv 13:	obj = +9.252897974696e+00	err = 7.0778500477e-10	time = 6.18 sec
┌ Warning: `svd` cotangents sensitive to gauge choice: (|Δgauge| = 0.45996183374535315)
└ @ TensorKitChainRulesCoreExt ~/.julia/packages/TensorKit/esxcj/ext/TensorKitChainRulesCoreExt/factorizations.jl:254
┌ Warning: `svd` cotangents sensitive to gauge choice: (|Δgauge| = 0.45996183209659225)
└ @ TensorKitChainRulesCoreExt ~/.julia/packages/TensorKit/esxcj/ext/TensorKitChainRulesCoreExt/factorizations.jl:254
[ Info: CTMRG init:	obj = +9.274334286254e+00	err = 1.0000e+00
[ Info: CTMRG conv 9:	obj = +9.274356311120e+00	err = 6.6444842193e-10	time = 3.88 sec
┌ Warning: `svd` cotangents sensitive to gauge choice: (|Δgauge| = 0.45928843210992654)
└ @ TensorKitChainRulesCoreExt ~/.julia/packages/TensorKit/esxcj/ext/TensorKitChainRulesCoreExt/factorizations.jl:254
┌ Warning: `svd` cotangents sensitive to gauge choice: (|Δgauge| = 2.2265176939243337e-11)
└ @ TensorKitChainRulesCoreExt ~/.julia/packages/TensorKit/esxcj/ext/TensorKitChainRulesCoreExt/factorizations.jl:254
┌ Warning: `svd` cotangents sensitive to gauge choice: (|Δgauge| = 0.4592884322875404)
└ @ TensorKitChainRulesCoreExt ~/.julia/packages/TensorKit/esxcj/ext/TensorKitChainRulesCoreExt/factorizations.jl:254
[ Info: LBFGS: iter   15, time 1547.87 s: f = -2.301747254675, ‖∇f‖ = 1.6952e-03, α = 4.39e-01, m = 8, nfg = 2
[ Info: CTMRG init:	obj = +9.273333030348e+00	err = 1.0000e+00
[ Info: CTMRG conv 8:	obj = +9.273336347937e+00	err = 5.4401564794e-10	time = 3.75 sec
┌ Warning: `svd` cotangents sensitive to gauge choice: (|Δgauge| = 0.45950054079657143)
└ @ TensorKitChainRulesCoreExt ~/.julia/packages/TensorKit/esxcj/ext/TensorKitChainRulesCoreExt/factorizations.jl:254
┌ Warning: `svd` cotangents sensitive to gauge choice: (|Δgauge| = 2.483119561706983e-10)
└ @ TensorKitChainRulesCoreExt ~/.julia/packages/TensorKit/esxcj/ext/TensorKitChainRulesCoreExt/factorizations.jl:254
┌ Warning: `svd` cotangents sensitive to gauge choice: (|Δgauge| = 0.45950054371487414)
└ @ TensorKitChainRulesCoreExt ~/.julia/packages/TensorKit/esxcj/ext/TensorKitChainRulesCoreExt/factorizations.jl:254
[ Info: LBFGS: iter   16, time 1558.36 s: f = -2.301752902760, ‖∇f‖ = 7.8867e-04, α = 1.00e+00, m = 8, nfg = 1
[ Info: CTMRG init:	obj = +9.273039663979e+00	err = 1.0000e+00
[ Info: CTMRG conv 8:	obj = +9.273043493393e+00	err = 7.0314519553e-10	time = 4.69 sec
┌ Warning: `svd` cotangents sensitive to gauge choice: (|Δgauge| = 0.4596202492517298)
└ @ TensorKitChainRulesCoreExt ~/.julia/packages/TensorKit/esxcj/ext/TensorKitChainRulesCoreExt/factorizations.jl:254
┌ Warning: `svd` cotangents sensitive to gauge choice: (|Δgauge| = 2.5283914633934163e-10)
└ @ TensorKitChainRulesCoreExt ~/.julia/packages/TensorKit/esxcj/ext/TensorKitChainRulesCoreExt/factorizations.jl:254
┌ Warning: `svd` cotangents sensitive to gauge choice: (|Δgauge| = 0.4596202513083225)
└ @ TensorKitChainRulesCoreExt ~/.julia/packages/TensorKit/esxcj/ext/TensorKitChainRulesCoreExt/factorizations.jl:254
[ Info: LBFGS: iter   17, time 1568.13 s: f = -2.301755344211, ‖∇f‖ = 4.2133e-04, α = 1.00e+00, m = 8, nfg = 1
[ Info: CTMRG init:	obj = +9.275714822107e+00	err = 1.0000e+00
[ Info: CTMRG conv 8:	obj = +9.275715463429e+00	err = 4.5686869029e-10	time = 4.42 sec
┌ Warning: `svd` cotangents sensitive to gauge choice: (|Δgauge| = 0.45959040404312346)
└ @ TensorKitChainRulesCoreExt ~/.julia/packages/TensorKit/esxcj/ext/TensorKitChainRulesCoreExt/factorizations.jl:254
┌ Warning: `svd` cotangents sensitive to gauge choice: (|Δgauge| = 2.5116371666837185e-10)
└ @ TensorKitChainRulesCoreExt ~/.julia/packages/TensorKit/esxcj/ext/TensorKitChainRulesCoreExt/factorizations.jl:254
┌ Warning: `svd` cotangents sensitive to gauge choice: (|Δgauge| = 0.4595904059823841)
└ @ TensorKitChainRulesCoreExt ~/.julia/packages/TensorKit/esxcj/ext/TensorKitChainRulesCoreExt/factorizations.jl:254
[ Info: LBFGS: iter   18, time 1580.27 s: f = -2.301756405555, ‖∇f‖ = 3.5582e-04, α = 1.00e+00, m = 8, nfg = 1
[ Info: CTMRG init:	obj = +9.278538557874e+00	err = 1.0000e+00
[ Info: CTMRG conv 8:	obj = +9.278541252297e+00	err = 6.0022296786e-10	time = 4.83 sec
┌ Warning: `svd` cotangents sensitive to gauge choice: (|Δgauge| = 0.45954174189860203)
└ @ TensorKitChainRulesCoreExt ~/.julia/packages/TensorKit/esxcj/ext/TensorKitChainRulesCoreExt/factorizations.jl:254
┌ Warning: `svd` cotangents sensitive to gauge choice: (|Δgauge| = 2.500654351519589e-10)
└ @ TensorKitChainRulesCoreExt ~/.julia/packages/TensorKit/esxcj/ext/TensorKitChainRulesCoreExt/factorizations.jl:254
┌ Warning: `svd` cotangents sensitive to gauge choice: (|Δgauge| = 0.459541740582133)
└ @ TensorKitChainRulesCoreExt ~/.julia/packages/TensorKit/esxcj/ext/TensorKitChainRulesCoreExt/factorizations.jl:254
[ Info: LBFGS: iter   19, time 1589.18 s: f = -2.301756924248, ‖∇f‖ = 6.6403e-04, α = 1.00e+00, m = 8, nfg = 1
[ Info: CTMRG init:	obj = +9.279223790016e+00	err = 1.0000e+00
[ Info: CTMRG conv 8:	obj = +9.279224627133e+00	err = 6.0514314383e-10	time = 3.71 sec
┌ Warning: `svd` cotangents sensitive to gauge choice: (|Δgauge| = 0.45934943523467303)
└ @ TensorKitChainRulesCoreExt ~/.julia/packages/TensorKit/esxcj/ext/TensorKitChainRulesCoreExt/factorizations.jl:254
┌ Warning: `svd` cotangents sensitive to gauge choice: (|Δgauge| = 2.515797586711334e-10)
└ @ TensorKitChainRulesCoreExt ~/.julia/packages/TensorKit/esxcj/ext/TensorKitChainRulesCoreExt/factorizations.jl:254
┌ Warning: `svd` cotangents sensitive to gauge choice: (|Δgauge| = 0.4593494371583238)
└ @ TensorKitChainRulesCoreExt ~/.julia/packages/TensorKit/esxcj/ext/TensorKitChainRulesCoreExt/factorizations.jl:254
[ Info: LBFGS: iter   20, time 1598.81 s: f = -2.301757568199, ‖∇f‖ = 1.8550e-04, α = 1.00e+00, m = 8, nfg = 1
[ Info: CTMRG init:	obj = +9.278620789198e+00	err = 1.0000e+00
[ Info: CTMRG conv 7:	obj = +9.278620840236e+00	err = 4.8829522034e-10	time = 3.45 sec
┌ Warning: `svd` cotangents sensitive to gauge choice: (|Δgauge| = 0.4593008134486366)
└ @ TensorKitChainRulesCoreExt ~/.julia/packages/TensorKit/esxcj/ext/TensorKitChainRulesCoreExt/factorizations.jl:254
┌ Warning: `svd` cotangents sensitive to gauge choice: (|Δgauge| = 2.730178025387511e-9)
└ @ TensorKitChainRulesCoreExt ~/.julia/packages/TensorKit/esxcj/ext/TensorKitChainRulesCoreExt/factorizations.jl:254
┌ Warning: `svd` cotangents sensitive to gauge choice: (|Δgauge| = 0.4593008090927376)
└ @ TensorKitChainRulesCoreExt ~/.julia/packages/TensorKit/esxcj/ext/TensorKitChainRulesCoreExt/factorizations.jl:254
[ Info: LBFGS: iter   21, time 1605.62 s: f = -2.301757741288, ‖∇f‖ = 1.7415e-04, α = 1.00e+00, m = 8, nfg = 1
[ Info: CTMRG init:	obj = +9.278583620304e+00	err = 1.0000e+00
[ Info: CTMRG conv 7:	obj = +9.278583934450e+00	err = 8.9760247190e-10	time = 3.98 sec
┌ Warning: `svd` cotangents sensitive to gauge choice: (|Δgauge| = 0.4590354053338762)
└ @ TensorKitChainRulesCoreExt ~/.julia/packages/TensorKit/esxcj/ext/TensorKitChainRulesCoreExt/factorizations.jl:254
┌ Warning: `svd` cotangents sensitive to gauge choice: (|Δgauge| = 2.757183412162914e-9)
└ @ TensorKitChainRulesCoreExt ~/.julia/packages/TensorKit/esxcj/ext/TensorKitChainRulesCoreExt/factorizations.jl:254
┌ Warning: `svd` cotangents sensitive to gauge choice: (|Δgauge| = 0.45903540576168855)
└ @ TensorKitChainRulesCoreExt ~/.julia/packages/TensorKit/esxcj/ext/TensorKitChainRulesCoreExt/factorizations.jl:254
[ Info: LBFGS: iter   22, time 1614.44 s: f = -2.301758153756, ‖∇f‖ = 2.0507e-04, α = 1.00e+00, m = 8, nfg = 1
[ Info: CTMRG init:	obj = +9.277376996894e+00	err = 1.0000e+00
[ Info: CTMRG conv 8:	obj = +9.277377559658e+00	err = 7.2147431014e-10	time = 7.27 sec
┌ Warning: `svd` cotangents sensitive to gauge choice: (|Δgauge| = 0.45885836168273314)
└ @ TensorKitChainRulesCoreExt ~/.julia/packages/TensorKit/esxcj/ext/TensorKitChainRulesCoreExt/factorizations.jl:254
┌ Warning: `svd` cotangents sensitive to gauge choice: (|Δgauge| = 2.62362178202687e-10)
└ @ TensorKitChainRulesCoreExt ~/.julia/packages/TensorKit/esxcj/ext/TensorKitChainRulesCoreExt/factorizations.jl:254
┌ Warning: `svd` cotangents sensitive to gauge choice: (|Δgauge| = 0.45885835553324134)
└ @ TensorKitChainRulesCoreExt ~/.julia/packages/TensorKit/esxcj/ext/TensorKitChainRulesCoreExt/factorizations.jl:254
[ Info: LBFGS: iter   23, time 1626.88 s: f = -2.301758256125, ‖∇f‖ = 4.4910e-04, α = 1.00e+00, m = 8, nfg = 1
[ Info: CTMRG init:	obj = +9.277603871683e+00	err = 1.0000e+00
[ Info: CTMRG conv 6:	obj = +9.277603934527e+00	err = 5.7879756872e-10	time = 4.62 sec
┌ Warning: `svd` cotangents sensitive to gauge choice: (|Δgauge| = 0.45880810383985465)
└ @ TensorKitChainRulesCoreExt ~/.julia/packages/TensorKit/esxcj/ext/TensorKitChainRulesCoreExt/factorizations.jl:254
┌ Warning: `svd` cotangents sensitive to gauge choice: (|Δgauge| = 3.0324597086110305e-8)
└ @ TensorKitChainRulesCoreExt ~/.julia/packages/TensorKit/esxcj/ext/TensorKitChainRulesCoreExt/factorizations.jl:254
┌ Warning: `svd` cotangents sensitive to gauge choice: (|Δgauge| = 0.45880808964713937)
└ @ TensorKitChainRulesCoreExt ~/.julia/packages/TensorKit/esxcj/ext/TensorKitChainRulesCoreExt/factorizations.jl:254
[ Info: LBFGS: iter   24, time 1636.32 s: f = -2.301758624472, ‖∇f‖ = 1.3333e-04, α = 1.00e+00, m = 8, nfg = 1
[ Info: CTMRG init:	obj = +9.277670164154e+00	err = 1.0000e+00
[ Info: CTMRG conv 7:	obj = +9.277670233645e+00	err = 6.2012909181e-10	time = 5.79 sec
┌ Warning: `svd` cotangents sensitive to gauge choice: (|Δgauge| = 0.458782881246925)
└ @ TensorKitChainRulesCoreExt ~/.julia/packages/TensorKit/esxcj/ext/TensorKitChainRulesCoreExt/factorizations.jl:254
┌ Warning: `svd` cotangents sensitive to gauge choice: (|Δgauge| = 2.8339815659951616e-9)
└ @ TensorKitChainRulesCoreExt ~/.julia/packages/TensorKit/esxcj/ext/TensorKitChainRulesCoreExt/factorizations.jl:254
┌ Warning: `svd` cotangents sensitive to gauge choice: (|Δgauge| = 0.4587828798282058)
└ @ TensorKitChainRulesCoreExt ~/.julia/packages/TensorKit/esxcj/ext/TensorKitChainRulesCoreExt/factorizations.jl:254
[ Info: LBFGS: iter   25, time 1646.06 s: f = -2.301758759239, ‖∇f‖ = 1.0130e-04, α = 1.00e+00, m = 8, nfg = 1
[ Info: CTMRG init:	obj = +9.277514540128e+00	err = 1.0000e+00
[ Info: CTMRG conv 8:	obj = +9.277514824834e+00	err = 4.8026529521e-10	time = 4.38 sec
┌ Warning: `svd` cotangents sensitive to gauge choice: (|Δgauge| = 0.45880691185454076)
└ @ TensorKitChainRulesCoreExt ~/.julia/packages/TensorKit/esxcj/ext/TensorKitChainRulesCoreExt/factorizations.jl:254
┌ Warning: `svd` cotangents sensitive to gauge choice: (|Δgauge| = 2.6582409781663437e-10)
└ @ TensorKitChainRulesCoreExt ~/.julia/packages/TensorKit/esxcj/ext/TensorKitChainRulesCoreExt/factorizations.jl:254
┌ Warning: `svd` cotangents sensitive to gauge choice: (|Δgauge| = 0.45880691177819516)
└ @ TensorKitChainRulesCoreExt ~/.julia/packages/TensorKit/esxcj/ext/TensorKitChainRulesCoreExt/factorizations.jl:254
[ Info: LBFGS: iter   26, time 1654.22 s: f = -2.301758882109, ‖∇f‖ = 1.3532e-04, α = 1.00e+00, m = 8, nfg = 1
[ Info: CTMRG init:	obj = +9.277773365062e+00	err = 1.0000e+00
[ Info: CTMRG conv 7:	obj = +9.277773615452e+00	err = 9.4873581835e-10	time = 5.31 sec
┌ Warning: `svd` cotangents sensitive to gauge choice: (|Δgauge| = 0.4587941769282481)
└ @ TensorKitChainRulesCoreExt ~/.julia/packages/TensorKit/esxcj/ext/TensorKitChainRulesCoreExt/factorizations.jl:254
┌ Warning: `svd` cotangents sensitive to gauge choice: (|Δgauge| = 2.8732950784603013e-9)
└ @ TensorKitChainRulesCoreExt ~/.julia/packages/TensorKit/esxcj/ext/TensorKitChainRulesCoreExt/factorizations.jl:254
┌ Warning: `svd` cotangents sensitive to gauge choice: (|Δgauge| = 0.45879417720648885)
└ @ TensorKitChainRulesCoreExt ~/.julia/packages/TensorKit/esxcj/ext/TensorKitChainRulesCoreExt/factorizations.jl:254
[ Info: LBFGS: iter   27, time 1662.95 s: f = -2.301758936973, ‖∇f‖ = 2.9351e-04, α = 1.00e+00, m = 8, nfg = 1
[ Info: CTMRG init:	obj = +9.277932799852e+00	err = 1.0000e+00
[ Info: CTMRG conv 7:	obj = +9.277932817685e+00	err = 3.6222846904e-10	time = 3.23 sec
┌ Warning: `svd` cotangents sensitive to gauge choice: (|Δgauge| = 0.45882791341135865)
└ @ TensorKitChainRulesCoreExt ~/.julia/packages/TensorKit/esxcj/ext/TensorKitChainRulesCoreExt/factorizations.jl:254
┌ Warning: `svd` cotangents sensitive to gauge choice: (|Δgauge| = 2.8753666534354324e-9)
└ @ TensorKitChainRulesCoreExt ~/.julia/packages/TensorKit/esxcj/ext/TensorKitChainRulesCoreExt/factorizations.jl:254
┌ Warning: `svd` cotangents sensitive to gauge choice: (|Δgauge| = 0.4588279150986839)
└ @ TensorKitChainRulesCoreExt ~/.julia/packages/TensorKit/esxcj/ext/TensorKitChainRulesCoreExt/factorizations.jl:254
[ Info: LBFGS: iter   28, time 1669.45 s: f = -2.301759070795, ‖∇f‖ = 1.3952e-04, α = 1.00e+00, m = 8, nfg = 1
[ Info: CTMRG init:	obj = +9.278564799891e+00	err = 1.0000e+00
[ Info: CTMRG conv 7:	obj = +9.278564811519e+00	err = 3.2697860364e-10	time = 3.68 sec
┌ Warning: `svd` cotangents sensitive to gauge choice: (|Δgauge| = 0.4589026039833404)
└ @ TensorKitChainRulesCoreExt ~/.julia/packages/TensorKit/esxcj/ext/TensorKitChainRulesCoreExt/factorizations.jl:254
┌ Warning: `svd` cotangents sensitive to gauge choice: (|Δgauge| = 2.878396433362929e-9)
└ @ TensorKitChainRulesCoreExt ~/.julia/packages/TensorKit/esxcj/ext/TensorKitChainRulesCoreExt/factorizations.jl:254
┌ Warning: `svd` cotangents sensitive to gauge choice: (|Δgauge| = 0.4589026047644468)
└ @ TensorKitChainRulesCoreExt ~/.julia/packages/TensorKit/esxcj/ext/TensorKitChainRulesCoreExt/factorizations.jl:254
[ Info: LBFGS: iter   29, time 1676.15 s: f = -2.301759241685, ‖∇f‖ = 1.2560e-04, α = 1.00e+00, m = 8, nfg = 1
[ Info: CTMRG init:	obj = +9.280590734955e+00	err = 1.0000e+00
[ Info: CTMRG conv 7:	obj = +9.280590821878e+00	err = 6.1196966384e-10	time = 5.65 sec
┌ Warning: `svd` cotangents sensitive to gauge choice: (|Δgauge| = 0.4590022195752425)
└ @ TensorKitChainRulesCoreExt ~/.julia/packages/TensorKit/esxcj/ext/TensorKitChainRulesCoreExt/factorizations.jl:254
┌ Warning: `svd` cotangents sensitive to gauge choice: (|Δgauge| = 2.8901349909198417e-9)
└ @ TensorKitChainRulesCoreExt ~/.julia/packages/TensorKit/esxcj/ext/TensorKitChainRulesCoreExt/factorizations.jl:254
┌ Warning: `svd` cotangents sensitive to gauge choice: (|Δgauge| = 0.4590022189601986)
└ @ TensorKitChainRulesCoreExt ~/.julia/packages/TensorKit/esxcj/ext/TensorKitChainRulesCoreExt/factorizations.jl:254
[ Info: LBFGS: iter   30, time 1685.36 s: f = -2.301759544276, ‖∇f‖ = 2.5172e-04, α = 1.00e+00, m = 8, nfg = 1
[ Info: CTMRG init:	obj = +9.284422069887e+00	err = 1.0000e+00
[ Info: CTMRG conv 8:	obj = +9.284422402963e+00	err = 7.9101657350e-10	time = 4.23 sec
┌ Warning: `svd` cotangents sensitive to gauge choice: (|Δgauge| = 0.45918807077267043)
└ @ TensorKitChainRulesCoreExt ~/.julia/packages/TensorKit/esxcj/ext/TensorKitChainRulesCoreExt/factorizations.jl:254
┌ Warning: `svd` cotangents sensitive to gauge choice: (|Δgauge| = 2.720774651237969e-10)
└ @ TensorKitChainRulesCoreExt ~/.julia/packages/TensorKit/esxcj/ext/TensorKitChainRulesCoreExt/factorizations.jl:254
┌ Warning: `svd` cotangents sensitive to gauge choice: (|Δgauge| = 0.45918806840553744)
└ @ TensorKitChainRulesCoreExt ~/.julia/packages/TensorKit/esxcj/ext/TensorKitChainRulesCoreExt/factorizations.jl:254
[ Info: LBFGS: iter   31, time 1693.11 s: f = -2.301759902515, ‖∇f‖ = 4.0432e-04, α = 1.00e+00, m = 8, nfg = 1
[ Info: CTMRG init:	obj = +9.289915354478e+00	err = 1.0000e+00
[ Info: CTMRG conv 7:	obj = +9.289916035959e+00	err = 7.2939062504e-10	time = 5.02 sec
┌ Warning: `svd` cotangents sensitive to gauge choice: (|Δgauge| = 0.45928204392442895)
└ @ TensorKitChainRulesCoreExt ~/.julia/packages/TensorKit/esxcj/ext/TensorKitChainRulesCoreExt/factorizations.jl:254
┌ Warning: `svd` cotangents sensitive to gauge choice: (|Δgauge| = 2.925380099598523e-9)
└ @ TensorKitChainRulesCoreExt ~/.julia/packages/TensorKit/esxcj/ext/TensorKitChainRulesCoreExt/factorizations.jl:254
┌ Warning: `svd` cotangents sensitive to gauge choice: (|Δgauge| = 0.45928204248346716)
└ @ TensorKitChainRulesCoreExt ~/.julia/packages/TensorKit/esxcj/ext/TensorKitChainRulesCoreExt/factorizations.jl:254
[ Info: LBFGS: iter   32, time 1702.01 s: f = -2.301760175051, ‖∇f‖ = 3.3945e-04, α = 1.00e+00, m = 8, nfg = 1
[ Info: CTMRG init:	obj = +9.290462153047e+00	err = 1.0000e+00
[ Info: CTMRG conv 7:	obj = +9.290462248814e+00	err = 7.7138893961e-10	time = 3.42 sec
┌ Warning: `svd` cotangents sensitive to gauge choice: (|Δgauge| = 0.45928910669552403)
└ @ TensorKitChainRulesCoreExt ~/.julia/packages/TensorKit/esxcj/ext/TensorKitChainRulesCoreExt/factorizations.jl:254
┌ Warning: `svd` cotangents sensitive to gauge choice: (|Δgauge| = 2.92760707419862e-9)
└ @ TensorKitChainRulesCoreExt ~/.julia/packages/TensorKit/esxcj/ext/TensorKitChainRulesCoreExt/factorizations.jl:254
┌ Warning: `svd` cotangents sensitive to gauge choice: (|Δgauge| = 0.45928910418079705)
└ @ TensorKitChainRulesCoreExt ~/.julia/packages/TensorKit/esxcj/ext/TensorKitChainRulesCoreExt/factorizations.jl:254
[ Info: LBFGS: iter   33, time 1708.75 s: f = -2.301760403253, ‖∇f‖ = 1.7443e-04, α = 1.00e+00, m = 8, nfg = 1
[ Info: CTMRG init:	obj = +9.292043027370e+00	err = 1.0000e+00
[ Info: CTMRG conv 8:	obj = +9.292043146037e+00	err = 8.0809285034e-10	time = 4.85 sec
┌ Warning: `svd` cotangents sensitive to gauge choice: (|Δgauge| = 0.45928989593804803)
└ @ TensorKitChainRulesCoreExt ~/.julia/packages/TensorKit/esxcj/ext/TensorKitChainRulesCoreExt/factorizations.jl:254
┌ Warning: `svd` cotangents sensitive to gauge choice: (|Δgauge| = 2.7688503055360613e-10)
└ @ TensorKitChainRulesCoreExt ~/.julia/packages/TensorKit/esxcj/ext/TensorKitChainRulesCoreExt/factorizations.jl:254
┌ Warning: `svd` cotangents sensitive to gauge choice: (|Δgauge| = 0.45928990041148987)
└ @ TensorKitChainRulesCoreExt ~/.julia/packages/TensorKit/esxcj/ext/TensorKitChainRulesCoreExt/factorizations.jl:254
[ Info: LBFGS: iter   34, time 1718.43 s: f = -2.301760643615, ‖∇f‖ = 2.1050e-04, α = 1.00e+00, m = 8, nfg = 1
[ Info: CTMRG init:	obj = +9.294625046922e+00	err = 1.0000e+00
[ Info: CTMRG conv 7:	obj = +9.294625224020e+00	err = 8.3210033981e-10	time = 3.67 sec
┌ Warning: `svd` cotangents sensitive to gauge choice: (|Δgauge| = 0.45930455409688253)
└ @ TensorKitChainRulesCoreExt ~/.julia/packages/TensorKit/esxcj/ext/TensorKitChainRulesCoreExt/factorizations.jl:254
┌ Warning: `svd` cotangents sensitive to gauge choice: (|Δgauge| = 2.966811154906168e-9)
└ @ TensorKitChainRulesCoreExt ~/.julia/packages/TensorKit/esxcj/ext/TensorKitChainRulesCoreExt/factorizations.jl:254
┌ Warning: `svd` cotangents sensitive to gauge choice: (|Δgauge| = 0.4593045535580574)
└ @ TensorKitChainRulesCoreExt ~/.julia/packages/TensorKit/esxcj/ext/TensorKitChainRulesCoreExt/factorizations.jl:254
[ Info: LBFGS: iter   35, time 1725.78 s: f = -2.301760914293, ‖∇f‖ = 3.3297e-04, α = 1.00e+00, m = 8, nfg = 1
[ Info: CTMRG init:	obj = +9.302703241405e+00	err = 1.0000e+00
[ Info: CTMRG conv 8:	obj = +9.302704727472e+00	err = 9.2907829929e-10	time = 4.40 sec
┌ Warning: `svd` cotangents sensitive to gauge choice: (|Δgauge| = 0.45937130733979803)
└ @ TensorKitChainRulesCoreExt ~/.julia/packages/TensorKit/esxcj/ext/TensorKitChainRulesCoreExt/factorizations.jl:254
┌ Warning: `svd` cotangents sensitive to gauge choice: (|Δgauge| = 2.8937039835030813e-10)
└ @ TensorKitChainRulesCoreExt ~/.julia/packages/TensorKit/esxcj/ext/TensorKitChainRulesCoreExt/factorizations.jl:254
┌ Warning: `svd` cotangents sensitive to gauge choice: (|Δgauge| = 0.45937130940233295)
└ @ TensorKitChainRulesCoreExt ~/.julia/packages/TensorKit/esxcj/ext/TensorKitChainRulesCoreExt/factorizations.jl:254
[ Info: LBFGS: iter   36, time 1736.25 s: f = -2.301761635003, ‖∇f‖ = 5.2242e-04, α = 1.00e+00, m = 8, nfg = 1
[ Info: CTMRG init:	obj = +9.315012564643e+00	err = 1.0000e+00
[ Info: CTMRG conv 27:	obj = +9.315015714422e+00	err = 9.4322354706e-10	time = 17.84 sec
┌ Warning: `svd` cotangents sensitive to gauge choice: (|Δgauge| = 0.4595489146033942)
└ @ TensorKitChainRulesCoreExt ~/.julia/packages/TensorKit/esxcj/ext/TensorKitChainRulesCoreExt/factorizations.jl:254
┌ Warning: `svd` cotangents sensitive to gauge choice: (|Δgauge| = 0.4595489157236419)
└ @ TensorKitChainRulesCoreExt ~/.julia/packages/TensorKit/esxcj/ext/TensorKitChainRulesCoreExt/factorizations.jl:254
[ Info: LBFGS: iter   37, time 1761.21 s: f = -2.301762620311, ‖∇f‖ = 5.3664e-04, α = 1.00e+00, m = 8, nfg = 1
[ Info: CTMRG init:	obj = +9.340117848632e+00	err = 1.0000e+00
[ Info: CTMRG conv 8:	obj = +9.340132364362e+00	err = 8.8224892220e-10	time = 4.88 sec
┌ Warning: `svd` cotangents sensitive to gauge choice: (|Δgauge| = 0.4600332714130117)
└ @ TensorKitChainRulesCoreExt ~/.julia/packages/TensorKit/esxcj/ext/TensorKitChainRulesCoreExt/factorizations.jl:254
┌ Warning: `svd` cotangents sensitive to gauge choice: (|Δgauge| = 3.630544010619875e-10)
└ @ TensorKitChainRulesCoreExt ~/.julia/packages/TensorKit/esxcj/ext/TensorKitChainRulesCoreExt/factorizations.jl:254
┌ Warning: `svd` cotangents sensitive to gauge choice: (|Δgauge| = 0.46003327185209514)
└ @ TensorKitChainRulesCoreExt ~/.julia/packages/TensorKit/esxcj/ext/TensorKitChainRulesCoreExt/factorizations.jl:254
[ Info: CTMRG init:	obj = +9.319751517806e+00	err = 1.0000e+00
[ Info: CTMRG conv 8:	obj = +9.319751999889e+00	err = 5.5504108112e-10	time = 6.99 sec
┌ Warning: `svd` cotangents sensitive to gauge choice: (|Δgauge| = 0.45963742998639107)
└ @ TensorKitChainRulesCoreExt ~/.julia/packages/TensorKit/esxcj/ext/TensorKitChainRulesCoreExt/factorizations.jl:254
┌ Warning: `svd` cotangents sensitive to gauge choice: (|Δgauge| = 3.1745456520724756e-10)
└ @ TensorKitChainRulesCoreExt ~/.julia/packages/TensorKit/esxcj/ext/TensorKitChainRulesCoreExt/factorizations.jl:254
┌ Warning: `svd` cotangents sensitive to gauge choice: (|Δgauge| = 0.4596374288770406)
└ @ TensorKitChainRulesCoreExt ~/.julia/packages/TensorKit/esxcj/ext/TensorKitChainRulesCoreExt/factorizations.jl:254
[ Info: LBFGS: iter   38, time 1781.86 s: f = -2.301762914534, ‖∇f‖ = 5.8752e-04, α = 1.81e-01, m = 8, nfg = 2
[ Info: CTMRG init:	obj = +9.329895827095e+00	err = 1.0000e+00
[ Info: CTMRG conv 8:	obj = +9.329898103206e+00	err = 6.0382478798e-10	time = 4.72 sec
┌ Warning: `svd` cotangents sensitive to gauge choice: (|Δgauge| = 0.4598336302707637)
└ @ TensorKitChainRulesCoreExt ~/.julia/packages/TensorKit/esxcj/ext/TensorKitChainRulesCoreExt/factorizations.jl:254
┌ Warning: `svd` cotangents sensitive to gauge choice: (|Δgauge| = 3.3961119797262483e-10)
└ @ TensorKitChainRulesCoreExt ~/.julia/packages/TensorKit/esxcj/ext/TensorKitChainRulesCoreExt/factorizations.jl:254
┌ Warning: `svd` cotangents sensitive to gauge choice: (|Δgauge| = 0.45983363244198516)
└ @ TensorKitChainRulesCoreExt ~/.julia/packages/TensorKit/esxcj/ext/TensorKitChainRulesCoreExt/factorizations.jl:254
[ Info: LBFGS: iter   39, time 1792.32 s: f = -2.301763741661, ‖∇f‖ = 2.8708e-04, α = 1.00e+00, m = 8, nfg = 1
[ Info: CTMRG init:	obj = +9.334109542239e+00	err = 1.0000e+00
[ Info: CTMRG conv 7:	obj = +9.334110134922e+00	err = 7.1935668707e-10	time = 4.34 sec
┌ Warning: `svd` cotangents sensitive to gauge choice: (|Δgauge| = 0.4599294571117295)
└ @ TensorKitChainRulesCoreExt ~/.julia/packages/TensorKit/esxcj/ext/TensorKitChainRulesCoreExt/factorizations.jl:254
┌ Warning: `svd` cotangents sensitive to gauge choice: (|Δgauge| = 3.660938818707339e-9)
└ @ TensorKitChainRulesCoreExt ~/.julia/packages/TensorKit/esxcj/ext/TensorKitChainRulesCoreExt/factorizations.jl:254
┌ Warning: `svd` cotangents sensitive to gauge choice: (|Δgauge| = 0.45992945566557064)
└ @ TensorKitChainRulesCoreExt ~/.julia/packages/TensorKit/esxcj/ext/TensorKitChainRulesCoreExt/factorizations.jl:254
[ Info: LBFGS: iter   40, time 1800.85 s: f = -2.301764225740, ‖∇f‖ = 1.8334e-04, α = 1.00e+00, m = 8, nfg = 1
[ Info: CTMRG init:	obj = +9.335736199338e+00	err = 1.0000e+00
[ Info: CTMRG conv 8:	obj = +9.335736587608e+00	err = 7.0121166886e-10	time = 4.54 sec
┌ Warning: `svd` cotangents sensitive to gauge choice: (|Δgauge| = 0.4600034183886088)
└ @ TensorKitChainRulesCoreExt ~/.julia/packages/TensorKit/esxcj/ext/TensorKitChainRulesCoreExt/factorizations.jl:254
┌ Warning: `svd` cotangents sensitive to gauge choice: (|Δgauge| = 3.719139577036783e-10)
└ @ TensorKitChainRulesCoreExt ~/.julia/packages/TensorKit/esxcj/ext/TensorKitChainRulesCoreExt/factorizations.jl:254
┌ Warning: `svd` cotangents sensitive to gauge choice: (|Δgauge| = 0.4600034181810943)
└ @ TensorKitChainRulesCoreExt ~/.julia/packages/TensorKit/esxcj/ext/TensorKitChainRulesCoreExt/factorizations.jl:254
[ Info: LBFGS: iter   41, time 1810.66 s: f = -2.301764622985, ‖∇f‖ = 2.7695e-04, α = 1.00e+00, m = 8, nfg = 1
[ Info: CTMRG init:	obj = +9.336849098298e+00	err = 1.0000e+00
[ Info: CTMRG conv 8:	obj = +9.336849679436e+00	err = 7.5646455827e-10	time = 4.52 sec
┌ Warning: `svd` cotangents sensitive to gauge choice: (|Δgauge| = 0.4599830595262246)
└ @ TensorKitChainRulesCoreExt ~/.julia/packages/TensorKit/esxcj/ext/TensorKitChainRulesCoreExt/factorizations.jl:254
┌ Warning: `svd` cotangents sensitive to gauge choice: (|Δgauge| = 3.905318487612436e-10)
└ @ TensorKitChainRulesCoreExt ~/.julia/packages/TensorKit/esxcj/ext/TensorKitChainRulesCoreExt/factorizations.jl:254
┌ Warning: `svd` cotangents sensitive to gauge choice: (|Δgauge| = 0.4599830600767648)
└ @ TensorKitChainRulesCoreExt ~/.julia/packages/TensorKit/esxcj/ext/TensorKitChainRulesCoreExt/factorizations.jl:254
[ Info: LBFGS: iter   42, time 1818.83 s: f = -2.301764963931, ‖∇f‖ = 3.5717e-04, α = 1.00e+00, m = 8, nfg = 1
[ Info: CTMRG init:	obj = +9.338873004107e+00	err = 1.0000e+00
[ Info: CTMRG conv 8:	obj = +9.338874803906e+00	err = 5.5964205303e-10	time = 4.94 sec
┌ Warning: `svd` cotangents sensitive to gauge choice: (|Δgauge| = 0.4601835252459928)
└ @ TensorKitChainRulesCoreExt ~/.julia/packages/TensorKit/esxcj/ext/TensorKitChainRulesCoreExt/factorizations.jl:254
┌ Warning: `svd` cotangents sensitive to gauge choice: (|Δgauge| = 4.184594034422531e-10)
└ @ TensorKitChainRulesCoreExt ~/.julia/packages/TensorKit/esxcj/ext/TensorKitChainRulesCoreExt/factorizations.jl:254
┌ Warning: `svd` cotangents sensitive to gauge choice: (|Δgauge| = 0.46018352563077036)
└ @ TensorKitChainRulesCoreExt ~/.julia/packages/TensorKit/esxcj/ext/TensorKitChainRulesCoreExt/factorizations.jl:254
[ Info: CTMRG init:	obj = +9.337865744292e+00	err = 1.0000e+00
[ Info: CTMRG conv 7:	obj = +9.337866179791e+00	err = 6.3751802894e-10	time = 4.22 sec
┌ Warning: `svd` cotangents sensitive to gauge choice: (|Δgauge| = 0.46008168672201294)
└ @ TensorKitChainRulesCoreExt ~/.julia/packages/TensorKit/esxcj/ext/TensorKitChainRulesCoreExt/factorizations.jl:254
┌ Warning: `svd` cotangents sensitive to gauge choice: (|Δgauge| = 4.094854410953516e-9)
└ @ TensorKitChainRulesCoreExt ~/.julia/packages/TensorKit/esxcj/ext/TensorKitChainRulesCoreExt/factorizations.jl:254
┌ Warning: `svd` cotangents sensitive to gauge choice: (|Δgauge| = 0.4600816840250521)
└ @ TensorKitChainRulesCoreExt ~/.julia/packages/TensorKit/esxcj/ext/TensorKitChainRulesCoreExt/factorizations.jl:254
[ Info: LBFGS: iter   43, time 1836.76 s: f = -2.301765142526, ‖∇f‖ = 2.4265e-04, α = 4.92e-01, m = 8, nfg = 2
[ Info: CTMRG init:	obj = +9.337842357301e+00	err = 1.0000e+00
[ Info: CTMRG conv 7:	obj = +9.337842369222e+00	err = 6.3821798232e-10	time = 4.50 sec
┌ Warning: `svd` cotangents sensitive to gauge choice: (|Δgauge| = 0.46003302512429856)
└ @ TensorKitChainRulesCoreExt ~/.julia/packages/TensorKit/esxcj/ext/TensorKitChainRulesCoreExt/factorizations.jl:254
┌ Warning: `svd` cotangents sensitive to gauge choice: (|Δgauge| = 4.1258548069182426e-9)
└ @ TensorKitChainRulesCoreExt ~/.julia/packages/TensorKit/esxcj/ext/TensorKitChainRulesCoreExt/factorizations.jl:254
┌ Warning: `svd` cotangents sensitive to gauge choice: (|Δgauge| = 0.46003302491360537)
└ @ TensorKitChainRulesCoreExt ~/.julia/packages/TensorKit/esxcj/ext/TensorKitChainRulesCoreExt/factorizations.jl:254
[ Info: LBFGS: converged after 44 iterations and time 1846.47 s: f = -2.301765258442, ‖∇f‖ = 7.9182e-05
