  Installing known registries into `~/.julia`
       Added `General` registry to ~/.julia/registries
    Updating registry at `~/.julia/registries/General.toml`
   Installed IrrationalConstants ───────── v0.2.4
   Installed GPUArraysCore ─────────────── v0.2.0
   Installed TaskLocalValues ───────────── v0.1.2
   Installed RealDot ───────────────────── v0.1.0
   Installed IRTools ───────────────────── v0.4.14
   Installed JLD2 ──────────────────────── v0.5.12
   Installed OhMyThreads ───────────────── v0.7.0
   Installed BlockTensorKit ────────────── v0.1.6
   Installed DiffRules ─────────────────── v1.15.1
   Installed IntegerMathUtils ──────────── v0.1.2
   Installed Adapt ─────────────────────── v4.3.0
   Installed PtrArrays ─────────────────── v1.3.0
   Installed LRUCache ──────────────────── v1.6.2
   Installed TableTraits ───────────────── v1.0.1
   Installed Accessors ─────────────────── v0.1.42
   Installed Preferences ───────────────── v1.4.3
   Installed LoggingExtras ─────────────── v1.0.3
   Installed HashArrayMappedTries ──────── v0.2.0
   Installed DiffResults ───────────────── v1.1.0
   Installed Tables ────────────────────── v1.12.0
   Installed SpecialFunctions ──────────── v2.5.1
   Installed OptimKit ──────────────────── v0.4.0
   Installed WignerSymbols ─────────────── v2.0.0
   Installed TensorKit ─────────────────── v0.14.5
   Installed ChunkSplitters ────────────── v3.1.2
   Installed RecipesBase ───────────────── v1.3.4
   Installed DataAPI ───────────────────── v1.16.0
   Installed Primes ────────────────────── v0.5.7
   Installed AbstractFFTs ──────────────── v1.5.0
   Installed StaticArrays ──────────────── v1.9.13
   Installed Zygote ────────────────────── v0.7.6
   Installed BlockArrays ───────────────── v1.6.1
   Installed JLLWrappers ───────────────── v1.7.0
   Installed MPSKit ────────────────────── v0.12.6
   Installed Richardson ────────────────── v1.4.2
   Installed FiniteDifferences ─────────── v0.12.32
   Installed IteratorInterfaceExtensions ─ v1.0.0
   Installed StaticArraysCore ──────────── v1.4.3
   Installed NaNMath ───────────────────── v1.1.3
   Installed ConstructionBase ──────────── v1.5.8
   Installed PrecompileTools ───────────── v1.2.1
   Installed StructArrays ──────────────── v0.7.1
   Installed DataValueInterfaces ───────── v1.0.0
   Installed StableTasks ───────────────── v0.1.7
   Installed OrderedCollections ────────── v1.8.0
   Installed TranscodingStreams ────────── v0.11.3
   Installed ChainRulesCore ────────────── v1.25.1
   Installed ScopedValues ──────────────── v1.3.0
   Installed InitialValues ─────────────── v0.3.1
   Installed RationalRoots ─────────────── v0.2.1
   Installed TensorKitSectors ──────────── v0.1.4
   Installed VectorInterface ───────────── v0.5.0
   Installed Statistics ────────────────── v1.11.1
   Installed FillArrays ────────────────── v1.13.0
   Installed ForwardDiff ───────────────── v1.0.1
   Installed ChainRules ────────────────── v1.72.3
   Installed FileIO ────────────────────── v1.17.0
   Installed MPSKitModels ──────────────── v0.4.1
   Installed LogExpFunctions ───────────── v0.3.29
   Installed Requires ──────────────────── v1.3.1
   Installed ZygoteRules ───────────────── v0.2.7
   Installed StridedViews ──────────────── v0.4.1
   Installed CommonSubexpressions ──────── v0.3.1
   Installed BangBang ──────────────────── v0.4.4
   Installed HalfIntegers ──────────────── v1.6.0
   Installed Strided ───────────────────── v2.3.0
   Installed PackageExtensionCompat ────── v1.0.2
   Installed Compat ────────────────────── v4.16.0
   Installed CompositionsBase ──────────── v0.1.2
   Installed MacroTools ────────────────── v0.5.15
   Installed OpenSpecFun_jll ───────────── v0.5.6+0
   Installed SparseInverseSubset ───────── v0.1.2
   Installed InverseFunctions ──────────── v0.1.17
   Installed TensorKitManifolds ────────── v0.7.2
   Installed TensorOperations ──────────── v5.2.0
   Installed TupleTools ────────────────── v1.6.0
   Installed ArrayLayouts ──────────────── v1.11.1
   Installed PEPSKit ───────────────────── v0.5.0
   Installed DocStringExtensions ───────── v0.9.4
   Installed KrylovKit ─────────────────── v0.9.5
    Updating `/var/lib/condor/execute/dir_1333753/Project.toml`
  [d360d2e6] + ChainRulesCore v1.25.1
  [033835bb] + JLD2 v0.5.12
  [0b1a1467] + KrylovKit v0.9.5
  [bb1c41ca] + MPSKit v0.12.6
  [ca635005] + MPSKitModels v0.4.1
  [77e91f04] + OptimKit v0.4.0
  [52969e89] + PEPSKit v0.5.0
  [07d1fe3e] + TensorKit v0.14.5
  [409d34a3] + VectorInterface v0.5.0
  [e88e6eb3] + Zygote v0.7.6
  [37e2e46d] ~ LinearAlgebra ⇒ v1.11.0
    Updating `/var/lib/condor/execute/dir_1333753/Manifest.toml`
  [621f4979] + AbstractFFTs v1.5.0
  [7d9f7c33] + Accessors v0.1.42
  [79e6a3ab] + Adapt v4.3.0
  [4c555306] + ArrayLayouts v1.11.1
  [198e06fe] + BangBang v0.4.4
  [8e7c35d0] + BlockArrays v1.6.1
  [5f87ffc2] + BlockTensorKit v0.1.6
  [082447d4] + ChainRules v1.72.3
  [d360d2e6] + ChainRulesCore v1.25.1
  [ae650224] + ChunkSplitters v3.1.2
  [bbf7d656] + CommonSubexpressions v0.3.1
  [34da2185] + Compat v4.16.0
  [a33af91c] + CompositionsBase v0.1.2
  [187b0558] + ConstructionBase v1.5.8
  [9a962f9c] + DataAPI v1.16.0
  [e2d170a0] + DataValueInterfaces v1.0.0
  [163ba53b] + DiffResults v1.1.0
  [b552c78f] + DiffRules v1.15.1
  [ffbed154] + DocStringExtensions v0.9.4
  [5789e2e9] + FileIO v1.17.0
  [1a297f60] + FillArrays v1.13.0
  [26cc04aa] + FiniteDifferences v0.12.32
  [f6369f11] + ForwardDiff v1.0.1
  [46192b85] + GPUArraysCore v0.2.0
  [f0d1745a] + HalfIntegers v1.6.0
  [076d061b] + HashArrayMappedTries v0.2.0
  [7869d1d1] + IRTools v0.4.14
  [22cec73e] + InitialValues v0.3.1
  [18e54dd8] + IntegerMathUtils v0.1.2
  [3587e190] + InverseFunctions v0.1.17
  [92d709cd] + IrrationalConstants v0.2.4
  [82899510] + IteratorInterfaceExtensions v1.0.0
  [033835bb] + JLD2 v0.5.12
  [692b3bcd] + JLLWrappers v1.7.0
  [0b1a1467] + KrylovKit v0.9.5
  [8ac3fa9e] + LRUCache v1.6.2
  [2ab3a3ac] + LogExpFunctions v0.3.29
⌅ [e6f89c97] + LoggingExtras v1.0.3
  [bb1c41ca] + MPSKit v0.12.6
  [ca635005] + MPSKitModels v0.4.1
  [1914dd2f] + MacroTools v0.5.15
  [77ba4419] + NaNMath v1.1.3
⌅ [67456a42] + OhMyThreads v0.7.0
  [77e91f04] + OptimKit v0.4.0
  [bac558e1] + OrderedCollections v1.8.0
  [52969e89] + PEPSKit v0.5.0
  [65ce6f38] + PackageExtensionCompat v1.0.2
⌅ [aea7be01] + PrecompileTools v1.2.1
  [21216c6a] + Preferences v1.4.3
  [27ebfcd6] + Primes v0.5.7
  [43287f4e] + PtrArrays v1.3.0
  [308eb6b3] + RationalRoots v0.2.1
  [c1ae055f] + RealDot v0.1.0
  [3cdcf5f2] + RecipesBase v1.3.4
  [ae029012] + Requires v1.3.1
  [708f8203] + Richardson v1.4.2
  [7e506255] + ScopedValues v1.3.0
  [dc90abb0] + SparseInverseSubset v0.1.2
  [276daf66] + SpecialFunctions v2.5.1
  [91464d47] + StableTasks v0.1.7
  [90137ffa] + StaticArrays v1.9.13
  [1e83bf80] + StaticArraysCore v1.4.3
  [10745b16] + Statistics v1.11.1
  [5e0ebb24] + Strided v2.3.0
  [4db3bf67] + StridedViews v0.4.1
  [09ab397b] + StructArrays v0.7.1
  [3783bdb8] + TableTraits v1.0.1
  [bd369af6] + Tables v1.12.0
  [ed4db957] + TaskLocalValues v0.1.2
  [07d1fe3e] + TensorKit v0.14.5
  [11fa318c] + TensorKitManifolds v0.7.2
  [13a9c161] + TensorKitSectors v0.1.4
  [6aa20fa7] + TensorOperations v5.2.0
  [3bb67fe8] + TranscodingStreams v0.11.3
  [9d95972d] + TupleTools v1.6.0
  [409d34a3] + VectorInterface v0.5.0
  [9f57e263] + WignerSymbols v2.0.0
  [e88e6eb3] + Zygote v0.7.6
  [700de1a5] + ZygoteRules v0.2.7
  [efe28fd5] + OpenSpecFun_jll v0.5.6+0
  [0dad84c5] + ArgTools v1.1.2
  [56f22d72] + Artifacts v1.11.0
  [2a0f44e3] + Base64 v1.11.0
  [ade2ca70] + Dates v1.11.0
  [8ba89e20] + Distributed v1.11.0
  [f43a241f] + Downloads v1.6.0
  [7b1f6079] + FileWatching v1.11.0
  [b77e0a4c] + InteractiveUtils v1.11.0
  [b27032c2] + LibCURL v0.6.4
  [76f85450] + LibGit2 v1.11.0
  [8f399da3] + Libdl v1.11.0
  [37e2e46d] + LinearAlgebra v1.11.0
  [56ddb016] + Logging v1.11.0
  [d6f4376e] + Markdown v1.11.0
  [a63ad114] + Mmap v1.11.0
  [ca575930] + NetworkOptions v1.2.0
  [44cfe95a] + Pkg v1.11.0
  [de0858da] + Printf v1.11.0
  [9a3f8284] + Random v1.11.0
  [ea8e919c] + SHA v0.7.0
  [9e88b42a] + Serialization v1.11.0
  [6462fe0b] + Sockets v1.11.0
  [2f01184e] + SparseArrays v1.11.0
  [4607b0f0] + SuiteSparse
  [fa267f1f] + TOML v1.0.3
  [a4e569a6] + Tar v1.10.0
  [cf7118a7] + UUIDs v1.11.0
  [4ec0a83e] + Unicode v1.11.0
  [e66e0078] + CompilerSupportLibraries_jll v1.1.1+0
  [deac9b47] + LibCURL_jll v8.6.0+0
  [e37daf67] + LibGit2_jll v1.7.2+0
  [29816b5a] + LibSSH2_jll v1.11.0+1
  [c8ffd9c3] + MbedTLS_jll v2.28.6+0
  [14a3606d] + MozillaCACerts_jll v2023.12.12
  [4536629a] + OpenBLAS_jll v0.3.27+1
  [05823500] + OpenLibm_jll v0.8.1+2
  [bea87d4a] + SuiteSparse_jll v7.7.0+0
  [83775a58] + Zlib_jll v1.2.13+1
  [8e850b90] + libblastrampoline_jll v5.11.0+0
  [8e850ede] + nghttp2_jll v1.59.0+0
  [3f19e933] + p7zip_jll v17.4.0+2
        Info Packages marked with ⌅ have new versions available but compatibility constraints restrict them from upgrading. To see why use `status --outdated -m`
Precompiling project...
    388.5 ms  ✓ DataValueInterfaces
    432.5 ms  ✓ TaskLocalValues
    407.5 ms  ✓ IntegerMathUtils
    414.9 ms  ✓ RealDot
    441.7 ms  ✓ Richardson
    501.5 ms  ✓ StableTasks
    507.3 ms  ✓ HalfIntegers
    492.3 ms  ✓ InverseFunctions
    518.0 ms  ✓ LRUCache
    584.5 ms  ✓ VectorInterface
    614.6 ms  ✓ OrderedCollections
    597.9 ms  ✓ DocStringExtensions
    595.6 ms  ✓ Statistics
    616.6 ms  ✓ AbstractFFTs
    388.8 ms  ✓ IteratorInterfaceExtensions
    403.4 ms  ✓ PackageExtensionCompat
    488.3 ms  ✓ DataAPI
    412.8 ms  ✓ CompositionsBase
    570.6 ms  ✓ ConstructionBase
    981.7 ms  ✓ FillArrays
    469.5 ms  ✓ PtrArrays
    556.8 ms  ✓ ChunkSplitters
    470.5 ms  ✓ RationalRoots
    497.5 ms  ✓ StaticArraysCore
    501.9 ms  ✓ TupleTools
   1190.9 ms  ✓ IrrationalConstants
    624.2 ms  ✓ TranscodingStreams
    521.0 ms  ✓ NaNMath
    574.2 ms  ✓ Requires
    886.8 ms  ✓ Statistics → SparseArraysExt
    446.0 ms  ✓ TableTraits
    494.7 ms  ✓ InverseFunctions → InverseFunctionsDatesExt
    666.5 ms  ✓ LoggingExtras
    644.7 ms  ✓ SuiteSparse
    497.9 ms  ✓ HashArrayMappedTries
    653.2 ms  ✓ Compat
   1127.4 ms  ✓ InitialValues
    724.0 ms  ✓ Primes
    622.1 ms  ✓ LRUCache → SerializationExt
    561.2 ms  ✓ StridedViews
    506.2 ms  ✓ CompositionsBase → CompositionsBaseInverseFunctionsExt
    830.0 ms  ✓ Preferences
    504.2 ms  ✓ ConstructionBase → ConstructionBaseLinearAlgebraExt
    493.7 ms  ✓ DiffResults
    570.8 ms  ✓ FillArrays → FillArraysStatisticsExt
    447.1 ms  ✓ ScopedValues
    493.9 ms  ✓ Compat → CompatLinearAlgebraExt
    671.6 ms  ✓ Adapt
    463.5 ms  ✓ StridedViews → StridedViewsPtrArraysExt
    833.2 ms  ✓ LogExpFunctions
    741.3 ms  ✓ FillArrays → FillArraysSparseArraysExt
    950.0 ms  ✓ Tables
    698.4 ms  ✓ Strided
    945.1 ms  ✓ SparseInverseSubset
    600.8 ms  ✓ PrecompileTools
    593.2 ms  ✓ JLLWrappers
    438.6 ms  ✓ LogExpFunctions → LogExpFunctionsInverseFunctionsExt
    566.7 ms  ✓ GPUArraysCore
   1723.3 ms  ✓ KrylovKit
    766.0 ms  ✓ Adapt → AdaptSparseArraysExt
   2747.8 ms  ✓ MacroTools
    654.1 ms  ✓ OpenSpecFun_jll
    878.0 ms  ✓ StructArrays
   1434.5 ms  ✓ OptimKit
   1340.3 ms  ✓ ChainRulesCore
    530.3 ms  ✓ CommonSubexpressions
    468.6 ms  ✓ StructArrays → StructArraysAdaptExt
    483.8 ms  ✓ StructArrays → StructArraysLinearAlgebraExt
    670.6 ms  ✓ StructArrays → StructArraysSparseArraysExt
    583.4 ms  ✓ AbstractFFTs → AbstractFFTsChainRulesCoreExt
    645.9 ms  ✓ ChainRulesCore → ChainRulesCoreSparseArraysExt
   1699.7 ms  ✓ RecipesBase
   2559.0 ms  ✓ WignerSymbols
    846.1 ms  ✓ ZygoteRules
    656.9 ms  ✓ KrylovKit → KrylovKitChainRulesCoreExt
   1718.6 ms  ✓ IRTools
   1413.2 ms  ✓ LogExpFunctions → LogExpFunctionsChainRulesCoreExt
   1946.7 ms  ✓ Accessors
   3862.8 ms  ✓ FileIO
    559.5 ms  ✓ Accessors → LinearAlgebraExt
    563.1 ms  ✓ Accessors → StructArraysExt
   2661.4 ms  ✓ SpecialFunctions
    851.5 ms  ✓ BangBang
    717.1 ms  ✓ DiffRules
    584.5 ms  ✓ BangBang → BangBangTablesExt
    586.7 ms  ✓ BangBang → BangBangStructArraysExt
    593.1 ms  ✓ BangBang → BangBangChainRulesCoreExt
    981.6 ms  ✓ OhMyThreads
   1754.3 ms  ✓ SpecialFunctions → SpecialFunctionsChainRulesCoreExt
   6870.5 ms  ✓ StaticArrays
   5470.1 ms  ✓ ChainRules
    694.7 ms  ✓ StaticArrays → StaticArraysStatisticsExt
    693.6 ms  ✓ ConstructionBase → ConstructionBaseStaticArraysExt
   3484.7 ms  ✓ ForwardDiff
    719.9 ms  ✓ StaticArrays → StaticArraysChainRulesCoreExt
    743.3 ms  ✓ StructArrays → StructArraysStaticArraysExt
    745.6 ms  ✓ Adapt → AdaptStaticArraysExt
    813.4 ms  ✓ BangBang → BangBangStaticArraysExt
    855.3 ms  ✓ Accessors → StaticArraysExt
    885.8 ms  ✓ ForwardDiff → ForwardDiffStaticArraysExt
   1161.1 ms  ✓ FiniteDifferences
  12592.8 ms  ✓ ArrayLayouts
    798.2 ms  ✓ ArrayLayouts → ArrayLayoutsSparseArraysExt
   1594.2 ms  ✓ BlockArrays
    810.6 ms  ✓ BlockArrays → BlockArraysAdaptExt
  29033.7 ms  ✓ JLD2
  26338.5 ms  ✓ Zygote
 114001.1 ms  ✓ TensorOperations
   1277.7 ms  ✓ TensorOperations → TensorOperationsChainRulesCoreExt
   5421.5 ms  ✓ TensorKitSectors
   6881.7 ms  ✓ TensorKit
   1798.6 ms  ✓ TensorKitManifolds
   1844.9 ms  ✓ TensorKit → TensorKitFiniteDifferencesExt
   2147.0 ms  ✓ TensorKit → TensorKitChainRulesCoreExt
   2582.7 ms  ✓ BlockTensorKit
  13843.3 ms  ✓ MPSKit
  11920.4 ms  ✓ MPSKitModels
  13951.5 ms  ✓ PEPSKit
  118 dependencies successfully precompiled in 171 seconds. 31 already precompiled.
[ Info: CTMRG init:	obj = +6.799183342163e-02 -4.137894304824e-02im	err = 1.0000e+00
[ Info: CTMRG conv 35:	obj = +3.167986336773e+00	err = 6.8091387167e-10	time = 31.72 sec
[ Info: CTMRG init:	obj = +3.167986336773e+00	err = 1.0000e+00
[ Info: CTMRG conv 4:	obj = +3.167986336773e+00	err = 2.4689036662e-11	time = 1.52 min
┌ Warning: `svd` cotangents sensitive to gauge choice: (|Δgauge| = 1.1423375237154647)
└ @ TensorKitChainRulesCoreExt ~/.julia/packages/TensorKit/esxcj/ext/TensorKitChainRulesCoreExt/factorizations.jl:254
┌ Warning: `svd` cotangents sensitive to gauge choice: (|Δgauge| = 0.005560122121656174)
└ @ TensorKitChainRulesCoreExt ~/.julia/packages/TensorKit/esxcj/ext/TensorKitChainRulesCoreExt/factorizations.jl:254
┌ Warning: `svd` cotangents sensitive to gauge choice: (|Δgauge| = 1.1418929051540005)
└ @ TensorKitChainRulesCoreExt ~/.julia/packages/TensorKit/esxcj/ext/TensorKitChainRulesCoreExt/factorizations.jl:254
[ Info: LBFGS: initializing with f = -0.627089675074, ‖∇f‖ = 9.8278e-01
[ Info: CTMRG init:	obj = +3.172445232969e+00	err = 1.0000e+00
[ Info: CTMRG conv 19:	obj = +3.172473544040e+00	err = 8.3150774463e-10	time = 6.77 sec
┌ Warning: `svd` cotangents sensitive to gauge choice: (|Δgauge| = 1.1447294540621955)
└ @ TensorKitChainRulesCoreExt ~/.julia/packages/TensorKit/esxcj/ext/TensorKitChainRulesCoreExt/factorizations.jl:254
┌ Warning: `svd` cotangents sensitive to gauge choice: (|Δgauge| = 1.539691993725323e-8)
└ @ TensorKitChainRulesCoreExt ~/.julia/packages/TensorKit/esxcj/ext/TensorKitChainRulesCoreExt/factorizations.jl:254
┌ Warning: `svd` cotangents sensitive to gauge choice: (|Δgauge| = 1.144729458769923)
└ @ TensorKitChainRulesCoreExt ~/.julia/packages/TensorKit/esxcj/ext/TensorKitChainRulesCoreExt/factorizations.jl:254
[ Info: CTMRG init:	obj = +3.190400859321e+00	err = 1.0000e+00
[ Info: CTMRG conv 21:	obj = +3.191121303919e+00	err = 9.4888944533e-10	time = 7.06 sec
┌ Warning: `svd` cotangents sensitive to gauge choice: (|Δgauge| = 1.1546154604830308)
└ @ TensorKitChainRulesCoreExt ~/.julia/packages/TensorKit/esxcj/ext/TensorKitChainRulesCoreExt/factorizations.jl:254
┌ Warning: `svd` cotangents sensitive to gauge choice: (|Δgauge| = 3.1841249359456107e-9)
└ @ TensorKitChainRulesCoreExt ~/.julia/packages/TensorKit/esxcj/ext/TensorKitChainRulesCoreExt/factorizations.jl:254
┌ Warning: `svd` cotangents sensitive to gauge choice: (|Δgauge| = 1.154615461455755)
└ @ TensorKitChainRulesCoreExt ~/.julia/packages/TensorKit/esxcj/ext/TensorKitChainRulesCoreExt/factorizations.jl:254
[ Info: CTMRG init:	obj = +3.282979862449e+00	err = 1.0000e+00
[ Info: CTMRG conv 25:	obj = +3.302543227316e+00	err = 6.4462682539e-10	time = 8.98 sec
┌ Warning: `svd` cotangents sensitive to gauge choice: (|Δgauge| = 1.2113401213398616)
└ @ TensorKitChainRulesCoreExt ~/.julia/packages/TensorKit/esxcj/ext/TensorKitChainRulesCoreExt/factorizations.jl:254
┌ Warning: `svd` cotangents sensitive to gauge choice: (|Δgauge| = 1.4758201649804162e-10)
└ @ TensorKitChainRulesCoreExt ~/.julia/packages/TensorKit/esxcj/ext/TensorKitChainRulesCoreExt/factorizations.jl:254
┌ Warning: `svd` cotangents sensitive to gauge choice: (|Δgauge| = 1.2113401213808896)
└ @ TensorKitChainRulesCoreExt ~/.julia/packages/TensorKit/esxcj/ext/TensorKitChainRulesCoreExt/factorizations.jl:254
[ Info: CTMRG init:	obj = +3.805223847825e+00	err = 1.0000e+00
[ Info: CTMRG conv 27:	obj = +4.426372325975e+00	err = 9.8625586689e-10	time = 9.29 sec
┌ Warning: `svd` cotangents sensitive to gauge choice: (|Δgauge| = 1.488926758433834)
└ @ TensorKitChainRulesCoreExt ~/.julia/packages/TensorKit/esxcj/ext/TensorKitChainRulesCoreExt/factorizations.jl:254
┌ Warning: `svd` cotangents sensitive to gauge choice: (|Δgauge| = 1.5256898033259892e-11)
└ @ TensorKitChainRulesCoreExt ~/.julia/packages/TensorKit/esxcj/ext/TensorKitChainRulesCoreExt/factorizations.jl:254
┌ Warning: `svd` cotangents sensitive to gauge choice: (|Δgauge| = 1.4889267584318815)
└ @ TensorKitChainRulesCoreExt ~/.julia/packages/TensorKit/esxcj/ext/TensorKitChainRulesCoreExt/factorizations.jl:254
[ Info: CTMRG init:	obj = +6.363243035364e+00 +9.084749118147e-12im	err = 1.0000e+00
[ Info: CTMRG conv 25:	obj = +1.664791191069e+01	err = 9.4995049599e-10	time = 8.92 sec
┌ Warning: `svd` cotangents sensitive to gauge choice: (|Δgauge| = 0.6467519425374257)
└ @ TensorKitChainRulesCoreExt ~/.julia/packages/TensorKit/esxcj/ext/TensorKitChainRulesCoreExt/factorizations.jl:254
┌ Warning: `svd` cotangents sensitive to gauge choice: (|Δgauge| = 0.6467519424967062)
└ @ TensorKitChainRulesCoreExt ~/.julia/packages/TensorKit/esxcj/ext/TensorKitChainRulesCoreExt/factorizations.jl:254
[ Info: CTMRG init:	obj = +6.113906689443e+00 +6.056132906838e-12im	err = 1.0000e+00
[ Info: CTMRG conv 18:	obj = +1.905373922842e+01	err = 3.0358105576e-10	time = 6.80 sec
┌ Warning: `svd` cotangents sensitive to gauge choice: (|Δgauge| = 0.3058077204087683)
└ @ TensorKitChainRulesCoreExt ~/.julia/packages/TensorKit/esxcj/ext/TensorKitChainRulesCoreExt/factorizations.jl:254
┌ Warning: `svd` cotangents sensitive to gauge choice: (|Δgauge| = 0.30580772040436044)
└ @ TensorKitChainRulesCoreExt ~/.julia/packages/TensorKit/esxcj/ext/TensorKitChainRulesCoreExt/factorizations.jl:254
[ Info: CTMRG init:	obj = +6.569480048121e+00 +8.712013269305e-12im	err = 1.0000e+00
[ Info: CTMRG conv 19:	obj = +1.909544789628e+01	err = 2.6316297873e-10	time = 7.38 sec
┌ Warning: `svd` cotangents sensitive to gauge choice: (|Δgauge| = 0.48098453998363827)
└ @ TensorKitChainRulesCoreExt ~/.julia/packages/TensorKit/esxcj/ext/TensorKitChainRulesCoreExt/factorizations.jl:254
┌ Warning: `svd` cotangents sensitive to gauge choice: (|Δgauge| = 0.48098454000946)
└ @ TensorKitChainRulesCoreExt ~/.julia/packages/TensorKit/esxcj/ext/TensorKitChainRulesCoreExt/factorizations.jl:254
[ Info: LBFGS: iter    1, time 1373.50 s: f = -3.035400180939, ‖∇f‖ = 3.3310e-02, α = 2.91e+03, m = 0, nfg = 7
[ Info: CTMRG init:	obj = +2.234178051690e+01	err = 1.0000e+00
[ Info: CTMRG conv 15:	obj = +2.249522521161e+01	err = 7.2784701964e-10	time = 5.76 sec
┌ Warning: `svd` cotangents sensitive to gauge choice: (|Δgauge| = 0.16440401503996865)
└ @ TensorKitChainRulesCoreExt ~/.julia/packages/TensorKit/esxcj/ext/TensorKitChainRulesCoreExt/factorizations.jl:254
┌ Warning: `svd` cotangents sensitive to gauge choice: (|Δgauge| = 0.16440401508269456)
└ @ TensorKitChainRulesCoreExt ~/.julia/packages/TensorKit/esxcj/ext/TensorKitChainRulesCoreExt/factorizations.jl:254
[ Info: CTMRG init:	obj = +2.098806082216e+01	err = 1.0000e+00
[ Info: CTMRG conv 16:	obj = +2.104523474509e+01	err = 2.2877217086e-10	time = 5.64 sec
┌ Warning: `svd` cotangents sensitive to gauge choice: (|Δgauge| = 0.2777009310411543)
└ @ TensorKitChainRulesCoreExt ~/.julia/packages/TensorKit/esxcj/ext/TensorKitChainRulesCoreExt/factorizations.jl:254
┌ Warning: `svd` cotangents sensitive to gauge choice: (|Δgauge| = 0.27770093107215926)
└ @ TensorKitChainRulesCoreExt ~/.julia/packages/TensorKit/esxcj/ext/TensorKitChainRulesCoreExt/factorizations.jl:254
[ Info: LBFGS: iter    2, time 1395.72 s: f = -3.038573240977, ‖∇f‖ = 1.4888e-02, α = 5.64e-01, m = 1, nfg = 2
[ Info: CTMRG init:	obj = +2.040827069017e+01	err = 1.0000e+00
[ Info: CTMRG conv 15:	obj = +2.041250559708e+01	err = 7.0287406528e-10	time = 5.99 sec
┌ Warning: `svd` cotangents sensitive to gauge choice: (|Δgauge| = 0.33156368455961216)
└ @ TensorKitChainRulesCoreExt ~/.julia/packages/TensorKit/esxcj/ext/TensorKitChainRulesCoreExt/factorizations.jl:254
┌ Warning: `svd` cotangents sensitive to gauge choice: (|Δgauge| = 4.7275350362566226e-12)
└ @ TensorKitChainRulesCoreExt ~/.julia/packages/TensorKit/esxcj/ext/TensorKitChainRulesCoreExt/factorizations.jl:254
┌ Warning: `svd` cotangents sensitive to gauge choice: (|Δgauge| = 0.33156368450679957)
└ @ TensorKitChainRulesCoreExt ~/.julia/packages/TensorKit/esxcj/ext/TensorKitChainRulesCoreExt/factorizations.jl:254
[ Info: LBFGS: iter    3, time 1406.56 s: f = -3.040357583383, ‖∇f‖ = 6.0780e-03, α = 1.00e+00, m = 2, nfg = 1
[ Info: CTMRG init:	obj = +1.988141427839e+01	err = 1.0000e+00
[ Info: CTMRG conv 15:	obj = +1.988356304131e+01	err = 8.9303221206e-10	time = 6.25 sec
┌ Warning: `svd` cotangents sensitive to gauge choice: (|Δgauge| = 0.36646952107919717)
└ @ TensorKitChainRulesCoreExt ~/.julia/packages/TensorKit/esxcj/ext/TensorKitChainRulesCoreExt/factorizations.jl:254
┌ Warning: `svd` cotangents sensitive to gauge choice: (|Δgauge| = 8.50899842483351e-12)
└ @ TensorKitChainRulesCoreExt ~/.julia/packages/TensorKit/esxcj/ext/TensorKitChainRulesCoreExt/factorizations.jl:254
┌ Warning: `svd` cotangents sensitive to gauge choice: (|Δgauge| = 0.3664695211082349)
└ @ TensorKitChainRulesCoreExt ~/.julia/packages/TensorKit/esxcj/ext/TensorKitChainRulesCoreExt/factorizations.jl:254
[ Info: LBFGS: iter    4, time 1417.12 s: f = -3.040804551080, ‖∇f‖ = 4.7139e-03, α = 1.00e+00, m = 3, nfg = 1
[ Info: CTMRG init:	obj = +1.960823545741e+01	err = 1.0000e+00
[ Info: CTMRG conv 15:	obj = +1.960849450267e+01	err = 5.4936408413e-10	time = 6.32 sec
┌ Warning: `svd` cotangents sensitive to gauge choice: (|Δgauge| = 0.3729303580969091)
└ @ TensorKitChainRulesCoreExt ~/.julia/packages/TensorKit/esxcj/ext/TensorKitChainRulesCoreExt/factorizations.jl:254
┌ Warning: `svd` cotangents sensitive to gauge choice: (|Δgauge| = 1.1154976162185629e-11)
└ @ TensorKitChainRulesCoreExt ~/.julia/packages/TensorKit/esxcj/ext/TensorKitChainRulesCoreExt/factorizations.jl:254
┌ Warning: `svd` cotangents sensitive to gauge choice: (|Δgauge| = 0.37293035811676056)
└ @ TensorKitChainRulesCoreExt ~/.julia/packages/TensorKit/esxcj/ext/TensorKitChainRulesCoreExt/factorizations.jl:254
[ Info: CTMRG init:	obj = +1.844390527181e+01	err = 1.0000e+00
[ Info: CTMRG conv 17:	obj = +1.845082498224e+01	err = 2.4580255721e-10	time = 6.88 sec
┌ Warning: `svd` cotangents sensitive to gauge choice: (|Δgauge| = 0.4019069912627635)
└ @ TensorKitChainRulesCoreExt ~/.julia/packages/TensorKit/esxcj/ext/TensorKitChainRulesCoreExt/factorizations.jl:254
┌ Warning: `svd` cotangents sensitive to gauge choice: (|Δgauge| = 2.8688637180259325e-12)
└ @ TensorKitChainRulesCoreExt ~/.julia/packages/TensorKit/esxcj/ext/TensorKitChainRulesCoreExt/factorizations.jl:254
┌ Warning: `svd` cotangents sensitive to gauge choice: (|Δgauge| = 0.4019069912692992)
└ @ TensorKitChainRulesCoreExt ~/.julia/packages/TensorKit/esxcj/ext/TensorKitChainRulesCoreExt/factorizations.jl:254
[ Info: CTMRG init:	obj = +1.166407998319e+01	err = 1.0000e+00
[ Info: CTMRG conv 22:	obj = +1.199986566575e+01	err = 3.2621842178e-10	time = 9.27 sec
┌ Warning: `svd` cotangents sensitive to gauge choice: (|Δgauge| = 0.7740776994267655)
└ @ TensorKitChainRulesCoreExt ~/.julia/packages/TensorKit/esxcj/ext/TensorKitChainRulesCoreExt/factorizations.jl:254
┌ Warning: `svd` cotangents sensitive to gauge choice: (|Δgauge| = 1.4520278999960862e-11)
└ @ TensorKitChainRulesCoreExt ~/.julia/packages/TensorKit/esxcj/ext/TensorKitChainRulesCoreExt/factorizations.jl:254
┌ Warning: `svd` cotangents sensitive to gauge choice: (|Δgauge| = 0.7740776994266256)
└ @ TensorKitChainRulesCoreExt ~/.julia/packages/TensorKit/esxcj/ext/TensorKitChainRulesCoreExt/factorizations.jl:254
[ Info: CTMRG init:	obj = +1.811263356452e+01	err = 1.0000e+00
[ Info: CTMRG conv 17:	obj = +1.812308073036e+01	err = 3.9989994115e-10	time = 8.09 sec
┌ Warning: `svd` cotangents sensitive to gauge choice: (|Δgauge| = 0.41080497767124313)
└ @ TensorKitChainRulesCoreExt ~/.julia/packages/TensorKit/esxcj/ext/TensorKitChainRulesCoreExt/factorizations.jl:254
┌ Warning: `svd` cotangents sensitive to gauge choice: (|Δgauge| = 3.9313272080682025e-12)
└ @ TensorKitChainRulesCoreExt ~/.julia/packages/TensorKit/esxcj/ext/TensorKitChainRulesCoreExt/factorizations.jl:254
┌ Warning: `svd` cotangents sensitive to gauge choice: (|Δgauge| = 0.4108049776912052)
└ @ TensorKitChainRulesCoreExt ~/.julia/packages/TensorKit/esxcj/ext/TensorKitChainRulesCoreExt/factorizations.jl:254
[ Info: CTMRG init:	obj = +1.499885790997e+01	err = 1.0000e+00
[ Info: CTMRG conv 19:	obj = +1.508452493055e+01	err = 7.9318580706e-10	time = 9.38 sec
┌ Warning: `svd` cotangents sensitive to gauge choice: (|Δgauge| = 0.5214474538304792)
└ @ TensorKitChainRulesCoreExt ~/.julia/packages/TensorKit/esxcj/ext/TensorKitChainRulesCoreExt/factorizations.jl:254
┌ Warning: `svd` cotangents sensitive to gauge choice: (|Δgauge| = 9.528968193282517e-12)
└ @ TensorKitChainRulesCoreExt ~/.julia/packages/TensorKit/esxcj/ext/TensorKitChainRulesCoreExt/factorizations.jl:254
┌ Warning: `svd` cotangents sensitive to gauge choice: (|Δgauge| = 0.5214474538325654)
└ @ TensorKitChainRulesCoreExt ~/.julia/packages/TensorKit/esxcj/ext/TensorKitChainRulesCoreExt/factorizations.jl:254
[ Info: CTMRG init:	obj = +1.462721593785e+01	err = 1.0000e+00
[ Info: CTMRG conv 20:	obj = +1.472861471812e+01	err = 2.9819859990e-10	time = 8.88 sec
┌ Warning: `svd` cotangents sensitive to gauge choice: (|Δgauge| = 0.5398570926711319)
└ @ TensorKitChainRulesCoreExt ~/.julia/packages/TensorKit/esxcj/ext/TensorKitChainRulesCoreExt/factorizations.jl:254
┌ Warning: `svd` cotangents sensitive to gauge choice: (|Δgauge| = 5.164527128625287e-12)
└ @ TensorKitChainRulesCoreExt ~/.julia/packages/TensorKit/esxcj/ext/TensorKitChainRulesCoreExt/factorizations.jl:254
┌ Warning: `svd` cotangents sensitive to gauge choice: (|Δgauge| = 0.539857092672101)
└ @ TensorKitChainRulesCoreExt ~/.julia/packages/TensorKit/esxcj/ext/TensorKitChainRulesCoreExt/factorizations.jl:254
[ Info: CTMRG init:	obj = +1.315318250928e+01	err = 1.0000e+00
[ Info: CTMRG conv 21:	obj = +1.334071111072e+01	err = 3.6303258080e-10	time = 9.91 sec
┌ Warning: `svd` cotangents sensitive to gauge choice: (|Δgauge| = 0.632469858992345)
└ @ TensorKitChainRulesCoreExt ~/.julia/packages/TensorKit/esxcj/ext/TensorKitChainRulesCoreExt/factorizations.jl:254
┌ Warning: `svd` cotangents sensitive to gauge choice: (|Δgauge| = 9.262024035152374e-12)
└ @ TensorKitChainRulesCoreExt ~/.julia/packages/TensorKit/esxcj/ext/TensorKitChainRulesCoreExt/factorizations.jl:254
┌ Warning: `svd` cotangents sensitive to gauge choice: (|Δgauge| = 0.6324698589936258)
└ @ TensorKitChainRulesCoreExt ~/.julia/packages/TensorKit/esxcj/ext/TensorKitChainRulesCoreExt/factorizations.jl:254
[ Info: LBFGS: iter    5, time 1510.69 s: f = -3.058894256729, ‖∇f‖ = 1.2866e-01, α = 2.08e+01, m = 3, nfg = 7
[ Info: CTMRG init:	obj = +1.192889497534e+01	err = 1.0000e+00
[ Info: CTMRG conv 18:	obj = +1.196567942210e+01	err = 5.4385676630e-10	time = 8.71 sec
┌ Warning: `svd` cotangents sensitive to gauge choice: (|Δgauge| = 0.6487202966718342)
└ @ TensorKitChainRulesCoreExt ~/.julia/packages/TensorKit/esxcj/ext/TensorKitChainRulesCoreExt/factorizations.jl:254
┌ Warning: `svd` cotangents sensitive to gauge choice: (|Δgauge| = 2.998602413128048e-10)
└ @ TensorKitChainRulesCoreExt ~/.julia/packages/TensorKit/esxcj/ext/TensorKitChainRulesCoreExt/factorizations.jl:254
┌ Warning: `svd` cotangents sensitive to gauge choice: (|Δgauge| = 0.6487202966817698)
└ @ TensorKitChainRulesCoreExt ~/.julia/packages/TensorKit/esxcj/ext/TensorKitChainRulesCoreExt/factorizations.jl:254
[ Info: LBFGS: iter    6, time 1524.42 s: f = -3.075795979038, ‖∇f‖ = 2.0593e-01, α = 1.00e+00, m = 3, nfg = 1
[ Info: CTMRG init:	obj = +9.531661420186e+00	err = 1.0000e+00
[ Info: CTMRG conv 19:	obj = +1.115672695757e+01	err = 8.5846670647e-10	time = 9.14 sec
┌ Warning: `svd` cotangents sensitive to gauge choice: (|Δgauge| = 1.583753069847954)
└ @ TensorKitChainRulesCoreExt ~/.julia/packages/TensorKit/esxcj/ext/TensorKitChainRulesCoreExt/factorizations.jl:254
┌ Warning: `svd` cotangents sensitive to gauge choice: (|Δgauge| = 2.1103973324841606e-10)
└ @ TensorKitChainRulesCoreExt ~/.julia/packages/TensorKit/esxcj/ext/TensorKitChainRulesCoreExt/factorizations.jl:254
┌ Warning: `svd` cotangents sensitive to gauge choice: (|Δgauge| = 1.583753070059409)
└ @ TensorKitChainRulesCoreExt ~/.julia/packages/TensorKit/esxcj/ext/TensorKitChainRulesCoreExt/factorizations.jl:254
[ Info: CTMRG init:	obj = +9.261741822876e+00	err = 1.0000e+00
[ Info: CTMRG conv 20:	obj = +1.121205291781e+01	err = 4.5887891647e-10	time = 9.53 sec
┌ Warning: `svd` cotangents sensitive to gauge choice: (|Δgauge| = 1.6503004188872366)
└ @ TensorKitChainRulesCoreExt ~/.julia/packages/TensorKit/esxcj/ext/TensorKitChainRulesCoreExt/factorizations.jl:254
┌ Warning: `svd` cotangents sensitive to gauge choice: (|Δgauge| = 2.1454969028357322e-10)
└ @ TensorKitChainRulesCoreExt ~/.julia/packages/TensorKit/esxcj/ext/TensorKitChainRulesCoreExt/factorizations.jl:254
┌ Warning: `svd` cotangents sensitive to gauge choice: (|Δgauge| = 1.6503004186718044)
└ @ TensorKitChainRulesCoreExt ~/.julia/packages/TensorKit/esxcj/ext/TensorKitChainRulesCoreExt/factorizations.jl:254
[ Info: CTMRG init:	obj = +1.196100785936e+01	err = 1.0000e+00
[ Info: CTMRG conv 17:	obj = +1.207710426233e+01	err = 8.0310234538e-10	time = 8.53 sec
┌ Warning: `svd` cotangents sensitive to gauge choice: (|Δgauge| = 0.24314585809826694)
└ @ TensorKitChainRulesCoreExt ~/.julia/packages/TensorKit/esxcj/ext/TensorKitChainRulesCoreExt/factorizations.jl:254
┌ Warning: `svd` cotangents sensitive to gauge choice: (|Δgauge| = 1.1885966024822128e-11)
└ @ TensorKitChainRulesCoreExt ~/.julia/packages/TensorKit/esxcj/ext/TensorKitChainRulesCoreExt/factorizations.jl:254
┌ Warning: `svd` cotangents sensitive to gauge choice: (|Δgauge| = 0.24314585808871259)
└ @ TensorKitChainRulesCoreExt ~/.julia/packages/TensorKit/esxcj/ext/TensorKitChainRulesCoreExt/factorizations.jl:254
[ Info: LBFGS: iter    7, time 1566.12 s: f = -3.112375918370, ‖∇f‖ = 1.3478e-01, α = 3.87e-02, m = 3, nfg = 3
[ Info: CTMRG init:	obj = +1.422545295896e+01	err = 1.0000e+00
[ Info: CTMRG conv 16:	obj = +1.436891887283e+01	err = 2.6661368574e-10	time = 8.16 sec
┌ Warning: `svd` cotangents sensitive to gauge choice: (|Δgauge| = 0.19241740910031946)
└ @ TensorKitChainRulesCoreExt ~/.julia/packages/TensorKit/esxcj/ext/TensorKitChainRulesCoreExt/factorizations.jl:254
┌ Warning: `svd` cotangents sensitive to gauge choice: (|Δgauge| = 1.2662079925162981e-11)
└ @ TensorKitChainRulesCoreExt ~/.julia/packages/TensorKit/esxcj/ext/TensorKitChainRulesCoreExt/factorizations.jl:254
┌ Warning: `svd` cotangents sensitive to gauge choice: (|Δgauge| = 0.19241740909058522)
└ @ TensorKitChainRulesCoreExt ~/.julia/packages/TensorKit/esxcj/ext/TensorKitChainRulesCoreExt/factorizations.jl:254
[ Info: CTMRG init:	obj = +1.350339990395e+01	err = 1.0000e+00
[ Info: CTMRG conv 15:	obj = +1.357348203749e+01	err = 4.4116766743e-10	time = 7.82 sec
┌ Warning: `svd` cotangents sensitive to gauge choice: (|Δgauge| = 0.20440634235842137)
└ @ TensorKitChainRulesCoreExt ~/.julia/packages/TensorKit/esxcj/ext/TensorKitChainRulesCoreExt/factorizations.jl:254
┌ Warning: `svd` cotangents sensitive to gauge choice: (|Δgauge| = 6.313462986982466e-11)
└ @ TensorKitChainRulesCoreExt ~/.julia/packages/TensorKit/esxcj/ext/TensorKitChainRulesCoreExt/factorizations.jl:254
┌ Warning: `svd` cotangents sensitive to gauge choice: (|Δgauge| = 0.2044063423570478)
└ @ TensorKitChainRulesCoreExt ~/.julia/packages/TensorKit/esxcj/ext/TensorKitChainRulesCoreExt/factorizations.jl:254
[ Info: LBFGS: iter    8, time 1591.86 s: f = -3.123277418375, ‖∇f‖ = 4.4675e-02, α = 6.63e-01, m = 3, nfg = 2
[ Info: CTMRG init:	obj = +1.315873915696e+01	err = 1.0000e+00
[ Info: CTMRG conv 15:	obj = +1.316179125096e+01	err = 5.6767670981e-10	time = 8.08 sec
┌ Warning: `svd` cotangents sensitive to gauge choice: (|Δgauge| = 0.22352131057187194)
└ @ TensorKitChainRulesCoreExt ~/.julia/packages/TensorKit/esxcj/ext/TensorKitChainRulesCoreExt/factorizations.jl:254
┌ Warning: `svd` cotangents sensitive to gauge choice: (|Δgauge| = 8.855419532852211e-11)
└ @ TensorKitChainRulesCoreExt ~/.julia/packages/TensorKit/esxcj/ext/TensorKitChainRulesCoreExt/factorizations.jl:254
┌ Warning: `svd` cotangents sensitive to gauge choice: (|Δgauge| = 0.22352131056979452)
└ @ TensorKitChainRulesCoreExt ~/.julia/packages/TensorKit/esxcj/ext/TensorKitChainRulesCoreExt/factorizations.jl:254
[ Info: LBFGS: iter    9, time 1604.62 s: f = -3.126633984971, ‖∇f‖ = 2.1228e-02, α = 1.00e+00, m = 3, nfg = 1
[ Info: CTMRG init:	obj = +1.276316323384e+01	err = 1.0000e+00
[ Info: CTMRG conv 15:	obj = +1.276646621837e+01	err = 7.9846267392e-10	time = 9.33 sec
┌ Warning: `svd` cotangents sensitive to gauge choice: (|Δgauge| = 0.24326064483195728)
└ @ TensorKitChainRulesCoreExt ~/.julia/packages/TensorKit/esxcj/ext/TensorKitChainRulesCoreExt/factorizations.jl:254
┌ Warning: `svd` cotangents sensitive to gauge choice: (|Δgauge| = 1.2910535547175617e-10)
└ @ TensorKitChainRulesCoreExt ~/.julia/packages/TensorKit/esxcj/ext/TensorKitChainRulesCoreExt/factorizations.jl:254
┌ Warning: `svd` cotangents sensitive to gauge choice: (|Δgauge| = 0.2432606448280197)
└ @ TensorKitChainRulesCoreExt ~/.julia/packages/TensorKit/esxcj/ext/TensorKitChainRulesCoreExt/factorizations.jl:254
[ Info: LBFGS: iter   10, time 1618.76 s: f = -3.127817144128, ‖∇f‖ = 1.8661e-02, α = 1.00e+00, m = 3, nfg = 1
[ Info: CTMRG init:	obj = +1.277042389575e+01	err = 1.0000e+00
[ Info: CTMRG conv 14:	obj = +1.277044387577e+01	err = 7.7765573327e-10	time = 8.09 sec
┌ Warning: `svd` cotangents sensitive to gauge choice: (|Δgauge| = 0.24240723942161077)
└ @ TensorKitChainRulesCoreExt ~/.julia/packages/TensorKit/esxcj/ext/TensorKitChainRulesCoreExt/factorizations.jl:254
┌ Warning: `svd` cotangents sensitive to gauge choice: (|Δgauge| = 4.085977189579308e-10)
└ @ TensorKitChainRulesCoreExt ~/.julia/packages/TensorKit/esxcj/ext/TensorKitChainRulesCoreExt/factorizations.jl:254
┌ Warning: `svd` cotangents sensitive to gauge choice: (|Δgauge| = 0.2424072394070621)
└ @ TensorKitChainRulesCoreExt ~/.julia/packages/TensorKit/esxcj/ext/TensorKitChainRulesCoreExt/factorizations.jl:254
[ Info: CTMRG init:	obj = +1.277743509908e+01	err = 1.0000e+00
[ Info: CTMRG conv 16:	obj = +1.277792430003e+01	err = 2.7453917295e-10	time = 9.13 sec
┌ Warning: `svd` cotangents sensitive to gauge choice: (|Δgauge| = 0.23926928696954072)
└ @ TensorKitChainRulesCoreExt ~/.julia/packages/TensorKit/esxcj/ext/TensorKitChainRulesCoreExt/factorizations.jl:254
┌ Warning: `svd` cotangents sensitive to gauge choice: (|Δgauge| = 6.122771395892048e-11)
└ @ TensorKitChainRulesCoreExt ~/.julia/packages/TensorKit/esxcj/ext/TensorKitChainRulesCoreExt/factorizations.jl:254
┌ Warning: `svd` cotangents sensitive to gauge choice: (|Δgauge| = 0.23926928696897548)
└ @ TensorKitChainRulesCoreExt ~/.julia/packages/TensorKit/esxcj/ext/TensorKitChainRulesCoreExt/factorizations.jl:254
[ Info: CTMRG init:	obj = +1.260150225491e+01	err = 1.0000e+00
[ Info: CTMRG conv 68:	obj = +1.261260740163e+01	err = 9.3086320132e-10	time = 41.64 sec
┌ Warning: `svd` cotangents sensitive to gauge choice: (|Δgauge| = 0.2293359582608263)
└ @ TensorKitChainRulesCoreExt ~/.julia/packages/TensorKit/esxcj/ext/TensorKitChainRulesCoreExt/factorizations.jl:254
┌ Warning: `svd` cotangents sensitive to gauge choice: (|Δgauge| = 0.22933595826065928)
└ @ TensorKitChainRulesCoreExt ~/.julia/packages/TensorKit/esxcj/ext/TensorKitChainRulesCoreExt/factorizations.jl:254
[ Info: CTMRG init:	obj = +7.417328685775e+00	err = 1.0000e+00
[ Info: CTMRG conv 23:	obj = +8.701157287703e+00	err = 8.4263426027e-10	time = 16.75 sec
┌ Warning: `svd` cotangents sensitive to gauge choice: (|Δgauge| = 0.3333463283996615)
└ @ TensorKitChainRulesCoreExt ~/.julia/packages/TensorKit/esxcj/ext/TensorKitChainRulesCoreExt/factorizations.jl:254
┌ Warning: `svd` cotangents sensitive to gauge choice: (|Δgauge| = 0.3333463283989725)
└ @ TensorKitChainRulesCoreExt ~/.julia/packages/TensorKit/esxcj/ext/TensorKitChainRulesCoreExt/factorizations.jl:254
[ Info: CTMRG init:	obj = +1.256344068626e+01	err = 1.0000e+00
[ Info: CTMRG conv 66:	obj = +1.257633983263e+01	err = 8.7917732886e-10	time = 50.04 sec
┌ Warning: `svd` cotangents sensitive to gauge choice: (|Δgauge| = 0.2287940576293565)
└ @ TensorKitChainRulesCoreExt ~/.julia/packages/TensorKit/esxcj/ext/TensorKitChainRulesCoreExt/factorizations.jl:254
┌ Warning: `svd` cotangents sensitive to gauge choice: (|Δgauge| = 0.22879405762724853)
└ @ TensorKitChainRulesCoreExt ~/.julia/packages/TensorKit/esxcj/ext/TensorKitChainRulesCoreExt/factorizations.jl:254
[ Info: LBFGS: iter   11, time 1790.09 s: f = -3.136808504501, ‖∇f‖ = 4.8954e-02, α = 2.71e+01, m = 3, nfg = 5
[ Info: CTMRG init:	obj = +9.603563406598e+00	err = 1.0000e+00
[ Info: CTMRG conv 23:	obj = +9.666946823260e+00	err = 6.0765440046e-10	time = 17.16 sec
┌ Warning: `svd` cotangents sensitive to gauge choice: (|Δgauge| = 0.2900046568969558)
└ @ TensorKitChainRulesCoreExt ~/.julia/packages/TensorKit/esxcj/ext/TensorKitChainRulesCoreExt/factorizations.jl:254
┌ Warning: `svd` cotangents sensitive to gauge choice: (|Δgauge| = 5.069128005714099e-11)
└ @ TensorKitChainRulesCoreExt ~/.julia/packages/TensorKit/esxcj/ext/TensorKitChainRulesCoreExt/factorizations.jl:254
┌ Warning: `svd` cotangents sensitive to gauge choice: (|Δgauge| = 0.2900046568966833)
└ @ TensorKitChainRulesCoreExt ~/.julia/packages/TensorKit/esxcj/ext/TensorKitChainRulesCoreExt/factorizations.jl:254
[ Info: LBFGS: iter   12, time 1814.01 s: f = -3.150554003443, ‖∇f‖ = 2.1980e-02, α = 1.00e+00, m = 3, nfg = 1
[ Info: CTMRG init:	obj = +1.078557292523e+01	err = 1.0000e+00
[ Info: CTMRG conv 47:	obj = +1.080090101932e+01	err = 7.0927175510e-10	time = 36.38 sec
┌ Warning: `svd` cotangents sensitive to gauge choice: (|Δgauge| = 0.22856283802933383)
└ @ TensorKitChainRulesCoreExt ~/.julia/packages/TensorKit/esxcj/ext/TensorKitChainRulesCoreExt/factorizations.jl:254
┌ Warning: `svd` cotangents sensitive to gauge choice: (|Δgauge| = 0.22856283803221178)
└ @ TensorKitChainRulesCoreExt ~/.julia/packages/TensorKit/esxcj/ext/TensorKitChainRulesCoreExt/factorizations.jl:254
[ Info: LBFGS: iter   13, time 1861.75 s: f = -3.151502458520, ‖∇f‖ = 2.6812e-02, α = 1.00e+00, m = 3, nfg = 1
[ Info: CTMRG init:	obj = +1.021988428710e+01	err = 1.0000e+00
[ Info: CTMRG conv 23:	obj = +1.022339602688e+01	err = 7.2950057257e-10	time = 17.14 sec
┌ Warning: `svd` cotangents sensitive to gauge choice: (|Δgauge| = 0.228982693684951)
└ @ TensorKitChainRulesCoreExt ~/.julia/packages/TensorKit/esxcj/ext/TensorKitChainRulesCoreExt/factorizations.jl:254
┌ Warning: `svd` cotangents sensitive to gauge choice: (|Δgauge| = 8.553310486529026e-12)
└ @ TensorKitChainRulesCoreExt ~/.julia/packages/TensorKit/esxcj/ext/TensorKitChainRulesCoreExt/factorizations.jl:254
┌ Warning: `svd` cotangents sensitive to gauge choice: (|Δgauge| = 0.2289826936852842)
└ @ TensorKitChainRulesCoreExt ~/.julia/packages/TensorKit/esxcj/ext/TensorKitChainRulesCoreExt/factorizations.jl:254
[ Info: LBFGS: iter   14, time 1884.67 s: f = -3.153950583722, ‖∇f‖ = 1.1741e-02, α = 1.00e+00, m = 3, nfg = 1
[ Info: CTMRG init:	obj = +9.648143833385e+00	err = 1.0000e+00
[ Info: CTMRG conv 47:	obj = +9.652341119201e+00	err = 7.5718987388e-10	time = 34.69 sec
┌ Warning: `svd` cotangents sensitive to gauge choice: (|Δgauge| = 0.23220896973566454)
└ @ TensorKitChainRulesCoreExt ~/.julia/packages/TensorKit/esxcj/ext/TensorKitChainRulesCoreExt/factorizations.jl:254
┌ Warning: `svd` cotangents sensitive to gauge choice: (|Δgauge| = 0.2322089697360722)
└ @ TensorKitChainRulesCoreExt ~/.julia/packages/TensorKit/esxcj/ext/TensorKitChainRulesCoreExt/factorizations.jl:254
[ Info: LBFGS: iter   15, time 1928.96 s: f = -3.154710461058, ‖∇f‖ = 2.0515e-02, α = 1.00e+00, m = 3, nfg = 1
[ Info: CTMRG init:	obj = +9.851938787348e+00	err = 1.0000e+00
[ Info: CTMRG conv 18:	obj = +9.852141117350e+00	err = 9.6853835434e-10	time = 13.15 sec
┌ Warning: `svd` cotangents sensitive to gauge choice: (|Δgauge| = 0.22966196585065976)
└ @ TensorKitChainRulesCoreExt ~/.julia/packages/TensorKit/esxcj/ext/TensorKitChainRulesCoreExt/factorizations.jl:254
┌ Warning: `svd` cotangents sensitive to gauge choice: (|Δgauge| = 1.2264472018569278e-9)
└ @ TensorKitChainRulesCoreExt ~/.julia/packages/TensorKit/esxcj/ext/TensorKitChainRulesCoreExt/factorizations.jl:254
┌ Warning: `svd` cotangents sensitive to gauge choice: (|Δgauge| = 0.229661965838939)
└ @ TensorKitChainRulesCoreExt ~/.julia/packages/TensorKit/esxcj/ext/TensorKitChainRulesCoreExt/factorizations.jl:254
[ Info: LBFGS: iter   16, time 1947.04 s: f = -3.155739727607, ‖∇f‖ = 1.0015e-02, α = 1.00e+00, m = 3, nfg = 1
[ Info: CTMRG init:	obj = +9.999627155053e+00	err = 1.0000e+00
[ Info: CTMRG conv 18:	obj = +1.000068638631e+01	err = 7.6333466410e-10	time = 13.87 sec
┌ Warning: `svd` cotangents sensitive to gauge choice: (|Δgauge| = 0.22499107595122786)
└ @ TensorKitChainRulesCoreExt ~/.julia/packages/TensorKit/esxcj/ext/TensorKitChainRulesCoreExt/factorizations.jl:254
┌ Warning: `svd` cotangents sensitive to gauge choice: (|Δgauge| = 1.2771462559392791e-9)
└ @ TensorKitChainRulesCoreExt ~/.julia/packages/TensorKit/esxcj/ext/TensorKitChainRulesCoreExt/factorizations.jl:254
┌ Warning: `svd` cotangents sensitive to gauge choice: (|Δgauge| = 0.2249910759392395)
└ @ TensorKitChainRulesCoreExt ~/.julia/packages/TensorKit/esxcj/ext/TensorKitChainRulesCoreExt/factorizations.jl:254
[ Info: LBFGS: iter   17, time 1965.81 s: f = -3.157236756212, ‖∇f‖ = 7.5893e-03, α = 1.00e+00, m = 3, nfg = 1
[ Info: CTMRG init:	obj = +1.021804379070e+01	err = 1.0000e+00
[ Info: CTMRG conv 96:	obj = +1.022019620273e+01	err = 8.7354325152e-10	time = 1.27 min
┌ Warning: `svd` cotangents sensitive to gauge choice: (|Δgauge| = 0.2164706759166658)
└ @ TensorKitChainRulesCoreExt ~/.julia/packages/TensorKit/esxcj/ext/TensorKitChainRulesCoreExt/factorizations.jl:254
┌ Warning: `svd` cotangents sensitive to gauge choice: (|Δgauge| = 0.2164706759172223)
└ @ TensorKitChainRulesCoreExt ~/.julia/packages/TensorKit/esxcj/ext/TensorKitChainRulesCoreExt/factorizations.jl:254
[ Info: CTMRG init:	obj = +1.013184857244e+01	err = 1.0000e+00
[ Info: CTMRG conv 20:	obj = +1.013242619927e+01	err = 4.9137504257e-10	time = 16.16 sec
┌ Warning: `svd` cotangents sensitive to gauge choice: (|Δgauge| = 0.2202901079606625)
└ @ TensorKitChainRulesCoreExt ~/.julia/packages/TensorKit/esxcj/ext/TensorKitChainRulesCoreExt/factorizations.jl:254
┌ Warning: `svd` cotangents sensitive to gauge choice: (|Δgauge| = 1.858870581805545e-10)
└ @ TensorKitChainRulesCoreExt ~/.julia/packages/TensorKit/esxcj/ext/TensorKitChainRulesCoreExt/factorizations.jl:254
┌ Warning: `svd` cotangents sensitive to gauge choice: (|Δgauge| = 0.22029010795865298)
└ @ TensorKitChainRulesCoreExt ~/.julia/packages/TensorKit/esxcj/ext/TensorKitChainRulesCoreExt/factorizations.jl:254
[ Info: LBFGS: iter   18, time 2084.13 s: f = -3.157815746935, ‖∇f‖ = 1.0565e-02, α = 5.26e-01, m = 3, nfg = 2
[ Info: CTMRG init:	obj = +1.021230126849e+01	err = 1.0000e+00
┌ Warning: CTMRG cancel 100:	obj = +1.021320811263e+01	err = 8.9619259090e-09	time = 1.56 min
└ @ PEPSKit ~/.julia/packages/PEPSKit/P7ER3/src/algorithms/ctmrg/ctmrg.jl:129
┌ Warning: `svd` cotangents sensitive to gauge choice: (|Δgauge| = 0.2023033347463961)
└ @ TensorKitChainRulesCoreExt ~/.julia/packages/TensorKit/esxcj/ext/TensorKitChainRulesCoreExt/factorizations.jl:254
┌ Warning: `svd` cotangents sensitive to gauge choice: (|Δgauge| = 0.20230333474550405)
└ @ TensorKitChainRulesCoreExt ~/.julia/packages/TensorKit/esxcj/ext/TensorKitChainRulesCoreExt/factorizations.jl:254
[ Info: LBFGS: iter   19, time 2197.85 s: f = -3.158652640770, ‖∇f‖ = 7.2832e-03, α = 1.00e+00, m = 3, nfg = 1
[ Info: CTMRG init:	obj = +1.008926903441e+01	err = 1.0000e+00
┌ Warning: CTMRG cancel 100:	obj = +1.009081938779e+01	err = 6.0510064664e-09	time = 1.67 min
└ @ PEPSKit ~/.julia/packages/PEPSKit/P7ER3/src/algorithms/ctmrg/ctmrg.jl:129
┌ Warning: `svd` cotangents sensitive to gauge choice: (|Δgauge| = 0.18492109689798591)
└ @ TensorKitChainRulesCoreExt ~/.julia/packages/TensorKit/esxcj/ext/TensorKitChainRulesCoreExt/factorizations.jl:254
┌ Warning: `svd` cotangents sensitive to gauge choice: (|Δgauge| = 0.18492109689813085)
└ @ TensorKitChainRulesCoreExt ~/.julia/packages/TensorKit/esxcj/ext/TensorKitChainRulesCoreExt/factorizations.jl:254
[ Info: LBFGS: iter   20, time 2319.83 s: f = -3.159526368733, ‖∇f‖ = 8.9866e-03, α = 1.00e+00, m = 3, nfg = 1
[ Info: CTMRG init:	obj = +9.367323476794e+00	err = 1.0000e+00
[ Info: CTMRG conv 18:	obj = +9.380098702333e+00	err = 7.5569220323e-10	time = 16.89 sec
┌ Warning: `svd` cotangents sensitive to gauge choice: (|Δgauge| = 0.19428665016109248)
└ @ TensorKitChainRulesCoreExt ~/.julia/packages/TensorKit/esxcj/ext/TensorKitChainRulesCoreExt/factorizations.jl:254
┌ Warning: `svd` cotangents sensitive to gauge choice: (|Δgauge| = 1.185509952257189e-9)
└ @ TensorKitChainRulesCoreExt ~/.julia/packages/TensorKit/esxcj/ext/TensorKitChainRulesCoreExt/factorizations.jl:254
┌ Warning: `svd` cotangents sensitive to gauge choice: (|Δgauge| = 0.1942866496739965)
└ @ TensorKitChainRulesCoreExt ~/.julia/packages/TensorKit/esxcj/ext/TensorKitChainRulesCoreExt/factorizations.jl:254
[ Info: LBFGS: iter   21, time 2341.86 s: f = -3.160442497677, ‖∇f‖ = 1.6766e-02, α = 1.00e+00, m = 3, nfg = 1
[ Info: CTMRG init:	obj = +9.736400633483e+00	err = 1.0000e+00
[ Info: CTMRG conv 17:	obj = +9.740579923632e+00	err = 4.3749757883e-10	time = 16.30 sec
┌ Warning: `svd` cotangents sensitive to gauge choice: (|Δgauge| = 0.16563241009496166)
└ @ TensorKitChainRulesCoreExt ~/.julia/packages/TensorKit/esxcj/ext/TensorKitChainRulesCoreExt/factorizations.jl:254
┌ Warning: `svd` cotangents sensitive to gauge choice: (|Δgauge| = 4.70608194619762e-10)
└ @ TensorKitChainRulesCoreExt ~/.julia/packages/TensorKit/esxcj/ext/TensorKitChainRulesCoreExt/factorizations.jl:254
┌ Warning: `svd` cotangents sensitive to gauge choice: (|Δgauge| = 0.16563241001751783)
└ @ TensorKitChainRulesCoreExt ~/.julia/packages/TensorKit/esxcj/ext/TensorKitChainRulesCoreExt/factorizations.jl:254
[ Info: LBFGS: iter   22, time 2363.56 s: f = -3.161081903978, ‖∇f‖ = 2.1075e-02, α = 1.00e+00, m = 3, nfg = 1
[ Info: CTMRG init:	obj = +9.646988695692e+00	err = 1.0000e+00
[ Info: CTMRG conv 16:	obj = +9.647735752008e+00	err = 9.0826964432e-10	time = 15.00 sec
┌ Warning: `svd` cotangents sensitive to gauge choice: (|Δgauge| = 0.17117750220983668)
└ @ TensorKitChainRulesCoreExt ~/.julia/packages/TensorKit/esxcj/ext/TensorKitChainRulesCoreExt/factorizations.jl:254
┌ Warning: `svd` cotangents sensitive to gauge choice: (|Δgauge| = 1.5906408021922863e-9)
└ @ TensorKitChainRulesCoreExt ~/.julia/packages/TensorKit/esxcj/ext/TensorKitChainRulesCoreExt/factorizations.jl:254
┌ Warning: `svd` cotangents sensitive to gauge choice: (|Δgauge| = 0.17117750191270925)
└ @ TensorKitChainRulesCoreExt ~/.julia/packages/TensorKit/esxcj/ext/TensorKitChainRulesCoreExt/factorizations.jl:254
[ Info: LBFGS: iter   23, time 2383.40 s: f = -3.161531784127, ‖∇f‖ = 5.1239e-03, α = 1.00e+00, m = 3, nfg = 1
[ Info: CTMRG init:	obj = +9.557449774623e+00	err = 1.0000e+00
[ Info: CTMRG conv 16:	obj = +9.557543705258e+00	err = 5.0448468892e-10	time = 15.27 sec
┌ Warning: `svd` cotangents sensitive to gauge choice: (|Δgauge| = 0.17534044525004905)
└ @ TensorKitChainRulesCoreExt ~/.julia/packages/TensorKit/esxcj/ext/TensorKitChainRulesCoreExt/factorizations.jl:254
┌ Warning: `svd` cotangents sensitive to gauge choice: (|Δgauge| = 1.5021645900935557e-9)
└ @ TensorKitChainRulesCoreExt ~/.julia/packages/TensorKit/esxcj/ext/TensorKitChainRulesCoreExt/factorizations.jl:254
┌ Warning: `svd` cotangents sensitive to gauge choice: (|Δgauge| = 0.17534044486511888)
└ @ TensorKitChainRulesCoreExt ~/.julia/packages/TensorKit/esxcj/ext/TensorKitChainRulesCoreExt/factorizations.jl:254
[ Info: LBFGS: iter   24, time 2403.49 s: f = -3.161705871629, ‖∇f‖ = 4.5206e-03, α = 1.00e+00, m = 3, nfg = 1
[ Info: CTMRG init:	obj = +9.300625008054e+00	err = 1.0000e+00
[ Info: CTMRG conv 17:	obj = +9.301243615708e+00	err = 3.0992556095e-10	time = 15.62 sec
┌ Warning: `svd` cotangents sensitive to gauge choice: (|Δgauge| = 0.18654545472802947)
└ @ TensorKitChainRulesCoreExt ~/.julia/packages/TensorKit/esxcj/ext/TensorKitChainRulesCoreExt/factorizations.jl:254
┌ Warning: `svd` cotangents sensitive to gauge choice: (|Δgauge| = 5.822294197700531e-10)
└ @ TensorKitChainRulesCoreExt ~/.julia/packages/TensorKit/esxcj/ext/TensorKitChainRulesCoreExt/factorizations.jl:254
┌ Warning: `svd` cotangents sensitive to gauge choice: (|Δgauge| = 0.18654545447346071)
└ @ TensorKitChainRulesCoreExt ~/.julia/packages/TensorKit/esxcj/ext/TensorKitChainRulesCoreExt/factorizations.jl:254
[ Info: LBFGS: iter   25, time 2423.82 s: f = -3.162054138673, ‖∇f‖ = 8.9404e-03, α = 1.00e+00, m = 3, nfg = 1
[ Info: CTMRG init:	obj = +9.274600756691e+00	err = 1.0000e+00
[ Info: CTMRG conv 16:	obj = +9.274877696190e+00	err = 5.5360230593e-10	time = 15.29 sec
┌ Warning: `svd` cotangents sensitive to gauge choice: (|Δgauge| = 0.19348555501086773)
└ @ TensorKitChainRulesCoreExt ~/.julia/packages/TensorKit/esxcj/ext/TensorKitChainRulesCoreExt/factorizations.jl:254
┌ Warning: `svd` cotangents sensitive to gauge choice: (|Δgauge| = 1.2550878239586476e-9)
└ @ TensorKitChainRulesCoreExt ~/.julia/packages/TensorKit/esxcj/ext/TensorKitChainRulesCoreExt/factorizations.jl:254
┌ Warning: `svd` cotangents sensitive to gauge choice: (|Δgauge| = 0.19348555446241472)
└ @ TensorKitChainRulesCoreExt ~/.julia/packages/TensorKit/esxcj/ext/TensorKitChainRulesCoreExt/factorizations.jl:254
[ Info: LBFGS: iter   26, time 2444.14 s: f = -3.162385173677, ‖∇f‖ = 7.5628e-03, α = 1.00e+00, m = 3, nfg = 1
[ Info: CTMRG init:	obj = +9.267566858486e+00	err = 1.0000e+00
[ Info: CTMRG conv 16:	obj = +9.274728443393e+00	err = 6.0730249563e-10	time = 16.65 sec
┌ Warning: `svd` cotangents sensitive to gauge choice: (|Δgauge| = 0.19909288531886682)
└ @ TensorKitChainRulesCoreExt ~/.julia/packages/TensorKit/esxcj/ext/TensorKitChainRulesCoreExt/factorizations.jl:254
┌ Warning: `svd` cotangents sensitive to gauge choice: (|Δgauge| = 2.7906036813501487e-10)
└ @ TensorKitChainRulesCoreExt ~/.julia/packages/TensorKit/esxcj/ext/TensorKitChainRulesCoreExt/factorizations.jl:254
┌ Warning: `svd` cotangents sensitive to gauge choice: (|Δgauge| = 0.1990928851816685)
└ @ TensorKitChainRulesCoreExt ~/.julia/packages/TensorKit/esxcj/ext/TensorKitChainRulesCoreExt/factorizations.jl:254
[ Info: LBFGS: iter   27, time 2465.76 s: f = -3.163158812094, ‖∇f‖ = 4.0762e-03, α = 1.00e+00, m = 3, nfg = 1
[ Info: CTMRG init:	obj = +9.297179517054e+00	err = 1.0000e+00
[ Info: CTMRG conv 15:	obj = +9.300058497130e+00	err = 8.5016474421e-10	time = 15.05 sec
┌ Warning: `svd` cotangents sensitive to gauge choice: (|Δgauge| = 0.21132361942330974)
└ @ TensorKitChainRulesCoreExt ~/.julia/packages/TensorKit/esxcj/ext/TensorKitChainRulesCoreExt/factorizations.jl:254
┌ Warning: `svd` cotangents sensitive to gauge choice: (|Δgauge| = 3.085432842643184e-10)
└ @ TensorKitChainRulesCoreExt ~/.julia/packages/TensorKit/esxcj/ext/TensorKitChainRulesCoreExt/factorizations.jl:254
┌ Warning: `svd` cotangents sensitive to gauge choice: (|Δgauge| = 0.21132361926531024)
└ @ TensorKitChainRulesCoreExt ~/.julia/packages/TensorKit/esxcj/ext/TensorKitChainRulesCoreExt/factorizations.jl:254
[ Info: CTMRG init:	obj = +9.283144338485e+00	err = 1.0000e+00
[ Info: CTMRG conv 15:	obj = +9.283313549660e+00	err = 3.2943114275e-10	time = 15.06 sec
┌ Warning: `svd` cotangents sensitive to gauge choice: (|Δgauge| = 0.2020218865120088)
└ @ TensorKitChainRulesCoreExt ~/.julia/packages/TensorKit/esxcj/ext/TensorKitChainRulesCoreExt/factorizations.jl:254
┌ Warning: `svd` cotangents sensitive to gauge choice: (|Δgauge| = 7.25408807852667e-10)
└ @ TensorKitChainRulesCoreExt ~/.julia/packages/TensorKit/esxcj/ext/TensorKitChainRulesCoreExt/factorizations.jl:254
┌ Warning: `svd` cotangents sensitive to gauge choice: (|Δgauge| = 0.20202188616677474)
└ @ TensorKitChainRulesCoreExt ~/.julia/packages/TensorKit/esxcj/ext/TensorKitChainRulesCoreExt/factorizations.jl:254
[ Info: LBFGS: iter   28, time 2505.25 s: f = -3.163246416264, ‖∇f‖ = 6.0594e-03, α = 2.46e-01, m = 3, nfg = 2
[ Info: CTMRG init:	obj = +9.385845202361e+00	err = 1.0000e+00
[ Info: CTMRG conv 15:	obj = +9.386093909736e+00	err = 2.9800281488e-10	time = 14.73 sec
┌ Warning: `svd` cotangents sensitive to gauge choice: (|Δgauge| = 0.19828766108355256)
└ @ TensorKitChainRulesCoreExt ~/.julia/packages/TensorKit/esxcj/ext/TensorKitChainRulesCoreExt/factorizations.jl:254
┌ Warning: `svd` cotangents sensitive to gauge choice: (|Δgauge| = 4.332713196506511e-10)
└ @ TensorKitChainRulesCoreExt ~/.julia/packages/TensorKit/esxcj/ext/TensorKitChainRulesCoreExt/factorizations.jl:254
┌ Warning: `svd` cotangents sensitive to gauge choice: (|Δgauge| = 0.19828766087068875)
└ @ TensorKitChainRulesCoreExt ~/.julia/packages/TensorKit/esxcj/ext/TensorKitChainRulesCoreExt/factorizations.jl:254
[ Info: LBFGS: iter   29, time 2524.68 s: f = -3.163376949501, ‖∇f‖ = 4.0164e-03, α = 1.00e+00, m = 3, nfg = 1
[ Info: CTMRG init:	obj = +9.540818421344e+00	err = 1.0000e+00
[ Info: CTMRG conv 15:	obj = +9.541297475799e+00	err = 2.4983380865e-10	time = 14.87 sec
┌ Warning: `svd` cotangents sensitive to gauge choice: (|Δgauge| = 0.19741093256937062)
└ @ TensorKitChainRulesCoreExt ~/.julia/packages/TensorKit/esxcj/ext/TensorKitChainRulesCoreExt/factorizations.jl:254
┌ Warning: `svd` cotangents sensitive to gauge choice: (|Δgauge| = 2.389345915110222e-10)
└ @ TensorKitChainRulesCoreExt ~/.julia/packages/TensorKit/esxcj/ext/TensorKitChainRulesCoreExt/factorizations.jl:254
┌ Warning: `svd` cotangents sensitive to gauge choice: (|Δgauge| = 0.19741093244813623)
└ @ TensorKitChainRulesCoreExt ~/.julia/packages/TensorKit/esxcj/ext/TensorKitChainRulesCoreExt/factorizations.jl:254
[ Info: LBFGS: iter   30, time 2544.35 s: f = -3.163548408503, ‖∇f‖ = 3.2733e-03, α = 1.00e+00, m = 3, nfg = 1
[ Info: CTMRG init:	obj = +9.685103304240e+00	err = 1.0000e+00
[ Info: CTMRG conv 15:	obj = +9.685585587922e+00	err = 1.9490920276e-10	time = 15.12 sec
┌ Warning: `svd` cotangents sensitive to gauge choice: (|Δgauge| = 0.19450151889319336)
└ @ TensorKitChainRulesCoreExt ~/.julia/packages/TensorKit/esxcj/ext/TensorKitChainRulesCoreExt/factorizations.jl:254
┌ Warning: `svd` cotangents sensitive to gauge choice: (|Δgauge| = 1.9766888005209103e-10)
└ @ TensorKitChainRulesCoreExt ~/.julia/packages/TensorKit/esxcj/ext/TensorKitChainRulesCoreExt/factorizations.jl:254
┌ Warning: `svd` cotangents sensitive to gauge choice: (|Δgauge| = 0.19450151878945166)
└ @ TensorKitChainRulesCoreExt ~/.julia/packages/TensorKit/esxcj/ext/TensorKitChainRulesCoreExt/factorizations.jl:254
[ Info: LBFGS: iter   31, time 2564.52 s: f = -3.163747013713, ‖∇f‖ = 4.0805e-03, α = 1.00e+00, m = 3, nfg = 1
[ Info: CTMRG init:	obj = +9.969867461276e+00	err = 1.0000e+00
[ Info: CTMRG conv 14:	obj = +9.974179130011e+00	err = 5.3671701993e-10	time = 14.32 sec
┌ Warning: `svd` cotangents sensitive to gauge choice: (|Δgauge| = 0.20051575570547464)
└ @ TensorKitChainRulesCoreExt ~/.julia/packages/TensorKit/esxcj/ext/TensorKitChainRulesCoreExt/factorizations.jl:254
┌ Warning: `svd` cotangents sensitive to gauge choice: (|Δgauge| = 1.7096797954521004e-9)
└ @ TensorKitChainRulesCoreExt ~/.julia/packages/TensorKit/esxcj/ext/TensorKitChainRulesCoreExt/factorizations.jl:254
┌ Warning: `svd` cotangents sensitive to gauge choice: (|Δgauge| = 0.2005157548342507)
└ @ TensorKitChainRulesCoreExt ~/.julia/packages/TensorKit/esxcj/ext/TensorKitChainRulesCoreExt/factorizations.jl:254
[ Info: CTMRG init:	obj = +9.758556237513e+00	err = 1.0000e+00
[ Info: CTMRG conv 13:	obj = +9.758805411734e+00	err = 5.3083113346e-10	time = 13.78 sec
┌ Warning: `svd` cotangents sensitive to gauge choice: (|Δgauge| = 0.19585416558199464)
└ @ TensorKitChainRulesCoreExt ~/.julia/packages/TensorKit/esxcj/ext/TensorKitChainRulesCoreExt/factorizations.jl:254
┌ Warning: `svd` cotangents sensitive to gauge choice: (|Δgauge| = 3.2123105745016678e-9)
└ @ TensorKitChainRulesCoreExt ~/.julia/packages/TensorKit/esxcj/ext/TensorKitChainRulesCoreExt/factorizations.jl:254
┌ Warning: `svd` cotangents sensitive to gauge choice: (|Δgauge| = 0.19585416396262245)
└ @ TensorKitChainRulesCoreExt ~/.julia/packages/TensorKit/esxcj/ext/TensorKitChainRulesCoreExt/factorizations.jl:254
[ Info: LBFGS: iter   32, time 2601.17 s: f = -3.163830774357, ‖∇f‖ = 1.1897e-02, α = 2.37e-01, m = 3, nfg = 2
[ Info: CTMRG init:	obj = +9.831679660967e+00	err = 1.0000e+00
[ Info: CTMRG conv 14:	obj = +9.832205758985e+00	err = 6.5815788054e-10	time = 14.97 sec
┌ Warning: `svd` cotangents sensitive to gauge choice: (|Δgauge| = 0.19662517754540307)
└ @ TensorKitChainRulesCoreExt ~/.julia/packages/TensorKit/esxcj/ext/TensorKitChainRulesCoreExt/factorizations.jl:254
┌ Warning: `svd` cotangents sensitive to gauge choice: (|Δgauge| = 1.4050592340049186e-9)
└ @ TensorKitChainRulesCoreExt ~/.julia/packages/TensorKit/esxcj/ext/TensorKitChainRulesCoreExt/factorizations.jl:254
┌ Warning: `svd` cotangents sensitive to gauge choice: (|Δgauge| = 0.1966251768232956)
└ @ TensorKitChainRulesCoreExt ~/.julia/packages/TensorKit/esxcj/ext/TensorKitChainRulesCoreExt/factorizations.jl:254
[ Info: LBFGS: iter   33, time 2621.00 s: f = -3.164087759212, ‖∇f‖ = 7.0764e-03, α = 1.00e+00, m = 3, nfg = 1
[ Info: CTMRG init:	obj = +9.755276954178e+00	err = 1.0000e+00
[ Info: CTMRG conv 13:	obj = +9.755684225226e+00	err = 7.4193400682e-10	time = 13.98 sec
┌ Warning: `svd` cotangents sensitive to gauge choice: (|Δgauge| = 0.20477452208511482)
└ @ TensorKitChainRulesCoreExt ~/.julia/packages/TensorKit/esxcj/ext/TensorKitChainRulesCoreExt/factorizations.jl:254
┌ Warning: `svd` cotangents sensitive to gauge choice: (|Δgauge| = 1.3479788022190917e-8)
└ @ TensorKitChainRulesCoreExt ~/.julia/packages/TensorKit/esxcj/ext/TensorKitChainRulesCoreExt/factorizations.jl:254
┌ Warning: `svd` cotangents sensitive to gauge choice: (|Δgauge| = 0.20477451513719397)
└ @ TensorKitChainRulesCoreExt ~/.julia/packages/TensorKit/esxcj/ext/TensorKitChainRulesCoreExt/factorizations.jl:254
[ Info: LBFGS: iter   34, time 2639.83 s: f = -3.164280181770, ‖∇f‖ = 2.8650e-03, α = 1.00e+00, m = 3, nfg = 1
[ Info: CTMRG init:	obj = +9.695070021225e+00	err = 1.0000e+00
[ Info: CTMRG conv 13:	obj = +9.695126007662e+00	err = 5.0476261654e-10	time = 14.90 sec
┌ Warning: `svd` cotangents sensitive to gauge choice: (|Δgauge| = 0.2066222780791271)
└ @ TensorKitChainRulesCoreExt ~/.julia/packages/TensorKit/esxcj/ext/TensorKitChainRulesCoreExt/factorizations.jl:254
┌ Warning: `svd` cotangents sensitive to gauge choice: (|Δgauge| = 1.9570612652705036e-8)
└ @ TensorKitChainRulesCoreExt ~/.julia/packages/TensorKit/esxcj/ext/TensorKitChainRulesCoreExt/factorizations.jl:254
┌ Warning: `svd` cotangents sensitive to gauge choice: (|Δgauge| = 0.20662226803487588)
└ @ TensorKitChainRulesCoreExt ~/.julia/packages/TensorKit/esxcj/ext/TensorKitChainRulesCoreExt/factorizations.jl:254
[ Info: LBFGS: iter   35, time 2659.00 s: f = -3.164351485152, ‖∇f‖ = 2.7647e-03, α = 1.00e+00, m = 3, nfg = 1
[ Info: CTMRG init:	obj = +9.610637203682e+00	err = 1.0000e+00
[ Info: CTMRG conv 13:	obj = +9.610898949601e+00	err = 8.3171031501e-10	time = 14.59 sec
┌ Warning: `svd` cotangents sensitive to gauge choice: (|Δgauge| = 0.20954265633527291)
└ @ TensorKitChainRulesCoreExt ~/.julia/packages/TensorKit/esxcj/ext/TensorKitChainRulesCoreExt/factorizations.jl:254
┌ Warning: `svd` cotangents sensitive to gauge choice: (|Δgauge| = 3.7620102696379947e-8)
└ @ TensorKitChainRulesCoreExt ~/.julia/packages/TensorKit/esxcj/ext/TensorKitChainRulesCoreExt/factorizations.jl:254
┌ Warning: `svd` cotangents sensitive to gauge choice: (|Δgauge| = 0.20954263704496506)
└ @ TensorKitChainRulesCoreExt ~/.julia/packages/TensorKit/esxcj/ext/TensorKitChainRulesCoreExt/factorizations.jl:254
[ Info: LBFGS: iter   36, time 2678.32 s: f = -3.164481660591, ‖∇f‖ = 2.6447e-03, α = 1.00e+00, m = 3, nfg = 1
[ Info: CTMRG init:	obj = +9.248558220563e+00	err = 1.0000e+00
[ Info: CTMRG conv 14:	obj = +9.251127413113e+00	err = 6.1890065487e-10	time = 16.28 sec
┌ Warning: `svd` cotangents sensitive to gauge choice: (|Δgauge| = 0.21989835346228676)
└ @ TensorKitChainRulesCoreExt ~/.julia/packages/TensorKit/esxcj/ext/TensorKitChainRulesCoreExt/factorizations.jl:254
┌ Warning: `svd` cotangents sensitive to gauge choice: (|Δgauge| = 2.1834198247722785e-8)
└ @ TensorKitChainRulesCoreExt ~/.julia/packages/TensorKit/esxcj/ext/TensorKitChainRulesCoreExt/factorizations.jl:254
┌ Warning: `svd` cotangents sensitive to gauge choice: (|Δgauge| = 0.21989834279980228)
└ @ TensorKitChainRulesCoreExt ~/.julia/packages/TensorKit/esxcj/ext/TensorKitChainRulesCoreExt/factorizations.jl:254
[ Info: CTMRG init:	obj = +9.560719483726e+00	err = 1.0000e+00
[ Info: CTMRG conv 12:	obj = +9.560769796773e+00	err = 2.8073885952e-10	time = 16.00 sec
┌ Warning: `svd` cotangents sensitive to gauge choice: (|Δgauge| = 0.2109707004420392)
└ @ TensorKitChainRulesCoreExt ~/.julia/packages/TensorKit/esxcj/ext/TensorKitChainRulesCoreExt/factorizations.jl:254
┌ Warning: `svd` cotangents sensitive to gauge choice: (|Δgauge| = 1.1576968306100228e-7)
└ @ TensorKitChainRulesCoreExt ~/.julia/packages/TensorKit/esxcj/ext/TensorKitChainRulesCoreExt/factorizations.jl:254
┌ Warning: `svd` cotangents sensitive to gauge choice: (|Δgauge| = 0.21097064116626718)
└ @ TensorKitChainRulesCoreExt ~/.julia/packages/TensorKit/esxcj/ext/TensorKitChainRulesCoreExt/factorizations.jl:254
[ Info: LBFGS: iter   37, time 2719.41 s: f = -3.164523423784, ‖∇f‖ = 4.7104e-03, α = 1.44e-01, m = 3, nfg = 2
[ Info: CTMRG init:	obj = +9.545984001342e+00	err = 1.0000e+00
[ Info: CTMRG conv 14:	obj = +9.546039893010e+00	err = 3.3714559958e-10	time = 16.80 sec
┌ Warning: `svd` cotangents sensitive to gauge choice: (|Δgauge| = 0.21260354162556133)
└ @ TensorKitChainRulesCoreExt ~/.julia/packages/TensorKit/esxcj/ext/TensorKitChainRulesCoreExt/factorizations.jl:254
┌ Warning: `svd` cotangents sensitive to gauge choice: (|Δgauge| = 1.2703226070628807e-8)
└ @ TensorKitChainRulesCoreExt ~/.julia/packages/TensorKit/esxcj/ext/TensorKitChainRulesCoreExt/factorizations.jl:254
┌ Warning: `svd` cotangents sensitive to gauge choice: (|Δgauge| = 0.21260353515190747)
└ @ TensorKitChainRulesCoreExt ~/.julia/packages/TensorKit/esxcj/ext/TensorKitChainRulesCoreExt/factorizations.jl:254
[ Info: LBFGS: iter   38, time 2740.41 s: f = -3.164607576696, ‖∇f‖ = 3.4507e-03, α = 1.00e+00, m = 3, nfg = 1
[ Info: CTMRG init:	obj = +9.500973804976e+00	err = 1.0000e+00
[ Info: CTMRG conv 14:	obj = +9.501290470273e+00	err = 2.8463761431e-10	time = 15.71 sec
┌ Warning: `svd` cotangents sensitive to gauge choice: (|Δgauge| = 0.22555918537486305)
└ @ TensorKitChainRulesCoreExt ~/.julia/packages/TensorKit/esxcj/ext/TensorKitChainRulesCoreExt/factorizations.jl:254
┌ Warning: `svd` cotangents sensitive to gauge choice: (|Δgauge| = 1.2070473318630409e-8)
└ @ TensorKitChainRulesCoreExt ~/.julia/packages/TensorKit/esxcj/ext/TensorKitChainRulesCoreExt/factorizations.jl:254
┌ Warning: `svd` cotangents sensitive to gauge choice: (|Δgauge| = 0.2255591792198891)
└ @ TensorKitChainRulesCoreExt ~/.julia/packages/TensorKit/esxcj/ext/TensorKitChainRulesCoreExt/factorizations.jl:254
[ Info: LBFGS: iter   39, time 2760.60 s: f = -3.164728693032, ‖∇f‖ = 1.9308e-03, α = 1.00e+00, m = 3, nfg = 1
[ Info: CTMRG init:	obj = +9.546855593749e+00	err = 1.0000e+00
[ Info: CTMRG conv 14:	obj = +9.547517156414e+00	err = 4.8905573132e-10	time = 15.90 sec
┌ Warning: `svd` cotangents sensitive to gauge choice: (|Δgauge| = 0.23415331607986367)
└ @ TensorKitChainRulesCoreExt ~/.julia/packages/TensorKit/esxcj/ext/TensorKitChainRulesCoreExt/factorizations.jl:254
┌ Warning: `svd` cotangents sensitive to gauge choice: (|Δgauge| = 9.57425120712807e-9)
└ @ TensorKitChainRulesCoreExt ~/.julia/packages/TensorKit/esxcj/ext/TensorKitChainRulesCoreExt/factorizations.jl:254
┌ Warning: `svd` cotangents sensitive to gauge choice: (|Δgauge| = 0.23415331108343895)
└ @ TensorKitChainRulesCoreExt ~/.julia/packages/TensorKit/esxcj/ext/TensorKitChainRulesCoreExt/factorizations.jl:254
[ Info: LBFGS: iter   40, time 2780.91 s: f = -3.164847605190, ‖∇f‖ = 1.4780e-03, α = 1.00e+00, m = 3, nfg = 1
[ Info: CTMRG init:	obj = +9.664488039041e+00	err = 1.0000e+00
[ Info: CTMRG conv 14:	obj = +9.666034915285e+00	err = 4.0491154942e-10	time = 15.81 sec
┌ Warning: `svd` cotangents sensitive to gauge choice: (|Δgauge| = 0.24940641775291683)
└ @ TensorKitChainRulesCoreExt ~/.julia/packages/TensorKit/esxcj/ext/TensorKitChainRulesCoreExt/factorizations.jl:254
┌ Warning: `svd` cotangents sensitive to gauge choice: (|Δgauge| = 6.688136604185386e-9)
└ @ TensorKitChainRulesCoreExt ~/.julia/packages/TensorKit/esxcj/ext/TensorKitChainRulesCoreExt/factorizations.jl:254
┌ Warning: `svd` cotangents sensitive to gauge choice: (|Δgauge| = 0.2494064141361479)
└ @ TensorKitChainRulesCoreExt ~/.julia/packages/TensorKit/esxcj/ext/TensorKitChainRulesCoreExt/factorizations.jl:254
[ Info: LBFGS: iter   41, time 2800.57 s: f = -3.164903000830, ‖∇f‖ = 6.3490e-03, α = 1.00e+00, m = 3, nfg = 1
[ Info: CTMRG init:	obj = +9.585358645872e+00	err = 1.0000e+00
[ Info: CTMRG conv 14:	obj = +9.585929912555e+00	err = 4.6615405505e-10	time = 15.83 sec
┌ Warning: `svd` cotangents sensitive to gauge choice: (|Δgauge| = 0.2583759729696661)
└ @ TensorKitChainRulesCoreExt ~/.julia/packages/TensorKit/esxcj/ext/TensorKitChainRulesCoreExt/factorizations.jl:254
┌ Warning: `svd` cotangents sensitive to gauge choice: (|Δgauge| = 9.195856387962997e-9)
└ @ TensorKitChainRulesCoreExt ~/.julia/packages/TensorKit/esxcj/ext/TensorKitChainRulesCoreExt/factorizations.jl:254
┌ Warning: `svd` cotangents sensitive to gauge choice: (|Δgauge| = 0.25837596795378304)
└ @ TensorKitChainRulesCoreExt ~/.julia/packages/TensorKit/esxcj/ext/TensorKitChainRulesCoreExt/factorizations.jl:254
[ Info: CTMRG init:	obj = +9.636549484459e+00	err = 1.0000e+00
[ Info: CTMRG conv 13:	obj = +9.636627327898e+00	err = 6.9723758357e-10	time = 14.85 sec
┌ Warning: `svd` cotangents sensitive to gauge choice: (|Δgauge| = 0.2526882600409993)
└ @ TensorKitChainRulesCoreExt ~/.julia/packages/TensorKit/esxcj/ext/TensorKitChainRulesCoreExt/factorizations.jl:254
┌ Warning: `svd` cotangents sensitive to gauge choice: (|Δgauge| = 2.27461157277815e-8)
└ @ TensorKitChainRulesCoreExt ~/.julia/packages/TensorKit/esxcj/ext/TensorKitChainRulesCoreExt/factorizations.jl:254
┌ Warning: `svd` cotangents sensitive to gauge choice: (|Δgauge| = 0.2526882477145541)
└ @ TensorKitChainRulesCoreExt ~/.julia/packages/TensorKit/esxcj/ext/TensorKitChainRulesCoreExt/factorizations.jl:254
[ Info: LBFGS: iter   42, time 2839.62 s: f = -3.164935235857, ‖∇f‖ = 2.5863e-03, α = 3.71e-01, m = 3, nfg = 2
[ Info: CTMRG init:	obj = +9.618787213424e+00	err = 1.0000e+00
[ Info: CTMRG conv 13:	obj = +9.618858116468e+00	err = 5.5512566393e-10	time = 15.84 sec
┌ Warning: `svd` cotangents sensitive to gauge choice: (|Δgauge| = 0.24795929539802214)
└ @ TensorKitChainRulesCoreExt ~/.julia/packages/TensorKit/esxcj/ext/TensorKitChainRulesCoreExt/factorizations.jl:254
┌ Warning: `svd` cotangents sensitive to gauge choice: (|Δgauge| = 2.4270998884179487e-8)
└ @ TensorKitChainRulesCoreExt ~/.julia/packages/TensorKit/esxcj/ext/TensorKitChainRulesCoreExt/factorizations.jl:254
┌ Warning: `svd` cotangents sensitive to gauge choice: (|Δgauge| = 0.2479592823448772)
└ @ TensorKitChainRulesCoreExt ~/.julia/packages/TensorKit/esxcj/ext/TensorKitChainRulesCoreExt/factorizations.jl:254
[ Info: LBFGS: iter   43, time 2859.89 s: f = -3.164948934023, ‖∇f‖ = 1.6102e-03, α = 1.00e+00, m = 3, nfg = 1
[ Info: CTMRG init:	obj = +9.642595461925e+00	err = 1.0000e+00
[ Info: CTMRG conv 13:	obj = +9.642656615231e+00	err = 4.6874978067e-10	time = 15.05 sec
┌ Warning: `svd` cotangents sensitive to gauge choice: (|Δgauge| = 0.24540799764859061)
└ @ TensorKitChainRulesCoreExt ~/.julia/packages/TensorKit/esxcj/ext/TensorKitChainRulesCoreExt/factorizations.jl:254
┌ Warning: `svd` cotangents sensitive to gauge choice: (|Δgauge| = 2.4003568988906296e-8)
└ @ TensorKitChainRulesCoreExt ~/.julia/packages/TensorKit/esxcj/ext/TensorKitChainRulesCoreExt/factorizations.jl:254
┌ Warning: `svd` cotangents sensitive to gauge choice: (|Δgauge| = 0.24540798468077143)
└ @ TensorKitChainRulesCoreExt ~/.julia/packages/TensorKit/esxcj/ext/TensorKitChainRulesCoreExt/factorizations.jl:254
[ Info: LBFGS: converged after 44 iterations and time 2879.04 s: f = -3.164967902086, ‖∇f‖ = 8.6028e-04
