  Installing known registries into `~/.julia`
       Added `General` registry to ~/.julia/registries
    Updating registry at `~/.julia/registries/General.toml`
   Installed RealDot ───────────────────── v0.1.0
   Installed GPUArraysCore ─────────────── v0.2.0
   Installed TaskLocalValues ───────────── v0.1.2
   Installed IrrationalConstants ───────── v0.2.4
   Installed IRTools ───────────────────── v0.4.14
   Installed JLD2 ──────────────────────── v0.5.12
   Installed OhMyThreads ───────────────── v0.7.0
   Installed BlockTensorKit ────────────── v0.1.6
   Installed DiffRules ─────────────────── v1.15.1
   Installed IntegerMathUtils ──────────── v0.1.2
   Installed LRUCache ──────────────────── v1.6.2
   Installed PtrArrays ─────────────────── v1.3.0
   Installed Adapt ─────────────────────── v4.3.0
   Installed TableTraits ───────────────── v1.0.1
   Installed Accessors ─────────────────── v0.1.42
   Installed Preferences ───────────────── v1.4.3
   Installed LoggingExtras ─────────────── v1.0.3
   Installed DiffResults ───────────────── v1.1.0
   Installed HashArrayMappedTries ──────── v0.2.0
   Installed OptimKit ──────────────────── v0.4.0
   Installed WignerSymbols ─────────────── v2.0.0
   Installed Tables ────────────────────── v1.12.0
   Installed SpecialFunctions ──────────── v2.5.1
   Installed TensorKit ─────────────────── v0.14.5
   Installed ChunkSplitters ────────────── v3.1.2
   Installed RecipesBase ───────────────── v1.3.4
   Installed DataAPI ───────────────────── v1.16.0
   Installed Primes ────────────────────── v0.5.7
   Installed StaticArrays ──────────────── v1.9.13
   Installed AbstractFFTs ──────────────── v1.5.0
   Installed Zygote ────────────────────── v0.7.6
   Installed BlockArrays ───────────────── v1.6.1
   Installed MPSKit ────────────────────── v0.12.6
   Installed JLLWrappers ───────────────── v1.7.0
   Installed FiniteDifferences ─────────── v0.12.32
   Installed Richardson ────────────────── v1.4.2
   Installed NaNMath ───────────────────── v1.1.3
   Installed IteratorInterfaceExtensions ─ v1.0.0
   Installed StaticArraysCore ──────────── v1.4.3
   Installed ConstructionBase ──────────── v1.5.8
   Installed StructArrays ──────────────── v0.7.1
   Installed PrecompileTools ───────────── v1.2.1
   Installed RationalRoots ─────────────── v0.2.1
   Installed DataValueInterfaces ───────── v1.0.0
   Installed StableTasks ───────────────── v0.1.7
   Installed OrderedCollections ────────── v1.8.0
   Installed TensorKitSectors ──────────── v0.1.4
   Installed ScopedValues ──────────────── v1.3.0
   Installed VectorInterface ───────────── v0.5.0
   Installed InitialValues ─────────────── v0.3.1
   Installed TranscodingStreams ────────── v0.11.3
   Installed ChainRulesCore ────────────── v1.25.1
   Installed Requires ──────────────────── v1.3.1
   Installed LogExpFunctions ───────────── v0.3.29
   Installed FillArrays ────────────────── v1.13.0
   Installed Statistics ────────────────── v1.11.1
   Installed MPSKitModels ──────────────── v0.4.1
   Installed ForwardDiff ───────────────── v1.0.1
   Installed ChainRules ────────────────── v1.72.3
   Installed FileIO ────────────────────── v1.17.0
   Installed StridedViews ──────────────── v0.4.1
   Installed ZygoteRules ───────────────── v0.2.7
   Installed CommonSubexpressions ──────── v0.3.1
   Installed HalfIntegers ──────────────── v1.6.0
   Installed PackageExtensionCompat ────── v1.0.2
   Installed Strided ───────────────────── v2.3.0
   Installed BangBang ──────────────────── v0.4.4
   Installed MacroTools ────────────────── v0.5.15
   Installed TensorKitManifolds ────────── v0.7.2
   Installed Compat ────────────────────── v4.16.0
   Installed OpenSpecFun_jll ───────────── v0.5.6+0
   Installed SparseInverseSubset ───────── v0.1.2
   Installed CompositionsBase ──────────── v0.1.2
   Installed TupleTools ────────────────── v1.6.0
   Installed InverseFunctions ──────────── v0.1.17
   Installed PEPSKit ───────────────────── v0.5.0
   Installed ArrayLayouts ──────────────── v1.11.1
   Installed TensorOperations ──────────── v5.2.0
   Installed DocStringExtensions ───────── v0.9.4
   Installed KrylovKit ─────────────────── v0.9.5
    Updating `/var/lib/condor/execute/dir_1060179/Project.toml`
  [d360d2e6] + ChainRulesCore v1.25.1
  [033835bb] + JLD2 v0.5.12
  [0b1a1467] + KrylovKit v0.9.5
  [bb1c41ca] + MPSKit v0.12.6
  [ca635005] + MPSKitModels v0.4.1
  [77e91f04] + OptimKit v0.4.0
  [52969e89] + PEPSKit v0.5.0
  [07d1fe3e] + TensorKit v0.14.5
  [409d34a3] + VectorInterface v0.5.0
  [e88e6eb3] + Zygote v0.7.6
  [37e2e46d] ~ LinearAlgebra ⇒ v1.11.0
    Updating `/var/lib/condor/execute/dir_1060179/Manifest.toml`
  [621f4979] + AbstractFFTs v1.5.0
  [7d9f7c33] + Accessors v0.1.42
  [79e6a3ab] + Adapt v4.3.0
  [4c555306] + ArrayLayouts v1.11.1
  [198e06fe] + BangBang v0.4.4
  [8e7c35d0] + BlockArrays v1.6.1
  [5f87ffc2] + BlockTensorKit v0.1.6
  [082447d4] + ChainRules v1.72.3
  [d360d2e6] + ChainRulesCore v1.25.1
  [ae650224] + ChunkSplitters v3.1.2
  [bbf7d656] + CommonSubexpressions v0.3.1
  [34da2185] + Compat v4.16.0
  [a33af91c] + CompositionsBase v0.1.2
  [187b0558] + ConstructionBase v1.5.8
  [9a962f9c] + DataAPI v1.16.0
  [e2d170a0] + DataValueInterfaces v1.0.0
  [163ba53b] + DiffResults v1.1.0
  [b552c78f] + DiffRules v1.15.1
  [ffbed154] + DocStringExtensions v0.9.4
  [5789e2e9] + FileIO v1.17.0
  [1a297f60] + FillArrays v1.13.0
  [26cc04aa] + FiniteDifferences v0.12.32
  [f6369f11] + ForwardDiff v1.0.1
  [46192b85] + GPUArraysCore v0.2.0
  [f0d1745a] + HalfIntegers v1.6.0
  [076d061b] + HashArrayMappedTries v0.2.0
  [7869d1d1] + IRTools v0.4.14
  [22cec73e] + InitialValues v0.3.1
  [18e54dd8] + IntegerMathUtils v0.1.2
  [3587e190] + InverseFunctions v0.1.17
  [92d709cd] + IrrationalConstants v0.2.4
  [82899510] + IteratorInterfaceExtensions v1.0.0
  [033835bb] + JLD2 v0.5.12
  [692b3bcd] + JLLWrappers v1.7.0
  [0b1a1467] + KrylovKit v0.9.5
  [8ac3fa9e] + LRUCache v1.6.2
  [2ab3a3ac] + LogExpFunctions v0.3.29
⌅ [e6f89c97] + LoggingExtras v1.0.3
  [bb1c41ca] + MPSKit v0.12.6
  [ca635005] + MPSKitModels v0.4.1
  [1914dd2f] + MacroTools v0.5.15
  [77ba4419] + NaNMath v1.1.3
⌅ [67456a42] + OhMyThreads v0.7.0
  [77e91f04] + OptimKit v0.4.0
  [bac558e1] + OrderedCollections v1.8.0
  [52969e89] + PEPSKit v0.5.0
  [65ce6f38] + PackageExtensionCompat v1.0.2
⌅ [aea7be01] + PrecompileTools v1.2.1
  [21216c6a] + Preferences v1.4.3
  [27ebfcd6] + Primes v0.5.7
  [43287f4e] + PtrArrays v1.3.0
  [308eb6b3] + RationalRoots v0.2.1
  [c1ae055f] + RealDot v0.1.0
  [3cdcf5f2] + RecipesBase v1.3.4
  [ae029012] + Requires v1.3.1
  [708f8203] + Richardson v1.4.2
  [7e506255] + ScopedValues v1.3.0
  [dc90abb0] + SparseInverseSubset v0.1.2
  [276daf66] + SpecialFunctions v2.5.1
  [91464d47] + StableTasks v0.1.7
  [90137ffa] + StaticArrays v1.9.13
  [1e83bf80] + StaticArraysCore v1.4.3
  [10745b16] + Statistics v1.11.1
  [5e0ebb24] + Strided v2.3.0
  [4db3bf67] + StridedViews v0.4.1
  [09ab397b] + StructArrays v0.7.1
  [3783bdb8] + TableTraits v1.0.1
  [bd369af6] + Tables v1.12.0
  [ed4db957] + TaskLocalValues v0.1.2
  [07d1fe3e] + TensorKit v0.14.5
  [11fa318c] + TensorKitManifolds v0.7.2
  [13a9c161] + TensorKitSectors v0.1.4
  [6aa20fa7] + TensorOperations v5.2.0
  [3bb67fe8] + TranscodingStreams v0.11.3
  [9d95972d] + TupleTools v1.6.0
  [409d34a3] + VectorInterface v0.5.0
  [9f57e263] + WignerSymbols v2.0.0
  [e88e6eb3] + Zygote v0.7.6
  [700de1a5] + ZygoteRules v0.2.7
  [efe28fd5] + OpenSpecFun_jll v0.5.6+0
  [0dad84c5] + ArgTools v1.1.2
  [56f22d72] + Artifacts v1.11.0
  [2a0f44e3] + Base64 v1.11.0
  [ade2ca70] + Dates v1.11.0
  [8ba89e20] + Distributed v1.11.0
  [f43a241f] + Downloads v1.6.0
  [7b1f6079] + FileWatching v1.11.0
  [b77e0a4c] + InteractiveUtils v1.11.0
  [b27032c2] + LibCURL v0.6.4
  [76f85450] + LibGit2 v1.11.0
  [8f399da3] + Libdl v1.11.0
  [37e2e46d] + LinearAlgebra v1.11.0
  [56ddb016] + Logging v1.11.0
  [d6f4376e] + Markdown v1.11.0
  [a63ad114] + Mmap v1.11.0
  [ca575930] + NetworkOptions v1.2.0
  [44cfe95a] + Pkg v1.11.0
  [de0858da] + Printf v1.11.0
  [9a3f8284] + Random v1.11.0
  [ea8e919c] + SHA v0.7.0
  [9e88b42a] + Serialization v1.11.0
  [6462fe0b] + Sockets v1.11.0
  [2f01184e] + SparseArrays v1.11.0
  [4607b0f0] + SuiteSparse
  [fa267f1f] + TOML v1.0.3
  [a4e569a6] + Tar v1.10.0
  [cf7118a7] + UUIDs v1.11.0
  [4ec0a83e] + Unicode v1.11.0
  [e66e0078] + CompilerSupportLibraries_jll v1.1.1+0
  [deac9b47] + LibCURL_jll v8.6.0+0
  [e37daf67] + LibGit2_jll v1.7.2+0
  [29816b5a] + LibSSH2_jll v1.11.0+1
  [c8ffd9c3] + MbedTLS_jll v2.28.6+0
  [14a3606d] + MozillaCACerts_jll v2023.12.12
  [4536629a] + OpenBLAS_jll v0.3.27+1
  [05823500] + OpenLibm_jll v0.8.1+2
  [bea87d4a] + SuiteSparse_jll v7.7.0+0
  [83775a58] + Zlib_jll v1.2.13+1
  [8e850b90] + libblastrampoline_jll v5.11.0+0
  [8e850ede] + nghttp2_jll v1.59.0+0
  [3f19e933] + p7zip_jll v17.4.0+2
        Info Packages marked with ⌅ have new versions available but compatibility constraints restrict them from upgrading. To see why use `status --outdated -m`
Precompiling project...
    520.2 ms  ✓ TaskLocalValues
    499.3 ms  ✓ DataValueInterfaces
    546.6 ms  ✓ Richardson
    625.8 ms  ✓ IntegerMathUtils
    633.0 ms  ✓ RealDot
    731.5 ms  ✓ HalfIntegers
    763.9 ms  ✓ InverseFunctions
    788.1 ms  ✓ LRUCache
    845.9 ms  ✓ StableTasks
    927.3 ms  ✓ VectorInterface
    958.0 ms  ✓ AbstractFFTs
    929.9 ms  ✓ DocStringExtensions
   1000.0 ms  ✓ OrderedCollections
    977.9 ms  ✓ Statistics
    567.1 ms  ✓ IteratorInterfaceExtensions
    628.2 ms  ✓ DataAPI
    568.7 ms  ✓ PackageExtensionCompat
    765.1 ms  ✓ ConstructionBase
    572.2 ms  ✓ CompositionsBase
    570.3 ms  ✓ PtrArrays
    801.5 ms  ✓ ChunkSplitters
    646.0 ms  ✓ RationalRoots
    862.9 ms  ✓ TupleTools
   1833.2 ms  ✓ FillArrays
    877.3 ms  ✓ StaticArraysCore
   1798.4 ms  ✓ IrrationalConstants
    826.2 ms  ✓ HashArrayMappedTries
    845.0 ms  ✓ NaNMath
    921.3 ms  ✓ TranscodingStreams
    796.6 ms  ✓ Requires
    951.2 ms  ✓ LoggingExtras
    940.8 ms  ✓ SuiteSparse
   1424.5 ms  ✓ InitialValues
   1006.2 ms  ✓ Compat
    646.0 ms  ✓ LRUCache → SerializationExt
    641.5 ms  ✓ TableTraits
   1110.5 ms  ✓ Preferences
    913.4 ms  ✓ InverseFunctions → InverseFunctionsDatesExt
    971.6 ms  ✓ Primes
    676.6 ms  ✓ CompositionsBase → CompositionsBaseInverseFunctionsExt
    694.1 ms  ✓ ConstructionBase → ConstructionBaseLinearAlgebraExt
    814.9 ms  ✓ StridedViews
   1025.6 ms  ✓ Statistics → SparseArraysExt
    750.7 ms  ✓ FillArrays → FillArraysStatisticsExt
    710.0 ms  ✓ DiffResults
    596.3 ms  ✓ ScopedValues
    956.5 ms  ✓ FillArrays → FillArraysSparseArraysExt
    796.4 ms  ✓ Adapt
    714.6 ms  ✓ Compat → CompatLinearAlgebraExt
    677.8 ms  ✓ JLLWrappers
    731.5 ms  ✓ PrecompileTools
   1036.6 ms  ✓ LogExpFunctions
    660.8 ms  ✓ StridedViews → StridedViewsPtrArraysExt
   1053.0 ms  ✓ SparseInverseSubset
   1404.3 ms  ✓ Tables
   1042.0 ms  ✓ Strided
    841.9 ms  ✓ GPUArraysCore
   2313.0 ms  ✓ KrylovKit
    620.3 ms  ✓ LogExpFunctions → LogExpFunctionsInverseFunctionsExt
   3639.8 ms  ✓ MacroTools
   1013.6 ms  ✓ Adapt → AdaptSparseArraysExt
    972.5 ms  ✓ OpenSpecFun_jll
    606.0 ms  ✓ CommonSubexpressions
   1062.7 ms  ✓ StructArrays
   1854.7 ms  ✓ ChainRulesCore
   2125.8 ms  ✓ OptimKit
    779.4 ms  ✓ StructArrays → StructArraysAdaptExt
    797.2 ms  ✓ StructArrays → StructArraysLinearAlgebraExt
   2628.6 ms  ✓ RecipesBase
    857.2 ms  ✓ AbstractFFTs → AbstractFFTsChainRulesCoreExt
   1035.6 ms  ✓ StructArrays → StructArraysSparseArraysExt
   1041.2 ms  ✓ ChainRulesCore → ChainRulesCoreSparseArraysExt
   3412.3 ms  ✓ WignerSymbols
   1228.6 ms  ✓ ZygoteRules
   1042.3 ms  ✓ KrylovKit → KrylovKitChainRulesCoreExt
   2627.8 ms  ✓ IRTools
   2233.9 ms  ✓ LogExpFunctions → LogExpFunctionsChainRulesCoreExt
   3532.5 ms  ✓ Accessors
   3583.1 ms  ✓ SpecialFunctions
   5900.7 ms  ✓ FileIO
    636.5 ms  ✓ Accessors → StructArraysExt
    746.8 ms  ✓ Accessors → LinearAlgebraExt
    846.3 ms  ✓ DiffRules
    941.3 ms  ✓ BangBang
   1998.5 ms  ✓ SpecialFunctions → SpecialFunctionsChainRulesCoreExt
    804.3 ms  ✓ BangBang → BangBangTablesExt
    819.2 ms  ✓ BangBang → BangBangChainRulesCoreExt
    910.8 ms  ✓ BangBang → BangBangStructArraysExt
   1100.3 ms  ✓ OhMyThreads
   8833.3 ms  ✓ StaticArrays
    783.8 ms  ✓ ConstructionBase → ConstructionBaseStaticArraysExt
    785.1 ms  ✓ Adapt → AdaptStaticArraysExt
   6897.4 ms  ✓ ChainRules
    896.1 ms  ✓ StructArrays → StructArraysStaticArraysExt
   1076.8 ms  ✓ StaticArrays → StaticArraysStatisticsExt
   4532.3 ms  ✓ ForwardDiff
   1117.6 ms  ✓ StaticArrays → StaticArraysChainRulesCoreExt
   1133.3 ms  ✓ BangBang → BangBangStaticArraysExt
   1281.3 ms  ✓ Accessors → StaticArraysExt
    927.6 ms  ✓ ForwardDiff → ForwardDiffStaticArraysExt
   1277.4 ms  ✓ FiniteDifferences
  15222.9 ms  ✓ ArrayLayouts
    793.3 ms  ✓ ArrayLayouts → ArrayLayoutsSparseArraysExt
   1646.7 ms  ✓ BlockArrays
    795.9 ms  ✓ BlockArrays → BlockArraysAdaptExt
  29723.1 ms  ✓ Zygote
  36948.6 ms  ✓ JLD2
 136471.9 ms  ✓ TensorOperations
   1251.8 ms  ✓ TensorOperations → TensorOperationsChainRulesCoreExt
   5620.2 ms  ✓ TensorKitSectors
   6801.5 ms  ✓ TensorKit
   1804.0 ms  ✓ TensorKit → TensorKitFiniteDifferencesExt
   1803.8 ms  ✓ TensorKitManifolds
   1897.2 ms  ✓ TensorKit → TensorKitChainRulesCoreExt
   2566.1 ms  ✓ BlockTensorKit
  13545.5 ms  ✓ MPSKit
  12378.1 ms  ✓ MPSKitModels
  13422.1 ms  ✓ PEPSKit
  118 dependencies successfully precompiled in 195 seconds. 31 already precompiled.
[ Info: CTMRG init:	obj = +8.526770600558e+00	err = 1.0000e+00
[ Info: CTMRG conv 4:	obj = +8.526770600558e+00	err = 6.1885101808e-10	time = 1.49 min
┌ Warning: `svd` cotangents sensitive to gauge choice: (|Δgauge| = 0.14596513998378186)
└ @ TensorKitChainRulesCoreExt ~/.julia/packages/TensorKit/esxcj/ext/TensorKitChainRulesCoreExt/factorizations.jl:254
┌ Warning: `svd` cotangents sensitive to gauge choice: (|Δgauge| = 1.17707983239332e-5)
└ @ TensorKitChainRulesCoreExt ~/.julia/packages/TensorKit/esxcj/ext/TensorKitChainRulesCoreExt/factorizations.jl:254
┌ Warning: `svd` cotangents sensitive to gauge choice: (|Δgauge| = 0.1459654695606764)
└ @ TensorKitChainRulesCoreExt ~/.julia/packages/TensorKit/esxcj/ext/TensorKitChainRulesCoreExt/factorizations.jl:254
[ Info: LBFGS: initializing with f = -2.067538543992, ‖∇f‖ = 9.5328e-04
[ Info: CTMRG init:	obj = +8.526774007691e+00	err = 1.0000e+00
[ Info: CTMRG conv 22:	obj = +8.526779962026e+00	err = 7.1401294333e-10	time = 10.09 sec
┌ Warning: `svd` cotangents sensitive to gauge choice: (|Δgauge| = 0.14585711162013787)
└ @ TensorKitChainRulesCoreExt ~/.julia/packages/TensorKit/esxcj/ext/TensorKitChainRulesCoreExt/factorizations.jl:254
┌ Warning: `svd` cotangents sensitive to gauge choice: (|Δgauge| = 1.460730713745021e-10)
└ @ TensorKitChainRulesCoreExt ~/.julia/packages/TensorKit/esxcj/ext/TensorKitChainRulesCoreExt/factorizations.jl:254
┌ Warning: `svd` cotangents sensitive to gauge choice: (|Δgauge| = 0.14585711204918184)
└ @ TensorKitChainRulesCoreExt ~/.julia/packages/TensorKit/esxcj/ext/TensorKitChainRulesCoreExt/factorizations.jl:254
[ Info: CTMRG init:	obj = +8.526772205424e+00	err = 1.0000e+00
[ Info: CTMRG conv 20:	obj = +8.526772875630e+00	err = 7.6098576957e-10	time = 6.99 sec
┌ Warning: `svd` cotangents sensitive to gauge choice: (|Δgauge| = 0.1459297844307017)
└ @ TensorKitChainRulesCoreExt ~/.julia/packages/TensorKit/esxcj/ext/TensorKitChainRulesCoreExt/factorizations.jl:254
┌ Warning: `svd` cotangents sensitive to gauge choice: (|Δgauge| = 5.613898063983876e-10)
└ @ TensorKitChainRulesCoreExt ~/.julia/packages/TensorKit/esxcj/ext/TensorKitChainRulesCoreExt/factorizations.jl:254
┌ Warning: `svd` cotangents sensitive to gauge choice: (|Δgauge| = 0.1459297842443295)
└ @ TensorKitChainRulesCoreExt ~/.julia/packages/TensorKit/esxcj/ext/TensorKitChainRulesCoreExt/factorizations.jl:254
[ Info: LBFGS: iter    1, time 1300.59 s: f = -2.067540140582, ‖∇f‖ = 8.4847e-04, α = 3.36e-01, m = 0, nfg = 2
[ Info: CTMRG init:	obj = +8.526804283209e+00	err = 1.0000e+00
[ Info: CTMRG conv 22:	obj = +8.526804307714e+00	err = 4.6602988232e-10	time = 7.24 sec
┌ Warning: `svd` cotangents sensitive to gauge choice: (|Δgauge| = 0.14592700272091735)
└ @ TensorKitChainRulesCoreExt ~/.julia/packages/TensorKit/esxcj/ext/TensorKitChainRulesCoreExt/factorizations.jl:254
┌ Warning: `svd` cotangents sensitive to gauge choice: (|Δgauge| = 1.867374062880228e-10)
└ @ TensorKitChainRulesCoreExt ~/.julia/packages/TensorKit/esxcj/ext/TensorKitChainRulesCoreExt/factorizations.jl:254
┌ Warning: `svd` cotangents sensitive to gauge choice: (|Δgauge| = 0.14592700320992358)
└ @ TensorKitChainRulesCoreExt ~/.julia/packages/TensorKit/esxcj/ext/TensorKitChainRulesCoreExt/factorizations.jl:254
[ Info: CTMRG init:	obj = +8.526916129266e+00	err = 1.0000e+00
[ Info: CTMRG conv 23:	obj = +8.526916743507e+00	err = 7.7191807255e-10	time = 14.34 sec
┌ Warning: `svd` cotangents sensitive to gauge choice: (|Δgauge| = 0.14591578909148917)
└ @ TensorKitChainRulesCoreExt ~/.julia/packages/TensorKit/esxcj/ext/TensorKitChainRulesCoreExt/factorizations.jl:254
┌ Warning: `svd` cotangents sensitive to gauge choice: (|Δgauge| = 8.450605721552164e-11)
└ @ TensorKitChainRulesCoreExt ~/.julia/packages/TensorKit/esxcj/ext/TensorKitChainRulesCoreExt/factorizations.jl:254
┌ Warning: `svd` cotangents sensitive to gauge choice: (|Δgauge| = 0.14591578857846596)
└ @ TensorKitChainRulesCoreExt ~/.julia/packages/TensorKit/esxcj/ext/TensorKitChainRulesCoreExt/factorizations.jl:254
[ Info: CTMRG init:	obj = +8.527144521903e+00	err = 1.0000e+00
[ Info: CTMRG conv 25:	obj = +8.527160083553e+00	err = 6.3346119499e-10	time = 16.59 sec
┌ Warning: `svd` cotangents sensitive to gauge choice: (|Δgauge| = 0.14585763198836998)
└ @ TensorKitChainRulesCoreExt ~/.julia/packages/TensorKit/esxcj/ext/TensorKitChainRulesCoreExt/factorizations.jl:254
┌ Warning: `svd` cotangents sensitive to gauge choice: (|Δgauge| = 1.433136513432157e-11)
└ @ TensorKitChainRulesCoreExt ~/.julia/packages/TensorKit/esxcj/ext/TensorKitChainRulesCoreExt/factorizations.jl:254
┌ Warning: `svd` cotangents sensitive to gauge choice: (|Δgauge| = 0.14585763195009804)
└ @ TensorKitChainRulesCoreExt ~/.julia/packages/TensorKit/esxcj/ext/TensorKitChainRulesCoreExt/factorizations.jl:254
[ Info: CTMRG init:	obj = +8.527046077177e+00	err = 1.0000e+00
[ Info: CTMRG conv 25:	obj = +8.527049177598e+00	err = 3.9603197628e-10	time = 16.70 sec
┌ Warning: `svd` cotangents sensitive to gauge choice: (|Δgauge| = 0.145898103225566)
└ @ TensorKitChainRulesCoreExt ~/.julia/packages/TensorKit/esxcj/ext/TensorKitChainRulesCoreExt/factorizations.jl:254
┌ Warning: `svd` cotangents sensitive to gauge choice: (|Δgauge| = 1.5634677807503405e-11)
└ @ TensorKitChainRulesCoreExt ~/.julia/packages/TensorKit/esxcj/ext/TensorKitChainRulesCoreExt/factorizations.jl:254
┌ Warning: `svd` cotangents sensitive to gauge choice: (|Δgauge| = 0.14589810283930502)
└ @ TensorKitChainRulesCoreExt ~/.julia/packages/TensorKit/esxcj/ext/TensorKitChainRulesCoreExt/factorizations.jl:254
[ Info: LBFGS: iter    2, time 1419.54 s: f = -2.067548079658, ‖∇f‖ = 1.3186e-03, α = 1.12e+01, m = 1, nfg = 4
[ Info: CTMRG init:	obj = +8.528586591463e+00	err = 1.0000e+00
[ Info: CTMRG conv 31:	obj = +8.528593366251e+00	err = 7.3566571757e-10	time = 20.73 sec
┌ Warning: `svd` cotangents sensitive to gauge choice: (|Δgauge| = 0.14614349079681035)
└ @ TensorKitChainRulesCoreExt ~/.julia/packages/TensorKit/esxcj/ext/TensorKitChainRulesCoreExt/factorizations.jl:254
┌ Warning: `svd` cotangents sensitive to gauge choice: (|Δgauge| = 0.1461434902960042)
└ @ TensorKitChainRulesCoreExt ~/.julia/packages/TensorKit/esxcj/ext/TensorKitChainRulesCoreExt/factorizations.jl:254
[ Info: CTMRG init:	obj = +8.527818341537e+00	err = 1.0000e+00
[ Info: CTMRG conv 25:	obj = +8.527819987635e+00	err = 6.2420689527e-10	time = 16.61 sec
┌ Warning: `svd` cotangents sensitive to gauge choice: (|Δgauge| = 0.14602052591647943)
└ @ TensorKitChainRulesCoreExt ~/.julia/packages/TensorKit/esxcj/ext/TensorKitChainRulesCoreExt/factorizations.jl:254
┌ Warning: `svd` cotangents sensitive to gauge choice: (|Δgauge| = 1.0021478298644595e-11)
└ @ TensorKitChainRulesCoreExt ~/.julia/packages/TensorKit/esxcj/ext/TensorKitChainRulesCoreExt/factorizations.jl:254
┌ Warning: `svd` cotangents sensitive to gauge choice: (|Δgauge| = 0.14602052565407786)
└ @ TensorKitChainRulesCoreExt ~/.julia/packages/TensorKit/esxcj/ext/TensorKitChainRulesCoreExt/factorizations.jl:254
[ Info: LBFGS: iter    3, time 1490.22 s: f = -2.067550817591, ‖∇f‖ = 6.6603e-04, α = 4.93e-01, m = 2, nfg = 2
[ Info: CTMRG init:	obj = +8.528992893842e+00	err = 1.0000e+00
[ Info: CTMRG conv 25:	obj = +8.528992973964e+00	err = 7.0321505507e-10	time = 18.92 sec
┌ Warning: `svd` cotangents sensitive to gauge choice: (|Δgauge| = 0.14601494396552173)
└ @ TensorKitChainRulesCoreExt ~/.julia/packages/TensorKit/esxcj/ext/TensorKitChainRulesCoreExt/factorizations.jl:254
┌ Warning: `svd` cotangents sensitive to gauge choice: (|Δgauge| = 9.83180796847595e-12)
└ @ TensorKitChainRulesCoreExt ~/.julia/packages/TensorKit/esxcj/ext/TensorKitChainRulesCoreExt/factorizations.jl:254
┌ Warning: `svd` cotangents sensitive to gauge choice: (|Δgauge| = 0.1460149451506601)
└ @ TensorKitChainRulesCoreExt ~/.julia/packages/TensorKit/esxcj/ext/TensorKitChainRulesCoreExt/factorizations.jl:254
[ Info: CTMRG init:	obj = +8.533665828533e+00	err = 1.0000e+00
[ Info: CTMRG conv 28:	obj = +8.533667827542e+00	err = 7.2442873473e-10	time = 20.41 sec
┌ Warning: `svd` cotangents sensitive to gauge choice: (|Δgauge| = 0.14599253950255445)
└ @ TensorKitChainRulesCoreExt ~/.julia/packages/TensorKit/esxcj/ext/TensorKitChainRulesCoreExt/factorizations.jl:254
┌ Warning: `svd` cotangents sensitive to gauge choice: (|Δgauge| = 1.8797286844318176e-12)
└ @ TensorKitChainRulesCoreExt ~/.julia/packages/TensorKit/esxcj/ext/TensorKitChainRulesCoreExt/factorizations.jl:254
┌ Warning: `svd` cotangents sensitive to gauge choice: (|Δgauge| = 0.14599253757145667)
└ @ TensorKitChainRulesCoreExt ~/.julia/packages/TensorKit/esxcj/ext/TensorKitChainRulesCoreExt/factorizations.jl:254
[ Info: CTMRG init:	obj = +8.556580809870e+00	err = 1.0000e+00
[ Info: CTMRG conv 27:	obj = +8.556630283695e+00	err = 8.6685285856e-10	time = 21.10 sec
┌ Warning: `svd` cotangents sensitive to gauge choice: (|Δgauge| = 0.14587876999794513)
└ @ TensorKitChainRulesCoreExt ~/.julia/packages/TensorKit/esxcj/ext/TensorKitChainRulesCoreExt/factorizations.jl:254
┌ Warning: `svd` cotangents sensitive to gauge choice: (|Δgauge| = 2.0227085018464625e-12)
└ @ TensorKitChainRulesCoreExt ~/.julia/packages/TensorKit/esxcj/ext/TensorKitChainRulesCoreExt/factorizations.jl:254
┌ Warning: `svd` cotangents sensitive to gauge choice: (|Δgauge| = 0.1458787698755405)
└ @ TensorKitChainRulesCoreExt ~/.julia/packages/TensorKit/esxcj/ext/TensorKitChainRulesCoreExt/factorizations.jl:254
[ Info: CTMRG init:	obj = +8.539706608852e+00	err = 1.0000e+00
[ Info: CTMRG conv 27:	obj = +8.539714921181e+00	err = 8.3282687371e-10	time = 13.57 sec
┌ Warning: `svd` cotangents sensitive to gauge choice: (|Δgauge| = 0.14596318163643585)
└ @ TensorKitChainRulesCoreExt ~/.julia/packages/TensorKit/esxcj/ext/TensorKitChainRulesCoreExt/factorizations.jl:254
┌ Warning: `svd` cotangents sensitive to gauge choice: (|Δgauge| = 2.849220296727818e-12)
└ @ TensorKitChainRulesCoreExt ~/.julia/packages/TensorKit/esxcj/ext/TensorKitChainRulesCoreExt/factorizations.jl:254
┌ Warning: `svd` cotangents sensitive to gauge choice: (|Δgauge| = 0.1459631810738385)
└ @ TensorKitChainRulesCoreExt ~/.julia/packages/TensorKit/esxcj/ext/TensorKitChainRulesCoreExt/factorizations.jl:254
[ Info: LBFGS: iter    4, time 1613.98 s: f = -2.067556461093, ‖∇f‖ = 1.0015e-03, α = 1.02e+01, m = 3, nfg = 4
[ Info: CTMRG init:	obj = +8.548062639257e+00	err = 1.0000e+00
[ Info: CTMRG conv 27:	obj = +8.548066273551e+00	err = 9.3413660835e-10	time = 14.85 sec
┌ Warning: `svd` cotangents sensitive to gauge choice: (|Δgauge| = 0.14631120633585334)
└ @ TensorKitChainRulesCoreExt ~/.julia/packages/TensorKit/esxcj/ext/TensorKitChainRulesCoreExt/factorizations.jl:254
┌ Warning: `svd` cotangents sensitive to gauge choice: (|Δgauge| = 6.36767530963432e-12)
└ @ TensorKitChainRulesCoreExt ~/.julia/packages/TensorKit/esxcj/ext/TensorKitChainRulesCoreExt/factorizations.jl:254
┌ Warning: `svd` cotangents sensitive to gauge choice: (|Δgauge| = 0.1463112053346729)
└ @ TensorKitChainRulesCoreExt ~/.julia/packages/TensorKit/esxcj/ext/TensorKitChainRulesCoreExt/factorizations.jl:254
[ Info: LBFGS: iter    5, time 1635.12 s: f = -2.067558940145, ‖∇f‖ = 1.2774e-03, α = 1.00e+00, m = 4, nfg = 1
[ Info: CTMRG init:	obj = +8.548737683291e+00	err = 1.0000e+00
[ Info: CTMRG conv 25:	obj = +8.548737955544e+00	err = 9.3188576349e-10	time = 14.43 sec
┌ Warning: `svd` cotangents sensitive to gauge choice: (|Δgauge| = 0.14622430773104822)
└ @ TensorKitChainRulesCoreExt ~/.julia/packages/TensorKit/esxcj/ext/TensorKitChainRulesCoreExt/factorizations.jl:254
┌ Warning: `svd` cotangents sensitive to gauge choice: (|Δgauge| = 1.0408144606294477e-11)
└ @ TensorKitChainRulesCoreExt ~/.julia/packages/TensorKit/esxcj/ext/TensorKitChainRulesCoreExt/factorizations.jl:254
┌ Warning: `svd` cotangents sensitive to gauge choice: (|Δgauge| = 0.1462243074313811)
└ @ TensorKitChainRulesCoreExt ~/.julia/packages/TensorKit/esxcj/ext/TensorKitChainRulesCoreExt/factorizations.jl:254
[ Info: LBFGS: iter    6, time 1655.95 s: f = -2.067561751264, ‖∇f‖ = 8.4177e-04, α = 1.00e+00, m = 5, nfg = 1
[ Info: CTMRG init:	obj = +8.558101335297e+00	err = 1.0000e+00
[ Info: CTMRG conv 28:	obj = +8.558106402433e+00	err = 8.2255846548e-10	time = 19.11 sec
┌ Warning: `svd` cotangents sensitive to gauge choice: (|Δgauge| = 0.14601769174313645)
└ @ TensorKitChainRulesCoreExt ~/.julia/packages/TensorKit/esxcj/ext/TensorKitChainRulesCoreExt/factorizations.jl:254
┌ Warning: `svd` cotangents sensitive to gauge choice: (|Δgauge| = 0.1460176916869986)
└ @ TensorKitChainRulesCoreExt ~/.julia/packages/TensorKit/esxcj/ext/TensorKitChainRulesCoreExt/factorizations.jl:254
[ Info: LBFGS: iter    7, time 1683.74 s: f = -2.067570465127, ‖∇f‖ = 9.3701e-04, α = 1.00e+00, m = 6, nfg = 1
[ Info: CTMRG init:	obj = +8.572754745640e+00	err = 1.0000e+00
[ Info: CTMRG conv 26:	obj = +8.572763087916e+00	err = 9.4281354512e-10	time = 18.21 sec
┌ Warning: `svd` cotangents sensitive to gauge choice: (|Δgauge| = 0.14588589798085697)
└ @ TensorKitChainRulesCoreExt ~/.julia/packages/TensorKit/esxcj/ext/TensorKitChainRulesCoreExt/factorizations.jl:254
┌ Warning: `svd` cotangents sensitive to gauge choice: (|Δgauge| = 6.160659631266227e-12)
└ @ TensorKitChainRulesCoreExt ~/.julia/packages/TensorKit/esxcj/ext/TensorKitChainRulesCoreExt/factorizations.jl:254
┌ Warning: `svd` cotangents sensitive to gauge choice: (|Δgauge| = 0.14588589797102364)
└ @ TensorKitChainRulesCoreExt ~/.julia/packages/TensorKit/esxcj/ext/TensorKitChainRulesCoreExt/factorizations.jl:254
[ Info: LBFGS: iter    8, time 1708.97 s: f = -2.067578697845, ‖∇f‖ = 1.3106e-03, α = 1.00e+00, m = 7, nfg = 1
[ Info: CTMRG init:	obj = +8.587688225187e+00	err = 1.0000e+00
[ Info: CTMRG conv 26:	obj = +8.587700533043e+00	err = 5.6669556193e-10	time = 19.20 sec
┌ Warning: `svd` cotangents sensitive to gauge choice: (|Δgauge| = 0.14586780031059993)
└ @ TensorKitChainRulesCoreExt ~/.julia/packages/TensorKit/esxcj/ext/TensorKitChainRulesCoreExt/factorizations.jl:254
┌ Warning: `svd` cotangents sensitive to gauge choice: (|Δgauge| = 5.3518312564731796e-12)
└ @ TensorKitChainRulesCoreExt ~/.julia/packages/TensorKit/esxcj/ext/TensorKitChainRulesCoreExt/factorizations.jl:254
┌ Warning: `svd` cotangents sensitive to gauge choice: (|Δgauge| = 0.14586780024926124)
└ @ TensorKitChainRulesCoreExt ~/.julia/packages/TensorKit/esxcj/ext/TensorKitChainRulesCoreExt/factorizations.jl:254
[ Info: LBFGS: iter    9, time 1735.08 s: f = -2.067589823656, ‖∇f‖ = 1.1492e-03, α = 1.00e+00, m = 8, nfg = 1
[ Info: CTMRG init:	obj = +8.602287070595e+00	err = 1.0000e+00
[ Info: CTMRG conv 40:	obj = +8.602310254466e+00	err = 6.5518318758e-10	time = 27.33 sec
┌ Warning: `svd` cotangents sensitive to gauge choice: (|Δgauge| = 0.145870100747848)
└ @ TensorKitChainRulesCoreExt ~/.julia/packages/TensorKit/esxcj/ext/TensorKitChainRulesCoreExt/factorizations.jl:254
┌ Warning: `svd` cotangents sensitive to gauge choice: (|Δgauge| = 0.1458701003749033)
└ @ TensorKitChainRulesCoreExt ~/.julia/packages/TensorKit/esxcj/ext/TensorKitChainRulesCoreExt/factorizations.jl:254
[ Info: CTMRG init:	obj = +8.589530968340e+00	err = 1.0000e+00
[ Info: CTMRG conv 25:	obj = +8.589531277266e+00	err = 7.4766238301e-10	time = 17.44 sec
┌ Warning: `svd` cotangents sensitive to gauge choice: (|Δgauge| = 0.14586755642737786)
└ @ TensorKitChainRulesCoreExt ~/.julia/packages/TensorKit/esxcj/ext/TensorKitChainRulesCoreExt/factorizations.jl:254
┌ Warning: `svd` cotangents sensitive to gauge choice: (|Δgauge| = 7.119903532973781e-12)
└ @ TensorKitChainRulesCoreExt ~/.julia/packages/TensorKit/esxcj/ext/TensorKitChainRulesCoreExt/factorizations.jl:254
┌ Warning: `svd` cotangents sensitive to gauge choice: (|Δgauge| = 0.14586755667351586)
└ @ TensorKitChainRulesCoreExt ~/.julia/packages/TensorKit/esxcj/ext/TensorKitChainRulesCoreExt/factorizations.jl:254
[ Info: LBFGS: iter   10, time 1795.20 s: f = -2.067590949990, ‖∇f‖ = 1.2059e-03, α = 1.15e-01, m = 8, nfg = 2
[ Info: CTMRG init:	obj = +8.596151873172e+00	err = 1.0000e+00
[ Info: CTMRG conv 26:	obj = +8.596156474738e+00	err = 7.8328877559e-10	time = 37.80 sec
┌ Warning: `svd` cotangents sensitive to gauge choice: (|Δgauge| = 0.14601536464757575)
└ @ TensorKitChainRulesCoreExt ~/.julia/packages/TensorKit/esxcj/ext/TensorKitChainRulesCoreExt/factorizations.jl:254
┌ Warning: `svd` cotangents sensitive to gauge choice: (|Δgauge| = 0.14601536453901443)
└ @ TensorKitChainRulesCoreExt ~/.julia/packages/TensorKit/esxcj/ext/TensorKitChainRulesCoreExt/factorizations.jl:254
[ Info: LBFGS: iter   11, time 1839.79 s: f = -2.067595256774, ‖∇f‖ = 4.4851e-04, α = 1.00e+00, m = 8, nfg = 1
[ Info: CTMRG init:	obj = +8.595799176084e+00	err = 1.0000e+00
[ Info: CTMRG conv 21:	obj = +8.595799471645e+00	err = 7.9001095003e-10	time = 15.08 sec
┌ Warning: `svd` cotangents sensitive to gauge choice: (|Δgauge| = 0.1460815769431646)
└ @ TensorKitChainRulesCoreExt ~/.julia/packages/TensorKit/esxcj/ext/TensorKitChainRulesCoreExt/factorizations.jl:254
┌ Warning: `svd` cotangents sensitive to gauge choice: (|Δgauge| = 8.713518266623035e-12)
└ @ TensorKitChainRulesCoreExt ~/.julia/packages/TensorKit/esxcj/ext/TensorKitChainRulesCoreExt/factorizations.jl:254
┌ Warning: `svd` cotangents sensitive to gauge choice: (|Δgauge| = 0.14608157639217573)
└ @ TensorKitChainRulesCoreExt ~/.julia/packages/TensorKit/esxcj/ext/TensorKitChainRulesCoreExt/factorizations.jl:254
[ Info: LBFGS: iter   12, time 1860.58 s: f = -2.067596421647, ‖∇f‖ = 4.1075e-04, α = 1.00e+00, m = 8, nfg = 1
[ Info: CTMRG init:	obj = +8.594620616544e+00	err = 1.0000e+00
[ Info: CTMRG conv 23:	obj = +8.594621241255e+00	err = 6.8363858467e-10	time = 17.56 sec
┌ Warning: `svd` cotangents sensitive to gauge choice: (|Δgauge| = 0.14612481393262605)
└ @ TensorKitChainRulesCoreExt ~/.julia/packages/TensorKit/esxcj/ext/TensorKitChainRulesCoreExt/factorizations.jl:254
┌ Warning: `svd` cotangents sensitive to gauge choice: (|Δgauge| = 1.6617757440527844e-11)
└ @ TensorKitChainRulesCoreExt ~/.julia/packages/TensorKit/esxcj/ext/TensorKitChainRulesCoreExt/factorizations.jl:254
┌ Warning: `svd` cotangents sensitive to gauge choice: (|Δgauge| = 0.14612481395340599)
└ @ TensorKitChainRulesCoreExt ~/.julia/packages/TensorKit/esxcj/ext/TensorKitChainRulesCoreExt/factorizations.jl:254
[ Info: LBFGS: iter   13, time 1884.51 s: f = -2.067597425433, ‖∇f‖ = 4.9334e-04, α = 1.00e+00, m = 8, nfg = 1
[ Info: CTMRG init:	obj = +8.593686778422e+00	err = 1.0000e+00
[ Info: CTMRG conv 24:	obj = +8.593686908123e+00	err = 9.2007368164e-10	time = 18.33 sec
┌ Warning: `svd` cotangents sensitive to gauge choice: (|Δgauge| = 0.14613970324443)
└ @ TensorKitChainRulesCoreExt ~/.julia/packages/TensorKit/esxcj/ext/TensorKitChainRulesCoreExt/factorizations.jl:254
┌ Warning: `svd` cotangents sensitive to gauge choice: (|Δgauge| = 1.0062223719365545e-11)
└ @ TensorKitChainRulesCoreExt ~/.julia/packages/TensorKit/esxcj/ext/TensorKitChainRulesCoreExt/factorizations.jl:254
┌ Warning: `svd` cotangents sensitive to gauge choice: (|Δgauge| = 0.14613970306696264)
└ @ TensorKitChainRulesCoreExt ~/.julia/packages/TensorKit/esxcj/ext/TensorKitChainRulesCoreExt/factorizations.jl:254
[ Info: LBFGS: iter   14, time 1908.94 s: f = -2.067598118346, ‖∇f‖ = 3.7653e-04, α = 1.00e+00, m = 8, nfg = 1
[ Info: CTMRG init:	obj = +8.593076327653e+00	err = 1.0000e+00
[ Info: CTMRG conv 23:	obj = +8.593076553127e+00	err = 7.8591474243e-10	time = 18.41 sec
┌ Warning: `svd` cotangents sensitive to gauge choice: (|Δgauge| = 0.14609739041329758)
└ @ TensorKitChainRulesCoreExt ~/.julia/packages/TensorKit/esxcj/ext/TensorKitChainRulesCoreExt/factorizations.jl:254
┌ Warning: `svd` cotangents sensitive to gauge choice: (|Δgauge| = 1.585988964790315e-11)
└ @ TensorKitChainRulesCoreExt ~/.julia/packages/TensorKit/esxcj/ext/TensorKitChainRulesCoreExt/factorizations.jl:254
┌ Warning: `svd` cotangents sensitive to gauge choice: (|Δgauge| = 0.14609739035488473)
└ @ TensorKitChainRulesCoreExt ~/.julia/packages/TensorKit/esxcj/ext/TensorKitChainRulesCoreExt/factorizations.jl:254
[ Info: LBFGS: iter   15, time 1933.41 s: f = -2.067598894625, ‖∇f‖ = 3.4194e-04, α = 1.00e+00, m = 8, nfg = 1
[ Info: CTMRG init:	obj = +8.591293380644e+00	err = 1.0000e+00
[ Info: CTMRG conv 24:	obj = +8.591294155761e+00	err = 5.8596554565e-10	time = 19.19 sec
┌ Warning: `svd` cotangents sensitive to gauge choice: (|Δgauge| = 0.14607523807306083)
└ @ TensorKitChainRulesCoreExt ~/.julia/packages/TensorKit/esxcj/ext/TensorKitChainRulesCoreExt/factorizations.jl:254
┌ Warning: `svd` cotangents sensitive to gauge choice: (|Δgauge| = 9.369268514284978e-12)
└ @ TensorKitChainRulesCoreExt ~/.julia/packages/TensorKit/esxcj/ext/TensorKitChainRulesCoreExt/factorizations.jl:254
┌ Warning: `svd` cotangents sensitive to gauge choice: (|Δgauge| = 0.1460752382784563)
└ @ TensorKitChainRulesCoreExt ~/.julia/packages/TensorKit/esxcj/ext/TensorKitChainRulesCoreExt/factorizations.jl:254
[ Info: LBFGS: iter   16, time 1958.42 s: f = -2.067599860093, ‖∇f‖ = 4.3487e-04, α = 1.00e+00, m = 8, nfg = 1
[ Info: CTMRG init:	obj = +8.586418717005e+00	err = 1.0000e+00
[ Info: CTMRG conv 24:	obj = +8.586423052341e+00	err = 9.2930196582e-10	time = 18.51 sec
┌ Warning: `svd` cotangents sensitive to gauge choice: (|Δgauge| = 0.14599900858645376)
└ @ TensorKitChainRulesCoreExt ~/.julia/packages/TensorKit/esxcj/ext/TensorKitChainRulesCoreExt/factorizations.jl:254
┌ Warning: `svd` cotangents sensitive to gauge choice: (|Δgauge| = 6.9646990785593245e-12)
└ @ TensorKitChainRulesCoreExt ~/.julia/packages/TensorKit/esxcj/ext/TensorKitChainRulesCoreExt/factorizations.jl:254
┌ Warning: `svd` cotangents sensitive to gauge choice: (|Δgauge| = 0.14599900842292474)
└ @ TensorKitChainRulesCoreExt ~/.julia/packages/TensorKit/esxcj/ext/TensorKitChainRulesCoreExt/factorizations.jl:254
[ Info: LBFGS: iter   17, time 1982.59 s: f = -2.067600816982, ‖∇f‖ = 8.3500e-04, α = 1.00e+00, m = 8, nfg = 1
[ Info: CTMRG init:	obj = +8.583796286600e+00	err = 1.0000e+00
[ Info: CTMRG conv 25:	obj = +8.583797625608e+00	err = 8.6874651240e-10	time = 20.28 sec
┌ Warning: `svd` cotangents sensitive to gauge choice: (|Δgauge| = 0.14604550638722302)
└ @ TensorKitChainRulesCoreExt ~/.julia/packages/TensorKit/esxcj/ext/TensorKitChainRulesCoreExt/factorizations.jl:254
┌ Warning: `svd` cotangents sensitive to gauge choice: (|Δgauge| = 3.580553325825542e-12)
└ @ TensorKitChainRulesCoreExt ~/.julia/packages/TensorKit/esxcj/ext/TensorKitChainRulesCoreExt/factorizations.jl:254
┌ Warning: `svd` cotangents sensitive to gauge choice: (|Δgauge| = 0.14604550604711697)
└ @ TensorKitChainRulesCoreExt ~/.julia/packages/TensorKit/esxcj/ext/TensorKitChainRulesCoreExt/factorizations.jl:254
[ Info: LBFGS: iter   18, time 2009.35 s: f = -2.067602139858, ‖∇f‖ = 4.4633e-04, α = 1.00e+00, m = 8, nfg = 1
[ Info: CTMRG init:	obj = +8.578094366896e+00	err = 1.0000e+00
[ Info: CTMRG conv 25:	obj = +8.578096797755e+00	err = 7.9531578613e-10	time = 20.25 sec
┌ Warning: `svd` cotangents sensitive to gauge choice: (|Δgauge| = 0.1461228544967454)
└ @ TensorKitChainRulesCoreExt ~/.julia/packages/TensorKit/esxcj/ext/TensorKitChainRulesCoreExt/factorizations.jl:254
┌ Warning: `svd` cotangents sensitive to gauge choice: (|Δgauge| = 2.7851790250786915e-12)
└ @ TensorKitChainRulesCoreExt ~/.julia/packages/TensorKit/esxcj/ext/TensorKitChainRulesCoreExt/factorizations.jl:254
┌ Warning: `svd` cotangents sensitive to gauge choice: (|Δgauge| = 0.14612285440806172)
└ @ TensorKitChainRulesCoreExt ~/.julia/packages/TensorKit/esxcj/ext/TensorKitChainRulesCoreExt/factorizations.jl:254
[ Info: LBFGS: iter   19, time 2035.54 s: f = -2.067603354829, ‖∇f‖ = 3.4505e-04, α = 1.00e+00, m = 8, nfg = 1
[ Info: CTMRG init:	obj = +8.572531653996e+00	err = 1.0000e+00
[ Info: CTMRG conv 24:	obj = +8.572533552607e+00	err = 9.6109409794e-10	time = 19.97 sec
┌ Warning: `svd` cotangents sensitive to gauge choice: (|Δgauge| = 0.14616118819571275)
└ @ TensorKitChainRulesCoreExt ~/.julia/packages/TensorKit/esxcj/ext/TensorKitChainRulesCoreExt/factorizations.jl:254
┌ Warning: `svd` cotangents sensitive to gauge choice: (|Δgauge| = 0.14616118808582992)
└ @ TensorKitChainRulesCoreExt ~/.julia/packages/TensorKit/esxcj/ext/TensorKitChainRulesCoreExt/factorizations.jl:254
[ Info: LBFGS: iter   20, time 2061.34 s: f = -2.067604175206, ‖∇f‖ = 3.7978e-04, α = 1.00e+00, m = 8, nfg = 1
[ Info: CTMRG init:	obj = +8.559551351245e+00	err = 1.0000e+00
[ Info: CTMRG conv 26:	obj = +8.559560301244e+00	err = 6.9941024027e-10	time = 21.39 sec
┌ Warning: `svd` cotangents sensitive to gauge choice: (|Δgauge| = 0.14618123143828815)
└ @ TensorKitChainRulesCoreExt ~/.julia/packages/TensorKit/esxcj/ext/TensorKitChainRulesCoreExt/factorizations.jl:254
┌ Warning: `svd` cotangents sensitive to gauge choice: (|Δgauge| = 2.321390109276982e-12)
└ @ TensorKitChainRulesCoreExt ~/.julia/packages/TensorKit/esxcj/ext/TensorKitChainRulesCoreExt/factorizations.jl:254
┌ Warning: `svd` cotangents sensitive to gauge choice: (|Δgauge| = 0.14618123162142108)
└ @ TensorKitChainRulesCoreExt ~/.julia/packages/TensorKit/esxcj/ext/TensorKitChainRulesCoreExt/factorizations.jl:254
[ Info: CTMRG init:	obj = +8.566166164504e+00	err = 1.0000e+00
[ Info: CTMRG conv 25:	obj = +8.566168339755e+00	err = 6.7612376541e-10	time = 21.34 sec
┌ Warning: `svd` cotangents sensitive to gauge choice: (|Δgauge| = 0.14617122025367124)
└ @ TensorKitChainRulesCoreExt ~/.julia/packages/TensorKit/esxcj/ext/TensorKitChainRulesCoreExt/factorizations.jl:254
┌ Warning: `svd` cotangents sensitive to gauge choice: (|Δgauge| = 1.8773010524435342e-12)
└ @ TensorKitChainRulesCoreExt ~/.julia/packages/TensorKit/esxcj/ext/TensorKitChainRulesCoreExt/factorizations.jl:254
┌ Warning: `svd` cotangents sensitive to gauge choice: (|Δgauge| = 0.14617121989834875)
└ @ TensorKitChainRulesCoreExt ~/.julia/packages/TensorKit/esxcj/ext/TensorKitChainRulesCoreExt/factorizations.jl:254
[ Info: LBFGS: iter   21, time 2116.65 s: f = -2.067604875914, ‖∇f‖ = 6.8123e-04, α = 4.94e-01, m = 8, nfg = 2
[ Info: CTMRG init:	obj = +8.559383349384e+00	err = 1.0000e+00
[ Info: CTMRG conv 25:	obj = +8.559385713487e+00	err = 8.5455245056e-10	time = 21.73 sec
┌ Warning: `svd` cotangents sensitive to gauge choice: (|Δgauge| = 0.14619287537618614)
└ @ TensorKitChainRulesCoreExt ~/.julia/packages/TensorKit/esxcj/ext/TensorKitChainRulesCoreExt/factorizations.jl:254
┌ Warning: `svd` cotangents sensitive to gauge choice: (|Δgauge| = 6.415000657200334e-12)
└ @ TensorKitChainRulesCoreExt ~/.julia/packages/TensorKit/esxcj/ext/TensorKitChainRulesCoreExt/factorizations.jl:254
┌ Warning: `svd` cotangents sensitive to gauge choice: (|Δgauge| = 0.14619287625635763)
└ @ TensorKitChainRulesCoreExt ~/.julia/packages/TensorKit/esxcj/ext/TensorKitChainRulesCoreExt/factorizations.jl:254
[ Info: LBFGS: iter   22, time 2144.12 s: f = -2.067605977169, ‖∇f‖ = 3.7975e-04, α = 1.00e+00, m = 8, nfg = 1
[ Info: CTMRG init:	obj = +8.554938051731e+00	err = 1.0000e+00
[ Info: CTMRG conv 28:	obj = +8.554938898185e+00	err = 7.8484582266e-10	time = 24.33 sec
┌ Warning: `svd` cotangents sensitive to gauge choice: (|Δgauge| = 0.14617441476757437)
└ @ TensorKitChainRulesCoreExt ~/.julia/packages/TensorKit/esxcj/ext/TensorKitChainRulesCoreExt/factorizations.jl:254
┌ Warning: `svd` cotangents sensitive to gauge choice: (|Δgauge| = 1.889949533033499e-12)
└ @ TensorKitChainRulesCoreExt ~/.julia/packages/TensorKit/esxcj/ext/TensorKitChainRulesCoreExt/factorizations.jl:254
┌ Warning: `svd` cotangents sensitive to gauge choice: (|Δgauge| = 0.14617441495674235)
└ @ TensorKitChainRulesCoreExt ~/.julia/packages/TensorKit/esxcj/ext/TensorKitChainRulesCoreExt/factorizations.jl:254
[ Info: LBFGS: iter   23, time 2175.37 s: f = -2.067606872499, ‖∇f‖ = 2.6306e-04, α = 1.00e+00, m = 8, nfg = 1
[ Info: CTMRG init:	obj = +8.552095398369e+00	err = 1.0000e+00
[ Info: CTMRG conv 37:	obj = +8.552095753370e+00	err = 8.7409643749e-10	time = 35.28 sec
┌ Warning: `svd` cotangents sensitive to gauge choice: (|Δgauge| = 0.14613317132295023)
└ @ TensorKitChainRulesCoreExt ~/.julia/packages/TensorKit/esxcj/ext/TensorKitChainRulesCoreExt/factorizations.jl:254
┌ Warning: `svd` cotangents sensitive to gauge choice: (|Δgauge| = 0.14613317111135918)
└ @ TensorKitChainRulesCoreExt ~/.julia/packages/TensorKit/esxcj/ext/TensorKitChainRulesCoreExt/factorizations.jl:254
[ Info: LBFGS: iter   24, time 2218.65 s: f = -2.067607548910, ‖∇f‖ = 4.0549e-04, α = 1.00e+00, m = 8, nfg = 1
[ Info: CTMRG init:	obj = +8.549215049819e+00	err = 1.0000e+00
[ Info: CTMRG conv 26:	obj = +8.549215696231e+00	err = 6.9330312830e-10	time = 24.20 sec
┌ Warning: `svd` cotangents sensitive to gauge choice: (|Δgauge| = 0.14612371035890262)
└ @ TensorKitChainRulesCoreExt ~/.julia/packages/TensorKit/esxcj/ext/TensorKitChainRulesCoreExt/factorizations.jl:254
┌ Warning: `svd` cotangents sensitive to gauge choice: (|Δgauge| = 5.975263631477031e-12)
└ @ TensorKitChainRulesCoreExt ~/.julia/packages/TensorKit/esxcj/ext/TensorKitChainRulesCoreExt/factorizations.jl:254
┌ Warning: `svd` cotangents sensitive to gauge choice: (|Δgauge| = 0.14612371073941938)
└ @ TensorKitChainRulesCoreExt ~/.julia/packages/TensorKit/esxcj/ext/TensorKitChainRulesCoreExt/factorizations.jl:254
[ Info: LBFGS: iter   25, time 2249.04 s: f = -2.067608083889, ‖∇f‖ = 4.9430e-04, α = 1.00e+00, m = 8, nfg = 1
[ Info: CTMRG init:	obj = +8.548948433496e+00	err = 1.0000e+00
[ Info: CTMRG conv 23:	obj = +8.548948470432e+00	err = 6.3919906108e-10	time = 21.56 sec
┌ Warning: `svd` cotangents sensitive to gauge choice: (|Δgauge| = 0.14609566007447095)
└ @ TensorKitChainRulesCoreExt ~/.julia/packages/TensorKit/esxcj/ext/TensorKitChainRulesCoreExt/factorizations.jl:254
┌ Warning: `svd` cotangents sensitive to gauge choice: (|Δgauge| = 2.5945841986512095e-11)
└ @ TensorKitChainRulesCoreExt ~/.julia/packages/TensorKit/esxcj/ext/TensorKitChainRulesCoreExt/factorizations.jl:254
┌ Warning: `svd` cotangents sensitive to gauge choice: (|Δgauge| = 0.1460956605430282)
└ @ TensorKitChainRulesCoreExt ~/.julia/packages/TensorKit/esxcj/ext/TensorKitChainRulesCoreExt/factorizations.jl:254
[ Info: LBFGS: iter   26, time 2277.04 s: f = -2.067608694951, ‖∇f‖ = 3.0831e-04, α = 1.00e+00, m = 8, nfg = 1
[ Info: CTMRG init:	obj = +8.545851278062e+00	err = 1.0000e+00
[ Info: CTMRG conv 25:	obj = +8.545851612190e+00	err = 7.0427229048e-10	time = 25.01 sec
┌ Warning: `svd` cotangents sensitive to gauge choice: (|Δgauge| = 0.14606017142221855)
└ @ TensorKitChainRulesCoreExt ~/.julia/packages/TensorKit/esxcj/ext/TensorKitChainRulesCoreExt/factorizations.jl:254
┌ Warning: `svd` cotangents sensitive to gauge choice: (|Δgauge| = 3.2554160814083597e-12)
└ @ TensorKitChainRulesCoreExt ~/.julia/packages/TensorKit/esxcj/ext/TensorKitChainRulesCoreExt/factorizations.jl:254
┌ Warning: `svd` cotangents sensitive to gauge choice: (|Δgauge| = 0.1460601714494972)
└ @ TensorKitChainRulesCoreExt ~/.julia/packages/TensorKit/esxcj/ext/TensorKitChainRulesCoreExt/factorizations.jl:254
[ Info: LBFGS: iter   27, time 2308.49 s: f = -2.067609823839, ‖∇f‖ = 3.4269e-04, α = 1.00e+00, m = 8, nfg = 1
[ Info: CTMRG init:	obj = +8.541096419749e+00	err = 1.0000e+00
[ Info: CTMRG conv 25:	obj = +8.541097031552e+00	err = 8.6389495722e-10	time = 23.65 sec
┌ Warning: `svd` cotangents sensitive to gauge choice: (|Δgauge| = 0.14606795858908378)
└ @ TensorKitChainRulesCoreExt ~/.julia/packages/TensorKit/esxcj/ext/TensorKitChainRulesCoreExt/factorizations.jl:254
┌ Warning: `svd` cotangents sensitive to gauge choice: (|Δgauge| = 0.1460679593187124)
└ @ TensorKitChainRulesCoreExt ~/.julia/packages/TensorKit/esxcj/ext/TensorKitChainRulesCoreExt/factorizations.jl:254
[ Info: LBFGS: iter   28, time 2338.24 s: f = -2.067610519793, ‖∇f‖ = 3.6552e-04, α = 1.00e+00, m = 8, nfg = 1
[ Info: CTMRG init:	obj = +8.526806658940e+00	err = 1.0000e+00
[ Info: CTMRG conv 26:	obj = +8.526819654061e+00	err = 9.7483159214e-10	time = 25.20 sec
┌ Warning: `svd` cotangents sensitive to gauge choice: (|Δgauge| = 0.14605189932967982)
└ @ TensorKitChainRulesCoreExt ~/.julia/packages/TensorKit/esxcj/ext/TensorKitChainRulesCoreExt/factorizations.jl:254
┌ Warning: `svd` cotangents sensitive to gauge choice: (|Δgauge| = 5.768700303583921e-12)
└ @ TensorKitChainRulesCoreExt ~/.julia/packages/TensorKit/esxcj/ext/TensorKitChainRulesCoreExt/factorizations.jl:254
┌ Warning: `svd` cotangents sensitive to gauge choice: (|Δgauge| = 0.14605189916510158)
└ @ TensorKitChainRulesCoreExt ~/.julia/packages/TensorKit/esxcj/ext/TensorKitChainRulesCoreExt/factorizations.jl:254
[ Info: CTMRG init:	obj = +8.536072529603e+00	err = 1.0000e+00
[ Info: CTMRG conv 26:	obj = +8.536074177035e+00	err = 9.9823635913e-10	time = 25.57 sec
┌ Warning: `svd` cotangents sensitive to gauge choice: (|Δgauge| = 0.14606231468211217)
└ @ TensorKitChainRulesCoreExt ~/.julia/packages/TensorKit/esxcj/ext/TensorKitChainRulesCoreExt/factorizations.jl:254
┌ Warning: `svd` cotangents sensitive to gauge choice: (|Δgauge| = 0.14606231494618055)
└ @ TensorKitChainRulesCoreExt ~/.julia/packages/TensorKit/esxcj/ext/TensorKitChainRulesCoreExt/factorizations.jl:254
[ Info: LBFGS: iter   29, time 2402.01 s: f = -2.067611184241, ‖∇f‖ = 6.0837e-04, α = 3.56e-01, m = 8, nfg = 2
[ Info: CTMRG init:	obj = +8.526555160830e+00	err = 1.0000e+00
[ Info: CTMRG conv 33:	obj = +8.526557830825e+00	err = 9.6728405359e-10	time = 34.83 sec
┌ Warning: `svd` cotangents sensitive to gauge choice: (|Δgauge| = 0.14611251094985878)
└ @ TensorKitChainRulesCoreExt ~/.julia/packages/TensorKit/esxcj/ext/TensorKitChainRulesCoreExt/factorizations.jl:254
┌ Warning: `svd` cotangents sensitive to gauge choice: (|Δgauge| = 0.14611251089561006)
└ @ TensorKitChainRulesCoreExt ~/.julia/packages/TensorKit/esxcj/ext/TensorKitChainRulesCoreExt/factorizations.jl:254
[ Info: LBFGS: iter   30, time 2444.98 s: f = -2.067612296530, ‖∇f‖ = 3.0559e-04, α = 1.00e+00, m = 8, nfg = 1
[ Info: CTMRG init:	obj = +8.520414648255e+00	err = 1.0000e+00
[ Info: CTMRG conv 26:	obj = +8.520415722697e+00	err = 6.1239122278e-10	time = 27.08 sec
┌ Warning: `svd` cotangents sensitive to gauge choice: (|Δgauge| = 0.14612954590172966)
└ @ TensorKitChainRulesCoreExt ~/.julia/packages/TensorKit/esxcj/ext/TensorKitChainRulesCoreExt/factorizations.jl:254
┌ Warning: `svd` cotangents sensitive to gauge choice: (|Δgauge| = 0.14612954693490549)
└ @ TensorKitChainRulesCoreExt ~/.julia/packages/TensorKit/esxcj/ext/TensorKitChainRulesCoreExt/factorizations.jl:254
[ Info: LBFGS: iter   31, time 2478.45 s: f = -2.067612973467, ‖∇f‖ = 2.9259e-04, α = 1.00e+00, m = 8, nfg = 1
[ Info: CTMRG init:	obj = +8.516911862995e+00	err = 1.0000e+00
[ Info: CTMRG conv 26:	obj = +8.516912548781e+00	err = 8.6429206841e-10	time = 27.61 sec
┌ Warning: `svd` cotangents sensitive to gauge choice: (|Δgauge| = 0.1461815661561353)
└ @ TensorKitChainRulesCoreExt ~/.julia/packages/TensorKit/esxcj/ext/TensorKitChainRulesCoreExt/factorizations.jl:254
┌ Warning: `svd` cotangents sensitive to gauge choice: (|Δgauge| = 0.14618156712364927)
└ @ TensorKitChainRulesCoreExt ~/.julia/packages/TensorKit/esxcj/ext/TensorKitChainRulesCoreExt/factorizations.jl:254
[ Info: LBFGS: iter   32, time 2512.39 s: f = -2.067613525109, ‖∇f‖ = 4.2324e-04, α = 1.00e+00, m = 8, nfg = 1
[ Info: CTMRG init:	obj = +8.518316201109e+00	err = 1.0000e+00
[ Info: CTMRG conv 26:	obj = +8.518316505866e+00	err = 7.1844931309e-10	time = 28.31 sec
┌ Warning: `svd` cotangents sensitive to gauge choice: (|Δgauge| = 0.14616206004643703)
└ @ TensorKitChainRulesCoreExt ~/.julia/packages/TensorKit/esxcj/ext/TensorKitChainRulesCoreExt/factorizations.jl:254
┌ Warning: `svd` cotangents sensitive to gauge choice: (|Δgauge| = 0.14616206126416748)
└ @ TensorKitChainRulesCoreExt ~/.julia/packages/TensorKit/esxcj/ext/TensorKitChainRulesCoreExt/factorizations.jl:254
[ Info: LBFGS: iter   33, time 2548.45 s: f = -2.067613981020, ‖∇f‖ = 2.1753e-04, α = 1.00e+00, m = 8, nfg = 1
[ Info: CTMRG init:	obj = +8.521483669650e+00	err = 1.0000e+00
[ Info: CTMRG conv 25:	obj = +8.521484688824e+00	err = 9.9356705078e-10	time = 27.05 sec
┌ Warning: `svd` cotangents sensitive to gauge choice: (|Δgauge| = 0.14613026113424946)
└ @ TensorKitChainRulesCoreExt ~/.julia/packages/TensorKit/esxcj/ext/TensorKitChainRulesCoreExt/factorizations.jl:254
┌ Warning: `svd` cotangents sensitive to gauge choice: (|Δgauge| = 2.6007483111626416e-12)
└ @ TensorKitChainRulesCoreExt ~/.julia/packages/TensorKit/esxcj/ext/TensorKitChainRulesCoreExt/factorizations.jl:254
┌ Warning: `svd` cotangents sensitive to gauge choice: (|Δgauge| = 0.14613026226539155)
└ @ TensorKitChainRulesCoreExt ~/.julia/packages/TensorKit/esxcj/ext/TensorKitChainRulesCoreExt/factorizations.jl:254
[ Info: LBFGS: iter   34, time 2582.01 s: f = -2.067614380718, ‖∇f‖ = 2.0955e-04, α = 1.00e+00, m = 8, nfg = 1
[ Info: CTMRG init:	obj = +8.524363397086e+00	err = 1.0000e+00
[ Info: CTMRG conv 26:	obj = +8.524364635485e+00	err = 7.4779129940e-10	time = 31.51 sec
┌ Warning: `svd` cotangents sensitive to gauge choice: (|Δgauge| = 0.14614681599168236)
└ @ TensorKitChainRulesCoreExt ~/.julia/packages/TensorKit/esxcj/ext/TensorKitChainRulesCoreExt/factorizations.jl:254
┌ Warning: `svd` cotangents sensitive to gauge choice: (|Δgauge| = 0.1461468169868415)
└ @ TensorKitChainRulesCoreExt ~/.julia/packages/TensorKit/esxcj/ext/TensorKitChainRulesCoreExt/factorizations.jl:254
[ Info: LBFGS: iter   35, time 2621.26 s: f = -2.067614681155, ‖∇f‖ = 2.6103e-04, α = 1.00e+00, m = 8, nfg = 1
[ Info: CTMRG init:	obj = +8.524287177900e+00	err = 1.0000e+00
[ Info: CTMRG conv 29:	obj = +8.524288379794e+00	err = 9.3782367228e-10	time = 33.30 sec
┌ Warning: `svd` cotangents sensitive to gauge choice: (|Δgauge| = 0.14609923134440833)
└ @ TensorKitChainRulesCoreExt ~/.julia/packages/TensorKit/esxcj/ext/TensorKitChainRulesCoreExt/factorizations.jl:254
┌ Warning: `svd` cotangents sensitive to gauge choice: (|Δgauge| = 0.14609923132814304)
└ @ TensorKitChainRulesCoreExt ~/.julia/packages/TensorKit/esxcj/ext/TensorKitChainRulesCoreExt/factorizations.jl:254
[ Info: LBFGS: iter   36, time 2661.42 s: f = -2.067614865812, ‖∇f‖ = 3.9252e-04, α = 1.00e+00, m = 8, nfg = 1
[ Info: CTMRG init:	obj = +8.523811950042e+00	err = 1.0000e+00
[ Info: CTMRG conv 25:	obj = +8.523812013639e+00	err = 9.0056500662e-10	time = 30.71 sec
┌ Warning: `svd` cotangents sensitive to gauge choice: (|Δgauge| = 0.14614028480177993)
└ @ TensorKitChainRulesCoreExt ~/.julia/packages/TensorKit/esxcj/ext/TensorKitChainRulesCoreExt/factorizations.jl:254
┌ Warning: `svd` cotangents sensitive to gauge choice: (|Δgauge| = 2.6283996975264394e-12)
└ @ TensorKitChainRulesCoreExt ~/.julia/packages/TensorKit/esxcj/ext/TensorKitChainRulesCoreExt/factorizations.jl:254
┌ Warning: `svd` cotangents sensitive to gauge choice: (|Δgauge| = 0.1461402858528727)
└ @ TensorKitChainRulesCoreExt ~/.julia/packages/TensorKit/esxcj/ext/TensorKitChainRulesCoreExt/factorizations.jl:254
[ Info: LBFGS: iter   37, time 2698.92 s: f = -2.067615116116, ‖∇f‖ = 1.7528e-04, α = 1.00e+00, m = 8, nfg = 1
[ Info: CTMRG init:	obj = +8.521963873159e+00	err = 1.0000e+00
[ Info: CTMRG conv 34:	obj = +8.521963964177e+00	err = 7.1247371347e-10	time = 38.71 sec
┌ Warning: `svd` cotangents sensitive to gauge choice: (|Δgauge| = 0.1461832468012666)
└ @ TensorKitChainRulesCoreExt ~/.julia/packages/TensorKit/esxcj/ext/TensorKitChainRulesCoreExt/factorizations.jl:254
┌ Warning: `svd` cotangents sensitive to gauge choice: (|Δgauge| = 0.1461832484001988)
└ @ TensorKitChainRulesCoreExt ~/.julia/packages/TensorKit/esxcj/ext/TensorKitChainRulesCoreExt/factorizations.jl:254
[ Info: LBFGS: iter   38, time 2743.98 s: f = -2.067615337349, ‖∇f‖ = 1.8327e-04, α = 1.00e+00, m = 8, nfg = 1
[ Info: CTMRG init:	obj = +8.519855655932e+00	err = 1.0000e+00
[ Info: CTMRG conv 27:	obj = +8.519855751187e+00	err = 8.3059041171e-10	time = 31.22 sec
┌ Warning: `svd` cotangents sensitive to gauge choice: (|Δgauge| = 0.14621261542865638)
└ @ TensorKitChainRulesCoreExt ~/.julia/packages/TensorKit/esxcj/ext/TensorKitChainRulesCoreExt/factorizations.jl:254
┌ Warning: `svd` cotangents sensitive to gauge choice: (|Δgauge| = 0.14621261633078986)
└ @ TensorKitChainRulesCoreExt ~/.julia/packages/TensorKit/esxcj/ext/TensorKitChainRulesCoreExt/factorizations.jl:254
[ Info: LBFGS: iter   39, time 2782.54 s: f = -2.067615520578, ‖∇f‖ = 2.2083e-04, α = 1.00e+00, m = 8, nfg = 1
[ Info: CTMRG init:	obj = +8.518176192008e+00	err = 1.0000e+00
┌ Warning: CTMRG cancel 100:	obj = +8.518176398143e+00	err = 1.2639496219e-09	time = 2.05 min
└ @ PEPSKit ~/.julia/packages/PEPSKit/P7ER3/src/algorithms/ctmrg/ctmrg.jl:129
┌ Warning: `svd` cotangents sensitive to gauge choice: (|Δgauge| = 0.14622998599009612)
└ @ TensorKitChainRulesCoreExt ~/.julia/packages/TensorKit/esxcj/ext/TensorKitChainRulesCoreExt/factorizations.jl:254
┌ Warning: `svd` cotangents sensitive to gauge choice: (|Δgauge| = 0.14622998613327332)
└ @ TensorKitChainRulesCoreExt ~/.julia/packages/TensorKit/esxcj/ext/TensorKitChainRulesCoreExt/factorizations.jl:254
[ Info: LBFGS: iter   40, time 2927.28 s: f = -2.067615734318, ‖∇f‖ = 2.8827e-04, α = 1.00e+00, m = 8, nfg = 1
[ Info: CTMRG init:	obj = +8.518293659492e+00	err = 1.0000e+00
[ Info: CTMRG conv 39:	obj = +8.518294593824e+00	err = 8.9224319737e-10	time = 52.48 sec
┌ Warning: `svd` cotangents sensitive to gauge choice: (|Δgauge| = 0.14626086164475485)
└ @ TensorKitChainRulesCoreExt ~/.julia/packages/TensorKit/esxcj/ext/TensorKitChainRulesCoreExt/factorizations.jl:254
┌ Warning: `svd` cotangents sensitive to gauge choice: (|Δgauge| = 0.14626086174755074)
└ @ TensorKitChainRulesCoreExt ~/.julia/packages/TensorKit/esxcj/ext/TensorKitChainRulesCoreExt/factorizations.jl:254
[ Info: CTMRG init:	obj = +8.518243293818e+00	err = 1.0000e+00
[ Info: CTMRG conv 35:	obj = +8.518243573150e+00	err = 8.7258928443e-10	time = 46.50 sec
┌ Warning: `svd` cotangents sensitive to gauge choice: (|Δgauge| = 0.14624688053943458)
└ @ TensorKitChainRulesCoreExt ~/.julia/packages/TensorKit/esxcj/ext/TensorKitChainRulesCoreExt/factorizations.jl:254
┌ Warning: `svd` cotangents sensitive to gauge choice: (|Δgauge| = 0.14624687987373264)
└ @ TensorKitChainRulesCoreExt ~/.julia/packages/TensorKit/esxcj/ext/TensorKitChainRulesCoreExt/factorizations.jl:254
[ Info: LBFGS: iter   41, time 3042.23 s: f = -2.067615861583, ‖∇f‖ = 1.5753e-04, α = 5.47e-01, m = 8, nfg = 2
[ Info: CTMRG init:	obj = +8.519306151423e+00	err = 1.0000e+00
[ Info: CTMRG conv 41:	obj = +8.519306213683e+00	err = 7.3536284114e-10	time = 53.22 sec
┌ Warning: `svd` cotangents sensitive to gauge choice: (|Δgauge| = 0.14623153106324882)
└ @ TensorKitChainRulesCoreExt ~/.julia/packages/TensorKit/esxcj/ext/TensorKitChainRulesCoreExt/factorizations.jl:254
┌ Warning: `svd` cotangents sensitive to gauge choice: (|Δgauge| = 0.1462315317874803)
└ @ TensorKitChainRulesCoreExt ~/.julia/packages/TensorKit/esxcj/ext/TensorKitChainRulesCoreExt/factorizations.jl:254
[ Info: LBFGS: converged after 42 iterations and time 3104.32 s: f = -2.067615914442, ‖∇f‖ = 7.4924e-05
