  Installing known registries into `~/.julia`
       Added `General` registry to ~/.julia/registries
    Updating registry at `~/.julia/registries/General.toml`
   Installed IrrationalConstants ───────── v0.2.4
   Installed GPUArraysCore ─────────────── v0.2.0
   Installed IRTools ───────────────────── v0.4.14
   Installed TaskLocalValues ───────────── v0.1.2
   Installed RealDot ───────────────────── v0.1.0
   Installed JLD2 ──────────────────────── v0.5.12
   Installed BlockTensorKit ────────────── v0.1.6
   Installed OhMyThreads ───────────────── v0.7.0
   Installed IntegerMathUtils ──────────── v0.1.2
   Installed LRUCache ──────────────────── v1.6.2
   Installed Adapt ─────────────────────── v4.3.0
   Installed DiffRules ─────────────────── v1.15.1
   Installed PtrArrays ─────────────────── v1.3.0
   Installed TableTraits ───────────────── v1.0.1
   Installed Accessors ─────────────────── v0.1.42
   Installed Preferences ───────────────── v1.4.3
   Installed OptimKit ──────────────────── v0.4.0
   Installed WignerSymbols ─────────────── v2.0.0
   Installed LoggingExtras ─────────────── v1.0.3
   Installed HashArrayMappedTries ──────── v0.2.0
   Installed Tables ────────────────────── v1.12.0
   Installed DiffResults ───────────────── v1.1.0
   Installed SpecialFunctions ──────────── v2.5.1
   Installed TensorKit ─────────────────── v0.14.5
   Installed RecipesBase ───────────────── v1.3.4
   Installed DataAPI ───────────────────── v1.16.0
   Installed Primes ────────────────────── v0.5.7
   Installed ChunkSplitters ────────────── v3.1.2
   Installed StaticArrays ──────────────── v1.9.13
   Installed AbstractFFTs ──────────────── v1.5.0
   Installed Zygote ────────────────────── v0.7.6
   Installed MPSKit ────────────────────── v0.12.6
   Installed BlockArrays ───────────────── v1.6.1
   Installed JLLWrappers ───────────────── v1.7.0
   Installed Richardson ────────────────── v1.4.2
   Installed FiniteDifferences ─────────── v0.12.32
   Installed NaNMath ───────────────────── v1.1.3
   Installed StaticArraysCore ──────────── v1.4.3
   Installed IteratorInterfaceExtensions ─ v1.0.0
   Installed ConstructionBase ──────────── v1.5.8
   Installed DataValueInterfaces ───────── v1.0.0
   Installed PrecompileTools ───────────── v1.2.1
   Installed RationalRoots ─────────────── v0.2.1
   Installed OrderedCollections ────────── v1.8.0
   Installed StructArrays ──────────────── v0.7.1
   Installed StableTasks ───────────────── v0.1.7
   Installed TensorKitSectors ──────────── v0.1.4
   Installed TranscodingStreams ────────── v0.11.3
   Installed VectorInterface ───────────── v0.5.0
   Installed ScopedValues ──────────────── v1.3.0
   Installed InitialValues ─────────────── v0.3.1
   Installed ChainRulesCore ────────────── v1.25.1
   Installed MPSKitModels ──────────────── v0.4.1
   Installed ForwardDiff ───────────────── v1.0.1
   Installed FillArrays ────────────────── v1.13.0
   Installed FileIO ────────────────────── v1.17.0
   Installed ZygoteRules ───────────────── v0.2.7
   Installed Requires ──────────────────── v1.3.1
   Installed LogExpFunctions ───────────── v0.3.29
   Installed Statistics ────────────────── v1.11.1
   Installed CommonSubexpressions ──────── v0.3.1
   Installed StridedViews ──────────────── v0.4.1
   Installed ChainRules ────────────────── v1.72.3
   Installed BangBang ──────────────────── v0.4.4
   Installed TensorKitManifolds ────────── v0.7.2
   Installed Compat ────────────────────── v4.16.0
   Installed HalfIntegers ──────────────── v1.6.0
   Installed Strided ───────────────────── v2.3.0
   Installed PackageExtensionCompat ────── v1.0.2
   Installed MacroTools ────────────────── v0.5.15
   Installed OpenSpecFun_jll ───────────── v0.5.6+0
   Installed CompositionsBase ──────────── v0.1.2
   Installed InverseFunctions ──────────── v0.1.17
   Installed SparseInverseSubset ───────── v0.1.2
   Installed TupleTools ────────────────── v1.6.0
   Installed ArrayLayouts ──────────────── v1.11.1
   Installed TensorOperations ──────────── v5.2.0
   Installed DocStringExtensions ───────── v0.9.4
   Installed KrylovKit ─────────────────── v0.9.5
   Installed PEPSKit ───────────────────── v0.5.0
    Updating `/var/lib/condor/execute/dir_3175844/Project.toml`
  [d360d2e6] + ChainRulesCore v1.25.1
  [033835bb] + JLD2 v0.5.12
  [0b1a1467] + KrylovKit v0.9.5
  [bb1c41ca] + MPSKit v0.12.6
  [ca635005] + MPSKitModels v0.4.1
  [77e91f04] + OptimKit v0.4.0
  [52969e89] + PEPSKit v0.5.0
  [07d1fe3e] + TensorKit v0.14.5
  [409d34a3] + VectorInterface v0.5.0
  [e88e6eb3] + Zygote v0.7.6
  [37e2e46d] ~ LinearAlgebra ⇒ v1.11.0
    Updating `/var/lib/condor/execute/dir_3175844/Manifest.toml`
  [621f4979] + AbstractFFTs v1.5.0
  [7d9f7c33] + Accessors v0.1.42
  [79e6a3ab] + Adapt v4.3.0
  [4c555306] + ArrayLayouts v1.11.1
  [198e06fe] + BangBang v0.4.4
  [8e7c35d0] + BlockArrays v1.6.1
  [5f87ffc2] + BlockTensorKit v0.1.6
  [082447d4] + ChainRules v1.72.3
  [d360d2e6] + ChainRulesCore v1.25.1
  [ae650224] + ChunkSplitters v3.1.2
  [bbf7d656] + CommonSubexpressions v0.3.1
  [34da2185] + Compat v4.16.0
  [a33af91c] + CompositionsBase v0.1.2
  [187b0558] + ConstructionBase v1.5.8
  [9a962f9c] + DataAPI v1.16.0
  [e2d170a0] + DataValueInterfaces v1.0.0
  [163ba53b] + DiffResults v1.1.0
  [b552c78f] + DiffRules v1.15.1
  [ffbed154] + DocStringExtensions v0.9.4
  [5789e2e9] + FileIO v1.17.0
  [1a297f60] + FillArrays v1.13.0
  [26cc04aa] + FiniteDifferences v0.12.32
  [f6369f11] + ForwardDiff v1.0.1
  [46192b85] + GPUArraysCore v0.2.0
  [f0d1745a] + HalfIntegers v1.6.0
  [076d061b] + HashArrayMappedTries v0.2.0
  [7869d1d1] + IRTools v0.4.14
  [22cec73e] + InitialValues v0.3.1
  [18e54dd8] + IntegerMathUtils v0.1.2
  [3587e190] + InverseFunctions v0.1.17
  [92d709cd] + IrrationalConstants v0.2.4
  [82899510] + IteratorInterfaceExtensions v1.0.0
  [033835bb] + JLD2 v0.5.12
  [692b3bcd] + JLLWrappers v1.7.0
  [0b1a1467] + KrylovKit v0.9.5
  [8ac3fa9e] + LRUCache v1.6.2
  [2ab3a3ac] + LogExpFunctions v0.3.29
⌅ [e6f89c97] + LoggingExtras v1.0.3
  [bb1c41ca] + MPSKit v0.12.6
  [ca635005] + MPSKitModels v0.4.1
  [1914dd2f] + MacroTools v0.5.15
  [77ba4419] + NaNMath v1.1.3
⌅ [67456a42] + OhMyThreads v0.7.0
  [77e91f04] + OptimKit v0.4.0
  [bac558e1] + OrderedCollections v1.8.0
  [52969e89] + PEPSKit v0.5.0
  [65ce6f38] + PackageExtensionCompat v1.0.2
⌅ [aea7be01] + PrecompileTools v1.2.1
  [21216c6a] + Preferences v1.4.3
  [27ebfcd6] + Primes v0.5.7
  [43287f4e] + PtrArrays v1.3.0
  [308eb6b3] + RationalRoots v0.2.1
  [c1ae055f] + RealDot v0.1.0
  [3cdcf5f2] + RecipesBase v1.3.4
  [ae029012] + Requires v1.3.1
  [708f8203] + Richardson v1.4.2
  [7e506255] + ScopedValues v1.3.0
  [dc90abb0] + SparseInverseSubset v0.1.2
  [276daf66] + SpecialFunctions v2.5.1
  [91464d47] + StableTasks v0.1.7
  [90137ffa] + StaticArrays v1.9.13
  [1e83bf80] + StaticArraysCore v1.4.3
  [10745b16] + Statistics v1.11.1
  [5e0ebb24] + Strided v2.3.0
  [4db3bf67] + StridedViews v0.4.1
  [09ab397b] + StructArrays v0.7.1
  [3783bdb8] + TableTraits v1.0.1
  [bd369af6] + Tables v1.12.0
  [ed4db957] + TaskLocalValues v0.1.2
  [07d1fe3e] + TensorKit v0.14.5
  [11fa318c] + TensorKitManifolds v0.7.2
  [13a9c161] + TensorKitSectors v0.1.4
  [6aa20fa7] + TensorOperations v5.2.0
  [3bb67fe8] + TranscodingStreams v0.11.3
  [9d95972d] + TupleTools v1.6.0
  [409d34a3] + VectorInterface v0.5.0
  [9f57e263] + WignerSymbols v2.0.0
  [e88e6eb3] + Zygote v0.7.6
  [700de1a5] + ZygoteRules v0.2.7
  [efe28fd5] + OpenSpecFun_jll v0.5.6+0
  [0dad84c5] + ArgTools v1.1.2
  [56f22d72] + Artifacts v1.11.0
  [2a0f44e3] + Base64 v1.11.0
  [ade2ca70] + Dates v1.11.0
  [8ba89e20] + Distributed v1.11.0
  [f43a241f] + Downloads v1.6.0
  [7b1f6079] + FileWatching v1.11.0
  [b77e0a4c] + InteractiveUtils v1.11.0
  [b27032c2] + LibCURL v0.6.4
  [76f85450] + LibGit2 v1.11.0
  [8f399da3] + Libdl v1.11.0
  [37e2e46d] + LinearAlgebra v1.11.0
  [56ddb016] + Logging v1.11.0
  [d6f4376e] + Markdown v1.11.0
  [a63ad114] + Mmap v1.11.0
  [ca575930] + NetworkOptions v1.2.0
  [44cfe95a] + Pkg v1.11.0
  [de0858da] + Printf v1.11.0
  [9a3f8284] + Random v1.11.0
  [ea8e919c] + SHA v0.7.0
  [9e88b42a] + Serialization v1.11.0
  [6462fe0b] + Sockets v1.11.0
  [2f01184e] + SparseArrays v1.11.0
  [4607b0f0] + SuiteSparse
  [fa267f1f] + TOML v1.0.3
  [a4e569a6] + Tar v1.10.0
  [cf7118a7] + UUIDs v1.11.0
  [4ec0a83e] + Unicode v1.11.0
  [e66e0078] + CompilerSupportLibraries_jll v1.1.1+0
  [deac9b47] + LibCURL_jll v8.6.0+0
  [e37daf67] + LibGit2_jll v1.7.2+0
  [29816b5a] + LibSSH2_jll v1.11.0+1
  [c8ffd9c3] + MbedTLS_jll v2.28.6+0
  [14a3606d] + MozillaCACerts_jll v2023.12.12
  [4536629a] + OpenBLAS_jll v0.3.27+1
  [05823500] + OpenLibm_jll v0.8.1+2
  [bea87d4a] + SuiteSparse_jll v7.7.0+0
  [83775a58] + Zlib_jll v1.2.13+1
  [8e850b90] + libblastrampoline_jll v5.11.0+0
  [8e850ede] + nghttp2_jll v1.59.0+0
  [3f19e933] + p7zip_jll v17.4.0+2
        Info Packages marked with ⌅ have new versions available but compatibility constraints restrict them from upgrading. To see why use `status --outdated -m`
Precompiling project...
    611.7 ms  ✓ TaskLocalValues
    591.5 ms  ✓ DataValueInterfaces
    642.0 ms  ✓ IntegerMathUtils
    706.2 ms  ✓ RealDot
    778.9 ms  ✓ Richardson
    913.8 ms  ✓ InverseFunctions
   1016.5 ms  ✓ StableTasks
   1122.0 ms  ✓ HalfIntegers
   1082.0 ms  ✓ LRUCache
   1103.4 ms  ✓ AbstractFFTs
   1534.5 ms  ✓ OrderedCollections
    922.4 ms  ✓ PackageExtensionCompat
   1594.3 ms  ✓ Statistics
   1103.7 ms  ✓ IteratorInterfaceExtensions
   1679.6 ms  ✓ DocStringExtensions
   1098.0 ms  ✓ DataAPI
   1759.5 ms  ✓ VectorInterface
   2183.7 ms  ✓ FillArrays
   1271.0 ms  ✓ CompositionsBase
   1204.9 ms  ✓ ChunkSplitters
   1147.6 ms  ✓ PtrArrays
   1749.5 ms  ✓ ConstructionBase
    859.5 ms  ✓ RationalRoots
    848.4 ms  ✓ HashArrayMappedTries
   1065.5 ms  ✓ TupleTools
   1510.9 ms  ✓ LRUCache → SerializationExt
    919.4 ms  ✓ NaNMath
   2709.8 ms  ✓ IrrationalConstants
   1087.3 ms  ✓ Requires
   1278.8 ms  ✓ TranscodingStreams
   1166.5 ms  ✓ LoggingExtras
    911.6 ms  ✓ InverseFunctions → InverseFunctionsDatesExt
    808.9 ms  ✓ TableTraits
   1009.0 ms  ✓ StaticArraysCore
   2413.5 ms  ✓ InitialValues
   1352.9 ms  ✓ Primes
   1394.5 ms  ✓ Compat
   1575.6 ms  ✓ SuiteSparse
   1251.3 ms  ✓ StridedViews
   1228.2 ms  ✓ FillArrays → FillArraysStatisticsExt
    946.5 ms  ✓ ConstructionBase → ConstructionBaseLinearAlgebraExt
   1620.4 ms  ✓ Statistics → SparseArraysExt
    957.0 ms  ✓ ScopedValues
   1821.4 ms  ✓ CompositionsBase → CompositionsBaseInverseFunctionsExt
   2644.3 ms  ✓ Preferences
   1961.7 ms  ✓ FillArrays → FillArraysSparseArraysExt
   1559.3 ms  ✓ Adapt
   1342.3 ms  ✓ DiffResults
    936.7 ms  ✓ StridedViews → StridedViewsPtrArraysExt
   1180.3 ms  ✓ Compat → CompatLinearAlgebraExt
   1850.6 ms  ✓ LogExpFunctions
   1349.7 ms  ✓ SparseInverseSubset
    990.1 ms  ✓ PrecompileTools
   2118.8 ms  ✓ Tables
    859.1 ms  ✓ LogExpFunctions → LogExpFunctionsInverseFunctionsExt
   1145.6 ms  ✓ GPUArraysCore
   1850.1 ms  ✓ Strided
   1564.9 ms  ✓ JLLWrappers
   4522.4 ms  ✓ KrylovKit
   1691.5 ms  ✓ StructArrays
   1177.9 ms  ✓ OpenSpecFun_jll
   3108.5 ms  ✓ OptimKit
   2843.8 ms  ✓ ChainRulesCore
   1103.5 ms  ✓ StructArrays → StructArraysLinearAlgebraExt
   1235.1 ms  ✓ StructArrays → StructArraysAdaptExt
   3846.3 ms  ✓ Adapt → AdaptSparseArraysExt
   1862.2 ms  ✓ StructArrays → StructArraysSparseArraysExt
   8713.5 ms  ✓ MacroTools
   1622.7 ms  ✓ AbstractFFTs → AbstractFFTsChainRulesCoreExt
   4292.7 ms  ✓ RecipesBase
   2148.9 ms  ✓ KrylovKit → KrylovKitChainRulesCoreExt
   2181.4 ms  ✓ ChainRulesCore → ChainRulesCoreSparseArraysExt
   7051.7 ms  ✓ WignerSymbols
   1248.7 ms  ✓ CommonSubexpressions
   1742.3 ms  ✓ ZygoteRules
   3978.9 ms  ✓ LogExpFunctions → LogExpFunctionsChainRulesCoreExt
   9017.4 ms  ✓ FileIO
   3426.5 ms  ✓ IRTools
   4357.6 ms  ✓ Accessors
   6252.3 ms  ✓ SpecialFunctions
    918.8 ms  ✓ Accessors → LinearAlgebraExt
    980.8 ms  ✓ Accessors → StructArraysExt
   1144.7 ms  ✓ DiffRules
   1911.7 ms  ✓ BangBang
   2893.4 ms  ✓ SpecialFunctions → SpecialFunctionsChainRulesCoreExt
   1121.1 ms  ✓ BangBang → BangBangTablesExt
   1133.4 ms  ✓ BangBang → BangBangStructArraysExt
   1149.5 ms  ✓ BangBang → BangBangChainRulesCoreExt
   2036.4 ms  ✓ OhMyThreads
  14686.1 ms  ✓ StaticArrays
   5756.5 ms  ✓ ForwardDiff
    854.9 ms  ✓ ConstructionBase → ConstructionBaseStaticArraysExt
    858.8 ms  ✓ StaticArrays → StaticArraysStatisticsExt
    898.3 ms  ✓ Adapt → AdaptStaticArraysExt
    931.8 ms  ✓ StaticArrays → StaticArraysChainRulesCoreExt
    953.5 ms  ✓ Accessors → StaticArraysExt
    997.3 ms  ✓ BangBang → BangBangStaticArraysExt
  11389.1 ms  ✓ ChainRules
   1194.9 ms  ✓ StructArrays → StructArraysStaticArraysExt
   1157.3 ms  ✓ ForwardDiff → ForwardDiffStaticArraysExt
   1787.2 ms  ✓ FiniteDifferences
  25316.1 ms  ✓ ArrayLayouts
   1066.7 ms  ✓ ArrayLayouts → ArrayLayoutsSparseArraysExt
   2122.5 ms  ✓ BlockArrays
    846.8 ms  ✓ BlockArrays → BlockArraysAdaptExt
  42900.0 ms  ✓ JLD2
  44147.8 ms  ✓ Zygote
 182875.2 ms  ✓ TensorOperations
   2450.3 ms  ✓ TensorOperations → TensorOperationsChainRulesCoreExt
  11114.5 ms  ✓ TensorKitSectors
  10182.8 ms  ✓ TensorKit
   3142.6 ms  ✓ BlockTensorKit
   3161.8 ms  ✓ TensorKit → TensorKitFiniteDifferencesExt
   3466.8 ms  ✓ TensorKitManifolds
   3963.8 ms  ✓ TensorKit → TensorKitChainRulesCoreExt
  16415.4 ms  ✓ MPSKit
  16697.9 ms  ✓ MPSKitModels
  19509.7 ms  ✓ PEPSKit
  118 dependencies successfully precompiled in 267 seconds. 31 already precompiled.
[ Info: CTMRG init:	obj = +8.374813116116e+00	err = 1.0000e+00
┌ Warning: CTMRG cancel 100:	obj = +8.374813116116e+00	err = 7.1562007962e-09	time = 3.45 min
└ @ PEPSKit ~/.julia/packages/PEPSKit/P7ER3/src/algorithms/ctmrg/ctmrg.jl:129
┌ Warning: `svd` cotangents sensitive to gauge choice: (|Δgauge| = 0.18245311639126313)
└ @ TensorKitChainRulesCoreExt ~/.julia/packages/TensorKit/esxcj/ext/TensorKitChainRulesCoreExt/factorizations.jl:254
┌ Warning: `svd` cotangents sensitive to gauge choice: (|Δgauge| = 0.1824531169188453)
└ @ TensorKitChainRulesCoreExt ~/.julia/packages/TensorKit/esxcj/ext/TensorKitChainRulesCoreExt/factorizations.jl:254
[ Info: LBFGS: initializing with f = -2.041180755106, ‖∇f‖ = 7.0579e-04
[ Info: CTMRG init:	obj = +8.370950744837e+00	err = 1.0000e+00
┌ Warning: CTMRG cancel 100:	obj = +8.370953059304e+00	err = 4.6158400816e-09	time = 8.38 min
└ @ PEPSKit ~/.julia/packages/PEPSKit/P7ER3/src/algorithms/ctmrg/ctmrg.jl:129
┌ Warning: `svd` cotangents sensitive to gauge choice: (|Δgauge| = 0.18252999251368926)
└ @ TensorKitChainRulesCoreExt ~/.julia/packages/TensorKit/esxcj/ext/TensorKitChainRulesCoreExt/factorizations.jl:254
┌ Warning: `svd` cotangents sensitive to gauge choice: (|Δgauge| = 0.18252999187933378)
└ @ TensorKitChainRulesCoreExt ~/.julia/packages/TensorKit/esxcj/ext/TensorKitChainRulesCoreExt/factorizations.jl:254
[ Info: LBFGS: iter    1, time 2825.60 s: f = -2.041186544829, ‖∇f‖ = 9.4012e-04, α = 1.00e+00, m = 0, nfg = 1
[ Info: CTMRG init:	obj = +8.351626240605e+00	err = 1.0000e+00
┌ Warning: CTMRG cancel 100:	obj = +8.351640473645e+00	err = 6.9242153240e-09	time = 6.00 min
└ @ PEPSKit ~/.julia/packages/PEPSKit/P7ER3/src/algorithms/ctmrg/ctmrg.jl:129
┌ Warning: `svd` cotangents sensitive to gauge choice: (|Δgauge| = 0.18318255634671926)
└ @ TensorKitChainRulesCoreExt ~/.julia/packages/TensorKit/esxcj/ext/TensorKitChainRulesCoreExt/factorizations.jl:254
┌ Warning: `svd` cotangents sensitive to gauge choice: (|Δgauge| = 0.18318255672400754)
└ @ TensorKitChainRulesCoreExt ~/.julia/packages/TensorKit/esxcj/ext/TensorKitChainRulesCoreExt/factorizations.jl:254
[ Info: LBFGS: iter    2, time 3255.19 s: f = -2.041202143194, ‖∇f‖ = 1.0708e-03, α = 1.00e+00, m = 1, nfg = 1
[ Info: CTMRG init:	obj = +8.337219881672e+00	err = 1.0000e+00
[ Info: CTMRG conv 55:	obj = +8.337232400292e+00	err = 9.4818099159e-10	time = 54.13 sec
┌ Warning: `svd` cotangents sensitive to gauge choice: (|Δgauge| = 0.182671177461128)
└ @ TensorKitChainRulesCoreExt ~/.julia/packages/TensorKit/esxcj/ext/TensorKitChainRulesCoreExt/factorizations.jl:254
┌ Warning: `svd` cotangents sensitive to gauge choice: (|Δgauge| = 0.18267117948149478)
└ @ TensorKitChainRulesCoreExt ~/.julia/packages/TensorKit/esxcj/ext/TensorKitChainRulesCoreExt/factorizations.jl:254
[ Info: CTMRG init:	obj = +8.344490649664e+00	err = 1.0000e+00
[ Info: CTMRG conv 9:	obj = +8.344493831401e+00	err = 9.6405229752e-10	time = 7.53 sec
┌ Warning: `svd` cotangents sensitive to gauge choice: (|Δgauge| = 0.18292238619631151)
└ @ TensorKitChainRulesCoreExt ~/.julia/packages/TensorKit/esxcj/ext/TensorKitChainRulesCoreExt/factorizations.jl:254
┌ Warning: `svd` cotangents sensitive to gauge choice: (|Δgauge| = 0.1829223858984542)
└ @ TensorKitChainRulesCoreExt ~/.julia/packages/TensorKit/esxcj/ext/TensorKitChainRulesCoreExt/factorizations.jl:254
[ Info: LBFGS: iter    3, time 3368.56 s: f = -2.041209127404, ‖∇f‖ = 2.1679e-03, α = 5.06e-01, m = 2, nfg = 2
[ Info: CTMRG init:	obj = +8.337682124834e+00	err = 1.0000e+00
[ Info: CTMRG conv 41:	obj = +8.337684779834e+00	err = 9.6942477707e-10	time = 44.08 sec
┌ Warning: `svd` cotangents sensitive to gauge choice: (|Δgauge| = 0.18303151673079177)
└ @ TensorKitChainRulesCoreExt ~/.julia/packages/TensorKit/esxcj/ext/TensorKitChainRulesCoreExt/factorizations.jl:254
┌ Warning: `svd` cotangents sensitive to gauge choice: (|Δgauge| = 0.18303151744580382)
└ @ TensorKitChainRulesCoreExt ~/.julia/packages/TensorKit/esxcj/ext/TensorKitChainRulesCoreExt/factorizations.jl:254
[ Info: LBFGS: iter    4, time 3444.33 s: f = -2.041220153466, ‖∇f‖ = 1.7441e-03, α = 1.00e+00, m = 3, nfg = 1
[ Info: CTMRG init:	obj = +8.310295282517e+00	err = 1.0000e+00
┌ Warning: CTMRG cancel 100:	obj = +8.310346634528e+00	err = 1.2515353952e-09	time = 1.84 min
└ @ PEPSKit ~/.julia/packages/PEPSKit/P7ER3/src/algorithms/ctmrg/ctmrg.jl:129
┌ Warning: `svd` cotangents sensitive to gauge choice: (|Δgauge| = 0.18315743844674715)
└ @ TensorKitChainRulesCoreExt ~/.julia/packages/TensorKit/esxcj/ext/TensorKitChainRulesCoreExt/factorizations.jl:254
┌ Warning: `svd` cotangents sensitive to gauge choice: (|Δgauge| = 0.18315743883517327)
└ @ TensorKitChainRulesCoreExt ~/.julia/packages/TensorKit/esxcj/ext/TensorKitChainRulesCoreExt/factorizations.jl:254
[ Info: LBFGS: iter    5, time 3608.23 s: f = -2.041262514524, ‖∇f‖ = 2.2457e-03, α = 1.00e+00, m = 4, nfg = 1
[ Info: CTMRG init:	obj = +8.283980510061e+00	err = 1.0000e+00
┌ Warning: CTMRG cancel 100:	obj = +8.284038562498e+00	err = 2.4944101325e-09	time = 1.98 min
└ @ PEPSKit ~/.julia/packages/PEPSKit/P7ER3/src/algorithms/ctmrg/ctmrg.jl:129
┌ Warning: `svd` cotangents sensitive to gauge choice: (|Δgauge| = 0.18307999371509387)
└ @ TensorKitChainRulesCoreExt ~/.julia/packages/TensorKit/esxcj/ext/TensorKitChainRulesCoreExt/factorizations.jl:254
┌ Warning: `svd` cotangents sensitive to gauge choice: (|Δgauge| = 0.18307999392274416)
└ @ TensorKitChainRulesCoreExt ~/.julia/packages/TensorKit/esxcj/ext/TensorKitChainRulesCoreExt/factorizations.jl:254
[ Info: LBFGS: iter    6, time 3768.68 s: f = -2.041297812989, ‖∇f‖ = 2.4360e-03, α = 1.00e+00, m = 5, nfg = 1
[ Info: CTMRG init:	obj = +8.231219476390e+00	err = 1.0000e+00
┌ Warning: CTMRG cancel 100:	obj = +8.231387372994e+00	err = 3.1002767987e-08	time = 1.87 min
└ @ PEPSKit ~/.julia/packages/PEPSKit/P7ER3/src/algorithms/ctmrg/ctmrg.jl:129
┌ Warning: `svd` cotangents sensitive to gauge choice: (|Δgauge| = 0.181982262296661)
└ @ TensorKitChainRulesCoreExt ~/.julia/packages/TensorKit/esxcj/ext/TensorKitChainRulesCoreExt/factorizations.jl:254
┌ Warning: `svd` cotangents sensitive to gauge choice: (|Δgauge| = 0.18198226085337982)
└ @ TensorKitChainRulesCoreExt ~/.julia/packages/TensorKit/esxcj/ext/TensorKitChainRulesCoreExt/factorizations.jl:254
[ Info: CTMRG init:	obj = +8.266842503395e+00	err = 1.0000e+00
┌ Warning: CTMRG cancel 100:	obj = +8.266865068651e+00	err = 2.6555479951e-09	time = 1.95 min
└ @ PEPSKit ~/.julia/packages/PEPSKit/P7ER3/src/algorithms/ctmrg/ctmrg.jl:129
┌ Warning: `svd` cotangents sensitive to gauge choice: (|Δgauge| = 0.18266680862676943)
└ @ TensorKitChainRulesCoreExt ~/.julia/packages/TensorKit/esxcj/ext/TensorKitChainRulesCoreExt/factorizations.jl:254
┌ Warning: `svd` cotangents sensitive to gauge choice: (|Δgauge| = 0.18266680852478495)
└ @ TensorKitChainRulesCoreExt ~/.julia/packages/TensorKit/esxcj/ext/TensorKitChainRulesCoreExt/factorizations.jl:254
[ Info: LBFGS: iter    7, time 4056.31 s: f = -2.041313390397, ‖∇f‖ = 2.9358e-03, α = 3.72e-01, m = 6, nfg = 2
[ Info: CTMRG init:	obj = +8.257774517520e+00	err = 1.0000e+00
┌ Warning: CTMRG cancel 100:	obj = +8.257801701129e+00	err = 3.0223170412e-09	time = 1.78 min
└ @ PEPSKit ~/.julia/packages/PEPSKit/P7ER3/src/algorithms/ctmrg/ctmrg.jl:129
┌ Warning: `svd` cotangents sensitive to gauge choice: (|Δgauge| = 0.18205348621056427)
└ @ TensorKitChainRulesCoreExt ~/.julia/packages/TensorKit/esxcj/ext/TensorKitChainRulesCoreExt/factorizations.jl:254
┌ Warning: `svd` cotangents sensitive to gauge choice: (|Δgauge| = 0.18205348629835)
└ @ TensorKitChainRulesCoreExt ~/.julia/packages/TensorKit/esxcj/ext/TensorKitChainRulesCoreExt/factorizations.jl:254
[ Info: LBFGS: iter    8, time 4179.28 s: f = -2.041337115773, ‖∇f‖ = 1.3012e-03, α = 1.00e+00, m = 7, nfg = 1
[ Info: CTMRG init:	obj = +8.257848426127e+00	err = 1.0000e+00
┌ Warning: CTMRG cancel 100:	obj = +8.257853488499e+00	err = 2.8626061160e-09	time = 1.61 min
└ @ PEPSKit ~/.julia/packages/PEPSKit/P7ER3/src/algorithms/ctmrg/ctmrg.jl:129
┌ Warning: `svd` cotangents sensitive to gauge choice: (|Δgauge| = 0.18164463401011172)
└ @ TensorKitChainRulesCoreExt ~/.julia/packages/TensorKit/esxcj/ext/TensorKitChainRulesCoreExt/factorizations.jl:254
┌ Warning: `svd` cotangents sensitive to gauge choice: (|Δgauge| = 0.18164463406678016)
└ @ TensorKitChainRulesCoreExt ~/.julia/packages/TensorKit/esxcj/ext/TensorKitChainRulesCoreExt/factorizations.jl:254
[ Info: LBFGS: iter    9, time 4291.92 s: f = -2.041346991975, ‖∇f‖ = 7.5375e-04, α = 1.00e+00, m = 8, nfg = 1
[ Info: CTMRG init:	obj = +8.255936711063e+00	err = 1.0000e+00
┌ Warning: CTMRG cancel 100:	obj = +8.255939781590e+00	err = 7.0697487207e-09	time = 1.83 min
└ @ PEPSKit ~/.julia/packages/PEPSKit/P7ER3/src/algorithms/ctmrg/ctmrg.jl:129
┌ Warning: `svd` cotangents sensitive to gauge choice: (|Δgauge| = 0.18129217715381685)
└ @ TensorKitChainRulesCoreExt ~/.julia/packages/TensorKit/esxcj/ext/TensorKitChainRulesCoreExt/factorizations.jl:254
┌ Warning: `svd` cotangents sensitive to gauge choice: (|Δgauge| = 0.18129217566354644)
└ @ TensorKitChainRulesCoreExt ~/.julia/packages/TensorKit/esxcj/ext/TensorKitChainRulesCoreExt/factorizations.jl:254
[ Info: LBFGS: iter   10, time 4417.72 s: f = -2.041352898265, ‖∇f‖ = 6.0794e-04, α = 1.00e+00, m = 8, nfg = 1
[ Info: CTMRG init:	obj = +8.253960864446e+00	err = 1.0000e+00
[ Info: CTMRG conv 62:	obj = +8.253969210906e+00	err = 9.9894608536e-10	time = 1.02 min
┌ Warning: `svd` cotangents sensitive to gauge choice: (|Δgauge| = 0.18144266212260662)
└ @ TensorKitChainRulesCoreExt ~/.julia/packages/TensorKit/esxcj/ext/TensorKitChainRulesCoreExt/factorizations.jl:254
┌ Warning: `svd` cotangents sensitive to gauge choice: (|Δgauge| = 0.1814426620771999)
└ @ TensorKitChainRulesCoreExt ~/.julia/packages/TensorKit/esxcj/ext/TensorKitChainRulesCoreExt/factorizations.jl:254
[ Info: LBFGS: iter   11, time 4491.12 s: f = -2.041353506013, ‖∇f‖ = 1.4244e-03, α = 1.00e+00, m = 8, nfg = 1
[ Info: CTMRG init:	obj = +8.253309106519e+00	err = 1.0000e+00
┌ Warning: CTMRG cancel 100:	obj = +8.253312317081e+00	err = 3.6389786525e-08	time = 1.80 min
└ @ PEPSKit ~/.julia/packages/PEPSKit/P7ER3/src/algorithms/ctmrg/ctmrg.jl:129
┌ Warning: `svd` cotangents sensitive to gauge choice: (|Δgauge| = 0.18133445968433165)
└ @ TensorKitChainRulesCoreExt ~/.julia/packages/TensorKit/esxcj/ext/TensorKitChainRulesCoreExt/factorizations.jl:254
┌ Warning: `svd` cotangents sensitive to gauge choice: (|Δgauge| = 0.18133445836680304)
└ @ TensorKitChainRulesCoreExt ~/.julia/packages/TensorKit/esxcj/ext/TensorKitChainRulesCoreExt/factorizations.jl:254
[ Info: LBFGS: iter   12, time 4615.65 s: f = -2.041356208718, ‖∇f‖ = 4.5781e-04, α = 1.00e+00, m = 8, nfg = 1
[ Info: CTMRG init:	obj = +8.251747218767e+00	err = 1.0000e+00
┌ Warning: CTMRG cancel 100:	obj = +8.251747515590e+00	err = 1.2505545265e-08	time = 1.85 min
└ @ PEPSKit ~/.julia/packages/PEPSKit/P7ER3/src/algorithms/ctmrg/ctmrg.jl:129
┌ Warning: `svd` cotangents sensitive to gauge choice: (|Δgauge| = 0.18135152855165745)
└ @ TensorKitChainRulesCoreExt ~/.julia/packages/TensorKit/esxcj/ext/TensorKitChainRulesCoreExt/factorizations.jl:254
┌ Warning: `svd` cotangents sensitive to gauge choice: (|Δgauge| = 0.18135152791552028)
└ @ TensorKitChainRulesCoreExt ~/.julia/packages/TensorKit/esxcj/ext/TensorKitChainRulesCoreExt/factorizations.jl:254
[ Info: LBFGS: iter   13, time 4742.67 s: f = -2.041357198041, ‖∇f‖ = 3.2496e-04, α = 1.00e+00, m = 8, nfg = 1
[ Info: CTMRG init:	obj = +8.248659279766e+00	err = 1.0000e+00
┌ Warning: CTMRG cancel 100:	obj = +8.248660120074e+00	err = 6.3041118878e-09	time = 4.82 min
└ @ PEPSKit ~/.julia/packages/PEPSKit/P7ER3/src/algorithms/ctmrg/ctmrg.jl:129
┌ Warning: `svd` cotangents sensitive to gauge choice: (|Δgauge| = 0.18143520160028004)
└ @ TensorKitChainRulesCoreExt ~/.julia/packages/TensorKit/esxcj/ext/TensorKitChainRulesCoreExt/factorizations.jl:254
┌ Warning: `svd` cotangents sensitive to gauge choice: (|Δgauge| = 0.1814352009716595)
└ @ TensorKitChainRulesCoreExt ~/.julia/packages/TensorKit/esxcj/ext/TensorKitChainRulesCoreExt/factorizations.jl:254
[ Info: LBFGS: iter   14, time 5086.67 s: f = -2.041359141194, ‖∇f‖ = 3.8909e-04, α = 1.00e+00, m = 8, nfg = 1
[ Info: CTMRG init:	obj = +8.246714302679e+00	err = 1.0000e+00
┌ Warning: CTMRG cancel 100:	obj = +8.246714972989e+00	err = 4.1661427010e-09	time = 2.44 min
└ @ PEPSKit ~/.julia/packages/PEPSKit/P7ER3/src/algorithms/ctmrg/ctmrg.jl:129
┌ Warning: `svd` cotangents sensitive to gauge choice: (|Δgauge| = 0.18141468688293555)
└ @ TensorKitChainRulesCoreExt ~/.julia/packages/TensorKit/esxcj/ext/TensorKitChainRulesCoreExt/factorizations.jl:254
┌ Warning: `svd` cotangents sensitive to gauge choice: (|Δgauge| = 0.18141469026974663)
└ @ TensorKitChainRulesCoreExt ~/.julia/packages/TensorKit/esxcj/ext/TensorKitChainRulesCoreExt/factorizations.jl:254
[ Info: LBFGS: iter   15, time 5255.76 s: f = -2.041361702007, ‖∇f‖ = 5.0479e-04, α = 1.00e+00, m = 8, nfg = 1
[ Info: CTMRG init:	obj = +8.245170817654e+00	err = 1.0000e+00
┌ Warning: CTMRG cancel 100:	obj = +8.245178041383e+00	err = 2.2908987526e-08	time = 2.56 min
└ @ PEPSKit ~/.julia/packages/PEPSKit/P7ER3/src/algorithms/ctmrg/ctmrg.jl:129
┌ Warning: `svd` cotangents sensitive to gauge choice: (|Δgauge| = 0.1817571787274454)
└ @ TensorKitChainRulesCoreExt ~/.julia/packages/TensorKit/esxcj/ext/TensorKitChainRulesCoreExt/factorizations.jl:254
┌ Warning: `svd` cotangents sensitive to gauge choice: (|Δgauge| = 0.1817571792512328)
└ @ TensorKitChainRulesCoreExt ~/.julia/packages/TensorKit/esxcj/ext/TensorKitChainRulesCoreExt/factorizations.jl:254
[ Info: LBFGS: iter   16, time 5438.92 s: f = -2.041365046174, ‖∇f‖ = 1.4399e-03, α = 1.00e+00, m = 8, nfg = 1
[ Info: CTMRG init:	obj = +8.247596824733e+00	err = 1.0000e+00
┌ Warning: CTMRG cancel 100:	obj = +8.247597400153e+00	err = 6.5008645011e-09	time = 2.73 min
└ @ PEPSKit ~/.julia/packages/PEPSKit/P7ER3/src/algorithms/ctmrg/ctmrg.jl:129
┌ Warning: `svd` cotangents sensitive to gauge choice: (|Δgauge| = 0.18162741677227645)
└ @ TensorKitChainRulesCoreExt ~/.julia/packages/TensorKit/esxcj/ext/TensorKitChainRulesCoreExt/factorizations.jl:254
┌ Warning: `svd` cotangents sensitive to gauge choice: (|Δgauge| = 0.18162741606196892)
└ @ TensorKitChainRulesCoreExt ~/.julia/packages/TensorKit/esxcj/ext/TensorKitChainRulesCoreExt/factorizations.jl:254
[ Info: LBFGS: iter   17, time 5621.88 s: f = -2.041371841480, ‖∇f‖ = 7.5027e-04, α = 1.00e+00, m = 8, nfg = 1
[ Info: CTMRG init:	obj = +8.253640215303e+00	err = 1.0000e+00
┌ Warning: CTMRG cancel 100:	obj = +8.253641372037e+00	err = 6.1100292243e-09	time = 2.91 min
└ @ PEPSKit ~/.julia/packages/PEPSKit/P7ER3/src/algorithms/ctmrg/ctmrg.jl:129
┌ Warning: `svd` cotangents sensitive to gauge choice: (|Δgauge| = 0.18149007693608465)
└ @ TensorKitChainRulesCoreExt ~/.julia/packages/TensorKit/esxcj/ext/TensorKitChainRulesCoreExt/factorizations.jl:254
┌ Warning: `svd` cotangents sensitive to gauge choice: (|Δgauge| = 0.18149007758730973)
└ @ TensorKitChainRulesCoreExt ~/.julia/packages/TensorKit/esxcj/ext/TensorKitChainRulesCoreExt/factorizations.jl:254
[ Info: LBFGS: iter   18, time 5817.27 s: f = -2.041378199364, ‖∇f‖ = 7.8856e-04, α = 1.00e+00, m = 8, nfg = 1
[ Info: CTMRG init:	obj = +8.263711215898e+00	err = 1.0000e+00
┌ Warning: CTMRG cancel 100:	obj = +8.263714132699e+00	err = 1.1395186992e-08	time = 2.83 min
└ @ PEPSKit ~/.julia/packages/PEPSKit/P7ER3/src/algorithms/ctmrg/ctmrg.jl:129
┌ Warning: `svd` cotangents sensitive to gauge choice: (|Δgauge| = 0.18139778849584715)
└ @ TensorKitChainRulesCoreExt ~/.julia/packages/TensorKit/esxcj/ext/TensorKitChainRulesCoreExt/factorizations.jl:254
┌ Warning: `svd` cotangents sensitive to gauge choice: (|Δgauge| = 0.18139778981748242)
└ @ TensorKitChainRulesCoreExt ~/.julia/packages/TensorKit/esxcj/ext/TensorKitChainRulesCoreExt/factorizations.jl:254
[ Info: LBFGS: iter   19, time 6011.19 s: f = -2.041385015494, ‖∇f‖ = 1.1027e-03, α = 1.00e+00, m = 8, nfg = 1
[ Info: CTMRG init:	obj = +8.268602377033e+00	err = 1.0000e+00
┌ Warning: CTMRG cancel 100:	obj = +8.268611624739e+00	err = 2.6141735021e-09	time = 3.33 min
└ @ PEPSKit ~/.julia/packages/PEPSKit/P7ER3/src/algorithms/ctmrg/ctmrg.jl:129
┌ Warning: `svd` cotangents sensitive to gauge choice: (|Δgauge| = 0.181305551024383)
└ @ TensorKitChainRulesCoreExt ~/.julia/packages/TensorKit/esxcj/ext/TensorKitChainRulesCoreExt/factorizations.jl:254
┌ Warning: `svd` cotangents sensitive to gauge choice: (|Δgauge| = 0.18130555110439872)
└ @ TensorKitChainRulesCoreExt ~/.julia/packages/TensorKit/esxcj/ext/TensorKitChainRulesCoreExt/factorizations.jl:254
[ Info: CTMRG init:	obj = +8.266375385945e+00	err = 1.0000e+00
┌ Warning: CTMRG cancel 100:	obj = +8.266377587444e+00	err = 4.6467782269e-09	time = 3.40 min
└ @ PEPSKit ~/.julia/packages/PEPSKit/P7ER3/src/algorithms/ctmrg/ctmrg.jl:129
┌ Warning: `svd` cotangents sensitive to gauge choice: (|Δgauge| = 0.18135150439874442)
└ @ TensorKitChainRulesCoreExt ~/.julia/packages/TensorKit/esxcj/ext/TensorKitChainRulesCoreExt/factorizations.jl:254
┌ Warning: `svd` cotangents sensitive to gauge choice: (|Δgauge| = 0.18135150461703042)
└ @ TensorKitChainRulesCoreExt ~/.julia/packages/TensorKit/esxcj/ext/TensorKitChainRulesCoreExt/factorizations.jl:254
[ Info: LBFGS: iter   20, time 6458.40 s: f = -2.041387888527, ‖∇f‖ = 8.8458e-04, α = 4.88e-01, m = 8, nfg = 2
[ Info: CTMRG init:	obj = +8.267545486937e+00	err = 1.0000e+00
┌ Warning: CTMRG cancel 100:	obj = +8.267546028838e+00	err = 3.5947072595e-09	time = 3.30 min
└ @ PEPSKit ~/.julia/packages/PEPSKit/P7ER3/src/algorithms/ctmrg/ctmrg.jl:129
┌ Warning: `svd` cotangents sensitive to gauge choice: (|Δgauge| = 0.18141193499978653)
└ @ TensorKitChainRulesCoreExt ~/.julia/packages/TensorKit/esxcj/ext/TensorKitChainRulesCoreExt/factorizations.jl:254
┌ Warning: `svd` cotangents sensitive to gauge choice: (|Δgauge| = 0.1814119341145478)
└ @ TensorKitChainRulesCoreExt ~/.julia/packages/TensorKit/esxcj/ext/TensorKitChainRulesCoreExt/factorizations.jl:254
[ Info: LBFGS: iter   21, time 6677.32 s: f = -2.041389839603, ‖∇f‖ = 4.7492e-04, α = 1.00e+00, m = 8, nfg = 1
[ Info: CTMRG init:	obj = +8.268429658124e+00	err = 1.0000e+00
┌ Warning: CTMRG cancel 100:	obj = +8.268430289227e+00	err = 2.9695720380e-09	time = 3.41 min
└ @ PEPSKit ~/.julia/packages/PEPSKit/P7ER3/src/algorithms/ctmrg/ctmrg.jl:129
┌ Warning: `svd` cotangents sensitive to gauge choice: (|Δgauge| = 0.1814851501574551)
└ @ TensorKitChainRulesCoreExt ~/.julia/packages/TensorKit/esxcj/ext/TensorKitChainRulesCoreExt/factorizations.jl:254
┌ Warning: `svd` cotangents sensitive to gauge choice: (|Δgauge| = 0.18148515063287624)
└ @ TensorKitChainRulesCoreExt ~/.julia/packages/TensorKit/esxcj/ext/TensorKitChainRulesCoreExt/factorizations.jl:254
[ Info: LBFGS: iter   22, time 6911.18 s: f = -2.041391488470, ‖∇f‖ = 3.7139e-04, α = 1.00e+00, m = 8, nfg = 1
[ Info: CTMRG init:	obj = +8.269622604916e+00	err = 1.0000e+00
┌ Warning: CTMRG cancel 100:	obj = +8.269622787529e+00	err = 2.7348481768e-09	time = 3.62 min
└ @ PEPSKit ~/.julia/packages/PEPSKit/P7ER3/src/algorithms/ctmrg/ctmrg.jl:129
┌ Warning: `svd` cotangents sensitive to gauge choice: (|Δgauge| = 0.18156094479248172)
└ @ TensorKitChainRulesCoreExt ~/.julia/packages/TensorKit/esxcj/ext/TensorKitChainRulesCoreExt/factorizations.jl:254
┌ Warning: `svd` cotangents sensitive to gauge choice: (|Δgauge| = 0.18156094546657447)
└ @ TensorKitChainRulesCoreExt ~/.julia/packages/TensorKit/esxcj/ext/TensorKitChainRulesCoreExt/factorizations.jl:254
[ Info: LBFGS: iter   23, time 7160.64 s: f = -2.041392180732, ‖∇f‖ = 5.2861e-04, α = 1.00e+00, m = 8, nfg = 1
[ Info: CTMRG init:	obj = +8.271654394175e+00	err = 1.0000e+00
┌ Warning: CTMRG cancel 100:	obj = +8.271654626579e+00	err = 2.1573970912e-09	time = 3.66 min
└ @ PEPSKit ~/.julia/packages/PEPSKit/P7ER3/src/algorithms/ctmrg/ctmrg.jl:129
┌ Warning: `svd` cotangents sensitive to gauge choice: (|Δgauge| = 0.18149124073994033)
└ @ TensorKitChainRulesCoreExt ~/.julia/packages/TensorKit/esxcj/ext/TensorKitChainRulesCoreExt/factorizations.jl:254
┌ Warning: `svd` cotangents sensitive to gauge choice: (|Δgauge| = 0.18149124109005924)
└ @ TensorKitChainRulesCoreExt ~/.julia/packages/TensorKit/esxcj/ext/TensorKitChainRulesCoreExt/factorizations.jl:254
[ Info: LBFGS: iter   24, time 7399.24 s: f = -2.041392925253, ‖∇f‖ = 2.7863e-04, α = 1.00e+00, m = 8, nfg = 1
[ Info: CTMRG init:	obj = +8.273538467417e+00	err = 1.0000e+00
┌ Warning: CTMRG cancel 100:	obj = +8.273538664489e+00	err = 2.8007024987e-09	time = 4.49 min
└ @ PEPSKit ~/.julia/packages/PEPSKit/P7ER3/src/algorithms/ctmrg/ctmrg.jl:129
┌ Warning: `svd` cotangents sensitive to gauge choice: (|Δgauge| = 0.1814647990819587)
└ @ TensorKitChainRulesCoreExt ~/.julia/packages/TensorKit/esxcj/ext/TensorKitChainRulesCoreExt/factorizations.jl:254
┌ Warning: `svd` cotangents sensitive to gauge choice: (|Δgauge| = 0.18146479673483337)
└ @ TensorKitChainRulesCoreExt ~/.julia/packages/TensorKit/esxcj/ext/TensorKitChainRulesCoreExt/factorizations.jl:254
[ Info: LBFGS: iter   25, time 7692.95 s: f = -2.041393374996, ‖∇f‖ = 2.2692e-04, α = 1.00e+00, m = 8, nfg = 1
[ Info: CTMRG init:	obj = +8.276711661559e+00	err = 1.0000e+00
┌ Warning: CTMRG cancel 100:	obj = +8.276711837116e+00	err = 6.7252977675e-09	time = 4.62 min
└ @ PEPSKit ~/.julia/packages/PEPSKit/P7ER3/src/algorithms/ctmrg/ctmrg.jl:129
┌ Warning: `svd` cotangents sensitive to gauge choice: (|Δgauge| = 0.18141553884911457)
└ @ TensorKitChainRulesCoreExt ~/.julia/packages/TensorKit/esxcj/ext/TensorKitChainRulesCoreExt/factorizations.jl:254
┌ Warning: `svd` cotangents sensitive to gauge choice: (|Δgauge| = 0.1814155397731242)
└ @ TensorKitChainRulesCoreExt ~/.julia/packages/TensorKit/esxcj/ext/TensorKitChainRulesCoreExt/factorizations.jl:254
[ Info: LBFGS: iter   26, time 7991.67 s: f = -2.041393868304, ‖∇f‖ = 2.5995e-04, α = 1.00e+00, m = 8, nfg = 1
[ Info: CTMRG init:	obj = +8.282858454314e+00	err = 1.0000e+00
┌ Warning: CTMRG cancel 100:	obj = +8.282859263456e+00	err = 3.6498406884e-09	time = 4.33 min
└ @ PEPSKit ~/.julia/packages/PEPSKit/P7ER3/src/algorithms/ctmrg/ctmrg.jl:129
┌ Warning: `svd` cotangents sensitive to gauge choice: (|Δgauge| = 0.1814349104716272)
└ @ TensorKitChainRulesCoreExt ~/.julia/packages/TensorKit/esxcj/ext/TensorKitChainRulesCoreExt/factorizations.jl:254
┌ Warning: `svd` cotangents sensitive to gauge choice: (|Δgauge| = 0.18143490921054617)
└ @ TensorKitChainRulesCoreExt ~/.julia/packages/TensorKit/esxcj/ext/TensorKitChainRulesCoreExt/factorizations.jl:254
[ Info: LBFGS: iter   27, time 8272.42 s: f = -2.041394907955, ‖∇f‖ = 5.2158e-04, α = 1.00e+00, m = 8, nfg = 1
[ Info: CTMRG init:	obj = +8.293921338703e+00	err = 1.0000e+00
┌ Warning: CTMRG cancel 100:	obj = +8.293922597923e+00	err = 7.5435179794e-09	time = 4.43 min
└ @ PEPSKit ~/.julia/packages/PEPSKit/P7ER3/src/algorithms/ctmrg/ctmrg.jl:129
┌ Warning: `svd` cotangents sensitive to gauge choice: (|Δgauge| = 0.18141325070051117)
└ @ TensorKitChainRulesCoreExt ~/.julia/packages/TensorKit/esxcj/ext/TensorKitChainRulesCoreExt/factorizations.jl:254
┌ Warning: `svd` cotangents sensitive to gauge choice: (|Δgauge| = 0.1814132491739778)
└ @ TensorKitChainRulesCoreExt ~/.julia/packages/TensorKit/esxcj/ext/TensorKitChainRulesCoreExt/factorizations.jl:254
[ Info: LBFGS: iter   28, time 8559.80 s: f = -2.041396882016, ‖∇f‖ = 5.0671e-04, α = 1.00e+00, m = 8, nfg = 1
[ Info: CTMRG init:	obj = +8.320672774408e+00	err = 1.0000e+00
┌ Warning: CTMRG cancel 100:	obj = +8.320679925140e+00	err = 6.9151604683e-09	time = 4.44 min
└ @ PEPSKit ~/.julia/packages/PEPSKit/P7ER3/src/algorithms/ctmrg/ctmrg.jl:129
┌ Warning: `svd` cotangents sensitive to gauge choice: (|Δgauge| = 0.18144726036709938)
└ @ TensorKitChainRulesCoreExt ~/.julia/packages/TensorKit/esxcj/ext/TensorKitChainRulesCoreExt/factorizations.jl:254
┌ Warning: `svd` cotangents sensitive to gauge choice: (|Δgauge| = 0.18144725965030295)
└ @ TensorKitChainRulesCoreExt ~/.julia/packages/TensorKit/esxcj/ext/TensorKitChainRulesCoreExt/factorizations.jl:254
[ Info: LBFGS: iter   29, time 8846.92 s: f = -2.041402009322, ‖∇f‖ = 6.4581e-04, α = 1.00e+00, m = 8, nfg = 1
[ Info: CTMRG init:	obj = +8.386724952251e+00	err = 1.0000e+00
[ Info: CTMRG conv 50:	obj = +8.386847577359e+00	err = 9.4051388054e-10	time = 2.32 min
┌ Warning: `svd` cotangents sensitive to gauge choice: (|Δgauge| = 0.18247975244437986)
└ @ TensorKitChainRulesCoreExt ~/.julia/packages/TensorKit/esxcj/ext/TensorKitChainRulesCoreExt/factorizations.jl:254
┌ Warning: `svd` cotangents sensitive to gauge choice: (|Δgauge| = 0.1824797530324035)
└ @ TensorKitChainRulesCoreExt ~/.julia/packages/TensorKit/esxcj/ext/TensorKitChainRulesCoreExt/factorizations.jl:254
[ Info: CTMRG init:	obj = +8.344713025371e+00	err = 1.0000e+00
┌ Warning: CTMRG cancel 100:	obj = +8.344727196101e+00	err = 3.8896296779e-09	time = 4.58 min
└ @ PEPSKit ~/.julia/packages/PEPSKit/P7ER3/src/algorithms/ctmrg/ctmrg.jl:129
┌ Warning: `svd` cotangents sensitive to gauge choice: (|Δgauge| = 0.18179654606479834)
└ @ TensorKitChainRulesCoreExt ~/.julia/packages/TensorKit/esxcj/ext/TensorKitChainRulesCoreExt/factorizations.jl:254
┌ Warning: `svd` cotangents sensitive to gauge choice: (|Δgauge| = 0.18179654608761367)
└ @ TensorKitChainRulesCoreExt ~/.julia/packages/TensorKit/esxcj/ext/TensorKitChainRulesCoreExt/factorizations.jl:254
[ Info: LBFGS: iter   30, time 9294.96 s: f = -2.041405119077, ‖∇f‖ = 8.0890e-04, α = 3.39e-01, m = 8, nfg = 2
[ Info: CTMRG init:	obj = +8.369201594838e+00	err = 1.0000e+00
[ Info: CTMRG conv 16:	obj = +8.369210235953e+00	err = 9.0627046466e-10	time = 42.97 sec
┌ Warning: `svd` cotangents sensitive to gauge choice: (|Δgauge| = 0.18198458961895708)
└ @ TensorKitChainRulesCoreExt ~/.julia/packages/TensorKit/esxcj/ext/TensorKitChainRulesCoreExt/factorizations.jl:254
┌ Warning: `svd` cotangents sensitive to gauge choice: (|Δgauge| = 0.1819845899288172)
└ @ TensorKitChainRulesCoreExt ~/.julia/packages/TensorKit/esxcj/ext/TensorKitChainRulesCoreExt/factorizations.jl:254
[ Info: LBFGS: iter   31, time 9343.82 s: f = -2.041410542809, ‖∇f‖ = 4.9954e-04, α = 1.00e+00, m = 8, nfg = 1
[ Info: CTMRG init:	obj = +8.383875516448e+00	err = 1.0000e+00
┌ Warning: CTMRG cancel 100:	obj = +8.383880338602e+00	err = 8.7974438264e-09	time = 5.36 min
└ @ PEPSKit ~/.julia/packages/PEPSKit/P7ER3/src/algorithms/ctmrg/ctmrg.jl:129
┌ Warning: `svd` cotangents sensitive to gauge choice: (|Δgauge| = 0.1820093384895218)
└ @ TensorKitChainRulesCoreExt ~/.julia/packages/TensorKit/esxcj/ext/TensorKitChainRulesCoreExt/factorizations.jl:254
┌ Warning: `svd` cotangents sensitive to gauge choice: (|Δgauge| = 0.1820093382070962)
└ @ TensorKitChainRulesCoreExt ~/.julia/packages/TensorKit/esxcj/ext/TensorKitChainRulesCoreExt/factorizations.jl:254
[ Info: CTMRG init:	obj = +8.377156926060e+00	err = 1.0000e+00
┌ Warning: CTMRG cancel 100:	obj = +8.377158289916e+00	err = 1.8917380851e-09	time = 5.81 min
└ @ PEPSKit ~/.julia/packages/PEPSKit/P7ER3/src/algorithms/ctmrg/ctmrg.jl:129
┌ Warning: `svd` cotangents sensitive to gauge choice: (|Δgauge| = 0.18199713200246606)
└ @ TensorKitChainRulesCoreExt ~/.julia/packages/TensorKit/esxcj/ext/TensorKitChainRulesCoreExt/factorizations.jl:254
┌ Warning: `svd` cotangents sensitive to gauge choice: (|Δgauge| = 0.1819971320244414)
└ @ TensorKitChainRulesCoreExt ~/.julia/packages/TensorKit/esxcj/ext/TensorKitChainRulesCoreExt/factorizations.jl:254
[ Info: LBFGS: iter   32, time 10062.07 s: f = -2.041412012506, ‖∇f‖ = 5.7423e-04, α = 5.31e-01, m = 8, nfg = 2
[ Info: CTMRG init:	obj = +8.379311582847e+00	err = 1.0000e+00
┌ Warning: CTMRG cancel 100:	obj = +8.379312030899e+00	err = 3.9737968291e-09	time = 5.72 min
└ @ PEPSKit ~/.julia/packages/PEPSKit/P7ER3/src/algorithms/ctmrg/ctmrg.jl:129
┌ Warning: `svd` cotangents sensitive to gauge choice: (|Δgauge| = 0.18210694442103942)
└ @ TensorKitChainRulesCoreExt ~/.julia/packages/TensorKit/esxcj/ext/TensorKitChainRulesCoreExt/factorizations.jl:254
┌ Warning: `svd` cotangents sensitive to gauge choice: (|Δgauge| = 0.18210694390976973)
└ @ TensorKitChainRulesCoreExt ~/.julia/packages/TensorKit/esxcj/ext/TensorKitChainRulesCoreExt/factorizations.jl:254
[ Info: LBFGS: iter   33, time 10428.97 s: f = -2.041413417254, ‖∇f‖ = 2.8479e-04, α = 1.00e+00, m = 8, nfg = 1
[ Info: CTMRG init:	obj = +8.379419212199e+00	err = 1.0000e+00
[ Info: CTMRG conv 54:	obj = +8.379419409574e+00	err = 9.0930517829e-10	time = 3.20 min
┌ Warning: `svd` cotangents sensitive to gauge choice: (|Δgauge| = 0.18220095070138903)
└ @ TensorKitChainRulesCoreExt ~/.julia/packages/TensorKit/esxcj/ext/TensorKitChainRulesCoreExt/factorizations.jl:254
┌ Warning: `svd` cotangents sensitive to gauge choice: (|Δgauge| = 0.18220095068434664)
└ @ TensorKitChainRulesCoreExt ~/.julia/packages/TensorKit/esxcj/ext/TensorKitChainRulesCoreExt/factorizations.jl:254
[ Info: LBFGS: iter   34, time 10632.85 s: f = -2.041413975538, ‖∇f‖ = 4.3703e-04, α = 1.00e+00, m = 8, nfg = 1
[ Info: CTMRG init:	obj = +8.380743908810e+00	err = 1.0000e+00
┌ Warning: CTMRG cancel 100:	obj = +8.380744019612e+00	err = 2.7107109346e-09	time = 5.88 min
└ @ PEPSKit ~/.julia/packages/PEPSKit/P7ER3/src/algorithms/ctmrg/ctmrg.jl:129
┌ Warning: `svd` cotangents sensitive to gauge choice: (|Δgauge| = 0.18217826367590145)
└ @ TensorKitChainRulesCoreExt ~/.julia/packages/TensorKit/esxcj/ext/TensorKitChainRulesCoreExt/factorizations.jl:254
┌ Warning: `svd` cotangents sensitive to gauge choice: (|Δgauge| = 0.18217826138233909)
└ @ TensorKitChainRulesCoreExt ~/.julia/packages/TensorKit/esxcj/ext/TensorKitChainRulesCoreExt/factorizations.jl:254
[ Info: LBFGS: iter   35, time 11006.77 s: f = -2.041414730005, ‖∇f‖ = 2.5257e-04, α = 1.00e+00, m = 8, nfg = 1
[ Info: CTMRG init:	obj = +8.386667537472e+00	err = 1.0000e+00
┌ Warning: CTMRG cancel 100:	obj = +8.386667884029e+00	err = 6.4816227891e-09	time = 5.44 min
└ @ PEPSKit ~/.julia/packages/PEPSKit/P7ER3/src/algorithms/ctmrg/ctmrg.jl:129
┌ Warning: `svd` cotangents sensitive to gauge choice: (|Δgauge| = 0.18212170569737837)
└ @ TensorKitChainRulesCoreExt ~/.julia/packages/TensorKit/esxcj/ext/TensorKitChainRulesCoreExt/factorizations.jl:254
┌ Warning: `svd` cotangents sensitive to gauge choice: (|Δgauge| = 0.18212170770994562)
└ @ TensorKitChainRulesCoreExt ~/.julia/packages/TensorKit/esxcj/ext/TensorKitChainRulesCoreExt/factorizations.jl:254
[ Info: LBFGS: iter   36, time 11354.37 s: f = -2.041415654325, ‖∇f‖ = 2.4013e-04, α = 1.00e+00, m = 8, nfg = 1
[ Info: CTMRG init:	obj = +8.397077678581e+00	err = 1.0000e+00
┌ Warning: CTMRG cancel 100:	obj = +8.397079498175e+00	err = 1.1028865536e-08	time = 5.28 min
└ @ PEPSKit ~/.julia/packages/PEPSKit/P7ER3/src/algorithms/ctmrg/ctmrg.jl:129
┌ Warning: `svd` cotangents sensitive to gauge choice: (|Δgauge| = 0.18195228684481612)
└ @ TensorKitChainRulesCoreExt ~/.julia/packages/TensorKit/esxcj/ext/TensorKitChainRulesCoreExt/factorizations.jl:254
┌ Warning: `svd` cotangents sensitive to gauge choice: (|Δgauge| = 0.1819522866787464)
└ @ TensorKitChainRulesCoreExt ~/.julia/packages/TensorKit/esxcj/ext/TensorKitChainRulesCoreExt/factorizations.jl:254
[ Info: LBFGS: iter   37, time 11692.78 s: f = -2.041416271807, ‖∇f‖ = 8.5419e-04, α = 1.00e+00, m = 8, nfg = 1
[ Info: CTMRG init:	obj = +8.405659575920e+00	err = 1.0000e+00
┌ Warning: CTMRG cancel 100:	obj = +8.405661547986e+00	err = 7.6883423640e-09	time = 5.49 min
└ @ PEPSKit ~/.julia/packages/PEPSKit/P7ER3/src/algorithms/ctmrg/ctmrg.jl:129
┌ Warning: `svd` cotangents sensitive to gauge choice: (|Δgauge| = 0.1819612588384188)
└ @ TensorKitChainRulesCoreExt ~/.julia/packages/TensorKit/esxcj/ext/TensorKitChainRulesCoreExt/factorizations.jl:254
┌ Warning: `svd` cotangents sensitive to gauge choice: (|Δgauge| = 0.18196125827443071)
└ @ TensorKitChainRulesCoreExt ~/.julia/packages/TensorKit/esxcj/ext/TensorKitChainRulesCoreExt/factorizations.jl:254
[ Info: LBFGS: iter   38, time 12042.83 s: f = -2.041417507158, ‖∇f‖ = 3.0791e-04, α = 1.00e+00, m = 8, nfg = 1
[ Info: CTMRG init:	obj = +8.409564921475e+00	err = 1.0000e+00
[ Info: CTMRG conv 35:	obj = +8.409565240103e+00	err = 8.8713906986e-10	time = 1.88 min
┌ Warning: `svd` cotangents sensitive to gauge choice: (|Δgauge| = 0.18198379321666416)
└ @ TensorKitChainRulesCoreExt ~/.julia/packages/TensorKit/esxcj/ext/TensorKitChainRulesCoreExt/factorizations.jl:254
┌ Warning: `svd` cotangents sensitive to gauge choice: (|Δgauge| = 0.1819837936051219)
└ @ TensorKitChainRulesCoreExt ~/.julia/packages/TensorKit/esxcj/ext/TensorKitChainRulesCoreExt/factorizations.jl:254
[ Info: LBFGS: iter   39, time 12165.01 s: f = -2.041418199962, ‖∇f‖ = 2.7788e-04, α = 1.00e+00, m = 8, nfg = 1
[ Info: CTMRG init:	obj = +8.422547345834e+00	err = 1.0000e+00
[ Info: CTMRG conv 93:	obj = +8.422550384351e+00	err = 9.9568858224e-10	time = 5.23 min
┌ Warning: `svd` cotangents sensitive to gauge choice: (|Δgauge| = 0.18208276527183406)
└ @ TensorKitChainRulesCoreExt ~/.julia/packages/TensorKit/esxcj/ext/TensorKitChainRulesCoreExt/factorizations.jl:254
┌ Warning: `svd` cotangents sensitive to gauge choice: (|Δgauge| = 0.18208276654487165)
└ @ TensorKitChainRulesCoreExt ~/.julia/packages/TensorKit/esxcj/ext/TensorKitChainRulesCoreExt/factorizations.jl:254
[ Info: LBFGS: iter   40, time 12497.81 s: f = -2.041420420428, ‖∇f‖ = 4.5589e-04, α = 1.00e+00, m = 8, nfg = 1
[ Info: CTMRG init:	obj = +8.438937149945e+00	err = 1.0000e+00
[ Info: CTMRG conv 44:	obj = +8.438941986742e+00	err = 9.4945986606e-10	time = 2.52 min
┌ Warning: `svd` cotangents sensitive to gauge choice: (|Δgauge| = 0.18219235438898213)
└ @ TensorKitChainRulesCoreExt ~/.julia/packages/TensorKit/esxcj/ext/TensorKitChainRulesCoreExt/factorizations.jl:254
┌ Warning: `svd` cotangents sensitive to gauge choice: (|Δgauge| = 0.18219235177460152)
└ @ TensorKitChainRulesCoreExt ~/.julia/packages/TensorKit/esxcj/ext/TensorKitChainRulesCoreExt/factorizations.jl:254
[ Info: LBFGS: iter   41, time 12659.99 s: f = -2.041423753587, ‖∇f‖ = 6.0967e-04, α = 1.00e+00, m = 8, nfg = 1
[ Info: CTMRG init:	obj = +8.467451430984e+00	err = 1.0000e+00
┌ Warning: CTMRG cancel 100:	obj = +8.467499369816e+00	err = 4.1007671176e-09	time = 7.25 min
└ @ PEPSKit ~/.julia/packages/PEPSKit/P7ER3/src/algorithms/ctmrg/ctmrg.jl:129
┌ Warning: `svd` cotangents sensitive to gauge choice: (|Δgauge| = 0.18259373653671027)
└ @ TensorKitChainRulesCoreExt ~/.julia/packages/TensorKit/esxcj/ext/TensorKitChainRulesCoreExt/factorizations.jl:254
┌ Warning: `svd` cotangents sensitive to gauge choice: (|Δgauge| = 0.1825937326260182)
└ @ TensorKitChainRulesCoreExt ~/.julia/packages/TensorKit/esxcj/ext/TensorKitChainRulesCoreExt/factorizations.jl:254
[ Info: CTMRG init:	obj = +8.452598833150e+00	err = 1.0000e+00
[ Info: CTMRG conv 85:	obj = +8.452605419911e+00	err = 9.2951486690e-10	time = 6.26 min
┌ Warning: `svd` cotangents sensitive to gauge choice: (|Δgauge| = 0.18233879884374718)
└ @ TensorKitChainRulesCoreExt ~/.julia/packages/TensorKit/esxcj/ext/TensorKitChainRulesCoreExt/factorizations.jl:254
┌ Warning: `svd` cotangents sensitive to gauge choice: (|Δgauge| = 0.18233879954475285)
└ @ TensorKitChainRulesCoreExt ~/.julia/packages/TensorKit/esxcj/ext/TensorKitChainRulesCoreExt/factorizations.jl:254
[ Info: LBFGS: iter   42, time 13528.97 s: f = -2.041426059488, ‖∇f‖ = 1.0408e-03, α = 3.71e-01, m = 8, nfg = 2
[ Info: CTMRG init:	obj = +8.460725396037e+00	err = 1.0000e+00
┌ Warning: CTMRG cancel 100:	obj = +8.460734586316e+00	err = 5.2658866481e-09	time = 6.11 min
└ @ PEPSKit ~/.julia/packages/PEPSKit/P7ER3/src/algorithms/ctmrg/ctmrg.jl:129
┌ Warning: `svd` cotangents sensitive to gauge choice: (|Δgauge| = 0.18255023056378916)
└ @ TensorKitChainRulesCoreExt ~/.julia/packages/TensorKit/esxcj/ext/TensorKitChainRulesCoreExt/factorizations.jl:254
┌ Warning: `svd` cotangents sensitive to gauge choice: (|Δgauge| = 0.18255022860819478)
└ @ TensorKitChainRulesCoreExt ~/.julia/packages/TensorKit/esxcj/ext/TensorKitChainRulesCoreExt/factorizations.jl:254
[ Info: LBFGS: iter   43, time 13916.20 s: f = -2.041430865806, ‖∇f‖ = 4.7966e-04, α = 1.00e+00, m = 8, nfg = 1
[ Info: CTMRG init:	obj = +8.462395026489e+00	err = 1.0000e+00
┌ Warning: CTMRG cancel 100:	obj = +8.462398721066e+00	err = 6.7684419423e-09	time = 6.06 min
└ @ PEPSKit ~/.julia/packages/PEPSKit/P7ER3/src/algorithms/ctmrg/ctmrg.jl:129
┌ Warning: `svd` cotangents sensitive to gauge choice: (|Δgauge| = 0.1825753412593136)
└ @ TensorKitChainRulesCoreExt ~/.julia/packages/TensorKit/esxcj/ext/TensorKitChainRulesCoreExt/factorizations.jl:254
┌ Warning: `svd` cotangents sensitive to gauge choice: (|Δgauge| = 0.1825753443176043)
└ @ TensorKitChainRulesCoreExt ~/.julia/packages/TensorKit/esxcj/ext/TensorKitChainRulesCoreExt/factorizations.jl:254
[ Info: LBFGS: iter   44, time 14299.42 s: f = -2.041434622033, ‖∇f‖ = 5.6901e-04, α = 1.00e+00, m = 8, nfg = 1
[ Info: CTMRG init:	obj = +8.463857603751e+00	err = 1.0000e+00
┌ Warning: CTMRG cancel 100:	obj = +8.463864467364e+00	err = 2.1457088826e-09	time = 6.25 min
└ @ PEPSKit ~/.julia/packages/PEPSKit/P7ER3/src/algorithms/ctmrg/ctmrg.jl:129
┌ Warning: `svd` cotangents sensitive to gauge choice: (|Δgauge| = 0.1824487946613641)
└ @ TensorKitChainRulesCoreExt ~/.julia/packages/TensorKit/esxcj/ext/TensorKitChainRulesCoreExt/factorizations.jl:254
┌ Warning: `svd` cotangents sensitive to gauge choice: (|Δgauge| = 0.1824487957592091)
└ @ TensorKitChainRulesCoreExt ~/.julia/packages/TensorKit/esxcj/ext/TensorKitChainRulesCoreExt/factorizations.jl:254
[ Info: LBFGS: iter   45, time 14698.03 s: f = -2.041436745876, ‖∇f‖ = 1.3320e-03, α = 1.00e+00, m = 8, nfg = 1
[ Info: CTMRG init:	obj = +8.461666807836e+00	err = 1.0000e+00
┌ Warning: CTMRG cancel 100:	obj = +8.461669519151e+00	err = 1.4148776393e-08	time = 6.46 min
└ @ PEPSKit ~/.julia/packages/PEPSKit/P7ER3/src/algorithms/ctmrg/ctmrg.jl:129
┌ Warning: `svd` cotangents sensitive to gauge choice: (|Δgauge| = 0.18251478468412385)
└ @ TensorKitChainRulesCoreExt ~/.julia/packages/TensorKit/esxcj/ext/TensorKitChainRulesCoreExt/factorizations.jl:254
┌ Warning: `svd` cotangents sensitive to gauge choice: (|Δgauge| = 0.18251478262916648)
└ @ TensorKitChainRulesCoreExt ~/.julia/packages/TensorKit/esxcj/ext/TensorKitChainRulesCoreExt/factorizations.jl:254
[ Info: LBFGS: iter   46, time 15108.33 s: f = -2.041439202539, ‖∇f‖ = 5.9928e-04, α = 1.00e+00, m = 8, nfg = 1
[ Info: CTMRG init:	obj = +8.461873937862e+00	err = 1.0000e+00
┌ Warning: CTMRG cancel 100:	obj = +8.461874594626e+00	err = 1.1183981842e-08	time = 8.46 min
└ @ PEPSKit ~/.julia/packages/PEPSKit/P7ER3/src/algorithms/ctmrg/ctmrg.jl:129
┌ Warning: `svd` cotangents sensitive to gauge choice: (|Δgauge| = 0.1824447295304351)
└ @ TensorKitChainRulesCoreExt ~/.julia/packages/TensorKit/esxcj/ext/TensorKitChainRulesCoreExt/factorizations.jl:254
┌ Warning: `svd` cotangents sensitive to gauge choice: (|Δgauge| = 0.1824447342497484)
└ @ TensorKitChainRulesCoreExt ~/.julia/packages/TensorKit/esxcj/ext/TensorKitChainRulesCoreExt/factorizations.jl:254
[ Info: LBFGS: iter   47, time 15647.40 s: f = -2.041440223725, ‖∇f‖ = 3.2881e-04, α = 1.00e+00, m = 8, nfg = 1
[ Info: CTMRG init:	obj = +8.463323713614e+00	err = 1.0000e+00
┌ Warning: CTMRG cancel 100:	obj = +8.463324289701e+00	err = 1.3614192882e-08	time = 8.02 min
└ @ PEPSKit ~/.julia/packages/PEPSKit/P7ER3/src/algorithms/ctmrg/ctmrg.jl:129
┌ Warning: `svd` cotangents sensitive to gauge choice: (|Δgauge| = 0.18228883646134916)
└ @ TensorKitChainRulesCoreExt ~/.julia/packages/TensorKit/esxcj/ext/TensorKitChainRulesCoreExt/factorizations.jl:254
┌ Warning: `svd` cotangents sensitive to gauge choice: (|Δgauge| = 0.1822888408675492)
└ @ TensorKitChainRulesCoreExt ~/.julia/packages/TensorKit/esxcj/ext/TensorKitChainRulesCoreExt/factorizations.jl:254
[ Info: LBFGS: iter   48, time 16149.76 s: f = -2.041441186323, ‖∇f‖ = 3.0110e-04, α = 1.00e+00, m = 8, nfg = 1
[ Info: CTMRG init:	obj = +8.464363136562e+00	err = 1.0000e+00
┌ Warning: CTMRG cancel 100:	obj = +8.464363419546e+00	err = 3.4166231253e-09	time = 6.80 min
└ @ PEPSKit ~/.julia/packages/PEPSKit/P7ER3/src/algorithms/ctmrg/ctmrg.jl:129
┌ Warning: `svd` cotangents sensitive to gauge choice: (|Δgauge| = 0.1822198614480312)
└ @ TensorKitChainRulesCoreExt ~/.julia/packages/TensorKit/esxcj/ext/TensorKitChainRulesCoreExt/factorizations.jl:254
┌ Warning: `svd` cotangents sensitive to gauge choice: (|Δgauge| = 0.18221987066797649)
└ @ TensorKitChainRulesCoreExt ~/.julia/packages/TensorKit/esxcj/ext/TensorKitChainRulesCoreExt/factorizations.jl:254
[ Info: LBFGS: iter   49, time 16589.78 s: f = -2.041441796542, ‖∇f‖ = 2.4747e-04, α = 1.00e+00, m = 8, nfg = 1
[ Info: CTMRG init:	obj = +8.463996332716e+00	err = 1.0000e+00
┌ Warning: CTMRG cancel 100:	obj = +8.463997760540e+00	err = 4.7345944624e-09	time = 6.91 min
└ @ PEPSKit ~/.julia/packages/PEPSKit/P7ER3/src/algorithms/ctmrg/ctmrg.jl:129
┌ Warning: `svd` cotangents sensitive to gauge choice: (|Δgauge| = 0.1820433965599204)
└ @ TensorKitChainRulesCoreExt ~/.julia/packages/TensorKit/esxcj/ext/TensorKitChainRulesCoreExt/factorizations.jl:254
┌ Warning: `svd` cotangents sensitive to gauge choice: (|Δgauge| = 0.1820433961646785)
└ @ TensorKitChainRulesCoreExt ~/.julia/packages/TensorKit/esxcj/ext/TensorKitChainRulesCoreExt/factorizations.jl:254
[ Info: LBFGS: iter   50, time 17025.84 s: f = -2.041442530487, ‖∇f‖ = 4.2267e-04, α = 1.00e+00, m = 8, nfg = 1
[ Info: CTMRG init:	obj = +8.462376960176e+00	err = 1.0000e+00
┌ Warning: CTMRG cancel 100:	obj = +8.462378244891e+00	err = 1.3389381481e-08	time = 7.04 min
└ @ PEPSKit ~/.julia/packages/PEPSKit/P7ER3/src/algorithms/ctmrg/ctmrg.jl:129
┌ Warning: `svd` cotangents sensitive to gauge choice: (|Δgauge| = 0.182091216825906)
└ @ TensorKitChainRulesCoreExt ~/.julia/packages/TensorKit/esxcj/ext/TensorKitChainRulesCoreExt/factorizations.jl:254
┌ Warning: `svd` cotangents sensitive to gauge choice: (|Δgauge| = 0.1820912132874758)
└ @ TensorKitChainRulesCoreExt ~/.julia/packages/TensorKit/esxcj/ext/TensorKitChainRulesCoreExt/factorizations.jl:254
[ Info: LBFGS: iter   51, time 17470.25 s: f = -2.041443381527, ‖∇f‖ = 3.0682e-04, α = 1.00e+00, m = 8, nfg = 1
[ Info: CTMRG init:	obj = +8.459392783624e+00	err = 1.0000e+00
┌ Warning: CTMRG cancel 100:	obj = +8.459393722961e+00	err = 4.4644215260e-09	time = 7.78 min
└ @ PEPSKit ~/.julia/packages/PEPSKit/P7ER3/src/algorithms/ctmrg/ctmrg.jl:129
┌ Warning: `svd` cotangents sensitive to gauge choice: (|Δgauge| = 0.1821618573379724)
└ @ TensorKitChainRulesCoreExt ~/.julia/packages/TensorKit/esxcj/ext/TensorKitChainRulesCoreExt/factorizations.jl:254
┌ Warning: `svd` cotangents sensitive to gauge choice: (|Δgauge| = 0.18216186221624941)
└ @ TensorKitChainRulesCoreExt ~/.julia/packages/TensorKit/esxcj/ext/TensorKitChainRulesCoreExt/factorizations.jl:254
[ Info: LBFGS: iter   52, time 17961.10 s: f = -2.041444260200, ‖∇f‖ = 2.9384e-04, α = 1.00e+00, m = 8, nfg = 1
[ Info: CTMRG init:	obj = +8.453106973506e+00	err = 1.0000e+00
┌ Warning: CTMRG cancel 100:	obj = +8.453110359855e+00	err = 5.3875418998e-09	time = 8.00 min
└ @ PEPSKit ~/.julia/packages/PEPSKit/P7ER3/src/algorithms/ctmrg/ctmrg.jl:129
┌ Warning: `svd` cotangents sensitive to gauge choice: (|Δgauge| = 0.18227212244615032)
└ @ TensorKitChainRulesCoreExt ~/.julia/packages/TensorKit/esxcj/ext/TensorKitChainRulesCoreExt/factorizations.jl:254
┌ Warning: `svd` cotangents sensitive to gauge choice: (|Δgauge| = 0.1822721249132497)
└ @ TensorKitChainRulesCoreExt ~/.julia/packages/TensorKit/esxcj/ext/TensorKitChainRulesCoreExt/factorizations.jl:254
[ Info: LBFGS: iter   53, time 18462.67 s: f = -2.041445523470, ‖∇f‖ = 4.5951e-04, α = 1.00e+00, m = 8, nfg = 1
[ Info: CTMRG init:	obj = +8.449689742582e+00	err = 1.0000e+00
┌ Warning: CTMRG cancel 100:	obj = +8.449691904291e+00	err = 8.0123387471e-09	time = 8.36 min
└ @ PEPSKit ~/.julia/packages/PEPSKit/P7ER3/src/algorithms/ctmrg/ctmrg.jl:129
┌ Warning: `svd` cotangents sensitive to gauge choice: (|Δgauge| = 0.18221487566716377)
└ @ TensorKitChainRulesCoreExt ~/.julia/packages/TensorKit/esxcj/ext/TensorKitChainRulesCoreExt/factorizations.jl:254
┌ Warning: `svd` cotangents sensitive to gauge choice: (|Δgauge| = 0.1822148748783251)
└ @ TensorKitChainRulesCoreExt ~/.julia/packages/TensorKit/esxcj/ext/TensorKitChainRulesCoreExt/factorizations.jl:254
[ Info: LBFGS: iter   54, time 18985.44 s: f = -2.041446641810, ‖∇f‖ = 3.5979e-04, α = 1.00e+00, m = 8, nfg = 1
[ Info: CTMRG init:	obj = +8.449242970014e+00	err = 1.0000e+00
┌ Warning: CTMRG cancel 100:	obj = +8.449244224222e+00	err = 1.4985996007e-08	time = 8.27 min
└ @ PEPSKit ~/.julia/packages/PEPSKit/P7ER3/src/algorithms/ctmrg/ctmrg.jl:129
┌ Warning: `svd` cotangents sensitive to gauge choice: (|Δgauge| = 0.1821557575900345)
└ @ TensorKitChainRulesCoreExt ~/.julia/packages/TensorKit/esxcj/ext/TensorKitChainRulesCoreExt/factorizations.jl:254
┌ Warning: `svd` cotangents sensitive to gauge choice: (|Δgauge| = 0.18215575891275582)
└ @ TensorKitChainRulesCoreExt ~/.julia/packages/TensorKit/esxcj/ext/TensorKitChainRulesCoreExt/factorizations.jl:254
[ Info: LBFGS: iter   55, time 19505.50 s: f = -2.041447482728, ‖∇f‖ = 3.6066e-04, α = 1.00e+00, m = 8, nfg = 1
[ Info: CTMRG init:	obj = +8.450045368972e+00	err = 1.0000e+00
┌ Warning: CTMRG cancel 100:	obj = +8.450047444427e+00	err = 8.5229024844e-09	time = 8.29 min
└ @ PEPSKit ~/.julia/packages/PEPSKit/P7ER3/src/algorithms/ctmrg/ctmrg.jl:129
┌ Warning: `svd` cotangents sensitive to gauge choice: (|Δgauge| = 0.18198560106780756)
└ @ TensorKitChainRulesCoreExt ~/.julia/packages/TensorKit/esxcj/ext/TensorKitChainRulesCoreExt/factorizations.jl:254
┌ Warning: `svd` cotangents sensitive to gauge choice: (|Δgauge| = 0.18198560375473843)
└ @ TensorKitChainRulesCoreExt ~/.julia/packages/TensorKit/esxcj/ext/TensorKitChainRulesCoreExt/factorizations.jl:254
[ Info: LBFGS: iter   56, time 20023.70 s: f = -2.041447984828, ‖∇f‖ = 4.5616e-04, α = 1.00e+00, m = 8, nfg = 1
[ Info: CTMRG init:	obj = +8.450690236667e+00	err = 1.0000e+00
┌ Warning: CTMRG cancel 100:	obj = +8.450690741865e+00	err = 6.8292674533e-09	time = 8.80 min
└ @ PEPSKit ~/.julia/packages/PEPSKit/P7ER3/src/algorithms/ctmrg/ctmrg.jl:129
┌ Warning: `svd` cotangents sensitive to gauge choice: (|Δgauge| = 0.18198370732129637)
└ @ TensorKitChainRulesCoreExt ~/.julia/packages/TensorKit/esxcj/ext/TensorKitChainRulesCoreExt/factorizations.jl:254
┌ Warning: `svd` cotangents sensitive to gauge choice: (|Δgauge| = 0.18198370589268334)
└ @ TensorKitChainRulesCoreExt ~/.julia/packages/TensorKit/esxcj/ext/TensorKitChainRulesCoreExt/factorizations.jl:254
[ Info: LBFGS: iter   57, time 20576.65 s: f = -2.041448467749, ‖∇f‖ = 1.9851e-04, α = 1.00e+00, m = 8, nfg = 1
[ Info: CTMRG init:	obj = +8.450961688756e+00	err = 1.0000e+00
┌ Warning: CTMRG cancel 100:	obj = +8.450961895727e+00	err = 5.5767913692e-09	time = 9.15 min
└ @ PEPSKit ~/.julia/packages/PEPSKit/P7ER3/src/algorithms/ctmrg/ctmrg.jl:129
┌ Warning: `svd` cotangents sensitive to gauge choice: (|Δgauge| = 0.18199204505766925)
└ @ TensorKitChainRulesCoreExt ~/.julia/packages/TensorKit/esxcj/ext/TensorKitChainRulesCoreExt/factorizations.jl:254
┌ Warning: `svd` cotangents sensitive to gauge choice: (|Δgauge| = 0.18199204449804568)
└ @ TensorKitChainRulesCoreExt ~/.julia/packages/TensorKit/esxcj/ext/TensorKitChainRulesCoreExt/factorizations.jl:254
[ Info: LBFGS: iter   58, time 21150.87 s: f = -2.041448755429, ‖∇f‖ = 2.2409e-04, α = 1.00e+00, m = 8, nfg = 1
[ Info: CTMRG init:	obj = +8.450451916743e+00	err = 1.0000e+00
┌ Warning: CTMRG cancel 100:	obj = +8.450452887943e+00	err = 7.0130765600e-09	time = 9.08 min
└ @ PEPSKit ~/.julia/packages/PEPSKit/P7ER3/src/algorithms/ctmrg/ctmrg.jl:129
┌ Warning: `svd` cotangents sensitive to gauge choice: (|Δgauge| = 0.18195983616425881)
└ @ TensorKitChainRulesCoreExt ~/.julia/packages/TensorKit/esxcj/ext/TensorKitChainRulesCoreExt/factorizations.jl:254
┌ Warning: `svd` cotangents sensitive to gauge choice: (|Δgauge| = 0.18195983418595046)
└ @ TensorKitChainRulesCoreExt ~/.julia/packages/TensorKit/esxcj/ext/TensorKitChainRulesCoreExt/factorizations.jl:254
[ Info: LBFGS: iter   59, time 21720.24 s: f = -2.041449235864, ‖∇f‖ = 1.8676e-04, α = 1.00e+00, m = 8, nfg = 1
[ Info: CTMRG init:	obj = +8.450901627235e+00	err = 1.0000e+00
┌ Warning: CTMRG cancel 100:	obj = +8.450902352668e+00	err = 4.8480114907e-09	time = 9.03 min
└ @ PEPSKit ~/.julia/packages/PEPSKit/P7ER3/src/algorithms/ctmrg/ctmrg.jl:129
┌ Warning: `svd` cotangents sensitive to gauge choice: (|Δgauge| = 0.18194269739900654)
└ @ TensorKitChainRulesCoreExt ~/.julia/packages/TensorKit/esxcj/ext/TensorKitChainRulesCoreExt/factorizations.jl:254
┌ Warning: `svd` cotangents sensitive to gauge choice: (|Δgauge| = 0.181942697338068)
└ @ TensorKitChainRulesCoreExt ~/.julia/packages/TensorKit/esxcj/ext/TensorKitChainRulesCoreExt/factorizations.jl:254
[ Info: LBFGS: iter   60, time 22285.50 s: f = -2.041449499869, ‖∇f‖ = 4.8121e-04, α = 1.00e+00, m = 8, nfg = 1
[ Info: CTMRG init:	obj = +8.451006860710e+00	err = 1.0000e+00
┌ Warning: CTMRG cancel 100:	obj = +8.451007265008e+00	err = 4.6002365084e-09	time = 9.13 min
└ @ PEPSKit ~/.julia/packages/PEPSKit/P7ER3/src/algorithms/ctmrg/ctmrg.jl:129
┌ Warning: `svd` cotangents sensitive to gauge choice: (|Δgauge| = 0.18194988715258809)
└ @ TensorKitChainRulesCoreExt ~/.julia/packages/TensorKit/esxcj/ext/TensorKitChainRulesCoreExt/factorizations.jl:254
┌ Warning: `svd` cotangents sensitive to gauge choice: (|Δgauge| = 0.1819498864265804)
└ @ TensorKitChainRulesCoreExt ~/.julia/packages/TensorKit/esxcj/ext/TensorKitChainRulesCoreExt/factorizations.jl:254
[ Info: LBFGS: iter   61, time 22855.11 s: f = -2.041449974563, ‖∇f‖ = 1.7009e-04, α = 1.00e+00, m = 8, nfg = 1
[ Info: CTMRG init:	obj = +8.451256173615e+00	err = 1.0000e+00
┌ Warning: CTMRG cancel 100:	obj = +8.451256285958e+00	err = 5.6031023474e-09	time = 9.06 min
└ @ PEPSKit ~/.julia/packages/PEPSKit/P7ER3/src/algorithms/ctmrg/ctmrg.jl:129
┌ Warning: `svd` cotangents sensitive to gauge choice: (|Δgauge| = 0.18197079881101957)
└ @ TensorKitChainRulesCoreExt ~/.julia/packages/TensorKit/esxcj/ext/TensorKitChainRulesCoreExt/factorizations.jl:254
┌ Warning: `svd` cotangents sensitive to gauge choice: (|Δgauge| = 0.18197080254150175)
└ @ TensorKitChainRulesCoreExt ~/.julia/packages/TensorKit/esxcj/ext/TensorKitChainRulesCoreExt/factorizations.jl:254
[ Info: LBFGS: iter   62, time 23421.56 s: f = -2.041450133877, ‖∇f‖ = 1.4260e-04, α = 1.00e+00, m = 8, nfg = 1
[ Info: CTMRG init:	obj = +8.452060330572e+00	err = 1.0000e+00
┌ Warning: CTMRG cancel 100:	obj = +8.452060446646e+00	err = 5.3360944047e-09	time = 9.00 min
└ @ PEPSKit ~/.julia/packages/PEPSKit/P7ER3/src/algorithms/ctmrg/ctmrg.jl:129
┌ Warning: `svd` cotangents sensitive to gauge choice: (|Δgauge| = 0.18200513810482633)
└ @ TensorKitChainRulesCoreExt ~/.julia/packages/TensorKit/esxcj/ext/TensorKitChainRulesCoreExt/factorizations.jl:254
┌ Warning: `svd` cotangents sensitive to gauge choice: (|Δgauge| = 0.1820051389664214)
└ @ TensorKitChainRulesCoreExt ~/.julia/packages/TensorKit/esxcj/ext/TensorKitChainRulesCoreExt/factorizations.jl:254
[ Info: LBFGS: iter   63, time 23992.72 s: f = -2.041450403823, ‖∇f‖ = 1.6317e-04, α = 1.00e+00, m = 8, nfg = 1
[ Info: CTMRG init:	obj = +8.455180976639e+00	err = 1.0000e+00
┌ Warning: CTMRG cancel 100:	obj = +8.455182258224e+00	err = 2.9711652543e-09	time = 9.35 min
└ @ PEPSKit ~/.julia/packages/PEPSKit/P7ER3/src/algorithms/ctmrg/ctmrg.jl:129
┌ Warning: `svd` cotangents sensitive to gauge choice: (|Δgauge| = 0.1820258189501323)
└ @ TensorKitChainRulesCoreExt ~/.julia/packages/TensorKit/esxcj/ext/TensorKitChainRulesCoreExt/factorizations.jl:254
┌ Warning: `svd` cotangents sensitive to gauge choice: (|Δgauge| = 0.18202582055442068)
└ @ TensorKitChainRulesCoreExt ~/.julia/packages/TensorKit/esxcj/ext/TensorKitChainRulesCoreExt/factorizations.jl:254
[ Info: CTMRG init:	obj = +8.453781673052e+00	err = 1.0000e+00
┌ Warning: CTMRG cancel 100:	obj = +8.453782045143e+00	err = 4.9647575414e-09	time = 9.49 min
└ @ PEPSKit ~/.julia/packages/PEPSKit/P7ER3/src/algorithms/ctmrg/ctmrg.jl:129
┌ Warning: `svd` cotangents sensitive to gauge choice: (|Δgauge| = 0.1820161030598389)
└ @ TensorKitChainRulesCoreExt ~/.julia/packages/TensorKit/esxcj/ext/TensorKitChainRulesCoreExt/factorizations.jl:254
┌ Warning: `svd` cotangents sensitive to gauge choice: (|Δgauge| = 0.18201610300229598)
└ @ TensorKitChainRulesCoreExt ~/.julia/packages/TensorKit/esxcj/ext/TensorKitChainRulesCoreExt/factorizations.jl:254
[ Info: LBFGS: iter   64, time 25169.46 s: f = -2.041450738337, ‖∇f‖ = 3.7236e-04, α = 5.38e-01, m = 8, nfg = 2
[ Info: CTMRG init:	obj = +8.455595125722e+00	err = 1.0000e+00
┌ Warning: CTMRG cancel 100:	obj = +8.455595325089e+00	err = 3.9145158626e-09	time = 9.28 min
└ @ PEPSKit ~/.julia/packages/PEPSKit/P7ER3/src/algorithms/ctmrg/ctmrg.jl:129
┌ Warning: `svd` cotangents sensitive to gauge choice: (|Δgauge| = 0.18204041042389885)
└ @ TensorKitChainRulesCoreExt ~/.julia/packages/TensorKit/esxcj/ext/TensorKitChainRulesCoreExt/factorizations.jl:254
┌ Warning: `svd` cotangents sensitive to gauge choice: (|Δgauge| = 0.18204040882621098)
└ @ TensorKitChainRulesCoreExt ~/.julia/packages/TensorKit/esxcj/ext/TensorKitChainRulesCoreExt/factorizations.jl:254
[ Info: LBFGS: iter   65, time 25750.59 s: f = -2.041451276409, ‖∇f‖ = 2.1759e-04, α = 1.00e+00, m = 8, nfg = 1
[ Info: CTMRG init:	obj = +8.457996543288e+00	err = 1.0000e+00
┌ Warning: CTMRG cancel 100:	obj = +8.457997048815e+00	err = 3.2277734544e-08	time = 9.42 min
└ @ PEPSKit ~/.julia/packages/PEPSKit/P7ER3/src/algorithms/ctmrg/ctmrg.jl:129
┌ Warning: `svd` cotangents sensitive to gauge choice: (|Δgauge| = 0.1820513783940865)
└ @ TensorKitChainRulesCoreExt ~/.julia/packages/TensorKit/esxcj/ext/TensorKitChainRulesCoreExt/factorizations.jl:254
┌ Warning: `svd` cotangents sensitive to gauge choice: (|Δgauge| = 0.18205137937907415)
└ @ TensorKitChainRulesCoreExt ~/.julia/packages/TensorKit/esxcj/ext/TensorKitChainRulesCoreExt/factorizations.jl:254
[ Info: LBFGS: iter   66, time 26341.19 s: f = -2.041451832410, ‖∇f‖ = 1.5818e-04, α = 1.00e+00, m = 8, nfg = 1
[ Info: CTMRG init:	obj = +8.458826814298e+00	err = 1.0000e+00
┌ Warning: CTMRG cancel 100:	obj = +8.458827192682e+00	err = 4.8750084545e-09	time = 9.29 min
└ @ PEPSKit ~/.julia/packages/PEPSKit/P7ER3/src/algorithms/ctmrg/ctmrg.jl:129
┌ Warning: `svd` cotangents sensitive to gauge choice: (|Δgauge| = 0.1820767652229391)
└ @ TensorKitChainRulesCoreExt ~/.julia/packages/TensorKit/esxcj/ext/TensorKitChainRulesCoreExt/factorizations.jl:254
┌ Warning: `svd` cotangents sensitive to gauge choice: (|Δgauge| = 0.18207676522494173)
└ @ TensorKitChainRulesCoreExt ~/.julia/packages/TensorKit/esxcj/ext/TensorKitChainRulesCoreExt/factorizations.jl:254
[ Info: LBFGS: iter   67, time 26921.21 s: f = -2.041451959155, ‖∇f‖ = 3.5797e-04, α = 1.00e+00, m = 8, nfg = 1
[ Info: CTMRG init:	obj = +8.459230218322e+00	err = 1.0000e+00
┌ Warning: CTMRG cancel 100:	obj = +8.459230351140e+00	err = 5.4576440611e-09	time = 9.69 min
└ @ PEPSKit ~/.julia/packages/PEPSKit/P7ER3/src/algorithms/ctmrg/ctmrg.jl:129
┌ Warning: `svd` cotangents sensitive to gauge choice: (|Δgauge| = 0.18203906056053334)
└ @ TensorKitChainRulesCoreExt ~/.julia/packages/TensorKit/esxcj/ext/TensorKitChainRulesCoreExt/factorizations.jl:254
┌ Warning: `svd` cotangents sensitive to gauge choice: (|Δgauge| = 0.18203905971544887)
└ @ TensorKitChainRulesCoreExt ~/.julia/packages/TensorKit/esxcj/ext/TensorKitChainRulesCoreExt/factorizations.jl:254
[ Info: LBFGS: converged after 68 iterations and time 27524.10 s: f = -2.041452120460, ‖∇f‖ = 9.6773e-05
