  Installing known registries into `~/.julia`
       Added `General` registry to ~/.julia/registries
    Updating registry at `~/.julia/registries/General.toml`
   Installed GPUArraysCore ─────────────── v0.2.0
   Installed IrrationalConstants ───────── v0.2.4
   Installed TaskLocalValues ───────────── v0.1.2
   Installed RealDot ───────────────────── v0.1.0
   Installed IRTools ───────────────────── v0.4.14
   Installed JLD2 ──────────────────────── v0.5.12
   Installed OhMyThreads ───────────────── v0.7.0
   Installed BlockTensorKit ────────────── v0.1.6
   Installed DiffRules ─────────────────── v1.15.1
   Installed Adapt ─────────────────────── v4.3.0
   Installed Preferences ───────────────── v1.4.3
   Installed PtrArrays ─────────────────── v1.3.0
   Installed IntegerMathUtils ──────────── v0.1.2
   Installed Accessors ─────────────────── v0.1.42
   Installed TableTraits ───────────────── v1.0.1
   Installed LRUCache ──────────────────── v1.6.2
   Installed LoggingExtras ─────────────── v1.0.3
   Installed DiffResults ───────────────── v1.1.0
   Installed SpecialFunctions ──────────── v2.5.1
   Installed OptimKit ──────────────────── v0.4.0
   Installed Tables ────────────────────── v1.12.0
   Installed WignerSymbols ─────────────── v2.0.0
   Installed HashArrayMappedTries ──────── v0.2.0
   Installed TensorKit ─────────────────── v0.14.5
   Installed ChunkSplitters ────────────── v3.1.2
   Installed DataAPI ───────────────────── v1.16.0
   Installed RecipesBase ───────────────── v1.3.4
   Installed AbstractFFTs ──────────────── v1.5.0
   Installed Primes ────────────────────── v0.5.7
   Installed StaticArrays ──────────────── v1.9.13
   Installed Zygote ────────────────────── v0.7.6
   Installed MPSKit ────────────────────── v0.12.6
   Installed BlockArrays ───────────────── v1.6.1
   Installed JLLWrappers ───────────────── v1.7.0
   Installed StaticArraysCore ──────────── v1.4.3
   Installed NaNMath ───────────────────── v1.1.3
   Installed IteratorInterfaceExtensions ─ v1.0.0
   Installed Richardson ────────────────── v1.4.2
   Installed FiniteDifferences ─────────── v0.12.32
   Installed PrecompileTools ───────────── v1.2.1
   Installed ConstructionBase ──────────── v1.5.8
   Installed StructArrays ──────────────── v0.7.1
   Installed DataValueInterfaces ───────── v1.0.0
   Installed TranscodingStreams ────────── v0.11.3
   Installed RationalRoots ─────────────── v0.2.1
   Installed TensorKitSectors ──────────── v0.1.4
   Installed StableTasks ───────────────── v0.1.7
   Installed OrderedCollections ────────── v1.8.0
   Installed ScopedValues ──────────────── v1.3.0
   Installed ChainRulesCore ────────────── v1.25.1
   Installed InitialValues ─────────────── v0.3.1
   Installed VectorInterface ───────────── v0.5.0
   Installed MPSKitModels ──────────────── v0.4.1
   Installed FillArrays ────────────────── v1.13.0
   Installed Statistics ────────────────── v1.11.1
   Installed ForwardDiff ───────────────── v1.0.1
   Installed FileIO ────────────────────── v1.17.0
   Installed LogExpFunctions ───────────── v0.3.29
   Installed ChainRules ────────────────── v1.72.3
   Installed Requires ──────────────────── v1.3.1
   Installed CommonSubexpressions ──────── v0.3.1
   Installed HalfIntegers ──────────────── v1.6.0
   Installed BangBang ──────────────────── v0.4.4
   Installed ZygoteRules ───────────────── v0.2.7
   Installed StridedViews ──────────────── v0.4.1
   Installed PackageExtensionCompat ────── v1.0.2
   Installed Strided ───────────────────── v2.3.0
   Installed MacroTools ────────────────── v0.5.15
   Installed OpenSpecFun_jll ───────────── v0.5.6+0
   Installed SparseInverseSubset ───────── v0.1.2
   Installed CompositionsBase ──────────── v0.1.2
   Installed InverseFunctions ──────────── v0.1.17
   Installed TensorKitManifolds ────────── v0.7.2
   Installed Compat ────────────────────── v4.16.0
   Installed TupleTools ────────────────── v1.6.0
   Installed PEPSKit ───────────────────── v0.5.0
   Installed DocStringExtensions ───────── v0.9.4
   Installed TensorOperations ──────────── v5.2.0
   Installed ArrayLayouts ──────────────── v1.11.1
   Installed KrylovKit ─────────────────── v0.9.5
    Updating `/var/lib/condor/execute/dir_1251871/Project.toml`
  [d360d2e6] + ChainRulesCore v1.25.1
  [033835bb] + JLD2 v0.5.12
  [0b1a1467] + KrylovKit v0.9.5
  [bb1c41ca] + MPSKit v0.12.6
  [ca635005] + MPSKitModels v0.4.1
  [77e91f04] + OptimKit v0.4.0
  [52969e89] + PEPSKit v0.5.0
  [07d1fe3e] + TensorKit v0.14.5
  [409d34a3] + VectorInterface v0.5.0
  [e88e6eb3] + Zygote v0.7.6
  [37e2e46d] ~ LinearAlgebra ⇒ v1.11.0
    Updating `/var/lib/condor/execute/dir_1251871/Manifest.toml`
  [621f4979] + AbstractFFTs v1.5.0
  [7d9f7c33] + Accessors v0.1.42
  [79e6a3ab] + Adapt v4.3.0
  [4c555306] + ArrayLayouts v1.11.1
  [198e06fe] + BangBang v0.4.4
  [8e7c35d0] + BlockArrays v1.6.1
  [5f87ffc2] + BlockTensorKit v0.1.6
  [082447d4] + ChainRules v1.72.3
  [d360d2e6] + ChainRulesCore v1.25.1
  [ae650224] + ChunkSplitters v3.1.2
  [bbf7d656] + CommonSubexpressions v0.3.1
  [34da2185] + Compat v4.16.0
  [a33af91c] + CompositionsBase v0.1.2
  [187b0558] + ConstructionBase v1.5.8
  [9a962f9c] + DataAPI v1.16.0
  [e2d170a0] + DataValueInterfaces v1.0.0
  [163ba53b] + DiffResults v1.1.0
  [b552c78f] + DiffRules v1.15.1
  [ffbed154] + DocStringExtensions v0.9.4
  [5789e2e9] + FileIO v1.17.0
  [1a297f60] + FillArrays v1.13.0
  [26cc04aa] + FiniteDifferences v0.12.32
  [f6369f11] + ForwardDiff v1.0.1
  [46192b85] + GPUArraysCore v0.2.0
  [f0d1745a] + HalfIntegers v1.6.0
  [076d061b] + HashArrayMappedTries v0.2.0
  [7869d1d1] + IRTools v0.4.14
  [22cec73e] + InitialValues v0.3.1
  [18e54dd8] + IntegerMathUtils v0.1.2
  [3587e190] + InverseFunctions v0.1.17
  [92d709cd] + IrrationalConstants v0.2.4
  [82899510] + IteratorInterfaceExtensions v1.0.0
  [033835bb] + JLD2 v0.5.12
  [692b3bcd] + JLLWrappers v1.7.0
  [0b1a1467] + KrylovKit v0.9.5
  [8ac3fa9e] + LRUCache v1.6.2
  [2ab3a3ac] + LogExpFunctions v0.3.29
⌅ [e6f89c97] + LoggingExtras v1.0.3
  [bb1c41ca] + MPSKit v0.12.6
  [ca635005] + MPSKitModels v0.4.1
  [1914dd2f] + MacroTools v0.5.15
  [77ba4419] + NaNMath v1.1.3
⌅ [67456a42] + OhMyThreads v0.7.0
  [77e91f04] + OptimKit v0.4.0
  [bac558e1] + OrderedCollections v1.8.0
  [52969e89] + PEPSKit v0.5.0
  [65ce6f38] + PackageExtensionCompat v1.0.2
⌅ [aea7be01] + PrecompileTools v1.2.1
  [21216c6a] + Preferences v1.4.3
  [27ebfcd6] + Primes v0.5.7
  [43287f4e] + PtrArrays v1.3.0
  [308eb6b3] + RationalRoots v0.2.1
  [c1ae055f] + RealDot v0.1.0
  [3cdcf5f2] + RecipesBase v1.3.4
  [ae029012] + Requires v1.3.1
  [708f8203] + Richardson v1.4.2
  [7e506255] + ScopedValues v1.3.0
  [dc90abb0] + SparseInverseSubset v0.1.2
  [276daf66] + SpecialFunctions v2.5.1
  [91464d47] + StableTasks v0.1.7
  [90137ffa] + StaticArrays v1.9.13
  [1e83bf80] + StaticArraysCore v1.4.3
  [10745b16] + Statistics v1.11.1
  [5e0ebb24] + Strided v2.3.0
  [4db3bf67] + StridedViews v0.4.1
  [09ab397b] + StructArrays v0.7.1
  [3783bdb8] + TableTraits v1.0.1
  [bd369af6] + Tables v1.12.0
  [ed4db957] + TaskLocalValues v0.1.2
  [07d1fe3e] + TensorKit v0.14.5
  [11fa318c] + TensorKitManifolds v0.7.2
  [13a9c161] + TensorKitSectors v0.1.4
  [6aa20fa7] + TensorOperations v5.2.0
  [3bb67fe8] + TranscodingStreams v0.11.3
  [9d95972d] + TupleTools v1.6.0
  [409d34a3] + VectorInterface v0.5.0
  [9f57e263] + WignerSymbols v2.0.0
  [e88e6eb3] + Zygote v0.7.6
  [700de1a5] + ZygoteRules v0.2.7
  [efe28fd5] + OpenSpecFun_jll v0.5.6+0
  [0dad84c5] + ArgTools v1.1.2
  [56f22d72] + Artifacts v1.11.0
  [2a0f44e3] + Base64 v1.11.0
  [ade2ca70] + Dates v1.11.0
  [8ba89e20] + Distributed v1.11.0
  [f43a241f] + Downloads v1.6.0
  [7b1f6079] + FileWatching v1.11.0
  [b77e0a4c] + InteractiveUtils v1.11.0
  [b27032c2] + LibCURL v0.6.4
  [76f85450] + LibGit2 v1.11.0
  [8f399da3] + Libdl v1.11.0
  [37e2e46d] + LinearAlgebra v1.11.0
  [56ddb016] + Logging v1.11.0
  [d6f4376e] + Markdown v1.11.0
  [a63ad114] + Mmap v1.11.0
  [ca575930] + NetworkOptions v1.2.0
  [44cfe95a] + Pkg v1.11.0
  [de0858da] + Printf v1.11.0
  [9a3f8284] + Random v1.11.0
  [ea8e919c] + SHA v0.7.0
  [9e88b42a] + Serialization v1.11.0
  [6462fe0b] + Sockets v1.11.0
  [2f01184e] + SparseArrays v1.11.0
  [4607b0f0] + SuiteSparse
  [fa267f1f] + TOML v1.0.3
  [a4e569a6] + Tar v1.10.0
  [cf7118a7] + UUIDs v1.11.0
  [4ec0a83e] + Unicode v1.11.0
  [e66e0078] + CompilerSupportLibraries_jll v1.1.1+0
  [deac9b47] + LibCURL_jll v8.6.0+0
  [e37daf67] + LibGit2_jll v1.7.2+0
  [29816b5a] + LibSSH2_jll v1.11.0+1
  [c8ffd9c3] + MbedTLS_jll v2.28.6+0
  [14a3606d] + MozillaCACerts_jll v2023.12.12
  [4536629a] + OpenBLAS_jll v0.3.27+1
  [05823500] + OpenLibm_jll v0.8.1+2
  [bea87d4a] + SuiteSparse_jll v7.7.0+0
  [83775a58] + Zlib_jll v1.2.13+1
  [8e850b90] + libblastrampoline_jll v5.11.0+0
  [8e850ede] + nghttp2_jll v1.59.0+0
  [3f19e933] + p7zip_jll v17.4.0+2
        Info Packages marked with ⌅ have new versions available but compatibility constraints restrict them from upgrading. To see why use `status --outdated -m`
Precompiling project...
    506.0 ms  ✓ TaskLocalValues
    448.4 ms  ✓ DataValueInterfaces
    471.9 ms  ✓ IntegerMathUtils
    516.8 ms  ✓ Richardson
    566.1 ms  ✓ RealDot
    612.0 ms  ✓ StableTasks
    592.4 ms  ✓ InverseFunctions
    614.7 ms  ✓ LRUCache
    684.3 ms  ✓ HalfIntegers
    673.4 ms  ✓ Statistics
    685.8 ms  ✓ DocStringExtensions
    697.7 ms  ✓ VectorInterface
    723.3 ms  ✓ AbstractFFTs
    780.9 ms  ✓ OrderedCollections
    418.6 ms  ✓ IteratorInterfaceExtensions
    516.2 ms  ✓ DataAPI
    469.0 ms  ✓ PackageExtensionCompat
    452.6 ms  ✓ CompositionsBase
    620.0 ms  ✓ ConstructionBase
    642.5 ms  ✓ PtrArrays
    652.9 ms  ✓ ChunkSplitters
    561.3 ms  ✓ RationalRoots
   1286.3 ms  ✓ FillArrays
    586.2 ms  ✓ TupleTools
    550.3 ms  ✓ HashArrayMappedTries
    678.9 ms  ✓ StaticArraysCore
    703.9 ms  ✓ TranscodingStreams
    587.9 ms  ✓ NaNMath
   1439.9 ms  ✓ IrrationalConstants
    593.5 ms  ✓ Requires
    675.8 ms  ✓ CompositionsBase → CompositionsBaseInverseFunctionsExt
    774.5 ms  ✓ LoggingExtras
    519.4 ms  ✓ LRUCache → SerializationExt
    491.3 ms  ✓ TableTraits
    751.1 ms  ✓ SuiteSparse
    560.4 ms  ✓ InverseFunctions → InverseFunctionsDatesExt
   1192.8 ms  ✓ InitialValues
    465.6 ms  ✓ ConstructionBase → ConstructionBaseLinearAlgebraExt
    694.5 ms  ✓ StridedViews
    793.3 ms  ✓ Statistics → SparseArraysExt
    839.8 ms  ✓ Primes
    953.6 ms  ✓ Preferences
    823.9 ms  ✓ Compat
    569.2 ms  ✓ FillArrays → FillArraysStatisticsExt
    587.5 ms  ✓ ScopedValues
    608.8 ms  ✓ DiffResults
    625.8 ms  ✓ Adapt
    821.8 ms  ✓ LogExpFunctions
    881.1 ms  ✓ FillArrays → FillArraysSparseArraysExt
    735.1 ms  ✓ StridedViews → StridedViewsPtrArraysExt
    583.8 ms  ✓ PrecompileTools
    541.2 ms  ✓ Compat → CompatLinearAlgebraExt
    827.7 ms  ✓ Strided
    648.8 ms  ✓ JLLWrappers
   1130.6 ms  ✓ Tables
   1042.9 ms  ✓ SparseInverseSubset
    578.6 ms  ✓ LogExpFunctions → LogExpFunctionsInverseFunctionsExt
    608.2 ms  ✓ GPUArraysCore
    786.2 ms  ✓ Adapt → AdaptSparseArraysExt
   1979.6 ms  ✓ KrylovKit
    740.7 ms  ✓ OpenSpecFun_jll
   3198.5 ms  ✓ MacroTools
    982.6 ms  ✓ StructArrays
   1648.6 ms  ✓ OptimKit
    626.0 ms  ✓ CommonSubexpressions
   1629.7 ms  ✓ ChainRulesCore
    529.5 ms  ✓ StructArrays → StructArraysAdaptExt
    561.8 ms  ✓ StructArrays → StructArraysLinearAlgebraExt
   1979.3 ms  ✓ RecipesBase
    797.3 ms  ✓ StructArrays → StructArraysSparseArraysExt
    576.5 ms  ✓ AbstractFFTs → AbstractFFTsChainRulesCoreExt
    811.4 ms  ✓ KrylovKit → KrylovKitChainRulesCoreExt
   3174.5 ms  ✓ WignerSymbols
    864.5 ms  ✓ ChainRulesCore → ChainRulesCoreSparseArraysExt
    969.8 ms  ✓ ZygoteRules
   2229.1 ms  ✓ IRTools
   1779.2 ms  ✓ LogExpFunctions → LogExpFunctionsChainRulesCoreExt
   2637.1 ms  ✓ Accessors
   4607.4 ms  ✓ FileIO
   3334.7 ms  ✓ SpecialFunctions
    650.5 ms  ✓ Accessors → StructArraysExt
    681.8 ms  ✓ Accessors → LinearAlgebraExt
    836.4 ms  ✓ DiffRules
    992.5 ms  ✓ BangBang
    674.4 ms  ✓ BangBang → BangBangStructArraysExt
    690.8 ms  ✓ BangBang → BangBangChainRulesCoreExt
    686.3 ms  ✓ BangBang → BangBangTablesExt
   1947.4 ms  ✓ SpecialFunctions → SpecialFunctionsChainRulesCoreExt
   1259.4 ms  ✓ OhMyThreads
   8550.9 ms  ✓ StaticArrays
   4059.7 ms  ✓ ForwardDiff
   6593.5 ms  ✓ ChainRules
    815.0 ms  ✓ StaticArrays → StaticArraysStatisticsExt
    816.7 ms  ✓ Adapt → AdaptStaticArraysExt
    876.4 ms  ✓ StructArrays → StructArraysStaticArraysExt
    945.0 ms  ✓ ConstructionBase → ConstructionBaseStaticArraysExt
    945.2 ms  ✓ BangBang → BangBangStaticArraysExt
    982.9 ms  ✓ StaticArrays → StaticArraysChainRulesCoreExt
    985.0 ms  ✓ Accessors → StaticArraysExt
    980.2 ms  ✓ ForwardDiff → ForwardDiffStaticArraysExt
   1440.8 ms  ✓ FiniteDifferences
  15553.6 ms  ✓ ArrayLayouts
    999.5 ms  ✓ ArrayLayouts → ArrayLayoutsSparseArraysExt
   1736.6 ms  ✓ BlockArrays
    948.6 ms  ✓ BlockArrays → BlockArraysAdaptExt
  34419.7 ms  ✓ JLD2
  32121.7 ms  ✓ Zygote
 132740.1 ms  ✓ TensorOperations
   1546.9 ms  ✓ TensorOperations → TensorOperationsChainRulesCoreExt
   7786.5 ms  ✓ TensorKitSectors
   8799.2 ms  ✓ TensorKit
   2134.3 ms  ✓ TensorKit → TensorKitFiniteDifferencesExt
   2386.5 ms  ✓ TensorKitManifolds
   2572.1 ms  ✓ TensorKit → TensorKitChainRulesCoreExt
   3878.3 ms  ✓ BlockTensorKit
  16955.1 ms  ✓ MPSKit
  14249.6 ms  ✓ MPSKitModels
  17855.9 ms  ✓ PEPSKit
  118 dependencies successfully precompiled in 205 seconds. 31 already precompiled.
[ Info: CTMRG init:	obj = +9.236260165175e+00	err = 1.0000e+00
[ Info: CTMRG conv 4:	obj = +9.236260165175e+00	err = 3.0466743124e-10	time = 1.72 min
┌ Warning: `svd` cotangents sensitive to gauge choice: (|Δgauge| = 0.4996664793463371)
└ @ TensorKitChainRulesCoreExt ~/.julia/packages/TensorKit/esxcj/ext/TensorKitChainRulesCoreExt/factorizations.jl:254
┌ Warning: `svd` cotangents sensitive to gauge choice: (|Δgauge| = 1.894182336010833e-7)
└ @ TensorKitChainRulesCoreExt ~/.julia/packages/TensorKit/esxcj/ext/TensorKitChainRulesCoreExt/factorizations.jl:254
┌ Warning: `svd` cotangents sensitive to gauge choice: (|Δgauge| = 0.4996662838450211)
└ @ TensorKitChainRulesCoreExt ~/.julia/packages/TensorKit/esxcj/ext/TensorKitChainRulesCoreExt/factorizations.jl:254
[ Info: LBFGS: initializing with f = -3.215271648447, ‖∇f‖ = 8.9968e-04
[ Info: CTMRG init:	obj = +9.235372314812e+00	err = 1.0000e+00
[ Info: CTMRG conv 6:	obj = +9.235373929873e+00	err = 7.6799601466e-10	time = 2.63 sec
┌ Warning: `svd` cotangents sensitive to gauge choice: (|Δgauge| = 0.5002964212011455)
└ @ TensorKitChainRulesCoreExt ~/.julia/packages/TensorKit/esxcj/ext/TensorKitChainRulesCoreExt/factorizations.jl:254
┌ Warning: `svd` cotangents sensitive to gauge choice: (|Δgauge| = 1.1342983697492705e-10)
└ @ TensorKitChainRulesCoreExt ~/.julia/packages/TensorKit/esxcj/ext/TensorKitChainRulesCoreExt/factorizations.jl:254
┌ Warning: `svd` cotangents sensitive to gauge choice: (|Δgauge| = 0.5002964208638421)
└ @ TensorKitChainRulesCoreExt ~/.julia/packages/TensorKit/esxcj/ext/TensorKitChainRulesCoreExt/factorizations.jl:254
[ Info: LBFGS: iter    1, time 1401.43 s: f = -3.215274252881, ‖∇f‖ = 2.1748e-03, α = 1.00e+00, m = 0, nfg = 1
[ Info: CTMRG init:	obj = +9.235456637740e+00	err = 1.0000e+00
[ Info: CTMRG conv 6:	obj = +9.235456696785e+00	err = 3.5385202390e-10	time = 1.98 sec
┌ Warning: `svd` cotangents sensitive to gauge choice: (|Δgauge| = 0.5004764676570732)
└ @ TensorKitChainRulesCoreExt ~/.julia/packages/TensorKit/esxcj/ext/TensorKitChainRulesCoreExt/factorizations.jl:254
┌ Warning: `svd` cotangents sensitive to gauge choice: (|Δgauge| = 1.1021231398136845e-10)
└ @ TensorKitChainRulesCoreExt ~/.julia/packages/TensorKit/esxcj/ext/TensorKitChainRulesCoreExt/factorizations.jl:254
┌ Warning: `svd` cotangents sensitive to gauge choice: (|Δgauge| = 0.500476468812632)
└ @ TensorKitChainRulesCoreExt ~/.julia/packages/TensorKit/esxcj/ext/TensorKitChainRulesCoreExt/factorizations.jl:254
[ Info: LBFGS: iter    2, time 1408.38 s: f = -3.215279405027, ‖∇f‖ = 1.4697e-03, α = 1.00e+00, m = 1, nfg = 1
[ Info: CTMRG init:	obj = +9.235502516470e+00	err = 1.0000e+00
[ Info: CTMRG conv 6:	obj = +9.235506335265e+00	err = 7.2414008887e-10	time = 1.84 sec
┌ Warning: `svd` cotangents sensitive to gauge choice: (|Δgauge| = 0.5026478835321557)
└ @ TensorKitChainRulesCoreExt ~/.julia/packages/TensorKit/esxcj/ext/TensorKitChainRulesCoreExt/factorizations.jl:254
┌ Warning: `svd` cotangents sensitive to gauge choice: (|Δgauge| = 8.804514984985706e-11)
└ @ TensorKitChainRulesCoreExt ~/.julia/packages/TensorKit/esxcj/ext/TensorKitChainRulesCoreExt/factorizations.jl:254
┌ Warning: `svd` cotangents sensitive to gauge choice: (|Δgauge| = 0.5026478877215107)
└ @ TensorKitChainRulesCoreExt ~/.julia/packages/TensorKit/esxcj/ext/TensorKitChainRulesCoreExt/factorizations.jl:254
[ Info: LBFGS: iter    3, time 1414.15 s: f = -3.215305226842, ‖∇f‖ = 1.6338e-03, α = 1.00e+00, m = 2, nfg = 1
[ Info: CTMRG init:	obj = +9.232948374112e+00	err = 1.0000e+00
[ Info: CTMRG conv 6:	obj = +9.232961109729e+00	err = 7.7416612215e-10	time = 2.07 sec
┌ Warning: `svd` cotangents sensitive to gauge choice: (|Δgauge| = 0.5073470407908411)
└ @ TensorKitChainRulesCoreExt ~/.julia/packages/TensorKit/esxcj/ext/TensorKitChainRulesCoreExt/factorizations.jl:254
┌ Warning: `svd` cotangents sensitive to gauge choice: (|Δgauge| = 5.805716966578327e-11)
└ @ TensorKitChainRulesCoreExt ~/.julia/packages/TensorKit/esxcj/ext/TensorKitChainRulesCoreExt/factorizations.jl:254
┌ Warning: `svd` cotangents sensitive to gauge choice: (|Δgauge| = 0.5073470410140114)
└ @ TensorKitChainRulesCoreExt ~/.julia/packages/TensorKit/esxcj/ext/TensorKitChainRulesCoreExt/factorizations.jl:254
[ Info: LBFGS: iter    4, time 1420.17 s: f = -3.215337405838, ‖∇f‖ = 3.3095e-03, α = 1.00e+00, m = 3, nfg = 1
[ Info: CTMRG init:	obj = +9.225734247202e+00	err = 1.0000e+00
[ Info: CTMRG conv 7:	obj = +9.225759420610e+00	err = 6.2453803861e-10	time = 2.23 sec
┌ Warning: `svd` cotangents sensitive to gauge choice: (|Δgauge| = 0.5140063960132721)
└ @ TensorKitChainRulesCoreExt ~/.julia/packages/TensorKit/esxcj/ext/TensorKitChainRulesCoreExt/factorizations.jl:254
┌ Warning: `svd` cotangents sensitive to gauge choice: (|Δgauge| = 0.5140063958910657)
└ @ TensorKitChainRulesCoreExt ~/.julia/packages/TensorKit/esxcj/ext/TensorKitChainRulesCoreExt/factorizations.jl:254
[ Info: LBFGS: iter    5, time 1427.71 s: f = -3.215366358497, ‖∇f‖ = 2.9265e-03, α = 1.00e+00, m = 4, nfg = 1
[ Info: CTMRG init:	obj = +9.201517331219e+00	err = 1.0000e+00
[ Info: CTMRG conv 7:	obj = +9.201885803999e+00	err = 7.6321756853e-10	time = 2.85 sec
┌ Warning: `svd` cotangents sensitive to gauge choice: (|Δgauge| = 0.5225985386704487)
└ @ TensorKitChainRulesCoreExt ~/.julia/packages/TensorKit/esxcj/ext/TensorKitChainRulesCoreExt/factorizations.jl:254
┌ Warning: `svd` cotangents sensitive to gauge choice: (|Δgauge| = 0.5225985397692121)
└ @ TensorKitChainRulesCoreExt ~/.julia/packages/TensorKit/esxcj/ext/TensorKitChainRulesCoreExt/factorizations.jl:254
[ Info: CTMRG init:	obj = +9.223729123870e+00	err = 1.0000e+00
[ Info: CTMRG conv 7:	obj = +9.223732192567e+00	err = 6.3941803550e-10	time = 2.16 sec
┌ Warning: `svd` cotangents sensitive to gauge choice: (|Δgauge| = 0.5147793492915487)
└ @ TensorKitChainRulesCoreExt ~/.julia/packages/TensorKit/esxcj/ext/TensorKitChainRulesCoreExt/factorizations.jl:254
┌ Warning: `svd` cotangents sensitive to gauge choice: (|Δgauge| = 0.5147793555930607)
└ @ TensorKitChainRulesCoreExt ~/.julia/packages/TensorKit/esxcj/ext/TensorKitChainRulesCoreExt/factorizations.jl:254
[ Info: LBFGS: iter    6, time 1442.28 s: f = -3.215368349329, ‖∇f‖ = 2.9175e-03, α = 9.09e-02, m = 5, nfg = 2
[ Info: CTMRG init:	obj = +9.221886901647e+00	err = 1.0000e+00
[ Info: CTMRG conv 6:	obj = +9.221887875598e+00	err = 8.3591778481e-10	time = 1.85 sec
┌ Warning: `svd` cotangents sensitive to gauge choice: (|Δgauge| = 0.5159497502152983)
└ @ TensorKitChainRulesCoreExt ~/.julia/packages/TensorKit/esxcj/ext/TensorKitChainRulesCoreExt/factorizations.jl:254
┌ Warning: `svd` cotangents sensitive to gauge choice: (|Δgauge| = 2.9599876229487554e-11)
└ @ TensorKitChainRulesCoreExt ~/.julia/packages/TensorKit/esxcj/ext/TensorKitChainRulesCoreExt/factorizations.jl:254
┌ Warning: `svd` cotangents sensitive to gauge choice: (|Δgauge| = 0.5159497558297836)
└ @ TensorKitChainRulesCoreExt ~/.julia/packages/TensorKit/esxcj/ext/TensorKitChainRulesCoreExt/factorizations.jl:254
[ Info: LBFGS: iter    7, time 1448.36 s: f = -3.215376196185, ‖∇f‖ = 1.0634e-03, α = 1.00e+00, m = 6, nfg = 1
[ Info: CTMRG init:	obj = +9.222417136462e+00	err = 1.0000e+00
[ Info: CTMRG conv 6:	obj = +9.222417191535e+00	err = 8.2070967844e-10	time = 2.35 sec
┌ Warning: `svd` cotangents sensitive to gauge choice: (|Δgauge| = 0.5155682171494792)
└ @ TensorKitChainRulesCoreExt ~/.julia/packages/TensorKit/esxcj/ext/TensorKitChainRulesCoreExt/factorizations.jl:254
┌ Warning: `svd` cotangents sensitive to gauge choice: (|Δgauge| = 3.127678854267775e-11)
└ @ TensorKitChainRulesCoreExt ~/.julia/packages/TensorKit/esxcj/ext/TensorKitChainRulesCoreExt/factorizations.jl:254
┌ Warning: `svd` cotangents sensitive to gauge choice: (|Δgauge| = 0.5155682181253229)
└ @ TensorKitChainRulesCoreExt ~/.julia/packages/TensorKit/esxcj/ext/TensorKitChainRulesCoreExt/factorizations.jl:254
[ Info: LBFGS: iter    8, time 1455.39 s: f = -3.215378028611, ‖∇f‖ = 5.3443e-04, α = 1.00e+00, m = 7, nfg = 1
[ Info: CTMRG init:	obj = +9.222580475716e+00	err = 1.0000e+00
[ Info: CTMRG conv 6:	obj = +9.222580497575e+00	err = 9.4896960627e-10	time = 1.77 sec
┌ Warning: `svd` cotangents sensitive to gauge choice: (|Δgauge| = 0.5154817538039165)
└ @ TensorKitChainRulesCoreExt ~/.julia/packages/TensorKit/esxcj/ext/TensorKitChainRulesCoreExt/factorizations.jl:254
┌ Warning: `svd` cotangents sensitive to gauge choice: (|Δgauge| = 3.172454228329997e-11)
└ @ TensorKitChainRulesCoreExt ~/.julia/packages/TensorKit/esxcj/ext/TensorKitChainRulesCoreExt/factorizations.jl:254
┌ Warning: `svd` cotangents sensitive to gauge choice: (|Δgauge| = 0.5154817511935276)
└ @ TensorKitChainRulesCoreExt ~/.julia/packages/TensorKit/esxcj/ext/TensorKitChainRulesCoreExt/factorizations.jl:254
[ Info: LBFGS: iter    9, time 1461.20 s: f = -3.215378782936, ‖∇f‖ = 6.5693e-04, α = 1.00e+00, m = 8, nfg = 1
[ Info: CTMRG init:	obj = +9.223700254279e+00	err = 1.0000e+00
[ Info: CTMRG conv 6:	obj = +9.223701861222e+00	err = 7.0042525530e-10	time = 2.00 sec
┌ Warning: `svd` cotangents sensitive to gauge choice: (|Δgauge| = 0.5149259318702362)
└ @ TensorKitChainRulesCoreExt ~/.julia/packages/TensorKit/esxcj/ext/TensorKitChainRulesCoreExt/factorizations.jl:254
┌ Warning: `svd` cotangents sensitive to gauge choice: (|Δgauge| = 3.437179048232356e-11)
└ @ TensorKitChainRulesCoreExt ~/.julia/packages/TensorKit/esxcj/ext/TensorKitChainRulesCoreExt/factorizations.jl:254
┌ Warning: `svd` cotangents sensitive to gauge choice: (|Δgauge| = 0.5149259364962948)
└ @ TensorKitChainRulesCoreExt ~/.julia/packages/TensorKit/esxcj/ext/TensorKitChainRulesCoreExt/factorizations.jl:254
[ Info: LBFGS: iter   10, time 1467.29 s: f = -3.215383321967, ‖∇f‖ = 1.4135e-03, α = 1.00e+00, m = 8, nfg = 1
[ Info: CTMRG init:	obj = +9.224927765148e+00	err = 1.0000e+00
[ Info: CTMRG conv 7:	obj = +9.224931368208e+00	err = 7.6536430603e-10	time = 2.12 sec
┌ Warning: `svd` cotangents sensitive to gauge choice: (|Δgauge| = 0.5143131890501578)
└ @ TensorKitChainRulesCoreExt ~/.julia/packages/TensorKit/esxcj/ext/TensorKitChainRulesCoreExt/factorizations.jl:254
┌ Warning: `svd` cotangents sensitive to gauge choice: (|Δgauge| = 0.5143131890231496)
└ @ TensorKitChainRulesCoreExt ~/.julia/packages/TensorKit/esxcj/ext/TensorKitChainRulesCoreExt/factorizations.jl:254
[ Info: LBFGS: iter   11, time 1473.70 s: f = -3.215388230358, ‖∇f‖ = 1.6397e-03, α = 1.00e+00, m = 8, nfg = 1
[ Info: CTMRG init:	obj = +9.226424936197e+00	err = 1.0000e+00
[ Info: CTMRG conv 7:	obj = +9.226432928785e+00	err = 5.7085319722e-10	time = 2.10 sec
┌ Warning: `svd` cotangents sensitive to gauge choice: (|Δgauge| = 0.5144750431117813)
└ @ TensorKitChainRulesCoreExt ~/.julia/packages/TensorKit/esxcj/ext/TensorKitChainRulesCoreExt/factorizations.jl:254
┌ Warning: `svd` cotangents sensitive to gauge choice: (|Δgauge| = 0.5144750498491572)
└ @ TensorKitChainRulesCoreExt ~/.julia/packages/TensorKit/esxcj/ext/TensorKitChainRulesCoreExt/factorizations.jl:254
[ Info: LBFGS: iter   12, time 1479.87 s: f = -3.215392979415, ‖∇f‖ = 1.0533e-03, α = 1.00e+00, m = 8, nfg = 1
[ Info: CTMRG init:	obj = +9.229220279258e+00	err = 1.0000e+00
[ Info: CTMRG conv 6:	obj = +9.229222214029e+00	err = 6.7573451616e-10	time = 2.50 sec
┌ Warning: `svd` cotangents sensitive to gauge choice: (|Δgauge| = 0.5134421196324395)
└ @ TensorKitChainRulesCoreExt ~/.julia/packages/TensorKit/esxcj/ext/TensorKitChainRulesCoreExt/factorizations.jl:254
┌ Warning: `svd` cotangents sensitive to gauge choice: (|Δgauge| = 4.256204646142045e-11)
└ @ TensorKitChainRulesCoreExt ~/.julia/packages/TensorKit/esxcj/ext/TensorKitChainRulesCoreExt/factorizations.jl:254
┌ Warning: `svd` cotangents sensitive to gauge choice: (|Δgauge| = 0.5134421219013976)
└ @ TensorKitChainRulesCoreExt ~/.julia/packages/TensorKit/esxcj/ext/TensorKitChainRulesCoreExt/factorizations.jl:254
[ Info: LBFGS: iter   13, time 1486.65 s: f = -3.215393812815, ‖∇f‖ = 9.0942e-04, α = 1.00e+00, m = 8, nfg = 1
[ Info: CTMRG init:	obj = +9.228667067564e+00	err = 1.0000e+00
[ Info: CTMRG conv 6:	obj = +9.228667330087e+00	err = 6.3518765861e-10	time = 2.07 sec
┌ Warning: `svd` cotangents sensitive to gauge choice: (|Δgauge| = 0.5138932534631908)
└ @ TensorKitChainRulesCoreExt ~/.julia/packages/TensorKit/esxcj/ext/TensorKitChainRulesCoreExt/factorizations.jl:254
┌ Warning: `svd` cotangents sensitive to gauge choice: (|Δgauge| = 4.242562188740713e-11)
└ @ TensorKitChainRulesCoreExt ~/.julia/packages/TensorKit/esxcj/ext/TensorKitChainRulesCoreExt/factorizations.jl:254
┌ Warning: `svd` cotangents sensitive to gauge choice: (|Δgauge| = 0.5138932556615301)
└ @ TensorKitChainRulesCoreExt ~/.julia/packages/TensorKit/esxcj/ext/TensorKitChainRulesCoreExt/factorizations.jl:254
[ Info: LBFGS: iter   14, time 1492.53 s: f = -3.215395058921, ‖∇f‖ = 2.8547e-04, α = 1.00e+00, m = 8, nfg = 1
[ Info: CTMRG init:	obj = +9.228968837216e+00	err = 1.0000e+00
[ Info: CTMRG conv 6:	obj = +9.228968858650e+00	err = 5.8336146444e-10	time = 2.14 sec
┌ Warning: `svd` cotangents sensitive to gauge choice: (|Δgauge| = 0.5140315958664914)
└ @ TensorKitChainRulesCoreExt ~/.julia/packages/TensorKit/esxcj/ext/TensorKitChainRulesCoreExt/factorizations.jl:254
┌ Warning: `svd` cotangents sensitive to gauge choice: (|Δgauge| = 4.2293132591159794e-11)
└ @ TensorKitChainRulesCoreExt ~/.julia/packages/TensorKit/esxcj/ext/TensorKitChainRulesCoreExt/factorizations.jl:254
┌ Warning: `svd` cotangents sensitive to gauge choice: (|Δgauge| = 0.5140315951700323)
└ @ TensorKitChainRulesCoreExt ~/.julia/packages/TensorKit/esxcj/ext/TensorKitChainRulesCoreExt/factorizations.jl:254
[ Info: LBFGS: iter   15, time 1498.70 s: f = -3.215395328083, ‖∇f‖ = 3.3112e-04, α = 1.00e+00, m = 8, nfg = 1
[ Info: CTMRG init:	obj = +9.230901884813e+00	err = 1.0000e+00
[ Info: CTMRG conv 5:	obj = +9.230901979624e+00	err = 9.2414455956e-10	time = 1.42 sec
┌ Warning: `svd` cotangents sensitive to gauge choice: (|Δgauge| = 0.5143223362043037)
└ @ TensorKitChainRulesCoreExt ~/.julia/packages/TensorKit/esxcj/ext/TensorKitChainRulesCoreExt/factorizations.jl:254
┌ Warning: `svd` cotangents sensitive to gauge choice: (|Δgauge| = 1.5246907046206394e-9)
└ @ TensorKitChainRulesCoreExt ~/.julia/packages/TensorKit/esxcj/ext/TensorKitChainRulesCoreExt/factorizations.jl:254
┌ Warning: `svd` cotangents sensitive to gauge choice: (|Δgauge| = 0.5143223314700833)
└ @ TensorKitChainRulesCoreExt ~/.julia/packages/TensorKit/esxcj/ext/TensorKitChainRulesCoreExt/factorizations.jl:254
[ Info: LBFGS: iter   16, time 1503.96 s: f = -3.215396239674, ‖∇f‖ = 6.0565e-04, α = 1.00e+00, m = 8, nfg = 1
[ Info: CTMRG init:	obj = +9.234292165949e+00	err = 1.0000e+00
[ Info: CTMRG conv 6:	obj = +9.234292573137e+00	err = 4.5270111986e-10	time = 1.76 sec
┌ Warning: `svd` cotangents sensitive to gauge choice: (|Δgauge| = 0.5149651001533937)
└ @ TensorKitChainRulesCoreExt ~/.julia/packages/TensorKit/esxcj/ext/TensorKitChainRulesCoreExt/factorizations.jl:254
┌ Warning: `svd` cotangents sensitive to gauge choice: (|Δgauge| = 4.654805463013167e-11)
└ @ TensorKitChainRulesCoreExt ~/.julia/packages/TensorKit/esxcj/ext/TensorKitChainRulesCoreExt/factorizations.jl:254
┌ Warning: `svd` cotangents sensitive to gauge choice: (|Δgauge| = 0.514965101981831)
└ @ TensorKitChainRulesCoreExt ~/.julia/packages/TensorKit/esxcj/ext/TensorKitChainRulesCoreExt/factorizations.jl:254
[ Info: LBFGS: iter   17, time 1509.78 s: f = -3.215397503198, ‖∇f‖ = 7.7409e-04, α = 1.00e+00, m = 8, nfg = 1
[ Info: CTMRG init:	obj = +9.239502383870e+00	err = 1.0000e+00
[ Info: CTMRG conv 7:	obj = +9.239504272727e+00	err = 5.9846533663e-10	time = 2.63 sec
┌ Warning: `svd` cotangents sensitive to gauge choice: (|Δgauge| = 0.5153960743052528)
└ @ TensorKitChainRulesCoreExt ~/.julia/packages/TensorKit/esxcj/ext/TensorKitChainRulesCoreExt/factorizations.jl:254
┌ Warning: `svd` cotangents sensitive to gauge choice: (|Δgauge| = 0.5153960759700331)
└ @ TensorKitChainRulesCoreExt ~/.julia/packages/TensorKit/esxcj/ext/TensorKitChainRulesCoreExt/factorizations.jl:254
[ Info: LBFGS: iter   18, time 1516.45 s: f = -3.215398629487, ‖∇f‖ = 6.4208e-04, α = 1.00e+00, m = 8, nfg = 1
[ Info: CTMRG init:	obj = +9.240659212557e+00	err = 1.0000e+00
[ Info: CTMRG conv 6:	obj = +9.240660482537e+00	err = 6.5627087303e-10	time = 2.17 sec
┌ Warning: `svd` cotangents sensitive to gauge choice: (|Δgauge| = 0.5154406629768784)
└ @ TensorKitChainRulesCoreExt ~/.julia/packages/TensorKit/esxcj/ext/TensorKitChainRulesCoreExt/factorizations.jl:254
┌ Warning: `svd` cotangents sensitive to gauge choice: (|Δgauge| = 5.712862738020291e-11)
└ @ TensorKitChainRulesCoreExt ~/.julia/packages/TensorKit/esxcj/ext/TensorKitChainRulesCoreExt/factorizations.jl:254
┌ Warning: `svd` cotangents sensitive to gauge choice: (|Δgauge| = 0.5154406689857268)
└ @ TensorKitChainRulesCoreExt ~/.julia/packages/TensorKit/esxcj/ext/TensorKitChainRulesCoreExt/factorizations.jl:254
[ Info: LBFGS: iter   19, time 1522.61 s: f = -3.215399186833, ‖∇f‖ = 3.2512e-04, α = 1.00e+00, m = 8, nfg = 1
[ Info: CTMRG init:	obj = +9.240388626281e+00	err = 1.0000e+00
[ Info: CTMRG conv 6:	obj = +9.240388717130e+00	err = 7.3509760838e-10	time = 2.09 sec
┌ Warning: `svd` cotangents sensitive to gauge choice: (|Δgauge| = 0.5153279039246379)
└ @ TensorKitChainRulesCoreExt ~/.julia/packages/TensorKit/esxcj/ext/TensorKitChainRulesCoreExt/factorizations.jl:254
┌ Warning: `svd` cotangents sensitive to gauge choice: (|Δgauge| = 5.6506004335308874e-11)
└ @ TensorKitChainRulesCoreExt ~/.julia/packages/TensorKit/esxcj/ext/TensorKitChainRulesCoreExt/factorizations.jl:254
┌ Warning: `svd` cotangents sensitive to gauge choice: (|Δgauge| = 0.5153279083729048)
└ @ TensorKitChainRulesCoreExt ~/.julia/packages/TensorKit/esxcj/ext/TensorKitChainRulesCoreExt/factorizations.jl:254
[ Info: LBFGS: iter   20, time 1528.71 s: f = -3.215399334757, ‖∇f‖ = 1.0707e-04, α = 1.00e+00, m = 8, nfg = 1
[ Info: CTMRG init:	obj = +9.240448546437e+00	err = 1.0000e+00
[ Info: CTMRG conv 6:	obj = +9.240448550531e+00	err = 9.3643821805e-10	time = 2.21 sec
┌ Warning: `svd` cotangents sensitive to gauge choice: (|Δgauge| = 0.5153011586361962)
└ @ TensorKitChainRulesCoreExt ~/.julia/packages/TensorKit/esxcj/ext/TensorKitChainRulesCoreExt/factorizations.jl:254
┌ Warning: `svd` cotangents sensitive to gauge choice: (|Δgauge| = 5.646258814393777e-11)
└ @ TensorKitChainRulesCoreExt ~/.julia/packages/TensorKit/esxcj/ext/TensorKitChainRulesCoreExt/factorizations.jl:254
┌ Warning: `svd` cotangents sensitive to gauge choice: (|Δgauge| = 0.5153011580372926)
└ @ TensorKitChainRulesCoreExt ~/.julia/packages/TensorKit/esxcj/ext/TensorKitChainRulesCoreExt/factorizations.jl:254
[ Info: LBFGS: iter   21, time 1535.52 s: f = -3.215399367156, ‖∇f‖ = 1.0102e-04, α = 1.00e+00, m = 8, nfg = 1
[ Info: CTMRG init:	obj = +9.241064835267e+00	err = 1.0000e+00
[ Info: CTMRG conv 6:	obj = +9.241064869693e+00	err = 7.2905391298e-10	time = 2.80 sec
┌ Warning: `svd` cotangents sensitive to gauge choice: (|Δgauge| = 0.5152602180565892)
└ @ TensorKitChainRulesCoreExt ~/.julia/packages/TensorKit/esxcj/ext/TensorKitChainRulesCoreExt/factorizations.jl:254
┌ Warning: `svd` cotangents sensitive to gauge choice: (|Δgauge| = 5.628961970850577e-11)
└ @ TensorKitChainRulesCoreExt ~/.julia/packages/TensorKit/esxcj/ext/TensorKitChainRulesCoreExt/factorizations.jl:254
┌ Warning: `svd` cotangents sensitive to gauge choice: (|Δgauge| = 0.5152602177126953)
└ @ TensorKitChainRulesCoreExt ~/.julia/packages/TensorKit/esxcj/ext/TensorKitChainRulesCoreExt/factorizations.jl:254
[ Info: LBFGS: iter   22, time 1543.27 s: f = -3.215399516532, ‖∇f‖ = 2.0150e-04, α = 1.00e+00, m = 8, nfg = 1
[ Info: CTMRG init:	obj = +9.242708602052e+00	err = 1.0000e+00
[ Info: CTMRG conv 6:	obj = +9.242708648590e+00	err = 7.9187014726e-10	time = 2.68 sec
┌ Warning: `svd` cotangents sensitive to gauge choice: (|Δgauge| = 0.5152892658833246)
└ @ TensorKitChainRulesCoreExt ~/.julia/packages/TensorKit/esxcj/ext/TensorKitChainRulesCoreExt/factorizations.jl:254
┌ Warning: `svd` cotangents sensitive to gauge choice: (|Δgauge| = 5.6130128322394194e-11)
└ @ TensorKitChainRulesCoreExt ~/.julia/packages/TensorKit/esxcj/ext/TensorKitChainRulesCoreExt/factorizations.jl:254
┌ Warning: `svd` cotangents sensitive to gauge choice: (|Δgauge| = 0.5152892677401641)
└ @ TensorKitChainRulesCoreExt ~/.julia/packages/TensorKit/esxcj/ext/TensorKitChainRulesCoreExt/factorizations.jl:254
[ Info: LBFGS: iter   23, time 1549.90 s: f = -3.215399778088, ‖∇f‖ = 3.3678e-04, α = 1.00e+00, m = 8, nfg = 1
[ Info: CTMRG init:	obj = +9.246586393974e+00	err = 1.0000e+00
[ Info: CTMRG conv 6:	obj = +9.246586482599e+00	err = 8.5619106213e-10	time = 2.53 sec
┌ Warning: `svd` cotangents sensitive to gauge choice: (|Δgauge| = 0.5154656005911044)
└ @ TensorKitChainRulesCoreExt ~/.julia/packages/TensorKit/esxcj/ext/TensorKitChainRulesCoreExt/factorizations.jl:254
┌ Warning: `svd` cotangents sensitive to gauge choice: (|Δgauge| = 5.6174493062576944e-11)
└ @ TensorKitChainRulesCoreExt ~/.julia/packages/TensorKit/esxcj/ext/TensorKitChainRulesCoreExt/factorizations.jl:254
┌ Warning: `svd` cotangents sensitive to gauge choice: (|Δgauge| = 0.5154656006191527)
└ @ TensorKitChainRulesCoreExt ~/.julia/packages/TensorKit/esxcj/ext/TensorKitChainRulesCoreExt/factorizations.jl:254
[ Info: LBFGS: iter   24, time 1557.17 s: f = -3.215400250936, ‖∇f‖ = 4.0850e-04, α = 1.00e+00, m = 8, nfg = 1
[ Info: CTMRG init:	obj = +9.256258089534e+00	err = 1.0000e+00
[ Info: CTMRG conv 6:	obj = +9.256258301728e+00	err = 5.5195178726e-10	time = 2.57 sec
┌ Warning: `svd` cotangents sensitive to gauge choice: (|Δgauge| = 0.5159374308799483)
└ @ TensorKitChainRulesCoreExt ~/.julia/packages/TensorKit/esxcj/ext/TensorKitChainRulesCoreExt/factorizations.jl:254
┌ Warning: `svd` cotangents sensitive to gauge choice: (|Δgauge| = 5.5642283823745746e-11)
└ @ TensorKitChainRulesCoreExt ~/.julia/packages/TensorKit/esxcj/ext/TensorKitChainRulesCoreExt/factorizations.jl:254
┌ Warning: `svd` cotangents sensitive to gauge choice: (|Δgauge| = 0.5159374300680875)
└ @ TensorKitChainRulesCoreExt ~/.julia/packages/TensorKit/esxcj/ext/TensorKitChainRulesCoreExt/factorizations.jl:254
[ Info: CTMRG init:	obj = +9.250088216033e+00	err = 1.0000e+00
[ Info: CTMRG conv 6:	obj = +9.250088243222e+00	err = 7.9787099991e-10	time = 2.31 sec
┌ Warning: `svd` cotangents sensitive to gauge choice: (|Δgauge| = 0.5156334349666699)
└ @ TensorKitChainRulesCoreExt ~/.julia/packages/TensorKit/esxcj/ext/TensorKitChainRulesCoreExt/factorizations.jl:254
┌ Warning: `svd` cotangents sensitive to gauge choice: (|Δgauge| = 5.597663853551579e-11)
└ @ TensorKitChainRulesCoreExt ~/.julia/packages/TensorKit/esxcj/ext/TensorKitChainRulesCoreExt/factorizations.jl:254
┌ Warning: `svd` cotangents sensitive to gauge choice: (|Δgauge| = 0.5156334301275352)
└ @ TensorKitChainRulesCoreExt ~/.julia/packages/TensorKit/esxcj/ext/TensorKitChainRulesCoreExt/factorizations.jl:254
[ Info: LBFGS: iter   25, time 1569.20 s: f = -3.215400437267, ‖∇f‖ = 5.5066e-04, α = 3.59e-01, m = 8, nfg = 2
[ Info: CTMRG init:	obj = +9.254558066893e+00	err = 1.0000e+00
[ Info: CTMRG conv 6:	obj = +9.254558144504e+00	err = 4.4245356586e-10	time = 2.30 sec
┌ Warning: `svd` cotangents sensitive to gauge choice: (|Δgauge| = 0.5158290526195497)
└ @ TensorKitChainRulesCoreExt ~/.julia/packages/TensorKit/esxcj/ext/TensorKitChainRulesCoreExt/factorizations.jl:254
┌ Warning: `svd` cotangents sensitive to gauge choice: (|Δgauge| = 5.631652398759406e-11)
└ @ TensorKitChainRulesCoreExt ~/.julia/packages/TensorKit/esxcj/ext/TensorKitChainRulesCoreExt/factorizations.jl:254
┌ Warning: `svd` cotangents sensitive to gauge choice: (|Δgauge| = 0.5158290526106534)
└ @ TensorKitChainRulesCoreExt ~/.julia/packages/TensorKit/esxcj/ext/TensorKitChainRulesCoreExt/factorizations.jl:254
[ Info: LBFGS: iter   26, time 1575.75 s: f = -3.215400920800, ‖∇f‖ = 3.1907e-04, α = 1.00e+00, m = 8, nfg = 1
[ Info: CTMRG init:	obj = +9.258390740856e+00	err = 1.0000e+00
[ Info: CTMRG conv 6:	obj = +9.258390815935e+00	err = 7.7999485596e-10	time = 2.32 sec
┌ Warning: `svd` cotangents sensitive to gauge choice: (|Δgauge| = 0.5159511454793406)
└ @ TensorKitChainRulesCoreExt ~/.julia/packages/TensorKit/esxcj/ext/TensorKitChainRulesCoreExt/factorizations.jl:254
┌ Warning: `svd` cotangents sensitive to gauge choice: (|Δgauge| = 5.7303360357208854e-11)
└ @ TensorKitChainRulesCoreExt ~/.julia/packages/TensorKit/esxcj/ext/TensorKitChainRulesCoreExt/factorizations.jl:254
┌ Warning: `svd` cotangents sensitive to gauge choice: (|Δgauge| = 0.5159511437715395)
└ @ TensorKitChainRulesCoreExt ~/.julia/packages/TensorKit/esxcj/ext/TensorKitChainRulesCoreExt/factorizations.jl:254
[ Info: LBFGS: iter   27, time 1581.70 s: f = -3.215401240214, ‖∇f‖ = 1.1844e-04, α = 1.00e+00, m = 8, nfg = 1
[ Info: CTMRG init:	obj = +9.261442056955e+00	err = 1.0000e+00
[ Info: CTMRG conv 6:	obj = +9.261442102650e+00	err = 8.2803092731e-10	time = 2.32 sec
┌ Warning: `svd` cotangents sensitive to gauge choice: (|Δgauge| = 0.5159580654706953)
└ @ TensorKitChainRulesCoreExt ~/.julia/packages/TensorKit/esxcj/ext/TensorKitChainRulesCoreExt/factorizations.jl:254
┌ Warning: `svd` cotangents sensitive to gauge choice: (|Δgauge| = 5.859222158890258e-11)
└ @ TensorKitChainRulesCoreExt ~/.julia/packages/TensorKit/esxcj/ext/TensorKitChainRulesCoreExt/factorizations.jl:254
┌ Warning: `svd` cotangents sensitive to gauge choice: (|Δgauge| = 0.5159580640255553)
└ @ TensorKitChainRulesCoreExt ~/.julia/packages/TensorKit/esxcj/ext/TensorKitChainRulesCoreExt/factorizations.jl:254
[ Info: LBFGS: iter   28, time 1587.54 s: f = -3.215401436261, ‖∇f‖ = 2.1005e-04, α = 1.00e+00, m = 8, nfg = 1
[ Info: CTMRG init:	obj = +9.264768785852e+00	err = 1.0000e+00
[ Info: CTMRG conv 10:	obj = +9.264768806463e+00	err = 9.2573412243e-10	time = 4.52 sec
┌ Warning: `svd` cotangents sensitive to gauge choice: (|Δgauge| = 0.515881076545033)
└ @ TensorKitChainRulesCoreExt ~/.julia/packages/TensorKit/esxcj/ext/TensorKitChainRulesCoreExt/factorizations.jl:254
┌ Warning: `svd` cotangents sensitive to gauge choice: (|Δgauge| = 0.5158810792215498)
└ @ TensorKitChainRulesCoreExt ~/.julia/packages/TensorKit/esxcj/ext/TensorKitChainRulesCoreExt/factorizations.jl:254
[ Info: LBFGS: iter   29, time 1596.33 s: f = -3.215401639386, ‖∇f‖ = 2.9274e-04, α = 1.00e+00, m = 8, nfg = 1
[ Info: CTMRG init:	obj = +9.272534546196e+00	err = 1.0000e+00
[ Info: CTMRG conv 6:	obj = +9.272534680627e+00	err = 7.9982987556e-10	time = 2.49 sec
┌ Warning: `svd` cotangents sensitive to gauge choice: (|Δgauge| = 0.5154914455133102)
└ @ TensorKitChainRulesCoreExt ~/.julia/packages/TensorKit/esxcj/ext/TensorKitChainRulesCoreExt/factorizations.jl:254
┌ Warning: `svd` cotangents sensitive to gauge choice: (|Δgauge| = 6.324929502750688e-11)
└ @ TensorKitChainRulesCoreExt ~/.julia/packages/TensorKit/esxcj/ext/TensorKitChainRulesCoreExt/factorizations.jl:254
┌ Warning: `svd` cotangents sensitive to gauge choice: (|Δgauge| = 0.5154914466293188)
└ @ TensorKitChainRulesCoreExt ~/.julia/packages/TensorKit/esxcj/ext/TensorKitChainRulesCoreExt/factorizations.jl:254
[ Info: LBFGS: iter   30, time 1602.81 s: f = -3.215402042375, ‖∇f‖ = 5.1768e-04, α = 1.00e+00, m = 8, nfg = 1
[ Info: CTMRG init:	obj = +9.286812906207e+00	err = 1.0000e+00
[ Info: CTMRG conv 8:	obj = +9.286813271335e+00	err = 2.0081570200e-10	time = 3.31 sec
┌ Warning: `svd` cotangents sensitive to gauge choice: (|Δgauge| = 0.5149989642426231)
└ @ TensorKitChainRulesCoreExt ~/.julia/packages/TensorKit/esxcj/ext/TensorKitChainRulesCoreExt/factorizations.jl:254
┌ Warning: `svd` cotangents sensitive to gauge choice: (|Δgauge| = 0.514998964249361)
└ @ TensorKitChainRulesCoreExt ~/.julia/packages/TensorKit/esxcj/ext/TensorKitChainRulesCoreExt/factorizations.jl:254
[ Info: LBFGS: iter   31, time 1609.95 s: f = -3.215402605073, ‖∇f‖ = 3.9513e-04, α = 1.00e+00, m = 8, nfg = 1
[ Info: CTMRG init:	obj = +9.291939906092e+00	err = 1.0000e+00
[ Info: CTMRG conv 7:	obj = +9.291939980184e+00	err = 3.8481686849e-10	time = 2.90 sec
┌ Warning: `svd` cotangents sensitive to gauge choice: (|Δgauge| = 0.5145793892713573)
└ @ TensorKitChainRulesCoreExt ~/.julia/packages/TensorKit/esxcj/ext/TensorKitChainRulesCoreExt/factorizations.jl:254
┌ Warning: `svd` cotangents sensitive to gauge choice: (|Δgauge| = 0.5145793885052651)
└ @ TensorKitChainRulesCoreExt ~/.julia/packages/TensorKit/esxcj/ext/TensorKitChainRulesCoreExt/factorizations.jl:254
[ Info: LBFGS: iter   32, time 1616.70 s: f = -3.215403153579, ‖∇f‖ = 2.5133e-04, α = 1.00e+00, m = 8, nfg = 1
[ Info: CTMRG init:	obj = +9.302342241744e+00	err = 1.0000e+00
[ Info: CTMRG conv 6:	obj = +9.302342537835e+00	err = 1.9802563984e-10	time = 2.51 sec
┌ Warning: `svd` cotangents sensitive to gauge choice: (|Δgauge| = 0.5138840768949783)
└ @ TensorKitChainRulesCoreExt ~/.julia/packages/TensorKit/esxcj/ext/TensorKitChainRulesCoreExt/factorizations.jl:254
┌ Warning: `svd` cotangents sensitive to gauge choice: (|Δgauge| = 6.668457663830271e-11)
└ @ TensorKitChainRulesCoreExt ~/.julia/packages/TensorKit/esxcj/ext/TensorKitChainRulesCoreExt/factorizations.jl:254
┌ Warning: `svd` cotangents sensitive to gauge choice: (|Δgauge| = 0.513884074067858)
└ @ TensorKitChainRulesCoreExt ~/.julia/packages/TensorKit/esxcj/ext/TensorKitChainRulesCoreExt/factorizations.jl:254
[ Info: LBFGS: iter   33, time 1622.81 s: f = -3.215403854838, ‖∇f‖ = 2.2845e-04, α = 1.00e+00, m = 8, nfg = 1
[ Info: CTMRG init:	obj = +9.308794614392e+00	err = 1.0000e+00
[ Info: CTMRG conv 16:	obj = +9.308794961839e+00	err = 1.8924721187e-10	time = 7.75 sec
┌ Warning: `svd` cotangents sensitive to gauge choice: (|Δgauge| = 0.5138788532636478)
└ @ TensorKitChainRulesCoreExt ~/.julia/packages/TensorKit/esxcj/ext/TensorKitChainRulesCoreExt/factorizations.jl:254
┌ Warning: `svd` cotangents sensitive to gauge choice: (|Δgauge| = 0.5138788496318163)
└ @ TensorKitChainRulesCoreExt ~/.julia/packages/TensorKit/esxcj/ext/TensorKitChainRulesCoreExt/factorizations.jl:254
[ Info: CTMRG init:	obj = +9.305509301420e+00	err = 1.0000e+00
[ Info: CTMRG conv 6:	obj = +9.305509384558e+00	err = 3.7531939524e-10	time = 3.16 sec
┌ Warning: `svd` cotangents sensitive to gauge choice: (|Δgauge| = 0.5138812474629032)
└ @ TensorKitChainRulesCoreExt ~/.julia/packages/TensorKit/esxcj/ext/TensorKitChainRulesCoreExt/factorizations.jl:254
┌ Warning: `svd` cotangents sensitive to gauge choice: (|Δgauge| = 6.579688495692611e-11)
└ @ TensorKitChainRulesCoreExt ~/.julia/packages/TensorKit/esxcj/ext/TensorKitChainRulesCoreExt/factorizations.jl:254
┌ Warning: `svd` cotangents sensitive to gauge choice: (|Δgauge| = 0.5138812476569217)
└ @ TensorKitChainRulesCoreExt ~/.julia/packages/TensorKit/esxcj/ext/TensorKitChainRulesCoreExt/factorizations.jl:254
[ Info: LBFGS: iter   34, time 1642.67 s: f = -3.215403994577, ‖∇f‖ = 2.6023e-04, α = 4.89e-01, m = 8, nfg = 2
[ Info: CTMRG init:	obj = +9.307164345695e+00	err = 1.0000e+00
[ Info: CTMRG conv 6:	obj = +9.307164366255e+00	err = 3.9879578941e-10	time = 4.00 sec
┌ Warning: `svd` cotangents sensitive to gauge choice: (|Δgauge| = 0.5138934548307053)
└ @ TensorKitChainRulesCoreExt ~/.julia/packages/TensorKit/esxcj/ext/TensorKitChainRulesCoreExt/factorizations.jl:254
┌ Warning: `svd` cotangents sensitive to gauge choice: (|Δgauge| = 6.503108926918809e-11)
└ @ TensorKitChainRulesCoreExt ~/.julia/packages/TensorKit/esxcj/ext/TensorKitChainRulesCoreExt/factorizations.jl:254
┌ Warning: `svd` cotangents sensitive to gauge choice: (|Δgauge| = 0.5138934543782613)
└ @ TensorKitChainRulesCoreExt ~/.julia/packages/TensorKit/esxcj/ext/TensorKitChainRulesCoreExt/factorizations.jl:254
[ Info: LBFGS: iter   35, time 1653.07 s: f = -3.215404155450, ‖∇f‖ = 2.3213e-04, α = 1.00e+00, m = 8, nfg = 1
[ Info: CTMRG init:	obj = +9.327254971631e+00	err = 1.0000e+00
[ Info: CTMRG conv 6:	obj = +9.327257293066e+00	err = 8.0689444963e-10	time = 3.11 sec
┌ Warning: `svd` cotangents sensitive to gauge choice: (|Δgauge| = 0.5142678647978245)
└ @ TensorKitChainRulesCoreExt ~/.julia/packages/TensorKit/esxcj/ext/TensorKitChainRulesCoreExt/factorizations.jl:254
┌ Warning: `svd` cotangents sensitive to gauge choice: (|Δgauge| = 6.090985364308156e-11)
└ @ TensorKitChainRulesCoreExt ~/.julia/packages/TensorKit/esxcj/ext/TensorKitChainRulesCoreExt/factorizations.jl:254
┌ Warning: `svd` cotangents sensitive to gauge choice: (|Δgauge| = 0.5142678650536084)
└ @ TensorKitChainRulesCoreExt ~/.julia/packages/TensorKit/esxcj/ext/TensorKitChainRulesCoreExt/factorizations.jl:254
[ Info: LBFGS: iter   36, time 1660.32 s: f = -3.215405342137, ‖∇f‖ = 5.0288e-04, α = 1.00e+00, m = 8, nfg = 1
[ Info: CTMRG init:	obj = +9.357348613016e+00	err = 1.0000e+00
[ Info: CTMRG conv 7:	obj = +9.357356517976e+00	err = 4.0827307973e-10	time = 3.22 sec
┌ Warning: `svd` cotangents sensitive to gauge choice: (|Δgauge| = 0.5154849517627216)
└ @ TensorKitChainRulesCoreExt ~/.julia/packages/TensorKit/esxcj/ext/TensorKitChainRulesCoreExt/factorizations.jl:254
┌ Warning: `svd` cotangents sensitive to gauge choice: (|Δgauge| = 0.5154849494178333)
└ @ TensorKitChainRulesCoreExt ~/.julia/packages/TensorKit/esxcj/ext/TensorKitChainRulesCoreExt/factorizations.jl:254
[ Info: CTMRG init:	obj = +9.342067902666e+00	err = 1.0000e+00
[ Info: CTMRG conv 6:	obj = +9.342069729522e+00	err = 9.7992688928e-10	time = 2.61 sec
┌ Warning: `svd` cotangents sensitive to gauge choice: (|Δgauge| = 0.5148519847458138)
└ @ TensorKitChainRulesCoreExt ~/.julia/packages/TensorKit/esxcj/ext/TensorKitChainRulesCoreExt/factorizations.jl:254
┌ Warning: `svd` cotangents sensitive to gauge choice: (|Δgauge| = 5.5149550597715745e-11)
└ @ TensorKitChainRulesCoreExt ~/.julia/packages/TensorKit/esxcj/ext/TensorKitChainRulesCoreExt/factorizations.jl:254
┌ Warning: `svd` cotangents sensitive to gauge choice: (|Δgauge| = 0.5148519841032713)
└ @ TensorKitChainRulesCoreExt ~/.julia/packages/TensorKit/esxcj/ext/TensorKitChainRulesCoreExt/factorizations.jl:254
[ Info: LBFGS: iter   37, time 1674.03 s: f = -3.215406126873, ‖∇f‖ = 5.1998e-04, α = 4.81e-01, m = 8, nfg = 2
[ Info: CTMRG init:	obj = +9.352435149114e+00	err = 1.0000e+00
[ Info: CTMRG conv 6:	obj = +9.352435788923e+00	err = 4.3481332252e-10	time = 2.82 sec
┌ Warning: `svd` cotangents sensitive to gauge choice: (|Δgauge| = 0.5152805896806505)
└ @ TensorKitChainRulesCoreExt ~/.julia/packages/TensorKit/esxcj/ext/TensorKitChainRulesCoreExt/factorizations.jl:254
┌ Warning: `svd` cotangents sensitive to gauge choice: (|Δgauge| = 5.5351040305033334e-11)
└ @ TensorKitChainRulesCoreExt ~/.julia/packages/TensorKit/esxcj/ext/TensorKitChainRulesCoreExt/factorizations.jl:254
┌ Warning: `svd` cotangents sensitive to gauge choice: (|Δgauge| = 0.5152805889561589)
└ @ TensorKitChainRulesCoreExt ~/.julia/packages/TensorKit/esxcj/ext/TensorKitChainRulesCoreExt/factorizations.jl:254
[ Info: LBFGS: iter   38, time 1680.29 s: f = -3.215407162787, ‖∇f‖ = 3.7379e-04, α = 1.00e+00, m = 8, nfg = 1
[ Info: CTMRG init:	obj = +9.376880295798e+00	err = 1.0000e+00
[ Info: CTMRG conv 6:	obj = +9.376886472190e+00	err = 3.8324034630e-10	time = 2.98 sec
┌ Warning: `svd` cotangents sensitive to gauge choice: (|Δgauge| = 0.5170047935675285)
└ @ TensorKitChainRulesCoreExt ~/.julia/packages/TensorKit/esxcj/ext/TensorKitChainRulesCoreExt/factorizations.jl:254
┌ Warning: `svd` cotangents sensitive to gauge choice: (|Δgauge| = 5.258390131477571e-11)
└ @ TensorKitChainRulesCoreExt ~/.julia/packages/TensorKit/esxcj/ext/TensorKitChainRulesCoreExt/factorizations.jl:254
┌ Warning: `svd` cotangents sensitive to gauge choice: (|Δgauge| = 0.5170047910108775)
└ @ TensorKitChainRulesCoreExt ~/.julia/packages/TensorKit/esxcj/ext/TensorKitChainRulesCoreExt/factorizations.jl:254
[ Info: LBFGS: iter   39, time 1686.84 s: f = -3.215409195452, ‖∇f‖ = 3.4231e-04, α = 1.00e+00, m = 8, nfg = 1
[ Info: CTMRG init:	obj = +9.403250829810e+00	err = 1.0000e+00
[ Info: CTMRG conv 7:	obj = +9.403256851955e+00	err = 3.8657392093e-10	time = 3.05 sec
┌ Warning: `svd` cotangents sensitive to gauge choice: (|Δgauge| = 0.5172896574958896)
└ @ TensorKitChainRulesCoreExt ~/.julia/packages/TensorKit/esxcj/ext/TensorKitChainRulesCoreExt/factorizations.jl:254
┌ Warning: `svd` cotangents sensitive to gauge choice: (|Δgauge| = 0.5172896581976081)
└ @ TensorKitChainRulesCoreExt ~/.julia/packages/TensorKit/esxcj/ext/TensorKitChainRulesCoreExt/factorizations.jl:254
[ Info: CTMRG init:	obj = +9.391500250532e+00	err = 1.0000e+00
[ Info: CTMRG conv 7:	obj = +9.391502029713e+00	err = 2.3950113539e-10	time = 3.18 sec
┌ Warning: `svd` cotangents sensitive to gauge choice: (|Δgauge| = 0.517159344214492)
└ @ TensorKitChainRulesCoreExt ~/.julia/packages/TensorKit/esxcj/ext/TensorKitChainRulesCoreExt/factorizations.jl:254
┌ Warning: `svd` cotangents sensitive to gauge choice: (|Δgauge| = 0.5171593412348036)
└ @ TensorKitChainRulesCoreExt ~/.julia/packages/TensorKit/esxcj/ext/TensorKitChainRulesCoreExt/factorizations.jl:254
[ Info: LBFGS: iter   40, time 1700.71 s: f = -3.215409915843, ‖∇f‖ = 7.6730e-04, α = 5.44e-01, m = 8, nfg = 2
[ Info: CTMRG init:	obj = +9.403295070537e+00	err = 1.0000e+00
[ Info: CTMRG conv 7:	obj = +9.403296057977e+00	err = 7.5801796638e-10	time = 3.29 sec
┌ Warning: `svd` cotangents sensitive to gauge choice: (|Δgauge| = 0.5173038795105244)
└ @ TensorKitChainRulesCoreExt ~/.julia/packages/TensorKit/esxcj/ext/TensorKitChainRulesCoreExt/factorizations.jl:254
┌ Warning: `svd` cotangents sensitive to gauge choice: (|Δgauge| = 0.5173038789785223)
└ @ TensorKitChainRulesCoreExt ~/.julia/packages/TensorKit/esxcj/ext/TensorKitChainRulesCoreExt/factorizations.jl:254
[ Info: LBFGS: iter   41, time 1707.97 s: f = -3.215411145133, ‖∇f‖ = 6.4168e-04, α = 1.00e+00, m = 8, nfg = 1
[ Info: CTMRG init:	obj = +9.464545399210e+00	err = 1.0000e+00
[ Info: CTMRG conv 7:	obj = +9.464585505668e+00	err = 2.9177819414e-10	time = 3.41 sec
┌ Warning: `svd` cotangents sensitive to gauge choice: (|Δgauge| = 0.5176335865782211)
└ @ TensorKitChainRulesCoreExt ~/.julia/packages/TensorKit/esxcj/ext/TensorKitChainRulesCoreExt/factorizations.jl:254
┌ Warning: `svd` cotangents sensitive to gauge choice: (|Δgauge| = 0.517633585168956)
└ @ TensorKitChainRulesCoreExt ~/.julia/packages/TensorKit/esxcj/ext/TensorKitChainRulesCoreExt/factorizations.jl:254
[ Info: LBFGS: iter   42, time 1715.16 s: f = -3.215415694214, ‖∇f‖ = 7.1067e-04, α = 1.00e+00, m = 8, nfg = 1
[ Info: CTMRG init:	obj = +9.486089022287e+00	err = 1.0000e+00
[ Info: CTMRG conv 6:	obj = +9.486096095404e+00	err = 9.6319549566e-10	time = 2.94 sec
┌ Warning: `svd` cotangents sensitive to gauge choice: (|Δgauge| = 0.5177485379482671)
└ @ TensorKitChainRulesCoreExt ~/.julia/packages/TensorKit/esxcj/ext/TensorKitChainRulesCoreExt/factorizations.jl:254
┌ Warning: `svd` cotangents sensitive to gauge choice: (|Δgauge| = 5.413913844690756e-11)
└ @ TensorKitChainRulesCoreExt ~/.julia/packages/TensorKit/esxcj/ext/TensorKitChainRulesCoreExt/factorizations.jl:254
┌ Warning: `svd` cotangents sensitive to gauge choice: (|Δgauge| = 0.5177485391453902)
└ @ TensorKitChainRulesCoreExt ~/.julia/packages/TensorKit/esxcj/ext/TensorKitChainRulesCoreExt/factorizations.jl:254
[ Info: CTMRG init:	obj = +9.474191660173e+00	err = 1.0000e+00
[ Info: CTMRG conv 6:	obj = +9.474192944503e+00	err = 4.8038026800e-10	time = 2.87 sec
┌ Warning: `svd` cotangents sensitive to gauge choice: (|Δgauge| = 0.5176820461358114)
└ @ TensorKitChainRulesCoreExt ~/.julia/packages/TensorKit/esxcj/ext/TensorKitChainRulesCoreExt/factorizations.jl:254
┌ Warning: `svd` cotangents sensitive to gauge choice: (|Δgauge| = 5.3567308651233667e-11)
└ @ TensorKitChainRulesCoreExt ~/.julia/packages/TensorKit/esxcj/ext/TensorKitChainRulesCoreExt/factorizations.jl:254
┌ Warning: `svd` cotangents sensitive to gauge choice: (|Δgauge| = 0.5176820455693667)
└ @ TensorKitChainRulesCoreExt ~/.julia/packages/TensorKit/esxcj/ext/TensorKitChainRulesCoreExt/factorizations.jl:254
[ Info: LBFGS: iter   43, time 1728.31 s: f = -3.215416739497, ‖∇f‖ = 4.9504e-04, α = 4.26e-01, m = 8, nfg = 2
[ Info: CTMRG init:	obj = +9.474707483654e+00	err = 1.0000e+00
[ Info: CTMRG conv 6:	obj = +9.474707639869e+00	err = 5.5989663258e-10	time = 2.85 sec
┌ Warning: `svd` cotangents sensitive to gauge choice: (|Δgauge| = 0.5176149525167026)
└ @ TensorKitChainRulesCoreExt ~/.julia/packages/TensorKit/esxcj/ext/TensorKitChainRulesCoreExt/factorizations.jl:254
┌ Warning: `svd` cotangents sensitive to gauge choice: (|Δgauge| = 5.2924403384444124e-11)
└ @ TensorKitChainRulesCoreExt ~/.julia/packages/TensorKit/esxcj/ext/TensorKitChainRulesCoreExt/factorizations.jl:254
┌ Warning: `svd` cotangents sensitive to gauge choice: (|Δgauge| = 0.5176149519701903)
└ @ TensorKitChainRulesCoreExt ~/.julia/packages/TensorKit/esxcj/ext/TensorKitChainRulesCoreExt/factorizations.jl:254
[ Info: LBFGS: iter   44, time 1735.16 s: f = -3.215417544480, ‖∇f‖ = 4.1467e-04, α = 1.00e+00, m = 8, nfg = 1
[ Info: CTMRG init:	obj = +9.472504270317e+00	err = 1.0000e+00
[ Info: CTMRG conv 6:	obj = +9.472508152582e+00	err = 7.4729041824e-10	time = 3.34 sec
┌ Warning: `svd` cotangents sensitive to gauge choice: (|Δgauge| = 0.5184105865156117)
└ @ TensorKitChainRulesCoreExt ~/.julia/packages/TensorKit/esxcj/ext/TensorKitChainRulesCoreExt/factorizations.jl:254
┌ Warning: `svd` cotangents sensitive to gauge choice: (|Δgauge| = 4.596025175134513e-11)
└ @ TensorKitChainRulesCoreExt ~/.julia/packages/TensorKit/esxcj/ext/TensorKitChainRulesCoreExt/factorizations.jl:254
┌ Warning: `svd` cotangents sensitive to gauge choice: (|Δgauge| = 0.5184105874170976)
└ @ TensorKitChainRulesCoreExt ~/.julia/packages/TensorKit/esxcj/ext/TensorKitChainRulesCoreExt/factorizations.jl:254
[ Info: LBFGS: iter   45, time 1743.29 s: f = -3.215419938395, ‖∇f‖ = 6.4367e-04, α = 1.00e+00, m = 8, nfg = 1
[ Info: CTMRG init:	obj = +9.473684675952e+00	err = 1.0000e+00
[ Info: CTMRG conv 7:	obj = +9.473689011930e+00	err = 1.2000813977e-10	time = 4.21 sec
┌ Warning: `svd` cotangents sensitive to gauge choice: (|Δgauge| = 0.5191514158395654)
└ @ TensorKitChainRulesCoreExt ~/.julia/packages/TensorKit/esxcj/ext/TensorKitChainRulesCoreExt/factorizations.jl:254
┌ Warning: `svd` cotangents sensitive to gauge choice: (|Δgauge| = 0.5191514177457477)
└ @ TensorKitChainRulesCoreExt ~/.julia/packages/TensorKit/esxcj/ext/TensorKitChainRulesCoreExt/factorizations.jl:254
[ Info: CTMRG init:	obj = +9.473107525264e+00	err = 1.0000e+00
[ Info: CTMRG conv 6:	obj = +9.473108421906e+00	err = 6.8879015299e-10	time = 2.96 sec
┌ Warning: `svd` cotangents sensitive to gauge choice: (|Δgauge| = 0.5187436730031383)
└ @ TensorKitChainRulesCoreExt ~/.julia/packages/TensorKit/esxcj/ext/TensorKitChainRulesCoreExt/factorizations.jl:254
┌ Warning: `svd` cotangents sensitive to gauge choice: (|Δgauge| = 4.731518256771138e-11)
└ @ TensorKitChainRulesCoreExt ~/.julia/packages/TensorKit/esxcj/ext/TensorKitChainRulesCoreExt/factorizations.jl:254
┌ Warning: `svd` cotangents sensitive to gauge choice: (|Δgauge| = 0.5187436722527841)
└ @ TensorKitChainRulesCoreExt ~/.julia/packages/TensorKit/esxcj/ext/TensorKitChainRulesCoreExt/factorizations.jl:254
[ Info: LBFGS: iter   46, time 1759.12 s: f = -3.215420913110, ‖∇f‖ = 3.8903e-04, α = 4.55e-01, m = 8, nfg = 2
[ Info: CTMRG init:	obj = +9.475133679676e+00	err = 1.0000e+00
[ Info: CTMRG conv 6:	obj = +9.475134019165e+00	err = 2.0159228143e-10	time = 3.45 sec
┌ Warning: `svd` cotangents sensitive to gauge choice: (|Δgauge| = 0.5192890684011817)
└ @ TensorKitChainRulesCoreExt ~/.julia/packages/TensorKit/esxcj/ext/TensorKitChainRulesCoreExt/factorizations.jl:254
┌ Warning: `svd` cotangents sensitive to gauge choice: (|Δgauge| = 4.6455567052006106e-11)
└ @ TensorKitChainRulesCoreExt ~/.julia/packages/TensorKit/esxcj/ext/TensorKitChainRulesCoreExt/factorizations.jl:254
┌ Warning: `svd` cotangents sensitive to gauge choice: (|Δgauge| = 0.5192890706359692)
└ @ TensorKitChainRulesCoreExt ~/.julia/packages/TensorKit/esxcj/ext/TensorKitChainRulesCoreExt/factorizations.jl:254
[ Info: LBFGS: iter   47, time 1766.47 s: f = -3.215421488958, ‖∇f‖ = 3.2549e-04, α = 1.00e+00, m = 8, nfg = 1
[ Info: CTMRG init:	obj = +9.484587447579e+00	err = 1.0000e+00
[ Info: CTMRG conv 6:	obj = +9.484591965694e+00	err = 4.0972164013e-10	time = 3.35 sec
┌ Warning: `svd` cotangents sensitive to gauge choice: (|Δgauge| = 0.5205297485065448)
└ @ TensorKitChainRulesCoreExt ~/.julia/packages/TensorKit/esxcj/ext/TensorKitChainRulesCoreExt/factorizations.jl:254
┌ Warning: `svd` cotangents sensitive to gauge choice: (|Δgauge| = 4.8395754046983194e-11)
└ @ TensorKitChainRulesCoreExt ~/.julia/packages/TensorKit/esxcj/ext/TensorKitChainRulesCoreExt/factorizations.jl:254
┌ Warning: `svd` cotangents sensitive to gauge choice: (|Δgauge| = 0.5205297473876449)
└ @ TensorKitChainRulesCoreExt ~/.julia/packages/TensorKit/esxcj/ext/TensorKitChainRulesCoreExt/factorizations.jl:254
[ Info: LBFGS: iter   48, time 1773.77 s: f = -3.215421914955, ‖∇f‖ = 7.9151e-04, α = 1.00e+00, m = 8, nfg = 1
[ Info: CTMRG init:	obj = +9.484908767580e+00	err = 1.0000e+00
[ Info: CTMRG conv 6:	obj = +9.484909045644e+00	err = 6.1330528674e-10	time = 3.29 sec
┌ Warning: `svd` cotangents sensitive to gauge choice: (|Δgauge| = 0.520656123464617)
└ @ TensorKitChainRulesCoreExt ~/.julia/packages/TensorKit/esxcj/ext/TensorKitChainRulesCoreExt/factorizations.jl:254
┌ Warning: `svd` cotangents sensitive to gauge choice: (|Δgauge| = 4.582823436831404e-11)
└ @ TensorKitChainRulesCoreExt ~/.julia/packages/TensorKit/esxcj/ext/TensorKitChainRulesCoreExt/factorizations.jl:254
┌ Warning: `svd` cotangents sensitive to gauge choice: (|Δgauge| = 0.5206561256684397)
└ @ TensorKitChainRulesCoreExt ~/.julia/packages/TensorKit/esxcj/ext/TensorKitChainRulesCoreExt/factorizations.jl:254
[ Info: LBFGS: iter   49, time 1780.89 s: f = -3.215422579877, ‖∇f‖ = 2.9526e-04, α = 1.00e+00, m = 8, nfg = 1
[ Info: CTMRG init:	obj = +9.488018025164e+00	err = 1.0000e+00
[ Info: CTMRG conv 6:	obj = +9.488018272579e+00	err = 2.9929791580e-10	time = 3.20 sec
┌ Warning: `svd` cotangents sensitive to gauge choice: (|Δgauge| = 0.5206287940707706)
└ @ TensorKitChainRulesCoreExt ~/.julia/packages/TensorKit/esxcj/ext/TensorKitChainRulesCoreExt/factorizations.jl:254
┌ Warning: `svd` cotangents sensitive to gauge choice: (|Δgauge| = 4.506318667032341e-11)
└ @ TensorKitChainRulesCoreExt ~/.julia/packages/TensorKit/esxcj/ext/TensorKitChainRulesCoreExt/factorizations.jl:254
┌ Warning: `svd` cotangents sensitive to gauge choice: (|Δgauge| = 0.5206287954910229)
└ @ TensorKitChainRulesCoreExt ~/.julia/packages/TensorKit/esxcj/ext/TensorKitChainRulesCoreExt/factorizations.jl:254
[ Info: LBFGS: iter   50, time 1787.82 s: f = -3.215423143164, ‖∇f‖ = 3.2938e-04, α = 1.00e+00, m = 8, nfg = 1
[ Info: CTMRG init:	obj = +9.508438046635e+00	err = 1.0000e+00
[ Info: CTMRG conv 7:	obj = +9.508449505694e+00	err = 1.2084716256e-10	time = 3.98 sec
┌ Warning: `svd` cotangents sensitive to gauge choice: (|Δgauge| = 0.5206931241175565)
└ @ TensorKitChainRulesCoreExt ~/.julia/packages/TensorKit/esxcj/ext/TensorKitChainRulesCoreExt/factorizations.jl:254
┌ Warning: `svd` cotangents sensitive to gauge choice: (|Δgauge| = 0.5206931255697352)
└ @ TensorKitChainRulesCoreExt ~/.julia/packages/TensorKit/esxcj/ext/TensorKitChainRulesCoreExt/factorizations.jl:254
[ Info: LBFGS: iter   51, time 1795.43 s: f = -3.215425727380, ‖∇f‖ = 1.0343e-03, α = 1.00e+00, m = 8, nfg = 1
[ Info: CTMRG init:	obj = +9.537079125147e+00	err = 1.0000e+00
[ Info: CTMRG conv 7:	obj = +9.537120616097e+00	err = 1.1507685300e-10	time = 3.93 sec
┌ Warning: `svd` cotangents sensitive to gauge choice: (|Δgauge| = 0.5209924528302733)
└ @ TensorKitChainRulesCoreExt ~/.julia/packages/TensorKit/esxcj/ext/TensorKitChainRulesCoreExt/factorizations.jl:254
┌ Warning: `svd` cotangents sensitive to gauge choice: (|Δgauge| = 0.520992457562067)
└ @ TensorKitChainRulesCoreExt ~/.julia/packages/TensorKit/esxcj/ext/TensorKitChainRulesCoreExt/factorizations.jl:254
[ Info: LBFGS: iter   52, time 1802.93 s: f = -3.215429364618, ‖∇f‖ = 1.5716e-03, α = 1.00e+00, m = 8, nfg = 1
[ Info: CTMRG init:	obj = +9.554171365456e+00	err = 1.0000e+00
[ Info: CTMRG conv 7:	obj = +9.554277988472e+00	err = 1.1056814557e-10	time = 3.99 sec
┌ Warning: `svd` cotangents sensitive to gauge choice: (|Δgauge| = 0.5216814315276139)
└ @ TensorKitChainRulesCoreExt ~/.julia/packages/TensorKit/esxcj/ext/TensorKitChainRulesCoreExt/factorizations.jl:254
┌ Warning: `svd` cotangents sensitive to gauge choice: (|Δgauge| = 0.5216814353460504)
└ @ TensorKitChainRulesCoreExt ~/.julia/packages/TensorKit/esxcj/ext/TensorKitChainRulesCoreExt/factorizations.jl:254
[ Info: LBFGS: iter   53, time 1810.27 s: f = -3.215433968502, ‖∇f‖ = 1.4787e-03, α = 1.00e+00, m = 8, nfg = 1
[ Info: CTMRG init:	obj = +9.519233137262e+00	err = 1.0000e+00
[ Info: CTMRG conv 7:	obj = +9.519452274247e+00	err = 3.2342971926e-10	time = 3.96 sec
┌ Warning: `svd` cotangents sensitive to gauge choice: (|Δgauge| = 0.522206029888893)
└ @ TensorKitChainRulesCoreExt ~/.julia/packages/TensorKit/esxcj/ext/TensorKitChainRulesCoreExt/factorizations.jl:254
┌ Warning: `svd` cotangents sensitive to gauge choice: (|Δgauge| = 2.5752569284425483e-12)
└ @ TensorKitChainRulesCoreExt ~/.julia/packages/TensorKit/esxcj/ext/TensorKitChainRulesCoreExt/factorizations.jl:254
┌ Warning: `svd` cotangents sensitive to gauge choice: (|Δgauge| = 0.5222060269739297)
└ @ TensorKitChainRulesCoreExt ~/.julia/packages/TensorKit/esxcj/ext/TensorKitChainRulesCoreExt/factorizations.jl:254
[ Info: CTMRG init:	obj = +9.553878149417e+00	err = 1.0000e+00
[ Info: CTMRG conv 6:	obj = +9.553878668711e+00	err = 4.5901145519e-10	time = 3.91 sec
┌ Warning: `svd` cotangents sensitive to gauge choice: (|Δgauge| = 0.5217050564855996)
└ @ TensorKitChainRulesCoreExt ~/.julia/packages/TensorKit/esxcj/ext/TensorKitChainRulesCoreExt/factorizations.jl:254
┌ Warning: `svd` cotangents sensitive to gauge choice: (|Δgauge| = 5.6337912727787656e-11)
└ @ TensorKitChainRulesCoreExt ~/.julia/packages/TensorKit/esxcj/ext/TensorKitChainRulesCoreExt/factorizations.jl:254
┌ Warning: `svd` cotangents sensitive to gauge choice: (|Δgauge| = 0.5217050562261756)
└ @ TensorKitChainRulesCoreExt ~/.julia/packages/TensorKit/esxcj/ext/TensorKitChainRulesCoreExt/factorizations.jl:254
[ Info: LBFGS: iter   54, time 1826.74 s: f = -3.215434318828, ‖∇f‖ = 1.5665e-03, α = 4.88e-02, m = 8, nfg = 2
[ Info: CTMRG init:	obj = +9.545562114205e+00	err = 1.0000e+00
[ Info: CTMRG conv 7:	obj = +9.545606183287e+00	err = 4.3086136143e-10	time = 4.11 sec
┌ Warning: `svd` cotangents sensitive to gauge choice: (|Δgauge| = 0.5222274633583253)
└ @ TensorKitChainRulesCoreExt ~/.julia/packages/TensorKit/esxcj/ext/TensorKitChainRulesCoreExt/factorizations.jl:254
┌ Warning: `svd` cotangents sensitive to gauge choice: (|Δgauge| = 0.5222274633955943)
└ @ TensorKitChainRulesCoreExt ~/.julia/packages/TensorKit/esxcj/ext/TensorKitChainRulesCoreExt/factorizations.jl:254
[ Info: LBFGS: iter   55, time 1834.52 s: f = -3.215436842361, ‖∇f‖ = 7.5959e-04, α = 1.00e+00, m = 8, nfg = 1
[ Info: CTMRG init:	obj = +9.542510557400e+00	err = 1.0000e+00
[ Info: CTMRG conv 6:	obj = +9.542512660450e+00	err = 5.1874228550e-10	time = 3.47 sec
┌ Warning: `svd` cotangents sensitive to gauge choice: (|Δgauge| = 0.5223886624305211)
└ @ TensorKitChainRulesCoreExt ~/.julia/packages/TensorKit/esxcj/ext/TensorKitChainRulesCoreExt/factorizations.jl:254
┌ Warning: `svd` cotangents sensitive to gauge choice: (|Δgauge| = 7.565105687355936e-11)
└ @ TensorKitChainRulesCoreExt ~/.julia/packages/TensorKit/esxcj/ext/TensorKitChainRulesCoreExt/factorizations.jl:254
┌ Warning: `svd` cotangents sensitive to gauge choice: (|Δgauge| = 0.5223886683433222)
└ @ TensorKitChainRulesCoreExt ~/.julia/packages/TensorKit/esxcj/ext/TensorKitChainRulesCoreExt/factorizations.jl:254
[ Info: LBFGS: iter   56, time 1841.66 s: f = -3.215437955057, ‖∇f‖ = 3.6235e-04, α = 1.00e+00, m = 8, nfg = 1
[ Info: CTMRG init:	obj = +9.542602189544e+00	err = 1.0000e+00
[ Info: CTMRG conv 6:	obj = +9.542602630706e+00	err = 7.7353461105e-10	time = 3.61 sec
┌ Warning: `svd` cotangents sensitive to gauge choice: (|Δgauge| = 0.5225471297775695)
└ @ TensorKitChainRulesCoreExt ~/.julia/packages/TensorKit/esxcj/ext/TensorKitChainRulesCoreExt/factorizations.jl:254
┌ Warning: `svd` cotangents sensitive to gauge choice: (|Δgauge| = 8.08636023886958e-11)
└ @ TensorKitChainRulesCoreExt ~/.julia/packages/TensorKit/esxcj/ext/TensorKitChainRulesCoreExt/factorizations.jl:254
┌ Warning: `svd` cotangents sensitive to gauge choice: (|Δgauge| = 0.5225471344617826)
└ @ TensorKitChainRulesCoreExt ~/.julia/packages/TensorKit/esxcj/ext/TensorKitChainRulesCoreExt/factorizations.jl:254
[ Info: LBFGS: iter   57, time 1848.87 s: f = -3.215438964249, ‖∇f‖ = 6.9185e-04, α = 1.00e+00, m = 8, nfg = 1
[ Info: CTMRG init:	obj = +9.543481449194e+00	err = 1.0000e+00
[ Info: CTMRG conv 7:	obj = +9.543482265146e+00	err = 2.2637154142e-10	time = 5.14 sec
┌ Warning: `svd` cotangents sensitive to gauge choice: (|Δgauge| = 0.5227814135932491)
└ @ TensorKitChainRulesCoreExt ~/.julia/packages/TensorKit/esxcj/ext/TensorKitChainRulesCoreExt/factorizations.jl:254
┌ Warning: `svd` cotangents sensitive to gauge choice: (|Δgauge| = 2.2046116083482557e-12)
└ @ TensorKitChainRulesCoreExt ~/.julia/packages/TensorKit/esxcj/ext/TensorKitChainRulesCoreExt/factorizations.jl:254
┌ Warning: `svd` cotangents sensitive to gauge choice: (|Δgauge| = 0.5227814165202354)
└ @ TensorKitChainRulesCoreExt ~/.julia/packages/TensorKit/esxcj/ext/TensorKitChainRulesCoreExt/factorizations.jl:254
[ Info: LBFGS: iter   58, time 1858.93 s: f = -3.215440390836, ‖∇f‖ = 1.1289e-03, α = 1.00e+00, m = 8, nfg = 1
[ Info: CTMRG init:	obj = +9.541399204839e+00	err = 1.0000e+00
[ Info: CTMRG conv 7:	obj = +9.541401947024e+00	err = 2.2107535768e-10	time = 4.76 sec
┌ Warning: `svd` cotangents sensitive to gauge choice: (|Δgauge| = 0.5233990844129568)
└ @ TensorKitChainRulesCoreExt ~/.julia/packages/TensorKit/esxcj/ext/TensorKitChainRulesCoreExt/factorizations.jl:254
┌ Warning: `svd` cotangents sensitive to gauge choice: (|Δgauge| = 2.694318429934631e-12)
└ @ TensorKitChainRulesCoreExt ~/.julia/packages/TensorKit/esxcj/ext/TensorKitChainRulesCoreExt/factorizations.jl:254
┌ Warning: `svd` cotangents sensitive to gauge choice: (|Δgauge| = 0.5233990845115105)
└ @ TensorKitChainRulesCoreExt ~/.julia/packages/TensorKit/esxcj/ext/TensorKitChainRulesCoreExt/factorizations.jl:254
[ Info: LBFGS: iter   59, time 1867.61 s: f = -3.215443212101, ‖∇f‖ = 1.4769e-03, α = 1.00e+00, m = 8, nfg = 1
[ Info: CTMRG init:	obj = +9.510344157157e+00	err = 1.0000e+00
[ Info: CTMRG conv 6:	obj = +9.510393385534e+00	err = 9.7549234939e-10	time = 3.55 sec
┌ Warning: `svd` cotangents sensitive to gauge choice: (|Δgauge| = 0.524846282439746)
└ @ TensorKitChainRulesCoreExt ~/.julia/packages/TensorKit/esxcj/ext/TensorKitChainRulesCoreExt/factorizations.jl:254
┌ Warning: `svd` cotangents sensitive to gauge choice: (|Δgauge| = 1.48255378067395e-10)
└ @ TensorKitChainRulesCoreExt ~/.julia/packages/TensorKit/esxcj/ext/TensorKitChainRulesCoreExt/factorizations.jl:254
┌ Warning: `svd` cotangents sensitive to gauge choice: (|Δgauge| = 0.5248462827428544)
└ @ TensorKitChainRulesCoreExt ~/.julia/packages/TensorKit/esxcj/ext/TensorKitChainRulesCoreExt/factorizations.jl:254
[ Info: LBFGS: iter   60, time 1874.76 s: f = -3.215446392527, ‖∇f‖ = 1.0970e-03, α = 1.00e+00, m = 8, nfg = 1
[ Info: CTMRG init:	obj = +9.550815889559e+00	err = 1.0000e+00
[ Info: CTMRG conv 7:	obj = +9.551025187901e+00	err = 2.7987686411e-10	time = 4.14 sec
┌ Warning: `svd` cotangents sensitive to gauge choice: (|Δgauge| = 0.5246448595922403)
└ @ TensorKitChainRulesCoreExt ~/.julia/packages/TensorKit/esxcj/ext/TensorKitChainRulesCoreExt/factorizations.jl:254
┌ Warning: `svd` cotangents sensitive to gauge choice: (|Δgauge| = 3.3770571408537514e-12)
└ @ TensorKitChainRulesCoreExt ~/.julia/packages/TensorKit/esxcj/ext/TensorKitChainRulesCoreExt/factorizations.jl:254
┌ Warning: `svd` cotangents sensitive to gauge choice: (|Δgauge| = 0.5246448605827334)
└ @ TensorKitChainRulesCoreExt ~/.julia/packages/TensorKit/esxcj/ext/TensorKitChainRulesCoreExt/factorizations.jl:254
[ Info: CTMRG init:	obj = +9.529302842346e+00	err = 1.0000e+00
[ Info: CTMRG conv 7:	obj = +9.529323384408e+00	err = 2.4352268497e-10	time = 4.43 sec
┌ Warning: `svd` cotangents sensitive to gauge choice: (|Δgauge| = 0.5247951385782802)
└ @ TensorKitChainRulesCoreExt ~/.julia/packages/TensorKit/esxcj/ext/TensorKitChainRulesCoreExt/factorizations.jl:254
┌ Warning: `svd` cotangents sensitive to gauge choice: (|Δgauge| = 3.862259339362704e-12)
└ @ TensorKitChainRulesCoreExt ~/.julia/packages/TensorKit/esxcj/ext/TensorKitChainRulesCoreExt/factorizations.jl:254
┌ Warning: `svd` cotangents sensitive to gauge choice: (|Δgauge| = 0.5247951391980793)
└ @ TensorKitChainRulesCoreExt ~/.julia/packages/TensorKit/esxcj/ext/TensorKitChainRulesCoreExt/factorizations.jl:254
[ Info: LBFGS: iter   61, time 1891.15 s: f = -3.215447219479, ‖∇f‖ = 8.4265e-04, α = 3.13e-01, m = 8, nfg = 2
[ Info: CTMRG init:	obj = +9.526897961000e+00	err = 1.0000e+00
[ Info: CTMRG conv 7:	obj = +9.526899222082e+00	err = 1.0005050819e-10	time = 4.31 sec
┌ Warning: `svd` cotangents sensitive to gauge choice: (|Δgauge| = 0.5250869456135723)
└ @ TensorKitChainRulesCoreExt ~/.julia/packages/TensorKit/esxcj/ext/TensorKitChainRulesCoreExt/factorizations.jl:254
┌ Warning: `svd` cotangents sensitive to gauge choice: (|Δgauge| = 3.896345907428915e-12)
└ @ TensorKitChainRulesCoreExt ~/.julia/packages/TensorKit/esxcj/ext/TensorKitChainRulesCoreExt/factorizations.jl:254
┌ Warning: `svd` cotangents sensitive to gauge choice: (|Δgauge| = 0.5250869433355406)
└ @ TensorKitChainRulesCoreExt ~/.julia/packages/TensorKit/esxcj/ext/TensorKitChainRulesCoreExt/factorizations.jl:254
[ Info: LBFGS: iter   62, time 1899.02 s: f = -3.215447725448, ‖∇f‖ = 4.6107e-04, α = 1.00e+00, m = 8, nfg = 1
[ Info: CTMRG init:	obj = +9.523615725061e+00	err = 1.0000e+00
[ Info: CTMRG conv 6:	obj = +9.523616427235e+00	err = 2.9486888887e-10	time = 3.71 sec
┌ Warning: `svd` cotangents sensitive to gauge choice: (|Δgauge| = 0.5250230032668801)
└ @ TensorKitChainRulesCoreExt ~/.julia/packages/TensorKit/esxcj/ext/TensorKitChainRulesCoreExt/factorizations.jl:254
┌ Warning: `svd` cotangents sensitive to gauge choice: (|Δgauge| = 1.391237806487553e-10)
└ @ TensorKitChainRulesCoreExt ~/.julia/packages/TensorKit/esxcj/ext/TensorKitChainRulesCoreExt/factorizations.jl:254
┌ Warning: `svd` cotangents sensitive to gauge choice: (|Δgauge| = 0.5250230039730386)
└ @ TensorKitChainRulesCoreExt ~/.julia/packages/TensorKit/esxcj/ext/TensorKitChainRulesCoreExt/factorizations.jl:254
[ Info: LBFGS: iter   63, time 1907.04 s: f = -3.215448046014, ‖∇f‖ = 1.4735e-04, α = 1.00e+00, m = 8, nfg = 1
[ Info: CTMRG init:	obj = +9.522557639770e+00	err = 1.0000e+00
[ Info: CTMRG conv 6:	obj = +9.522557694692e+00	err = 2.0129777882e-10	time = 3.97 sec
┌ Warning: `svd` cotangents sensitive to gauge choice: (|Δgauge| = 0.5249767664096839)
└ @ TensorKitChainRulesCoreExt ~/.julia/packages/TensorKit/esxcj/ext/TensorKitChainRulesCoreExt/factorizations.jl:254
┌ Warning: `svd` cotangents sensitive to gauge choice: (|Δgauge| = 1.3873773431042677e-10)
└ @ TensorKitChainRulesCoreExt ~/.julia/packages/TensorKit/esxcj/ext/TensorKitChainRulesCoreExt/factorizations.jl:254
┌ Warning: `svd` cotangents sensitive to gauge choice: (|Δgauge| = 0.5249767645835616)
└ @ TensorKitChainRulesCoreExt ~/.julia/packages/TensorKit/esxcj/ext/TensorKitChainRulesCoreExt/factorizations.jl:254
[ Info: LBFGS: iter   64, time 1915.25 s: f = -3.215448122709, ‖∇f‖ = 1.6176e-04, α = 1.00e+00, m = 8, nfg = 1
[ Info: CTMRG init:	obj = +9.521329255535e+00	err = 1.0000e+00
[ Info: CTMRG conv 6:	obj = +9.521329308052e+00	err = 1.5105912538e-10	time = 3.59 sec
┌ Warning: `svd` cotangents sensitive to gauge choice: (|Δgauge| = 0.5249543398793642)
└ @ TensorKitChainRulesCoreExt ~/.julia/packages/TensorKit/esxcj/ext/TensorKitChainRulesCoreExt/factorizations.jl:254
┌ Warning: `svd` cotangents sensitive to gauge choice: (|Δgauge| = 1.3923318244260592e-10)
└ @ TensorKitChainRulesCoreExt ~/.julia/packages/TensorKit/esxcj/ext/TensorKitChainRulesCoreExt/factorizations.jl:254
┌ Warning: `svd` cotangents sensitive to gauge choice: (|Δgauge| = 0.5249543428090444)
└ @ TensorKitChainRulesCoreExt ~/.julia/packages/TensorKit/esxcj/ext/TensorKitChainRulesCoreExt/factorizations.jl:254
[ Info: LBFGS: iter   65, time 1922.44 s: f = -3.215448229370, ‖∇f‖ = 2.3411e-04, α = 1.00e+00, m = 8, nfg = 1
[ Info: CTMRG init:	obj = +9.516257408674e+00	err = 1.0000e+00
[ Info: CTMRG conv 6:	obj = +9.516258176806e+00	err = 3.1192119708e-10	time = 3.72 sec
┌ Warning: `svd` cotangents sensitive to gauge choice: (|Δgauge| = 0.5250158217975214)
└ @ TensorKitChainRulesCoreExt ~/.julia/packages/TensorKit/esxcj/ext/TensorKitChainRulesCoreExt/factorizations.jl:254
┌ Warning: `svd` cotangents sensitive to gauge choice: (|Δgauge| = 1.4531689269841303e-10)
└ @ TensorKitChainRulesCoreExt ~/.julia/packages/TensorKit/esxcj/ext/TensorKitChainRulesCoreExt/factorizations.jl:254
┌ Warning: `svd` cotangents sensitive to gauge choice: (|Δgauge| = 0.5250158215705547)
└ @ TensorKitChainRulesCoreExt ~/.julia/packages/TensorKit/esxcj/ext/TensorKitChainRulesCoreExt/factorizations.jl:254
[ Info: LBFGS: iter   66, time 1930.30 s: f = -3.215448542967, ‖∇f‖ = 3.8016e-04, α = 1.00e+00, m = 8, nfg = 1
[ Info: CTMRG init:	obj = +9.507388948341e+00	err = 1.0000e+00
[ Info: CTMRG conv 6:	obj = +9.507391216828e+00	err = 2.8821555510e-10	time = 4.32 sec
┌ Warning: `svd` cotangents sensitive to gauge choice: (|Δgauge| = 0.5252849469810171)
└ @ TensorKitChainRulesCoreExt ~/.julia/packages/TensorKit/esxcj/ext/TensorKitChainRulesCoreExt/factorizations.jl:254
┌ Warning: `svd` cotangents sensitive to gauge choice: (|Δgauge| = 1.5995318792424823e-10)
└ @ TensorKitChainRulesCoreExt ~/.julia/packages/TensorKit/esxcj/ext/TensorKitChainRulesCoreExt/factorizations.jl:254
┌ Warning: `svd` cotangents sensitive to gauge choice: (|Δgauge| = 0.5252849457896855)
└ @ TensorKitChainRulesCoreExt ~/.julia/packages/TensorKit/esxcj/ext/TensorKitChainRulesCoreExt/factorizations.jl:254
[ Info: LBFGS: iter   67, time 1938.38 s: f = -3.215448976140, ‖∇f‖ = 4.8330e-04, α = 1.00e+00, m = 8, nfg = 1
[ Info: CTMRG init:	obj = +9.492485608063e+00	err = 1.0000e+00
[ Info: CTMRG conv 6:	obj = +9.492490611010e+00	err = 5.6333288073e-10	time = 3.98 sec
┌ Warning: `svd` cotangents sensitive to gauge choice: (|Δgauge| = 0.52576178179829)
└ @ TensorKitChainRulesCoreExt ~/.julia/packages/TensorKit/esxcj/ext/TensorKitChainRulesCoreExt/factorizations.jl:254
┌ Warning: `svd` cotangents sensitive to gauge choice: (|Δgauge| = 1.8678112952115356e-10)
└ @ TensorKitChainRulesCoreExt ~/.julia/packages/TensorKit/esxcj/ext/TensorKitChainRulesCoreExt/factorizations.jl:254
┌ Warning: `svd` cotangents sensitive to gauge choice: (|Δgauge| = 0.525761784811493)
└ @ TensorKitChainRulesCoreExt ~/.julia/packages/TensorKit/esxcj/ext/TensorKitChainRulesCoreExt/factorizations.jl:254
[ Info: LBFGS: iter   68, time 1945.53 s: f = -3.215449210251, ‖∇f‖ = 4.7659e-04, α = 1.00e+00, m = 8, nfg = 1
[ Info: CTMRG init:	obj = +9.496707526838e+00	err = 1.0000e+00
[ Info: CTMRG conv 26:	obj = +9.496707946351e+00	err = 1.2360193562e-10	time = 17.57 sec
┌ Warning: `svd` cotangents sensitive to gauge choice: (|Δgauge| = 0.5257801746997666)
└ @ TensorKitChainRulesCoreExt ~/.julia/packages/TensorKit/esxcj/ext/TensorKitChainRulesCoreExt/factorizations.jl:254
┌ Warning: `svd` cotangents sensitive to gauge choice: (|Δgauge| = 0.5257801756076274)
└ @ TensorKitChainRulesCoreExt ~/.julia/packages/TensorKit/esxcj/ext/TensorKitChainRulesCoreExt/factorizations.jl:254
[ Info: LBFGS: iter   69, time 1970.22 s: f = -3.215449443121, ‖∇f‖ = 1.5885e-04, α = 1.00e+00, m = 8, nfg = 1
[ Info: CTMRG init:	obj = +9.497845769334e+00	err = 1.0000e+00
[ Info: CTMRG conv 6:	obj = +9.497845805488e+00	err = 2.0508461949e-10	time = 4.23 sec
┌ Warning: `svd` cotangents sensitive to gauge choice: (|Δgauge| = 0.5258457466715667)
└ @ TensorKitChainRulesCoreExt ~/.julia/packages/TensorKit/esxcj/ext/TensorKitChainRulesCoreExt/factorizations.jl:254
┌ Warning: `svd` cotangents sensitive to gauge choice: (|Δgauge| = 1.8317324188830838e-10)
└ @ TensorKitChainRulesCoreExt ~/.julia/packages/TensorKit/esxcj/ext/TensorKitChainRulesCoreExt/factorizations.jl:254
┌ Warning: `svd` cotangents sensitive to gauge choice: (|Δgauge| = 0.5258457475090457)
└ @ TensorKitChainRulesCoreExt ~/.julia/packages/TensorKit/esxcj/ext/TensorKitChainRulesCoreExt/factorizations.jl:254
[ Info: LBFGS: converged after 70 iterations and time 1978.48 s: f = -3.215449481918, ‖∇f‖ = 6.1568e-05
