  Installing known registries into `~/.julia`
       Added `General` registry to ~/.julia/registries
    Updating registry at `~/.julia/registries/General.toml`
   Installed GPUArraysCore ─────────────── v0.2.0
   Installed TaskLocalValues ───────────── v0.1.2
   Installed IrrationalConstants ───────── v0.2.4
   Installed RealDot ───────────────────── v0.1.0
   Installed DiffRules ─────────────────── v1.15.1
   Installed IRTools ───────────────────── v0.4.14
   Installed BlockTensorKit ────────────── v0.1.6
   Installed OhMyThreads ───────────────── v0.7.0
   Installed Adapt ─────────────────────── v4.3.0
   Installed PtrArrays ─────────────────── v1.3.0
   Installed IntegerMathUtils ──────────── v0.1.2
   Installed LRUCache ──────────────────── v1.6.2
   Installed TableTraits ───────────────── v1.0.1
   Installed LoggingExtras ─────────────── v1.0.3
   Installed Accessors ─────────────────── v0.1.42
   Installed Preferences ───────────────── v1.4.3
   Installed DiffResults ───────────────── v1.1.0
   Installed WignerSymbols ─────────────── v2.0.0
   Installed OptimKit ──────────────────── v0.4.0
   Installed HashArrayMappedTries ──────── v0.2.0
   Installed Tables ────────────────────── v1.12.0
   Installed ChunkSplitters ────────────── v3.1.1
   Installed SpecialFunctions ──────────── v2.5.0
   Installed TensorKit ─────────────────── v0.14.5
   Installed DataAPI ───────────────────── v1.16.0
   Installed RecipesBase ───────────────── v1.3.4
   Installed AbstractFFTs ──────────────── v1.5.0
   Installed Primes ────────────────────── v0.5.7
   Installed StaticArrays ──────────────── v1.9.13
   Installed Zygote ────────────────────── v0.7.6
   Installed BlockArrays ───────────────── v1.5.0
   Installed MPSKit ────────────────────── v0.12.6
   Installed Richardson ────────────────── v1.4.2
   Installed JLLWrappers ───────────────── v1.7.0
   Installed StaticArraysCore ──────────── v1.4.3
   Installed FiniteDifferences ─────────── v0.12.32
   Installed IteratorInterfaceExtensions ─ v1.0.0
   Installed ConstructionBase ──────────── v1.5.8
   Installed NaNMath ───────────────────── v1.1.2
   Installed PrecompileTools ───────────── v1.2.1
   Installed StructArrays ──────────────── v0.7.0
   Installed DataValueInterfaces ───────── v1.0.0
   Installed OrderedCollections ────────── v1.8.0
   Installed RationalRoots ─────────────── v0.2.1
   Installed TensorKitSectors ──────────── v0.1.4
   Installed ScopedValues ──────────────── v1.3.0
   Installed StableTasks ───────────────── v0.1.7
   Installed ChainRulesCore ────────────── v1.25.1
   Installed VectorInterface ───────────── v0.5.0
   Installed InitialValues ─────────────── v0.3.1
   Installed ForwardDiff ───────────────── v1.0.0
   Installed MPSKitModels ──────────────── v0.4.0
   Installed Statistics ────────────────── v1.11.1
   Installed Requires ──────────────────── v1.3.1
   Installed LogExpFunctions ───────────── v0.3.29
   Installed FillArrays ────────────────── v1.13.0
   Installed CommonSubexpressions ──────── v0.3.1
   Installed ChainRules ────────────────── v1.72.3
   Installed StridedViews ──────────────── v0.3.2
   Installed ZygoteRules ───────────────── v0.2.7
   Installed PackageExtensionCompat ────── v1.0.2
   Installed HalfIntegers ──────────────── v1.6.0
   Installed MacroTools ────────────────── v0.5.15
   Installed BangBang ──────────────────── v0.4.4
   Installed TensorKitManifolds ────────── v0.7.2
   Installed CompositionsBase ──────────── v0.1.2
   Installed Strided ───────────────────── v2.3.0
   Installed Compat ────────────────────── v4.16.0
   Installed OpenSpecFun_jll ───────────── v0.5.6+0
   Installed SparseInverseSubset ───────── v0.1.2
   Installed TupleTools ────────────────── v1.6.0
   Installed InverseFunctions ──────────── v0.1.17
   Installed DocStringExtensions ───────── v0.9.4
   Installed TensorOperations ──────────── v5.1.4
   Installed KrylovKit ─────────────────── v0.9.5
   Installed PEPSKit ───────────────────── v0.5.0
   Installed ArrayLayouts ──────────────── v1.11.1
    Updating `/var/lib/condor/execute/dir_982880/Project.toml`
  [0b1a1467] + KrylovKit v0.9.5
  [bb1c41ca] + MPSKit v0.12.6
  [ca635005] + MPSKitModels v0.4.0
  [77e91f04] + OptimKit v0.4.0
  [52969e89] + PEPSKit v0.5.0
  [07d1fe3e] + TensorKit v0.14.5
    Updating `/var/lib/condor/execute/dir_982880/Manifest.toml`
  [621f4979] + AbstractFFTs v1.5.0
  [7d9f7c33] + Accessors v0.1.42
  [79e6a3ab] + Adapt v4.3.0
  [4c555306] + ArrayLayouts v1.11.1
  [198e06fe] + BangBang v0.4.4
  [8e7c35d0] + BlockArrays v1.5.0
  [5f87ffc2] + BlockTensorKit v0.1.6
  [082447d4] + ChainRules v1.72.3
  [d360d2e6] + ChainRulesCore v1.25.1
  [ae650224] + ChunkSplitters v3.1.1
  [bbf7d656] + CommonSubexpressions v0.3.1
  [34da2185] + Compat v4.16.0
  [a33af91c] + CompositionsBase v0.1.2
  [187b0558] + ConstructionBase v1.5.8
  [9a962f9c] + DataAPI v1.16.0
  [e2d170a0] + DataValueInterfaces v1.0.0
  [163ba53b] + DiffResults v1.1.0
  [b552c78f] + DiffRules v1.15.1
  [ffbed154] + DocStringExtensions v0.9.4
  [1a297f60] + FillArrays v1.13.0
  [26cc04aa] + FiniteDifferences v0.12.32
  [f6369f11] + ForwardDiff v1.0.0
  [46192b85] + GPUArraysCore v0.2.0
  [f0d1745a] + HalfIntegers v1.6.0
  [076d061b] + HashArrayMappedTries v0.2.0
  [7869d1d1] + IRTools v0.4.14
  [22cec73e] + InitialValues v0.3.1
  [18e54dd8] + IntegerMathUtils v0.1.2
  [3587e190] + InverseFunctions v0.1.17
  [92d709cd] + IrrationalConstants v0.2.4
  [82899510] + IteratorInterfaceExtensions v1.0.0
  [692b3bcd] + JLLWrappers v1.7.0
  [0b1a1467] + KrylovKit v0.9.5
  [8ac3fa9e] + LRUCache v1.6.2
  [2ab3a3ac] + LogExpFunctions v0.3.29
⌅ [e6f89c97] + LoggingExtras v1.0.3
  [bb1c41ca] + MPSKit v0.12.6
  [ca635005] + MPSKitModels v0.4.0
  [1914dd2f] + MacroTools v0.5.15
  [77ba4419] + NaNMath v1.1.2
⌅ [67456a42] + OhMyThreads v0.7.0
  [77e91f04] + OptimKit v0.4.0
  [bac558e1] + OrderedCollections v1.8.0
  [52969e89] + PEPSKit v0.5.0
  [65ce6f38] + PackageExtensionCompat v1.0.2
⌅ [aea7be01] + PrecompileTools v1.2.1
  [21216c6a] + Preferences v1.4.3
  [27ebfcd6] + Primes v0.5.7
  [43287f4e] + PtrArrays v1.3.0
  [308eb6b3] + RationalRoots v0.2.1
  [c1ae055f] + RealDot v0.1.0
  [3cdcf5f2] + RecipesBase v1.3.4
  [ae029012] + Requires v1.3.1
  [708f8203] + Richardson v1.4.2
  [7e506255] + ScopedValues v1.3.0
  [dc90abb0] + SparseInverseSubset v0.1.2
  [276daf66] + SpecialFunctions v2.5.0
  [91464d47] + StableTasks v0.1.7
  [90137ffa] + StaticArrays v1.9.13
  [1e83bf80] + StaticArraysCore v1.4.3
  [10745b16] + Statistics v1.11.1
  [5e0ebb24] + Strided v2.3.0
⌅ [4db3bf67] + StridedViews v0.3.2
  [09ab397b] + StructArrays v0.7.0
  [3783bdb8] + TableTraits v1.0.1
  [bd369af6] + Tables v1.12.0
  [ed4db957] + TaskLocalValues v0.1.2
  [07d1fe3e] + TensorKit v0.14.5
  [11fa318c] + TensorKitManifolds v0.7.2
  [13a9c161] + TensorKitSectors v0.1.4
  [6aa20fa7] + TensorOperations v5.1.4
  [9d95972d] + TupleTools v1.6.0
  [409d34a3] + VectorInterface v0.5.0
  [9f57e263] + WignerSymbols v2.0.0
  [e88e6eb3] + Zygote v0.7.6
  [700de1a5] + ZygoteRules v0.2.7
  [efe28fd5] + OpenSpecFun_jll v0.5.6+0
  [56f22d72] + Artifacts v1.11.0
  [2a0f44e3] + Base64 v1.11.0
  [ade2ca70] + Dates v1.11.0
  [8ba89e20] + Distributed v1.11.0
  [b77e0a4c] + InteractiveUtils v1.11.0
  [8f399da3] + Libdl v1.11.0
  [37e2e46d] + LinearAlgebra v1.11.0
  [56ddb016] + Logging v1.11.0
  [d6f4376e] + Markdown v1.11.0
  [de0858da] + Printf v1.11.0
  [9a3f8284] + Random v1.11.0
  [ea8e919c] + SHA v0.7.0
  [9e88b42a] + Serialization v1.11.0
  [6462fe0b] + Sockets v1.11.0
  [2f01184e] + SparseArrays v1.11.0
  [4607b0f0] + SuiteSparse
  [fa267f1f] + TOML v1.0.3
  [cf7118a7] + UUIDs v1.11.0
  [4ec0a83e] + Unicode v1.11.0
  [e66e0078] + CompilerSupportLibraries_jll v1.1.1+0
  [4536629a] + OpenBLAS_jll v0.3.27+1
  [05823500] + OpenLibm_jll v0.8.1+2
  [bea87d4a] + SuiteSparse_jll v7.7.0+0
  [8e850b90] + libblastrampoline_jll v5.11.0+0
        Info Packages marked with ⌅ have new versions available but compatibility constraints restrict them from upgrading. To see why use `status --outdated -m`
Precompiling project...
    421.4 ms  ✓ TaskLocalValues
    381.7 ms  ✓ DataValueInterfaces
    399.2 ms  ✓ IntegerMathUtils
    407.5 ms  ✓ RealDot
    433.1 ms  ✓ Richardson
    501.2 ms  ✓ HalfIntegers
    501.2 ms  ✓ StableTasks
    493.1 ms  ✓ InverseFunctions
    521.1 ms  ✓ LRUCache
    602.7 ms  ✓ OrderedCollections
    572.8 ms  ✓ VectorInterface
    579.8 ms  ✓ DocStringExtensions
    578.4 ms  ✓ Statistics
    615.3 ms  ✓ AbstractFFTs
    389.7 ms  ✓ IteratorInterfaceExtensions
    389.3 ms  ✓ PackageExtensionCompat
    415.0 ms  ✓ CompositionsBase
    451.1 ms  ✓ DataAPI
    632.4 ms  ✓ ConstructionBase
    505.4 ms  ✓ ChunkSplitters
    491.0 ms  ✓ PtrArrays
   1024.4 ms  ✓ FillArrays
    447.8 ms  ✓ StaticArraysCore
    439.8 ms  ✓ RationalRoots
    445.4 ms  ✓ HashArrayMappedTries
    516.7 ms  ✓ TupleTools
    524.5 ms  ✓ NaNMath
   1162.6 ms  ✓ IrrationalConstants
    581.7 ms  ✓ Requires
    587.2 ms  ✓ LoggingExtras
    584.3 ms  ✓ CompositionsBase → CompositionsBaseInverseFunctionsExt
    600.3 ms  ✓ SuiteSparse
    901.2 ms  ✓ InitialValues
    413.0 ms  ✓ TableTraits
    442.8 ms  ✓ LRUCache → SerializationExt
    480.6 ms  ✓ InverseFunctions → InverseFunctionsDatesExt
    485.5 ms  ✓ ConstructionBase → ConstructionBaseLinearAlgebraExt
    512.7 ms  ✓ StridedViews
    630.9 ms  ✓ Compat
    766.4 ms  ✓ Preferences
    737.5 ms  ✓ Statistics → SparseArraysExt
    662.5 ms  ✓ Primes
    485.9 ms  ✓ FillArrays → FillArraysStatisticsExt
    405.9 ms  ✓ ScopedValues
    453.4 ms  ✓ DiffResults
    537.2 ms  ✓ Adapt
    598.8 ms  ✓ SparseInverseSubset
    657.8 ms  ✓ FillArrays → FillArraysSparseArraysExt
    677.2 ms  ✓ LogExpFunctions
    654.8 ms  ✓ Strided
    493.2 ms  ✓ PrecompileTools
    541.5 ms  ✓ Compat → CompatLinearAlgebraExt
    543.9 ms  ✓ JLLWrappers
    860.4 ms  ✓ Tables
    534.0 ms  ✓ GPUArraysCore
    443.7 ms  ✓ LogExpFunctions → LogExpFunctionsInverseFunctionsExt
    597.0 ms  ✓ Adapt → AdaptSparseArraysExt
   2152.1 ms  ✓ MacroTools
   1569.1 ms  ✓ KrylovKit
    602.6 ms  ✓ OpenSpecFun_jll
    814.3 ms  ✓ StructArrays
    507.9 ms  ✓ CommonSubexpressions
   1324.6 ms  ✓ OptimKit
   1266.0 ms  ✓ TensorOperations
   1234.8 ms  ✓ ChainRulesCore
    459.6 ms  ✓ StructArrays → StructArraysAdaptExt
    486.7 ms  ✓ StructArrays → StructArraysLinearAlgebraExt
   1499.6 ms  ✓ RecipesBase
    642.5 ms  ✓ StructArrays → StructArraysSparseArraysExt
    492.8 ms  ✓ AbstractFFTs → AbstractFFTsChainRulesCoreExt
   2270.0 ms  ✓ WignerSymbols
    639.1 ms  ✓ ChainRulesCore → ChainRulesCoreSparseArraysExt
    636.2 ms  ✓ TensorOperations → TensorOperationsChainRulesCoreExt
    651.8 ms  ✓ KrylovKit → KrylovKitChainRulesCoreExt
   1686.1 ms  ✓ IRTools
    800.8 ms  ✓ ZygoteRules
   1959.4 ms  ✓ Accessors
   1340.2 ms  ✓ LogExpFunctions → LogExpFunctionsChainRulesCoreExt
    553.8 ms  ✓ Accessors → StructArraysExt
    566.4 ms  ✓ Accessors → LinearAlgebraExt
   2645.3 ms  ✓ SpecialFunctions
    817.3 ms  ✓ BangBang
    655.1 ms  ✓ DiffRules
    565.5 ms  ✓ BangBang → BangBangChainRulesCoreExt
    566.0 ms  ✓ BangBang → BangBangStructArraysExt
    621.9 ms  ✓ BangBang → BangBangTablesExt
    930.8 ms  ✓ OhMyThreads
   1675.5 ms  ✓ SpecialFunctions → SpecialFunctionsChainRulesCoreExt
   6585.9 ms  ✓ StaticArrays
   4803.4 ms  ✓ TensorKitSectors
    662.1 ms  ✓ Adapt → AdaptStaticArraysExt
    665.9 ms  ✓ ConstructionBase → ConstructionBaseStaticArraysExt
    667.1 ms  ✓ StaticArrays → StaticArraysStatisticsExt
    687.5 ms  ✓ StaticArrays → StaticArraysChainRulesCoreExt
    718.6 ms  ✓ StructArrays → StructArraysStaticArraysExt
    740.9 ms  ✓ Accessors → StaticArraysExt
    758.9 ms  ✓ BangBang → BangBangStaticArraysExt
   5528.8 ms  ✓ ChainRules
   3500.8 ms  ✓ ForwardDiff
    799.0 ms  ✓ ForwardDiff → ForwardDiffStaticArraysExt
   1134.8 ms  ✓ FiniteDifferences
  11936.8 ms  ✓ ArrayLayouts
    739.1 ms  ✓ ArrayLayouts → ArrayLayoutsSparseArraysExt
   5687.3 ms  ✓ TensorKit
   1519.2 ms  ✓ BlockArrays
    724.0 ms  ✓ BlockArrays → BlockArraysAdaptExt
    923.4 ms  ✓ TensorKitManifolds
    999.3 ms  ✓ TensorKit → TensorKitFiniteDifferencesExt
   1122.0 ms  ✓ TensorKit → TensorKitChainRulesCoreExt
   1649.6 ms  ✓ BlockTensorKit
  11347.7 ms  ✓ MPSKit
  24690.7 ms  ✓ Zygote
  10294.0 ms  ✓ MPSKitModels
  11018.9 ms  ✓ PEPSKit
  114 dependencies successfully precompiled in 49 seconds. 15 already precompiled.
ERROR: LoadError: ArgumentError: Package VectorInterface not found in current path.
- Run `import Pkg; Pkg.add("VectorInterface")` to install the VectorInterface package.
Stacktrace:
 [1] macro expansion
   @ ./loading.jl:2296 [inlined]
 [2] macro expansion
   @ ./lock.jl:273 [inlined]
 [3] __require(into::Module, mod::Symbol)
   @ Base ./loading.jl:2271
 [4] #invoke_in_world#3
   @ ./essentials.jl:1089 [inlined]
 [5] invoke_in_world
   @ ./essentials.jl:1086 [inlined]
 [6] require(into::Module, mod::Symbol)
   @ Base ./loading.jl:2260
 [7] include(fname::String)
   @ Main ./sysimg.jl:38
 [8] top-level scope
   @ /var/lib/condor/execute/dir_982880/tests.jl:4
in expression starting at /var/lib/condor/execute/dir_982880/new_toolbox.jl:8
in expression starting at /var/lib/condor/execute/dir_982880/tests.jl:4
