  Installing known registries into `~/.julia`
       Added `General` registry to ~/.julia/registries
    Updating registry at `~/.julia/registries/General.toml`
   Installed GPUArraysCore ─────────────── v0.2.0
   Installed RealDot ───────────────────── v0.1.0
   Installed IrrationalConstants ───────── v0.2.4
   Installed TaskLocalValues ───────────── v0.1.2
   Installed IRTools ───────────────────── v0.4.14
   Installed JLD2 ──────────────────────── v0.5.12
   Installed OhMyThreads ───────────────── v0.7.0
   Installed BlockTensorKit ────────────── v0.1.6
   Installed DiffRules ─────────────────── v1.15.1
   Installed LRUCache ──────────────────── v1.6.2
   Installed IntegerMathUtils ──────────── v0.1.2
   Installed PtrArrays ─────────────────── v1.3.0
   Installed TableTraits ───────────────── v1.0.1
   Installed Accessors ─────────────────── v0.1.42
   Installed Preferences ───────────────── v1.4.3
   Installed Adapt ─────────────────────── v4.3.0
   Installed DiffResults ───────────────── v1.1.0
   Installed LoggingExtras ─────────────── v1.0.3
   Installed OptimKit ──────────────────── v0.4.0
   Installed WignerSymbols ─────────────── v2.0.0
   Installed HashArrayMappedTries ──────── v0.2.0
   Installed Tables ────────────────────── v1.12.0
   Installed SpecialFunctions ──────────── v2.5.0
   Installed ChunkSplitters ────────────── v3.1.2
   Installed TensorKit ─────────────────── v0.14.5
   Installed RecipesBase ───────────────── v1.3.4
   Installed DataAPI ───────────────────── v1.16.0
   Installed Primes ────────────────────── v0.5.7
   Installed StaticArrays ──────────────── v1.9.13
   Installed AbstractFFTs ──────────────── v1.5.0
   Installed Zygote ────────────────────── v0.7.6
   Installed BlockArrays ───────────────── v1.6.0
   Installed MPSKit ────────────────────── v0.12.6
   Installed Richardson ────────────────── v1.4.2
   Installed JLLWrappers ───────────────── v1.7.0
   Installed FiniteDifferences ─────────── v0.12.32
   Installed StaticArraysCore ──────────── v1.4.3
   Installed NaNMath ───────────────────── v1.1.3
   Installed ConstructionBase ──────────── v1.5.8
   Installed PrecompileTools ───────────── v1.2.1
   Installed IteratorInterfaceExtensions ─ v1.0.0
   Installed StructArrays ──────────────── v0.7.1
   Installed DataValueInterfaces ───────── v1.0.0
   Installed RationalRoots ─────────────── v0.2.1
   Installed OrderedCollections ────────── v1.8.0
   Installed StableTasks ───────────────── v0.1.7
   Installed TensorKitSectors ──────────── v0.1.4
   Installed TranscodingStreams ────────── v0.11.3
   Installed ChainRulesCore ────────────── v1.25.1
   Installed ScopedValues ──────────────── v1.3.0
   Installed InitialValues ─────────────── v0.3.1
   Installed VectorInterface ───────────── v0.5.0
   Installed MPSKitModels ──────────────── v0.4.0
   Installed LogExpFunctions ───────────── v0.3.29
   Installed FillArrays ────────────────── v1.13.0
   Installed FileIO ────────────────────── v1.17.0
   Installed ForwardDiff ───────────────── v1.0.1
   Installed ChainRules ────────────────── v1.72.3
   Installed Statistics ────────────────── v1.11.1
   Installed Requires ──────────────────── v1.3.1
   Installed CommonSubexpressions ──────── v0.3.1
   Installed ZygoteRules ───────────────── v0.2.7
   Installed HalfIntegers ──────────────── v1.6.0
   Installed PackageExtensionCompat ────── v1.0.2
   Installed BangBang ──────────────────── v0.4.4
   Installed StridedViews ──────────────── v0.4.1
   Installed MacroTools ────────────────── v0.5.15
   Installed TensorKitManifolds ────────── v0.7.2
   Installed Strided ───────────────────── v2.3.0
   Installed Compat ────────────────────── v4.16.0
   Installed CompositionsBase ──────────── v0.1.2
   Installed OpenSpecFun_jll ───────────── v0.5.6+0
   Installed SparseInverseSubset ───────── v0.1.2
   Installed InverseFunctions ──────────── v0.1.17
   Installed TupleTools ────────────────── v1.6.0
   Installed PEPSKit ───────────────────── v0.5.0
   Installed TensorOperations ──────────── v5.2.0
   Installed KrylovKit ─────────────────── v0.9.5
   Installed DocStringExtensions ───────── v0.9.4
   Installed ArrayLayouts ──────────────── v1.11.1
    Updating `/var/lib/condor/execute/dir_62555/Project.toml`
  [d360d2e6] + ChainRulesCore v1.25.1
  [033835bb] + JLD2 v0.5.12
  [0b1a1467] + KrylovKit v0.9.5
  [bb1c41ca] + MPSKit v0.12.6
  [ca635005] + MPSKitModels v0.4.0
  [77e91f04] + OptimKit v0.4.0
  [52969e89] + PEPSKit v0.5.0
  [07d1fe3e] + TensorKit v0.14.5
  [409d34a3] + VectorInterface v0.5.0
  [e88e6eb3] + Zygote v0.7.6
  [37e2e46d] ~ LinearAlgebra ⇒ v1.11.0
    Updating `/var/lib/condor/execute/dir_62555/Manifest.toml`
  [621f4979] + AbstractFFTs v1.5.0
  [7d9f7c33] + Accessors v0.1.42
  [79e6a3ab] + Adapt v4.3.0
  [4c555306] + ArrayLayouts v1.11.1
  [198e06fe] + BangBang v0.4.4
  [8e7c35d0] + BlockArrays v1.6.0
  [5f87ffc2] + BlockTensorKit v0.1.6
  [082447d4] + ChainRules v1.72.3
  [d360d2e6] + ChainRulesCore v1.25.1
  [ae650224] + ChunkSplitters v3.1.2
  [bbf7d656] + CommonSubexpressions v0.3.1
  [34da2185] + Compat v4.16.0
  [a33af91c] + CompositionsBase v0.1.2
  [187b0558] + ConstructionBase v1.5.8
  [9a962f9c] + DataAPI v1.16.0
  [e2d170a0] + DataValueInterfaces v1.0.0
  [163ba53b] + DiffResults v1.1.0
  [b552c78f] + DiffRules v1.15.1
  [ffbed154] + DocStringExtensions v0.9.4
  [5789e2e9] + FileIO v1.17.0
  [1a297f60] + FillArrays v1.13.0
  [26cc04aa] + FiniteDifferences v0.12.32
  [f6369f11] + ForwardDiff v1.0.1
  [46192b85] + GPUArraysCore v0.2.0
  [f0d1745a] + HalfIntegers v1.6.0
  [076d061b] + HashArrayMappedTries v0.2.0
  [7869d1d1] + IRTools v0.4.14
  [22cec73e] + InitialValues v0.3.1
  [18e54dd8] + IntegerMathUtils v0.1.2
  [3587e190] + InverseFunctions v0.1.17
  [92d709cd] + IrrationalConstants v0.2.4
  [82899510] + IteratorInterfaceExtensions v1.0.0
  [033835bb] + JLD2 v0.5.12
  [692b3bcd] + JLLWrappers v1.7.0
  [0b1a1467] + KrylovKit v0.9.5
  [8ac3fa9e] + LRUCache v1.6.2
  [2ab3a3ac] + LogExpFunctions v0.3.29
⌅ [e6f89c97] + LoggingExtras v1.0.3
  [bb1c41ca] + MPSKit v0.12.6
  [ca635005] + MPSKitModels v0.4.0
  [1914dd2f] + MacroTools v0.5.15
  [77ba4419] + NaNMath v1.1.3
⌅ [67456a42] + OhMyThreads v0.7.0
  [77e91f04] + OptimKit v0.4.0
  [bac558e1] + OrderedCollections v1.8.0
  [52969e89] + PEPSKit v0.5.0
  [65ce6f38] + PackageExtensionCompat v1.0.2
⌅ [aea7be01] + PrecompileTools v1.2.1
  [21216c6a] + Preferences v1.4.3
  [27ebfcd6] + Primes v0.5.7
  [43287f4e] + PtrArrays v1.3.0
  [308eb6b3] + RationalRoots v0.2.1
  [c1ae055f] + RealDot v0.1.0
  [3cdcf5f2] + RecipesBase v1.3.4
  [ae029012] + Requires v1.3.1
  [708f8203] + Richardson v1.4.2
  [7e506255] + ScopedValues v1.3.0
  [dc90abb0] + SparseInverseSubset v0.1.2
  [276daf66] + SpecialFunctions v2.5.0
  [91464d47] + StableTasks v0.1.7
  [90137ffa] + StaticArrays v1.9.13
  [1e83bf80] + StaticArraysCore v1.4.3
  [10745b16] + Statistics v1.11.1
  [5e0ebb24] + Strided v2.3.0
  [4db3bf67] + StridedViews v0.4.1
  [09ab397b] + StructArrays v0.7.1
  [3783bdb8] + TableTraits v1.0.1
  [bd369af6] + Tables v1.12.0
  [ed4db957] + TaskLocalValues v0.1.2
  [07d1fe3e] + TensorKit v0.14.5
  [11fa318c] + TensorKitManifolds v0.7.2
  [13a9c161] + TensorKitSectors v0.1.4
  [6aa20fa7] + TensorOperations v5.2.0
  [3bb67fe8] + TranscodingStreams v0.11.3
  [9d95972d] + TupleTools v1.6.0
  [409d34a3] + VectorInterface v0.5.0
  [9f57e263] + WignerSymbols v2.0.0
  [e88e6eb3] + Zygote v0.7.6
  [700de1a5] + ZygoteRules v0.2.7
  [efe28fd5] + OpenSpecFun_jll v0.5.6+0
  [0dad84c5] + ArgTools v1.1.2
  [56f22d72] + Artifacts v1.11.0
  [2a0f44e3] + Base64 v1.11.0
  [ade2ca70] + Dates v1.11.0
  [8ba89e20] + Distributed v1.11.0
  [f43a241f] + Downloads v1.6.0
  [7b1f6079] + FileWatching v1.11.0
  [b77e0a4c] + InteractiveUtils v1.11.0
  [b27032c2] + LibCURL v0.6.4
  [76f85450] + LibGit2 v1.11.0
  [8f399da3] + Libdl v1.11.0
  [37e2e46d] + LinearAlgebra v1.11.0
  [56ddb016] + Logging v1.11.0
  [d6f4376e] + Markdown v1.11.0
  [a63ad114] + Mmap v1.11.0
  [ca575930] + NetworkOptions v1.2.0
  [44cfe95a] + Pkg v1.11.0
  [de0858da] + Printf v1.11.0
  [9a3f8284] + Random v1.11.0
  [ea8e919c] + SHA v0.7.0
  [9e88b42a] + Serialization v1.11.0
  [6462fe0b] + Sockets v1.11.0
  [2f01184e] + SparseArrays v1.11.0
  [4607b0f0] + SuiteSparse
  [fa267f1f] + TOML v1.0.3
  [a4e569a6] + Tar v1.10.0
  [cf7118a7] + UUIDs v1.11.0
  [4ec0a83e] + Unicode v1.11.0
  [e66e0078] + CompilerSupportLibraries_jll v1.1.1+0
  [deac9b47] + LibCURL_jll v8.6.0+0
  [e37daf67] + LibGit2_jll v1.7.2+0
  [29816b5a] + LibSSH2_jll v1.11.0+1
  [c8ffd9c3] + MbedTLS_jll v2.28.6+0
  [14a3606d] + MozillaCACerts_jll v2023.12.12
  [4536629a] + OpenBLAS_jll v0.3.27+1
  [05823500] + OpenLibm_jll v0.8.1+2
  [bea87d4a] + SuiteSparse_jll v7.7.0+0
  [83775a58] + Zlib_jll v1.2.13+1
  [8e850b90] + libblastrampoline_jll v5.11.0+0
  [8e850ede] + nghttp2_jll v1.59.0+0
  [3f19e933] + p7zip_jll v17.4.0+2
        Info Packages marked with ⌅ have new versions available but compatibility constraints restrict them from upgrading. To see why use `status --outdated -m`
Precompiling project...
    637.4 ms  ✓ TaskLocalValues
    555.5 ms  ✓ DataValueInterfaces
    564.4 ms  ✓ IntegerMathUtils
    592.4 ms  ✓ RealDot
    632.4 ms  ✓ Richardson
    730.6 ms  ✓ StableTasks
    737.7 ms  ✓ HalfIntegers
    725.6 ms  ✓ InverseFunctions
    742.6 ms  ✓ LRUCache
    820.3 ms  ✓ VectorInterface
    828.8 ms  ✓ DocStringExtensions
    855.2 ms  ✓ AbstractFFTs
    831.1 ms  ✓ Statistics
    880.3 ms  ✓ OrderedCollections
    524.8 ms  ✓ IteratorInterfaceExtensions
    539.0 ms  ✓ PackageExtensionCompat
    608.5 ms  ✓ DataAPI
    742.7 ms  ✓ ConstructionBase
    573.1 ms  ✓ PtrArrays
    599.5 ms  ✓ CompositionsBase
   1426.2 ms  ✓ FillArrays
    646.6 ms  ✓ StaticArraysCore
    760.2 ms  ✓ ChunkSplitters
    841.3 ms  ✓ HashArrayMappedTries
    885.9 ms  ✓ TupleTools
    883.1 ms  ✓ RationalRoots
    880.6 ms  ✓ TranscodingStreams
   1716.8 ms  ✓ IrrationalConstants
    738.2 ms  ✓ NaNMath
    758.8 ms  ✓ Requires
    825.7 ms  ✓ LoggingExtras
   1318.5 ms  ✓ InitialValues
    824.4 ms  ✓ SuiteSparse
    937.8 ms  ✓ Compat
    918.0 ms  ✓ Primes
    634.6 ms  ✓ TableTraits
    677.3 ms  ✓ DiffResults
   1059.3 ms  ✓ Preferences
    913.2 ms  ✓ InverseFunctions → InverseFunctionsDatesExt
    671.1 ms  ✓ ConstructionBase → ConstructionBaseLinearAlgebraExt
    642.6 ms  ✓ CompositionsBase → CompositionsBaseInverseFunctionsExt
    729.5 ms  ✓ StridedViews
    925.6 ms  ✓ Statistics → SparseArraysExt
    655.4 ms  ✓ FillArrays → FillArraysStatisticsExt
    652.5 ms  ✓ LRUCache → SerializationExt
    559.5 ms  ✓ ScopedValues
    942.9 ms  ✓ FillArrays → FillArraysSparseArraysExt
    663.1 ms  ✓ Adapt
    635.2 ms  ✓ Compat → CompatLinearAlgebraExt
    698.6 ms  ✓ PrecompileTools
    832.0 ms  ✓ SparseInverseSubset
    563.0 ms  ✓ StridedViews → StridedViewsPtrArraysExt
    929.3 ms  ✓ LogExpFunctions
    748.3 ms  ✓ JLLWrappers
   1184.5 ms  ✓ Tables
    909.5 ms  ✓ Strided
    719.3 ms  ✓ GPUArraysCore
    584.1 ms  ✓ LogExpFunctions → LogExpFunctionsInverseFunctionsExt
    872.3 ms  ✓ Adapt → AdaptSparseArraysExt
   2340.6 ms  ✓ KrylovKit
   3468.7 ms  ✓ MacroTools
    822.2 ms  ✓ OpenSpecFun_jll
   1828.4 ms  ✓ OptimKit
   1093.0 ms  ✓ StructArrays
   1744.3 ms  ✓ ChainRulesCore
    708.5 ms  ✓ CommonSubexpressions
   2162.1 ms  ✓ RecipesBase
    643.6 ms  ✓ StructArrays → StructArraysAdaptExt
    657.9 ms  ✓ StructArrays → StructArraysLinearAlgebraExt
    796.4 ms  ✓ AbstractFFTs → AbstractFFTsChainRulesCoreExt
    884.0 ms  ✓ StructArrays → StructArraysSparseArraysExt
   1088.7 ms  ✓ ChainRulesCore → ChainRulesCoreSparseArraysExt
   3508.4 ms  ✓ WignerSymbols
   1154.8 ms  ✓ ZygoteRules
    889.4 ms  ✓ KrylovKit → KrylovKitChainRulesCoreExt
   2802.4 ms  ✓ IRTools
   2166.2 ms  ✓ LogExpFunctions → LogExpFunctionsChainRulesCoreExt
   3209.4 ms  ✓ Accessors
   5362.5 ms  ✓ FileIO
    751.8 ms  ✓ Accessors → StructArraysExt
    813.5 ms  ✓ Accessors → LinearAlgebraExt
   4131.3 ms  ✓ SpecialFunctions
    946.8 ms  ✓ DiffRules
   1160.9 ms  ✓ BangBang
    796.1 ms  ✓ BangBang → BangBangStructArraysExt
    802.4 ms  ✓ BangBang → BangBangChainRulesCoreExt
    810.5 ms  ✓ BangBang → BangBangTablesExt
   1397.7 ms  ✓ OhMyThreads
   2501.4 ms  ✓ SpecialFunctions → SpecialFunctionsChainRulesCoreExt
  10117.1 ms  ✓ StaticArrays
   8121.5 ms  ✓ ChainRules
    939.1 ms  ✓ Adapt → AdaptStaticArraysExt
    966.8 ms  ✓ StaticArrays → StaticArraysStatisticsExt
    967.2 ms  ✓ ConstructionBase → ConstructionBaseStaticArraysExt
   1032.8 ms  ✓ StructArrays → StructArraysStaticArraysExt
   1048.0 ms  ✓ StaticArrays → StaticArraysChainRulesCoreExt
   1064.7 ms  ✓ Accessors → StaticArraysExt
   1090.0 ms  ✓ BangBang → BangBangStaticArraysExt
   5116.7 ms  ✓ ForwardDiff
   1154.9 ms  ✓ ForwardDiff → ForwardDiffStaticArraysExt
   1539.3 ms  ✓ FiniteDifferences
  18376.6 ms  ✓ ArrayLayouts
   1063.0 ms  ✓ ArrayLayouts → ArrayLayoutsSparseArraysExt
   2219.5 ms  ✓ BlockArrays
   1104.9 ms  ✓ BlockArrays → BlockArraysAdaptExt
  41303.3 ms  ✓ JLD2
  38519.2 ms  ✓ Zygote
 159599.0 ms  ✓ TensorOperations
   1722.7 ms  ✓ TensorOperations → TensorOperationsChainRulesCoreExt
   8131.9 ms  ✓ TensorKitSectors
   9871.2 ms  ✓ TensorKit
   2420.1 ms  ✓ TensorKitManifolds
   2548.3 ms  ✓ TensorKit → TensorKitFiniteDifferencesExt
   2962.9 ms  ✓ TensorKit → TensorKitChainRulesCoreExt
   3600.4 ms  ✓ BlockTensorKit
  19714.1 ms  ✓ MPSKit
  17304.6 ms  ✓ MPSKitModels
  19321.9 ms  ✓ PEPSKit
  118 dependencies successfully precompiled in 241 seconds. 31 already precompiled.
[ Info: CTMRG init:	obj = -3.166380442615e-02 -1.458882115835e-01im	err = 1.0000e+00
[ Info: CTMRG conv 58:	obj = +2.573090427576e+00	err = 8.5693785964e-10	time = 1.38 min
[ Info: CTMRG init:	obj = +2.932059168720e+00 -3.464567487381e-10im	err = 1.0000e+00
[ Info: CTMRG conv 15:	obj = +1.483599317301e+01	err = 4.0003475242e-10	time = 2.24 min
┌ Warning: `svd` cotangents sensitive to gauge choice: (|Δgauge| = 1.0802779933693303)
└ @ TensorKitChainRulesCoreExt ~/.julia/packages/TensorKit/esxcj/ext/TensorKitChainRulesCoreExt/factorizations.jl:254
┌ Warning: `svd` cotangents sensitive to gauge choice: (|Δgauge| = 6.726976030375071e-12)
└ @ TensorKitChainRulesCoreExt ~/.julia/packages/TensorKit/esxcj/ext/TensorKitChainRulesCoreExt/factorizations.jl:254
┌ Warning: `svd` cotangents sensitive to gauge choice: (|Δgauge| = 1.080277993370463)
└ @ TensorKitChainRulesCoreExt ~/.julia/packages/TensorKit/esxcj/ext/TensorKitChainRulesCoreExt/factorizations.jl:254
[ Info: LBFGS: initializing with f = 0.030873891219, ‖∇f‖ = 1.0654e-01
[ Info: CTMRG init:	obj = +2.191061022080e+00	err = 1.0000e+00
[ Info: CTMRG conv 38:	obj = +2.592523656068e+00	err = 8.8810449760e-10	time = 31.11 sec
┌ Warning: `svd` cotangents sensitive to gauge choice: (|Δgauge| = 0.20590691472729705)
└ @ TensorKitChainRulesCoreExt ~/.julia/packages/TensorKit/esxcj/ext/TensorKitChainRulesCoreExt/factorizations.jl:254
┌ Warning: `svd` cotangents sensitive to gauge choice: (|Δgauge| = 1.0444368855996755e-10)
└ @ TensorKitChainRulesCoreExt ~/.julia/packages/TensorKit/esxcj/ext/TensorKitChainRulesCoreExt/factorizations.jl:254
┌ Warning: `svd` cotangents sensitive to gauge choice: (|Δgauge| = 0.20590691465824493)
└ @ TensorKitChainRulesCoreExt ~/.julia/packages/TensorKit/esxcj/ext/TensorKitChainRulesCoreExt/factorizations.jl:254
[ Info: CTMRG init:	obj = +2.198361798552e+00	err = 1.0000e+00
[ Info: CTMRG conv 33:	obj = +2.671115451222e+00	err = 9.4223561121e-10	time = 28.27 sec
┌ Warning: `svd` cotangents sensitive to gauge choice: (|Δgauge| = 0.19247135740366828)
└ @ TensorKitChainRulesCoreExt ~/.julia/packages/TensorKit/esxcj/ext/TensorKitChainRulesCoreExt/factorizations.jl:254
┌ Warning: `svd` cotangents sensitive to gauge choice: (|Δgauge| = 9.620442066585847e-11)
└ @ TensorKitChainRulesCoreExt ~/.julia/packages/TensorKit/esxcj/ext/TensorKitChainRulesCoreExt/factorizations.jl:254
┌ Warning: `svd` cotangents sensitive to gauge choice: (|Δgauge| = 0.19247135733477205)
└ @ TensorKitChainRulesCoreExt ~/.julia/packages/TensorKit/esxcj/ext/TensorKitChainRulesCoreExt/factorizations.jl:254
[ Info: CTMRG init:	obj = +2.237475662147e+00	err = 1.0000e+00
[ Info: CTMRG conv 23:	obj = +3.083455939241e+00	err = 8.6573371043e-10	time = 19.26 sec
┌ Warning: `svd` cotangents sensitive to gauge choice: (|Δgauge| = 0.1508501975547507)
└ @ TensorKitChainRulesCoreExt ~/.julia/packages/TensorKit/esxcj/ext/TensorKitChainRulesCoreExt/factorizations.jl:254
┌ Warning: `svd` cotangents sensitive to gauge choice: (|Δgauge| = 3.214954928686699e-11)
└ @ TensorKitChainRulesCoreExt ~/.julia/packages/TensorKit/esxcj/ext/TensorKitChainRulesCoreExt/factorizations.jl:254
┌ Warning: `svd` cotangents sensitive to gauge choice: (|Δgauge| = 0.15085019752602852)
└ @ TensorKitChainRulesCoreExt ~/.julia/packages/TensorKit/esxcj/ext/TensorKitChainRulesCoreExt/factorizations.jl:254
[ Info: CTMRG init:	obj = +2.497363500772e+00	err = 1.0000e+00
[ Info: CTMRG conv 14:	obj = +5.589759600929e+00	err = 2.8448223404e-10	time = 11.21 sec
┌ Warning: `svd` cotangents sensitive to gauge choice: (|Δgauge| = 0.07864432235884047)
└ @ TensorKitChainRulesCoreExt ~/.julia/packages/TensorKit/esxcj/ext/TensorKitChainRulesCoreExt/factorizations.jl:254
┌ Warning: `svd` cotangents sensitive to gauge choice: (|Δgauge| = 0.07864432236144892)
└ @ TensorKitChainRulesCoreExt ~/.julia/packages/TensorKit/esxcj/ext/TensorKitChainRulesCoreExt/factorizations.jl:254
[ Info: CTMRG init:	obj = +5.205330757115e+00	err = 1.0000e+00
[ Info: CTMRG conv 10:	obj = +2.724402574735e+01	err = 4.4788294490e-10	time = 8.08 sec
┌ Warning: `svd` cotangents sensitive to gauge choice: (|Δgauge| = 0.021313149891896695)
└ @ TensorKitChainRulesCoreExt ~/.julia/packages/TensorKit/esxcj/ext/TensorKitChainRulesCoreExt/factorizations.jl:254
┌ Warning: `svd` cotangents sensitive to gauge choice: (|Δgauge| = 0.021313149866868566)
└ @ TensorKitChainRulesCoreExt ~/.julia/packages/TensorKit/esxcj/ext/TensorKitChainRulesCoreExt/factorizations.jl:254
[ Info: CTMRG init:	obj = +1.138249745242e+01	err = 1.0000e+00
[ Info: CTMRG conv 10:	obj = +6.045209731237e+01	err = 7.5128885220e-10	time = 8.28 sec
┌ Warning: `svd` cotangents sensitive to gauge choice: (|Δgauge| = 0.0007454792535237098)
└ @ TensorKitChainRulesCoreExt ~/.julia/packages/TensorKit/esxcj/ext/TensorKitChainRulesCoreExt/factorizations.jl:254
┌ Warning: `svd` cotangents sensitive to gauge choice: (|Δgauge| = 0.0007454792515654319)
└ @ TensorKitChainRulesCoreExt ~/.julia/packages/TensorKit/esxcj/ext/TensorKitChainRulesCoreExt/factorizations.jl:254
[ Info: CTMRG init:	obj = +9.507176997824e+00	err = 1.0000e+00
[ Info: CTMRG conv 9:	obj = +5.804081501619e+01	err = 5.6220333104e-10	time = 9.39 sec
┌ Warning: `svd` cotangents sensitive to gauge choice: (|Δgauge| = 0.01105429361183569)
└ @ TensorKitChainRulesCoreExt ~/.julia/packages/TensorKit/esxcj/ext/TensorKitChainRulesCoreExt/factorizations.jl:254
┌ Warning: `svd` cotangents sensitive to gauge choice: (|Δgauge| = 0.011054293621716662)
└ @ TensorKitChainRulesCoreExt ~/.julia/packages/TensorKit/esxcj/ext/TensorKitChainRulesCoreExt/factorizations.jl:254
[ Info: CTMRG init:	obj = +7.513793195214e+00	err = 1.0000e+00
[ Info: CTMRG conv 9:	obj = +4.409623718436e+01	err = 5.8010924043e-10	time = 8.31 sec
┌ Warning: `svd` cotangents sensitive to gauge choice: (|Δgauge| = 0.014314600661677173)
└ @ TensorKitChainRulesCoreExt ~/.julia/packages/TensorKit/esxcj/ext/TensorKitChainRulesCoreExt/factorizations.jl:254
┌ Warning: `svd` cotangents sensitive to gauge choice: (|Δgauge| = 0.014314600651694164)
└ @ TensorKitChainRulesCoreExt ~/.julia/packages/TensorKit/esxcj/ext/TensorKitChainRulesCoreExt/factorizations.jl:254
[ Info: CTMRG init:	obj = +2.090575895148e+00	err = 1.0000e+00
┌ Warning: CTMRG cancel 100:	obj = +2.694471767051e+00	err = 1.2166023128e-07	time = 1.38 min
└ @ PEPSKit ~/.julia/packages/PEPSKit/P7ER3/src/algorithms/ctmrg/ctmrg.jl:129
┌ Warning: `svd` cotangents sensitive to gauge choice: (|Δgauge| = 0.5162757286371982)
└ @ TensorKitChainRulesCoreExt ~/.julia/packages/TensorKit/esxcj/ext/TensorKitChainRulesCoreExt/factorizations.jl:254
┌ Warning: `svd` cotangents sensitive to gauge choice: (|Δgauge| = 8.604853944072049e-7)
└ @ TensorKitChainRulesCoreExt ~/.julia/packages/TensorKit/esxcj/ext/TensorKitChainRulesCoreExt/factorizations.jl:254
┌ Warning: `svd` cotangents sensitive to gauge choice: (|Δgauge| = 0.5162756008136685)
└ @ TensorKitChainRulesCoreExt ~/.julia/packages/TensorKit/esxcj/ext/TensorKitChainRulesCoreExt/factorizations.jl:254
[ Info: CTMRG init:	obj = +1.519607667044e+01	err = 1.0000e+00
[ Info: CTMRG conv 9:	obj = +9.192293446899e+01	err = 7.5432527174e-10	time = 6.06 sec
┌ Warning: `svd` cotangents sensitive to gauge choice: (|Δgauge| = 0.0036812251667343683)
└ @ TensorKitChainRulesCoreExt ~/.julia/packages/TensorKit/esxcj/ext/TensorKitChainRulesCoreExt/factorizations.jl:254
┌ Warning: `svd` cotangents sensitive to gauge choice: (|Δgauge| = 0.003681225168389473)
└ @ TensorKitChainRulesCoreExt ~/.julia/packages/TensorKit/esxcj/ext/TensorKitChainRulesCoreExt/factorizations.jl:254
[ Info: LBFGS: converged after 1 iterations and time 1992.05 s: f = -2.999994517787, ‖∇f‖ = 6.2182e-05
