  Installing known registries into `~/.julia`
       Added `General` registry to ~/.julia/registries
    Updating registry at `~/.julia/registries/General.toml`
   Installed GPUArraysCore ─────────────── v0.2.0
   Installed TaskLocalValues ───────────── v0.1.2
   Installed IrrationalConstants ───────── v0.2.4
   Installed RealDot ───────────────────── v0.1.0
   Installed IRTools ───────────────────── v0.4.14
   Installed JLD2 ──────────────────────── v0.5.12
   Installed OhMyThreads ───────────────── v0.7.0
   Installed BlockTensorKit ────────────── v0.1.6
   Installed DiffRules ─────────────────── v1.15.1
   Installed IntegerMathUtils ──────────── v0.1.2
   Installed PtrArrays ─────────────────── v1.3.0
   Installed Accessors ─────────────────── v0.1.42
   Installed Adapt ─────────────────────── v4.3.0
   Installed LRUCache ──────────────────── v1.6.2
   Installed TableTraits ───────────────── v1.0.1
   Installed Preferences ───────────────── v1.4.3
   Installed LoggingExtras ─────────────── v1.0.3
   Installed DiffResults ───────────────── v1.1.0
   Installed SpecialFunctions ──────────── v2.5.0
   Installed HashArrayMappedTries ──────── v0.2.0
   Installed Tables ────────────────────── v1.12.0
   Installed OptimKit ──────────────────── v0.4.0
   Installed WignerSymbols ─────────────── v2.0.0
   Installed ChunkSplitters ────────────── v3.1.2
   Installed TensorKit ─────────────────── v0.14.5
   Installed DataAPI ───────────────────── v1.16.0
   Installed Primes ────────────────────── v0.5.7
   Installed StaticArrays ──────────────── v1.9.13
   Installed Zygote ────────────────────── v0.7.6
   Installed RecipesBase ───────────────── v1.3.4
   Installed JLLWrappers ───────────────── v1.7.0
   Installed AbstractFFTs ──────────────── v1.5.0
   Installed BlockArrays ───────────────── v1.6.0
   Installed MPSKit ────────────────────── v0.12.6
   Installed Richardson ────────────────── v1.4.2
   Installed StaticArraysCore ──────────── v1.4.3
   Installed FiniteDifferences ─────────── v0.12.32
   Installed IteratorInterfaceExtensions ─ v1.0.0
   Installed NaNMath ───────────────────── v1.1.3
   Installed ConstructionBase ──────────── v1.5.8
   Installed PrecompileTools ───────────── v1.2.1
   Installed DataValueInterfaces ───────── v1.0.0
   Installed StructArrays ──────────────── v0.7.1
   Installed RationalRoots ─────────────── v0.2.1
   Installed OrderedCollections ────────── v1.8.0
   Installed StableTasks ───────────────── v0.1.7
   Installed TensorKitSectors ──────────── v0.1.4
   Installed TranscodingStreams ────────── v0.11.3
   Installed ChainRulesCore ────────────── v1.25.1
   Installed InitialValues ─────────────── v0.3.1
   Installed VectorInterface ───────────── v0.5.0
   Installed ScopedValues ──────────────── v1.3.0
   Installed FileIO ────────────────────── v1.17.0
   Installed MPSKitModels ──────────────── v0.4.0
   Installed ForwardDiff ───────────────── v1.0.1
   Installed FillArrays ────────────────── v1.13.0
   Installed Statistics ────────────────── v1.11.1
   Installed Requires ──────────────────── v1.3.1
   Installed LogExpFunctions ───────────── v0.3.29
   Installed ChainRules ────────────────── v1.72.3
   Installed CommonSubexpressions ──────── v0.3.1
   Installed ZygoteRules ───────────────── v0.2.7
   Installed BangBang ──────────────────── v0.4.4
   Installed StridedViews ──────────────── v0.4.1
   Installed HalfIntegers ──────────────── v1.6.0
   Installed PackageExtensionCompat ────── v1.0.2
   Installed Strided ───────────────────── v2.3.0
   Installed MacroTools ────────────────── v0.5.15
   Installed TensorKitManifolds ────────── v0.7.2
   Installed Compat ────────────────────── v4.16.0
   Installed CompositionsBase ──────────── v0.1.2
   Installed OpenSpecFun_jll ───────────── v0.5.6+0
   Installed SparseInverseSubset ───────── v0.1.2
   Installed InverseFunctions ──────────── v0.1.17
   Installed TupleTools ────────────────── v1.6.0
   Installed PEPSKit ───────────────────── v0.5.0
   Installed DocStringExtensions ───────── v0.9.4
   Installed TensorOperations ──────────── v5.2.0
   Installed KrylovKit ─────────────────── v0.9.5
   Installed ArrayLayouts ──────────────── v1.11.1
    Updating `/var/lib/condor/execute/dir_2910746/Project.toml`
  [d360d2e6] + ChainRulesCore v1.25.1
  [033835bb] + JLD2 v0.5.12
  [0b1a1467] + KrylovKit v0.9.5
  [bb1c41ca] + MPSKit v0.12.6
  [ca635005] + MPSKitModels v0.4.0
  [77e91f04] + OptimKit v0.4.0
  [52969e89] + PEPSKit v0.5.0
  [07d1fe3e] + TensorKit v0.14.5
  [409d34a3] + VectorInterface v0.5.0
  [e88e6eb3] + Zygote v0.7.6
  [37e2e46d] ~ LinearAlgebra ⇒ v1.11.0
    Updating `/var/lib/condor/execute/dir_2910746/Manifest.toml`
  [621f4979] + AbstractFFTs v1.5.0
  [7d9f7c33] + Accessors v0.1.42
  [79e6a3ab] + Adapt v4.3.0
  [4c555306] + ArrayLayouts v1.11.1
  [198e06fe] + BangBang v0.4.4
  [8e7c35d0] + BlockArrays v1.6.0
  [5f87ffc2] + BlockTensorKit v0.1.6
  [082447d4] + ChainRules v1.72.3
  [d360d2e6] + ChainRulesCore v1.25.1
  [ae650224] + ChunkSplitters v3.1.2
  [bbf7d656] + CommonSubexpressions v0.3.1
  [34da2185] + Compat v4.16.0
  [a33af91c] + CompositionsBase v0.1.2
  [187b0558] + ConstructionBase v1.5.8
  [9a962f9c] + DataAPI v1.16.0
  [e2d170a0] + DataValueInterfaces v1.0.0
  [163ba53b] + DiffResults v1.1.0
  [b552c78f] + DiffRules v1.15.1
  [ffbed154] + DocStringExtensions v0.9.4
  [5789e2e9] + FileIO v1.17.0
  [1a297f60] + FillArrays v1.13.0
  [26cc04aa] + FiniteDifferences v0.12.32
  [f6369f11] + ForwardDiff v1.0.1
  [46192b85] + GPUArraysCore v0.2.0
  [f0d1745a] + HalfIntegers v1.6.0
  [076d061b] + HashArrayMappedTries v0.2.0
  [7869d1d1] + IRTools v0.4.14
  [22cec73e] + InitialValues v0.3.1
  [18e54dd8] + IntegerMathUtils v0.1.2
  [3587e190] + InverseFunctions v0.1.17
  [92d709cd] + IrrationalConstants v0.2.4
  [82899510] + IteratorInterfaceExtensions v1.0.0
  [033835bb] + JLD2 v0.5.12
  [692b3bcd] + JLLWrappers v1.7.0
  [0b1a1467] + KrylovKit v0.9.5
  [8ac3fa9e] + LRUCache v1.6.2
  [2ab3a3ac] + LogExpFunctions v0.3.29
⌅ [e6f89c97] + LoggingExtras v1.0.3
  [bb1c41ca] + MPSKit v0.12.6
  [ca635005] + MPSKitModels v0.4.0
  [1914dd2f] + MacroTools v0.5.15
  [77ba4419] + NaNMath v1.1.3
⌅ [67456a42] + OhMyThreads v0.7.0
  [77e91f04] + OptimKit v0.4.0
  [bac558e1] + OrderedCollections v1.8.0
  [52969e89] + PEPSKit v0.5.0
  [65ce6f38] + PackageExtensionCompat v1.0.2
⌅ [aea7be01] + PrecompileTools v1.2.1
  [21216c6a] + Preferences v1.4.3
  [27ebfcd6] + Primes v0.5.7
  [43287f4e] + PtrArrays v1.3.0
  [308eb6b3] + RationalRoots v0.2.1
  [c1ae055f] + RealDot v0.1.0
  [3cdcf5f2] + RecipesBase v1.3.4
  [ae029012] + Requires v1.3.1
  [708f8203] + Richardson v1.4.2
  [7e506255] + ScopedValues v1.3.0
  [dc90abb0] + SparseInverseSubset v0.1.2
  [276daf66] + SpecialFunctions v2.5.0
  [91464d47] + StableTasks v0.1.7
  [90137ffa] + StaticArrays v1.9.13
  [1e83bf80] + StaticArraysCore v1.4.3
  [10745b16] + Statistics v1.11.1
  [5e0ebb24] + Strided v2.3.0
  [4db3bf67] + StridedViews v0.4.1
  [09ab397b] + StructArrays v0.7.1
  [3783bdb8] + TableTraits v1.0.1
  [bd369af6] + Tables v1.12.0
  [ed4db957] + TaskLocalValues v0.1.2
  [07d1fe3e] + TensorKit v0.14.5
  [11fa318c] + TensorKitManifolds v0.7.2
  [13a9c161] + TensorKitSectors v0.1.4
  [6aa20fa7] + TensorOperations v5.2.0
  [3bb67fe8] + TranscodingStreams v0.11.3
  [9d95972d] + TupleTools v1.6.0
  [409d34a3] + VectorInterface v0.5.0
  [9f57e263] + WignerSymbols v2.0.0
  [e88e6eb3] + Zygote v0.7.6
  [700de1a5] + ZygoteRules v0.2.7
  [efe28fd5] + OpenSpecFun_jll v0.5.6+0
  [0dad84c5] + ArgTools v1.1.2
  [56f22d72] + Artifacts v1.11.0
  [2a0f44e3] + Base64 v1.11.0
  [ade2ca70] + Dates v1.11.0
  [8ba89e20] + Distributed v1.11.0
  [f43a241f] + Downloads v1.6.0
  [7b1f6079] + FileWatching v1.11.0
  [b77e0a4c] + InteractiveUtils v1.11.0
  [b27032c2] + LibCURL v0.6.4
  [76f85450] + LibGit2 v1.11.0
  [8f399da3] + Libdl v1.11.0
  [37e2e46d] + LinearAlgebra v1.11.0
  [56ddb016] + Logging v1.11.0
  [d6f4376e] + Markdown v1.11.0
  [a63ad114] + Mmap v1.11.0
  [ca575930] + NetworkOptions v1.2.0
  [44cfe95a] + Pkg v1.11.0
  [de0858da] + Printf v1.11.0
  [9a3f8284] + Random v1.11.0
  [ea8e919c] + SHA v0.7.0
  [9e88b42a] + Serialization v1.11.0
  [6462fe0b] + Sockets v1.11.0
  [2f01184e] + SparseArrays v1.11.0
  [4607b0f0] + SuiteSparse
  [fa267f1f] + TOML v1.0.3
  [a4e569a6] + Tar v1.10.0
  [cf7118a7] + UUIDs v1.11.0
  [4ec0a83e] + Unicode v1.11.0
  [e66e0078] + CompilerSupportLibraries_jll v1.1.1+0
  [deac9b47] + LibCURL_jll v8.6.0+0
  [e37daf67] + LibGit2_jll v1.7.2+0
  [29816b5a] + LibSSH2_jll v1.11.0+1
  [c8ffd9c3] + MbedTLS_jll v2.28.6+0
  [14a3606d] + MozillaCACerts_jll v2023.12.12
  [4536629a] + OpenBLAS_jll v0.3.27+1
  [05823500] + OpenLibm_jll v0.8.1+2
  [bea87d4a] + SuiteSparse_jll v7.7.0+0
  [83775a58] + Zlib_jll v1.2.13+1
  [8e850b90] + libblastrampoline_jll v5.11.0+0
  [8e850ede] + nghttp2_jll v1.59.0+0
  [3f19e933] + p7zip_jll v17.4.0+2
        Info Packages marked with ⌅ have new versions available but compatibility constraints restrict them from upgrading. To see why use `status --outdated -m`
Precompiling project...
    390.1 ms  ✓ DataValueInterfaces
    409.1 ms  ✓ IntegerMathUtils
    497.2 ms  ✓ TaskLocalValues
    420.7 ms  ✓ RealDot
    455.5 ms  ✓ Richardson
    513.4 ms  ✓ HalfIntegers
    512.3 ms  ✓ StableTasks
    518.5 ms  ✓ InverseFunctions
    529.2 ms  ✓ LRUCache
    585.6 ms  ✓ DocStringExtensions
    630.6 ms  ✓ OrderedCollections
    646.6 ms  ✓ VectorInterface
    644.9 ms  ✓ Statistics
    703.0 ms  ✓ AbstractFFTs
    382.9 ms  ✓ IteratorInterfaceExtensions
    394.9 ms  ✓ PackageExtensionCompat
    437.5 ms  ✓ DataAPI
    564.7 ms  ✓ ConstructionBase
    459.5 ms  ✓ CompositionsBase
    435.3 ms  ✓ PtrArrays
    567.9 ms  ✓ ChunkSplitters
   1094.3 ms  ✓ FillArrays
    631.7 ms  ✓ TupleTools
    548.8 ms  ✓ HashArrayMappedTries
    647.8 ms  ✓ StaticArraysCore
    589.2 ms  ✓ RationalRoots
   1306.4 ms  ✓ IrrationalConstants
    666.1 ms  ✓ TranscodingStreams
    591.0 ms  ✓ NaNMath
    559.9 ms  ✓ Requires
    654.4 ms  ✓ LoggingExtras
    622.9 ms  ✓ SuiteSparse
   1047.0 ms  ✓ InitialValues
    648.6 ms  ✓ Compat
    429.2 ms  ✓ ScopedValues
    430.3 ms  ✓ TableTraits
    631.9 ms  ✓ InverseFunctions → InverseFunctionsDatesExt
    467.1 ms  ✓ LRUCache → SerializationExt
    718.4 ms  ✓ Primes
    464.5 ms  ✓ ConstructionBase → ConstructionBaseLinearAlgebraExt
    854.9 ms  ✓ Preferences
    460.6 ms  ✓ CompositionsBase → CompositionsBaseInverseFunctionsExt
    650.0 ms  ✓ Statistics → SparseArraysExt
    486.3 ms  ✓ FillArrays → FillArraysStatisticsExt
    492.6 ms  ✓ DiffResults
    541.2 ms  ✓ StridedViews
    519.3 ms  ✓ Adapt
    684.8 ms  ✓ FillArrays → FillArraysSparseArraysExt
    464.1 ms  ✓ Compat → CompatLinearAlgebraExt
    617.8 ms  ✓ SparseInverseSubset
    678.0 ms  ✓ LogExpFunctions
    502.0 ms  ✓ PrecompileTools
    560.6 ms  ✓ JLLWrappers
    434.3 ms  ✓ StridedViews → StridedViewsPtrArraysExt
    867.4 ms  ✓ Tables
    448.3 ms  ✓ LogExpFunctions → LogExpFunctionsInverseFunctionsExt
    623.3 ms  ✓ Adapt → AdaptSparseArraysExt
    572.8 ms  ✓ GPUArraysCore
    676.0 ms  ✓ Strided
   1544.1 ms  ✓ KrylovKit
   2425.2 ms  ✓ MacroTools
   1408.8 ms  ✓ OptimKit
    788.7 ms  ✓ OpenSpecFun_jll
    602.3 ms  ✓ CommonSubexpressions
    998.0 ms  ✓ StructArrays
   1509.3 ms  ✓ ChainRulesCore
    463.7 ms  ✓ StructArrays → StructArraysAdaptExt
    484.5 ms  ✓ StructArrays → StructArraysLinearAlgebraExt
   1792.1 ms  ✓ RecipesBase
    522.7 ms  ✓ AbstractFFTs → AbstractFFTsChainRulesCoreExt
   2511.7 ms  ✓ WignerSymbols
    636.3 ms  ✓ StructArrays → StructArraysSparseArraysExt
    637.5 ms  ✓ ChainRulesCore → ChainRulesCoreSparseArraysExt
    828.8 ms  ✓ ZygoteRules
    644.6 ms  ✓ KrylovKit → KrylovKitChainRulesCoreExt
   2044.7 ms  ✓ IRTools
   2185.2 ms  ✓ Accessors
   1499.5 ms  ✓ LogExpFunctions → LogExpFunctionsChainRulesCoreExt
    596.8 ms  ✓ Accessors → LinearAlgebraExt
    595.3 ms  ✓ Accessors → StructArraysExt
   4187.6 ms  ✓ FileIO
   2745.9 ms  ✓ SpecialFunctions
    832.6 ms  ✓ BangBang
    756.5 ms  ✓ DiffRules
    584.7 ms  ✓ BangBang → BangBangTablesExt
    587.0 ms  ✓ BangBang → BangBangStructArraysExt
    600.2 ms  ✓ BangBang → BangBangChainRulesCoreExt
   1098.0 ms  ✓ OhMyThreads
   1729.1 ms  ✓ SpecialFunctions → SpecialFunctionsChainRulesCoreExt
   7200.7 ms  ✓ StaticArrays
   5700.2 ms  ✓ ChainRules
    744.8 ms  ✓ Adapt → AdaptStaticArraysExt
    747.6 ms  ✓ StaticArrays → StaticArraysStatisticsExt
    749.5 ms  ✓ ConstructionBase → ConstructionBaseStaticArraysExt
    770.3 ms  ✓ StaticArrays → StaticArraysChainRulesCoreExt
    813.9 ms  ✓ StructArrays → StructArraysStaticArraysExt
    824.2 ms  ✓ Accessors → StaticArraysExt
    865.6 ms  ✓ BangBang → BangBangStaticArraysExt
   3844.7 ms  ✓ ForwardDiff
    829.1 ms  ✓ ForwardDiff → ForwardDiffStaticArraysExt
   1149.1 ms  ✓ FiniteDifferences
  12617.3 ms  ✓ ArrayLayouts
    801.6 ms  ✓ ArrayLayouts → ArrayLayoutsSparseArraysExt
   1622.2 ms  ✓ BlockArrays
    794.5 ms  ✓ BlockArrays → BlockArraysAdaptExt
  31157.7 ms  ✓ JLD2
  27555.3 ms  ✓ Zygote
 109220.8 ms  ✓ TensorOperations
   1294.8 ms  ✓ TensorOperations → TensorOperationsChainRulesCoreExt
   5901.5 ms  ✓ TensorKitSectors
   7159.1 ms  ✓ TensorKit
   1787.8 ms  ✓ TensorKitManifolds
   1808.7 ms  ✓ TensorKit → TensorKitFiniteDifferencesExt
   1955.9 ms  ✓ TensorKit → TensorKitChainRulesCoreExt
   2504.6 ms  ✓ BlockTensorKit
  13285.5 ms  ✓ MPSKit
  11388.9 ms  ✓ MPSKitModels
  14379.8 ms  ✓ PEPSKit
  118 dependencies successfully precompiled in 167 seconds. 31 already precompiled.
[ Info: CTMRG init:	obj = +1.286542586608e+00 +2.273640342961e+00im	err = 1.0000e+00
[ Info: CTMRG conv 28:	obj = +3.404182664711e+00	err = 5.2318099135e-10	time = 30.52 sec
[ Info: CTMRG init:	obj = +3.404182664711e+00	err = 1.0000e+00
[ Info: CTMRG conv 4:	obj = +3.404182664711e+00	err = 9.1300826818e-12	time = 1.34 min
┌ Warning: `svd` cotangents sensitive to gauge choice: (|Δgauge| = 0.26977657984193587)
└ @ TensorKitChainRulesCoreExt ~/.julia/packages/TensorKit/esxcj/ext/TensorKitChainRulesCoreExt/factorizations.jl:254
┌ Warning: `svd` cotangents sensitive to gauge choice: (|Δgauge| = 0.0010121637271027456)
└ @ TensorKitChainRulesCoreExt ~/.julia/packages/TensorKit/esxcj/ext/TensorKitChainRulesCoreExt/factorizations.jl:254
┌ Warning: `svd` cotangents sensitive to gauge choice: (|Δgauge| = 0.26876441611479085)
└ @ TensorKitChainRulesCoreExt ~/.julia/packages/TensorKit/esxcj/ext/TensorKitChainRulesCoreExt/factorizations.jl:254
[ Info: LBFGS: initializing with f = 0.205523925508, ‖∇f‖ = 6.6233e-01
[ Info: CTMRG init:	obj = +3.402153718075e+00	err = 1.0000e+00
[ Info: CTMRG conv 14:	obj = +3.402181599580e+00	err = 8.6994844515e-10	time = 5.35 sec
┌ Warning: `svd` cotangents sensitive to gauge choice: (|Δgauge| = 0.2705030349152265)
└ @ TensorKitChainRulesCoreExt ~/.julia/packages/TensorKit/esxcj/ext/TensorKitChainRulesCoreExt/factorizations.jl:254
┌ Warning: `svd` cotangents sensitive to gauge choice: (|Δgauge| = 2.568645242376871e-9)
└ @ TensorKitChainRulesCoreExt ~/.julia/packages/TensorKit/esxcj/ext/TensorKitChainRulesCoreExt/factorizations.jl:254
┌ Warning: `svd` cotangents sensitive to gauge choice: (|Δgauge| = 0.2705030323466022)
└ @ TensorKitChainRulesCoreExt ~/.julia/packages/TensorKit/esxcj/ext/TensorKitChainRulesCoreExt/factorizations.jl:254
[ Info: CTMRG init:	obj = +3.394258134180e+00	err = 1.0000e+00
[ Info: CTMRG conv 16:	obj = +3.394948525665e+00	err = 4.0887725017e-10	time = 6.37 sec
┌ Warning: `svd` cotangents sensitive to gauge choice: (|Δgauge| = 0.2729810245296338)
└ @ TensorKitChainRulesCoreExt ~/.julia/packages/TensorKit/esxcj/ext/TensorKitChainRulesCoreExt/factorizations.jl:254
┌ Warning: `svd` cotangents sensitive to gauge choice: (|Δgauge| = 3.301866109808235e-10)
└ @ TensorKitChainRulesCoreExt ~/.julia/packages/TensorKit/esxcj/ext/TensorKitChainRulesCoreExt/factorizations.jl:254
┌ Warning: `svd` cotangents sensitive to gauge choice: (|Δgauge| = 0.2729810247937089)
└ @ TensorKitChainRulesCoreExt ~/.julia/packages/TensorKit/esxcj/ext/TensorKitChainRulesCoreExt/factorizations.jl:254
[ Info: CTMRG init:	obj = +3.360099989294e+00	err = 1.0000e+00
[ Info: CTMRG conv 15:	obj = +3.376531247999e+00	err = 5.9926066736e-10	time = 5.28 sec
┌ Warning: `svd` cotangents sensitive to gauge choice: (|Δgauge| = 0.2757994479399267)
└ @ TensorKitChainRulesCoreExt ~/.julia/packages/TensorKit/esxcj/ext/TensorKitChainRulesCoreExt/factorizations.jl:254
┌ Warning: `svd` cotangents sensitive to gauge choice: (|Δgauge| = 6.514556368306638e-9)
└ @ TensorKitChainRulesCoreExt ~/.julia/packages/TensorKit/esxcj/ext/TensorKitChainRulesCoreExt/factorizations.jl:254
┌ Warning: `svd` cotangents sensitive to gauge choice: (|Δgauge| = 0.27579945311370613)
└ @ TensorKitChainRulesCoreExt ~/.julia/packages/TensorKit/esxcj/ext/TensorKitChainRulesCoreExt/factorizations.jl:254
[ Info: CTMRG init:	obj = +3.325008487544e+00	err = 1.0000e+00
[ Info: CTMRG conv 22:	obj = +3.648718173791e+00	err = 7.4817827359e-10	time = 7.34 sec
┌ Warning: `svd` cotangents sensitive to gauge choice: (|Δgauge| = 0.3019428794212961)
└ @ TensorKitChainRulesCoreExt ~/.julia/packages/TensorKit/esxcj/ext/TensorKitChainRulesCoreExt/factorizations.jl:254
┌ Warning: `svd` cotangents sensitive to gauge choice: (|Δgauge| = 3.020136795252578e-10)
└ @ TensorKitChainRulesCoreExt ~/.julia/packages/TensorKit/esxcj/ext/TensorKitChainRulesCoreExt/factorizations.jl:254
┌ Warning: `svd` cotangents sensitive to gauge choice: (|Δgauge| = 0.3019428792759492)
└ @ TensorKitChainRulesCoreExt ~/.julia/packages/TensorKit/esxcj/ext/TensorKitChainRulesCoreExt/factorizations.jl:254
[ Info: CTMRG init:	obj = +5.911665751061e+00 -1.799907036164e-11im	err = 1.0000e+00
[ Info: CTMRG conv 27:	obj = +7.784821061360e+00	err = 5.8519835608e-10	time = 9.36 sec
┌ Warning: `svd` cotangents sensitive to gauge choice: (|Δgauge| = 0.313771484205014)
└ @ TensorKitChainRulesCoreExt ~/.julia/packages/TensorKit/esxcj/ext/TensorKitChainRulesCoreExt/factorizations.jl:254
┌ Warning: `svd` cotangents sensitive to gauge choice: (|Δgauge| = 1.7751980964806604e-10)
└ @ TensorKitChainRulesCoreExt ~/.julia/packages/TensorKit/esxcj/ext/TensorKitChainRulesCoreExt/factorizations.jl:254
┌ Warning: `svd` cotangents sensitive to gauge choice: (|Δgauge| = 0.3137714843177191)
└ @ TensorKitChainRulesCoreExt ~/.julia/packages/TensorKit/esxcj/ext/TensorKitChainRulesCoreExt/factorizations.jl:254
[ Info: CTMRG init:	obj = +5.371704689874e+00 -1.402611004315e-11im	err = 1.0000e+00
[ Info: CTMRG conv 28:	obj = +7.244147532771e+00	err = 8.1410705162e-10	time = 10.77 sec
┌ Warning: `svd` cotangents sensitive to gauge choice: (|Δgauge| = 0.3039643976466629)
└ @ TensorKitChainRulesCoreExt ~/.julia/packages/TensorKit/esxcj/ext/TensorKitChainRulesCoreExt/factorizations.jl:254
┌ Warning: `svd` cotangents sensitive to gauge choice: (|Δgauge| = 3.948592662896986e-10)
└ @ TensorKitChainRulesCoreExt ~/.julia/packages/TensorKit/esxcj/ext/TensorKitChainRulesCoreExt/factorizations.jl:254
┌ Warning: `svd` cotangents sensitive to gauge choice: (|Δgauge| = 0.30396439739841374)
└ @ TensorKitChainRulesCoreExt ~/.julia/packages/TensorKit/esxcj/ext/TensorKitChainRulesCoreExt/factorizations.jl:254
[ Info: LBFGS: iter    1, time 1248.12 s: f = -1.311141050918, ‖∇f‖ = 4.5139e-01, α = 5.53e+02, m = 0, nfg = 6
[ Info: CTMRG init:	obj = +8.690824729565e+00	err = 1.0000e+00
[ Info: CTMRG conv 20:	obj = +8.992551674901e+00	err = 8.3181037932e-10	time = 7.83 sec
┌ Warning: `svd` cotangents sensitive to gauge choice: (|Δgauge| = 0.16578865179082963)
└ @ TensorKitChainRulesCoreExt ~/.julia/packages/TensorKit/esxcj/ext/TensorKitChainRulesCoreExt/factorizations.jl:254
┌ Warning: `svd` cotangents sensitive to gauge choice: (|Δgauge| = 0.1657886517698977)
└ @ TensorKitChainRulesCoreExt ~/.julia/packages/TensorKit/esxcj/ext/TensorKitChainRulesCoreExt/factorizations.jl:254
[ Info: LBFGS: iter    2, time 1262.79 s: f = -1.794548890248, ‖∇f‖ = 2.9137e-01, α = 1.00e+00, m = 1, nfg = 1
[ Info: CTMRG init:	obj = +8.513822280863e+00	err = 1.0000e+00
[ Info: CTMRG conv 11:	obj = +8.610899779108e+00	err = 2.1474349425e-10	time = 4.01 sec
┌ Warning: `svd` cotangents sensitive to gauge choice: (|Δgauge| = 0.19386249169019007)
└ @ TensorKitChainRulesCoreExt ~/.julia/packages/TensorKit/esxcj/ext/TensorKitChainRulesCoreExt/factorizations.jl:254
┌ Warning: `svd` cotangents sensitive to gauge choice: (|Δgauge| = 0.19386249167412178)
└ @ TensorKitChainRulesCoreExt ~/.julia/packages/TensorKit/esxcj/ext/TensorKitChainRulesCoreExt/factorizations.jl:254
[ Info: LBFGS: iter    3, time 1271.39 s: f = -1.973146689532, ‖∇f‖ = 1.1784e-01, α = 1.00e+00, m = 2, nfg = 1
[ Info: CTMRG init:	obj = +8.560296144065e+00	err = 1.0000e+00
[ Info: CTMRG conv 11:	obj = +8.654976664547e+00	err = 1.5641534200e-10	time = 4.10 sec
┌ Warning: `svd` cotangents sensitive to gauge choice: (|Δgauge| = 0.17443779904359644)
└ @ TensorKitChainRulesCoreExt ~/.julia/packages/TensorKit/esxcj/ext/TensorKitChainRulesCoreExt/factorizations.jl:254
┌ Warning: `svd` cotangents sensitive to gauge choice: (|Δgauge| = 0.1744377990245998)
└ @ TensorKitChainRulesCoreExt ~/.julia/packages/TensorKit/esxcj/ext/TensorKitChainRulesCoreExt/factorizations.jl:254
[ Info: LBFGS: iter    4, time 1279.69 s: f = -1.992041309594, ‖∇f‖ = 1.5331e-01, α = 1.00e+00, m = 3, nfg = 1
[ Info: CTMRG init:	obj = +8.707735679546e+00	err = 1.0000e+00
[ Info: CTMRG conv 11:	obj = +8.752496771083e+00	err = 1.8007754654e-10	time = 3.73 sec
┌ Warning: `svd` cotangents sensitive to gauge choice: (|Δgauge| = 0.16932079963134442)
└ @ TensorKitChainRulesCoreExt ~/.julia/packages/TensorKit/esxcj/ext/TensorKitChainRulesCoreExt/factorizations.jl:254
┌ Warning: `svd` cotangents sensitive to gauge choice: (|Δgauge| = 0.16932079970853692)
└ @ TensorKitChainRulesCoreExt ~/.julia/packages/TensorKit/esxcj/ext/TensorKitChainRulesCoreExt/factorizations.jl:254
[ Info: LBFGS: iter    5, time 1287.86 s: f = -2.015441511979, ‖∇f‖ = 2.8814e-02, α = 1.00e+00, m = 3, nfg = 1
[ Info: CTMRG init:	obj = +8.794576901840e+00	err = 1.0000e+00
[ Info: CTMRG conv 10:	obj = +8.794790888344e+00	err = 2.7901182152e-10	time = 4.32 sec
┌ Warning: `svd` cotangents sensitive to gauge choice: (|Δgauge| = 0.1648075183400648)
└ @ TensorKitChainRulesCoreExt ~/.julia/packages/TensorKit/esxcj/ext/TensorKitChainRulesCoreExt/factorizations.jl:254
┌ Warning: `svd` cotangents sensitive to gauge choice: (|Δgauge| = 2.663380133112289e-12)
└ @ TensorKitChainRulesCoreExt ~/.julia/packages/TensorKit/esxcj/ext/TensorKitChainRulesCoreExt/factorizations.jl:254
┌ Warning: `svd` cotangents sensitive to gauge choice: (|Δgauge| = 0.1648075184027204)
└ @ TensorKitChainRulesCoreExt ~/.julia/packages/TensorKit/esxcj/ext/TensorKitChainRulesCoreExt/factorizations.jl:254
[ Info: LBFGS: iter    6, time 1296.36 s: f = -2.017750843475, ‖∇f‖ = 1.7712e-02, α = 1.00e+00, m = 3, nfg = 1
[ Info: CTMRG init:	obj = +8.897129070042e+00	err = 1.0000e+00
[ Info: CTMRG conv 10:	obj = +8.897919361602e+00	err = 2.7164685544e-10	time = 4.07 sec
┌ Warning: `svd` cotangents sensitive to gauge choice: (|Δgauge| = 0.1587950600552872)
└ @ TensorKitChainRulesCoreExt ~/.julia/packages/TensorKit/esxcj/ext/TensorKitChainRulesCoreExt/factorizations.jl:254
┌ Warning: `svd` cotangents sensitive to gauge choice: (|Δgauge| = 0.15879506004527044)
└ @ TensorKitChainRulesCoreExt ~/.julia/packages/TensorKit/esxcj/ext/TensorKitChainRulesCoreExt/factorizations.jl:254
[ Info: LBFGS: iter    7, time 1304.82 s: f = -2.019998200861, ‖∇f‖ = 1.5992e-02, α = 1.00e+00, m = 3, nfg = 1
[ Info: CTMRG init:	obj = +8.983634905339e+00	err = 1.0000e+00
[ Info: CTMRG conv 10:	obj = +8.983809075508e+00	err = 4.1085947733e-10	time = 4.09 sec
┌ Warning: `svd` cotangents sensitive to gauge choice: (|Δgauge| = 0.14951073563065465)
└ @ TensorKitChainRulesCoreExt ~/.julia/packages/TensorKit/esxcj/ext/TensorKitChainRulesCoreExt/factorizations.jl:254
┌ Warning: `svd` cotangents sensitive to gauge choice: (|Δgauge| = 0.14951073557704964)
└ @ TensorKitChainRulesCoreExt ~/.julia/packages/TensorKit/esxcj/ext/TensorKitChainRulesCoreExt/factorizations.jl:254
[ Info: LBFGS: iter    8, time 1313.38 s: f = -2.021003217518, ‖∇f‖ = 2.4191e-02, α = 1.00e+00, m = 3, nfg = 1
[ Info: CTMRG init:	obj = +9.025970254335e+00	err = 1.0000e+00
[ Info: CTMRG conv 9:	obj = +9.026001045428e+00	err = 3.7730443764e-10	time = 3.62 sec
┌ Warning: `svd` cotangents sensitive to gauge choice: (|Δgauge| = 0.1480641321650914)
└ @ TensorKitChainRulesCoreExt ~/.julia/packages/TensorKit/esxcj/ext/TensorKitChainRulesCoreExt/factorizations.jl:254
┌ Warning: `svd` cotangents sensitive to gauge choice: (|Δgauge| = 4.170777798367422e-12)
└ @ TensorKitChainRulesCoreExt ~/.julia/packages/TensorKit/esxcj/ext/TensorKitChainRulesCoreExt/factorizations.jl:254
┌ Warning: `svd` cotangents sensitive to gauge choice: (|Δgauge| = 0.14806413227338866)
└ @ TensorKitChainRulesCoreExt ~/.julia/packages/TensorKit/esxcj/ext/TensorKitChainRulesCoreExt/factorizations.jl:254
[ Info: LBFGS: iter    9, time 1320.73 s: f = -2.022157540210, ‖∇f‖ = 1.4860e-02, α = 1.00e+00, m = 3, nfg = 1
[ Info: CTMRG init:	obj = +9.100624111426e+00	err = 1.0000e+00
[ Info: CTMRG conv 9:	obj = +9.100733133679e+00	err = 8.8730594796e-10	time = 3.84 sec
┌ Warning: `svd` cotangents sensitive to gauge choice: (|Δgauge| = 0.14541836784396214)
└ @ TensorKitChainRulesCoreExt ~/.julia/packages/TensorKit/esxcj/ext/TensorKitChainRulesCoreExt/factorizations.jl:254
┌ Warning: `svd` cotangents sensitive to gauge choice: (|Δgauge| = 0.14541836806138206)
└ @ TensorKitChainRulesCoreExt ~/.julia/packages/TensorKit/esxcj/ext/TensorKitChainRulesCoreExt/factorizations.jl:254
[ Info: LBFGS: iter   10, time 1328.52 s: f = -2.024097178337, ‖∇f‖ = 9.1826e-03, α = 1.00e+00, m = 3, nfg = 1
[ Info: CTMRG init:	obj = +9.087499902230e+00	err = 1.0000e+00
[ Info: CTMRG conv 10:	obj = +9.087724672582e+00	err = 7.2321585128e-10	time = 4.11 sec
┌ Warning: `svd` cotangents sensitive to gauge choice: (|Δgauge| = 0.14937906453816807)
└ @ TensorKitChainRulesCoreExt ~/.julia/packages/TensorKit/esxcj/ext/TensorKitChainRulesCoreExt/factorizations.jl:254
┌ Warning: `svd` cotangents sensitive to gauge choice: (|Δgauge| = 0.1493790649364761)
└ @ TensorKitChainRulesCoreExt ~/.julia/packages/TensorKit/esxcj/ext/TensorKitChainRulesCoreExt/factorizations.jl:254
[ Info: LBFGS: iter   11, time 1336.85 s: f = -2.025694508295, ‖∇f‖ = 1.3089e-02, α = 1.00e+00, m = 3, nfg = 1
[ Info: CTMRG init:	obj = +8.787392930580e+00	err = 1.0000e+00
[ Info: CTMRG conv 44:	obj = +8.793069777023e+00	err = 8.7624634590e-10	time = 21.02 sec
┌ Warning: `svd` cotangents sensitive to gauge choice: (|Δgauge| = 0.17849550616157234)
└ @ TensorKitChainRulesCoreExt ~/.julia/packages/TensorKit/esxcj/ext/TensorKitChainRulesCoreExt/factorizations.jl:254
┌ Warning: `svd` cotangents sensitive to gauge choice: (|Δgauge| = 0.17849550609116305)
└ @ TensorKitChainRulesCoreExt ~/.julia/packages/TensorKit/esxcj/ext/TensorKitChainRulesCoreExt/factorizations.jl:254
[ Info: CTMRG init:	obj = +9.045248732108e+00	err = 1.0000e+00
┌ Warning: CTMRG cancel 100:	obj = +9.045423052091e+00	err = 2.3690172705e-09	time = 53.95 sec
└ @ PEPSKit ~/.julia/packages/PEPSKit/P7ER3/src/algorithms/ctmrg/ctmrg.jl:129
┌ Warning: `svd` cotangents sensitive to gauge choice: (|Δgauge| = 0.15367623678422312)
└ @ TensorKitChainRulesCoreExt ~/.julia/packages/TensorKit/esxcj/ext/TensorKitChainRulesCoreExt/factorizations.jl:254
┌ Warning: `svd` cotangents sensitive to gauge choice: (|Δgauge| = 0.1536762366807406)
└ @ TensorKitChainRulesCoreExt ~/.julia/packages/TensorKit/esxcj/ext/TensorKitChainRulesCoreExt/factorizations.jl:254
[ Info: LBFGS: iter   12, time 1442.63 s: f = -2.026286733746, ‖∇f‖ = 1.2705e-02, α = 2.25e-01, m = 3, nfg = 2
[ Info: CTMRG init:	obj = +8.755205212234e+00	err = 1.0000e+00
[ Info: CTMRG conv 10:	obj = +8.758480935196e+00	err = 6.7307437952e-10	time = 5.25 sec
┌ Warning: `svd` cotangents sensitive to gauge choice: (|Δgauge| = 0.17384691167515579)
└ @ TensorKitChainRulesCoreExt ~/.julia/packages/TensorKit/esxcj/ext/TensorKitChainRulesCoreExt/factorizations.jl:254
┌ Warning: `svd` cotangents sensitive to gauge choice: (|Δgauge| = 0.1738469118028968)
└ @ TensorKitChainRulesCoreExt ~/.julia/packages/TensorKit/esxcj/ext/TensorKitChainRulesCoreExt/factorizations.jl:254
[ Info: LBFGS: iter   13, time 1452.90 s: f = -2.027117392424, ‖∇f‖ = 2.1564e-02, α = 1.00e+00, m = 3, nfg = 1
[ Info: CTMRG init:	obj = +8.540104500295e+00	err = 1.0000e+00
[ Info: CTMRG conv 12:	obj = +8.548607665098e+00	err = 5.6442637181e-10	time = 6.82 sec
┌ Warning: `svd` cotangents sensitive to gauge choice: (|Δgauge| = 0.17347246686928827)
└ @ TensorKitChainRulesCoreExt ~/.julia/packages/TensorKit/esxcj/ext/TensorKitChainRulesCoreExt/factorizations.jl:254
┌ Warning: `svd` cotangents sensitive to gauge choice: (|Δgauge| = 0.17347246689051024)
└ @ TensorKitChainRulesCoreExt ~/.julia/packages/TensorKit/esxcj/ext/TensorKitChainRulesCoreExt/factorizations.jl:254
[ Info: LBFGS: iter   14, time 1464.60 s: f = -2.030501812132, ‖∇f‖ = 4.7533e-02, α = 1.00e+00, m = 3, nfg = 1
[ Info: CTMRG init:	obj = +8.351936584403e+00	err = 1.0000e+00
[ Info: CTMRG conv 11:	obj = +8.353357709247e+00	err = 2.7497880257e-10	time = 6.72 sec
┌ Warning: `svd` cotangents sensitive to gauge choice: (|Δgauge| = 0.1733898071853319)
└ @ TensorKitChainRulesCoreExt ~/.julia/packages/TensorKit/esxcj/ext/TensorKitChainRulesCoreExt/factorizations.jl:254
┌ Warning: `svd` cotangents sensitive to gauge choice: (|Δgauge| = 0.1733898072860945)
└ @ TensorKitChainRulesCoreExt ~/.julia/packages/TensorKit/esxcj/ext/TensorKitChainRulesCoreExt/factorizations.jl:254
[ Info: LBFGS: iter   15, time 1477.67 s: f = -2.035805183034, ‖∇f‖ = 3.5644e-02, α = 1.00e+00, m = 3, nfg = 1
[ Info: CTMRG init:	obj = +7.445327845995e+00	err = 1.0000e+00
[ Info: CTMRG conv 11:	obj = +7.472959193222e+00	err = 2.7724590926e-10	time = 6.00 sec
┌ Warning: `svd` cotangents sensitive to gauge choice: (|Δgauge| = 0.21648022574125692)
└ @ TensorKitChainRulesCoreExt ~/.julia/packages/TensorKit/esxcj/ext/TensorKitChainRulesCoreExt/factorizations.jl:254
┌ Warning: `svd` cotangents sensitive to gauge choice: (|Δgauge| = 9.974016082571606e-12)
└ @ TensorKitChainRulesCoreExt ~/.julia/packages/TensorKit/esxcj/ext/TensorKitChainRulesCoreExt/factorizations.jl:254
┌ Warning: `svd` cotangents sensitive to gauge choice: (|Δgauge| = 0.21648022585059076)
└ @ TensorKitChainRulesCoreExt ~/.julia/packages/TensorKit/esxcj/ext/TensorKitChainRulesCoreExt/factorizations.jl:254
[ Info: CTMRG init:	obj = +8.214157821657e+00	err = 1.0000e+00
[ Info: CTMRG conv 11:	obj = +8.214743738663e+00	err = 1.8003167122e-10	time = 6.15 sec
┌ Warning: `svd` cotangents sensitive to gauge choice: (|Δgauge| = 0.17992538914872705)
└ @ TensorKitChainRulesCoreExt ~/.julia/packages/TensorKit/esxcj/ext/TensorKitChainRulesCoreExt/factorizations.jl:254
┌ Warning: `svd` cotangents sensitive to gauge choice: (|Δgauge| = 0.17992538942422373)
└ @ TensorKitChainRulesCoreExt ~/.julia/packages/TensorKit/esxcj/ext/TensorKitChainRulesCoreExt/factorizations.jl:254
[ Info: LBFGS: iter   16, time 1498.26 s: f = -2.037178436986, ‖∇f‖ = 2.7669e-02, α = 1.77e-01, m = 3, nfg = 2
[ Info: CTMRG init:	obj = +8.131105781717e+00	err = 1.0000e+00
[ Info: CTMRG conv 9:	obj = +8.135137668691e+00	err = 9.6841774015e-10	time = 5.15 sec
┌ Warning: `svd` cotangents sensitive to gauge choice: (|Δgauge| = 0.18043646253175694)
└ @ TensorKitChainRulesCoreExt ~/.julia/packages/TensorKit/esxcj/ext/TensorKitChainRulesCoreExt/factorizations.jl:254
┌ Warning: `svd` cotangents sensitive to gauge choice: (|Δgauge| = 1.503683335277454e-11)
└ @ TensorKitChainRulesCoreExt ~/.julia/packages/TensorKit/esxcj/ext/TensorKitChainRulesCoreExt/factorizations.jl:254
┌ Warning: `svd` cotangents sensitive to gauge choice: (|Δgauge| = 0.18043646293870824)
└ @ TensorKitChainRulesCoreExt ~/.julia/packages/TensorKit/esxcj/ext/TensorKitChainRulesCoreExt/factorizations.jl:254
[ Info: LBFGS: iter   17, time 1507.19 s: f = -2.038172384892, ‖∇f‖ = 1.3901e-02, α = 1.00e+00, m = 3, nfg = 1
[ Info: CTMRG init:	obj = +8.155722650407e+00	err = 1.0000e+00
[ Info: CTMRG conv 10:	obj = +8.156031665480e+00	err = 2.8225438554e-10	time = 5.67 sec
┌ Warning: `svd` cotangents sensitive to gauge choice: (|Δgauge| = 0.18096697003649115)
└ @ TensorKitChainRulesCoreExt ~/.julia/packages/TensorKit/esxcj/ext/TensorKitChainRulesCoreExt/factorizations.jl:254
┌ Warning: `svd` cotangents sensitive to gauge choice: (|Δgauge| = 0.1809669704658946)
└ @ TensorKitChainRulesCoreExt ~/.julia/packages/TensorKit/esxcj/ext/TensorKitChainRulesCoreExt/factorizations.jl:254
[ Info: LBFGS: iter   18, time 1516.76 s: f = -2.038447450380, ‖∇f‖ = 5.1021e-03, α = 1.00e+00, m = 3, nfg = 1
[ Info: CTMRG init:	obj = +8.153140857356e+00	err = 1.0000e+00
[ Info: CTMRG conv 9:	obj = +8.153165741813e+00	err = 5.2963671376e-10	time = 4.82 sec
┌ Warning: `svd` cotangents sensitive to gauge choice: (|Δgauge| = 0.18103968643172827)
└ @ TensorKitChainRulesCoreExt ~/.julia/packages/TensorKit/esxcj/ext/TensorKitChainRulesCoreExt/factorizations.jl:254
┌ Warning: `svd` cotangents sensitive to gauge choice: (|Δgauge| = 1.25130823600469e-11)
└ @ TensorKitChainRulesCoreExt ~/.julia/packages/TensorKit/esxcj/ext/TensorKitChainRulesCoreExt/factorizations.jl:254
┌ Warning: `svd` cotangents sensitive to gauge choice: (|Δgauge| = 0.1810396865126666)
└ @ TensorKitChainRulesCoreExt ~/.julia/packages/TensorKit/esxcj/ext/TensorKitChainRulesCoreExt/factorizations.jl:254
[ Info: LBFGS: iter   19, time 1525.93 s: f = -2.038537249332, ‖∇f‖ = 4.5053e-03, α = 1.00e+00, m = 3, nfg = 1
[ Info: CTMRG init:	obj = +8.130975988350e+00	err = 1.0000e+00
[ Info: CTMRG conv 10:	obj = +8.131124508681e+00	err = 6.0251157487e-10	time = 5.71 sec
┌ Warning: `svd` cotangents sensitive to gauge choice: (|Δgauge| = 0.18185442708956762)
└ @ TensorKitChainRulesCoreExt ~/.julia/packages/TensorKit/esxcj/ext/TensorKitChainRulesCoreExt/factorizations.jl:254
┌ Warning: `svd` cotangents sensitive to gauge choice: (|Δgauge| = 0.18185442699099758)
└ @ TensorKitChainRulesCoreExt ~/.julia/packages/TensorKit/esxcj/ext/TensorKitChainRulesCoreExt/factorizations.jl:254
[ Info: LBFGS: iter   20, time 1535.69 s: f = -2.038809841834, ‖∇f‖ = 6.8039e-03, α = 1.00e+00, m = 3, nfg = 1
[ Info: CTMRG init:	obj = +8.141115562793e+00	err = 1.0000e+00
[ Info: CTMRG conv 9:	obj = +8.141179378551e+00	err = 7.8565576887e-10	time = 5.62 sec
┌ Warning: `svd` cotangents sensitive to gauge choice: (|Δgauge| = 0.18240341268531263)
└ @ TensorKitChainRulesCoreExt ~/.julia/packages/TensorKit/esxcj/ext/TensorKitChainRulesCoreExt/factorizations.jl:254
┌ Warning: `svd` cotangents sensitive to gauge choice: (|Δgauge| = 6.564912094223246e-12)
└ @ TensorKitChainRulesCoreExt ~/.julia/packages/TensorKit/esxcj/ext/TensorKitChainRulesCoreExt/factorizations.jl:254
┌ Warning: `svd` cotangents sensitive to gauge choice: (|Δgauge| = 0.18240341190177103)
└ @ TensorKitChainRulesCoreExt ~/.julia/packages/TensorKit/esxcj/ext/TensorKitChainRulesCoreExt/factorizations.jl:254
[ Info: LBFGS: iter   21, time 1545.44 s: f = -2.038998080960, ‖∇f‖ = 5.4355e-03, α = 1.00e+00, m = 3, nfg = 1
[ Info: CTMRG init:	obj = +8.171965978362e+00	err = 1.0000e+00
[ Info: CTMRG conv 8:	obj = +8.172009418517e+00	err = 8.0384323322e-10	time = 4.64 sec
┌ Warning: `svd` cotangents sensitive to gauge choice: (|Δgauge| = 0.18071661440942244)
└ @ TensorKitChainRulesCoreExt ~/.julia/packages/TensorKit/esxcj/ext/TensorKitChainRulesCoreExt/factorizations.jl:254
┌ Warning: `svd` cotangents sensitive to gauge choice: (|Δgauge| = 4.42374679646188e-11)
└ @ TensorKitChainRulesCoreExt ~/.julia/packages/TensorKit/esxcj/ext/TensorKitChainRulesCoreExt/factorizations.jl:254
┌ Warning: `svd` cotangents sensitive to gauge choice: (|Δgauge| = 0.18071661518721413)
└ @ TensorKitChainRulesCoreExt ~/.julia/packages/TensorKit/esxcj/ext/TensorKitChainRulesCoreExt/factorizations.jl:254
[ Info: LBFGS: iter   22, time 1553.87 s: f = -2.039126891621, ‖∇f‖ = 6.4826e-03, α = 1.00e+00, m = 3, nfg = 1
[ Info: CTMRG init:	obj = +8.205153607707e+00	err = 1.0000e+00
[ Info: CTMRG conv 9:	obj = +8.205166841485e+00	err = 9.0308397426e-10	time = 5.49 sec
┌ Warning: `svd` cotangents sensitive to gauge choice: (|Δgauge| = 0.1806102474884632)
└ @ TensorKitChainRulesCoreExt ~/.julia/packages/TensorKit/esxcj/ext/TensorKitChainRulesCoreExt/factorizations.jl:254
┌ Warning: `svd` cotangents sensitive to gauge choice: (|Δgauge| = 3.0065965052647147e-12)
└ @ TensorKitChainRulesCoreExt ~/.julia/packages/TensorKit/esxcj/ext/TensorKitChainRulesCoreExt/factorizations.jl:254
┌ Warning: `svd` cotangents sensitive to gauge choice: (|Δgauge| = 0.18061024871394987)
└ @ TensorKitChainRulesCoreExt ~/.julia/packages/TensorKit/esxcj/ext/TensorKitChainRulesCoreExt/factorizations.jl:254
[ Info: LBFGS: iter   23, time 1563.16 s: f = -2.039226641892, ‖∇f‖ = 3.8325e-03, α = 1.00e+00, m = 3, nfg = 1
[ Info: CTMRG init:	obj = +8.233479937049e+00	err = 1.0000e+00
[ Info: CTMRG conv 28:	obj = +8.233489563315e+00	err = 9.9692848016e-10	time = 17.36 sec
┌ Warning: `svd` cotangents sensitive to gauge choice: (|Δgauge| = 0.18012353502693826)
└ @ TensorKitChainRulesCoreExt ~/.julia/packages/TensorKit/esxcj/ext/TensorKitChainRulesCoreExt/factorizations.jl:254
┌ Warning: `svd` cotangents sensitive to gauge choice: (|Δgauge| = 0.18012353524264707)
└ @ TensorKitChainRulesCoreExt ~/.julia/packages/TensorKit/esxcj/ext/TensorKitChainRulesCoreExt/factorizations.jl:254
[ Info: LBFGS: iter   24, time 1588.64 s: f = -2.039288826103, ‖∇f‖ = 4.1146e-03, α = 1.00e+00, m = 3, nfg = 1
[ Info: CTMRG init:	obj = +8.346665756488e+00	err = 1.0000e+00
[ Info: CTMRG conv 12:	obj = +8.346830665637e+00	err = 7.1958299900e-10	time = 8.53 sec
┌ Warning: `svd` cotangents sensitive to gauge choice: (|Δgauge| = 0.1791752800434723)
└ @ TensorKitChainRulesCoreExt ~/.julia/packages/TensorKit/esxcj/ext/TensorKitChainRulesCoreExt/factorizations.jl:254
┌ Warning: `svd` cotangents sensitive to gauge choice: (|Δgauge| = 0.17917528145488)
└ @ TensorKitChainRulesCoreExt ~/.julia/packages/TensorKit/esxcj/ext/TensorKitChainRulesCoreExt/factorizations.jl:254
[ Info: LBFGS: iter   25, time 1601.68 s: f = -2.039492579918, ‖∇f‖ = 6.5988e-03, α = 1.00e+00, m = 3, nfg = 1
[ Info: CTMRG init:	obj = +8.486718025522e+00	err = 1.0000e+00
┌ Warning: CTMRG cancel 100:	obj = +8.487336322488e+00	err = 5.8657701327e-09	time = 1.08 min
└ @ PEPSKit ~/.julia/packages/PEPSKit/P7ER3/src/algorithms/ctmrg/ctmrg.jl:129
┌ Warning: `svd` cotangents sensitive to gauge choice: (|Δgauge| = 0.17681115415629273)
└ @ TensorKitChainRulesCoreExt ~/.julia/packages/TensorKit/esxcj/ext/TensorKitChainRulesCoreExt/factorizations.jl:254
┌ Warning: `svd` cotangents sensitive to gauge choice: (|Δgauge| = 0.17681115350588242)
└ @ TensorKitChainRulesCoreExt ~/.julia/packages/TensorKit/esxcj/ext/TensorKitChainRulesCoreExt/factorizations.jl:254
[ Info: LBFGS: iter   26, time 1686.56 s: f = -2.039601407934, ‖∇f‖ = 1.1476e-02, α = 1.00e+00, m = 3, nfg = 1
[ Info: CTMRG init:	obj = +8.481120297385e+00	err = 1.0000e+00
┌ Warning: CTMRG cancel 100:	obj = +8.481268401465e+00	err = 4.1394887845e-09	time = 1.26 min
└ @ PEPSKit ~/.julia/packages/PEPSKit/P7ER3/src/algorithms/ctmrg/ctmrg.jl:129
┌ Warning: `svd` cotangents sensitive to gauge choice: (|Δgauge| = 0.17777116774525537)
└ @ TensorKitChainRulesCoreExt ~/.julia/packages/TensorKit/esxcj/ext/TensorKitChainRulesCoreExt/factorizations.jl:254
┌ Warning: `svd` cotangents sensitive to gauge choice: (|Δgauge| = 0.17777116724953754)
└ @ TensorKitChainRulesCoreExt ~/.julia/packages/TensorKit/esxcj/ext/TensorKitChainRulesCoreExt/factorizations.jl:254
[ Info: LBFGS: iter   27, time 1782.91 s: f = -2.039813150250, ‖∇f‖ = 5.1670e-03, α = 1.00e+00, m = 3, nfg = 1
[ Info: CTMRG init:	obj = +8.482217232528e+00	err = 1.0000e+00
┌ Warning: CTMRG cancel 100:	obj = +8.482418792359e+00	err = 2.7132151807e-09	time = 1.39 min
└ @ PEPSKit ~/.julia/packages/PEPSKit/P7ER3/src/algorithms/ctmrg/ctmrg.jl:129
┌ Warning: `svd` cotangents sensitive to gauge choice: (|Δgauge| = 0.17909441620679872)
└ @ TensorKitChainRulesCoreExt ~/.julia/packages/TensorKit/esxcj/ext/TensorKitChainRulesCoreExt/factorizations.jl:254
┌ Warning: `svd` cotangents sensitive to gauge choice: (|Δgauge| = 0.17909441363345796)
└ @ TensorKitChainRulesCoreExt ~/.julia/packages/TensorKit/esxcj/ext/TensorKitChainRulesCoreExt/factorizations.jl:254
[ Info: LBFGS: iter   28, time 1889.37 s: f = -2.040070559613, ‖∇f‖ = 6.2084e-03, α = 1.00e+00, m = 3, nfg = 1
[ Info: CTMRG init:	obj = +8.490836445420e+00	err = 1.0000e+00
┌ Warning: CTMRG cancel 100:	obj = +8.491074278151e+00	err = 4.6120817324e-09	time = 1.52 min
└ @ PEPSKit ~/.julia/packages/PEPSKit/P7ER3/src/algorithms/ctmrg/ctmrg.jl:129
┌ Warning: `svd` cotangents sensitive to gauge choice: (|Δgauge| = 0.18060282748201975)
└ @ TensorKitChainRulesCoreExt ~/.julia/packages/TensorKit/esxcj/ext/TensorKitChainRulesCoreExt/factorizations.jl:254
┌ Warning: `svd` cotangents sensitive to gauge choice: (|Δgauge| = 0.18060282734009248)
└ @ TensorKitChainRulesCoreExt ~/.julia/packages/TensorKit/esxcj/ext/TensorKitChainRulesCoreExt/factorizations.jl:254
[ Info: LBFGS: iter   29, time 2001.67 s: f = -2.040363255850, ‖∇f‖ = 1.0737e-02, α = 1.00e+00, m = 3, nfg = 1
[ Info: CTMRG init:	obj = +8.436683731415e+00	err = 1.0000e+00
┌ Warning: CTMRG cancel 100:	obj = +8.437141752410e+00	err = 4.9554234992e-09	time = 1.60 min
└ @ PEPSKit ~/.julia/packages/PEPSKit/P7ER3/src/algorithms/ctmrg/ctmrg.jl:129
┌ Warning: `svd` cotangents sensitive to gauge choice: (|Δgauge| = 0.18235122867640524)
└ @ TensorKitChainRulesCoreExt ~/.julia/packages/TensorKit/esxcj/ext/TensorKitChainRulesCoreExt/factorizations.jl:254
┌ Warning: `svd` cotangents sensitive to gauge choice: (|Δgauge| = 0.18235122942203527)
└ @ TensorKitChainRulesCoreExt ~/.julia/packages/TensorKit/esxcj/ext/TensorKitChainRulesCoreExt/factorizations.jl:254
[ Info: LBFGS: iter   30, time 2118.23 s: f = -2.040689339588, ‖∇f‖ = 9.8697e-03, α = 1.00e+00, m = 3, nfg = 1
[ Info: CTMRG init:	obj = +8.267911648781e+00	err = 1.0000e+00
[ Info: CTMRG conv 14:	obj = +8.269318062618e+00	err = 9.7924904226e-10	time = 13.30 sec
┌ Warning: `svd` cotangents sensitive to gauge choice: (|Δgauge| = 0.1881251391702492)
└ @ TensorKitChainRulesCoreExt ~/.julia/packages/TensorKit/esxcj/ext/TensorKitChainRulesCoreExt/factorizations.jl:254
┌ Warning: `svd` cotangents sensitive to gauge choice: (|Δgauge| = 0.1881251408716323)
└ @ TensorKitChainRulesCoreExt ~/.julia/packages/TensorKit/esxcj/ext/TensorKitChainRulesCoreExt/factorizations.jl:254
[ Info: CTMRG init:	obj = +8.403961424193e+00	err = 1.0000e+00
[ Info: CTMRG conv 21:	obj = +8.404040459532e+00	err = 7.4486667593e-10	time = 20.37 sec
┌ Warning: `svd` cotangents sensitive to gauge choice: (|Δgauge| = 0.18365883689472504)
└ @ TensorKitChainRulesCoreExt ~/.julia/packages/TensorKit/esxcj/ext/TensorKitChainRulesCoreExt/factorizations.jl:254
┌ Warning: `svd` cotangents sensitive to gauge choice: (|Δgauge| = 0.18365883700716806)
└ @ TensorKitChainRulesCoreExt ~/.julia/packages/TensorKit/esxcj/ext/TensorKitChainRulesCoreExt/factorizations.jl:254
[ Info: LBFGS: iter   31, time 2162.78 s: f = -2.040798669978, ‖∇f‖ = 9.6926e-03, α = 2.44e-01, m = 3, nfg = 2
[ Info: CTMRG init:	obj = +8.365333055820e+00	err = 1.0000e+00
[ Info: CTMRG conv 47:	obj = +8.365538329539e+00	err = 9.7060747434e-10	time = 45.96 sec
┌ Warning: `svd` cotangents sensitive to gauge choice: (|Δgauge| = 0.1835874399238414)
└ @ TensorKitChainRulesCoreExt ~/.julia/packages/TensorKit/esxcj/ext/TensorKitChainRulesCoreExt/factorizations.jl:254
┌ Warning: `svd` cotangents sensitive to gauge choice: (|Δgauge| = 0.18358743972686475)
└ @ TensorKitChainRulesCoreExt ~/.julia/packages/TensorKit/esxcj/ext/TensorKitChainRulesCoreExt/factorizations.jl:254
[ Info: LBFGS: iter   32, time 2218.12 s: f = -2.040951949227, ‖∇f‖ = 4.0757e-03, α = 1.00e+00, m = 3, nfg = 1
[ Info: CTMRG init:	obj = +8.357631825931e+00	err = 1.0000e+00
┌ Warning: CTMRG cancel 100:	obj = +8.357637984182e+00	err = 1.4978234512e-09	time = 1.63 min
└ @ PEPSKit ~/.julia/packages/PEPSKit/P7ER3/src/algorithms/ctmrg/ctmrg.jl:129
┌ Warning: `svd` cotangents sensitive to gauge choice: (|Δgauge| = 0.18359867496113227)
└ @ TensorKitChainRulesCoreExt ~/.julia/packages/TensorKit/esxcj/ext/TensorKitChainRulesCoreExt/factorizations.jl:254
┌ Warning: `svd` cotangents sensitive to gauge choice: (|Δgauge| = 0.18359867515246084)
└ @ TensorKitChainRulesCoreExt ~/.julia/packages/TensorKit/esxcj/ext/TensorKitChainRulesCoreExt/factorizations.jl:254
[ Info: LBFGS: iter   33, time 2335.04 s: f = -2.041011759716, ‖∇f‖ = 3.9711e-03, α = 1.00e+00, m = 3, nfg = 1
[ Info: CTMRG init:	obj = +8.324414914916e+00	err = 1.0000e+00
┌ Warning: CTMRG cancel 100:	obj = +8.324479429210e+00	err = 6.1110090192e-09	time = 1.90 min
└ @ PEPSKit ~/.julia/packages/PEPSKit/P7ER3/src/algorithms/ctmrg/ctmrg.jl:129
┌ Warning: `svd` cotangents sensitive to gauge choice: (|Δgauge| = 0.1841490053746786)
└ @ TensorKitChainRulesCoreExt ~/.julia/packages/TensorKit/esxcj/ext/TensorKitChainRulesCoreExt/factorizations.jl:254
┌ Warning: `svd` cotangents sensitive to gauge choice: (|Δgauge| = 0.18414900605913992)
└ @ TensorKitChainRulesCoreExt ~/.julia/packages/TensorKit/esxcj/ext/TensorKitChainRulesCoreExt/factorizations.jl:254
[ Info: LBFGS: iter   34, time 2468.55 s: f = -2.041116014411, ‖∇f‖ = 2.4226e-03, α = 1.00e+00, m = 3, nfg = 1
[ Info: CTMRG init:	obj = +8.345772970103e+00	err = 1.0000e+00
[ Info: CTMRG conv 9:	obj = +8.345852467681e+00	err = 9.7043794135e-10	time = 8.77 sec
┌ Warning: `svd` cotangents sensitive to gauge choice: (|Δgauge| = 0.18390464720536168)
└ @ TensorKitChainRulesCoreExt ~/.julia/packages/TensorKit/esxcj/ext/TensorKitChainRulesCoreExt/factorizations.jl:254
┌ Warning: `svd` cotangents sensitive to gauge choice: (|Δgauge| = 0.18390464787187905)
└ @ TensorKitChainRulesCoreExt ~/.julia/packages/TensorKit/esxcj/ext/TensorKitChainRulesCoreExt/factorizations.jl:254
[ Info: CTMRG init:	obj = +8.333471004477e+00	err = 1.0000e+00
┌ Warning: CTMRG cancel 100:	obj = +8.333485084282e+00	err = 3.8302112951e-09	time = 1.93 min
└ @ PEPSKit ~/.julia/packages/PEPSKit/P7ER3/src/algorithms/ctmrg/ctmrg.jl:129
┌ Warning: `svd` cotangents sensitive to gauge choice: (|Δgauge| = 0.18404292816215467)
└ @ TensorKitChainRulesCoreExt ~/.julia/packages/TensorKit/esxcj/ext/TensorKitChainRulesCoreExt/factorizations.jl:254
┌ Warning: `svd` cotangents sensitive to gauge choice: (|Δgauge| = 0.18404292926064747)
└ @ TensorKitChainRulesCoreExt ~/.julia/packages/TensorKit/esxcj/ext/TensorKitChainRulesCoreExt/factorizations.jl:254
[ Info: LBFGS: iter   35, time 2617.35 s: f = -2.041131959740, ‖∇f‖ = 2.3724e-03, α = 4.20e-01, m = 3, nfg = 2
[ Info: CTMRG init:	obj = +8.341002614701e+00	err = 1.0000e+00
[ Info: CTMRG conv 11:	obj = +8.341005010892e+00	err = 7.2858271117e-10	time = 11.85 sec
┌ Warning: `svd` cotangents sensitive to gauge choice: (|Δgauge| = 0.18378302266847954)
└ @ TensorKitChainRulesCoreExt ~/.julia/packages/TensorKit/esxcj/ext/TensorKitChainRulesCoreExt/factorizations.jl:254
┌ Warning: `svd` cotangents sensitive to gauge choice: (|Δgauge| = 0.18378302249213463)
└ @ TensorKitChainRulesCoreExt ~/.julia/packages/TensorKit/esxcj/ext/TensorKitChainRulesCoreExt/factorizations.jl:254
[ Info: LBFGS: iter   36, time 2633.63 s: f = -2.041146914135, ‖∇f‖ = 1.7239e-03, α = 1.00e+00, m = 3, nfg = 1
[ Info: CTMRG init:	obj = +8.378110008784e+00	err = 1.0000e+00
┌ Warning: CTMRG cancel 100:	obj = +8.378158266069e+00	err = 1.3163991107e-08	time = 2.03 min
└ @ PEPSKit ~/.julia/packages/PEPSKit/P7ER3/src/algorithms/ctmrg/ctmrg.jl:129
┌ Warning: `svd` cotangents sensitive to gauge choice: (|Δgauge| = 0.18215171277987818)
└ @ TensorKitChainRulesCoreExt ~/.julia/packages/TensorKit/esxcj/ext/TensorKitChainRulesCoreExt/factorizations.jl:254
┌ Warning: `svd` cotangents sensitive to gauge choice: (|Δgauge| = 0.18215171247157436)
└ @ TensorKitChainRulesCoreExt ~/.julia/packages/TensorKit/esxcj/ext/TensorKitChainRulesCoreExt/factorizations.jl:254
[ Info: LBFGS: iter   37, time 2774.11 s: f = -2.041166956967, ‖∇f‖ = 2.3629e-03, α = 1.00e+00, m = 3, nfg = 1
[ Info: CTMRG init:	obj = +8.379403605538e+00	err = 1.0000e+00
┌ Warning: CTMRG cancel 100:	obj = +8.379416799817e+00	err = 3.1961482805e-08	time = 2.13 min
└ @ PEPSKit ~/.julia/packages/PEPSKit/P7ER3/src/algorithms/ctmrg/ctmrg.jl:129
┌ Warning: `svd` cotangents sensitive to gauge choice: (|Δgauge| = 0.18245632891202673)
└ @ TensorKitChainRulesCoreExt ~/.julia/packages/TensorKit/esxcj/ext/TensorKitChainRulesCoreExt/factorizations.jl:254
┌ Warning: `svd` cotangents sensitive to gauge choice: (|Δgauge| = 0.182456327534059)
└ @ TensorKitChainRulesCoreExt ~/.julia/packages/TensorKit/esxcj/ext/TensorKitChainRulesCoreExt/factorizations.jl:254
[ Info: LBFGS: iter   38, time 2920.80 s: f = -2.041171796284, ‖∇f‖ = 2.4765e-03, α = 1.00e+00, m = 3, nfg = 1
[ Info: CTMRG init:	obj = +8.375631107471e+00	err = 1.0000e+00
┌ Warning: CTMRG cancel 100:	obj = +8.375632566531e+00	err = 4.1126209868e-09	time = 2.22 min
└ @ PEPSKit ~/.julia/packages/PEPSKit/P7ER3/src/algorithms/ctmrg/ctmrg.jl:129
┌ Warning: `svd` cotangents sensitive to gauge choice: (|Δgauge| = 0.18246765872610315)
└ @ TensorKitChainRulesCoreExt ~/.julia/packages/TensorKit/esxcj/ext/TensorKitChainRulesCoreExt/factorizations.jl:254
┌ Warning: `svd` cotangents sensitive to gauge choice: (|Δgauge| = 0.18246765896417308)
└ @ TensorKitChainRulesCoreExt ~/.julia/packages/TensorKit/esxcj/ext/TensorKitChainRulesCoreExt/factorizations.jl:254
[ Info: LBFGS: iter   39, time 3071.99 s: f = -2.041177433372, ‖∇f‖ = 1.0112e-03, α = 1.00e+00, m = 3, nfg = 1
[ Info: CTMRG init:	obj = +8.374812970451e+00	err = 1.0000e+00
┌ Warning: CTMRG cancel 100:	obj = +8.374813116116e+00	err = 5.9848667439e-09	time = 2.42 min
└ @ PEPSKit ~/.julia/packages/PEPSKit/P7ER3/src/algorithms/ctmrg/ctmrg.jl:129
┌ Warning: `svd` cotangents sensitive to gauge choice: (|Δgauge| = 0.1824531163912634)
└ @ TensorKitChainRulesCoreExt ~/.julia/packages/TensorKit/esxcj/ext/TensorKitChainRulesCoreExt/factorizations.jl:254
┌ Warning: `svd` cotangents sensitive to gauge choice: (|Δgauge| = 0.18245311716364065)
└ @ TensorKitChainRulesCoreExt ~/.julia/packages/TensorKit/esxcj/ext/TensorKitChainRulesCoreExt/factorizations.jl:254
[ Info: LBFGS: converged after 40 iterations and time 3234.20 s: f = -2.041180755105, ‖∇f‖ = 7.0579e-04
