  Installing known registries into `~/.julia`
       Added `General` registry to ~/.julia/registries
    Updating registry at `~/.julia/registries/General.toml`
   Installed TaskLocalValues ───────────── v0.1.2
   Installed GPUArraysCore ─────────────── v0.2.0
   Installed RealDot ───────────────────── v0.1.0
   Installed IrrationalConstants ───────── v0.2.4
   Installed IRTools ───────────────────── v0.4.14
   Installed JLD2 ──────────────────────── v0.5.12
   Installed OhMyThreads ───────────────── v0.7.0
   Installed BlockTensorKit ────────────── v0.1.6
   Installed Adapt ─────────────────────── v4.3.0
   Installed DiffRules ─────────────────── v1.15.1
   Installed IntegerMathUtils ──────────── v0.1.2
   Installed PtrArrays ─────────────────── v1.3.0
   Installed LRUCache ──────────────────── v1.6.2
   Installed TableTraits ───────────────── v1.0.1
   Installed Accessors ─────────────────── v0.1.42
   Installed Preferences ───────────────── v1.4.3
   Installed OptimKit ──────────────────── v0.4.0
   Installed DiffResults ───────────────── v1.1.0
   Installed HashArrayMappedTries ──────── v0.2.0
   Installed LoggingExtras ─────────────── v1.0.3
   Installed Tables ────────────────────── v1.12.0
   Installed SpecialFunctions ──────────── v2.5.1
   Installed WignerSymbols ─────────────── v2.0.0
   Installed TensorKit ─────────────────── v0.14.5
   Installed Primes ────────────────────── v0.5.7
   Installed RecipesBase ───────────────── v1.3.4
   Installed DataAPI ───────────────────── v1.16.0
   Installed ChunkSplitters ────────────── v3.1.2
   Installed AbstractFFTs ──────────────── v1.5.0
   Installed StaticArrays ──────────────── v1.9.13
   Installed Zygote ────────────────────── v0.7.6
   Installed MPSKit ────────────────────── v0.12.6
   Installed JLLWrappers ───────────────── v1.7.0
   Installed BlockArrays ───────────────── v1.6.1
   Installed Richardson ────────────────── v1.4.2
   Installed NaNMath ───────────────────── v1.1.3
   Installed StaticArraysCore ──────────── v1.4.3
   Installed IteratorInterfaceExtensions ─ v1.0.0
   Installed FiniteDifferences ─────────── v0.12.32
   Installed ConstructionBase ──────────── v1.5.8
   Installed PrecompileTools ───────────── v1.2.1
   Installed StructArrays ──────────────── v0.7.1
   Installed DataValueInterfaces ───────── v1.0.0
   Installed TensorKitSectors ──────────── v0.1.4
   Installed RationalRoots ─────────────── v0.2.1
   Installed StableTasks ───────────────── v0.1.7
   Installed OrderedCollections ────────── v1.8.0
   Installed TranscodingStreams ────────── v0.11.3
   Installed ChainRulesCore ────────────── v1.25.1
   Installed ScopedValues ──────────────── v1.3.0
   Installed VectorInterface ───────────── v0.5.0
   Installed InitialValues ─────────────── v0.3.1
   Installed MPSKitModels ──────────────── v0.4.1
   Installed ForwardDiff ───────────────── v1.0.1
   Installed FileIO ────────────────────── v1.17.0
   Installed FillArrays ────────────────── v1.13.0
   Installed Requires ──────────────────── v1.3.1
   Installed LogExpFunctions ───────────── v0.3.29
   Installed CommonSubexpressions ──────── v0.3.1
   Installed ZygoteRules ───────────────── v0.2.7
   Installed StridedViews ──────────────── v0.4.1
   Installed Statistics ────────────────── v1.11.1
   Installed ChainRules ────────────────── v1.72.3
   Installed BangBang ──────────────────── v0.4.4
   Installed CompositionsBase ──────────── v0.1.2
   Installed PackageExtensionCompat ────── v1.0.2
   Installed Strided ───────────────────── v2.3.0
   Installed HalfIntegers ──────────────── v1.6.0
   Installed OpenSpecFun_jll ───────────── v0.5.6+0
   Installed Compat ────────────────────── v4.16.0
   Installed MacroTools ────────────────── v0.5.15
   Installed TensorKitManifolds ────────── v0.7.2
   Installed SparseInverseSubset ───────── v0.1.2
   Installed TupleTools ────────────────── v1.6.0
   Installed InverseFunctions ──────────── v0.1.17
   Installed ArrayLayouts ──────────────── v1.11.1
   Installed DocStringExtensions ───────── v0.9.4
   Installed TensorOperations ──────────── v5.2.0
   Installed KrylovKit ─────────────────── v0.9.5
   Installed PEPSKit ───────────────────── v0.5.0
    Updating `/var/lib/condor/execute/dir_1156859/Project.toml`
  [d360d2e6] + ChainRulesCore v1.25.1
  [033835bb] + JLD2 v0.5.12
  [0b1a1467] + KrylovKit v0.9.5
  [bb1c41ca] + MPSKit v0.12.6
  [ca635005] + MPSKitModels v0.4.1
  [77e91f04] + OptimKit v0.4.0
  [52969e89] + PEPSKit v0.5.0
  [07d1fe3e] + TensorKit v0.14.5
  [409d34a3] + VectorInterface v0.5.0
  [e88e6eb3] + Zygote v0.7.6
  [37e2e46d] ~ LinearAlgebra ⇒ v1.11.0
    Updating `/var/lib/condor/execute/dir_1156859/Manifest.toml`
  [621f4979] + AbstractFFTs v1.5.0
  [7d9f7c33] + Accessors v0.1.42
  [79e6a3ab] + Adapt v4.3.0
  [4c555306] + ArrayLayouts v1.11.1
  [198e06fe] + BangBang v0.4.4
  [8e7c35d0] + BlockArrays v1.6.1
  [5f87ffc2] + BlockTensorKit v0.1.6
  [082447d4] + ChainRules v1.72.3
  [d360d2e6] + ChainRulesCore v1.25.1
  [ae650224] + ChunkSplitters v3.1.2
  [bbf7d656] + CommonSubexpressions v0.3.1
  [34da2185] + Compat v4.16.0
  [a33af91c] + CompositionsBase v0.1.2
  [187b0558] + ConstructionBase v1.5.8
  [9a962f9c] + DataAPI v1.16.0
  [e2d170a0] + DataValueInterfaces v1.0.0
  [163ba53b] + DiffResults v1.1.0
  [b552c78f] + DiffRules v1.15.1
  [ffbed154] + DocStringExtensions v0.9.4
  [5789e2e9] + FileIO v1.17.0
  [1a297f60] + FillArrays v1.13.0
  [26cc04aa] + FiniteDifferences v0.12.32
  [f6369f11] + ForwardDiff v1.0.1
  [46192b85] + GPUArraysCore v0.2.0
  [f0d1745a] + HalfIntegers v1.6.0
  [076d061b] + HashArrayMappedTries v0.2.0
  [7869d1d1] + IRTools v0.4.14
  [22cec73e] + InitialValues v0.3.1
  [18e54dd8] + IntegerMathUtils v0.1.2
  [3587e190] + InverseFunctions v0.1.17
  [92d709cd] + IrrationalConstants v0.2.4
  [82899510] + IteratorInterfaceExtensions v1.0.0
  [033835bb] + JLD2 v0.5.12
  [692b3bcd] + JLLWrappers v1.7.0
  [0b1a1467] + KrylovKit v0.9.5
  [8ac3fa9e] + LRUCache v1.6.2
  [2ab3a3ac] + LogExpFunctions v0.3.29
⌅ [e6f89c97] + LoggingExtras v1.0.3
  [bb1c41ca] + MPSKit v0.12.6
  [ca635005] + MPSKitModels v0.4.1
  [1914dd2f] + MacroTools v0.5.15
  [77ba4419] + NaNMath v1.1.3
⌅ [67456a42] + OhMyThreads v0.7.0
  [77e91f04] + OptimKit v0.4.0
  [bac558e1] + OrderedCollections v1.8.0
  [52969e89] + PEPSKit v0.5.0
  [65ce6f38] + PackageExtensionCompat v1.0.2
⌅ [aea7be01] + PrecompileTools v1.2.1
  [21216c6a] + Preferences v1.4.3
  [27ebfcd6] + Primes v0.5.7
  [43287f4e] + PtrArrays v1.3.0
  [308eb6b3] + RationalRoots v0.2.1
  [c1ae055f] + RealDot v0.1.0
  [3cdcf5f2] + RecipesBase v1.3.4
  [ae029012] + Requires v1.3.1
  [708f8203] + Richardson v1.4.2
  [7e506255] + ScopedValues v1.3.0
  [dc90abb0] + SparseInverseSubset v0.1.2
  [276daf66] + SpecialFunctions v2.5.1
  [91464d47] + StableTasks v0.1.7
  [90137ffa] + StaticArrays v1.9.13
  [1e83bf80] + StaticArraysCore v1.4.3
  [10745b16] + Statistics v1.11.1
  [5e0ebb24] + Strided v2.3.0
  [4db3bf67] + StridedViews v0.4.1
  [09ab397b] + StructArrays v0.7.1
  [3783bdb8] + TableTraits v1.0.1
  [bd369af6] + Tables v1.12.0
  [ed4db957] + TaskLocalValues v0.1.2
  [07d1fe3e] + TensorKit v0.14.5
  [11fa318c] + TensorKitManifolds v0.7.2
  [13a9c161] + TensorKitSectors v0.1.4
  [6aa20fa7] + TensorOperations v5.2.0
  [3bb67fe8] + TranscodingStreams v0.11.3
  [9d95972d] + TupleTools v1.6.0
  [409d34a3] + VectorInterface v0.5.0
  [9f57e263] + WignerSymbols v2.0.0
  [e88e6eb3] + Zygote v0.7.6
  [700de1a5] + ZygoteRules v0.2.7
  [efe28fd5] + OpenSpecFun_jll v0.5.6+0
  [0dad84c5] + ArgTools v1.1.2
  [56f22d72] + Artifacts v1.11.0
  [2a0f44e3] + Base64 v1.11.0
  [ade2ca70] + Dates v1.11.0
  [8ba89e20] + Distributed v1.11.0
  [f43a241f] + Downloads v1.6.0
  [7b1f6079] + FileWatching v1.11.0
  [b77e0a4c] + InteractiveUtils v1.11.0
  [b27032c2] + LibCURL v0.6.4
  [76f85450] + LibGit2 v1.11.0
  [8f399da3] + Libdl v1.11.0
  [37e2e46d] + LinearAlgebra v1.11.0
  [56ddb016] + Logging v1.11.0
  [d6f4376e] + Markdown v1.11.0
  [a63ad114] + Mmap v1.11.0
  [ca575930] + NetworkOptions v1.2.0
  [44cfe95a] + Pkg v1.11.0
  [de0858da] + Printf v1.11.0
  [9a3f8284] + Random v1.11.0
  [ea8e919c] + SHA v0.7.0
  [9e88b42a] + Serialization v1.11.0
  [6462fe0b] + Sockets v1.11.0
  [2f01184e] + SparseArrays v1.11.0
  [4607b0f0] + SuiteSparse
  [fa267f1f] + TOML v1.0.3
  [a4e569a6] + Tar v1.10.0
  [cf7118a7] + UUIDs v1.11.0
  [4ec0a83e] + Unicode v1.11.0
  [e66e0078] + CompilerSupportLibraries_jll v1.1.1+0
  [deac9b47] + LibCURL_jll v8.6.0+0
  [e37daf67] + LibGit2_jll v1.7.2+0
  [29816b5a] + LibSSH2_jll v1.11.0+1
  [c8ffd9c3] + MbedTLS_jll v2.28.6+0
  [14a3606d] + MozillaCACerts_jll v2023.12.12
  [4536629a] + OpenBLAS_jll v0.3.27+1
  [05823500] + OpenLibm_jll v0.8.1+2
  [bea87d4a] + SuiteSparse_jll v7.7.0+0
  [83775a58] + Zlib_jll v1.2.13+1
  [8e850b90] + libblastrampoline_jll v5.11.0+0
  [8e850ede] + nghttp2_jll v1.59.0+0
  [3f19e933] + p7zip_jll v17.4.0+2
        Info Packages marked with ⌅ have new versions available but compatibility constraints restrict them from upgrading. To see why use `status --outdated -m`
Precompiling project...
    466.7 ms  ✓ DataValueInterfaces
    514.8 ms  ✓ IntegerMathUtils
    597.1 ms  ✓ TaskLocalValues
    550.7 ms  ✓ RealDot
    565.7 ms  ✓ Richardson
    628.0 ms  ✓ HalfIntegers
    620.4 ms  ✓ InverseFunctions
    635.9 ms  ✓ LRUCache
    700.6 ms  ✓ VectorInterface
    758.6 ms  ✓ Statistics
    766.0 ms  ✓ DocStringExtensions
    809.5 ms  ✓ StableTasks
    826.5 ms  ✓ OrderedCollections
    838.1 ms  ✓ AbstractFFTs
    418.9 ms  ✓ IteratorInterfaceExtensions
    415.9 ms  ✓ PackageExtensionCompat
    506.0 ms  ✓ DataAPI
    594.7 ms  ✓ ConstructionBase
    448.8 ms  ✓ PtrArrays
    505.5 ms  ✓ CompositionsBase
    562.4 ms  ✓ ChunkSplitters
    473.7 ms  ✓ StaticArraysCore
    664.4 ms  ✓ HashArrayMappedTries
    695.8 ms  ✓ RationalRoots
   1518.7 ms  ✓ FillArrays
   1478.0 ms  ✓ IrrationalConstants
    717.2 ms  ✓ TupleTools
    610.8 ms  ✓ NaNMath
    657.4 ms  ✓ Requires
    838.5 ms  ✓ TranscodingStreams
    716.7 ms  ✓ SuiteSparse
    819.9 ms  ✓ LoggingExtras
   1169.5 ms  ✓ InitialValues
    851.2 ms  ✓ Compat
    905.7 ms  ✓ Preferences
    531.5 ms  ✓ TableTraits
    541.7 ms  ✓ FillArrays → FillArraysStatisticsExt
    552.9 ms  ✓ ScopedValues
    608.0 ms  ✓ LRUCache → SerializationExt
    587.5 ms  ✓ ConstructionBase → ConstructionBaseLinearAlgebraExt
    878.0 ms  ✓ InverseFunctions → InverseFunctionsDatesExt
    941.8 ms  ✓ Primes
    576.6 ms  ✓ CompositionsBase → CompositionsBaseInverseFunctionsExt
    547.9 ms  ✓ DiffResults
    567.0 ms  ✓ Adapt
    501.1 ms  ✓ Compat → CompatLinearAlgebraExt
    779.3 ms  ✓ FillArrays → FillArraysSparseArraysExt
    934.1 ms  ✓ Statistics → SparseArraysExt
    867.7 ms  ✓ StridedViews
    765.3 ms  ✓ SparseInverseSubset
    903.4 ms  ✓ LogExpFunctions
    786.8 ms  ✓ PrecompileTools
    899.2 ms  ✓ JLLWrappers
   1017.5 ms  ✓ Tables
    533.6 ms  ✓ StridedViews → StridedViewsPtrArraysExt
    743.7 ms  ✓ GPUArraysCore
    515.3 ms  ✓ LogExpFunctions → LogExpFunctionsInverseFunctionsExt
   3049.1 ms  ✓ MacroTools
    865.3 ms  ✓ Strided
   1049.1 ms  ✓ Adapt → AdaptSparseArraysExt
    789.8 ms  ✓ OpenSpecFun_jll
   1830.7 ms  ✓ OptimKit
    646.9 ms  ✓ CommonSubexpressions
   1107.4 ms  ✓ StructArrays
   1665.9 ms  ✓ ChainRulesCore
   2387.2 ms  ✓ KrylovKit
    656.9 ms  ✓ StructArrays → StructArraysAdaptExt
    721.5 ms  ✓ StructArrays → StructArraysLinearAlgebraExt
    781.1 ms  ✓ AbstractFFTs → AbstractFFTsChainRulesCoreExt
    853.7 ms  ✓ ChainRulesCore → ChainRulesCoreSparseArraysExt
    893.4 ms  ✓ StructArrays → StructArraysSparseArraysExt
   3165.5 ms  ✓ WignerSymbols
   2481.3 ms  ✓ RecipesBase
   1089.7 ms  ✓ ZygoteRules
   1092.4 ms  ✓ KrylovKit → KrylovKitChainRulesCoreExt
   2041.0 ms  ✓ LogExpFunctions → LogExpFunctionsChainRulesCoreExt
   2922.4 ms  ✓ IRTools
   2967.3 ms  ✓ Accessors
   4871.8 ms  ✓ FileIO
    695.7 ms  ✓ Accessors → StructArraysExt
    707.8 ms  ✓ Accessors → LinearAlgebraExt
   3660.4 ms  ✓ SpecialFunctions
    914.6 ms  ✓ BangBang
    756.6 ms  ✓ DiffRules
    651.8 ms  ✓ BangBang → BangBangStructArraysExt
    738.3 ms  ✓ BangBang → BangBangTablesExt
    761.6 ms  ✓ BangBang → BangBangChainRulesCoreExt
   1168.7 ms  ✓ OhMyThreads
   2552.4 ms  ✓ SpecialFunctions → SpecialFunctionsChainRulesCoreExt
   8406.7 ms  ✓ StaticArrays
    828.3 ms  ✓ StructArrays → StructArraysStaticArraysExt
    879.2 ms  ✓ Adapt → AdaptStaticArraysExt
    901.3 ms  ✓ ConstructionBase → ConstructionBaseStaticArraysExt
    899.8 ms  ✓ Accessors → StaticArraysExt
    932.2 ms  ✓ StaticArrays → StaticArraysChainRulesCoreExt
    997.6 ms  ✓ BangBang → BangBangStaticArraysExt
   1012.3 ms  ✓ StaticArrays → StaticArraysStatisticsExt
   4254.3 ms  ✓ ForwardDiff
   7791.7 ms  ✓ ChainRules
   1073.3 ms  ✓ ForwardDiff → ForwardDiffStaticArraysExt
   1420.6 ms  ✓ FiniteDifferences
  15493.5 ms  ✓ ArrayLayouts
    882.9 ms  ✓ ArrayLayouts → ArrayLayoutsSparseArraysExt
   1917.8 ms  ✓ BlockArrays
    985.6 ms  ✓ BlockArrays → BlockArraysAdaptExt
  34984.5 ms  ✓ JLD2
  31357.8 ms  ✓ Zygote
 133433.0 ms  ✓ TensorOperations
   1345.8 ms  ✓ TensorOperations → TensorOperationsChainRulesCoreExt
   6329.7 ms  ✓ TensorKitSectors
  11493.8 ms  ✓ TensorKit
   1841.2 ms  ✓ TensorKitManifolds
   2016.6 ms  ✓ TensorKit → TensorKitFiniteDifferencesExt
   2093.3 ms  ✓ TensorKit → TensorKitChainRulesCoreExt
   2952.1 ms  ✓ BlockTensorKit
  15126.9 ms  ✓ MPSKit
  15951.2 ms  ✓ MPSKitModels
  14736.1 ms  ✓ PEPSKit
  118 dependencies successfully precompiled in 204 seconds. 31 already precompiled.
[ Info: CTMRG init:	obj = +8.253248646190e+00	err = 1.0000e+00
[ Info: CTMRG conv 4:	obj = +8.253248646190e+00	err = 2.8174024316e-10	time = 1.64 min
┌ Warning: `svd` cotangents sensitive to gauge choice: (|Δgauge| = 0.2436684904950562)
└ @ TensorKitChainRulesCoreExt ~/.julia/packages/TensorKit/esxcj/ext/TensorKitChainRulesCoreExt/factorizations.jl:254
┌ Warning: `svd` cotangents sensitive to gauge choice: (|Δgauge| = 1.0192333010753184e-7)
└ @ TensorKitChainRulesCoreExt ~/.julia/packages/TensorKit/esxcj/ext/TensorKitChainRulesCoreExt/factorizations.jl:254
┌ Warning: `svd` cotangents sensitive to gauge choice: (|Δgauge| = 0.24366838849767408)
└ @ TensorKitChainRulesCoreExt ~/.julia/packages/TensorKit/esxcj/ext/TensorKitChainRulesCoreExt/factorizations.jl:254
[ Info: LBFGS: initializing with f = -3.160759050415, ‖∇f‖ = 9.2143e-04
[ Info: CTMRG init:	obj = +8.255933154399e+00	err = 1.0000e+00
[ Info: CTMRG conv 7:	obj = +8.255967209731e+00	err = 2.2322949365e-10	time = 2.22 sec
┌ Warning: `svd` cotangents sensitive to gauge choice: (|Δgauge| = 0.24321798537704264)
└ @ TensorKitChainRulesCoreExt ~/.julia/packages/TensorKit/esxcj/ext/TensorKitChainRulesCoreExt/factorizations.jl:254
┌ Warning: `svd` cotangents sensitive to gauge choice: (|Δgauge| = 2.0770746450275318e-12)
└ @ TensorKitChainRulesCoreExt ~/.julia/packages/TensorKit/esxcj/ext/TensorKitChainRulesCoreExt/factorizations.jl:254
┌ Warning: `svd` cotangents sensitive to gauge choice: (|Δgauge| = 0.243217986253301)
└ @ TensorKitChainRulesCoreExt ~/.julia/packages/TensorKit/esxcj/ext/TensorKitChainRulesCoreExt/factorizations.jl:254
[ Info: CTMRG init:	obj = +8.253661364807e+00	err = 1.0000e+00
[ Info: CTMRG conv 6:	obj = +8.253662168393e+00	err = 3.3418786236e-10	time = 2.04 sec
┌ Warning: `svd` cotangents sensitive to gauge choice: (|Δgauge| = 0.2435996427853887)
└ @ TensorKitChainRulesCoreExt ~/.julia/packages/TensorKit/esxcj/ext/TensorKitChainRulesCoreExt/factorizations.jl:254
┌ Warning: `svd` cotangents sensitive to gauge choice: (|Δgauge| = 7.319989130356295e-11)
└ @ TensorKitChainRulesCoreExt ~/.julia/packages/TensorKit/esxcj/ext/TensorKitChainRulesCoreExt/factorizations.jl:254
┌ Warning: `svd` cotangents sensitive to gauge choice: (|Δgauge| = 0.2435996429065839)
└ @ TensorKitChainRulesCoreExt ~/.julia/packages/TensorKit/esxcj/ext/TensorKitChainRulesCoreExt/factorizations.jl:254
[ Info: LBFGS: iter    1, time 1344.18 s: f = -3.160759758740, ‖∇f‖ = 4.4460e-04, α = 1.54e-01, m = 0, nfg = 2
[ Info: CTMRG init:	obj = +8.253670629612e+00	err = 1.0000e+00
[ Info: CTMRG conv 5:	obj = +8.253670630828e+00	err = 2.5385629941e-10	time = 1.28 sec
┌ Warning: `svd` cotangents sensitive to gauge choice: (|Δgauge| = 0.243609468564325)
└ @ TensorKitChainRulesCoreExt ~/.julia/packages/TensorKit/esxcj/ext/TensorKitChainRulesCoreExt/factorizations.jl:254
┌ Warning: `svd` cotangents sensitive to gauge choice: (|Δgauge| = 2.656507062221029e-9)
└ @ TensorKitChainRulesCoreExt ~/.julia/packages/TensorKit/esxcj/ext/TensorKitChainRulesCoreExt/factorizations.jl:254
┌ Warning: `svd` cotangents sensitive to gauge choice: (|Δgauge| = 0.24360946658121116)
└ @ TensorKitChainRulesCoreExt ~/.julia/packages/TensorKit/esxcj/ext/TensorKitChainRulesCoreExt/factorizations.jl:254
[ Info: CTMRG init:	obj = +8.253702529937e+00	err = 1.0000e+00
[ Info: CTMRG conv 6:	obj = +8.253702560289e+00	err = 3.8907511744e-10	time = 2.26 sec
┌ Warning: `svd` cotangents sensitive to gauge choice: (|Δgauge| = 0.24364879577981582)
└ @ TensorKitChainRulesCoreExt ~/.julia/packages/TensorKit/esxcj/ext/TensorKitChainRulesCoreExt/factorizations.jl:254
┌ Warning: `svd` cotangents sensitive to gauge choice: (|Δgauge| = 7.12000391490298e-11)
└ @ TensorKitChainRulesCoreExt ~/.julia/packages/TensorKit/esxcj/ext/TensorKitChainRulesCoreExt/factorizations.jl:254
┌ Warning: `svd` cotangents sensitive to gauge choice: (|Δgauge| = 0.24364879587747312)
└ @ TensorKitChainRulesCoreExt ~/.julia/packages/TensorKit/esxcj/ext/TensorKitChainRulesCoreExt/factorizations.jl:254
[ Info: CTMRG init:	obj = +8.253815361599e+00	err = 1.0000e+00
[ Info: CTMRG conv 6:	obj = +8.253816116500e+00	err = 1.3966376144e-10	time = 1.66 sec
┌ Warning: `svd` cotangents sensitive to gauge choice: (|Δgauge| = 0.24384601166942785)
└ @ TensorKitChainRulesCoreExt ~/.julia/packages/TensorKit/esxcj/ext/TensorKitChainRulesCoreExt/factorizations.jl:254
┌ Warning: `svd` cotangents sensitive to gauge choice: (|Δgauge| = 6.366560895985278e-11)
└ @ TensorKitChainRulesCoreExt ~/.julia/packages/TensorKit/esxcj/ext/TensorKitChainRulesCoreExt/factorizations.jl:254
┌ Warning: `svd` cotangents sensitive to gauge choice: (|Δgauge| = 0.24384601236949147)
└ @ TensorKitChainRulesCoreExt ~/.julia/packages/TensorKit/esxcj/ext/TensorKitChainRulesCoreExt/factorizations.jl:254
[ Info: CTMRG init:	obj = +8.253212759201e+00	err = 1.0000e+00
[ Info: CTMRG conv 6:	obj = +8.253231186909e+00	err = 4.8769029697e-10	time = 1.70 sec
┌ Warning: `svd` cotangents sensitive to gauge choice: (|Δgauge| = 0.24484675909818626)
└ @ TensorKitChainRulesCoreExt ~/.julia/packages/TensorKit/esxcj/ext/TensorKitChainRulesCoreExt/factorizations.jl:254
┌ Warning: `svd` cotangents sensitive to gauge choice: (|Δgauge| = 3.554322029582579e-11)
└ @ TensorKitChainRulesCoreExt ~/.julia/packages/TensorKit/esxcj/ext/TensorKitChainRulesCoreExt/factorizations.jl:254
┌ Warning: `svd` cotangents sensitive to gauge choice: (|Δgauge| = 0.2448467588872767)
└ @ TensorKitChainRulesCoreExt ~/.julia/packages/TensorKit/esxcj/ext/TensorKitChainRulesCoreExt/factorizations.jl:254
[ Info: CTMRG init:	obj = +8.253842677000e+00	err = 1.0000e+00
[ Info: CTMRG conv 6:	obj = +8.253846043998e+00	err = 4.2141699160e-10	time = 2.12 sec
┌ Warning: `svd` cotangents sensitive to gauge choice: (|Δgauge| = 0.2441235775017933)
└ @ TensorKitChainRulesCoreExt ~/.julia/packages/TensorKit/esxcj/ext/TensorKitChainRulesCoreExt/factorizations.jl:254
┌ Warning: `svd` cotangents sensitive to gauge choice: (|Δgauge| = 5.430283358234408e-11)
└ @ TensorKitChainRulesCoreExt ~/.julia/packages/TensorKit/esxcj/ext/TensorKitChainRulesCoreExt/factorizations.jl:254
┌ Warning: `svd` cotangents sensitive to gauge choice: (|Δgauge| = 0.24412357723459738)
└ @ TensorKitChainRulesCoreExt ~/.julia/packages/TensorKit/esxcj/ext/TensorKitChainRulesCoreExt/factorizations.jl:254
[ Info: LBFGS: iter    2, time 1371.32 s: f = -3.160766828449, ‖∇f‖ = 2.6891e-03, α = 5.30e+01, m = 1, nfg = 5
[ Info: CTMRG init:	obj = +8.253512182734e+00	err = 1.0000e+00
[ Info: CTMRG conv 6:	obj = +8.253516093359e+00	err = 3.6120700605e-10	time = 1.77 sec
┌ Warning: `svd` cotangents sensitive to gauge choice: (|Δgauge| = 0.24444095914304925)
└ @ TensorKitChainRulesCoreExt ~/.julia/packages/TensorKit/esxcj/ext/TensorKitChainRulesCoreExt/factorizations.jl:254
┌ Warning: `svd` cotangents sensitive to gauge choice: (|Δgauge| = 4.170723600485408e-11)
└ @ TensorKitChainRulesCoreExt ~/.julia/packages/TensorKit/esxcj/ext/TensorKitChainRulesCoreExt/factorizations.jl:254
┌ Warning: `svd` cotangents sensitive to gauge choice: (|Δgauge| = 0.24444095976993)
└ @ TensorKitChainRulesCoreExt ~/.julia/packages/TensorKit/esxcj/ext/TensorKitChainRulesCoreExt/factorizations.jl:254
[ Info: CTMRG init:	obj = +8.246756640158e+00	err = 1.0000e+00
[ Info: CTMRG conv 6:	obj = +8.246854838696e+00	err = 4.8167066233e-10	time = 1.58 sec
┌ Warning: `svd` cotangents sensitive to gauge choice: (|Δgauge| = 0.24563514973777778)
└ @ TensorKitChainRulesCoreExt ~/.julia/packages/TensorKit/esxcj/ext/TensorKitChainRulesCoreExt/factorizations.jl:254
┌ Warning: `svd` cotangents sensitive to gauge choice: (|Δgauge| = 1.3165360102119403e-11)
└ @ TensorKitChainRulesCoreExt ~/.julia/packages/TensorKit/esxcj/ext/TensorKitChainRulesCoreExt/factorizations.jl:254
┌ Warning: `svd` cotangents sensitive to gauge choice: (|Δgauge| = 0.24563515013215786)
└ @ TensorKitChainRulesCoreExt ~/.julia/packages/TensorKit/esxcj/ext/TensorKitChainRulesCoreExt/factorizations.jl:254
[ Info: CTMRG init:	obj = +8.084015820218e+00	err = 1.0000e+00
[ Info: CTMRG conv 7:	obj = +8.087034427382e+00	err = 4.9463803915e-10	time = 2.16 sec
┌ Warning: `svd` cotangents sensitive to gauge choice: (|Δgauge| = 0.2497555438298299)
└ @ TensorKitChainRulesCoreExt ~/.julia/packages/TensorKit/esxcj/ext/TensorKitChainRulesCoreExt/factorizations.jl:254
┌ Warning: `svd` cotangents sensitive to gauge choice: (|Δgauge| = 2.3592961558457957e-12)
└ @ TensorKitChainRulesCoreExt ~/.julia/packages/TensorKit/esxcj/ext/TensorKitChainRulesCoreExt/factorizations.jl:254
┌ Warning: `svd` cotangents sensitive to gauge choice: (|Δgauge| = 0.24975554459007138)
└ @ TensorKitChainRulesCoreExt ~/.julia/packages/TensorKit/esxcj/ext/TensorKitChainRulesCoreExt/factorizations.jl:254
[ Info: CTMRG init:	obj = +8.231096145621e+00	err = 1.0000e+00
[ Info: CTMRG conv 6:	obj = +8.231423762180e+00	err = 3.6355152185e-10	time = 2.63 sec
┌ Warning: `svd` cotangents sensitive to gauge choice: (|Δgauge| = 0.24672117758757997)
└ @ TensorKitChainRulesCoreExt ~/.julia/packages/TensorKit/esxcj/ext/TensorKitChainRulesCoreExt/factorizations.jl:254
┌ Warning: `svd` cotangents sensitive to gauge choice: (|Δgauge| = 3.359975970726702e-12)
└ @ TensorKitChainRulesCoreExt ~/.julia/packages/TensorKit/esxcj/ext/TensorKitChainRulesCoreExt/factorizations.jl:254
┌ Warning: `svd` cotangents sensitive to gauge choice: (|Δgauge| = 0.2467211777654519)
└ @ TensorKitChainRulesCoreExt ~/.julia/packages/TensorKit/esxcj/ext/TensorKitChainRulesCoreExt/factorizations.jl:254
[ Info: CTMRG init:	obj = +8.174454986539e+00	err = 1.0000e+00
┌ Warning: CTMRG cancel 100:	obj = +8.175702899569e+00	err = 5.3544769837e-09	time = 37.53 sec
└ @ PEPSKit ~/.julia/packages/PEPSKit/P7ER3/src/algorithms/ctmrg/ctmrg.jl:129
┌ Warning: `svd` cotangents sensitive to gauge choice: (|Δgauge| = 0.2484921047664733)
└ @ TensorKitChainRulesCoreExt ~/.julia/packages/TensorKit/esxcj/ext/TensorKitChainRulesCoreExt/factorizations.jl:254
┌ Warning: `svd` cotangents sensitive to gauge choice: (|Δgauge| = 0.24849210580483422)
└ @ TensorKitChainRulesCoreExt ~/.julia/packages/TensorKit/esxcj/ext/TensorKitChainRulesCoreExt/factorizations.jl:254
[ Info: LBFGS: iter    3, time 1450.68 s: f = -3.161101648595, ‖∇f‖ = 8.8768e-03, α = 1.70e+01, m = 2, nfg = 5
[ Info: CTMRG init:	obj = +7.914635689486e+00	err = 1.0000e+00
[ Info: CTMRG conv 8:	obj = +7.917827150239e+00	err = 5.8807212216e-10	time = 3.03 sec
┌ Warning: `svd` cotangents sensitive to gauge choice: (|Δgauge| = 0.2579190878419702)
└ @ TensorKitChainRulesCoreExt ~/.julia/packages/TensorKit/esxcj/ext/TensorKitChainRulesCoreExt/factorizations.jl:254
┌ Warning: `svd` cotangents sensitive to gauge choice: (|Δgauge| = 0.2579190877908777)
└ @ TensorKitChainRulesCoreExt ~/.julia/packages/TensorKit/esxcj/ext/TensorKitChainRulesCoreExt/factorizations.jl:254
[ Info: CTMRG init:	obj = +8.169478228996e+00	err = 1.0000e+00
┌ Warning: CTMRG cancel 100:	obj = +8.169481103183e+00	err = 3.7442101721e-09	time = 47.89 sec
└ @ PEPSKit ~/.julia/packages/PEPSKit/P7ER3/src/algorithms/ctmrg/ctmrg.jl:129
┌ Warning: `svd` cotangents sensitive to gauge choice: (|Δgauge| = 0.24859745293005733)
└ @ TensorKitChainRulesCoreExt ~/.julia/packages/TensorKit/esxcj/ext/TensorKitChainRulesCoreExt/factorizations.jl:254
┌ Warning: `svd` cotangents sensitive to gauge choice: (|Δgauge| = 0.24859745205938533)
└ @ TensorKitChainRulesCoreExt ~/.julia/packages/TensorKit/esxcj/ext/TensorKitChainRulesCoreExt/factorizations.jl:254
[ Info: LBFGS: iter    4, time 1525.52 s: f = -3.161109704941, ‖∇f‖ = 8.7252e-03, α = 3.60e-02, m = 3, nfg = 2
[ Info: CTMRG init:	obj = +8.155013405210e+00	err = 1.0000e+00
[ Info: CTMRG conv 7:	obj = +8.155061868396e+00	err = 3.2630153404e-10	time = 3.29 sec
┌ Warning: `svd` cotangents sensitive to gauge choice: (|Δgauge| = 0.2469339393998749)
└ @ TensorKitChainRulesCoreExt ~/.julia/packages/TensorKit/esxcj/ext/TensorKitChainRulesCoreExt/factorizations.jl:254
┌ Warning: `svd` cotangents sensitive to gauge choice: (|Δgauge| = 0.24693393946832803)
└ @ TensorKitChainRulesCoreExt ~/.julia/packages/TensorKit/esxcj/ext/TensorKitChainRulesCoreExt/factorizations.jl:254
[ Info: LBFGS: iter    5, time 1532.40 s: f = -3.161148168780, ‖∇f‖ = 8.4733e-03, α = 1.00e+00, m = 4, nfg = 1
[ Info: CTMRG init:	obj = +8.165596062100e+00	err = 1.0000e+00
[ Info: CTMRG conv 6:	obj = +8.165611540597e+00	err = 8.7874884895e-10	time = 2.93 sec
┌ Warning: `svd` cotangents sensitive to gauge choice: (|Δgauge| = 0.24805833411656708)
└ @ TensorKitChainRulesCoreExt ~/.julia/packages/TensorKit/esxcj/ext/TensorKitChainRulesCoreExt/factorizations.jl:254
┌ Warning: `svd` cotangents sensitive to gauge choice: (|Δgauge| = 8.372361211322379e-12)
└ @ TensorKitChainRulesCoreExt ~/.julia/packages/TensorKit/esxcj/ext/TensorKitChainRulesCoreExt/factorizations.jl:254
┌ Warning: `svd` cotangents sensitive to gauge choice: (|Δgauge| = 0.24805833491013274)
└ @ TensorKitChainRulesCoreExt ~/.julia/packages/TensorKit/esxcj/ext/TensorKitChainRulesCoreExt/factorizations.jl:254
[ Info: LBFGS: iter    6, time 1539.32 s: f = -3.161193492540, ‖∇f‖ = 3.9761e-03, α = 1.00e+00, m = 5, nfg = 1
[ Info: CTMRG init:	obj = +8.161212710065e+00	err = 1.0000e+00
[ Info: CTMRG conv 22:	obj = +8.161213841576e+00	err = 9.5471578342e-10	time = 11.32 sec
┌ Warning: `svd` cotangents sensitive to gauge choice: (|Δgauge| = 0.24801485375756088)
└ @ TensorKitChainRulesCoreExt ~/.julia/packages/TensorKit/esxcj/ext/TensorKitChainRulesCoreExt/factorizations.jl:254
┌ Warning: `svd` cotangents sensitive to gauge choice: (|Δgauge| = 0.24801485371721843)
└ @ TensorKitChainRulesCoreExt ~/.julia/packages/TensorKit/esxcj/ext/TensorKitChainRulesCoreExt/factorizations.jl:254
[ Info: LBFGS: iter    7, time 1557.28 s: f = -3.161206850290, ‖∇f‖ = 1.1134e-03, α = 1.00e+00, m = 6, nfg = 1
[ Info: CTMRG init:	obj = +8.161583236685e+00	err = 1.0000e+00
[ Info: CTMRG conv 49:	obj = +8.161583295974e+00	err = 7.2969640701e-10	time = 26.27 sec
┌ Warning: `svd` cotangents sensitive to gauge choice: (|Δgauge| = 0.24796934062920523)
└ @ TensorKitChainRulesCoreExt ~/.julia/packages/TensorKit/esxcj/ext/TensorKitChainRulesCoreExt/factorizations.jl:254
┌ Warning: `svd` cotangents sensitive to gauge choice: (|Δgauge| = 0.24796934118703354)
└ @ TensorKitChainRulesCoreExt ~/.julia/packages/TensorKit/esxcj/ext/TensorKitChainRulesCoreExt/factorizations.jl:254
[ Info: LBFGS: iter    8, time 1594.13 s: f = -3.161209629904, ‖∇f‖ = 1.1328e-03, α = 1.00e+00, m = 7, nfg = 1
[ Info: CTMRG init:	obj = +8.161440781928e+00	err = 1.0000e+00
┌ Warning: CTMRG cancel 100:	obj = +8.161442579926e+00	err = 6.1866695521e-08	time = 1.01 min
└ @ PEPSKit ~/.julia/packages/PEPSKit/P7ER3/src/algorithms/ctmrg/ctmrg.jl:129
┌ Warning: `svd` cotangents sensitive to gauge choice: (|Δgauge| = 0.24796009877936528)
└ @ TensorKitChainRulesCoreExt ~/.julia/packages/TensorKit/esxcj/ext/TensorKitChainRulesCoreExt/factorizations.jl:254
┌ Warning: `svd` cotangents sensitive to gauge choice: (|Δgauge| = 0.24796009932055102)
└ @ TensorKitChainRulesCoreExt ~/.julia/packages/TensorKit/esxcj/ext/TensorKitChainRulesCoreExt/factorizations.jl:254
[ Info: LBFGS: iter    9, time 1674.28 s: f = -3.161227735940, ‖∇f‖ = 2.5806e-03, α = 1.00e+00, m = 8, nfg = 1
[ Info: CTMRG init:	obj = +8.158667287526e+00	err = 1.0000e+00
[ Info: CTMRG conv 7:	obj = +8.158677342099e+00	err = 8.8492450504e-10	time = 4.82 sec
┌ Warning: `svd` cotangents sensitive to gauge choice: (|Δgauge| = 0.2483287040354623)
└ @ TensorKitChainRulesCoreExt ~/.julia/packages/TensorKit/esxcj/ext/TensorKitChainRulesCoreExt/factorizations.jl:254
┌ Warning: `svd` cotangents sensitive to gauge choice: (|Δgauge| = 0.24832870496890871)
└ @ TensorKitChainRulesCoreExt ~/.julia/packages/TensorKit/esxcj/ext/TensorKitChainRulesCoreExt/factorizations.jl:254
[ Info: LBFGS: iter   10, time 1683.19 s: f = -3.161265370097, ‖∇f‖ = 4.9207e-03, α = 1.00e+00, m = 8, nfg = 1
[ Info: CTMRG init:	obj = +8.151454937991e+00	err = 1.0000e+00
[ Info: CTMRG conv 6:	obj = +8.151480025467e+00	err = 7.9267217611e-10	time = 3.89 sec
┌ Warning: `svd` cotangents sensitive to gauge choice: (|Δgauge| = 0.24939813761440102)
└ @ TensorKitChainRulesCoreExt ~/.julia/packages/TensorKit/esxcj/ext/TensorKitChainRulesCoreExt/factorizations.jl:254
┌ Warning: `svd` cotangents sensitive to gauge choice: (|Δgauge| = 4.882477106590484e-12)
└ @ TensorKitChainRulesCoreExt ~/.julia/packages/TensorKit/esxcj/ext/TensorKitChainRulesCoreExt/factorizations.jl:254
┌ Warning: `svd` cotangents sensitive to gauge choice: (|Δgauge| = 0.24939813838283242)
└ @ TensorKitChainRulesCoreExt ~/.julia/packages/TensorKit/esxcj/ext/TensorKitChainRulesCoreExt/factorizations.jl:254
[ Info: LBFGS: iter   11, time 1691.02 s: f = -3.161312882356, ‖∇f‖ = 5.8391e-03, α = 1.00e+00, m = 8, nfg = 1
[ Info: CTMRG init:	obj = +8.159707235069e+00	err = 1.0000e+00
[ Info: CTMRG conv 6:	obj = +8.159734439620e+00	err = 5.6110306846e-10	time = 3.94 sec
┌ Warning: `svd` cotangents sensitive to gauge choice: (|Δgauge| = 0.2499386297071445)
└ @ TensorKitChainRulesCoreExt ~/.julia/packages/TensorKit/esxcj/ext/TensorKitChainRulesCoreExt/factorizations.jl:254
┌ Warning: `svd` cotangents sensitive to gauge choice: (|Δgauge| = 0.2499386303160021)
└ @ TensorKitChainRulesCoreExt ~/.julia/packages/TensorKit/esxcj/ext/TensorKitChainRulesCoreExt/factorizations.jl:254
[ Info: LBFGS: iter   12, time 1699.18 s: f = -3.161330163081, ‖∇f‖ = 6.2999e-03, α = 1.00e+00, m = 8, nfg = 1
[ Info: CTMRG init:	obj = +8.156406106247e+00	err = 1.0000e+00
[ Info: CTMRG conv 6:	obj = +8.156415531196e+00	err = 4.2974992263e-10	time = 4.13 sec
┌ Warning: `svd` cotangents sensitive to gauge choice: (|Δgauge| = 0.2502432062132508)
└ @ TensorKitChainRulesCoreExt ~/.julia/packages/TensorKit/esxcj/ext/TensorKitChainRulesCoreExt/factorizations.jl:254
┌ Warning: `svd` cotangents sensitive to gauge choice: (|Δgauge| = 0.25024320446189463)
└ @ TensorKitChainRulesCoreExt ~/.julia/packages/TensorKit/esxcj/ext/TensorKitChainRulesCoreExt/factorizations.jl:254
[ Info: LBFGS: iter   13, time 1707.29 s: f = -3.161360569864, ‖∇f‖ = 1.5447e-03, α = 1.00e+00, m = 8, nfg = 1
[ Info: CTMRG init:	obj = +8.157882756337e+00	err = 1.0000e+00
[ Info: CTMRG conv 6:	obj = +8.157884587076e+00	err = 2.6955430860e-10	time = 3.52 sec
┌ Warning: `svd` cotangents sensitive to gauge choice: (|Δgauge| = 0.24988640519361327)
└ @ TensorKitChainRulesCoreExt ~/.julia/packages/TensorKit/esxcj/ext/TensorKitChainRulesCoreExt/factorizations.jl:254
┌ Warning: `svd` cotangents sensitive to gauge choice: (|Δgauge| = 0.24988640618426616)
└ @ TensorKitChainRulesCoreExt ~/.julia/packages/TensorKit/esxcj/ext/TensorKitChainRulesCoreExt/factorizations.jl:254
[ Info: LBFGS: iter   14, time 1714.42 s: f = -3.161364990168, ‖∇f‖ = 8.3548e-04, α = 1.00e+00, m = 8, nfg = 1
[ Info: CTMRG init:	obj = +8.155959856459e+00	err = 1.0000e+00
[ Info: CTMRG conv 6:	obj = +8.155960255757e+00	err = 2.0957031276e-10	time = 3.98 sec
┌ Warning: `svd` cotangents sensitive to gauge choice: (|Δgauge| = 0.2498438486264764)
└ @ TensorKitChainRulesCoreExt ~/.julia/packages/TensorKit/esxcj/ext/TensorKitChainRulesCoreExt/factorizations.jl:254
┌ Warning: `svd` cotangents sensitive to gauge choice: (|Δgauge| = 0.24984384946706392)
└ @ TensorKitChainRulesCoreExt ~/.julia/packages/TensorKit/esxcj/ext/TensorKitChainRulesCoreExt/factorizations.jl:254
[ Info: LBFGS: iter   15, time 1722.67 s: f = -3.161368096397, ‖∇f‖ = 1.0297e-03, α = 1.00e+00, m = 8, nfg = 1
[ Info: CTMRG init:	obj = +8.147741284009e+00	err = 1.0000e+00
[ Info: CTMRG conv 6:	obj = +8.147745222488e+00	err = 5.2757895303e-10	time = 4.17 sec
┌ Warning: `svd` cotangents sensitive to gauge choice: (|Δgauge| = 0.2497928202984666)
└ @ TensorKitChainRulesCoreExt ~/.julia/packages/TensorKit/esxcj/ext/TensorKitChainRulesCoreExt/factorizations.jl:254
┌ Warning: `svd` cotangents sensitive to gauge choice: (|Δgauge| = 0.2497928206811656)
└ @ TensorKitChainRulesCoreExt ~/.julia/packages/TensorKit/esxcj/ext/TensorKitChainRulesCoreExt/factorizations.jl:254
[ Info: LBFGS: iter   16, time 1730.35 s: f = -3.161377248135, ‖∇f‖ = 1.9016e-03, α = 1.00e+00, m = 8, nfg = 1
[ Info: CTMRG init:	obj = +8.140342442081e+00	err = 1.0000e+00
[ Info: CTMRG conv 6:	obj = +8.140344668182e+00	err = 2.7720006934e-10	time = 3.93 sec
┌ Warning: `svd` cotangents sensitive to gauge choice: (|Δgauge| = 0.2497615650284345)
└ @ TensorKitChainRulesCoreExt ~/.julia/packages/TensorKit/esxcj/ext/TensorKitChainRulesCoreExt/factorizations.jl:254
┌ Warning: `svd` cotangents sensitive to gauge choice: (|Δgauge| = 0.2497615657546809)
└ @ TensorKitChainRulesCoreExt ~/.julia/packages/TensorKit/esxcj/ext/TensorKitChainRulesCoreExt/factorizations.jl:254
[ Info: LBFGS: iter   17, time 1738.09 s: f = -3.161382204702, ‖∇f‖ = 1.9768e-03, α = 1.00e+00, m = 8, nfg = 1
[ Info: CTMRG init:	obj = +8.136523930697e+00	err = 1.0000e+00
[ Info: CTMRG conv 6:	obj = +8.136525437621e+00	err = 2.9226347085e-10	time = 4.04 sec
┌ Warning: `svd` cotangents sensitive to gauge choice: (|Δgauge| = 0.24957673985101897)
└ @ TensorKitChainRulesCoreExt ~/.julia/packages/TensorKit/esxcj/ext/TensorKitChainRulesCoreExt/factorizations.jl:254
┌ Warning: `svd` cotangents sensitive to gauge choice: (|Δgauge| = 0.24957674152230414)
└ @ TensorKitChainRulesCoreExt ~/.julia/packages/TensorKit/esxcj/ext/TensorKitChainRulesCoreExt/factorizations.jl:254
[ Info: LBFGS: iter   18, time 1745.61 s: f = -3.161388698601, ‖∇f‖ = 1.0462e-03, α = 1.00e+00, m = 8, nfg = 1
[ Info: CTMRG init:	obj = +8.139708673600e+00	err = 1.0000e+00
[ Info: CTMRG conv 6:	obj = +8.139711215426e+00	err = 2.5387998411e-10	time = 4.16 sec
┌ Warning: `svd` cotangents sensitive to gauge choice: (|Δgauge| = 0.2493402557783172)
└ @ TensorKitChainRulesCoreExt ~/.julia/packages/TensorKit/esxcj/ext/TensorKitChainRulesCoreExt/factorizations.jl:254
┌ Warning: `svd` cotangents sensitive to gauge choice: (|Δgauge| = 0.24934025801207169)
└ @ TensorKitChainRulesCoreExt ~/.julia/packages/TensorKit/esxcj/ext/TensorKitChainRulesCoreExt/factorizations.jl:254
[ Info: LBFGS: iter   19, time 1754.00 s: f = -3.161392694420, ‖∇f‖ = 5.0115e-04, α = 1.00e+00, m = 8, nfg = 1
[ Info: CTMRG init:	obj = +8.142436870513e+00	err = 1.0000e+00
[ Info: CTMRG conv 6:	obj = +8.142438202270e+00	err = 2.9749165991e-10	time = 4.03 sec
┌ Warning: `svd` cotangents sensitive to gauge choice: (|Δgauge| = 0.24912304270500177)
└ @ TensorKitChainRulesCoreExt ~/.julia/packages/TensorKit/esxcj/ext/TensorKitChainRulesCoreExt/factorizations.jl:254
┌ Warning: `svd` cotangents sensitive to gauge choice: (|Δgauge| = 1.919254147372362e-12)
└ @ TensorKitChainRulesCoreExt ~/.julia/packages/TensorKit/esxcj/ext/TensorKitChainRulesCoreExt/factorizations.jl:254
┌ Warning: `svd` cotangents sensitive to gauge choice: (|Δgauge| = 0.24912304411977404)
└ @ TensorKitChainRulesCoreExt ~/.julia/packages/TensorKit/esxcj/ext/TensorKitChainRulesCoreExt/factorizations.jl:254
[ Info: LBFGS: iter   20, time 1762.01 s: f = -3.161393880488, ‖∇f‖ = 2.7330e-04, α = 1.00e+00, m = 8, nfg = 1
[ Info: CTMRG init:	obj = +8.144049974214e+00	err = 1.0000e+00
[ Info: CTMRG conv 6:	obj = +8.144050690407e+00	err = 2.9739087224e-10	time = 3.96 sec
┌ Warning: `svd` cotangents sensitive to gauge choice: (|Δgauge| = 0.24906083347370372)
└ @ TensorKitChainRulesCoreExt ~/.julia/packages/TensorKit/esxcj/ext/TensorKitChainRulesCoreExt/factorizations.jl:254
┌ Warning: `svd` cotangents sensitive to gauge choice: (|Δgauge| = 2.112010542732312e-12)
└ @ TensorKitChainRulesCoreExt ~/.julia/packages/TensorKit/esxcj/ext/TensorKitChainRulesCoreExt/factorizations.jl:254
┌ Warning: `svd` cotangents sensitive to gauge choice: (|Δgauge| = 0.2490608352440984)
└ @ TensorKitChainRulesCoreExt ~/.julia/packages/TensorKit/esxcj/ext/TensorKitChainRulesCoreExt/factorizations.jl:254
[ Info: CTMRG init:	obj = +8.143209358834e+00	err = 1.0000e+00
[ Info: CTMRG conv 6:	obj = +8.143209521889e+00	err = 2.0044281246e-10	time = 4.28 sec
┌ Warning: `svd` cotangents sensitive to gauge choice: (|Δgauge| = 0.24909312044380494)
└ @ TensorKitChainRulesCoreExt ~/.julia/packages/TensorKit/esxcj/ext/TensorKitChainRulesCoreExt/factorizations.jl:254
┌ Warning: `svd` cotangents sensitive to gauge choice: (|Δgauge| = 2.0090150978823306e-12)
└ @ TensorKitChainRulesCoreExt ~/.julia/packages/TensorKit/esxcj/ext/TensorKitChainRulesCoreExt/factorizations.jl:254
┌ Warning: `svd` cotangents sensitive to gauge choice: (|Δgauge| = 0.24909312136008724)
└ @ TensorKitChainRulesCoreExt ~/.julia/packages/TensorKit/esxcj/ext/TensorKitChainRulesCoreExt/factorizations.jl:254
[ Info: LBFGS: iter   21, time 1777.34 s: f = -3.161394001765, ‖∇f‖ = 2.8870e-04, α = 4.77e-01, m = 8, nfg = 2
[ Info: CTMRG init:	obj = +8.143975796287e+00	err = 1.0000e+00
[ Info: CTMRG conv 5:	obj = +8.143975878711e+00	err = 8.5287085462e-10	time = 3.54 sec
┌ Warning: `svd` cotangents sensitive to gauge choice: (|Δgauge| = 0.24905965247433381)
└ @ TensorKitChainRulesCoreExt ~/.julia/packages/TensorKit/esxcj/ext/TensorKitChainRulesCoreExt/factorizations.jl:254
┌ Warning: `svd` cotangents sensitive to gauge choice: (|Δgauge| = 1.3460307821372275e-10)
└ @ TensorKitChainRulesCoreExt ~/.julia/packages/TensorKit/esxcj/ext/TensorKitChainRulesCoreExt/factorizations.jl:254
┌ Warning: `svd` cotangents sensitive to gauge choice: (|Δgauge| = 0.24905965374631855)
└ @ TensorKitChainRulesCoreExt ~/.julia/packages/TensorKit/esxcj/ext/TensorKitChainRulesCoreExt/factorizations.jl:254
[ Info: LBFGS: iter   22, time 1783.71 s: f = -3.161394119440, ‖∇f‖ = 1.2572e-04, α = 1.00e+00, m = 8, nfg = 1
[ Info: CTMRG init:	obj = +8.144419844499e+00	err = 1.0000e+00
[ Info: CTMRG conv 5:	obj = +8.144419862042e+00	err = 6.3768680336e-10	time = 3.03 sec
┌ Warning: `svd` cotangents sensitive to gauge choice: (|Δgauge| = 0.24905828173916028)
└ @ TensorKitChainRulesCoreExt ~/.julia/packages/TensorKit/esxcj/ext/TensorKitChainRulesCoreExt/factorizations.jl:254
┌ Warning: `svd` cotangents sensitive to gauge choice: (|Δgauge| = 1.3417863588252333e-10)
└ @ TensorKitChainRulesCoreExt ~/.julia/packages/TensorKit/esxcj/ext/TensorKitChainRulesCoreExt/factorizations.jl:254
┌ Warning: `svd` cotangents sensitive to gauge choice: (|Δgauge| = 0.24905828094782656)
└ @ TensorKitChainRulesCoreExt ~/.julia/packages/TensorKit/esxcj/ext/TensorKitChainRulesCoreExt/factorizations.jl:254
[ Info: LBFGS: iter   23, time 1789.93 s: f = -3.161394197959, ‖∇f‖ = 1.4990e-04, α = 1.00e+00, m = 8, nfg = 1
[ Info: CTMRG init:	obj = +8.145369751469e+00	err = 1.0000e+00
[ Info: CTMRG conv 6:	obj = +8.145369787620e+00	err = 2.6555895444e-10	time = 4.12 sec
┌ Warning: `svd` cotangents sensitive to gauge choice: (|Δgauge| = 0.2490864338359091)
└ @ TensorKitChainRulesCoreExt ~/.julia/packages/TensorKit/esxcj/ext/TensorKitChainRulesCoreExt/factorizations.jl:254
┌ Warning: `svd` cotangents sensitive to gauge choice: (|Δgauge| = 2.034211190258954e-12)
└ @ TensorKitChainRulesCoreExt ~/.julia/packages/TensorKit/esxcj/ext/TensorKitChainRulesCoreExt/factorizations.jl:254
┌ Warning: `svd` cotangents sensitive to gauge choice: (|Δgauge| = 0.24908643393203347)
└ @ TensorKitChainRulesCoreExt ~/.julia/packages/TensorKit/esxcj/ext/TensorKitChainRulesCoreExt/factorizations.jl:254
[ Info: LBFGS: iter   24, time 1797.43 s: f = -3.161394333306, ‖∇f‖ = 2.8846e-04, α = 1.00e+00, m = 8, nfg = 1
[ Info: CTMRG init:	obj = +8.147637532623e+00	err = 1.0000e+00
[ Info: CTMRG conv 5:	obj = +8.147637618213e+00	err = 9.7266484173e-10	time = 3.53 sec
┌ Warning: `svd` cotangents sensitive to gauge choice: (|Δgauge| = 0.2491873313870485)
└ @ TensorKitChainRulesCoreExt ~/.julia/packages/TensorKit/esxcj/ext/TensorKitChainRulesCoreExt/factorizations.jl:254
┌ Warning: `svd` cotangents sensitive to gauge choice: (|Δgauge| = 1.2508681734194956e-10)
└ @ TensorKitChainRulesCoreExt ~/.julia/packages/TensorKit/esxcj/ext/TensorKitChainRulesCoreExt/factorizations.jl:254
┌ Warning: `svd` cotangents sensitive to gauge choice: (|Δgauge| = 0.24918733126373374)
└ @ TensorKitChainRulesCoreExt ~/.julia/packages/TensorKit/esxcj/ext/TensorKitChainRulesCoreExt/factorizations.jl:254
[ Info: LBFGS: iter   25, time 1803.86 s: f = -3.161394639989, ‖∇f‖ = 4.7542e-04, α = 1.00e+00, m = 8, nfg = 1
[ Info: CTMRG init:	obj = +8.152104435805e+00	err = 1.0000e+00
[ Info: CTMRG conv 6:	obj = +8.152104716618e+00	err = 5.6934442910e-10	time = 4.33 sec
┌ Warning: `svd` cotangents sensitive to gauge choice: (|Δgauge| = 0.24939360899847907)
└ @ TensorKitChainRulesCoreExt ~/.julia/packages/TensorKit/esxcj/ext/TensorKitChainRulesCoreExt/factorizations.jl:254
┌ Warning: `svd` cotangents sensitive to gauge choice: (|Δgauge| = 0.24939360941398508)
└ @ TensorKitChainRulesCoreExt ~/.julia/packages/TensorKit/esxcj/ext/TensorKitChainRulesCoreExt/factorizations.jl:254
[ Info: LBFGS: iter   26, time 1812.01 s: f = -3.161395146312, ‖∇f‖ = 6.0562e-04, α = 1.00e+00, m = 8, nfg = 1
[ Info: CTMRG init:	obj = +8.160502360200e+00	err = 1.0000e+00
[ Info: CTMRG conv 6:	obj = +8.160503617612e+00	err = 3.2481210224e-10	time = 4.38 sec
┌ Warning: `svd` cotangents sensitive to gauge choice: (|Δgauge| = 0.2499259407163325)
└ @ TensorKitChainRulesCoreExt ~/.julia/packages/TensorKit/esxcj/ext/TensorKitChainRulesCoreExt/factorizations.jl:254
┌ Warning: `svd` cotangents sensitive to gauge choice: (|Δgauge| = 0.24992594096605625)
└ @ TensorKitChainRulesCoreExt ~/.julia/packages/TensorKit/esxcj/ext/TensorKitChainRulesCoreExt/factorizations.jl:254
[ Info: CTMRG init:	obj = +8.155808170086e+00	err = 1.0000e+00
[ Info: CTMRG conv 6:	obj = +8.155808412845e+00	err = 2.7632592677e-10	time = 4.22 sec
┌ Warning: `svd` cotangents sensitive to gauge choice: (|Δgauge| = 0.24962788620254484)
└ @ TensorKitChainRulesCoreExt ~/.julia/packages/TensorKit/esxcj/ext/TensorKitChainRulesCoreExt/factorizations.jl:254
┌ Warning: `svd` cotangents sensitive to gauge choice: (|Δgauge| = 0.2496278879431334)
└ @ TensorKitChainRulesCoreExt ~/.julia/packages/TensorKit/esxcj/ext/TensorKitChainRulesCoreExt/factorizations.jl:254
[ Info: LBFGS: iter   27, time 1827.52 s: f = -3.161395431548, ‖∇f‖ = 6.2358e-04, α = 4.39e-01, m = 8, nfg = 2
[ Info: CTMRG init:	obj = +8.158858930056e+00	err = 1.0000e+00
[ Info: CTMRG conv 5:	obj = +8.158859085648e+00	err = 8.9332020868e-10	time = 3.58 sec
┌ Warning: `svd` cotangents sensitive to gauge choice: (|Δgauge| = 0.2498130415933038)
└ @ TensorKitChainRulesCoreExt ~/.julia/packages/TensorKit/esxcj/ext/TensorKitChainRulesCoreExt/factorizations.jl:254
┌ Warning: `svd` cotangents sensitive to gauge choice: (|Δgauge| = 9.662333548958496e-11)
└ @ TensorKitChainRulesCoreExt ~/.julia/packages/TensorKit/esxcj/ext/TensorKitChainRulesCoreExt/factorizations.jl:254
┌ Warning: `svd` cotangents sensitive to gauge choice: (|Δgauge| = 0.2498130423192801)
└ @ TensorKitChainRulesCoreExt ~/.julia/packages/TensorKit/esxcj/ext/TensorKitChainRulesCoreExt/factorizations.jl:254
[ Info: LBFGS: iter   28, time 1834.05 s: f = -3.161395868484, ‖∇f‖ = 3.3315e-04, α = 1.00e+00, m = 8, nfg = 1
[ Info: CTMRG init:	obj = +8.160287824883e+00	err = 1.0000e+00
[ Info: CTMRG conv 5:	obj = +8.160287955911e+00	err = 9.1319881652e-10	time = 3.52 sec
┌ Warning: `svd` cotangents sensitive to gauge choice: (|Δgauge| = 0.24995980479320734)
└ @ TensorKitChainRulesCoreExt ~/.julia/packages/TensorKit/esxcj/ext/TensorKitChainRulesCoreExt/factorizations.jl:254
┌ Warning: `svd` cotangents sensitive to gauge choice: (|Δgauge| = 9.175411298886263e-11)
└ @ TensorKitChainRulesCoreExt ~/.julia/packages/TensorKit/esxcj/ext/TensorKitChainRulesCoreExt/factorizations.jl:254
┌ Warning: `svd` cotangents sensitive to gauge choice: (|Δgauge| = 0.24995980510764004)
└ @ TensorKitChainRulesCoreExt ~/.julia/packages/TensorKit/esxcj/ext/TensorKitChainRulesCoreExt/factorizations.jl:254
[ Info: LBFGS: iter   29, time 1840.64 s: f = -3.161396098666, ‖∇f‖ = 1.0502e-04, α = 1.00e+00, m = 8, nfg = 1
[ Info: CTMRG init:	obj = +8.160640638417e+00	err = 1.0000e+00
[ Info: CTMRG conv 5:	obj = +8.160640660094e+00	err = 8.1963826667e-10	time = 3.58 sec
┌ Warning: `svd` cotangents sensitive to gauge choice: (|Δgauge| = 0.24997971485528328)
└ @ TensorKitChainRulesCoreExt ~/.julia/packages/TensorKit/esxcj/ext/TensorKitChainRulesCoreExt/factorizations.jl:254
┌ Warning: `svd` cotangents sensitive to gauge choice: (|Δgauge| = 9.255411841486747e-11)
└ @ TensorKitChainRulesCoreExt ~/.julia/packages/TensorKit/esxcj/ext/TensorKitChainRulesCoreExt/factorizations.jl:254
┌ Warning: `svd` cotangents sensitive to gauge choice: (|Δgauge| = 0.2499797161596719)
└ @ TensorKitChainRulesCoreExt ~/.julia/packages/TensorKit/esxcj/ext/TensorKitChainRulesCoreExt/factorizations.jl:254
[ Info: LBFGS: iter   30, time 1847.86 s: f = -3.161396162259, ‖∇f‖ = 1.5841e-04, α = 1.00e+00, m = 8, nfg = 1
[ Info: CTMRG init:	obj = +8.161414584595e+00	err = 1.0000e+00
[ Info: CTMRG conv 5:	obj = +8.161414608224e+00	err = 6.7768673253e-10	time = 3.43 sec
┌ Warning: `svd` cotangents sensitive to gauge choice: (|Δgauge| = 0.2500060025339417)
└ @ TensorKitChainRulesCoreExt ~/.julia/packages/TensorKit/esxcj/ext/TensorKitChainRulesCoreExt/factorizations.jl:254
┌ Warning: `svd` cotangents sensitive to gauge choice: (|Δgauge| = 9.393154855576134e-11)
└ @ TensorKitChainRulesCoreExt ~/.julia/packages/TensorKit/esxcj/ext/TensorKitChainRulesCoreExt/factorizations.jl:254
┌ Warning: `svd` cotangents sensitive to gauge choice: (|Δgauge| = 0.2500060006548374)
└ @ TensorKitChainRulesCoreExt ~/.julia/packages/TensorKit/esxcj/ext/TensorKitChainRulesCoreExt/factorizations.jl:254
[ Info: LBFGS: iter   31, time 1854.59 s: f = -3.161396250602, ‖∇f‖ = 2.4626e-04, α = 1.00e+00, m = 8, nfg = 1
[ Info: CTMRG init:	obj = +8.163987331659e+00	err = 1.0000e+00
[ Info: CTMRG conv 5:	obj = +8.163987392323e+00	err = 4.8750340691e-10	time = 3.70 sec
┌ Warning: `svd` cotangents sensitive to gauge choice: (|Δgauge| = 0.2500557975552867)
└ @ TensorKitChainRulesCoreExt ~/.julia/packages/TensorKit/esxcj/ext/TensorKitChainRulesCoreExt/factorizations.jl:254
┌ Warning: `svd` cotangents sensitive to gauge choice: (|Δgauge| = 9.658355901249221e-11)
└ @ TensorKitChainRulesCoreExt ~/.julia/packages/TensorKit/esxcj/ext/TensorKitChainRulesCoreExt/factorizations.jl:254
┌ Warning: `svd` cotangents sensitive to gauge choice: (|Δgauge| = 0.25005579808502504)
└ @ TensorKitChainRulesCoreExt ~/.julia/packages/TensorKit/esxcj/ext/TensorKitChainRulesCoreExt/factorizations.jl:254
[ Info: LBFGS: iter   32, time 1861.20 s: f = -3.161396404998, ‖∇f‖ = 2.8408e-04, α = 1.00e+00, m = 8, nfg = 1
[ Info: CTMRG init:	obj = +8.168410162776e+00	err = 1.0000e+00
[ Info: CTMRG conv 6:	obj = +8.168410397086e+00	err = 4.2596277344e-10	time = 4.50 sec
┌ Warning: `svd` cotangents sensitive to gauge choice: (|Δgauge| = 0.25018890926127707)
└ @ TensorKitChainRulesCoreExt ~/.julia/packages/TensorKit/esxcj/ext/TensorKitChainRulesCoreExt/factorizations.jl:254
┌ Warning: `svd` cotangents sensitive to gauge choice: (|Δgauge| = 0.25018890819354345)
└ @ TensorKitChainRulesCoreExt ~/.julia/packages/TensorKit/esxcj/ext/TensorKitChainRulesCoreExt/factorizations.jl:254
[ Info: LBFGS: iter   33, time 1869.16 s: f = -3.161396474240, ‖∇f‖ = 3.5312e-04, α = 1.00e+00, m = 8, nfg = 1
[ Info: CTMRG init:	obj = +8.168178517455e+00	err = 1.0000e+00
[ Info: CTMRG conv 5:	obj = +8.168178523006e+00	err = 5.8402817225e-10	time = 3.40 sec
┌ Warning: `svd` cotangents sensitive to gauge choice: (|Δgauge| = 0.2501245370540486)
└ @ TensorKitChainRulesCoreExt ~/.julia/packages/TensorKit/esxcj/ext/TensorKitChainRulesCoreExt/factorizations.jl:254
┌ Warning: `svd` cotangents sensitive to gauge choice: (|Δgauge| = 9.867532039396801e-11)
└ @ TensorKitChainRulesCoreExt ~/.julia/packages/TensorKit/esxcj/ext/TensorKitChainRulesCoreExt/factorizations.jl:254
┌ Warning: `svd` cotangents sensitive to gauge choice: (|Δgauge| = 0.25012453886466846)
└ @ TensorKitChainRulesCoreExt ~/.julia/packages/TensorKit/esxcj/ext/TensorKitChainRulesCoreExt/factorizations.jl:254
[ Info: LBFGS: iter   34, time 1875.87 s: f = -3.161396619753, ‖∇f‖ = 1.1221e-04, α = 1.00e+00, m = 8, nfg = 1
[ Info: CTMRG init:	obj = +8.168608403068e+00	err = 1.0000e+00
[ Info: CTMRG conv 5:	obj = +8.168608417002e+00	err = 5.8597792755e-10	time = 3.51 sec
┌ Warning: `svd` cotangents sensitive to gauge choice: (|Δgauge| = 0.25008086534335944)
└ @ TensorKitChainRulesCoreExt ~/.julia/packages/TensorKit/esxcj/ext/TensorKitChainRulesCoreExt/factorizations.jl:254
┌ Warning: `svd` cotangents sensitive to gauge choice: (|Δgauge| = 1.0009632242178443e-10)
└ @ TensorKitChainRulesCoreExt ~/.julia/packages/TensorKit/esxcj/ext/TensorKitChainRulesCoreExt/factorizations.jl:254
┌ Warning: `svd` cotangents sensitive to gauge choice: (|Δgauge| = 0.25008086482217384)
└ @ TensorKitChainRulesCoreExt ~/.julia/packages/TensorKit/esxcj/ext/TensorKitChainRulesCoreExt/factorizations.jl:254
[ Info: LBFGS: iter   35, time 1882.40 s: f = -3.161396689923, ‖∇f‖ = 1.4438e-04, α = 1.00e+00, m = 8, nfg = 1
[ Info: CTMRG init:	obj = +8.170106228148e+00	err = 1.0000e+00
[ Info: CTMRG conv 5:	obj = +8.170106265838e+00	err = 7.9015113519e-10	time = 3.64 sec
┌ Warning: `svd` cotangents sensitive to gauge choice: (|Δgauge| = 0.2500452844895033)
└ @ TensorKitChainRulesCoreExt ~/.julia/packages/TensorKit/esxcj/ext/TensorKitChainRulesCoreExt/factorizations.jl:254
┌ Warning: `svd` cotangents sensitive to gauge choice: (|Δgauge| = 1.0160884103562545e-10)
└ @ TensorKitChainRulesCoreExt ~/.julia/packages/TensorKit/esxcj/ext/TensorKitChainRulesCoreExt/factorizations.jl:254
┌ Warning: `svd` cotangents sensitive to gauge choice: (|Δgauge| = 0.25004528391195135)
└ @ TensorKitChainRulesCoreExt ~/.julia/packages/TensorKit/esxcj/ext/TensorKitChainRulesCoreExt/factorizations.jl:254
[ Info: LBFGS: iter   36, time 1889.16 s: f = -3.161396787162, ‖∇f‖ = 2.4730e-04, α = 1.00e+00, m = 8, nfg = 1
[ Info: CTMRG init:	obj = +8.174117549465e+00	err = 1.0000e+00
[ Info: CTMRG conv 6:	obj = +8.174117742378e+00	err = 8.2618989390e-10	time = 4.57 sec
┌ Warning: `svd` cotangents sensitive to gauge choice: (|Δgauge| = 0.24999850078825694)
└ @ TensorKitChainRulesCoreExt ~/.julia/packages/TensorKit/esxcj/ext/TensorKitChainRulesCoreExt/factorizations.jl:254
┌ Warning: `svd` cotangents sensitive to gauge choice: (|Δgauge| = 0.24999849992052275)
└ @ TensorKitChainRulesCoreExt ~/.julia/packages/TensorKit/esxcj/ext/TensorKitChainRulesCoreExt/factorizations.jl:254
[ Info: LBFGS: iter   37, time 1897.04 s: f = -3.161396989724, ‖∇f‖ = 3.6071e-04, α = 1.00e+00, m = 8, nfg = 1
[ Info: CTMRG init:	obj = +8.183075282076e+00	err = 1.0000e+00
[ Info: CTMRG conv 6:	obj = +8.183076143201e+00	err = 5.1150957008e-10	time = 4.32 sec
┌ Warning: `svd` cotangents sensitive to gauge choice: (|Δgauge| = 0.24999265270532595)
└ @ TensorKitChainRulesCoreExt ~/.julia/packages/TensorKit/esxcj/ext/TensorKitChainRulesCoreExt/factorizations.jl:254
┌ Warning: `svd` cotangents sensitive to gauge choice: (|Δgauge| = 0.24999265273153354)
└ @ TensorKitChainRulesCoreExt ~/.julia/packages/TensorKit/esxcj/ext/TensorKitChainRulesCoreExt/factorizations.jl:254
[ Info: LBFGS: iter   38, time 1904.70 s: f = -3.161397249534, ‖∇f‖ = 4.7111e-04, α = 1.00e+00, m = 8, nfg = 1
[ Info: CTMRG init:	obj = +8.190678416071e+00	err = 1.0000e+00
[ Info: CTMRG conv 6:	obj = +8.190678989232e+00	err = 5.5775342984e-10	time = 4.28 sec
┌ Warning: `svd` cotangents sensitive to gauge choice: (|Δgauge| = 0.24995525219593787)
└ @ TensorKitChainRulesCoreExt ~/.julia/packages/TensorKit/esxcj/ext/TensorKitChainRulesCoreExt/factorizations.jl:254
┌ Warning: `svd` cotangents sensitive to gauge choice: (|Δgauge| = 0.24995525311609168)
└ @ TensorKitChainRulesCoreExt ~/.julia/packages/TensorKit/esxcj/ext/TensorKitChainRulesCoreExt/factorizations.jl:254
[ Info: LBFGS: iter   39, time 1912.32 s: f = -3.161397525164, ‖∇f‖ = 2.4028e-04, α = 1.00e+00, m = 8, nfg = 1
[ Info: CTMRG init:	obj = +8.191614647663e+00	err = 1.0000e+00
[ Info: CTMRG conv 5:	obj = +8.191614667394e+00	err = 6.8371817665e-10	time = 3.96 sec
┌ Warning: `svd` cotangents sensitive to gauge choice: (|Δgauge| = 0.2500118234021219)
└ @ TensorKitChainRulesCoreExt ~/.julia/packages/TensorKit/esxcj/ext/TensorKitChainRulesCoreExt/factorizations.jl:254
┌ Warning: `svd` cotangents sensitive to gauge choice: (|Δgauge| = 1.1233374872168574e-10)
└ @ TensorKitChainRulesCoreExt ~/.julia/packages/TensorKit/esxcj/ext/TensorKitChainRulesCoreExt/factorizations.jl:254
┌ Warning: `svd` cotangents sensitive to gauge choice: (|Δgauge| = 0.2500118230113161)
└ @ TensorKitChainRulesCoreExt ~/.julia/packages/TensorKit/esxcj/ext/TensorKitChainRulesCoreExt/factorizations.jl:254
[ Info: LBFGS: iter   40, time 1919.51 s: f = -3.161397682240, ‖∇f‖ = 1.6857e-04, α = 1.00e+00, m = 8, nfg = 1
[ Info: CTMRG init:	obj = +8.194131085856e+00	err = 1.0000e+00
[ Info: CTMRG conv 5:	obj = +8.194131155258e+00	err = 9.3552463325e-10	time = 3.89 sec
┌ Warning: `svd` cotangents sensitive to gauge choice: (|Δgauge| = 0.25010364651999606)
└ @ TensorKitChainRulesCoreExt ~/.julia/packages/TensorKit/esxcj/ext/TensorKitChainRulesCoreExt/factorizations.jl:254
┌ Warning: `svd` cotangents sensitive to gauge choice: (|Δgauge| = 1.0771145053781557e-10)
└ @ TensorKitChainRulesCoreExt ~/.julia/packages/TensorKit/esxcj/ext/TensorKitChainRulesCoreExt/factorizations.jl:254
┌ Warning: `svd` cotangents sensitive to gauge choice: (|Δgauge| = 0.25010364669804697)
└ @ TensorKitChainRulesCoreExt ~/.julia/packages/TensorKit/esxcj/ext/TensorKitChainRulesCoreExt/factorizations.jl:254
[ Info: LBFGS: iter   41, time 1926.66 s: f = -3.161397900588, ‖∇f‖ = 3.7652e-04, α = 1.00e+00, m = 8, nfg = 1
[ Info: CTMRG init:	obj = +8.197648783015e+00	err = 1.0000e+00
[ Info: CTMRG conv 5:	obj = +8.197648838305e+00	err = 5.9209125813e-10	time = 3.93 sec
┌ Warning: `svd` cotangents sensitive to gauge choice: (|Δgauge| = 0.25016809930842443)
└ @ TensorKitChainRulesCoreExt ~/.julia/packages/TensorKit/esxcj/ext/TensorKitChainRulesCoreExt/factorizations.jl:254
┌ Warning: `svd` cotangents sensitive to gauge choice: (|Δgauge| = 1.0411784471333031e-10)
└ @ TensorKitChainRulesCoreExt ~/.julia/packages/TensorKit/esxcj/ext/TensorKitChainRulesCoreExt/factorizations.jl:254
┌ Warning: `svd` cotangents sensitive to gauge choice: (|Δgauge| = 0.2501680992946127)
└ @ TensorKitChainRulesCoreExt ~/.julia/packages/TensorKit/esxcj/ext/TensorKitChainRulesCoreExt/factorizations.jl:254
[ Info: LBFGS: iter   42, time 1933.90 s: f = -3.161398113869, ‖∇f‖ = 5.2548e-04, α = 1.00e+00, m = 8, nfg = 1
[ Info: CTMRG init:	obj = +8.212467776881e+00	err = 1.0000e+00
[ Info: CTMRG conv 6:	obj = +8.212468536782e+00	err = 4.4717409915e-10	time = 4.71 sec
┌ Warning: `svd` cotangents sensitive to gauge choice: (|Δgauge| = 0.2503504769357817)
└ @ TensorKitChainRulesCoreExt ~/.julia/packages/TensorKit/esxcj/ext/TensorKitChainRulesCoreExt/factorizations.jl:254
┌ Warning: `svd` cotangents sensitive to gauge choice: (|Δgauge| = 0.25035048007212113)
└ @ TensorKitChainRulesCoreExt ~/.julia/packages/TensorKit/esxcj/ext/TensorKitChainRulesCoreExt/factorizations.jl:254
[ Info: LBFGS: iter   43, time 1942.26 s: f = -3.161398864648, ‖∇f‖ = 7.6935e-04, α = 1.00e+00, m = 8, nfg = 1
[ Info: CTMRG init:	obj = +8.236903226196e+00	err = 1.0000e+00
[ Info: CTMRG conv 6:	obj = +8.236905187081e+00	err = 9.5755485153e-10	time = 4.92 sec
┌ Warning: `svd` cotangents sensitive to gauge choice: (|Δgauge| = 0.25055666748844907)
└ @ TensorKitChainRulesCoreExt ~/.julia/packages/TensorKit/esxcj/ext/TensorKitChainRulesCoreExt/factorizations.jl:254
┌ Warning: `svd` cotangents sensitive to gauge choice: (|Δgauge| = 0.25055666971019475)
└ @ TensorKitChainRulesCoreExt ~/.julia/packages/TensorKit/esxcj/ext/TensorKitChainRulesCoreExt/factorizations.jl:254
[ Info: LBFGS: iter   44, time 1950.61 s: f = -3.161399814691, ‖∇f‖ = 7.7383e-04, α = 1.00e+00, m = 8, nfg = 1
[ Info: CTMRG init:	obj = +8.281287891804e+00	err = 1.0000e+00
[ Info: CTMRG conv 6:	obj = +8.281295853770e+00	err = 2.9670511861e-10	time = 4.73 sec
┌ Warning: `svd` cotangents sensitive to gauge choice: (|Δgauge| = 0.25068284454072554)
└ @ TensorKitChainRulesCoreExt ~/.julia/packages/TensorKit/esxcj/ext/TensorKitChainRulesCoreExt/factorizations.jl:254
┌ Warning: `svd` cotangents sensitive to gauge choice: (|Δgauge| = 0.2506828398598063)
└ @ TensorKitChainRulesCoreExt ~/.julia/packages/TensorKit/esxcj/ext/TensorKitChainRulesCoreExt/factorizations.jl:254
[ Info: CTMRG init:	obj = +8.246845280363e+00	err = 1.0000e+00
[ Info: CTMRG conv 6:	obj = +8.246845662919e+00	err = 6.4980659008e-10	time = 4.59 sec
┌ Warning: `svd` cotangents sensitive to gauge choice: (|Δgauge| = 0.25058432849207224)
└ @ TensorKitChainRulesCoreExt ~/.julia/packages/TensorKit/esxcj/ext/TensorKitChainRulesCoreExt/factorizations.jl:254
┌ Warning: `svd` cotangents sensitive to gauge choice: (|Δgauge| = 0.2505843253748675)
└ @ TensorKitChainRulesCoreExt ~/.julia/packages/TensorKit/esxcj/ext/TensorKitChainRulesCoreExt/factorizations.jl:254
[ Info: LBFGS: iter   45, time 1967.38 s: f = -3.161400157148, ‖∇f‖ = 7.2607e-04, α = 2.18e-01, m = 8, nfg = 2
[ Info: CTMRG init:	obj = +8.260776204141e+00	err = 1.0000e+00
[ Info: CTMRG conv 6:	obj = +8.260776999802e+00	err = 9.2469292869e-10	time = 4.48 sec
┌ Warning: `svd` cotangents sensitive to gauge choice: (|Δgauge| = 0.25060604527426883)
└ @ TensorKitChainRulesCoreExt ~/.julia/packages/TensorKit/esxcj/ext/TensorKitChainRulesCoreExt/factorizations.jl:254
┌ Warning: `svd` cotangents sensitive to gauge choice: (|Δgauge| = 0.25060604620010474)
└ @ TensorKitChainRulesCoreExt ~/.julia/packages/TensorKit/esxcj/ext/TensorKitChainRulesCoreExt/factorizations.jl:254
[ Info: LBFGS: iter   46, time 1975.22 s: f = -3.161400798544, ‖∇f‖ = 3.4808e-04, α = 1.00e+00, m = 8, nfg = 1
[ Info: CTMRG init:	obj = +8.271944725803e+00	err = 1.0000e+00
[ Info: CTMRG conv 13:	obj = +8.271945265662e+00	err = 9.9324262384e-10	time = 10.64 sec
┌ Warning: `svd` cotangents sensitive to gauge choice: (|Δgauge| = 0.25053293317000286)
└ @ TensorKitChainRulesCoreExt ~/.julia/packages/TensorKit/esxcj/ext/TensorKitChainRulesCoreExt/factorizations.jl:254
┌ Warning: `svd` cotangents sensitive to gauge choice: (|Δgauge| = 0.25053293770841567)
└ @ TensorKitChainRulesCoreExt ~/.julia/packages/TensorKit/esxcj/ext/TensorKitChainRulesCoreExt/factorizations.jl:254
[ Info: LBFGS: iter   47, time 1990.19 s: f = -3.161401418433, ‖∇f‖ = 3.0469e-04, α = 1.00e+00, m = 8, nfg = 1
[ Info: CTMRG init:	obj = +8.285195442027e+00	err = 1.0000e+00
[ Info: CTMRG conv 6:	obj = +8.285196160867e+00	err = 2.1506527201e-10	time = 4.94 sec
┌ Warning: `svd` cotangents sensitive to gauge choice: (|Δgauge| = 0.2503994706831011)
└ @ TensorKitChainRulesCoreExt ~/.julia/packages/TensorKit/esxcj/ext/TensorKitChainRulesCoreExt/factorizations.jl:254
┌ Warning: `svd` cotangents sensitive to gauge choice: (|Δgauge| = 0.2503994728018126)
└ @ TensorKitChainRulesCoreExt ~/.julia/packages/TensorKit/esxcj/ext/TensorKitChainRulesCoreExt/factorizations.jl:254
[ Info: LBFGS: iter   48, time 1998.48 s: f = -3.161402167537, ‖∇f‖ = 6.1691e-04, α = 1.00e+00, m = 8, nfg = 1
[ Info: CTMRG init:	obj = +8.308562592436e+00	err = 1.0000e+00
[ Info: CTMRG conv 6:	obj = +8.308564656570e+00	err = 2.8026921339e-10	time = 4.73 sec
┌ Warning: `svd` cotangents sensitive to gauge choice: (|Δgauge| = 0.2501886003247195)
└ @ TensorKitChainRulesCoreExt ~/.julia/packages/TensorKit/esxcj/ext/TensorKitChainRulesCoreExt/factorizations.jl:254
┌ Warning: `svd` cotangents sensitive to gauge choice: (|Δgauge| = 0.25018860034940416)
└ @ TensorKitChainRulesCoreExt ~/.julia/packages/TensorKit/esxcj/ext/TensorKitChainRulesCoreExt/factorizations.jl:254
[ Info: LBFGS: iter   49, time 2006.59 s: f = -3.161403389710, ‖∇f‖ = 8.9667e-04, α = 1.00e+00, m = 8, nfg = 1
[ Info: CTMRG init:	obj = +8.350247771959e+00	err = 1.0000e+00
[ Info: CTMRG conv 6:	obj = +8.350254448656e+00	err = 5.1207368214e-10	time = 5.09 sec
┌ Warning: `svd` cotangents sensitive to gauge choice: (|Δgauge| = 0.24995114899099902)
└ @ TensorKitChainRulesCoreExt ~/.julia/packages/TensorKit/esxcj/ext/TensorKitChainRulesCoreExt/factorizations.jl:254
┌ Warning: `svd` cotangents sensitive to gauge choice: (|Δgauge| = 0.2499511482807184)
└ @ TensorKitChainRulesCoreExt ~/.julia/packages/TensorKit/esxcj/ext/TensorKitChainRulesCoreExt/factorizations.jl:254
[ Info: LBFGS: iter   50, time 2014.97 s: f = -3.161405034135, ‖∇f‖ = 9.9877e-04, α = 1.00e+00, m = 8, nfg = 1
[ Info: CTMRG init:	obj = +8.402981315404e+00	err = 1.0000e+00
[ Info: CTMRG conv 6:	obj = +8.402993381204e+00	err = 1.8657396844e-10	time = 4.69 sec
┌ Warning: `svd` cotangents sensitive to gauge choice: (|Δgauge| = 0.24969085472277064)
└ @ TensorKitChainRulesCoreExt ~/.julia/packages/TensorKit/esxcj/ext/TensorKitChainRulesCoreExt/factorizations.jl:254
┌ Warning: `svd` cotangents sensitive to gauge choice: (|Δgauge| = 0.2496908548407391)
└ @ TensorKitChainRulesCoreExt ~/.julia/packages/TensorKit/esxcj/ext/TensorKitChainRulesCoreExt/factorizations.jl:254
[ Info: LBFGS: iter   51, time 2022.83 s: f = -3.161405769374, ‖∇f‖ = 1.0137e-03, α = 1.00e+00, m = 8, nfg = 1
[ Info: CTMRG init:	obj = +8.386384187931e+00	err = 1.0000e+00
[ Info: CTMRG conv 5:	obj = +8.386385504259e+00	err = 7.8840469193e-10	time = 3.85 sec
┌ Warning: `svd` cotangents sensitive to gauge choice: (|Δgauge| = 0.24971218489677915)
└ @ TensorKitChainRulesCoreExt ~/.julia/packages/TensorKit/esxcj/ext/TensorKitChainRulesCoreExt/factorizations.jl:254
┌ Warning: `svd` cotangents sensitive to gauge choice: (|Δgauge| = 2.948787615909494e-11)
└ @ TensorKitChainRulesCoreExt ~/.julia/packages/TensorKit/esxcj/ext/TensorKitChainRulesCoreExt/factorizations.jl:254
┌ Warning: `svd` cotangents sensitive to gauge choice: (|Δgauge| = 0.24971218600473416)
└ @ TensorKitChainRulesCoreExt ~/.julia/packages/TensorKit/esxcj/ext/TensorKitChainRulesCoreExt/factorizations.jl:254
[ Info: LBFGS: iter   52, time 2029.56 s: f = -3.161407483734, ‖∇f‖ = 3.6998e-04, α = 1.00e+00, m = 8, nfg = 1
[ Info: CTMRG init:	obj = +8.383214903234e+00	err = 1.0000e+00
[ Info: CTMRG conv 5:	obj = +8.383215126322e+00	err = 5.9844909636e-10	time = 4.22 sec
┌ Warning: `svd` cotangents sensitive to gauge choice: (|Δgauge| = 0.24974217026270365)
└ @ TensorKitChainRulesCoreExt ~/.julia/packages/TensorKit/esxcj/ext/TensorKitChainRulesCoreExt/factorizations.jl:254
┌ Warning: `svd` cotangents sensitive to gauge choice: (|Δgauge| = 2.945120756378005e-11)
└ @ TensorKitChainRulesCoreExt ~/.julia/packages/TensorKit/esxcj/ext/TensorKitChainRulesCoreExt/factorizations.jl:254
┌ Warning: `svd` cotangents sensitive to gauge choice: (|Δgauge| = 0.24974217043221325)
└ @ TensorKitChainRulesCoreExt ~/.julia/packages/TensorKit/esxcj/ext/TensorKitChainRulesCoreExt/factorizations.jl:254
[ Info: LBFGS: iter   53, time 2037.03 s: f = -3.161408382834, ‖∇f‖ = 5.7945e-04, α = 1.00e+00, m = 8, nfg = 1
[ Info: CTMRG init:	obj = +8.390038793240e+00	err = 1.0000e+00
[ Info: CTMRG conv 5:	obj = +8.390039160681e+00	err = 3.6457443373e-10	time = 4.07 sec
┌ Warning: `svd` cotangents sensitive to gauge choice: (|Δgauge| = 0.24970485039498513)
└ @ TensorKitChainRulesCoreExt ~/.julia/packages/TensorKit/esxcj/ext/TensorKitChainRulesCoreExt/factorizations.jl:254
┌ Warning: `svd` cotangents sensitive to gauge choice: (|Δgauge| = 2.5349807649355344e-11)
└ @ TensorKitChainRulesCoreExt ~/.julia/packages/TensorKit/esxcj/ext/TensorKitChainRulesCoreExt/factorizations.jl:254
┌ Warning: `svd` cotangents sensitive to gauge choice: (|Δgauge| = 0.24970485145361176)
└ @ TensorKitChainRulesCoreExt ~/.julia/packages/TensorKit/esxcj/ext/TensorKitChainRulesCoreExt/factorizations.jl:254
[ Info: LBFGS: iter   54, time 2044.60 s: f = -3.161409968132, ‖∇f‖ = 1.0226e-03, α = 1.00e+00, m = 8, nfg = 1
[ Info: CTMRG init:	obj = +8.419517010077e+00	err = 1.0000e+00
[ Info: CTMRG conv 5:	obj = +8.419519772972e+00	err = 6.6481226054e-10	time = 4.25 sec
┌ Warning: `svd` cotangents sensitive to gauge choice: (|Δgauge| = 0.24945166937492405)
└ @ TensorKitChainRulesCoreExt ~/.julia/packages/TensorKit/esxcj/ext/TensorKitChainRulesCoreExt/factorizations.jl:254
┌ Warning: `svd` cotangents sensitive to gauge choice: (|Δgauge| = 1.629329446693678e-11)
└ @ TensorKitChainRulesCoreExt ~/.julia/packages/TensorKit/esxcj/ext/TensorKitChainRulesCoreExt/factorizations.jl:254
┌ Warning: `svd` cotangents sensitive to gauge choice: (|Δgauge| = 0.24945167037209792)
└ @ TensorKitChainRulesCoreExt ~/.julia/packages/TensorKit/esxcj/ext/TensorKitChainRulesCoreExt/factorizations.jl:254
[ Info: LBFGS: iter   55, time 2052.05 s: f = -3.161413100656, ‖∇f‖ = 1.4892e-03, α = 1.00e+00, m = 8, nfg = 1
[ Info: CTMRG init:	obj = +8.489708424465e+00	err = 1.0000e+00
[ Info: CTMRG conv 6:	obj = +8.489725524280e+00	err = 2.0599116380e-10	time = 5.10 sec
┌ Warning: `svd` cotangents sensitive to gauge choice: (|Δgauge| = 0.24877235753570767)
└ @ TensorKitChainRulesCoreExt ~/.julia/packages/TensorKit/esxcj/ext/TensorKitChainRulesCoreExt/factorizations.jl:254
┌ Warning: `svd` cotangents sensitive to gauge choice: (|Δgauge| = 0.2487723570887641)
└ @ TensorKitChainRulesCoreExt ~/.julia/packages/TensorKit/esxcj/ext/TensorKitChainRulesCoreExt/factorizations.jl:254
[ Info: LBFGS: iter   56, time 2060.19 s: f = -3.161418117764, ‖∇f‖ = 1.7174e-03, α = 1.00e+00, m = 8, nfg = 1
[ Info: CTMRG init:	obj = +8.567680518195e+00	err = 1.0000e+00
[ Info: CTMRG conv 6:	obj = +8.567708314681e+00	err = 5.3331593652e-10	time = 5.16 sec
┌ Warning: `svd` cotangents sensitive to gauge choice: (|Δgauge| = 0.247775998393799)
└ @ TensorKitChainRulesCoreExt ~/.julia/packages/TensorKit/esxcj/ext/TensorKitChainRulesCoreExt/factorizations.jl:254
┌ Warning: `svd` cotangents sensitive to gauge choice: (|Δgauge| = 0.2477759981768896)
└ @ TensorKitChainRulesCoreExt ~/.julia/packages/TensorKit/esxcj/ext/TensorKitChainRulesCoreExt/factorizations.jl:254
[ Info: LBFGS: iter   57, time 2068.51 s: f = -3.161421035645, ‖∇f‖ = 1.3576e-03, α = 1.00e+00, m = 8, nfg = 1
[ Info: CTMRG init:	obj = +8.569337089850e+00	err = 1.0000e+00
[ Info: CTMRG conv 6:	obj = +8.569337803234e+00	err = 4.6014972600e-10	time = 4.58 sec
┌ Warning: `svd` cotangents sensitive to gauge choice: (|Δgauge| = 0.24788754338759597)
└ @ TensorKitChainRulesCoreExt ~/.julia/packages/TensorKit/esxcj/ext/TensorKitChainRulesCoreExt/factorizations.jl:254
┌ Warning: `svd` cotangents sensitive to gauge choice: (|Δgauge| = 0.24788754344416952)
└ @ TensorKitChainRulesCoreExt ~/.julia/packages/TensorKit/esxcj/ext/TensorKitChainRulesCoreExt/factorizations.jl:254
[ Info: LBFGS: iter   58, time 2076.43 s: f = -3.161423300742, ‖∇f‖ = 4.6526e-04, α = 1.00e+00, m = 8, nfg = 1
[ Info: CTMRG init:	obj = +8.574586470267e+00	err = 1.0000e+00
[ Info: CTMRG conv 5:	obj = +8.574587041130e+00	err = 4.4341068824e-10	time = 3.99 sec
┌ Warning: `svd` cotangents sensitive to gauge choice: (|Δgauge| = 0.24788400897685034)
└ @ TensorKitChainRulesCoreExt ~/.julia/packages/TensorKit/esxcj/ext/TensorKitChainRulesCoreExt/factorizations.jl:254
┌ Warning: `svd` cotangents sensitive to gauge choice: (|Δgauge| = 2.0474768921398976e-11)
└ @ TensorKitChainRulesCoreExt ~/.julia/packages/TensorKit/esxcj/ext/TensorKitChainRulesCoreExt/factorizations.jl:254
┌ Warning: `svd` cotangents sensitive to gauge choice: (|Δgauge| = 0.2478840093496708)
└ @ TensorKitChainRulesCoreExt ~/.julia/packages/TensorKit/esxcj/ext/TensorKitChainRulesCoreExt/factorizations.jl:254
[ Info: LBFGS: iter   59, time 2083.22 s: f = -3.161424049419, ‖∇f‖ = 4.0610e-04, α = 1.00e+00, m = 8, nfg = 1
[ Info: CTMRG init:	obj = +8.583083491285e+00	err = 1.0000e+00
[ Info: CTMRG conv 6:	obj = +8.583084269870e+00	err = 3.8983685411e-10	time = 4.75 sec
┌ Warning: `svd` cotangents sensitive to gauge choice: (|Δgauge| = 0.24782431929897292)
└ @ TensorKitChainRulesCoreExt ~/.julia/packages/TensorKit/esxcj/ext/TensorKitChainRulesCoreExt/factorizations.jl:254
┌ Warning: `svd` cotangents sensitive to gauge choice: (|Δgauge| = 0.24782431968909766)
└ @ TensorKitChainRulesCoreExt ~/.julia/packages/TensorKit/esxcj/ext/TensorKitChainRulesCoreExt/factorizations.jl:254
[ Info: LBFGS: iter   60, time 2090.85 s: f = -3.161424554727, ‖∇f‖ = 5.3794e-04, α = 1.00e+00, m = 8, nfg = 1
[ Info: CTMRG init:	obj = +8.609229399616e+00	err = 1.0000e+00
[ Info: CTMRG conv 6:	obj = +8.609238016961e+00	err = 4.6257775216e-10	time = 4.74 sec
┌ Warning: `svd` cotangents sensitive to gauge choice: (|Δgauge| = 0.2476117519189383)
└ @ TensorKitChainRulesCoreExt ~/.julia/packages/TensorKit/esxcj/ext/TensorKitChainRulesCoreExt/factorizations.jl:254
┌ Warning: `svd` cotangents sensitive to gauge choice: (|Δgauge| = 0.24761175421535786)
└ @ TensorKitChainRulesCoreExt ~/.julia/packages/TensorKit/esxcj/ext/TensorKitChainRulesCoreExt/factorizations.jl:254
[ Info: LBFGS: iter   61, time 2098.99 s: f = -3.161425990116, ‖∇f‖ = 7.4028e-04, α = 1.00e+00, m = 8, nfg = 1
[ Info: CTMRG init:	obj = +8.639815107356e+00	err = 1.0000e+00
[ Info: CTMRG conv 7:	obj = +8.639832786995e+00	err = 5.4094123347e-10	time = 5.71 sec
┌ Warning: `svd` cotangents sensitive to gauge choice: (|Δgauge| = 0.24729799278307132)
└ @ TensorKitChainRulesCoreExt ~/.julia/packages/TensorKit/esxcj/ext/TensorKitChainRulesCoreExt/factorizations.jl:254
┌ Warning: `svd` cotangents sensitive to gauge choice: (|Δgauge| = 0.2472979935634168)
└ @ TensorKitChainRulesCoreExt ~/.julia/packages/TensorKit/esxcj/ext/TensorKitChainRulesCoreExt/factorizations.jl:254
[ Info: LBFGS: iter   62, time 2108.11 s: f = -3.161428099706, ‖∇f‖ = 8.7454e-04, α = 1.00e+00, m = 8, nfg = 1
[ Info: CTMRG init:	obj = +8.667403190254e+00	err = 1.0000e+00
[ Info: CTMRG conv 6:	obj = +8.667483500798e+00	err = 2.9994908910e-10	time = 4.67 sec
┌ Warning: `svd` cotangents sensitive to gauge choice: (|Δgauge| = 0.24645649992804097)
└ @ TensorKitChainRulesCoreExt ~/.julia/packages/TensorKit/esxcj/ext/TensorKitChainRulesCoreExt/factorizations.jl:254
┌ Warning: `svd` cotangents sensitive to gauge choice: (|Δgauge| = 0.2464564994866465)
└ @ TensorKitChainRulesCoreExt ~/.julia/packages/TensorKit/esxcj/ext/TensorKitChainRulesCoreExt/factorizations.jl:254
[ Info: CTMRG init:	obj = +8.660900707186e+00	err = 1.0000e+00
[ Info: CTMRG conv 6:	obj = +8.660924783566e+00	err = 3.6304256832e-10	time = 5.00 sec
┌ Warning: `svd` cotangents sensitive to gauge choice: (|Δgauge| = 0.2468351312130379)
└ @ TensorKitChainRulesCoreExt ~/.julia/packages/TensorKit/esxcj/ext/TensorKitChainRulesCoreExt/factorizations.jl:254
┌ Warning: `svd` cotangents sensitive to gauge choice: (|Δgauge| = 0.24683513060115375)
└ @ TensorKitChainRulesCoreExt ~/.julia/packages/TensorKit/esxcj/ext/TensorKitChainRulesCoreExt/factorizations.jl:254
[ Info: LBFGS: iter   63, time 2124.65 s: f = -3.161430467440, ‖∇f‖ = 9.9845e-04, α = 5.44e-01, m = 8, nfg = 2
[ Info: CTMRG init:	obj = +8.668712386442e+00	err = 1.0000e+00
[ Info: CTMRG conv 6:	obj = +8.668722033916e+00	err = 4.2107227609e-10	time = 5.29 sec
┌ Warning: `svd` cotangents sensitive to gauge choice: (|Δgauge| = 0.24656127379573345)
└ @ TensorKitChainRulesCoreExt ~/.julia/packages/TensorKit/esxcj/ext/TensorKitChainRulesCoreExt/factorizations.jl:254
┌ Warning: `svd` cotangents sensitive to gauge choice: (|Δgauge| = 0.2465612739425716)
└ @ TensorKitChainRulesCoreExt ~/.julia/packages/TensorKit/esxcj/ext/TensorKitChainRulesCoreExt/factorizations.jl:254
[ Info: LBFGS: iter   64, time 2133.09 s: f = -3.161433411192, ‖∇f‖ = 3.6397e-04, α = 1.00e+00, m = 8, nfg = 1
[ Info: CTMRG init:	obj = +8.673284090956e+00	err = 1.0000e+00
[ Info: CTMRG conv 6:	obj = +8.673289351838e+00	err = 1.4514615129e-10	time = 4.97 sec
┌ Warning: `svd` cotangents sensitive to gauge choice: (|Δgauge| = 0.24626276366855318)
└ @ TensorKitChainRulesCoreExt ~/.julia/packages/TensorKit/esxcj/ext/TensorKitChainRulesCoreExt/factorizations.jl:254
┌ Warning: `svd` cotangents sensitive to gauge choice: (|Δgauge| = 0.2462627633475321)
└ @ TensorKitChainRulesCoreExt ~/.julia/packages/TensorKit/esxcj/ext/TensorKitChainRulesCoreExt/factorizations.jl:254
[ Info: LBFGS: iter   65, time 2141.46 s: f = -3.161436144887, ‖∇f‖ = 6.7052e-04, α = 1.00e+00, m = 8, nfg = 1
[ Info: CTMRG init:	obj = +8.675512678524e+00	err = 1.0000e+00
[ Info: CTMRG conv 6:	obj = +8.675513885203e+00	err = 1.9979139218e-10	time = 5.14 sec
┌ Warning: `svd` cotangents sensitive to gauge choice: (|Δgauge| = 0.24605235689826854)
└ @ TensorKitChainRulesCoreExt ~/.julia/packages/TensorKit/esxcj/ext/TensorKitChainRulesCoreExt/factorizations.jl:254
┌ Warning: `svd` cotangents sensitive to gauge choice: (|Δgauge| = 0.24605235522316238)
└ @ TensorKitChainRulesCoreExt ~/.julia/packages/TensorKit/esxcj/ext/TensorKitChainRulesCoreExt/factorizations.jl:254
[ Info: LBFGS: iter   66, time 2150.01 s: f = -3.161437096100, ‖∇f‖ = 5.2777e-04, α = 1.00e+00, m = 8, nfg = 1
[ Info: CTMRG init:	obj = +8.677971393670e+00	err = 1.0000e+00
[ Info: CTMRG conv 6:	obj = +8.677972966814e+00	err = 3.7020703624e-10	time = 5.44 sec
┌ Warning: `svd` cotangents sensitive to gauge choice: (|Δgauge| = 0.24578339112904404)
└ @ TensorKitChainRulesCoreExt ~/.julia/packages/TensorKit/esxcj/ext/TensorKitChainRulesCoreExt/factorizations.jl:254
┌ Warning: `svd` cotangents sensitive to gauge choice: (|Δgauge| = 0.24578338907173758)
└ @ TensorKitChainRulesCoreExt ~/.julia/packages/TensorKit/esxcj/ext/TensorKitChainRulesCoreExt/factorizations.jl:254
[ Info: CTMRG init:	obj = +8.676564311849e+00	err = 1.0000e+00
[ Info: CTMRG conv 5:	obj = +8.676564560760e+00	err = 5.9805007712e-10	time = 4.28 sec
┌ Warning: `svd` cotangents sensitive to gauge choice: (|Δgauge| = 0.24594580367582686)
└ @ TensorKitChainRulesCoreExt ~/.julia/packages/TensorKit/esxcj/ext/TensorKitChainRulesCoreExt/factorizations.jl:254
┌ Warning: `svd` cotangents sensitive to gauge choice: (|Δgauge| = 2.9687576757227453e-11)
└ @ TensorKitChainRulesCoreExt ~/.julia/packages/TensorKit/esxcj/ext/TensorKitChainRulesCoreExt/factorizations.jl:254
┌ Warning: `svd` cotangents sensitive to gauge choice: (|Δgauge| = 0.2459458036032188)
└ @ TensorKitChainRulesCoreExt ~/.julia/packages/TensorKit/esxcj/ext/TensorKitChainRulesCoreExt/factorizations.jl:254
[ Info: LBFGS: iter   67, time 2167.52 s: f = -3.161437415371, ‖∇f‖ = 4.5118e-04, α = 3.97e-01, m = 8, nfg = 2
[ Info: CTMRG init:	obj = +8.677384524454e+00	err = 1.0000e+00
[ Info: CTMRG conv 5:	obj = +8.677384671243e+00	err = 6.4601472257e-10	time = 4.29 sec
┌ Warning: `svd` cotangents sensitive to gauge choice: (|Δgauge| = 0.2458463180641482)
└ @ TensorKitChainRulesCoreExt ~/.julia/packages/TensorKit/esxcj/ext/TensorKitChainRulesCoreExt/factorizations.jl:254
┌ Warning: `svd` cotangents sensitive to gauge choice: (|Δgauge| = 2.8973368960081638e-11)
└ @ TensorKitChainRulesCoreExt ~/.julia/packages/TensorKit/esxcj/ext/TensorKitChainRulesCoreExt/factorizations.jl:254
┌ Warning: `svd` cotangents sensitive to gauge choice: (|Δgauge| = 0.24584631800422652)
└ @ TensorKitChainRulesCoreExt ~/.julia/packages/TensorKit/esxcj/ext/TensorKitChainRulesCoreExt/factorizations.jl:254
[ Info: LBFGS: iter   68, time 2175.45 s: f = -3.161437733683, ‖∇f‖ = 2.0790e-04, α = 1.00e+00, m = 8, nfg = 1
[ Info: CTMRG init:	obj = +8.677956435873e+00	err = 1.0000e+00
[ Info: CTMRG conv 5:	obj = +8.677956470862e+00	err = 7.2246411716e-10	time = 4.21 sec
┌ Warning: `svd` cotangents sensitive to gauge choice: (|Δgauge| = 0.2458176108986292)
└ @ TensorKitChainRulesCoreExt ~/.julia/packages/TensorKit/esxcj/ext/TensorKitChainRulesCoreExt/factorizations.jl:254
┌ Warning: `svd` cotangents sensitive to gauge choice: (|Δgauge| = 2.764890062428384e-11)
└ @ TensorKitChainRulesCoreExt ~/.julia/packages/TensorKit/esxcj/ext/TensorKitChainRulesCoreExt/factorizations.jl:254
┌ Warning: `svd` cotangents sensitive to gauge choice: (|Δgauge| = 0.24581761004948932)
└ @ TensorKitChainRulesCoreExt ~/.julia/packages/TensorKit/esxcj/ext/TensorKitChainRulesCoreExt/factorizations.jl:254
[ Info: LBFGS: iter   69, time 2183.07 s: f = -3.161437925713, ‖∇f‖ = 2.5617e-04, α = 1.00e+00, m = 8, nfg = 1
[ Info: CTMRG init:	obj = +8.679137980972e+00	err = 1.0000e+00
[ Info: CTMRG conv 5:	obj = +8.679138114648e+00	err = 9.3333397378e-10	time = 3.95 sec
┌ Warning: `svd` cotangents sensitive to gauge choice: (|Δgauge| = 0.24575394119454785)
└ @ TensorKitChainRulesCoreExt ~/.julia/packages/TensorKit/esxcj/ext/TensorKitChainRulesCoreExt/factorizations.jl:254
┌ Warning: `svd` cotangents sensitive to gauge choice: (|Δgauge| = 2.3931971351623207e-11)
└ @ TensorKitChainRulesCoreExt ~/.julia/packages/TensorKit/esxcj/ext/TensorKitChainRulesCoreExt/factorizations.jl:254
┌ Warning: `svd` cotangents sensitive to gauge choice: (|Δgauge| = 0.24575394103364634)
└ @ TensorKitChainRulesCoreExt ~/.julia/packages/TensorKit/esxcj/ext/TensorKitChainRulesCoreExt/factorizations.jl:254
[ Info: LBFGS: iter   70, time 2190.10 s: f = -3.161438383243, ‖∇f‖ = 4.1235e-04, α = 1.00e+00, m = 8, nfg = 1
[ Info: CTMRG init:	obj = +8.679750745647e+00	err = 1.0000e+00
[ Info: CTMRG conv 5:	obj = +8.679750813352e+00	err = 4.4376646160e-10	time = 4.37 sec
┌ Warning: `svd` cotangents sensitive to gauge choice: (|Δgauge| = 0.2457180336634056)
└ @ TensorKitChainRulesCoreExt ~/.julia/packages/TensorKit/esxcj/ext/TensorKitChainRulesCoreExt/factorizations.jl:254
┌ Warning: `svd` cotangents sensitive to gauge choice: (|Δgauge| = 1.988831849492916e-11)
└ @ TensorKitChainRulesCoreExt ~/.julia/packages/TensorKit/esxcj/ext/TensorKitChainRulesCoreExt/factorizations.jl:254
┌ Warning: `svd` cotangents sensitive to gauge choice: (|Δgauge| = 0.24571803290670166)
└ @ TensorKitChainRulesCoreExt ~/.julia/packages/TensorKit/esxcj/ext/TensorKitChainRulesCoreExt/factorizations.jl:254
[ Info: LBFGS: iter   71, time 2197.56 s: f = -3.161438809547, ‖∇f‖ = 3.7353e-04, α = 1.00e+00, m = 8, nfg = 1
[ Info: CTMRG init:	obj = +8.680107439256e+00	err = 1.0000e+00
[ Info: CTMRG conv 6:	obj = +8.680107965630e+00	err = 1.6691064656e-10	time = 4.94 sec
┌ Warning: `svd` cotangents sensitive to gauge choice: (|Δgauge| = 0.24546740930295885)
└ @ TensorKitChainRulesCoreExt ~/.julia/packages/TensorKit/esxcj/ext/TensorKitChainRulesCoreExt/factorizations.jl:254
┌ Warning: `svd` cotangents sensitive to gauge choice: (|Δgauge| = 0.24546740906586184)
└ @ TensorKitChainRulesCoreExt ~/.julia/packages/TensorKit/esxcj/ext/TensorKitChainRulesCoreExt/factorizations.jl:254
[ Info: CTMRG init:	obj = +8.679886592200e+00	err = 1.0000e+00
[ Info: CTMRG conv 6:	obj = +8.679886657026e+00	err = 2.5766438070e-10	time = 5.26 sec
┌ Warning: `svd` cotangents sensitive to gauge choice: (|Δgauge| = 0.24562986758315833)
└ @ TensorKitChainRulesCoreExt ~/.julia/packages/TensorKit/esxcj/ext/TensorKitChainRulesCoreExt/factorizations.jl:254
┌ Warning: `svd` cotangents sensitive to gauge choice: (|Δgauge| = 0.24562986775862022)
└ @ TensorKitChainRulesCoreExt ~/.julia/packages/TensorKit/esxcj/ext/TensorKitChainRulesCoreExt/factorizations.jl:254
[ Info: LBFGS: iter   72, time 2214.45 s: f = -3.161438938025, ‖∇f‖ = 2.8740e-04, α = 3.51e-01, m = 8, nfg = 2
[ Info: CTMRG init:	obj = +8.679570862702e+00	err = 1.0000e+00
[ Info: CTMRG conv 5:	obj = +8.679570902067e+00	err = 7.8218207103e-10	time = 4.27 sec
┌ Warning: `svd` cotangents sensitive to gauge choice: (|Δgauge| = 0.24565045827699827)
└ @ TensorKitChainRulesCoreExt ~/.julia/packages/TensorKit/esxcj/ext/TensorKitChainRulesCoreExt/factorizations.jl:254
┌ Warning: `svd` cotangents sensitive to gauge choice: (|Δgauge| = 1.856080495223798e-11)
└ @ TensorKitChainRulesCoreExt ~/.julia/packages/TensorKit/esxcj/ext/TensorKitChainRulesCoreExt/factorizations.jl:254
┌ Warning: `svd` cotangents sensitive to gauge choice: (|Δgauge| = 0.24565045824306805)
└ @ TensorKitChainRulesCoreExt ~/.julia/packages/TensorKit/esxcj/ext/TensorKitChainRulesCoreExt/factorizations.jl:254
[ Info: LBFGS: converged after 73 iterations and time 2222.29 s: f = -3.161439037722, ‖∇f‖ = 8.3248e-05
