  Installing known registries into `~/.julia`
       Added `General` registry to ~/.julia/registries
    Updating registry at `~/.julia/registries/General.toml`
   Installed GPUArraysCore ─────────────── v0.2.0
   Installed RealDot ───────────────────── v0.1.0
   Installed IrrationalConstants ───────── v0.2.4
   Installed TaskLocalValues ───────────── v0.1.2
   Installed IRTools ───────────────────── v0.4.14
   Installed JLD2 ──────────────────────── v0.5.12
   Installed OhMyThreads ───────────────── v0.7.0
   Installed BlockTensorKit ────────────── v0.1.6
   Installed DiffRules ─────────────────── v1.15.1
   Installed PtrArrays ─────────────────── v1.3.0
   Installed IntegerMathUtils ──────────── v0.1.2
   Installed TableTraits ───────────────── v1.0.1
   Installed LRUCache ──────────────────── v1.6.2
   Installed Adapt ─────────────────────── v4.3.0
   Installed Accessors ─────────────────── v0.1.42
   Installed Preferences ───────────────── v1.4.3
   Installed LoggingExtras ─────────────── v1.0.3
   Installed DiffResults ───────────────── v1.1.0
   Installed OptimKit ──────────────────── v0.4.0
   Installed HashArrayMappedTries ──────── v0.2.0
   Installed WignerSymbols ─────────────── v2.0.0
   Installed Tables ────────────────────── v1.12.0
   Installed SpecialFunctions ──────────── v2.5.1
   Installed ChunkSplitters ────────────── v3.1.2
   Installed TensorKit ─────────────────── v0.14.5
   Installed RecipesBase ───────────────── v1.3.4
   Installed DataAPI ───────────────────── v1.16.0
   Installed Primes ────────────────────── v0.5.7
   Installed StaticArrays ──────────────── v1.9.13
   Installed Zygote ────────────────────── v0.7.6
   Installed AbstractFFTs ──────────────── v1.5.0
   Installed BlockArrays ───────────────── v1.6.1
   Installed MPSKit ────────────────────── v0.12.6
   Installed JLLWrappers ───────────────── v1.7.0
   Installed Richardson ────────────────── v1.4.2
   Installed FiniteDifferences ─────────── v0.12.32
   Installed NaNMath ───────────────────── v1.1.3
   Installed IteratorInterfaceExtensions ─ v1.0.0
   Installed StaticArraysCore ──────────── v1.4.3
   Installed ConstructionBase ──────────── v1.5.8
   Installed StructArrays ──────────────── v0.7.1
   Installed PrecompileTools ───────────── v1.2.1
   Installed DataValueInterfaces ───────── v1.0.0
   Installed RationalRoots ─────────────── v0.2.1
   Installed TensorKitSectors ──────────── v0.1.4
   Installed StableTasks ───────────────── v0.1.7
   Installed OrderedCollections ────────── v1.8.0
   Installed ScopedValues ──────────────── v1.3.0
   Installed InitialValues ─────────────── v0.3.1
   Installed TranscodingStreams ────────── v0.11.3
   Installed ChainRulesCore ────────────── v1.25.1
   Installed VectorInterface ───────────── v0.5.0
   Installed MPSKitModels ──────────────── v0.4.1
   Installed ForwardDiff ───────────────── v1.0.1
   Installed FileIO ────────────────────── v1.17.0
   Installed LogExpFunctions ───────────── v0.3.29
   Installed Requires ──────────────────── v1.3.1
   Installed FillArrays ────────────────── v1.13.0
   Installed Statistics ────────────────── v1.11.1
   Installed ChainRules ────────────────── v1.72.3
   Installed CommonSubexpressions ──────── v0.3.1
   Installed ZygoteRules ───────────────── v0.2.7
   Installed StridedViews ──────────────── v0.4.1
   Installed BangBang ──────────────────── v0.4.4
   Installed PackageExtensionCompat ────── v1.0.2
   Installed HalfIntegers ──────────────── v1.6.0
   Installed MacroTools ────────────────── v0.5.15
   Installed Compat ────────────────────── v4.16.0
   Installed Strided ───────────────────── v2.3.0
   Installed TensorKitManifolds ────────── v0.7.2
   Installed CompositionsBase ──────────── v0.1.2
   Installed OpenSpecFun_jll ───────────── v0.5.6+0
   Installed SparseInverseSubset ───────── v0.1.2
   Installed InverseFunctions ──────────── v0.1.17
   Installed TupleTools ────────────────── v1.6.0
   Installed TensorOperations ──────────── v5.2.0
   Installed KrylovKit ─────────────────── v0.9.5
   Installed PEPSKit ───────────────────── v0.5.0
   Installed DocStringExtensions ───────── v0.9.4
   Installed ArrayLayouts ──────────────── v1.11.1
    Updating `/var/lib/condor/execute/dir_792162/Project.toml`
  [d360d2e6] + ChainRulesCore v1.25.1
  [033835bb] + JLD2 v0.5.12
  [0b1a1467] + KrylovKit v0.9.5
  [bb1c41ca] + MPSKit v0.12.6
  [ca635005] + MPSKitModels v0.4.1
  [77e91f04] + OptimKit v0.4.0
  [52969e89] + PEPSKit v0.5.0
  [07d1fe3e] + TensorKit v0.14.5
  [409d34a3] + VectorInterface v0.5.0
  [e88e6eb3] + Zygote v0.7.6
  [37e2e46d] ~ LinearAlgebra ⇒ v1.11.0
    Updating `/var/lib/condor/execute/dir_792162/Manifest.toml`
  [621f4979] + AbstractFFTs v1.5.0
  [7d9f7c33] + Accessors v0.1.42
  [79e6a3ab] + Adapt v4.3.0
  [4c555306] + ArrayLayouts v1.11.1
  [198e06fe] + BangBang v0.4.4
  [8e7c35d0] + BlockArrays v1.6.1
  [5f87ffc2] + BlockTensorKit v0.1.6
  [082447d4] + ChainRules v1.72.3
  [d360d2e6] + ChainRulesCore v1.25.1
  [ae650224] + ChunkSplitters v3.1.2
  [bbf7d656] + CommonSubexpressions v0.3.1
  [34da2185] + Compat v4.16.0
  [a33af91c] + CompositionsBase v0.1.2
  [187b0558] + ConstructionBase v1.5.8
  [9a962f9c] + DataAPI v1.16.0
  [e2d170a0] + DataValueInterfaces v1.0.0
  [163ba53b] + DiffResults v1.1.0
  [b552c78f] + DiffRules v1.15.1
  [ffbed154] + DocStringExtensions v0.9.4
  [5789e2e9] + FileIO v1.17.0
  [1a297f60] + FillArrays v1.13.0
  [26cc04aa] + FiniteDifferences v0.12.32
  [f6369f11] + ForwardDiff v1.0.1
  [46192b85] + GPUArraysCore v0.2.0
  [f0d1745a] + HalfIntegers v1.6.0
  [076d061b] + HashArrayMappedTries v0.2.0
  [7869d1d1] + IRTools v0.4.14
  [22cec73e] + InitialValues v0.3.1
  [18e54dd8] + IntegerMathUtils v0.1.2
  [3587e190] + InverseFunctions v0.1.17
  [92d709cd] + IrrationalConstants v0.2.4
  [82899510] + IteratorInterfaceExtensions v1.0.0
  [033835bb] + JLD2 v0.5.12
  [692b3bcd] + JLLWrappers v1.7.0
  [0b1a1467] + KrylovKit v0.9.5
  [8ac3fa9e] + LRUCache v1.6.2
  [2ab3a3ac] + LogExpFunctions v0.3.29
⌅ [e6f89c97] + LoggingExtras v1.0.3
  [bb1c41ca] + MPSKit v0.12.6
  [ca635005] + MPSKitModels v0.4.1
  [1914dd2f] + MacroTools v0.5.15
  [77ba4419] + NaNMath v1.1.3
⌅ [67456a42] + OhMyThreads v0.7.0
  [77e91f04] + OptimKit v0.4.0
  [bac558e1] + OrderedCollections v1.8.0
  [52969e89] + PEPSKit v0.5.0
  [65ce6f38] + PackageExtensionCompat v1.0.2
⌅ [aea7be01] + PrecompileTools v1.2.1
  [21216c6a] + Preferences v1.4.3
  [27ebfcd6] + Primes v0.5.7
  [43287f4e] + PtrArrays v1.3.0
  [308eb6b3] + RationalRoots v0.2.1
  [c1ae055f] + RealDot v0.1.0
  [3cdcf5f2] + RecipesBase v1.3.4
  [ae029012] + Requires v1.3.1
  [708f8203] + Richardson v1.4.2
  [7e506255] + ScopedValues v1.3.0
  [dc90abb0] + SparseInverseSubset v0.1.2
  [276daf66] + SpecialFunctions v2.5.1
  [91464d47] + StableTasks v0.1.7
  [90137ffa] + StaticArrays v1.9.13
  [1e83bf80] + StaticArraysCore v1.4.3
  [10745b16] + Statistics v1.11.1
  [5e0ebb24] + Strided v2.3.0
  [4db3bf67] + StridedViews v0.4.1
  [09ab397b] + StructArrays v0.7.1
  [3783bdb8] + TableTraits v1.0.1
  [bd369af6] + Tables v1.12.0
  [ed4db957] + TaskLocalValues v0.1.2
  [07d1fe3e] + TensorKit v0.14.5
  [11fa318c] + TensorKitManifolds v0.7.2
  [13a9c161] + TensorKitSectors v0.1.4
  [6aa20fa7] + TensorOperations v5.2.0
  [3bb67fe8] + TranscodingStreams v0.11.3
  [9d95972d] + TupleTools v1.6.0
  [409d34a3] + VectorInterface v0.5.0
  [9f57e263] + WignerSymbols v2.0.0
  [e88e6eb3] + Zygote v0.7.6
  [700de1a5] + ZygoteRules v0.2.7
  [efe28fd5] + OpenSpecFun_jll v0.5.6+0
  [0dad84c5] + ArgTools v1.1.2
  [56f22d72] + Artifacts v1.11.0
  [2a0f44e3] + Base64 v1.11.0
  [ade2ca70] + Dates v1.11.0
  [8ba89e20] + Distributed v1.11.0
  [f43a241f] + Downloads v1.6.0
  [7b1f6079] + FileWatching v1.11.0
  [b77e0a4c] + InteractiveUtils v1.11.0
  [b27032c2] + LibCURL v0.6.4
  [76f85450] + LibGit2 v1.11.0
  [8f399da3] + Libdl v1.11.0
  [37e2e46d] + LinearAlgebra v1.11.0
  [56ddb016] + Logging v1.11.0
  [d6f4376e] + Markdown v1.11.0
  [a63ad114] + Mmap v1.11.0
  [ca575930] + NetworkOptions v1.2.0
  [44cfe95a] + Pkg v1.11.0
  [de0858da] + Printf v1.11.0
  [9a3f8284] + Random v1.11.0
  [ea8e919c] + SHA v0.7.0
  [9e88b42a] + Serialization v1.11.0
  [6462fe0b] + Sockets v1.11.0
  [2f01184e] + SparseArrays v1.11.0
  [4607b0f0] + SuiteSparse
  [fa267f1f] + TOML v1.0.3
  [a4e569a6] + Tar v1.10.0
  [cf7118a7] + UUIDs v1.11.0
  [4ec0a83e] + Unicode v1.11.0
  [e66e0078] + CompilerSupportLibraries_jll v1.1.1+0
  [deac9b47] + LibCURL_jll v8.6.0+0
  [e37daf67] + LibGit2_jll v1.7.2+0
  [29816b5a] + LibSSH2_jll v1.11.0+1
  [c8ffd9c3] + MbedTLS_jll v2.28.6+0
  [14a3606d] + MozillaCACerts_jll v2023.12.12
  [4536629a] + OpenBLAS_jll v0.3.27+1
  [05823500] + OpenLibm_jll v0.8.1+2
  [bea87d4a] + SuiteSparse_jll v7.7.0+0
  [83775a58] + Zlib_jll v1.2.13+1
  [8e850b90] + libblastrampoline_jll v5.11.0+0
  [8e850ede] + nghttp2_jll v1.59.0+0
  [3f19e933] + p7zip_jll v17.4.0+2
        Info Packages marked with ⌅ have new versions available but compatibility constraints restrict them from upgrading. To see why use `status --outdated -m`
Precompiling project...
    660.1 ms  ✓ TaskLocalValues
    585.1 ms  ✓ DataValueInterfaces
    605.6 ms  ✓ RealDot
    614.9 ms  ✓ IntegerMathUtils
    672.7 ms  ✓ Richardson
    766.1 ms  ✓ HalfIntegers
    764.2 ms  ✓ StableTasks
    748.3 ms  ✓ InverseFunctions
    765.4 ms  ✓ LRUCache
    859.4 ms  ✓ Statistics
    870.8 ms  ✓ VectorInterface
    910.3 ms  ✓ OrderedCollections
    905.7 ms  ✓ DocStringExtensions
    934.1 ms  ✓ AbstractFFTs
    553.6 ms  ✓ IteratorInterfaceExtensions
    583.0 ms  ✓ PackageExtensionCompat
    631.4 ms  ✓ DataAPI
    567.1 ms  ✓ CompositionsBase
    554.4 ms  ✓ PtrArrays
    744.5 ms  ✓ ConstructionBase
    626.5 ms  ✓ HashArrayMappedTries
   1569.8 ms  ✓ FillArrays
    799.9 ms  ✓ ChunkSplitters
    674.3 ms  ✓ StaticArraysCore
    675.5 ms  ✓ TupleTools
    682.4 ms  ✓ RationalRoots
   1683.7 ms  ✓ IrrationalConstants
    825.8 ms  ✓ TranscodingStreams
    708.2 ms  ✓ NaNMath
    762.9 ms  ✓ Requires
    776.0 ms  ✓ LoggingExtras
   1269.6 ms  ✓ InitialValues
    563.2 ms  ✓ TableTraits
    567.9 ms  ✓ ScopedValues
    808.4 ms  ✓ SuiteSparse
    811.1 ms  ✓ CompositionsBase → CompositionsBaseInverseFunctionsExt
    650.6 ms  ✓ InverseFunctions → InverseFunctionsDatesExt
    709.3 ms  ✓ StridedViews
    848.2 ms  ✓ Compat
    608.4 ms  ✓ ConstructionBase → ConstructionBaseLinearAlgebraExt
    929.5 ms  ✓ Primes
    621.8 ms  ✓ FillArrays → FillArraysStatisticsExt
    609.3 ms  ✓ LRUCache → SerializationExt
   1034.2 ms  ✓ Preferences
    665.0 ms  ✓ Adapt
    893.4 ms  ✓ FillArrays → FillArraysSparseArraysExt
    618.2 ms  ✓ DiffResults
    862.0 ms  ✓ Statistics → SparseArraysExt
    573.7 ms  ✓ StridedViews → StridedViewsPtrArraysExt
    961.4 ms  ✓ LogExpFunctions
    809.4 ms  ✓ SparseInverseSubset
    598.8 ms  ✓ Compat → CompatLinearAlgebraExt
   1185.7 ms  ✓ Tables
    645.0 ms  ✓ PrecompileTools
    902.5 ms  ✓ Strided
    742.8 ms  ✓ JLLWrappers
    605.8 ms  ✓ LogExpFunctions → LogExpFunctionsInverseFunctionsExt
    734.6 ms  ✓ GPUArraysCore
    838.0 ms  ✓ Adapt → AdaptSparseArraysExt
   2118.0 ms  ✓ KrylovKit
   3236.1 ms  ✓ MacroTools
   1821.3 ms  ✓ OptimKit
   1093.8 ms  ✓ StructArrays
    812.3 ms  ✓ OpenSpecFun_jll
    720.2 ms  ✓ CommonSubexpressions
   1737.5 ms  ✓ ChainRulesCore
    627.2 ms  ✓ StructArrays → StructArraysAdaptExt
    665.5 ms  ✓ StructArrays → StructArraysLinearAlgebraExt
    867.6 ms  ✓ StructArrays → StructArraysSparseArraysExt
   2208.6 ms  ✓ RecipesBase
    664.2 ms  ✓ AbstractFFTs → AbstractFFTsChainRulesCoreExt
    872.6 ms  ✓ ChainRulesCore → ChainRulesCoreSparseArraysExt
    886.6 ms  ✓ KrylovKit → KrylovKitChainRulesCoreExt
   1091.6 ms  ✓ ZygoteRules
   3315.0 ms  ✓ WignerSymbols
   2516.4 ms  ✓ IRTools
   2888.8 ms  ✓ Accessors
   2193.4 ms  ✓ LogExpFunctions → LogExpFunctionsChainRulesCoreExt
    722.5 ms  ✓ Accessors → StructArraysExt
    761.4 ms  ✓ Accessors → LinearAlgebraExt
   5462.0 ms  ✓ FileIO
   4163.1 ms  ✓ SpecialFunctions
   1122.1 ms  ✓ BangBang
    761.3 ms  ✓ BangBang → BangBangChainRulesCoreExt
    768.2 ms  ✓ BangBang → BangBangTablesExt
    772.7 ms  ✓ BangBang → BangBangStructArraysExt
    926.3 ms  ✓ DiffRules
   1314.3 ms  ✓ OhMyThreads
   2662.9 ms  ✓ SpecialFunctions → SpecialFunctionsChainRulesCoreExt
   9637.6 ms  ✓ StaticArrays
   7859.8 ms  ✓ ChainRules
    904.7 ms  ✓ Adapt → AdaptStaticArraysExt
    936.2 ms  ✓ ConstructionBase → ConstructionBaseStaticArraysExt
    951.6 ms  ✓ StaticArrays → StaticArraysStatisticsExt
    955.3 ms  ✓ StaticArrays → StaticArraysChainRulesCoreExt
    981.8 ms  ✓ StructArrays → StructArraysStaticArraysExt
   1019.4 ms  ✓ BangBang → BangBangStaticArraysExt
   1049.3 ms  ✓ Accessors → StaticArraysExt
   4986.2 ms  ✓ ForwardDiff
   1562.2 ms  ✓ FiniteDifferences
   1093.4 ms  ✓ ForwardDiff → ForwardDiffStaticArraysExt
  18225.8 ms  ✓ ArrayLayouts
   1114.3 ms  ✓ ArrayLayouts → ArrayLayoutsSparseArraysExt
   2271.8 ms  ✓ BlockArrays
   1023.4 ms  ✓ BlockArrays → BlockArraysAdaptExt
  40221.0 ms  ✓ JLD2
  38269.0 ms  ✓ Zygote
 160790.6 ms  ✓ TensorOperations
   1668.4 ms  ✓ TensorOperations → TensorOperationsChainRulesCoreExt
   8509.1 ms  ✓ TensorKitSectors
  10090.6 ms  ✓ TensorKit
   2389.4 ms  ✓ TensorKitManifolds
   2579.5 ms  ✓ TensorKit → TensorKitFiniteDifferencesExt
   2613.6 ms  ✓ TensorKit → TensorKitChainRulesCoreExt
   3391.7 ms  ✓ BlockTensorKit
  19395.4 ms  ✓ MPSKit
  16102.7 ms  ✓ MPSKitModels
  19185.1 ms  ✓ PEPSKit
  118 dependencies successfully precompiled in 241 seconds. 31 already precompiled.
[ Info: CTMRG init:	obj = +4.652180641490e+00	err = 1.0000e+00
[ Info: CTMRG conv 4:	obj = +4.652180641490e+00	err = 1.6944024043e-11	time = 2.19 min
┌ Warning: `svd` cotangents sensitive to gauge choice: (|Δgauge| = 0.41866155909593894)
└ @ TensorKitChainRulesCoreExt ~/.julia/packages/TensorKit/esxcj/ext/TensorKitChainRulesCoreExt/factorizations.jl:254
┌ Warning: `svd` cotangents sensitive to gauge choice: (|Δgauge| = 1.3322238943367122e-5)
└ @ TensorKitChainRulesCoreExt ~/.julia/packages/TensorKit/esxcj/ext/TensorKitChainRulesCoreExt/factorizations.jl:254
┌ Warning: `svd` cotangents sensitive to gauge choice: (|Δgauge| = 0.4186545655092353)
└ @ TensorKitChainRulesCoreExt ~/.julia/packages/TensorKit/esxcj/ext/TensorKitChainRulesCoreExt/factorizations.jl:254
[ Info: LBFGS: initializing with f = -2.114925400375, ‖∇f‖ = 9.2492e-04
[ Info: CTMRG init:	obj = +4.651924722062e+00	err = 1.0000e+00
[ Info: CTMRG conv 22:	obj = +4.651928207849e+00	err = 7.7501168125e-10	time = 11.37 sec
┌ Warning: `svd` cotangents sensitive to gauge choice: (|Δgauge| = 0.4178888308867582)
└ @ TensorKitChainRulesCoreExt ~/.julia/packages/TensorKit/esxcj/ext/TensorKitChainRulesCoreExt/factorizations.jl:254
┌ Warning: `svd` cotangents sensitive to gauge choice: (|Δgauge| = 0.4178888308878297)
└ @ TensorKitChainRulesCoreExt ~/.julia/packages/TensorKit/esxcj/ext/TensorKitChainRulesCoreExt/factorizations.jl:254
[ Info: LBFGS: iter    1, time 1715.09 s: f = -2.114928094594, ‖∇f‖ = 2.7991e-03, α = 1.00e+00, m = 0, nfg = 1
[ Info: CTMRG init:	obj = +4.651279295629e+00	err = 1.0000e+00
[ Info: CTMRG conv 22:	obj = +4.651280268367e+00	err = 4.0482397690e-10	time = 10.66 sec
┌ Warning: `svd` cotangents sensitive to gauge choice: (|Δgauge| = 0.41831141211307205)
└ @ TensorKitChainRulesCoreExt ~/.julia/packages/TensorKit/esxcj/ext/TensorKitChainRulesCoreExt/factorizations.jl:254
┌ Warning: `svd` cotangents sensitive to gauge choice: (|Δgauge| = 0.41831141211045175)
└ @ TensorKitChainRulesCoreExt ~/.julia/packages/TensorKit/esxcj/ext/TensorKitChainRulesCoreExt/factorizations.jl:254
[ Info: LBFGS: iter    2, time 1736.58 s: f = -2.114933098955, ‖∇f‖ = 1.3377e-03, α = 1.00e+00, m = 1, nfg = 1
[ Info: CTMRG init:	obj = +4.650333787359e+00	err = 1.0000e+00
[ Info: CTMRG conv 22:	obj = +4.650335369642e+00	err = 8.8279754405e-10	time = 10.31 sec
┌ Warning: `svd` cotangents sensitive to gauge choice: (|Δgauge| = 0.4187589126274619)
└ @ TensorKitChainRulesCoreExt ~/.julia/packages/TensorKit/esxcj/ext/TensorKitChainRulesCoreExt/factorizations.jl:254
┌ Warning: `svd` cotangents sensitive to gauge choice: (|Δgauge| = 0.41875891265193177)
└ @ TensorKitChainRulesCoreExt ~/.julia/packages/TensorKit/esxcj/ext/TensorKitChainRulesCoreExt/factorizations.jl:254
[ Info: LBFGS: iter    3, time 1755.66 s: f = -2.114937312277, ‖∇f‖ = 9.2916e-04, α = 1.00e+00, m = 2, nfg = 1
[ Info: CTMRG init:	obj = +4.650683902955e+00	err = 1.0000e+00
[ Info: CTMRG conv 19:	obj = +4.650684003458e+00	err = 5.2664706153e-10	time = 8.94 sec
┌ Warning: `svd` cotangents sensitive to gauge choice: (|Δgauge| = 0.41886625965130314)
└ @ TensorKitChainRulesCoreExt ~/.julia/packages/TensorKit/esxcj/ext/TensorKitChainRulesCoreExt/factorizations.jl:254
┌ Warning: `svd` cotangents sensitive to gauge choice: (|Δgauge| = 0.41886625967901686)
└ @ TensorKitChainRulesCoreExt ~/.julia/packages/TensorKit/esxcj/ext/TensorKitChainRulesCoreExt/factorizations.jl:254
[ Info: LBFGS: iter    4, time 1772.42 s: f = -2.114939758393, ‖∇f‖ = 1.1229e-03, α = 1.00e+00, m = 3, nfg = 1
[ Info: CTMRG init:	obj = +4.655171861903e+00	err = 1.0000e+00
[ Info: CTMRG conv 33:	obj = +4.655175443409e+00	err = 9.6779450437e-10	time = 16.42 sec
┌ Warning: `svd` cotangents sensitive to gauge choice: (|Δgauge| = 0.4195795002159438)
└ @ TensorKitChainRulesCoreExt ~/.julia/packages/TensorKit/esxcj/ext/TensorKitChainRulesCoreExt/factorizations.jl:254
┌ Warning: `svd` cotangents sensitive to gauge choice: (|Δgauge| = 0.4195795002221438)
└ @ TensorKitChainRulesCoreExt ~/.julia/packages/TensorKit/esxcj/ext/TensorKitChainRulesCoreExt/factorizations.jl:254
[ Info: LBFGS: iter    5, time 1800.26 s: f = -2.114955232199, ‖∇f‖ = 2.2355e-03, α = 1.00e+00, m = 4, nfg = 1
[ Info: CTMRG init:	obj = +4.663812389553e+00	err = 1.0000e+00
[ Info: CTMRG conv 23:	obj = +4.663822758961e+00	err = 9.8889345373e-10	time = 12.08 sec
┌ Warning: `svd` cotangents sensitive to gauge choice: (|Δgauge| = 0.4196738396644903)
└ @ TensorKitChainRulesCoreExt ~/.julia/packages/TensorKit/esxcj/ext/TensorKitChainRulesCoreExt/factorizations.jl:254
┌ Warning: `svd` cotangents sensitive to gauge choice: (|Δgauge| = 0.4196738397096963)
└ @ TensorKitChainRulesCoreExt ~/.julia/packages/TensorKit/esxcj/ext/TensorKitChainRulesCoreExt/factorizations.jl:254
[ Info: LBFGS: iter    6, time 1821.06 s: f = -2.114965972329, ‖∇f‖ = 5.2743e-03, α = 1.00e+00, m = 5, nfg = 1
[ Info: CTMRG init:	obj = +4.667848234876e+00	err = 1.0000e+00
[ Info: CTMRG conv 23:	obj = +4.667851184231e+00	err = 6.0501498631e-10	time = 11.56 sec
┌ Warning: `svd` cotangents sensitive to gauge choice: (|Δgauge| = 0.42007407018536336)
└ @ TensorKitChainRulesCoreExt ~/.julia/packages/TensorKit/esxcj/ext/TensorKitChainRulesCoreExt/factorizations.jl:254
┌ Warning: `svd` cotangents sensitive to gauge choice: (|Δgauge| = 0.42007407020801635)
└ @ TensorKitChainRulesCoreExt ~/.julia/packages/TensorKit/esxcj/ext/TensorKitChainRulesCoreExt/factorizations.jl:254
[ Info: LBFGS: iter    7, time 1840.83 s: f = -2.114987966439, ‖∇f‖ = 2.5773e-03, α = 1.00e+00, m = 6, nfg = 1
[ Info: CTMRG init:	obj = +4.672356513727e+00	err = 1.0000e+00
[ Info: CTMRG conv 23:	obj = +4.672359545543e+00	err = 6.3630058388e-10	time = 13.05 sec
┌ Warning: `svd` cotangents sensitive to gauge choice: (|Δgauge| = 0.42000950096678763)
└ @ TensorKitChainRulesCoreExt ~/.julia/packages/TensorKit/esxcj/ext/TensorKitChainRulesCoreExt/factorizations.jl:254
┌ Warning: `svd` cotangents sensitive to gauge choice: (|Δgauge| = 0.42000950105249696)
└ @ TensorKitChainRulesCoreExt ~/.julia/packages/TensorKit/esxcj/ext/TensorKitChainRulesCoreExt/factorizations.jl:254
[ Info: LBFGS: iter    8, time 1862.45 s: f = -2.115004597351, ‖∇f‖ = 1.9862e-03, α = 1.00e+00, m = 7, nfg = 1
[ Info: CTMRG init:	obj = +4.675184324574e+00	err = 1.0000e+00
[ Info: CTMRG conv 23:	obj = +4.675188172358e+00	err = 3.7450016742e-10	time = 11.84 sec
┌ Warning: `svd` cotangents sensitive to gauge choice: (|Δgauge| = 0.41981740664844824)
└ @ TensorKitChainRulesCoreExt ~/.julia/packages/TensorKit/esxcj/ext/TensorKitChainRulesCoreExt/factorizations.jl:254
┌ Warning: `svd` cotangents sensitive to gauge choice: (|Δgauge| = 0.41981740662392986)
└ @ TensorKitChainRulesCoreExt ~/.julia/packages/TensorKit/esxcj/ext/TensorKitChainRulesCoreExt/factorizations.jl:254
[ Info: LBFGS: iter    9, time 1883.00 s: f = -2.115018517394, ‖∇f‖ = 1.9520e-03, α = 1.00e+00, m = 8, nfg = 1
[ Info: CTMRG init:	obj = +4.672280968734e+00	err = 1.0000e+00
[ Info: CTMRG conv 23:	obj = +4.672288213957e+00	err = 4.0211586811e-10	time = 12.74 sec
┌ Warning: `svd` cotangents sensitive to gauge choice: (|Δgauge| = 0.4195746478262046)
└ @ TensorKitChainRulesCoreExt ~/.julia/packages/TensorKit/esxcj/ext/TensorKitChainRulesCoreExt/factorizations.jl:254
┌ Warning: `svd` cotangents sensitive to gauge choice: (|Δgauge| = 0.41957464788096893)
└ @ TensorKitChainRulesCoreExt ~/.julia/packages/TensorKit/esxcj/ext/TensorKitChainRulesCoreExt/factorizations.jl:254
[ Info: LBFGS: iter   10, time 1904.34 s: f = -2.115033468538, ‖∇f‖ = 1.5583e-03, α = 1.00e+00, m = 8, nfg = 1
[ Info: CTMRG init:	obj = +4.664463751022e+00	err = 1.0000e+00
[ Info: CTMRG conv 24:	obj = +4.664484861736e+00	err = 4.3277037457e-10	time = 14.34 sec
┌ Warning: `svd` cotangents sensitive to gauge choice: (|Δgauge| = 0.4205095973348948)
└ @ TensorKitChainRulesCoreExt ~/.julia/packages/TensorKit/esxcj/ext/TensorKitChainRulesCoreExt/factorizations.jl:254
┌ Warning: `svd` cotangents sensitive to gauge choice: (|Δgauge| = 0.420509597360463)
└ @ TensorKitChainRulesCoreExt ~/.julia/packages/TensorKit/esxcj/ext/TensorKitChainRulesCoreExt/factorizations.jl:254
[ Info: CTMRG init:	obj = +4.669763850016e+00	err = 1.0000e+00
[ Info: CTMRG conv 23:	obj = +4.669766235880e+00	err = 3.7403937979e-10	time = 13.07 sec
┌ Warning: `svd` cotangents sensitive to gauge choice: (|Δgauge| = 0.41989006811674096)
└ @ TensorKitChainRulesCoreExt ~/.julia/packages/TensorKit/esxcj/ext/TensorKitChainRulesCoreExt/factorizations.jl:254
┌ Warning: `svd` cotangents sensitive to gauge choice: (|Δgauge| = 0.41989006807813356)
└ @ TensorKitChainRulesCoreExt ~/.julia/packages/TensorKit/esxcj/ext/TensorKitChainRulesCoreExt/factorizations.jl:254
[ Info: LBFGS: iter   11, time 1949.71 s: f = -2.115037669176, ‖∇f‖ = 1.7443e-03, α = 3.37e-01, m = 8, nfg = 2
[ Info: CTMRG init:	obj = +4.665149447831e+00	err = 1.0000e+00
[ Info: CTMRG conv 23:	obj = +4.665152747277e+00	err = 7.5906602940e-10	time = 14.37 sec
┌ Warning: `svd` cotangents sensitive to gauge choice: (|Δgauge| = 0.41953767838558925)
└ @ TensorKitChainRulesCoreExt ~/.julia/packages/TensorKit/esxcj/ext/TensorKitChainRulesCoreExt/factorizations.jl:254
┌ Warning: `svd` cotangents sensitive to gauge choice: (|Δgauge| = 0.4195376783298427)
└ @ TensorKitChainRulesCoreExt ~/.julia/packages/TensorKit/esxcj/ext/TensorKitChainRulesCoreExt/factorizations.jl:254
[ Info: LBFGS: iter   12, time 1972.32 s: f = -2.115043535272, ‖∇f‖ = 9.6605e-04, α = 1.00e+00, m = 8, nfg = 1
[ Info: CTMRG init:	obj = +4.662805210589e+00	err = 1.0000e+00
[ Info: CTMRG conv 23:	obj = +4.662806009981e+00	err = 4.5055974916e-10	time = 14.11 sec
┌ Warning: `svd` cotangents sensitive to gauge choice: (|Δgauge| = 0.41945671843254567)
└ @ TensorKitChainRulesCoreExt ~/.julia/packages/TensorKit/esxcj/ext/TensorKitChainRulesCoreExt/factorizations.jl:254
┌ Warning: `svd` cotangents sensitive to gauge choice: (|Δgauge| = 0.4194567183851823)
└ @ TensorKitChainRulesCoreExt ~/.julia/packages/TensorKit/esxcj/ext/TensorKitChainRulesCoreExt/factorizations.jl:254
[ Info: LBFGS: iter   13, time 1994.58 s: f = -2.115047218329, ‖∇f‖ = 8.8725e-04, α = 1.00e+00, m = 8, nfg = 1
[ Info: CTMRG init:	obj = +4.658438245279e+00	err = 1.0000e+00
[ Info: CTMRG conv 24:	obj = +4.658442235088e+00	err = 3.9170270520e-10	time = 14.49 sec
┌ Warning: `svd` cotangents sensitive to gauge choice: (|Δgauge| = 0.41873098044152546)
└ @ TensorKitChainRulesCoreExt ~/.julia/packages/TensorKit/esxcj/ext/TensorKitChainRulesCoreExt/factorizations.jl:254
┌ Warning: `svd` cotangents sensitive to gauge choice: (|Δgauge| = 0.4187309804301189)
└ @ TensorKitChainRulesCoreExt ~/.julia/packages/TensorKit/esxcj/ext/TensorKitChainRulesCoreExt/factorizations.jl:254
[ Info: LBFGS: iter   14, time 2017.71 s: f = -2.115052878357, ‖∇f‖ = 1.4270e-03, α = 1.00e+00, m = 8, nfg = 1
[ Info: CTMRG init:	obj = +4.655865991053e+00	err = 1.0000e+00
[ Info: CTMRG conv 23:	obj = +4.655870972471e+00	err = 4.3047769621e-10	time = 16.43 sec
┌ Warning: `svd` cotangents sensitive to gauge choice: (|Δgauge| = 0.4191385461852841)
└ @ TensorKitChainRulesCoreExt ~/.julia/packages/TensorKit/esxcj/ext/TensorKitChainRulesCoreExt/factorizations.jl:254
┌ Warning: `svd` cotangents sensitive to gauge choice: (|Δgauge| = 0.4191385460108762)
└ @ TensorKitChainRulesCoreExt ~/.julia/packages/TensorKit/esxcj/ext/TensorKitChainRulesCoreExt/factorizations.jl:254
[ Info: LBFGS: iter   15, time 2042.93 s: f = -2.115057278134, ‖∇f‖ = 2.4296e-03, α = 1.00e+00, m = 8, nfg = 1
[ Info: CTMRG init:	obj = +4.656449607419e+00	err = 1.0000e+00
[ Info: CTMRG conv 21:	obj = +4.656450291627e+00	err = 5.5839988009e-10	time = 14.84 sec
┌ Warning: `svd` cotangents sensitive to gauge choice: (|Δgauge| = 0.4188963370038926)
└ @ TensorKitChainRulesCoreExt ~/.julia/packages/TensorKit/esxcj/ext/TensorKitChainRulesCoreExt/factorizations.jl:254
┌ Warning: `svd` cotangents sensitive to gauge choice: (|Δgauge| = 0.4188963370272416)
└ @ TensorKitChainRulesCoreExt ~/.julia/packages/TensorKit/esxcj/ext/TensorKitChainRulesCoreExt/factorizations.jl:254
[ Info: LBFGS: iter   16, time 2065.89 s: f = -2.115062127124, ‖∇f‖ = 1.4605e-03, α = 1.00e+00, m = 8, nfg = 1
[ Info: CTMRG init:	obj = +4.656335406449e+00	err = 1.0000e+00
[ Info: CTMRG conv 19:	obj = +4.656338659561e+00	err = 3.9916694779e-10	time = 13.34 sec
┌ Warning: `svd` cotangents sensitive to gauge choice: (|Δgauge| = 0.41847537833716564)
└ @ TensorKitChainRulesCoreExt ~/.julia/packages/TensorKit/esxcj/ext/TensorKitChainRulesCoreExt/factorizations.jl:254
┌ Warning: `svd` cotangents sensitive to gauge choice: (|Δgauge| = 0.4184753782998481)
└ @ TensorKitChainRulesCoreExt ~/.julia/packages/TensorKit/esxcj/ext/TensorKitChainRulesCoreExt/factorizations.jl:254
[ Info: LBFGS: iter   17, time 2087.34 s: f = -2.115069211532, ‖∇f‖ = 9.8946e-04, α = 1.00e+00, m = 8, nfg = 1
[ Info: CTMRG init:	obj = +4.653832415023e+00	err = 1.0000e+00
[ Info: CTMRG conv 23:	obj = +4.653833167843e+00	err = 5.1703499104e-10	time = 17.22 sec
┌ Warning: `svd` cotangents sensitive to gauge choice: (|Δgauge| = 0.4183627706457804)
└ @ TensorKitChainRulesCoreExt ~/.julia/packages/TensorKit/esxcj/ext/TensorKitChainRulesCoreExt/factorizations.jl:254
┌ Warning: `svd` cotangents sensitive to gauge choice: (|Δgauge| = 0.41836277054322735)
└ @ TensorKitChainRulesCoreExt ~/.julia/packages/TensorKit/esxcj/ext/TensorKitChainRulesCoreExt/factorizations.jl:254
[ Info: LBFGS: iter   18, time 2113.23 s: f = -2.115072248536, ‖∇f‖ = 1.0299e-03, α = 1.00e+00, m = 8, nfg = 1
[ Info: CTMRG init:	obj = +4.644595271049e+00	err = 1.0000e+00
[ Info: CTMRG conv 24:	obj = +4.644605207286e+00	err = 9.4207310344e-10	time = 16.52 sec
┌ Warning: `svd` cotangents sensitive to gauge choice: (|Δgauge| = 0.41822530825273596)
└ @ TensorKitChainRulesCoreExt ~/.julia/packages/TensorKit/esxcj/ext/TensorKitChainRulesCoreExt/factorizations.jl:254
┌ Warning: `svd` cotangents sensitive to gauge choice: (|Δgauge| = 0.4182253082318133)
└ @ TensorKitChainRulesCoreExt ~/.julia/packages/TensorKit/esxcj/ext/TensorKitChainRulesCoreExt/factorizations.jl:254
[ Info: LBFGS: iter   19, time 2138.41 s: f = -2.115078913687, ‖∇f‖ = 2.5780e-03, α = 1.00e+00, m = 8, nfg = 1
[ Info: CTMRG init:	obj = +4.633277778613e+00	err = 1.0000e+00
[ Info: CTMRG conv 25:	obj = +4.633287888835e+00	err = 4.8284211297e-10	time = 18.79 sec
┌ Warning: `svd` cotangents sensitive to gauge choice: (|Δgauge| = 0.41807183307550666)
└ @ TensorKitChainRulesCoreExt ~/.julia/packages/TensorKit/esxcj/ext/TensorKitChainRulesCoreExt/factorizations.jl:254
┌ Warning: `svd` cotangents sensitive to gauge choice: (|Δgauge| = 0.41807183308282425)
└ @ TensorKitChainRulesCoreExt ~/.julia/packages/TensorKit/esxcj/ext/TensorKitChainRulesCoreExt/factorizations.jl:254
[ Info: LBFGS: iter   20, time 2166.83 s: f = -2.115083868905, ‖∇f‖ = 1.3602e-03, α = 1.00e+00, m = 8, nfg = 1
[ Info: CTMRG init:	obj = +4.635342229553e+00	err = 1.0000e+00
[ Info: CTMRG conv 23:	obj = +4.635342721752e+00	err = 3.9781413056e-10	time = 17.31 sec
┌ Warning: `svd` cotangents sensitive to gauge choice: (|Δgauge| = 0.41829737515261733)
└ @ TensorKitChainRulesCoreExt ~/.julia/packages/TensorKit/esxcj/ext/TensorKitChainRulesCoreExt/factorizations.jl:254
┌ Warning: `svd` cotangents sensitive to gauge choice: (|Δgauge| = 0.4182973750546132)
└ @ TensorKitChainRulesCoreExt ~/.julia/packages/TensorKit/esxcj/ext/TensorKitChainRulesCoreExt/factorizations.jl:254
[ Info: LBFGS: iter   21, time 2192.75 s: f = -2.115086364979, ‖∇f‖ = 5.8280e-04, α = 1.00e+00, m = 8, nfg = 1
[ Info: CTMRG init:	obj = +4.635270530450e+00	err = 1.0000e+00
[ Info: CTMRG conv 22:	obj = +4.635270733501e+00	err = 5.7640600992e-10	time = 16.45 sec
┌ Warning: `svd` cotangents sensitive to gauge choice: (|Δgauge| = 0.41843015499028174)
└ @ TensorKitChainRulesCoreExt ~/.julia/packages/TensorKit/esxcj/ext/TensorKitChainRulesCoreExt/factorizations.jl:254
┌ Warning: `svd` cotangents sensitive to gauge choice: (|Δgauge| = 0.4184301549828299)
└ @ TensorKitChainRulesCoreExt ~/.julia/packages/TensorKit/esxcj/ext/TensorKitChainRulesCoreExt/factorizations.jl:254
[ Info: LBFGS: iter   22, time 2217.11 s: f = -2.115087789681, ‖∇f‖ = 5.7169e-04, α = 1.00e+00, m = 8, nfg = 1
[ Info: CTMRG init:	obj = +4.634596562580e+00	err = 1.0000e+00
[ Info: CTMRG conv 22:	obj = +4.634596879160e+00	err = 9.0266708319e-10	time = 16.59 sec
┌ Warning: `svd` cotangents sensitive to gauge choice: (|Δgauge| = 0.4184246110519593)
└ @ TensorKitChainRulesCoreExt ~/.julia/packages/TensorKit/esxcj/ext/TensorKitChainRulesCoreExt/factorizations.jl:254
┌ Warning: `svd` cotangents sensitive to gauge choice: (|Δgauge| = 0.4184246110133918)
└ @ TensorKitChainRulesCoreExt ~/.julia/packages/TensorKit/esxcj/ext/TensorKitChainRulesCoreExt/factorizations.jl:254
[ Info: LBFGS: iter   23, time 2241.65 s: f = -2.115089528253, ‖∇f‖ = 6.4444e-04, α = 1.00e+00, m = 8, nfg = 1
[ Info: CTMRG init:	obj = +4.633180961541e+00	err = 1.0000e+00
[ Info: CTMRG conv 23:	obj = +4.633183700880e+00	err = 8.0187205501e-10	time = 17.30 sec
┌ Warning: `svd` cotangents sensitive to gauge choice: (|Δgauge| = 0.4187473822636435)
└ @ TensorKitChainRulesCoreExt ~/.julia/packages/TensorKit/esxcj/ext/TensorKitChainRulesCoreExt/factorizations.jl:254
┌ Warning: `svd` cotangents sensitive to gauge choice: (|Δgauge| = 0.41874738230633773)
└ @ TensorKitChainRulesCoreExt ~/.julia/packages/TensorKit/esxcj/ext/TensorKitChainRulesCoreExt/factorizations.jl:254
[ Info: CTMRG init:	obj = +4.633979089375e+00	err = 1.0000e+00
[ Info: CTMRG conv 22:	obj = +4.633979652563e+00	err = 9.1766592207e-10	time = 17.66 sec
┌ Warning: `svd` cotangents sensitive to gauge choice: (|Δgauge| = 0.4185699918813482)
└ @ TensorKitChainRulesCoreExt ~/.julia/packages/TensorKit/esxcj/ext/TensorKitChainRulesCoreExt/factorizations.jl:254
┌ Warning: `svd` cotangents sensitive to gauge choice: (|Δgauge| = 0.4185699919328139)
└ @ TensorKitChainRulesCoreExt ~/.julia/packages/TensorKit/esxcj/ext/TensorKitChainRulesCoreExt/factorizations.jl:254
[ Info: LBFGS: iter   24, time 2292.62 s: f = -2.115090807100, ‖∇f‖ = 1.0871e-03, α = 4.53e-01, m = 8, nfg = 2
[ Info: CTMRG init:	obj = +4.632644985623e+00	err = 1.0000e+00
[ Info: CTMRG conv 23:	obj = +4.632645506140e+00	err = 5.0039836195e-10	time = 18.09 sec
┌ Warning: `svd` cotangents sensitive to gauge choice: (|Δgauge| = 0.41830925871774804)
└ @ TensorKitChainRulesCoreExt ~/.julia/packages/TensorKit/esxcj/ext/TensorKitChainRulesCoreExt/factorizations.jl:254
┌ Warning: `svd` cotangents sensitive to gauge choice: (|Δgauge| = 0.41830925875434155)
└ @ TensorKitChainRulesCoreExt ~/.julia/packages/TensorKit/esxcj/ext/TensorKitChainRulesCoreExt/factorizations.jl:254
[ Info: LBFGS: iter   25, time 2319.60 s: f = -2.115092634342, ‖∇f‖ = 4.6723e-04, α = 1.00e+00, m = 8, nfg = 1
[ Info: CTMRG init:	obj = +4.631731669882e+00	err = 1.0000e+00
[ Info: CTMRG conv 22:	obj = +4.631731883157e+00	err = 6.5759895333e-10	time = 18.30 sec
┌ Warning: `svd` cotangents sensitive to gauge choice: (|Δgauge| = 0.41827813478230286)
└ @ TensorKitChainRulesCoreExt ~/.julia/packages/TensorKit/esxcj/ext/TensorKitChainRulesCoreExt/factorizations.jl:254
┌ Warning: `svd` cotangents sensitive to gauge choice: (|Δgauge| = 0.4182781347824689)
└ @ TensorKitChainRulesCoreExt ~/.julia/packages/TensorKit/esxcj/ext/TensorKitChainRulesCoreExt/factorizations.jl:254
[ Info: LBFGS: iter   26, time 2346.54 s: f = -2.115093345788, ‖∇f‖ = 4.1855e-04, α = 1.00e+00, m = 8, nfg = 1
[ Info: CTMRG init:	obj = +4.631995151349e+00	err = 1.0000e+00
[ Info: CTMRG conv 19:	obj = +4.631995874291e+00	err = 8.9918169197e-10	time = 16.33 sec
┌ Warning: `svd` cotangents sensitive to gauge choice: (|Δgauge| = 0.4179714808370025)
└ @ TensorKitChainRulesCoreExt ~/.julia/packages/TensorKit/esxcj/ext/TensorKitChainRulesCoreExt/factorizations.jl:254
┌ Warning: `svd` cotangents sensitive to gauge choice: (|Δgauge| = 0.41797148081139834)
└ @ TensorKitChainRulesCoreExt ~/.julia/packages/TensorKit/esxcj/ext/TensorKitChainRulesCoreExt/factorizations.jl:254
[ Info: LBFGS: iter   27, time 2370.64 s: f = -2.115093752397, ‖∇f‖ = 8.1011e-04, α = 1.00e+00, m = 8, nfg = 1
[ Info: CTMRG init:	obj = +4.631550064443e+00	err = 1.0000e+00
[ Info: CTMRG conv 21:	obj = +4.631550252957e+00	err = 9.5569304832e-10	time = 18.17 sec
┌ Warning: `svd` cotangents sensitive to gauge choice: (|Δgauge| = 0.41812885965936103)
└ @ TensorKitChainRulesCoreExt ~/.julia/packages/TensorKit/esxcj/ext/TensorKitChainRulesCoreExt/factorizations.jl:254
┌ Warning: `svd` cotangents sensitive to gauge choice: (|Δgauge| = 0.4181288597118413)
└ @ TensorKitChainRulesCoreExt ~/.julia/packages/TensorKit/esxcj/ext/TensorKitChainRulesCoreExt/factorizations.jl:254
[ Info: LBFGS: iter   28, time 2396.51 s: f = -2.115094226413, ‖∇f‖ = 3.1684e-04, α = 1.00e+00, m = 8, nfg = 1
[ Info: CTMRG init:	obj = +4.631427073014e+00	err = 1.0000e+00
[ Info: CTMRG conv 21:	obj = +4.631427150887e+00	err = 6.9719150930e-10	time = 17.98 sec
┌ Warning: `svd` cotangents sensitive to gauge choice: (|Δgauge| = 0.4182314434131283)
└ @ TensorKitChainRulesCoreExt ~/.julia/packages/TensorKit/esxcj/ext/TensorKitChainRulesCoreExt/factorizations.jl:254
┌ Warning: `svd` cotangents sensitive to gauge choice: (|Δgauge| = 0.41823144345764396)
└ @ TensorKitChainRulesCoreExt ~/.julia/packages/TensorKit/esxcj/ext/TensorKitChainRulesCoreExt/factorizations.jl:254
[ Info: LBFGS: iter   29, time 2422.37 s: f = -2.115094539726, ‖∇f‖ = 2.5090e-04, α = 1.00e+00, m = 8, nfg = 1
[ Info: CTMRG init:	obj = +4.631531613057e+00	err = 1.0000e+00
[ Info: CTMRG conv 21:	obj = +4.631531674941e+00	err = 4.0562058847e-10	time = 18.12 sec
┌ Warning: `svd` cotangents sensitive to gauge choice: (|Δgauge| = 0.4182645963649989)
└ @ TensorKitChainRulesCoreExt ~/.julia/packages/TensorKit/esxcj/ext/TensorKitChainRulesCoreExt/factorizations.jl:254
┌ Warning: `svd` cotangents sensitive to gauge choice: (|Δgauge| = 0.4182645963181428)
└ @ TensorKitChainRulesCoreExt ~/.julia/packages/TensorKit/esxcj/ext/TensorKitChainRulesCoreExt/factorizations.jl:254
[ Info: LBFGS: iter   30, time 2448.97 s: f = -2.115094790817, ‖∇f‖ = 2.8282e-04, α = 1.00e+00, m = 8, nfg = 1
[ Info: CTMRG init:	obj = +4.632413616133e+00	err = 1.0000e+00
[ Info: CTMRG conv 22:	obj = +4.632413836797e+00	err = 7.9721341392e-10	time = 19.85 sec
┌ Warning: `svd` cotangents sensitive to gauge choice: (|Δgauge| = 0.4182552519302282)
└ @ TensorKitChainRulesCoreExt ~/.julia/packages/TensorKit/esxcj/ext/TensorKitChainRulesCoreExt/factorizations.jl:254
┌ Warning: `svd` cotangents sensitive to gauge choice: (|Δgauge| = 0.4182552519014411)
└ @ TensorKitChainRulesCoreExt ~/.julia/packages/TensorKit/esxcj/ext/TensorKitChainRulesCoreExt/factorizations.jl:254
[ Info: LBFGS: iter   31, time 2476.83 s: f = -2.115095112944, ‖∇f‖ = 4.6316e-04, α = 1.00e+00, m = 8, nfg = 1
[ Info: CTMRG init:	obj = +4.633935954520e+00	err = 1.0000e+00
[ Info: CTMRG conv 23:	obj = +4.633936457234e+00	err = 5.6170211478e-10	time = 21.04 sec
┌ Warning: `svd` cotangents sensitive to gauge choice: (|Δgauge| = 0.4182036264489441)
└ @ TensorKitChainRulesCoreExt ~/.julia/packages/TensorKit/esxcj/ext/TensorKitChainRulesCoreExt/factorizations.jl:254
┌ Warning: `svd` cotangents sensitive to gauge choice: (|Δgauge| = 0.41820362627305085)
└ @ TensorKitChainRulesCoreExt ~/.julia/packages/TensorKit/esxcj/ext/TensorKitChainRulesCoreExt/factorizations.jl:254
[ Info: LBFGS: iter   32, time 2506.32 s: f = -2.115095468873, ‖∇f‖ = 2.4541e-04, α = 1.00e+00, m = 8, nfg = 1
[ Info: CTMRG init:	obj = +4.634439701723e+00	err = 1.0000e+00
[ Info: CTMRG conv 22:	obj = +4.634439806674e+00	err = 6.2060528810e-10	time = 21.17 sec
┌ Warning: `svd` cotangents sensitive to gauge choice: (|Δgauge| = 0.4181788266545196)
└ @ TensorKitChainRulesCoreExt ~/.julia/packages/TensorKit/esxcj/ext/TensorKitChainRulesCoreExt/factorizations.jl:254
┌ Warning: `svd` cotangents sensitive to gauge choice: (|Δgauge| = 0.4181788266638662)
└ @ TensorKitChainRulesCoreExt ~/.julia/packages/TensorKit/esxcj/ext/TensorKitChainRulesCoreExt/factorizations.jl:254
[ Info: LBFGS: iter   33, time 2536.10 s: f = -2.115095702328, ‖∇f‖ = 2.3803e-04, α = 1.00e+00, m = 8, nfg = 1
[ Info: CTMRG init:	obj = +4.635341696167e+00	err = 1.0000e+00
[ Info: CTMRG conv 23:	obj = +4.635342316388e+00	err = 4.3268929857e-10	time = 22.52 sec
┌ Warning: `svd` cotangents sensitive to gauge choice: (|Δgauge| = 0.4182500072703235)
└ @ TensorKitChainRulesCoreExt ~/.julia/packages/TensorKit/esxcj/ext/TensorKitChainRulesCoreExt/factorizations.jl:254
┌ Warning: `svd` cotangents sensitive to gauge choice: (|Δgauge| = 0.4182500072349621)
└ @ TensorKitChainRulesCoreExt ~/.julia/packages/TensorKit/esxcj/ext/TensorKitChainRulesCoreExt/factorizations.jl:254
[ Info: LBFGS: iter   34, time 2567.04 s: f = -2.115096223194, ‖∇f‖ = 2.9770e-04, α = 1.00e+00, m = 8, nfg = 1
[ Info: CTMRG init:	obj = +4.635788663408e+00	err = 1.0000e+00
[ Info: CTMRG conv 21:	obj = +4.635789388410e+00	err = 6.5811854518e-10	time = 20.24 sec
┌ Warning: `svd` cotangents sensitive to gauge choice: (|Δgauge| = 0.418281996016202)
└ @ TensorKitChainRulesCoreExt ~/.julia/packages/TensorKit/esxcj/ext/TensorKitChainRulesCoreExt/factorizations.jl:254
┌ Warning: `svd` cotangents sensitive to gauge choice: (|Δgauge| = 0.41828199607034466)
└ @ TensorKitChainRulesCoreExt ~/.julia/packages/TensorKit/esxcj/ext/TensorKitChainRulesCoreExt/factorizations.jl:254
[ Info: CTMRG init:	obj = +4.635549959462e+00	err = 1.0000e+00
[ Info: CTMRG conv 20:	obj = +4.635550109527e+00	err = 6.9478331130e-10	time = 20.19 sec
┌ Warning: `svd` cotangents sensitive to gauge choice: (|Δgauge| = 0.41826448848233483)
└ @ TensorKitChainRulesCoreExt ~/.julia/packages/TensorKit/esxcj/ext/TensorKitChainRulesCoreExt/factorizations.jl:254
┌ Warning: `svd` cotangents sensitive to gauge choice: (|Δgauge| = 0.41826448846119224)
└ @ TensorKitChainRulesCoreExt ~/.julia/packages/TensorKit/esxcj/ext/TensorKitChainRulesCoreExt/factorizations.jl:254
[ Info: LBFGS: iter   35, time 2625.16 s: f = -2.115096432926, ‖∇f‖ = 4.5493e-04, α = 4.55e-01, m = 8, nfg = 2
[ Info: CTMRG init:	obj = +4.635699089945e+00	err = 1.0000e+00
[ Info: CTMRG conv 20:	obj = +4.635699318383e+00	err = 4.8447121500e-10	time = 20.65 sec
┌ Warning: `svd` cotangents sensitive to gauge choice: (|Δgauge| = 0.4184221632198781)
└ @ TensorKitChainRulesCoreExt ~/.julia/packages/TensorKit/esxcj/ext/TensorKitChainRulesCoreExt/factorizations.jl:254
┌ Warning: `svd` cotangents sensitive to gauge choice: (|Δgauge| = 0.41842216326165116)
└ @ TensorKitChainRulesCoreExt ~/.julia/packages/TensorKit/esxcj/ext/TensorKitChainRulesCoreExt/factorizations.jl:254
[ Info: LBFGS: iter   36, time 2654.40 s: f = -2.115096732604, ‖∇f‖ = 2.5216e-04, α = 1.00e+00, m = 8, nfg = 1
[ Info: CTMRG init:	obj = +4.635662655798e+00	err = 1.0000e+00
[ Info: CTMRG conv 21:	obj = +4.635662767839e+00	err = 7.3088949070e-10	time = 20.87 sec
┌ Warning: `svd` cotangents sensitive to gauge choice: (|Δgauge| = 0.41854627831109575)
└ @ TensorKitChainRulesCoreExt ~/.julia/packages/TensorKit/esxcj/ext/TensorKitChainRulesCoreExt/factorizations.jl:254
┌ Warning: `svd` cotangents sensitive to gauge choice: (|Δgauge| = 0.4185462783274482)
└ @ TensorKitChainRulesCoreExt ~/.julia/packages/TensorKit/esxcj/ext/TensorKitChainRulesCoreExt/factorizations.jl:254
[ Info: LBFGS: iter   37, time 2683.96 s: f = -2.115096946131, ‖∇f‖ = 1.5820e-04, α = 1.00e+00, m = 8, nfg = 1
[ Info: CTMRG init:	obj = +4.635788332117e+00	err = 1.0000e+00
[ Info: CTMRG conv 21:	obj = +4.635788407649e+00	err = 3.9769011520e-10	time = 22.70 sec
┌ Warning: `svd` cotangents sensitive to gauge choice: (|Δgauge| = 0.41863120474467774)
└ @ TensorKitChainRulesCoreExt ~/.julia/packages/TensorKit/esxcj/ext/TensorKitChainRulesCoreExt/factorizations.jl:254
┌ Warning: `svd` cotangents sensitive to gauge choice: (|Δgauge| = 0.4186312047306514)
└ @ TensorKitChainRulesCoreExt ~/.julia/packages/TensorKit/esxcj/ext/TensorKitChainRulesCoreExt/factorizations.jl:254
[ Info: LBFGS: iter   38, time 2716.28 s: f = -2.115097140776, ‖∇f‖ = 2.1326e-04, α = 1.00e+00, m = 8, nfg = 1
[ Info: CTMRG init:	obj = +4.636322582596e+00	err = 1.0000e+00
[ Info: CTMRG conv 17:	obj = +4.636322702571e+00	err = 8.4096936009e-10	time = 18.33 sec
┌ Warning: `svd` cotangents sensitive to gauge choice: (|Δgauge| = 0.4186422048040795)
└ @ TensorKitChainRulesCoreExt ~/.julia/packages/TensorKit/esxcj/ext/TensorKitChainRulesCoreExt/factorizations.jl:254
┌ Warning: `svd` cotangents sensitive to gauge choice: (|Δgauge| = 3.569341521555156e-12)
└ @ TensorKitChainRulesCoreExt ~/.julia/packages/TensorKit/esxcj/ext/TensorKitChainRulesCoreExt/factorizations.jl:254
┌ Warning: `svd` cotangents sensitive to gauge choice: (|Δgauge| = 0.4186422048284859)
└ @ TensorKitChainRulesCoreExt ~/.julia/packages/TensorKit/esxcj/ext/TensorKitChainRulesCoreExt/factorizations.jl:254
[ Info: LBFGS: iter   39, time 2742.68 s: f = -2.115097381909, ‖∇f‖ = 2.8087e-04, α = 1.00e+00, m = 8, nfg = 1
[ Info: CTMRG init:	obj = +4.638099641050e+00	err = 1.0000e+00
[ Info: CTMRG conv 23:	obj = +4.638100703550e+00	err = 5.3807891584e-10	time = 26.28 sec
┌ Warning: `svd` cotangents sensitive to gauge choice: (|Δgauge| = 0.4187957727332712)
└ @ TensorKitChainRulesCoreExt ~/.julia/packages/TensorKit/esxcj/ext/TensorKitChainRulesCoreExt/factorizations.jl:254
┌ Warning: `svd` cotangents sensitive to gauge choice: (|Δgauge| = 0.418795772724166)
└ @ TensorKitChainRulesCoreExt ~/.julia/packages/TensorKit/esxcj/ext/TensorKitChainRulesCoreExt/factorizations.jl:254
[ Info: CTMRG init:	obj = +4.637295295414e+00	err = 1.0000e+00
[ Info: CTMRG conv 22:	obj = +4.637295610880e+00	err = 7.6144275418e-10	time = 23.45 sec
┌ Warning: `svd` cotangents sensitive to gauge choice: (|Δgauge| = 0.418725918185621)
└ @ TensorKitChainRulesCoreExt ~/.julia/packages/TensorKit/esxcj/ext/TensorKitChainRulesCoreExt/factorizations.jl:254
┌ Warning: `svd` cotangents sensitive to gauge choice: (|Δgauge| = 0.41872591817854954)
└ @ TensorKitChainRulesCoreExt ~/.julia/packages/TensorKit/esxcj/ext/TensorKitChainRulesCoreExt/factorizations.jl:254
[ Info: LBFGS: iter   40, time 2810.71 s: f = -2.115097567612, ‖∇f‖ = 3.9434e-04, α = 5.45e-01, m = 8, nfg = 2
[ Info: CTMRG init:	obj = +4.637992055319e+00	err = 1.0000e+00
[ Info: CTMRG conv 22:	obj = +4.637992114862e+00	err = 5.3618300670e-10	time = 24.93 sec
┌ Warning: `svd` cotangents sensitive to gauge choice: (|Δgauge| = 0.41863847349638306)
└ @ TensorKitChainRulesCoreExt ~/.julia/packages/TensorKit/esxcj/ext/TensorKitChainRulesCoreExt/factorizations.jl:254
┌ Warning: `svd` cotangents sensitive to gauge choice: (|Δgauge| = 0.41863847343522625)
└ @ TensorKitChainRulesCoreExt ~/.julia/packages/TensorKit/esxcj/ext/TensorKitChainRulesCoreExt/factorizations.jl:254
[ Info: LBFGS: iter   41, time 2844.64 s: f = -2.115097751489, ‖∇f‖ = 2.1548e-04, α = 1.00e+00, m = 8, nfg = 1
[ Info: CTMRG init:	obj = +4.639052683145e+00	err = 1.0000e+00
[ Info: CTMRG conv 22:	obj = +4.639052826542e+00	err = 8.6445696055e-10	time = 24.78 sec
┌ Warning: `svd` cotangents sensitive to gauge choice: (|Δgauge| = 0.4185363742182253)
└ @ TensorKitChainRulesCoreExt ~/.julia/packages/TensorKit/esxcj/ext/TensorKitChainRulesCoreExt/factorizations.jl:254
┌ Warning: `svd` cotangents sensitive to gauge choice: (|Δgauge| = 0.4185363742210317)
└ @ TensorKitChainRulesCoreExt ~/.julia/packages/TensorKit/esxcj/ext/TensorKitChainRulesCoreExt/factorizations.jl:254
[ Info: LBFGS: iter   42, time 2878.83 s: f = -2.115097922134, ‖∇f‖ = 2.0019e-04, α = 1.00e+00, m = 8, nfg = 1
[ Info: CTMRG init:	obj = +4.639520776540e+00	err = 1.0000e+00
[ Info: CTMRG conv 21:	obj = +4.639520793842e+00	err = 6.4459233418e-10	time = 23.49 sec
┌ Warning: `svd` cotangents sensitive to gauge choice: (|Δgauge| = 0.4185032715426735)
└ @ TensorKitChainRulesCoreExt ~/.julia/packages/TensorKit/esxcj/ext/TensorKitChainRulesCoreExt/factorizations.jl:254
┌ Warning: `svd` cotangents sensitive to gauge choice: (|Δgauge| = 0.4185032715771215)
└ @ TensorKitChainRulesCoreExt ~/.julia/packages/TensorKit/esxcj/ext/TensorKitChainRulesCoreExt/factorizations.jl:254
[ Info: LBFGS: iter   43, time 2911.23 s: f = -2.115098029277, ‖∇f‖ = 2.6599e-04, α = 1.00e+00, m = 8, nfg = 1
[ Info: CTMRG init:	obj = +4.640478663226e+00	err = 1.0000e+00
[ Info: CTMRG conv 21:	obj = +4.640478744896e+00	err = 5.2584222361e-10	time = 24.43 sec
┌ Warning: `svd` cotangents sensitive to gauge choice: (|Δgauge| = 0.4185068090456803)
└ @ TensorKitChainRulesCoreExt ~/.julia/packages/TensorKit/esxcj/ext/TensorKitChainRulesCoreExt/factorizations.jl:254
┌ Warning: `svd` cotangents sensitive to gauge choice: (|Δgauge| = 0.41850680902706894)
└ @ TensorKitChainRulesCoreExt ~/.julia/packages/TensorKit/esxcj/ext/TensorKitChainRulesCoreExt/factorizations.jl:254
[ Info: LBFGS: iter   44, time 2944.51 s: f = -2.115098297940, ‖∇f‖ = 3.3626e-04, α = 1.00e+00, m = 8, nfg = 1
[ Info: CTMRG init:	obj = +4.641490448478e+00	err = 1.0000e+00
[ Info: CTMRG conv 22:	obj = +4.641490626241e+00	err = 6.8175714838e-10	time = 26.75 sec
┌ Warning: `svd` cotangents sensitive to gauge choice: (|Δgauge| = 0.41862254043082026)
└ @ TensorKitChainRulesCoreExt ~/.julia/packages/TensorKit/esxcj/ext/TensorKitChainRulesCoreExt/factorizations.jl:254
┌ Warning: `svd` cotangents sensitive to gauge choice: (|Δgauge| = 0.4186225404505912)
└ @ TensorKitChainRulesCoreExt ~/.julia/packages/TensorKit/esxcj/ext/TensorKitChainRulesCoreExt/factorizations.jl:254
[ Info: LBFGS: iter   45, time 2979.91 s: f = -2.115098592164, ‖∇f‖ = 6.2889e-04, α = 1.00e+00, m = 8, nfg = 1
[ Info: CTMRG init:	obj = +4.641420694316e+00	err = 1.0000e+00
[ Info: CTMRG conv 23:	obj = +4.641420875999e+00	err = 3.9266633640e-10	time = 27.22 sec
┌ Warning: `svd` cotangents sensitive to gauge choice: (|Δgauge| = 0.4186959714041367)
└ @ TensorKitChainRulesCoreExt ~/.julia/packages/TensorKit/esxcj/ext/TensorKitChainRulesCoreExt/factorizations.jl:254
┌ Warning: `svd` cotangents sensitive to gauge choice: (|Δgauge| = 0.41869597137260245)
└ @ TensorKitChainRulesCoreExt ~/.julia/packages/TensorKit/esxcj/ext/TensorKitChainRulesCoreExt/factorizations.jl:254
[ Info: LBFGS: iter   46, time 3017.50 s: f = -2.115099030006, ‖∇f‖ = 3.3057e-04, α = 1.00e+00, m = 8, nfg = 1
[ Info: CTMRG init:	obj = +4.640889143003e+00	err = 1.0000e+00
[ Info: CTMRG conv 23:	obj = +4.640889622222e+00	err = 7.9142543206e-10	time = 27.36 sec
┌ Warning: `svd` cotangents sensitive to gauge choice: (|Δgauge| = 0.4188125734841456)
└ @ TensorKitChainRulesCoreExt ~/.julia/packages/TensorKit/esxcj/ext/TensorKitChainRulesCoreExt/factorizations.jl:254
┌ Warning: `svd` cotangents sensitive to gauge choice: (|Δgauge| = 0.4188125734485852)
└ @ TensorKitChainRulesCoreExt ~/.julia/packages/TensorKit/esxcj/ext/TensorKitChainRulesCoreExt/factorizations.jl:254
[ Info: LBFGS: iter   47, time 3054.53 s: f = -2.115099470563, ‖∇f‖ = 2.7609e-04, α = 1.00e+00, m = 8, nfg = 1
[ Info: CTMRG init:	obj = +4.640704042764e+00	err = 1.0000e+00
[ Info: CTMRG conv 23:	obj = +4.640704431430e+00	err = 7.1798451551e-10	time = 27.23 sec
┌ Warning: `svd` cotangents sensitive to gauge choice: (|Δgauge| = 0.41886162369868357)
└ @ TensorKitChainRulesCoreExt ~/.julia/packages/TensorKit/esxcj/ext/TensorKitChainRulesCoreExt/factorizations.jl:254
┌ Warning: `svd` cotangents sensitive to gauge choice: (|Δgauge| = 0.4188616236562447)
└ @ TensorKitChainRulesCoreExt ~/.julia/packages/TensorKit/esxcj/ext/TensorKitChainRulesCoreExt/factorizations.jl:254
[ Info: LBFGS: iter   48, time 3090.74 s: f = -2.115099844326, ‖∇f‖ = 3.0542e-04, α = 1.00e+00, m = 8, nfg = 1
[ Info: CTMRG init:	obj = +4.641909378422e+00	err = 1.0000e+00
[ Info: CTMRG conv 23:	obj = +4.641910084093e+00	err = 4.9592279780e-10	time = 27.47 sec
┌ Warning: `svd` cotangents sensitive to gauge choice: (|Δgauge| = 0.41885020816112306)
└ @ TensorKitChainRulesCoreExt ~/.julia/packages/TensorKit/esxcj/ext/TensorKitChainRulesCoreExt/factorizations.jl:254
┌ Warning: `svd` cotangents sensitive to gauge choice: (|Δgauge| = 0.41885020811824725)
└ @ TensorKitChainRulesCoreExt ~/.julia/packages/TensorKit/esxcj/ext/TensorKitChainRulesCoreExt/factorizations.jl:254
[ Info: LBFGS: iter   49, time 3127.94 s: f = -2.115100383064, ‖∇f‖ = 3.2295e-04, α = 1.00e+00, m = 8, nfg = 1
[ Info: CTMRG init:	obj = +4.643550246623e+00	err = 1.0000e+00
[ Info: CTMRG conv 23:	obj = +4.643554312329e+00	err = 8.4166210223e-10	time = 27.85 sec
┌ Warning: `svd` cotangents sensitive to gauge choice: (|Δgauge| = 0.418574434182204)
└ @ TensorKitChainRulesCoreExt ~/.julia/packages/TensorKit/esxcj/ext/TensorKitChainRulesCoreExt/factorizations.jl:254
┌ Warning: `svd` cotangents sensitive to gauge choice: (|Δgauge| = 0.4185744341831794)
└ @ TensorKitChainRulesCoreExt ~/.julia/packages/TensorKit/esxcj/ext/TensorKitChainRulesCoreExt/factorizations.jl:254
[ Info: CTMRG init:	obj = +4.642271781116e+00	err = 1.0000e+00
[ Info: CTMRG conv 22:	obj = +4.642271963514e+00	err = 4.5203636157e-10	time = 27.48 sec
┌ Warning: `svd` cotangents sensitive to gauge choice: (|Δgauge| = 0.4187920612788845)
└ @ TensorKitChainRulesCoreExt ~/.julia/packages/TensorKit/esxcj/ext/TensorKitChainRulesCoreExt/factorizations.jl:254
┌ Warning: `svd` cotangents sensitive to gauge choice: (|Δgauge| = 0.4187920612625663)
└ @ TensorKitChainRulesCoreExt ~/.julia/packages/TensorKit/esxcj/ext/TensorKitChainRulesCoreExt/factorizations.jl:254
[ Info: LBFGS: iter   50, time 3200.48 s: f = -2.115100504967, ‖∇f‖ = 2.6969e-04, α = 2.12e-01, m = 8, nfg = 2
[ Info: CTMRG init:	obj = +4.642921472601e+00	err = 1.0000e+00
[ Info: CTMRG conv 21:	obj = +4.642921534272e+00	err = 6.9371240721e-10	time = 25.89 sec
┌ Warning: `svd` cotangents sensitive to gauge choice: (|Δgauge| = 0.4187743080377825)
└ @ TensorKitChainRulesCoreExt ~/.julia/packages/TensorKit/esxcj/ext/TensorKitChainRulesCoreExt/factorizations.jl:254
┌ Warning: `svd` cotangents sensitive to gauge choice: (|Δgauge| = 0.41877430811142907)
└ @ TensorKitChainRulesCoreExt ~/.julia/packages/TensorKit/esxcj/ext/TensorKitChainRulesCoreExt/factorizations.jl:254
[ Info: LBFGS: iter   51, time 3235.09 s: f = -2.115100653462, ‖∇f‖ = 1.7596e-04, α = 1.00e+00, m = 8, nfg = 1
[ Info: CTMRG init:	obj = +4.643405610737e+00	err = 1.0000e+00
[ Info: CTMRG conv 20:	obj = +4.643405637493e+00	err = 9.0607355841e-10	time = 26.13 sec
┌ Warning: `svd` cotangents sensitive to gauge choice: (|Δgauge| = 0.41876957930832015)
└ @ TensorKitChainRulesCoreExt ~/.julia/packages/TensorKit/esxcj/ext/TensorKitChainRulesCoreExt/factorizations.jl:254
┌ Warning: `svd` cotangents sensitive to gauge choice: (|Δgauge| = 0.4187695793447692)
└ @ TensorKitChainRulesCoreExt ~/.julia/packages/TensorKit/esxcj/ext/TensorKitChainRulesCoreExt/factorizations.jl:254
[ Info: LBFGS: iter   52, time 3269.69 s: f = -2.115100809147, ‖∇f‖ = 1.7740e-04, α = 1.00e+00, m = 8, nfg = 1
[ Info: CTMRG init:	obj = +4.644315686339e+00	err = 1.0000e+00
[ Info: CTMRG conv 19:	obj = +4.644315850876e+00	err = 8.8609954387e-10	time = 24.53 sec
┌ Warning: `svd` cotangents sensitive to gauge choice: (|Δgauge| = 0.4187858640725893)
└ @ TensorKitChainRulesCoreExt ~/.julia/packages/TensorKit/esxcj/ext/TensorKitChainRulesCoreExt/factorizations.jl:254
┌ Warning: `svd` cotangents sensitive to gauge choice: (|Δgauge| = 0.4187858640531549)
└ @ TensorKitChainRulesCoreExt ~/.julia/packages/TensorKit/esxcj/ext/TensorKitChainRulesCoreExt/factorizations.jl:254
[ Info: LBFGS: iter   53, time 3302.14 s: f = -2.115101100153, ‖∇f‖ = 3.1415e-04, α = 1.00e+00, m = 8, nfg = 1
[ Info: CTMRG init:	obj = +4.645575914415e+00	err = 1.0000e+00
[ Info: CTMRG conv 20:	obj = +4.645576266173e+00	err = 4.1131820741e-10	time = 26.39 sec
┌ Warning: `svd` cotangents sensitive to gauge choice: (|Δgauge| = 0.41875217225930034)
└ @ TensorKitChainRulesCoreExt ~/.julia/packages/TensorKit/esxcj/ext/TensorKitChainRulesCoreExt/factorizations.jl:254
┌ Warning: `svd` cotangents sensitive to gauge choice: (|Δgauge| = 0.41875217221033045)
└ @ TensorKitChainRulesCoreExt ~/.julia/packages/TensorKit/esxcj/ext/TensorKitChainRulesCoreExt/factorizations.jl:254
[ Info: CTMRG init:	obj = +4.644870297726e+00	err = 1.0000e+00
[ Info: CTMRG conv 19:	obj = +4.644870365127e+00	err = 5.1484094845e-10	time = 25.41 sec
┌ Warning: `svd` cotangents sensitive to gauge choice: (|Δgauge| = 0.41877107417947895)
└ @ TensorKitChainRulesCoreExt ~/.julia/packages/TensorKit/esxcj/ext/TensorKitChainRulesCoreExt/factorizations.jl:254
┌ Warning: `svd` cotangents sensitive to gauge choice: (|Δgauge| = 0.41877107423152704)
└ @ TensorKitChainRulesCoreExt ~/.julia/packages/TensorKit/esxcj/ext/TensorKitChainRulesCoreExt/factorizations.jl:254
[ Info: LBFGS: iter   54, time 3370.54 s: f = -2.115101220579, ‖∇f‖ = 2.8558e-04, α = 4.38e-01, m = 8, nfg = 2
[ Info: CTMRG init:	obj = +4.644971617795e+00	err = 1.0000e+00
[ Info: CTMRG conv 22:	obj = +4.644971668448e+00	err = 4.0983382242e-10	time = 29.21 sec
┌ Warning: `svd` cotangents sensitive to gauge choice: (|Δgauge| = 0.4187939381598372)
└ @ TensorKitChainRulesCoreExt ~/.julia/packages/TensorKit/esxcj/ext/TensorKitChainRulesCoreExt/factorizations.jl:254
┌ Warning: `svd` cotangents sensitive to gauge choice: (|Δgauge| = 0.41879393819117405)
└ @ TensorKitChainRulesCoreExt ~/.julia/packages/TensorKit/esxcj/ext/TensorKitChainRulesCoreExt/factorizations.jl:254
[ Info: LBFGS: iter   55, time 3408.28 s: f = -2.115101363526, ‖∇f‖ = 1.8106e-04, α = 1.00e+00, m = 8, nfg = 1
[ Info: CTMRG init:	obj = +4.645136394188e+00	err = 1.0000e+00
[ Info: CTMRG conv 22:	obj = +4.645136455777e+00	err = 4.6776103357e-10	time = 29.93 sec
┌ Warning: `svd` cotangents sensitive to gauge choice: (|Δgauge| = 0.41880026059907044)
└ @ TensorKitChainRulesCoreExt ~/.julia/packages/TensorKit/esxcj/ext/TensorKitChainRulesCoreExt/factorizations.jl:254
┌ Warning: `svd` cotangents sensitive to gauge choice: (|Δgauge| = 0.4188002606472191)
└ @ TensorKitChainRulesCoreExt ~/.julia/packages/TensorKit/esxcj/ext/TensorKitChainRulesCoreExt/factorizations.jl:254
[ Info: LBFGS: iter   56, time 3447.55 s: f = -2.115101517450, ‖∇f‖ = 1.3239e-04, α = 1.00e+00, m = 8, nfg = 1
[ Info: CTMRG init:	obj = +4.645680338631e+00	err = 1.0000e+00
[ Info: CTMRG conv 20:	obj = +4.645680380345e+00	err = 5.9604885526e-10	time = 26.70 sec
┌ Warning: `svd` cotangents sensitive to gauge choice: (|Δgauge| = 0.4188108628874077)
└ @ TensorKitChainRulesCoreExt ~/.julia/packages/TensorKit/esxcj/ext/TensorKitChainRulesCoreExt/factorizations.jl:254
┌ Warning: `svd` cotangents sensitive to gauge choice: (|Δgauge| = 0.41881086294707004)
└ @ TensorKitChainRulesCoreExt ~/.julia/packages/TensorKit/esxcj/ext/TensorKitChainRulesCoreExt/factorizations.jl:254
[ Info: LBFGS: iter   57, time 3482.62 s: f = -2.115101664862, ‖∇f‖ = 1.6214e-04, α = 1.00e+00, m = 8, nfg = 1
[ Info: CTMRG init:	obj = +4.647505308226e+00	err = 1.0000e+00
[ Info: CTMRG conv 22:	obj = +4.647505471473e+00	err = 6.8172677687e-10	time = 30.22 sec
┌ Warning: `svd` cotangents sensitive to gauge choice: (|Δgauge| = 0.41860263877298187)
└ @ TensorKitChainRulesCoreExt ~/.julia/packages/TensorKit/esxcj/ext/TensorKitChainRulesCoreExt/factorizations.jl:254
┌ Warning: `svd` cotangents sensitive to gauge choice: (|Δgauge| = 0.4186026387839518)
└ @ TensorKitChainRulesCoreExt ~/.julia/packages/TensorKit/esxcj/ext/TensorKitChainRulesCoreExt/factorizations.jl:254
[ Info: CTMRG init:	obj = +4.646658700202e+00	err = 1.0000e+00
[ Info: CTMRG conv 21:	obj = +4.646658746589e+00	err = 9.4593366965e-10	time = 28.61 sec
┌ Warning: `svd` cotangents sensitive to gauge choice: (|Δgauge| = 0.4186998407785289)
└ @ TensorKitChainRulesCoreExt ~/.julia/packages/TensorKit/esxcj/ext/TensorKitChainRulesCoreExt/factorizations.jl:254
┌ Warning: `svd` cotangents sensitive to gauge choice: (|Δgauge| = 0.41869984076205374)
└ @ TensorKitChainRulesCoreExt ~/.julia/packages/TensorKit/esxcj/ext/TensorKitChainRulesCoreExt/factorizations.jl:254
[ Info: LBFGS: iter   58, time 3558.96 s: f = -2.115101774732, ‖∇f‖ = 3.3299e-04, α = 5.33e-01, m = 8, nfg = 2
[ Info: CTMRG init:	obj = +4.647678477905e+00	err = 1.0000e+00
[ Info: CTMRG conv 22:	obj = +4.647678526419e+00	err = 5.1335871394e-10	time = 31.23 sec
┌ Warning: `svd` cotangents sensitive to gauge choice: (|Δgauge| = 0.4187426814142355)
└ @ TensorKitChainRulesCoreExt ~/.julia/packages/TensorKit/esxcj/ext/TensorKitChainRulesCoreExt/factorizations.jl:254
┌ Warning: `svd` cotangents sensitive to gauge choice: (|Δgauge| = 0.4187426814044275)
└ @ TensorKitChainRulesCoreExt ~/.julia/packages/TensorKit/esxcj/ext/TensorKitChainRulesCoreExt/factorizations.jl:254
[ Info: LBFGS: iter   59, time 3599.41 s: f = -2.115101951213, ‖∇f‖ = 2.1112e-04, α = 1.00e+00, m = 8, nfg = 1
[ Info: CTMRG init:	obj = +4.649337549735e+00	err = 1.0000e+00
[ Info: CTMRG conv 23:	obj = +4.649337672515e+00	err = 4.1649254523e-10	time = 31.85 sec
┌ Warning: `svd` cotangents sensitive to gauge choice: (|Δgauge| = 0.41873310915924905)
└ @ TensorKitChainRulesCoreExt ~/.julia/packages/TensorKit/esxcj/ext/TensorKitChainRulesCoreExt/factorizations.jl:254
┌ Warning: `svd` cotangents sensitive to gauge choice: (|Δgauge| = 0.41873310919403084)
└ @ TensorKitChainRulesCoreExt ~/.julia/packages/TensorKit/esxcj/ext/TensorKitChainRulesCoreExt/factorizations.jl:254
[ Info: LBFGS: iter   60, time 3639.45 s: f = -2.115102136643, ‖∇f‖ = 2.2610e-04, α = 1.00e+00, m = 8, nfg = 1
[ Info: CTMRG init:	obj = +4.651600969490e+00	err = 1.0000e+00
[ Info: CTMRG conv 23:	obj = +4.651601254923e+00	err = 5.8196254772e-10	time = 32.50 sec
┌ Warning: `svd` cotangents sensitive to gauge choice: (|Δgauge| = 0.418816601990971)
└ @ TensorKitChainRulesCoreExt ~/.julia/packages/TensorKit/esxcj/ext/TensorKitChainRulesCoreExt/factorizations.jl:254
┌ Warning: `svd` cotangents sensitive to gauge choice: (|Δgauge| = 0.41881660200768633)
└ @ TensorKitChainRulesCoreExt ~/.julia/packages/TensorKit/esxcj/ext/TensorKitChainRulesCoreExt/factorizations.jl:254
[ Info: LBFGS: iter   61, time 3680.71 s: f = -2.115102341933, ‖∇f‖ = 3.4849e-04, α = 1.00e+00, m = 8, nfg = 1
[ Info: CTMRG init:	obj = +4.652675416889e+00	err = 1.0000e+00
[ Info: CTMRG conv 22:	obj = +4.652675484574e+00	err = 6.1517498028e-10	time = 32.31 sec
┌ Warning: `svd` cotangents sensitive to gauge choice: (|Δgauge| = 0.418802502335146)
└ @ TensorKitChainRulesCoreExt ~/.julia/packages/TensorKit/esxcj/ext/TensorKitChainRulesCoreExt/factorizations.jl:254
┌ Warning: `svd` cotangents sensitive to gauge choice: (|Δgauge| = 0.41880250237732863)
└ @ TensorKitChainRulesCoreExt ~/.julia/packages/TensorKit/esxcj/ext/TensorKitChainRulesCoreExt/factorizations.jl:254
[ Info: LBFGS: iter   62, time 3721.65 s: f = -2.115102538757, ‖∇f‖ = 2.2380e-04, α = 1.00e+00, m = 8, nfg = 1
[ Info: CTMRG init:	obj = +4.653902420119e+00	err = 1.0000e+00
[ Info: CTMRG conv 22:	obj = +4.653902530527e+00	err = 4.6828636731e-10	time = 32.09 sec
┌ Warning: `svd` cotangents sensitive to gauge choice: (|Δgauge| = 0.41881734832142653)
└ @ TensorKitChainRulesCoreExt ~/.julia/packages/TensorKit/esxcj/ext/TensorKitChainRulesCoreExt/factorizations.jl:254
┌ Warning: `svd` cotangents sensitive to gauge choice: (|Δgauge| = 0.4188173483302601)
└ @ TensorKitChainRulesCoreExt ~/.julia/packages/TensorKit/esxcj/ext/TensorKitChainRulesCoreExt/factorizations.jl:254
[ Info: LBFGS: iter   63, time 3762.00 s: f = -2.115102730894, ‖∇f‖ = 1.7291e-04, α = 1.00e+00, m = 8, nfg = 1
[ Info: CTMRG init:	obj = +4.654475166875e+00	err = 1.0000e+00
[ Info: CTMRG conv 19:	obj = +4.654475249668e+00	err = 8.0483443747e-10	time = 28.39 sec
┌ Warning: `svd` cotangents sensitive to gauge choice: (|Δgauge| = 0.4188681955719089)
└ @ TensorKitChainRulesCoreExt ~/.julia/packages/TensorKit/esxcj/ext/TensorKitChainRulesCoreExt/factorizations.jl:254
┌ Warning: `svd` cotangents sensitive to gauge choice: (|Δgauge| = 0.41886819561116906)
└ @ TensorKitChainRulesCoreExt ~/.julia/packages/TensorKit/esxcj/ext/TensorKitChainRulesCoreExt/factorizations.jl:254
[ Info: CTMRG init:	obj = +4.654148137634e+00	err = 1.0000e+00
[ Info: CTMRG conv 18:	obj = +4.654148152670e+00	err = 9.5276194032e-10	time = 27.01 sec
┌ Warning: `svd` cotangents sensitive to gauge choice: (|Δgauge| = 0.4188390344251628)
└ @ TensorKitChainRulesCoreExt ~/.julia/packages/TensorKit/esxcj/ext/TensorKitChainRulesCoreExt/factorizations.jl:254
┌ Warning: `svd` cotangents sensitive to gauge choice: (|Δgauge| = 0.41883903439822656)
└ @ TensorKitChainRulesCoreExt ~/.julia/packages/TensorKit/esxcj/ext/TensorKitChainRulesCoreExt/factorizations.jl:254
[ Info: LBFGS: iter   64, time 3833.18 s: f = -2.115102769217, ‖∇f‖ = 1.9028e-04, α = 4.26e-01, m = 8, nfg = 2
[ Info: CTMRG init:	obj = +4.654281764705e+00	err = 1.0000e+00
[ Info: CTMRG conv 20:	obj = +4.654281775433e+00	err = 5.0023333298e-10	time = 30.23 sec
┌ Warning: `svd` cotangents sensitive to gauge choice: (|Δgauge| = 0.4188560821243519)
└ @ TensorKitChainRulesCoreExt ~/.julia/packages/TensorKit/esxcj/ext/TensorKitChainRulesCoreExt/factorizations.jl:254
┌ Warning: `svd` cotangents sensitive to gauge choice: (|Δgauge| = 0.41885608221294207)
└ @ TensorKitChainRulesCoreExt ~/.julia/packages/TensorKit/esxcj/ext/TensorKitChainRulesCoreExt/factorizations.jl:254
[ Info: LBFGS: iter   65, time 3872.10 s: f = -2.115102811140, ‖∇f‖ = 1.3769e-04, α = 1.00e+00, m = 8, nfg = 1
[ Info: CTMRG init:	obj = +4.654607664272e+00	err = 1.0000e+00
[ Info: CTMRG conv 20:	obj = +4.654607699418e+00	err = 5.8884457530e-10	time = 30.35 sec
┌ Warning: `svd` cotangents sensitive to gauge choice: (|Δgauge| = 0.41888021968145883)
└ @ TensorKitChainRulesCoreExt ~/.julia/packages/TensorKit/esxcj/ext/TensorKitChainRulesCoreExt/factorizations.jl:254
┌ Warning: `svd` cotangents sensitive to gauge choice: (|Δgauge| = 0.41888021970586564)
└ @ TensorKitChainRulesCoreExt ~/.julia/packages/TensorKit/esxcj/ext/TensorKitChainRulesCoreExt/factorizations.jl:254
[ Info: LBFGS: iter   66, time 3910.82 s: f = -2.115102890384, ‖∇f‖ = 1.2016e-04, α = 1.00e+00, m = 8, nfg = 1
[ Info: CTMRG init:	obj = +4.655444303475e+00	err = 1.0000e+00
[ Info: CTMRG conv 21:	obj = +4.655444346915e+00	err = 7.8593659045e-10	time = 32.52 sec
┌ Warning: `svd` cotangents sensitive to gauge choice: (|Δgauge| = 0.41886646267729954)
└ @ TensorKitChainRulesCoreExt ~/.julia/packages/TensorKit/esxcj/ext/TensorKitChainRulesCoreExt/factorizations.jl:254
┌ Warning: `svd` cotangents sensitive to gauge choice: (|Δgauge| = 0.41886646273884)
└ @ TensorKitChainRulesCoreExt ~/.julia/packages/TensorKit/esxcj/ext/TensorKitChainRulesCoreExt/factorizations.jl:254
[ Info: LBFGS: iter   67, time 3952.32 s: f = -2.115102984756, ‖∇f‖ = 1.6177e-04, α = 1.00e+00, m = 8, nfg = 1
[ Info: CTMRG init:	obj = +4.656804595155e+00	err = 1.0000e+00
[ Info: CTMRG conv 22:	obj = +4.656804707400e+00	err = 5.9284304646e-10	time = 33.81 sec
┌ Warning: `svd` cotangents sensitive to gauge choice: (|Δgauge| = 0.4188937196545771)
└ @ TensorKitChainRulesCoreExt ~/.julia/packages/TensorKit/esxcj/ext/TensorKitChainRulesCoreExt/factorizations.jl:254
┌ Warning: `svd` cotangents sensitive to gauge choice: (|Δgauge| = 0.4188937196791446)
└ @ TensorKitChainRulesCoreExt ~/.julia/packages/TensorKit/esxcj/ext/TensorKitChainRulesCoreExt/factorizations.jl:254
[ Info: LBFGS: iter   68, time 3994.95 s: f = -2.115103088359, ‖∇f‖ = 3.3691e-04, α = 1.00e+00, m = 8, nfg = 1
[ Info: CTMRG init:	obj = +4.657836038428e+00	err = 1.0000e+00
[ Info: CTMRG conv 22:	obj = +4.657836097689e+00	err = 7.7607401585e-10	time = 35.18 sec
┌ Warning: `svd` cotangents sensitive to gauge choice: (|Δgauge| = 0.4188245499199914)
└ @ TensorKitChainRulesCoreExt ~/.julia/packages/TensorKit/esxcj/ext/TensorKitChainRulesCoreExt/factorizations.jl:254
┌ Warning: `svd` cotangents sensitive to gauge choice: (|Δgauge| = 0.4188245499266654)
└ @ TensorKitChainRulesCoreExt ~/.julia/packages/TensorKit/esxcj/ext/TensorKitChainRulesCoreExt/factorizations.jl:254
[ Info: LBFGS: iter   69, time 4038.54 s: f = -2.115103250867, ‖∇f‖ = 1.9477e-04, α = 1.00e+00, m = 8, nfg = 1
[ Info: CTMRG init:	obj = +4.659642675635e+00	err = 1.0000e+00
[ Info: CTMRG conv 23:	obj = +4.659642880064e+00	err = 5.4461483291e-10	time = 36.11 sec
┌ Warning: `svd` cotangents sensitive to gauge choice: (|Δgauge| = 0.4187538567974195)
└ @ TensorKitChainRulesCoreExt ~/.julia/packages/TensorKit/esxcj/ext/TensorKitChainRulesCoreExt/factorizations.jl:254
┌ Warning: `svd` cotangents sensitive to gauge choice: (|Δgauge| = 0.4187538568901046)
└ @ TensorKitChainRulesCoreExt ~/.julia/packages/TensorKit/esxcj/ext/TensorKitChainRulesCoreExt/factorizations.jl:254
[ Info: LBFGS: iter   70, time 4083.95 s: f = -2.115103453998, ‖∇f‖ = 1.5816e-04, α = 1.00e+00, m = 8, nfg = 1
[ Info: CTMRG init:	obj = +4.661306057306e+00	err = 1.0000e+00
[ Info: CTMRG conv 23:	obj = +4.661306235304e+00	err = 4.5364024004e-10	time = 37.91 sec
┌ Warning: `svd` cotangents sensitive to gauge choice: (|Δgauge| = 0.4186979805286249)
└ @ TensorKitChainRulesCoreExt ~/.julia/packages/TensorKit/esxcj/ext/TensorKitChainRulesCoreExt/factorizations.jl:254
┌ Warning: `svd` cotangents sensitive to gauge choice: (|Δgauge| = 0.41869798055781476)
└ @ TensorKitChainRulesCoreExt ~/.julia/packages/TensorKit/esxcj/ext/TensorKitChainRulesCoreExt/factorizations.jl:254
[ Info: LBFGS: iter   71, time 4131.08 s: f = -2.115103642397, ‖∇f‖ = 2.0428e-04, α = 1.00e+00, m = 8, nfg = 1
[ Info: CTMRG init:	obj = +4.663748278493e+00	err = 1.0000e+00
[ Info: CTMRG conv 23:	obj = +4.663748726948e+00	err = 5.8690186173e-10	time = 41.47 sec
┌ Warning: `svd` cotangents sensitive to gauge choice: (|Δgauge| = 0.41881489400934335)
└ @ TensorKitChainRulesCoreExt ~/.julia/packages/TensorKit/esxcj/ext/TensorKitChainRulesCoreExt/factorizations.jl:254
┌ Warning: `svd` cotangents sensitive to gauge choice: (|Δgauge| = 0.41881489392728366)
└ @ TensorKitChainRulesCoreExt ~/.julia/packages/TensorKit/esxcj/ext/TensorKitChainRulesCoreExt/factorizations.jl:254
[ Info: LBFGS: iter   72, time 4181.01 s: f = -2.115103744780, ‖∇f‖ = 4.9725e-04, α = 1.00e+00, m = 8, nfg = 1
[ Info: CTMRG init:	obj = +4.663674953798e+00	err = 1.0000e+00
[ Info: CTMRG conv 21:	obj = +4.663675015993e+00	err = 5.8559558558e-10	time = 34.00 sec
┌ Warning: `svd` cotangents sensitive to gauge choice: (|Δgauge| = 0.4187441631874607)
└ @ TensorKitChainRulesCoreExt ~/.julia/packages/TensorKit/esxcj/ext/TensorKitChainRulesCoreExt/factorizations.jl:254
┌ Warning: `svd` cotangents sensitive to gauge choice: (|Δgauge| = 0.4187441632058535)
└ @ TensorKitChainRulesCoreExt ~/.julia/packages/TensorKit/esxcj/ext/TensorKitChainRulesCoreExt/factorizations.jl:254
[ Info: LBFGS: iter   73, time 4223.49 s: f = -2.115103999106, ‖∇f‖ = 1.9318e-04, α = 1.00e+00, m = 8, nfg = 1
[ Info: CTMRG init:	obj = +4.663201567587e+00	err = 1.0000e+00
[ Info: CTMRG conv 22:	obj = +4.663201614445e+00	err = 5.5668279289e-10	time = 36.08 sec
┌ Warning: `svd` cotangents sensitive to gauge choice: (|Δgauge| = 0.41878666728101005)
└ @ TensorKitChainRulesCoreExt ~/.julia/packages/TensorKit/esxcj/ext/TensorKitChainRulesCoreExt/factorizations.jl:254
┌ Warning: `svd` cotangents sensitive to gauge choice: (|Δgauge| = 0.41878666724726)
└ @ TensorKitChainRulesCoreExt ~/.julia/packages/TensorKit/esxcj/ext/TensorKitChainRulesCoreExt/factorizations.jl:254
[ Info: LBFGS: iter   74, time 4268.06 s: f = -2.115104103787, ‖∇f‖ = 1.4381e-04, α = 1.00e+00, m = 8, nfg = 1
[ Info: CTMRG init:	obj = +4.662959752619e+00	err = 1.0000e+00
[ Info: CTMRG conv 22:	obj = +4.662959841679e+00	err = 6.1454512552e-10	time = 38.08 sec
┌ Warning: `svd` cotangents sensitive to gauge choice: (|Δgauge| = 0.4188244615375221)
└ @ TensorKitChainRulesCoreExt ~/.julia/packages/TensorKit/esxcj/ext/TensorKitChainRulesCoreExt/factorizations.jl:254
┌ Warning: `svd` cotangents sensitive to gauge choice: (|Δgauge| = 0.4188244616918107)
└ @ TensorKitChainRulesCoreExt ~/.julia/packages/TensorKit/esxcj/ext/TensorKitChainRulesCoreExt/factorizations.jl:254
[ Info: LBFGS: iter   75, time 4315.21 s: f = -2.115104217482, ‖∇f‖ = 1.9775e-04, α = 1.00e+00, m = 8, nfg = 1
[ Info: CTMRG init:	obj = +4.663006876902e+00	err = 1.0000e+00
[ Info: CTMRG conv 22:	obj = +4.663007054408e+00	err = 4.1778656662e-10	time = 36.80 sec
┌ Warning: `svd` cotangents sensitive to gauge choice: (|Δgauge| = 0.4189614726947184)
└ @ TensorKitChainRulesCoreExt ~/.julia/packages/TensorKit/esxcj/ext/TensorKitChainRulesCoreExt/factorizations.jl:254
┌ Warning: `svd` cotangents sensitive to gauge choice: (|Δgauge| = 0.41896147275444556)
└ @ TensorKitChainRulesCoreExt ~/.julia/packages/TensorKit/esxcj/ext/TensorKitChainRulesCoreExt/factorizations.jl:254
[ Info: LBFGS: iter   76, time 4360.61 s: f = -2.115104322488, ‖∇f‖ = 3.3191e-04, α = 1.00e+00, m = 8, nfg = 1
[ Info: CTMRG init:	obj = +4.663437955144e+00	err = 1.0000e+00
[ Info: CTMRG conv 21:	obj = +4.663437982163e+00	err = 5.1348215181e-10	time = 36.46 sec
┌ Warning: `svd` cotangents sensitive to gauge choice: (|Δgauge| = 0.41893330908198956)
└ @ TensorKitChainRulesCoreExt ~/.julia/packages/TensorKit/esxcj/ext/TensorKitChainRulesCoreExt/factorizations.jl:254
┌ Warning: `svd` cotangents sensitive to gauge choice: (|Δgauge| = 0.4189333091275078)
└ @ TensorKitChainRulesCoreExt ~/.julia/packages/TensorKit/esxcj/ext/TensorKitChainRulesCoreExt/factorizations.jl:254
[ Info: LBFGS: iter   77, time 4405.56 s: f = -2.115104435955, ‖∇f‖ = 1.8512e-04, α = 1.00e+00, m = 8, nfg = 1
[ Info: CTMRG init:	obj = +4.664310607686e+00	err = 1.0000e+00
[ Info: CTMRG conv 22:	obj = +4.664310664210e+00	err = 4.2273964444e-10	time = 38.68 sec
┌ Warning: `svd` cotangents sensitive to gauge choice: (|Δgauge| = 0.41888340722777606)
└ @ TensorKitChainRulesCoreExt ~/.julia/packages/TensorKit/esxcj/ext/TensorKitChainRulesCoreExt/factorizations.jl:254
┌ Warning: `svd` cotangents sensitive to gauge choice: (|Δgauge| = 0.4188834071163254)
└ @ TensorKitChainRulesCoreExt ~/.julia/packages/TensorKit/esxcj/ext/TensorKitChainRulesCoreExt/factorizations.jl:254
[ Info: LBFGS: iter   78, time 4453.45 s: f = -2.115104553370, ‖∇f‖ = 1.4560e-04, α = 1.00e+00, m = 8, nfg = 1
[ Info: CTMRG init:	obj = +4.664839192984e+00	err = 1.0000e+00
[ Info: CTMRG conv 21:	obj = +4.664839208106e+00	err = 7.0625920041e-10	time = 36.18 sec
┌ Warning: `svd` cotangents sensitive to gauge choice: (|Δgauge| = 0.4188810448315842)
└ @ TensorKitChainRulesCoreExt ~/.julia/packages/TensorKit/esxcj/ext/TensorKitChainRulesCoreExt/factorizations.jl:254
┌ Warning: `svd` cotangents sensitive to gauge choice: (|Δgauge| = 0.41888104483052213)
└ @ TensorKitChainRulesCoreExt ~/.julia/packages/TensorKit/esxcj/ext/TensorKitChainRulesCoreExt/factorizations.jl:254
[ Info: LBFGS: iter   79, time 4498.08 s: f = -2.115104615991, ‖∇f‖ = 1.7775e-04, α = 1.00e+00, m = 8, nfg = 1
[ Info: CTMRG init:	obj = +4.665997719062e+00	err = 1.0000e+00
[ Info: CTMRG conv 21:	obj = +4.665997779291e+00	err = 8.5250556247e-10	time = 36.26 sec
┌ Warning: `svd` cotangents sensitive to gauge choice: (|Δgauge| = 0.41883424318317586)
└ @ TensorKitChainRulesCoreExt ~/.julia/packages/TensorKit/esxcj/ext/TensorKitChainRulesCoreExt/factorizations.jl:254
┌ Warning: `svd` cotangents sensitive to gauge choice: (|Δgauge| = 0.41883424315715423)
└ @ TensorKitChainRulesCoreExt ~/.julia/packages/TensorKit/esxcj/ext/TensorKitChainRulesCoreExt/factorizations.jl:254
[ Info: LBFGS: iter   80, time 4543.75 s: f = -2.115104787621, ‖∇f‖ = 2.2830e-04, α = 1.00e+00, m = 8, nfg = 1
[ Info: CTMRG init:	obj = +4.666768910774e+00	err = 1.0000e+00
[ Info: CTMRG conv 20:	obj = +4.666768931894e+00	err = 7.5802064344e-10	time = 35.05 sec
┌ Warning: `svd` cotangents sensitive to gauge choice: (|Δgauge| = 0.4188666470932954)
└ @ TensorKitChainRulesCoreExt ~/.julia/packages/TensorKit/esxcj/ext/TensorKitChainRulesCoreExt/factorizations.jl:254
┌ Warning: `svd` cotangents sensitive to gauge choice: (|Δgauge| = 0.4188666472168942)
└ @ TensorKitChainRulesCoreExt ~/.julia/packages/TensorKit/esxcj/ext/TensorKitChainRulesCoreExt/factorizations.jl:254
[ Info: LBFGS: iter   81, time 4586.41 s: f = -2.115105024547, ‖∇f‖ = 2.2774e-04, α = 1.00e+00, m = 8, nfg = 1
[ Info: CTMRG init:	obj = +4.667130914648e+00	err = 1.0000e+00
[ Info: CTMRG conv 23:	obj = +4.667131029672e+00	err = 4.3312181465e-10	time = 41.61 sec
┌ Warning: `svd` cotangents sensitive to gauge choice: (|Δgauge| = 0.4188714540871501)
└ @ TensorKitChainRulesCoreExt ~/.julia/packages/TensorKit/esxcj/ext/TensorKitChainRulesCoreExt/factorizations.jl:254
┌ Warning: `svd` cotangents sensitive to gauge choice: (|Δgauge| = 0.41887145403481507)
└ @ TensorKitChainRulesCoreExt ~/.julia/packages/TensorKit/esxcj/ext/TensorKitChainRulesCoreExt/factorizations.jl:254
[ Info: LBFGS: iter   82, time 4636.95 s: f = -2.115105353945, ‖∇f‖ = 2.8267e-04, α = 1.00e+00, m = 8, nfg = 1
[ Info: CTMRG init:	obj = +4.667117895541e+00	err = 1.0000e+00
[ Info: CTMRG conv 23:	obj = +4.667118148301e+00	err = 6.2301613644e-10	time = 41.80 sec
┌ Warning: `svd` cotangents sensitive to gauge choice: (|Δgauge| = 0.41891514115549133)
└ @ TensorKitChainRulesCoreExt ~/.julia/packages/TensorKit/esxcj/ext/TensorKitChainRulesCoreExt/factorizations.jl:254
┌ Warning: `svd` cotangents sensitive to gauge choice: (|Δgauge| = 0.4189151412200715)
└ @ TensorKitChainRulesCoreExt ~/.julia/packages/TensorKit/esxcj/ext/TensorKitChainRulesCoreExt/factorizations.jl:254
[ Info: LBFGS: iter   83, time 4687.80 s: f = -2.115105487758, ‖∇f‖ = 5.1110e-04, α = 1.00e+00, m = 8, nfg = 1
[ Info: CTMRG init:	obj = +4.666614517169e+00	err = 1.0000e+00
[ Info: CTMRG conv 21:	obj = +4.666614544512e+00	err = 7.1960621827e-10	time = 39.04 sec
┌ Warning: `svd` cotangents sensitive to gauge choice: (|Δgauge| = 0.4188717333771069)
└ @ TensorKitChainRulesCoreExt ~/.julia/packages/TensorKit/esxcj/ext/TensorKitChainRulesCoreExt/factorizations.jl:254
┌ Warning: `svd` cotangents sensitive to gauge choice: (|Δgauge| = 0.41887173346379636)
└ @ TensorKitChainRulesCoreExt ~/.julia/packages/TensorKit/esxcj/ext/TensorKitChainRulesCoreExt/factorizations.jl:254
[ Info: LBFGS: iter   84, time 4735.77 s: f = -2.115105729268, ‖∇f‖ = 2.2430e-04, α = 1.00e+00, m = 8, nfg = 1
[ Info: CTMRG init:	obj = +4.666180589347e+00	err = 1.0000e+00
[ Info: CTMRG conv 22:	obj = +4.666180628649e+00	err = 6.0333747429e-10	time = 41.06 sec
┌ Warning: `svd` cotangents sensitive to gauge choice: (|Δgauge| = 0.4188216115442642)
└ @ TensorKitChainRulesCoreExt ~/.julia/packages/TensorKit/esxcj/ext/TensorKitChainRulesCoreExt/factorizations.jl:254
┌ Warning: `svd` cotangents sensitive to gauge choice: (|Δgauge| = 0.4188216116462107)
└ @ TensorKitChainRulesCoreExt ~/.julia/packages/TensorKit/esxcj/ext/TensorKitChainRulesCoreExt/factorizations.jl:254
[ Info: LBFGS: iter   85, time 4785.91 s: f = -2.115105909097, ‖∇f‖ = 1.7163e-04, α = 1.00e+00, m = 8, nfg = 1
[ Info: CTMRG init:	obj = +4.665953172121e+00	err = 1.0000e+00
[ Info: CTMRG conv 22:	obj = +4.665953246775e+00	err = 9.6325176709e-10	time = 42.03 sec
┌ Warning: `svd` cotangents sensitive to gauge choice: (|Δgauge| = 0.4187448535628593)
└ @ TensorKitChainRulesCoreExt ~/.julia/packages/TensorKit/esxcj/ext/TensorKitChainRulesCoreExt/factorizations.jl:254
┌ Warning: `svd` cotangents sensitive to gauge choice: (|Δgauge| = 0.41874485367205827)
└ @ TensorKitChainRulesCoreExt ~/.julia/packages/TensorKit/esxcj/ext/TensorKitChainRulesCoreExt/factorizations.jl:254
[ Info: LBFGS: iter   86, time 4837.55 s: f = -2.115106135514, ‖∇f‖ = 2.3334e-04, α = 1.00e+00, m = 8, nfg = 1
[ Info: CTMRG init:	obj = +4.666258118859e+00	err = 1.0000e+00
[ Info: CTMRG conv 22:	obj = +4.666258179594e+00	err = 9.2094144893e-10	time = 41.42 sec
┌ Warning: `svd` cotangents sensitive to gauge choice: (|Δgauge| = 0.41868330091438394)
└ @ TensorKitChainRulesCoreExt ~/.julia/packages/TensorKit/esxcj/ext/TensorKitChainRulesCoreExt/factorizations.jl:254
┌ Warning: `svd` cotangents sensitive to gauge choice: (|Δgauge| = 0.4186833009939656)
└ @ TensorKitChainRulesCoreExt ~/.julia/packages/TensorKit/esxcj/ext/TensorKitChainRulesCoreExt/factorizations.jl:254
[ Info: LBFGS: iter   87, time 4887.63 s: f = -2.115106454086, ‖∇f‖ = 2.7407e-04, α = 1.00e+00, m = 8, nfg = 1
[ Info: CTMRG init:	obj = +4.666276296778e+00	err = 1.0000e+00
[ Info: CTMRG conv 24:	obj = +4.666277050507e+00	err = 3.8908545791e-10	time = 45.71 sec
┌ Warning: `svd` cotangents sensitive to gauge choice: (|Δgauge| = 0.41834318567853324)
└ @ TensorKitChainRulesCoreExt ~/.julia/packages/TensorKit/esxcj/ext/TensorKitChainRulesCoreExt/factorizations.jl:254
┌ Warning: `svd` cotangents sensitive to gauge choice: (|Δgauge| = 0.4183431857988063)
└ @ TensorKitChainRulesCoreExt ~/.julia/packages/TensorKit/esxcj/ext/TensorKitChainRulesCoreExt/factorizations.jl:254
[ Info: CTMRG init:	obj = +4.666367266430e+00	err = 1.0000e+00
[ Info: CTMRG conv 22:	obj = +4.666367355557e+00	err = 8.8484307666e-10	time = 41.66 sec
┌ Warning: `svd` cotangents sensitive to gauge choice: (|Δgauge| = 0.41856619946849155)
└ @ TensorKitChainRulesCoreExt ~/.julia/packages/TensorKit/esxcj/ext/TensorKitChainRulesCoreExt/factorizations.jl:254
┌ Warning: `svd` cotangents sensitive to gauge choice: (|Δgauge| = 0.4185661995145762)
└ @ TensorKitChainRulesCoreExt ~/.julia/packages/TensorKit/esxcj/ext/TensorKitChainRulesCoreExt/factorizations.jl:254
[ Info: LBFGS: iter   88, time 4993.15 s: f = -2.115106624024, ‖∇f‖ = 3.8237e-04, α = 3.44e-01, m = 8, nfg = 2
[ Info: CTMRG init:	obj = +4.666829452017e+00	err = 1.0000e+00
[ Info: CTMRG conv 21:	obj = +4.666829506495e+00	err = 6.4346126508e-10	time = 40.41 sec
┌ Warning: `svd` cotangents sensitive to gauge choice: (|Δgauge| = 0.41857860789830104)
└ @ TensorKitChainRulesCoreExt ~/.julia/packages/TensorKit/esxcj/ext/TensorKitChainRulesCoreExt/factorizations.jl:254
┌ Warning: `svd` cotangents sensitive to gauge choice: (|Δgauge| = 0.4185786078134382)
└ @ TensorKitChainRulesCoreExt ~/.julia/packages/TensorKit/esxcj/ext/TensorKitChainRulesCoreExt/factorizations.jl:254
[ Info: LBFGS: iter   89, time 5042.81 s: f = -2.115106902562, ‖∇f‖ = 2.0795e-04, α = 1.00e+00, m = 8, nfg = 1
[ Info: CTMRG init:	obj = +4.667404391180e+00	err = 1.0000e+00
[ Info: CTMRG conv 20:	obj = +4.667404471132e+00	err = 9.0178973896e-10	time = 39.46 sec
┌ Warning: `svd` cotangents sensitive to gauge choice: (|Δgauge| = 0.41858134233518957)
└ @ TensorKitChainRulesCoreExt ~/.julia/packages/TensorKit/esxcj/ext/TensorKitChainRulesCoreExt/factorizations.jl:254
┌ Warning: `svd` cotangents sensitive to gauge choice: (|Δgauge| = 0.41858134256641955)
└ @ TensorKitChainRulesCoreExt ~/.julia/packages/TensorKit/esxcj/ext/TensorKitChainRulesCoreExt/factorizations.jl:254
[ Info: LBFGS: iter   90, time 5090.01 s: f = -2.115107104941, ‖∇f‖ = 2.3074e-04, α = 1.00e+00, m = 8, nfg = 1
[ Info: CTMRG init:	obj = +4.667613615187e+00	err = 1.0000e+00
[ Info: CTMRG conv 20:	obj = +4.667613748070e+00	err = 6.2662582202e-10	time = 38.86 sec
┌ Warning: `svd` cotangents sensitive to gauge choice: (|Δgauge| = 0.41865241286231963)
└ @ TensorKitChainRulesCoreExt ~/.julia/packages/TensorKit/esxcj/ext/TensorKitChainRulesCoreExt/factorizations.jl:254
┌ Warning: `svd` cotangents sensitive to gauge choice: (|Δgauge| = 0.4186524129600149)
└ @ TensorKitChainRulesCoreExt ~/.julia/packages/TensorKit/esxcj/ext/TensorKitChainRulesCoreExt/factorizations.jl:254
[ Info: LBFGS: iter   91, time 5137.33 s: f = -2.115107294088, ‖∇f‖ = 3.4345e-04, α = 1.00e+00, m = 8, nfg = 1
[ Info: CTMRG init:	obj = +4.667553450118e+00	err = 1.0000e+00
[ Info: CTMRG conv 19:	obj = +4.667553477784e+00	err = 8.7474925088e-10	time = 36.35 sec
┌ Warning: `svd` cotangents sensitive to gauge choice: (|Δgauge| = 0.4186437533364511)
└ @ TensorKitChainRulesCoreExt ~/.julia/packages/TensorKit/esxcj/ext/TensorKitChainRulesCoreExt/factorizations.jl:254
┌ Warning: `svd` cotangents sensitive to gauge choice: (|Δgauge| = 0.4186437533370708)
└ @ TensorKitChainRulesCoreExt ~/.julia/packages/TensorKit/esxcj/ext/TensorKitChainRulesCoreExt/factorizations.jl:254
[ Info: LBFGS: iter   92, time 5181.76 s: f = -2.115107456728, ‖∇f‖ = 1.9525e-04, α = 1.00e+00, m = 8, nfg = 1
[ Info: CTMRG init:	obj = +4.667031933345e+00	err = 1.0000e+00
[ Info: CTMRG conv 22:	obj = +4.667032015478e+00	err = 5.3542130903e-10	time = 44.46 sec
┌ Warning: `svd` cotangents sensitive to gauge choice: (|Δgauge| = 0.4186550277154453)
└ @ TensorKitChainRulesCoreExt ~/.julia/packages/TensorKit/esxcj/ext/TensorKitChainRulesCoreExt/factorizations.jl:254
┌ Warning: `svd` cotangents sensitive to gauge choice: (|Δgauge| = 0.418655027887204)
└ @ TensorKitChainRulesCoreExt ~/.julia/packages/TensorKit/esxcj/ext/TensorKitChainRulesCoreExt/factorizations.jl:254
[ Info: LBFGS: iter   93, time 5235.84 s: f = -2.115107630804, ‖∇f‖ = 1.6200e-04, α = 1.00e+00, m = 8, nfg = 1
[ Info: CTMRG init:	obj = +4.666733019301e+00	err = 1.0000e+00
[ Info: CTMRG conv 21:	obj = +4.666733079161e+00	err = 9.0016112150e-10	time = 41.74 sec
┌ Warning: `svd` cotangents sensitive to gauge choice: (|Δgauge| = 0.41860475914389356)
└ @ TensorKitChainRulesCoreExt ~/.julia/packages/TensorKit/esxcj/ext/TensorKitChainRulesCoreExt/factorizations.jl:254
┌ Warning: `svd` cotangents sensitive to gauge choice: (|Δgauge| = 0.4186047592199481)
└ @ TensorKitChainRulesCoreExt ~/.julia/packages/TensorKit/esxcj/ext/TensorKitChainRulesCoreExt/factorizations.jl:254
[ Info: LBFGS: iter   94, time 5286.01 s: f = -2.115107717945, ‖∇f‖ = 2.4199e-04, α = 1.00e+00, m = 8, nfg = 1
[ Info: CTMRG init:	obj = +4.666298155161e+00	err = 1.0000e+00
[ Info: CTMRG conv 22:	obj = +4.666298230012e+00	err = 4.3611052470e-10	time = 43.29 sec
┌ Warning: `svd` cotangents sensitive to gauge choice: (|Δgauge| = 0.4186274611899396)
└ @ TensorKitChainRulesCoreExt ~/.julia/packages/TensorKit/esxcj/ext/TensorKitChainRulesCoreExt/factorizations.jl:254
┌ Warning: `svd` cotangents sensitive to gauge choice: (|Δgauge| = 0.4186274612543022)
└ @ TensorKitChainRulesCoreExt ~/.julia/packages/TensorKit/esxcj/ext/TensorKitChainRulesCoreExt/factorizations.jl:254
[ Info: LBFGS: iter   95, time 5338.86 s: f = -2.115107840163, ‖∇f‖ = 1.6002e-04, α = 1.00e+00, m = 8, nfg = 1
[ Info: CTMRG init:	obj = +4.666343297389e+00	err = 1.0000e+00
[ Info: CTMRG conv 21:	obj = +4.666343374280e+00	err = 4.6633081457e-10	time = 43.17 sec
┌ Warning: `svd` cotangents sensitive to gauge choice: (|Δgauge| = 0.4185963052015264)
└ @ TensorKitChainRulesCoreExt ~/.julia/packages/TensorKit/esxcj/ext/TensorKitChainRulesCoreExt/factorizations.jl:254
┌ Warning: `svd` cotangents sensitive to gauge choice: (|Δgauge| = 0.41859630525600383)
└ @ TensorKitChainRulesCoreExt ~/.julia/packages/TensorKit/esxcj/ext/TensorKitChainRulesCoreExt/factorizations.jl:254
[ Info: LBFGS: iter   96, time 5390.49 s: f = -2.115107959769, ‖∇f‖ = 1.3654e-04, α = 1.00e+00, m = 8, nfg = 1
[ Info: CTMRG init:	obj = +4.666855325873e+00	err = 1.0000e+00
[ Info: CTMRG conv 23:	obj = +4.666855568128e+00	err = 3.8392802013e-10	time = 46.88 sec
┌ Warning: `svd` cotangents sensitive to gauge choice: (|Δgauge| = 0.4186443705599512)
└ @ TensorKitChainRulesCoreExt ~/.julia/packages/TensorKit/esxcj/ext/TensorKitChainRulesCoreExt/factorizations.jl:254
┌ Warning: `svd` cotangents sensitive to gauge choice: (|Δgauge| = 0.4186443705380787)
└ @ TensorKitChainRulesCoreExt ~/.julia/packages/TensorKit/esxcj/ext/TensorKitChainRulesCoreExt/factorizations.jl:254
[ Info: CTMRG init:	obj = +4.666569775831e+00	err = 1.0000e+00
[ Info: CTMRG conv 22:	obj = +4.666569822865e+00	err = 4.4388803966e-10	time = 50.13 sec
┌ Warning: `svd` cotangents sensitive to gauge choice: (|Δgauge| = 0.41861748770357377)
└ @ TensorKitChainRulesCoreExt ~/.julia/packages/TensorKit/esxcj/ext/TensorKitChainRulesCoreExt/factorizations.jl:254
┌ Warning: `svd` cotangents sensitive to gauge choice: (|Δgauge| = 0.4186174876782537)
└ @ TensorKitChainRulesCoreExt ~/.julia/packages/TensorKit/esxcj/ext/TensorKitChainRulesCoreExt/factorizations.jl:254
[ Info: LBFGS: iter   97, time 5505.16 s: f = -2.115108016436, ‖∇f‖ = 1.8272e-04, α = 4.41e-01, m = 8, nfg = 2
[ Info: CTMRG init:	obj = +4.666945157144e+00	err = 1.0000e+00
[ Info: CTMRG conv 22:	obj = +4.666945197613e+00	err = 5.6840571730e-10	time = 44.37 sec
┌ Warning: `svd` cotangents sensitive to gauge choice: (|Δgauge| = 0.41859758080818016)
└ @ TensorKitChainRulesCoreExt ~/.julia/packages/TensorKit/esxcj/ext/TensorKitChainRulesCoreExt/factorizations.jl:254
┌ Warning: `svd` cotangents sensitive to gauge choice: (|Δgauge| = 0.4185975809149547)
└ @ TensorKitChainRulesCoreExt ~/.julia/packages/TensorKit/esxcj/ext/TensorKitChainRulesCoreExt/factorizations.jl:254
[ Info: LBFGS: iter   98, time 5557.57 s: f = -2.115108080630, ‖∇f‖ = 1.2905e-04, α = 1.00e+00, m = 8, nfg = 1
[ Info: CTMRG init:	obj = +4.667335389429e+00	err = 1.0000e+00
[ Info: CTMRG conv 24:	obj = +4.667335428185e+00	err = 4.2690452255e-10	time = 55.08 sec
┌ Warning: `svd` cotangents sensitive to gauge choice: (|Δgauge| = 0.4185768688670084)
└ @ TensorKitChainRulesCoreExt ~/.julia/packages/TensorKit/esxcj/ext/TensorKitChainRulesCoreExt/factorizations.jl:254
┌ Warning: `svd` cotangents sensitive to gauge choice: (|Δgauge| = 0.41857686890995205)
└ @ TensorKitChainRulesCoreExt ~/.julia/packages/TensorKit/esxcj/ext/TensorKitChainRulesCoreExt/factorizations.jl:254
[ Info: LBFGS: iter   99, time 5622.26 s: f = -2.115108148966, ‖∇f‖ = 1.0311e-04, α = 1.00e+00, m = 8, nfg = 1
[ Info: CTMRG init:	obj = +4.667748916001e+00	err = 1.0000e+00
[ Info: CTMRG conv 24:	obj = +4.667748954350e+00	err = 3.9081313053e-10	time = 48.44 sec
┌ Warning: `svd` cotangents sensitive to gauge choice: (|Δgauge| = 0.4185960288438969)
└ @ TensorKitChainRulesCoreExt ~/.julia/packages/TensorKit/esxcj/ext/TensorKitChainRulesCoreExt/factorizations.jl:254
┌ Warning: `svd` cotangents sensitive to gauge choice: (|Δgauge| = 0.4185960289018999)
└ @ TensorKitChainRulesCoreExt ~/.julia/packages/TensorKit/esxcj/ext/TensorKitChainRulesCoreExt/factorizations.jl:254
[ Info: LBFGS: iter  100, time 5679.24 s: f = -2.115108203700, ‖∇f‖ = 1.8607e-04, α = 1.00e+00, m = 8, nfg = 1
[ Info: CTMRG init:	obj = +4.667801158720e+00	err = 1.0000e+00
[ Info: CTMRG conv 22:	obj = +4.667801168651e+00	err = 6.3669545196e-10	time = 46.53 sec
┌ Warning: `svd` cotangents sensitive to gauge choice: (|Δgauge| = 0.4185655547168633)
└ @ TensorKitChainRulesCoreExt ~/.julia/packages/TensorKit/esxcj/ext/TensorKitChainRulesCoreExt/factorizations.jl:254
┌ Warning: `svd` cotangents sensitive to gauge choice: (|Δgauge| = 0.4185655547342586)
└ @ TensorKitChainRulesCoreExt ~/.julia/packages/TensorKit/esxcj/ext/TensorKitChainRulesCoreExt/factorizations.jl:254
[ Info: LBFGS: iter  101, time 5734.70 s: f = -2.115108258520, ‖∇f‖ = 1.2160e-04, α = 1.00e+00, m = 8, nfg = 1
[ Info: CTMRG init:	obj = +4.667628615662e+00	err = 1.0000e+00
[ Info: CTMRG conv 22:	obj = +4.667628622415e+00	err = 6.0830754078e-10	time = 46.27 sec
┌ Warning: `svd` cotangents sensitive to gauge choice: (|Δgauge| = 0.4185777520137448)
└ @ TensorKitChainRulesCoreExt ~/.julia/packages/TensorKit/esxcj/ext/TensorKitChainRulesCoreExt/factorizations.jl:254
┌ Warning: `svd` cotangents sensitive to gauge choice: (|Δgauge| = 0.41857775205178116)
└ @ TensorKitChainRulesCoreExt ~/.julia/packages/TensorKit/esxcj/ext/TensorKitChainRulesCoreExt/factorizations.jl:254
[ Info: LBFGS: iter  102, time 5788.97 s: f = -2.115108300114, ‖∇f‖ = 1.0782e-04, α = 1.00e+00, m = 8, nfg = 1
[ Info: CTMRG init:	obj = +4.667179370619e+00	err = 1.0000e+00
[ Info: CTMRG conv 23:	obj = +4.667179457738e+00	err = 4.4595066236e-10	time = 53.10 sec
┌ Warning: `svd` cotangents sensitive to gauge choice: (|Δgauge| = 0.4185717852274599)
└ @ TensorKitChainRulesCoreExt ~/.julia/packages/TensorKit/esxcj/ext/TensorKitChainRulesCoreExt/factorizations.jl:254
┌ Warning: `svd` cotangents sensitive to gauge choice: (|Δgauge| = 0.41857178529244365)
└ @ TensorKitChainRulesCoreExt ~/.julia/packages/TensorKit/esxcj/ext/TensorKitChainRulesCoreExt/factorizations.jl:254
[ Info: LBFGS: iter  103, time 5850.56 s: f = -2.115108358212, ‖∇f‖ = 2.7440e-04, α = 1.00e+00, m = 8, nfg = 1
[ Info: CTMRG init:	obj = +4.667122622697e+00	err = 1.0000e+00
[ Info: CTMRG conv 19:	obj = +4.667122649497e+00	err = 7.7924590120e-10	time = 41.04 sec
┌ Warning: `svd` cotangents sensitive to gauge choice: (|Δgauge| = 0.4185963607848474)
└ @ TensorKitChainRulesCoreExt ~/.julia/packages/TensorKit/esxcj/ext/TensorKitChainRulesCoreExt/factorizations.jl:254
┌ Warning: `svd` cotangents sensitive to gauge choice: (|Δgauge| = 0.4185963606178862)
└ @ TensorKitChainRulesCoreExt ~/.julia/packages/TensorKit/esxcj/ext/TensorKitChainRulesCoreExt/factorizations.jl:254
[ Info: LBFGS: iter  104, time 5899.62 s: f = -2.115108417879, ‖∇f‖ = 1.0480e-04, α = 1.00e+00, m = 8, nfg = 1
[ Info: CTMRG init:	obj = +4.667228165227e+00	err = 1.0000e+00
[ Info: CTMRG conv 21:	obj = +4.667228170841e+00	err = 8.5589942924e-10	time = 45.61 sec
┌ Warning: `svd` cotangents sensitive to gauge choice: (|Δgauge| = 0.4185957273498779)
└ @ TensorKitChainRulesCoreExt ~/.julia/packages/TensorKit/esxcj/ext/TensorKitChainRulesCoreExt/factorizations.jl:254
┌ Warning: `svd` cotangents sensitive to gauge choice: (|Δgauge| = 0.41859572724625516)
└ @ TensorKitChainRulesCoreExt ~/.julia/packages/TensorKit/esxcj/ext/TensorKitChainRulesCoreExt/factorizations.jl:254
[ Info: LBFGS: converged after 105 iterations and time 5953.87 s: f = -2.115108439645, ‖∇f‖ = 8.2068e-05
