  Installing known registries into `~/.julia`
       Added `General` registry to ~/.julia/registries
    Updating registry at `~/.julia/registries/General.toml`
   Installed RealDot ───────────────────── v0.1.0
   Installed GPUArraysCore ─────────────── v0.2.0
   Installed TaskLocalValues ───────────── v0.1.2
   Installed IrrationalConstants ───────── v0.2.4
   Installed IRTools ───────────────────── v0.4.14
   Installed JLD2 ──────────────────────── v0.5.12
   Installed BlockTensorKit ────────────── v0.1.6
   Installed OhMyThreads ───────────────── v0.7.0
   Installed DiffRules ─────────────────── v1.15.1
   Installed IntegerMathUtils ──────────── v0.1.2
   Installed LRUCache ──────────────────── v1.6.2
   Installed Adapt ─────────────────────── v4.3.0
   Installed PtrArrays ─────────────────── v1.3.0
   Installed TableTraits ───────────────── v1.0.1
   Installed Accessors ─────────────────── v0.1.42
   Installed Preferences ───────────────── v1.4.3
   Installed LoggingExtras ─────────────── v1.0.3
   Installed OptimKit ──────────────────── v0.4.0
   Installed HashArrayMappedTries ──────── v0.2.0
   Installed WignerSymbols ─────────────── v2.0.0
   Installed Tables ────────────────────── v1.12.0
   Installed DiffResults ───────────────── v1.1.0
   Installed SpecialFunctions ──────────── v2.5.0
   Installed TensorKit ─────────────────── v0.14.5
   Installed ChunkSplitters ────────────── v3.1.2
   Installed RecipesBase ───────────────── v1.3.4
   Installed DataAPI ───────────────────── v1.16.0
   Installed Primes ────────────────────── v0.5.7
   Installed AbstractFFTs ──────────────── v1.5.0
   Installed StaticArrays ──────────────── v1.9.13
   Installed Zygote ────────────────────── v0.7.6
   Installed BlockArrays ───────────────── v1.6.1
   Installed Richardson ────────────────── v1.4.2
   Installed MPSKit ────────────────────── v0.12.6
   Installed JLLWrappers ───────────────── v1.7.0
   Installed FiniteDifferences ─────────── v0.12.32
   Installed StaticArraysCore ──────────── v1.4.3
   Installed NaNMath ───────────────────── v1.1.3
   Installed IteratorInterfaceExtensions ─ v1.0.0
   Installed PrecompileTools ───────────── v1.2.1
   Installed DataValueInterfaces ───────── v1.0.0
   Installed ConstructionBase ──────────── v1.5.8
   Installed RationalRoots ─────────────── v0.2.1
   Installed StructArrays ──────────────── v0.7.1
   Installed OrderedCollections ────────── v1.8.0
   Installed TensorKitSectors ──────────── v0.1.4
   Installed StableTasks ───────────────── v0.1.7
   Installed TranscodingStreams ────────── v0.11.3
   Installed VectorInterface ───────────── v0.5.0
   Installed ScopedValues ──────────────── v1.3.0
   Installed InitialValues ─────────────── v0.3.1
   Installed ChainRulesCore ────────────── v1.25.1
   Installed FillArrays ────────────────── v1.13.0
   Installed MPSKitModels ──────────────── v0.4.0
   Installed ForwardDiff ───────────────── v1.0.1
   Installed FileIO ────────────────────── v1.17.0
   Installed LogExpFunctions ───────────── v0.3.29
   Installed Statistics ────────────────── v1.11.1
   Installed StridedViews ──────────────── v0.4.1
   Installed ZygoteRules ───────────────── v0.2.7
   Installed Requires ──────────────────── v1.3.1
   Installed CommonSubexpressions ──────── v0.3.1
   Installed ChainRules ────────────────── v1.72.3
   Installed HalfIntegers ──────────────── v1.6.0
   Installed BangBang ──────────────────── v0.4.4
   Installed Strided ───────────────────── v2.3.0
   Installed TensorKitManifolds ────────── v0.7.2
   Installed Compat ────────────────────── v4.16.0
   Installed CompositionsBase ──────────── v0.1.2
   Installed MacroTools ────────────────── v0.5.15
   Installed PackageExtensionCompat ────── v1.0.2
   Installed OpenSpecFun_jll ───────────── v0.5.6+0
   Installed SparseInverseSubset ───────── v0.1.2
   Installed PEPSKit ───────────────────── v0.5.0
   Installed TupleTools ────────────────── v1.6.0
   Installed InverseFunctions ──────────── v0.1.17
   Installed DocStringExtensions ───────── v0.9.4
   Installed TensorOperations ──────────── v5.2.0
   Installed KrylovKit ─────────────────── v0.9.5
   Installed ArrayLayouts ──────────────── v1.11.1
    Updating `/var/lib/condor/execute/dir_3980044/Project.toml`
  [d360d2e6] + ChainRulesCore v1.25.1
  [033835bb] + JLD2 v0.5.12
  [0b1a1467] + KrylovKit v0.9.5
  [bb1c41ca] + MPSKit v0.12.6
  [ca635005] + MPSKitModels v0.4.0
  [77e91f04] + OptimKit v0.4.0
  [52969e89] + PEPSKit v0.5.0
  [07d1fe3e] + TensorKit v0.14.5
  [409d34a3] + VectorInterface v0.5.0
  [e88e6eb3] + Zygote v0.7.6
  [37e2e46d] ~ LinearAlgebra ⇒ v1.11.0
    Updating `/var/lib/condor/execute/dir_3980044/Manifest.toml`
  [621f4979] + AbstractFFTs v1.5.0
  [7d9f7c33] + Accessors v0.1.42
  [79e6a3ab] + Adapt v4.3.0
  [4c555306] + ArrayLayouts v1.11.1
  [198e06fe] + BangBang v0.4.4
  [8e7c35d0] + BlockArrays v1.6.1
  [5f87ffc2] + BlockTensorKit v0.1.6
  [082447d4] + ChainRules v1.72.3
  [d360d2e6] + ChainRulesCore v1.25.1
  [ae650224] + ChunkSplitters v3.1.2
  [bbf7d656] + CommonSubexpressions v0.3.1
  [34da2185] + Compat v4.16.0
  [a33af91c] + CompositionsBase v0.1.2
  [187b0558] + ConstructionBase v1.5.8
  [9a962f9c] + DataAPI v1.16.0
  [e2d170a0] + DataValueInterfaces v1.0.0
  [163ba53b] + DiffResults v1.1.0
  [b552c78f] + DiffRules v1.15.1
  [ffbed154] + DocStringExtensions v0.9.4
  [5789e2e9] + FileIO v1.17.0
  [1a297f60] + FillArrays v1.13.0
  [26cc04aa] + FiniteDifferences v0.12.32
  [f6369f11] + ForwardDiff v1.0.1
  [46192b85] + GPUArraysCore v0.2.0
  [f0d1745a] + HalfIntegers v1.6.0
  [076d061b] + HashArrayMappedTries v0.2.0
  [7869d1d1] + IRTools v0.4.14
  [22cec73e] + InitialValues v0.3.1
  [18e54dd8] + IntegerMathUtils v0.1.2
  [3587e190] + InverseFunctions v0.1.17
  [92d709cd] + IrrationalConstants v0.2.4
  [82899510] + IteratorInterfaceExtensions v1.0.0
  [033835bb] + JLD2 v0.5.12
  [692b3bcd] + JLLWrappers v1.7.0
  [0b1a1467] + KrylovKit v0.9.5
  [8ac3fa9e] + LRUCache v1.6.2
  [2ab3a3ac] + LogExpFunctions v0.3.29
⌅ [e6f89c97] + LoggingExtras v1.0.3
  [bb1c41ca] + MPSKit v0.12.6
  [ca635005] + MPSKitModels v0.4.0
  [1914dd2f] + MacroTools v0.5.15
  [77ba4419] + NaNMath v1.1.3
⌅ [67456a42] + OhMyThreads v0.7.0
  [77e91f04] + OptimKit v0.4.0
  [bac558e1] + OrderedCollections v1.8.0
  [52969e89] + PEPSKit v0.5.0
  [65ce6f38] + PackageExtensionCompat v1.0.2
⌅ [aea7be01] + PrecompileTools v1.2.1
  [21216c6a] + Preferences v1.4.3
  [27ebfcd6] + Primes v0.5.7
  [43287f4e] + PtrArrays v1.3.0
  [308eb6b3] + RationalRoots v0.2.1
  [c1ae055f] + RealDot v0.1.0
  [3cdcf5f2] + RecipesBase v1.3.4
  [ae029012] + Requires v1.3.1
  [708f8203] + Richardson v1.4.2
  [7e506255] + ScopedValues v1.3.0
  [dc90abb0] + SparseInverseSubset v0.1.2
  [276daf66] + SpecialFunctions v2.5.0
  [91464d47] + StableTasks v0.1.7
  [90137ffa] + StaticArrays v1.9.13
  [1e83bf80] + StaticArraysCore v1.4.3
  [10745b16] + Statistics v1.11.1
  [5e0ebb24] + Strided v2.3.0
  [4db3bf67] + StridedViews v0.4.1
  [09ab397b] + StructArrays v0.7.1
  [3783bdb8] + TableTraits v1.0.1
  [bd369af6] + Tables v1.12.0
  [ed4db957] + TaskLocalValues v0.1.2
  [07d1fe3e] + TensorKit v0.14.5
  [11fa318c] + TensorKitManifolds v0.7.2
  [13a9c161] + TensorKitSectors v0.1.4
  [6aa20fa7] + TensorOperations v5.2.0
  [3bb67fe8] + TranscodingStreams v0.11.3
  [9d95972d] + TupleTools v1.6.0
  [409d34a3] + VectorInterface v0.5.0
  [9f57e263] + WignerSymbols v2.0.0
  [e88e6eb3] + Zygote v0.7.6
  [700de1a5] + ZygoteRules v0.2.7
  [efe28fd5] + OpenSpecFun_jll v0.5.6+0
  [0dad84c5] + ArgTools v1.1.2
  [56f22d72] + Artifacts v1.11.0
  [2a0f44e3] + Base64 v1.11.0
  [ade2ca70] + Dates v1.11.0
  [8ba89e20] + Distributed v1.11.0
  [f43a241f] + Downloads v1.6.0
  [7b1f6079] + FileWatching v1.11.0
  [b77e0a4c] + InteractiveUtils v1.11.0
  [b27032c2] + LibCURL v0.6.4
  [76f85450] + LibGit2 v1.11.0
  [8f399da3] + Libdl v1.11.0
  [37e2e46d] + LinearAlgebra v1.11.0
  [56ddb016] + Logging v1.11.0
  [d6f4376e] + Markdown v1.11.0
  [a63ad114] + Mmap v1.11.0
  [ca575930] + NetworkOptions v1.2.0
  [44cfe95a] + Pkg v1.11.0
  [de0858da] + Printf v1.11.0
  [9a3f8284] + Random v1.11.0
  [ea8e919c] + SHA v0.7.0
  [9e88b42a] + Serialization v1.11.0
  [6462fe0b] + Sockets v1.11.0
  [2f01184e] + SparseArrays v1.11.0
  [4607b0f0] + SuiteSparse
  [fa267f1f] + TOML v1.0.3
  [a4e569a6] + Tar v1.10.0
  [cf7118a7] + UUIDs v1.11.0
  [4ec0a83e] + Unicode v1.11.0
  [e66e0078] + CompilerSupportLibraries_jll v1.1.1+0
  [deac9b47] + LibCURL_jll v8.6.0+0
  [e37daf67] + LibGit2_jll v1.7.2+0
  [29816b5a] + LibSSH2_jll v1.11.0+1
  [c8ffd9c3] + MbedTLS_jll v2.28.6+0
  [14a3606d] + MozillaCACerts_jll v2023.12.12
  [4536629a] + OpenBLAS_jll v0.3.27+1
  [05823500] + OpenLibm_jll v0.8.1+2
  [bea87d4a] + SuiteSparse_jll v7.7.0+0
  [83775a58] + Zlib_jll v1.2.13+1
  [8e850b90] + libblastrampoline_jll v5.11.0+0
  [8e850ede] + nghttp2_jll v1.59.0+0
  [3f19e933] + p7zip_jll v17.4.0+2
        Info Packages marked with ⌅ have new versions available but compatibility constraints restrict them from upgrading. To see why use `status --outdated -m`
Precompiling project...
    545.1 ms  ✓ DataValueInterfaces
    617.5 ms  ✓ TaskLocalValues
    583.3 ms  ✓ IntegerMathUtils
    592.9 ms  ✓ RealDot
    634.7 ms  ✓ Richardson
    727.4 ms  ✓ StableTasks
    740.3 ms  ✓ HalfIntegers
    738.1 ms  ✓ LRUCache
    739.6 ms  ✓ InverseFunctions
    792.3 ms  ✓ DocStringExtensions
    908.2 ms  ✓ OrderedCollections
    850.0 ms  ✓ VectorInterface
    933.9 ms  ✓ AbstractFFTs
    896.9 ms  ✓ Statistics
    515.9 ms  ✓ IteratorInterfaceExtensions
    580.3 ms  ✓ DataAPI
    573.3 ms  ✓ PackageExtensionCompat
    699.2 ms  ✓ ConstructionBase
    590.3 ms  ✓ CompositionsBase
    623.5 ms  ✓ PtrArrays
   1462.6 ms  ✓ FillArrays
    742.3 ms  ✓ ChunkSplitters
    843.3 ms  ✓ StaticArraysCore
    773.6 ms  ✓ HashArrayMappedTries
   1674.5 ms  ✓ IrrationalConstants
    835.9 ms  ✓ TupleTools
    852.0 ms  ✓ RationalRoots
    832.8 ms  ✓ TranscodingStreams
    714.6 ms  ✓ NaNMath
    796.1 ms  ✓ Requires
    806.3 ms  ✓ LoggingExtras
    861.9 ms  ✓ SuiteSparse
   1390.9 ms  ✓ InitialValues
    896.4 ms  ✓ Compat
    875.8 ms  ✓ LRUCache → SerializationExt
    622.8 ms  ✓ TableTraits
    903.6 ms  ✓ Primes
    706.0 ms  ✓ InverseFunctions → InverseFunctionsDatesExt
    664.3 ms  ✓ ConstructionBase → ConstructionBaseLinearAlgebraExt
   1035.6 ms  ✓ Preferences
    681.4 ms  ✓ CompositionsBase → CompositionsBaseInverseFunctionsExt
    778.0 ms  ✓ StridedViews
    905.0 ms  ✓ Statistics → SparseArraysExt
    679.0 ms  ✓ FillArrays → FillArraysStatisticsExt
    579.6 ms  ✓ ScopedValues
    654.5 ms  ✓ DiffResults
    663.8 ms  ✓ Adapt
    919.7 ms  ✓ FillArrays → FillArraysSparseArraysExt
    642.3 ms  ✓ Compat → CompatLinearAlgebraExt
    697.0 ms  ✓ PrecompileTools
    884.4 ms  ✓ SparseInverseSubset
    626.4 ms  ✓ StridedViews → StridedViewsPtrArraysExt
    945.3 ms  ✓ LogExpFunctions
    733.0 ms  ✓ JLLWrappers
   1233.0 ms  ✓ Tables
    931.0 ms  ✓ Strided
    742.4 ms  ✓ GPUArraysCore
    857.4 ms  ✓ Adapt → AdaptSparseArraysExt
   3263.8 ms  ✓ MacroTools
    627.1 ms  ✓ LogExpFunctions → LogExpFunctionsInverseFunctionsExt
   2232.7 ms  ✓ KrylovKit
    877.5 ms  ✓ OpenSpecFun_jll
    728.0 ms  ✓ CommonSubexpressions
   1889.2 ms  ✓ OptimKit
   1171.3 ms  ✓ StructArrays
   1841.1 ms  ✓ ChainRulesCore
    635.8 ms  ✓ StructArrays → StructArraysAdaptExt
   2250.6 ms  ✓ RecipesBase
    716.3 ms  ✓ StructArrays → StructArraysLinearAlgebraExt
    690.6 ms  ✓ AbstractFFTs → AbstractFFTsChainRulesCoreExt
    883.0 ms  ✓ StructArrays → StructArraysSparseArraysExt
    875.5 ms  ✓ ChainRulesCore → ChainRulesCoreSparseArraysExt
   3483.9 ms  ✓ WignerSymbols
   1142.2 ms  ✓ ZygoteRules
   2469.2 ms  ✓ IRTools
    898.3 ms  ✓ KrylovKit → KrylovKitChainRulesCoreExt
   2901.4 ms  ✓ Accessors
   2025.8 ms  ✓ LogExpFunctions → LogExpFunctionsChainRulesCoreExt
   5137.4 ms  ✓ FileIO
    735.9 ms  ✓ Accessors → StructArraysExt
    784.6 ms  ✓ Accessors → LinearAlgebraExt
   3847.1 ms  ✓ SpecialFunctions
   1123.8 ms  ✓ BangBang
    929.9 ms  ✓ DiffRules
    753.7 ms  ✓ BangBang → BangBangTablesExt
    756.7 ms  ✓ BangBang → BangBangStructArraysExt
    773.3 ms  ✓ BangBang → BangBangChainRulesCoreExt
   1326.7 ms  ✓ OhMyThreads
   2535.9 ms  ✓ SpecialFunctions → SpecialFunctionsChainRulesCoreExt
   9441.7 ms  ✓ StaticArrays
    922.2 ms  ✓ Adapt → AdaptStaticArraysExt
   7796.0 ms  ✓ ChainRules
    945.3 ms  ✓ ConstructionBase → ConstructionBaseStaticArraysExt
    964.5 ms  ✓ StaticArrays → StaticArraysStatisticsExt
    985.7 ms  ✓ StaticArrays → StaticArraysChainRulesCoreExt
   1028.1 ms  ✓ StructArrays → StructArraysStaticArraysExt
   1055.6 ms  ✓ BangBang → BangBangStaticArraysExt
   1058.8 ms  ✓ Accessors → StaticArraysExt
   4848.7 ms  ✓ ForwardDiff
   1116.4 ms  ✓ ForwardDiff → ForwardDiffStaticArraysExt
   1556.1 ms  ✓ FiniteDifferences
  18005.0 ms  ✓ ArrayLayouts
   1020.2 ms  ✓ ArrayLayouts → ArrayLayoutsSparseArraysExt
   2172.1 ms  ✓ BlockArrays
    989.8 ms  ✓ BlockArrays → BlockArraysAdaptExt
  40315.9 ms  ✓ JLD2
  39727.4 ms  ✓ Zygote
 180396.6 ms  ✓ TensorOperations
   1622.4 ms  ✓ TensorOperations → TensorOperationsChainRulesCoreExt
   7691.9 ms  ✓ TensorKitSectors
   9368.6 ms  ✓ TensorKit
   2301.5 ms  ✓ TensorKitManifolds
   2396.6 ms  ✓ TensorKit → TensorKitFiniteDifferencesExt
   2522.1 ms  ✓ TensorKit → TensorKitChainRulesCoreExt
   3290.4 ms  ✓ BlockTensorKit
  18661.4 ms  ✓ MPSKit
  16249.8 ms  ✓ MPSKitModels
  18653.8 ms  ✓ PEPSKit
  118 dependencies successfully precompiled in 258 seconds. 31 already precompiled.
[ Info: CTMRG init:	obj = -5.796944177793e+00 +1.729666495503e-01im	err = 1.0000e+00
[ Info: CTMRG conv 42:	obj = +1.809155432462e+00	err = 4.0134795270e-10	time = 51.11 sec
[ Info: CTMRG init:	obj = +1.809155432462e+00	err = 1.0000e+00
[ Info: CTMRG conv 4:	obj = +1.809155432462e+00	err = 8.0232967029e-12	time = 1.92 min
┌ Warning: `svd` cotangents sensitive to gauge choice: (|Δgauge| = 0.2661093730218733)
└ @ TensorKitChainRulesCoreExt ~/.julia/packages/TensorKit/esxcj/ext/TensorKitChainRulesCoreExt/factorizations.jl:254
┌ Warning: `svd` cotangents sensitive to gauge choice: (|Δgauge| = 0.0017170157058517366)
└ @ TensorKitChainRulesCoreExt ~/.julia/packages/TensorKit/esxcj/ext/TensorKitChainRulesCoreExt/factorizations.jl:254
┌ Warning: `svd` cotangents sensitive to gauge choice: (|Δgauge| = 0.26513039499969576)
└ @ TensorKitChainRulesCoreExt ~/.julia/packages/TensorKit/esxcj/ext/TensorKitChainRulesCoreExt/factorizations.jl:254
[ Info: LBFGS: initializing with f = -0.145059465509, ‖∇f‖ = 5.4444e-01
[ Info: CTMRG init:	obj = +1.810551201264e+00	err = 1.0000e+00
[ Info: CTMRG conv 16:	obj = +1.810562408448e+00	err = 9.3024371462e-10	time = 7.97 sec
┌ Warning: `svd` cotangents sensitive to gauge choice: (|Δgauge| = 0.2682350902905024)
└ @ TensorKitChainRulesCoreExt ~/.julia/packages/TensorKit/esxcj/ext/TensorKitChainRulesCoreExt/factorizations.jl:254
┌ Warning: `svd` cotangents sensitive to gauge choice: (|Δgauge| = 3.420387430514121e-8)
└ @ TensorKitChainRulesCoreExt ~/.julia/packages/TensorKit/esxcj/ext/TensorKitChainRulesCoreExt/factorizations.jl:254
┌ Warning: `svd` cotangents sensitive to gauge choice: (|Δgauge| = 0.26823508539666335)
└ @ TensorKitChainRulesCoreExt ~/.julia/packages/TensorKit/esxcj/ext/TensorKitChainRulesCoreExt/factorizations.jl:254
[ Info: CTMRG init:	obj = +1.816178247484e+00	err = 1.0000e+00
[ Info: CTMRG conv 19:	obj = +1.816465595220e+00	err = 8.3192822466e-10	time = 8.67 sec
┌ Warning: `svd` cotangents sensitive to gauge choice: (|Δgauge| = 0.27682935727868124)
└ @ TensorKitChainRulesCoreExt ~/.julia/packages/TensorKit/esxcj/ext/TensorKitChainRulesCoreExt/factorizations.jl:254
┌ Warning: `svd` cotangents sensitive to gauge choice: (|Δgauge| = 2.6270132440685598e-9)
└ @ TensorKitChainRulesCoreExt ~/.julia/packages/TensorKit/esxcj/ext/TensorKitChainRulesCoreExt/factorizations.jl:254
┌ Warning: `svd` cotangents sensitive to gauge choice: (|Δgauge| = 0.27682935691978333)
└ @ TensorKitChainRulesCoreExt ~/.julia/packages/TensorKit/esxcj/ext/TensorKitChainRulesCoreExt/factorizations.jl:254
[ Info: CTMRG init:	obj = +1.845327606859e+00	err = 1.0000e+00
[ Info: CTMRG conv 22:	obj = +1.853508446938e+00	err = 5.6665124815e-10	time = 10.44 sec
┌ Warning: `svd` cotangents sensitive to gauge choice: (|Δgauge| = 0.321564797582856)
└ @ TensorKitChainRulesCoreExt ~/.julia/packages/TensorKit/esxcj/ext/TensorKitChainRulesCoreExt/factorizations.jl:254
┌ Warning: `svd` cotangents sensitive to gauge choice: (|Δgauge| = 3.7102724644207276e-10)
└ @ TensorKitChainRulesCoreExt ~/.julia/packages/TensorKit/esxcj/ext/TensorKitChainRulesCoreExt/factorizations.jl:254
┌ Warning: `svd` cotangents sensitive to gauge choice: (|Δgauge| = 0.3215647975416888)
└ @ TensorKitChainRulesCoreExt ~/.julia/packages/TensorKit/esxcj/ext/TensorKitChainRulesCoreExt/factorizations.jl:254
[ Info: CTMRG init:	obj = +2.010900230757e+00	err = 1.0000e+00
[ Info: CTMRG conv 33:	obj = +2.359905975384e+00	err = 5.6896402738e-10	time = 15.55 sec
┌ Warning: `svd` cotangents sensitive to gauge choice: (|Δgauge| = 0.3748662407337924)
└ @ TensorKitChainRulesCoreExt ~/.julia/packages/TensorKit/esxcj/ext/TensorKitChainRulesCoreExt/factorizations.jl:254
┌ Warning: `svd` cotangents sensitive to gauge choice: (|Δgauge| = 1.009676099324261e-10)
└ @ TensorKitChainRulesCoreExt ~/.julia/packages/TensorKit/esxcj/ext/TensorKitChainRulesCoreExt/factorizations.jl:254
┌ Warning: `svd` cotangents sensitive to gauge choice: (|Δgauge| = 0.374866240632805)
└ @ TensorKitChainRulesCoreExt ~/.julia/packages/TensorKit/esxcj/ext/TensorKitChainRulesCoreExt/factorizations.jl:254
[ Info: CTMRG init:	obj = +2.592880395384e+00	err = 1.0000e+00
[ Info: CTMRG conv 57:	obj = +5.257202160582e+00	err = 8.4792765113e-10	time = 29.77 sec
┌ Warning: `svd` cotangents sensitive to gauge choice: (|Δgauge| = 0.3373555032863603)
└ @ TensorKitChainRulesCoreExt ~/.julia/packages/TensorKit/esxcj/ext/TensorKitChainRulesCoreExt/factorizations.jl:254
┌ Warning: `svd` cotangents sensitive to gauge choice: (|Δgauge| = 3.5422241076659545e-11)
└ @ TensorKitChainRulesCoreExt ~/.julia/packages/TensorKit/esxcj/ext/TensorKitChainRulesCoreExt/factorizations.jl:254
┌ Warning: `svd` cotangents sensitive to gauge choice: (|Δgauge| = 0.3373555032510006)
└ @ TensorKitChainRulesCoreExt ~/.julia/packages/TensorKit/esxcj/ext/TensorKitChainRulesCoreExt/factorizations.jl:254
[ Info: CTMRG init:	obj = +2.595236480018e+00	err = 1.0000e+00
[ Info: CTMRG conv 57:	obj = +5.276943869712e+00	err = 8.3576675957e-10	time = 29.44 sec
┌ Warning: `svd` cotangents sensitive to gauge choice: (|Δgauge| = 0.3341974003644694)
└ @ TensorKitChainRulesCoreExt ~/.julia/packages/TensorKit/esxcj/ext/TensorKitChainRulesCoreExt/factorizations.jl:254
┌ Warning: `svd` cotangents sensitive to gauge choice: (|Δgauge| = 3.0318644007770015e-11)
└ @ TensorKitChainRulesCoreExt ~/.julia/packages/TensorKit/esxcj/ext/TensorKitChainRulesCoreExt/factorizations.jl:254
┌ Warning: `svd` cotangents sensitive to gauge choice: (|Δgauge| = 0.3341974003340653)
└ @ TensorKitChainRulesCoreExt ~/.julia/packages/TensorKit/esxcj/ext/TensorKitChainRulesCoreExt/factorizations.jl:254
[ Info: LBFGS: iter    1, time 1743.13 s: f = -1.586426188741, ‖∇f‖ = 4.2597e-01, α = 6.07e+02, m = 0, nfg = 6
[ Info: CTMRG init:	obj = +3.673144536688e+00	err = 1.0000e+00
[ Info: CTMRG conv 45:	obj = +4.992187722470e+00	err = 5.8585239279e-10	time = 23.62 sec
┌ Warning: `svd` cotangents sensitive to gauge choice: (|Δgauge| = 0.4894923591148067)
└ @ TensorKitChainRulesCoreExt ~/.julia/packages/TensorKit/esxcj/ext/TensorKitChainRulesCoreExt/factorizations.jl:254
┌ Warning: `svd` cotangents sensitive to gauge choice: (|Δgauge| = 0.48949235911308653)
└ @ TensorKitChainRulesCoreExt ~/.julia/packages/TensorKit/esxcj/ext/TensorKitChainRulesCoreExt/factorizations.jl:254
[ Info: LBFGS: iter    2, time 1787.22 s: f = -1.652977086811, ‖∇f‖ = 6.9084e-01, α = 1.00e+00, m = 1, nfg = 1
[ Info: CTMRG init:	obj = +5.795512832499e+00	err = 1.0000e+00
[ Info: CTMRG conv 16:	obj = +9.603060607559e+00	err = 8.4668735548e-10	time = 8.12 sec
┌ Warning: `svd` cotangents sensitive to gauge choice: (|Δgauge| = 0.026132243399730727)
└ @ TensorKitChainRulesCoreExt ~/.julia/packages/TensorKit/esxcj/ext/TensorKitChainRulesCoreExt/factorizations.jl:254
┌ Warning: `svd` cotangents sensitive to gauge choice: (|Δgauge| = 0.026132243324290812)
└ @ TensorKitChainRulesCoreExt ~/.julia/packages/TensorKit/esxcj/ext/TensorKitChainRulesCoreExt/factorizations.jl:254
[ Info: LBFGS: iter    3, time 1806.51 s: f = -1.745662235284, ‖∇f‖ = 1.4699e-01, α = 1.00e+00, m = 2, nfg = 1
[ Info: CTMRG init:	obj = +7.856151536138e+00	err = 1.0000e+00
[ Info: CTMRG conv 13:	obj = +7.897524369789e+00	err = 3.1753021479e-10	time = 6.83 sec
┌ Warning: `svd` cotangents sensitive to gauge choice: (|Δgauge| = 0.02956150533224995)
└ @ TensorKitChainRulesCoreExt ~/.julia/packages/TensorKit/esxcj/ext/TensorKitChainRulesCoreExt/factorizations.jl:254
┌ Warning: `svd` cotangents sensitive to gauge choice: (|Δgauge| = 5.958474167184681e-11)
└ @ TensorKitChainRulesCoreExt ~/.julia/packages/TensorKit/esxcj/ext/TensorKitChainRulesCoreExt/factorizations.jl:254
┌ Warning: `svd` cotangents sensitive to gauge choice: (|Δgauge| = 0.029561505291344988)
└ @ TensorKitChainRulesCoreExt ~/.julia/packages/TensorKit/esxcj/ext/TensorKitChainRulesCoreExt/factorizations.jl:254
[ Info: CTMRG init:	obj = +9.573142971724e-01	err = 1.0000e+00
[ Info: CTMRG conv 38:	obj = +5.396638644998e+00	err = 2.2660382610e-10	time = 22.12 sec
┌ Warning: `svd` cotangents sensitive to gauge choice: (|Δgauge| = 0.4376847182205825)
└ @ TensorKitChainRulesCoreExt ~/.julia/packages/TensorKit/esxcj/ext/TensorKitChainRulesCoreExt/factorizations.jl:254
┌ Warning: `svd` cotangents sensitive to gauge choice: (|Δgauge| = 0.4376847182214705)
└ @ TensorKitChainRulesCoreExt ~/.julia/packages/TensorKit/esxcj/ext/TensorKitChainRulesCoreExt/factorizations.jl:254
[ Info: CTMRG init:	obj = +4.401379647134e+00	err = 1.0000e+00
[ Info: CTMRG conv 52:	obj = +5.568882558594e+00	err = 9.9799985479e-10	time = 31.32 sec
┌ Warning: `svd` cotangents sensitive to gauge choice: (|Δgauge| = 0.49137804017950004)
└ @ TensorKitChainRulesCoreExt ~/.julia/packages/TensorKit/esxcj/ext/TensorKitChainRulesCoreExt/factorizations.jl:254
┌ Warning: `svd` cotangents sensitive to gauge choice: (|Δgauge| = 0.4913780401826747)
└ @ TensorKitChainRulesCoreExt ~/.julia/packages/TensorKit/esxcj/ext/TensorKitChainRulesCoreExt/factorizations.jl:254
[ Info: LBFGS: iter    4, time 1910.39 s: f = -1.897751042934, ‖∇f‖ = 4.3062e-01, α = 2.77e+00, m = 3, nfg = 3
[ Info: CTMRG init:	obj = +5.626833545249e+00	err = 1.0000e+00
[ Info: CTMRG conv 31:	obj = +5.633019576265e+00	err = 4.7784661208e-10	time = 19.72 sec
┌ Warning: `svd` cotangents sensitive to gauge choice: (|Δgauge| = 0.440055485195197)
└ @ TensorKitChainRulesCoreExt ~/.julia/packages/TensorKit/esxcj/ext/TensorKitChainRulesCoreExt/factorizations.jl:254
┌ Warning: `svd` cotangents sensitive to gauge choice: (|Δgauge| = 0.440055485216185)
└ @ TensorKitChainRulesCoreExt ~/.julia/packages/TensorKit/esxcj/ext/TensorKitChainRulesCoreExt/factorizations.jl:254
[ Info: LBFGS: iter    5, time 1944.25 s: f = -1.985396037457, ‖∇f‖ = 2.6833e-01, α = 1.00e+00, m = 3, nfg = 1
[ Info: CTMRG init:	obj = +4.318236413837e+00	err = 1.0000e+00
┌ Warning: CTMRG cancel 100:	obj = +7.561774365166e+00	err = 5.9349711840e-06	time = 1.13 min
└ @ PEPSKit ~/.julia/packages/PEPSKit/P7ER3/src/algorithms/ctmrg/ctmrg.jl:129
┌ Warning: `svd` cotangents sensitive to gauge choice: (|Δgauge| = 0.00558368730646462)
└ @ TensorKitChainRulesCoreExt ~/.julia/packages/TensorKit/esxcj/ext/TensorKitChainRulesCoreExt/factorizations.jl:254
┌ Warning: `svd` cotangents sensitive to gauge choice: (|Δgauge| = 0.32876370666945054)
└ @ TensorKitChainRulesCoreExt ~/.julia/packages/TensorKit/esxcj/ext/TensorKitChainRulesCoreExt/factorizations.jl:254
┌ Warning: `svd` cotangents sensitive to gauge choice: (|Δgauge| = 0.32964539190734526)
└ @ TensorKitChainRulesCoreExt ~/.julia/packages/TensorKit/esxcj/ext/TensorKitChainRulesCoreExt/factorizations.jl:254
[ Info: CTMRG init:	obj = +4.496977786495e+00	err = 1.0000e+00
┌ Warning: CTMRG cancel 100:	obj = +6.845660525431e+00	err = 4.2804792279e-05	time = 1.26 min
└ @ PEPSKit ~/.julia/packages/PEPSKit/P7ER3/src/algorithms/ctmrg/ctmrg.jl:129
┌ Warning: `svd` cotangents sensitive to gauge choice: (|Δgauge| = 0.00898594663515289)
└ @ TensorKitChainRulesCoreExt ~/.julia/packages/TensorKit/esxcj/ext/TensorKitChainRulesCoreExt/factorizations.jl:254
┌ Warning: `svd` cotangents sensitive to gauge choice: (|Δgauge| = 0.29377364765064556)
└ @ TensorKitChainRulesCoreExt ~/.julia/packages/TensorKit/esxcj/ext/TensorKitChainRulesCoreExt/factorizations.jl:254
┌ Warning: `svd` cotangents sensitive to gauge choice: (|Δgauge| = 0.29126964881321604)
└ @ TensorKitChainRulesCoreExt ~/.julia/packages/TensorKit/esxcj/ext/TensorKitChainRulesCoreExt/factorizations.jl:254
[ Info: CTMRG init:	obj = +5.087670486719e+00	err = 1.0000e+00
[ Info: CTMRG conv 23:	obj = +5.476120586166e+00	err = 3.4468152955e-10	time = 18.14 sec
┌ Warning: `svd` cotangents sensitive to gauge choice: (|Δgauge| = 0.47485081228037795)
└ @ TensorKitChainRulesCoreExt ~/.julia/packages/TensorKit/esxcj/ext/TensorKitChainRulesCoreExt/factorizations.jl:254
┌ Warning: `svd` cotangents sensitive to gauge choice: (|Δgauge| = 0.4748508122805264)
└ @ TensorKitChainRulesCoreExt ~/.julia/packages/TensorKit/esxcj/ext/TensorKitChainRulesCoreExt/factorizations.jl:254
[ Info: CTMRG init:	obj = +5.507915790726e+00	err = 1.0000e+00
[ Info: CTMRG conv 17:	obj = +5.554965342160e+00	err = 6.8158102813e-10	time = 13.44 sec
┌ Warning: `svd` cotangents sensitive to gauge choice: (|Δgauge| = 0.4816674338825743)
└ @ TensorKitChainRulesCoreExt ~/.julia/packages/TensorKit/esxcj/ext/TensorKitChainRulesCoreExt/factorizations.jl:254
┌ Warning: `svd` cotangents sensitive to gauge choice: (|Δgauge| = 0.4816674338887507)
└ @ TensorKitChainRulesCoreExt ~/.julia/packages/TensorKit/esxcj/ext/TensorKitChainRulesCoreExt/factorizations.jl:254
[ Info: LBFGS: iter    6, time 2216.99 s: f = -2.034035242145, ‖∇f‖ = 1.9531e-01, α = 1.12e-01, m = 3, nfg = 4
[ Info: CTMRG init:	obj = +5.476760687250e+00	err = 1.0000e+00
[ Info: CTMRG conv 12:	obj = +5.500407691615e+00	err = 3.4915285646e-10	time = 10.23 sec
┌ Warning: `svd` cotangents sensitive to gauge choice: (|Δgauge| = 0.43220009121376646)
└ @ TensorKitChainRulesCoreExt ~/.julia/packages/TensorKit/esxcj/ext/TensorKitChainRulesCoreExt/factorizations.jl:254
┌ Warning: `svd` cotangents sensitive to gauge choice: (|Δgauge| = 1.0313719085265412e-11)
└ @ TensorKitChainRulesCoreExt ~/.julia/packages/TensorKit/esxcj/ext/TensorKitChainRulesCoreExt/factorizations.jl:254
┌ Warning: `svd` cotangents sensitive to gauge choice: (|Δgauge| = 0.43220009103469825)
└ @ TensorKitChainRulesCoreExt ~/.julia/packages/TensorKit/esxcj/ext/TensorKitChainRulesCoreExt/factorizations.jl:254
[ Info: CTMRG init:	obj = +5.518817468966e+00	err = 1.0000e+00
[ Info: CTMRG conv 13:	obj = +5.523453096788e+00	err = 8.4119930836e-10	time = 10.51 sec
┌ Warning: `svd` cotangents sensitive to gauge choice: (|Δgauge| = 0.4484471299901564)
└ @ TensorKitChainRulesCoreExt ~/.julia/packages/TensorKit/esxcj/ext/TensorKitChainRulesCoreExt/factorizations.jl:254
┌ Warning: `svd` cotangents sensitive to gauge choice: (|Δgauge| = 0.448447129971026)
└ @ TensorKitChainRulesCoreExt ~/.julia/packages/TensorKit/esxcj/ext/TensorKitChainRulesCoreExt/factorizations.jl:254
[ Info: LBFGS: iter    7, time 2255.75 s: f = -2.059306239548, ‖∇f‖ = 7.5579e-02, α = 4.73e-01, m = 3, nfg = 2
[ Info: CTMRG init:	obj = +5.563181480538e+00	err = 1.0000e+00
[ Info: CTMRG conv 17:	obj = +5.569336909039e+00	err = 2.7708558563e-10	time = 13.46 sec
┌ Warning: `svd` cotangents sensitive to gauge choice: (|Δgauge| = 0.4136407499416991)
└ @ TensorKitChainRulesCoreExt ~/.julia/packages/TensorKit/esxcj/ext/TensorKitChainRulesCoreExt/factorizations.jl:254
┌ Warning: `svd` cotangents sensitive to gauge choice: (|Δgauge| = 0.4136407499529151)
└ @ TensorKitChainRulesCoreExt ~/.julia/packages/TensorKit/esxcj/ext/TensorKitChainRulesCoreExt/factorizations.jl:254
[ Info: LBFGS: iter    8, time 2279.32 s: f = -2.063369167130, ‖∇f‖ = 2.8653e-02, α = 1.00e+00, m = 3, nfg = 1
[ Info: CTMRG init:	obj = +5.586877683650e+00	err = 1.0000e+00
[ Info: CTMRG conv 15:	obj = +5.587083170755e+00	err = 3.2120898008e-10	time = 12.19 sec
┌ Warning: `svd` cotangents sensitive to gauge choice: (|Δgauge| = 0.4141857082099238)
└ @ TensorKitChainRulesCoreExt ~/.julia/packages/TensorKit/esxcj/ext/TensorKitChainRulesCoreExt/factorizations.jl:254
┌ Warning: `svd` cotangents sensitive to gauge choice: (|Δgauge| = 0.41418570824212964)
└ @ TensorKitChainRulesCoreExt ~/.julia/packages/TensorKit/esxcj/ext/TensorKitChainRulesCoreExt/factorizations.jl:254
[ Info: LBFGS: iter    9, time 2301.30 s: f = -2.065047667386, ‖∇f‖ = 2.7427e-02, α = 1.00e+00, m = 3, nfg = 1
[ Info: CTMRG init:	obj = +5.609820419264e+00	err = 1.0000e+00
[ Info: CTMRG conv 13:	obj = +5.610170372180e+00	err = 3.2138146543e-10	time = 10.79 sec
┌ Warning: `svd` cotangents sensitive to gauge choice: (|Δgauge| = 0.4139439156851084)
└ @ TensorKitChainRulesCoreExt ~/.julia/packages/TensorKit/esxcj/ext/TensorKitChainRulesCoreExt/factorizations.jl:254
┌ Warning: `svd` cotangents sensitive to gauge choice: (|Δgauge| = 0.41394391569773525)
└ @ TensorKitChainRulesCoreExt ~/.julia/packages/TensorKit/esxcj/ext/TensorKitChainRulesCoreExt/factorizations.jl:254
[ Info: LBFGS: iter   10, time 2321.27 s: f = -2.067283652374, ‖∇f‖ = 3.4917e-02, α = 1.00e+00, m = 3, nfg = 1
[ Info: CTMRG init:	obj = +5.616443385097e+00	err = 1.0000e+00
[ Info: CTMRG conv 14:	obj = +5.632437720851e+00	err = 4.2857464051e-10	time = 11.23 sec
┌ Warning: `svd` cotangents sensitive to gauge choice: (|Δgauge| = 0.41128111122436267)
└ @ TensorKitChainRulesCoreExt ~/.julia/packages/TensorKit/esxcj/ext/TensorKitChainRulesCoreExt/factorizations.jl:254
┌ Warning: `svd` cotangents sensitive to gauge choice: (|Δgauge| = 0.41128111113556576)
└ @ TensorKitChainRulesCoreExt ~/.julia/packages/TensorKit/esxcj/ext/TensorKitChainRulesCoreExt/factorizations.jl:254
[ Info: LBFGS: iter   11, time 2342.13 s: f = -2.078047522348, ‖∇f‖ = 5.9221e-02, α = 1.00e+00, m = 3, nfg = 1
[ Info: CTMRG init:	obj = +5.428775859833e+00	err = 1.0000e+00
[ Info: CTMRG conv 12:	obj = +5.460122169786e+00	err = 7.4030874239e-10	time = 10.20 sec
┌ Warning: `svd` cotangents sensitive to gauge choice: (|Δgauge| = 0.43386487058909967)
└ @ TensorKitChainRulesCoreExt ~/.julia/packages/TensorKit/esxcj/ext/TensorKitChainRulesCoreExt/factorizations.jl:254
┌ Warning: `svd` cotangents sensitive to gauge choice: (|Δgauge| = 3.903013914898087e-12)
└ @ TensorKitChainRulesCoreExt ~/.julia/packages/TensorKit/esxcj/ext/TensorKitChainRulesCoreExt/factorizations.jl:254
┌ Warning: `svd` cotangents sensitive to gauge choice: (|Δgauge| = 0.43386487025413856)
└ @ TensorKitChainRulesCoreExt ~/.julia/packages/TensorKit/esxcj/ext/TensorKitChainRulesCoreExt/factorizations.jl:254
[ Info: CTMRG init:	obj = +5.585571033130e+00	err = 1.0000e+00
[ Info: CTMRG conv 12:	obj = +5.588192210718e+00	err = 9.3014289602e-10	time = 10.24 sec
┌ Warning: `svd` cotangents sensitive to gauge choice: (|Δgauge| = 0.420110151091906)
└ @ TensorKitChainRulesCoreExt ~/.julia/packages/TensorKit/esxcj/ext/TensorKitChainRulesCoreExt/factorizations.jl:254
┌ Warning: `svd` cotangents sensitive to gauge choice: (|Δgauge| = 4.8291815426070445e-12)
└ @ TensorKitChainRulesCoreExt ~/.julia/packages/TensorKit/esxcj/ext/TensorKitChainRulesCoreExt/factorizations.jl:254
┌ Warning: `svd` cotangents sensitive to gauge choice: (|Δgauge| = 0.42011015105846006)
└ @ TensorKitChainRulesCoreExt ~/.julia/packages/TensorKit/esxcj/ext/TensorKitChainRulesCoreExt/factorizations.jl:254
[ Info: LBFGS: iter   12, time 2379.88 s: f = -2.080251961989, ‖∇f‖ = 4.7026e-02, α = 3.01e-01, m = 3, nfg = 2
[ Info: CTMRG init:	obj = +5.559627562529e+00	err = 1.0000e+00
[ Info: CTMRG conv 14:	obj = +5.560506608548e+00	err = 2.4112571742e-10	time = 12.17 sec
┌ Warning: `svd` cotangents sensitive to gauge choice: (|Δgauge| = 0.41498207726273945)
└ @ TensorKitChainRulesCoreExt ~/.julia/packages/TensorKit/esxcj/ext/TensorKitChainRulesCoreExt/factorizations.jl:254
┌ Warning: `svd` cotangents sensitive to gauge choice: (|Δgauge| = 0.41498207742662285)
└ @ TensorKitChainRulesCoreExt ~/.julia/packages/TensorKit/esxcj/ext/TensorKitChainRulesCoreExt/factorizations.jl:254
[ Info: LBFGS: iter   13, time 2401.52 s: f = -2.083010355039, ‖∇f‖ = 1.8653e-02, α = 1.00e+00, m = 3, nfg = 1
[ Info: CTMRG init:	obj = +5.554602725936e+00	err = 1.0000e+00
[ Info: CTMRG conv 13:	obj = +5.555399270119e+00	err = 6.4230410956e-10	time = 11.69 sec
┌ Warning: `svd` cotangents sensitive to gauge choice: (|Δgauge| = 0.41382123221893063)
└ @ TensorKitChainRulesCoreExt ~/.julia/packages/TensorKit/esxcj/ext/TensorKitChainRulesCoreExt/factorizations.jl:254
┌ Warning: `svd` cotangents sensitive to gauge choice: (|Δgauge| = 0.41382123216075917)
└ @ TensorKitChainRulesCoreExt ~/.julia/packages/TensorKit/esxcj/ext/TensorKitChainRulesCoreExt/factorizations.jl:254
[ Info: LBFGS: iter   14, time 2422.50 s: f = -2.083707245951, ‖∇f‖ = 2.0610e-02, α = 1.00e+00, m = 3, nfg = 1
[ Info: CTMRG init:	obj = +5.544658335885e+00	err = 1.0000e+00
[ Info: CTMRG conv 13:	obj = +5.544886111536e+00	err = 5.8628695844e-10	time = 11.56 sec
┌ Warning: `svd` cotangents sensitive to gauge choice: (|Δgauge| = 0.40661255180368605)
└ @ TensorKitChainRulesCoreExt ~/.julia/packages/TensorKit/esxcj/ext/TensorKitChainRulesCoreExt/factorizations.jl:254
┌ Warning: `svd` cotangents sensitive to gauge choice: (|Δgauge| = 0.4066125517652343)
└ @ TensorKitChainRulesCoreExt ~/.julia/packages/TensorKit/esxcj/ext/TensorKitChainRulesCoreExt/factorizations.jl:254
[ Info: LBFGS: iter   15, time 2443.61 s: f = -2.084339071822, ‖∇f‖ = 1.5867e-02, α = 1.00e+00, m = 3, nfg = 1
[ Info: CTMRG init:	obj = +5.491817608770e+00	err = 1.0000e+00
[ Info: CTMRG conv 13:	obj = +5.492835900197e+00	err = 9.0122179745e-10	time = 11.90 sec
┌ Warning: `svd` cotangents sensitive to gauge choice: (|Δgauge| = 0.3930184834597611)
└ @ TensorKitChainRulesCoreExt ~/.julia/packages/TensorKit/esxcj/ext/TensorKitChainRulesCoreExt/factorizations.jl:254
┌ Warning: `svd` cotangents sensitive to gauge choice: (|Δgauge| = 0.3930184833733127)
└ @ TensorKitChainRulesCoreExt ~/.julia/packages/TensorKit/esxcj/ext/TensorKitChainRulesCoreExt/factorizations.jl:254
[ Info: LBFGS: iter   16, time 2464.60 s: f = -2.086176908621, ‖∇f‖ = 2.6056e-02, α = 1.00e+00, m = 3, nfg = 1
[ Info: CTMRG init:	obj = +5.282485257253e+00	err = 1.0000e+00
[ Info: CTMRG conv 13:	obj = +5.286569205021e+00	err = 2.0872789863e-10	time = 11.59 sec
┌ Warning: `svd` cotangents sensitive to gauge choice: (|Δgauge| = 0.372053233172736)
└ @ TensorKitChainRulesCoreExt ~/.julia/packages/TensorKit/esxcj/ext/TensorKitChainRulesCoreExt/factorizations.jl:254
┌ Warning: `svd` cotangents sensitive to gauge choice: (|Δgauge| = 7.057398147678793e-12)
└ @ TensorKitChainRulesCoreExt ~/.julia/packages/TensorKit/esxcj/ext/TensorKitChainRulesCoreExt/factorizations.jl:254
┌ Warning: `svd` cotangents sensitive to gauge choice: (|Δgauge| = 0.37205323318836836)
└ @ TensorKitChainRulesCoreExt ~/.julia/packages/TensorKit/esxcj/ext/TensorKitChainRulesCoreExt/factorizations.jl:254
[ Info: LBFGS: iter   17, time 2485.45 s: f = -2.088367034658, ‖∇f‖ = 5.4207e-02, α = 1.00e+00, m = 3, nfg = 1
[ Info: CTMRG init:	obj = +5.297486461729e+00	err = 1.0000e+00
[ Info: CTMRG conv 14:	obj = +5.300357444572e+00	err = 2.6668230142e-10	time = 12.99 sec
┌ Warning: `svd` cotangents sensitive to gauge choice: (|Δgauge| = 0.38337995221131177)
└ @ TensorKitChainRulesCoreExt ~/.julia/packages/TensorKit/esxcj/ext/TensorKitChainRulesCoreExt/factorizations.jl:254
┌ Warning: `svd` cotangents sensitive to gauge choice: (|Δgauge| = 0.3833799521247321)
└ @ TensorKitChainRulesCoreExt ~/.julia/packages/TensorKit/esxcj/ext/TensorKitChainRulesCoreExt/factorizations.jl:254
[ Info: LBFGS: iter   18, time 2507.92 s: f = -2.090476909249, ‖∇f‖ = 6.6483e-02, α = 1.00e+00, m = 3, nfg = 1
[ Info: CTMRG init:	obj = +5.205206846449e+00	err = 1.0000e+00
[ Info: CTMRG conv 13:	obj = +5.209031182840e+00	err = 7.5003719184e-10	time = 12.00 sec
┌ Warning: `svd` cotangents sensitive to gauge choice: (|Δgauge| = 0.4062091522316046)
└ @ TensorKitChainRulesCoreExt ~/.julia/packages/TensorKit/esxcj/ext/TensorKitChainRulesCoreExt/factorizations.jl:254
┌ Warning: `svd` cotangents sensitive to gauge choice: (|Δgauge| = 2.0945883765661676e-11)
└ @ TensorKitChainRulesCoreExt ~/.julia/packages/TensorKit/esxcj/ext/TensorKitChainRulesCoreExt/factorizations.jl:254
┌ Warning: `svd` cotangents sensitive to gauge choice: (|Δgauge| = 0.40620915224181947)
└ @ TensorKitChainRulesCoreExt ~/.julia/packages/TensorKit/esxcj/ext/TensorKitChainRulesCoreExt/factorizations.jl:254
[ Info: LBFGS: iter   19, time 2529.05 s: f = -2.094249913618, ‖∇f‖ = 2.9567e-02, α = 1.00e+00, m = 3, nfg = 1
[ Info: CTMRG init:	obj = +5.146118358237e+00	err = 1.0000e+00
[ Info: CTMRG conv 14:	obj = +5.148049254727e+00	err = 3.1494787773e-10	time = 12.99 sec
┌ Warning: `svd` cotangents sensitive to gauge choice: (|Δgauge| = 0.41120499913919545)
└ @ TensorKitChainRulesCoreExt ~/.julia/packages/TensorKit/esxcj/ext/TensorKitChainRulesCoreExt/factorizations.jl:254
┌ Warning: `svd` cotangents sensitive to gauge choice: (|Δgauge| = 7.764611106943204e-12)
└ @ TensorKitChainRulesCoreExt ~/.julia/packages/TensorKit/esxcj/ext/TensorKitChainRulesCoreExt/factorizations.jl:254
┌ Warning: `svd` cotangents sensitive to gauge choice: (|Δgauge| = 0.41120499928661247)
└ @ TensorKitChainRulesCoreExt ~/.julia/packages/TensorKit/esxcj/ext/TensorKitChainRulesCoreExt/factorizations.jl:254
[ Info: LBFGS: iter   20, time 2551.30 s: f = -2.095986314644, ‖∇f‖ = 2.6520e-02, α = 1.00e+00, m = 3, nfg = 1
[ Info: CTMRG init:	obj = +5.080255428372e+00	err = 1.0000e+00
[ Info: CTMRG conv 15:	obj = +5.084184812762e+00	err = 9.3525667437e-10	time = 13.95 sec
┌ Warning: `svd` cotangents sensitive to gauge choice: (|Δgauge| = 0.40826837469408594)
└ @ TensorKitChainRulesCoreExt ~/.julia/packages/TensorKit/esxcj/ext/TensorKitChainRulesCoreExt/factorizations.jl:254
┌ Warning: `svd` cotangents sensitive to gauge choice: (|Δgauge| = 3.933076089079573e-12)
└ @ TensorKitChainRulesCoreExt ~/.julia/packages/TensorKit/esxcj/ext/TensorKitChainRulesCoreExt/factorizations.jl:254
┌ Warning: `svd` cotangents sensitive to gauge choice: (|Δgauge| = 0.4082683748503949)
└ @ TensorKitChainRulesCoreExt ~/.julia/packages/TensorKit/esxcj/ext/TensorKitChainRulesCoreExt/factorizations.jl:254
[ Info: LBFGS: iter   21, time 2574.65 s: f = -2.097852843007, ‖∇f‖ = 2.6714e-02, α = 1.00e+00, m = 3, nfg = 1
[ Info: CTMRG init:	obj = +5.052345750498e+00	err = 1.0000e+00
[ Info: CTMRG conv 16:	obj = +5.056549204587e+00	err = 2.4395271798e-10	time = 15.20 sec
┌ Warning: `svd` cotangents sensitive to gauge choice: (|Δgauge| = 0.40299507030680093)
└ @ TensorKitChainRulesCoreExt ~/.julia/packages/TensorKit/esxcj/ext/TensorKitChainRulesCoreExt/factorizations.jl:254
┌ Warning: `svd` cotangents sensitive to gauge choice: (|Δgauge| = 0.4029950702898797)
└ @ TensorKitChainRulesCoreExt ~/.julia/packages/TensorKit/esxcj/ext/TensorKitChainRulesCoreExt/factorizations.jl:254
[ Info: LBFGS: iter   22, time 2599.28 s: f = -2.099696833667, ‖∇f‖ = 1.9791e-02, α = 1.00e+00, m = 3, nfg = 1
[ Info: CTMRG init:	obj = +5.003749431558e+00	err = 1.0000e+00
[ Info: CTMRG conv 16:	obj = +5.011509298800e+00	err = 6.4342734080e-10	time = 15.22 sec
┌ Warning: `svd` cotangents sensitive to gauge choice: (|Δgauge| = 0.3913906102331766)
└ @ TensorKitChainRulesCoreExt ~/.julia/packages/TensorKit/esxcj/ext/TensorKitChainRulesCoreExt/factorizations.jl:254
┌ Warning: `svd` cotangents sensitive to gauge choice: (|Δgauge| = 2.9034313960796735e-12)
└ @ TensorKitChainRulesCoreExt ~/.julia/packages/TensorKit/esxcj/ext/TensorKitChainRulesCoreExt/factorizations.jl:254
┌ Warning: `svd` cotangents sensitive to gauge choice: (|Δgauge| = 0.3913906101757499)
└ @ TensorKitChainRulesCoreExt ~/.julia/packages/TensorKit/esxcj/ext/TensorKitChainRulesCoreExt/factorizations.jl:254
[ Info: LBFGS: iter   23, time 2624.23 s: f = -2.100983606970, ‖∇f‖ = 3.6612e-02, α = 1.00e+00, m = 3, nfg = 1
[ Info: CTMRG init:	obj = +5.010706597597e+00	err = 1.0000e+00
[ Info: CTMRG conv 16:	obj = +5.012280731546e+00	err = 4.7098967971e-10	time = 15.64 sec
┌ Warning: `svd` cotangents sensitive to gauge choice: (|Δgauge| = 0.39576337783114013)
└ @ TensorKitChainRulesCoreExt ~/.julia/packages/TensorKit/esxcj/ext/TensorKitChainRulesCoreExt/factorizations.jl:254
┌ Warning: `svd` cotangents sensitive to gauge choice: (|Δgauge| = 3.2596409090158855e-12)
└ @ TensorKitChainRulesCoreExt ~/.julia/packages/TensorKit/esxcj/ext/TensorKitChainRulesCoreExt/factorizations.jl:254
┌ Warning: `svd` cotangents sensitive to gauge choice: (|Δgauge| = 0.3957633779000399)
└ @ TensorKitChainRulesCoreExt ~/.julia/packages/TensorKit/esxcj/ext/TensorKitChainRulesCoreExt/factorizations.jl:254
[ Info: LBFGS: iter   24, time 2649.65 s: f = -2.102157811872, ‖∇f‖ = 1.5493e-02, α = 1.00e+00, m = 3, nfg = 1
[ Info: CTMRG init:	obj = +5.027741790545e+00	err = 1.0000e+00
[ Info: CTMRG conv 16:	obj = +5.028456231473e+00	err = 2.5724906314e-10	time = 16.11 sec
┌ Warning: `svd` cotangents sensitive to gauge choice: (|Δgauge| = 0.39574732863682294)
└ @ TensorKitChainRulesCoreExt ~/.julia/packages/TensorKit/esxcj/ext/TensorKitChainRulesCoreExt/factorizations.jl:254
┌ Warning: `svd` cotangents sensitive to gauge choice: (|Δgauge| = 2.6906063324299236e-12)
└ @ TensorKitChainRulesCoreExt ~/.julia/packages/TensorKit/esxcj/ext/TensorKitChainRulesCoreExt/factorizations.jl:254
┌ Warning: `svd` cotangents sensitive to gauge choice: (|Δgauge| = 0.3957473286084614)
└ @ TensorKitChainRulesCoreExt ~/.julia/packages/TensorKit/esxcj/ext/TensorKitChainRulesCoreExt/factorizations.jl:254
[ Info: LBFGS: iter   25, time 2676.11 s: f = -2.102518205893, ‖∇f‖ = 1.2050e-02, α = 1.00e+00, m = 3, nfg = 1
[ Info: CTMRG init:	obj = +5.023739632399e+00	err = 1.0000e+00
[ Info: CTMRG conv 30:	obj = +5.024128337575e+00	err = 7.0339351087e-10	time = 29.72 sec
┌ Warning: `svd` cotangents sensitive to gauge choice: (|Δgauge| = 0.40086292062390416)
└ @ TensorKitChainRulesCoreExt ~/.julia/packages/TensorKit/esxcj/ext/TensorKitChainRulesCoreExt/factorizations.jl:254
┌ Warning: `svd` cotangents sensitive to gauge choice: (|Δgauge| = 0.4008629205744033)
└ @ TensorKitChainRulesCoreExt ~/.julia/packages/TensorKit/esxcj/ext/TensorKitChainRulesCoreExt/factorizations.jl:254
[ Info: LBFGS: iter   26, time 2720.37 s: f = -2.102984037180, ‖∇f‖ = 1.0906e-02, α = 1.00e+00, m = 3, nfg = 1
[ Info: CTMRG init:	obj = +5.013624535380e+00	err = 1.0000e+00
[ Info: CTMRG conv 14:	obj = +5.013829185301e+00	err = 6.8405304632e-10	time = 14.48 sec
┌ Warning: `svd` cotangents sensitive to gauge choice: (|Δgauge| = 0.39617092635018136)
└ @ TensorKitChainRulesCoreExt ~/.julia/packages/TensorKit/esxcj/ext/TensorKitChainRulesCoreExt/factorizations.jl:254
┌ Warning: `svd` cotangents sensitive to gauge choice: (|Δgauge| = 3.6888847204415647e-11)
└ @ TensorKitChainRulesCoreExt ~/.julia/packages/TensorKit/esxcj/ext/TensorKitChainRulesCoreExt/factorizations.jl:254
┌ Warning: `svd` cotangents sensitive to gauge choice: (|Δgauge| = 0.39617092628239164)
└ @ TensorKitChainRulesCoreExt ~/.julia/packages/TensorKit/esxcj/ext/TensorKitChainRulesCoreExt/factorizations.jl:254
[ Info: LBFGS: iter   27, time 2745.00 s: f = -2.103654174353, ‖∇f‖ = 1.1611e-02, α = 1.00e+00, m = 3, nfg = 1
[ Info: CTMRG init:	obj = +4.962745052411e+00	err = 1.0000e+00
[ Info: CTMRG conv 17:	obj = +4.966224868079e+00	err = 8.2581977860e-10	time = 17.04 sec
┌ Warning: `svd` cotangents sensitive to gauge choice: (|Δgauge| = 0.39133263379204697)
└ @ TensorKitChainRulesCoreExt ~/.julia/packages/TensorKit/esxcj/ext/TensorKitChainRulesCoreExt/factorizations.jl:254
┌ Warning: `svd` cotangents sensitive to gauge choice: (|Δgauge| = 0.3913326338490597)
└ @ TensorKitChainRulesCoreExt ~/.julia/packages/TensorKit/esxcj/ext/TensorKitChainRulesCoreExt/factorizations.jl:254
[ Info: LBFGS: iter   28, time 2771.89 s: f = -2.104665417436, ‖∇f‖ = 2.4180e-02, α = 1.00e+00, m = 3, nfg = 1
[ Info: CTMRG init:	obj = +4.939554117212e+00	err = 1.0000e+00
[ Info: CTMRG conv 18:	obj = +4.943299245726e+00	err = 8.6820097771e-10	time = 18.74 sec
┌ Warning: `svd` cotangents sensitive to gauge choice: (|Δgauge| = 0.3833917775067926)
└ @ TensorKitChainRulesCoreExt ~/.julia/packages/TensorKit/esxcj/ext/TensorKitChainRulesCoreExt/factorizations.jl:254
┌ Warning: `svd` cotangents sensitive to gauge choice: (|Δgauge| = 0.38339177765503973)
└ @ TensorKitChainRulesCoreExt ~/.julia/packages/TensorKit/esxcj/ext/TensorKitChainRulesCoreExt/factorizations.jl:254
[ Info: LBFGS: iter   29, time 2800.98 s: f = -2.105625003623, ‖∇f‖ = 1.6141e-02, α = 1.00e+00, m = 3, nfg = 1
[ Info: CTMRG init:	obj = +4.974164480813e+00	err = 1.0000e+00
[ Info: CTMRG conv 17:	obj = +4.974943749773e+00	err = 8.4548368007e-10	time = 17.90 sec
┌ Warning: `svd` cotangents sensitive to gauge choice: (|Δgauge| = 0.3770148428817077)
└ @ TensorKitChainRulesCoreExt ~/.julia/packages/TensorKit/esxcj/ext/TensorKitChainRulesCoreExt/factorizations.jl:254
┌ Warning: `svd` cotangents sensitive to gauge choice: (|Δgauge| = 3.6956327582880315e-12)
└ @ TensorKitChainRulesCoreExt ~/.julia/packages/TensorKit/esxcj/ext/TensorKitChainRulesCoreExt/factorizations.jl:254
┌ Warning: `svd` cotangents sensitive to gauge choice: (|Δgauge| = 0.3770148434097299)
└ @ TensorKitChainRulesCoreExt ~/.julia/packages/TensorKit/esxcj/ext/TensorKitChainRulesCoreExt/factorizations.jl:254
[ Info: LBFGS: iter   30, time 2828.55 s: f = -2.106194354182, ‖∇f‖ = 1.7047e-02, α = 1.00e+00, m = 3, nfg = 1
[ Info: CTMRG init:	obj = +4.975214941090e+00	err = 1.0000e+00
[ Info: CTMRG conv 17:	obj = +4.975834788078e+00	err = 5.0738019475e-10	time = 18.05 sec
┌ Warning: `svd` cotangents sensitive to gauge choice: (|Δgauge| = 0.38244804753940154)
└ @ TensorKitChainRulesCoreExt ~/.julia/packages/TensorKit/esxcj/ext/TensorKitChainRulesCoreExt/factorizations.jl:254
┌ Warning: `svd` cotangents sensitive to gauge choice: (|Δgauge| = 4.124045017004055e-12)
└ @ TensorKitChainRulesCoreExt ~/.julia/packages/TensorKit/esxcj/ext/TensorKitChainRulesCoreExt/factorizations.jl:254
┌ Warning: `svd` cotangents sensitive to gauge choice: (|Δgauge| = 0.38244804754557105)
└ @ TensorKitChainRulesCoreExt ~/.julia/packages/TensorKit/esxcj/ext/TensorKitChainRulesCoreExt/factorizations.jl:254
[ Info: LBFGS: iter   31, time 2856.54 s: f = -2.106554737572, ‖∇f‖ = 1.0219e-02, α = 1.00e+00, m = 3, nfg = 1
[ Info: CTMRG init:	obj = +4.978399760550e+00	err = 1.0000e+00
[ Info: CTMRG conv 17:	obj = +4.978432512821e+00	err = 6.8428667069e-10	time = 18.15 sec
┌ Warning: `svd` cotangents sensitive to gauge choice: (|Δgauge| = 0.38368738056653484)
└ @ TensorKitChainRulesCoreExt ~/.julia/packages/TensorKit/esxcj/ext/TensorKitChainRulesCoreExt/factorizations.jl:254
┌ Warning: `svd` cotangents sensitive to gauge choice: (|Δgauge| = 4.2706721491462596e-12)
└ @ TensorKitChainRulesCoreExt ~/.julia/packages/TensorKit/esxcj/ext/TensorKitChainRulesCoreExt/factorizations.jl:254
┌ Warning: `svd` cotangents sensitive to gauge choice: (|Δgauge| = 0.3836873809641956)
└ @ TensorKitChainRulesCoreExt ~/.julia/packages/TensorKit/esxcj/ext/TensorKitChainRulesCoreExt/factorizations.jl:254
[ Info: LBFGS: iter   32, time 2883.84 s: f = -2.106764721702, ‖∇f‖ = 9.7296e-03, α = 1.00e+00, m = 3, nfg = 1
[ Info: CTMRG init:	obj = +4.987274375263e+00	err = 1.0000e+00
[ Info: CTMRG conv 14:	obj = +4.987427696214e+00	err = 5.7555966551e-10	time = 14.90 sec
┌ Warning: `svd` cotangents sensitive to gauge choice: (|Δgauge| = 0.3877031274489482)
└ @ TensorKitChainRulesCoreExt ~/.julia/packages/TensorKit/esxcj/ext/TensorKitChainRulesCoreExt/factorizations.jl:254
┌ Warning: `svd` cotangents sensitive to gauge choice: (|Δgauge| = 2.03142820127224e-10)
└ @ TensorKitChainRulesCoreExt ~/.julia/packages/TensorKit/esxcj/ext/TensorKitChainRulesCoreExt/factorizations.jl:254
┌ Warning: `svd` cotangents sensitive to gauge choice: (|Δgauge| = 0.38770312739426827)
└ @ TensorKitChainRulesCoreExt ~/.julia/packages/TensorKit/esxcj/ext/TensorKitChainRulesCoreExt/factorizations.jl:254
[ Info: LBFGS: iter   33, time 2908.13 s: f = -2.107414850131, ‖∇f‖ = 1.1579e-02, α = 1.00e+00, m = 3, nfg = 1
[ Info: CTMRG init:	obj = +4.977384045466e+00	err = 1.0000e+00
[ Info: CTMRG conv 19:	obj = +4.978715485318e+00	err = 6.1226604906e-10	time = 20.45 sec
┌ Warning: `svd` cotangents sensitive to gauge choice: (|Δgauge| = 0.38423801132243673)
└ @ TensorKitChainRulesCoreExt ~/.julia/packages/TensorKit/esxcj/ext/TensorKitChainRulesCoreExt/factorizations.jl:254
┌ Warning: `svd` cotangents sensitive to gauge choice: (|Δgauge| = 0.38423801131495144)
└ @ TensorKitChainRulesCoreExt ~/.julia/packages/TensorKit/esxcj/ext/TensorKitChainRulesCoreExt/factorizations.jl:254
[ Info: LBFGS: iter   34, time 2938.19 s: f = -2.107857399337, ‖∇f‖ = 1.6725e-02, α = 1.00e+00, m = 3, nfg = 1
[ Info: CTMRG init:	obj = +4.958519614655e+00	err = 1.0000e+00
[ Info: CTMRG conv 93:	obj = +4.959697440000e+00	err = 5.4021954730e-10	time = 1.78 min
┌ Warning: `svd` cotangents sensitive to gauge choice: (|Δgauge| = 0.3851063219351774)
└ @ TensorKitChainRulesCoreExt ~/.julia/packages/TensorKit/esxcj/ext/TensorKitChainRulesCoreExt/factorizations.jl:254
┌ Warning: `svd` cotangents sensitive to gauge choice: (|Δgauge| = 0.3851063220811652)
└ @ TensorKitChainRulesCoreExt ~/.julia/packages/TensorKit/esxcj/ext/TensorKitChainRulesCoreExt/factorizations.jl:254
[ Info: LBFGS: iter   35, time 3078.79 s: f = -2.108322971130, ‖∇f‖ = 1.1014e-02, α = 1.00e+00, m = 3, nfg = 1
[ Info: CTMRG init:	obj = +4.913828922589e+00	err = 1.0000e+00
[ Info: CTMRG conv 19:	obj = +4.919409622311e+00	err = 4.3067037879e-10	time = 23.02 sec
┌ Warning: `svd` cotangents sensitive to gauge choice: (|Δgauge| = 0.38969269075979435)
└ @ TensorKitChainRulesCoreExt ~/.julia/packages/TensorKit/esxcj/ext/TensorKitChainRulesCoreExt/factorizations.jl:254
┌ Warning: `svd` cotangents sensitive to gauge choice: (|Δgauge| = 2.092170143871007e-12)
└ @ TensorKitChainRulesCoreExt ~/.julia/packages/TensorKit/esxcj/ext/TensorKitChainRulesCoreExt/factorizations.jl:254
┌ Warning: `svd` cotangents sensitive to gauge choice: (|Δgauge| = 0.38969269075846974)
└ @ TensorKitChainRulesCoreExt ~/.julia/packages/TensorKit/esxcj/ext/TensorKitChainRulesCoreExt/factorizations.jl:254
[ Info: LBFGS: iter   36, time 3112.43 s: f = -2.108779842055, ‖∇f‖ = 8.1319e-03, α = 1.00e+00, m = 3, nfg = 1
[ Info: CTMRG init:	obj = +4.904571658220e+00	err = 1.0000e+00
[ Info: CTMRG conv 17:	obj = +4.904676335972e+00	err = 5.0349885437e-10	time = 20.21 sec
┌ Warning: `svd` cotangents sensitive to gauge choice: (|Δgauge| = 0.3857218705551896)
└ @ TensorKitChainRulesCoreExt ~/.julia/packages/TensorKit/esxcj/ext/TensorKitChainRulesCoreExt/factorizations.jl:254
┌ Warning: `svd` cotangents sensitive to gauge choice: (|Δgauge| = 2.6439555925697813e-11)
└ @ TensorKitChainRulesCoreExt ~/.julia/packages/TensorKit/esxcj/ext/TensorKitChainRulesCoreExt/factorizations.jl:254
┌ Warning: `svd` cotangents sensitive to gauge choice: (|Δgauge| = 0.38572187057667695)
└ @ TensorKitChainRulesCoreExt ~/.julia/packages/TensorKit/esxcj/ext/TensorKitChainRulesCoreExt/factorizations.jl:254
[ Info: LBFGS: iter   37, time 3143.56 s: f = -2.108823548932, ‖∇f‖ = 1.6669e-02, α = 1.00e+00, m = 3, nfg = 1
[ Info: CTMRG init:	obj = +4.905394537950e+00	err = 1.0000e+00
[ Info: CTMRG conv 17:	obj = +4.905496257657e+00	err = 5.0013597692e-10	time = 20.25 sec
┌ Warning: `svd` cotangents sensitive to gauge choice: (|Δgauge| = 0.38887000155098994)
└ @ TensorKitChainRulesCoreExt ~/.julia/packages/TensorKit/esxcj/ext/TensorKitChainRulesCoreExt/factorizations.jl:254
┌ Warning: `svd` cotangents sensitive to gauge choice: (|Δgauge| = 1.8886296497977072e-11)
└ @ TensorKitChainRulesCoreExt ~/.julia/packages/TensorKit/esxcj/ext/TensorKitChainRulesCoreExt/factorizations.jl:254
┌ Warning: `svd` cotangents sensitive to gauge choice: (|Δgauge| = 0.3888700015500278)
└ @ TensorKitChainRulesCoreExt ~/.julia/packages/TensorKit/esxcj/ext/TensorKitChainRulesCoreExt/factorizations.jl:254
[ Info: LBFGS: iter   38, time 3173.32 s: f = -2.108992828527, ‖∇f‖ = 5.8801e-03, α = 1.00e+00, m = 3, nfg = 1
[ Info: CTMRG init:	obj = +4.900121647501e+00	err = 1.0000e+00
[ Info: CTMRG conv 15:	obj = +4.900125466777e+00	err = 5.3353386337e-10	time = 17.99 sec
┌ Warning: `svd` cotangents sensitive to gauge choice: (|Δgauge| = 0.38921335844969124)
└ @ TensorKitChainRulesCoreExt ~/.julia/packages/TensorKit/esxcj/ext/TensorKitChainRulesCoreExt/factorizations.jl:254
┌ Warning: `svd` cotangents sensitive to gauge choice: (|Δgauge| = 1.6028152168430254e-10)
└ @ TensorKitChainRulesCoreExt ~/.julia/packages/TensorKit/esxcj/ext/TensorKitChainRulesCoreExt/factorizations.jl:254
┌ Warning: `svd` cotangents sensitive to gauge choice: (|Δgauge| = 0.3892133586488006)
└ @ TensorKitChainRulesCoreExt ~/.julia/packages/TensorKit/esxcj/ext/TensorKitChainRulesCoreExt/factorizations.jl:254
[ Info: LBFGS: iter   39, time 3200.52 s: f = -2.109048961332, ‖∇f‖ = 4.2244e-03, α = 1.00e+00, m = 3, nfg = 1
[ Info: CTMRG init:	obj = +4.887763748354e+00	err = 1.0000e+00
[ Info: CTMRG conv 16:	obj = +4.887785313408e+00	err = 6.3031955324e-10	time = 18.57 sec
┌ Warning: `svd` cotangents sensitive to gauge choice: (|Δgauge| = 0.3882442890420589)
└ @ TensorKitChainRulesCoreExt ~/.julia/packages/TensorKit/esxcj/ext/TensorKitChainRulesCoreExt/factorizations.jl:254
┌ Warning: `svd` cotangents sensitive to gauge choice: (|Δgauge| = 4.9307940313712767e-11)
└ @ TensorKitChainRulesCoreExt ~/.julia/packages/TensorKit/esxcj/ext/TensorKitChainRulesCoreExt/factorizations.jl:254
┌ Warning: `svd` cotangents sensitive to gauge choice: (|Δgauge| = 0.3882442890762517)
└ @ TensorKitChainRulesCoreExt ~/.julia/packages/TensorKit/esxcj/ext/TensorKitChainRulesCoreExt/factorizations.jl:254
[ Info: LBFGS: iter   40, time 3229.15 s: f = -2.109117775572, ‖∇f‖ = 4.2758e-03, α = 1.00e+00, m = 3, nfg = 1
[ Info: CTMRG init:	obj = +4.869473000690e+00	err = 1.0000e+00
[ Info: CTMRG conv 18:	obj = +4.869662984124e+00	err = 4.4740579483e-10	time = 21.71 sec
┌ Warning: `svd` cotangents sensitive to gauge choice: (|Δgauge| = 0.3873639325852818)
└ @ TensorKitChainRulesCoreExt ~/.julia/packages/TensorKit/esxcj/ext/TensorKitChainRulesCoreExt/factorizations.jl:254
┌ Warning: `svd` cotangents sensitive to gauge choice: (|Δgauge| = 4.712914290170729e-12)
└ @ TensorKitChainRulesCoreExt ~/.julia/packages/TensorKit/esxcj/ext/TensorKitChainRulesCoreExt/factorizations.jl:254
┌ Warning: `svd` cotangents sensitive to gauge choice: (|Δgauge| = 0.38736393259175006)
└ @ TensorKitChainRulesCoreExt ~/.julia/packages/TensorKit/esxcj/ext/TensorKitChainRulesCoreExt/factorizations.jl:254
[ Info: LBFGS: iter   41, time 3261.20 s: f = -2.109209526510, ‖∇f‖ = 3.8457e-03, α = 1.00e+00, m = 3, nfg = 1
[ Info: CTMRG init:	obj = +4.840833073280e+00	err = 1.0000e+00
[ Info: CTMRG conv 19:	obj = +4.842546237208e+00	err = 5.8602538055e-10	time = 23.62 sec
┌ Warning: `svd` cotangents sensitive to gauge choice: (|Δgauge| = 0.37822745931194307)
└ @ TensorKitChainRulesCoreExt ~/.julia/packages/TensorKit/esxcj/ext/TensorKitChainRulesCoreExt/factorizations.jl:254
┌ Warning: `svd` cotangents sensitive to gauge choice: (|Δgauge| = 1.476122046809756e-11)
└ @ TensorKitChainRulesCoreExt ~/.julia/packages/TensorKit/esxcj/ext/TensorKitChainRulesCoreExt/factorizations.jl:254
┌ Warning: `svd` cotangents sensitive to gauge choice: (|Δgauge| = 0.3782274592671337)
└ @ TensorKitChainRulesCoreExt ~/.julia/packages/TensorKit/esxcj/ext/TensorKitChainRulesCoreExt/factorizations.jl:254
[ Info: CTMRG init:	obj = +4.862523457072e+00	err = 1.0000e+00
[ Info: CTMRG conv 17:	obj = +4.862637603356e+00	err = 9.1010326901e-10	time = 21.75 sec
┌ Warning: `svd` cotangents sensitive to gauge choice: (|Δgauge| = 0.3850871193142029)
└ @ TensorKitChainRulesCoreExt ~/.julia/packages/TensorKit/esxcj/ext/TensorKitChainRulesCoreExt/factorizations.jl:254
┌ Warning: `svd` cotangents sensitive to gauge choice: (|Δgauge| = 0.3850871193053422)
└ @ TensorKitChainRulesCoreExt ~/.julia/packages/TensorKit/esxcj/ext/TensorKitChainRulesCoreExt/factorizations.jl:254
[ Info: LBFGS: iter   42, time 3326.88 s: f = -2.109248878881, ‖∇f‖ = 6.4738e-03, α = 2.63e-01, m = 3, nfg = 2
[ Info: CTMRG init:	obj = +4.840850326191e+00	err = 1.0000e+00
[ Info: CTMRG conv 18:	obj = +4.841350236674e+00	err = 9.4806295892e-10	time = 22.85 sec
┌ Warning: `svd` cotangents sensitive to gauge choice: (|Δgauge| = 0.38494069903195716)
└ @ TensorKitChainRulesCoreExt ~/.julia/packages/TensorKit/esxcj/ext/TensorKitChainRulesCoreExt/factorizations.jl:254
┌ Warning: `svd` cotangents sensitive to gauge choice: (|Δgauge| = 1.1873346231970215e-11)
└ @ TensorKitChainRulesCoreExt ~/.julia/packages/TensorKit/esxcj/ext/TensorKitChainRulesCoreExt/factorizations.jl:254
┌ Warning: `svd` cotangents sensitive to gauge choice: (|Δgauge| = 0.3849406990148465)
└ @ TensorKitChainRulesCoreExt ~/.julia/packages/TensorKit/esxcj/ext/TensorKitChainRulesCoreExt/factorizations.jl:254
[ Info: LBFGS: iter   43, time 3359.28 s: f = -2.109322948649, ‖∇f‖ = 3.5296e-03, α = 1.00e+00, m = 3, nfg = 1
[ Info: CTMRG init:	obj = +4.836743856012e+00	err = 1.0000e+00
[ Info: CTMRG conv 17:	obj = +4.836761112568e+00	err = 4.4353775345e-10	time = 21.59 sec
┌ Warning: `svd` cotangents sensitive to gauge choice: (|Δgauge| = 0.38465993558675177)
└ @ TensorKitChainRulesCoreExt ~/.julia/packages/TensorKit/esxcj/ext/TensorKitChainRulesCoreExt/factorizations.jl:254
┌ Warning: `svd` cotangents sensitive to gauge choice: (|Δgauge| = 4.891728053184902e-11)
└ @ TensorKitChainRulesCoreExt ~/.julia/packages/TensorKit/esxcj/ext/TensorKitChainRulesCoreExt/factorizations.jl:254
┌ Warning: `svd` cotangents sensitive to gauge choice: (|Δgauge| = 0.38465993554937217)
└ @ TensorKitChainRulesCoreExt ~/.julia/packages/TensorKit/esxcj/ext/TensorKitChainRulesCoreExt/factorizations.jl:254
[ Info: LBFGS: iter   44, time 3390.59 s: f = -2.109366374943, ‖∇f‖ = 3.5068e-03, α = 1.00e+00, m = 3, nfg = 1
[ Info: CTMRG init:	obj = +4.819868780915e+00	err = 1.0000e+00
[ Info: CTMRG conv 18:	obj = +4.819965017460e+00	err = 4.6366875673e-10	time = 22.78 sec
┌ Warning: `svd` cotangents sensitive to gauge choice: (|Δgauge| = 0.38578997618324684)
└ @ TensorKitChainRulesCoreExt ~/.julia/packages/TensorKit/esxcj/ext/TensorKitChainRulesCoreExt/factorizations.jl:254
┌ Warning: `svd` cotangents sensitive to gauge choice: (|Δgauge| = 5.45880193269752e-11)
└ @ TensorKitChainRulesCoreExt ~/.julia/packages/TensorKit/esxcj/ext/TensorKitChainRulesCoreExt/factorizations.jl:254
┌ Warning: `svd` cotangents sensitive to gauge choice: (|Δgauge| = 0.38578997609608234)
└ @ TensorKitChainRulesCoreExt ~/.julia/packages/TensorKit/esxcj/ext/TensorKitChainRulesCoreExt/factorizations.jl:254
[ Info: LBFGS: iter   45, time 3422.94 s: f = -2.109427033401, ‖∇f‖ = 3.7679e-03, α = 1.00e+00, m = 3, nfg = 1
[ Info: CTMRG init:	obj = +4.811414087064e+00	err = 1.0000e+00
[ Info: CTMRG conv 18:	obj = +4.811473321215e+00	err = 6.0055082524e-10	time = 22.94 sec
┌ Warning: `svd` cotangents sensitive to gauge choice: (|Δgauge| = 0.3834651862383439)
└ @ TensorKitChainRulesCoreExt ~/.julia/packages/TensorKit/esxcj/ext/TensorKitChainRulesCoreExt/factorizations.jl:254
┌ Warning: `svd` cotangents sensitive to gauge choice: (|Δgauge| = 7.411796478149194e-11)
└ @ TensorKitChainRulesCoreExt ~/.julia/packages/TensorKit/esxcj/ext/TensorKitChainRulesCoreExt/factorizations.jl:254
┌ Warning: `svd` cotangents sensitive to gauge choice: (|Δgauge| = 0.38346518617262226)
└ @ TensorKitChainRulesCoreExt ~/.julia/packages/TensorKit/esxcj/ext/TensorKitChainRulesCoreExt/factorizations.jl:254
[ Info: LBFGS: iter   46, time 3456.37 s: f = -2.109463584569, ‖∇f‖ = 3.6338e-03, α = 1.00e+00, m = 3, nfg = 1
[ Info: CTMRG init:	obj = +4.802470407763e+00	err = 1.0000e+00
[ Info: CTMRG conv 19:	obj = +4.802559285018e+00	err = 5.1554631592e-10	time = 24.81 sec
┌ Warning: `svd` cotangents sensitive to gauge choice: (|Δgauge| = 0.3833862464392974)
└ @ TensorKitChainRulesCoreExt ~/.julia/packages/TensorKit/esxcj/ext/TensorKitChainRulesCoreExt/factorizations.jl:254
┌ Warning: `svd` cotangents sensitive to gauge choice: (|Δgauge| = 2.894257518023758e-11)
└ @ TensorKitChainRulesCoreExt ~/.julia/packages/TensorKit/esxcj/ext/TensorKitChainRulesCoreExt/factorizations.jl:254
┌ Warning: `svd` cotangents sensitive to gauge choice: (|Δgauge| = 0.383386246379239)
└ @ TensorKitChainRulesCoreExt ~/.julia/packages/TensorKit/esxcj/ext/TensorKitChainRulesCoreExt/factorizations.jl:254
[ Info: LBFGS: iter   47, time 3491.19 s: f = -2.109496850357, ‖∇f‖ = 2.9645e-03, α = 1.00e+00, m = 3, nfg = 1
[ Info: CTMRG init:	obj = +4.778501276091e+00	err = 1.0000e+00
[ Info: CTMRG conv 24:	obj = +4.778839065562e+00	err = 4.1075989827e-10	time = 32.19 sec
┌ Warning: `svd` cotangents sensitive to gauge choice: (|Δgauge| = 0.38385572681439184)
└ @ TensorKitChainRulesCoreExt ~/.julia/packages/TensorKit/esxcj/ext/TensorKitChainRulesCoreExt/factorizations.jl:254
┌ Warning: `svd` cotangents sensitive to gauge choice: (|Δgauge| = 0.38385572680605784)
└ @ TensorKitChainRulesCoreExt ~/.julia/packages/TensorKit/esxcj/ext/TensorKitChainRulesCoreExt/factorizations.jl:254
[ Info: LBFGS: iter   48, time 3534.56 s: f = -2.109531546886, ‖∇f‖ = 4.2552e-03, α = 1.00e+00, m = 3, nfg = 1
[ Info: CTMRG init:	obj = +4.769080092780e+00	err = 1.0000e+00
[ Info: CTMRG conv 20:	obj = +4.769096545633e+00	err = 3.8131826215e-10	time = 27.44 sec
┌ Warning: `svd` cotangents sensitive to gauge choice: (|Δgauge| = 0.384780474081086)
└ @ TensorKitChainRulesCoreExt ~/.julia/packages/TensorKit/esxcj/ext/TensorKitChainRulesCoreExt/factorizations.jl:254
┌ Warning: `svd` cotangents sensitive to gauge choice: (|Δgauge| = 6.0359573427617925e-12)
└ @ TensorKitChainRulesCoreExt ~/.julia/packages/TensorKit/esxcj/ext/TensorKitChainRulesCoreExt/factorizations.jl:254
┌ Warning: `svd` cotangents sensitive to gauge choice: (|Δgauge| = 0.3847804740807018)
└ @ TensorKitChainRulesCoreExt ~/.julia/packages/TensorKit/esxcj/ext/TensorKitChainRulesCoreExt/factorizations.jl:254
[ Info: LBFGS: iter   49, time 3573.65 s: f = -2.109555738628, ‖∇f‖ = 2.8680e-03, α = 1.00e+00, m = 3, nfg = 1
[ Info: CTMRG init:	obj = +4.768265870774e+00	err = 1.0000e+00
[ Info: CTMRG conv 21:	obj = +4.768289948981e+00	err = 6.2677864005e-10	time = 28.05 sec
┌ Warning: `svd` cotangents sensitive to gauge choice: (|Δgauge| = 0.3849291057941236)
└ @ TensorKitChainRulesCoreExt ~/.julia/packages/TensorKit/esxcj/ext/TensorKitChainRulesCoreExt/factorizations.jl:254
┌ Warning: `svd` cotangents sensitive to gauge choice: (|Δgauge| = 2.673167911141122e-12)
└ @ TensorKitChainRulesCoreExt ~/.julia/packages/TensorKit/esxcj/ext/TensorKitChainRulesCoreExt/factorizations.jl:254
┌ Warning: `svd` cotangents sensitive to gauge choice: (|Δgauge| = 0.38492910582078477)
└ @ TensorKitChainRulesCoreExt ~/.julia/packages/TensorKit/esxcj/ext/TensorKitChainRulesCoreExt/factorizations.jl:254
[ Info: LBFGS: iter   50, time 3612.83 s: f = -2.109571033881, ‖∇f‖ = 2.1770e-03, α = 1.00e+00, m = 3, nfg = 1
[ Info: CTMRG init:	obj = +4.757718279989e+00	err = 1.0000e+00
[ Info: CTMRG conv 22:	obj = +4.757845473456e+00	err = 6.9463922315e-10	time = 29.82 sec
┌ Warning: `svd` cotangents sensitive to gauge choice: (|Δgauge| = 0.38182644042058633)
└ @ TensorKitChainRulesCoreExt ~/.julia/packages/TensorKit/esxcj/ext/TensorKitChainRulesCoreExt/factorizations.jl:254
┌ Warning: `svd` cotangents sensitive to gauge choice: (|Δgauge| = 0.3818264404123245)
└ @ TensorKitChainRulesCoreExt ~/.julia/packages/TensorKit/esxcj/ext/TensorKitChainRulesCoreExt/factorizations.jl:254
[ Info: CTMRG init:	obj = +4.763249928734e+00	err = 1.0000e+00
[ Info: CTMRG conv 21:	obj = +4.763278987415e+00	err = 6.0392601239e-10	time = 28.49 sec
┌ Warning: `svd` cotangents sensitive to gauge choice: (|Δgauge| = 0.3834531887968991)
└ @ TensorKitChainRulesCoreExt ~/.julia/packages/TensorKit/esxcj/ext/TensorKitChainRulesCoreExt/factorizations.jl:254
┌ Warning: `svd` cotangents sensitive to gauge choice: (|Δgauge| = 2.14279237871304e-12)
└ @ TensorKitChainRulesCoreExt ~/.julia/packages/TensorKit/esxcj/ext/TensorKitChainRulesCoreExt/factorizations.jl:254
┌ Warning: `svd` cotangents sensitive to gauge choice: (|Δgauge| = 0.38345318880948215)
└ @ TensorKitChainRulesCoreExt ~/.julia/packages/TensorKit/esxcj/ext/TensorKitChainRulesCoreExt/factorizations.jl:254
[ Info: LBFGS: iter   51, time 3695.92 s: f = -2.109582950454, ‖∇f‖ = 2.7360e-03, α = 4.81e-01, m = 3, nfg = 2
[ Info: CTMRG init:	obj = +4.760124711072e+00	err = 1.0000e+00
[ Info: CTMRG conv 21:	obj = +4.760142000233e+00	err = 5.1924144224e-10	time = 28.87 sec
┌ Warning: `svd` cotangents sensitive to gauge choice: (|Δgauge| = 0.3838052121892528)
└ @ TensorKitChainRulesCoreExt ~/.julia/packages/TensorKit/esxcj/ext/TensorKitChainRulesCoreExt/factorizations.jl:254
┌ Warning: `svd` cotangents sensitive to gauge choice: (|Δgauge| = 2.6596366976777784e-12)
└ @ TensorKitChainRulesCoreExt ~/.julia/packages/TensorKit/esxcj/ext/TensorKitChainRulesCoreExt/factorizations.jl:254
┌ Warning: `svd` cotangents sensitive to gauge choice: (|Δgauge| = 0.38380521217815067)
└ @ TensorKitChainRulesCoreExt ~/.julia/packages/TensorKit/esxcj/ext/TensorKitChainRulesCoreExt/factorizations.jl:254
[ Info: LBFGS: iter   52, time 3736.27 s: f = -2.109590705551, ‖∇f‖ = 1.0358e-03, α = 1.00e+00, m = 3, nfg = 1
[ Info: CTMRG init:	obj = +4.758601014207e+00	err = 1.0000e+00
[ Info: CTMRG conv 19:	obj = +4.758601567333e+00	err = 3.5253572384e-10	time = 27.23 sec
┌ Warning: `svd` cotangents sensitive to gauge choice: (|Δgauge| = 0.3837875297087827)
└ @ TensorKitChainRulesCoreExt ~/.julia/packages/TensorKit/esxcj/ext/TensorKitChainRulesCoreExt/factorizations.jl:254
┌ Warning: `svd` cotangents sensitive to gauge choice: (|Δgauge| = 1.79984976635014e-11)
└ @ TensorKitChainRulesCoreExt ~/.julia/packages/TensorKit/esxcj/ext/TensorKitChainRulesCoreExt/factorizations.jl:254
┌ Warning: `svd` cotangents sensitive to gauge choice: (|Δgauge| = 0.3837875297030702)
└ @ TensorKitChainRulesCoreExt ~/.julia/packages/TensorKit/esxcj/ext/TensorKitChainRulesCoreExt/factorizations.jl:254
[ Info: LBFGS: iter   53, time 3774.25 s: f = -2.109594481448, ‖∇f‖ = 1.0011e-03, α = 1.00e+00, m = 3, nfg = 1
[ Info: CTMRG init:	obj = +4.737789316843e+00	err = 1.0000e+00
[ Info: CTMRG conv 21:	obj = +4.737877749459e+00	err = 6.1746198378e-10	time = 29.93 sec
┌ Warning: `svd` cotangents sensitive to gauge choice: (|Δgauge| = 0.38344504735585627)
└ @ TensorKitChainRulesCoreExt ~/.julia/packages/TensorKit/esxcj/ext/TensorKitChainRulesCoreExt/factorizations.jl:254
┌ Warning: `svd` cotangents sensitive to gauge choice: (|Δgauge| = 5.3564698401147466e-12)
└ @ TensorKitChainRulesCoreExt ~/.julia/packages/TensorKit/esxcj/ext/TensorKitChainRulesCoreExt/factorizations.jl:254
┌ Warning: `svd` cotangents sensitive to gauge choice: (|Δgauge| = 0.3834450473682214)
└ @ TensorKitChainRulesCoreExt ~/.julia/packages/TensorKit/esxcj/ext/TensorKitChainRulesCoreExt/factorizations.jl:254
[ Info: LBFGS: iter   54, time 3814.81 s: f = -2.109617650830, ‖∇f‖ = 2.1710e-03, α = 1.00e+00, m = 3, nfg = 1
[ Info: CTMRG init:	obj = +4.726588439901e+00	err = 1.0000e+00
[ Info: CTMRG conv 18:	obj = +4.726646124240e+00	err = 8.6201191865e-10	time = 25.43 sec
┌ Warning: `svd` cotangents sensitive to gauge choice: (|Δgauge| = 0.38114132599898326)
└ @ TensorKitChainRulesCoreExt ~/.julia/packages/TensorKit/esxcj/ext/TensorKitChainRulesCoreExt/factorizations.jl:254
┌ Warning: `svd` cotangents sensitive to gauge choice: (|Δgauge| = 1.9585104591568462e-10)
└ @ TensorKitChainRulesCoreExt ~/.julia/packages/TensorKit/esxcj/ext/TensorKitChainRulesCoreExt/factorizations.jl:254
┌ Warning: `svd` cotangents sensitive to gauge choice: (|Δgauge| = 0.381141325836021)
└ @ TensorKitChainRulesCoreExt ~/.julia/packages/TensorKit/esxcj/ext/TensorKitChainRulesCoreExt/factorizations.jl:254
[ Info: CTMRG init:	obj = +4.734120009961e+00	err = 1.0000e+00
[ Info: CTMRG conv 16:	obj = +4.734126702758e+00	err = 5.9489716611e-10	time = 22.65 sec
┌ Warning: `svd` cotangents sensitive to gauge choice: (|Δgauge| = 0.3826632693115851)
└ @ TensorKitChainRulesCoreExt ~/.julia/packages/TensorKit/esxcj/ext/TensorKitChainRulesCoreExt/factorizations.jl:254
┌ Warning: `svd` cotangents sensitive to gauge choice: (|Δgauge| = 6.27823636288608e-10)
└ @ TensorKitChainRulesCoreExt ~/.julia/packages/TensorKit/esxcj/ext/TensorKitChainRulesCoreExt/factorizations.jl:254
┌ Warning: `svd` cotangents sensitive to gauge choice: (|Δgauge| = 0.3826632686975492)
└ @ TensorKitChainRulesCoreExt ~/.julia/packages/TensorKit/esxcj/ext/TensorKitChainRulesCoreExt/factorizations.jl:254
[ Info: LBFGS: iter   55, time 3884.14 s: f = -2.109622491715, ‖∇f‖ = 1.6055e-03, α = 3.41e-01, m = 3, nfg = 2
[ Info: CTMRG init:	obj = +4.732162453727e+00	err = 1.0000e+00
[ Info: CTMRG conv 15:	obj = +4.732163156566e+00	err = 8.3502179601e-10	time = 21.53 sec
┌ Warning: `svd` cotangents sensitive to gauge choice: (|Δgauge| = 0.3825050238084256)
└ @ TensorKitChainRulesCoreExt ~/.julia/packages/TensorKit/esxcj/ext/TensorKitChainRulesCoreExt/factorizations.jl:254
┌ Warning: `svd` cotangents sensitive to gauge choice: (|Δgauge| = 1.5654122768835366e-9)
└ @ TensorKitChainRulesCoreExt ~/.julia/packages/TensorKit/esxcj/ext/TensorKitChainRulesCoreExt/factorizations.jl:254
┌ Warning: `svd` cotangents sensitive to gauge choice: (|Δgauge| = 0.3825050222541042)
└ @ TensorKitChainRulesCoreExt ~/.julia/packages/TensorKit/esxcj/ext/TensorKitChainRulesCoreExt/factorizations.jl:254
[ Info: LBFGS: iter   56, time 3915.41 s: f = -2.109625893177, ‖∇f‖ = 1.2110e-03, α = 1.00e+00, m = 3, nfg = 1
[ Info: CTMRG init:	obj = +4.721745425757e+00	err = 1.0000e+00
[ Info: CTMRG conv 20:	obj = +4.721758933901e+00	err = 4.4887240327e-10	time = 29.33 sec
┌ Warning: `svd` cotangents sensitive to gauge choice: (|Δgauge| = 0.3822024688051916)
└ @ TensorKitChainRulesCoreExt ~/.julia/packages/TensorKit/esxcj/ext/TensorKitChainRulesCoreExt/factorizations.jl:254
┌ Warning: `svd` cotangents sensitive to gauge choice: (|Δgauge| = 3.161226034191321e-11)
└ @ TensorKitChainRulesCoreExt ~/.julia/packages/TensorKit/esxcj/ext/TensorKitChainRulesCoreExt/factorizations.jl:254
┌ Warning: `svd` cotangents sensitive to gauge choice: (|Δgauge| = 0.3822024687912627)
└ @ TensorKitChainRulesCoreExt ~/.julia/packages/TensorKit/esxcj/ext/TensorKitChainRulesCoreExt/factorizations.jl:254
[ Info: LBFGS: converged after 57 iterations and time 3955.40 s: f = -2.109634700130, ‖∇f‖ = 7.6376e-04
