  Installing known registries into `~/.julia`
       Added `General` registry to ~/.julia/registries
    Updating registry at `~/.julia/registries/General.toml`
   Installed GPUArraysCore ─────────────── v0.2.0
   Installed RealDot ───────────────────── v0.1.0
   Installed IrrationalConstants ───────── v0.2.4
   Installed TaskLocalValues ───────────── v0.1.2
   Installed IRTools ───────────────────── v0.4.14
   Installed JLD2 ──────────────────────── v0.5.12
   Installed BlockTensorKit ────────────── v0.1.6
   Installed OhMyThreads ───────────────── v0.7.0
   Installed PtrArrays ─────────────────── v1.3.0
   Installed DiffRules ─────────────────── v1.15.1
   Installed IntegerMathUtils ──────────── v0.1.2
   Installed LRUCache ──────────────────── v1.6.2
   Installed Adapt ─────────────────────── v4.3.0
   Installed TableTraits ───────────────── v1.0.1
   Installed Accessors ─────────────────── v0.1.42
   Installed Preferences ───────────────── v1.4.3
   Installed DiffResults ───────────────── v1.1.0
   Installed LoggingExtras ─────────────── v1.0.3
   Installed HashArrayMappedTries ──────── v0.2.0
   Installed WignerSymbols ─────────────── v2.0.0
   Installed Tables ────────────────────── v1.12.0
   Installed SpecialFunctions ──────────── v2.5.0
   Installed ChunkSplitters ────────────── v3.1.2
   Installed DataAPI ───────────────────── v1.16.0
   Installed OptimKit ──────────────────── v0.4.0
   Installed Primes ────────────────────── v0.5.7
   Installed RecipesBase ───────────────── v1.3.4
   Installed StaticArrays ──────────────── v1.9.13
   Installed Zygote ────────────────────── v0.7.6
   Installed TensorKit ─────────────────── v0.14.5
   Installed MPSKit ────────────────────── v0.12.6
   Installed BlockArrays ───────────────── v1.6.1
   Installed Richardson ────────────────── v1.4.2
   Installed JLLWrappers ───────────────── v1.7.0
   Installed AbstractFFTs ──────────────── v1.5.0
   Installed NaNMath ───────────────────── v1.1.3
   Installed StaticArraysCore ──────────── v1.4.3
   Installed IteratorInterfaceExtensions ─ v1.0.0
   Installed FiniteDifferences ─────────── v0.12.32
   Installed DataValueInterfaces ───────── v1.0.0
   Installed OrderedCollections ────────── v1.8.0
   Installed RationalRoots ─────────────── v0.2.1
   Installed ConstructionBase ──────────── v1.5.8
   Installed PrecompileTools ───────────── v1.2.1
   Installed StableTasks ───────────────── v0.1.7
   Installed TranscodingStreams ────────── v0.11.3
   Installed TensorKitSectors ──────────── v0.1.4
   Installed VectorInterface ───────────── v0.5.0
   Installed ScopedValues ──────────────── v1.3.0
   Installed InitialValues ─────────────── v0.3.1
   Installed StructArrays ──────────────── v0.7.1
   Installed ChainRulesCore ────────────── v1.25.1
   Installed FileIO ────────────────────── v1.17.0
   Installed MPSKitModels ──────────────── v0.4.0
   Installed ForwardDiff ───────────────── v1.0.1
   Installed LogExpFunctions ───────────── v0.3.29
   Installed Requires ──────────────────── v1.3.1
   Installed Statistics ────────────────── v1.11.1
   Installed FillArrays ────────────────── v1.13.0
   Installed CommonSubexpressions ──────── v0.3.1
   Installed ChainRules ────────────────── v1.72.3
   Installed StridedViews ──────────────── v0.4.1
   Installed ZygoteRules ───────────────── v0.2.7
   Installed BangBang ──────────────────── v0.4.4
   Installed Compat ────────────────────── v4.16.0
   Installed HalfIntegers ──────────────── v1.6.0
   Installed PackageExtensionCompat ────── v1.0.2
   Installed Strided ───────────────────── v2.3.0
   Installed MacroTools ────────────────── v0.5.15
   Installed CompositionsBase ──────────── v0.1.2
   Installed TensorKitManifolds ────────── v0.7.2
   Installed OpenSpecFun_jll ───────────── v0.5.6+0
   Installed SparseInverseSubset ───────── v0.1.2
   Installed DocStringExtensions ───────── v0.9.4
   Installed TupleTools ────────────────── v1.6.0
   Installed InverseFunctions ──────────── v0.1.17
   Installed KrylovKit ─────────────────── v0.9.5
   Installed TensorOperations ──────────── v5.2.0
   Installed PEPSKit ───────────────────── v0.5.0
   Installed ArrayLayouts ──────────────── v1.11.1
    Updating `/var/lib/condor/execute/dir_1129759/Project.toml`
  [d360d2e6] + ChainRulesCore v1.25.1
  [033835bb] + JLD2 v0.5.12
  [0b1a1467] + KrylovKit v0.9.5
  [bb1c41ca] + MPSKit v0.12.6
  [ca635005] + MPSKitModels v0.4.0
  [77e91f04] + OptimKit v0.4.0
  [52969e89] + PEPSKit v0.5.0
  [07d1fe3e] + TensorKit v0.14.5
  [409d34a3] + VectorInterface v0.5.0
  [e88e6eb3] + Zygote v0.7.6
  [37e2e46d] ~ LinearAlgebra ⇒ v1.11.0
    Updating `/var/lib/condor/execute/dir_1129759/Manifest.toml`
  [621f4979] + AbstractFFTs v1.5.0
  [7d9f7c33] + Accessors v0.1.42
  [79e6a3ab] + Adapt v4.3.0
  [4c555306] + ArrayLayouts v1.11.1
  [198e06fe] + BangBang v0.4.4
  [8e7c35d0] + BlockArrays v1.6.1
  [5f87ffc2] + BlockTensorKit v0.1.6
  [082447d4] + ChainRules v1.72.3
  [d360d2e6] + ChainRulesCore v1.25.1
  [ae650224] + ChunkSplitters v3.1.2
  [bbf7d656] + CommonSubexpressions v0.3.1
  [34da2185] + Compat v4.16.0
  [a33af91c] + CompositionsBase v0.1.2
  [187b0558] + ConstructionBase v1.5.8
  [9a962f9c] + DataAPI v1.16.0
  [e2d170a0] + DataValueInterfaces v1.0.0
  [163ba53b] + DiffResults v1.1.0
  [b552c78f] + DiffRules v1.15.1
  [ffbed154] + DocStringExtensions v0.9.4
  [5789e2e9] + FileIO v1.17.0
  [1a297f60] + FillArrays v1.13.0
  [26cc04aa] + FiniteDifferences v0.12.32
  [f6369f11] + ForwardDiff v1.0.1
  [46192b85] + GPUArraysCore v0.2.0
  [f0d1745a] + HalfIntegers v1.6.0
  [076d061b] + HashArrayMappedTries v0.2.0
  [7869d1d1] + IRTools v0.4.14
  [22cec73e] + InitialValues v0.3.1
  [18e54dd8] + IntegerMathUtils v0.1.2
  [3587e190] + InverseFunctions v0.1.17
  [92d709cd] + IrrationalConstants v0.2.4
  [82899510] + IteratorInterfaceExtensions v1.0.0
  [033835bb] + JLD2 v0.5.12
  [692b3bcd] + JLLWrappers v1.7.0
  [0b1a1467] + KrylovKit v0.9.5
  [8ac3fa9e] + LRUCache v1.6.2
  [2ab3a3ac] + LogExpFunctions v0.3.29
⌅ [e6f89c97] + LoggingExtras v1.0.3
  [bb1c41ca] + MPSKit v0.12.6
  [ca635005] + MPSKitModels v0.4.0
  [1914dd2f] + MacroTools v0.5.15
  [77ba4419] + NaNMath v1.1.3
⌅ [67456a42] + OhMyThreads v0.7.0
  [77e91f04] + OptimKit v0.4.0
  [bac558e1] + OrderedCollections v1.8.0
  [52969e89] + PEPSKit v0.5.0
  [65ce6f38] + PackageExtensionCompat v1.0.2
⌅ [aea7be01] + PrecompileTools v1.2.1
  [21216c6a] + Preferences v1.4.3
  [27ebfcd6] + Primes v0.5.7
  [43287f4e] + PtrArrays v1.3.0
  [308eb6b3] + RationalRoots v0.2.1
  [c1ae055f] + RealDot v0.1.0
  [3cdcf5f2] + RecipesBase v1.3.4
  [ae029012] + Requires v1.3.1
  [708f8203] + Richardson v1.4.2
  [7e506255] + ScopedValues v1.3.0
  [dc90abb0] + SparseInverseSubset v0.1.2
  [276daf66] + SpecialFunctions v2.5.0
  [91464d47] + StableTasks v0.1.7
  [90137ffa] + StaticArrays v1.9.13
  [1e83bf80] + StaticArraysCore v1.4.3
  [10745b16] + Statistics v1.11.1
  [5e0ebb24] + Strided v2.3.0
  [4db3bf67] + StridedViews v0.4.1
  [09ab397b] + StructArrays v0.7.1
  [3783bdb8] + TableTraits v1.0.1
  [bd369af6] + Tables v1.12.0
  [ed4db957] + TaskLocalValues v0.1.2
  [07d1fe3e] + TensorKit v0.14.5
  [11fa318c] + TensorKitManifolds v0.7.2
  [13a9c161] + TensorKitSectors v0.1.4
  [6aa20fa7] + TensorOperations v5.2.0
  [3bb67fe8] + TranscodingStreams v0.11.3
  [9d95972d] + TupleTools v1.6.0
  [409d34a3] + VectorInterface v0.5.0
  [9f57e263] + WignerSymbols v2.0.0
  [e88e6eb3] + Zygote v0.7.6
  [700de1a5] + ZygoteRules v0.2.7
  [efe28fd5] + OpenSpecFun_jll v0.5.6+0
  [0dad84c5] + ArgTools v1.1.2
  [56f22d72] + Artifacts v1.11.0
  [2a0f44e3] + Base64 v1.11.0
  [ade2ca70] + Dates v1.11.0
  [8ba89e20] + Distributed v1.11.0
  [f43a241f] + Downloads v1.6.0
  [7b1f6079] + FileWatching v1.11.0
  [b77e0a4c] + InteractiveUtils v1.11.0
  [b27032c2] + LibCURL v0.6.4
  [76f85450] + LibGit2 v1.11.0
  [8f399da3] + Libdl v1.11.0
  [37e2e46d] + LinearAlgebra v1.11.0
  [56ddb016] + Logging v1.11.0
  [d6f4376e] + Markdown v1.11.0
  [a63ad114] + Mmap v1.11.0
  [ca575930] + NetworkOptions v1.2.0
  [44cfe95a] + Pkg v1.11.0
  [de0858da] + Printf v1.11.0
  [9a3f8284] + Random v1.11.0
  [ea8e919c] + SHA v0.7.0
  [9e88b42a] + Serialization v1.11.0
  [6462fe0b] + Sockets v1.11.0
  [2f01184e] + SparseArrays v1.11.0
  [4607b0f0] + SuiteSparse
  [fa267f1f] + TOML v1.0.3
  [a4e569a6] + Tar v1.10.0
  [cf7118a7] + UUIDs v1.11.0
  [4ec0a83e] + Unicode v1.11.0
  [e66e0078] + CompilerSupportLibraries_jll v1.1.1+0
  [deac9b47] + LibCURL_jll v8.6.0+0
  [e37daf67] + LibGit2_jll v1.7.2+0
  [29816b5a] + LibSSH2_jll v1.11.0+1
  [c8ffd9c3] + MbedTLS_jll v2.28.6+0
  [14a3606d] + MozillaCACerts_jll v2023.12.12
  [4536629a] + OpenBLAS_jll v0.3.27+1
  [05823500] + OpenLibm_jll v0.8.1+2
  [bea87d4a] + SuiteSparse_jll v7.7.0+0
  [83775a58] + Zlib_jll v1.2.13+1
  [8e850b90] + libblastrampoline_jll v5.11.0+0
  [8e850ede] + nghttp2_jll v1.59.0+0
  [3f19e933] + p7zip_jll v17.4.0+2
        Info Packages marked with ⌅ have new versions available but compatibility constraints restrict them from upgrading. To see why use `status --outdated -m`
Precompiling project...
    685.2 ms  ✓ TaskLocalValues
    628.8 ms  ✓ DataValueInterfaces
    678.9 ms  ✓ IntegerMathUtils
    696.2 ms  ✓ RealDot
    861.6 ms  ✓ Richardson
    842.4 ms  ✓ InverseFunctions
    942.3 ms  ✓ HalfIntegers
    955.9 ms  ✓ StableTasks
   1035.7 ms  ✓ OrderedCollections
   1033.2 ms  ✓ Statistics
   1158.2 ms  ✓ LRUCache
   1253.9 ms  ✓ VectorInterface
   1266.4 ms  ✓ DocStringExtensions
    706.3 ms  ✓ DataAPI
    725.4 ms  ✓ PackageExtensionCompat
    613.3 ms  ✓ CompositionsBase
    877.5 ms  ✓ IteratorInterfaceExtensions
   1549.2 ms  ✓ AbstractFFTs
   1046.2 ms  ✓ ConstructionBase
    918.6 ms  ✓ PtrArrays
    704.3 ms  ✓ RationalRoots
    836.8 ms  ✓ TupleTools
   1185.5 ms  ✓ StaticArraysCore
    914.2 ms  ✓ HashArrayMappedTries
    912.1 ms  ✓ NaNMath
   1408.5 ms  ✓ ChunkSplitters
   2377.6 ms  ✓ FillArrays
   1149.8 ms  ✓ TranscodingStreams
   1017.4 ms  ✓ LoggingExtras
   1131.2 ms  ✓ Requires
   2735.2 ms  ✓ IrrationalConstants
   1855.8 ms  ✓ InitialValues
   1393.2 ms  ✓ SuiteSparse
   1317.0 ms  ✓ Compat
   1348.8 ms  ✓ Preferences
    887.9 ms  ✓ StridedViews
   1224.9 ms  ✓ Primes
    851.4 ms  ✓ CompositionsBase → CompositionsBaseInverseFunctionsExt
    760.3 ms  ✓ TableTraits
   1336.6 ms  ✓ InverseFunctions → InverseFunctionsDatesExt
   1069.9 ms  ✓ DiffResults
    790.5 ms  ✓ LRUCache → SerializationExt
   1204.3 ms  ✓ Statistics → SparseArraysExt
   1010.1 ms  ✓ ConstructionBase → ConstructionBaseLinearAlgebraExt
    801.7 ms  ✓ ScopedValues
    935.3 ms  ✓ FillArrays → FillArraysStatisticsExt
    788.5 ms  ✓ StridedViews → StridedViewsPtrArraysExt
    903.0 ms  ✓ PrecompileTools
    985.3 ms  ✓ JLLWrappers
   1040.6 ms  ✓ Strided
    869.9 ms  ✓ Compat → CompatLinearAlgebraExt
    928.5 ms  ✓ SparseInverseSubset
   1463.1 ms  ✓ FillArrays → FillArraysSparseArraysExt
   1087.9 ms  ✓ LogExpFunctions
   1239.5 ms  ✓ Adapt
    976.3 ms  ✓ OpenSpecFun_jll
    794.5 ms  ✓ LogExpFunctions → LogExpFunctionsInverseFunctionsExt
    839.5 ms  ✓ Adapt → AdaptSparseArraysExt
   1747.8 ms  ✓ Tables
   3058.0 ms  ✓ KrylovKit
   1124.9 ms  ✓ GPUArraysCore
   4937.9 ms  ✓ MacroTools
    715.4 ms  ✓ CommonSubexpressions
   2133.6 ms  ✓ ChainRulesCore
   1207.1 ms  ✓ StructArrays
   2772.7 ms  ✓ OptimKit
   3106.3 ms  ✓ RecipesBase
   1126.2 ms  ✓ ChainRulesCore → ChainRulesCoreSparseArraysExt
   1136.9 ms  ✓ StructArrays → StructArraysAdaptExt
   1291.9 ms  ✓ KrylovKit → KrylovKitChainRulesCoreExt
   1345.7 ms  ✓ AbstractFFTs → AbstractFFTsChainRulesCoreExt
   1469.6 ms  ✓ StructArrays → StructArraysSparseArraysExt
   1334.8 ms  ✓ StructArrays → StructArraysLinearAlgebraExt
   2151.0 ms  ✓ ZygoteRules
   5307.3 ms  ✓ WignerSymbols
   2843.0 ms  ✓ LogExpFunctions → LogExpFunctionsChainRulesCoreExt
   3676.7 ms  ✓ IRTools
   4877.9 ms  ✓ Accessors
   7487.7 ms  ✓ FileIO
   5714.6 ms  ✓ SpecialFunctions
    831.1 ms  ✓ Accessors → StructArraysExt
    871.9 ms  ✓ Accessors → LinearAlgebraExt
    981.9 ms  ✓ DiffRules
   1310.6 ms  ✓ BangBang
    793.8 ms  ✓ BangBang → BangBangStructArraysExt
    824.1 ms  ✓ BangBang → BangBangTablesExt
    853.6 ms  ✓ BangBang → BangBangChainRulesCoreExt
   2858.7 ms  ✓ SpecialFunctions → SpecialFunctionsChainRulesCoreExt
   1749.7 ms  ✓ OhMyThreads
  12164.1 ms  ✓ StaticArrays
    913.6 ms  ✓ StaticArrays → StaticArraysStatisticsExt
    944.6 ms  ✓ Adapt → AdaptStaticArraysExt
   1001.9 ms  ✓ StaticArrays → StaticArraysChainRulesCoreExt
   1025.6 ms  ✓ ConstructionBase → ConstructionBaseStaticArraysExt
   1033.8 ms  ✓ Accessors → StaticArraysExt
   1092.5 ms  ✓ StructArrays → StructArraysStaticArraysExt
   1156.7 ms  ✓ BangBang → BangBangStaticArraysExt
   6480.5 ms  ✓ ForwardDiff
   9917.5 ms  ✓ ChainRules
   1718.0 ms  ✓ FiniteDifferences
   1134.9 ms  ✓ ForwardDiff → ForwardDiffStaticArraysExt
  19074.9 ms  ✓ ArrayLayouts
    984.5 ms  ✓ ArrayLayouts → ArrayLayoutsSparseArraysExt
   2323.9 ms  ✓ BlockArrays
    960.9 ms  ✓ BlockArrays → BlockArraysAdaptExt
  43127.7 ms  ✓ JLD2
  45016.6 ms  ✓ Zygote
 186807.7 ms  ✓ TensorOperations
   1674.5 ms  ✓ TensorOperations → TensorOperationsChainRulesCoreExt
   8630.9 ms  ✓ TensorKitSectors
   9622.8 ms  ✓ TensorKit
   2320.0 ms  ✓ TensorKitManifolds
   2397.4 ms  ✓ TensorKit → TensorKitFiniteDifferencesExt
   2603.5 ms  ✓ TensorKit → TensorKitChainRulesCoreExt
   3340.4 ms  ✓ BlockTensorKit
  18841.3 ms  ✓ MPSKit
  16713.8 ms  ✓ MPSKitModels
  19764.3 ms  ✓ PEPSKit
  118 dependencies successfully precompiled in 268 seconds. 31 already precompiled.
[ Info: CTMRG init:	obj = +8.897235330507e-01 +3.160642097349e-01im	err = 1.0000e+00
[ Info: CTMRG conv 44:	obj = +3.746265288484e+00	err = 6.3039081355e-10	time = 25.42 min
[ Info: CTMRG init:	obj = +3.746265288484e+00	err = 1.0000e+00
[ Info: CTMRG conv 4:	obj = +3.746265288484e+00	err = 6.1214739129e-12	time = 4.48 min
┌ Warning: `svd` cotangents sensitive to gauge choice: (|Δgauge| = 0.36154083082849253)
└ @ TensorKitChainRulesCoreExt ~/.julia/packages/TensorKit/esxcj/ext/TensorKitChainRulesCoreExt/factorizations.jl:254
┌ Warning: `svd` cotangents sensitive to gauge choice: (|Δgauge| = 0.002365777530119356)
└ @ TensorKitChainRulesCoreExt ~/.julia/packages/TensorKit/esxcj/ext/TensorKitChainRulesCoreExt/factorizations.jl:254
┌ Warning: `svd` cotangents sensitive to gauge choice: (|Δgauge| = 0.3591750532982793)
└ @ TensorKitChainRulesCoreExt ~/.julia/packages/TensorKit/esxcj/ext/TensorKitChainRulesCoreExt/factorizations.jl:254
[ Info: LBFGS: initializing with f = -0.493180248782, ‖∇f‖ = 2.8806e-01
[ Info: CTMRG init:	obj = +3.769346451161e+00	err = 1.0000e+00
[ Info: CTMRG conv 15:	obj = +3.769423340122e+00	err = 9.2283845320e-10	time = 8.78 min
┌ Warning: `svd` cotangents sensitive to gauge choice: (|Δgauge| = 0.3571358104165337)
└ @ TensorKitChainRulesCoreExt ~/.julia/packages/TensorKit/esxcj/ext/TensorKitChainRulesCoreExt/factorizations.jl:254
┌ Warning: `svd` cotangents sensitive to gauge choice: (|Δgauge| = 4.697981392414905e-9)
└ @ TensorKitChainRulesCoreExt ~/.julia/packages/TensorKit/esxcj/ext/TensorKitChainRulesCoreExt/factorizations.jl:254
┌ Warning: `svd` cotangents sensitive to gauge choice: (|Δgauge| = 0.35713580571868436)
└ @ TensorKitChainRulesCoreExt ~/.julia/packages/TensorKit/esxcj/ext/TensorKitChainRulesCoreExt/factorizations.jl:254
[ Info: CTMRG init:	obj = +3.862561403566e+00	err = 1.0000e+00
[ Info: CTMRG conv 16:	obj = +3.864393367100e+00	err = 5.7147568162e-10	time = 9.27 min
┌ Warning: `svd` cotangents sensitive to gauge choice: (|Δgauge| = 0.33865783054113446)
└ @ TensorKitChainRulesCoreExt ~/.julia/packages/TensorKit/esxcj/ext/TensorKitChainRulesCoreExt/factorizations.jl:254
┌ Warning: `svd` cotangents sensitive to gauge choice: (|Δgauge| = 4.439504601479638e-10)
└ @ TensorKitChainRulesCoreExt ~/.julia/packages/TensorKit/esxcj/ext/TensorKitChainRulesCoreExt/factorizations.jl:254
┌ Warning: `svd` cotangents sensitive to gauge choice: (|Δgauge| = 0.33865783009715034)
└ @ TensorKitChainRulesCoreExt ~/.julia/packages/TensorKit/esxcj/ext/TensorKitChainRulesCoreExt/factorizations.jl:254
[ Info: CTMRG init:	obj = +4.349501007127e+00	err = 1.0000e+00
[ Info: CTMRG conv 14:	obj = +4.386238468843e+00	err = 9.2133440781e-10	time = 8.19 min
┌ Warning: `svd` cotangents sensitive to gauge choice: (|Δgauge| = 0.24427790809265923)
└ @ TensorKitChainRulesCoreExt ~/.julia/packages/TensorKit/esxcj/ext/TensorKitChainRulesCoreExt/factorizations.jl:254
┌ Warning: `svd` cotangents sensitive to gauge choice: (|Δgauge| = 1.2565859769364804e-10)
└ @ TensorKitChainRulesCoreExt ~/.julia/packages/TensorKit/esxcj/ext/TensorKitChainRulesCoreExt/factorizations.jl:254
┌ Warning: `svd` cotangents sensitive to gauge choice: (|Δgauge| = 0.24427790806285174)
└ @ TensorKitChainRulesCoreExt ~/.julia/packages/TensorKit/esxcj/ext/TensorKitChainRulesCoreExt/factorizations.jl:254
[ Info: CTMRG init:	obj = +4.272909248537e+00	err = 1.0000e+00
[ Info: CTMRG conv 15:	obj = +4.302124347926e+00	err = 2.7501907700e-10	time = 12.98 sec
┌ Warning: `svd` cotangents sensitive to gauge choice: (|Δgauge| = 0.25788572266181453)
└ @ TensorKitChainRulesCoreExt ~/.julia/packages/TensorKit/esxcj/ext/TensorKitChainRulesCoreExt/factorizations.jl:254
┌ Warning: `svd` cotangents sensitive to gauge choice: (|Δgauge| = 2.544478245151589e-11)
└ @ TensorKitChainRulesCoreExt ~/.julia/packages/TensorKit/esxcj/ext/TensorKitChainRulesCoreExt/factorizations.jl:254
┌ Warning: `svd` cotangents sensitive to gauge choice: (|Δgauge| = 0.2578857226458474)
└ @ TensorKitChainRulesCoreExt ~/.julia/packages/TensorKit/esxcj/ext/TensorKitChainRulesCoreExt/factorizations.jl:254
[ Info: LBFGS: iter    1, time 3708.11 s: f = -0.517265054652, ‖∇f‖ = 7.5044e-02, α = 2.19e+01, m = 0, nfg = 4
[ Info: CTMRG init:	obj = +4.283164758731e+00	err = 1.0000e+00
[ Info: CTMRG conv 13:	obj = +4.283407745670e+00	err = 5.8581763867e-10	time = 7.57 min
┌ Warning: `svd` cotangents sensitive to gauge choice: (|Δgauge| = 0.2659498973522175)
└ @ TensorKitChainRulesCoreExt ~/.julia/packages/TensorKit/esxcj/ext/TensorKitChainRulesCoreExt/factorizations.jl:254
┌ Warning: `svd` cotangents sensitive to gauge choice: (|Δgauge| = 3.36639294848818e-10)
└ @ TensorKitChainRulesCoreExt ~/.julia/packages/TensorKit/esxcj/ext/TensorKitChainRulesCoreExt/factorizations.jl:254
┌ Warning: `svd` cotangents sensitive to gauge choice: (|Δgauge| = 0.2659498970217314)
└ @ TensorKitChainRulesCoreExt ~/.julia/packages/TensorKit/esxcj/ext/TensorKitChainRulesCoreExt/factorizations.jl:254
[ Info: CTMRG init:	obj = +4.203755020731e+00	err = 1.0000e+00
[ Info: CTMRG conv 14:	obj = +4.210294128571e+00	err = 9.9616422734e-10	time = 8.28 min
┌ Warning: `svd` cotangents sensitive to gauge choice: (|Δgauge| = 0.2985833090438831)
└ @ TensorKitChainRulesCoreExt ~/.julia/packages/TensorKit/esxcj/ext/TensorKitChainRulesCoreExt/factorizations.jl:254
┌ Warning: `svd` cotangents sensitive to gauge choice: (|Δgauge| = 1.2196747115917919e-10)
└ @ TensorKitChainRulesCoreExt ~/.julia/packages/TensorKit/esxcj/ext/TensorKitChainRulesCoreExt/factorizations.jl:254
┌ Warning: `svd` cotangents sensitive to gauge choice: (|Δgauge| = 0.29858330893944873)
└ @ TensorKitChainRulesCoreExt ~/.julia/packages/TensorKit/esxcj/ext/TensorKitChainRulesCoreExt/factorizations.jl:254
[ Info: CTMRG init:	obj = +3.731519835997e+00	err = 1.0000e+00
[ Info: CTMRG conv 18:	obj = +3.980698906022e+00	err = 9.2966067860e-10	time = 10.62 min
┌ Warning: `svd` cotangents sensitive to gauge choice: (|Δgauge| = 0.3891031056249481)
└ @ TensorKitChainRulesCoreExt ~/.julia/packages/TensorKit/esxcj/ext/TensorKitChainRulesCoreExt/factorizations.jl:254
┌ Warning: `svd` cotangents sensitive to gauge choice: (|Δgauge| = 1.3689559737690492e-10)
└ @ TensorKitChainRulesCoreExt ~/.julia/packages/TensorKit/esxcj/ext/TensorKitChainRulesCoreExt/factorizations.jl:254
┌ Warning: `svd` cotangents sensitive to gauge choice: (|Δgauge| = 0.38910310558511574)
└ @ TensorKitChainRulesCoreExt ~/.julia/packages/TensorKit/esxcj/ext/TensorKitChainRulesCoreExt/factorizations.jl:254
[ Info: CTMRG init:	obj = +3.739051193242e+00	err = 1.0000e+00
[ Info: CTMRG conv 18:	obj = +3.981156738346e+00	err = 9.0184826351e-10	time = 10.57 min
┌ Warning: `svd` cotangents sensitive to gauge choice: (|Δgauge| = 0.3898864776950898)
└ @ TensorKitChainRulesCoreExt ~/.julia/packages/TensorKit/esxcj/ext/TensorKitChainRulesCoreExt/factorizations.jl:254
┌ Warning: `svd` cotangents sensitive to gauge choice: (|Δgauge| = 1.3256017219815453e-10)
└ @ TensorKitChainRulesCoreExt ~/.julia/packages/TensorKit/esxcj/ext/TensorKitChainRulesCoreExt/factorizations.jl:254
┌ Warning: `svd` cotangents sensitive to gauge choice: (|Δgauge| = 0.38988647765640716)
└ @ TensorKitChainRulesCoreExt ~/.julia/packages/TensorKit/esxcj/ext/TensorKitChainRulesCoreExt/factorizations.jl:254
[ Info: LBFGS: iter    2, time 6388.46 s: f = -0.577711661465, ‖∇f‖ = 4.4565e-01, α = 2.47e+01, m = 1, nfg = 4
[ Info: CTMRG init:	obj = +4.285757277710e+00	err = 1.0000e+00
[ Info: CTMRG conv 19:	obj = +4.926601302703e+00	err = 9.4052435473e-10	time = 3.71 min
┌ Warning: `svd` cotangents sensitive to gauge choice: (|Δgauge| = 0.11664759181554037)
└ @ TensorKitChainRulesCoreExt ~/.julia/packages/TensorKit/esxcj/ext/TensorKitChainRulesCoreExt/factorizations.jl:254
┌ Warning: `svd` cotangents sensitive to gauge choice: (|Δgauge| = 3.187584317240346e-11)
└ @ TensorKitChainRulesCoreExt ~/.julia/packages/TensorKit/esxcj/ext/TensorKitChainRulesCoreExt/factorizations.jl:254
┌ Warning: `svd` cotangents sensitive to gauge choice: (|Δgauge| = 0.11664759182591194)
└ @ TensorKitChainRulesCoreExt ~/.julia/packages/TensorKit/esxcj/ext/TensorKitChainRulesCoreExt/factorizations.jl:254
[ Info: CTMRG init:	obj = +2.584382563444e+00	err = 1.0000e+00
┌ Warning: CTMRG cancel 100:	obj = +6.815804813889e+00	err = 1.8496025777e-04	time = 0.89 hr
└ @ PEPSKit ~/.julia/packages/PEPSKit/P7ER3/src/algorithms/ctmrg/ctmrg.jl:129
┌ Warning: `svd` cotangents sensitive to gauge choice: (|Δgauge| = 0.1318008854969181)
└ @ TensorKitChainRulesCoreExt ~/.julia/packages/TensorKit/esxcj/ext/TensorKitChainRulesCoreExt/factorizations.jl:254
┌ Warning: `svd` cotangents sensitive to gauge choice: (|Δgauge| = 0.014264431576419403)
└ @ TensorKitChainRulesCoreExt ~/.julia/packages/TensorKit/esxcj/ext/TensorKitChainRulesCoreExt/factorizations.jl:254
┌ Warning: `svd` cotangents sensitive to gauge choice: (|Δgauge| = 0.1327850774773713)
└ @ TensorKitChainRulesCoreExt ~/.julia/packages/TensorKit/esxcj/ext/TensorKitChainRulesCoreExt/factorizations.jl:254
[ Info: CTMRG init:	obj = +4.134654565744e+00	err = 1.0000e+00
[ Info: CTMRG conv 28:	obj = +6.398114180462e+00	err = 6.5323083308e-10	time = 15.98 min
┌ Warning: `svd` cotangents sensitive to gauge choice: (|Δgauge| = 0.2092389216298161)
└ @ TensorKitChainRulesCoreExt ~/.julia/packages/TensorKit/esxcj/ext/TensorKitChainRulesCoreExt/factorizations.jl:254
┌ Warning: `svd` cotangents sensitive to gauge choice: (|Δgauge| = 1.4187270009767209e-11)
└ @ TensorKitChainRulesCoreExt ~/.julia/packages/TensorKit/esxcj/ext/TensorKitChainRulesCoreExt/factorizations.jl:254
┌ Warning: `svd` cotangents sensitive to gauge choice: (|Δgauge| = 0.2092389216219937)
└ @ TensorKitChainRulesCoreExt ~/.julia/packages/TensorKit/esxcj/ext/TensorKitChainRulesCoreExt/factorizations.jl:254
[ Info: CTMRG init:	obj = +2.612350611664e+00	err = 1.0000e+00
┌ Warning: CTMRG cancel 100:	obj = +6.967089324473e+00	err = 2.3030164211e-04	time = 36.66 min
└ @ PEPSKit ~/.julia/packages/PEPSKit/P7ER3/src/algorithms/ctmrg/ctmrg.jl:129
┌ Warning: `svd` cotangents sensitive to gauge choice: (|Δgauge| = 0.13519435952528963)
└ @ TensorKitChainRulesCoreExt ~/.julia/packages/TensorKit/esxcj/ext/TensorKitChainRulesCoreExt/factorizations.jl:254
┌ Warning: `svd` cotangents sensitive to gauge choice: (|Δgauge| = 0.005277323071225951)
└ @ TensorKitChainRulesCoreExt ~/.julia/packages/TensorKit/esxcj/ext/TensorKitChainRulesCoreExt/factorizations.jl:254
┌ Warning: `svd` cotangents sensitive to gauge choice: (|Δgauge| = 0.13552509221334771)
└ @ TensorKitChainRulesCoreExt ~/.julia/packages/TensorKit/esxcj/ext/TensorKitChainRulesCoreExt/factorizations.jl:254
[ Info: LBFGS: iter    3, time 14235.89 s: f = -1.191199159038, ‖∇f‖ = 1.4232e+00, α = 4.94e+00, m = 2, nfg = 4
[ Info: CTMRG init:	obj = +1.222516638183e+00	err = 1.0000e+00
[ Info: CTMRG conv 38:	obj = +5.364631829986e+00	err = 4.4256774381e-10	time = 21.91 min
┌ Warning: `svd` cotangents sensitive to gauge choice: (|Δgauge| = 0.10325294026163073)
└ @ TensorKitChainRulesCoreExt ~/.julia/packages/TensorKit/esxcj/ext/TensorKitChainRulesCoreExt/factorizations.jl:254
┌ Warning: `svd` cotangents sensitive to gauge choice: (|Δgauge| = 3.8402911986391495e-11)
└ @ TensorKitChainRulesCoreExt ~/.julia/packages/TensorKit/esxcj/ext/TensorKitChainRulesCoreExt/factorizations.jl:254
┌ Warning: `svd` cotangents sensitive to gauge choice: (|Δgauge| = 0.10325294026173451)
└ @ TensorKitChainRulesCoreExt ~/.julia/packages/TensorKit/esxcj/ext/TensorKitChainRulesCoreExt/factorizations.jl:254
[ Info: CTMRG init:	obj = +2.661047645527e+00	err = 1.0000e+00
[ Info: CTMRG conv 45:	obj = +6.478359294957e+00	err = 6.0909150151e-10	time = 8.32 min
┌ Warning: `svd` cotangents sensitive to gauge choice: (|Δgauge| = 0.18826000755371686)
└ @ TensorKitChainRulesCoreExt ~/.julia/packages/TensorKit/esxcj/ext/TensorKitChainRulesCoreExt/factorizations.jl:254
┌ Warning: `svd` cotangents sensitive to gauge choice: (|Δgauge| = 6.501212021940056e-11)
└ @ TensorKitChainRulesCoreExt ~/.julia/packages/TensorKit/esxcj/ext/TensorKitChainRulesCoreExt/factorizations.jl:254
┌ Warning: `svd` cotangents sensitive to gauge choice: (|Δgauge| = 0.18826000748691019)
└ @ TensorKitChainRulesCoreExt ~/.julia/packages/TensorKit/esxcj/ext/TensorKitChainRulesCoreExt/factorizations.jl:254
[ Info: CTMRG init:	obj = +6.811228961879e+00	err = 1.0000e+00
[ Info: CTMRG conv 90:	obj = +7.191281182298e+00	err = 7.5362538760e-10	time = 39.26 min
┌ Warning: `svd` cotangents sensitive to gauge choice: (|Δgauge| = 0.31683031089421)
└ @ TensorKitChainRulesCoreExt ~/.julia/packages/TensorKit/esxcj/ext/TensorKitChainRulesCoreExt/factorizations.jl:254
┌ Warning: `svd` cotangents sensitive to gauge choice: (|Δgauge| = 4.807743142526482e-10)
└ @ TensorKitChainRulesCoreExt ~/.julia/packages/TensorKit/esxcj/ext/TensorKitChainRulesCoreExt/factorizations.jl:254
┌ Warning: `svd` cotangents sensitive to gauge choice: (|Δgauge| = 0.3168303104156238)
└ @ TensorKitChainRulesCoreExt ~/.julia/packages/TensorKit/esxcj/ext/TensorKitChainRulesCoreExt/factorizations.jl:254
[ Info: LBFGS: iter    4, time 19461.32 s: f = -1.352334046258, ‖∇f‖ = 2.7388e-01, α = 8.71e-02, m = 3, nfg = 3
[ Info: CTMRG init:	obj = +7.249016639869e+00	err = 1.0000e+00
[ Info: CTMRG conv 49:	obj = +7.253211543624e+00	err = 8.2585830457e-10	time = 28.59 min
┌ Warning: `svd` cotangents sensitive to gauge choice: (|Δgauge| = 0.30940899884875994)
└ @ TensorKitChainRulesCoreExt ~/.julia/packages/TensorKit/esxcj/ext/TensorKitChainRulesCoreExt/factorizations.jl:254
┌ Warning: `svd` cotangents sensitive to gauge choice: (|Δgauge| = 1.2580306109893423e-7)
└ @ TensorKitChainRulesCoreExt ~/.julia/packages/TensorKit/esxcj/ext/TensorKitChainRulesCoreExt/factorizations.jl:254
┌ Warning: `svd` cotangents sensitive to gauge choice: (|Δgauge| = 0.30940887309141984)
└ @ TensorKitChainRulesCoreExt ~/.julia/packages/TensorKit/esxcj/ext/TensorKitChainRulesCoreExt/factorizations.jl:254
[ Info: CTMRG init:	obj = +7.248975286320e+00	err = 1.0000e+00
[ Info: CTMRG conv 32:	obj = +7.365338130600e+00	err = 6.5117555905e-10	time = 6.53 min
┌ Warning: `svd` cotangents sensitive to gauge choice: (|Δgauge| = 0.30478685871815236)
└ @ TensorKitChainRulesCoreExt ~/.julia/packages/TensorKit/esxcj/ext/TensorKitChainRulesCoreExt/factorizations.jl:254
┌ Warning: `svd` cotangents sensitive to gauge choice: (|Δgauge| = 1.4952261127765213e-9)
└ @ TensorKitChainRulesCoreExt ~/.julia/packages/TensorKit/esxcj/ext/TensorKitChainRulesCoreExt/factorizations.jl:254
┌ Warning: `svd` cotangents sensitive to gauge choice: (|Δgauge| = 0.3047868583485299)
└ @ TensorKitChainRulesCoreExt ~/.julia/packages/TensorKit/esxcj/ext/TensorKitChainRulesCoreExt/factorizations.jl:254
[ Info: CTMRG init:	obj = +3.390005483581e+00	err = 1.0000e+00
[ Info: CTMRG conv 18:	obj = +9.047222969973e+00	err = 1.6634261037e-10	time = 10.59 min
┌ Warning: `svd` cotangents sensitive to gauge choice: (|Δgauge| = 0.05540093014159522)
└ @ TensorKitChainRulesCoreExt ~/.julia/packages/TensorKit/esxcj/ext/TensorKitChainRulesCoreExt/factorizations.jl:254
┌ Warning: `svd` cotangents sensitive to gauge choice: (|Δgauge| = 0.05540093015333615)
└ @ TensorKitChainRulesCoreExt ~/.julia/packages/TensorKit/esxcj/ext/TensorKitChainRulesCoreExt/factorizations.jl:254
[ Info: CTMRG init:	obj = +6.429646346186e+00	err = 1.0000e+00
[ Info: CTMRG conv 19:	obj = +7.248851466597e+00	err = 5.1435357399e-10	time = 11.26 min
┌ Warning: `svd` cotangents sensitive to gauge choice: (|Δgauge| = 0.21258828568821872)
└ @ TensorKitChainRulesCoreExt ~/.julia/packages/TensorKit/esxcj/ext/TensorKitChainRulesCoreExt/factorizations.jl:254
┌ Warning: `svd` cotangents sensitive to gauge choice: (|Δgauge| = 5.912512301192842e-12)
└ @ TensorKitChainRulesCoreExt ~/.julia/packages/TensorKit/esxcj/ext/TensorKitChainRulesCoreExt/factorizations.jl:254
┌ Warning: `svd` cotangents sensitive to gauge choice: (|Δgauge| = 0.2125882856946041)
└ @ TensorKitChainRulesCoreExt ~/.julia/packages/TensorKit/esxcj/ext/TensorKitChainRulesCoreExt/factorizations.jl:254
[ Info: LBFGS: iter    5, time 23636.59 s: f = -1.605786832424, ‖∇f‖ = 3.9840e-01, α = 1.19e+01, m = 3, nfg = 4
[ Info: CTMRG init:	obj = +7.212834460453e+00	err = 1.0000e+00
[ Info: CTMRG conv 24:	obj = +7.455523362946e+00	err = 8.0855110380e-10	time = 14.37 min
┌ Warning: `svd` cotangents sensitive to gauge choice: (|Δgauge| = 0.3517828420668528)
└ @ TensorKitChainRulesCoreExt ~/.julia/packages/TensorKit/esxcj/ext/TensorKitChainRulesCoreExt/factorizations.jl:254
┌ Warning: `svd` cotangents sensitive to gauge choice: (|Δgauge| = 0.3517828420839264)
└ @ TensorKitChainRulesCoreExt ~/.julia/packages/TensorKit/esxcj/ext/TensorKitChainRulesCoreExt/factorizations.jl:254
[ Info: CTMRG init:	obj = +7.299136457943e+00	err = 1.0000e+00
[ Info: CTMRG conv 15:	obj = +7.324238501694e+00	err = 6.5627682055e-10	time = 7.12 min
┌ Warning: `svd` cotangents sensitive to gauge choice: (|Δgauge| = 0.23178584572190702)
└ @ TensorKitChainRulesCoreExt ~/.julia/packages/TensorKit/esxcj/ext/TensorKitChainRulesCoreExt/factorizations.jl:254
┌ Warning: `svd` cotangents sensitive to gauge choice: (|Δgauge| = 4.913598258658987e-11)
└ @ TensorKitChainRulesCoreExt ~/.julia/packages/TensorKit/esxcj/ext/TensorKitChainRulesCoreExt/factorizations.jl:254
┌ Warning: `svd` cotangents sensitive to gauge choice: (|Δgauge| = 0.23178584574250605)
└ @ TensorKitChainRulesCoreExt ~/.julia/packages/TensorKit/esxcj/ext/TensorKitChainRulesCoreExt/factorizations.jl:254
[ Info: LBFGS: iter    6, time 25104.69 s: f = -1.708945052248, ‖∇f‖ = 4.1701e-01, α = 3.40e-01, m = 3, nfg = 2
[ Info: CTMRG init:	obj = +7.891633828583e+00	err = 1.0000e+00
[ Info: CTMRG conv 22:	obj = +9.206450681703e+00	err = 7.7219754480e-10	time = 3.94 min
┌ Warning: `svd` cotangents sensitive to gauge choice: (|Δgauge| = 0.3978679677095904)
└ @ TensorKitChainRulesCoreExt ~/.julia/packages/TensorKit/esxcj/ext/TensorKitChainRulesCoreExt/factorizations.jl:254
┌ Warning: `svd` cotangents sensitive to gauge choice: (|Δgauge| = 0.3978679681997551)
└ @ TensorKitChainRulesCoreExt ~/.julia/packages/TensorKit/esxcj/ext/TensorKitChainRulesCoreExt/factorizations.jl:254
[ Info: LBFGS: iter    7, time 25480.43 s: f = -1.785750433950, ‖∇f‖ = 4.6202e-01, α = 1.00e+00, m = 3, nfg = 1
[ Info: CTMRG init:	obj = +9.120522290929e+00	err = 1.0000e+00
┌ Warning: CTMRG cancel 100:	obj = +9.189057114714e+00	err = 2.6273955780e-09	time = 0.80 hr
└ @ PEPSKit ~/.julia/packages/PEPSKit/P7ER3/src/algorithms/ctmrg/ctmrg.jl:129
┌ Warning: `svd` cotangents sensitive to gauge choice: (|Δgauge| = 0.2374254653905482)
└ @ TensorKitChainRulesCoreExt ~/.julia/packages/TensorKit/esxcj/ext/TensorKitChainRulesCoreExt/factorizations.jl:254
┌ Warning: `svd` cotangents sensitive to gauge choice: (|Δgauge| = 0.23742546502929607)
└ @ TensorKitChainRulesCoreExt ~/.julia/packages/TensorKit/esxcj/ext/TensorKitChainRulesCoreExt/factorizations.jl:254
[ Info: LBFGS: iter    8, time 28899.97 s: f = -2.126099913379, ‖∇f‖ = 2.8399e-01, α = 1.00e+00, m = 3, nfg = 1
[ Info: CTMRG init:	obj = +7.097468152459e+00	err = 1.0000e+00
[ Info: CTMRG conv 13:	obj = +8.371172781110e+00	err = 4.0244494997e-10	time = 7.49 min
┌ Warning: `svd` cotangents sensitive to gauge choice: (|Δgauge| = 0.2911603103466842)
└ @ TensorKitChainRulesCoreExt ~/.julia/packages/TensorKit/esxcj/ext/TensorKitChainRulesCoreExt/factorizations.jl:254
┌ Warning: `svd` cotangents sensitive to gauge choice: (|Δgauge| = 3.918619902129772e-12)
└ @ TensorKitChainRulesCoreExt ~/.julia/packages/TensorKit/esxcj/ext/TensorKitChainRulesCoreExt/factorizations.jl:254
┌ Warning: `svd` cotangents sensitive to gauge choice: (|Δgauge| = 0.2911603102482483)
└ @ TensorKitChainRulesCoreExt ~/.julia/packages/TensorKit/esxcj/ext/TensorKitChainRulesCoreExt/factorizations.jl:254
[ Info: CTMRG init:	obj = +8.402627163797e+00	err = 1.0000e+00
[ Info: CTMRG conv 10:	obj = +8.613243627111e+00	err = 9.0907506789e-10	time = 5.87 min
┌ Warning: `svd` cotangents sensitive to gauge choice: (|Δgauge| = 0.2866585740452323)
└ @ TensorKitChainRulesCoreExt ~/.julia/packages/TensorKit/esxcj/ext/TensorKitChainRulesCoreExt/factorizations.jl:254
┌ Warning: `svd` cotangents sensitive to gauge choice: (|Δgauge| = 0.2866585743329633)
└ @ TensorKitChainRulesCoreExt ~/.julia/packages/TensorKit/esxcj/ext/TensorKitChainRulesCoreExt/factorizations.jl:254
[ Info: LBFGS: iter    9, time 29864.92 s: f = -2.230423859795, ‖∇f‖ = 1.1410e-01, α = 3.62e-01, m = 3, nfg = 2
[ Info: CTMRG init:	obj = +8.689711833837e+00	err = 1.0000e+00
[ Info: CTMRG conv 8:	obj = +8.689943650780e+00	err = 5.5028304360e-10	time = 4.69 min
┌ Warning: `svd` cotangents sensitive to gauge choice: (|Δgauge| = 0.301219605464572)
└ @ TensorKitChainRulesCoreExt ~/.julia/packages/TensorKit/esxcj/ext/TensorKitChainRulesCoreExt/factorizations.jl:254
┌ Warning: `svd` cotangents sensitive to gauge choice: (|Δgauge| = 4.485271308229616e-11)
└ @ TensorKitChainRulesCoreExt ~/.julia/packages/TensorKit/esxcj/ext/TensorKitChainRulesCoreExt/factorizations.jl:254
┌ Warning: `svd` cotangents sensitive to gauge choice: (|Δgauge| = 0.30121960516453006)
└ @ TensorKitChainRulesCoreExt ~/.julia/packages/TensorKit/esxcj/ext/TensorKitChainRulesCoreExt/factorizations.jl:254
[ Info: LBFGS: iter   10, time 30208.05 s: f = -2.260955740832, ‖∇f‖ = 8.6622e-02, α = 1.00e+00, m = 3, nfg = 1
[ Info: CTMRG init:	obj = +8.865551165466e+00	err = 1.0000e+00
[ Info: CTMRG conv 8:	obj = +8.876528522175e+00	err = 9.8719784742e-10	time = 4.66 min
┌ Warning: `svd` cotangents sensitive to gauge choice: (|Δgauge| = 0.31373424366995295)
└ @ TensorKitChainRulesCoreExt ~/.julia/packages/TensorKit/esxcj/ext/TensorKitChainRulesCoreExt/factorizations.jl:254
┌ Warning: `svd` cotangents sensitive to gauge choice: (|Δgauge| = 4.660762823338666e-12)
└ @ TensorKitChainRulesCoreExt ~/.julia/packages/TensorKit/esxcj/ext/TensorKitChainRulesCoreExt/factorizations.jl:254
┌ Warning: `svd` cotangents sensitive to gauge choice: (|Δgauge| = 0.313734243626243)
└ @ TensorKitChainRulesCoreExt ~/.julia/packages/TensorKit/esxcj/ext/TensorKitChainRulesCoreExt/factorizations.jl:254
[ Info: CTMRG init:	obj = +8.768742138911e+00	err = 1.0000e+00
[ Info: CTMRG conv 8:	obj = +8.770929175053e+00	err = 5.7711724279e-10	time = 4.71 min
┌ Warning: `svd` cotangents sensitive to gauge choice: (|Δgauge| = 0.3058858130585738)
└ @ TensorKitChainRulesCoreExt ~/.julia/packages/TensorKit/esxcj/ext/TensorKitChainRulesCoreExt/factorizations.jl:254
┌ Warning: `svd` cotangents sensitive to gauge choice: (|Δgauge| = 1.094061204209089e-11)
└ @ TensorKitChainRulesCoreExt ~/.julia/packages/TensorKit/esxcj/ext/TensorKitChainRulesCoreExt/factorizations.jl:254
┌ Warning: `svd` cotangents sensitive to gauge choice: (|Δgauge| = 0.30588581256814507)
└ @ TensorKitChainRulesCoreExt ~/.julia/packages/TensorKit/esxcj/ext/TensorKitChainRulesCoreExt/factorizations.jl:254
[ Info: LBFGS: iter   11, time 30893.32 s: f = -2.287654249635, ‖∇f‖ = 3.5338e-02, α = 4.42e-01, m = 3, nfg = 2
[ Info: CTMRG init:	obj = +8.867680899665e+00	err = 1.0000e+00
┌ Warning: CTMRG cancel 100:	obj = +8.871039161051e+00	err = 2.4766099674e-09	time = 41.16 min
└ @ PEPSKit ~/.julia/packages/PEPSKit/P7ER3/src/algorithms/ctmrg/ctmrg.jl:129
┌ Warning: `svd` cotangents sensitive to gauge choice: (|Δgauge| = 0.30771271365261277)
└ @ TensorKitChainRulesCoreExt ~/.julia/packages/TensorKit/esxcj/ext/TensorKitChainRulesCoreExt/factorizations.jl:254
┌ Warning: `svd` cotangents sensitive to gauge choice: (|Δgauge| = 0.3077127091456113)
└ @ TensorKitChainRulesCoreExt ~/.julia/packages/TensorKit/esxcj/ext/TensorKitChainRulesCoreExt/factorizations.jl:254
[ Info: CTMRG init:	obj = +8.820474118678e+00	err = 1.0000e+00
[ Info: CTMRG conv 11:	obj = +8.821336051194e+00	err = 9.8930750313e-10	time = 6.39 min
┌ Warning: `svd` cotangents sensitive to gauge choice: (|Δgauge| = 0.30676902452347077)
└ @ TensorKitChainRulesCoreExt ~/.julia/packages/TensorKit/esxcj/ext/TensorKitChainRulesCoreExt/factorizations.jl:254
┌ Warning: `svd` cotangents sensitive to gauge choice: (|Δgauge| = 0.30676902554798996)
└ @ TensorKitChainRulesCoreExt ~/.julia/packages/TensorKit/esxcj/ext/TensorKitChainRulesCoreExt/factorizations.jl:254
[ Info: LBFGS: iter   12, time 34358.34 s: f = -2.289395139242, ‖∇f‖ = 1.4390e-02, α = 5.10e-01, m = 3, nfg = 2
[ Info: CTMRG init:	obj = +8.835794035715e+00	err = 1.0000e+00
[ Info: CTMRG conv 88:	obj = +8.835918210754e+00	err = 8.3013836777e-10	time = 40.62 min
┌ Warning: `svd` cotangents sensitive to gauge choice: (|Δgauge| = 0.3054336214188583)
└ @ TensorKitChainRulesCoreExt ~/.julia/packages/TensorKit/esxcj/ext/TensorKitChainRulesCoreExt/factorizations.jl:254
┌ Warning: `svd` cotangents sensitive to gauge choice: (|Δgauge| = 0.3054336187500916)
└ @ TensorKitChainRulesCoreExt ~/.julia/packages/TensorKit/esxcj/ext/TensorKitChainRulesCoreExt/factorizations.jl:254
[ Info: LBFGS: iter   13, time 37312.54 s: f = -2.289673569563, ‖∇f‖ = 4.2660e-03, α = 1.00e+00, m = 3, nfg = 1
[ Info: CTMRG init:	obj = +8.836967545613e+00	err = 1.0000e+00
┌ Warning: CTMRG cancel 100:	obj = +8.836972546748e+00	err = 2.9556357780e-09	time = 0.72 hr
└ @ PEPSKit ~/.julia/packages/PEPSKit/P7ER3/src/algorithms/ctmrg/ctmrg.jl:129
┌ Warning: `svd` cotangents sensitive to gauge choice: (|Δgauge| = 0.3059336091032584)
└ @ TensorKitChainRulesCoreExt ~/.julia/packages/TensorKit/esxcj/ext/TensorKitChainRulesCoreExt/factorizations.jl:254
┌ Warning: `svd` cotangents sensitive to gauge choice: (|Δgauge| = 0.3059336059524378)
└ @ TensorKitChainRulesCoreExt ~/.julia/packages/TensorKit/esxcj/ext/TensorKitChainRulesCoreExt/factorizations.jl:254
[ Info: LBFGS: iter   14, time 40516.59 s: f = -2.289705709843, ‖∇f‖ = 2.9867e-03, α = 1.00e+00, m = 3, nfg = 1
[ Info: CTMRG init:	obj = +8.844698040946e+00	err = 1.0000e+00
[ Info: CTMRG conv 47:	obj = +8.844708439603e+00	err = 8.8569136789e-10	time = 15.45 min
┌ Warning: `svd` cotangents sensitive to gauge choice: (|Δgauge| = 0.3067899256575571)
└ @ TensorKitChainRulesCoreExt ~/.julia/packages/TensorKit/esxcj/ext/TensorKitChainRulesCoreExt/factorizations.jl:254
┌ Warning: `svd` cotangents sensitive to gauge choice: (|Δgauge| = 0.30678992454680737)
└ @ TensorKitChainRulesCoreExt ~/.julia/packages/TensorKit/esxcj/ext/TensorKitChainRulesCoreExt/factorizations.jl:254
[ Info: LBFGS: iter   15, time 41727.74 s: f = -2.289771676843, ‖∇f‖ = 4.6392e-03, α = 1.00e+00, m = 3, nfg = 1
[ Info: CTMRG init:	obj = +8.867054518840e+00	err = 1.0000e+00
[ Info: CTMRG conv 13:	obj = +8.867079062820e+00	err = 9.8132973344e-10	time = 7.51 min
┌ Warning: `svd` cotangents sensitive to gauge choice: (|Δgauge| = 0.3083556892371158)
└ @ TensorKitChainRulesCoreExt ~/.julia/packages/TensorKit/esxcj/ext/TensorKitChainRulesCoreExt/factorizations.jl:254
┌ Warning: `svd` cotangents sensitive to gauge choice: (|Δgauge| = 0.3083556948779432)
└ @ TensorKitChainRulesCoreExt ~/.julia/packages/TensorKit/esxcj/ext/TensorKitChainRulesCoreExt/factorizations.jl:254
[ Info: LBFGS: iter   16, time 42266.93 s: f = -2.289911153057, ‖∇f‖ = 8.4649e-03, α = 1.00e+00, m = 3, nfg = 1
[ Info: CTMRG init:	obj = +8.912756351339e+00	err = 1.0000e+00
[ Info: CTMRG conv 7:	obj = +8.912827195040e+00	err = 9.7933561379e-10	time = 3.89 min
┌ Warning: `svd` cotangents sensitive to gauge choice: (|Δgauge| = 0.3111608653782575)
└ @ TensorKitChainRulesCoreExt ~/.julia/packages/TensorKit/esxcj/ext/TensorKitChainRulesCoreExt/factorizations.jl:254
┌ Warning: `svd` cotangents sensitive to gauge choice: (|Δgauge| = 3.23780525458769e-11)
└ @ TensorKitChainRulesCoreExt ~/.julia/packages/TensorKit/esxcj/ext/TensorKitChainRulesCoreExt/factorizations.jl:254
┌ Warning: `svd` cotangents sensitive to gauge choice: (|Δgauge| = 0.3111608651337209)
└ @ TensorKitChainRulesCoreExt ~/.julia/packages/TensorKit/esxcj/ext/TensorKitChainRulesCoreExt/factorizations.jl:254
[ Info: LBFGS: iter   17, time 42556.94 s: f = -2.290216261412, ‖∇f‖ = 1.2156e-02, α = 1.00e+00, m = 3, nfg = 1
[ Info: CTMRG init:	obj = +8.954009282976e+00	err = 1.0000e+00
[ Info: CTMRG conv 23:	obj = +8.954316037735e+00	err = 7.8410792550e-10	time = 13.02 min
┌ Warning: `svd` cotangents sensitive to gauge choice: (|Δgauge| = 0.31474367674358483)
└ @ TensorKitChainRulesCoreExt ~/.julia/packages/TensorKit/esxcj/ext/TensorKitChainRulesCoreExt/factorizations.jl:254
┌ Warning: `svd` cotangents sensitive to gauge choice: (|Δgauge| = 0.31474367796747116)
└ @ TensorKitChainRulesCoreExt ~/.julia/packages/TensorKit/esxcj/ext/TensorKitChainRulesCoreExt/factorizations.jl:254
[ Info: LBFGS: iter   18, time 43484.84 s: f = -2.291100479523, ‖∇f‖ = 1.0743e-02, α = 1.00e+00, m = 3, nfg = 1
[ Info: CTMRG init:	obj = +6.698879343591e+00	err = 1.0000e+00
[ Info: CTMRG conv 13:	obj = +6.829989336007e+00	err = 6.0311944304e-10	time = 7.64 min
┌ Warning: `svd` cotangents sensitive to gauge choice: (|Δgauge| = 0.40675943070708553)
└ @ TensorKitChainRulesCoreExt ~/.julia/packages/TensorKit/esxcj/ext/TensorKitChainRulesCoreExt/factorizations.jl:254
┌ Warning: `svd` cotangents sensitive to gauge choice: (|Δgauge| = 1.4851758268877206e-11)
└ @ TensorKitChainRulesCoreExt ~/.julia/packages/TensorKit/esxcj/ext/TensorKitChainRulesCoreExt/factorizations.jl:254
┌ Warning: `svd` cotangents sensitive to gauge choice: (|Δgauge| = 0.40675943027495776)
└ @ TensorKitChainRulesCoreExt ~/.julia/packages/TensorKit/esxcj/ext/TensorKitChainRulesCoreExt/factorizations.jl:254
[ Info: CTMRG init:	obj = +8.952697207134e+00	err = 1.0000e+00
[ Info: CTMRG conv 53:	obj = +8.952698216026e+00	err = 9.3693717385e-10	time = 19.08 min
┌ Warning: `svd` cotangents sensitive to gauge choice: (|Δgauge| = 0.3149499223259075)
└ @ TensorKitChainRulesCoreExt ~/.julia/packages/TensorKit/esxcj/ext/TensorKitChainRulesCoreExt/factorizations.jl:254
┌ Warning: `svd` cotangents sensitive to gauge choice: (|Δgauge| = 0.3149499221202463)
└ @ TensorKitChainRulesCoreExt ~/.julia/packages/TensorKit/esxcj/ext/TensorKitChainRulesCoreExt/factorizations.jl:254
[ Info: CTMRG init:	obj = +8.733883869036e+00	err = 1.0000e+00
┌ Warning: CTMRG cancel 100:	obj = +8.736089679998e+00	err = 3.7073459145e-09	time = 0.78 hr
└ @ PEPSKit ~/.julia/packages/PEPSKit/P7ER3/src/algorithms/ctmrg/ctmrg.jl:129
┌ Warning: `svd` cotangents sensitive to gauge choice: (|Δgauge| = 0.3164979213264507)
└ @ TensorKitChainRulesCoreExt ~/.julia/packages/TensorKit/esxcj/ext/TensorKitChainRulesCoreExt/factorizations.jl:254
┌ Warning: `svd` cotangents sensitive to gauge choice: (|Δgauge| = 0.3164979237613462)
└ @ TensorKitChainRulesCoreExt ~/.julia/packages/TensorKit/esxcj/ext/TensorKitChainRulesCoreExt/factorizations.jl:254
[ Info: CTMRG init:	obj = +8.926096465714e+00	err = 1.0000e+00
[ Info: CTMRG conv 7:	obj = +8.926209953588e+00	err = 8.5323136394e-10	time = 3.87 min
┌ Warning: `svd` cotangents sensitive to gauge choice: (|Δgauge| = 0.31642254913838397)
└ @ TensorKitChainRulesCoreExt ~/.julia/packages/TensorKit/esxcj/ext/TensorKitChainRulesCoreExt/factorizations.jl:254
┌ Warning: `svd` cotangents sensitive to gauge choice: (|Δgauge| = 2.5885496673256414e-12)
└ @ TensorKitChainRulesCoreExt ~/.julia/packages/TensorKit/esxcj/ext/TensorKitChainRulesCoreExt/factorizations.jl:254
┌ Warning: `svd` cotangents sensitive to gauge choice: (|Δgauge| = 0.3164225490034191)
└ @ TensorKitChainRulesCoreExt ~/.julia/packages/TensorKit/esxcj/ext/TensorKitChainRulesCoreExt/factorizations.jl:254
[ Info: LBFGS: iter   19, time 49134.21 s: f = -2.291438260575, ‖∇f‖ = 1.2048e-02, α = 7.66e-02, m = 3, nfg = 4
[ Info: CTMRG init:	obj = +8.677239051078e+00	err = 1.0000e+00
[ Info: CTMRG conv 10:	obj = +8.680909325076e+00	err = 6.8484195431e-10	time = 5.93 min
┌ Warning: `svd` cotangents sensitive to gauge choice: (|Δgauge| = 0.3109682683151056)
└ @ TensorKitChainRulesCoreExt ~/.julia/packages/TensorKit/esxcj/ext/TensorKitChainRulesCoreExt/factorizations.jl:254
┌ Warning: `svd` cotangents sensitive to gauge choice: (|Δgauge| = 0.3109682648483467)
└ @ TensorKitChainRulesCoreExt ~/.julia/packages/TensorKit/esxcj/ext/TensorKitChainRulesCoreExt/factorizations.jl:254
[ Info: CTMRG init:	obj = +8.900802746077e+00	err = 1.0000e+00
[ Info: CTMRG conv 11:	obj = +8.900895611877e+00	err = 9.7564553286e-10	time = 6.37 min
┌ Warning: `svd` cotangents sensitive to gauge choice: (|Δgauge| = 0.3159312225449882)
└ @ TensorKitChainRulesCoreExt ~/.julia/packages/TensorKit/esxcj/ext/TensorKitChainRulesCoreExt/factorizations.jl:254
┌ Warning: `svd` cotangents sensitive to gauge choice: (|Δgauge| = 0.3159312219478412)
└ @ TensorKitChainRulesCoreExt ~/.julia/packages/TensorKit/esxcj/ext/TensorKitChainRulesCoreExt/factorizations.jl:254
[ Info: LBFGS: iter   20, time 50025.00 s: f = -2.291665243499, ‖∇f‖ = 6.6231e-03, α = 1.88e-01, m = 3, nfg = 2
[ Info: CTMRG init:	obj = +8.873469354298e+00	err = 1.0000e+00
[ Info: CTMRG conv 13:	obj = +8.873518006121e+00	err = 9.7580088845e-10	time = 7.25 min
┌ Warning: `svd` cotangents sensitive to gauge choice: (|Δgauge| = 0.31545457099668467)
└ @ TensorKitChainRulesCoreExt ~/.julia/packages/TensorKit/esxcj/ext/TensorKitChainRulesCoreExt/factorizations.jl:254
┌ Warning: `svd` cotangents sensitive to gauge choice: (|Δgauge| = 0.3154545691609083)
└ @ TensorKitChainRulesCoreExt ~/.julia/packages/TensorKit/esxcj/ext/TensorKitChainRulesCoreExt/factorizations.jl:254
[ Info: LBFGS: iter   21, time 50548.43 s: f = -2.291763667640, ‖∇f‖ = 4.0207e-03, α = 1.00e+00, m = 3, nfg = 1
[ Info: CTMRG init:	obj = +8.874715910200e+00	err = 1.0000e+00
[ Info: CTMRG conv 7:	obj = +8.874718523321e+00	err = 5.9988299089e-10	time = 56.85 sec
┌ Warning: `svd` cotangents sensitive to gauge choice: (|Δgauge| = 0.3155146292753998)
└ @ TensorKitChainRulesCoreExt ~/.julia/packages/TensorKit/esxcj/ext/TensorKitChainRulesCoreExt/factorizations.jl:254
┌ Warning: `svd` cotangents sensitive to gauge choice: (|Δgauge| = 9.265133757199103e-12)
└ @ TensorKitChainRulesCoreExt ~/.julia/packages/TensorKit/esxcj/ext/TensorKitChainRulesCoreExt/factorizations.jl:254
┌ Warning: `svd` cotangents sensitive to gauge choice: (|Δgauge| = 0.3155146285672696)
└ @ TensorKitChainRulesCoreExt ~/.julia/packages/TensorKit/esxcj/ext/TensorKitChainRulesCoreExt/factorizations.jl:254
[ Info: LBFGS: iter   22, time 50617.68 s: f = -2.291792382838, ‖∇f‖ = 2.6676e-03, α = 1.00e+00, m = 3, nfg = 1
[ Info: CTMRG init:	obj = +8.876825452589e+00	err = 1.0000e+00
[ Info: CTMRG conv 7:	obj = +8.876826593964e+00	err = 4.5247522536e-10	time = 14.05 sec
┌ Warning: `svd` cotangents sensitive to gauge choice: (|Δgauge| = 0.31534462587039486)
└ @ TensorKitChainRulesCoreExt ~/.julia/packages/TensorKit/esxcj/ext/TensorKitChainRulesCoreExt/factorizations.jl:254
┌ Warning: `svd` cotangents sensitive to gauge choice: (|Δgauge| = 7.374135829722392e-12)
└ @ TensorKitChainRulesCoreExt ~/.julia/packages/TensorKit/esxcj/ext/TensorKitChainRulesCoreExt/factorizations.jl:254
┌ Warning: `svd` cotangents sensitive to gauge choice: (|Δgauge| = 0.31534462453915524)
└ @ TensorKitChainRulesCoreExt ~/.julia/packages/TensorKit/esxcj/ext/TensorKitChainRulesCoreExt/factorizations.jl:254
[ Info: LBFGS: iter   23, time 50681.07 s: f = -2.291835322567, ‖∇f‖ = 3.4323e-03, α = 1.00e+00, m = 3, nfg = 1
[ Info: CTMRG init:	obj = +8.868904235600e+00	err = 1.0000e+00
[ Info: CTMRG conv 7:	obj = +8.868912923122e+00	err = 8.7605175895e-10	time = 4.05 min
┌ Warning: `svd` cotangents sensitive to gauge choice: (|Δgauge| = 0.3144811941875157)
└ @ TensorKitChainRulesCoreExt ~/.julia/packages/TensorKit/esxcj/ext/TensorKitChainRulesCoreExt/factorizations.jl:254
┌ Warning: `svd` cotangents sensitive to gauge choice: (|Δgauge| = 3.860705828070636e-12)
└ @ TensorKitChainRulesCoreExt ~/.julia/packages/TensorKit/esxcj/ext/TensorKitChainRulesCoreExt/factorizations.jl:254
┌ Warning: `svd` cotangents sensitive to gauge choice: (|Δgauge| = 0.31448119476242214)
└ @ TensorKitChainRulesCoreExt ~/.julia/packages/TensorKit/esxcj/ext/TensorKitChainRulesCoreExt/factorizations.jl:254
[ Info: LBFGS: iter   24, time 50980.38 s: f = -2.291951890693, ‖∇f‖ = 6.1296e-03, α = 1.00e+00, m = 3, nfg = 1
[ Info: CTMRG init:	obj = +8.842643143392e+00	err = 1.0000e+00
[ Info: CTMRG conv 7:	obj = +8.842726286468e+00	err = 3.3717646838e-10	time = 4.07 min
┌ Warning: `svd` cotangents sensitive to gauge choice: (|Δgauge| = 0.3112648447718617)
└ @ TensorKitChainRulesCoreExt ~/.julia/packages/TensorKit/esxcj/ext/TensorKitChainRulesCoreExt/factorizations.jl:254
┌ Warning: `svd` cotangents sensitive to gauge choice: (|Δgauge| = 0.31126484483414646)
└ @ TensorKitChainRulesCoreExt ~/.julia/packages/TensorKit/esxcj/ext/TensorKitChainRulesCoreExt/factorizations.jl:254
[ Info: LBFGS: iter   25, time 51280.18 s: f = -2.292122294884, ‖∇f‖ = 8.5664e-03, α = 1.00e+00, m = 3, nfg = 1
[ Info: CTMRG init:	obj = +8.757220168755e+00	err = 1.0000e+00
[ Info: CTMRG conv 8:	obj = +8.758512418658e+00	err = 7.3065830257e-10	time = 4.43 min
┌ Warning: `svd` cotangents sensitive to gauge choice: (|Δgauge| = 0.30870708259212765)
└ @ TensorKitChainRulesCoreExt ~/.julia/packages/TensorKit/esxcj/ext/TensorKitChainRulesCoreExt/factorizations.jl:254
┌ Warning: `svd` cotangents sensitive to gauge choice: (|Δgauge| = 0.3087070814894105)
└ @ TensorKitChainRulesCoreExt ~/.julia/packages/TensorKit/esxcj/ext/TensorKitChainRulesCoreExt/factorizations.jl:254
[ Info: CTMRG init:	obj = +8.823073611101e+00	err = 1.0000e+00
[ Info: CTMRG conv 7:	obj = +8.823167811007e+00	err = 5.6475895710e-10	time = 3.93 min
┌ Warning: `svd` cotangents sensitive to gauge choice: (|Δgauge| = 0.3106158761505068)
└ @ TensorKitChainRulesCoreExt ~/.julia/packages/TensorKit/esxcj/ext/TensorKitChainRulesCoreExt/factorizations.jl:254
┌ Warning: `svd` cotangents sensitive to gauge choice: (|Δgauge| = 0.3106158774924828)
└ @ TensorKitChainRulesCoreExt ~/.julia/packages/TensorKit/esxcj/ext/TensorKitChainRulesCoreExt/factorizations.jl:254
[ Info: LBFGS: iter   26, time 51901.87 s: f = -2.292194551865, ‖∇f‖ = 7.6403e-03, α = 2.70e-01, m = 3, nfg = 2
[ Info: CTMRG init:	obj = +8.810221944513e+00	err = 1.0000e+00
[ Info: CTMRG conv 7:	obj = +8.810239167138e+00	err = 4.3157301174e-10	time = 3.91 min
┌ Warning: `svd` cotangents sensitive to gauge choice: (|Δgauge| = 0.3088592816534686)
└ @ TensorKitChainRulesCoreExt ~/.julia/packages/TensorKit/esxcj/ext/TensorKitChainRulesCoreExt/factorizations.jl:254
┌ Warning: `svd` cotangents sensitive to gauge choice: (|Δgauge| = 2.451292950138465e-12)
└ @ TensorKitChainRulesCoreExt ~/.julia/packages/TensorKit/esxcj/ext/TensorKitChainRulesCoreExt/factorizations.jl:254
┌ Warning: `svd` cotangents sensitive to gauge choice: (|Δgauge| = 0.30885928191350936)
└ @ TensorKitChainRulesCoreExt ~/.julia/packages/TensorKit/esxcj/ext/TensorKitChainRulesCoreExt/factorizations.jl:254
[ Info: LBFGS: iter   27, time 52192.39 s: f = -2.292277273457, ‖∇f‖ = 3.5378e-03, α = 1.00e+00, m = 3, nfg = 1
[ Info: CTMRG init:	obj = +8.807398514436e+00	err = 1.0000e+00
[ Info: CTMRG conv 7:	obj = +8.807401721870e+00	err = 3.9571304070e-10	time = 4.03 min
┌ Warning: `svd` cotangents sensitive to gauge choice: (|Δgauge| = 0.30821100648389416)
└ @ TensorKitChainRulesCoreExt ~/.julia/packages/TensorKit/esxcj/ext/TensorKitChainRulesCoreExt/factorizations.jl:254
┌ Warning: `svd` cotangents sensitive to gauge choice: (|Δgauge| = 3.1775183959346006e-12)
└ @ TensorKitChainRulesCoreExt ~/.julia/packages/TensorKit/esxcj/ext/TensorKitChainRulesCoreExt/factorizations.jl:254
┌ Warning: `svd` cotangents sensitive to gauge choice: (|Δgauge| = 0.3082110088693119)
└ @ TensorKitChainRulesCoreExt ~/.julia/packages/TensorKit/esxcj/ext/TensorKitChainRulesCoreExt/factorizations.jl:254
[ Info: LBFGS: iter   28, time 52491.68 s: f = -2.292325313139, ‖∇f‖ = 3.4868e-03, α = 1.00e+00, m = 3, nfg = 1
[ Info: CTMRG init:	obj = +8.797941403169e+00	err = 1.0000e+00
[ Info: CTMRG conv 7:	obj = +8.797952953498e+00	err = 7.5556150093e-10	time = 4.13 min
┌ Warning: `svd` cotangents sensitive to gauge choice: (|Δgauge| = 0.30671613621791294)
└ @ TensorKitChainRulesCoreExt ~/.julia/packages/TensorKit/esxcj/ext/TensorKitChainRulesCoreExt/factorizations.jl:254
┌ Warning: `svd` cotangents sensitive to gauge choice: (|Δgauge| = 4.0031652793596085e-12)
└ @ TensorKitChainRulesCoreExt ~/.julia/packages/TensorKit/esxcj/ext/TensorKitChainRulesCoreExt/factorizations.jl:254
┌ Warning: `svd` cotangents sensitive to gauge choice: (|Δgauge| = 0.3067161355728558)
└ @ TensorKitChainRulesCoreExt ~/.julia/packages/TensorKit/esxcj/ext/TensorKitChainRulesCoreExt/factorizations.jl:254
[ Info: LBFGS: iter   29, time 52796.04 s: f = -2.292407178129, ‖∇f‖ = 5.9865e-03, α = 1.00e+00, m = 3, nfg = 1
[ Info: CTMRG init:	obj = +8.745966450257e+00	err = 1.0000e+00
[ Info: CTMRG conv 9:	obj = +8.746173066140e+00	err = 7.5022227316e-10	time = 5.21 min
┌ Warning: `svd` cotangents sensitive to gauge choice: (|Δgauge| = 0.29935335864909907)
└ @ TensorKitChainRulesCoreExt ~/.julia/packages/TensorKit/esxcj/ext/TensorKitChainRulesCoreExt/factorizations.jl:254
┌ Warning: `svd` cotangents sensitive to gauge choice: (|Δgauge| = 0.29935335886673686)
└ @ TensorKitChainRulesCoreExt ~/.julia/packages/TensorKit/esxcj/ext/TensorKitChainRulesCoreExt/factorizations.jl:254
[ Info: LBFGS: iter   30, time 53176.15 s: f = -2.292722724352, ‖∇f‖ = 1.5322e-02, α = 1.00e+00, m = 3, nfg = 1
[ Info: CTMRG init:	obj = +8.481994480376e+00	err = 1.0000e+00
[ Info: CTMRG conv 11:	obj = +8.485199941780e+00	err = 5.0511094410e-10	time = 6.31 min
┌ Warning: `svd` cotangents sensitive to gauge choice: (|Δgauge| = 0.31298562713633254)
└ @ TensorKitChainRulesCoreExt ~/.julia/packages/TensorKit/esxcj/ext/TensorKitChainRulesCoreExt/factorizations.jl:254
┌ Warning: `svd` cotangents sensitive to gauge choice: (|Δgauge| = 0.31298562729730395)
└ @ TensorKitChainRulesCoreExt ~/.julia/packages/TensorKit/esxcj/ext/TensorKitChainRulesCoreExt/factorizations.jl:254
[ Info: CTMRG init:	obj = +8.693786497859e+00	err = 1.0000e+00
[ Info: CTMRG conv 8:	obj = +8.693927995721e+00	err = 8.0463060813e-10	time = 4.64 min
┌ Warning: `svd` cotangents sensitive to gauge choice: (|Δgauge| = 0.30008988903286427)
└ @ TensorKitChainRulesCoreExt ~/.julia/packages/TensorKit/esxcj/ext/TensorKitChainRulesCoreExt/factorizations.jl:254
┌ Warning: `svd` cotangents sensitive to gauge choice: (|Δgauge| = 0.30008988808820236)
└ @ TensorKitChainRulesCoreExt ~/.julia/packages/TensorKit/esxcj/ext/TensorKitChainRulesCoreExt/factorizations.jl:254
[ Info: LBFGS: iter   31, time 53974.38 s: f = -2.292953635682, ‖∇f‖ = 2.0447e-02, α = 2.60e-01, m = 3, nfg = 2
[ Info: CTMRG init:	obj = +8.410668747049e+00	err = 1.0000e+00
[ Info: CTMRG conv 10:	obj = +8.413897087768e+00	err = 8.5457175206e-10	time = 2.89 min
┌ Warning: `svd` cotangents sensitive to gauge choice: (|Δgauge| = 0.3184796653271176)
└ @ TensorKitChainRulesCoreExt ~/.julia/packages/TensorKit/esxcj/ext/TensorKitChainRulesCoreExt/factorizations.jl:254
┌ Warning: `svd` cotangents sensitive to gauge choice: (|Δgauge| = 0.3184796649458831)
└ @ TensorKitChainRulesCoreExt ~/.julia/packages/TensorKit/esxcj/ext/TensorKitChainRulesCoreExt/factorizations.jl:254
[ Info: CTMRG init:	obj = +8.631518007929e+00	err = 1.0000e+00
[ Info: CTMRG conv 10:	obj = +8.631680317426e+00	err = 8.9789576827e-10	time = 2.61 min
┌ Warning: `svd` cotangents sensitive to gauge choice: (|Δgauge| = 0.3040235235659765)
└ @ TensorKitChainRulesCoreExt ~/.julia/packages/TensorKit/esxcj/ext/TensorKitChainRulesCoreExt/factorizations.jl:254
┌ Warning: `svd` cotangents sensitive to gauge choice: (|Δgauge| = 0.30402352360563756)
└ @ TensorKitChainRulesCoreExt ~/.julia/packages/TensorKit/esxcj/ext/TensorKitChainRulesCoreExt/factorizations.jl:254
[ Info: LBFGS: iter   32, time 54394.29 s: f = -2.293220091932, ‖∇f‖ = 2.3382e-02, α = 2.71e-01, m = 3, nfg = 2
[ Info: CTMRG init:	obj = +8.411488497200e+00	err = 1.0000e+00
[ Info: CTMRG conv 9:	obj = +8.413246567220e+00	err = 9.0655724127e-10	time = 5.11 min
┌ Warning: `svd` cotangents sensitive to gauge choice: (|Δgauge| = 0.31902601638079786)
└ @ TensorKitChainRulesCoreExt ~/.julia/packages/TensorKit/esxcj/ext/TensorKitChainRulesCoreExt/factorizations.jl:254
┌ Warning: `svd` cotangents sensitive to gauge choice: (|Δgauge| = 0.31902601751982035)
└ @ TensorKitChainRulesCoreExt ~/.julia/packages/TensorKit/esxcj/ext/TensorKitChainRulesCoreExt/factorizations.jl:254
[ Info: LBFGS: iter   33, time 54768.04 s: f = -2.293675795519, ‖∇f‖ = 2.1171e-02, α = 1.00e+00, m = 3, nfg = 1
[ Info: CTMRG init:	obj = +8.491740740930e+00	err = 1.0000e+00
[ Info: CTMRG conv 9:	obj = +8.495849500186e+00	err = 9.9675737562e-10	time = 5.17 min
┌ Warning: `svd` cotangents sensitive to gauge choice: (|Δgauge| = 0.3193205723685131)
└ @ TensorKitChainRulesCoreExt ~/.julia/packages/TensorKit/esxcj/ext/TensorKitChainRulesCoreExt/factorizations.jl:254
┌ Warning: `svd` cotangents sensitive to gauge choice: (|Δgauge| = 0.3193205722012641)
└ @ TensorKitChainRulesCoreExt ~/.julia/packages/TensorKit/esxcj/ext/TensorKitChainRulesCoreExt/factorizations.jl:254
[ Info: CTMRG init:	obj = +8.446514820990e+00	err = 1.0000e+00
[ Info: CTMRG conv 10:	obj = +8.447184991025e+00	err = 5.7255610649e-10	time = 5.56 min
┌ Warning: `svd` cotangents sensitive to gauge choice: (|Δgauge| = 0.3192527632638188)
└ @ TensorKitChainRulesCoreExt ~/.julia/packages/TensorKit/esxcj/ext/TensorKitChainRulesCoreExt/factorizations.jl:254
┌ Warning: `svd` cotangents sensitive to gauge choice: (|Δgauge| = 0.31925276275148606)
└ @ TensorKitChainRulesCoreExt ~/.julia/packages/TensorKit/esxcj/ext/TensorKitChainRulesCoreExt/factorizations.jl:254
[ Info: LBFGS: iter   34, time 55552.69 s: f = -2.294248382182, ‖∇f‖ = 1.8044e-02, α = 4.00e-01, m = 3, nfg = 2
[ Info: CTMRG init:	obj = +8.517141772087e+00	err = 1.0000e+00
[ Info: CTMRG conv 8:	obj = +8.517629266747e+00	err = 7.1746410737e-10	time = 4.51 min
┌ Warning: `svd` cotangents sensitive to gauge choice: (|Δgauge| = 0.312825254554508)
└ @ TensorKitChainRulesCoreExt ~/.julia/packages/TensorKit/esxcj/ext/TensorKitChainRulesCoreExt/factorizations.jl:254
┌ Warning: `svd` cotangents sensitive to gauge choice: (|Δgauge| = 0.3128252555036356)
└ @ TensorKitChainRulesCoreExt ~/.julia/packages/TensorKit/esxcj/ext/TensorKitChainRulesCoreExt/factorizations.jl:254
[ Info: LBFGS: iter   35, time 55885.42 s: f = -2.294757375785, ‖∇f‖ = 6.5916e-03, α = 1.00e+00, m = 3, nfg = 1
[ Info: CTMRG init:	obj = +8.496609463341e+00	err = 1.0000e+00
[ Info: CTMRG conv 8:	obj = +8.496656330492e+00	err = 6.4010749475e-10	time = 4.81 min
┌ Warning: `svd` cotangents sensitive to gauge choice: (|Δgauge| = 0.313958017338971)
└ @ TensorKitChainRulesCoreExt ~/.julia/packages/TensorKit/esxcj/ext/TensorKitChainRulesCoreExt/factorizations.jl:254
┌ Warning: `svd` cotangents sensitive to gauge choice: (|Δgauge| = 0.3139580177714434)
└ @ TensorKitChainRulesCoreExt ~/.julia/packages/TensorKit/esxcj/ext/TensorKitChainRulesCoreExt/factorizations.jl:254
[ Info: LBFGS: iter   36, time 56236.36 s: f = -2.294883252012, ‖∇f‖ = 4.3750e-03, α = 1.00e+00, m = 3, nfg = 1
[ Info: CTMRG init:	obj = +8.491019147120e+00	err = 1.0000e+00
[ Info: CTMRG conv 7:	obj = +8.491025480817e+00	err = 6.0496290439e-10	time = 3.98 min
┌ Warning: `svd` cotangents sensitive to gauge choice: (|Δgauge| = 0.31519918488448745)
└ @ TensorKitChainRulesCoreExt ~/.julia/packages/TensorKit/esxcj/ext/TensorKitChainRulesCoreExt/factorizations.jl:254
┌ Warning: `svd` cotangents sensitive to gauge choice: (|Δgauge| = 1.205485286436997e-11)
└ @ TensorKitChainRulesCoreExt ~/.julia/packages/TensorKit/esxcj/ext/TensorKitChainRulesCoreExt/factorizations.jl:254
┌ Warning: `svd` cotangents sensitive to gauge choice: (|Δgauge| = 0.31519918408316283)
└ @ TensorKitChainRulesCoreExt ~/.julia/packages/TensorKit/esxcj/ext/TensorKitChainRulesCoreExt/factorizations.jl:254
[ Info: LBFGS: iter   37, time 56531.06 s: f = -2.294945889535, ‖∇f‖ = 3.8571e-03, α = 1.00e+00, m = 3, nfg = 1
[ Info: CTMRG init:	obj = +8.474789449298e+00	err = 1.0000e+00
[ Info: CTMRG conv 10:	obj = +8.474818915944e+00	err = 9.6182020480e-10	time = 5.68 min
┌ Warning: `svd` cotangents sensitive to gauge choice: (|Δgauge| = 0.3179227894414782)
└ @ TensorKitChainRulesCoreExt ~/.julia/packages/TensorKit/esxcj/ext/TensorKitChainRulesCoreExt/factorizations.jl:254
┌ Warning: `svd` cotangents sensitive to gauge choice: (|Δgauge| = 0.3179227889425167)
└ @ TensorKitChainRulesCoreExt ~/.julia/packages/TensorKit/esxcj/ext/TensorKitChainRulesCoreExt/factorizations.jl:254
[ Info: LBFGS: iter   38, time 56947.01 s: f = -2.295113981247, ‖∇f‖ = 5.0034e-03, α = 1.00e+00, m = 3, nfg = 1
[ Info: CTMRG init:	obj = +8.440125967007e+00	err = 1.0000e+00
[ Info: CTMRG conv 8:	obj = +8.440310903539e+00	err = 8.1517116811e-10	time = 4.27 min
┌ Warning: `svd` cotangents sensitive to gauge choice: (|Δgauge| = 0.32251604642722126)
└ @ TensorKitChainRulesCoreExt ~/.julia/packages/TensorKit/esxcj/ext/TensorKitChainRulesCoreExt/factorizations.jl:254
┌ Warning: `svd` cotangents sensitive to gauge choice: (|Δgauge| = 0.3225160467368012)
└ @ TensorKitChainRulesCoreExt ~/.julia/packages/TensorKit/esxcj/ext/TensorKitChainRulesCoreExt/factorizations.jl:254
[ Info: LBFGS: iter   39, time 57265.02 s: f = -2.295160496984, ‖∇f‖ = 1.1002e-02, α = 1.00e+00, m = 3, nfg = 1
[ Info: CTMRG init:	obj = +8.447274619418e+00	err = 1.0000e+00
[ Info: CTMRG conv 8:	obj = +8.447382552687e+00	err = 9.6461256597e-10	time = 4.57 min
┌ Warning: `svd` cotangents sensitive to gauge choice: (|Δgauge| = 0.3201998170892537)
└ @ TensorKitChainRulesCoreExt ~/.julia/packages/TensorKit/esxcj/ext/TensorKitChainRulesCoreExt/factorizations.jl:254
┌ Warning: `svd` cotangents sensitive to gauge choice: (|Δgauge| = 0.3201998183212542)
└ @ TensorKitChainRulesCoreExt ~/.julia/packages/TensorKit/esxcj/ext/TensorKitChainRulesCoreExt/factorizations.jl:254
[ Info: LBFGS: iter   40, time 57578.99 s: f = -2.295273991824, ‖∇f‖ = 2.3366e-03, α = 1.00e+00, m = 3, nfg = 1
[ Info: CTMRG init:	obj = +8.453095026456e+00	err = 1.0000e+00
[ Info: CTMRG conv 9:	obj = +8.453099408040e+00	err = 9.6767312975e-10	time = 20.31 sec
┌ Warning: `svd` cotangents sensitive to gauge choice: (|Δgauge| = 0.31950139942440553)
└ @ TensorKitChainRulesCoreExt ~/.julia/packages/TensorKit/esxcj/ext/TensorKitChainRulesCoreExt/factorizations.jl:254
┌ Warning: `svd` cotangents sensitive to gauge choice: (|Δgauge| = 0.31950140055814924)
└ @ TensorKitChainRulesCoreExt ~/.julia/packages/TensorKit/esxcj/ext/TensorKitChainRulesCoreExt/factorizations.jl:254
[ Info: LBFGS: iter   41, time 57612.84 s: f = -2.295285232924, ‖∇f‖ = 1.5908e-03, α = 1.00e+00, m = 3, nfg = 1
[ Info: CTMRG init:	obj = +8.459088166052e+00	err = 1.0000e+00
[ Info: CTMRG conv 8:	obj = +8.459091451631e+00	err = 9.6770426757e-10	time = 3.05 min
┌ Warning: `svd` cotangents sensitive to gauge choice: (|Δgauge| = 0.3190654334151611)
└ @ TensorKitChainRulesCoreExt ~/.julia/packages/TensorKit/esxcj/ext/TensorKitChainRulesCoreExt/factorizations.jl:254
┌ Warning: `svd` cotangents sensitive to gauge choice: (|Δgauge| = 0.3190654345021381)
└ @ TensorKitChainRulesCoreExt ~/.julia/packages/TensorKit/esxcj/ext/TensorKitChainRulesCoreExt/factorizations.jl:254
[ Info: LBFGS: iter   42, time 57858.33 s: f = -2.295304907743, ‖∇f‖ = 1.3603e-03, α = 1.00e+00, m = 3, nfg = 1
[ Info: CTMRG init:	obj = +8.475954789263e+00	err = 1.0000e+00
[ Info: CTMRG conv 22:	obj = +8.476001040015e+00	err = 9.4705389600e-10	time = 12.54 min
┌ Warning: `svd` cotangents sensitive to gauge choice: (|Δgauge| = 0.31776056165606337)
└ @ TensorKitChainRulesCoreExt ~/.julia/packages/TensorKit/esxcj/ext/TensorKitChainRulesCoreExt/factorizations.jl:254
┌ Warning: `svd` cotangents sensitive to gauge choice: (|Δgauge| = 0.31776056153434407)
└ @ TensorKitChainRulesCoreExt ~/.julia/packages/TensorKit/esxcj/ext/TensorKitChainRulesCoreExt/factorizations.jl:254
[ Info: LBFGS: iter   43, time 58747.19 s: f = -2.295337626191, ‖∇f‖ = 3.6281e-03, α = 1.00e+00, m = 3, nfg = 1
[ Info: CTMRG init:	obj = +8.483470747065e+00	err = 1.0000e+00
┌ Warning: CTMRG cancel 100:	obj = +8.483485519711e+00	err = 2.9294849375e-09	time = 0.81 hr
└ @ PEPSKit ~/.julia/packages/PEPSKit/P7ER3/src/algorithms/ctmrg/ctmrg.jl:129
┌ Warning: `svd` cotangents sensitive to gauge choice: (|Δgauge| = 0.31747485114934926)
└ @ TensorKitChainRulesCoreExt ~/.julia/packages/TensorKit/esxcj/ext/TensorKitChainRulesCoreExt/factorizations.jl:254
┌ Warning: `svd` cotangents sensitive to gauge choice: (|Δgauge| = 0.3174748506575541)
└ @ TensorKitChainRulesCoreExt ~/.julia/packages/TensorKit/esxcj/ext/TensorKitChainRulesCoreExt/factorizations.jl:254
[ Info: LBFGS: iter   44, time 62273.34 s: f = -2.295350604195, ‖∇f‖ = 2.2489e-03, α = 1.00e+00, m = 3, nfg = 1
[ Info: CTMRG init:	obj = +8.479722741661e+00	err = 1.0000e+00
┌ Warning: CTMRG cancel 100:	obj = +8.479724444888e+00	err = 2.4435538787e-09	time = 0.82 hr
└ @ PEPSKit ~/.julia/packages/PEPSKit/P7ER3/src/algorithms/ctmrg/ctmrg.jl:129
┌ Warning: `svd` cotangents sensitive to gauge choice: (|Δgauge| = 0.3178688537327016)
└ @ TensorKitChainRulesCoreExt ~/.julia/packages/TensorKit/esxcj/ext/TensorKitChainRulesCoreExt/factorizations.jl:254
┌ Warning: `svd` cotangents sensitive to gauge choice: (|Δgauge| = 0.3178688533306725)
└ @ TensorKitChainRulesCoreExt ~/.julia/packages/TensorKit/esxcj/ext/TensorKitChainRulesCoreExt/factorizations.jl:254
[ Info: LBFGS: converged after 45 iterations and time 65795.74 s: f = -2.295358284605, ‖∇f‖ = 9.5060e-04
