  Installing known registries into `~/.julia`
       Added `General` registry to ~/.julia/registries
    Updating registry at `~/.julia/registries/General.toml`
   Installed TaskLocalValues ───────────── v0.1.2
   Installed GPUArraysCore ─────────────── v0.2.0
   Installed IrrationalConstants ───────── v0.2.4
   Installed RealDot ───────────────────── v0.1.0
   Installed IRTools ───────────────────── v0.4.14
   Installed JLD2 ──────────────────────── v0.5.12
   Installed OhMyThreads ───────────────── v0.7.0
   Installed BlockTensorKit ────────────── v0.1.6
   Installed Adapt ─────────────────────── v4.3.0
   Installed Accessors ─────────────────── v0.1.42
   Installed IntegerMathUtils ──────────── v0.1.2
   Installed Preferences ───────────────── v1.4.3
   Installed TableTraits ───────────────── v1.0.1
   Installed PtrArrays ─────────────────── v1.3.0
   Installed LRUCache ──────────────────── v1.6.2
   Installed DiffRules ─────────────────── v1.15.1
   Installed LoggingExtras ─────────────── v1.0.3
   Installed DiffResults ───────────────── v1.1.0
   Installed Tables ────────────────────── v1.12.0
   Installed SpecialFunctions ──────────── v2.5.0
   Installed HashArrayMappedTries ──────── v0.2.0
   Installed WignerSymbols ─────────────── v2.0.0
   Installed ChunkSplitters ────────────── v3.1.2
   Installed OptimKit ──────────────────── v0.4.0
   Installed Primes ────────────────────── v0.5.7
   Installed DataAPI ───────────────────── v1.16.0
   Installed RecipesBase ───────────────── v1.3.4
   Installed StaticArrays ──────────────── v1.9.13
   Installed AbstractFFTs ──────────────── v1.5.0
   Installed Zygote ────────────────────── v0.7.6
   Installed TensorKit ─────────────────── v0.14.5
   Installed MPSKit ────────────────────── v0.12.6
   Installed BlockArrays ───────────────── v1.6.1
   Installed NaNMath ───────────────────── v1.1.3
   Installed JLLWrappers ───────────────── v1.7.0
   Installed StaticArraysCore ──────────── v1.4.3
   Installed FiniteDifferences ─────────── v0.12.32
   Installed PrecompileTools ───────────── v1.2.1
   Installed IteratorInterfaceExtensions ─ v1.0.0
   Installed Richardson ────────────────── v1.4.2
   Installed ConstructionBase ──────────── v1.5.8
   Installed DataValueInterfaces ───────── v1.0.0
   Installed OrderedCollections ────────── v1.8.0
   Installed StructArrays ──────────────── v0.7.1
   Installed RationalRoots ─────────────── v0.2.1
   Installed StableTasks ───────────────── v0.1.7
   Installed TranscodingStreams ────────── v0.11.3
   Installed TensorKitSectors ──────────── v0.1.4
   Installed ScopedValues ──────────────── v1.3.0
   Installed InitialValues ─────────────── v0.3.1
   Installed ForwardDiff ───────────────── v1.0.1
   Installed ChainRulesCore ────────────── v1.25.1
   Installed VectorInterface ───────────── v0.5.0
   Installed FileIO ────────────────────── v1.17.0
   Installed MPSKitModels ──────────────── v0.4.0
   Installed FillArrays ────────────────── v1.13.0
   Installed Requires ──────────────────── v1.3.1
   Installed Statistics ────────────────── v1.11.1
   Installed LogExpFunctions ───────────── v0.3.29
   Installed CommonSubexpressions ──────── v0.3.1
   Installed ZygoteRules ───────────────── v0.2.7
   Installed HalfIntegers ──────────────── v1.6.0
   Installed ChainRules ────────────────── v1.72.3
   Installed StridedViews ──────────────── v0.4.1
   Installed BangBang ──────────────────── v0.4.4
   Installed Strided ───────────────────── v2.3.0
   Installed PackageExtensionCompat ────── v1.0.2
   Installed MacroTools ────────────────── v0.5.15
   Installed OpenSpecFun_jll ───────────── v0.5.6+0
   Installed TensorKitManifolds ────────── v0.7.2
   Installed CompositionsBase ──────────── v0.1.2
   Installed Compat ────────────────────── v4.16.0
   Installed SparseInverseSubset ───────── v0.1.2
   Installed InverseFunctions ──────────── v0.1.17
   Installed DocStringExtensions ───────── v0.9.4
   Installed KrylovKit ─────────────────── v0.9.5
   Installed TupleTools ────────────────── v1.6.0
   Installed ArrayLayouts ──────────────── v1.11.1
   Installed PEPSKit ───────────────────── v0.5.0
   Installed TensorOperations ──────────── v5.2.0
    Updating `/var/lib/condor/execute/dir_4184299/Project.toml`
  [d360d2e6] + ChainRulesCore v1.25.1
  [033835bb] + JLD2 v0.5.12
  [0b1a1467] + KrylovKit v0.9.5
  [bb1c41ca] + MPSKit v0.12.6
  [ca635005] + MPSKitModels v0.4.0
  [77e91f04] + OptimKit v0.4.0
  [52969e89] + PEPSKit v0.5.0
  [07d1fe3e] + TensorKit v0.14.5
  [409d34a3] + VectorInterface v0.5.0
  [e88e6eb3] + Zygote v0.7.6
  [37e2e46d] ~ LinearAlgebra ⇒ v1.11.0
    Updating `/var/lib/condor/execute/dir_4184299/Manifest.toml`
  [621f4979] + AbstractFFTs v1.5.0
  [7d9f7c33] + Accessors v0.1.42
  [79e6a3ab] + Adapt v4.3.0
  [4c555306] + ArrayLayouts v1.11.1
  [198e06fe] + BangBang v0.4.4
  [8e7c35d0] + BlockArrays v1.6.1
  [5f87ffc2] + BlockTensorKit v0.1.6
  [082447d4] + ChainRules v1.72.3
  [d360d2e6] + ChainRulesCore v1.25.1
  [ae650224] + ChunkSplitters v3.1.2
  [bbf7d656] + CommonSubexpressions v0.3.1
  [34da2185] + Compat v4.16.0
  [a33af91c] + CompositionsBase v0.1.2
  [187b0558] + ConstructionBase v1.5.8
  [9a962f9c] + DataAPI v1.16.0
  [e2d170a0] + DataValueInterfaces v1.0.0
  [163ba53b] + DiffResults v1.1.0
  [b552c78f] + DiffRules v1.15.1
  [ffbed154] + DocStringExtensions v0.9.4
  [5789e2e9] + FileIO v1.17.0
  [1a297f60] + FillArrays v1.13.0
  [26cc04aa] + FiniteDifferences v0.12.32
  [f6369f11] + ForwardDiff v1.0.1
  [46192b85] + GPUArraysCore v0.2.0
  [f0d1745a] + HalfIntegers v1.6.0
  [076d061b] + HashArrayMappedTries v0.2.0
  [7869d1d1] + IRTools v0.4.14
  [22cec73e] + InitialValues v0.3.1
  [18e54dd8] + IntegerMathUtils v0.1.2
  [3587e190] + InverseFunctions v0.1.17
  [92d709cd] + IrrationalConstants v0.2.4
  [82899510] + IteratorInterfaceExtensions v1.0.0
  [033835bb] + JLD2 v0.5.12
  [692b3bcd] + JLLWrappers v1.7.0
  [0b1a1467] + KrylovKit v0.9.5
  [8ac3fa9e] + LRUCache v1.6.2
  [2ab3a3ac] + LogExpFunctions v0.3.29
⌅ [e6f89c97] + LoggingExtras v1.0.3
  [bb1c41ca] + MPSKit v0.12.6
  [ca635005] + MPSKitModels v0.4.0
  [1914dd2f] + MacroTools v0.5.15
  [77ba4419] + NaNMath v1.1.3
⌅ [67456a42] + OhMyThreads v0.7.0
  [77e91f04] + OptimKit v0.4.0
  [bac558e1] + OrderedCollections v1.8.0
  [52969e89] + PEPSKit v0.5.0
  [65ce6f38] + PackageExtensionCompat v1.0.2
⌅ [aea7be01] + PrecompileTools v1.2.1
  [21216c6a] + Preferences v1.4.3
  [27ebfcd6] + Primes v0.5.7
  [43287f4e] + PtrArrays v1.3.0
  [308eb6b3] + RationalRoots v0.2.1
  [c1ae055f] + RealDot v0.1.0
  [3cdcf5f2] + RecipesBase v1.3.4
  [ae029012] + Requires v1.3.1
  [708f8203] + Richardson v1.4.2
  [7e506255] + ScopedValues v1.3.0
  [dc90abb0] + SparseInverseSubset v0.1.2
  [276daf66] + SpecialFunctions v2.5.0
  [91464d47] + StableTasks v0.1.7
  [90137ffa] + StaticArrays v1.9.13
  [1e83bf80] + StaticArraysCore v1.4.3
  [10745b16] + Statistics v1.11.1
  [5e0ebb24] + Strided v2.3.0
  [4db3bf67] + StridedViews v0.4.1
  [09ab397b] + StructArrays v0.7.1
  [3783bdb8] + TableTraits v1.0.1
  [bd369af6] + Tables v1.12.0
  [ed4db957] + TaskLocalValues v0.1.2
  [07d1fe3e] + TensorKit v0.14.5
  [11fa318c] + TensorKitManifolds v0.7.2
  [13a9c161] + TensorKitSectors v0.1.4
  [6aa20fa7] + TensorOperations v5.2.0
  [3bb67fe8] + TranscodingStreams v0.11.3
  [9d95972d] + TupleTools v1.6.0
  [409d34a3] + VectorInterface v0.5.0
  [9f57e263] + WignerSymbols v2.0.0
  [e88e6eb3] + Zygote v0.7.6
  [700de1a5] + ZygoteRules v0.2.7
  [efe28fd5] + OpenSpecFun_jll v0.5.6+0
  [0dad84c5] + ArgTools v1.1.2
  [56f22d72] + Artifacts v1.11.0
  [2a0f44e3] + Base64 v1.11.0
  [ade2ca70] + Dates v1.11.0
  [8ba89e20] + Distributed v1.11.0
  [f43a241f] + Downloads v1.6.0
  [7b1f6079] + FileWatching v1.11.0
  [b77e0a4c] + InteractiveUtils v1.11.0
  [b27032c2] + LibCURL v0.6.4
  [76f85450] + LibGit2 v1.11.0
  [8f399da3] + Libdl v1.11.0
  [37e2e46d] + LinearAlgebra v1.11.0
  [56ddb016] + Logging v1.11.0
  [d6f4376e] + Markdown v1.11.0
  [a63ad114] + Mmap v1.11.0
  [ca575930] + NetworkOptions v1.2.0
  [44cfe95a] + Pkg v1.11.0
  [de0858da] + Printf v1.11.0
  [9a3f8284] + Random v1.11.0
  [ea8e919c] + SHA v0.7.0
  [9e88b42a] + Serialization v1.11.0
  [6462fe0b] + Sockets v1.11.0
  [2f01184e] + SparseArrays v1.11.0
  [4607b0f0] + SuiteSparse
  [fa267f1f] + TOML v1.0.3
  [a4e569a6] + Tar v1.10.0
  [cf7118a7] + UUIDs v1.11.0
  [4ec0a83e] + Unicode v1.11.0
  [e66e0078] + CompilerSupportLibraries_jll v1.1.1+0
  [deac9b47] + LibCURL_jll v8.6.0+0
  [e37daf67] + LibGit2_jll v1.7.2+0
  [29816b5a] + LibSSH2_jll v1.11.0+1
  [c8ffd9c3] + MbedTLS_jll v2.28.6+0
  [14a3606d] + MozillaCACerts_jll v2023.12.12
  [4536629a] + OpenBLAS_jll v0.3.27+1
  [05823500] + OpenLibm_jll v0.8.1+2
  [bea87d4a] + SuiteSparse_jll v7.7.0+0
  [83775a58] + Zlib_jll v1.2.13+1
  [8e850b90] + libblastrampoline_jll v5.11.0+0
  [8e850ede] + nghttp2_jll v1.59.0+0
  [3f19e933] + p7zip_jll v17.4.0+2
        Info Packages marked with ⌅ have new versions available but compatibility constraints restrict them from upgrading. To see why use `status --outdated -m`
Precompiling project...
    441.1 ms  ✓ TaskLocalValues
    394.9 ms  ✓ DataValueInterfaces
    410.2 ms  ✓ IntegerMathUtils
    410.0 ms  ✓ RealDot
    436.7 ms  ✓ Richardson
    504.3 ms  ✓ HalfIntegers
    510.2 ms  ✓ StableTasks
    486.2 ms  ✓ InverseFunctions
    572.8 ms  ✓ LRUCache
    585.3 ms  ✓ DocStringExtensions
    616.6 ms  ✓ AbstractFFTs
    630.8 ms  ✓ OrderedCollections
    593.2 ms  ✓ Statistics
    645.1 ms  ✓ VectorInterface
    395.9 ms  ✓ IteratorInterfaceExtensions
    391.7 ms  ✓ PackageExtensionCompat
    451.4 ms  ✓ DataAPI
    406.6 ms  ✓ PtrArrays
    531.9 ms  ✓ ConstructionBase
    447.9 ms  ✓ CompositionsBase
   1012.5 ms  ✓ FillArrays
    517.5 ms  ✓ ChunkSplitters
    626.5 ms  ✓ StaticArraysCore
    616.5 ms  ✓ TranscodingStreams
    570.1 ms  ✓ HashArrayMappedTries
    620.1 ms  ✓ RationalRoots
    629.7 ms  ✓ TupleTools
   1217.6 ms  ✓ IrrationalConstants
    534.2 ms  ✓ NaNMath
    575.6 ms  ✓ Requires
    598.6 ms  ✓ LoggingExtras
    929.7 ms  ✓ InitialValues
    617.3 ms  ✓ SuiteSparse
    621.0 ms  ✓ Compat
    426.5 ms  ✓ TableTraits
    666.7 ms  ✓ InverseFunctions → InverseFunctionsDatesExt
    450.9 ms  ✓ LRUCache → SerializationExt
    690.7 ms  ✓ Primes
    478.7 ms  ✓ DiffResults
    780.4 ms  ✓ Preferences
    506.0 ms  ✓ ConstructionBase → ConstructionBaseLinearAlgebraExt
    516.2 ms  ✓ StridedViews
    476.1 ms  ✓ CompositionsBase → CompositionsBaseInverseFunctionsExt
    661.3 ms  ✓ Statistics → SparseArraysExt
    507.2 ms  ✓ FillArrays → FillArraysStatisticsExt
    454.4 ms  ✓ ScopedValues
    455.4 ms  ✓ Compat → CompatLinearAlgebraExt
    500.9 ms  ✓ Adapt
    704.6 ms  ✓ FillArrays → FillArraysSparseArraysExt
    507.6 ms  ✓ PrecompileTools
    609.9 ms  ✓ SparseInverseSubset
    462.5 ms  ✓ StridedViews → StridedViewsPtrArraysExt
    699.9 ms  ✓ LogExpFunctions
    607.8 ms  ✓ JLLWrappers
    896.0 ms  ✓ Tables
    712.3 ms  ✓ Strided
    585.0 ms  ✓ GPUArraysCore
   2377.1 ms  ✓ MacroTools
    493.0 ms  ✓ LogExpFunctions → LogExpFunctionsInverseFunctionsExt
    678.8 ms  ✓ Adapt → AdaptSparseArraysExt
    678.6 ms  ✓ OpenSpecFun_jll
   1671.9 ms  ✓ KrylovKit
    542.2 ms  ✓ CommonSubexpressions
   1373.1 ms  ✓ OptimKit
   1351.5 ms  ✓ ChainRulesCore
    920.1 ms  ✓ StructArrays
    477.6 ms  ✓ StructArrays → StructArraysAdaptExt
    511.4 ms  ✓ AbstractFFTs → AbstractFFTsChainRulesCoreExt
   1765.6 ms  ✓ RecipesBase
    668.3 ms  ✓ KrylovKit → KrylovKitChainRulesCoreExt
    670.7 ms  ✓ StructArrays → StructArraysSparseArraysExt
    695.3 ms  ✓ ChainRulesCore → ChainRulesCoreSparseArraysExt
   2544.0 ms  ✓ WignerSymbols
    887.5 ms  ✓ ZygoteRules
    495.9 ms  ✓ StructArrays → StructArraysLinearAlgebraExt
   1817.0 ms  ✓ IRTools
   2021.5 ms  ✓ Accessors
   1458.4 ms  ✓ LogExpFunctions → LogExpFunctionsChainRulesCoreExt
    633.3 ms  ✓ Accessors → StructArraysExt
    687.8 ms  ✓ Accessors → LinearAlgebraExt
   4136.7 ms  ✓ FileIO
   2928.2 ms  ✓ SpecialFunctions
    901.8 ms  ✓ BangBang
    695.5 ms  ✓ DiffRules
    563.3 ms  ✓ BangBang → BangBangTablesExt
    585.8 ms  ✓ BangBang → BangBangStructArraysExt
    592.4 ms  ✓ BangBang → BangBangChainRulesCoreExt
    983.5 ms  ✓ OhMyThreads
   1771.0 ms  ✓ SpecialFunctions → SpecialFunctionsChainRulesCoreExt
   6821.0 ms  ✓ StaticArrays
    663.4 ms  ✓ StaticArrays → StaticArraysStatisticsExt
    670.7 ms  ✓ Adapt → AdaptStaticArraysExt
    684.4 ms  ✓ ConstructionBase → ConstructionBaseStaticArraysExt
    720.5 ms  ✓ StructArrays → StructArraysStaticArraysExt
    745.8 ms  ✓ StaticArrays → StaticArraysChainRulesCoreExt
    747.9 ms  ✓ BangBang → BangBangStaticArraysExt
    806.3 ms  ✓ Accessors → StaticArraysExt
   5834.4 ms  ✓ ChainRules
   3764.0 ms  ✓ ForwardDiff
   1171.8 ms  ✓ FiniteDifferences
    910.7 ms  ✓ ForwardDiff → ForwardDiffStaticArraysExt
  12729.4 ms  ✓ ArrayLayouts
    753.2 ms  ✓ ArrayLayouts → ArrayLayoutsSparseArraysExt
   1525.4 ms  ✓ BlockArrays
    880.5 ms  ✓ BlockArrays → BlockArraysAdaptExt
  30252.8 ms  ✓ JLD2
  25855.1 ms  ✓ Zygote
 111408.8 ms  ✓ TensorOperations
   1499.0 ms  ✓ TensorOperations → TensorOperationsChainRulesCoreExt
   5407.1 ms  ✓ TensorKitSectors
   6794.0 ms  ✓ TensorKit
   1788.3 ms  ✓ TensorKit → TensorKitFiniteDifferencesExt
   1812.7 ms  ✓ TensorKitManifolds
   1941.1 ms  ✓ TensorKit → TensorKitChainRulesCoreExt
   2473.1 ms  ✓ BlockTensorKit
  14184.0 ms  ✓ MPSKit
  10922.8 ms  ✓ MPSKitModels
  12877.5 ms  ✓ PEPSKit
  118 dependencies successfully precompiled in 167 seconds. 31 already precompiled.
[ Info: CTMRG init:	obj = -2.646632458540e-01 +1.455903123114e-02im	err = 1.0000e+00
[ Info: CTMRG conv 46:	obj = +2.439149562733e+00	err = 9.0258201832e-10	time = 33.98 sec
[ Info: CTMRG init:	obj = +2.439149562733e+00	err = 1.0000e+00
[ Info: CTMRG conv 4:	obj = +2.439149562733e+00	err = 8.2776137939e-11	time = 1.31 min
┌ Warning: `svd` cotangents sensitive to gauge choice: (|Δgauge| = 0.6118917486431223)
└ @ TensorKitChainRulesCoreExt ~/.julia/packages/TensorKit/esxcj/ext/TensorKitChainRulesCoreExt/factorizations.jl:254
┌ Warning: `svd` cotangents sensitive to gauge choice: (|Δgauge| = 0.03517211717719689)
└ @ TensorKitChainRulesCoreExt ~/.julia/packages/TensorKit/esxcj/ext/TensorKitChainRulesCoreExt/factorizations.jl:254
┌ Warning: `svd` cotangents sensitive to gauge choice: (|Δgauge| = 0.576719631465942)
└ @ TensorKitChainRulesCoreExt ~/.julia/packages/TensorKit/esxcj/ext/TensorKitChainRulesCoreExt/factorizations.jl:254
[ Info: LBFGS: initializing with f = 0.007108365352, ‖∇f‖ = 8.0039e-01
[ Info: CTMRG init:	obj = +2.444253792219e+00	err = 1.0000e+00
[ Info: CTMRG conv 25:	obj = +2.444306883104e+00	err = 7.5682690523e-10	time = 10.19 sec
┌ Warning: `svd` cotangents sensitive to gauge choice: (|Δgauge| = 0.6209803466137747)
└ @ TensorKitChainRulesCoreExt ~/.julia/packages/TensorKit/esxcj/ext/TensorKitChainRulesCoreExt/factorizations.jl:254
┌ Warning: `svd` cotangents sensitive to gauge choice: (|Δgauge| = 1.0677348524342976e-7)
└ @ TensorKitChainRulesCoreExt ~/.julia/packages/TensorKit/esxcj/ext/TensorKitChainRulesCoreExt/factorizations.jl:254
┌ Warning: `svd` cotangents sensitive to gauge choice: (|Δgauge| = 0.6209804533872693)
└ @ TensorKitChainRulesCoreExt ~/.julia/packages/TensorKit/esxcj/ext/TensorKitChainRulesCoreExt/factorizations.jl:254
[ Info: CTMRG init:	obj = +2.465068337686e+00	err = 1.0000e+00
[ Info: CTMRG conv 28:	obj = +2.466460779108e+00	err = 7.4487820855e-10	time = 10.74 sec
┌ Warning: `svd` cotangents sensitive to gauge choice: (|Δgauge| = 0.6587151561400916)
└ @ TensorKitChainRulesCoreExt ~/.julia/packages/TensorKit/esxcj/ext/TensorKitChainRulesCoreExt/factorizations.jl:254
┌ Warning: `svd` cotangents sensitive to gauge choice: (|Δgauge| = 2.1888070668095576e-8)
└ @ TensorKitChainRulesCoreExt ~/.julia/packages/TensorKit/esxcj/ext/TensorKitChainRulesCoreExt/factorizations.jl:254
┌ Warning: `svd` cotangents sensitive to gauge choice: (|Δgauge| = 0.6587151342520232)
└ @ TensorKitChainRulesCoreExt ~/.julia/packages/TensorKit/esxcj/ext/TensorKitChainRulesCoreExt/factorizations.jl:254
[ Info: CTMRG init:	obj = +2.578556483399e+00	err = 1.0000e+00
[ Info: CTMRG conv 30:	obj = +2.621813159895e+00	err = 9.6872547197e-10	time = 11.29 sec
┌ Warning: `svd` cotangents sensitive to gauge choice: (|Δgauge| = 0.866432047673742)
└ @ TensorKitChainRulesCoreExt ~/.julia/packages/TensorKit/esxcj/ext/TensorKitChainRulesCoreExt/factorizations.jl:254
┌ Warning: `svd` cotangents sensitive to gauge choice: (|Δgauge| = 8.811348716081639e-9)
└ @ TensorKitChainRulesCoreExt ~/.julia/packages/TensorKit/esxcj/ext/TensorKitChainRulesCoreExt/factorizations.jl:254
┌ Warning: `svd` cotangents sensitive to gauge choice: (|Δgauge| = 0.866432038862409)
└ @ TensorKitChainRulesCoreExt ~/.julia/packages/TensorKit/esxcj/ext/TensorKitChainRulesCoreExt/factorizations.jl:254
[ Info: CTMRG init:	obj = +3.362096400420e+00 -7.836006000567e-12im	err = 1.0000e+00
[ Info: CTMRG conv 18:	obj = +4.859223110672e+00	err = 4.8537238870e-10	time = 6.88 sec
┌ Warning: `svd` cotangents sensitive to gauge choice: (|Δgauge| = 0.8654838054575915)
└ @ TensorKitChainRulesCoreExt ~/.julia/packages/TensorKit/esxcj/ext/TensorKitChainRulesCoreExt/factorizations.jl:254
┌ Warning: `svd` cotangents sensitive to gauge choice: (|Δgauge| = 8.238403008600326e-10)
└ @ TensorKitChainRulesCoreExt ~/.julia/packages/TensorKit/esxcj/ext/TensorKitChainRulesCoreExt/factorizations.jl:254
┌ Warning: `svd` cotangents sensitive to gauge choice: (|Δgauge| = 0.8654838046337472)
└ @ TensorKitChainRulesCoreExt ~/.julia/packages/TensorKit/esxcj/ext/TensorKitChainRulesCoreExt/factorizations.jl:254
[ Info: CTMRG init:	obj = +8.889770602692e+00 -5.912092079959e-11im	err = 1.0000e+00
[ Info: CTMRG conv 13:	obj = +2.697923548821e+01	err = 1.2849468537e-10	time = 4.82 sec
┌ Warning: `svd` cotangents sensitive to gauge choice: (|Δgauge| = 0.05707277542770553)
└ @ TensorKitChainRulesCoreExt ~/.julia/packages/TensorKit/esxcj/ext/TensorKitChainRulesCoreExt/factorizations.jl:254
┌ Warning: `svd` cotangents sensitive to gauge choice: (|Δgauge| = 0.057072775388024286)
└ @ TensorKitChainRulesCoreExt ~/.julia/packages/TensorKit/esxcj/ext/TensorKitChainRulesCoreExt/factorizations.jl:254
[ Info: CTMRG init:	obj = +8.828750568155e+00 -5.850711925773e-11im	err = 1.0000e+00
[ Info: CTMRG conv 12:	obj = +2.671383302955e+01	err = 5.1208868530e-10	time = 4.29 sec
┌ Warning: `svd` cotangents sensitive to gauge choice: (|Δgauge| = 0.059898597433398454)
└ @ TensorKitChainRulesCoreExt ~/.julia/packages/TensorKit/esxcj/ext/TensorKitChainRulesCoreExt/factorizations.jl:254
┌ Warning: `svd` cotangents sensitive to gauge choice: (|Δgauge| = 0.05989859744869829)
└ @ TensorKitChainRulesCoreExt ~/.julia/packages/TensorKit/esxcj/ext/TensorKitChainRulesCoreExt/factorizations.jl:254
[ Info: LBFGS: iter    1, time 1195.42 s: f = -1.617731335601, ‖∇f‖ = 2.4653e-02, α = 6.16e+02, m = 0, nfg = 6
[ Info: CTMRG init:	obj = +2.623823442163e+01	err = 1.0000e+00
[ Info: CTMRG conv 8:	obj = +2.623953075564e+01	err = 2.0523929745e-10	time = 2.72 sec
┌ Warning: `svd` cotangents sensitive to gauge choice: (|Δgauge| = 0.07925233086488224)
└ @ TensorKitChainRulesCoreExt ~/.julia/packages/TensorKit/esxcj/ext/TensorKitChainRulesCoreExt/factorizations.jl:254
┌ Warning: `svd` cotangents sensitive to gauge choice: (|Δgauge| = 1.1931309254676609e-11)
└ @ TensorKitChainRulesCoreExt ~/.julia/packages/TensorKit/esxcj/ext/TensorKitChainRulesCoreExt/factorizations.jl:254
┌ Warning: `svd` cotangents sensitive to gauge choice: (|Δgauge| = 0.0792523308454812)
└ @ TensorKitChainRulesCoreExt ~/.julia/packages/TensorKit/esxcj/ext/TensorKitChainRulesCoreExt/factorizations.jl:254
[ Info: CTMRG init:	obj = +2.388783977432e+01	err = 1.0000e+00
[ Info: CTMRG conv 8:	obj = +2.394124195099e+01	err = 4.5737959995e-10	time = 2.76 sec
┌ Warning: `svd` cotangents sensitive to gauge choice: (|Δgauge| = 0.1912243027768158)
└ @ TensorKitChainRulesCoreExt ~/.julia/packages/TensorKit/esxcj/ext/TensorKitChainRulesCoreExt/factorizations.jl:254
┌ Warning: `svd` cotangents sensitive to gauge choice: (|Δgauge| = 3.849245890519039e-11)
└ @ TensorKitChainRulesCoreExt ~/.julia/packages/TensorKit/esxcj/ext/TensorKitChainRulesCoreExt/factorizations.jl:254
┌ Warning: `svd` cotangents sensitive to gauge choice: (|Δgauge| = 0.19122430279890737)
└ @ TensorKitChainRulesCoreExt ~/.julia/packages/TensorKit/esxcj/ext/TensorKitChainRulesCoreExt/factorizations.jl:254
[ Info: CTMRG init:	obj = +7.269078573099e+00	err = 1.0000e+00
┌ Warning: CTMRG cancel 100:	obj = +1.237799094502e+01	err = 4.0880110498e-09	time = 44.29 sec
└ @ PEPSKit ~/.julia/packages/PEPSKit/P7ER3/src/algorithms/ctmrg/ctmrg.jl:129
┌ Warning: `svd` cotangents sensitive to gauge choice: (|Δgauge| = 1.0837499805712731)
└ @ TensorKitChainRulesCoreExt ~/.julia/packages/TensorKit/esxcj/ext/TensorKitChainRulesCoreExt/factorizations.jl:254
┌ Warning: `svd` cotangents sensitive to gauge choice: (|Δgauge| = 1.0837499805532134)
└ @ TensorKitChainRulesCoreExt ~/.julia/packages/TensorKit/esxcj/ext/TensorKitChainRulesCoreExt/factorizations.jl:254
[ Info: CTMRG init:	obj = +2.351315725487e+01	err = 1.0000e+00
[ Info: CTMRG conv 8:	obj = +2.358316610368e+01	err = 4.5570579423e-10	time = 3.21 sec
┌ Warning: `svd` cotangents sensitive to gauge choice: (|Δgauge| = 0.21156529097156712)
└ @ TensorKitChainRulesCoreExt ~/.julia/packages/TensorKit/esxcj/ext/TensorKitChainRulesCoreExt/factorizations.jl:254
┌ Warning: `svd` cotangents sensitive to gauge choice: (|Δgauge| = 4.453246138963734e-11)
└ @ TensorKitChainRulesCoreExt ~/.julia/packages/TensorKit/esxcj/ext/TensorKitChainRulesCoreExt/factorizations.jl:254
┌ Warning: `svd` cotangents sensitive to gauge choice: (|Δgauge| = 0.21156529081421593)
└ @ TensorKitChainRulesCoreExt ~/.julia/packages/TensorKit/esxcj/ext/TensorKitChainRulesCoreExt/factorizations.jl:254
[ Info: LBFGS: iter    2, time 1284.07 s: f = -1.641999450701, ‖∇f‖ = 1.4031e-02, α = 5.55e+00, m = 1, nfg = 4
[ Info: CTMRG init:	obj = +1.698162319713e+01	err = 1.0000e+00
[ Info: CTMRG conv 10:	obj = +1.744428987364e+01	err = 5.9406080764e-10	time = 4.78 sec
┌ Warning: `svd` cotangents sensitive to gauge choice: (|Δgauge| = 0.6023857979692455)
└ @ TensorKitChainRulesCoreExt ~/.julia/packages/TensorKit/esxcj/ext/TensorKitChainRulesCoreExt/factorizations.jl:254
┌ Warning: `svd` cotangents sensitive to gauge choice: (|Δgauge| = 8.274045642831937e-12)
└ @ TensorKitChainRulesCoreExt ~/.julia/packages/TensorKit/esxcj/ext/TensorKitChainRulesCoreExt/factorizations.jl:254
┌ Warning: `svd` cotangents sensitive to gauge choice: (|Δgauge| = 0.602385799652249)
└ @ TensorKitChainRulesCoreExt ~/.julia/packages/TensorKit/esxcj/ext/TensorKitChainRulesCoreExt/factorizations.jl:254
[ Info: CTMRG init:	obj = +2.316016800473e+01	err = 1.0000e+00
[ Info: CTMRG conv 8:	obj = +2.316157688358e+01	err = 3.0014212678e-10	time = 3.66 sec
┌ Warning: `svd` cotangents sensitive to gauge choice: (|Δgauge| = 0.23192813031129478)
└ @ TensorKitChainRulesCoreExt ~/.julia/packages/TensorKit/esxcj/ext/TensorKitChainRulesCoreExt/factorizations.jl:254
┌ Warning: `svd` cotangents sensitive to gauge choice: (|Δgauge| = 5.563457658552141e-11)
└ @ TensorKitChainRulesCoreExt ~/.julia/packages/TensorKit/esxcj/ext/TensorKitChainRulesCoreExt/factorizations.jl:254
┌ Warning: `svd` cotangents sensitive to gauge choice: (|Δgauge| = 0.23192813050220867)
└ @ TensorKitChainRulesCoreExt ~/.julia/packages/TensorKit/esxcj/ext/TensorKitChainRulesCoreExt/factorizations.jl:254
[ Info: LBFGS: iter    3, time 1301.04 s: f = -1.643276090523, ‖∇f‖ = 9.5191e-03, α = 7.22e-02, m = 2, nfg = 2
[ Info: CTMRG init:	obj = +2.201512620571e+01	err = 1.0000e+00
[ Info: CTMRG conv 8:	obj = +2.202448082012e+01	err = 3.6941898377e-10	time = 4.58 sec
┌ Warning: `svd` cotangents sensitive to gauge choice: (|Δgauge| = 0.27835697121049785)
└ @ TensorKitChainRulesCoreExt ~/.julia/packages/TensorKit/esxcj/ext/TensorKitChainRulesCoreExt/factorizations.jl:254
┌ Warning: `svd` cotangents sensitive to gauge choice: (|Δgauge| = 1.014901322573442e-10)
└ @ TensorKitChainRulesCoreExt ~/.julia/packages/TensorKit/esxcj/ext/TensorKitChainRulesCoreExt/factorizations.jl:254
┌ Warning: `svd` cotangents sensitive to gauge choice: (|Δgauge| = 0.2783569713593633)
└ @ TensorKitChainRulesCoreExt ~/.julia/packages/TensorKit/esxcj/ext/TensorKitChainRulesCoreExt/factorizations.jl:254
[ Info: LBFGS: iter    4, time 1311.03 s: f = -1.644541853973, ‖∇f‖ = 7.2633e-03, α = 1.00e+00, m = 3, nfg = 1
[ Info: CTMRG init:	obj = +2.200880754145e+01	err = 1.0000e+00
[ Info: CTMRG conv 8:	obj = +2.200894711648e+01	err = 4.6367093818e-10	time = 3.45 sec
┌ Warning: `svd` cotangents sensitive to gauge choice: (|Δgauge| = 0.2686076179162429)
└ @ TensorKitChainRulesCoreExt ~/.julia/packages/TensorKit/esxcj/ext/TensorKitChainRulesCoreExt/factorizations.jl:254
┌ Warning: `svd` cotangents sensitive to gauge choice: (|Δgauge| = 1.040932057195745e-10)
└ @ TensorKitChainRulesCoreExt ~/.julia/packages/TensorKit/esxcj/ext/TensorKitChainRulesCoreExt/factorizations.jl:254
┌ Warning: `svd` cotangents sensitive to gauge choice: (|Δgauge| = 0.26860761785766096)
└ @ TensorKitChainRulesCoreExt ~/.julia/packages/TensorKit/esxcj/ext/TensorKitChainRulesCoreExt/factorizations.jl:254
[ Info: LBFGS: iter    5, time 1318.51 s: f = -1.645051795684, ‖∇f‖ = 5.4952e-03, α = 1.00e+00, m = 3, nfg = 1
[ Info: CTMRG init:	obj = +1.718255720456e+01	err = 1.0000e+00
[ Info: CTMRG conv 11:	obj = +1.720823113984e+01	err = 9.2339401459e-10	time = 5.05 sec
┌ Warning: `svd` cotangents sensitive to gauge choice: (|Δgauge| = 0.1579819705967366)
└ @ TensorKitChainRulesCoreExt ~/.julia/packages/TensorKit/esxcj/ext/TensorKitChainRulesCoreExt/factorizations.jl:254
┌ Warning: `svd` cotangents sensitive to gauge choice: (|Δgauge| = 0.15798197049587184)
└ @ TensorKitChainRulesCoreExt ~/.julia/packages/TensorKit/esxcj/ext/TensorKitChainRulesCoreExt/factorizations.jl:254
[ Info: CTMRG init:	obj = +3.854762478105e+00	err = 1.0000e+00
[ Info: CTMRG conv 21:	obj = +7.824983889113e+00	err = 3.7793345270e-10	time = 10.18 sec
┌ Warning: `svd` cotangents sensitive to gauge choice: (|Δgauge| = 0.6494348552282916)
└ @ TensorKitChainRulesCoreExt ~/.julia/packages/TensorKit/esxcj/ext/TensorKitChainRulesCoreExt/factorizations.jl:254
┌ Warning: `svd` cotangents sensitive to gauge choice: (|Δgauge| = 0.6494348550719703)
└ @ TensorKitChainRulesCoreExt ~/.julia/packages/TensorKit/esxcj/ext/TensorKitChainRulesCoreExt/factorizations.jl:254
[ Info: CTMRG init:	obj = +1.081372377776e+00	err = 1.0000e+00
┌ Warning: CTMRG cancel 100:	obj = +7.024022704468e+00	err = 5.9280005774e-09	time = 58.67 sec
└ @ PEPSKit ~/.julia/packages/PEPSKit/P7ER3/src/algorithms/ctmrg/ctmrg.jl:129
┌ Warning: `svd` cotangents sensitive to gauge choice: (|Δgauge| = 0.41414553039286056)
└ @ TensorKitChainRulesCoreExt ~/.julia/packages/TensorKit/esxcj/ext/TensorKitChainRulesCoreExt/factorizations.jl:254
┌ Warning: `svd` cotangents sensitive to gauge choice: (|Δgauge| = 4.5100042610539984e-10)
└ @ TensorKitChainRulesCoreExt ~/.julia/packages/TensorKit/esxcj/ext/TensorKitChainRulesCoreExt/factorizations.jl:254
┌ Warning: `svd` cotangents sensitive to gauge choice: (|Δgauge| = 0.41414552994164605)
└ @ TensorKitChainRulesCoreExt ~/.julia/packages/TensorKit/esxcj/ext/TensorKitChainRulesCoreExt/factorizations.jl:254
[ Info: CTMRG init:	obj = +1.283271328502e+01	err = 1.0000e+00
[ Info: CTMRG conv 13:	obj = +1.291828718876e+01	err = 2.7937523014e-10	time = 9.73 sec
┌ Warning: `svd` cotangents sensitive to gauge choice: (|Δgauge| = 0.21730963400012182)
└ @ TensorKitChainRulesCoreExt ~/.julia/packages/TensorKit/esxcj/ext/TensorKitChainRulesCoreExt/factorizations.jl:254
┌ Warning: `svd` cotangents sensitive to gauge choice: (|Δgauge| = 6.6112284963606705e-12)
└ @ TensorKitChainRulesCoreExt ~/.julia/packages/TensorKit/esxcj/ext/TensorKitChainRulesCoreExt/factorizations.jl:254
┌ Warning: `svd` cotangents sensitive to gauge choice: (|Δgauge| = 0.21730963445704243)
└ @ TensorKitChainRulesCoreExt ~/.julia/packages/TensorKit/esxcj/ext/TensorKitChainRulesCoreExt/factorizations.jl:254
[ Info: CTMRG init:	obj = +5.849252627064e+00	err = 1.0000e+00
[ Info: CTMRG conv 31:	obj = +7.340724463174e+00	err = 9.3397395886e-10	time = 24.27 sec
┌ Warning: `svd` cotangents sensitive to gauge choice: (|Δgauge| = 0.6067551092888542)
└ @ TensorKitChainRulesCoreExt ~/.julia/packages/TensorKit/esxcj/ext/TensorKitChainRulesCoreExt/factorizations.jl:254
┌ Warning: `svd` cotangents sensitive to gauge choice: (|Δgauge| = 0.6067551092844684)
└ @ TensorKitChainRulesCoreExt ~/.julia/packages/TensorKit/esxcj/ext/TensorKitChainRulesCoreExt/factorizations.jl:254
[ Info: LBFGS: iter    6, time 1476.65 s: f = -1.762928893956, ‖∇f‖ = 3.3188e-01, α = 2.44e+00, m = 3, nfg = 5
[ Info: CTMRG init:	obj = +1.365252104799e+01	err = 1.0000e+00
[ Info: CTMRG conv 11:	obj = +2.196981589560e+01	err = 5.8818687309e-10	time = 8.21 sec
┌ Warning: `svd` cotangents sensitive to gauge choice: (|Δgauge| = 0.24316980134116295)
└ @ TensorKitChainRulesCoreExt ~/.julia/packages/TensorKit/esxcj/ext/TensorKitChainRulesCoreExt/factorizations.jl:254
┌ Warning: `svd` cotangents sensitive to gauge choice: (|Δgauge| = 0.2431698014042364)
└ @ TensorKitChainRulesCoreExt ~/.julia/packages/TensorKit/esxcj/ext/TensorKitChainRulesCoreExt/factorizations.jl:254
[ Info: CTMRG init:	obj = +1.357833770647e+01	err = 1.0000e+00
[ Info: CTMRG conv 10:	obj = +2.180236170463e+01	err = 4.1608511793e-10	time = 5.93 sec
┌ Warning: `svd` cotangents sensitive to gauge choice: (|Δgauge| = 0.237052459144778)
└ @ TensorKitChainRulesCoreExt ~/.julia/packages/TensorKit/esxcj/ext/TensorKitChainRulesCoreExt/factorizations.jl:254
┌ Warning: `svd` cotangents sensitive to gauge choice: (|Δgauge| = 0.2370524592001891)
└ @ TensorKitChainRulesCoreExt ~/.julia/packages/TensorKit/esxcj/ext/TensorKitChainRulesCoreExt/factorizations.jl:254
[ Info: CTMRG init:	obj = +1.083685263627e+01	err = 1.0000e+00
[ Info: CTMRG conv 11:	obj = +1.507666789016e+01	err = 2.7492130996e-10	time = 6.09 sec
┌ Warning: `svd` cotangents sensitive to gauge choice: (|Δgauge| = 0.17368167766663714)
└ @ TensorKitChainRulesCoreExt ~/.julia/packages/TensorKit/esxcj/ext/TensorKitChainRulesCoreExt/factorizations.jl:254
┌ Warning: `svd` cotangents sensitive to gauge choice: (|Δgauge| = 0.1736816777191953)
└ @ TensorKitChainRulesCoreExt ~/.julia/packages/TensorKit/esxcj/ext/TensorKitChainRulesCoreExt/factorizations.jl:254
[ Info: CTMRG init:	obj = +1.004230753530e+01	err = 1.0000e+00
[ Info: CTMRG conv 15:	obj = +1.306715469353e+01	err = 9.4613533215e-10	time = 9.33 sec
┌ Warning: `svd` cotangents sensitive to gauge choice: (|Δgauge| = 0.21036341964370767)
└ @ TensorKitChainRulesCoreExt ~/.julia/packages/TensorKit/esxcj/ext/TensorKitChainRulesCoreExt/factorizations.jl:254
┌ Warning: `svd` cotangents sensitive to gauge choice: (|Δgauge| = 0.21036341921659407)
└ @ TensorKitChainRulesCoreExt ~/.julia/packages/TensorKit/esxcj/ext/TensorKitChainRulesCoreExt/factorizations.jl:254
[ Info: CTMRG init:	obj = +8.634133720237e+00	err = 1.0000e+00
[ Info: CTMRG conv 23:	obj = +9.611419410678e+00	err = 8.6123393769e-10	time = 21.81 sec
┌ Warning: `svd` cotangents sensitive to gauge choice: (|Δgauge| = 0.3211675657101015)
└ @ TensorKitChainRulesCoreExt ~/.julia/packages/TensorKit/esxcj/ext/TensorKitChainRulesCoreExt/factorizations.jl:254
┌ Warning: `svd` cotangents sensitive to gauge choice: (|Δgauge| = 4.219786571086318e-12)
└ @ TensorKitChainRulesCoreExt ~/.julia/packages/TensorKit/esxcj/ext/TensorKitChainRulesCoreExt/factorizations.jl:254
┌ Warning: `svd` cotangents sensitive to gauge choice: (|Δgauge| = 0.32116756565205967)
└ @ TensorKitChainRulesCoreExt ~/.julia/packages/TensorKit/esxcj/ext/TensorKitChainRulesCoreExt/factorizations.jl:254
[ Info: LBFGS: iter    7, time 1553.04 s: f = -1.833549590332, ‖∇f‖ = 1.5190e-01, α = 1.90e-01, m = 3, nfg = 5
[ Info: CTMRG init:	obj = +8.337509070253e+00	err = 1.0000e+00
[ Info: CTMRG conv 38:	obj = +8.462719491196e+00	err = 7.7029154457e-10	time = 25.56 sec
┌ Warning: `svd` cotangents sensitive to gauge choice: (|Δgauge| = 0.26233118619488094)
└ @ TensorKitChainRulesCoreExt ~/.julia/packages/TensorKit/esxcj/ext/TensorKitChainRulesCoreExt/factorizations.jl:254
┌ Warning: `svd` cotangents sensitive to gauge choice: (|Δgauge| = 2.7996865535004223e-10)
└ @ TensorKitChainRulesCoreExt ~/.julia/packages/TensorKit/esxcj/ext/TensorKitChainRulesCoreExt/factorizations.jl:254
┌ Warning: `svd` cotangents sensitive to gauge choice: (|Δgauge| = 0.2623311860540725)
└ @ TensorKitChainRulesCoreExt ~/.julia/packages/TensorKit/esxcj/ext/TensorKitChainRulesCoreExt/factorizations.jl:254
[ Info: LBFGS: iter    8, time 1588.25 s: f = -1.905556306392, ‖∇f‖ = 7.5175e-02, α = 1.00e+00, m = 3, nfg = 1
[ Info: CTMRG init:	obj = +7.835451500754e+00	err = 1.0000e+00
[ Info: CTMRG conv 70:	obj = +7.904202762691e+00	err = 8.9861261658e-10	time = 50.74 sec
┌ Warning: `svd` cotangents sensitive to gauge choice: (|Δgauge| = 0.20445050578751084)
└ @ TensorKitChainRulesCoreExt ~/.julia/packages/TensorKit/esxcj/ext/TensorKitChainRulesCoreExt/factorizations.jl:254
┌ Warning: `svd` cotangents sensitive to gauge choice: (|Δgauge| = 1.3899097658492631e-9)
└ @ TensorKitChainRulesCoreExt ~/.julia/packages/TensorKit/esxcj/ext/TensorKitChainRulesCoreExt/factorizations.jl:254
┌ Warning: `svd` cotangents sensitive to gauge choice: (|Δgauge| = 0.20445050510135726)
└ @ TensorKitChainRulesCoreExt ~/.julia/packages/TensorKit/esxcj/ext/TensorKitChainRulesCoreExt/factorizations.jl:254
[ Info: LBFGS: iter    9, time 1655.01 s: f = -1.924793043466, ‖∇f‖ = 1.7048e-01, α = 1.00e+00, m = 3, nfg = 1
[ Info: CTMRG init:	obj = +8.155877322457e+00	err = 1.0000e+00
[ Info: CTMRG conv 48:	obj = +8.171455279828e+00	err = 9.1792225902e-10	time = 38.19 sec
┌ Warning: `svd` cotangents sensitive to gauge choice: (|Δgauge| = 0.14407911181303928)
└ @ TensorKitChainRulesCoreExt ~/.julia/packages/TensorKit/esxcj/ext/TensorKitChainRulesCoreExt/factorizations.jl:254
┌ Warning: `svd` cotangents sensitive to gauge choice: (|Δgauge| = 4.4099296077426183e-10)
└ @ TensorKitChainRulesCoreExt ~/.julia/packages/TensorKit/esxcj/ext/TensorKitChainRulesCoreExt/factorizations.jl:254
┌ Warning: `svd` cotangents sensitive to gauge choice: (|Δgauge| = 0.14407911136939056)
└ @ TensorKitChainRulesCoreExt ~/.julia/packages/TensorKit/esxcj/ext/TensorKitChainRulesCoreExt/factorizations.jl:254
[ Info: LBFGS: iter   10, time 1704.64 s: f = -1.944721539989, ‖∇f‖ = 7.2894e-02, α = 1.00e+00, m = 3, nfg = 1
[ Info: CTMRG init:	obj = +7.903415404026e+00	err = 1.0000e+00
[ Info: CTMRG conv 50:	obj = +7.934012239601e+00	err = 6.9752021002e-10	time = 38.46 sec
┌ Warning: `svd` cotangents sensitive to gauge choice: (|Δgauge| = 0.3321474765803466)
└ @ TensorKitChainRulesCoreExt ~/.julia/packages/TensorKit/esxcj/ext/TensorKitChainRulesCoreExt/factorizations.jl:254
┌ Warning: `svd` cotangents sensitive to gauge choice: (|Δgauge| = 7.832460317393029e-11)
└ @ TensorKitChainRulesCoreExt ~/.julia/packages/TensorKit/esxcj/ext/TensorKitChainRulesCoreExt/factorizations.jl:254
┌ Warning: `svd` cotangents sensitive to gauge choice: (|Δgauge| = 0.33214747649799464)
└ @ TensorKitChainRulesCoreExt ~/.julia/packages/TensorKit/esxcj/ext/TensorKitChainRulesCoreExt/factorizations.jl:254
[ Info: LBFGS: iter   11, time 1753.61 s: f = -1.950003886207, ‖∇f‖ = 1.3354e-01, α = 1.00e+00, m = 3, nfg = 1
[ Info: CTMRG init:	obj = +7.877923106514e+00	err = 1.0000e+00
[ Info: CTMRG conv 48:	obj = +7.883901656492e+00	err = 8.0102359945e-10	time = 38.01 sec
┌ Warning: `svd` cotangents sensitive to gauge choice: (|Δgauge| = 0.22690504510446927)
└ @ TensorKitChainRulesCoreExt ~/.julia/packages/TensorKit/esxcj/ext/TensorKitChainRulesCoreExt/factorizations.jl:254
┌ Warning: `svd` cotangents sensitive to gauge choice: (|Δgauge| = 1.4467008116966707e-10)
└ @ TensorKitChainRulesCoreExt ~/.julia/packages/TensorKit/esxcj/ext/TensorKitChainRulesCoreExt/factorizations.jl:254
┌ Warning: `svd` cotangents sensitive to gauge choice: (|Δgauge| = 0.22690504496036756)
└ @ TensorKitChainRulesCoreExt ~/.julia/packages/TensorKit/esxcj/ext/TensorKitChainRulesCoreExt/factorizations.jl:254
[ Info: LBFGS: iter   12, time 1801.90 s: f = -1.975254680819, ‖∇f‖ = 7.2916e-02, α = 1.00e+00, m = 3, nfg = 1
[ Info: CTMRG init:	obj = +7.334464013266e+00	err = 1.0000e+00
[ Info: CTMRG conv 57:	obj = +7.364421914937e+00	err = 9.0988054835e-10	time = 43.74 sec
┌ Warning: `svd` cotangents sensitive to gauge choice: (|Δgauge| = 0.2004028007881706)
└ @ TensorKitChainRulesCoreExt ~/.julia/packages/TensorKit/esxcj/ext/TensorKitChainRulesCoreExt/factorizations.jl:254
┌ Warning: `svd` cotangents sensitive to gauge choice: (|Δgauge| = 5.20243074249718e-10)
└ @ TensorKitChainRulesCoreExt ~/.julia/packages/TensorKit/esxcj/ext/TensorKitChainRulesCoreExt/factorizations.jl:254
┌ Warning: `svd` cotangents sensitive to gauge choice: (|Δgauge| = 0.20040280025592472)
└ @ TensorKitChainRulesCoreExt ~/.julia/packages/TensorKit/esxcj/ext/TensorKitChainRulesCoreExt/factorizations.jl:254
[ Info: LBFGS: iter   13, time 1858.45 s: f = -1.992826741217, ‖∇f‖ = 7.1591e-02, α = 1.00e+00, m = 3, nfg = 1
[ Info: CTMRG init:	obj = +7.140705913645e+00	err = 1.0000e+00
[ Info: CTMRG conv 66:	obj = +7.239636117051e+00	err = 7.8175757625e-10	time = 1.12 min
┌ Warning: `svd` cotangents sensitive to gauge choice: (|Δgauge| = 0.3669972348516997)
└ @ TensorKitChainRulesCoreExt ~/.julia/packages/TensorKit/esxcj/ext/TensorKitChainRulesCoreExt/factorizations.jl:254
┌ Warning: `svd` cotangents sensitive to gauge choice: (|Δgauge| = 0.36699723484944424)
└ @ TensorKitChainRulesCoreExt ~/.julia/packages/TensorKit/esxcj/ext/TensorKitChainRulesCoreExt/factorizations.jl:254
[ Info: CTMRG init:	obj = +7.296194587178e+00	err = 1.0000e+00
[ Info: CTMRG conv 91:	obj = +7.304310040353e+00	err = 9.9433096618e-10	time = 1.54 min
┌ Warning: `svd` cotangents sensitive to gauge choice: (|Δgauge| = 0.20323901829911917)
└ @ TensorKitChainRulesCoreExt ~/.julia/packages/TensorKit/esxcj/ext/TensorKitChainRulesCoreExt/factorizations.jl:254
┌ Warning: `svd` cotangents sensitive to gauge choice: (|Δgauge| = 3.9022788134175113e-10)
└ @ TensorKitChainRulesCoreExt ~/.julia/packages/TensorKit/esxcj/ext/TensorKitChainRulesCoreExt/factorizations.jl:254
┌ Warning: `svd` cotangents sensitive to gauge choice: (|Δgauge| = 0.20323901791060445)
└ @ TensorKitChainRulesCoreExt ~/.julia/packages/TensorKit/esxcj/ext/TensorKitChainRulesCoreExt/factorizations.jl:254
[ Info: LBFGS: iter   14, time 2052.05 s: f = -2.006022697500, ‖∇f‖ = 3.6163e-02, α = 4.05e-01, m = 3, nfg = 2
[ Info: CTMRG init:	obj = +7.429952855308e+00	err = 1.0000e+00
┌ Warning: CTMRG cancel 100:	obj = +7.436065659436e+00	err = 1.0389975121e-08	time = 1.86 min
└ @ PEPSKit ~/.julia/packages/PEPSKit/P7ER3/src/algorithms/ctmrg/ctmrg.jl:129
┌ Warning: `svd` cotangents sensitive to gauge choice: (|Δgauge| = 0.21632157829691082)
└ @ TensorKitChainRulesCoreExt ~/.julia/packages/TensorKit/esxcj/ext/TensorKitChainRulesCoreExt/factorizations.jl:254
┌ Warning: `svd` cotangents sensitive to gauge choice: (|Δgauge| = 5.1355062374461125e-9)
└ @ TensorKitChainRulesCoreExt ~/.julia/packages/TensorKit/esxcj/ext/TensorKitChainRulesCoreExt/factorizations.jl:254
┌ Warning: `svd` cotangents sensitive to gauge choice: (|Δgauge| = 0.21632157316173972)
└ @ TensorKitChainRulesCoreExt ~/.julia/packages/TensorKit/esxcj/ext/TensorKitChainRulesCoreExt/factorizations.jl:254
[ Info: LBFGS: iter   15, time 2185.04 s: f = -2.010723420014, ‖∇f‖ = 3.6378e-02, α = 1.00e+00, m = 3, nfg = 1
[ Info: CTMRG init:	obj = +7.389340470576e+00	err = 1.0000e+00
[ Info: CTMRG conv 96:	obj = +7.421615379740e+00	err = 8.3362414226e-10	time = 1.82 min
┌ Warning: `svd` cotangents sensitive to gauge choice: (|Δgauge| = 0.3551749927883176)
└ @ TensorKitChainRulesCoreExt ~/.julia/packages/TensorKit/esxcj/ext/TensorKitChainRulesCoreExt/factorizations.jl:254
┌ Warning: `svd` cotangents sensitive to gauge choice: (|Δgauge| = 0.35517499278567977)
└ @ TensorKitChainRulesCoreExt ~/.julia/packages/TensorKit/esxcj/ext/TensorKitChainRulesCoreExt/factorizations.jl:254
[ Info: CTMRG init:	obj = +6.992650730774e+00	err = 1.0000e+00
[ Info: CTMRG conv 30:	obj = +7.520292317728e+00	err = 6.6622730069e-10	time = 33.47 sec
┌ Warning: `svd` cotangents sensitive to gauge choice: (|Δgauge| = 0.500397218716597)
└ @ TensorKitChainRulesCoreExt ~/.julia/packages/TensorKit/esxcj/ext/TensorKitChainRulesCoreExt/factorizations.jl:254
┌ Warning: `svd` cotangents sensitive to gauge choice: (|Δgauge| = 0.5003972187575252)
└ @ TensorKitChainRulesCoreExt ~/.julia/packages/TensorKit/esxcj/ext/TensorKitChainRulesCoreExt/factorizations.jl:254
[ Info: CTMRG init:	obj = +7.169026174565e+00	err = 1.0000e+00
[ Info: CTMRG conv 43:	obj = +7.484087090733e+00	err = 6.5932875311e-10	time = 49.11 sec
┌ Warning: `svd` cotangents sensitive to gauge choice: (|Δgauge| = 0.46549119457282895)
└ @ TensorKitChainRulesCoreExt ~/.julia/packages/TensorKit/esxcj/ext/TensorKitChainRulesCoreExt/factorizations.jl:254
┌ Warning: `svd` cotangents sensitive to gauge choice: (|Δgauge| = 0.46549119458355626)
└ @ TensorKitChainRulesCoreExt ~/.julia/packages/TensorKit/esxcj/ext/TensorKitChainRulesCoreExt/factorizations.jl:254
[ Info: LBFGS: iter   16, time 2412.23 s: f = -2.040326090468, ‖∇f‖ = 8.7668e-02, α = 3.59e+00, m = 3, nfg = 3
[ Info: CTMRG init:	obj = +7.247502832344e+00	err = 1.0000e+00
[ Info: CTMRG conv 78:	obj = +7.419385452704e+00	err = 9.0553117373e-10	time = 1.50 min
┌ Warning: `svd` cotangents sensitive to gauge choice: (|Δgauge| = 0.5098405353349553)
└ @ TensorKitChainRulesCoreExt ~/.julia/packages/TensorKit/esxcj/ext/TensorKitChainRulesCoreExt/factorizations.jl:254
┌ Warning: `svd` cotangents sensitive to gauge choice: (|Δgauge| = 0.5098405353322937)
└ @ TensorKitChainRulesCoreExt ~/.julia/packages/TensorKit/esxcj/ext/TensorKitChainRulesCoreExt/factorizations.jl:254
[ Info: CTMRG init:	obj = +7.466581765230e+00	err = 1.0000e+00
[ Info: CTMRG conv 20:	obj = +7.492078535087e+00	err = 7.3880825692e-10	time = 23.62 sec
┌ Warning: `svd` cotangents sensitive to gauge choice: (|Δgauge| = 0.49269027245353003)
└ @ TensorKitChainRulesCoreExt ~/.julia/packages/TensorKit/esxcj/ext/TensorKitChainRulesCoreExt/factorizations.jl:254
┌ Warning: `svd` cotangents sensitive to gauge choice: (|Δgauge| = 0.4926902724130653)
└ @ TensorKitChainRulesCoreExt ~/.julia/packages/TensorKit/esxcj/ext/TensorKitChainRulesCoreExt/factorizations.jl:254
[ Info: LBFGS: iter   17, time 2544.66 s: f = -2.044142870662, ‖∇f‖ = 1.1512e-01, α = 3.18e-01, m = 3, nfg = 2
[ Info: CTMRG init:	obj = +7.420248798231e+00	err = 1.0000e+00
[ Info: CTMRG conv 18:	obj = +7.426790253441e+00	err = 2.7765401392e-10	time = 21.86 sec
┌ Warning: `svd` cotangents sensitive to gauge choice: (|Δgauge| = 0.45903564575980327)
└ @ TensorKitChainRulesCoreExt ~/.julia/packages/TensorKit/esxcj/ext/TensorKitChainRulesCoreExt/factorizations.jl:254
┌ Warning: `svd` cotangents sensitive to gauge choice: (|Δgauge| = 0.4590356457283393)
└ @ TensorKitChainRulesCoreExt ~/.julia/packages/TensorKit/esxcj/ext/TensorKitChainRulesCoreExt/factorizations.jl:254
[ Info: LBFGS: iter   18, time 2571.33 s: f = -2.058398963273, ‖∇f‖ = 5.7893e-02, α = 1.00e+00, m = 3, nfg = 1
[ Info: CTMRG init:	obj = +7.430877574468e+00	err = 1.0000e+00
[ Info: CTMRG conv 14:	obj = +7.432018754438e+00	err = 3.7808927964e-10	time = 15.91 sec
┌ Warning: `svd` cotangents sensitive to gauge choice: (|Δgauge| = 0.4423517917661692)
└ @ TensorKitChainRulesCoreExt ~/.julia/packages/TensorKit/esxcj/ext/TensorKitChainRulesCoreExt/factorizations.jl:254
┌ Warning: `svd` cotangents sensitive to gauge choice: (|Δgauge| = 0.4423517921019363)
└ @ TensorKitChainRulesCoreExt ~/.julia/packages/TensorKit/esxcj/ext/TensorKitChainRulesCoreExt/factorizations.jl:254
[ Info: LBFGS: iter   19, time 2591.87 s: f = -2.064511530403, ‖∇f‖ = 2.5120e-02, α = 1.00e+00, m = 3, nfg = 1
[ Info: CTMRG init:	obj = +7.363671160507e+00	err = 1.0000e+00
[ Info: CTMRG conv 27:	obj = +7.365349666849e+00	err = 8.5484319937e-10	time = 29.69 sec
┌ Warning: `svd` cotangents sensitive to gauge choice: (|Δgauge| = 0.4372042501316704)
└ @ TensorKitChainRulesCoreExt ~/.julia/packages/TensorKit/esxcj/ext/TensorKitChainRulesCoreExt/factorizations.jl:254
┌ Warning: `svd` cotangents sensitive to gauge choice: (|Δgauge| = 0.43720425016838843)
└ @ TensorKitChainRulesCoreExt ~/.julia/packages/TensorKit/esxcj/ext/TensorKitChainRulesCoreExt/factorizations.jl:254
[ Info: LBFGS: iter   20, time 2628.34 s: f = -2.069236622272, ‖∇f‖ = 3.6534e-02, α = 1.00e+00, m = 3, nfg = 1
[ Info: CTMRG init:	obj = +6.564269753919e+00	err = 1.0000e+00
[ Info: CTMRG conv 14:	obj = +6.622863603310e+00	err = 5.3043875191e-10	time = 14.73 sec
┌ Warning: `svd` cotangents sensitive to gauge choice: (|Δgauge| = 0.4484908611802413)
└ @ TensorKitChainRulesCoreExt ~/.julia/packages/TensorKit/esxcj/ext/TensorKitChainRulesCoreExt/factorizations.jl:254
┌ Warning: `svd` cotangents sensitive to gauge choice: (|Δgauge| = 1.0460482529930079e-11)
└ @ TensorKitChainRulesCoreExt ~/.julia/packages/TensorKit/esxcj/ext/TensorKitChainRulesCoreExt/factorizations.jl:254
┌ Warning: `svd` cotangents sensitive to gauge choice: (|Δgauge| = 0.44849086116158976)
└ @ TensorKitChainRulesCoreExt ~/.julia/packages/TensorKit/esxcj/ext/TensorKitChainRulesCoreExt/factorizations.jl:254
[ Info: CTMRG init:	obj = +7.306514447035e+00	err = 1.0000e+00
[ Info: CTMRG conv 34:	obj = +7.307149785920e+00	err = 9.9693778464e-10	time = 39.86 sec
┌ Warning: `svd` cotangents sensitive to gauge choice: (|Δgauge| = 0.43413997990144554)
└ @ TensorKitChainRulesCoreExt ~/.julia/packages/TensorKit/esxcj/ext/TensorKitChainRulesCoreExt/factorizations.jl:254
┌ Warning: `svd` cotangents sensitive to gauge choice: (|Δgauge| = 0.4341399798356341)
└ @ TensorKitChainRulesCoreExt ~/.julia/packages/TensorKit/esxcj/ext/TensorKitChainRulesCoreExt/factorizations.jl:254
[ Info: LBFGS: iter   21, time 2695.10 s: f = -2.071878830117, ‖∇f‖ = 3.9514e-02, α = 1.39e-01, m = 3, nfg = 2
[ Info: CTMRG init:	obj = +6.729975524878e+00	err = 1.0000e+00
[ Info: CTMRG conv 13:	obj = +6.810118791560e+00	err = 6.6286446705e-10	time = 14.85 sec
┌ Warning: `svd` cotangents sensitive to gauge choice: (|Δgauge| = 0.3982475157412733)
└ @ TensorKitChainRulesCoreExt ~/.julia/packages/TensorKit/esxcj/ext/TensorKitChainRulesCoreExt/factorizations.jl:254
┌ Warning: `svd` cotangents sensitive to gauge choice: (|Δgauge| = 2.198586224969677e-12)
└ @ TensorKitChainRulesCoreExt ~/.julia/packages/TensorKit/esxcj/ext/TensorKitChainRulesCoreExt/factorizations.jl:254
┌ Warning: `svd` cotangents sensitive to gauge choice: (|Δgauge| = 0.39824751575115064)
└ @ TensorKitChainRulesCoreExt ~/.julia/packages/TensorKit/esxcj/ext/TensorKitChainRulesCoreExt/factorizations.jl:254
[ Info: CTMRG init:	obj = +7.234069814247e+00	err = 1.0000e+00
[ Info: CTMRG conv 13:	obj = +7.236268707104e+00	err = 7.6165111334e-10	time = 15.46 sec
┌ Warning: `svd` cotangents sensitive to gauge choice: (|Δgauge| = 0.42564679381412907)
└ @ TensorKitChainRulesCoreExt ~/.julia/packages/TensorKit/esxcj/ext/TensorKitChainRulesCoreExt/factorizations.jl:254
┌ Warning: `svd` cotangents sensitive to gauge choice: (|Δgauge| = 0.4256467938242446)
└ @ TensorKitChainRulesCoreExt ~/.julia/packages/TensorKit/esxcj/ext/TensorKitChainRulesCoreExt/factorizations.jl:254
[ Info: LBFGS: iter   22, time 2734.45 s: f = -2.075792971098, ‖∇f‖ = 3.8993e-02, α = 1.86e-01, m = 3, nfg = 2
[ Info: CTMRG init:	obj = +6.835193882230e+00	err = 1.0000e+00
[ Info: CTMRG conv 12:	obj = +6.915007993306e+00	err = 3.7886037442e-10	time = 15.11 sec
┌ Warning: `svd` cotangents sensitive to gauge choice: (|Δgauge| = 0.42077641476294936)
└ @ TensorKitChainRulesCoreExt ~/.julia/packages/TensorKit/esxcj/ext/TensorKitChainRulesCoreExt/factorizations.jl:254
┌ Warning: `svd` cotangents sensitive to gauge choice: (|Δgauge| = 0.42077641475443534)
└ @ TensorKitChainRulesCoreExt ~/.julia/packages/TensorKit/esxcj/ext/TensorKitChainRulesCoreExt/factorizations.jl:254
[ Info: CTMRG init:	obj = +7.182493822574e+00	err = 1.0000e+00
[ Info: CTMRG conv 13:	obj = +7.184668916506e+00	err = 7.5619388192e-10	time = 14.98 sec
┌ Warning: `svd` cotangents sensitive to gauge choice: (|Δgauge| = 0.42412791636463665)
└ @ TensorKitChainRulesCoreExt ~/.julia/packages/TensorKit/esxcj/ext/TensorKitChainRulesCoreExt/factorizations.jl:254
┌ Warning: `svd` cotangents sensitive to gauge choice: (|Δgauge| = 0.4241279165630998)
└ @ TensorKitChainRulesCoreExt ~/.julia/packages/TensorKit/esxcj/ext/TensorKitChainRulesCoreExt/factorizations.jl:254
[ Info: LBFGS: iter   23, time 2772.91 s: f = -2.078472921401, ‖∇f‖ = 2.8244e-02, α = 1.77e-01, m = 3, nfg = 2
[ Info: CTMRG init:	obj = +7.184298027201e+00	err = 1.0000e+00
[ Info: CTMRG conv 14:	obj = +7.199843599221e+00	err = 5.3180796084e-10	time = 20.69 sec
┌ Warning: `svd` cotangents sensitive to gauge choice: (|Δgauge| = 0.3859220150755826)
└ @ TensorKitChainRulesCoreExt ~/.julia/packages/TensorKit/esxcj/ext/TensorKitChainRulesCoreExt/factorizations.jl:254
┌ Warning: `svd` cotangents sensitive to gauge choice: (|Δgauge| = 0.3859220151542925)
└ @ TensorKitChainRulesCoreExt ~/.julia/packages/TensorKit/esxcj/ext/TensorKitChainRulesCoreExt/factorizations.jl:254
[ Info: LBFGS: iter   24, time 2798.67 s: f = -2.081159215803, ‖∇f‖ = 3.2927e-02, α = 1.00e+00, m = 3, nfg = 1
[ Info: CTMRG init:	obj = +7.235198715612e+00	err = 1.0000e+00
[ Info: CTMRG conv 12:	obj = +7.240728576509e+00	err = 5.7296955430e-10	time = 13.78 sec
┌ Warning: `svd` cotangents sensitive to gauge choice: (|Δgauge| = 0.4042668572610065)
└ @ TensorKitChainRulesCoreExt ~/.julia/packages/TensorKit/esxcj/ext/TensorKitChainRulesCoreExt/factorizations.jl:254
┌ Warning: `svd` cotangents sensitive to gauge choice: (|Δgauge| = 0.4042668573334456)
└ @ TensorKitChainRulesCoreExt ~/.julia/packages/TensorKit/esxcj/ext/TensorKitChainRulesCoreExt/factorizations.jl:254
[ Info: LBFGS: iter   25, time 2817.14 s: f = -2.082017655877, ‖∇f‖ = 5.2711e-02, α = 1.00e+00, m = 3, nfg = 1
[ Info: CTMRG init:	obj = +7.252934648143e+00	err = 1.0000e+00
[ Info: CTMRG conv 12:	obj = +7.254161706157e+00	err = 3.9856717095e-10	time = 15.89 sec
┌ Warning: `svd` cotangents sensitive to gauge choice: (|Δgauge| = 0.3974710238720784)
└ @ TensorKitChainRulesCoreExt ~/.julia/packages/TensorKit/esxcj/ext/TensorKitChainRulesCoreExt/factorizations.jl:254
┌ Warning: `svd` cotangents sensitive to gauge choice: (|Δgauge| = 0.39747102360114556)
└ @ TensorKitChainRulesCoreExt ~/.julia/packages/TensorKit/esxcj/ext/TensorKitChainRulesCoreExt/factorizations.jl:254
[ Info: LBFGS: iter   26, time 2837.48 s: f = -2.084185987019, ‖∇f‖ = 1.5964e-02, α = 1.00e+00, m = 3, nfg = 1
[ Info: CTMRG init:	obj = +7.264427639398e+00	err = 1.0000e+00
[ Info: CTMRG conv 12:	obj = +7.264605898028e+00	err = 5.0745284641e-10	time = 16.93 sec
┌ Warning: `svd` cotangents sensitive to gauge choice: (|Δgauge| = 0.39460338567052955)
└ @ TensorKitChainRulesCoreExt ~/.julia/packages/TensorKit/esxcj/ext/TensorKitChainRulesCoreExt/factorizations.jl:254
┌ Warning: `svd` cotangents sensitive to gauge choice: (|Δgauge| = 0.394603386093331)
└ @ TensorKitChainRulesCoreExt ~/.julia/packages/TensorKit/esxcj/ext/TensorKitChainRulesCoreExt/factorizations.jl:254
[ Info: LBFGS: iter   27, time 2858.44 s: f = -2.084989941061, ‖∇f‖ = 1.1890e-02, α = 1.00e+00, m = 3, nfg = 1
[ Info: CTMRG init:	obj = +7.270006641927e+00	err = 1.0000e+00
┌ Warning: CTMRG cancel 100:	obj = +7.271246609289e+00	err = 8.2318632074e-09	time = 2.35 min
└ @ PEPSKit ~/.julia/packages/PEPSKit/P7ER3/src/algorithms/ctmrg/ctmrg.jl:129
┌ Warning: `svd` cotangents sensitive to gauge choice: (|Δgauge| = 0.3938739309898677)
└ @ TensorKitChainRulesCoreExt ~/.julia/packages/TensorKit/esxcj/ext/TensorKitChainRulesCoreExt/factorizations.jl:254
┌ Warning: `svd` cotangents sensitive to gauge choice: (|Δgauge| = 0.3938739314024336)
└ @ TensorKitChainRulesCoreExt ~/.julia/packages/TensorKit/esxcj/ext/TensorKitChainRulesCoreExt/factorizations.jl:254
[ Info: LBFGS: iter   28, time 3020.53 s: f = -2.086841735553, ‖∇f‖ = 1.8205e-02, α = 1.00e+00, m = 3, nfg = 1
[ Info: CTMRG init:	obj = +7.221087939350e+00	err = 1.0000e+00
┌ Warning: CTMRG cancel 100:	obj = +7.221408629266e+00	err = 2.3299110733e-09	time = 2.31 min
└ @ PEPSKit ~/.julia/packages/PEPSKit/P7ER3/src/algorithms/ctmrg/ctmrg.jl:129
┌ Warning: `svd` cotangents sensitive to gauge choice: (|Δgauge| = 0.39766587454208785)
└ @ TensorKitChainRulesCoreExt ~/.julia/packages/TensorKit/esxcj/ext/TensorKitChainRulesCoreExt/factorizations.jl:254
┌ Warning: `svd` cotangents sensitive to gauge choice: (|Δgauge| = 0.3976658746342138)
└ @ TensorKitChainRulesCoreExt ~/.julia/packages/TensorKit/esxcj/ext/TensorKitChainRulesCoreExt/factorizations.jl:254
[ Info: LBFGS: iter   29, time 3181.01 s: f = -2.088145533318, ‖∇f‖ = 2.0320e-02, α = 1.00e+00, m = 3, nfg = 1
[ Info: CTMRG init:	obj = +6.679968345446e+00	err = 1.0000e+00
[ Info: CTMRG conv 12:	obj = +6.695547089897e+00	err = 2.2170017485e-10	time = 16.67 sec
┌ Warning: `svd` cotangents sensitive to gauge choice: (|Δgauge| = 0.43213081740169723)
└ @ TensorKitChainRulesCoreExt ~/.julia/packages/TensorKit/esxcj/ext/TensorKitChainRulesCoreExt/factorizations.jl:254
┌ Warning: `svd` cotangents sensitive to gauge choice: (|Δgauge| = 0.43213081738355563)
└ @ TensorKitChainRulesCoreExt ~/.julia/packages/TensorKit/esxcj/ext/TensorKitChainRulesCoreExt/factorizations.jl:254
[ Info: CTMRG init:	obj = +7.106125252203e+00	err = 1.0000e+00
┌ Warning: CTMRG cancel 100:	obj = +7.107029530098e+00	err = 2.6374502279e-09	time = 2.31 min
└ @ PEPSKit ~/.julia/packages/PEPSKit/P7ER3/src/algorithms/ctmrg/ctmrg.jl:129
┌ Warning: `svd` cotangents sensitive to gauge choice: (|Δgauge| = 0.4072542429367147)
└ @ TensorKitChainRulesCoreExt ~/.julia/packages/TensorKit/esxcj/ext/TensorKitChainRulesCoreExt/factorizations.jl:254
┌ Warning: `svd` cotangents sensitive to gauge choice: (|Δgauge| = 0.40725424291737455)
└ @ TensorKitChainRulesCoreExt ~/.julia/packages/TensorKit/esxcj/ext/TensorKitChainRulesCoreExt/factorizations.jl:254
[ Info: LBFGS: iter   30, time 3356.78 s: f = -2.089855422603, ‖∇f‖ = 2.2757e-02, α = 2.91e-01, m = 3, nfg = 2
[ Info: CTMRG init:	obj = +6.479943312777e+00	err = 1.0000e+00
[ Info: CTMRG conv 14:	obj = +6.505940519721e+00	err = 3.9116541467e-10	time = 19.52 sec
┌ Warning: `svd` cotangents sensitive to gauge choice: (|Δgauge| = 0.4402293600860976)
└ @ TensorKitChainRulesCoreExt ~/.julia/packages/TensorKit/esxcj/ext/TensorKitChainRulesCoreExt/factorizations.jl:254
┌ Warning: `svd` cotangents sensitive to gauge choice: (|Δgauge| = 0.4402293601377718)
└ @ TensorKitChainRulesCoreExt ~/.julia/packages/TensorKit/esxcj/ext/TensorKitChainRulesCoreExt/factorizations.jl:254
[ Info: CTMRG init:	obj = +6.986715405288e+00	err = 1.0000e+00
┌ Warning: CTMRG cancel 100:	obj = +6.987701766925e+00	err = 4.0424392126e-09	time = 2.54 min
└ @ PEPSKit ~/.julia/packages/PEPSKit/P7ER3/src/algorithms/ctmrg/ctmrg.jl:129
┌ Warning: `svd` cotangents sensitive to gauge choice: (|Δgauge| = 0.4144587877620217)
└ @ TensorKitChainRulesCoreExt ~/.julia/packages/TensorKit/esxcj/ext/TensorKitChainRulesCoreExt/factorizations.jl:254
┌ Warning: `svd` cotangents sensitive to gauge choice: (|Δgauge| = 0.4144587878229673)
└ @ TensorKitChainRulesCoreExt ~/.julia/packages/TensorKit/esxcj/ext/TensorKitChainRulesCoreExt/factorizations.jl:254
[ Info: LBFGS: iter   31, time 3550.03 s: f = -2.091552320199, ‖∇f‖ = 2.1857e-02, α = 2.51e-01, m = 3, nfg = 2
[ Info: CTMRG init:	obj = +6.376265711126e+00	err = 1.0000e+00
[ Info: CTMRG conv 12:	obj = +6.435904512963e+00	err = 6.6189614794e-10	time = 17.50 sec
┌ Warning: `svd` cotangents sensitive to gauge choice: (|Δgauge| = 0.4762827634395461)
└ @ TensorKitChainRulesCoreExt ~/.julia/packages/TensorKit/esxcj/ext/TensorKitChainRulesCoreExt/factorizations.jl:254
┌ Warning: `svd` cotangents sensitive to gauge choice: (|Δgauge| = 0.4762827632748743)
└ @ TensorKitChainRulesCoreExt ~/.julia/packages/TensorKit/esxcj/ext/TensorKitChainRulesCoreExt/factorizations.jl:254
[ Info: CTMRG init:	obj = +6.894342858214e+00	err = 1.0000e+00
┌ Warning: CTMRG cancel 100:	obj = +6.896018925074e+00	err = 4.4279328441e-09	time = 2.61 min
└ @ PEPSKit ~/.julia/packages/PEPSKit/P7ER3/src/algorithms/ctmrg/ctmrg.jl:129
┌ Warning: `svd` cotangents sensitive to gauge choice: (|Δgauge| = 0.42800427641793326)
└ @ TensorKitChainRulesCoreExt ~/.julia/packages/TensorKit/esxcj/ext/TensorKitChainRulesCoreExt/factorizations.jl:254
┌ Warning: `svd` cotangents sensitive to gauge choice: (|Δgauge| = 0.4280042757167076)
└ @ TensorKitChainRulesCoreExt ~/.julia/packages/TensorKit/esxcj/ext/TensorKitChainRulesCoreExt/factorizations.jl:254
[ Info: LBFGS: iter   32, time 3746.51 s: f = -2.092785902835, ‖∇f‖ = 3.2224e-02, α = 1.77e-01, m = 3, nfg = 2
[ Info: CTMRG init:	obj = +6.655518744125e+00	err = 1.0000e+00
[ Info: CTMRG conv 13:	obj = +6.663740174346e+00	err = 8.9767685606e-10	time = 19.85 sec
┌ Warning: `svd` cotangents sensitive to gauge choice: (|Δgauge| = 0.4330609095048511)
└ @ TensorKitChainRulesCoreExt ~/.julia/packages/TensorKit/esxcj/ext/TensorKitChainRulesCoreExt/factorizations.jl:254
┌ Warning: `svd` cotangents sensitive to gauge choice: (|Δgauge| = 0.4330609094336925)
└ @ TensorKitChainRulesCoreExt ~/.julia/packages/TensorKit/esxcj/ext/TensorKitChainRulesCoreExt/factorizations.jl:254
[ Info: LBFGS: iter   33, time 3771.06 s: f = -2.094176258781, ‖∇f‖ = 2.4240e-02, α = 1.00e+00, m = 3, nfg = 1
[ Info: CTMRG init:	obj = +6.768601214744e+00	err = 1.0000e+00
[ Info: CTMRG conv 13:	obj = +6.769871148446e+00	err = 4.9400935832e-10	time = 22.21 sec
┌ Warning: `svd` cotangents sensitive to gauge choice: (|Δgauge| = 0.423984924552663)
└ @ TensorKitChainRulesCoreExt ~/.julia/packages/TensorKit/esxcj/ext/TensorKitChainRulesCoreExt/factorizations.jl:254
┌ Warning: `svd` cotangents sensitive to gauge choice: (|Δgauge| = 0.4239849252607383)
└ @ TensorKitChainRulesCoreExt ~/.julia/packages/TensorKit/esxcj/ext/TensorKitChainRulesCoreExt/factorizations.jl:254
[ Info: LBFGS: iter   34, time 3798.27 s: f = -2.096707774204, ‖∇f‖ = 2.2724e-02, α = 1.00e+00, m = 3, nfg = 1
[ Info: CTMRG init:	obj = +6.623743241746e+00	err = 1.0000e+00
[ Info: CTMRG conv 12:	obj = +6.629395791479e+00	err = 8.9361455630e-10	time = 19.61 sec
┌ Warning: `svd` cotangents sensitive to gauge choice: (|Δgauge| = 0.4289422070446667)
└ @ TensorKitChainRulesCoreExt ~/.julia/packages/TensorKit/esxcj/ext/TensorKitChainRulesCoreExt/factorizations.jl:254
┌ Warning: `svd` cotangents sensitive to gauge choice: (|Δgauge| = 0.4289422071848359)
└ @ TensorKitChainRulesCoreExt ~/.julia/packages/TensorKit/esxcj/ext/TensorKitChainRulesCoreExt/factorizations.jl:254
[ Info: LBFGS: iter   35, time 3822.47 s: f = -2.097352975512, ‖∇f‖ = 3.9029e-02, α = 1.00e+00, m = 3, nfg = 1
[ Info: CTMRG init:	obj = +6.643256885712e+00	err = 1.0000e+00
[ Info: CTMRG conv 12:	obj = +6.643931333611e+00	err = 6.2408714144e-10	time = 19.59 sec
┌ Warning: `svd` cotangents sensitive to gauge choice: (|Δgauge| = 0.4326962353081216)
└ @ TensorKitChainRulesCoreExt ~/.julia/packages/TensorKit/esxcj/ext/TensorKitChainRulesCoreExt/factorizations.jl:254
┌ Warning: `svd` cotangents sensitive to gauge choice: (|Δgauge| = 0.43269623544646263)
└ @ TensorKitChainRulesCoreExt ~/.julia/packages/TensorKit/esxcj/ext/TensorKitChainRulesCoreExt/factorizations.jl:254
[ Info: LBFGS: iter   36, time 3846.78 s: f = -2.098898789330, ‖∇f‖ = 8.4350e-03, α = 1.00e+00, m = 3, nfg = 1
[ Info: CTMRG init:	obj = +6.620042739374e+00	err = 1.0000e+00
[ Info: CTMRG conv 11:	obj = +6.620075883292e+00	err = 5.3529711798e-10	time = 17.71 sec
┌ Warning: `svd` cotangents sensitive to gauge choice: (|Δgauge| = 0.4341151658762526)
└ @ TensorKitChainRulesCoreExt ~/.julia/packages/TensorKit/esxcj/ext/TensorKitChainRulesCoreExt/factorizations.jl:254
┌ Warning: `svd` cotangents sensitive to gauge choice: (|Δgauge| = 0.43411516596431343)
└ @ TensorKitChainRulesCoreExt ~/.julia/packages/TensorKit/esxcj/ext/TensorKitChainRulesCoreExt/factorizations.jl:254
[ Info: LBFGS: iter   37, time 3868.44 s: f = -2.099099568799, ‖∇f‖ = 7.6532e-03, α = 1.00e+00, m = 3, nfg = 1
[ Info: CTMRG init:	obj = +6.487376878987e+00	err = 1.0000e+00
[ Info: CTMRG conv 11:	obj = +6.488261933982e+00	err = 5.8447322015e-10	time = 18.08 sec
┌ Warning: `svd` cotangents sensitive to gauge choice: (|Δgauge| = 0.4407141022076816)
└ @ TensorKitChainRulesCoreExt ~/.julia/packages/TensorKit/esxcj/ext/TensorKitChainRulesCoreExt/factorizations.jl:254
┌ Warning: `svd` cotangents sensitive to gauge choice: (|Δgauge| = 0.4407141023382479)
└ @ TensorKitChainRulesCoreExt ~/.julia/packages/TensorKit/esxcj/ext/TensorKitChainRulesCoreExt/factorizations.jl:254
[ Info: LBFGS: iter   38, time 3890.56 s: f = -2.099696283548, ‖∇f‖ = 1.0537e-02, α = 1.00e+00, m = 3, nfg = 1
[ Info: CTMRG init:	obj = +6.473997621741e+00	err = 1.0000e+00
[ Info: CTMRG conv 15:	obj = +6.475405862601e+00	err = 9.0734564147e-10	time = 24.30 sec
┌ Warning: `svd` cotangents sensitive to gauge choice: (|Δgauge| = 0.43139843691867036)
└ @ TensorKitChainRulesCoreExt ~/.julia/packages/TensorKit/esxcj/ext/TensorKitChainRulesCoreExt/factorizations.jl:254
┌ Warning: `svd` cotangents sensitive to gauge choice: (|Δgauge| = 0.4313984372259993)
└ @ TensorKitChainRulesCoreExt ~/.julia/packages/TensorKit/esxcj/ext/TensorKitChainRulesCoreExt/factorizations.jl:254
[ Info: CTMRG init:	obj = +6.483230233565e+00	err = 1.0000e+00
[ Info: CTMRG conv 12:	obj = +6.483430867648e+00	err = 9.8782889288e-10	time = 20.18 sec
┌ Warning: `svd` cotangents sensitive to gauge choice: (|Δgauge| = 0.4373729755487948)
└ @ TensorKitChainRulesCoreExt ~/.julia/packages/TensorKit/esxcj/ext/TensorKitChainRulesCoreExt/factorizations.jl:254
┌ Warning: `svd` cotangents sensitive to gauge choice: (|Δgauge| = 0.43737297573718603)
└ @ TensorKitChainRulesCoreExt ~/.julia/packages/TensorKit/esxcj/ext/TensorKitChainRulesCoreExt/factorizations.jl:254
[ Info: LBFGS: iter   39, time 3944.04 s: f = -2.099828005428, ‖∇f‖ = 1.0301e-02, α = 3.81e-01, m = 3, nfg = 2
[ Info: CTMRG init:	obj = +6.485047492618e+00	err = 1.0000e+00
[ Info: CTMRG conv 13:	obj = +6.485059686275e+00	err = 6.0885155825e-10	time = 22.04 sec
┌ Warning: `svd` cotangents sensitive to gauge choice: (|Δgauge| = 0.4377275665785226)
└ @ TensorKitChainRulesCoreExt ~/.julia/packages/TensorKit/esxcj/ext/TensorKitChainRulesCoreExt/factorizations.jl:254
┌ Warning: `svd` cotangents sensitive to gauge choice: (|Δgauge| = 0.4377275675032346)
└ @ TensorKitChainRulesCoreExt ~/.julia/packages/TensorKit/esxcj/ext/TensorKitChainRulesCoreExt/factorizations.jl:254
[ Info: LBFGS: iter   40, time 3970.69 s: f = -2.099986850159, ‖∇f‖ = 8.2996e-03, α = 1.00e+00, m = 3, nfg = 1
[ Info: CTMRG init:	obj = +6.495609653525e+00	err = 1.0000e+00
[ Info: CTMRG conv 13:	obj = +6.495875435129e+00	err = 9.5531527773e-10	time = 22.04 sec
┌ Warning: `svd` cotangents sensitive to gauge choice: (|Δgauge| = 0.4433216192864495)
└ @ TensorKitChainRulesCoreExt ~/.julia/packages/TensorKit/esxcj/ext/TensorKitChainRulesCoreExt/factorizations.jl:254
┌ Warning: `svd` cotangents sensitive to gauge choice: (|Δgauge| = 0.4433216205299011)
└ @ TensorKitChainRulesCoreExt ~/.julia/packages/TensorKit/esxcj/ext/TensorKitChainRulesCoreExt/factorizations.jl:254
[ Info: LBFGS: iter   41, time 3997.14 s: f = -2.100526721560, ‖∇f‖ = 7.1004e-03, α = 1.00e+00, m = 3, nfg = 1
[ Info: CTMRG init:	obj = +6.496145665498e+00	err = 1.0000e+00
┌ Warning: CTMRG cancel 100:	obj = +6.496229490239e+00	err = 1.3745404547e-09	time = 2.94 min
└ @ PEPSKit ~/.julia/packages/PEPSKit/P7ER3/src/algorithms/ctmrg/ctmrg.jl:129
┌ Warning: `svd` cotangents sensitive to gauge choice: (|Δgauge| = 0.44666335106071114)
└ @ TensorKitChainRulesCoreExt ~/.julia/packages/TensorKit/esxcj/ext/TensorKitChainRulesCoreExt/factorizations.jl:254
┌ Warning: `svd` cotangents sensitive to gauge choice: (|Δgauge| = 0.4466633517509059)
└ @ TensorKitChainRulesCoreExt ~/.julia/packages/TensorKit/esxcj/ext/TensorKitChainRulesCoreExt/factorizations.jl:254
[ Info: LBFGS: iter   42, time 4191.67 s: f = -2.100963310634, ‖∇f‖ = 8.8535e-03, α = 1.00e+00, m = 3, nfg = 1
[ Info: CTMRG init:	obj = +6.400644169826e+00	err = 1.0000e+00
[ Info: CTMRG conv 15:	obj = +6.402353226948e+00	err = 8.8535699672e-10	time = 28.25 sec
┌ Warning: `svd` cotangents sensitive to gauge choice: (|Δgauge| = 0.45369993096421574)
└ @ TensorKitChainRulesCoreExt ~/.julia/packages/TensorKit/esxcj/ext/TensorKitChainRulesCoreExt/factorizations.jl:254
┌ Warning: `svd` cotangents sensitive to gauge choice: (|Δgauge| = 0.453699930815769)
└ @ TensorKitChainRulesCoreExt ~/.julia/packages/TensorKit/esxcj/ext/TensorKitChainRulesCoreExt/factorizations.jl:254
[ Info: LBFGS: iter   43, time 4225.05 s: f = -2.102056633258, ‖∇f‖ = 1.4448e-02, α = 1.00e+00, m = 3, nfg = 1
[ Info: CTMRG init:	obj = +6.169925850696e+00	err = 1.0000e+00
[ Info: CTMRG conv 13:	obj = +6.172511818300e+00	err = 9.4037955745e-10	time = 22.60 sec
┌ Warning: `svd` cotangents sensitive to gauge choice: (|Δgauge| = 0.4496287268468583)
└ @ TensorKitChainRulesCoreExt ~/.julia/packages/TensorKit/esxcj/ext/TensorKitChainRulesCoreExt/factorizations.jl:254
┌ Warning: `svd` cotangents sensitive to gauge choice: (|Δgauge| = 3.252833899826133e-11)
└ @ TensorKitChainRulesCoreExt ~/.julia/packages/TensorKit/esxcj/ext/TensorKitChainRulesCoreExt/factorizations.jl:254
┌ Warning: `svd` cotangents sensitive to gauge choice: (|Δgauge| = 0.44962872712230234)
└ @ TensorKitChainRulesCoreExt ~/.julia/packages/TensorKit/esxcj/ext/TensorKitChainRulesCoreExt/factorizations.jl:254
[ Info: LBFGS: iter   44, time 4252.41 s: f = -2.102825817408, ‖∇f‖ = 1.9961e-02, α = 1.00e+00, m = 3, nfg = 1
[ Info: CTMRG init:	obj = +6.133767429878e+00	err = 1.0000e+00
[ Info: CTMRG conv 14:	obj = +6.133908929624e+00	err = 3.6748332189e-10	time = 25.34 sec
┌ Warning: `svd` cotangents sensitive to gauge choice: (|Δgauge| = 0.4475295902845111)
└ @ TensorKitChainRulesCoreExt ~/.julia/packages/TensorKit/esxcj/ext/TensorKitChainRulesCoreExt/factorizations.jl:254
┌ Warning: `svd` cotangents sensitive to gauge choice: (|Δgauge| = 4.517678243193947e-12)
└ @ TensorKitChainRulesCoreExt ~/.julia/packages/TensorKit/esxcj/ext/TensorKitChainRulesCoreExt/factorizations.jl:254
┌ Warning: `svd` cotangents sensitive to gauge choice: (|Δgauge| = 0.44752959030469297)
└ @ TensorKitChainRulesCoreExt ~/.julia/packages/TensorKit/esxcj/ext/TensorKitChainRulesCoreExt/factorizations.jl:254
[ Info: LBFGS: iter   45, time 4282.36 s: f = -2.103661440722, ‖∇f‖ = 1.1511e-02, α = 1.00e+00, m = 3, nfg = 1
[ Info: CTMRG init:	obj = +5.970463384853e+00	err = 1.0000e+00
[ Info: CTMRG conv 16:	obj = +5.971969646777e+00	err = 9.0839217954e-10	time = 28.40 sec
┌ Warning: `svd` cotangents sensitive to gauge choice: (|Δgauge| = 0.44833992564212494)
└ @ TensorKitChainRulesCoreExt ~/.julia/packages/TensorKit/esxcj/ext/TensorKitChainRulesCoreExt/factorizations.jl:254
┌ Warning: `svd` cotangents sensitive to gauge choice: (|Δgauge| = 2.73313030401397e-11)
└ @ TensorKitChainRulesCoreExt ~/.julia/packages/TensorKit/esxcj/ext/TensorKitChainRulesCoreExt/factorizations.jl:254
┌ Warning: `svd` cotangents sensitive to gauge choice: (|Δgauge| = 0.44833992545437806)
└ @ TensorKitChainRulesCoreExt ~/.julia/packages/TensorKit/esxcj/ext/TensorKitChainRulesCoreExt/factorizations.jl:254
[ Info: LBFGS: iter   46, time 4315.57 s: f = -2.104251379796, ‖∇f‖ = 1.2363e-02, α = 1.00e+00, m = 3, nfg = 1
[ Info: CTMRG init:	obj = +5.989228256501e+00	err = 1.0000e+00
[ Info: CTMRG conv 16:	obj = +5.989993577613e+00	err = 9.6438330073e-10	time = 29.69 sec
┌ Warning: `svd` cotangents sensitive to gauge choice: (|Δgauge| = 0.43906081054988255)
└ @ TensorKitChainRulesCoreExt ~/.julia/packages/TensorKit/esxcj/ext/TensorKitChainRulesCoreExt/factorizations.jl:254
┌ Warning: `svd` cotangents sensitive to gauge choice: (|Δgauge| = 2.950769901032052e-11)
└ @ TensorKitChainRulesCoreExt ~/.julia/packages/TensorKit/esxcj/ext/TensorKitChainRulesCoreExt/factorizations.jl:254
┌ Warning: `svd` cotangents sensitive to gauge choice: (|Δgauge| = 0.43906081052019463)
└ @ TensorKitChainRulesCoreExt ~/.julia/packages/TensorKit/esxcj/ext/TensorKitChainRulesCoreExt/factorizations.jl:254
[ Info: CTMRG init:	obj = +5.981169068990e+00	err = 1.0000e+00
[ Info: CTMRG conv 16:	obj = +5.981381606957e+00	err = 6.9696708523e-10	time = 27.84 sec
┌ Warning: `svd` cotangents sensitive to gauge choice: (|Δgauge| = 0.4435832802074303)
└ @ TensorKitChainRulesCoreExt ~/.julia/packages/TensorKit/esxcj/ext/TensorKitChainRulesCoreExt/factorizations.jl:254
┌ Warning: `svd` cotangents sensitive to gauge choice: (|Δgauge| = 2.812289613787114e-11)
└ @ TensorKitChainRulesCoreExt ~/.julia/packages/TensorKit/esxcj/ext/TensorKitChainRulesCoreExt/factorizations.jl:254
┌ Warning: `svd` cotangents sensitive to gauge choice: (|Δgauge| = 0.4435832799297956)
└ @ TensorKitChainRulesCoreExt ~/.julia/packages/TensorKit/esxcj/ext/TensorKitChainRulesCoreExt/factorizations.jl:254
[ Info: LBFGS: iter   47, time 4383.07 s: f = -2.104409148272, ‖∇f‖ = 7.2192e-03, α = 5.31e-01, m = 3, nfg = 2
[ Info: CTMRG init:	obj = +6.002972090671e+00	err = 1.0000e+00
[ Info: CTMRG conv 15:	obj = +6.003009721592e+00	err = 9.4171355844e-10	time = 26.42 sec
┌ Warning: `svd` cotangents sensitive to gauge choice: (|Δgauge| = 0.44499179962066593)
└ @ TensorKitChainRulesCoreExt ~/.julia/packages/TensorKit/esxcj/ext/TensorKitChainRulesCoreExt/factorizations.jl:254
┌ Warning: `svd` cotangents sensitive to gauge choice: (|Δgauge| = 6.913487984553233e-11)
└ @ TensorKitChainRulesCoreExt ~/.julia/packages/TensorKit/esxcj/ext/TensorKitChainRulesCoreExt/factorizations.jl:254
┌ Warning: `svd` cotangents sensitive to gauge choice: (|Δgauge| = 0.4449917997839453)
└ @ TensorKitChainRulesCoreExt ~/.julia/packages/TensorKit/esxcj/ext/TensorKitChainRulesCoreExt/factorizations.jl:254
[ Info: LBFGS: iter   48, time 4414.65 s: f = -2.104488964217, ‖∇f‖ = 5.2989e-03, α = 1.00e+00, m = 3, nfg = 1
[ Info: CTMRG init:	obj = +5.992938705297e+00	err = 1.0000e+00
[ Info: CTMRG conv 17:	obj = +5.993077504994e+00	err = 4.7996151731e-10	time = 29.46 sec
┌ Warning: `svd` cotangents sensitive to gauge choice: (|Δgauge| = 0.4490609290470489)
└ @ TensorKitChainRulesCoreExt ~/.julia/packages/TensorKit/esxcj/ext/TensorKitChainRulesCoreExt/factorizations.jl:254
┌ Warning: `svd` cotangents sensitive to gauge choice: (|Δgauge| = 7.927287065068898e-12)
└ @ TensorKitChainRulesCoreExt ~/.julia/packages/TensorKit/esxcj/ext/TensorKitChainRulesCoreExt/factorizations.jl:254
┌ Warning: `svd` cotangents sensitive to gauge choice: (|Δgauge| = 0.4490609290431023)
└ @ TensorKitChainRulesCoreExt ~/.julia/packages/TensorKit/esxcj/ext/TensorKitChainRulesCoreExt/factorizations.jl:254
[ Info: LBFGS: iter   49, time 4449.22 s: f = -2.104638576429, ‖∇f‖ = 3.3783e-03, α = 1.00e+00, m = 3, nfg = 1
[ Info: CTMRG init:	obj = +5.956265074260e+00	err = 1.0000e+00
[ Info: CTMRG conv 17:	obj = +5.956849730489e+00	err = 6.0857842814e-10	time = 30.63 sec
┌ Warning: `svd` cotangents sensitive to gauge choice: (|Δgauge| = 0.4551427396014355)
└ @ TensorKitChainRulesCoreExt ~/.julia/packages/TensorKit/esxcj/ext/TensorKitChainRulesCoreExt/factorizations.jl:254
┌ Warning: `svd` cotangents sensitive to gauge choice: (|Δgauge| = 1.9239787263035353e-11)
└ @ TensorKitChainRulesCoreExt ~/.julia/packages/TensorKit/esxcj/ext/TensorKitChainRulesCoreExt/factorizations.jl:254
┌ Warning: `svd` cotangents sensitive to gauge choice: (|Δgauge| = 0.4551427396761967)
└ @ TensorKitChainRulesCoreExt ~/.julia/packages/TensorKit/esxcj/ext/TensorKitChainRulesCoreExt/factorizations.jl:254
[ Info: LBFGS: iter   50, time 4484.97 s: f = -2.104787840340, ‖∇f‖ = 4.4768e-03, α = 1.00e+00, m = 3, nfg = 1
[ Info: CTMRG init:	obj = +5.894057845732e+00	err = 1.0000e+00
[ Info: CTMRG conv 17:	obj = +5.895275696536e+00	err = 8.2204202310e-10	time = 32.80 sec
┌ Warning: `svd` cotangents sensitive to gauge choice: (|Δgauge| = 0.4616485607135205)
└ @ TensorKitChainRulesCoreExt ~/.julia/packages/TensorKit/esxcj/ext/TensorKitChainRulesCoreExt/factorizations.jl:254
┌ Warning: `svd` cotangents sensitive to gauge choice: (|Δgauge| = 8.249022742496578e-11)
└ @ TensorKitChainRulesCoreExt ~/.julia/packages/TensorKit/esxcj/ext/TensorKitChainRulesCoreExt/factorizations.jl:254
┌ Warning: `svd` cotangents sensitive to gauge choice: (|Δgauge| = 0.4616485611201245)
└ @ TensorKitChainRulesCoreExt ~/.julia/packages/TensorKit/esxcj/ext/TensorKitChainRulesCoreExt/factorizations.jl:254
[ Info: LBFGS: iter   51, time 4523.28 s: f = -2.104860013579, ‖∇f‖ = 8.6688e-03, α = 1.00e+00, m = 3, nfg = 1
[ Info: CTMRG init:	obj = +5.875538596998e+00	err = 1.0000e+00
[ Info: CTMRG conv 15:	obj = +5.875619213332e+00	err = 8.3969383601e-10	time = 26.26 sec
┌ Warning: `svd` cotangents sensitive to gauge choice: (|Δgauge| = 0.4631237851948545)
└ @ TensorKitChainRulesCoreExt ~/.julia/packages/TensorKit/esxcj/ext/TensorKitChainRulesCoreExt/factorizations.jl:254
┌ Warning: `svd` cotangents sensitive to gauge choice: (|Δgauge| = 9.629070034764697e-10)
└ @ TensorKitChainRulesCoreExt ~/.julia/packages/TensorKit/esxcj/ext/TensorKitChainRulesCoreExt/factorizations.jl:254
┌ Warning: `svd` cotangents sensitive to gauge choice: (|Δgauge| = 0.4631237855985323)
└ @ TensorKitChainRulesCoreExt ~/.julia/packages/TensorKit/esxcj/ext/TensorKitChainRulesCoreExt/factorizations.jl:254
[ Info: LBFGS: iter   52, time 4554.53 s: f = -2.104993105731, ‖∇f‖ = 5.3697e-03, α = 1.00e+00, m = 3, nfg = 1
[ Info: CTMRG init:	obj = +5.813469896620e+00	err = 1.0000e+00
[ Info: CTMRG conv 18:	obj = +5.814107784873e+00	err = 7.7993439790e-10	time = 32.39 sec
┌ Warning: `svd` cotangents sensitive to gauge choice: (|Δgauge| = 0.4654818753558797)
└ @ TensorKitChainRulesCoreExt ~/.julia/packages/TensorKit/esxcj/ext/TensorKitChainRulesCoreExt/factorizations.jl:254
┌ Warning: `svd` cotangents sensitive to gauge choice: (|Δgauge| = 1.1091123786135602e-10)
└ @ TensorKitChainRulesCoreExt ~/.julia/packages/TensorKit/esxcj/ext/TensorKitChainRulesCoreExt/factorizations.jl:254
┌ Warning: `svd` cotangents sensitive to gauge choice: (|Δgauge| = 0.46548187542585523)
└ @ TensorKitChainRulesCoreExt ~/.julia/packages/TensorKit/esxcj/ext/TensorKitChainRulesCoreExt/factorizations.jl:254
[ Info: LBFGS: iter   53, time 4592.41 s: f = -2.105159996569, ‖∇f‖ = 6.5411e-03, α = 1.00e+00, m = 3, nfg = 1
[ Info: CTMRG init:	obj = +5.754325685595e+00	err = 1.0000e+00
[ Info: CTMRG conv 20:	obj = +5.755080145636e+00	err = 6.3814554847e-10	time = 35.91 sec
┌ Warning: `svd` cotangents sensitive to gauge choice: (|Δgauge| = 0.4709734192989353)
└ @ TensorKitChainRulesCoreExt ~/.julia/packages/TensorKit/esxcj/ext/TensorKitChainRulesCoreExt/factorizations.jl:254
┌ Warning: `svd` cotangents sensitive to gauge choice: (|Δgauge| = 4.12254611690846e-11)
└ @ TensorKitChainRulesCoreExt ~/.julia/packages/TensorKit/esxcj/ext/TensorKitChainRulesCoreExt/factorizations.jl:254
┌ Warning: `svd` cotangents sensitive to gauge choice: (|Δgauge| = 0.47097341928778447)
└ @ TensorKitChainRulesCoreExt ~/.julia/packages/TensorKit/esxcj/ext/TensorKitChainRulesCoreExt/factorizations.jl:254
[ Info: LBFGS: iter   54, time 4634.01 s: f = -2.105291788152, ‖∇f‖ = 8.0915e-03, α = 1.00e+00, m = 3, nfg = 1
[ Info: CTMRG init:	obj = +5.654369527449e+00	err = 1.0000e+00
[ Info: CTMRG conv 24:	obj = +5.657422042830e+00	err = 5.9357057130e-10	time = 48.00 sec
┌ Warning: `svd` cotangents sensitive to gauge choice: (|Δgauge| = 0.47842781883693275)
└ @ TensorKitChainRulesCoreExt ~/.julia/packages/TensorKit/esxcj/ext/TensorKitChainRulesCoreExt/factorizations.jl:254
┌ Warning: `svd` cotangents sensitive to gauge choice: (|Δgauge| = 4.081368669659995e-12)
└ @ TensorKitChainRulesCoreExt ~/.julia/packages/TensorKit/esxcj/ext/TensorKitChainRulesCoreExt/factorizations.jl:254
┌ Warning: `svd` cotangents sensitive to gauge choice: (|Δgauge| = 0.47842781892150743)
└ @ TensorKitChainRulesCoreExt ~/.julia/packages/TensorKit/esxcj/ext/TensorKitChainRulesCoreExt/factorizations.jl:254
[ Info: LBFGS: iter   55, time 4688.33 s: f = -2.105516658134, ‖∇f‖ = 7.3390e-03, α = 1.00e+00, m = 3, nfg = 1
[ Info: CTMRG init:	obj = +5.602826332308e+00	err = 1.0000e+00
[ Info: CTMRG conv 25:	obj = +5.603861047177e+00	err = 6.3433372233e-10	time = 47.94 sec
┌ Warning: `svd` cotangents sensitive to gauge choice: (|Δgauge| = 0.4893355746879261)
└ @ TensorKitChainRulesCoreExt ~/.julia/packages/TensorKit/esxcj/ext/TensorKitChainRulesCoreExt/factorizations.jl:254
┌ Warning: `svd` cotangents sensitive to gauge choice: (|Δgauge| = 4.27267262103319e-12)
└ @ TensorKitChainRulesCoreExt ~/.julia/packages/TensorKit/esxcj/ext/TensorKitChainRulesCoreExt/factorizations.jl:254
┌ Warning: `svd` cotangents sensitive to gauge choice: (|Δgauge| = 0.4893355747086272)
└ @ TensorKitChainRulesCoreExt ~/.julia/packages/TensorKit/esxcj/ext/TensorKitChainRulesCoreExt/factorizations.jl:254
[ Info: LBFGS: iter   56, time 4743.03 s: f = -2.105665109468, ‖∇f‖ = 9.6599e-03, α = 1.00e+00, m = 3, nfg = 1
[ Info: CTMRG init:	obj = +5.640194281794e+00	err = 1.0000e+00
[ Info: CTMRG conv 27:	obj = +5.640765003394e+00	err = 6.4923080280e-10	time = 50.20 sec
┌ Warning: `svd` cotangents sensitive to gauge choice: (|Δgauge| = 0.48298237298685065)
└ @ TensorKitChainRulesCoreExt ~/.julia/packages/TensorKit/esxcj/ext/TensorKitChainRulesCoreExt/factorizations.jl:254
┌ Warning: `svd` cotangents sensitive to gauge choice: (|Δgauge| = 0.48298237296277496)
└ @ TensorKitChainRulesCoreExt ~/.julia/packages/TensorKit/esxcj/ext/TensorKitChainRulesCoreExt/factorizations.jl:254
[ Info: LBFGS: iter   57, time 4800.28 s: f = -2.105756262618, ‖∇f‖ = 5.0155e-03, α = 1.00e+00, m = 3, nfg = 1
[ Info: CTMRG init:	obj = +5.632584660626e+00	err = 1.0000e+00
[ Info: CTMRG conv 22:	obj = +5.632599777281e+00	err = 9.3507802851e-10	time = 41.76 sec
┌ Warning: `svd` cotangents sensitive to gauge choice: (|Δgauge| = 0.4831041691277717)
└ @ TensorKitChainRulesCoreExt ~/.julia/packages/TensorKit/esxcj/ext/TensorKitChainRulesCoreExt/factorizations.jl:254
┌ Warning: `svd` cotangents sensitive to gauge choice: (|Δgauge| = 2.1012384593376293e-11)
└ @ TensorKitChainRulesCoreExt ~/.julia/packages/TensorKit/esxcj/ext/TensorKitChainRulesCoreExt/factorizations.jl:254
┌ Warning: `svd` cotangents sensitive to gauge choice: (|Δgauge| = 0.4831041691046711)
└ @ TensorKitChainRulesCoreExt ~/.julia/packages/TensorKit/esxcj/ext/TensorKitChainRulesCoreExt/factorizations.jl:254
[ Info: LBFGS: iter   58, time 4847.92 s: f = -2.105787234676, ‖∇f‖ = 2.5785e-03, α = 1.00e+00, m = 3, nfg = 1
[ Info: CTMRG init:	obj = +5.626859189345e+00	err = 1.0000e+00
[ Info: CTMRG conv 20:	obj = +5.626863981878e+00	err = 9.8382123625e-10	time = 42.09 sec
┌ Warning: `svd` cotangents sensitive to gauge choice: (|Δgauge| = 0.4835061979442843)
└ @ TensorKitChainRulesCoreExt ~/.julia/packages/TensorKit/esxcj/ext/TensorKitChainRulesCoreExt/factorizations.jl:254
┌ Warning: `svd` cotangents sensitive to gauge choice: (|Δgauge| = 1.2421498263941462e-10)
└ @ TensorKitChainRulesCoreExt ~/.julia/packages/TensorKit/esxcj/ext/TensorKitChainRulesCoreExt/factorizations.jl:254
┌ Warning: `svd` cotangents sensitive to gauge choice: (|Δgauge| = 0.48350619789171456)
└ @ TensorKitChainRulesCoreExt ~/.julia/packages/TensorKit/esxcj/ext/TensorKitChainRulesCoreExt/factorizations.jl:254
[ Info: LBFGS: iter   59, time 4895.71 s: f = -2.105806477236, ‖∇f‖ = 2.6067e-03, α = 1.00e+00, m = 3, nfg = 1
[ Info: CTMRG init:	obj = +5.613748688396e+00	err = 1.0000e+00
[ Info: CTMRG conv 21:	obj = +5.613763311776e+00	err = 7.2800684289e-10	time = 40.17 sec
┌ Warning: `svd` cotangents sensitive to gauge choice: (|Δgauge| = 0.4842321256297206)
└ @ TensorKitChainRulesCoreExt ~/.julia/packages/TensorKit/esxcj/ext/TensorKitChainRulesCoreExt/factorizations.jl:254
┌ Warning: `svd` cotangents sensitive to gauge choice: (|Δgauge| = 5.4465147280230164e-11)
└ @ TensorKitChainRulesCoreExt ~/.julia/packages/TensorKit/esxcj/ext/TensorKitChainRulesCoreExt/factorizations.jl:254
┌ Warning: `svd` cotangents sensitive to gauge choice: (|Δgauge| = 0.48423212555237405)
└ @ TensorKitChainRulesCoreExt ~/.julia/packages/TensorKit/esxcj/ext/TensorKitChainRulesCoreExt/factorizations.jl:254
[ Info: LBFGS: iter   60, time 4941.99 s: f = -2.105844383044, ‖∇f‖ = 3.4053e-03, α = 1.00e+00, m = 3, nfg = 1
[ Info: CTMRG init:	obj = +5.597171782718e+00	err = 1.0000e+00
[ Info: CTMRG conv 22:	obj = +5.597209509027e+00	err = 4.8572509338e-10	time = 41.88 sec
┌ Warning: `svd` cotangents sensitive to gauge choice: (|Δgauge| = 0.48304021800451774)
└ @ TensorKitChainRulesCoreExt ~/.julia/packages/TensorKit/esxcj/ext/TensorKitChainRulesCoreExt/factorizations.jl:254
┌ Warning: `svd` cotangents sensitive to gauge choice: (|Δgauge| = 2.1236953895393594e-12)
└ @ TensorKitChainRulesCoreExt ~/.julia/packages/TensorKit/esxcj/ext/TensorKitChainRulesCoreExt/factorizations.jl:254
┌ Warning: `svd` cotangents sensitive to gauge choice: (|Δgauge| = 0.4830402179624907)
└ @ TensorKitChainRulesCoreExt ~/.julia/packages/TensorKit/esxcj/ext/TensorKitChainRulesCoreExt/factorizations.jl:254
[ Info: LBFGS: iter   61, time 4989.68 s: f = -2.105869239394, ‖∇f‖ = 4.8442e-03, α = 1.00e+00, m = 3, nfg = 1
[ Info: CTMRG init:	obj = +5.584502267180e+00	err = 1.0000e+00
[ Info: CTMRG conv 20:	obj = +5.584522622293e+00	err = 9.9914934893e-10	time = 41.79 sec
┌ Warning: `svd` cotangents sensitive to gauge choice: (|Δgauge| = 0.4853138673403781)
└ @ TensorKitChainRulesCoreExt ~/.julia/packages/TensorKit/esxcj/ext/TensorKitChainRulesCoreExt/factorizations.jl:254
┌ Warning: `svd` cotangents sensitive to gauge choice: (|Δgauge| = 1.0504067447128648e-10)
└ @ TensorKitChainRulesCoreExt ~/.julia/packages/TensorKit/esxcj/ext/TensorKitChainRulesCoreExt/factorizations.jl:254
┌ Warning: `svd` cotangents sensitive to gauge choice: (|Δgauge| = 0.4853138673485904)
└ @ TensorKitChainRulesCoreExt ~/.julia/packages/TensorKit/esxcj/ext/TensorKitChainRulesCoreExt/factorizations.jl:254
[ Info: LBFGS: iter   62, time 5036.92 s: f = -2.105886446089, ‖∇f‖ = 3.2036e-03, α = 1.00e+00, m = 3, nfg = 1
[ Info: CTMRG init:	obj = +5.589357001289e+00	err = 1.0000e+00
[ Info: CTMRG conv 21:	obj = +5.589363680402e+00	err = 9.3691616278e-10	time = 41.10 sec
┌ Warning: `svd` cotangents sensitive to gauge choice: (|Δgauge| = 0.48415957066826054)
└ @ TensorKitChainRulesCoreExt ~/.julia/packages/TensorKit/esxcj/ext/TensorKitChainRulesCoreExt/factorizations.jl:254
┌ Warning: `svd` cotangents sensitive to gauge choice: (|Δgauge| = 3.45501922124251e-11)
└ @ TensorKitChainRulesCoreExt ~/.julia/packages/TensorKit/esxcj/ext/TensorKitChainRulesCoreExt/factorizations.jl:254
┌ Warning: `svd` cotangents sensitive to gauge choice: (|Δgauge| = 0.4841595707166729)
└ @ TensorKitChainRulesCoreExt ~/.julia/packages/TensorKit/esxcj/ext/TensorKitChainRulesCoreExt/factorizations.jl:254
[ Info: LBFGS: iter   63, time 5083.87 s: f = -2.105896834041, ‖∇f‖ = 1.5845e-03, α = 1.00e+00, m = 3, nfg = 1
[ Info: CTMRG init:	obj = +5.589215852130e+00	err = 1.0000e+00
[ Info: CTMRG conv 22:	obj = +5.589221796251e+00	err = 8.6824808592e-10	time = 45.93 sec
┌ Warning: `svd` cotangents sensitive to gauge choice: (|Δgauge| = 0.4829605332933995)
└ @ TensorKitChainRulesCoreExt ~/.julia/packages/TensorKit/esxcj/ext/TensorKitChainRulesCoreExt/factorizations.jl:254
┌ Warning: `svd` cotangents sensitive to gauge choice: (|Δgauge| = 2.0226138745759016e-11)
└ @ TensorKitChainRulesCoreExt ~/.julia/packages/TensorKit/esxcj/ext/TensorKitChainRulesCoreExt/factorizations.jl:254
┌ Warning: `svd` cotangents sensitive to gauge choice: (|Δgauge| = 0.48296053329910654)
└ @ TensorKitChainRulesCoreExt ~/.julia/packages/TensorKit/esxcj/ext/TensorKitChainRulesCoreExt/factorizations.jl:254
[ Info: LBFGS: iter   64, time 5136.25 s: f = -2.105905799852, ‖∇f‖ = 1.4381e-03, α = 1.00e+00, m = 3, nfg = 1
[ Info: CTMRG init:	obj = +5.584123681692e+00	err = 1.0000e+00
[ Info: CTMRG conv 24:	obj = +5.584157421107e+00	err = 5.2310349013e-10	time = 56.87 sec
┌ Warning: `svd` cotangents sensitive to gauge choice: (|Δgauge| = 0.48079943710474393)
└ @ TensorKitChainRulesCoreExt ~/.julia/packages/TensorKit/esxcj/ext/TensorKitChainRulesCoreExt/factorizations.jl:254
┌ Warning: `svd` cotangents sensitive to gauge choice: (|Δgauge| = 9.127253006933238e-12)
└ @ TensorKitChainRulesCoreExt ~/.julia/packages/TensorKit/esxcj/ext/TensorKitChainRulesCoreExt/factorizations.jl:254
┌ Warning: `svd` cotangents sensitive to gauge choice: (|Δgauge| = 0.4807994371329425)
└ @ TensorKitChainRulesCoreExt ~/.julia/packages/TensorKit/esxcj/ext/TensorKitChainRulesCoreExt/factorizations.jl:254
[ Info: LBFGS: iter   65, time 5199.21 s: f = -2.105920786064, ‖∇f‖ = 1.9658e-03, α = 1.00e+00, m = 3, nfg = 1
[ Info: CTMRG init:	obj = +5.577316438925e+00	err = 1.0000e+00
[ Info: CTMRG conv 24:	obj = +5.577387786974e+00	err = 8.3538910317e-10	time = 56.36 sec
┌ Warning: `svd` cotangents sensitive to gauge choice: (|Δgauge| = 0.4786864757584596)
└ @ TensorKitChainRulesCoreExt ~/.julia/packages/TensorKit/esxcj/ext/TensorKitChainRulesCoreExt/factorizations.jl:254
┌ Warning: `svd` cotangents sensitive to gauge choice: (|Δgauge| = 1.5362090134667408e-11)
└ @ TensorKitChainRulesCoreExt ~/.julia/packages/TensorKit/esxcj/ext/TensorKitChainRulesCoreExt/factorizations.jl:254
┌ Warning: `svd` cotangents sensitive to gauge choice: (|Δgauge| = 0.47868647587070057)
└ @ TensorKitChainRulesCoreExt ~/.julia/packages/TensorKit/esxcj/ext/TensorKitChainRulesCoreExt/factorizations.jl:254
[ Info: LBFGS: iter   66, time 5261.74 s: f = -2.105938266328, ‖∇f‖ = 1.7057e-03, α = 1.00e+00, m = 3, nfg = 1
[ Info: CTMRG init:	obj = +5.558826459281e+00	err = 1.0000e+00
[ Info: CTMRG conv 26:	obj = +5.559141468477e+00	err = 5.9720734271e-10	time = 58.04 sec
┌ Warning: `svd` cotangents sensitive to gauge choice: (|Δgauge| = 0.4724145286015552)
└ @ TensorKitChainRulesCoreExt ~/.julia/packages/TensorKit/esxcj/ext/TensorKitChainRulesCoreExt/factorizations.jl:254
┌ Warning: `svd` cotangents sensitive to gauge choice: (|Δgauge| = 9.524462129391191e-12)
└ @ TensorKitChainRulesCoreExt ~/.julia/packages/TensorKit/esxcj/ext/TensorKitChainRulesCoreExt/factorizations.jl:254
┌ Warning: `svd` cotangents sensitive to gauge choice: (|Δgauge| = 0.47241452844248133)
└ @ TensorKitChainRulesCoreExt ~/.julia/packages/TensorKit/esxcj/ext/TensorKitChainRulesCoreExt/factorizations.jl:254
[ Info: LBFGS: iter   67, time 5326.69 s: f = -2.105944505088, ‖∇f‖ = 6.0010e-03, α = 1.00e+00, m = 3, nfg = 1
[ Info: CTMRG init:	obj = +5.557248947913e+00	err = 1.0000e+00
[ Info: CTMRG conv 22:	obj = +5.557253635551e+00	err = 9.7011586717e-10	time = 47.69 sec
┌ Warning: `svd` cotangents sensitive to gauge choice: (|Δgauge| = 0.47384116209528204)
└ @ TensorKitChainRulesCoreExt ~/.julia/packages/TensorKit/esxcj/ext/TensorKitChainRulesCoreExt/factorizations.jl:254
┌ Warning: `svd` cotangents sensitive to gauge choice: (|Δgauge| = 1.7307731663464115e-10)
└ @ TensorKitChainRulesCoreExt ~/.julia/packages/TensorKit/esxcj/ext/TensorKitChainRulesCoreExt/factorizations.jl:254
┌ Warning: `svd` cotangents sensitive to gauge choice: (|Δgauge| = 0.47384116213467253)
└ @ TensorKitChainRulesCoreExt ~/.julia/packages/TensorKit/esxcj/ext/TensorKitChainRulesCoreExt/factorizations.jl:254
[ Info: LBFGS: iter   68, time 5381.85 s: f = -2.105975890749, ‖∇f‖ = 1.9840e-03, α = 1.00e+00, m = 3, nfg = 1
[ Info: CTMRG init:	obj = +5.556737192993e+00	err = 1.0000e+00
[ Info: CTMRG conv 22:	obj = +5.556739217357e+00	err = 5.5358200823e-10	time = 52.86 sec
┌ Warning: `svd` cotangents sensitive to gauge choice: (|Δgauge| = 0.4746705255071518)
└ @ TensorKitChainRulesCoreExt ~/.julia/packages/TensorKit/esxcj/ext/TensorKitChainRulesCoreExt/factorizations.jl:254
┌ Warning: `svd` cotangents sensitive to gauge choice: (|Δgauge| = 1.6087942636098023e-10)
└ @ TensorKitChainRulesCoreExt ~/.julia/packages/TensorKit/esxcj/ext/TensorKitChainRulesCoreExt/factorizations.jl:254
┌ Warning: `svd` cotangents sensitive to gauge choice: (|Δgauge| = 0.4746705255849251)
└ @ TensorKitChainRulesCoreExt ~/.julia/packages/TensorKit/esxcj/ext/TensorKitChainRulesCoreExt/factorizations.jl:254
[ Info: LBFGS: iter   69, time 5440.73 s: f = -2.105988631325, ‖∇f‖ = 1.5277e-03, α = 1.00e+00, m = 3, nfg = 1
[ Info: CTMRG init:	obj = +5.548578058164e+00	err = 1.0000e+00
[ Info: CTMRG conv 22:	obj = +5.548584340701e+00	err = 5.6626691606e-10	time = 51.66 sec
┌ Warning: `svd` cotangents sensitive to gauge choice: (|Δgauge| = 0.4750756934554497)
└ @ TensorKitChainRulesCoreExt ~/.julia/packages/TensorKit/esxcj/ext/TensorKitChainRulesCoreExt/factorizations.jl:254
┌ Warning: `svd` cotangents sensitive to gauge choice: (|Δgauge| = 1.7762310382604747e-10)
└ @ TensorKitChainRulesCoreExt ~/.julia/packages/TensorKit/esxcj/ext/TensorKitChainRulesCoreExt/factorizations.jl:254
┌ Warning: `svd` cotangents sensitive to gauge choice: (|Δgauge| = 0.4750756936373559)
└ @ TensorKitChainRulesCoreExt ~/.julia/packages/TensorKit/esxcj/ext/TensorKitChainRulesCoreExt/factorizations.jl:254
[ Info: LBFGS: iter   70, time 5497.97 s: f = -2.106007419154, ‖∇f‖ = 1.7239e-03, α = 1.00e+00, m = 3, nfg = 1
[ Info: CTMRG init:	obj = +5.543458723740e+00	err = 1.0000e+00
[ Info: CTMRG conv 26:	obj = +5.543569545873e+00	err = 6.1917730469e-10	time = 1.01 min
┌ Warning: `svd` cotangents sensitive to gauge choice: (|Δgauge| = 0.47719455567261543)
└ @ TensorKitChainRulesCoreExt ~/.julia/packages/TensorKit/esxcj/ext/TensorKitChainRulesCoreExt/factorizations.jl:254
┌ Warning: `svd` cotangents sensitive to gauge choice: (|Δgauge| = 9.378092710732439e-12)
└ @ TensorKitChainRulesCoreExt ~/.julia/packages/TensorKit/esxcj/ext/TensorKitChainRulesCoreExt/factorizations.jl:254
┌ Warning: `svd` cotangents sensitive to gauge choice: (|Δgauge| = 0.47719455572339065)
└ @ TensorKitChainRulesCoreExt ~/.julia/packages/TensorKit/esxcj/ext/TensorKitChainRulesCoreExt/factorizations.jl:254
[ Info: LBFGS: iter   71, time 5564.65 s: f = -2.106023143945, ‖∇f‖ = 2.7205e-03, α = 1.00e+00, m = 3, nfg = 1
[ Info: CTMRG init:	obj = +5.534063612703e+00	err = 1.0000e+00
[ Info: CTMRG conv 27:	obj = +5.534143605274e+00	err = 5.3885350478e-10	time = 1.05 min
┌ Warning: `svd` cotangents sensitive to gauge choice: (|Δgauge| = 0.48042548366634513)
└ @ TensorKitChainRulesCoreExt ~/.julia/packages/TensorKit/esxcj/ext/TensorKitChainRulesCoreExt/factorizations.jl:254
┌ Warning: `svd` cotangents sensitive to gauge choice: (|Δgauge| = 3.3803433369192566e-12)
└ @ TensorKitChainRulesCoreExt ~/.julia/packages/TensorKit/esxcj/ext/TensorKitChainRulesCoreExt/factorizations.jl:254
┌ Warning: `svd` cotangents sensitive to gauge choice: (|Δgauge| = 0.4804254837001489)
└ @ TensorKitChainRulesCoreExt ~/.julia/packages/TensorKit/esxcj/ext/TensorKitChainRulesCoreExt/factorizations.jl:254
[ Info: LBFGS: iter   72, time 5633.36 s: f = -2.106032577042, ‖∇f‖ = 1.9670e-03, α = 1.00e+00, m = 3, nfg = 1
[ Info: CTMRG init:	obj = +5.535542798790e+00	err = 1.0000e+00
[ Info: CTMRG conv 23:	obj = +5.535543679512e+00	err = 7.0387107828e-10	time = 54.24 sec
┌ Warning: `svd` cotangents sensitive to gauge choice: (|Δgauge| = 0.47976129421871677)
└ @ TensorKitChainRulesCoreExt ~/.julia/packages/TensorKit/esxcj/ext/TensorKitChainRulesCoreExt/factorizations.jl:254
┌ Warning: `svd` cotangents sensitive to gauge choice: (|Δgauge| = 4.959529403865132e-11)
└ @ TensorKitChainRulesCoreExt ~/.julia/packages/TensorKit/esxcj/ext/TensorKitChainRulesCoreExt/factorizations.jl:254
┌ Warning: `svd` cotangents sensitive to gauge choice: (|Δgauge| = 0.47976129415357394)
└ @ TensorKitChainRulesCoreExt ~/.julia/packages/TensorKit/esxcj/ext/TensorKitChainRulesCoreExt/factorizations.jl:254
[ Info: LBFGS: iter   73, time 5693.62 s: f = -2.106037173573, ‖∇f‖ = 1.2468e-03, α = 1.00e+00, m = 3, nfg = 1
[ Info: CTMRG init:	obj = +5.535735020553e+00	err = 1.0000e+00
[ Info: CTMRG conv 21:	obj = +5.535735188061e+00	err = 9.4382015955e-10	time = 50.10 sec
┌ Warning: `svd` cotangents sensitive to gauge choice: (|Δgauge| = 0.47975071019945414)
└ @ TensorKitChainRulesCoreExt ~/.julia/packages/TensorKit/esxcj/ext/TensorKitChainRulesCoreExt/factorizations.jl:254
┌ Warning: `svd` cotangents sensitive to gauge choice: (|Δgauge| = 1.835983420280917e-10)
└ @ TensorKitChainRulesCoreExt ~/.julia/packages/TensorKit/esxcj/ext/TensorKitChainRulesCoreExt/factorizations.jl:254
┌ Warning: `svd` cotangents sensitive to gauge choice: (|Δgauge| = 0.4797507102039959)
└ @ TensorKitChainRulesCoreExt ~/.julia/packages/TensorKit/esxcj/ext/TensorKitChainRulesCoreExt/factorizations.jl:254
[ Info: LBFGS: iter   74, time 5749.09 s: f = -2.106039933923, ‖∇f‖ = 1.1801e-03, α = 1.00e+00, m = 3, nfg = 1
[ Info: CTMRG init:	obj = +5.530303880593e+00	err = 1.0000e+00
[ Info: CTMRG conv 26:	obj = +5.530332054876e+00	err = 6.0830101185e-10	time = 1.08 min
┌ Warning: `svd` cotangents sensitive to gauge choice: (|Δgauge| = 0.4809353532073888)
└ @ TensorKitChainRulesCoreExt ~/.julia/packages/TensorKit/esxcj/ext/TensorKitChainRulesCoreExt/factorizations.jl:254
┌ Warning: `svd` cotangents sensitive to gauge choice: (|Δgauge| = 1.8897768040611727e-12)
└ @ TensorKitChainRulesCoreExt ~/.julia/packages/TensorKit/esxcj/ext/TensorKitChainRulesCoreExt/factorizations.jl:254
┌ Warning: `svd` cotangents sensitive to gauge choice: (|Δgauge| = 0.4809353531434827)
└ @ TensorKitChainRulesCoreExt ~/.julia/packages/TensorKit/esxcj/ext/TensorKitChainRulesCoreExt/factorizations.jl:254
[ Info: LBFGS: iter   75, time 5819.56 s: f = -2.106056958118, ‖∇f‖ = 1.5266e-03, α = 1.00e+00, m = 3, nfg = 1
[ Info: CTMRG init:	obj = +5.523849637314e+00	err = 1.0000e+00
[ Info: CTMRG conv 25:	obj = +5.523872896114e+00	err = 5.4435389568e-10	time = 1.02 min
┌ Warning: `svd` cotangents sensitive to gauge choice: (|Δgauge| = 0.48051512443782013)
└ @ TensorKitChainRulesCoreExt ~/.julia/packages/TensorKit/esxcj/ext/TensorKitChainRulesCoreExt/factorizations.jl:254
┌ Warning: `svd` cotangents sensitive to gauge choice: (|Δgauge| = 2.0179123835289575e-12)
└ @ TensorKitChainRulesCoreExt ~/.julia/packages/TensorKit/esxcj/ext/TensorKitChainRulesCoreExt/factorizations.jl:254
┌ Warning: `svd` cotangents sensitive to gauge choice: (|Δgauge| = 0.4805151244168988)
└ @ TensorKitChainRulesCoreExt ~/.julia/packages/TensorKit/esxcj/ext/TensorKitChainRulesCoreExt/factorizations.jl:254
[ Info: CTMRG init:	obj = +5.528144171184e+00	err = 1.0000e+00
[ Info: CTMRG conv 23:	obj = +5.528147149954e+00	err = 6.5348064052e-10	time = 59.72 sec
┌ Warning: `svd` cotangents sensitive to gauge choice: (|Δgauge| = 0.48078552301479827)
└ @ TensorKitChainRulesCoreExt ~/.julia/packages/TensorKit/esxcj/ext/TensorKitChainRulesCoreExt/factorizations.jl:254
┌ Warning: `svd` cotangents sensitive to gauge choice: (|Δgauge| = 1.2671514468643475e-11)
└ @ TensorKitChainRulesCoreExt ~/.julia/packages/TensorKit/esxcj/ext/TensorKitChainRulesCoreExt/factorizations.jl:254
┌ Warning: `svd` cotangents sensitive to gauge choice: (|Δgauge| = 0.48078552294366417)
└ @ TensorKitChainRulesCoreExt ~/.julia/packages/TensorKit/esxcj/ext/TensorKitChainRulesCoreExt/factorizations.jl:254
[ Info: LBFGS: iter   76, time 5954.77 s: f = -2.106061493329, ‖∇f‖ = 1.6554e-03, α = 3.58e-01, m = 3, nfg = 2
[ Info: CTMRG init:	obj = +5.524695810267e+00	err = 1.0000e+00
[ Info: CTMRG conv 23:	obj = +5.524698486096e+00	err = 8.7048876474e-10	time = 58.83 sec
┌ Warning: `svd` cotangents sensitive to gauge choice: (|Δgauge| = 0.480977522155956)
└ @ TensorKitChainRulesCoreExt ~/.julia/packages/TensorKit/esxcj/ext/TensorKitChainRulesCoreExt/factorizations.jl:254
┌ Warning: `svd` cotangents sensitive to gauge choice: (|Δgauge| = 3.4955209218587674e-11)
└ @ TensorKitChainRulesCoreExt ~/.julia/packages/TensorKit/esxcj/ext/TensorKitChainRulesCoreExt/factorizations.jl:254
┌ Warning: `svd` cotangents sensitive to gauge choice: (|Δgauge| = 0.48097752213864176)
└ @ TensorKitChainRulesCoreExt ~/.julia/packages/TensorKit/esxcj/ext/TensorKitChainRulesCoreExt/factorizations.jl:254
[ Info: LBFGS: iter   77, time 6020.43 s: f = -2.106067949158, ‖∇f‖ = 1.2789e-03, α = 1.00e+00, m = 3, nfg = 1
[ Info: CTMRG init:	obj = +5.515880177920e+00	err = 1.0000e+00
[ Info: CTMRG conv 27:	obj = +5.515938734389e+00	err = 6.6073928601e-10	time = 1.19 min
┌ Warning: `svd` cotangents sensitive to gauge choice: (|Δgauge| = 0.4790665097540865)
└ @ TensorKitChainRulesCoreExt ~/.julia/packages/TensorKit/esxcj/ext/TensorKitChainRulesCoreExt/factorizations.jl:254
┌ Warning: `svd` cotangents sensitive to gauge choice: (|Δgauge| = 3.986692372701339e-12)
└ @ TensorKitChainRulesCoreExt ~/.julia/packages/TensorKit/esxcj/ext/TensorKitChainRulesCoreExt/factorizations.jl:254
┌ Warning: `svd` cotangents sensitive to gauge choice: (|Δgauge| = 0.4790665096663669)
└ @ TensorKitChainRulesCoreExt ~/.julia/packages/TensorKit/esxcj/ext/TensorKitChainRulesCoreExt/factorizations.jl:254
[ Info: LBFGS: iter   78, time 6098.60 s: f = -2.106078698472, ‖∇f‖ = 1.6084e-03, α = 1.00e+00, m = 3, nfg = 1
[ Info: CTMRG init:	obj = +5.511184632768e+00	err = 1.0000e+00
[ Info: CTMRG conv 27:	obj = +5.511293183363e+00	err = 8.8354464057e-10	time = 1.21 min
┌ Warning: `svd` cotangents sensitive to gauge choice: (|Δgauge| = 0.4785676269798793)
└ @ TensorKitChainRulesCoreExt ~/.julia/packages/TensorKit/esxcj/ext/TensorKitChainRulesCoreExt/factorizations.jl:254
┌ Warning: `svd` cotangents sensitive to gauge choice: (|Δgauge| = 0.4785676271499273)
└ @ TensorKitChainRulesCoreExt ~/.julia/packages/TensorKit/esxcj/ext/TensorKitChainRulesCoreExt/factorizations.jl:254
[ Info: CTMRG init:	obj = +5.513570621846e+00	err = 1.0000e+00
[ Info: CTMRG conv 26:	obj = +5.513599792799e+00	err = 9.0040710928e-10	time = 1.09 min
┌ Warning: `svd` cotangents sensitive to gauge choice: (|Δgauge| = 0.47882029502280726)
└ @ TensorKitChainRulesCoreExt ~/.julia/packages/TensorKit/esxcj/ext/TensorKitChainRulesCoreExt/factorizations.jl:254
┌ Warning: `svd` cotangents sensitive to gauge choice: (|Δgauge| = 2.903356376756737e-12)
└ @ TensorKitChainRulesCoreExt ~/.julia/packages/TensorKit/esxcj/ext/TensorKitChainRulesCoreExt/factorizations.jl:254
┌ Warning: `svd` cotangents sensitive to gauge choice: (|Δgauge| = 0.47882029507906526)
└ @ TensorKitChainRulesCoreExt ~/.julia/packages/TensorKit/esxcj/ext/TensorKitChainRulesCoreExt/factorizations.jl:254
[ Info: LBFGS: iter   79, time 6252.54 s: f = -2.106083881908, ‖∇f‖ = 1.4577e-03, α = 5.19e-01, m = 3, nfg = 2
[ Info: CTMRG init:	obj = +5.515506571881e+00	err = 1.0000e+00
[ Info: CTMRG conv 25:	obj = +5.515516948866e+00	err = 9.6336802696e-10	time = 1.15 min
┌ Warning: `svd` cotangents sensitive to gauge choice: (|Δgauge| = 0.47778856446637985)
└ @ TensorKitChainRulesCoreExt ~/.julia/packages/TensorKit/esxcj/ext/TensorKitChainRulesCoreExt/factorizations.jl:254
┌ Warning: `svd` cotangents sensitive to gauge choice: (|Δgauge| = 7.333787395298261e-12)
└ @ TensorKitChainRulesCoreExt ~/.julia/packages/TensorKit/esxcj/ext/TensorKitChainRulesCoreExt/factorizations.jl:254
┌ Warning: `svd` cotangents sensitive to gauge choice: (|Δgauge| = 0.47778856442782003)
└ @ TensorKitChainRulesCoreExt ~/.julia/packages/TensorKit/esxcj/ext/TensorKitChainRulesCoreExt/factorizations.jl:254
[ Info: LBFGS: converged after 80 iterations and time 6328.26 s: f = -2.106087583126, ‖∇f‖ = 9.5518e-04
