  Installing known registries into `~/.julia`
       Added `General` registry to ~/.julia/registries
    Updating registry at `~/.julia/registries/General.toml`
   Installed GPUArraysCore ─────────────── v0.2.0
   Installed IrrationalConstants ───────── v0.2.4
   Installed RealDot ───────────────────── v0.1.0
   Installed TaskLocalValues ───────────── v0.1.2
   Installed BlockTensorKit ────────────── v0.1.6
   Installed IRTools ───────────────────── v0.4.14
   Installed JLD2 ──────────────────────── v0.5.12
   Installed OhMyThreads ───────────────── v0.7.0
   Installed Adapt ─────────────────────── v4.3.0
   Installed LRUCache ──────────────────── v1.6.2
   Installed PtrArrays ─────────────────── v1.3.0
   Installed IntegerMathUtils ──────────── v0.1.2
   Installed Preferences ───────────────── v1.4.3
   Installed DiffRules ─────────────────── v1.15.1
   Installed TableTraits ───────────────── v1.0.1
   Installed Accessors ─────────────────── v0.1.42
   Installed LoggingExtras ─────────────── v1.0.3
   Installed DiffResults ───────────────── v1.1.0
   Installed OptimKit ──────────────────── v0.4.0
   Installed HashArrayMappedTries ──────── v0.2.0
   Installed Tables ────────────────────── v1.12.0
   Installed SpecialFunctions ──────────── v2.5.0
   Installed WignerSymbols ─────────────── v2.0.0
   Installed ChunkSplitters ────────────── v3.1.2
   Installed TensorKit ─────────────────── v0.14.5
   Installed RecipesBase ───────────────── v1.3.4
   Installed DataAPI ───────────────────── v1.16.0
   Installed Primes ────────────────────── v0.5.7
   Installed AbstractFFTs ──────────────── v1.5.0
   Installed StaticArrays ──────────────── v1.9.13
   Installed Zygote ────────────────────── v0.7.6
   Installed BlockArrays ───────────────── v1.6.0
   Installed MPSKit ────────────────────── v0.12.6
   Installed JLLWrappers ───────────────── v1.7.0
   Installed Richardson ────────────────── v1.4.2
   Installed StaticArraysCore ──────────── v1.4.3
   Installed NaNMath ───────────────────── v1.1.3
   Installed FiniteDifferences ─────────── v0.12.32
   Installed IteratorInterfaceExtensions ─ v1.0.0
   Installed ConstructionBase ──────────── v1.5.8
   Installed PrecompileTools ───────────── v1.2.1
   Installed StructArrays ──────────────── v0.7.1
   Installed DataValueInterfaces ───────── v1.0.0
   Installed OrderedCollections ────────── v1.8.0
   Installed RationalRoots ─────────────── v0.2.1
   Installed StableTasks ───────────────── v0.1.7
   Installed TensorKitSectors ──────────── v0.1.4
   Installed TranscodingStreams ────────── v0.11.3
   Installed ScopedValues ──────────────── v1.3.0
   Installed ChainRulesCore ────────────── v1.25.1
   Installed InitialValues ─────────────── v0.3.1
   Installed VectorInterface ───────────── v0.5.0
   Installed MPSKitModels ──────────────── v0.4.0
   Installed Statistics ────────────────── v1.11.1
   Installed FillArrays ────────────────── v1.13.0
   Installed FileIO ────────────────────── v1.17.0
   Installed ForwardDiff ───────────────── v1.0.1
   Installed LogExpFunctions ───────────── v0.3.29
   Installed ChainRules ────────────────── v1.72.3
   Installed Requires ──────────────────── v1.3.1
   Installed StridedViews ──────────────── v0.4.1
   Installed CommonSubexpressions ──────── v0.3.1
   Installed ZygoteRules ───────────────── v0.2.7
   Installed Strided ───────────────────── v2.3.0
   Installed PackageExtensionCompat ────── v1.0.2
   Installed BangBang ──────────────────── v0.4.4
   Installed HalfIntegers ──────────────── v1.6.0
   Installed MacroTools ────────────────── v0.5.15
   Installed Compat ────────────────────── v4.16.0
   Installed OpenSpecFun_jll ───────────── v0.5.6+0
   Installed TensorKitManifolds ────────── v0.7.2
   Installed SparseInverseSubset ───────── v0.1.2
   Installed CompositionsBase ──────────── v0.1.2
   Installed InverseFunctions ──────────── v0.1.17
   Installed TupleTools ────────────────── v1.6.0
   Installed TensorOperations ──────────── v5.2.0
   Installed PEPSKit ───────────────────── v0.5.0
   Installed KrylovKit ─────────────────── v0.9.5
   Installed DocStringExtensions ───────── v0.9.4
   Installed ArrayLayouts ──────────────── v1.11.1
    Updating `/var/lib/condor/execute/dir_19535/Project.toml`
  [d360d2e6] + ChainRulesCore v1.25.1
  [033835bb] + JLD2 v0.5.12
  [0b1a1467] + KrylovKit v0.9.5
  [bb1c41ca] + MPSKit v0.12.6
  [ca635005] + MPSKitModels v0.4.0
  [77e91f04] + OptimKit v0.4.0
  [52969e89] + PEPSKit v0.5.0
  [07d1fe3e] + TensorKit v0.14.5
  [409d34a3] + VectorInterface v0.5.0
  [e88e6eb3] + Zygote v0.7.6
  [37e2e46d] ~ LinearAlgebra ⇒ v1.11.0
    Updating `/var/lib/condor/execute/dir_19535/Manifest.toml`
  [621f4979] + AbstractFFTs v1.5.0
  [7d9f7c33] + Accessors v0.1.42
  [79e6a3ab] + Adapt v4.3.0
  [4c555306] + ArrayLayouts v1.11.1
  [198e06fe] + BangBang v0.4.4
  [8e7c35d0] + BlockArrays v1.6.0
  [5f87ffc2] + BlockTensorKit v0.1.6
  [082447d4] + ChainRules v1.72.3
  [d360d2e6] + ChainRulesCore v1.25.1
  [ae650224] + ChunkSplitters v3.1.2
  [bbf7d656] + CommonSubexpressions v0.3.1
  [34da2185] + Compat v4.16.0
  [a33af91c] + CompositionsBase v0.1.2
  [187b0558] + ConstructionBase v1.5.8
  [9a962f9c] + DataAPI v1.16.0
  [e2d170a0] + DataValueInterfaces v1.0.0
  [163ba53b] + DiffResults v1.1.0
  [b552c78f] + DiffRules v1.15.1
  [ffbed154] + DocStringExtensions v0.9.4
  [5789e2e9] + FileIO v1.17.0
  [1a297f60] + FillArrays v1.13.0
  [26cc04aa] + FiniteDifferences v0.12.32
  [f6369f11] + ForwardDiff v1.0.1
  [46192b85] + GPUArraysCore v0.2.0
  [f0d1745a] + HalfIntegers v1.6.0
  [076d061b] + HashArrayMappedTries v0.2.0
  [7869d1d1] + IRTools v0.4.14
  [22cec73e] + InitialValues v0.3.1
  [18e54dd8] + IntegerMathUtils v0.1.2
  [3587e190] + InverseFunctions v0.1.17
  [92d709cd] + IrrationalConstants v0.2.4
  [82899510] + IteratorInterfaceExtensions v1.0.0
  [033835bb] + JLD2 v0.5.12
  [692b3bcd] + JLLWrappers v1.7.0
  [0b1a1467] + KrylovKit v0.9.5
  [8ac3fa9e] + LRUCache v1.6.2
  [2ab3a3ac] + LogExpFunctions v0.3.29
⌅ [e6f89c97] + LoggingExtras v1.0.3
  [bb1c41ca] + MPSKit v0.12.6
  [ca635005] + MPSKitModels v0.4.0
  [1914dd2f] + MacroTools v0.5.15
  [77ba4419] + NaNMath v1.1.3
⌅ [67456a42] + OhMyThreads v0.7.0
  [77e91f04] + OptimKit v0.4.0
  [bac558e1] + OrderedCollections v1.8.0
  [52969e89] + PEPSKit v0.5.0
  [65ce6f38] + PackageExtensionCompat v1.0.2
⌅ [aea7be01] + PrecompileTools v1.2.1
  [21216c6a] + Preferences v1.4.3
  [27ebfcd6] + Primes v0.5.7
  [43287f4e] + PtrArrays v1.3.0
  [308eb6b3] + RationalRoots v0.2.1
  [c1ae055f] + RealDot v0.1.0
  [3cdcf5f2] + RecipesBase v1.3.4
  [ae029012] + Requires v1.3.1
  [708f8203] + Richardson v1.4.2
  [7e506255] + ScopedValues v1.3.0
  [dc90abb0] + SparseInverseSubset v0.1.2
  [276daf66] + SpecialFunctions v2.5.0
  [91464d47] + StableTasks v0.1.7
  [90137ffa] + StaticArrays v1.9.13
  [1e83bf80] + StaticArraysCore v1.4.3
  [10745b16] + Statistics v1.11.1
  [5e0ebb24] + Strided v2.3.0
  [4db3bf67] + StridedViews v0.4.1
  [09ab397b] + StructArrays v0.7.1
  [3783bdb8] + TableTraits v1.0.1
  [bd369af6] + Tables v1.12.0
  [ed4db957] + TaskLocalValues v0.1.2
  [07d1fe3e] + TensorKit v0.14.5
  [11fa318c] + TensorKitManifolds v0.7.2
  [13a9c161] + TensorKitSectors v0.1.4
  [6aa20fa7] + TensorOperations v5.2.0
  [3bb67fe8] + TranscodingStreams v0.11.3
  [9d95972d] + TupleTools v1.6.0
  [409d34a3] + VectorInterface v0.5.0
  [9f57e263] + WignerSymbols v2.0.0
  [e88e6eb3] + Zygote v0.7.6
  [700de1a5] + ZygoteRules v0.2.7
  [efe28fd5] + OpenSpecFun_jll v0.5.6+0
  [0dad84c5] + ArgTools v1.1.2
  [56f22d72] + Artifacts v1.11.0
  [2a0f44e3] + Base64 v1.11.0
  [ade2ca70] + Dates v1.11.0
  [8ba89e20] + Distributed v1.11.0
  [f43a241f] + Downloads v1.6.0
  [7b1f6079] + FileWatching v1.11.0
  [b77e0a4c] + InteractiveUtils v1.11.0
  [b27032c2] + LibCURL v0.6.4
  [76f85450] + LibGit2 v1.11.0
  [8f399da3] + Libdl v1.11.0
  [37e2e46d] + LinearAlgebra v1.11.0
  [56ddb016] + Logging v1.11.0
  [d6f4376e] + Markdown v1.11.0
  [a63ad114] + Mmap v1.11.0
  [ca575930] + NetworkOptions v1.2.0
  [44cfe95a] + Pkg v1.11.0
  [de0858da] + Printf v1.11.0
  [9a3f8284] + Random v1.11.0
  [ea8e919c] + SHA v0.7.0
  [9e88b42a] + Serialization v1.11.0
  [6462fe0b] + Sockets v1.11.0
  [2f01184e] + SparseArrays v1.11.0
  [4607b0f0] + SuiteSparse
  [fa267f1f] + TOML v1.0.3
  [a4e569a6] + Tar v1.10.0
  [cf7118a7] + UUIDs v1.11.0
  [4ec0a83e] + Unicode v1.11.0
  [e66e0078] + CompilerSupportLibraries_jll v1.1.1+0
  [deac9b47] + LibCURL_jll v8.6.0+0
  [e37daf67] + LibGit2_jll v1.7.2+0
  [29816b5a] + LibSSH2_jll v1.11.0+1
  [c8ffd9c3] + MbedTLS_jll v2.28.6+0
  [14a3606d] + MozillaCACerts_jll v2023.12.12
  [4536629a] + OpenBLAS_jll v0.3.27+1
  [05823500] + OpenLibm_jll v0.8.1+2
  [bea87d4a] + SuiteSparse_jll v7.7.0+0
  [83775a58] + Zlib_jll v1.2.13+1
  [8e850b90] + libblastrampoline_jll v5.11.0+0
  [8e850ede] + nghttp2_jll v1.59.0+0
  [3f19e933] + p7zip_jll v17.4.0+2
        Info Packages marked with ⌅ have new versions available but compatibility constraints restrict them from upgrading. To see why use `status --outdated -m`
Precompiling project...
    601.5 ms  ✓ DataValueInterfaces
    675.3 ms  ✓ TaskLocalValues
    637.2 ms  ✓ RealDot
    643.3 ms  ✓ IntegerMathUtils
    674.9 ms  ✓ Richardson
    761.1 ms  ✓ HalfIntegers
    791.9 ms  ✓ StableTasks
    744.2 ms  ✓ InverseFunctions
    908.9 ms  ✓ OrderedCollections
    897.2 ms  ✓ AbstractFFTs
    849.0 ms  ✓ VectorInterface
    864.3 ms  ✓ LRUCache
    906.0 ms  ✓ DocStringExtensions
    962.3 ms  ✓ Statistics
    564.8 ms  ✓ IteratorInterfaceExtensions
    577.7 ms  ✓ PackageExtensionCompat
    641.1 ms  ✓ DataAPI
    559.6 ms  ✓ PtrArrays
    666.9 ms  ✓ CompositionsBase
    822.9 ms  ✓ ConstructionBase
   1644.2 ms  ✓ FillArrays
    765.7 ms  ✓ StaticArraysCore
    752.5 ms  ✓ RationalRoots
    884.0 ms  ✓ ChunkSplitters
    770.8 ms  ✓ TupleTools
    650.7 ms  ✓ HashArrayMappedTries
   1748.4 ms  ✓ IrrationalConstants
    861.5 ms  ✓ TranscodingStreams
    716.4 ms  ✓ NaNMath
    727.4 ms  ✓ Requires
    863.3 ms  ✓ LoggingExtras
    881.9 ms  ✓ SuiteSparse
   1366.3 ms  ✓ InitialValues
    852.8 ms  ✓ CompositionsBase → CompositionsBaseInverseFunctionsExt
    597.5 ms  ✓ TableTraits
    654.6 ms  ✓ InverseFunctions → InverseFunctionsDatesExt
    902.7 ms  ✓ Compat
    668.7 ms  ✓ DiffResults
    731.1 ms  ✓ StridedViews
    642.6 ms  ✓ ConstructionBase → ConstructionBaseLinearAlgebraExt
    932.7 ms  ✓ Primes
    962.1 ms  ✓ Statistics → SparseArraysExt
    652.2 ms  ✓ FillArrays → FillArraysStatisticsExt
    609.8 ms  ✓ ScopedValues
   1062.9 ms  ✓ Preferences
    635.1 ms  ✓ LRUCache → SerializationExt
    748.8 ms  ✓ Adapt
    599.1 ms  ✓ StridedViews → StridedViewsPtrArraysExt
    647.9 ms  ✓ Compat → CompatLinearAlgebraExt
    866.2 ms  ✓ SparseInverseSubset
   1033.4 ms  ✓ FillArrays → FillArraysSparseArraysExt
    990.6 ms  ✓ LogExpFunctions
    695.5 ms  ✓ PrecompileTools
    953.3 ms  ✓ Strided
   1224.6 ms  ✓ Tables
    801.5 ms  ✓ JLLWrappers
    755.0 ms  ✓ GPUArraysCore
    658.2 ms  ✓ LogExpFunctions → LogExpFunctionsInverseFunctionsExt
    894.1 ms  ✓ Adapt → AdaptSparseArraysExt
   2339.0 ms  ✓ KrylovKit
   3526.7 ms  ✓ MacroTools
    879.2 ms  ✓ OpenSpecFun_jll
   1919.3 ms  ✓ OptimKit
   1158.8 ms  ✓ StructArrays
    762.5 ms  ✓ CommonSubexpressions
   1832.7 ms  ✓ ChainRulesCore
    657.1 ms  ✓ StructArrays → StructArraysAdaptExt
    672.6 ms  ✓ StructArrays → StructArraysLinearAlgebraExt
    736.7 ms  ✓ AbstractFFTs → AbstractFFTsChainRulesCoreExt
    928.6 ms  ✓ StructArrays → StructArraysSparseArraysExt
    951.8 ms  ✓ ChainRulesCore → ChainRulesCoreSparseArraysExt
   2407.4 ms  ✓ RecipesBase
   1149.4 ms  ✓ ZygoteRules
    972.4 ms  ✓ KrylovKit → KrylovKitChainRulesCoreExt
   3755.6 ms  ✓ WignerSymbols
   2744.3 ms  ✓ IRTools
   2154.2 ms  ✓ LogExpFunctions → LogExpFunctionsChainRulesCoreExt
   3021.9 ms  ✓ Accessors
   5393.7 ms  ✓ FileIO
    765.9 ms  ✓ Accessors → StructArraysExt
    823.9 ms  ✓ Accessors → LinearAlgebraExt
   4190.4 ms  ✓ SpecialFunctions
   1171.4 ms  ✓ BangBang
    978.9 ms  ✓ DiffRules
    816.5 ms  ✓ BangBang → BangBangTablesExt
    833.2 ms  ✓ BangBang → BangBangChainRulesCoreExt
    847.9 ms  ✓ BangBang → BangBangStructArraysExt
   1446.0 ms  ✓ OhMyThreads
   2928.8 ms  ✓ SpecialFunctions → SpecialFunctionsChainRulesCoreExt
  10006.6 ms  ✓ StaticArrays
   7929.5 ms  ✓ ChainRules
    967.1 ms  ✓ StaticArrays → StaticArraysStatisticsExt
    966.9 ms  ✓ ConstructionBase → ConstructionBaseStaticArraysExt
    965.5 ms  ✓ Adapt → AdaptStaticArraysExt
   1025.0 ms  ✓ StaticArrays → StaticArraysChainRulesCoreExt
   1056.7 ms  ✓ StructArrays → StructArraysStaticArraysExt
   1083.7 ms  ✓ Accessors → StaticArraysExt
   1101.1 ms  ✓ BangBang → BangBangStaticArraysExt
   5136.8 ms  ✓ ForwardDiff
   1159.0 ms  ✓ ForwardDiff → ForwardDiffStaticArraysExt
   1622.9 ms  ✓ FiniteDifferences
  17998.4 ms  ✓ ArrayLayouts
   1088.1 ms  ✓ ArrayLayouts → ArrayLayoutsSparseArraysExt
   2392.6 ms  ✓ BlockArrays
   1056.6 ms  ✓ BlockArrays → BlockArraysAdaptExt
  42816.3 ms  ✓ JLD2
  39160.2 ms  ✓ Zygote
 170854.3 ms  ✓ TensorOperations
   1930.0 ms  ✓ TensorOperations → TensorOperationsChainRulesCoreExt
   9120.0 ms  ✓ TensorKitSectors
  10318.9 ms  ✓ TensorKit
   2454.9 ms  ✓ TensorKit → TensorKitFiniteDifferencesExt
   2510.9 ms  ✓ TensorKitManifolds
   2721.5 ms  ✓ TensorKit → TensorKitChainRulesCoreExt
   3491.1 ms  ✓ BlockTensorKit
  20370.7 ms  ✓ MPSKit
  17532.5 ms  ✓ MPSKitModels
  21491.3 ms  ✓ PEPSKit
  118 dependencies successfully precompiled in 257 seconds. 31 already precompiled.
[ Info: CTMRG init:	obj = -1.125672804023e-01 +4.683801128214e-01im	err = 1.0000e+00
[ Info: CTMRG conv 78:	obj = +6.420413240008e+00	err = 8.8270203460e-10	time = 1.65 min
[ Info: CTMRG init:	obj = +1.010986916499e+01 +1.504819822888e-11im	err = 1.0000e+00
[ Info: CTMRG conv 19:	obj = +1.648550488006e+01	err = 6.6479095360e-10	time = 2.35 min
┌ Warning: `svd` cotangents sensitive to gauge choice: (|Δgauge| = 0.6783860166069023)
└ @ TensorKitChainRulesCoreExt ~/.julia/packages/TensorKit/esxcj/ext/TensorKitChainRulesCoreExt/factorizations.jl:254
┌ Warning: `svd` cotangents sensitive to gauge choice: (|Δgauge| = 3.5551694329040284e-11)
└ @ TensorKitChainRulesCoreExt ~/.julia/packages/TensorKit/esxcj/ext/TensorKitChainRulesCoreExt/factorizations.jl:254
┌ Warning: `svd` cotangents sensitive to gauge choice: (|Δgauge| = 0.6783860165713218)
└ @ TensorKitChainRulesCoreExt ~/.julia/packages/TensorKit/esxcj/ext/TensorKitChainRulesCoreExt/factorizations.jl:254
[ Info: LBFGS: initializing with f = -0.171678485008, ‖∇f‖ = 2.4530e-01
[ Info: CTMRG init:	obj = +3.307710091104e+00	err = 1.0000e+00
[ Info: CTMRG conv 16:	obj = +6.465888959525e+00	err = 6.4678816032e-10	time = 13.99 sec
┌ Warning: `svd` cotangents sensitive to gauge choice: (|Δgauge| = 0.07956867007424258)
└ @ TensorKitChainRulesCoreExt ~/.julia/packages/TensorKit/esxcj/ext/TensorKitChainRulesCoreExt/factorizations.jl:254
┌ Warning: `svd` cotangents sensitive to gauge choice: (|Δgauge| = 0.07956867007314802)
└ @ TensorKitChainRulesCoreExt ~/.julia/packages/TensorKit/esxcj/ext/TensorKitChainRulesCoreExt/factorizations.jl:254
[ Info: LBFGS: iter    1, time 1542.34 s: f = -2.082464100917, ‖∇f‖ = 1.6178e-01, α = 1.00e+00, m = 0, nfg = 1
[ Info: CTMRG init:	obj = +6.457782163947e+00	err = 1.0000e+00
[ Info: CTMRG conv 8:	obj = +6.457783433712e+00	err = 8.1656689049e-10	time = 6.76 sec
┌ Warning: `svd` cotangents sensitive to gauge choice: (|Δgauge| = 0.07960095704101135)
└ @ TensorKitChainRulesCoreExt ~/.julia/packages/TensorKit/esxcj/ext/TensorKitChainRulesCoreExt/factorizations.jl:254
┌ Warning: `svd` cotangents sensitive to gauge choice: (|Δgauge| = 2.5772471296777686e-7)
└ @ TensorKitChainRulesCoreExt ~/.julia/packages/TensorKit/esxcj/ext/TensorKitChainRulesCoreExt/factorizations.jl:254
┌ Warning: `svd` cotangents sensitive to gauge choice: (|Δgauge| = 0.07960081870939066)
└ @ TensorKitChainRulesCoreExt ~/.julia/packages/TensorKit/esxcj/ext/TensorKitChainRulesCoreExt/factorizations.jl:254
[ Info: CTMRG init:	obj = +6.425382556515e+00	err = 1.0000e+00
[ Info: CTMRG conv 9:	obj = +6.425414729333e+00	err = 4.2456334727e-10	time = 7.01 sec
┌ Warning: `svd` cotangents sensitive to gauge choice: (|Δgauge| = 0.07973453919838963)
└ @ TensorKitChainRulesCoreExt ~/.julia/packages/TensorKit/esxcj/ext/TensorKitChainRulesCoreExt/factorizations.jl:254
┌ Warning: `svd` cotangents sensitive to gauge choice: (|Δgauge| = 5.6754420765020545e-8)
└ @ TensorKitChainRulesCoreExt ~/.julia/packages/TensorKit/esxcj/ext/TensorKitChainRulesCoreExt/factorizations.jl:254
┌ Warning: `svd` cotangents sensitive to gauge choice: (|Δgauge| = 0.07973450851248662)
└ @ TensorKitChainRulesCoreExt ~/.julia/packages/TensorKit/esxcj/ext/TensorKitChainRulesCoreExt/factorizations.jl:254
[ Info: CTMRG init:	obj = +6.264059941709e+00	err = 1.0000e+00
[ Info: CTMRG conv 11:	obj = +6.264921083205e+00	err = 2.0465717700e-10	time = 8.90 sec
┌ Warning: `svd` cotangents sensitive to gauge choice: (|Δgauge| = 0.0805156617938923)
└ @ TensorKitChainRulesCoreExt ~/.julia/packages/TensorKit/esxcj/ext/TensorKitChainRulesCoreExt/factorizations.jl:254
┌ Warning: `svd` cotangents sensitive to gauge choice: (|Δgauge| = 3.6456209376255285e-9)
└ @ TensorKitChainRulesCoreExt ~/.julia/packages/TensorKit/esxcj/ext/TensorKitChainRulesCoreExt/factorizations.jl:254
┌ Warning: `svd` cotangents sensitive to gauge choice: (|Δgauge| = 0.0805156596915121)
└ @ TensorKitChainRulesCoreExt ~/.julia/packages/TensorKit/esxcj/ext/TensorKitChainRulesCoreExt/factorizations.jl:254
[ Info: CTMRG init:	obj = +5.476002664347e+00	err = 1.0000e+00
[ Info: CTMRG conv 14:	obj = +5.507043733993e+00	err = 6.5448365261e-10	time = 11.29 sec
┌ Warning: `svd` cotangents sensitive to gauge choice: (|Δgauge| = 0.0884111045216735)
└ @ TensorKitChainRulesCoreExt ~/.julia/packages/TensorKit/esxcj/ext/TensorKitChainRulesCoreExt/factorizations.jl:254
┌ Warning: `svd` cotangents sensitive to gauge choice: (|Δgauge| = 8.920662681963254e-10)
└ @ TensorKitChainRulesCoreExt ~/.julia/packages/TensorKit/esxcj/ext/TensorKitChainRulesCoreExt/factorizations.jl:254
┌ Warning: `svd` cotangents sensitive to gauge choice: (|Δgauge| = 0.0884111036297146)
└ @ TensorKitChainRulesCoreExt ~/.julia/packages/TensorKit/esxcj/ext/TensorKitChainRulesCoreExt/factorizations.jl:254
[ Info: CTMRG init:	obj = +2.193059527329e+00	err = 1.0000e+00
[ Info: CTMRG conv 70:	obj = +4.293132120989e+00	err = 8.6126796575e-10	time = 1.08 min
┌ Warning: `svd` cotangents sensitive to gauge choice: (|Δgauge| = 0.6544799560994123)
└ @ TensorKitChainRulesCoreExt ~/.julia/packages/TensorKit/esxcj/ext/TensorKitChainRulesCoreExt/factorizations.jl:254
┌ Warning: `svd` cotangents sensitive to gauge choice: (|Δgauge| = 2.8520556557047104e-10)
└ @ TensorKitChainRulesCoreExt ~/.julia/packages/TensorKit/esxcj/ext/TensorKitChainRulesCoreExt/factorizations.jl:254
┌ Warning: `svd` cotangents sensitive to gauge choice: (|Δgauge| = 0.654479955814132)
└ @ TensorKitChainRulesCoreExt ~/.julia/packages/TensorKit/esxcj/ext/TensorKitChainRulesCoreExt/factorizations.jl:254
[ Info: CTMRG init:	obj = +4.503666313283e+00	err = 1.0000e+00
[ Info: CTMRG conv 21:	obj = +4.712512435814e+00	err = 7.3072091940e-10	time = 16.58 sec
┌ Warning: `svd` cotangents sensitive to gauge choice: (|Δgauge| = 0.1222434261925072)
└ @ TensorKitChainRulesCoreExt ~/.julia/packages/TensorKit/esxcj/ext/TensorKitChainRulesCoreExt/factorizations.jl:254
┌ Warning: `svd` cotangents sensitive to gauge choice: (|Δgauge| = 4.42491213577888e-9)
└ @ TensorKitChainRulesCoreExt ~/.julia/packages/TensorKit/esxcj/ext/TensorKitChainRulesCoreExt/factorizations.jl:254
┌ Warning: `svd` cotangents sensitive to gauge choice: (|Δgauge| = 0.12224342176706127)
└ @ TensorKitChainRulesCoreExt ~/.julia/packages/TensorKit/esxcj/ext/TensorKitChainRulesCoreExt/factorizations.jl:254
[ Info: LBFGS: iter    2, time 1797.96 s: f = -2.102195348945, ‖∇f‖ = 5.8182e-01, α = 2.55e+02, m = 1, nfg = 6
[ Info: CTMRG init:	obj = +5.757602012892e+00	err = 1.0000e+00
[ Info: CTMRG conv 14:	obj = +5.991743141296e+00	err = 5.3518634010e-10	time = 12.49 sec
┌ Warning: `svd` cotangents sensitive to gauge choice: (|Δgauge| = 0.06848542025968116)
└ @ TensorKitChainRulesCoreExt ~/.julia/packages/TensorKit/esxcj/ext/TensorKitChainRulesCoreExt/factorizations.jl:254
┌ Warning: `svd` cotangents sensitive to gauge choice: (|Δgauge| = 6.942309794789501e-11)
└ @ TensorKitChainRulesCoreExt ~/.julia/packages/TensorKit/esxcj/ext/TensorKitChainRulesCoreExt/factorizations.jl:254
┌ Warning: `svd` cotangents sensitive to gauge choice: (|Δgauge| = 0.06848542022593847)
└ @ TensorKitChainRulesCoreExt ~/.julia/packages/TensorKit/esxcj/ext/TensorKitChainRulesCoreExt/factorizations.jl:254
[ Info: LBFGS: iter    3, time 1823.51 s: f = -2.122354453950, ‖∇f‖ = 1.8122e-01, α = 1.00e+00, m = 2, nfg = 1
[ Info: CTMRG init:	obj = +5.622580687722e+00	err = 1.0000e+00
[ Info: CTMRG conv 12:	obj = +5.630897409163e+00	err = 4.9210165675e-10	time = 8.32 sec
┌ Warning: `svd` cotangents sensitive to gauge choice: (|Δgauge| = 0.06520574134625248)
└ @ TensorKitChainRulesCoreExt ~/.julia/packages/TensorKit/esxcj/ext/TensorKitChainRulesCoreExt/factorizations.jl:254
┌ Warning: `svd` cotangents sensitive to gauge choice: (|Δgauge| = 5.584281892778069e-9)
└ @ TensorKitChainRulesCoreExt ~/.julia/packages/TensorKit/esxcj/ext/TensorKitChainRulesCoreExt/factorizations.jl:254
┌ Warning: `svd` cotangents sensitive to gauge choice: (|Δgauge| = 0.06520573576217972)
└ @ TensorKitChainRulesCoreExt ~/.julia/packages/TensorKit/esxcj/ext/TensorKitChainRulesCoreExt/factorizations.jl:254
[ Info: LBFGS: iter    4, time 1848.69 s: f = -2.149664554214, ‖∇f‖ = 1.4162e-01, α = 1.00e+00, m = 3, nfg = 1
[ Info: CTMRG init:	obj = +4.189500932813e+00	err = 1.0000e+00
[ Info: CTMRG conv 26:	obj = +4.505921935374e+00	err = 5.7682800271e-10	time = 19.74 sec
┌ Warning: `svd` cotangents sensitive to gauge choice: (|Δgauge| = 0.0688775026939773)
└ @ TensorKitChainRulesCoreExt ~/.julia/packages/TensorKit/esxcj/ext/TensorKitChainRulesCoreExt/factorizations.jl:254
┌ Warning: `svd` cotangents sensitive to gauge choice: (|Δgauge| = 1.0925927742452848e-8)
└ @ TensorKitChainRulesCoreExt ~/.julia/packages/TensorKit/esxcj/ext/TensorKitChainRulesCoreExt/factorizations.jl:254
┌ Warning: `svd` cotangents sensitive to gauge choice: (|Δgauge| = 0.06887749176813218)
└ @ TensorKitChainRulesCoreExt ~/.julia/packages/TensorKit/esxcj/ext/TensorKitChainRulesCoreExt/factorizations.jl:254
[ Info: CTMRG init:	obj = +5.340049029719e+00	err = 1.0000e+00
[ Info: CTMRG conv 12:	obj = +5.348434621347e+00	err = 8.1556697997e-10	time = 12.89 sec
┌ Warning: `svd` cotangents sensitive to gauge choice: (|Δgauge| = 0.05839532913762217)
└ @ TensorKitChainRulesCoreExt ~/.julia/packages/TensorKit/esxcj/ext/TensorKitChainRulesCoreExt/factorizations.jl:254
┌ Warning: `svd` cotangents sensitive to gauge choice: (|Δgauge| = 2.9343169007059567e-8)
└ @ TensorKitChainRulesCoreExt ~/.julia/packages/TensorKit/esxcj/ext/TensorKitChainRulesCoreExt/factorizations.jl:254
┌ Warning: `svd` cotangents sensitive to gauge choice: (|Δgauge| = 0.058395299794432025)
└ @ TensorKitChainRulesCoreExt ~/.julia/packages/TensorKit/esxcj/ext/TensorKitChainRulesCoreExt/factorizations.jl:254
[ Info: LBFGS: iter    5, time 1927.43 s: f = -2.165599449673, ‖∇f‖ = 6.4941e-02, α = 1.94e-01, m = 3, nfg = 2
[ Info: CTMRG init:	obj = +5.102486467899e+00	err = 1.0000e+00
[ Info: CTMRG conv 15:	obj = +5.114829197320e+00	err = 4.7481745284e-10	time = 14.39 sec
┌ Warning: `svd` cotangents sensitive to gauge choice: (|Δgauge| = 0.04253215055418023)
└ @ TensorKitChainRulesCoreExt ~/.julia/packages/TensorKit/esxcj/ext/TensorKitChainRulesCoreExt/factorizations.jl:254
┌ Warning: `svd` cotangents sensitive to gauge choice: (|Δgauge| = 5.3065143314162e-9)
└ @ TensorKitChainRulesCoreExt ~/.julia/packages/TensorKit/esxcj/ext/TensorKitChainRulesCoreExt/factorizations.jl:254
┌ Warning: `svd` cotangents sensitive to gauge choice: (|Δgauge| = 0.042532145247637695)
└ @ TensorKitChainRulesCoreExt ~/.julia/packages/TensorKit/esxcj/ext/TensorKitChainRulesCoreExt/factorizations.jl:254
[ Info: LBFGS: iter    6, time 1963.96 s: f = -2.172557913514, ‖∇f‖ = 1.3030e-01, α = 1.00e+00, m = 3, nfg = 1
[ Info: CTMRG init:	obj = +5.172580104742e+00	err = 1.0000e+00
[ Info: CTMRG conv 15:	obj = +5.172836225660e+00	err = 7.9245092879e-10	time = 14.63 sec
┌ Warning: `svd` cotangents sensitive to gauge choice: (|Δgauge| = 0.031771456111394314)
└ @ TensorKitChainRulesCoreExt ~/.julia/packages/TensorKit/esxcj/ext/TensorKitChainRulesCoreExt/factorizations.jl:254
┌ Warning: `svd` cotangents sensitive to gauge choice: (|Δgauge| = 2.8848052210436764e-9)
└ @ TensorKitChainRulesCoreExt ~/.julia/packages/TensorKit/esxcj/ext/TensorKitChainRulesCoreExt/factorizations.jl:254
┌ Warning: `svd` cotangents sensitive to gauge choice: (|Δgauge| = 0.031771453226595296)
└ @ TensorKitChainRulesCoreExt ~/.julia/packages/TensorKit/esxcj/ext/TensorKitChainRulesCoreExt/factorizations.jl:254
[ Info: LBFGS: iter    7, time 1998.12 s: f = -2.179111853690, ‖∇f‖ = 1.0035e-01, α = 1.00e+00, m = 3, nfg = 1
[ Info: CTMRG init:	obj = +5.285278958493e+00	err = 1.0000e+00
[ Info: CTMRG conv 15:	obj = +5.322266975876e+00	err = 9.2703736852e-10	time = 14.66 sec
┌ Warning: `svd` cotangents sensitive to gauge choice: (|Δgauge| = 0.035367074780295056)
└ @ TensorKitChainRulesCoreExt ~/.julia/packages/TensorKit/esxcj/ext/TensorKitChainRulesCoreExt/factorizations.jl:254
┌ Warning: `svd` cotangents sensitive to gauge choice: (|Δgauge| = 2.4329496619717377e-9)
└ @ TensorKitChainRulesCoreExt ~/.julia/packages/TensorKit/esxcj/ext/TensorKitChainRulesCoreExt/factorizations.jl:254
┌ Warning: `svd` cotangents sensitive to gauge choice: (|Δgauge| = 0.03536707234738592)
└ @ TensorKitChainRulesCoreExt ~/.julia/packages/TensorKit/esxcj/ext/TensorKitChainRulesCoreExt/factorizations.jl:254
[ Info: LBFGS: iter    8, time 2032.39 s: f = -2.218219721159, ‖∇f‖ = 1.0529e-01, α = 1.00e+00, m = 3, nfg = 1
[ Info: CTMRG init:	obj = +4.630472369921e+00	err = 1.0000e+00
[ Info: CTMRG conv 26:	obj = +4.716228402818e+00	err = 5.9071391267e-10	time = 25.74 sec
┌ Warning: `svd` cotangents sensitive to gauge choice: (|Δgauge| = 0.055408497159030366)
└ @ TensorKitChainRulesCoreExt ~/.julia/packages/TensorKit/esxcj/ext/TensorKitChainRulesCoreExt/factorizations.jl:254
┌ Warning: `svd` cotangents sensitive to gauge choice: (|Δgauge| = 4.368401180140585e-9)
└ @ TensorKitChainRulesCoreExt ~/.julia/packages/TensorKit/esxcj/ext/TensorKitChainRulesCoreExt/factorizations.jl:254
┌ Warning: `svd` cotangents sensitive to gauge choice: (|Δgauge| = 0.0554084948128996)
└ @ TensorKitChainRulesCoreExt ~/.julia/packages/TensorKit/esxcj/ext/TensorKitChainRulesCoreExt/factorizations.jl:254
[ Info: CTMRG init:	obj = +5.239185863932e+00	err = 1.0000e+00
[ Info: CTMRG conv 13:	obj = +5.240187722646e+00	err = 7.3790709261e-10	time = 13.68 sec
┌ Warning: `svd` cotangents sensitive to gauge choice: (|Δgauge| = 0.03365930901429459)
└ @ TensorKitChainRulesCoreExt ~/.julia/packages/TensorKit/esxcj/ext/TensorKitChainRulesCoreExt/factorizations.jl:254
┌ Warning: `svd` cotangents sensitive to gauge choice: (|Δgauge| = 3.532085136203742e-8)
└ @ TensorKitChainRulesCoreExt ~/.julia/packages/TensorKit/esxcj/ext/TensorKitChainRulesCoreExt/factorizations.jl:254
┌ Warning: `svd` cotangents sensitive to gauge choice: (|Δgauge| = 0.033659273693798536)
└ @ TensorKitChainRulesCoreExt ~/.julia/packages/TensorKit/esxcj/ext/TensorKitChainRulesCoreExt/factorizations.jl:254
[ Info: LBFGS: iter    9, time 2118.59 s: f = -2.227535612210, ‖∇f‖ = 8.2319e-02, α = 1.62e-01, m = 3, nfg = 2
[ Info: CTMRG init:	obj = +4.742227748351e+00	err = 1.0000e+00
[ Info: CTMRG conv 22:	obj = +4.775411689717e+00	err = 6.2867726075e-10	time = 15.64 sec
┌ Warning: `svd` cotangents sensitive to gauge choice: (|Δgauge| = 0.044665399365118284)
└ @ TensorKitChainRulesCoreExt ~/.julia/packages/TensorKit/esxcj/ext/TensorKitChainRulesCoreExt/factorizations.jl:254
┌ Warning: `svd` cotangents sensitive to gauge choice: (|Δgauge| = 6.933467541007857e-9)
└ @ TensorKitChainRulesCoreExt ~/.julia/packages/TensorKit/esxcj/ext/TensorKitChainRulesCoreExt/factorizations.jl:254
┌ Warning: `svd` cotangents sensitive to gauge choice: (|Δgauge| = 0.04466539870867589)
└ @ TensorKitChainRulesCoreExt ~/.julia/packages/TensorKit/esxcj/ext/TensorKitChainRulesCoreExt/factorizations.jl:254
[ Info: CTMRG init:	obj = +5.096613301341e+00	err = 1.0000e+00
[ Info: CTMRG conv 51:	obj = +5.098858162320e+00	err = 9.9549756053e-10	time = 44.70 sec
┌ Warning: `svd` cotangents sensitive to gauge choice: (|Δgauge| = 0.02728509575892634)
└ @ TensorKitChainRulesCoreExt ~/.julia/packages/TensorKit/esxcj/ext/TensorKitChainRulesCoreExt/factorizations.jl:254
┌ Warning: `svd` cotangents sensitive to gauge choice: (|Δgauge| = 0.027285095759053718)
└ @ TensorKitChainRulesCoreExt ~/.julia/packages/TensorKit/esxcj/ext/TensorKitChainRulesCoreExt/factorizations.jl:254
[ Info: LBFGS: iter   10, time 2246.26 s: f = -2.236605180277, ‖∇f‖ = 5.9624e-02, α = 3.24e-01, m = 3, nfg = 2
[ Info: CTMRG init:	obj = +5.822638576173e+00	err = 1.0000e+00
[ Info: CTMRG conv 15:	obj = +5.906030866590e+00	err = 8.9892361970e-10	time = 12.94 sec
┌ Warning: `svd` cotangents sensitive to gauge choice: (|Δgauge| = 0.014143785826213572)
└ @ TensorKitChainRulesCoreExt ~/.julia/packages/TensorKit/esxcj/ext/TensorKitChainRulesCoreExt/factorizations.jl:254
┌ Warning: `svd` cotangents sensitive to gauge choice: (|Δgauge| = 1.0398216089752738e-10)
└ @ TensorKitChainRulesCoreExt ~/.julia/packages/TensorKit/esxcj/ext/TensorKitChainRulesCoreExt/factorizations.jl:254
┌ Warning: `svd` cotangents sensitive to gauge choice: (|Δgauge| = 0.014143785813400075)
└ @ TensorKitChainRulesCoreExt ~/.julia/packages/TensorKit/esxcj/ext/TensorKitChainRulesCoreExt/factorizations.jl:254
[ Info: CTMRG init:	obj = +5.277744786132e+00	err = 1.0000e+00
[ Info: CTMRG conv 16:	obj = +5.283595029870e+00	err = 7.8568359133e-10	time = 13.41 sec
┌ Warning: `svd` cotangents sensitive to gauge choice: (|Δgauge| = 0.02283254516193487)
└ @ TensorKitChainRulesCoreExt ~/.julia/packages/TensorKit/esxcj/ext/TensorKitChainRulesCoreExt/factorizations.jl:254
┌ Warning: `svd` cotangents sensitive to gauge choice: (|Δgauge| = 1.3768977953339488e-9)
└ @ TensorKitChainRulesCoreExt ~/.julia/packages/TensorKit/esxcj/ext/TensorKitChainRulesCoreExt/factorizations.jl:254
┌ Warning: `svd` cotangents sensitive to gauge choice: (|Δgauge| = 0.02283254492563161)
└ @ TensorKitChainRulesCoreExt ~/.julia/packages/TensorKit/esxcj/ext/TensorKitChainRulesCoreExt/factorizations.jl:254
[ Info: LBFGS: iter   11, time 2312.27 s: f = -2.237730159228, ‖∇f‖ = 6.2999e-02, α = 2.53e-01, m = 3, nfg = 2
[ Info: CTMRG init:	obj = +4.996938608413e+00	err = 1.0000e+00
[ Info: CTMRG conv 19:	obj = +5.006170392829e+00	err = 6.5071723120e-10	time = 16.98 sec
┌ Warning: `svd` cotangents sensitive to gauge choice: (|Δgauge| = 0.033914330273950924)
└ @ TensorKitChainRulesCoreExt ~/.julia/packages/TensorKit/esxcj/ext/TensorKitChainRulesCoreExt/factorizations.jl:254
┌ Warning: `svd` cotangents sensitive to gauge choice: (|Δgauge| = 2.8675568206790262e-9)
└ @ TensorKitChainRulesCoreExt ~/.julia/packages/TensorKit/esxcj/ext/TensorKitChainRulesCoreExt/factorizations.jl:254
┌ Warning: `svd` cotangents sensitive to gauge choice: (|Δgauge| = 0.03391432995934926)
└ @ TensorKitChainRulesCoreExt ~/.julia/packages/TensorKit/esxcj/ext/TensorKitChainRulesCoreExt/factorizations.jl:254
[ Info: LBFGS: iter   12, time 2348.77 s: f = -2.240491426241, ‖∇f‖ = 3.6715e-02, α = 1.00e+00, m = 3, nfg = 1
[ Info: CTMRG init:	obj = +5.145589174124e+00	err = 1.0000e+00
[ Info: CTMRG conv 17:	obj = +5.147254591965e+00	err = 9.9227402957e-10	time = 16.66 sec
┌ Warning: `svd` cotangents sensitive to gauge choice: (|Δgauge| = 0.030029766066958802)
└ @ TensorKitChainRulesCoreExt ~/.julia/packages/TensorKit/esxcj/ext/TensorKitChainRulesCoreExt/factorizations.jl:254
┌ Warning: `svd` cotangents sensitive to gauge choice: (|Δgauge| = 4.339715553496556e-9)
└ @ TensorKitChainRulesCoreExt ~/.julia/packages/TensorKit/esxcj/ext/TensorKitChainRulesCoreExt/factorizations.jl:254
┌ Warning: `svd` cotangents sensitive to gauge choice: (|Δgauge| = 0.030029765511912318)
└ @ TensorKitChainRulesCoreExt ~/.julia/packages/TensorKit/esxcj/ext/TensorKitChainRulesCoreExt/factorizations.jl:254
[ Info: LBFGS: iter   13, time 2382.25 s: f = -2.242169307887, ‖∇f‖ = 2.8913e-02, α = 1.00e+00, m = 3, nfg = 1
[ Info: CTMRG init:	obj = +5.185045666527e+00	err = 1.0000e+00
[ Info: CTMRG conv 17:	obj = +5.185264510738e+00	err = 6.2425402999e-10	time = 18.87 sec
┌ Warning: `svd` cotangents sensitive to gauge choice: (|Δgauge| = 0.03144418249627264)
└ @ TensorKitChainRulesCoreExt ~/.julia/packages/TensorKit/esxcj/ext/TensorKitChainRulesCoreExt/factorizations.jl:254
┌ Warning: `svd` cotangents sensitive to gauge choice: (|Δgauge| = 6.997786033563395e-9)
└ @ TensorKitChainRulesCoreExt ~/.julia/packages/TensorKit/esxcj/ext/TensorKitChainRulesCoreExt/factorizations.jl:254
┌ Warning: `svd` cotangents sensitive to gauge choice: (|Δgauge| = 0.031444181754781114)
└ @ TensorKitChainRulesCoreExt ~/.julia/packages/TensorKit/esxcj/ext/TensorKitChainRulesCoreExt/factorizations.jl:254
[ Info: CTMRG init:	obj = +5.324798410990e+00	err = 1.0000e+00
[ Info: CTMRG conv 20:	obj = +5.330518062307e+00	err = 9.1983708759e-10	time = 22.60 sec
┌ Warning: `svd` cotangents sensitive to gauge choice: (|Δgauge| = 0.037318019011683544)
└ @ TensorKitChainRulesCoreExt ~/.julia/packages/TensorKit/esxcj/ext/TensorKitChainRulesCoreExt/factorizations.jl:254
┌ Warning: `svd` cotangents sensitive to gauge choice: (|Δgauge| = 4.958289045911555e-9)
└ @ TensorKitChainRulesCoreExt ~/.julia/packages/TensorKit/esxcj/ext/TensorKitChainRulesCoreExt/factorizations.jl:254
┌ Warning: `svd` cotangents sensitive to gauge choice: (|Δgauge| = 0.03731801872817961)
└ @ TensorKitChainRulesCoreExt ~/.julia/packages/TensorKit/esxcj/ext/TensorKitChainRulesCoreExt/factorizations.jl:254
[ Info: CTMRG init:	obj = +5.720660636988e+00	err = 1.0000e+00
[ Info: CTMRG conv 74:	obj = +5.963028613485e+00	err = 9.9456603608e-10	time = 1.44 min
┌ Warning: `svd` cotangents sensitive to gauge choice: (|Δgauge| = 0.35468055343879984)
└ @ TensorKitChainRulesCoreExt ~/.julia/packages/TensorKit/esxcj/ext/TensorKitChainRulesCoreExt/factorizations.jl:254
┌ Warning: `svd` cotangents sensitive to gauge choice: (|Δgauge| = 1.207305526835833e-10)
└ @ TensorKitChainRulesCoreExt ~/.julia/packages/TensorKit/esxcj/ext/TensorKitChainRulesCoreExt/factorizations.jl:254
┌ Warning: `svd` cotangents sensitive to gauge choice: (|Δgauge| = 0.35468055331849946)
└ @ TensorKitChainRulesCoreExt ~/.julia/packages/TensorKit/esxcj/ext/TensorKitChainRulesCoreExt/factorizations.jl:254
[ Info: CTMRG init:	obj = +5.361304716950e+00	err = 1.0000e+00
[ Info: CTMRG conv 20:	obj = +5.370064759137e+00	err = 7.1880752272e-10	time = 26.00 sec
┌ Warning: `svd` cotangents sensitive to gauge choice: (|Δgauge| = 0.03903622048052512)
└ @ TensorKitChainRulesCoreExt ~/.julia/packages/TensorKit/esxcj/ext/TensorKitChainRulesCoreExt/factorizations.jl:254
┌ Warning: `svd` cotangents sensitive to gauge choice: (|Δgauge| = 1.0527677347320844e-8)
└ @ TensorKitChainRulesCoreExt ~/.julia/packages/TensorKit/esxcj/ext/TensorKitChainRulesCoreExt/factorizations.jl:254
┌ Warning: `svd` cotangents sensitive to gauge choice: (|Δgauge| = 0.03903621997975412)
└ @ TensorKitChainRulesCoreExt ~/.julia/packages/TensorKit/esxcj/ext/TensorKitChainRulesCoreExt/factorizations.jl:254
[ Info: LBFGS: iter   14, time 2657.68 s: f = -2.248653796003, ‖∇f‖ = 1.3235e-02, α = 6.14e+00, m = 3, nfg = 4
[ Info: CTMRG init:	obj = +5.936853169838e+00	err = 1.0000e+00
[ Info: CTMRG conv 42:	obj = +6.312623908600e+00	err = 5.8828105929e-10	time = 44.31 sec
┌ Warning: `svd` cotangents sensitive to gauge choice: (|Δgauge| = 0.34294933003829225)
└ @ TensorKitChainRulesCoreExt ~/.julia/packages/TensorKit/esxcj/ext/TensorKitChainRulesCoreExt/factorizations.jl:254
┌ Warning: `svd` cotangents sensitive to gauge choice: (|Δgauge| = 2.0820191499653307e-12)
└ @ TensorKitChainRulesCoreExt ~/.julia/packages/TensorKit/esxcj/ext/TensorKitChainRulesCoreExt/factorizations.jl:254
┌ Warning: `svd` cotangents sensitive to gauge choice: (|Δgauge| = 0.34294933003591765)
└ @ TensorKitChainRulesCoreExt ~/.julia/packages/TensorKit/esxcj/ext/TensorKitChainRulesCoreExt/factorizations.jl:254
[ Info: CTMRG init:	obj = +5.436472828427e+00	err = 1.0000e+00
[ Info: CTMRG conv 19:	obj = +5.437125253312e+00	err = 8.1323893235e-10	time = 22.39 sec
┌ Warning: `svd` cotangents sensitive to gauge choice: (|Δgauge| = 0.04103105996296814)
└ @ TensorKitChainRulesCoreExt ~/.julia/packages/TensorKit/esxcj/ext/TensorKitChainRulesCoreExt/factorizations.jl:254
┌ Warning: `svd` cotangents sensitive to gauge choice: (|Δgauge| = 5.274107409354287e-8)
└ @ TensorKitChainRulesCoreExt ~/.julia/packages/TensorKit/esxcj/ext/TensorKitChainRulesCoreExt/factorizations.jl:254
┌ Warning: `svd` cotangents sensitive to gauge choice: (|Δgauge| = 0.04103105781961783)
└ @ TensorKitChainRulesCoreExt ~/.julia/packages/TensorKit/esxcj/ext/TensorKitChainRulesCoreExt/factorizations.jl:254
[ Info: LBFGS: iter   15, time 2776.28 s: f = -2.249954606808, ‖∇f‖ = 1.6606e-02, α = 6.77e-02, m = 3, nfg = 2
[ Info: CTMRG init:	obj = +5.714332027611e+00	err = 1.0000e+00
[ Info: CTMRG conv 77:	obj = +5.774261146040e+00	err = 8.0417754138e-10	time = 1.44 min
┌ Warning: `svd` cotangents sensitive to gauge choice: (|Δgauge| = 0.12148875839776213)
└ @ TensorKitChainRulesCoreExt ~/.julia/packages/TensorKit/esxcj/ext/TensorKitChainRulesCoreExt/factorizations.jl:254
┌ Warning: `svd` cotangents sensitive to gauge choice: (|Δgauge| = 1.4800912615630234e-9)
└ @ TensorKitChainRulesCoreExt ~/.julia/packages/TensorKit/esxcj/ext/TensorKitChainRulesCoreExt/factorizations.jl:254
┌ Warning: `svd` cotangents sensitive to gauge choice: (|Δgauge| = 0.12148875691772998)
└ @ TensorKitChainRulesCoreExt ~/.julia/packages/TensorKit/esxcj/ext/TensorKitChainRulesCoreExt/factorizations.jl:254
[ Info: CTMRG init:	obj = +5.473600212858e+00	err = 1.0000e+00
[ Info: CTMRG conv 21:	obj = +5.474040700750e+00	err = 5.9515589384e-10	time = 29.58 sec
┌ Warning: `svd` cotangents sensitive to gauge choice: (|Δgauge| = 0.042902578925238855)
└ @ TensorKitChainRulesCoreExt ~/.julia/packages/TensorKit/esxcj/ext/TensorKitChainRulesCoreExt/factorizations.jl:254
┌ Warning: `svd` cotangents sensitive to gauge choice: (|Δgauge| = 3.661587352317622e-8)
└ @ TensorKitChainRulesCoreExt ~/.julia/packages/TensorKit/esxcj/ext/TensorKitChainRulesCoreExt/factorizations.jl:254
┌ Warning: `svd` cotangents sensitive to gauge choice: (|Δgauge| = 0.04290257767257649)
└ @ TensorKitChainRulesCoreExt ~/.julia/packages/TensorKit/esxcj/ext/TensorKitChainRulesCoreExt/factorizations.jl:254
[ Info: LBFGS: iter   16, time 2992.87 s: f = -2.250800123019, ‖∇f‖ = 1.2287e-02, α = 1.01e-01, m = 3, nfg = 2
[ Info: CTMRG init:	obj = +5.896630334947e+00	err = 1.0000e+00
[ Info: CTMRG conv 45:	obj = +5.920280299605e+00	err = 8.9721362771e-10	time = 1.19 min
┌ Warning: `svd` cotangents sensitive to gauge choice: (|Δgauge| = 0.052031382580434125)
└ @ TensorKitChainRulesCoreExt ~/.julia/packages/TensorKit/esxcj/ext/TensorKitChainRulesCoreExt/factorizations.jl:254
┌ Warning: `svd` cotangents sensitive to gauge choice: (|Δgauge| = 5.032764668386717e-9)
└ @ TensorKitChainRulesCoreExt ~/.julia/packages/TensorKit/esxcj/ext/TensorKitChainRulesCoreExt/factorizations.jl:254
┌ Warning: `svd` cotangents sensitive to gauge choice: (|Δgauge| = 0.052031382762657806)
└ @ TensorKitChainRulesCoreExt ~/.julia/packages/TensorKit/esxcj/ext/TensorKitChainRulesCoreExt/factorizations.jl:254
[ Info: LBFGS: iter   17, time 3098.37 s: f = -2.251500642712, ‖∇f‖ = 3.9757e-02, α = 1.00e+00, m = 3, nfg = 1
[ Info: CTMRG init:	obj = +5.878342499860e+00	err = 1.0000e+00
[ Info: CTMRG conv 32:	obj = +5.883665215063e+00	err = 9.2276673999e-10	time = 40.25 sec
┌ Warning: `svd` cotangents sensitive to gauge choice: (|Δgauge| = 0.04871240899062456)
└ @ TensorKitChainRulesCoreExt ~/.julia/packages/TensorKit/esxcj/ext/TensorKitChainRulesCoreExt/factorizations.jl:254
┌ Warning: `svd` cotangents sensitive to gauge choice: (|Δgauge| = 2.1735722517598796e-9)
└ @ TensorKitChainRulesCoreExt ~/.julia/packages/TensorKit/esxcj/ext/TensorKitChainRulesCoreExt/factorizations.jl:254
┌ Warning: `svd` cotangents sensitive to gauge choice: (|Δgauge| = 0.048712409084744585)
└ @ TensorKitChainRulesCoreExt ~/.julia/packages/TensorKit/esxcj/ext/TensorKitChainRulesCoreExt/factorizations.jl:254
[ Info: LBFGS: iter   18, time 3169.21 s: f = -2.253338344918, ‖∇f‖ = 2.6834e-02, α = 1.00e+00, m = 3, nfg = 1
[ Info: CTMRG init:	obj = +5.810800017044e+00	err = 1.0000e+00
[ Info: CTMRG conv 26:	obj = +5.812340317106e+00	err = 6.3367853930e-10	time = 33.88 sec
┌ Warning: `svd` cotangents sensitive to gauge choice: (|Δgauge| = 0.05013578676628351)
└ @ TensorKitChainRulesCoreExt ~/.julia/packages/TensorKit/esxcj/ext/TensorKitChainRulesCoreExt/factorizations.jl:254
┌ Warning: `svd` cotangents sensitive to gauge choice: (|Δgauge| = 1.1721796231785191e-7)
└ @ TensorKitChainRulesCoreExt ~/.julia/packages/TensorKit/esxcj/ext/TensorKitChainRulesCoreExt/factorizations.jl:254
┌ Warning: `svd` cotangents sensitive to gauge choice: (|Δgauge| = 0.050135784462612465)
└ @ TensorKitChainRulesCoreExt ~/.julia/packages/TensorKit/esxcj/ext/TensorKitChainRulesCoreExt/factorizations.jl:254
[ Info: LBFGS: iter   19, time 3220.41 s: f = -2.253505081905, ‖∇f‖ = 2.0737e-02, α = 1.00e+00, m = 3, nfg = 1
[ Info: CTMRG init:	obj = +5.872909006857e+00	err = 1.0000e+00
[ Info: CTMRG conv 23:	obj = +5.873168718858e+00	err = 7.4887303332e-10	time = 33.78 sec
┌ Warning: `svd` cotangents sensitive to gauge choice: (|Δgauge| = 0.0506041371639082)
└ @ TensorKitChainRulesCoreExt ~/.julia/packages/TensorKit/esxcj/ext/TensorKitChainRulesCoreExt/factorizations.jl:254
┌ Warning: `svd` cotangents sensitive to gauge choice: (|Δgauge| = 3.950332552504296e-7)
└ @ TensorKitChainRulesCoreExt ~/.julia/packages/TensorKit/esxcj/ext/TensorKitChainRulesCoreExt/factorizations.jl:254
┌ Warning: `svd` cotangents sensitive to gauge choice: (|Δgauge| = 0.05060415115450904)
└ @ TensorKitChainRulesCoreExt ~/.julia/packages/TensorKit/esxcj/ext/TensorKitChainRulesCoreExt/factorizations.jl:254
[ Info: LBFGS: iter   20, time 3282.91 s: f = -2.253707035409, ‖∇f‖ = 5.1970e-03, α = 1.00e+00, m = 3, nfg = 1
[ Info: CTMRG init:	obj = +5.897340643689e+00	err = 1.0000e+00
[ Info: CTMRG conv 24:	obj = +5.897375900945e+00	err = 7.9644324627e-10	time = 36.93 sec
┌ Warning: `svd` cotangents sensitive to gauge choice: (|Δgauge| = 0.05103816173722997)
└ @ TensorKitChainRulesCoreExt ~/.julia/packages/TensorKit/esxcj/ext/TensorKitChainRulesCoreExt/factorizations.jl:254
┌ Warning: `svd` cotangents sensitive to gauge choice: (|Δgauge| = 3.0087538087597283e-7)
└ @ TensorKitChainRulesCoreExt ~/.julia/packages/TensorKit/esxcj/ext/TensorKitChainRulesCoreExt/factorizations.jl:254
┌ Warning: `svd` cotangents sensitive to gauge choice: (|Δgauge| = 0.051038172047789265)
└ @ TensorKitChainRulesCoreExt ~/.julia/packages/TensorKit/esxcj/ext/TensorKitChainRulesCoreExt/factorizations.jl:254
[ Info: LBFGS: iter   21, time 3347.92 s: f = -2.253755797786, ‖∇f‖ = 4.8591e-03, α = 1.00e+00, m = 3, nfg = 1
[ Info: CTMRG init:	obj = +5.935941554872e+00	err = 1.0000e+00
[ Info: CTMRG conv 27:	obj = +5.936065606070e+00	err = 7.1769500275e-10	time = 39.29 sec
┌ Warning: `svd` cotangents sensitive to gauge choice: (|Δgauge| = 0.05194870692975583)
└ @ TensorKitChainRulesCoreExt ~/.julia/packages/TensorKit/esxcj/ext/TensorKitChainRulesCoreExt/factorizations.jl:254
┌ Warning: `svd` cotangents sensitive to gauge choice: (|Δgauge| = 1.2173477677651963e-7)
└ @ TensorKitChainRulesCoreExt ~/.julia/packages/TensorKit/esxcj/ext/TensorKitChainRulesCoreExt/factorizations.jl:254
┌ Warning: `svd` cotangents sensitive to gauge choice: (|Δgauge| = 0.05194871074708564)
└ @ TensorKitChainRulesCoreExt ~/.julia/packages/TensorKit/esxcj/ext/TensorKitChainRulesCoreExt/factorizations.jl:254
[ Info: LBFGS: iter   22, time 3419.26 s: f = -2.253845416360, ‖∇f‖ = 5.5446e-03, α = 1.00e+00, m = 3, nfg = 1
[ Info: CTMRG init:	obj = +5.990568217558e+00	err = 1.0000e+00
[ Info: CTMRG conv 31:	obj = +5.990690155358e+00	err = 8.7076068762e-10	time = 53.29 sec
┌ Warning: `svd` cotangents sensitive to gauge choice: (|Δgauge| = 0.05227421845595286)
└ @ TensorKitChainRulesCoreExt ~/.julia/packages/TensorKit/esxcj/ext/TensorKitChainRulesCoreExt/factorizations.jl:254
┌ Warning: `svd` cotangents sensitive to gauge choice: (|Δgauge| = 1.8901022041257273e-8)
└ @ TensorKitChainRulesCoreExt ~/.julia/packages/TensorKit/esxcj/ext/TensorKitChainRulesCoreExt/factorizations.jl:254
┌ Warning: `svd` cotangents sensitive to gauge choice: (|Δgauge| = 0.052274218980638346)
└ @ TensorKitChainRulesCoreExt ~/.julia/packages/TensorKit/esxcj/ext/TensorKitChainRulesCoreExt/factorizations.jl:254
[ Info: LBFGS: iter   23, time 3504.22 s: f = -2.253990009937, ‖∇f‖ = 9.2837e-03, α = 1.00e+00, m = 3, nfg = 1
[ Info: CTMRG init:	obj = +6.058787555056e+00	err = 1.0000e+00
[ Info: CTMRG conv 29:	obj = +6.060216858580e+00	err = 7.7716064713e-10	time = 41.78 sec
┌ Warning: `svd` cotangents sensitive to gauge choice: (|Δgauge| = 0.05386448367224519)
└ @ TensorKitChainRulesCoreExt ~/.julia/packages/TensorKit/esxcj/ext/TensorKitChainRulesCoreExt/factorizations.jl:254
┌ Warning: `svd` cotangents sensitive to gauge choice: (|Δgauge| = 1.0725599393588288e-7)
└ @ TensorKitChainRulesCoreExt ~/.julia/packages/TensorKit/esxcj/ext/TensorKitChainRulesCoreExt/factorizations.jl:254
┌ Warning: `svd` cotangents sensitive to gauge choice: (|Δgauge| = 0.05386448584915087)
└ @ TensorKitChainRulesCoreExt ~/.julia/packages/TensorKit/esxcj/ext/TensorKitChainRulesCoreExt/factorizations.jl:254
[ Info: LBFGS: iter   24, time 3569.99 s: f = -2.254050863145, ‖∇f‖ = 1.7608e-02, α = 1.00e+00, m = 3, nfg = 1
[ Info: CTMRG init:	obj = +6.073436705749e+00	err = 1.0000e+00
[ Info: CTMRG conv 30:	obj = +6.073848957832e+00	err = 7.3251900002e-10	time = 39.93 sec
┌ Warning: `svd` cotangents sensitive to gauge choice: (|Δgauge| = 0.0525751223660801)
└ @ TensorKitChainRulesCoreExt ~/.julia/packages/TensorKit/esxcj/ext/TensorKitChainRulesCoreExt/factorizations.jl:254
┌ Warning: `svd` cotangents sensitive to gauge choice: (|Δgauge| = 2.3330409915660674e-8)
└ @ TensorKitChainRulesCoreExt ~/.julia/packages/TensorKit/esxcj/ext/TensorKitChainRulesCoreExt/factorizations.jl:254
┌ Warning: `svd` cotangents sensitive to gauge choice: (|Δgauge| = 0.05257512289967503)
└ @ TensorKitChainRulesCoreExt ~/.julia/packages/TensorKit/esxcj/ext/TensorKitChainRulesCoreExt/factorizations.jl:254
[ Info: LBFGS: iter   25, time 3630.66 s: f = -2.254217477473, ‖∇f‖ = 4.8808e-03, α = 1.00e+00, m = 3, nfg = 1
[ Info: CTMRG init:	obj = +6.094389437772e+00	err = 1.0000e+00
[ Info: CTMRG conv 25:	obj = +6.094438918391e+00	err = 8.7185080918e-10	time = 42.80 sec
┌ Warning: `svd` cotangents sensitive to gauge choice: (|Δgauge| = 0.05219544939299382)
└ @ TensorKitChainRulesCoreExt ~/.julia/packages/TensorKit/esxcj/ext/TensorKitChainRulesCoreExt/factorizations.jl:254
┌ Warning: `svd` cotangents sensitive to gauge choice: (|Δgauge| = 1.4315867484968816e-7)
└ @ TensorKitChainRulesCoreExt ~/.julia/packages/TensorKit/esxcj/ext/TensorKitChainRulesCoreExt/factorizations.jl:254
┌ Warning: `svd` cotangents sensitive to gauge choice: (|Δgauge| = 0.052195452475740534)
└ @ TensorKitChainRulesCoreExt ~/.julia/packages/TensorKit/esxcj/ext/TensorKitChainRulesCoreExt/factorizations.jl:254
[ Info: LBFGS: iter   26, time 3701.91 s: f = -2.254259701394, ‖∇f‖ = 4.4750e-03, α = 1.00e+00, m = 3, nfg = 1
[ Info: CTMRG init:	obj = +6.160910072245e+00	err = 1.0000e+00
[ Info: CTMRG conv 28:	obj = +6.161171480984e+00	err = 7.3458812840e-10	time = 45.01 sec
┌ Warning: `svd` cotangents sensitive to gauge choice: (|Δgauge| = 0.05165620120513619)
└ @ TensorKitChainRulesCoreExt ~/.julia/packages/TensorKit/esxcj/ext/TensorKitChainRulesCoreExt/factorizations.jl:254
┌ Warning: `svd` cotangents sensitive to gauge choice: (|Δgauge| = 2.4732947112969443e-8)
└ @ TensorKitChainRulesCoreExt ~/.julia/packages/TensorKit/esxcj/ext/TensorKitChainRulesCoreExt/factorizations.jl:254
┌ Warning: `svd` cotangents sensitive to gauge choice: (|Δgauge| = 0.05165620168190561)
└ @ TensorKitChainRulesCoreExt ~/.julia/packages/TensorKit/esxcj/ext/TensorKitChainRulesCoreExt/factorizations.jl:254
[ Info: LBFGS: iter   27, time 3778.77 s: f = -2.254358769329, ‖∇f‖ = 4.3606e-03, α = 1.00e+00, m = 3, nfg = 1
[ Info: CTMRG init:	obj = +6.403536535151e+00	err = 1.0000e+00
[ Info: CTMRG conv 26:	obj = +6.404928993707e+00	err = 8.1584388717e-10	time = 1.04 min
┌ Warning: `svd` cotangents sensitive to gauge choice: (|Δgauge| = 0.051602041257346826)
└ @ TensorKitChainRulesCoreExt ~/.julia/packages/TensorKit/esxcj/ext/TensorKitChainRulesCoreExt/factorizations.jl:254
┌ Warning: `svd` cotangents sensitive to gauge choice: (|Δgauge| = 3.897426638213118e-8)
└ @ TensorKitChainRulesCoreExt ~/.julia/packages/TensorKit/esxcj/ext/TensorKitChainRulesCoreExt/factorizations.jl:254
┌ Warning: `svd` cotangents sensitive to gauge choice: (|Δgauge| = 0.051602041804763396)
└ @ TensorKitChainRulesCoreExt ~/.julia/packages/TensorKit/esxcj/ext/TensorKitChainRulesCoreExt/factorizations.jl:254
[ Info: LBFGS: iter   28, time 3865.27 s: f = -2.254381584127, ‖∇f‖ = 2.2492e-02, α = 1.00e+00, m = 3, nfg = 1
[ Info: CTMRG init:	obj = +6.401217189856e+00	err = 1.0000e+00
[ Info: CTMRG conv 27:	obj = +6.401598653206e+00	err = 7.5689026226e-10	time = 45.39 sec
┌ Warning: `svd` cotangents sensitive to gauge choice: (|Δgauge| = 0.051794012020358736)
└ @ TensorKitChainRulesCoreExt ~/.julia/packages/TensorKit/esxcj/ext/TensorKitChainRulesCoreExt/factorizations.jl:254
┌ Warning: `svd` cotangents sensitive to gauge choice: (|Δgauge| = 3.175747940986842e-8)
└ @ TensorKitChainRulesCoreExt ~/.julia/packages/TensorKit/esxcj/ext/TensorKitChainRulesCoreExt/factorizations.jl:254
┌ Warning: `svd` cotangents sensitive to gauge choice: (|Δgauge| = 0.05179401245682226)
└ @ TensorKitChainRulesCoreExt ~/.julia/packages/TensorKit/esxcj/ext/TensorKitChainRulesCoreExt/factorizations.jl:254
[ Info: LBFGS: iter   29, time 3938.87 s: f = -2.254564167665, ‖∇f‖ = 4.1613e-03, α = 1.00e+00, m = 3, nfg = 1
[ Info: CTMRG init:	obj = +6.370416114670e+00	err = 1.0000e+00
[ Info: CTMRG conv 27:	obj = +6.370481136272e+00	err = 8.2135182986e-10	time = 43.01 sec
┌ Warning: `svd` cotangents sensitive to gauge choice: (|Δgauge| = 0.05230705891008182)
└ @ TensorKitChainRulesCoreExt ~/.julia/packages/TensorKit/esxcj/ext/TensorKitChainRulesCoreExt/factorizations.jl:254
┌ Warning: `svd` cotangents sensitive to gauge choice: (|Δgauge| = 3.9496775304084964e-8)
└ @ TensorKitChainRulesCoreExt ~/.julia/packages/TensorKit/esxcj/ext/TensorKitChainRulesCoreExt/factorizations.jl:254
┌ Warning: `svd` cotangents sensitive to gauge choice: (|Δgauge| = 0.052307059480557375)
└ @ TensorKitChainRulesCoreExt ~/.julia/packages/TensorKit/esxcj/ext/TensorKitChainRulesCoreExt/factorizations.jl:254
[ Info: LBFGS: iter   30, time 4001.17 s: f = -2.254588296697, ‖∇f‖ = 2.6823e-03, α = 1.00e+00, m = 3, nfg = 1
[ Info: CTMRG init:	obj = +6.389217845064e+00	err = 1.0000e+00
[ Info: CTMRG conv 27:	obj = +6.389229467740e+00	err = 7.3903495014e-10	time = 49.03 sec
┌ Warning: `svd` cotangents sensitive to gauge choice: (|Δgauge| = 0.05282949496529281)
└ @ TensorKitChainRulesCoreExt ~/.julia/packages/TensorKit/esxcj/ext/TensorKitChainRulesCoreExt/factorizations.jl:254
┌ Warning: `svd` cotangents sensitive to gauge choice: (|Δgauge| = 4.0664552598478835e-8)
└ @ TensorKitChainRulesCoreExt ~/.julia/packages/TensorKit/esxcj/ext/TensorKitChainRulesCoreExt/factorizations.jl:254
┌ Warning: `svd` cotangents sensitive to gauge choice: (|Δgauge| = 0.052829495549998995)
└ @ TensorKitChainRulesCoreExt ~/.julia/packages/TensorKit/esxcj/ext/TensorKitChainRulesCoreExt/factorizations.jl:254
[ Info: LBFGS: iter   31, time 4080.68 s: f = -2.254615070440, ‖∇f‖ = 2.9248e-03, α = 1.00e+00, m = 3, nfg = 1
[ Info: CTMRG init:	obj = +6.474343891197e+00	err = 1.0000e+00
[ Info: CTMRG conv 29:	obj = +6.474418630015e+00	err = 8.0533070511e-10	time = 53.57 sec
┌ Warning: `svd` cotangents sensitive to gauge choice: (|Δgauge| = 0.05439741748669292)
└ @ TensorKitChainRulesCoreExt ~/.julia/packages/TensorKit/esxcj/ext/TensorKitChainRulesCoreExt/factorizations.jl:254
┌ Warning: `svd` cotangents sensitive to gauge choice: (|Δgauge| = 1.0962560019959627e-8)
└ @ TensorKitChainRulesCoreExt ~/.julia/packages/TensorKit/esxcj/ext/TensorKitChainRulesCoreExt/factorizations.jl:254
┌ Warning: `svd` cotangents sensitive to gauge choice: (|Δgauge| = 0.05439741764084702)
└ @ TensorKitChainRulesCoreExt ~/.julia/packages/TensorKit/esxcj/ext/TensorKitChainRulesCoreExt/factorizations.jl:254
[ Info: LBFGS: iter   32, time 4167.50 s: f = -2.254707273604, ‖∇f‖ = 3.3646e-03, α = 1.00e+00, m = 3, nfg = 1
[ Info: CTMRG init:	obj = +6.611968053130e+00	err = 1.0000e+00
[ Info: CTMRG conv 26:	obj = +6.612976664717e+00	err = 8.8054509117e-10	time = 51.74 sec
┌ Warning: `svd` cotangents sensitive to gauge choice: (|Δgauge| = 0.05860866382048112)
└ @ TensorKitChainRulesCoreExt ~/.julia/packages/TensorKit/esxcj/ext/TensorKitChainRulesCoreExt/factorizations.jl:254
┌ Warning: `svd` cotangents sensitive to gauge choice: (|Δgauge| = 2.814957946067544e-8)
└ @ TensorKitChainRulesCoreExt ~/.julia/packages/TensorKit/esxcj/ext/TensorKitChainRulesCoreExt/factorizations.jl:254
┌ Warning: `svd` cotangents sensitive to gauge choice: (|Δgauge| = 0.0586086643011605)
└ @ TensorKitChainRulesCoreExt ~/.julia/packages/TensorKit/esxcj/ext/TensorKitChainRulesCoreExt/factorizations.jl:254
[ Info: CTMRG init:	obj = +6.505480110506e+00	err = 1.0000e+00
[ Info: CTMRG conv 27:	obj = +6.505530356441e+00	err = 9.0959560667e-10	time = 54.25 sec
┌ Warning: `svd` cotangents sensitive to gauge choice: (|Δgauge| = 0.05536057948293125)
└ @ TensorKitChainRulesCoreExt ~/.julia/packages/TensorKit/esxcj/ext/TensorKitChainRulesCoreExt/factorizations.jl:254
┌ Warning: `svd` cotangents sensitive to gauge choice: (|Δgauge| = 2.045256061562959e-8)
└ @ TensorKitChainRulesCoreExt ~/.julia/packages/TensorKit/esxcj/ext/TensorKitChainRulesCoreExt/factorizations.jl:254
┌ Warning: `svd` cotangents sensitive to gauge choice: (|Δgauge| = 0.05536057978655598)
└ @ TensorKitChainRulesCoreExt ~/.julia/packages/TensorKit/esxcj/ext/TensorKitChainRulesCoreExt/factorizations.jl:254
[ Info: LBFGS: iter   33, time 4318.78 s: f = -2.254734620368, ‖∇f‖ = 6.0206e-03, α = 2.21e-01, m = 3, nfg = 2
[ Info: CTMRG init:	obj = +6.606207270163e+00	err = 1.0000e+00
[ Info: CTMRG conv 26:	obj = +6.606341830906e+00	err = 8.3201392507e-10	time = 44.84 sec
┌ Warning: `svd` cotangents sensitive to gauge choice: (|Δgauge| = 0.05756123819408042)
└ @ TensorKitChainRulesCoreExt ~/.julia/packages/TensorKit/esxcj/ext/TensorKitChainRulesCoreExt/factorizations.jl:254
┌ Warning: `svd` cotangents sensitive to gauge choice: (|Δgauge| = 2.1413723669175275e-8)
└ @ TensorKitChainRulesCoreExt ~/.julia/packages/TensorKit/esxcj/ext/TensorKitChainRulesCoreExt/factorizations.jl:254
┌ Warning: `svd` cotangents sensitive to gauge choice: (|Δgauge| = 0.05756123851448356)
└ @ TensorKitChainRulesCoreExt ~/.julia/packages/TensorKit/esxcj/ext/TensorKitChainRulesCoreExt/factorizations.jl:254
[ Info: LBFGS: iter   34, time 4384.72 s: f = -2.254831763042, ‖∇f‖ = 2.5013e-03, α = 1.00e+00, m = 3, nfg = 1
[ Info: CTMRG init:	obj = +6.735848284078e+00	err = 1.0000e+00
[ Info: CTMRG conv 28:	obj = +6.736059270291e+00	err = 8.9787761682e-10	time = 45.60 sec
┌ Warning: `svd` cotangents sensitive to gauge choice: (|Δgauge| = 0.06137649358748013)
└ @ TensorKitChainRulesCoreExt ~/.julia/packages/TensorKit/esxcj/ext/TensorKitChainRulesCoreExt/factorizations.jl:254
┌ Warning: `svd` cotangents sensitive to gauge choice: (|Δgauge| = 1.3023709885689166e-8)
└ @ TensorKitChainRulesCoreExt ~/.julia/packages/TensorKit/esxcj/ext/TensorKitChainRulesCoreExt/factorizations.jl:254
┌ Warning: `svd` cotangents sensitive to gauge choice: (|Δgauge| = 0.06137649380126822)
└ @ TensorKitChainRulesCoreExt ~/.julia/packages/TensorKit/esxcj/ext/TensorKitChainRulesCoreExt/factorizations.jl:254
[ Info: LBFGS: iter   35, time 4459.09 s: f = -2.254899047698, ‖∇f‖ = 2.7139e-03, α = 1.00e+00, m = 3, nfg = 1
[ Info: CTMRG init:	obj = +6.792574440087e+00	err = 1.0000e+00
[ Info: CTMRG conv 25:	obj = +6.792704298520e+00	err = 6.1369544173e-10	time = 42.88 sec
┌ Warning: `svd` cotangents sensitive to gauge choice: (|Δgauge| = 0.06178652353345455)
└ @ TensorKitChainRulesCoreExt ~/.julia/packages/TensorKit/esxcj/ext/TensorKitChainRulesCoreExt/factorizations.jl:254
┌ Warning: `svd` cotangents sensitive to gauge choice: (|Δgauge| = 2.7950057937110686e-8)
└ @ TensorKitChainRulesCoreExt ~/.julia/packages/TensorKit/esxcj/ext/TensorKitChainRulesCoreExt/factorizations.jl:254
┌ Warning: `svd` cotangents sensitive to gauge choice: (|Δgauge| = 0.06178652399392966)
└ @ TensorKitChainRulesCoreExt ~/.julia/packages/TensorKit/esxcj/ext/TensorKitChainRulesCoreExt/factorizations.jl:254
[ Info: LBFGS: iter   36, time 4521.26 s: f = -2.254924332885, ‖∇f‖ = 2.6364e-03, α = 1.00e+00, m = 3, nfg = 1
[ Info: CTMRG init:	obj = +6.806942572887e+00	err = 1.0000e+00
[ Info: CTMRG conv 24:	obj = +6.807025626931e+00	err = 6.8931190340e-10	time = 42.08 sec
┌ Warning: `svd` cotangents sensitive to gauge choice: (|Δgauge| = 0.0627217707290391)
└ @ TensorKitChainRulesCoreExt ~/.julia/packages/TensorKit/esxcj/ext/TensorKitChainRulesCoreExt/factorizations.jl:254
┌ Warning: `svd` cotangents sensitive to gauge choice: (|Δgauge| = 3.41527680064696e-8)
└ @ TensorKitChainRulesCoreExt ~/.julia/packages/TensorKit/esxcj/ext/TensorKitChainRulesCoreExt/factorizations.jl:254
┌ Warning: `svd` cotangents sensitive to gauge choice: (|Δgauge| = 0.06272177125531925)
└ @ TensorKitChainRulesCoreExt ~/.julia/packages/TensorKit/esxcj/ext/TensorKitChainRulesCoreExt/factorizations.jl:254
[ Info: LBFGS: iter   37, time 4582.08 s: f = -2.254953881087, ‖∇f‖ = 4.6521e-03, α = 1.00e+00, m = 3, nfg = 1
[ Info: CTMRG init:	obj = +6.872297017963e+00	err = 1.0000e+00
[ Info: CTMRG conv 23:	obj = +6.872610366126e+00	err = 9.3354235960e-10	time = 46.71 sec
┌ Warning: `svd` cotangents sensitive to gauge choice: (|Δgauge| = 0.06529919720766586)
└ @ TensorKitChainRulesCoreExt ~/.julia/packages/TensorKit/esxcj/ext/TensorKitChainRulesCoreExt/factorizations.jl:254
┌ Warning: `svd` cotangents sensitive to gauge choice: (|Δgauge| = 3.648936865634457e-8)
└ @ TensorKitChainRulesCoreExt ~/.julia/packages/TensorKit/esxcj/ext/TensorKitChainRulesCoreExt/factorizations.jl:254
┌ Warning: `svd` cotangents sensitive to gauge choice: (|Δgauge| = 0.0652991977218258)
└ @ TensorKitChainRulesCoreExt ~/.julia/packages/TensorKit/esxcj/ext/TensorKitChainRulesCoreExt/factorizations.jl:254
[ Info: LBFGS: iter   38, time 4656.76 s: f = -2.255020930555, ‖∇f‖ = 5.3659e-03, α = 1.00e+00, m = 3, nfg = 1
[ Info: CTMRG init:	obj = +6.996970177321e+00	err = 1.0000e+00
[ Info: CTMRG conv 23:	obj = +7.000301032846e+00	err = 5.7290860804e-10	time = 52.50 sec
┌ Warning: `svd` cotangents sensitive to gauge choice: (|Δgauge| = 0.0718583896068371)
└ @ TensorKitChainRulesCoreExt ~/.julia/packages/TensorKit/esxcj/ext/TensorKitChainRulesCoreExt/factorizations.jl:254
┌ Warning: `svd` cotangents sensitive to gauge choice: (|Δgauge| = 8.57806856836155e-9)
└ @ TensorKitChainRulesCoreExt ~/.julia/packages/TensorKit/esxcj/ext/TensorKitChainRulesCoreExt/factorizations.jl:254
┌ Warning: `svd` cotangents sensitive to gauge choice: (|Δgauge| = 0.07185838969206074)
└ @ TensorKitChainRulesCoreExt ~/.julia/packages/TensorKit/esxcj/ext/TensorKitChainRulesCoreExt/factorizations.jl:254
[ Info: LBFGS: iter   39, time 4735.11 s: f = -2.255175358008, ‖∇f‖ = 9.7139e-03, α = 1.00e+00, m = 3, nfg = 1
[ Info: CTMRG init:	obj = +7.032942537002e+00	err = 1.0000e+00
[ Info: CTMRG conv 20:	obj = +7.033309468692e+00	err = 6.0061284092e-10	time = 46.43 sec
┌ Warning: `svd` cotangents sensitive to gauge choice: (|Δgauge| = 0.07427791987543826)
└ @ TensorKitChainRulesCoreExt ~/.julia/packages/TensorKit/esxcj/ext/TensorKitChainRulesCoreExt/factorizations.jl:254
┌ Warning: `svd` cotangents sensitive to gauge choice: (|Δgauge| = 4.3577617110750843e-8)
└ @ TensorKitChainRulesCoreExt ~/.julia/packages/TensorKit/esxcj/ext/TensorKitChainRulesCoreExt/factorizations.jl:254
┌ Warning: `svd` cotangents sensitive to gauge choice: (|Δgauge| = 0.07427792023938269)
└ @ TensorKitChainRulesCoreExt ~/.julia/packages/TensorKit/esxcj/ext/TensorKitChainRulesCoreExt/factorizations.jl:254
[ Info: LBFGS: iter   40, time 4806.07 s: f = -2.255230240754, ‖∇f‖ = 2.5537e-03, α = 1.00e+00, m = 3, nfg = 1
[ Info: CTMRG init:	obj = +7.046010623806e+00	err = 1.0000e+00
[ Info: CTMRG conv 20:	obj = +7.046046370986e+00	err = 6.4353201517e-10	time = 46.09 sec
┌ Warning: `svd` cotangents sensitive to gauge choice: (|Δgauge| = 0.07503729943215409)
└ @ TensorKitChainRulesCoreExt ~/.julia/packages/TensorKit/esxcj/ext/TensorKitChainRulesCoreExt/factorizations.jl:254
┌ Warning: `svd` cotangents sensitive to gauge choice: (|Δgauge| = 4.148428558802773e-8)
└ @ TensorKitChainRulesCoreExt ~/.julia/packages/TensorKit/esxcj/ext/TensorKitChainRulesCoreExt/factorizations.jl:254
┌ Warning: `svd` cotangents sensitive to gauge choice: (|Δgauge| = 0.07503729976993911)
└ @ TensorKitChainRulesCoreExt ~/.julia/packages/TensorKit/esxcj/ext/TensorKitChainRulesCoreExt/factorizations.jl:254
[ Info: LBFGS: iter   41, time 4873.61 s: f = -2.255239828581, ‖∇f‖ = 2.6298e-03, α = 1.00e+00, m = 3, nfg = 1
[ Info: CTMRG init:	obj = +7.075037378859e+00	err = 1.0000e+00
[ Info: CTMRG conv 21:	obj = +7.075133653022e+00	err = 5.1278011705e-10	time = 43.15 sec
┌ Warning: `svd` cotangents sensitive to gauge choice: (|Δgauge| = 0.07626603145826305)
└ @ TensorKitChainRulesCoreExt ~/.julia/packages/TensorKit/esxcj/ext/TensorKitChainRulesCoreExt/factorizations.jl:254
┌ Warning: `svd` cotangents sensitive to gauge choice: (|Δgauge| = 2.0369434112251282e-8)
└ @ TensorKitChainRulesCoreExt ~/.julia/packages/TensorKit/esxcj/ext/TensorKitChainRulesCoreExt/factorizations.jl:254
┌ Warning: `svd` cotangents sensitive to gauge choice: (|Δgauge| = 0.07626603161785804)
└ @ TensorKitChainRulesCoreExt ~/.julia/packages/TensorKit/esxcj/ext/TensorKitChainRulesCoreExt/factorizations.jl:254
[ Info: LBFGS: iter   42, time 4940.17 s: f = -2.255259134302, ‖∇f‖ = 3.8073e-03, α = 1.00e+00, m = 3, nfg = 1
[ Info: CTMRG init:	obj = +7.112765055089e+00	err = 1.0000e+00
[ Info: CTMRG conv 20:	obj = +7.112852647383e+00	err = 6.3818932881e-10	time = 34.04 sec
┌ Warning: `svd` cotangents sensitive to gauge choice: (|Δgauge| = 0.07729947009907705)
└ @ TensorKitChainRulesCoreExt ~/.julia/packages/TensorKit/esxcj/ext/TensorKitChainRulesCoreExt/factorizations.jl:254
┌ Warning: `svd` cotangents sensitive to gauge choice: (|Δgauge| = 2.9098743625125114e-8)
└ @ TensorKitChainRulesCoreExt ~/.julia/packages/TensorKit/esxcj/ext/TensorKitChainRulesCoreExt/factorizations.jl:254
┌ Warning: `svd` cotangents sensitive to gauge choice: (|Δgauge| = 0.07729947031783757)
└ @ TensorKitChainRulesCoreExt ~/.julia/packages/TensorKit/esxcj/ext/TensorKitChainRulesCoreExt/factorizations.jl:254
[ Info: LBFGS: iter   43, time 4992.60 s: f = -2.255280302023, ‖∇f‖ = 3.2341e-03, α = 1.00e+00, m = 3, nfg = 1
[ Info: CTMRG init:	obj = +7.152480210839e+00	err = 1.0000e+00
[ Info: CTMRG conv 20:	obj = +7.152561237403e+00	err = 3.7609487975e-10	time = 37.68 sec
┌ Warning: `svd` cotangents sensitive to gauge choice: (|Δgauge| = 0.0779120227392)
└ @ TensorKitChainRulesCoreExt ~/.julia/packages/TensorKit/esxcj/ext/TensorKitChainRulesCoreExt/factorizations.jl:254
┌ Warning: `svd` cotangents sensitive to gauge choice: (|Δgauge| = 2.4470969456650074e-8)
└ @ TensorKitChainRulesCoreExt ~/.julia/packages/TensorKit/esxcj/ext/TensorKitChainRulesCoreExt/factorizations.jl:254
┌ Warning: `svd` cotangents sensitive to gauge choice: (|Δgauge| = 0.07791202292776342)
└ @ TensorKitChainRulesCoreExt ~/.julia/packages/TensorKit/esxcj/ext/TensorKitChainRulesCoreExt/factorizations.jl:254
[ Info: LBFGS: iter   44, time 5046.44 s: f = -2.255296155884, ‖∇f‖ = 2.2692e-03, α = 1.00e+00, m = 3, nfg = 1
[ Info: CTMRG init:	obj = +7.157062256182e+00	err = 1.0000e+00
[ Info: CTMRG conv 18:	obj = +7.157064275627e+00	err = 3.4983270234e-10	time = 34.43 sec
┌ Warning: `svd` cotangents sensitive to gauge choice: (|Δgauge| = 0.07800190909678936)
└ @ TensorKitChainRulesCoreExt ~/.julia/packages/TensorKit/esxcj/ext/TensorKitChainRulesCoreExt/factorizations.jl:254
┌ Warning: `svd` cotangents sensitive to gauge choice: (|Δgauge| = 8.091309819481051e-8)
└ @ TensorKitChainRulesCoreExt ~/.julia/packages/TensorKit/esxcj/ext/TensorKitChainRulesCoreExt/factorizations.jl:254
┌ Warning: `svd` cotangents sensitive to gauge choice: (|Δgauge| = 0.0780019096884338)
└ @ TensorKitChainRulesCoreExt ~/.julia/packages/TensorKit/esxcj/ext/TensorKitChainRulesCoreExt/factorizations.jl:254
[ Info: LBFGS: iter   45, time 5097.53 s: f = -2.255301715519, ‖∇f‖ = 1.6545e-03, α = 1.00e+00, m = 3, nfg = 1
[ Info: CTMRG init:	obj = +7.166703179557e+00	err = 1.0000e+00
[ Info: CTMRG conv 21:	obj = +7.166835423377e+00	err = 3.7185799274e-10	time = 40.77 sec
┌ Warning: `svd` cotangents sensitive to gauge choice: (|Δgauge| = 0.0773815781997777)
└ @ TensorKitChainRulesCoreExt ~/.julia/packages/TensorKit/esxcj/ext/TensorKitChainRulesCoreExt/factorizations.jl:254
┌ Warning: `svd` cotangents sensitive to gauge choice: (|Δgauge| = 1.7026393645775562e-8)
└ @ TensorKitChainRulesCoreExt ~/.julia/packages/TensorKit/esxcj/ext/TensorKitChainRulesCoreExt/factorizations.jl:254
┌ Warning: `svd` cotangents sensitive to gauge choice: (|Δgauge| = 0.07738157831810666)
└ @ TensorKitChainRulesCoreExt ~/.julia/packages/TensorKit/esxcj/ext/TensorKitChainRulesCoreExt/factorizations.jl:254
[ Info: LBFGS: iter   46, time 5160.22 s: f = -2.255330501851, ‖∇f‖ = 1.7036e-03, α = 1.00e+00, m = 3, nfg = 1
[ Info: CTMRG init:	obj = +7.168993672258e+00	err = 1.0000e+00
[ Info: CTMRG conv 21:	obj = +7.169159387728e+00	err = 5.9848370687e-10	time = 42.50 sec
┌ Warning: `svd` cotangents sensitive to gauge choice: (|Δgauge| = 0.07600759766461833)
└ @ TensorKitChainRulesCoreExt ~/.julia/packages/TensorKit/esxcj/ext/TensorKitChainRulesCoreExt/factorizations.jl:254
┌ Warning: `svd` cotangents sensitive to gauge choice: (|Δgauge| = 2.007669996780182e-8)
└ @ TensorKitChainRulesCoreExt ~/.julia/packages/TensorKit/esxcj/ext/TensorKitChainRulesCoreExt/factorizations.jl:254
┌ Warning: `svd` cotangents sensitive to gauge choice: (|Δgauge| = 0.07600759780089918)
└ @ TensorKitChainRulesCoreExt ~/.julia/packages/TensorKit/esxcj/ext/TensorKitChainRulesCoreExt/factorizations.jl:254
[ Info: LBFGS: iter   47, time 5216.17 s: f = -2.255346588208, ‖∇f‖ = 2.4086e-03, α = 1.00e+00, m = 3, nfg = 1
[ Info: CTMRG init:	obj = +7.223808181216e+00	err = 1.0000e+00
[ Info: CTMRG conv 19:	obj = +7.224029605468e+00	err = 6.5378473320e-10	time = 37.28 sec
┌ Warning: `svd` cotangents sensitive to gauge choice: (|Δgauge| = 0.07376814270610374)
└ @ TensorKitChainRulesCoreExt ~/.julia/packages/TensorKit/esxcj/ext/TensorKitChainRulesCoreExt/factorizations.jl:254
┌ Warning: `svd` cotangents sensitive to gauge choice: (|Δgauge| = 5.122342797181365e-8)
└ @ TensorKitChainRulesCoreExt ~/.julia/packages/TensorKit/esxcj/ext/TensorKitChainRulesCoreExt/factorizations.jl:254
┌ Warning: `svd` cotangents sensitive to gauge choice: (|Δgauge| = 0.07376814304182543)
└ @ TensorKitChainRulesCoreExt ~/.julia/packages/TensorKit/esxcj/ext/TensorKitChainRulesCoreExt/factorizations.jl:254
[ Info: CTMRG init:	obj = +7.188658142328e+00	err = 1.0000e+00
[ Info: CTMRG conv 17:	obj = +7.188685722859e+00	err = 7.8222226407e-10	time = 40.67 sec
┌ Warning: `svd` cotangents sensitive to gauge choice: (|Δgauge| = 0.0752116499009864)
└ @ TensorKitChainRulesCoreExt ~/.julia/packages/TensorKit/esxcj/ext/TensorKitChainRulesCoreExt/factorizations.jl:254
┌ Warning: `svd` cotangents sensitive to gauge choice: (|Δgauge| = 1.7514969959806037e-7)
└ @ TensorKitChainRulesCoreExt ~/.julia/packages/TensorKit/esxcj/ext/TensorKitChainRulesCoreExt/factorizations.jl:254
┌ Warning: `svd` cotangents sensitive to gauge choice: (|Δgauge| = 0.07521165111540841)
└ @ TensorKitChainRulesCoreExt ~/.julia/packages/TensorKit/esxcj/ext/TensorKitChainRulesCoreExt/factorizations.jl:254
[ Info: LBFGS: iter   48, time 5342.57 s: f = -2.255351708556, ‖∇f‖ = 1.2314e-03, α = 3.53e-01, m = 3, nfg = 2
[ Info: CTMRG init:	obj = +7.184344716993e+00	err = 1.0000e+00
[ Info: CTMRG conv 21:	obj = +7.184419523485e+00	err = 4.9783985346e-10	time = 55.83 sec
┌ Warning: `svd` cotangents sensitive to gauge choice: (|Δgauge| = 0.07399881294499111)
└ @ TensorKitChainRulesCoreExt ~/.julia/packages/TensorKit/esxcj/ext/TensorKitChainRulesCoreExt/factorizations.jl:254
┌ Warning: `svd` cotangents sensitive to gauge choice: (|Δgauge| = 2.091435431927654e-8)
└ @ TensorKitChainRulesCoreExt ~/.julia/packages/TensorKit/esxcj/ext/TensorKitChainRulesCoreExt/factorizations.jl:254
┌ Warning: `svd` cotangents sensitive to gauge choice: (|Δgauge| = 0.07399881308587372)
└ @ TensorKitChainRulesCoreExt ~/.julia/packages/TensorKit/esxcj/ext/TensorKitChainRulesCoreExt/factorizations.jl:254
[ Info: LBFGS: iter   49, time 5424.33 s: f = -2.255358225499, ‖∇f‖ = 1.0194e-03, α = 1.00e+00, m = 3, nfg = 1
[ Info: CTMRG init:	obj = +7.173565227382e+00	err = 1.0000e+00
[ Info: CTMRG conv 21:	obj = +7.173688652688e+00	err = 8.2913934506e-10	time = 56.51 sec
┌ Warning: `svd` cotangents sensitive to gauge choice: (|Δgauge| = 0.07182134235288992)
└ @ TensorKitChainRulesCoreExt ~/.julia/packages/TensorKit/esxcj/ext/TensorKitChainRulesCoreExt/factorizations.jl:254
┌ Warning: `svd` cotangents sensitive to gauge choice: (|Δgauge| = 2.3198349273454117e-8)
└ @ TensorKitChainRulesCoreExt ~/.julia/packages/TensorKit/esxcj/ext/TensorKitChainRulesCoreExt/factorizations.jl:254
┌ Warning: `svd` cotangents sensitive to gauge choice: (|Δgauge| = 0.07182134251468347)
└ @ TensorKitChainRulesCoreExt ~/.julia/packages/TensorKit/esxcj/ext/TensorKitChainRulesCoreExt/factorizations.jl:254
[ Info: LBFGS: converged after 50 iterations and time 5501.56 s: f = -2.255368548163, ‖∇f‖ = 9.6498e-04
