  Installing known registries into `~/.julia`
       Added `General` registry to ~/.julia/registries
    Updating registry at `~/.julia/registries/General.toml`
   Installed GPUArraysCore ─────────────── v0.2.0
   Installed RealDot ───────────────────── v0.1.0
   Installed TaskLocalValues ───────────── v0.1.2
   Installed IrrationalConstants ───────── v0.2.4
   Installed IRTools ───────────────────── v0.4.14
   Installed JLD2 ──────────────────────── v0.5.12
   Installed BlockTensorKit ────────────── v0.1.6
   Installed OhMyThreads ───────────────── v0.7.0
   Installed IntegerMathUtils ──────────── v0.1.2
   Installed LRUCache ──────────────────── v1.6.2
   Installed DiffRules ─────────────────── v1.15.1
   Installed PtrArrays ─────────────────── v1.3.0
   Installed Adapt ─────────────────────── v4.3.0
   Installed TableTraits ───────────────── v1.0.1
   Installed Accessors ─────────────────── v0.1.42
   Installed Preferences ───────────────── v1.4.3
   Installed OptimKit ──────────────────── v0.4.0
   Installed Tables ────────────────────── v1.12.0
   Installed WignerSymbols ─────────────── v2.0.0
   Installed LoggingExtras ─────────────── v1.0.3
   Installed HashArrayMappedTries ──────── v0.2.0
   Installed DiffResults ───────────────── v1.1.0
   Installed SpecialFunctions ──────────── v2.5.1
   Installed TensorKit ─────────────────── v0.14.5
   Installed RecipesBase ───────────────── v1.3.4
   Installed DataAPI ───────────────────── v1.16.0
   Installed Primes ────────────────────── v0.5.7
   Installed ChunkSplitters ────────────── v3.1.2
   Installed StaticArrays ──────────────── v1.9.13
   Installed Zygote ────────────────────── v0.7.6
   Installed AbstractFFTs ──────────────── v1.5.0
   Installed MPSKit ────────────────────── v0.12.6
   Installed Richardson ────────────────── v1.4.2
   Installed JLLWrappers ───────────────── v1.7.0
   Installed FiniteDifferences ─────────── v0.12.32
   Installed BlockArrays ───────────────── v1.6.1
   Installed StaticArraysCore ──────────── v1.4.3
   Installed NaNMath ───────────────────── v1.1.3
   Installed IteratorInterfaceExtensions ─ v1.0.0
   Installed PrecompileTools ───────────── v1.2.1
   Installed DataValueInterfaces ───────── v1.0.0
   Installed RationalRoots ─────────────── v0.2.1
   Installed StableTasks ───────────────── v0.1.7
   Installed StructArrays ──────────────── v0.7.1
   Installed OrderedCollections ────────── v1.8.0
   Installed TensorKitSectors ──────────── v0.1.4
   Installed ConstructionBase ──────────── v1.5.8
   Installed TranscodingStreams ────────── v0.11.3
   Installed ScopedValues ──────────────── v1.3.0
   Installed VectorInterface ───────────── v0.5.0
   Installed InitialValues ─────────────── v0.3.1
   Installed MPSKitModels ──────────────── v0.4.1
   Installed ChainRulesCore ────────────── v1.25.1
   Installed FillArrays ────────────────── v1.13.0
   Installed FileIO ────────────────────── v1.17.0
   Installed ForwardDiff ───────────────── v1.0.1
   Installed Statistics ────────────────── v1.11.1
   Installed LogExpFunctions ───────────── v0.3.29
   Installed Requires ──────────────────── v1.3.1
   Installed ZygoteRules ───────────────── v0.2.7
   Installed StridedViews ──────────────── v0.4.1
   Installed ChainRules ────────────────── v1.72.3
   Installed CommonSubexpressions ──────── v0.3.1
   Installed BangBang ──────────────────── v0.4.4
   Installed HalfIntegers ──────────────── v1.6.0
   Installed PackageExtensionCompat ────── v1.0.2
   Installed Strided ───────────────────── v2.3.0
   Installed OpenSpecFun_jll ───────────── v0.5.6+0
   Installed Compat ────────────────────── v4.16.0
   Installed TensorKitManifolds ────────── v0.7.2
   Installed CompositionsBase ──────────── v0.1.2
   Installed MacroTools ────────────────── v0.5.15
   Installed PEPSKit ───────────────────── v0.5.0
   Installed SparseInverseSubset ───────── v0.1.2
   Installed InverseFunctions ──────────── v0.1.17
   Installed TupleTools ────────────────── v1.6.0
   Installed ArrayLayouts ──────────────── v1.11.1
   Installed DocStringExtensions ───────── v0.9.4
   Installed TensorOperations ──────────── v5.2.0
   Installed KrylovKit ─────────────────── v0.9.5
    Updating `/var/lib/condor/execute/dir_3666157/Project.toml`
  [d360d2e6] + ChainRulesCore v1.25.1
  [033835bb] + JLD2 v0.5.12
  [0b1a1467] + KrylovKit v0.9.5
  [bb1c41ca] + MPSKit v0.12.6
  [ca635005] + MPSKitModels v0.4.1
  [77e91f04] + OptimKit v0.4.0
  [52969e89] + PEPSKit v0.5.0
  [07d1fe3e] + TensorKit v0.14.5
  [409d34a3] + VectorInterface v0.5.0
  [e88e6eb3] + Zygote v0.7.6
  [37e2e46d] ~ LinearAlgebra ⇒ v1.11.0
    Updating `/var/lib/condor/execute/dir_3666157/Manifest.toml`
  [621f4979] + AbstractFFTs v1.5.0
  [7d9f7c33] + Accessors v0.1.42
  [79e6a3ab] + Adapt v4.3.0
  [4c555306] + ArrayLayouts v1.11.1
  [198e06fe] + BangBang v0.4.4
  [8e7c35d0] + BlockArrays v1.6.1
  [5f87ffc2] + BlockTensorKit v0.1.6
  [082447d4] + ChainRules v1.72.3
  [d360d2e6] + ChainRulesCore v1.25.1
  [ae650224] + ChunkSplitters v3.1.2
  [bbf7d656] + CommonSubexpressions v0.3.1
  [34da2185] + Compat v4.16.0
  [a33af91c] + CompositionsBase v0.1.2
  [187b0558] + ConstructionBase v1.5.8
  [9a962f9c] + DataAPI v1.16.0
  [e2d170a0] + DataValueInterfaces v1.0.0
  [163ba53b] + DiffResults v1.1.0
  [b552c78f] + DiffRules v1.15.1
  [ffbed154] + DocStringExtensions v0.9.4
  [5789e2e9] + FileIO v1.17.0
  [1a297f60] + FillArrays v1.13.0
  [26cc04aa] + FiniteDifferences v0.12.32
  [f6369f11] + ForwardDiff v1.0.1
  [46192b85] + GPUArraysCore v0.2.0
  [f0d1745a] + HalfIntegers v1.6.0
  [076d061b] + HashArrayMappedTries v0.2.0
  [7869d1d1] + IRTools v0.4.14
  [22cec73e] + InitialValues v0.3.1
  [18e54dd8] + IntegerMathUtils v0.1.2
  [3587e190] + InverseFunctions v0.1.17
  [92d709cd] + IrrationalConstants v0.2.4
  [82899510] + IteratorInterfaceExtensions v1.0.0
  [033835bb] + JLD2 v0.5.12
  [692b3bcd] + JLLWrappers v1.7.0
  [0b1a1467] + KrylovKit v0.9.5
  [8ac3fa9e] + LRUCache v1.6.2
  [2ab3a3ac] + LogExpFunctions v0.3.29
⌅ [e6f89c97] + LoggingExtras v1.0.3
  [bb1c41ca] + MPSKit v0.12.6
  [ca635005] + MPSKitModels v0.4.1
  [1914dd2f] + MacroTools v0.5.15
  [77ba4419] + NaNMath v1.1.3
⌅ [67456a42] + OhMyThreads v0.7.0
  [77e91f04] + OptimKit v0.4.0
  [bac558e1] + OrderedCollections v1.8.0
  [52969e89] + PEPSKit v0.5.0
  [65ce6f38] + PackageExtensionCompat v1.0.2
⌅ [aea7be01] + PrecompileTools v1.2.1
  [21216c6a] + Preferences v1.4.3
  [27ebfcd6] + Primes v0.5.7
  [43287f4e] + PtrArrays v1.3.0
  [308eb6b3] + RationalRoots v0.2.1
  [c1ae055f] + RealDot v0.1.0
  [3cdcf5f2] + RecipesBase v1.3.4
  [ae029012] + Requires v1.3.1
  [708f8203] + Richardson v1.4.2
  [7e506255] + ScopedValues v1.3.0
  [dc90abb0] + SparseInverseSubset v0.1.2
  [276daf66] + SpecialFunctions v2.5.1
  [91464d47] + StableTasks v0.1.7
  [90137ffa] + StaticArrays v1.9.13
  [1e83bf80] + StaticArraysCore v1.4.3
  [10745b16] + Statistics v1.11.1
  [5e0ebb24] + Strided v2.3.0
  [4db3bf67] + StridedViews v0.4.1
  [09ab397b] + StructArrays v0.7.1
  [3783bdb8] + TableTraits v1.0.1
  [bd369af6] + Tables v1.12.0
  [ed4db957] + TaskLocalValues v0.1.2
  [07d1fe3e] + TensorKit v0.14.5
  [11fa318c] + TensorKitManifolds v0.7.2
  [13a9c161] + TensorKitSectors v0.1.4
  [6aa20fa7] + TensorOperations v5.2.0
  [3bb67fe8] + TranscodingStreams v0.11.3
  [9d95972d] + TupleTools v1.6.0
  [409d34a3] + VectorInterface v0.5.0
  [9f57e263] + WignerSymbols v2.0.0
  [e88e6eb3] + Zygote v0.7.6
  [700de1a5] + ZygoteRules v0.2.7
  [efe28fd5] + OpenSpecFun_jll v0.5.6+0
  [0dad84c5] + ArgTools v1.1.2
  [56f22d72] + Artifacts v1.11.0
  [2a0f44e3] + Base64 v1.11.0
  [ade2ca70] + Dates v1.11.0
  [8ba89e20] + Distributed v1.11.0
  [f43a241f] + Downloads v1.6.0
  [7b1f6079] + FileWatching v1.11.0
  [b77e0a4c] + InteractiveUtils v1.11.0
  [b27032c2] + LibCURL v0.6.4
  [76f85450] + LibGit2 v1.11.0
  [8f399da3] + Libdl v1.11.0
  [37e2e46d] + LinearAlgebra v1.11.0
  [56ddb016] + Logging v1.11.0
  [d6f4376e] + Markdown v1.11.0
  [a63ad114] + Mmap v1.11.0
  [ca575930] + NetworkOptions v1.2.0
  [44cfe95a] + Pkg v1.11.0
  [de0858da] + Printf v1.11.0
  [9a3f8284] + Random v1.11.0
  [ea8e919c] + SHA v0.7.0
  [9e88b42a] + Serialization v1.11.0
  [6462fe0b] + Sockets v1.11.0
  [2f01184e] + SparseArrays v1.11.0
  [4607b0f0] + SuiteSparse
  [fa267f1f] + TOML v1.0.3
  [a4e569a6] + Tar v1.10.0
  [cf7118a7] + UUIDs v1.11.0
  [4ec0a83e] + Unicode v1.11.0
  [e66e0078] + CompilerSupportLibraries_jll v1.1.1+0
  [deac9b47] + LibCURL_jll v8.6.0+0
  [e37daf67] + LibGit2_jll v1.7.2+0
  [29816b5a] + LibSSH2_jll v1.11.0+1
  [c8ffd9c3] + MbedTLS_jll v2.28.6+0
  [14a3606d] + MozillaCACerts_jll v2023.12.12
  [4536629a] + OpenBLAS_jll v0.3.27+1
  [05823500] + OpenLibm_jll v0.8.1+2
  [bea87d4a] + SuiteSparse_jll v7.7.0+0
  [83775a58] + Zlib_jll v1.2.13+1
  [8e850b90] + libblastrampoline_jll v5.11.0+0
  [8e850ede] + nghttp2_jll v1.59.0+0
  [3f19e933] + p7zip_jll v17.4.0+2
        Info Packages marked with ⌅ have new versions available but compatibility constraints restrict them from upgrading. To see why use `status --outdated -m`
Precompiling project...
    615.2 ms  ✓ TaskLocalValues
    556.7 ms  ✓ DataValueInterfaces
    603.0 ms  ✓ IntegerMathUtils
    598.2 ms  ✓ RealDot
    638.6 ms  ✓ Richardson
    727.0 ms  ✓ HalfIntegers
    747.5 ms  ✓ StableTasks
    711.1 ms  ✓ InverseFunctions
    733.9 ms  ✓ VectorInterface
    737.0 ms  ✓ Statistics
    751.8 ms  ✓ DocStringExtensions
    770.5 ms  ✓ LRUCache
    898.3 ms  ✓ OrderedCollections
    934.9 ms  ✓ AbstractFFTs
    544.3 ms  ✓ IteratorInterfaceExtensions
    614.3 ms  ✓ DataAPI
    747.1 ms  ✓ ConstructionBase
    582.8 ms  ✓ CompositionsBase
    574.2 ms  ✓ PtrArrays
    602.8 ms  ✓ StaticArraysCore
    630.6 ms  ✓ TupleTools
   1454.1 ms  ✓ FillArrays
    908.8 ms  ✓ ChunkSplitters
    829.7 ms  ✓ RationalRoots
    750.6 ms  ✓ HashArrayMappedTries
   1088.2 ms  ✓ Primes
    858.2 ms  ✓ TranscodingStreams
   1695.6 ms  ✓ IrrationalConstants
    743.6 ms  ✓ NaNMath
   1189.3 ms  ✓ InitialValues
    546.9 ms  ✓ PackageExtensionCompat
    785.8 ms  ✓ Requires
    790.1 ms  ✓ LoggingExtras
    843.7 ms  ✓ SuiteSparse
    835.8 ms  ✓ Compat
    574.8 ms  ✓ ConstructionBase → ConstructionBaseLinearAlgebraExt
    612.8 ms  ✓ TableTraits
    669.1 ms  ✓ LRUCache → SerializationExt
    890.9 ms  ✓ InverseFunctions → InverseFunctionsDatesExt
    669.8 ms  ✓ CompositionsBase → CompositionsBaseInverseFunctionsExt
    673.3 ms  ✓ DiffResults
   1107.4 ms  ✓ Preferences
    905.5 ms  ✓ Statistics → SparseArraysExt
    601.2 ms  ✓ ScopedValues
    671.6 ms  ✓ FillArrays → FillArraysStatisticsExt
    703.6 ms  ✓ StridedViews
    969.8 ms  ✓ FillArrays → FillArraysSparseArraysExt
    575.9 ms  ✓ Compat → CompatLinearAlgebraExt
    717.8 ms  ✓ Adapt
    986.0 ms  ✓ LogExpFunctions
    869.4 ms  ✓ SparseInverseSubset
    713.6 ms  ✓ PrecompileTools
    777.9 ms  ✓ JLLWrappers
    614.6 ms  ✓ StridedViews → StridedViewsPtrArraysExt
   1242.1 ms  ✓ Tables
    674.1 ms  ✓ GPUArraysCore
    874.5 ms  ✓ Strided
    626.6 ms  ✓ LogExpFunctions → LogExpFunctionsInverseFunctionsExt
    853.9 ms  ✓ Adapt → AdaptSparseArraysExt
   3490.6 ms  ✓ MacroTools
    860.5 ms  ✓ OpenSpecFun_jll
   1880.2 ms  ✓ OptimKit
   2278.4 ms  ✓ KrylovKit
    716.0 ms  ✓ CommonSubexpressions
   1175.8 ms  ✓ StructArrays
   1884.6 ms  ✓ ChainRulesCore
    644.0 ms  ✓ StructArrays → StructArraysAdaptExt
    667.0 ms  ✓ StructArrays → StructArraysLinearAlgebraExt
   2304.7 ms  ✓ RecipesBase
   3454.7 ms  ✓ WignerSymbols
    700.1 ms  ✓ AbstractFFTs → AbstractFFTsChainRulesCoreExt
    856.3 ms  ✓ StructArrays → StructArraysSparseArraysExt
    887.5 ms  ✓ ChainRulesCore → ChainRulesCoreSparseArraysExt
   1113.7 ms  ✓ ZygoteRules
    920.6 ms  ✓ KrylovKit → KrylovKitChainRulesCoreExt
   2667.8 ms  ✓ IRTools
   2191.0 ms  ✓ LogExpFunctions → LogExpFunctionsChainRulesCoreExt
   3069.2 ms  ✓ Accessors
   5554.5 ms  ✓ FileIO
    765.5 ms  ✓ Accessors → StructArraysExt
    798.9 ms  ✓ Accessors → LinearAlgebraExt
   3943.1 ms  ✓ SpecialFunctions
    960.6 ms  ✓ DiffRules
   1142.5 ms  ✓ BangBang
    777.3 ms  ✓ BangBang → BangBangTablesExt
    784.5 ms  ✓ BangBang → BangBangStructArraysExt
    805.1 ms  ✓ BangBang → BangBangChainRulesCoreExt
   1337.2 ms  ✓ OhMyThreads
   2662.6 ms  ✓ SpecialFunctions → SpecialFunctionsChainRulesCoreExt
   9644.8 ms  ✓ StaticArrays
   7822.2 ms  ✓ ChainRules
    932.4 ms  ✓ Adapt → AdaptStaticArraysExt
    999.8 ms  ✓ ConstructionBase → ConstructionBaseStaticArraysExt
   1001.7 ms  ✓ StaticArrays → StaticArraysStatisticsExt
   1034.4 ms  ✓ StaticArrays → StaticArraysChainRulesCoreExt
   1031.3 ms  ✓ StructArrays → StructArraysStaticArraysExt
   1047.8 ms  ✓ BangBang → BangBangStaticArraysExt
   1053.4 ms  ✓ Accessors → StaticArraysExt
   5027.8 ms  ✓ ForwardDiff
   1136.5 ms  ✓ ForwardDiff → ForwardDiffStaticArraysExt
   1599.9 ms  ✓ FiniteDifferences
  17622.5 ms  ✓ ArrayLayouts
   1056.3 ms  ✓ ArrayLayouts → ArrayLayoutsSparseArraysExt
   2209.0 ms  ✓ BlockArrays
   1039.0 ms  ✓ BlockArrays → BlockArraysAdaptExt
  40459.1 ms  ✓ JLD2
  40479.5 ms  ✓ Zygote
 183112.6 ms  ✓ TensorOperations
   1688.2 ms  ✓ TensorOperations → TensorOperationsChainRulesCoreExt
   7796.5 ms  ✓ TensorKitSectors
   9373.1 ms  ✓ TensorKit
   2363.6 ms  ✓ TensorKitManifolds
   2450.0 ms  ✓ TensorKit → TensorKitFiniteDifferencesExt
   2593.5 ms  ✓ TensorKit → TensorKitChainRulesCoreExt
   3384.7 ms  ✓ BlockTensorKit
  18315.8 ms  ✓ MPSKit
  15689.6 ms  ✓ MPSKitModels
  18874.1 ms  ✓ PEPSKit
  118 dependencies successfully precompiled in 260 seconds. 31 already precompiled.
┌ Warning: Opening file with JLD2.MmapIO failed, falling back to IOStream
└ @ JLD2 ~/.julia/packages/JLD2/phaon/src/JLD2.jl:153
ERROR: LoadError: EOFError: read end of file
Stacktrace:
 [1] jldopen(fname::String, wr::Bool, create::Bool, truncate::Bool, iotype::Type{JLD2.MmapIO}; fallback::Type{IOStream}, compress::Bool, mmaparrays::Bool, typemap::Dict{String, Any}, parallel_read::Bool, plain::Bool)
   @ JLD2 ~/.julia/packages/JLD2/phaon/src/JLD2.jl:230
 [2] jldopen
   @ ~/.julia/packages/JLD2/phaon/src/JLD2.jl:164 [inlined]
 [3] #jldopen#23
   @ ~/.julia/packages/JLD2/phaon/src/JLD2.jl:286 [inlined]
 [4] jldopen(fname::String, mode::String)
   @ JLD2 ~/.julia/packages/JLD2/phaon/src/JLD2.jl:279
 [5] top-level scope
   @ /var/lib/condor/execute/dir_3666157/tests.jl:29
in expression starting at /var/lib/condor/execute/dir_3666157/tests.jl:29

caused by: EOFError: read end of file
Stacktrace:
  [1] read(s::IOStream, T::Type{UInt64})
    @ Base ./iostream.jl:415
  [2] _read
    @ ~/.julia/packages/JLD2/phaon/src/io/dataio.jl:16 [inlined]
  [3] jlread
    @ ~/.julia/packages/JLD2/phaon/src/io/dataio.jl:15 [inlined]
  [4] find_superblock(f::JLD2.JLDFile{IOStream})
    @ JLD2 ~/.julia/packages/JLD2/phaon/src/superblock.jl:96
  [5] initialize_fileobject!(f::JLD2.JLDFile{IOStream})
    @ JLD2 ~/.julia/packages/JLD2/phaon/src/JLD2.jl:243
  [6] jldopen(fname::String, wr::Bool, create::Bool, truncate::Bool, iotype::Type{JLD2.MmapIO}; fallback::Type{IOStream}, compress::Bool, mmaparrays::Bool, typemap::Dict{String, Any}, parallel_read::Bool, plain::Bool)
    @ JLD2 ~/.julia/packages/JLD2/phaon/src/JLD2.jl:227
  [7] jldopen
    @ ~/.julia/packages/JLD2/phaon/src/JLD2.jl:164 [inlined]
  [8] #jldopen#23
    @ ~/.julia/packages/JLD2/phaon/src/JLD2.jl:286 [inlined]
  [9] jldopen(fname::String, mode::String)
    @ JLD2 ~/.julia/packages/JLD2/phaon/src/JLD2.jl:279
 [10] top-level scope
    @ /var/lib/condor/execute/dir_3666157/tests.jl:29
