  Installing known registries into `~/.julia`
       Added `General` registry to ~/.julia/registries
    Updating registry at `~/.julia/registries/General.toml`
   Installed TaskLocalValues ───────────── v0.1.2
   Installed GPUArraysCore ─────────────── v0.2.0
   Installed IrrationalConstants ───────── v0.2.4
   Installed RealDot ───────────────────── v0.1.0
   Installed IRTools ───────────────────── v0.4.14
   Installed JLD2 ──────────────────────── v0.5.12
   Installed OhMyThreads ───────────────── v0.7.0
   Installed BlockTensorKit ────────────── v0.1.6
   Installed DiffRules ─────────────────── v1.15.1
   Installed TableTraits ───────────────── v1.0.1
   Installed Adapt ─────────────────────── v4.3.0
   Installed PtrArrays ─────────────────── v1.3.0
   Installed Preferences ───────────────── v1.4.3
   Installed IntegerMathUtils ──────────── v0.1.2
   Installed LRUCache ──────────────────── v1.6.2
   Installed Accessors ─────────────────── v0.1.42
   Installed LoggingExtras ─────────────── v1.0.3
   Installed DiffResults ───────────────── v1.1.0
   Installed OptimKit ──────────────────── v0.4.0
   Installed HashArrayMappedTries ──────── v0.2.0
   Installed WignerSymbols ─────────────── v2.0.0
   Installed Tables ────────────────────── v1.12.0
   Installed SpecialFunctions ──────────── v2.5.1
   Installed ChunkSplitters ────────────── v3.1.2
   Installed TensorKit ─────────────────── v0.14.5
   Installed RecipesBase ───────────────── v1.3.4
   Installed DataAPI ───────────────────── v1.16.0
   Installed Primes ────────────────────── v0.5.7
   Installed AbstractFFTs ──────────────── v1.5.0
   Installed StaticArrays ──────────────── v1.9.13
   Installed Zygote ────────────────────── v0.7.6
   Installed BlockArrays ───────────────── v1.6.1
   Installed MPSKit ────────────────────── v0.12.6
   Installed JLLWrappers ───────────────── v1.7.0
   Installed Richardson ────────────────── v1.4.2
   Installed StaticArraysCore ──────────── v1.4.3
   Installed FiniteDifferences ─────────── v0.12.32
   Installed IteratorInterfaceExtensions ─ v1.0.0
   Installed NaNMath ───────────────────── v1.1.3
   Installed StructArrays ──────────────── v0.7.1
   Installed ConstructionBase ──────────── v1.5.8
   Installed PrecompileTools ───────────── v1.2.1
   Installed DataValueInterfaces ───────── v1.0.0
   Installed RationalRoots ─────────────── v0.2.1
   Installed OrderedCollections ────────── v1.8.0
   Installed TensorKitSectors ──────────── v0.1.4
   Installed StableTasks ───────────────── v0.1.7
   Installed ScopedValues ──────────────── v1.3.0
   Installed TranscodingStreams ────────── v0.11.3
   Installed VectorInterface ───────────── v0.5.0
   Installed InitialValues ─────────────── v0.3.1
   Installed ChainRulesCore ────────────── v1.25.1
   Installed MPSKitModels ──────────────── v0.4.1
   Installed ForwardDiff ───────────────── v1.0.1
   Installed FileIO ────────────────────── v1.17.0
   Installed FillArrays ────────────────── v1.13.0
   Installed Statistics ────────────────── v1.11.1
   Installed ZygoteRules ───────────────── v0.2.7
   Installed CommonSubexpressions ──────── v0.3.1
   Installed LogExpFunctions ───────────── v0.3.29
   Installed Requires ──────────────────── v1.3.1
   Installed ChainRules ────────────────── v1.72.3
   Installed StridedViews ──────────────── v0.4.1
   Installed BangBang ──────────────────── v0.4.4
   Installed HalfIntegers ──────────────── v1.6.0
   Installed CompositionsBase ──────────── v0.1.2
   Installed PackageExtensionCompat ────── v1.0.2
   Installed TensorKitManifolds ────────── v0.7.2
   Installed Compat ────────────────────── v4.16.0
   Installed MacroTools ────────────────── v0.5.15
   Installed Strided ───────────────────── v2.3.0
   Installed OpenSpecFun_jll ───────────── v0.5.6+0
   Installed SparseInverseSubset ───────── v0.1.2
   Installed TupleTools ────────────────── v1.6.0
   Installed InverseFunctions ──────────── v0.1.17
   Installed DocStringExtensions ───────── v0.9.4
   Installed TensorOperations ──────────── v5.2.0
   Installed KrylovKit ─────────────────── v0.9.5
   Installed PEPSKit ───────────────────── v0.5.0
   Installed ArrayLayouts ──────────────── v1.11.1
    Updating `/var/lib/condor/execute/dir_801019/Project.toml`
  [d360d2e6] + ChainRulesCore v1.25.1
  [033835bb] + JLD2 v0.5.12
  [0b1a1467] + KrylovKit v0.9.5
  [bb1c41ca] + MPSKit v0.12.6
  [ca635005] + MPSKitModels v0.4.1
  [77e91f04] + OptimKit v0.4.0
  [52969e89] + PEPSKit v0.5.0
  [07d1fe3e] + TensorKit v0.14.5
  [409d34a3] + VectorInterface v0.5.0
  [e88e6eb3] + Zygote v0.7.6
  [37e2e46d] ~ LinearAlgebra ⇒ v1.11.0
    Updating `/var/lib/condor/execute/dir_801019/Manifest.toml`
  [621f4979] + AbstractFFTs v1.5.0
  [7d9f7c33] + Accessors v0.1.42
  [79e6a3ab] + Adapt v4.3.0
  [4c555306] + ArrayLayouts v1.11.1
  [198e06fe] + BangBang v0.4.4
  [8e7c35d0] + BlockArrays v1.6.1
  [5f87ffc2] + BlockTensorKit v0.1.6
  [082447d4] + ChainRules v1.72.3
  [d360d2e6] + ChainRulesCore v1.25.1
  [ae650224] + ChunkSplitters v3.1.2
  [bbf7d656] + CommonSubexpressions v0.3.1
  [34da2185] + Compat v4.16.0
  [a33af91c] + CompositionsBase v0.1.2
  [187b0558] + ConstructionBase v1.5.8
  [9a962f9c] + DataAPI v1.16.0
  [e2d170a0] + DataValueInterfaces v1.0.0
  [163ba53b] + DiffResults v1.1.0
  [b552c78f] + DiffRules v1.15.1
  [ffbed154] + DocStringExtensions v0.9.4
  [5789e2e9] + FileIO v1.17.0
  [1a297f60] + FillArrays v1.13.0
  [26cc04aa] + FiniteDifferences v0.12.32
  [f6369f11] + ForwardDiff v1.0.1
  [46192b85] + GPUArraysCore v0.2.0
  [f0d1745a] + HalfIntegers v1.6.0
  [076d061b] + HashArrayMappedTries v0.2.0
  [7869d1d1] + IRTools v0.4.14
  [22cec73e] + InitialValues v0.3.1
  [18e54dd8] + IntegerMathUtils v0.1.2
  [3587e190] + InverseFunctions v0.1.17
  [92d709cd] + IrrationalConstants v0.2.4
  [82899510] + IteratorInterfaceExtensions v1.0.0
  [033835bb] + JLD2 v0.5.12
  [692b3bcd] + JLLWrappers v1.7.0
  [0b1a1467] + KrylovKit v0.9.5
  [8ac3fa9e] + LRUCache v1.6.2
  [2ab3a3ac] + LogExpFunctions v0.3.29
⌅ [e6f89c97] + LoggingExtras v1.0.3
  [bb1c41ca] + MPSKit v0.12.6
  [ca635005] + MPSKitModels v0.4.1
  [1914dd2f] + MacroTools v0.5.15
  [77ba4419] + NaNMath v1.1.3
⌅ [67456a42] + OhMyThreads v0.7.0
  [77e91f04] + OptimKit v0.4.0
  [bac558e1] + OrderedCollections v1.8.0
  [52969e89] + PEPSKit v0.5.0
  [65ce6f38] + PackageExtensionCompat v1.0.2
⌅ [aea7be01] + PrecompileTools v1.2.1
  [21216c6a] + Preferences v1.4.3
  [27ebfcd6] + Primes v0.5.7
  [43287f4e] + PtrArrays v1.3.0
  [308eb6b3] + RationalRoots v0.2.1
  [c1ae055f] + RealDot v0.1.0
  [3cdcf5f2] + RecipesBase v1.3.4
  [ae029012] + Requires v1.3.1
  [708f8203] + Richardson v1.4.2
  [7e506255] + ScopedValues v1.3.0
  [dc90abb0] + SparseInverseSubset v0.1.2
  [276daf66] + SpecialFunctions v2.5.1
  [91464d47] + StableTasks v0.1.7
  [90137ffa] + StaticArrays v1.9.13
  [1e83bf80] + StaticArraysCore v1.4.3
  [10745b16] + Statistics v1.11.1
  [5e0ebb24] + Strided v2.3.0
  [4db3bf67] + StridedViews v0.4.1
  [09ab397b] + StructArrays v0.7.1
  [3783bdb8] + TableTraits v1.0.1
  [bd369af6] + Tables v1.12.0
  [ed4db957] + TaskLocalValues v0.1.2
  [07d1fe3e] + TensorKit v0.14.5
  [11fa318c] + TensorKitManifolds v0.7.2
  [13a9c161] + TensorKitSectors v0.1.4
  [6aa20fa7] + TensorOperations v5.2.0
  [3bb67fe8] + TranscodingStreams v0.11.3
  [9d95972d] + TupleTools v1.6.0
  [409d34a3] + VectorInterface v0.5.0
  [9f57e263] + WignerSymbols v2.0.0
  [e88e6eb3] + Zygote v0.7.6
  [700de1a5] + ZygoteRules v0.2.7
  [efe28fd5] + OpenSpecFun_jll v0.5.6+0
  [0dad84c5] + ArgTools v1.1.2
  [56f22d72] + Artifacts v1.11.0
  [2a0f44e3] + Base64 v1.11.0
  [ade2ca70] + Dates v1.11.0
  [8ba89e20] + Distributed v1.11.0
  [f43a241f] + Downloads v1.6.0
  [7b1f6079] + FileWatching v1.11.0
  [b77e0a4c] + InteractiveUtils v1.11.0
  [b27032c2] + LibCURL v0.6.4
  [76f85450] + LibGit2 v1.11.0
  [8f399da3] + Libdl v1.11.0
  [37e2e46d] + LinearAlgebra v1.11.0
  [56ddb016] + Logging v1.11.0
  [d6f4376e] + Markdown v1.11.0
  [a63ad114] + Mmap v1.11.0
  [ca575930] + NetworkOptions v1.2.0
  [44cfe95a] + Pkg v1.11.0
  [de0858da] + Printf v1.11.0
  [9a3f8284] + Random v1.11.0
  [ea8e919c] + SHA v0.7.0
  [9e88b42a] + Serialization v1.11.0
  [6462fe0b] + Sockets v1.11.0
  [2f01184e] + SparseArrays v1.11.0
  [4607b0f0] + SuiteSparse
  [fa267f1f] + TOML v1.0.3
  [a4e569a6] + Tar v1.10.0
  [cf7118a7] + UUIDs v1.11.0
  [4ec0a83e] + Unicode v1.11.0
  [e66e0078] + CompilerSupportLibraries_jll v1.1.1+0
  [deac9b47] + LibCURL_jll v8.6.0+0
  [e37daf67] + LibGit2_jll v1.7.2+0
  [29816b5a] + LibSSH2_jll v1.11.0+1
  [c8ffd9c3] + MbedTLS_jll v2.28.6+0
  [14a3606d] + MozillaCACerts_jll v2023.12.12
  [4536629a] + OpenBLAS_jll v0.3.27+1
  [05823500] + OpenLibm_jll v0.8.1+2
  [bea87d4a] + SuiteSparse_jll v7.7.0+0
  [83775a58] + Zlib_jll v1.2.13+1
  [8e850b90] + libblastrampoline_jll v5.11.0+0
  [8e850ede] + nghttp2_jll v1.59.0+0
  [3f19e933] + p7zip_jll v17.4.0+2
        Info Packages marked with ⌅ have new versions available but compatibility constraints restrict them from upgrading. To see why use `status --outdated -m`
Precompiling project...
    536.1 ms  ✓ DataValueInterfaces
    602.7 ms  ✓ TaskLocalValues
    558.1 ms  ✓ IntegerMathUtils
    562.9 ms  ✓ RealDot
    607.5 ms  ✓ Richardson
    697.0 ms  ✓ HalfIntegers
    683.8 ms  ✓ InverseFunctions
    706.6 ms  ✓ StableTasks
    705.1 ms  ✓ LRUCache
    780.1 ms  ✓ VectorInterface
    800.2 ms  ✓ Statistics
    803.6 ms  ✓ DocStringExtensions
    835.0 ms  ✓ OrderedCollections
   1034.9 ms  ✓ AbstractFFTs
    530.5 ms  ✓ IteratorInterfaceExtensions
    518.2 ms  ✓ PackageExtensionCompat
    572.4 ms  ✓ DataAPI
    682.9 ms  ✓ ConstructionBase
    519.1 ms  ✓ PtrArrays
    559.0 ms  ✓ CompositionsBase
    675.3 ms  ✓ ChunkSplitters
   1406.8 ms  ✓ FillArrays
    610.3 ms  ✓ StaticArraysCore
    672.9 ms  ✓ TupleTools
    584.5 ms  ✓ HashArrayMappedTries
    603.5 ms  ✓ RationalRoots
   1630.9 ms  ✓ IrrationalConstants
    708.0 ms  ✓ NaNMath
   1076.2 ms  ✓ Statistics → SparseArraysExt
    823.2 ms  ✓ Requires
    796.1 ms  ✓ LoggingExtras
   1280.2 ms  ✓ InitialValues
    606.4 ms  ✓ LRUCache → SerializationExt
    804.4 ms  ✓ SuiteSparse
    647.4 ms  ✓ InverseFunctions → InverseFunctionsDatesExt
    842.2 ms  ✓ Compat
    575.0 ms  ✓ TableTraits
   1008.7 ms  ✓ Preferences
    892.6 ms  ✓ Primes
    806.4 ms  ✓ TranscodingStreams
    677.8 ms  ✓ StridedViews
    608.2 ms  ✓ ConstructionBase → ConstructionBaseLinearAlgebraExt
    611.8 ms  ✓ CompositionsBase → CompositionsBaseInverseFunctionsExt
    642.8 ms  ✓ FillArrays → FillArraysStatisticsExt
    547.6 ms  ✓ ScopedValues
    632.1 ms  ✓ DiffResults
    687.1 ms  ✓ Adapt
    601.0 ms  ✓ Compat → CompatLinearAlgebraExt
    899.7 ms  ✓ FillArrays → FillArraysSparseArraysExt
    906.0 ms  ✓ LogExpFunctions
    661.5 ms  ✓ PrecompileTools
    822.3 ms  ✓ SparseInverseSubset
    554.1 ms  ✓ StridedViews → StridedViewsPtrArraysExt
    737.1 ms  ✓ JLLWrappers
   1172.5 ms  ✓ Tables
    933.9 ms  ✓ Strided
    577.4 ms  ✓ LogExpFunctions → LogExpFunctionsInverseFunctionsExt
    810.9 ms  ✓ Adapt → AdaptSparseArraysExt
    695.0 ms  ✓ GPUArraysCore
   3119.7 ms  ✓ MacroTools
   2108.3 ms  ✓ KrylovKit
    817.0 ms  ✓ OpenSpecFun_jll
    708.3 ms  ✓ CommonSubexpressions
   1811.3 ms  ✓ OptimKit
   1114.4 ms  ✓ StructArrays
   1751.2 ms  ✓ ChainRulesCore
    651.6 ms  ✓ StructArrays → StructArraysAdaptExt
    650.5 ms  ✓ StructArrays → StructArraysLinearAlgebraExt
   2190.5 ms  ✓ RecipesBase
    687.6 ms  ✓ AbstractFFTs → AbstractFFTsChainRulesCoreExt
    892.2 ms  ✓ StructArrays → StructArraysSparseArraysExt
    873.2 ms  ✓ ChainRulesCore → ChainRulesCoreSparseArraysExt
   3234.4 ms  ✓ WignerSymbols
   1103.3 ms  ✓ ZygoteRules
    882.8 ms  ✓ KrylovKit → KrylovKitChainRulesCoreExt
   2758.3 ms  ✓ IRTools
   2816.6 ms  ✓ Accessors
   1988.1 ms  ✓ LogExpFunctions → LogExpFunctionsChainRulesCoreExt
    717.5 ms  ✓ Accessors → StructArraysExt
    760.4 ms  ✓ Accessors → LinearAlgebraExt
   5457.5 ms  ✓ FileIO
   3974.7 ms  ✓ SpecialFunctions
   1123.5 ms  ✓ BangBang
    917.5 ms  ✓ DiffRules
    771.4 ms  ✓ BangBang → BangBangStructArraysExt
    772.2 ms  ✓ BangBang → BangBangTablesExt
    792.7 ms  ✓ BangBang → BangBangChainRulesCoreExt
   1372.6 ms  ✓ OhMyThreads
   2651.5 ms  ✓ SpecialFunctions → SpecialFunctionsChainRulesCoreExt
   9473.3 ms  ✓ StaticArrays
   7652.0 ms  ✓ ChainRules
    910.4 ms  ✓ Adapt → AdaptStaticArraysExt
    929.2 ms  ✓ ConstructionBase → ConstructionBaseStaticArraysExt
    930.5 ms  ✓ StaticArrays → StaticArraysStatisticsExt
    962.2 ms  ✓ StaticArrays → StaticArraysChainRulesCoreExt
   1016.6 ms  ✓ StructArrays → StructArraysStaticArraysExt
   1055.7 ms  ✓ Accessors → StaticArraysExt
   1055.3 ms  ✓ BangBang → BangBangStaticArraysExt
   4756.7 ms  ✓ ForwardDiff
   1194.4 ms  ✓ ForwardDiff → ForwardDiffStaticArraysExt
   1549.4 ms  ✓ FiniteDifferences
  17364.5 ms  ✓ ArrayLayouts
   1004.0 ms  ✓ ArrayLayouts → ArrayLayoutsSparseArraysExt
   2196.5 ms  ✓ BlockArrays
    989.6 ms  ✓ BlockArrays → BlockArraysAdaptExt
  39191.1 ms  ✓ JLD2
  36838.3 ms  ✓ Zygote
 157886.7 ms  ✓ TensorOperations
   1718.7 ms  ✓ TensorOperations → TensorOperationsChainRulesCoreExt
   8521.2 ms  ✓ TensorKitSectors
  10231.0 ms  ✓ TensorKit
   2403.3 ms  ✓ TensorKitManifolds
   2434.2 ms  ✓ TensorKit → TensorKitFiniteDifferencesExt
   2655.2 ms  ✓ TensorKit → TensorKitChainRulesCoreExt
   3343.4 ms  ✓ BlockTensorKit
  19619.7 ms  ✓ MPSKit
  17269.1 ms  ✓ MPSKitModels
  20255.8 ms  ✓ PEPSKit
  118 dependencies successfully precompiled in 241 seconds. 31 already precompiled.
[ Info: CTMRG init:	obj = +7.228536549722e+00	err = 1.0000e+00
[ Info: CTMRG conv 4:	obj = +7.228536549722e+00	err = 6.5035242666e-10	time = 2.18 min
┌ Warning: `svd` cotangents sensitive to gauge choice: (|Δgauge| = 0.43630239653881003)
└ @ TensorKitChainRulesCoreExt ~/.julia/packages/TensorKit/esxcj/ext/TensorKitChainRulesCoreExt/factorizations.jl:254
┌ Warning: `svd` cotangents sensitive to gauge choice: (|Δgauge| = 6.003185503312494e-6)
└ @ TensorKitChainRulesCoreExt ~/.julia/packages/TensorKit/esxcj/ext/TensorKitChainRulesCoreExt/factorizations.jl:254
┌ Warning: `svd` cotangents sensitive to gauge choice: (|Δgauge| = 0.43629639299636835)
└ @ TensorKitChainRulesCoreExt ~/.julia/packages/TensorKit/esxcj/ext/TensorKitChainRulesCoreExt/factorizations.jl:254
[ Info: LBFGS: initializing with f = -2.061822612287, ‖∇f‖ = 9.8338e-04
[ Info: CTMRG init:	obj = +7.227545157165e+00	err = 1.0000e+00
[ Info: CTMRG conv 29:	obj = +7.227546099474e+00	err = 5.9971090339e-10	time = 15.42 sec
┌ Warning: `svd` cotangents sensitive to gauge choice: (|Δgauge| = 0.43612862035659755)
└ @ TensorKitChainRulesCoreExt ~/.julia/packages/TensorKit/esxcj/ext/TensorKitChainRulesCoreExt/factorizations.jl:254
┌ Warning: `svd` cotangents sensitive to gauge choice: (|Δgauge| = 0.436128620170283)
└ @ TensorKitChainRulesCoreExt ~/.julia/packages/TensorKit/esxcj/ext/TensorKitChainRulesCoreExt/factorizations.jl:254
[ Info: CTMRG init:	obj = +7.228003209140e+00	err = 1.0000e+00
┌ Warning: CTMRG cancel 100:	obj = +7.228003484635e+00	err = 3.5923507731e-09	time = 49.58 sec
└ @ PEPSKit ~/.julia/packages/PEPSKit/P7ER3/src/algorithms/ctmrg/ctmrg.jl:129
┌ Warning: `svd` cotangents sensitive to gauge choice: (|Δgauge| = 0.4362083296200533)
└ @ TensorKitChainRulesCoreExt ~/.julia/packages/TensorKit/esxcj/ext/TensorKitChainRulesCoreExt/factorizations.jl:254
┌ Warning: `svd` cotangents sensitive to gauge choice: (|Δgauge| = 0.43620832976296886)
└ @ TensorKitChainRulesCoreExt ~/.julia/packages/TensorKit/esxcj/ext/TensorKitChainRulesCoreExt/factorizations.jl:254
[ Info: LBFGS: iter    1, time 1819.43 s: f = -2.061825274459, ‖∇f‖ = 1.3889e-03, α = 5.41e-01, m = 0, nfg = 2
[ Info: CTMRG init:	obj = +7.227840236851e+00	err = 1.0000e+00
[ Info: CTMRG conv 48:	obj = +7.227840488442e+00	err = 8.3931540041e-10	time = 25.68 sec
┌ Warning: `svd` cotangents sensitive to gauge choice: (|Δgauge| = 0.43596952360099667)
└ @ TensorKitChainRulesCoreExt ~/.julia/packages/TensorKit/esxcj/ext/TensorKitChainRulesCoreExt/factorizations.jl:254
┌ Warning: `svd` cotangents sensitive to gauge choice: (|Δgauge| = 0.4359695234098282)
└ @ TensorKitChainRulesCoreExt ~/.julia/packages/TensorKit/esxcj/ext/TensorKitChainRulesCoreExt/factorizations.jl:254
[ Info: LBFGS: iter    2, time 1861.87 s: f = -2.061828394719, ‖∇f‖ = 1.1031e-03, α = 1.00e+00, m = 1, nfg = 1
[ Info: CTMRG init:	obj = +7.226568327149e+00	err = 1.0000e+00
┌ Warning: CTMRG cancel 100:	obj = +7.226573433510e+00	err = 4.7739240151e-09	time = 55.00 sec
└ @ PEPSKit ~/.julia/packages/PEPSKit/P7ER3/src/algorithms/ctmrg/ctmrg.jl:129
┌ Warning: `svd` cotangents sensitive to gauge choice: (|Δgauge| = 0.43555575631805266)
└ @ TensorKitChainRulesCoreExt ~/.julia/packages/TensorKit/esxcj/ext/TensorKitChainRulesCoreExt/factorizations.jl:254
┌ Warning: `svd` cotangents sensitive to gauge choice: (|Δgauge| = 0.4355557565609792)
└ @ TensorKitChainRulesCoreExt ~/.julia/packages/TensorKit/esxcj/ext/TensorKitChainRulesCoreExt/factorizations.jl:254
[ Info: LBFGS: iter    3, time 1942.28 s: f = -2.061837723962, ‖∇f‖ = 6.8459e-04, α = 1.00e+00, m = 2, nfg = 1
[ Info: CTMRG init:	obj = +7.224359256024e+00	err = 1.0000e+00
[ Info: CTMRG conv 39:	obj = +7.224365533297e+00	err = 6.9496907092e-10	time = 22.37 sec
┌ Warning: `svd` cotangents sensitive to gauge choice: (|Δgauge| = 0.4364592995304296)
└ @ TensorKitChainRulesCoreExt ~/.julia/packages/TensorKit/esxcj/ext/TensorKitChainRulesCoreExt/factorizations.jl:254
┌ Warning: `svd` cotangents sensitive to gauge choice: (|Δgauge| = 0.4364592995686123)
└ @ TensorKitChainRulesCoreExt ~/.julia/packages/TensorKit/esxcj/ext/TensorKitChainRulesCoreExt/factorizations.jl:254
[ Info: LBFGS: iter    4, time 1978.13 s: f = -2.061838998171, ‖∇f‖ = 1.0769e-03, α = 1.00e+00, m = 3, nfg = 1
[ Info: CTMRG init:	obj = +7.225260521608e+00	err = 1.0000e+00
[ Info: CTMRG conv 53:	obj = +7.225262902252e+00	err = 8.4193487774e-10	time = 35.09 sec
┌ Warning: `svd` cotangents sensitive to gauge choice: (|Δgauge| = 0.4360499886115131)
└ @ TensorKitChainRulesCoreExt ~/.julia/packages/TensorKit/esxcj/ext/TensorKitChainRulesCoreExt/factorizations.jl:254
┌ Warning: `svd` cotangents sensitive to gauge choice: (|Δgauge| = 0.4360499887423196)
└ @ TensorKitChainRulesCoreExt ~/.julia/packages/TensorKit/esxcj/ext/TensorKitChainRulesCoreExt/factorizations.jl:254
[ Info: LBFGS: iter    5, time 2029.26 s: f = -2.061840143995, ‖∇f‖ = 4.9991e-04, α = 1.00e+00, m = 4, nfg = 1
[ Info: CTMRG init:	obj = +7.225396468629e+00	err = 1.0000e+00
┌ Warning: CTMRG cancel 100:	obj = +7.225396497010e+00	err = 4.6804191640e-09	time = 1.14 min
└ @ PEPSKit ~/.julia/packages/PEPSKit/P7ER3/src/algorithms/ctmrg/ctmrg.jl:129
┌ Warning: `svd` cotangents sensitive to gauge choice: (|Δgauge| = 0.43610272520441373)
└ @ TensorKitChainRulesCoreExt ~/.julia/packages/TensorKit/esxcj/ext/TensorKitChainRulesCoreExt/factorizations.jl:254
┌ Warning: `svd` cotangents sensitive to gauge choice: (|Δgauge| = 0.43610272531770417)
└ @ TensorKitChainRulesCoreExt ~/.julia/packages/TensorKit/esxcj/ext/TensorKitChainRulesCoreExt/factorizations.jl:254
[ Info: LBFGS: iter    6, time 2122.64 s: f = -2.061840536484, ‖∇f‖ = 3.8500e-04, α = 1.00e+00, m = 5, nfg = 1
[ Info: CTMRG init:	obj = +7.225711971428e+00	err = 1.0000e+00
[ Info: CTMRG conv 22:	obj = +7.225712285385e+00	err = 7.7598947520e-10	time = 14.96 sec
┌ Warning: `svd` cotangents sensitive to gauge choice: (|Δgauge| = 0.4362700900953679)
└ @ TensorKitChainRulesCoreExt ~/.julia/packages/TensorKit/esxcj/ext/TensorKitChainRulesCoreExt/factorizations.jl:254
┌ Warning: `svd` cotangents sensitive to gauge choice: (|Δgauge| = 0.43627009004448697)
└ @ TensorKitChainRulesCoreExt ~/.julia/packages/TensorKit/esxcj/ext/TensorKitChainRulesCoreExt/factorizations.jl:254
[ Info: LBFGS: iter    7, time 2146.58 s: f = -2.061842153197, ‖∇f‖ = 3.8408e-04, α = 1.00e+00, m = 6, nfg = 1
[ Info: CTMRG init:	obj = +7.226372123125e+00	err = 1.0000e+00
┌ Warning: CTMRG cancel 100:	obj = +7.226372997931e+00	err = 2.7347192977e-09	time = 1.22 min
└ @ PEPSKit ~/.julia/packages/PEPSKit/P7ER3/src/algorithms/ctmrg/ctmrg.jl:129
┌ Warning: `svd` cotangents sensitive to gauge choice: (|Δgauge| = 0.4365004290975473)
└ @ TensorKitChainRulesCoreExt ~/.julia/packages/TensorKit/esxcj/ext/TensorKitChainRulesCoreExt/factorizations.jl:254
┌ Warning: `svd` cotangents sensitive to gauge choice: (|Δgauge| = 0.43650042895927654)
└ @ TensorKitChainRulesCoreExt ~/.julia/packages/TensorKit/esxcj/ext/TensorKitChainRulesCoreExt/factorizations.jl:254
[ Info: LBFGS: iter    8, time 2246.74 s: f = -2.061844846759, ‖∇f‖ = 6.3139e-04, α = 1.00e+00, m = 7, nfg = 1
[ Info: CTMRG init:	obj = +7.228182184270e+00	err = 1.0000e+00
┌ Warning: CTMRG cancel 100:	obj = +7.228183565408e+00	err = 4.4742341514e-09	time = 1.38 min
└ @ PEPSKit ~/.julia/packages/PEPSKit/P7ER3/src/algorithms/ctmrg/ctmrg.jl:129
┌ Warning: `svd` cotangents sensitive to gauge choice: (|Δgauge| = 0.43660008419148777)
└ @ TensorKitChainRulesCoreExt ~/.julia/packages/TensorKit/esxcj/ext/TensorKitChainRulesCoreExt/factorizations.jl:254
┌ Warning: `svd` cotangents sensitive to gauge choice: (|Δgauge| = 0.4366000841191663)
└ @ TensorKitChainRulesCoreExt ~/.julia/packages/TensorKit/esxcj/ext/TensorKitChainRulesCoreExt/factorizations.jl:254
[ Info: LBFGS: iter    9, time 2354.74 s: f = -2.061847463267, ‖∇f‖ = 6.9837e-04, α = 1.00e+00, m = 8, nfg = 1
[ Info: CTMRG init:	obj = +7.232976017004e+00	err = 1.0000e+00
[ Info: CTMRG conv 54:	obj = +7.232980927616e+00	err = 5.5527003068e-10	time = 47.83 sec
┌ Warning: `svd` cotangents sensitive to gauge choice: (|Δgauge| = 0.43701157675480373)
└ @ TensorKitChainRulesCoreExt ~/.julia/packages/TensorKit/esxcj/ext/TensorKitChainRulesCoreExt/factorizations.jl:254
┌ Warning: `svd` cotangents sensitive to gauge choice: (|Δgauge| = 0.4370115768860613)
└ @ TensorKitChainRulesCoreExt ~/.julia/packages/TensorKit/esxcj/ext/TensorKitChainRulesCoreExt/factorizations.jl:254
[ Info: LBFGS: iter   10, time 2419.37 s: f = -2.061848685766, ‖∇f‖ = 1.0434e-03, α = 1.00e+00, m = 8, nfg = 1
[ Info: CTMRG init:	obj = +7.233923631869e+00	err = 1.0000e+00
[ Info: CTMRG conv 31:	obj = +7.233924137399e+00	err = 5.4120707273e-10	time = 27.48 sec
┌ Warning: `svd` cotangents sensitive to gauge choice: (|Δgauge| = 0.43684910194268695)
└ @ TensorKitChainRulesCoreExt ~/.julia/packages/TensorKit/esxcj/ext/TensorKitChainRulesCoreExt/factorizations.jl:254
┌ Warning: `svd` cotangents sensitive to gauge choice: (|Δgauge| = 0.4368491023224695)
└ @ TensorKitChainRulesCoreExt ~/.julia/packages/TensorKit/esxcj/ext/TensorKitChainRulesCoreExt/factorizations.jl:254
[ Info: LBFGS: iter   11, time 2458.20 s: f = -2.061851105770, ‖∇f‖ = 4.4001e-04, α = 1.00e+00, m = 8, nfg = 1
[ Info: CTMRG init:	obj = +7.237597769443e+00	err = 1.0000e+00
[ Info: CTMRG conv 16:	obj = +7.237598200524e+00	err = 9.1461151825e-10	time = 14.62 sec
┌ Warning: `svd` cotangents sensitive to gauge choice: (|Δgauge| = 0.43675286042953365)
└ @ TensorKitChainRulesCoreExt ~/.julia/packages/TensorKit/esxcj/ext/TensorKitChainRulesCoreExt/factorizations.jl:254
┌ Warning: `svd` cotangents sensitive to gauge choice: (|Δgauge| = 0.4367528606577781)
└ @ TensorKitChainRulesCoreExt ~/.julia/packages/TensorKit/esxcj/ext/TensorKitChainRulesCoreExt/factorizations.jl:254
[ Info: LBFGS: iter   12, time 2480.89 s: f = -2.061853248986, ‖∇f‖ = 6.4025e-04, α = 1.00e+00, m = 8, nfg = 1
[ Info: CTMRG init:	obj = +7.247706937995e+00	err = 1.0000e+00
[ Info: CTMRG conv 42:	obj = +7.247708823909e+00	err = 8.7296439327e-10	time = 39.25 sec
┌ Warning: `svd` cotangents sensitive to gauge choice: (|Δgauge| = 0.43683160154142264)
└ @ TensorKitChainRulesCoreExt ~/.julia/packages/TensorKit/esxcj/ext/TensorKitChainRulesCoreExt/factorizations.jl:254
┌ Warning: `svd` cotangents sensitive to gauge choice: (|Δgauge| = 0.43683160161315304)
└ @ TensorKitChainRulesCoreExt ~/.julia/packages/TensorKit/esxcj/ext/TensorKitChainRulesCoreExt/factorizations.jl:254
[ Info: LBFGS: iter   13, time 2533.62 s: f = -2.061857150592, ‖∇f‖ = 1.1528e-03, α = 1.00e+00, m = 8, nfg = 1
[ Info: CTMRG init:	obj = +7.270479355071e+00	err = 1.0000e+00
[ Info: CTMRG conv 14:	obj = +7.270488250310e+00	err = 8.9105037934e-10	time = 14.04 sec
┌ Warning: `svd` cotangents sensitive to gauge choice: (|Δgauge| = 0.4372416782150244)
└ @ TensorKitChainRulesCoreExt ~/.julia/packages/TensorKit/esxcj/ext/TensorKitChainRulesCoreExt/factorizations.jl:254
┌ Warning: `svd` cotangents sensitive to gauge choice: (|Δgauge| = 0.43724167811833037)
└ @ TensorKitChainRulesCoreExt ~/.julia/packages/TensorKit/esxcj/ext/TensorKitChainRulesCoreExt/factorizations.jl:254
[ Info: LBFGS: iter   14, time 2554.93 s: f = -2.061863923276, ‖∇f‖ = 1.8573e-03, α = 1.00e+00, m = 8, nfg = 1
[ Info: CTMRG init:	obj = +7.310351183742e+00	err = 1.0000e+00
┌ Warning: CTMRG cancel 100:	obj = +7.310383082547e+00	err = 5.9468994517e-09	time = 1.67 min
└ @ PEPSKit ~/.julia/packages/PEPSKit/P7ER3/src/algorithms/ctmrg/ctmrg.jl:129
┌ Warning: `svd` cotangents sensitive to gauge choice: (|Δgauge| = 0.43836982100991073)
└ @ TensorKitChainRulesCoreExt ~/.julia/packages/TensorKit/esxcj/ext/TensorKitChainRulesCoreExt/factorizations.jl:254
┌ Warning: `svd` cotangents sensitive to gauge choice: (|Δgauge| = 0.43836982119939266)
└ @ TensorKitChainRulesCoreExt ~/.julia/packages/TensorKit/esxcj/ext/TensorKitChainRulesCoreExt/factorizations.jl:254
[ Info: LBFGS: iter   15, time 2684.82 s: f = -2.061869515484, ‖∇f‖ = 2.5426e-03, α = 1.00e+00, m = 8, nfg = 1
[ Info: CTMRG init:	obj = +7.316591016081e+00	err = 1.0000e+00
┌ Warning: CTMRG cancel 100:	obj = +7.316593102855e+00	err = 3.9965736062e-09	time = 1.79 min
└ @ PEPSKit ~/.julia/packages/PEPSKit/P7ER3/src/algorithms/ctmrg/ctmrg.jl:129
┌ Warning: `svd` cotangents sensitive to gauge choice: (|Δgauge| = 0.4387623016253541)
└ @ TensorKitChainRulesCoreExt ~/.julia/packages/TensorKit/esxcj/ext/TensorKitChainRulesCoreExt/factorizations.jl:254
┌ Warning: `svd` cotangents sensitive to gauge choice: (|Δgauge| = 0.43876230185189363)
└ @ TensorKitChainRulesCoreExt ~/.julia/packages/TensorKit/esxcj/ext/TensorKitChainRulesCoreExt/factorizations.jl:254
[ Info: LBFGS: iter   16, time 2818.37 s: f = -2.061877523183, ‖∇f‖ = 1.0725e-03, α = 1.00e+00, m = 8, nfg = 1
[ Info: CTMRG init:	obj = +7.323249587750e+00	err = 1.0000e+00
┌ Warning: CTMRG cancel 100:	obj = +7.323253008261e+00	err = 5.4999338850e-09	time = 1.86 min
└ @ PEPSKit ~/.julia/packages/PEPSKit/P7ER3/src/algorithms/ctmrg/ctmrg.jl:129
┌ Warning: `svd` cotangents sensitive to gauge choice: (|Δgauge| = 0.43913095665946256)
└ @ TensorKitChainRulesCoreExt ~/.julia/packages/TensorKit/esxcj/ext/TensorKitChainRulesCoreExt/factorizations.jl:254
┌ Warning: `svd` cotangents sensitive to gauge choice: (|Δgauge| = 0.4391309562161219)
└ @ TensorKitChainRulesCoreExt ~/.julia/packages/TensorKit/esxcj/ext/TensorKitChainRulesCoreExt/factorizations.jl:254
[ Info: LBFGS: iter   17, time 2955.37 s: f = -2.061881796645, ‖∇f‖ = 7.6247e-04, α = 1.00e+00, m = 8, nfg = 1
[ Info: CTMRG init:	obj = +7.328173623882e+00	err = 1.0000e+00
[ Info: CTMRG conv 72:	obj = +7.328175113703e+00	err = 9.2603820832e-10	time = 1.40 min
┌ Warning: `svd` cotangents sensitive to gauge choice: (|Δgauge| = 0.4393287045846113)
└ @ TensorKitChainRulesCoreExt ~/.julia/packages/TensorKit/esxcj/ext/TensorKitChainRulesCoreExt/factorizations.jl:254
┌ Warning: `svd` cotangents sensitive to gauge choice: (|Δgauge| = 0.43932870486983744)
└ @ TensorKitChainRulesCoreExt ~/.julia/packages/TensorKit/esxcj/ext/TensorKitChainRulesCoreExt/factorizations.jl:254
[ Info: LBFGS: iter   18, time 3059.78 s: f = -2.061884085885, ‖∇f‖ = 8.2913e-04, α = 1.00e+00, m = 8, nfg = 1
[ Info: CTMRG init:	obj = +7.336110420542e+00	err = 1.0000e+00
[ Info: CTMRG conv 43:	obj = +7.336114943290e+00	err = 8.6222055660e-10	time = 51.83 sec
┌ Warning: `svd` cotangents sensitive to gauge choice: (|Δgauge| = 0.43961504535654533)
└ @ TensorKitChainRulesCoreExt ~/.julia/packages/TensorKit/esxcj/ext/TensorKitChainRulesCoreExt/factorizations.jl:254
┌ Warning: `svd` cotangents sensitive to gauge choice: (|Δgauge| = 0.4396150456362582)
└ @ TensorKitChainRulesCoreExt ~/.julia/packages/TensorKit/esxcj/ext/TensorKitChainRulesCoreExt/factorizations.jl:254
[ Info: LBFGS: iter   19, time 3124.66 s: f = -2.061888188315, ‖∇f‖ = 9.6896e-04, α = 1.00e+00, m = 8, nfg = 1
[ Info: CTMRG init:	obj = +7.347990282844e+00	err = 1.0000e+00
[ Info: CTMRG conv 49:	obj = +7.348006073316e+00	err = 8.7596158660e-10	time = 1.02 min
┌ Warning: `svd` cotangents sensitive to gauge choice: (|Δgauge| = 0.4393077643981631)
└ @ TensorKitChainRulesCoreExt ~/.julia/packages/TensorKit/esxcj/ext/TensorKitChainRulesCoreExt/factorizations.jl:254
┌ Warning: `svd` cotangents sensitive to gauge choice: (|Δgauge| = 0.4393077650779311)
└ @ TensorKitChainRulesCoreExt ~/.julia/packages/TensorKit/esxcj/ext/TensorKitChainRulesCoreExt/factorizations.jl:254
[ Info: LBFGS: iter   20, time 3199.93 s: f = -2.061893724844, ‖∇f‖ = 1.3778e-03, α = 1.00e+00, m = 8, nfg = 1
[ Info: CTMRG init:	obj = +7.354872942293e+00	err = 1.0000e+00
[ Info: CTMRG conv 36:	obj = +7.354894364295e+00	err = 9.3195757471e-10	time = 45.56 sec
┌ Warning: `svd` cotangents sensitive to gauge choice: (|Δgauge| = 0.4400160614550027)
└ @ TensorKitChainRulesCoreExt ~/.julia/packages/TensorKit/esxcj/ext/TensorKitChainRulesCoreExt/factorizations.jl:254
┌ Warning: `svd` cotangents sensitive to gauge choice: (|Δgauge| = 0.4400160617794939)
└ @ TensorKitChainRulesCoreExt ~/.julia/packages/TensorKit/esxcj/ext/TensorKitChainRulesCoreExt/factorizations.jl:254
[ Info: LBFGS: iter   21, time 3256.84 s: f = -2.061899453553, ‖∇f‖ = 1.2387e-03, α = 1.00e+00, m = 8, nfg = 1
[ Info: CTMRG init:	obj = +7.355959193325e+00	err = 1.0000e+00
┌ Warning: CTMRG cancel 100:	obj = +7.355961240625e+00	err = 2.0433073348e-09	time = 2.16 min
└ @ PEPSKit ~/.julia/packages/PEPSKit/P7ER3/src/algorithms/ctmrg/ctmrg.jl:129
┌ Warning: `svd` cotangents sensitive to gauge choice: (|Δgauge| = 0.43957058276989186)
└ @ TensorKitChainRulesCoreExt ~/.julia/packages/TensorKit/esxcj/ext/TensorKitChainRulesCoreExt/factorizations.jl:254
┌ Warning: `svd` cotangents sensitive to gauge choice: (|Δgauge| = 0.4395705832162665)
└ @ TensorKitChainRulesCoreExt ~/.julia/packages/TensorKit/esxcj/ext/TensorKitChainRulesCoreExt/factorizations.jl:254
[ Info: LBFGS: iter   22, time 3410.90 s: f = -2.061904243303, ‖∇f‖ = 8.7721e-04, α = 1.00e+00, m = 8, nfg = 1
[ Info: CTMRG init:	obj = +7.354565705195e+00	err = 1.0000e+00
[ Info: CTMRG conv 93:	obj = +7.354569497635e+00	err = 7.9758288457e-10	time = 2.18 min
┌ Warning: `svd` cotangents sensitive to gauge choice: (|Δgauge| = 0.43902418092917317)
└ @ TensorKitChainRulesCoreExt ~/.julia/packages/TensorKit/esxcj/ext/TensorKitChainRulesCoreExt/factorizations.jl:254
┌ Warning: `svd` cotangents sensitive to gauge choice: (|Δgauge| = 0.4390241814005734)
└ @ TensorKitChainRulesCoreExt ~/.julia/packages/TensorKit/esxcj/ext/TensorKitChainRulesCoreExt/factorizations.jl:254
[ Info: LBFGS: iter   23, time 3565.85 s: f = -2.061908483646, ‖∇f‖ = 7.3582e-04, α = 1.00e+00, m = 8, nfg = 1
[ Info: CTMRG init:	obj = +7.356194095315e+00	err = 1.0000e+00
[ Info: CTMRG conv 52:	obj = +7.356197502034e+00	err = 9.9201085404e-10	time = 1.23 min
┌ Warning: `svd` cotangents sensitive to gauge choice: (|Δgauge| = 0.4387507133911832)
└ @ TensorKitChainRulesCoreExt ~/.julia/packages/TensorKit/esxcj/ext/TensorKitChainRulesCoreExt/factorizations.jl:254
┌ Warning: `svd` cotangents sensitive to gauge choice: (|Δgauge| = 0.43875071328227344)
└ @ TensorKitChainRulesCoreExt ~/.julia/packages/TensorKit/esxcj/ext/TensorKitChainRulesCoreExt/factorizations.jl:254
[ Info: LBFGS: iter   24, time 3655.53 s: f = -2.061909841002, ‖∇f‖ = 7.9509e-04, α = 1.00e+00, m = 8, nfg = 1
[ Info: CTMRG init:	obj = +7.355998784773e+00	err = 1.0000e+00
[ Info: CTMRG conv 97:	obj = +7.355998954073e+00	err = 9.0958864180e-10	time = 2.47 min
┌ Warning: `svd` cotangents sensitive to gauge choice: (|Δgauge| = 0.43885854208678543)
└ @ TensorKitChainRulesCoreExt ~/.julia/packages/TensorKit/esxcj/ext/TensorKitChainRulesCoreExt/factorizations.jl:254
┌ Warning: `svd` cotangents sensitive to gauge choice: (|Δgauge| = 0.43885854195421625)
└ @ TensorKitChainRulesCoreExt ~/.julia/packages/TensorKit/esxcj/ext/TensorKitChainRulesCoreExt/factorizations.jl:254
[ Info: LBFGS: iter   25, time 3829.43 s: f = -2.061910930873, ‖∇f‖ = 4.7589e-04, α = 1.00e+00, m = 8, nfg = 1
[ Info: CTMRG init:	obj = +7.355501074695e+00	err = 1.0000e+00
[ Info: CTMRG conv 19:	obj = +7.355502120418e+00	err = 8.6126197878e-10	time = 29.69 sec
┌ Warning: `svd` cotangents sensitive to gauge choice: (|Δgauge| = 0.43903716751875144)
└ @ TensorKitChainRulesCoreExt ~/.julia/packages/TensorKit/esxcj/ext/TensorKitChainRulesCoreExt/factorizations.jl:254
┌ Warning: `svd` cotangents sensitive to gauge choice: (|Δgauge| = 0.43903716753231875)
└ @ TensorKitChainRulesCoreExt ~/.julia/packages/TensorKit/esxcj/ext/TensorKitChainRulesCoreExt/factorizations.jl:254
[ Info: LBFGS: iter   26, time 3866.94 s: f = -2.061912482240, ‖∇f‖ = 4.9033e-04, α = 1.00e+00, m = 8, nfg = 1
[ Info: CTMRG init:	obj = +7.355616574500e+00	err = 1.0000e+00
[ Info: CTMRG conv 34:	obj = +7.355617420857e+00	err = 8.9201077056e-10	time = 53.51 sec
┌ Warning: `svd` cotangents sensitive to gauge choice: (|Δgauge| = 0.4391827384941063)
└ @ TensorKitChainRulesCoreExt ~/.julia/packages/TensorKit/esxcj/ext/TensorKitChainRulesCoreExt/factorizations.jl:254
┌ Warning: `svd` cotangents sensitive to gauge choice: (|Δgauge| = 0.4391827396775693)
└ @ TensorKitChainRulesCoreExt ~/.julia/packages/TensorKit/esxcj/ext/TensorKitChainRulesCoreExt/factorizations.jl:254
[ Info: LBFGS: iter   27, time 3932.46 s: f = -2.061913220912, ‖∇f‖ = 5.0332e-04, α = 1.00e+00, m = 8, nfg = 1
[ Info: CTMRG init:	obj = +7.355810721124e+00	err = 1.0000e+00
[ Info: CTMRG conv 61:	obj = +7.355811319904e+00	err = 7.8136480991e-10	time = 1.62 min
┌ Warning: `svd` cotangents sensitive to gauge choice: (|Δgauge| = 0.43920878602793934)
└ @ TensorKitChainRulesCoreExt ~/.julia/packages/TensorKit/esxcj/ext/TensorKitChainRulesCoreExt/factorizations.jl:254
┌ Warning: `svd` cotangents sensitive to gauge choice: (|Δgauge| = 0.43920878633215565)
└ @ TensorKitChainRulesCoreExt ~/.julia/packages/TensorKit/esxcj/ext/TensorKitChainRulesCoreExt/factorizations.jl:254
[ Info: LBFGS: iter   28, time 4048.03 s: f = -2.061913623614, ‖∇f‖ = 2.2575e-04, α = 1.00e+00, m = 8, nfg = 1
[ Info: CTMRG init:	obj = +7.356365106733e+00	err = 1.0000e+00
[ Info: CTMRG conv 14:	obj = +7.356365121990e+00	err = 9.0073789289e-10	time = 23.02 sec
┌ Warning: `svd` cotangents sensitive to gauge choice: (|Δgauge| = 0.43919977260660537)
└ @ TensorKitChainRulesCoreExt ~/.julia/packages/TensorKit/esxcj/ext/TensorKitChainRulesCoreExt/factorizations.jl:254
┌ Warning: `svd` cotangents sensitive to gauge choice: (|Δgauge| = 0.4391997725021687)
└ @ TensorKitChainRulesCoreExt ~/.julia/packages/TensorKit/esxcj/ext/TensorKitChainRulesCoreExt/factorizations.jl:254
[ Info: LBFGS: iter   29, time 4078.38 s: f = -2.061913726161, ‖∇f‖ = 1.3012e-04, α = 1.00e+00, m = 8, nfg = 1
[ Info: CTMRG init:	obj = +7.357145540908e+00	err = 1.0000e+00
[ Info: CTMRG conv 14:	obj = +7.357145569567e+00	err = 9.9201511756e-10	time = 23.93 sec
┌ Warning: `svd` cotangents sensitive to gauge choice: (|Δgauge| = 0.4391822135241029)
└ @ TensorKitChainRulesCoreExt ~/.julia/packages/TensorKit/esxcj/ext/TensorKitChainRulesCoreExt/factorizations.jl:254
┌ Warning: `svd` cotangents sensitive to gauge choice: (|Δgauge| = 0.43918221402078317)
└ @ TensorKitChainRulesCoreExt ~/.julia/packages/TensorKit/esxcj/ext/TensorKitChainRulesCoreExt/factorizations.jl:254
[ Info: LBFGS: iter   30, time 4109.52 s: f = -2.061913818263, ‖∇f‖ = 1.6963e-04, α = 1.00e+00, m = 8, nfg = 1
[ Info: CTMRG init:	obj = +7.358970012382e+00	err = 1.0000e+00
[ Info: CTMRG conv 20:	obj = +7.358970203169e+00	err = 9.5390437227e-10	time = 32.73 sec
┌ Warning: `svd` cotangents sensitive to gauge choice: (|Δgauge| = 0.4391932204226815)
└ @ TensorKitChainRulesCoreExt ~/.julia/packages/TensorKit/esxcj/ext/TensorKitChainRulesCoreExt/factorizations.jl:254
┌ Warning: `svd` cotangents sensitive to gauge choice: (|Δgauge| = 0.4391932205409369)
└ @ TensorKitChainRulesCoreExt ~/.julia/packages/TensorKit/esxcj/ext/TensorKitChainRulesCoreExt/factorizations.jl:254
[ Info: LBFGS: iter   31, time 4151.20 s: f = -2.061914014081, ‖∇f‖ = 2.5617e-04, α = 1.00e+00, m = 8, nfg = 1
[ Info: CTMRG init:	obj = +7.362368779902e+00	err = 1.0000e+00
┌ Warning: CTMRG cancel 100:	obj = +7.362369637826e+00	err = 1.4321398685e-09	time = 2.86 min
└ @ PEPSKit ~/.julia/packages/PEPSKit/P7ER3/src/algorithms/ctmrg/ctmrg.jl:129
┌ Warning: `svd` cotangents sensitive to gauge choice: (|Δgauge| = 0.43906176513228545)
└ @ TensorKitChainRulesCoreExt ~/.julia/packages/TensorKit/esxcj/ext/TensorKitChainRulesCoreExt/factorizations.jl:254
┌ Warning: `svd` cotangents sensitive to gauge choice: (|Δgauge| = 0.4390617646623929)
└ @ TensorKitChainRulesCoreExt ~/.julia/packages/TensorKit/esxcj/ext/TensorKitChainRulesCoreExt/factorizations.jl:254
[ Info: LBFGS: iter   32, time 4348.78 s: f = -2.061914225790, ‖∇f‖ = 4.2722e-04, α = 1.00e+00, m = 8, nfg = 1
[ Info: CTMRG init:	obj = +7.364319334750e+00	err = 1.0000e+00
[ Info: CTMRG conv 52:	obj = +7.364319989921e+00	err = 9.9291065751e-10	time = 1.50 min
┌ Warning: `svd` cotangents sensitive to gauge choice: (|Δgauge| = 0.43923715759767645)
└ @ TensorKitChainRulesCoreExt ~/.julia/packages/TensorKit/esxcj/ext/TensorKitChainRulesCoreExt/factorizations.jl:254
┌ Warning: `svd` cotangents sensitive to gauge choice: (|Δgauge| = 0.43923715772241156)
└ @ TensorKitChainRulesCoreExt ~/.julia/packages/TensorKit/esxcj/ext/TensorKitChainRulesCoreExt/factorizations.jl:254
[ Info: LBFGS: iter   33, time 4453.89 s: f = -2.061914419569, ‖∇f‖ = 1.7022e-04, α = 1.00e+00, m = 8, nfg = 1
[ Info: CTMRG init:	obj = +7.363946664968e+00	err = 1.0000e+00
[ Info: CTMRG conv 32:	obj = +7.363946673107e+00	err = 9.2942433150e-10	time = 55.38 sec
┌ Warning: `svd` cotangents sensitive to gauge choice: (|Δgauge| = 0.4392242973934797)
└ @ TensorKitChainRulesCoreExt ~/.julia/packages/TensorKit/esxcj/ext/TensorKitChainRulesCoreExt/factorizations.jl:254
┌ Warning: `svd` cotangents sensitive to gauge choice: (|Δgauge| = 0.43922429739235136)
└ @ TensorKitChainRulesCoreExt ~/.julia/packages/TensorKit/esxcj/ext/TensorKitChainRulesCoreExt/factorizations.jl:254
[ Info: LBFGS: converged after 34 iterations and time 4520.02 s: f = -2.061914489038, ‖∇f‖ = 6.2824e-05
