  Installing known registries into `~/.julia`
       Added `General` registry to ~/.julia/registries
    Updating registry at `~/.julia/registries/General.toml`
   Installed GPUArraysCore ─────────────── v0.2.0
   Installed RealDot ───────────────────── v0.1.0
   Installed IRTools ───────────────────── v0.4.14
   Installed IrrationalConstants ───────── v0.2.4
   Installed TaskLocalValues ───────────── v0.1.2
   Installed BlockTensorKit ────────────── v0.1.6
   Installed JLD2 ──────────────────────── v0.5.12
   Installed OhMyThreads ───────────────── v0.7.0
   Installed DiffRules ─────────────────── v1.15.1
   Installed Adapt ─────────────────────── v4.3.0
   Installed IntegerMathUtils ──────────── v0.1.2
   Installed PtrArrays ─────────────────── v1.3.0
   Installed LRUCache ──────────────────── v1.6.2
   Installed Preferences ───────────────── v1.4.3
   Installed TableTraits ───────────────── v1.0.1
   Installed Accessors ─────────────────── v0.1.42
   Installed LoggingExtras ─────────────── v1.0.3
   Installed DiffResults ───────────────── v1.1.0
   Installed OptimKit ──────────────────── v0.4.0
   Installed WignerSymbols ─────────────── v2.0.0
   Installed HashArrayMappedTries ──────── v0.2.0
   Installed Tables ────────────────────── v1.12.0
   Installed SpecialFunctions ──────────── v2.5.1
   Installed ChunkSplitters ────────────── v3.1.2
   Installed TensorKit ─────────────────── v0.14.5
   Installed RecipesBase ───────────────── v1.3.4
   Installed DataAPI ───────────────────── v1.16.0
   Installed Primes ────────────────────── v0.5.7
   Installed AbstractFFTs ──────────────── v1.5.0
   Installed StaticArrays ──────────────── v1.9.13
   Installed Zygote ────────────────────── v0.7.6
   Installed MPSKit ────────────────────── v0.12.6
   Installed BlockArrays ───────────────── v1.6.1
   Installed StaticArraysCore ──────────── v1.4.3
   Installed NaNMath ───────────────────── v1.1.3
   Installed FiniteDifferences ─────────── v0.12.32
   Installed Richardson ────────────────── v1.4.2
   Installed IteratorInterfaceExtensions ─ v1.0.0
   Installed JLLWrappers ───────────────── v1.7.0
   Installed ConstructionBase ──────────── v1.5.8
   Installed PrecompileTools ───────────── v1.2.1
   Installed RationalRoots ─────────────── v0.2.1
   Installed DataValueInterfaces ───────── v1.0.0
   Installed OrderedCollections ────────── v1.8.0
   Installed StableTasks ───────────────── v0.1.7
   Installed TensorKitSectors ──────────── v0.1.4
   Installed StructArrays ──────────────── v0.7.1
   Installed TranscodingStreams ────────── v0.11.3
   Installed ChainRulesCore ────────────── v1.25.1
   Installed ScopedValues ──────────────── v1.3.0
   Installed InitialValues ─────────────── v0.3.1
   Installed VectorInterface ───────────── v0.5.0
   Installed FillArrays ────────────────── v1.13.0
   Installed Statistics ────────────────── v1.11.1
   Installed MPSKitModels ──────────────── v0.4.1
   Installed ForwardDiff ───────────────── v1.0.1
   Installed FileIO ────────────────────── v1.17.0
   Installed ChainRules ────────────────── v1.72.3
   Installed Requires ──────────────────── v1.3.1
   Installed LogExpFunctions ───────────── v0.3.29
   Installed ZygoteRules ───────────────── v0.2.7
   Installed CommonSubexpressions ──────── v0.3.1
   Installed StridedViews ──────────────── v0.4.1
   Installed BangBang ──────────────────── v0.4.4
   Installed Strided ───────────────────── v2.3.0
   Installed HalfIntegers ──────────────── v1.6.0
   Installed PackageExtensionCompat ────── v1.0.2
   Installed TensorKitManifolds ────────── v0.7.2
   Installed MacroTools ────────────────── v0.5.15
   Installed Compat ────────────────────── v4.16.0
   Installed CompositionsBase ──────────── v0.1.2
   Installed OpenSpecFun_jll ───────────── v0.5.6+0
   Installed SparseInverseSubset ───────── v0.1.2
   Installed PEPSKit ───────────────────── v0.5.0
   Installed InverseFunctions ──────────── v0.1.17
   Installed TupleTools ────────────────── v1.6.0
   Installed TensorOperations ──────────── v5.2.0
   Installed ArrayLayouts ──────────────── v1.11.1
   Installed DocStringExtensions ───────── v0.9.4
   Installed KrylovKit ─────────────────── v0.9.5
    Updating `/var/lib/condor/execute/dir_1133466/Project.toml`
  [d360d2e6] + ChainRulesCore v1.25.1
  [033835bb] + JLD2 v0.5.12
  [0b1a1467] + KrylovKit v0.9.5
  [bb1c41ca] + MPSKit v0.12.6
  [ca635005] + MPSKitModels v0.4.1
  [77e91f04] + OptimKit v0.4.0
  [52969e89] + PEPSKit v0.5.0
  [07d1fe3e] + TensorKit v0.14.5
  [409d34a3] + VectorInterface v0.5.0
  [e88e6eb3] + Zygote v0.7.6
  [37e2e46d] ~ LinearAlgebra ⇒ v1.11.0
    Updating `/var/lib/condor/execute/dir_1133466/Manifest.toml`
  [621f4979] + AbstractFFTs v1.5.0
  [7d9f7c33] + Accessors v0.1.42
  [79e6a3ab] + Adapt v4.3.0
  [4c555306] + ArrayLayouts v1.11.1
  [198e06fe] + BangBang v0.4.4
  [8e7c35d0] + BlockArrays v1.6.1
  [5f87ffc2] + BlockTensorKit v0.1.6
  [082447d4] + ChainRules v1.72.3
  [d360d2e6] + ChainRulesCore v1.25.1
  [ae650224] + ChunkSplitters v3.1.2
  [bbf7d656] + CommonSubexpressions v0.3.1
  [34da2185] + Compat v4.16.0
  [a33af91c] + CompositionsBase v0.1.2
  [187b0558] + ConstructionBase v1.5.8
  [9a962f9c] + DataAPI v1.16.0
  [e2d170a0] + DataValueInterfaces v1.0.0
  [163ba53b] + DiffResults v1.1.0
  [b552c78f] + DiffRules v1.15.1
  [ffbed154] + DocStringExtensions v0.9.4
  [5789e2e9] + FileIO v1.17.0
  [1a297f60] + FillArrays v1.13.0
  [26cc04aa] + FiniteDifferences v0.12.32
  [f6369f11] + ForwardDiff v1.0.1
  [46192b85] + GPUArraysCore v0.2.0
  [f0d1745a] + HalfIntegers v1.6.0
  [076d061b] + HashArrayMappedTries v0.2.0
  [7869d1d1] + IRTools v0.4.14
  [22cec73e] + InitialValues v0.3.1
  [18e54dd8] + IntegerMathUtils v0.1.2
  [3587e190] + InverseFunctions v0.1.17
  [92d709cd] + IrrationalConstants v0.2.4
  [82899510] + IteratorInterfaceExtensions v1.0.0
  [033835bb] + JLD2 v0.5.12
  [692b3bcd] + JLLWrappers v1.7.0
  [0b1a1467] + KrylovKit v0.9.5
  [8ac3fa9e] + LRUCache v1.6.2
  [2ab3a3ac] + LogExpFunctions v0.3.29
⌅ [e6f89c97] + LoggingExtras v1.0.3
  [bb1c41ca] + MPSKit v0.12.6
  [ca635005] + MPSKitModels v0.4.1
  [1914dd2f] + MacroTools v0.5.15
  [77ba4419] + NaNMath v1.1.3
⌅ [67456a42] + OhMyThreads v0.7.0
  [77e91f04] + OptimKit v0.4.0
  [bac558e1] + OrderedCollections v1.8.0
  [52969e89] + PEPSKit v0.5.0
  [65ce6f38] + PackageExtensionCompat v1.0.2
⌅ [aea7be01] + PrecompileTools v1.2.1
  [21216c6a] + Preferences v1.4.3
  [27ebfcd6] + Primes v0.5.7
  [43287f4e] + PtrArrays v1.3.0
  [308eb6b3] + RationalRoots v0.2.1
  [c1ae055f] + RealDot v0.1.0
  [3cdcf5f2] + RecipesBase v1.3.4
  [ae029012] + Requires v1.3.1
  [708f8203] + Richardson v1.4.2
  [7e506255] + ScopedValues v1.3.0
  [dc90abb0] + SparseInverseSubset v0.1.2
  [276daf66] + SpecialFunctions v2.5.1
  [91464d47] + StableTasks v0.1.7
  [90137ffa] + StaticArrays v1.9.13
  [1e83bf80] + StaticArraysCore v1.4.3
  [10745b16] + Statistics v1.11.1
  [5e0ebb24] + Strided v2.3.0
  [4db3bf67] + StridedViews v0.4.1
  [09ab397b] + StructArrays v0.7.1
  [3783bdb8] + TableTraits v1.0.1
  [bd369af6] + Tables v1.12.0
  [ed4db957] + TaskLocalValues v0.1.2
  [07d1fe3e] + TensorKit v0.14.5
  [11fa318c] + TensorKitManifolds v0.7.2
  [13a9c161] + TensorKitSectors v0.1.4
  [6aa20fa7] + TensorOperations v5.2.0
  [3bb67fe8] + TranscodingStreams v0.11.3
  [9d95972d] + TupleTools v1.6.0
  [409d34a3] + VectorInterface v0.5.0
  [9f57e263] + WignerSymbols v2.0.0
  [e88e6eb3] + Zygote v0.7.6
  [700de1a5] + ZygoteRules v0.2.7
  [efe28fd5] + OpenSpecFun_jll v0.5.6+0
  [0dad84c5] + ArgTools v1.1.2
  [56f22d72] + Artifacts v1.11.0
  [2a0f44e3] + Base64 v1.11.0
  [ade2ca70] + Dates v1.11.0
  [8ba89e20] + Distributed v1.11.0
  [f43a241f] + Downloads v1.6.0
  [7b1f6079] + FileWatching v1.11.0
  [b77e0a4c] + InteractiveUtils v1.11.0
  [b27032c2] + LibCURL v0.6.4
  [76f85450] + LibGit2 v1.11.0
  [8f399da3] + Libdl v1.11.0
  [37e2e46d] + LinearAlgebra v1.11.0
  [56ddb016] + Logging v1.11.0
  [d6f4376e] + Markdown v1.11.0
  [a63ad114] + Mmap v1.11.0
  [ca575930] + NetworkOptions v1.2.0
  [44cfe95a] + Pkg v1.11.0
  [de0858da] + Printf v1.11.0
  [9a3f8284] + Random v1.11.0
  [ea8e919c] + SHA v0.7.0
  [9e88b42a] + Serialization v1.11.0
  [6462fe0b] + Sockets v1.11.0
  [2f01184e] + SparseArrays v1.11.0
  [4607b0f0] + SuiteSparse
  [fa267f1f] + TOML v1.0.3
  [a4e569a6] + Tar v1.10.0
  [cf7118a7] + UUIDs v1.11.0
  [4ec0a83e] + Unicode v1.11.0
  [e66e0078] + CompilerSupportLibraries_jll v1.1.1+0
  [deac9b47] + LibCURL_jll v8.6.0+0
  [e37daf67] + LibGit2_jll v1.7.2+0
  [29816b5a] + LibSSH2_jll v1.11.0+1
  [c8ffd9c3] + MbedTLS_jll v2.28.6+0
  [14a3606d] + MozillaCACerts_jll v2023.12.12
  [4536629a] + OpenBLAS_jll v0.3.27+1
  [05823500] + OpenLibm_jll v0.8.1+2
  [bea87d4a] + SuiteSparse_jll v7.7.0+0
  [83775a58] + Zlib_jll v1.2.13+1
  [8e850b90] + libblastrampoline_jll v5.11.0+0
  [8e850ede] + nghttp2_jll v1.59.0+0
  [3f19e933] + p7zip_jll v17.4.0+2
        Info Packages marked with ⌅ have new versions available but compatibility constraints restrict them from upgrading. To see why use `status --outdated -m`
Precompiling project...
    478.7 ms  ✓ DataValueInterfaces
    529.6 ms  ✓ TaskLocalValues
    505.4 ms  ✓ IntegerMathUtils
    514.0 ms  ✓ RealDot
    539.6 ms  ✓ Richardson
    616.8 ms  ✓ StableTasks
    665.6 ms  ✓ HalfIntegers
    629.1 ms  ✓ InverseFunctions
    697.6 ms  ✓ VectorInterface
    741.7 ms  ✓ OrderedCollections
    703.8 ms  ✓ DocStringExtensions
    748.1 ms  ✓ AbstractFFTs
    746.0 ms  ✓ LRUCache
    816.1 ms  ✓ Statistics
    439.6 ms  ✓ IteratorInterfaceExtensions
    403.7 ms  ✓ PackageExtensionCompat
    490.7 ms  ✓ DataAPI
    413.7 ms  ✓ CompositionsBase
    576.7 ms  ✓ ConstructionBase
    437.3 ms  ✓ PtrArrays
    470.6 ms  ✓ RationalRoots
    573.9 ms  ✓ ChunkSplitters
   1550.8 ms  ✓ FillArrays
    812.3 ms  ✓ StaticArraysCore
    715.4 ms  ✓ HashArrayMappedTries
    649.5 ms  ✓ TableTraits
    834.2 ms  ✓ TupleTools
    797.7 ms  ✓ TranscodingStreams
   1561.5 ms  ✓ IrrationalConstants
    742.0 ms  ✓ NaNMath
    732.1 ms  ✓ SuiteSparse
    725.8 ms  ✓ Compat
   1079.4 ms  ✓ InitialValues
    696.2 ms  ✓ Primes
    983.1 ms  ✓ LoggingExtras
    553.0 ms  ✓ ConstructionBase → ConstructionBaseLinearAlgebraExt
    620.9 ms  ✓ LRUCache → SerializationExt
    610.6 ms  ✓ StridedViews
    630.6 ms  ✓ Requires
    567.9 ms  ✓ FillArrays → FillArraysStatisticsExt
    998.7 ms  ✓ InverseFunctions → InverseFunctionsDatesExt
   1160.6 ms  ✓ Preferences
    541.7 ms  ✓ DiffResults
    489.9 ms  ✓ ScopedValues
    538.1 ms  ✓ CompositionsBase → CompositionsBaseInverseFunctionsExt
    789.2 ms  ✓ FillArrays → FillArraysSparseArraysExt
    805.5 ms  ✓ Statistics → SparseArraysExt
    515.4 ms  ✓ Compat → CompatLinearAlgebraExt
    475.8 ms  ✓ StridedViews → StridedViewsPtrArraysExt
    531.9 ms  ✓ Adapt
   1260.7 ms  ✓ Tables
    798.0 ms  ✓ LogExpFunctions
    574.0 ms  ✓ PrecompileTools
    832.6 ms  ✓ SparseInverseSubset
    833.5 ms  ✓ Strided
    655.3 ms  ✓ JLLWrappers
    602.3 ms  ✓ GPUArraysCore
    494.3 ms  ✓ LogExpFunctions → LogExpFunctionsInverseFunctionsExt
    702.0 ms  ✓ Adapt → AdaptSparseArraysExt
   2980.9 ms  ✓ MacroTools
   2211.4 ms  ✓ KrylovKit
    985.6 ms  ✓ StructArrays
    789.0 ms  ✓ OpenSpecFun_jll
    630.8 ms  ✓ CommonSubexpressions
   1602.3 ms  ✓ OptimKit
   1530.7 ms  ✓ ChainRulesCore
    507.6 ms  ✓ StructArrays → StructArraysAdaptExt
    737.5 ms  ✓ StructArrays → StructArraysSparseArraysExt
    743.8 ms  ✓ StructArrays → StructArraysLinearAlgebraExt
    585.6 ms  ✓ AbstractFFTs → AbstractFFTsChainRulesCoreExt
   1903.8 ms  ✓ RecipesBase
    778.0 ms  ✓ ChainRulesCore → ChainRulesCoreSparseArraysExt
   2876.3 ms  ✓ WignerSymbols
    842.2 ms  ✓ KrylovKit → KrylovKitChainRulesCoreExt
    954.3 ms  ✓ ZygoteRules
   2110.6 ms  ✓ IRTools
   1663.8 ms  ✓ LogExpFunctions → LogExpFunctionsChainRulesCoreExt
   2472.1 ms  ✓ Accessors
    657.6 ms  ✓ Accessors → StructArraysExt
    689.0 ms  ✓ Accessors → LinearAlgebraExt
   4355.7 ms  ✓ FileIO
   3212.0 ms  ✓ SpecialFunctions
    954.7 ms  ✓ BangBang
    735.3 ms  ✓ DiffRules
    627.8 ms  ✓ BangBang → BangBangChainRulesCoreExt
    665.5 ms  ✓ BangBang → BangBangStructArraysExt
    663.5 ms  ✓ BangBang → BangBangTablesExt
   1016.3 ms  ✓ OhMyThreads
   2012.1 ms  ✓ SpecialFunctions → SpecialFunctionsChainRulesCoreExt
   8208.3 ms  ✓ StaticArrays
   6573.7 ms  ✓ ChainRules
   4060.0 ms  ✓ ForwardDiff
    800.7 ms  ✓ StaticArrays → StaticArraysChainRulesCoreExt
    802.6 ms  ✓ ConstructionBase → ConstructionBaseStaticArraysExt
    823.1 ms  ✓ Adapt → AdaptStaticArraysExt
    883.3 ms  ✓ BangBang → BangBangStaticArraysExt
    953.6 ms  ✓ StructArrays → StructArraysStaticArraysExt
    968.5 ms  ✓ StaticArrays → StaticArraysStatisticsExt
    967.0 ms  ✓ Accessors → StaticArraysExt
    976.0 ms  ✓ ForwardDiff → ForwardDiffStaticArraysExt
   1304.8 ms  ✓ FiniteDifferences
  14789.7 ms  ✓ ArrayLayouts
    811.9 ms  ✓ ArrayLayouts → ArrayLayoutsSparseArraysExt
   1746.6 ms  ✓ BlockArrays
    941.6 ms  ✓ BlockArrays → BlockArraysAdaptExt
  36522.1 ms  ✓ JLD2
  36577.8 ms  ✓ Zygote
 135982.4 ms  ✓ TensorOperations
   1399.2 ms  ✓ TensorOperations → TensorOperationsChainRulesCoreExt
   6065.3 ms  ✓ TensorKitSectors
   8402.4 ms  ✓ TensorKit
   1954.7 ms  ✓ TensorKitManifolds
   2178.9 ms  ✓ TensorKit → TensorKitFiniteDifferencesExt
   2371.2 ms  ✓ TensorKit → TensorKitChainRulesCoreExt
   3132.6 ms  ✓ BlockTensorKit
  16136.5 ms  ✓ MPSKit
  13986.4 ms  ✓ MPSKitModels
  15628.6 ms  ✓ PEPSKit
  118 dependencies successfully precompiled in 203 seconds. 31 already precompiled.
[ Info: CTMRG init:	obj = +5.370577209855e+00	err = 1.0000e+00
[ Info: CTMRG conv 4:	obj = +5.370577209855e+00	err = 1.1131684737e-10	time = 1.55 min
┌ Warning: `svd` cotangents sensitive to gauge choice: (|Δgauge| = 0.513342865048798)
└ @ TensorKitChainRulesCoreExt ~/.julia/packages/TensorKit/esxcj/ext/TensorKitChainRulesCoreExt/factorizations.jl:254
┌ Warning: `svd` cotangents sensitive to gauge choice: (|Δgauge| = 5.638528204118646e-6)
└ @ TensorKitChainRulesCoreExt ~/.julia/packages/TensorKit/esxcj/ext/TensorKitChainRulesCoreExt/factorizations.jl:254
┌ Warning: `svd` cotangents sensitive to gauge choice: (|Δgauge| = 0.5133372265048957)
└ @ TensorKitChainRulesCoreExt ~/.julia/packages/TensorKit/esxcj/ext/TensorKitChainRulesCoreExt/factorizations.jl:254
[ Info: LBFGS: initializing with f = -2.105683829662, ‖∇f‖ = 9.9232e-04
[ Info: CTMRG init:	obj = +5.365669708372e+00	err = 1.0000e+00
[ Info: CTMRG conv 17:	obj = +5.365672805739e+00	err = 2.0866449927e-10	time = 7.00 sec
┌ Warning: `svd` cotangents sensitive to gauge choice: (|Δgauge| = 0.5130890059062432)
└ @ TensorKitChainRulesCoreExt ~/.julia/packages/TensorKit/esxcj/ext/TensorKitChainRulesCoreExt/factorizations.jl:254
┌ Warning: `svd` cotangents sensitive to gauge choice: (|Δgauge| = 0.5130890058899134)
└ @ TensorKitChainRulesCoreExt ~/.julia/packages/TensorKit/esxcj/ext/TensorKitChainRulesCoreExt/factorizations.jl:254
[ Info: CTMRG init:	obj = +5.368712038339e+00	err = 1.0000e+00
[ Info: CTMRG conv 16:	obj = +5.368712485652e+00	err = 4.4755816543e-10	time = 5.61 sec
┌ Warning: `svd` cotangents sensitive to gauge choice: (|Δgauge| = 0.5132467024495788)
└ @ TensorKitChainRulesCoreExt ~/.julia/packages/TensorKit/esxcj/ext/TensorKitChainRulesCoreExt/factorizations.jl:254
┌ Warning: `svd` cotangents sensitive to gauge choice: (|Δgauge| = 0.5132467024427543)
└ @ TensorKitChainRulesCoreExt ~/.julia/packages/TensorKit/esxcj/ext/TensorKitChainRulesCoreExt/factorizations.jl:254
[ Info: LBFGS: iter    1, time 1307.09 s: f = -2.105685716241, ‖∇f‖ = 1.3560e-03, α = 3.80e-01, m = 0, nfg = 2
[ Info: CTMRG init:	obj = +5.366993211627e+00	err = 1.0000e+00
[ Info: CTMRG conv 16:	obj = +5.366993560939e+00	err = 4.1390501823e-10	time = 5.86 sec
┌ Warning: `svd` cotangents sensitive to gauge choice: (|Δgauge| = 0.513257448988881)
└ @ TensorKitChainRulesCoreExt ~/.julia/packages/TensorKit/esxcj/ext/TensorKitChainRulesCoreExt/factorizations.jl:254
┌ Warning: `svd` cotangents sensitive to gauge choice: (|Δgauge| = 0.5132574489472308)
└ @ TensorKitChainRulesCoreExt ~/.julia/packages/TensorKit/esxcj/ext/TensorKitChainRulesCoreExt/factorizations.jl:254
[ Info: LBFGS: iter    2, time 1319.16 s: f = -2.105687879779, ‖∇f‖ = 1.0427e-03, α = 1.00e+00, m = 1, nfg = 1
[ Info: CTMRG init:	obj = +5.360794661784e+00	err = 1.0000e+00
[ Info: CTMRG conv 17:	obj = +5.360799278913e+00	err = 3.2071596290e-10	time = 5.58 sec
┌ Warning: `svd` cotangents sensitive to gauge choice: (|Δgauge| = 0.5133477675737385)
└ @ TensorKitChainRulesCoreExt ~/.julia/packages/TensorKit/esxcj/ext/TensorKitChainRulesCoreExt/factorizations.jl:254
┌ Warning: `svd` cotangents sensitive to gauge choice: (|Δgauge| = 0.5133477675687741)
└ @ TensorKitChainRulesCoreExt ~/.julia/packages/TensorKit/esxcj/ext/TensorKitChainRulesCoreExt/factorizations.jl:254
[ Info: LBFGS: iter    3, time 1330.27 s: f = -2.105692574385, ‖∇f‖ = 7.4334e-04, α = 1.00e+00, m = 2, nfg = 1
[ Info: CTMRG init:	obj = +5.357892527483e+00	err = 1.0000e+00
[ Info: CTMRG conv 16:	obj = +5.357893571864e+00	err = 8.2217279683e-10	time = 5.63 sec
┌ Warning: `svd` cotangents sensitive to gauge choice: (|Δgauge| = 0.5130513397093798)
└ @ TensorKitChainRulesCoreExt ~/.julia/packages/TensorKit/esxcj/ext/TensorKitChainRulesCoreExt/factorizations.jl:254
┌ Warning: `svd` cotangents sensitive to gauge choice: (|Δgauge| = 0.5130513397057566)
└ @ TensorKitChainRulesCoreExt ~/.julia/packages/TensorKit/esxcj/ext/TensorKitChainRulesCoreExt/factorizations.jl:254
[ Info: LBFGS: iter    4, time 1340.65 s: f = -2.105694540082, ‖∇f‖ = 1.1434e-03, α = 1.00e+00, m = 3, nfg = 1
[ Info: CTMRG init:	obj = +5.355730379337e+00	err = 1.0000e+00
[ Info: CTMRG conv 16:	obj = +5.355731193400e+00	err = 7.3537527122e-10	time = 5.40 sec
┌ Warning: `svd` cotangents sensitive to gauge choice: (|Δgauge| = 0.5131967056092053)
└ @ TensorKitChainRulesCoreExt ~/.julia/packages/TensorKit/esxcj/ext/TensorKitChainRulesCoreExt/factorizations.jl:254
┌ Warning: `svd` cotangents sensitive to gauge choice: (|Δgauge| = 0.5131967056820714)
└ @ TensorKitChainRulesCoreExt ~/.julia/packages/TensorKit/esxcj/ext/TensorKitChainRulesCoreExt/factorizations.jl:254
[ Info: LBFGS: iter    5, time 1351.17 s: f = -2.105697430948, ‖∇f‖ = 1.1448e-03, α = 1.00e+00, m = 4, nfg = 1
[ Info: CTMRG init:	obj = +5.347949251070e+00	err = 1.0000e+00
[ Info: CTMRG conv 17:	obj = +5.347981792980e+00	err = 7.7305005388e-10	time = 6.11 sec
┌ Warning: `svd` cotangents sensitive to gauge choice: (|Δgauge| = 0.5121571513167704)
└ @ TensorKitChainRulesCoreExt ~/.julia/packages/TensorKit/esxcj/ext/TensorKitChainRulesCoreExt/factorizations.jl:254
┌ Warning: `svd` cotangents sensitive to gauge choice: (|Δgauge| = 0.5121571512652004)
└ @ TensorKitChainRulesCoreExt ~/.julia/packages/TensorKit/esxcj/ext/TensorKitChainRulesCoreExt/factorizations.jl:254
[ Info: LBFGS: iter    6, time 1362.56 s: f = -2.105703072993, ‖∇f‖ = 2.5599e-03, α = 1.00e+00, m = 5, nfg = 1
[ Info: CTMRG init:	obj = +5.349789546602e+00	err = 1.0000e+00
[ Info: CTMRG conv 16:	obj = +5.349804185589e+00	err = 5.5745941702e-10	time = 5.76 sec
┌ Warning: `svd` cotangents sensitive to gauge choice: (|Δgauge| = 0.5135901250239143)
└ @ TensorKitChainRulesCoreExt ~/.julia/packages/TensorKit/esxcj/ext/TensorKitChainRulesCoreExt/factorizations.jl:254
┌ Warning: `svd` cotangents sensitive to gauge choice: (|Δgauge| = 0.5135901249494152)
└ @ TensorKitChainRulesCoreExt ~/.julia/packages/TensorKit/esxcj/ext/TensorKitChainRulesCoreExt/factorizations.jl:254
[ Info: LBFGS: iter    7, time 1373.29 s: f = -2.105708550448, ‖∇f‖ = 1.2317e-03, α = 1.00e+00, m = 6, nfg = 1
[ Info: CTMRG init:	obj = +5.352336031719e+00	err = 1.0000e+00
[ Info: CTMRG conv 16:	obj = +5.352337438226e+00	err = 7.3155413268e-10	time = 6.01 sec
┌ Warning: `svd` cotangents sensitive to gauge choice: (|Δgauge| = 0.513271109469243)
└ @ TensorKitChainRulesCoreExt ~/.julia/packages/TensorKit/esxcj/ext/TensorKitChainRulesCoreExt/factorizations.jl:254
┌ Warning: `svd` cotangents sensitive to gauge choice: (|Δgauge| = 0.5132711094860285)
└ @ TensorKitChainRulesCoreExt ~/.julia/packages/TensorKit/esxcj/ext/TensorKitChainRulesCoreExt/factorizations.jl:254
[ Info: LBFGS: iter    8, time 1385.85 s: f = -2.105709800083, ‖∇f‖ = 5.0218e-04, α = 1.00e+00, m = 7, nfg = 1
[ Info: CTMRG init:	obj = +5.353604475614e+00	err = 1.0000e+00
[ Info: CTMRG conv 16:	obj = +5.353604661857e+00	err = 2.4137785356e-10	time = 7.05 sec
┌ Warning: `svd` cotangents sensitive to gauge choice: (|Δgauge| = 0.5131727283332168)
└ @ TensorKitChainRulesCoreExt ~/.julia/packages/TensorKit/esxcj/ext/TensorKitChainRulesCoreExt/factorizations.jl:254
┌ Warning: `svd` cotangents sensitive to gauge choice: (|Δgauge| = 0.5131727283787919)
└ @ TensorKitChainRulesCoreExt ~/.julia/packages/TensorKit/esxcj/ext/TensorKitChainRulesCoreExt/factorizations.jl:254
[ Info: LBFGS: iter    9, time 1398.26 s: f = -2.105710402519, ‖∇f‖ = 3.4740e-04, α = 1.00e+00, m = 8, nfg = 1
[ Info: CTMRG init:	obj = +5.355217324364e+00	err = 1.0000e+00
[ Info: CTMRG conv 15:	obj = +5.355217821337e+00	err = 4.5171418210e-10	time = 5.98 sec
┌ Warning: `svd` cotangents sensitive to gauge choice: (|Δgauge| = 0.5131006972487058)
└ @ TensorKitChainRulesCoreExt ~/.julia/packages/TensorKit/esxcj/ext/TensorKitChainRulesCoreExt/factorizations.jl:254
┌ Warning: `svd` cotangents sensitive to gauge choice: (|Δgauge| = 0.5131006971526235)
└ @ TensorKitChainRulesCoreExt ~/.julia/packages/TensorKit/esxcj/ext/TensorKitChainRulesCoreExt/factorizations.jl:254
[ Info: LBFGS: iter   10, time 1408.95 s: f = -2.105711392584, ‖∇f‖ = 3.8901e-04, α = 1.00e+00, m = 8, nfg = 1
[ Info: CTMRG init:	obj = +5.354901638863e+00	err = 1.0000e+00
[ Info: CTMRG conv 16:	obj = +5.354902057368e+00	err = 3.2920703494e-10	time = 6.40 sec
┌ Warning: `svd` cotangents sensitive to gauge choice: (|Δgauge| = 0.5131018038027793)
└ @ TensorKitChainRulesCoreExt ~/.julia/packages/TensorKit/esxcj/ext/TensorKitChainRulesCoreExt/factorizations.jl:254
┌ Warning: `svd` cotangents sensitive to gauge choice: (|Δgauge| = 0.5131018037792143)
└ @ TensorKitChainRulesCoreExt ~/.julia/packages/TensorKit/esxcj/ext/TensorKitChainRulesCoreExt/factorizations.jl:254
[ Info: LBFGS: iter   11, time 1420.19 s: f = -2.105712159697, ‖∇f‖ = 4.1068e-04, α = 1.00e+00, m = 8, nfg = 1
[ Info: CTMRG init:	obj = +5.355914274343e+00	err = 1.0000e+00
[ Info: CTMRG conv 16:	obj = +5.355916462573e+00	err = 3.6030640656e-10	time = 8.29 sec
┌ Warning: `svd` cotangents sensitive to gauge choice: (|Δgauge| = 0.5134112910994123)
└ @ TensorKitChainRulesCoreExt ~/.julia/packages/TensorKit/esxcj/ext/TensorKitChainRulesCoreExt/factorizations.jl:254
┌ Warning: `svd` cotangents sensitive to gauge choice: (|Δgauge| = 0.5134112911113444)
└ @ TensorKitChainRulesCoreExt ~/.julia/packages/TensorKit/esxcj/ext/TensorKitChainRulesCoreExt/factorizations.jl:254
[ Info: CTMRG init:	obj = +5.355158234150e+00	err = 1.0000e+00
[ Info: CTMRG conv 15:	obj = +5.355158363405e+00	err = 4.3145518322e-10	time = 8.03 sec
┌ Warning: `svd` cotangents sensitive to gauge choice: (|Δgauge| = 0.5131772440425144)
└ @ TensorKitChainRulesCoreExt ~/.julia/packages/TensorKit/esxcj/ext/TensorKitChainRulesCoreExt/factorizations.jl:254
┌ Warning: `svd` cotangents sensitive to gauge choice: (|Δgauge| = 0.5131772439351356)
└ @ TensorKitChainRulesCoreExt ~/.julia/packages/TensorKit/esxcj/ext/TensorKitChainRulesCoreExt/factorizations.jl:254
[ Info: LBFGS: iter   12, time 1448.09 s: f = -2.105712557262, ‖∇f‖ = 6.3487e-04, α = 2.43e-01, m = 8, nfg = 2
[ Info: CTMRG init:	obj = +5.353314232516e+00	err = 1.0000e+00
[ Info: CTMRG conv 16:	obj = +5.353315550028e+00	err = 7.5847646272e-10	time = 8.31 sec
┌ Warning: `svd` cotangents sensitive to gauge choice: (|Δgauge| = 0.513202408063979)
└ @ TensorKitChainRulesCoreExt ~/.julia/packages/TensorKit/esxcj/ext/TensorKitChainRulesCoreExt/factorizations.jl:254
┌ Warning: `svd` cotangents sensitive to gauge choice: (|Δgauge| = 0.5132024081963383)
└ @ TensorKitChainRulesCoreExt ~/.julia/packages/TensorKit/esxcj/ext/TensorKitChainRulesCoreExt/factorizations.jl:254
[ Info: LBFGS: iter   13, time 1462.34 s: f = -2.105713467937, ‖∇f‖ = 3.9783e-04, α = 1.00e+00, m = 8, nfg = 1
[ Info: CTMRG init:	obj = +5.352271972518e+00	err = 1.0000e+00
[ Info: CTMRG conv 16:	obj = +5.352272543590e+00	err = 4.3449361062e-10	time = 8.36 sec
┌ Warning: `svd` cotangents sensitive to gauge choice: (|Δgauge| = 0.513137755054601)
└ @ TensorKitChainRulesCoreExt ~/.julia/packages/TensorKit/esxcj/ext/TensorKitChainRulesCoreExt/factorizations.jl:254
┌ Warning: `svd` cotangents sensitive to gauge choice: (|Δgauge| = 0.5131377550624956)
└ @ TensorKitChainRulesCoreExt ~/.julia/packages/TensorKit/esxcj/ext/TensorKitChainRulesCoreExt/factorizations.jl:254
[ Info: LBFGS: iter   14, time 1476.58 s: f = -2.105714296364, ‖∇f‖ = 3.3333e-04, α = 1.00e+00, m = 8, nfg = 1
[ Info: CTMRG init:	obj = +5.351129364054e+00	err = 1.0000e+00
[ Info: CTMRG conv 16:	obj = +5.351131074468e+00	err = 6.1315724326e-10	time = 8.45 sec
┌ Warning: `svd` cotangents sensitive to gauge choice: (|Δgauge| = 0.5131553478189685)
└ @ TensorKitChainRulesCoreExt ~/.julia/packages/TensorKit/esxcj/ext/TensorKitChainRulesCoreExt/factorizations.jl:254
┌ Warning: `svd` cotangents sensitive to gauge choice: (|Δgauge| = 0.5131553477582632)
└ @ TensorKitChainRulesCoreExt ~/.julia/packages/TensorKit/esxcj/ext/TensorKitChainRulesCoreExt/factorizations.jl:254
[ Info: LBFGS: iter   15, time 1491.61 s: f = -2.105715112827, ‖∇f‖ = 8.4985e-04, α = 1.00e+00, m = 8, nfg = 1
[ Info: CTMRG init:	obj = +5.350835106039e+00	err = 1.0000e+00
[ Info: CTMRG conv 15:	obj = +5.350835270459e+00	err = 5.9330701573e-10	time = 8.54 sec
┌ Warning: `svd` cotangents sensitive to gauge choice: (|Δgauge| = 0.5128222042926309)
└ @ TensorKitChainRulesCoreExt ~/.julia/packages/TensorKit/esxcj/ext/TensorKitChainRulesCoreExt/factorizations.jl:254
┌ Warning: `svd` cotangents sensitive to gauge choice: (|Δgauge| = 0.5128222042873315)
└ @ TensorKitChainRulesCoreExt ~/.julia/packages/TensorKit/esxcj/ext/TensorKitChainRulesCoreExt/factorizations.jl:254
[ Info: LBFGS: iter   16, time 1505.65 s: f = -2.105715935445, ‖∇f‖ = 3.8123e-04, α = 1.00e+00, m = 8, nfg = 1
[ Info: CTMRG init:	obj = +5.351771905409e+00	err = 1.0000e+00
[ Info: CTMRG conv 16:	obj = +5.351772057799e+00	err = 2.9041656150e-10	time = 9.61 sec
┌ Warning: `svd` cotangents sensitive to gauge choice: (|Δgauge| = 0.5128607477161247)
└ @ TensorKitChainRulesCoreExt ~/.julia/packages/TensorKit/esxcj/ext/TensorKitChainRulesCoreExt/factorizations.jl:254
┌ Warning: `svd` cotangents sensitive to gauge choice: (|Δgauge| = 0.5128607475060304)
└ @ TensorKitChainRulesCoreExt ~/.julia/packages/TensorKit/esxcj/ext/TensorKitChainRulesCoreExt/factorizations.jl:254
[ Info: LBFGS: iter   17, time 1520.91 s: f = -2.105716299856, ‖∇f‖ = 2.9879e-04, α = 1.00e+00, m = 8, nfg = 1
[ Info: CTMRG init:	obj = +5.354026552363e+00	err = 1.0000e+00
[ Info: CTMRG conv 16:	obj = +5.354027160927e+00	err = 3.2713876333e-10	time = 9.04 sec
┌ Warning: `svd` cotangents sensitive to gauge choice: (|Δgauge| = 0.5127387499523276)
└ @ TensorKitChainRulesCoreExt ~/.julia/packages/TensorKit/esxcj/ext/TensorKitChainRulesCoreExt/factorizations.jl:254
┌ Warning: `svd` cotangents sensitive to gauge choice: (|Δgauge| = 0.5127387500562939)
└ @ TensorKitChainRulesCoreExt ~/.julia/packages/TensorKit/esxcj/ext/TensorKitChainRulesCoreExt/factorizations.jl:254
[ Info: LBFGS: iter   18, time 1535.21 s: f = -2.105717169184, ‖∇f‖ = 4.8561e-04, α = 1.00e+00, m = 8, nfg = 1
[ Info: CTMRG init:	obj = +5.354966934776e+00	err = 1.0000e+00
[ Info: CTMRG conv 15:	obj = +5.354968818394e+00	err = 5.1123985294e-10	time = 9.41 sec
┌ Warning: `svd` cotangents sensitive to gauge choice: (|Δgauge| = 0.5131451412140637)
└ @ TensorKitChainRulesCoreExt ~/.julia/packages/TensorKit/esxcj/ext/TensorKitChainRulesCoreExt/factorizations.jl:254
┌ Warning: `svd` cotangents sensitive to gauge choice: (|Δgauge| = 0.5131451411564871)
└ @ TensorKitChainRulesCoreExt ~/.julia/packages/TensorKit/esxcj/ext/TensorKitChainRulesCoreExt/factorizations.jl:254
[ Info: LBFGS: iter   19, time 1550.46 s: f = -2.105717471068, ‖∇f‖ = 7.4205e-04, α = 1.00e+00, m = 8, nfg = 1
[ Info: CTMRG init:	obj = +5.354801245061e+00	err = 1.0000e+00
[ Info: CTMRG conv 15:	obj = +5.354801666414e+00	err = 7.0474221618e-10	time = 8.98 sec
┌ Warning: `svd` cotangents sensitive to gauge choice: (|Δgauge| = 0.5129281672316363)
└ @ TensorKitChainRulesCoreExt ~/.julia/packages/TensorKit/esxcj/ext/TensorKitChainRulesCoreExt/factorizations.jl:254
┌ Warning: `svd` cotangents sensitive to gauge choice: (|Δgauge| = 0.5129281671924312)
└ @ TensorKitChainRulesCoreExt ~/.julia/packages/TensorKit/esxcj/ext/TensorKitChainRulesCoreExt/factorizations.jl:254
[ Info: LBFGS: iter   20, time 1564.88 s: f = -2.105718059433, ‖∇f‖ = 3.2524e-04, α = 1.00e+00, m = 8, nfg = 1
[ Info: CTMRG init:	obj = +5.354590535151e+00	err = 1.0000e+00
[ Info: CTMRG conv 16:	obj = +5.354590885398e+00	err = 2.6846350985e-10	time = 9.85 sec
┌ Warning: `svd` cotangents sensitive to gauge choice: (|Δgauge| = 0.5127983549859004)
└ @ TensorKitChainRulesCoreExt ~/.julia/packages/TensorKit/esxcj/ext/TensorKitChainRulesCoreExt/factorizations.jl:254
┌ Warning: `svd` cotangents sensitive to gauge choice: (|Δgauge| = 0.5127983549804701)
└ @ TensorKitChainRulesCoreExt ~/.julia/packages/TensorKit/esxcj/ext/TensorKitChainRulesCoreExt/factorizations.jl:254
[ Info: LBFGS: iter   21, time 1580.01 s: f = -2.105718500257, ‖∇f‖ = 2.9969e-04, α = 1.00e+00, m = 8, nfg = 1
[ Info: CTMRG init:	obj = +5.354597781273e+00	err = 1.0000e+00
[ Info: CTMRG conv 16:	obj = +5.354598297072e+00	err = 2.7953432835e-10	time = 9.63 sec
┌ Warning: `svd` cotangents sensitive to gauge choice: (|Δgauge| = 0.5127556947340111)
└ @ TensorKitChainRulesCoreExt ~/.julia/packages/TensorKit/esxcj/ext/TensorKitChainRulesCoreExt/factorizations.jl:254
┌ Warning: `svd` cotangents sensitive to gauge choice: (|Δgauge| = 0.5127556947517937)
└ @ TensorKitChainRulesCoreExt ~/.julia/packages/TensorKit/esxcj/ext/TensorKitChainRulesCoreExt/factorizations.jl:254
[ Info: LBFGS: iter   22, time 1594.85 s: f = -2.105719018254, ‖∇f‖ = 3.5132e-04, α = 1.00e+00, m = 8, nfg = 1
[ Info: CTMRG init:	obj = +5.359640791713e+00	err = 1.0000e+00
[ Info: CTMRG conv 16:	obj = +5.359644081533e+00	err = 6.0158313543e-10	time = 9.70 sec
┌ Warning: `svd` cotangents sensitive to gauge choice: (|Δgauge| = 0.5124846867879143)
└ @ TensorKitChainRulesCoreExt ~/.julia/packages/TensorKit/esxcj/ext/TensorKitChainRulesCoreExt/factorizations.jl:254
┌ Warning: `svd` cotangents sensitive to gauge choice: (|Δgauge| = 0.5124846870184512)
└ @ TensorKitChainRulesCoreExt ~/.julia/packages/TensorKit/esxcj/ext/TensorKitChainRulesCoreExt/factorizations.jl:254
[ Info: CTMRG init:	obj = +5.355641921668e+00	err = 1.0000e+00
[ Info: CTMRG conv 15:	obj = +5.355642057078e+00	err = 6.2656447567e-10	time = 9.59 sec
┌ Warning: `svd` cotangents sensitive to gauge choice: (|Δgauge| = 0.512701074308664)
└ @ TensorKitChainRulesCoreExt ~/.julia/packages/TensorKit/esxcj/ext/TensorKitChainRulesCoreExt/factorizations.jl:254
┌ Warning: `svd` cotangents sensitive to gauge choice: (|Δgauge| = 0.51270107433867)
└ @ TensorKitChainRulesCoreExt ~/.julia/packages/TensorKit/esxcj/ext/TensorKitChainRulesCoreExt/factorizations.jl:254
[ Info: LBFGS: iter   23, time 1624.78 s: f = -2.105719302372, ‖∇f‖ = 6.8259e-04, α = 2.03e-01, m = 8, nfg = 2
[ Info: CTMRG init:	obj = +5.356248924489e+00	err = 1.0000e+00
[ Info: CTMRG conv 15:	obj = +5.356249442162e+00	err = 4.7138386047e-10	time = 9.55 sec
┌ Warning: `svd` cotangents sensitive to gauge choice: (|Δgauge| = 0.512772369022398)
└ @ TensorKitChainRulesCoreExt ~/.julia/packages/TensorKit/esxcj/ext/TensorKitChainRulesCoreExt/factorizations.jl:254
┌ Warning: `svd` cotangents sensitive to gauge choice: (|Δgauge| = 0.5127723692244597)
└ @ TensorKitChainRulesCoreExt ~/.julia/packages/TensorKit/esxcj/ext/TensorKitChainRulesCoreExt/factorizations.jl:254
[ Info: LBFGS: iter   24, time 1639.46 s: f = -2.105719935280, ‖∇f‖ = 4.2071e-04, α = 1.00e+00, m = 8, nfg = 1
[ Info: CTMRG init:	obj = +5.357532629884e+00	err = 1.0000e+00
[ Info: CTMRG conv 15:	obj = +5.357532882171e+00	err = 7.0105775063e-10	time = 9.74 sec
┌ Warning: `svd` cotangents sensitive to gauge choice: (|Δgauge| = 0.5128886821276583)
└ @ TensorKitChainRulesCoreExt ~/.julia/packages/TensorKit/esxcj/ext/TensorKitChainRulesCoreExt/factorizations.jl:254
┌ Warning: `svd` cotangents sensitive to gauge choice: (|Δgauge| = 0.5128886822180067)
└ @ TensorKitChainRulesCoreExt ~/.julia/packages/TensorKit/esxcj/ext/TensorKitChainRulesCoreExt/factorizations.jl:254
[ Info: LBFGS: iter   25, time 1654.16 s: f = -2.105720542550, ‖∇f‖ = 2.5844e-04, α = 1.00e+00, m = 8, nfg = 1
[ Info: CTMRG init:	obj = +5.359387287517e+00	err = 1.0000e+00
[ Info: CTMRG conv 16:	obj = +5.359387603620e+00	err = 3.2015280946e-10	time = 16.08 sec
┌ Warning: `svd` cotangents sensitive to gauge choice: (|Δgauge| = 0.5129294474174413)
└ @ TensorKitChainRulesCoreExt ~/.julia/packages/TensorKit/esxcj/ext/TensorKitChainRulesCoreExt/factorizations.jl:254
┌ Warning: `svd` cotangents sensitive to gauge choice: (|Δgauge| = 0.5129294475117334)
└ @ TensorKitChainRulesCoreExt ~/.julia/packages/TensorKit/esxcj/ext/TensorKitChainRulesCoreExt/factorizations.jl:254
[ Info: LBFGS: iter   26, time 1686.29 s: f = -2.105721132524, ‖∇f‖ = 4.0390e-04, α = 1.00e+00, m = 8, nfg = 1
[ Info: CTMRG init:	obj = +5.361395328604e+00	err = 1.0000e+00
[ Info: CTMRG conv 16:	obj = +5.361395448179e+00	err = 2.9428214435e-10	time = 17.53 sec
┌ Warning: `svd` cotangents sensitive to gauge choice: (|Δgauge| = 0.5131432339657425)
└ @ TensorKitChainRulesCoreExt ~/.julia/packages/TensorKit/esxcj/ext/TensorKitChainRulesCoreExt/factorizations.jl:254
┌ Warning: `svd` cotangents sensitive to gauge choice: (|Δgauge| = 0.5131432341915896)
└ @ TensorKitChainRulesCoreExt ~/.julia/packages/TensorKit/esxcj/ext/TensorKitChainRulesCoreExt/factorizations.jl:254
[ Info: LBFGS: iter   27, time 1718.57 s: f = -2.105721765841, ‖∇f‖ = 6.5061e-04, α = 1.00e+00, m = 8, nfg = 1
[ Info: CTMRG init:	obj = +5.362762885806e+00	err = 1.0000e+00
[ Info: CTMRG conv 16:	obj = +5.362762947731e+00	err = 2.2660510555e-10	time = 13.37 sec
┌ Warning: `svd` cotangents sensitive to gauge choice: (|Δgauge| = 0.5130623846477013)
└ @ TensorKitChainRulesCoreExt ~/.julia/packages/TensorKit/esxcj/ext/TensorKitChainRulesCoreExt/factorizations.jl:254
┌ Warning: `svd` cotangents sensitive to gauge choice: (|Δgauge| = 0.513062384636716)
└ @ TensorKitChainRulesCoreExt ~/.julia/packages/TensorKit/esxcj/ext/TensorKitChainRulesCoreExt/factorizations.jl:254
[ Info: LBFGS: iter   28, time 1737.48 s: f = -2.105722599844, ‖∇f‖ = 5.1519e-04, α = 1.00e+00, m = 8, nfg = 1
[ Info: CTMRG init:	obj = +5.364652776776e+00	err = 1.0000e+00
[ Info: CTMRG conv 15:	obj = +5.364653190435e+00	err = 9.6690416477e-10	time = 10.85 sec
┌ Warning: `svd` cotangents sensitive to gauge choice: (|Δgauge| = 0.512983539117434)
└ @ TensorKitChainRulesCoreExt ~/.julia/packages/TensorKit/esxcj/ext/TensorKitChainRulesCoreExt/factorizations.jl:254
┌ Warning: `svd` cotangents sensitive to gauge choice: (|Δgauge| = 0.5129835389798303)
└ @ TensorKitChainRulesCoreExt ~/.julia/packages/TensorKit/esxcj/ext/TensorKitChainRulesCoreExt/factorizations.jl:254
[ Info: LBFGS: iter   29, time 1753.78 s: f = -2.105724131087, ‖∇f‖ = 3.9841e-04, α = 1.00e+00, m = 8, nfg = 1
[ Info: CTMRG init:	obj = +5.368993256891e+00	err = 1.0000e+00
[ Info: CTMRG conv 16:	obj = +5.368998503411e+00	err = 3.4085459719e-10	time = 11.38 sec
┌ Warning: `svd` cotangents sensitive to gauge choice: (|Δgauge| = 0.5121560775116158)
└ @ TensorKitChainRulesCoreExt ~/.julia/packages/TensorKit/esxcj/ext/TensorKitChainRulesCoreExt/factorizations.jl:254
┌ Warning: `svd` cotangents sensitive to gauge choice: (|Δgauge| = 0.5121560778181041)
└ @ TensorKitChainRulesCoreExt ~/.julia/packages/TensorKit/esxcj/ext/TensorKitChainRulesCoreExt/factorizations.jl:254
[ Info: CTMRG init:	obj = +5.366215343684e+00	err = 1.0000e+00
[ Info: CTMRG conv 15:	obj = +5.366215992118e+00	err = 6.1793366069e-10	time = 11.28 sec
┌ Warning: `svd` cotangents sensitive to gauge choice: (|Δgauge| = 0.512693272393183)
└ @ TensorKitChainRulesCoreExt ~/.julia/packages/TensorKit/esxcj/ext/TensorKitChainRulesCoreExt/factorizations.jl:254
┌ Warning: `svd` cotangents sensitive to gauge choice: (|Δgauge| = 0.5126932724427886)
└ @ TensorKitChainRulesCoreExt ~/.julia/packages/TensorKit/esxcj/ext/TensorKitChainRulesCoreExt/factorizations.jl:254
[ Info: LBFGS: iter   30, time 1788.00 s: f = -2.105724517747, ‖∇f‖ = 5.4711e-04, α = 3.52e-01, m = 8, nfg = 2
[ Info: CTMRG init:	obj = +5.366519447458e+00	err = 1.0000e+00
[ Info: CTMRG conv 14:	obj = +5.366519644371e+00	err = 5.4598624625e-10	time = 10.57 sec
┌ Warning: `svd` cotangents sensitive to gauge choice: (|Δgauge| = 0.5127016708629653)
└ @ TensorKitChainRulesCoreExt ~/.julia/packages/TensorKit/esxcj/ext/TensorKitChainRulesCoreExt/factorizations.jl:254
┌ Warning: `svd` cotangents sensitive to gauge choice: (|Δgauge| = 0.5127016707572701)
└ @ TensorKitChainRulesCoreExt ~/.julia/packages/TensorKit/esxcj/ext/TensorKitChainRulesCoreExt/factorizations.jl:254
[ Info: LBFGS: iter   31, time 1804.34 s: f = -2.105725032331, ‖∇f‖ = 4.1159e-04, α = 1.00e+00, m = 8, nfg = 1
[ Info: CTMRG init:	obj = +5.367836361146e+00	err = 1.0000e+00
[ Info: CTMRG conv 15:	obj = +5.367836511945e+00	err = 5.2327598310e-10	time = 11.47 sec
┌ Warning: `svd` cotangents sensitive to gauge choice: (|Δgauge| = 0.512719539414377)
└ @ TensorKitChainRulesCoreExt ~/.julia/packages/TensorKit/esxcj/ext/TensorKitChainRulesCoreExt/factorizations.jl:254
┌ Warning: `svd` cotangents sensitive to gauge choice: (|Δgauge| = 0.5127195393882041)
└ @ TensorKitChainRulesCoreExt ~/.julia/packages/TensorKit/esxcj/ext/TensorKitChainRulesCoreExt/factorizations.jl:254
[ Info: LBFGS: iter   32, time 1821.44 s: f = -2.105725678632, ‖∇f‖ = 2.5782e-04, α = 1.00e+00, m = 8, nfg = 1
[ Info: CTMRG init:	obj = +5.369944072096e+00	err = 1.0000e+00
[ Info: CTMRG conv 16:	obj = +5.369944297079e+00	err = 2.1718592674e-10	time = 12.60 sec
┌ Warning: `svd` cotangents sensitive to gauge choice: (|Δgauge| = 0.5127286484307989)
└ @ TensorKitChainRulesCoreExt ~/.julia/packages/TensorKit/esxcj/ext/TensorKitChainRulesCoreExt/factorizations.jl:254
┌ Warning: `svd` cotangents sensitive to gauge choice: (|Δgauge| = 0.5127286484323136)
└ @ TensorKitChainRulesCoreExt ~/.julia/packages/TensorKit/esxcj/ext/TensorKitChainRulesCoreExt/factorizations.jl:254
[ Info: LBFGS: iter   33, time 1839.50 s: f = -2.105726037396, ‖∇f‖ = 5.1133e-04, α = 1.00e+00, m = 8, nfg = 1
[ Info: CTMRG init:	obj = +5.370940511804e+00	err = 1.0000e+00
[ Info: CTMRG conv 15:	obj = +5.370940542303e+00	err = 4.9799881727e-10	time = 11.89 sec
┌ Warning: `svd` cotangents sensitive to gauge choice: (|Δgauge| = 0.51274268131996)
└ @ TensorKitChainRulesCoreExt ~/.julia/packages/TensorKit/esxcj/ext/TensorKitChainRulesCoreExt/factorizations.jl:254
┌ Warning: `svd` cotangents sensitive to gauge choice: (|Δgauge| = 0.5127426813056692)
└ @ TensorKitChainRulesCoreExt ~/.julia/packages/TensorKit/esxcj/ext/TensorKitChainRulesCoreExt/factorizations.jl:254
[ Info: LBFGS: iter   34, time 1856.15 s: f = -2.105726331684, ‖∇f‖ = 2.9139e-04, α = 1.00e+00, m = 8, nfg = 1
[ Info: CTMRG init:	obj = +5.371004594851e+00	err = 1.0000e+00
[ Info: CTMRG conv 14:	obj = +5.371004614245e+00	err = 2.6347597293e-10	time = 10.72 sec
┌ Warning: `svd` cotangents sensitive to gauge choice: (|Δgauge| = 0.5127159450402954)
└ @ TensorKitChainRulesCoreExt ~/.julia/packages/TensorKit/esxcj/ext/TensorKitChainRulesCoreExt/factorizations.jl:254
┌ Warning: `svd` cotangents sensitive to gauge choice: (|Δgauge| = 0.5127159451478699)
└ @ TensorKitChainRulesCoreExt ~/.julia/packages/TensorKit/esxcj/ext/TensorKitChainRulesCoreExt/factorizations.jl:254
[ Info: LBFGS: iter   35, time 1871.40 s: f = -2.105726496313, ‖∇f‖ = 2.3440e-04, α = 1.00e+00, m = 8, nfg = 1
[ Info: CTMRG init:	obj = +5.371667248099e+00	err = 1.0000e+00
[ Info: CTMRG conv 15:	obj = +5.371667594639e+00	err = 3.4582597240e-10	time = 12.40 sec
┌ Warning: `svd` cotangents sensitive to gauge choice: (|Δgauge| = 0.5126481545680666)
└ @ TensorKitChainRulesCoreExt ~/.julia/packages/TensorKit/esxcj/ext/TensorKitChainRulesCoreExt/factorizations.jl:254
┌ Warning: `svd` cotangents sensitive to gauge choice: (|Δgauge| = 0.5126481544249684)
└ @ TensorKitChainRulesCoreExt ~/.julia/packages/TensorKit/esxcj/ext/TensorKitChainRulesCoreExt/factorizations.jl:254
[ Info: LBFGS: iter   36, time 1888.83 s: f = -2.105727094435, ‖∇f‖ = 3.1629e-04, α = 1.00e+00, m = 8, nfg = 1
[ Info: CTMRG init:	obj = +5.372962441421e+00	err = 1.0000e+00
[ Info: CTMRG conv 15:	obj = +5.372962491191e+00	err = 2.6207394843e-10	time = 12.35 sec
┌ Warning: `svd` cotangents sensitive to gauge choice: (|Δgauge| = 0.5125093675645788)
└ @ TensorKitChainRulesCoreExt ~/.julia/packages/TensorKit/esxcj/ext/TensorKitChainRulesCoreExt/factorizations.jl:254
┌ Warning: `svd` cotangents sensitive to gauge choice: (|Δgauge| = 0.5125093675815603)
└ @ TensorKitChainRulesCoreExt ~/.julia/packages/TensorKit/esxcj/ext/TensorKitChainRulesCoreExt/factorizations.jl:254
[ Info: LBFGS: iter   37, time 1906.54 s: f = -2.105727632868, ‖∇f‖ = 6.6327e-04, α = 1.00e+00, m = 8, nfg = 1
[ Info: CTMRG init:	obj = +5.373212196205e+00	err = 1.0000e+00
[ Info: CTMRG conv 14:	obj = +5.373212250651e+00	err = 6.8780892224e-10	time = 11.10 sec
┌ Warning: `svd` cotangents sensitive to gauge choice: (|Δgauge| = 0.5125102847601468)
└ @ TensorKitChainRulesCoreExt ~/.julia/packages/TensorKit/esxcj/ext/TensorKitChainRulesCoreExt/factorizations.jl:254
┌ Warning: `svd` cotangents sensitive to gauge choice: (|Δgauge| = 0.5125102847012726)
└ @ TensorKitChainRulesCoreExt ~/.julia/packages/TensorKit/esxcj/ext/TensorKitChainRulesCoreExt/factorizations.jl:254
[ Info: LBFGS: iter   38, time 1922.96 s: f = -2.105728219503, ‖∇f‖ = 4.0267e-04, α = 1.00e+00, m = 8, nfg = 1
[ Info: CTMRG init:	obj = +5.373447431190e+00	err = 1.0000e+00
[ Info: CTMRG conv 15:	obj = +5.373447688313e+00	err = 5.6087866439e-10	time = 12.59 sec
┌ Warning: `svd` cotangents sensitive to gauge choice: (|Δgauge| = 0.5126055879574519)
└ @ TensorKitChainRulesCoreExt ~/.julia/packages/TensorKit/esxcj/ext/TensorKitChainRulesCoreExt/factorizations.jl:254
┌ Warning: `svd` cotangents sensitive to gauge choice: (|Δgauge| = 0.5126055878671819)
└ @ TensorKitChainRulesCoreExt ~/.julia/packages/TensorKit/esxcj/ext/TensorKitChainRulesCoreExt/factorizations.jl:254
[ Info: LBFGS: iter   39, time 1941.07 s: f = -2.105728871468, ‖∇f‖ = 2.4175e-04, α = 1.00e+00, m = 8, nfg = 1
[ Info: CTMRG init:	obj = +5.373804220647e+00	err = 1.0000e+00
[ Info: CTMRG conv 14:	obj = +5.373804261778e+00	err = 5.3867897159e-10	time = 11.96 sec
┌ Warning: `svd` cotangents sensitive to gauge choice: (|Δgauge| = 0.5124557937649256)
└ @ TensorKitChainRulesCoreExt ~/.julia/packages/TensorKit/esxcj/ext/TensorKitChainRulesCoreExt/factorizations.jl:254
┌ Warning: `svd` cotangents sensitive to gauge choice: (|Δgauge| = 0.5124557933998313)
└ @ TensorKitChainRulesCoreExt ~/.julia/packages/TensorKit/esxcj/ext/TensorKitChainRulesCoreExt/factorizations.jl:254
[ Info: LBFGS: iter   40, time 1958.00 s: f = -2.105729052572, ‖∇f‖ = 3.3727e-04, α = 1.00e+00, m = 8, nfg = 1
[ Info: CTMRG init:	obj = +5.373665491216e+00	err = 1.0000e+00
[ Info: CTMRG conv 15:	obj = +5.373665512122e+00	err = 3.6063035149e-10	time = 13.42 sec
┌ Warning: `svd` cotangents sensitive to gauge choice: (|Δgauge| = 0.5125318836395877)
└ @ TensorKitChainRulesCoreExt ~/.julia/packages/TensorKit/esxcj/ext/TensorKitChainRulesCoreExt/factorizations.jl:254
┌ Warning: `svd` cotangents sensitive to gauge choice: (|Δgauge| = 0.5125318835251915)
└ @ TensorKitChainRulesCoreExt ~/.julia/packages/TensorKit/esxcj/ext/TensorKitChainRulesCoreExt/factorizations.jl:254
[ Info: LBFGS: iter   41, time 1976.83 s: f = -2.105729326663, ‖∇f‖ = 2.4826e-04, α = 1.00e+00, m = 8, nfg = 1
[ Info: CTMRG init:	obj = +5.373923750870e+00	err = 1.0000e+00
[ Info: CTMRG conv 15:	obj = +5.373923872450e+00	err = 4.7403170195e-10	time = 13.76 sec
┌ Warning: `svd` cotangents sensitive to gauge choice: (|Δgauge| = 0.512653756289226)
└ @ TensorKitChainRulesCoreExt ~/.julia/packages/TensorKit/esxcj/ext/TensorKitChainRulesCoreExt/factorizations.jl:254
┌ Warning: `svd` cotangents sensitive to gauge choice: (|Δgauge| = 0.5126537562009392)
└ @ TensorKitChainRulesCoreExt ~/.julia/packages/TensorKit/esxcj/ext/TensorKitChainRulesCoreExt/factorizations.jl:254
[ Info: LBFGS: iter   42, time 1995.45 s: f = -2.105729778222, ‖∇f‖ = 2.3120e-04, α = 1.00e+00, m = 8, nfg = 1
[ Info: CTMRG init:	obj = +5.373684842276e+00	err = 1.0000e+00
[ Info: CTMRG conv 15:	obj = +5.373685433425e+00	err = 4.9603942168e-10	time = 12.88 sec
┌ Warning: `svd` cotangents sensitive to gauge choice: (|Δgauge| = 0.5128371572235189)
└ @ TensorKitChainRulesCoreExt ~/.julia/packages/TensorKit/esxcj/ext/TensorKitChainRulesCoreExt/factorizations.jl:254
┌ Warning: `svd` cotangents sensitive to gauge choice: (|Δgauge| = 0.5128371572467945)
└ @ TensorKitChainRulesCoreExt ~/.julia/packages/TensorKit/esxcj/ext/TensorKitChainRulesCoreExt/factorizations.jl:254
[ Info: LBFGS: iter   43, time 2013.66 s: f = -2.105729867431, ‖∇f‖ = 5.0354e-04, α = 1.00e+00, m = 8, nfg = 1
[ Info: CTMRG init:	obj = +5.373950718001e+00	err = 1.0000e+00
[ Info: CTMRG conv 14:	obj = +5.373950861602e+00	err = 6.0388722273e-10	time = 12.48 sec
┌ Warning: `svd` cotangents sensitive to gauge choice: (|Δgauge| = 0.5127722397599597)
└ @ TensorKitChainRulesCoreExt ~/.julia/packages/TensorKit/esxcj/ext/TensorKitChainRulesCoreExt/factorizations.jl:254
┌ Warning: `svd` cotangents sensitive to gauge choice: (|Δgauge| = 0.5127722397540706)
└ @ TensorKitChainRulesCoreExt ~/.julia/packages/TensorKit/esxcj/ext/TensorKitChainRulesCoreExt/factorizations.jl:254
[ Info: LBFGS: iter   44, time 2030.35 s: f = -2.105730124140, ‖∇f‖ = 2.2836e-04, α = 1.00e+00, m = 8, nfg = 1
[ Info: CTMRG init:	obj = +5.374250853307e+00	err = 1.0000e+00
[ Info: CTMRG conv 13:	obj = +5.374250941610e+00	err = 9.7955036916e-10	time = 11.53 sec
┌ Warning: `svd` cotangents sensitive to gauge choice: (|Δgauge| = 0.5127212685375504)
└ @ TensorKitChainRulesCoreExt ~/.julia/packages/TensorKit/esxcj/ext/TensorKitChainRulesCoreExt/factorizations.jl:254
┌ Warning: `svd` cotangents sensitive to gauge choice: (|Δgauge| = 0.5127212685329572)
└ @ TensorKitChainRulesCoreExt ~/.julia/packages/TensorKit/esxcj/ext/TensorKitChainRulesCoreExt/factorizations.jl:254
[ Info: LBFGS: iter   45, time 2046.43 s: f = -2.105730363947, ‖∇f‖ = 2.0898e-04, α = 1.00e+00, m = 8, nfg = 1
[ Info: CTMRG init:	obj = +5.374588527715e+00	err = 1.0000e+00
[ Info: CTMRG conv 15:	obj = +5.374588676674e+00	err = 4.0664580750e-10	time = 13.68 sec
┌ Warning: `svd` cotangents sensitive to gauge choice: (|Δgauge| = 0.5126641241859893)
└ @ TensorKitChainRulesCoreExt ~/.julia/packages/TensorKit/esxcj/ext/TensorKitChainRulesCoreExt/factorizations.jl:254
┌ Warning: `svd` cotangents sensitive to gauge choice: (|Δgauge| = 0.5126641242573364)
└ @ TensorKitChainRulesCoreExt ~/.julia/packages/TensorKit/esxcj/ext/TensorKitChainRulesCoreExt/factorizations.jl:254
[ Info: LBFGS: iter   46, time 2065.12 s: f = -2.105730731891, ‖∇f‖ = 3.6193e-04, α = 1.00e+00, m = 8, nfg = 1
[ Info: CTMRG init:	obj = +5.374438331825e+00	err = 1.0000e+00
[ Info: CTMRG conv 16:	obj = +5.374438482255e+00	err = 2.4826330681e-10	time = 14.50 sec
┌ Warning: `svd` cotangents sensitive to gauge choice: (|Δgauge| = 0.512626437146604)
└ @ TensorKitChainRulesCoreExt ~/.julia/packages/TensorKit/esxcj/ext/TensorKitChainRulesCoreExt/factorizations.jl:254
┌ Warning: `svd` cotangents sensitive to gauge choice: (|Δgauge| = 0.5126264370916702)
└ @ TensorKitChainRulesCoreExt ~/.julia/packages/TensorKit/esxcj/ext/TensorKitChainRulesCoreExt/factorizations.jl:254
[ Info: LBFGS: iter   47, time 2084.15 s: f = -2.105731183357, ‖∇f‖ = 4.2188e-04, α = 1.00e+00, m = 8, nfg = 1
[ Info: CTMRG init:	obj = +5.372620890768e+00	err = 1.0000e+00
[ Info: CTMRG conv 16:	obj = +5.372622211509e+00	err = 7.9933345199e-10	time = 14.55 sec
┌ Warning: `svd` cotangents sensitive to gauge choice: (|Δgauge| = 0.5126140652451454)
└ @ TensorKitChainRulesCoreExt ~/.julia/packages/TensorKit/esxcj/ext/TensorKitChainRulesCoreExt/factorizations.jl:254
┌ Warning: `svd` cotangents sensitive to gauge choice: (|Δgauge| = 0.5126140653151463)
└ @ TensorKitChainRulesCoreExt ~/.julia/packages/TensorKit/esxcj/ext/TensorKitChainRulesCoreExt/factorizations.jl:254
[ Info: CTMRG init:	obj = +5.373890811831e+00	err = 1.0000e+00
[ Info: CTMRG conv 16:	obj = +5.373890961875e+00	err = 2.6737017315e-10	time = 15.29 sec
┌ Warning: `svd` cotangents sensitive to gauge choice: (|Δgauge| = 0.5126220985222023)
└ @ TensorKitChainRulesCoreExt ~/.julia/packages/TensorKit/esxcj/ext/TensorKitChainRulesCoreExt/factorizations.jl:254
┌ Warning: `svd` cotangents sensitive to gauge choice: (|Δgauge| = 0.5126220985019192)
└ @ TensorKitChainRulesCoreExt ~/.julia/packages/TensorKit/esxcj/ext/TensorKitChainRulesCoreExt/factorizations.jl:254
[ Info: LBFGS: iter   48, time 2124.33 s: f = -2.105731403367, ‖∇f‖ = 4.9812e-04, α = 3.37e-01, m = 8, nfg = 2
[ Info: CTMRG init:	obj = +5.372928071455e+00	err = 1.0000e+00
[ Info: CTMRG conv 16:	obj = +5.372928225824e+00	err = 3.6826582185e-10	time = 15.22 sec
┌ Warning: `svd` cotangents sensitive to gauge choice: (|Δgauge| = 0.512625303712176)
└ @ TensorKitChainRulesCoreExt ~/.julia/packages/TensorKit/esxcj/ext/TensorKitChainRulesCoreExt/factorizations.jl:254
┌ Warning: `svd` cotangents sensitive to gauge choice: (|Δgauge| = 0.5126253037646162)
└ @ TensorKitChainRulesCoreExt ~/.julia/packages/TensorKit/esxcj/ext/TensorKitChainRulesCoreExt/factorizations.jl:254
[ Info: LBFGS: iter   49, time 2144.54 s: f = -2.105731739030, ‖∇f‖ = 2.3970e-04, α = 1.00e+00, m = 8, nfg = 1
[ Info: CTMRG init:	obj = +5.372094467516e+00	err = 1.0000e+00
[ Info: CTMRG conv 16:	obj = +5.372094540324e+00	err = 2.2833251274e-10	time = 14.39 sec
┌ Warning: `svd` cotangents sensitive to gauge choice: (|Δgauge| = 0.5126218963691482)
└ @ TensorKitChainRulesCoreExt ~/.julia/packages/TensorKit/esxcj/ext/TensorKitChainRulesCoreExt/factorizations.jl:254
┌ Warning: `svd` cotangents sensitive to gauge choice: (|Δgauge| = 0.5126218963657956)
└ @ TensorKitChainRulesCoreExt ~/.julia/packages/TensorKit/esxcj/ext/TensorKitChainRulesCoreExt/factorizations.jl:254
[ Info: LBFGS: iter   50, time 2164.09 s: f = -2.105731899792, ‖∇f‖ = 1.7804e-04, α = 1.00e+00, m = 8, nfg = 1
[ Info: CTMRG init:	obj = +5.371539645115e+00	err = 1.0000e+00
[ Info: CTMRG conv 15:	obj = +5.371539688479e+00	err = 7.2379915932e-10	time = 13.46 sec
┌ Warning: `svd` cotangents sensitive to gauge choice: (|Δgauge| = 0.5126414919228783)
└ @ TensorKitChainRulesCoreExt ~/.julia/packages/TensorKit/esxcj/ext/TensorKitChainRulesCoreExt/factorizations.jl:254
┌ Warning: `svd` cotangents sensitive to gauge choice: (|Δgauge| = 0.5126414919039883)
└ @ TensorKitChainRulesCoreExt ~/.julia/packages/TensorKit/esxcj/ext/TensorKitChainRulesCoreExt/factorizations.jl:254
[ Info: LBFGS: iter   51, time 2182.60 s: f = -2.105732007231, ‖∇f‖ = 1.8017e-04, α = 1.00e+00, m = 8, nfg = 1
[ Info: CTMRG init:	obj = +5.371289014076e+00	err = 1.0000e+00
[ Info: CTMRG conv 15:	obj = +5.371289053820e+00	err = 4.7255889330e-10	time = 13.30 sec
┌ Warning: `svd` cotangents sensitive to gauge choice: (|Δgauge| = 0.5125979522745812)
└ @ TensorKitChainRulesCoreExt ~/.julia/packages/TensorKit/esxcj/ext/TensorKitChainRulesCoreExt/factorizations.jl:254
┌ Warning: `svd` cotangents sensitive to gauge choice: (|Δgauge| = 0.5125979521197968)
└ @ TensorKitChainRulesCoreExt ~/.julia/packages/TensorKit/esxcj/ext/TensorKitChainRulesCoreExt/factorizations.jl:254
[ Info: LBFGS: iter   52, time 2200.58 s: f = -2.105732125122, ‖∇f‖ = 1.4975e-04, α = 1.00e+00, m = 8, nfg = 1
[ Info: CTMRG init:	obj = +5.371220449989e+00	err = 1.0000e+00
[ Info: CTMRG conv 15:	obj = +5.371220639531e+00	err = 6.6721858344e-10	time = 13.94 sec
┌ Warning: `svd` cotangents sensitive to gauge choice: (|Δgauge| = 0.5128085065074781)
└ @ TensorKitChainRulesCoreExt ~/.julia/packages/TensorKit/esxcj/ext/TensorKitChainRulesCoreExt/factorizations.jl:254
┌ Warning: `svd` cotangents sensitive to gauge choice: (|Δgauge| = 0.512808506548809)
└ @ TensorKitChainRulesCoreExt ~/.julia/packages/TensorKit/esxcj/ext/TensorKitChainRulesCoreExt/factorizations.jl:254
[ Info: LBFGS: iter   53, time 2219.49 s: f = -2.105732194569, ‖∇f‖ = 5.5937e-04, α = 1.00e+00, m = 8, nfg = 1
[ Info: CTMRG init:	obj = +5.371444281582e+00	err = 1.0000e+00
[ Info: CTMRG conv 14:	obj = +5.371444377048e+00	err = 7.6734114653e-10	time = 14.70 sec
┌ Warning: `svd` cotangents sensitive to gauge choice: (|Δgauge| = 0.5125996081144044)
└ @ TensorKitChainRulesCoreExt ~/.julia/packages/TensorKit/esxcj/ext/TensorKitChainRulesCoreExt/factorizations.jl:254
┌ Warning: `svd` cotangents sensitive to gauge choice: (|Δgauge| = 0.5125996081595512)
└ @ TensorKitChainRulesCoreExt ~/.julia/packages/TensorKit/esxcj/ext/TensorKitChainRulesCoreExt/factorizations.jl:254
[ Info: LBFGS: iter   54, time 2243.06 s: f = -2.105732431476, ‖∇f‖ = 1.6376e-04, α = 1.00e+00, m = 8, nfg = 1
[ Info: CTMRG init:	obj = +5.371788685575e+00	err = 1.0000e+00
[ Info: CTMRG conv 13:	obj = +5.371788706798e+00	err = 8.2468423411e-10	time = 18.76 sec
┌ Warning: `svd` cotangents sensitive to gauge choice: (|Δgauge| = 0.5125384147636989)
└ @ TensorKitChainRulesCoreExt ~/.julia/packages/TensorKit/esxcj/ext/TensorKitChainRulesCoreExt/factorizations.jl:254
┌ Warning: `svd` cotangents sensitive to gauge choice: (|Δgauge| = 0.5125384147299203)
└ @ TensorKitChainRulesCoreExt ~/.julia/packages/TensorKit/esxcj/ext/TensorKitChainRulesCoreExt/factorizations.jl:254
[ Info: LBFGS: iter   55, time 2266.91 s: f = -2.105732524209, ‖∇f‖ = 1.3311e-04, α = 1.00e+00, m = 8, nfg = 1
[ Info: CTMRG init:	obj = +5.372113558396e+00	err = 1.0000e+00
[ Info: CTMRG conv 14:	obj = +5.372113580990e+00	err = 6.1136599641e-10	time = 14.11 sec
┌ Warning: `svd` cotangents sensitive to gauge choice: (|Δgauge| = 0.5125355096302749)
└ @ TensorKitChainRulesCoreExt ~/.julia/packages/TensorKit/esxcj/ext/TensorKitChainRulesCoreExt/factorizations.jl:254
┌ Warning: `svd` cotangents sensitive to gauge choice: (|Δgauge| = 0.5125355094724666)
└ @ TensorKitChainRulesCoreExt ~/.julia/packages/TensorKit/esxcj/ext/TensorKitChainRulesCoreExt/factorizations.jl:254
[ Info: LBFGS: iter   56, time 2285.70 s: f = -2.105732602462, ‖∇f‖ = 1.3147e-04, α = 1.00e+00, m = 8, nfg = 1
[ Info: CTMRG init:	obj = +5.372025799216e+00	err = 1.0000e+00
[ Info: CTMRG conv 16:	obj = +5.372025824620e+00	err = 2.1641413398e-10	time = 15.44 sec
┌ Warning: `svd` cotangents sensitive to gauge choice: (|Δgauge| = 0.512532028772462)
└ @ TensorKitChainRulesCoreExt ~/.julia/packages/TensorKit/esxcj/ext/TensorKitChainRulesCoreExt/factorizations.jl:254
┌ Warning: `svd` cotangents sensitive to gauge choice: (|Δgauge| = 0.5125320287181104)
└ @ TensorKitChainRulesCoreExt ~/.julia/packages/TensorKit/esxcj/ext/TensorKitChainRulesCoreExt/factorizations.jl:254
[ Info: LBFGS: iter   57, time 2306.10 s: f = -2.105732715806, ‖∇f‖ = 1.7768e-04, α = 1.00e+00, m = 8, nfg = 1
[ Info: CTMRG init:	obj = +5.371385869043e+00	err = 1.0000e+00
[ Info: CTMRG conv 16:	obj = +5.371386108364e+00	err = 5.5021536469e-10	time = 14.35 sec
┌ Warning: `svd` cotangents sensitive to gauge choice: (|Δgauge| = 0.512593595779911)
└ @ TensorKitChainRulesCoreExt ~/.julia/packages/TensorKit/esxcj/ext/TensorKitChainRulesCoreExt/factorizations.jl:254
┌ Warning: `svd` cotangents sensitive to gauge choice: (|Δgauge| = 0.5125935958461232)
└ @ TensorKitChainRulesCoreExt ~/.julia/packages/TensorKit/esxcj/ext/TensorKitChainRulesCoreExt/factorizations.jl:254
[ Info: LBFGS: iter   58, time 2325.72 s: f = -2.105732865189, ‖∇f‖ = 3.0832e-04, α = 1.00e+00, m = 8, nfg = 1
[ Info: CTMRG init:	obj = +5.370889912108e+00	err = 1.0000e+00
[ Info: CTMRG conv 16:	obj = +5.370889962898e+00	err = 2.9367899575e-10	time = 18.14 sec
┌ Warning: `svd` cotangents sensitive to gauge choice: (|Δgauge| = 0.512624267187622)
└ @ TensorKitChainRulesCoreExt ~/.julia/packages/TensorKit/esxcj/ext/TensorKitChainRulesCoreExt/factorizations.jl:254
┌ Warning: `svd` cotangents sensitive to gauge choice: (|Δgauge| = 0.5126242673452346)
└ @ TensorKitChainRulesCoreExt ~/.julia/packages/TensorKit/esxcj/ext/TensorKitChainRulesCoreExt/factorizations.jl:254
[ Info: LBFGS: iter   59, time 2349.35 s: f = -2.105733015602, ‖∇f‖ = 2.0070e-04, α = 1.00e+00, m = 8, nfg = 1
[ Info: CTMRG init:	obj = +5.370633022550e+00	err = 1.0000e+00
[ Info: CTMRG conv 15:	obj = +5.370633049196e+00	err = 4.7773393526e-10	time = 16.06 sec
┌ Warning: `svd` cotangents sensitive to gauge choice: (|Δgauge| = 0.512628155096851)
└ @ TensorKitChainRulesCoreExt ~/.julia/packages/TensorKit/esxcj/ext/TensorKitChainRulesCoreExt/factorizations.jl:254
┌ Warning: `svd` cotangents sensitive to gauge choice: (|Δgauge| = 0.5126281550963152)
└ @ TensorKitChainRulesCoreExt ~/.julia/packages/TensorKit/esxcj/ext/TensorKitChainRulesCoreExt/factorizations.jl:254
[ Info: LBFGS: iter   60, time 2370.38 s: f = -2.105733114389, ‖∇f‖ = 1.8096e-04, α = 1.00e+00, m = 8, nfg = 1
[ Info: CTMRG init:	obj = +5.370651746023e+00	err = 1.0000e+00
[ Info: CTMRG conv 16:	obj = +5.370651861499e+00	err = 2.2687774374e-10	time = 16.98 sec
┌ Warning: `svd` cotangents sensitive to gauge choice: (|Δgauge| = 0.5126320024777191)
└ @ TensorKitChainRulesCoreExt ~/.julia/packages/TensorKit/esxcj/ext/TensorKitChainRulesCoreExt/factorizations.jl:254
┌ Warning: `svd` cotangents sensitive to gauge choice: (|Δgauge| = 0.5126320025970821)
└ @ TensorKitChainRulesCoreExt ~/.julia/packages/TensorKit/esxcj/ext/TensorKitChainRulesCoreExt/factorizations.jl:254
[ Info: LBFGS: iter   61, time 2392.47 s: f = -2.105733310806, ‖∇f‖ = 2.7129e-04, α = 1.00e+00, m = 8, nfg = 1
[ Info: CTMRG init:	obj = +5.371289678720e+00	err = 1.0000e+00
[ Info: CTMRG conv 16:	obj = +5.371289788727e+00	err = 3.6447271241e-10	time = 17.19 sec
┌ Warning: `svd` cotangents sensitive to gauge choice: (|Δgauge| = 0.512627235262638)
└ @ TensorKitChainRulesCoreExt ~/.julia/packages/TensorKit/esxcj/ext/TensorKitChainRulesCoreExt/factorizations.jl:254
┌ Warning: `svd` cotangents sensitive to gauge choice: (|Δgauge| = 0.5126272353519694)
└ @ TensorKitChainRulesCoreExt ~/.julia/packages/TensorKit/esxcj/ext/TensorKitChainRulesCoreExt/factorizations.jl:254
[ Info: LBFGS: iter   62, time 2415.02 s: f = -2.105733648535, ‖∇f‖ = 2.5353e-04, α = 1.00e+00, m = 8, nfg = 1
[ Info: CTMRG init:	obj = +5.372856360249e+00	err = 1.0000e+00
[ Info: CTMRG conv 16:	obj = +5.372856527256e+00	err = 2.3234149643e-10	time = 17.17 sec
┌ Warning: `svd` cotangents sensitive to gauge choice: (|Δgauge| = 0.512597149733167)
└ @ TensorKitChainRulesCoreExt ~/.julia/packages/TensorKit/esxcj/ext/TensorKitChainRulesCoreExt/factorizations.jl:254
┌ Warning: `svd` cotangents sensitive to gauge choice: (|Δgauge| = 0.5125971496693938)
└ @ TensorKitChainRulesCoreExt ~/.julia/packages/TensorKit/esxcj/ext/TensorKitChainRulesCoreExt/factorizations.jl:254
[ Info: LBFGS: iter   63, time 2437.08 s: f = -2.105734022750, ‖∇f‖ = 2.2425e-04, α = 1.00e+00, m = 8, nfg = 1
[ Info: CTMRG init:	obj = +5.375425715692e+00	err = 1.0000e+00
[ Info: CTMRG conv 15:	obj = +5.375426632140e+00	err = 7.5433741508e-10	time = 13.68 sec
┌ Warning: `svd` cotangents sensitive to gauge choice: (|Δgauge| = 0.5129000509210685)
└ @ TensorKitChainRulesCoreExt ~/.julia/packages/TensorKit/esxcj/ext/TensorKitChainRulesCoreExt/factorizations.jl:254
┌ Warning: `svd` cotangents sensitive to gauge choice: (|Δgauge| = 0.5129000511017234)
└ @ TensorKitChainRulesCoreExt ~/.julia/packages/TensorKit/esxcj/ext/TensorKitChainRulesCoreExt/factorizations.jl:254
[ Info: LBFGS: iter   64, time 2463.02 s: f = -2.105734126926, ‖∇f‖ = 7.1111e-04, α = 1.00e+00, m = 8, nfg = 1
[ Info: CTMRG init:	obj = +5.375991897257e+00	err = 1.0000e+00
[ Info: CTMRG conv 15:	obj = +5.375992262261e+00	err = 3.7093870828e-10	time = 20.01 sec
┌ Warning: `svd` cotangents sensitive to gauge choice: (|Δgauge| = 0.5125659103703053)
└ @ TensorKitChainRulesCoreExt ~/.julia/packages/TensorKit/esxcj/ext/TensorKitChainRulesCoreExt/factorizations.jl:254
┌ Warning: `svd` cotangents sensitive to gauge choice: (|Δgauge| = 0.5125659105294762)
└ @ TensorKitChainRulesCoreExt ~/.julia/packages/TensorKit/esxcj/ext/TensorKitChainRulesCoreExt/factorizations.jl:254
[ Info: LBFGS: iter   65, time 2488.03 s: f = -2.105734479668, ‖∇f‖ = 1.8055e-04, α = 1.00e+00, m = 8, nfg = 1
[ Info: CTMRG init:	obj = +5.375729811234e+00	err = 1.0000e+00
[ Info: CTMRG conv 15:	obj = +5.375729822176e+00	err = 3.5735510961e-10	time = 16.08 sec
┌ Warning: `svd` cotangents sensitive to gauge choice: (|Δgauge| = 0.5125745746777649)
└ @ TensorKitChainRulesCoreExt ~/.julia/packages/TensorKit/esxcj/ext/TensorKitChainRulesCoreExt/factorizations.jl:254
┌ Warning: `svd` cotangents sensitive to gauge choice: (|Δgauge| = 0.5125745745226442)
└ @ TensorKitChainRulesCoreExt ~/.julia/packages/TensorKit/esxcj/ext/TensorKitChainRulesCoreExt/factorizations.jl:254
[ Info: LBFGS: iter   66, time 2508.89 s: f = -2.105734537892, ‖∇f‖ = 1.3561e-04, α = 1.00e+00, m = 8, nfg = 1
[ Info: CTMRG init:	obj = +5.375824654350e+00	err = 1.0000e+00
[ Info: CTMRG conv 15:	obj = +5.375824715649e+00	err = 2.8851628726e-10	time = 14.99 sec
┌ Warning: `svd` cotangents sensitive to gauge choice: (|Δgauge| = 0.5125678401428477)
└ @ TensorKitChainRulesCoreExt ~/.julia/packages/TensorKit/esxcj/ext/TensorKitChainRulesCoreExt/factorizations.jl:254
┌ Warning: `svd` cotangents sensitive to gauge choice: (|Δgauge| = 0.512567840203173)
└ @ TensorKitChainRulesCoreExt ~/.julia/packages/TensorKit/esxcj/ext/TensorKitChainRulesCoreExt/factorizations.jl:254
[ Info: LBFGS: iter   67, time 2528.87 s: f = -2.105734750262, ‖∇f‖ = 1.3537e-04, α = 1.00e+00, m = 8, nfg = 1
[ Info: CTMRG init:	obj = +5.378686877214e+00	err = 1.0000e+00
[ Info: CTMRG conv 15:	obj = +5.378687201215e+00	err = 3.1426725551e-10	time = 15.99 sec
┌ Warning: `svd` cotangents sensitive to gauge choice: (|Δgauge| = 0.5125443816918107)
└ @ TensorKitChainRulesCoreExt ~/.julia/packages/TensorKit/esxcj/ext/TensorKitChainRulesCoreExt/factorizations.jl:254
┌ Warning: `svd` cotangents sensitive to gauge choice: (|Δgauge| = 0.5125443815943981)
└ @ TensorKitChainRulesCoreExt ~/.julia/packages/TensorKit/esxcj/ext/TensorKitChainRulesCoreExt/factorizations.jl:254
[ Info: LBFGS: iter   68, time 2549.49 s: f = -2.105734981192, ‖∇f‖ = 5.5176e-04, α = 1.00e+00, m = 8, nfg = 1
[ Info: CTMRG init:	obj = +5.379320420358e+00	err = 1.0000e+00
[ Info: CTMRG conv 15:	obj = +5.379320497234e+00	err = 4.0044423742e-10	time = 16.29 sec
┌ Warning: `svd` cotangents sensitive to gauge choice: (|Δgauge| = 0.5125046345745726)
└ @ TensorKitChainRulesCoreExt ~/.julia/packages/TensorKit/esxcj/ext/TensorKitChainRulesCoreExt/factorizations.jl:254
┌ Warning: `svd` cotangents sensitive to gauge choice: (|Δgauge| = 0.5125046344574897)
└ @ TensorKitChainRulesCoreExt ~/.julia/packages/TensorKit/esxcj/ext/TensorKitChainRulesCoreExt/factorizations.jl:254
[ Info: LBFGS: iter   69, time 2570.93 s: f = -2.105735321002, ‖∇f‖ = 2.8339e-04, α = 1.00e+00, m = 8, nfg = 1
[ Info: CTMRG init:	obj = +5.381585575725e+00	err = 1.0000e+00
[ Info: CTMRG conv 15:	obj = +5.381585702716e+00	err = 8.1786917939e-10	time = 15.54 sec
┌ Warning: `svd` cotangents sensitive to gauge choice: (|Δgauge| = 0.5124444654034506)
└ @ TensorKitChainRulesCoreExt ~/.julia/packages/TensorKit/esxcj/ext/TensorKitChainRulesCoreExt/factorizations.jl:254
┌ Warning: `svd` cotangents sensitive to gauge choice: (|Δgauge| = 0.5124444654867739)
└ @ TensorKitChainRulesCoreExt ~/.julia/packages/TensorKit/esxcj/ext/TensorKitChainRulesCoreExt/factorizations.jl:254
[ Info: LBFGS: iter   70, time 2591.24 s: f = -2.105735661909, ‖∇f‖ = 1.9375e-04, α = 1.00e+00, m = 8, nfg = 1
[ Info: CTMRG init:	obj = +5.384776768570e+00	err = 1.0000e+00
[ Info: CTMRG conv 14:	obj = +5.384776888460e+00	err = 9.7226476969e-10	time = 14.21 sec
┌ Warning: `svd` cotangents sensitive to gauge choice: (|Δgauge| = 0.5124387093907479)
└ @ TensorKitChainRulesCoreExt ~/.julia/packages/TensorKit/esxcj/ext/TensorKitChainRulesCoreExt/factorizations.jl:254
┌ Warning: `svd` cotangents sensitive to gauge choice: (|Δgauge| = 0.5124387094356946)
└ @ TensorKitChainRulesCoreExt ~/.julia/packages/TensorKit/esxcj/ext/TensorKitChainRulesCoreExt/factorizations.jl:254
[ Info: LBFGS: iter   71, time 2610.19 s: f = -2.105735929624, ‖∇f‖ = 3.3727e-04, α = 1.00e+00, m = 8, nfg = 1
[ Info: CTMRG init:	obj = +5.389109961021e+00	err = 1.0000e+00
[ Info: CTMRG conv 15:	obj = +5.389110149138e+00	err = 4.8131828159e-10	time = 15.07 sec
┌ Warning: `svd` cotangents sensitive to gauge choice: (|Δgauge| = 0.5124340422363531)
└ @ TensorKitChainRulesCoreExt ~/.julia/packages/TensorKit/esxcj/ext/TensorKitChainRulesCoreExt/factorizations.jl:254
┌ Warning: `svd` cotangents sensitive to gauge choice: (|Δgauge| = 0.5124340422590652)
└ @ TensorKitChainRulesCoreExt ~/.julia/packages/TensorKit/esxcj/ext/TensorKitChainRulesCoreExt/factorizations.jl:254
[ Info: LBFGS: iter   72, time 2634.71 s: f = -2.105736245742, ‖∇f‖ = 3.6378e-04, α = 1.00e+00, m = 8, nfg = 1
[ Info: CTMRG init:	obj = +5.391374146930e+00	err = 1.0000e+00
[ Info: CTMRG conv 15:	obj = +5.391374192723e+00	err = 9.5965181176e-10	time = 18.39 sec
┌ Warning: `svd` cotangents sensitive to gauge choice: (|Δgauge| = 0.5124966028591156)
└ @ TensorKitChainRulesCoreExt ~/.julia/packages/TensorKit/esxcj/ext/TensorKitChainRulesCoreExt/factorizations.jl:254
┌ Warning: `svd` cotangents sensitive to gauge choice: (|Δgauge| = 0.5124966028225533)
└ @ TensorKitChainRulesCoreExt ~/.julia/packages/TensorKit/esxcj/ext/TensorKitChainRulesCoreExt/factorizations.jl:254
[ Info: LBFGS: iter   73, time 2658.28 s: f = -2.105736567346, ‖∇f‖ = 2.4629e-04, α = 1.00e+00, m = 8, nfg = 1
[ Info: CTMRG init:	obj = +5.395515953457e+00	err = 1.0000e+00
[ Info: CTMRG conv 16:	obj = +5.395516188097e+00	err = 5.0182666171e-10	time = 18.15 sec
┌ Warning: `svd` cotangents sensitive to gauge choice: (|Δgauge| = 0.5125568125539259)
└ @ TensorKitChainRulesCoreExt ~/.julia/packages/TensorKit/esxcj/ext/TensorKitChainRulesCoreExt/factorizations.jl:254
┌ Warning: `svd` cotangents sensitive to gauge choice: (|Δgauge| = 0.5125568125276613)
└ @ TensorKitChainRulesCoreExt ~/.julia/packages/TensorKit/esxcj/ext/TensorKitChainRulesCoreExt/factorizations.jl:254
[ Info: LBFGS: iter   74, time 2681.20 s: f = -2.105737116253, ‖∇f‖ = 2.9188e-04, α = 1.00e+00, m = 8, nfg = 1
[ Info: CTMRG init:	obj = +5.399641906105e+00	err = 1.0000e+00
[ Info: CTMRG conv 16:	obj = +5.399642463520e+00	err = 3.3135957751e-10	time = 17.09 sec
┌ Warning: `svd` cotangents sensitive to gauge choice: (|Δgauge| = 0.5128997355910357)
└ @ TensorKitChainRulesCoreExt ~/.julia/packages/TensorKit/esxcj/ext/TensorKitChainRulesCoreExt/factorizations.jl:254
┌ Warning: `svd` cotangents sensitive to gauge choice: (|Δgauge| = 0.5128997355609948)
└ @ TensorKitChainRulesCoreExt ~/.julia/packages/TensorKit/esxcj/ext/TensorKitChainRulesCoreExt/factorizations.jl:254
[ Info: LBFGS: iter   75, time 2703.35 s: f = -2.105737427005, ‖∇f‖ = 7.0192e-04, α = 1.00e+00, m = 8, nfg = 1
[ Info: CTMRG init:	obj = +5.401225236938e+00	err = 1.0000e+00
[ Info: CTMRG conv 15:	obj = +5.401225398964e+00	err = 8.4215315133e-10	time = 16.13 sec
┌ Warning: `svd` cotangents sensitive to gauge choice: (|Δgauge| = 0.5127137564338352)
└ @ TensorKitChainRulesCoreExt ~/.julia/packages/TensorKit/esxcj/ext/TensorKitChainRulesCoreExt/factorizations.jl:254
┌ Warning: `svd` cotangents sensitive to gauge choice: (|Δgauge| = 0.5127137562421648)
└ @ TensorKitChainRulesCoreExt ~/.julia/packages/TensorKit/esxcj/ext/TensorKitChainRulesCoreExt/factorizations.jl:254
[ Info: LBFGS: iter   76, time 2724.89 s: f = -2.105737914083, ‖∇f‖ = 3.5569e-04, α = 1.00e+00, m = 8, nfg = 1
[ Info: CTMRG init:	obj = +5.404030567869e+00	err = 1.0000e+00
[ Info: CTMRG conv 15:	obj = +5.404030711412e+00	err = 6.4259930975e-10	time = 17.87 sec
┌ Warning: `svd` cotangents sensitive to gauge choice: (|Δgauge| = 0.5125528285734564)
└ @ TensorKitChainRulesCoreExt ~/.julia/packages/TensorKit/esxcj/ext/TensorKitChainRulesCoreExt/factorizations.jl:254
┌ Warning: `svd` cotangents sensitive to gauge choice: (|Δgauge| = 0.5125528285883741)
└ @ TensorKitChainRulesCoreExt ~/.julia/packages/TensorKit/esxcj/ext/TensorKitChainRulesCoreExt/factorizations.jl:254
[ Info: LBFGS: iter   77, time 2747.03 s: f = -2.105738466354, ‖∇f‖ = 2.4571e-04, α = 1.00e+00, m = 8, nfg = 1
[ Info: CTMRG init:	obj = +5.406980070282e+00	err = 1.0000e+00
[ Info: CTMRG conv 15:	obj = +5.406980184829e+00	err = 3.5824917742e-10	time = 14.34 sec
┌ Warning: `svd` cotangents sensitive to gauge choice: (|Δgauge| = 0.512537022890458)
└ @ TensorKitChainRulesCoreExt ~/.julia/packages/TensorKit/esxcj/ext/TensorKitChainRulesCoreExt/factorizations.jl:254
┌ Warning: `svd` cotangents sensitive to gauge choice: (|Δgauge| = 0.5125370229149201)
└ @ TensorKitChainRulesCoreExt ~/.julia/packages/TensorKit/esxcj/ext/TensorKitChainRulesCoreExt/factorizations.jl:254
[ Info: LBFGS: iter   78, time 2765.77 s: f = -2.105738767557, ‖∇f‖ = 2.2247e-04, α = 1.00e+00, m = 8, nfg = 1
[ Info: CTMRG init:	obj = +5.411716293207e+00	err = 1.0000e+00
[ Info: CTMRG conv 16:	obj = +5.411716674346e+00	err = 3.2337679359e-10	time = 15.15 sec
┌ Warning: `svd` cotangents sensitive to gauge choice: (|Δgauge| = 0.5125255263858604)
└ @ TensorKitChainRulesCoreExt ~/.julia/packages/TensorKit/esxcj/ext/TensorKitChainRulesCoreExt/factorizations.jl:254
┌ Warning: `svd` cotangents sensitive to gauge choice: (|Δgauge| = 0.5125255264765347)
└ @ TensorKitChainRulesCoreExt ~/.julia/packages/TensorKit/esxcj/ext/TensorKitChainRulesCoreExt/factorizations.jl:254
[ Info: LBFGS: iter   79, time 2785.22 s: f = -2.105739034767, ‖∇f‖ = 3.7032e-04, α = 1.00e+00, m = 8, nfg = 1
[ Info: CTMRG init:	obj = +5.414169780114e+00	err = 1.0000e+00
[ Info: CTMRG conv 15:	obj = +5.414169981983e+00	err = 8.3675214056e-10	time = 14.99 sec
┌ Warning: `svd` cotangents sensitive to gauge choice: (|Δgauge| = 0.5125833576088069)
└ @ TensorKitChainRulesCoreExt ~/.julia/packages/TensorKit/esxcj/ext/TensorKitChainRulesCoreExt/factorizations.jl:254
┌ Warning: `svd` cotangents sensitive to gauge choice: (|Δgauge| = 0.5125833573977211)
└ @ TensorKitChainRulesCoreExt ~/.julia/packages/TensorKit/esxcj/ext/TensorKitChainRulesCoreExt/factorizations.jl:254
[ Info: LBFGS: iter   80, time 2804.51 s: f = -2.105739261418, ‖∇f‖ = 2.6314e-04, α = 1.00e+00, m = 8, nfg = 1
[ Info: CTMRG init:	obj = +5.414192784654e+00	err = 1.0000e+00
[ Info: CTMRG conv 14:	obj = +5.414192801657e+00	err = 5.9068121279e-10	time = 13.80 sec
┌ Warning: `svd` cotangents sensitive to gauge choice: (|Δgauge| = 0.5125860260269912)
└ @ TensorKitChainRulesCoreExt ~/.julia/packages/TensorKit/esxcj/ext/TensorKitChainRulesCoreExt/factorizations.jl:254
┌ Warning: `svd` cotangents sensitive to gauge choice: (|Δgauge| = 0.5125860259963593)
└ @ TensorKitChainRulesCoreExt ~/.julia/packages/TensorKit/esxcj/ext/TensorKitChainRulesCoreExt/factorizations.jl:254
[ Info: LBFGS: iter   81, time 2822.40 s: f = -2.105739374513, ‖∇f‖ = 1.6835e-04, α = 1.00e+00, m = 8, nfg = 1
[ Info: CTMRG init:	obj = +5.414739822582e+00	err = 1.0000e+00
[ Info: CTMRG conv 15:	obj = +5.414739862598e+00	err = 3.6102914262e-10	time = 15.77 sec
┌ Warning: `svd` cotangents sensitive to gauge choice: (|Δgauge| = 0.5125734981212117)
└ @ TensorKitChainRulesCoreExt ~/.julia/packages/TensorKit/esxcj/ext/TensorKitChainRulesCoreExt/factorizations.jl:254
┌ Warning: `svd` cotangents sensitive to gauge choice: (|Δgauge| = 0.5125734979796692)
└ @ TensorKitChainRulesCoreExt ~/.julia/packages/TensorKit/esxcj/ext/TensorKitChainRulesCoreExt/factorizations.jl:254
[ Info: LBFGS: iter   82, time 2842.29 s: f = -2.105739499625, ‖∇f‖ = 1.8367e-04, α = 1.00e+00, m = 8, nfg = 1
[ Info: CTMRG init:	obj = +5.416338232300e+00	err = 1.0000e+00
[ Info: CTMRG conv 15:	obj = +5.416338300701e+00	err = 2.4684778927e-10	time = 16.22 sec
┌ Warning: `svd` cotangents sensitive to gauge choice: (|Δgauge| = 0.5125664946593007)
└ @ TensorKitChainRulesCoreExt ~/.julia/packages/TensorKit/esxcj/ext/TensorKitChainRulesCoreExt/factorizations.jl:254
┌ Warning: `svd` cotangents sensitive to gauge choice: (|Δgauge| = 0.5125664946541697)
└ @ TensorKitChainRulesCoreExt ~/.julia/packages/TensorKit/esxcj/ext/TensorKitChainRulesCoreExt/factorizations.jl:254
[ Info: LBFGS: iter   83, time 2862.87 s: f = -2.105739724739, ‖∇f‖ = 2.4788e-04, α = 1.00e+00, m = 8, nfg = 1
[ Info: CTMRG init:	obj = +5.420643045746e+00	err = 1.0000e+00
[ Info: CTMRG conv 15:	obj = +5.420643676179e+00	err = 2.4470183613e-10	time = 15.99 sec
┌ Warning: `svd` cotangents sensitive to gauge choice: (|Δgauge| = 0.5124787174835099)
└ @ TensorKitChainRulesCoreExt ~/.julia/packages/TensorKit/esxcj/ext/TensorKitChainRulesCoreExt/factorizations.jl:254
┌ Warning: `svd` cotangents sensitive to gauge choice: (|Δgauge| = 0.5124787175866021)
└ @ TensorKitChainRulesCoreExt ~/.julia/packages/TensorKit/esxcj/ext/TensorKitChainRulesCoreExt/factorizations.jl:254
[ Info: LBFGS: iter   84, time 2883.85 s: f = -2.105740159757, ‖∇f‖ = 3.2244e-04, α = 1.00e+00, m = 8, nfg = 1
[ Info: CTMRG init:	obj = +5.424328348144e+00	err = 1.0000e+00
[ Info: CTMRG conv 14:	obj = +5.424328625517e+00	err = 4.7681503400e-10	time = 15.54 sec
┌ Warning: `svd` cotangents sensitive to gauge choice: (|Δgauge| = 0.512635659360828)
└ @ TensorKitChainRulesCoreExt ~/.julia/packages/TensorKit/esxcj/ext/TensorKitChainRulesCoreExt/factorizations.jl:254
┌ Warning: `svd` cotangents sensitive to gauge choice: (|Δgauge| = 0.5126356592043295)
└ @ TensorKitChainRulesCoreExt ~/.julia/packages/TensorKit/esxcj/ext/TensorKitChainRulesCoreExt/factorizations.jl:254
[ Info: LBFGS: iter   85, time 2903.87 s: f = -2.105740364162, ‖∇f‖ = 4.7083e-04, α = 1.00e+00, m = 8, nfg = 1
[ Info: CTMRG init:	obj = +5.424850590154e+00	err = 1.0000e+00
[ Info: CTMRG conv 13:	obj = +5.424850673264e+00	err = 7.8454505068e-10	time = 14.15 sec
┌ Warning: `svd` cotangents sensitive to gauge choice: (|Δgauge| = 0.512477210944041)
└ @ TensorKitChainRulesCoreExt ~/.julia/packages/TensorKit/esxcj/ext/TensorKitChainRulesCoreExt/factorizations.jl:254
┌ Warning: `svd` cotangents sensitive to gauge choice: (|Δgauge| = 0.5124772110495613)
└ @ TensorKitChainRulesCoreExt ~/.julia/packages/TensorKit/esxcj/ext/TensorKitChainRulesCoreExt/factorizations.jl:254
[ Info: LBFGS: iter   86, time 2922.59 s: f = -2.105740597953, ‖∇f‖ = 2.3055e-04, α = 1.00e+00, m = 8, nfg = 1
[ Info: CTMRG init:	obj = +5.424967954046e+00	err = 1.0000e+00
[ Info: CTMRG conv 14:	obj = +5.424967974640e+00	err = 7.1100692262e-10	time = 15.48 sec
┌ Warning: `svd` cotangents sensitive to gauge choice: (|Δgauge| = 0.5124646945090314)
└ @ TensorKitChainRulesCoreExt ~/.julia/packages/TensorKit/esxcj/ext/TensorKitChainRulesCoreExt/factorizations.jl:254
┌ Warning: `svd` cotangents sensitive to gauge choice: (|Δgauge| = 0.5124646944061435)
└ @ TensorKitChainRulesCoreExt ~/.julia/packages/TensorKit/esxcj/ext/TensorKitChainRulesCoreExt/factorizations.jl:254
[ Info: LBFGS: iter   87, time 2942.26 s: f = -2.105740743717, ‖∇f‖ = 1.5220e-04, α = 1.00e+00, m = 8, nfg = 1
[ Info: CTMRG init:	obj = +5.426125612119e+00	err = 1.0000e+00
[ Info: CTMRG conv 14:	obj = +5.426125638708e+00	err = 8.3464197739e-10	time = 15.94 sec
┌ Warning: `svd` cotangents sensitive to gauge choice: (|Δgauge| = 0.5124380106135092)
└ @ TensorKitChainRulesCoreExt ~/.julia/packages/TensorKit/esxcj/ext/TensorKitChainRulesCoreExt/factorizations.jl:254
┌ Warning: `svd` cotangents sensitive to gauge choice: (|Δgauge| = 0.5124380104180672)
└ @ TensorKitChainRulesCoreExt ~/.julia/packages/TensorKit/esxcj/ext/TensorKitChainRulesCoreExt/factorizations.jl:254
[ Info: LBFGS: iter   88, time 2962.52 s: f = -2.105740889566, ‖∇f‖ = 1.7458e-04, α = 1.00e+00, m = 8, nfg = 1
[ Info: CTMRG init:	obj = +5.428613248417e+00	err = 1.0000e+00
[ Info: CTMRG conv 15:	obj = +5.428613451408e+00	err = 7.5242508991e-10	time = 17.06 sec
┌ Warning: `svd` cotangents sensitive to gauge choice: (|Δgauge| = 0.512508098409425)
└ @ TensorKitChainRulesCoreExt ~/.julia/packages/TensorKit/esxcj/ext/TensorKitChainRulesCoreExt/factorizations.jl:254
┌ Warning: `svd` cotangents sensitive to gauge choice: (|Δgauge| = 0.512508098527397)
└ @ TensorKitChainRulesCoreExt ~/.julia/packages/TensorKit/esxcj/ext/TensorKitChainRulesCoreExt/factorizations.jl:254
[ Info: LBFGS: iter   89, time 2984.73 s: f = -2.105741052048, ‖∇f‖ = 3.0029e-04, α = 1.00e+00, m = 8, nfg = 1
[ Info: CTMRG init:	obj = +5.430346061553e+00	err = 1.0000e+00
[ Info: CTMRG conv 15:	obj = +5.430346091410e+00	err = 5.2740767319e-10	time = 18.53 sec
┌ Warning: `svd` cotangents sensitive to gauge choice: (|Δgauge| = 0.512408880894503)
└ @ TensorKitChainRulesCoreExt ~/.julia/packages/TensorKit/esxcj/ext/TensorKitChainRulesCoreExt/factorizations.jl:254
┌ Warning: `svd` cotangents sensitive to gauge choice: (|Δgauge| = 0.5124088810661199)
└ @ TensorKitChainRulesCoreExt ~/.julia/packages/TensorKit/esxcj/ext/TensorKitChainRulesCoreExt/factorizations.jl:254
[ Info: LBFGS: iter   90, time 3007.79 s: f = -2.105741175776, ‖∇f‖ = 1.3714e-04, α = 1.00e+00, m = 8, nfg = 1
[ Info: CTMRG init:	obj = +5.430959920177e+00	err = 1.0000e+00
[ Info: CTMRG conv 15:	obj = +5.430959932495e+00	err = 2.9265728114e-10	time = 17.15 sec
┌ Warning: `svd` cotangents sensitive to gauge choice: (|Δgauge| = 0.5123858679225519)
└ @ TensorKitChainRulesCoreExt ~/.julia/packages/TensorKit/esxcj/ext/TensorKitChainRulesCoreExt/factorizations.jl:254
┌ Warning: `svd` cotangents sensitive to gauge choice: (|Δgauge| = 0.5123858676642816)
└ @ TensorKitChainRulesCoreExt ~/.julia/packages/TensorKit/esxcj/ext/TensorKitChainRulesCoreExt/factorizations.jl:254
[ Info: LBFGS: iter   91, time 3029.36 s: f = -2.105741242018, ‖∇f‖ = 1.1752e-04, α = 1.00e+00, m = 8, nfg = 1
[ Info: CTMRG init:	obj = +5.431671864127e+00	err = 1.0000e+00
[ Info: CTMRG conv 15:	obj = +5.431671884103e+00	err = 2.5427251417e-10	time = 22.32 sec
┌ Warning: `svd` cotangents sensitive to gauge choice: (|Δgauge| = 0.5123236645955573)
└ @ TensorKitChainRulesCoreExt ~/.julia/packages/TensorKit/esxcj/ext/TensorKitChainRulesCoreExt/factorizations.jl:254
┌ Warning: `svd` cotangents sensitive to gauge choice: (|Δgauge| = 0.5123236647533282)
└ @ TensorKitChainRulesCoreExt ~/.julia/packages/TensorKit/esxcj/ext/TensorKitChainRulesCoreExt/factorizations.jl:254
[ Info: LBFGS: iter   92, time 3056.75 s: f = -2.105741346403, ‖∇f‖ = 2.3442e-04, α = 1.00e+00, m = 8, nfg = 1
[ Info: CTMRG init:	obj = +5.432533600131e+00	err = 1.0000e+00
[ Info: CTMRG conv 14:	obj = +5.432533611506e+00	err = 6.8102727522e-10	time = 19.08 sec
┌ Warning: `svd` cotangents sensitive to gauge choice: (|Δgauge| = 0.5123187387472813)
└ @ TensorKitChainRulesCoreExt ~/.julia/packages/TensorKit/esxcj/ext/TensorKitChainRulesCoreExt/factorizations.jl:254
┌ Warning: `svd` cotangents sensitive to gauge choice: (|Δgauge| = 0.5123187388005273)
└ @ TensorKitChainRulesCoreExt ~/.julia/packages/TensorKit/esxcj/ext/TensorKitChainRulesCoreExt/factorizations.jl:254
[ Info: LBFGS: iter   93, time 3080.34 s: f = -2.105741441257, ‖∇f‖ = 1.5520e-04, α = 1.00e+00, m = 8, nfg = 1
[ Info: CTMRG init:	obj = +5.432853255930e+00	err = 1.0000e+00
[ Info: CTMRG conv 14:	obj = +5.432853278292e+00	err = 7.9768833361e-10	time = 16.90 sec
┌ Warning: `svd` cotangents sensitive to gauge choice: (|Δgauge| = 0.5122857466449011)
└ @ TensorKitChainRulesCoreExt ~/.julia/packages/TensorKit/esxcj/ext/TensorKitChainRulesCoreExt/factorizations.jl:254
┌ Warning: `svd` cotangents sensitive to gauge choice: (|Δgauge| = 0.512285746522427)
└ @ TensorKitChainRulesCoreExt ~/.julia/packages/TensorKit/esxcj/ext/TensorKitChainRulesCoreExt/factorizations.jl:254
[ Info: LBFGS: iter   94, time 3101.76 s: f = -2.105741540700, ‖∇f‖ = 1.4554e-04, α = 1.00e+00, m = 8, nfg = 1
[ Info: CTMRG init:	obj = +5.433416849064e+00	err = 1.0000e+00
[ Info: CTMRG conv 15:	obj = +5.433417145816e+00	err = 7.2108045242e-10	time = 18.24 sec
┌ Warning: `svd` cotangents sensitive to gauge choice: (|Δgauge| = 0.5123745799663859)
└ @ TensorKitChainRulesCoreExt ~/.julia/packages/TensorKit/esxcj/ext/TensorKitChainRulesCoreExt/factorizations.jl:254
┌ Warning: `svd` cotangents sensitive to gauge choice: (|Δgauge| = 0.5123745801794063)
└ @ TensorKitChainRulesCoreExt ~/.julia/packages/TensorKit/esxcj/ext/TensorKitChainRulesCoreExt/factorizations.jl:254
[ Info: LBFGS: iter   95, time 3124.50 s: f = -2.105741668860, ‖∇f‖ = 3.5493e-04, α = 1.00e+00, m = 8, nfg = 1
[ Info: CTMRG init:	obj = +5.434304601980e+00	err = 1.0000e+00
[ Info: CTMRG conv 14:	obj = +5.434304691576e+00	err = 9.4115367885e-10	time = 18.25 sec
┌ Warning: `svd` cotangents sensitive to gauge choice: (|Δgauge| = 0.5122509996112428)
└ @ TensorKitChainRulesCoreExt ~/.julia/packages/TensorKit/esxcj/ext/TensorKitChainRulesCoreExt/factorizations.jl:254
┌ Warning: `svd` cotangents sensitive to gauge choice: (|Δgauge| = 0.5122509995596397)
└ @ TensorKitChainRulesCoreExt ~/.julia/packages/TensorKit/esxcj/ext/TensorKitChainRulesCoreExt/factorizations.jl:254
[ Info: LBFGS: iter   96, time 3147.39 s: f = -2.105741818740, ‖∇f‖ = 1.9388e-04, α = 1.00e+00, m = 8, nfg = 1
[ Info: CTMRG init:	obj = +5.435032331895e+00	err = 1.0000e+00
[ Info: CTMRG conv 15:	obj = +5.435032349199e+00	err = 7.6008022485e-10	time = 21.32 sec
┌ Warning: `svd` cotangents sensitive to gauge choice: (|Δgauge| = 0.5122246036563)
└ @ TensorKitChainRulesCoreExt ~/.julia/packages/TensorKit/esxcj/ext/TensorKitChainRulesCoreExt/factorizations.jl:254
┌ Warning: `svd` cotangents sensitive to gauge choice: (|Δgauge| = 0.5122246035976261)
└ @ TensorKitChainRulesCoreExt ~/.julia/packages/TensorKit/esxcj/ext/TensorKitChainRulesCoreExt/factorizations.jl:254
[ Info: LBFGS: iter   97, time 3173.32 s: f = -2.105741946803, ‖∇f‖ = 1.9776e-04, α = 1.00e+00, m = 8, nfg = 1
[ Info: CTMRG init:	obj = +5.438824457264e+00	err = 1.0000e+00
[ Info: CTMRG conv 16:	obj = +5.438824594129e+00	err = 3.3530372745e-10	time = 19.29 sec
┌ Warning: `svd` cotangents sensitive to gauge choice: (|Δgauge| = 0.5121734135635228)
└ @ TensorKitChainRulesCoreExt ~/.julia/packages/TensorKit/esxcj/ext/TensorKitChainRulesCoreExt/factorizations.jl:254
┌ Warning: `svd` cotangents sensitive to gauge choice: (|Δgauge| = 0.5121734133892137)
└ @ TensorKitChainRulesCoreExt ~/.julia/packages/TensorKit/esxcj/ext/TensorKitChainRulesCoreExt/factorizations.jl:254
[ Info: LBFGS: iter   98, time 3197.88 s: f = -2.105742399192, ‖∇f‖ = 3.2754e-04, α = 1.00e+00, m = 8, nfg = 1
[ Info: CTMRG init:	obj = +5.442145154102e+00	err = 1.0000e+00
[ Info: CTMRG conv 16:	obj = +5.442145263588e+00	err = 4.5961041025e-10	time = 20.66 sec
┌ Warning: `svd` cotangents sensitive to gauge choice: (|Δgauge| = 0.5122864593943399)
└ @ TensorKitChainRulesCoreExt ~/.julia/packages/TensorKit/esxcj/ext/TensorKitChainRulesCoreExt/factorizations.jl:254
┌ Warning: `svd` cotangents sensitive to gauge choice: (|Δgauge| = 0.5122864593943779)
└ @ TensorKitChainRulesCoreExt ~/.julia/packages/TensorKit/esxcj/ext/TensorKitChainRulesCoreExt/factorizations.jl:254
[ Info: LBFGS: iter   99, time 3223.85 s: f = -2.105742674852, ‖∇f‖ = 3.0607e-04, α = 1.00e+00, m = 8, nfg = 1
[ Info: CTMRG init:	obj = +5.446095009569e+00	err = 1.0000e+00
[ Info: CTMRG conv 16:	obj = +5.446095102523e+00	err = 3.2779809171e-10	time = 22.18 sec
┌ Warning: `svd` cotangents sensitive to gauge choice: (|Δgauge| = 0.5122066442315338)
└ @ TensorKitChainRulesCoreExt ~/.julia/packages/TensorKit/esxcj/ext/TensorKitChainRulesCoreExt/factorizations.jl:254
┌ Warning: `svd` cotangents sensitive to gauge choice: (|Δgauge| = 0.5122066442553824)
└ @ TensorKitChainRulesCoreExt ~/.julia/packages/TensorKit/esxcj/ext/TensorKitChainRulesCoreExt/factorizations.jl:254
[ Info: LBFGS: iter  100, time 3251.15 s: f = -2.105742858014, ‖∇f‖ = 3.0366e-04, α = 1.00e+00, m = 8, nfg = 1
[ Info: CTMRG init:	obj = +5.445406016924e+00	err = 1.0000e+00
[ Info: CTMRG conv 15:	obj = +5.445406068882e+00	err = 3.6375716327e-10	time = 21.08 sec
┌ Warning: `svd` cotangents sensitive to gauge choice: (|Δgauge| = 0.5123203093862174)
└ @ TensorKitChainRulesCoreExt ~/.julia/packages/TensorKit/esxcj/ext/TensorKitChainRulesCoreExt/factorizations.jl:254
┌ Warning: `svd` cotangents sensitive to gauge choice: (|Δgauge| = 0.512320309359357)
└ @ TensorKitChainRulesCoreExt ~/.julia/packages/TensorKit/esxcj/ext/TensorKitChainRulesCoreExt/factorizations.jl:254
[ Info: LBFGS: iter  101, time 3277.16 s: f = -2.105743026297, ‖∇f‖ = 1.5012e-04, α = 1.00e+00, m = 8, nfg = 1
[ Info: CTMRG init:	obj = +5.444890782692e+00	err = 1.0000e+00
[ Info: CTMRG conv 15:	obj = +5.444890843886e+00	err = 3.9061011330e-10	time = 18.59 sec
┌ Warning: `svd` cotangents sensitive to gauge choice: (|Δgauge| = 0.5123838021200792)
└ @ TensorKitChainRulesCoreExt ~/.julia/packages/TensorKit/esxcj/ext/TensorKitChainRulesCoreExt/factorizations.jl:254
┌ Warning: `svd` cotangents sensitive to gauge choice: (|Δgauge| = 0.5123838023159375)
└ @ TensorKitChainRulesCoreExt ~/.julia/packages/TensorKit/esxcj/ext/TensorKitChainRulesCoreExt/factorizations.jl:254
[ Info: LBFGS: iter  102, time 3300.46 s: f = -2.105743162483, ‖∇f‖ = 2.3336e-04, α = 1.00e+00, m = 8, nfg = 1
[ Info: CTMRG init:	obj = +5.444996262349e+00	err = 1.0000e+00
[ Info: CTMRG conv 15:	obj = +5.444996349262e+00	err = 3.1265957838e-10	time = 18.22 sec
┌ Warning: `svd` cotangents sensitive to gauge choice: (|Δgauge| = 0.5124063973403316)
└ @ TensorKitChainRulesCoreExt ~/.julia/packages/TensorKit/esxcj/ext/TensorKitChainRulesCoreExt/factorizations.jl:254
┌ Warning: `svd` cotangents sensitive to gauge choice: (|Δgauge| = 0.5124063972718551)
└ @ TensorKitChainRulesCoreExt ~/.julia/packages/TensorKit/esxcj/ext/TensorKitChainRulesCoreExt/factorizations.jl:254
[ Info: LBFGS: iter  103, time 3323.18 s: f = -2.105743326028, ‖∇f‖ = 2.9157e-04, α = 1.00e+00, m = 8, nfg = 1
[ Info: CTMRG init:	obj = +5.446316347478e+00	err = 1.0000e+00
[ Info: CTMRG conv 15:	obj = +5.446317102135e+00	err = 5.0882260168e-10	time = 17.92 sec
┌ Warning: `svd` cotangents sensitive to gauge choice: (|Δgauge| = 0.5122970744486013)
└ @ TensorKitChainRulesCoreExt ~/.julia/packages/TensorKit/esxcj/ext/TensorKitChainRulesCoreExt/factorizations.jl:254
┌ Warning: `svd` cotangents sensitive to gauge choice: (|Δgauge| = 0.5122970742831542)
└ @ TensorKitChainRulesCoreExt ~/.julia/packages/TensorKit/esxcj/ext/TensorKitChainRulesCoreExt/factorizations.jl:254
[ Info: LBFGS: iter  104, time 3345.56 s: f = -2.105743404750, ‖∇f‖ = 7.6170e-04, α = 1.00e+00, m = 8, nfg = 1
[ Info: CTMRG init:	obj = +5.447067027885e+00	err = 1.0000e+00
[ Info: CTMRG conv 14:	obj = +5.447067046944e+00	err = 3.4642283938e-10	time = 16.87 sec
┌ Warning: `svd` cotangents sensitive to gauge choice: (|Δgauge| = 0.512301533202588)
└ @ TensorKitChainRulesCoreExt ~/.julia/packages/TensorKit/esxcj/ext/TensorKitChainRulesCoreExt/factorizations.jl:254
┌ Warning: `svd` cotangents sensitive to gauge choice: (|Δgauge| = 0.5123015331543306)
└ @ TensorKitChainRulesCoreExt ~/.julia/packages/TensorKit/esxcj/ext/TensorKitChainRulesCoreExt/factorizations.jl:254
[ Info: LBFGS: iter  105, time 3366.88 s: f = -2.105743769285, ‖∇f‖ = 2.7787e-04, α = 1.00e+00, m = 8, nfg = 1
[ Info: CTMRG init:	obj = +5.448123115569e+00	err = 1.0000e+00
[ Info: CTMRG conv 14:	obj = +5.448123141679e+00	err = 9.8537321612e-10	time = 18.81 sec
┌ Warning: `svd` cotangents sensitive to gauge choice: (|Δgauge| = 0.5122504142616415)
└ @ TensorKitChainRulesCoreExt ~/.julia/packages/TensorKit/esxcj/ext/TensorKitChainRulesCoreExt/factorizations.jl:254
┌ Warning: `svd` cotangents sensitive to gauge choice: (|Δgauge| = 0.5122504143845791)
└ @ TensorKitChainRulesCoreExt ~/.julia/packages/TensorKit/esxcj/ext/TensorKitChainRulesCoreExt/factorizations.jl:254
[ Info: LBFGS: iter  106, time 3390.09 s: f = -2.105743938359, ‖∇f‖ = 1.8214e-04, α = 1.00e+00, m = 8, nfg = 1
[ Info: CTMRG init:	obj = +5.449616964729e+00	err = 1.0000e+00
[ Info: CTMRG conv 15:	obj = +5.449617052000e+00	err = 4.7419588707e-10	time = 21.55 sec
┌ Warning: `svd` cotangents sensitive to gauge choice: (|Δgauge| = 0.5121860023954089)
└ @ TensorKitChainRulesCoreExt ~/.julia/packages/TensorKit/esxcj/ext/TensorKitChainRulesCoreExt/factorizations.jl:254
┌ Warning: `svd` cotangents sensitive to gauge choice: (|Δgauge| = 0.5121860023855099)
└ @ TensorKitChainRulesCoreExt ~/.julia/packages/TensorKit/esxcj/ext/TensorKitChainRulesCoreExt/factorizations.jl:254
[ Info: LBFGS: iter  107, time 3416.40 s: f = -2.105744121112, ‖∇f‖ = 2.2869e-04, α = 1.00e+00, m = 8, nfg = 1
[ Info: CTMRG init:	obj = +5.450843041851e+00	err = 1.0000e+00
[ Info: CTMRG conv 15:	obj = +5.450843153385e+00	err = 5.2077392006e-10	time = 20.66 sec
┌ Warning: `svd` cotangents sensitive to gauge choice: (|Δgauge| = 0.512167877315273)
└ @ TensorKitChainRulesCoreExt ~/.julia/packages/TensorKit/esxcj/ext/TensorKitChainRulesCoreExt/factorizations.jl:254
┌ Warning: `svd` cotangents sensitive to gauge choice: (|Δgauge| = 0.5121678773036606)
└ @ TensorKitChainRulesCoreExt ~/.julia/packages/TensorKit/esxcj/ext/TensorKitChainRulesCoreExt/factorizations.jl:254
[ Info: LBFGS: iter  108, time 3441.93 s: f = -2.105744313384, ‖∇f‖ = 2.0022e-04, α = 1.00e+00, m = 8, nfg = 1
[ Info: CTMRG init:	obj = +5.453702126017e+00	err = 1.0000e+00
[ Info: CTMRG conv 16:	obj = +5.453703072226e+00	err = 5.6304466012e-10	time = 21.92 sec
┌ Warning: `svd` cotangents sensitive to gauge choice: (|Δgauge| = 0.5120215867699518)
└ @ TensorKitChainRulesCoreExt ~/.julia/packages/TensorKit/esxcj/ext/TensorKitChainRulesCoreExt/factorizations.jl:254
┌ Warning: `svd` cotangents sensitive to gauge choice: (|Δgauge| = 0.51202158689027)
└ @ TensorKitChainRulesCoreExt ~/.julia/packages/TensorKit/esxcj/ext/TensorKitChainRulesCoreExt/factorizations.jl:254
[ Info: CTMRG init:	obj = +5.452418890191e+00	err = 1.0000e+00
[ Info: CTMRG conv 15:	obj = +5.452419166690e+00	err = 6.7308577076e-10	time = 20.71 sec
┌ Warning: `svd` cotangents sensitive to gauge choice: (|Δgauge| = 0.5120887918458024)
└ @ TensorKitChainRulesCoreExt ~/.julia/packages/TensorKit/esxcj/ext/TensorKitChainRulesCoreExt/factorizations.jl:254
┌ Warning: `svd` cotangents sensitive to gauge choice: (|Δgauge| = 0.5120887919133699)
└ @ TensorKitChainRulesCoreExt ~/.julia/packages/TensorKit/esxcj/ext/TensorKitChainRulesCoreExt/factorizations.jl:254
[ Info: LBFGS: iter  109, time 3493.79 s: f = -2.105744486193, ‖∇f‖ = 3.7470e-04, α = 5.41e-01, m = 8, nfg = 2
[ Info: CTMRG init:	obj = +5.453386998893e+00	err = 1.0000e+00
[ Info: CTMRG conv 15:	obj = +5.453387238177e+00	err = 6.0393602881e-10	time = 20.79 sec
┌ Warning: `svd` cotangents sensitive to gauge choice: (|Δgauge| = 0.5120914772345202)
└ @ TensorKitChainRulesCoreExt ~/.julia/packages/TensorKit/esxcj/ext/TensorKitChainRulesCoreExt/factorizations.jl:254
┌ Warning: `svd` cotangents sensitive to gauge choice: (|Δgauge| = 0.51209147712831)
└ @ TensorKitChainRulesCoreExt ~/.julia/packages/TensorKit/esxcj/ext/TensorKitChainRulesCoreExt/factorizations.jl:254
[ Info: LBFGS: iter  110, time 3519.02 s: f = -2.105744729702, ‖∇f‖ = 1.5604e-04, α = 1.00e+00, m = 8, nfg = 1
[ Info: CTMRG init:	obj = +5.453371855028e+00	err = 1.0000e+00
[ Info: CTMRG conv 13:	obj = +5.453371889691e+00	err = 3.2023466864e-10	time = 19.66 sec
┌ Warning: `svd` cotangents sensitive to gauge choice: (|Δgauge| = 0.5121161457389856)
└ @ TensorKitChainRulesCoreExt ~/.julia/packages/TensorKit/esxcj/ext/TensorKitChainRulesCoreExt/factorizations.jl:254
┌ Warning: `svd` cotangents sensitive to gauge choice: (|Δgauge| = 0.5121161456242505)
└ @ TensorKitChainRulesCoreExt ~/.julia/packages/TensorKit/esxcj/ext/TensorKitChainRulesCoreExt/factorizations.jl:254
[ Info: LBFGS: iter  111, time 3543.05 s: f = -2.105744834899, ‖∇f‖ = 1.2195e-04, α = 1.00e+00, m = 8, nfg = 1
[ Info: CTMRG init:	obj = +5.453037430912e+00	err = 1.0000e+00
[ Info: CTMRG conv 15:	obj = +5.453037476755e+00	err = 6.5119633654e-10	time = 19.98 sec
┌ Warning: `svd` cotangents sensitive to gauge choice: (|Δgauge| = 0.5120352181549197)
└ @ TensorKitChainRulesCoreExt ~/.julia/packages/TensorKit/esxcj/ext/TensorKitChainRulesCoreExt/factorizations.jl:254
┌ Warning: `svd` cotangents sensitive to gauge choice: (|Δgauge| = 0.5120352180853717)
└ @ TensorKitChainRulesCoreExt ~/.julia/packages/TensorKit/esxcj/ext/TensorKitChainRulesCoreExt/factorizations.jl:254
[ Info: LBFGS: iter  112, time 3567.57 s: f = -2.105744937365, ‖∇f‖ = 1.5079e-04, α = 1.00e+00, m = 8, nfg = 1
[ Info: CTMRG init:	obj = +5.452564723620e+00	err = 1.0000e+00
[ Info: CTMRG conv 15:	obj = +5.452564828502e+00	err = 6.9728615656e-10	time = 21.69 sec
┌ Warning: `svd` cotangents sensitive to gauge choice: (|Δgauge| = 0.5121973996890632)
└ @ TensorKitChainRulesCoreExt ~/.julia/packages/TensorKit/esxcj/ext/TensorKitChainRulesCoreExt/factorizations.jl:254
┌ Warning: `svd` cotangents sensitive to gauge choice: (|Δgauge| = 0.5121973995212337)
└ @ TensorKitChainRulesCoreExt ~/.julia/packages/TensorKit/esxcj/ext/TensorKitChainRulesCoreExt/factorizations.jl:254
[ Info: LBFGS: iter  113, time 3594.16 s: f = -2.105744971161, ‖∇f‖ = 3.9450e-04, α = 1.00e+00, m = 8, nfg = 1
[ Info: CTMRG init:	obj = +5.452681018062e+00	err = 1.0000e+00
[ Info: CTMRG conv 12:	obj = +5.452681049924e+00	err = 5.0884234944e-10	time = 16.08 sec
┌ Warning: `svd` cotangents sensitive to gauge choice: (|Δgauge| = 0.5120890436724783)
└ @ TensorKitChainRulesCoreExt ~/.julia/packages/TensorKit/esxcj/ext/TensorKitChainRulesCoreExt/factorizations.jl:254
┌ Warning: `svd` cotangents sensitive to gauge choice: (|Δgauge| = 0.5120890438098532)
└ @ TensorKitChainRulesCoreExt ~/.julia/packages/TensorKit/esxcj/ext/TensorKitChainRulesCoreExt/factorizations.jl:254
[ Info: LBFGS: iter  114, time 3614.36 s: f = -2.105745085275, ‖∇f‖ = 1.5160e-04, α = 1.00e+00, m = 8, nfg = 1
[ Info: CTMRG init:	obj = +5.452772768755e+00	err = 1.0000e+00
[ Info: CTMRG conv 15:	obj = +5.452772805690e+00	err = 4.7125130266e-10	time = 19.31 sec
┌ Warning: `svd` cotangents sensitive to gauge choice: (|Δgauge| = 0.512007190787402)
└ @ TensorKitChainRulesCoreExt ~/.julia/packages/TensorKit/esxcj/ext/TensorKitChainRulesCoreExt/factorizations.jl:254
┌ Warning: `svd` cotangents sensitive to gauge choice: (|Δgauge| = 0.5120071909484749)
└ @ TensorKitChainRulesCoreExt ~/.julia/packages/TensorKit/esxcj/ext/TensorKitChainRulesCoreExt/factorizations.jl:254
[ Info: LBFGS: converged after 115 iterations and time 3637.77 s: f = -2.105745169326, ‖∇f‖ = 9.5676e-05
