  Installing known registries into `~/.julia`
       Added `General` registry to ~/.julia/registries
    Updating registry at `~/.julia/registries/General.toml`
   Installed TaskLocalValues ───────────── v0.1.2
   Installed GPUArraysCore ─────────────── v0.2.0
   Installed RealDot ───────────────────── v0.1.0
   Installed IrrationalConstants ───────── v0.2.4
   Installed IRTools ───────────────────── v0.4.14
   Installed JLD2 ──────────────────────── v0.5.12
   Installed OhMyThreads ───────────────── v0.7.0
   Installed BlockTensorKit ────────────── v0.1.6
   Installed IntegerMathUtils ──────────── v0.1.2
   Installed Adapt ─────────────────────── v4.3.0
   Installed LRUCache ──────────────────── v1.6.2
   Installed PtrArrays ─────────────────── v1.3.0
   Installed TableTraits ───────────────── v1.0.1
   Installed Accessors ─────────────────── v0.1.42
   Installed Preferences ───────────────── v1.4.3
   Installed DiffRules ─────────────────── v1.15.1
   Installed OptimKit ──────────────────── v0.4.0
   Installed DiffResults ───────────────── v1.1.0
   Installed LoggingExtras ─────────────── v1.0.3
   Installed WignerSymbols ─────────────── v2.0.0
   Installed HashArrayMappedTries ──────── v0.2.0
   Installed Tables ────────────────────── v1.12.0
   Installed SpecialFunctions ──────────── v2.5.1
   Installed TensorKit ─────────────────── v0.14.5
   Installed RecipesBase ───────────────── v1.3.4
   Installed DataAPI ───────────────────── v1.16.0
   Installed Primes ────────────────────── v0.5.7
   Installed ChunkSplitters ────────────── v3.1.2
   Installed StaticArrays ──────────────── v1.9.13
   Installed AbstractFFTs ──────────────── v1.5.0
   Installed Zygote ────────────────────── v0.7.6
   Installed MPSKit ────────────────────── v0.12.6
   Installed JLLWrappers ───────────────── v1.7.0
   Installed Richardson ────────────────── v1.4.2
   Installed FiniteDifferences ─────────── v0.12.32
   Installed BlockArrays ───────────────── v1.6.1
   Installed IteratorInterfaceExtensions ─ v1.0.0
   Installed NaNMath ───────────────────── v1.1.3
   Installed StaticArraysCore ──────────── v1.4.3
   Installed PrecompileTools ───────────── v1.2.1
   Installed DataValueInterfaces ───────── v1.0.0
   Installed RationalRoots ─────────────── v0.2.1
   Installed StructArrays ──────────────── v0.7.1
   Installed ConstructionBase ──────────── v1.5.8
   Installed StableTasks ───────────────── v0.1.7
   Installed TensorKitSectors ──────────── v0.1.4
   Installed OrderedCollections ────────── v1.8.0
   Installed TranscodingStreams ────────── v0.11.3
   Installed ChainRulesCore ────────────── v1.25.1
   Installed VectorInterface ───────────── v0.5.0
   Installed ScopedValues ──────────────── v1.3.0
   Installed InitialValues ─────────────── v0.3.1
   Installed MPSKitModels ──────────────── v0.4.1
   Installed FillArrays ────────────────── v1.13.0
   Installed ForwardDiff ───────────────── v1.0.1
   Installed FileIO ────────────────────── v1.17.0
   Installed Statistics ────────────────── v1.11.1
   Installed LogExpFunctions ───────────── v0.3.29
   Installed ZygoteRules ───────────────── v0.2.7
   Installed StridedViews ──────────────── v0.4.1
   Installed CommonSubexpressions ──────── v0.3.1
   Installed Requires ──────────────────── v1.3.1
   Installed BangBang ──────────────────── v0.4.4
   Installed ChainRules ────────────────── v1.72.3
   Installed HalfIntegers ──────────────── v1.6.0
   Installed PackageExtensionCompat ────── v1.0.2
   Installed OpenSpecFun_jll ───────────── v0.5.6+0
   Installed Strided ───────────────────── v2.3.0
   Installed TensorKitManifolds ────────── v0.7.2
   Installed Compat ────────────────────── v4.16.0
   Installed CompositionsBase ──────────── v0.1.2
   Installed MacroTools ────────────────── v0.5.15
   Installed PEPSKit ───────────────────── v0.5.0
   Installed SparseInverseSubset ───────── v0.1.2
   Installed TupleTools ────────────────── v1.6.0
   Installed InverseFunctions ──────────── v0.1.17
   Installed ArrayLayouts ──────────────── v1.11.1
   Installed DocStringExtensions ───────── v0.9.4
   Installed TensorOperations ──────────── v5.2.0
   Installed KrylovKit ─────────────────── v0.9.5
    Updating `/var/lib/condor/execute/dir_823447/Project.toml`
  [d360d2e6] + ChainRulesCore v1.25.1
  [033835bb] + JLD2 v0.5.12
  [0b1a1467] + KrylovKit v0.9.5
  [bb1c41ca] + MPSKit v0.12.6
  [ca635005] + MPSKitModels v0.4.1
  [77e91f04] + OptimKit v0.4.0
  [52969e89] + PEPSKit v0.5.0
  [07d1fe3e] + TensorKit v0.14.5
  [409d34a3] + VectorInterface v0.5.0
  [e88e6eb3] + Zygote v0.7.6
  [37e2e46d] ~ LinearAlgebra ⇒ v1.11.0
    Updating `/var/lib/condor/execute/dir_823447/Manifest.toml`
  [621f4979] + AbstractFFTs v1.5.0
  [7d9f7c33] + Accessors v0.1.42
  [79e6a3ab] + Adapt v4.3.0
  [4c555306] + ArrayLayouts v1.11.1
  [198e06fe] + BangBang v0.4.4
  [8e7c35d0] + BlockArrays v1.6.1
  [5f87ffc2] + BlockTensorKit v0.1.6
  [082447d4] + ChainRules v1.72.3
  [d360d2e6] + ChainRulesCore v1.25.1
  [ae650224] + ChunkSplitters v3.1.2
  [bbf7d656] + CommonSubexpressions v0.3.1
  [34da2185] + Compat v4.16.0
  [a33af91c] + CompositionsBase v0.1.2
  [187b0558] + ConstructionBase v1.5.8
  [9a962f9c] + DataAPI v1.16.0
  [e2d170a0] + DataValueInterfaces v1.0.0
  [163ba53b] + DiffResults v1.1.0
  [b552c78f] + DiffRules v1.15.1
  [ffbed154] + DocStringExtensions v0.9.4
  [5789e2e9] + FileIO v1.17.0
  [1a297f60] + FillArrays v1.13.0
  [26cc04aa] + FiniteDifferences v0.12.32
  [f6369f11] + ForwardDiff v1.0.1
  [46192b85] + GPUArraysCore v0.2.0
  [f0d1745a] + HalfIntegers v1.6.0
  [076d061b] + HashArrayMappedTries v0.2.0
  [7869d1d1] + IRTools v0.4.14
  [22cec73e] + InitialValues v0.3.1
  [18e54dd8] + IntegerMathUtils v0.1.2
  [3587e190] + InverseFunctions v0.1.17
  [92d709cd] + IrrationalConstants v0.2.4
  [82899510] + IteratorInterfaceExtensions v1.0.0
  [033835bb] + JLD2 v0.5.12
  [692b3bcd] + JLLWrappers v1.7.0
  [0b1a1467] + KrylovKit v0.9.5
  [8ac3fa9e] + LRUCache v1.6.2
  [2ab3a3ac] + LogExpFunctions v0.3.29
⌅ [e6f89c97] + LoggingExtras v1.0.3
  [bb1c41ca] + MPSKit v0.12.6
  [ca635005] + MPSKitModels v0.4.1
  [1914dd2f] + MacroTools v0.5.15
  [77ba4419] + NaNMath v1.1.3
⌅ [67456a42] + OhMyThreads v0.7.0
  [77e91f04] + OptimKit v0.4.0
  [bac558e1] + OrderedCollections v1.8.0
  [52969e89] + PEPSKit v0.5.0
  [65ce6f38] + PackageExtensionCompat v1.0.2
⌅ [aea7be01] + PrecompileTools v1.2.1
  [21216c6a] + Preferences v1.4.3
  [27ebfcd6] + Primes v0.5.7
  [43287f4e] + PtrArrays v1.3.0
  [308eb6b3] + RationalRoots v0.2.1
  [c1ae055f] + RealDot v0.1.0
  [3cdcf5f2] + RecipesBase v1.3.4
  [ae029012] + Requires v1.3.1
  [708f8203] + Richardson v1.4.2
  [7e506255] + ScopedValues v1.3.0
  [dc90abb0] + SparseInverseSubset v0.1.2
  [276daf66] + SpecialFunctions v2.5.1
  [91464d47] + StableTasks v0.1.7
  [90137ffa] + StaticArrays v1.9.13
  [1e83bf80] + StaticArraysCore v1.4.3
  [10745b16] + Statistics v1.11.1
  [5e0ebb24] + Strided v2.3.0
  [4db3bf67] + StridedViews v0.4.1
  [09ab397b] + StructArrays v0.7.1
  [3783bdb8] + TableTraits v1.0.1
  [bd369af6] + Tables v1.12.0
  [ed4db957] + TaskLocalValues v0.1.2
  [07d1fe3e] + TensorKit v0.14.5
  [11fa318c] + TensorKitManifolds v0.7.2
  [13a9c161] + TensorKitSectors v0.1.4
  [6aa20fa7] + TensorOperations v5.2.0
  [3bb67fe8] + TranscodingStreams v0.11.3
  [9d95972d] + TupleTools v1.6.0
  [409d34a3] + VectorInterface v0.5.0
  [9f57e263] + WignerSymbols v2.0.0
  [e88e6eb3] + Zygote v0.7.6
  [700de1a5] + ZygoteRules v0.2.7
  [efe28fd5] + OpenSpecFun_jll v0.5.6+0
  [0dad84c5] + ArgTools v1.1.2
  [56f22d72] + Artifacts v1.11.0
  [2a0f44e3] + Base64 v1.11.0
  [ade2ca70] + Dates v1.11.0
  [8ba89e20] + Distributed v1.11.0
  [f43a241f] + Downloads v1.6.0
  [7b1f6079] + FileWatching v1.11.0
  [b77e0a4c] + InteractiveUtils v1.11.0
  [b27032c2] + LibCURL v0.6.4
  [76f85450] + LibGit2 v1.11.0
  [8f399da3] + Libdl v1.11.0
  [37e2e46d] + LinearAlgebra v1.11.0
  [56ddb016] + Logging v1.11.0
  [d6f4376e] + Markdown v1.11.0
  [a63ad114] + Mmap v1.11.0
  [ca575930] + NetworkOptions v1.2.0
  [44cfe95a] + Pkg v1.11.0
  [de0858da] + Printf v1.11.0
  [9a3f8284] + Random v1.11.0
  [ea8e919c] + SHA v0.7.0
  [9e88b42a] + Serialization v1.11.0
  [6462fe0b] + Sockets v1.11.0
  [2f01184e] + SparseArrays v1.11.0
  [4607b0f0] + SuiteSparse
  [fa267f1f] + TOML v1.0.3
  [a4e569a6] + Tar v1.10.0
  [cf7118a7] + UUIDs v1.11.0
  [4ec0a83e] + Unicode v1.11.0
  [e66e0078] + CompilerSupportLibraries_jll v1.1.1+0
  [deac9b47] + LibCURL_jll v8.6.0+0
  [e37daf67] + LibGit2_jll v1.7.2+0
  [29816b5a] + LibSSH2_jll v1.11.0+1
  [c8ffd9c3] + MbedTLS_jll v2.28.6+0
  [14a3606d] + MozillaCACerts_jll v2023.12.12
  [4536629a] + OpenBLAS_jll v0.3.27+1
  [05823500] + OpenLibm_jll v0.8.1+2
  [bea87d4a] + SuiteSparse_jll v7.7.0+0
  [83775a58] + Zlib_jll v1.2.13+1
  [8e850b90] + libblastrampoline_jll v5.11.0+0
  [8e850ede] + nghttp2_jll v1.59.0+0
  [3f19e933] + p7zip_jll v17.4.0+2
        Info Packages marked with ⌅ have new versions available but compatibility constraints restrict them from upgrading. To see why use `status --outdated -m`
Precompiling project...
    537.3 ms  ✓ DataValueInterfaces
    604.1 ms  ✓ TaskLocalValues
    555.5 ms  ✓ IntegerMathUtils
    558.6 ms  ✓ RealDot
    616.6 ms  ✓ Richardson
    695.3 ms  ✓ StableTasks
    702.2 ms  ✓ HalfIntegers
    703.9 ms  ✓ InverseFunctions
    725.5 ms  ✓ LRUCache
    794.0 ms  ✓ VectorInterface
    800.4 ms  ✓ DocStringExtensions
    803.7 ms  ✓ Statistics
    852.3 ms  ✓ AbstractFFTs
    954.9 ms  ✓ OrderedCollections
    494.9 ms  ✓ IteratorInterfaceExtensions
    523.2 ms  ✓ PackageExtensionCompat
    571.7 ms  ✓ DataAPI
    681.9 ms  ✓ ConstructionBase
    546.5 ms  ✓ CompositionsBase
    521.8 ms  ✓ PtrArrays
    673.7 ms  ✓ ChunkSplitters
   1385.8 ms  ✓ FillArrays
    777.7 ms  ✓ RationalRoots
    793.1 ms  ✓ StaticArraysCore
    788.3 ms  ✓ TupleTools
    675.0 ms  ✓ HashArrayMappedTries
   1596.3 ms  ✓ IrrationalConstants
    855.0 ms  ✓ TranscodingStreams
    683.3 ms  ✓ NaNMath
    723.5 ms  ✓ Requires
    786.7 ms  ✓ LoggingExtras
   1242.2 ms  ✓ InitialValues
    787.5 ms  ✓ SuiteSparse
    794.9 ms  ✓ Compat
    554.5 ms  ✓ TableTraits
    825.6 ms  ✓ InverseFunctions → InverseFunctionsDatesExt
    615.0 ms  ✓ LRUCache → SerializationExt
    918.4 ms  ✓ Primes
   1041.1 ms  ✓ Preferences
    595.0 ms  ✓ CompositionsBase → CompositionsBaseInverseFunctionsExt
    606.2 ms  ✓ ConstructionBase → ConstructionBaseLinearAlgebraExt
    693.8 ms  ✓ StridedViews
    856.4 ms  ✓ Statistics → SparseArraysExt
    616.7 ms  ✓ FillArrays → FillArraysStatisticsExt
    538.8 ms  ✓ ScopedValues
    613.2 ms  ✓ DiffResults
    673.8 ms  ✓ Adapt
    898.9 ms  ✓ FillArrays → FillArraysSparseArraysExt
    598.5 ms  ✓ Compat → CompatLinearAlgebraExt
    650.7 ms  ✓ PrecompileTools
    564.3 ms  ✓ StridedViews → StridedViewsPtrArraysExt
    919.0 ms  ✓ LogExpFunctions
    807.6 ms  ✓ SparseInverseSubset
    751.9 ms  ✓ JLLWrappers
    894.4 ms  ✓ Strided
   1171.9 ms  ✓ Tables
    688.8 ms  ✓ GPUArraysCore
    575.1 ms  ✓ LogExpFunctions → LogExpFunctionsInverseFunctionsExt
   3077.6 ms  ✓ MacroTools
    826.5 ms  ✓ Adapt → AdaptSparseArraysExt
   2107.0 ms  ✓ KrylovKit
    861.5 ms  ✓ OpenSpecFun_jll
    693.9 ms  ✓ CommonSubexpressions
   1818.3 ms  ✓ OptimKit
   1113.3 ms  ✓ StructArrays
   1716.3 ms  ✓ ChainRulesCore
    624.3 ms  ✓ StructArrays → StructArraysAdaptExt
   2151.6 ms  ✓ RecipesBase
    664.6 ms  ✓ StructArrays → StructArraysLinearAlgebraExt
    668.3 ms  ✓ AbstractFFTs → AbstractFFTsChainRulesCoreExt
    869.5 ms  ✓ StructArrays → StructArraysSparseArraysExt
    862.7 ms  ✓ ChainRulesCore → ChainRulesCoreSparseArraysExt
   3339.0 ms  ✓ WignerSymbols
   1126.5 ms  ✓ ZygoteRules
    866.8 ms  ✓ KrylovKit → KrylovKitChainRulesCoreExt
   2627.8 ms  ✓ IRTools
   2803.9 ms  ✓ Accessors
   1988.7 ms  ✓ LogExpFunctions → LogExpFunctionsChainRulesCoreExt
    709.5 ms  ✓ Accessors → StructArraysExt
    747.0 ms  ✓ Accessors → LinearAlgebraExt
   5237.8 ms  ✓ FileIO
   3742.8 ms  ✓ SpecialFunctions
   1116.2 ms  ✓ BangBang
    922.6 ms  ✓ DiffRules
    743.2 ms  ✓ BangBang → BangBangTablesExt
    758.6 ms  ✓ BangBang → BangBangStructArraysExt
    762.4 ms  ✓ BangBang → BangBangChainRulesCoreExt
   1305.5 ms  ✓ OhMyThreads
   2511.7 ms  ✓ SpecialFunctions → SpecialFunctionsChainRulesCoreExt
   9506.5 ms  ✓ StaticArrays
   7595.9 ms  ✓ ChainRules
    895.1 ms  ✓ Adapt → AdaptStaticArraysExt
    926.9 ms  ✓ StaticArrays → StaticArraysStatisticsExt
    925.1 ms  ✓ ConstructionBase → ConstructionBaseStaticArraysExt
    962.6 ms  ✓ StaticArrays → StaticArraysChainRulesCoreExt
    967.5 ms  ✓ StructArrays → StructArraysStaticArraysExt
   1016.2 ms  ✓ Accessors → StaticArraysExt
   4749.7 ms  ✓ ForwardDiff
   1028.5 ms  ✓ BangBang → BangBangStaticArraysExt
   1128.7 ms  ✓ ForwardDiff → ForwardDiffStaticArraysExt
   1552.9 ms  ✓ FiniteDifferences
  18064.1 ms  ✓ ArrayLayouts
   1045.1 ms  ✓ ArrayLayouts → ArrayLayoutsSparseArraysExt
   2110.7 ms  ✓ BlockArrays
    999.7 ms  ✓ BlockArrays → BlockArraysAdaptExt
  37480.0 ms  ✓ JLD2
  37290.4 ms  ✓ Zygote
 164336.0 ms  ✓ TensorOperations
   1700.4 ms  ✓ TensorOperations → TensorOperationsChainRulesCoreExt
   8107.4 ms  ✓ TensorKitSectors
   9372.3 ms  ✓ TensorKit
   2424.5 ms  ✓ TensorKitManifolds
   2505.4 ms  ✓ TensorKit → TensorKitFiniteDifferencesExt
   2625.1 ms  ✓ TensorKit → TensorKitChainRulesCoreExt
   3425.6 ms  ✓ BlockTensorKit
  18874.4 ms  ✓ MPSKit
  16965.4 ms  ✓ MPSKitModels
  18976.1 ms  ✓ PEPSKit
  118 dependencies successfully precompiled in 244 seconds. 31 already precompiled.
[ Info: CTMRG init:	obj = +7.210430179691e+00	err = 1.0000e+00
[ Info: CTMRG conv 4:	obj = +7.210430179691e+00	err = 8.2856180395e-11	time = 2.18 min
┌ Warning: `svd` cotangents sensitive to gauge choice: (|Δgauge| = 0.39003166984479837)
└ @ TensorKitChainRulesCoreExt ~/.julia/packages/TensorKit/esxcj/ext/TensorKitChainRulesCoreExt/factorizations.jl:254
┌ Warning: `svd` cotangents sensitive to gauge choice: (|Δgauge| = 1.58359202158441e-7)
└ @ TensorKitChainRulesCoreExt ~/.julia/packages/TensorKit/esxcj/ext/TensorKitChainRulesCoreExt/factorizations.jl:254
┌ Warning: `svd` cotangents sensitive to gauge choice: (|Δgauge| = 0.3900315116648197)
└ @ TensorKitChainRulesCoreExt ~/.julia/packages/TensorKit/esxcj/ext/TensorKitChainRulesCoreExt/factorizations.jl:254
[ Info: LBFGS: initializing with f = -3.163655054957, ‖∇f‖ = 5.6307e-04
[ Info: CTMRG init:	obj = +7.211872463139e+00	err = 1.0000e+00
[ Info: CTMRG conv 7:	obj = +7.211880744744e+00	err = 2.6862945860e-10	time = 3.04 sec
┌ Warning: `svd` cotangents sensitive to gauge choice: (|Δgauge| = 0.38947300173490507)
└ @ TensorKitChainRulesCoreExt ~/.julia/packages/TensorKit/esxcj/ext/TensorKitChainRulesCoreExt/factorizations.jl:254
┌ Warning: `svd` cotangents sensitive to gauge choice: (|Δgauge| = 3.1126049040432104e-11)
└ @ TensorKitChainRulesCoreExt ~/.julia/packages/TensorKit/esxcj/ext/TensorKitChainRulesCoreExt/factorizations.jl:254
┌ Warning: `svd` cotangents sensitive to gauge choice: (|Δgauge| = 0.3894730016461294)
└ @ TensorKitChainRulesCoreExt ~/.julia/packages/TensorKit/esxcj/ext/TensorKitChainRulesCoreExt/factorizations.jl:254
[ Info: CTMRG init:	obj = +7.210971413697e+00	err = 1.0000e+00
[ Info: CTMRG conv 7:	obj = +7.210972565835e+00	err = 1.7715849591e-10	time = 2.81 sec
┌ Warning: `svd` cotangents sensitive to gauge choice: (|Δgauge| = 0.38982425734165826)
└ @ TensorKitChainRulesCoreExt ~/.julia/packages/TensorKit/esxcj/ext/TensorKitChainRulesCoreExt/factorizations.jl:254
┌ Warning: `svd` cotangents sensitive to gauge choice: (|Δgauge| = 3.38233114712559e-11)
└ @ TensorKitChainRulesCoreExt ~/.julia/packages/TensorKit/esxcj/ext/TensorKitChainRulesCoreExt/factorizations.jl:254
┌ Warning: `svd` cotangents sensitive to gauge choice: (|Δgauge| = 0.38982425728765724)
└ @ TensorKitChainRulesCoreExt ~/.julia/packages/TensorKit/esxcj/ext/TensorKitChainRulesCoreExt/factorizations.jl:254
[ Info: LBFGS: iter    1, time 1732.42 s: f = -3.163656108047, ‖∇f‖ = 1.0970e-03, α = 3.73e-01, m = 0, nfg = 2
[ Info: CTMRG init:	obj = +7.211033065077e+00	err = 1.0000e+00
[ Info: CTMRG conv 7:	obj = +7.211033144076e+00	err = 2.2306256422e-10	time = 2.89 sec
┌ Warning: `svd` cotangents sensitive to gauge choice: (|Δgauge| = 0.38976294229725017)
└ @ TensorKitChainRulesCoreExt ~/.julia/packages/TensorKit/esxcj/ext/TensorKitChainRulesCoreExt/factorizations.jl:254
┌ Warning: `svd` cotangents sensitive to gauge choice: (|Δgauge| = 3.25683421872734e-11)
└ @ TensorKitChainRulesCoreExt ~/.julia/packages/TensorKit/esxcj/ext/TensorKitChainRulesCoreExt/factorizations.jl:254
┌ Warning: `svd` cotangents sensitive to gauge choice: (|Δgauge| = 0.3897629422288007)
└ @ TensorKitChainRulesCoreExt ~/.julia/packages/TensorKit/esxcj/ext/TensorKitChainRulesCoreExt/factorizations.jl:254
[ Info: CTMRG init:	obj = +7.211235464283e+00	err = 1.0000e+00
[ Info: CTMRG conv 7:	obj = +7.211237442806e+00	err = 5.4900157972e-10	time = 2.78 sec
┌ Warning: `svd` cotangents sensitive to gauge choice: (|Δgauge| = 0.38952301324357896)
└ @ TensorKitChainRulesCoreExt ~/.julia/packages/TensorKit/esxcj/ext/TensorKitChainRulesCoreExt/factorizations.jl:254
┌ Warning: `svd` cotangents sensitive to gauge choice: (|Δgauge| = 2.7631335915271778e-11)
└ @ TensorKitChainRulesCoreExt ~/.julia/packages/TensorKit/esxcj/ext/TensorKitChainRulesCoreExt/factorizations.jl:254
┌ Warning: `svd` cotangents sensitive to gauge choice: (|Δgauge| = 0.3895230132298711)
└ @ TensorKitChainRulesCoreExt ~/.julia/packages/TensorKit/esxcj/ext/TensorKitChainRulesCoreExt/factorizations.jl:254
[ Info: CTMRG init:	obj = +7.211297042736e+00	err = 1.0000e+00
[ Info: CTMRG conv 8:	obj = +7.211346994195e+00	err = 1.9685876872e-10	time = 3.39 sec
┌ Warning: `svd` cotangents sensitive to gauge choice: (|Δgauge| = 0.38845061085223187)
└ @ TensorKitChainRulesCoreExt ~/.julia/packages/TensorKit/esxcj/ext/TensorKitChainRulesCoreExt/factorizations.jl:254
┌ Warning: `svd` cotangents sensitive to gauge choice: (|Δgauge| = 0.38845061075223564)
└ @ TensorKitChainRulesCoreExt ~/.julia/packages/TensorKit/esxcj/ext/TensorKitChainRulesCoreExt/factorizations.jl:254
[ Info: CTMRG init:	obj = +7.211441935817e+00	err = 1.0000e+00
[ Info: CTMRG conv 8:	obj = +7.211454010558e+00	err = 2.3889957914e-10	time = 3.32 sec
┌ Warning: `svd` cotangents sensitive to gauge choice: (|Δgauge| = 0.3891053752154554)
└ @ TensorKitChainRulesCoreExt ~/.julia/packages/TensorKit/esxcj/ext/TensorKitChainRulesCoreExt/factorizations.jl:254
┌ Warning: `svd` cotangents sensitive to gauge choice: (|Δgauge| = 0.38910537519618144)
└ @ TensorKitChainRulesCoreExt ~/.julia/packages/TensorKit/esxcj/ext/TensorKitChainRulesCoreExt/factorizations.jl:254
[ Info: LBFGS: iter    2, time 1767.86 s: f = -3.163666607086, ‖∇f‖ = 2.5471e-03, α = 1.23e+01, m = 1, nfg = 4
[ Info: CTMRG init:	obj = +7.212056485285e+00	err = 1.0000e+00
[ Info: CTMRG conv 8:	obj = +7.212064733669e+00	err = 1.2626403521e-10	time = 3.36 sec
┌ Warning: `svd` cotangents sensitive to gauge choice: (|Δgauge| = 0.38880317326000535)
└ @ TensorKitChainRulesCoreExt ~/.julia/packages/TensorKit/esxcj/ext/TensorKitChainRulesCoreExt/factorizations.jl:254
┌ Warning: `svd` cotangents sensitive to gauge choice: (|Δgauge| = 0.38880317306381174)
└ @ TensorKitChainRulesCoreExt ~/.julia/packages/TensorKit/esxcj/ext/TensorKitChainRulesCoreExt/factorizations.jl:254
[ Info: LBFGS: iter    3, time 1776.58 s: f = -3.163676864457, ‖∇f‖ = 9.4604e-04, α = 1.00e+00, m = 2, nfg = 1
[ Info: CTMRG init:	obj = +7.212466048948e+00	err = 1.0000e+00
[ Info: CTMRG conv 7:	obj = +7.212466554318e+00	err = 2.9431656322e-10	time = 2.60 sec
┌ Warning: `svd` cotangents sensitive to gauge choice: (|Δgauge| = 0.3890719230633881)
└ @ TensorKitChainRulesCoreExt ~/.julia/packages/TensorKit/esxcj/ext/TensorKitChainRulesCoreExt/factorizations.jl:254
┌ Warning: `svd` cotangents sensitive to gauge choice: (|Δgauge| = 4.260454288412116e-12)
└ @ TensorKitChainRulesCoreExt ~/.julia/packages/TensorKit/esxcj/ext/TensorKitChainRulesCoreExt/factorizations.jl:254
┌ Warning: `svd` cotangents sensitive to gauge choice: (|Δgauge| = 0.3890719228902777)
└ @ TensorKitChainRulesCoreExt ~/.julia/packages/TensorKit/esxcj/ext/TensorKitChainRulesCoreExt/factorizations.jl:254
[ Info: LBFGS: iter    4, time 1784.16 s: f = -3.163677722839, ‖∇f‖ = 6.9239e-04, α = 1.00e+00, m = 3, nfg = 1
[ Info: CTMRG init:	obj = +7.212574662241e+00	err = 1.0000e+00
[ Info: CTMRG conv 6:	obj = +7.212574672503e+00	err = 4.8440626787e-10	time = 2.77 sec
┌ Warning: `svd` cotangents sensitive to gauge choice: (|Δgauge| = 0.38901056854236954)
└ @ TensorKitChainRulesCoreExt ~/.julia/packages/TensorKit/esxcj/ext/TensorKitChainRulesCoreExt/factorizations.jl:254
┌ Warning: `svd` cotangents sensitive to gauge choice: (|Δgauge| = 7.509568932322401e-11)
└ @ TensorKitChainRulesCoreExt ~/.julia/packages/TensorKit/esxcj/ext/TensorKitChainRulesCoreExt/factorizations.jl:254
┌ Warning: `svd` cotangents sensitive to gauge choice: (|Δgauge| = 0.38901056852987037)
└ @ TensorKitChainRulesCoreExt ~/.julia/packages/TensorKit/esxcj/ext/TensorKitChainRulesCoreExt/factorizations.jl:254
[ Info: LBFGS: iter    5, time 1791.28 s: f = -3.163678179604, ‖∇f‖ = 2.8199e-04, α = 1.00e+00, m = 4, nfg = 1
[ Info: CTMRG init:	obj = +7.212799899962e+00	err = 1.0000e+00
[ Info: CTMRG conv 5:	obj = +7.212799902615e+00	err = 7.7813586414e-10	time = 2.11 sec
┌ Warning: `svd` cotangents sensitive to gauge choice: (|Δgauge| = 0.389017436539148)
└ @ TensorKitChainRulesCoreExt ~/.julia/packages/TensorKit/esxcj/ext/TensorKitChainRulesCoreExt/factorizations.jl:254
┌ Warning: `svd` cotangents sensitive to gauge choice: (|Δgauge| = 1.3062133353196586e-9)
└ @ TensorKitChainRulesCoreExt ~/.julia/packages/TensorKit/esxcj/ext/TensorKitChainRulesCoreExt/factorizations.jl:254
┌ Warning: `svd` cotangents sensitive to gauge choice: (|Δgauge| = 0.3890174350409862)
└ @ TensorKitChainRulesCoreExt ~/.julia/packages/TensorKit/esxcj/ext/TensorKitChainRulesCoreExt/factorizations.jl:254
[ Info: LBFGS: iter    6, time 1798.20 s: f = -3.163678377923, ‖∇f‖ = 2.8213e-04, α = 1.00e+00, m = 5, nfg = 1
[ Info: CTMRG init:	obj = +7.214575300100e+00	err = 1.0000e+00
[ Info: CTMRG conv 7:	obj = +7.214575474681e+00	err = 1.4752455287e-10	time = 2.81 sec
┌ Warning: `svd` cotangents sensitive to gauge choice: (|Δgauge| = 0.38919360319101914)
└ @ TensorKitChainRulesCoreExt ~/.julia/packages/TensorKit/esxcj/ext/TensorKitChainRulesCoreExt/factorizations.jl:254
┌ Warning: `svd` cotangents sensitive to gauge choice: (|Δgauge| = 4.545494078906577e-12)
└ @ TensorKitChainRulesCoreExt ~/.julia/packages/TensorKit/esxcj/ext/TensorKitChainRulesCoreExt/factorizations.jl:254
┌ Warning: `svd` cotangents sensitive to gauge choice: (|Δgauge| = 0.38919360321616236)
└ @ TensorKitChainRulesCoreExt ~/.julia/packages/TensorKit/esxcj/ext/TensorKitChainRulesCoreExt/factorizations.jl:254
[ Info: LBFGS: iter    7, time 1806.34 s: f = -3.163679418470, ‖∇f‖ = 6.3696e-04, α = 1.00e+00, m = 6, nfg = 1
[ Info: CTMRG init:	obj = +7.217914396151e+00	err = 1.0000e+00
[ Info: CTMRG conv 7:	obj = +7.217915176824e+00	err = 2.5307214969e-10	time = 2.89 sec
┌ Warning: `svd` cotangents sensitive to gauge choice: (|Δgauge| = 0.3895970654689756)
└ @ TensorKitChainRulesCoreExt ~/.julia/packages/TensorKit/esxcj/ext/TensorKitChainRulesCoreExt/factorizations.jl:254
┌ Warning: `svd` cotangents sensitive to gauge choice: (|Δgauge| = 3.5823906973858137e-12)
└ @ TensorKitChainRulesCoreExt ~/.julia/packages/TensorKit/esxcj/ext/TensorKitChainRulesCoreExt/factorizations.jl:254
┌ Warning: `svd` cotangents sensitive to gauge choice: (|Δgauge| = 0.3895970655596721)
└ @ TensorKitChainRulesCoreExt ~/.julia/packages/TensorKit/esxcj/ext/TensorKitChainRulesCoreExt/factorizations.jl:254
[ Info: LBFGS: iter    8, time 1814.27 s: f = -3.163680906943, ‖∇f‖ = 9.2787e-04, α = 1.00e+00, m = 7, nfg = 1
[ Info: CTMRG init:	obj = +7.223931205232e+00	err = 1.0000e+00
[ Info: CTMRG conv 7:	obj = +7.223933653441e+00	err = 4.2313399937e-10	time = 3.09 sec
┌ Warning: `svd` cotangents sensitive to gauge choice: (|Δgauge| = 0.39044439417245724)
└ @ TensorKitChainRulesCoreExt ~/.julia/packages/TensorKit/esxcj/ext/TensorKitChainRulesCoreExt/factorizations.jl:254
┌ Warning: `svd` cotangents sensitive to gauge choice: (|Δgauge| = 0.3904443941499908)
└ @ TensorKitChainRulesCoreExt ~/.julia/packages/TensorKit/esxcj/ext/TensorKitChainRulesCoreExt/factorizations.jl:254
[ Info: LBFGS: iter    9, time 1823.66 s: f = -3.163682300812, ‖∇f‖ = 1.1720e-03, α = 1.00e+00, m = 8, nfg = 1
[ Info: CTMRG init:	obj = +7.228119410764e+00	err = 1.0000e+00
[ Info: CTMRG conv 7:	obj = +7.228120906134e+00	err = 4.8684705338e-10	time = 4.38 sec
┌ Warning: `svd` cotangents sensitive to gauge choice: (|Δgauge| = 0.3909041344522493)
└ @ TensorKitChainRulesCoreExt ~/.julia/packages/TensorKit/esxcj/ext/TensorKitChainRulesCoreExt/factorizations.jl:254
┌ Warning: `svd` cotangents sensitive to gauge choice: (|Δgauge| = 0.3909041344500201)
└ @ TensorKitChainRulesCoreExt ~/.julia/packages/TensorKit/esxcj/ext/TensorKitChainRulesCoreExt/factorizations.jl:254
[ Info: LBFGS: iter   10, time 1835.94 s: f = -3.163683077631, ‖∇f‖ = 6.5417e-04, α = 1.00e+00, m = 8, nfg = 1
[ Info: CTMRG init:	obj = +7.226795520823e+00	err = 1.0000e+00
[ Info: CTMRG conv 7:	obj = +7.226795746824e+00	err = 2.1408452904e-10	time = 3.40 sec
┌ Warning: `svd` cotangents sensitive to gauge choice: (|Δgauge| = 0.3907567001339172)
└ @ TensorKitChainRulesCoreExt ~/.julia/packages/TensorKit/esxcj/ext/TensorKitChainRulesCoreExt/factorizations.jl:254
┌ Warning: `svd` cotangents sensitive to gauge choice: (|Δgauge| = 0.39075669994928586)
└ @ TensorKitChainRulesCoreExt ~/.julia/packages/TensorKit/esxcj/ext/TensorKitChainRulesCoreExt/factorizations.jl:254
[ Info: LBFGS: iter   11, time 1845.50 s: f = -3.163683529921, ‖∇f‖ = 2.0897e-04, α = 1.00e+00, m = 8, nfg = 1
[ Info: CTMRG init:	obj = +7.226901693281e+00	err = 1.0000e+00
[ Info: CTMRG conv 6:	obj = +7.226901699705e+00	err = 2.6127564426e-10	time = 2.52 sec
┌ Warning: `svd` cotangents sensitive to gauge choice: (|Δgauge| = 0.39073454597562374)
└ @ TensorKitChainRulesCoreExt ~/.julia/packages/TensorKit/esxcj/ext/TensorKitChainRulesCoreExt/factorizations.jl:254
┌ Warning: `svd` cotangents sensitive to gauge choice: (|Δgauge| = 1.0637613056138115e-11)
└ @ TensorKitChainRulesCoreExt ~/.julia/packages/TensorKit/esxcj/ext/TensorKitChainRulesCoreExt/factorizations.jl:254
┌ Warning: `svd` cotangents sensitive to gauge choice: (|Δgauge| = 0.39073454585389666)
└ @ TensorKitChainRulesCoreExt ~/.julia/packages/TensorKit/esxcj/ext/TensorKitChainRulesCoreExt/factorizations.jl:254
[ Info: LBFGS: iter   12, time 1853.05 s: f = -3.163683621232, ‖∇f‖ = 1.4035e-04, α = 1.00e+00, m = 8, nfg = 1
[ Info: CTMRG init:	obj = +7.227494329263e+00	err = 1.0000e+00
[ Info: CTMRG conv 5:	obj = +7.227494330998e+00	err = 7.8209144176e-10	time = 2.08 sec
┌ Warning: `svd` cotangents sensitive to gauge choice: (|Δgauge| = 0.39071601068122164)
└ @ TensorKitChainRulesCoreExt ~/.julia/packages/TensorKit/esxcj/ext/TensorKitChainRulesCoreExt/factorizations.jl:254
┌ Warning: `svd` cotangents sensitive to gauge choice: (|Δgauge| = 2.3544689526730183e-10)
└ @ TensorKitChainRulesCoreExt ~/.julia/packages/TensorKit/esxcj/ext/TensorKitChainRulesCoreExt/factorizations.jl:254
┌ Warning: `svd` cotangents sensitive to gauge choice: (|Δgauge| = 0.3907160103853489)
└ @ TensorKitChainRulesCoreExt ~/.julia/packages/TensorKit/esxcj/ext/TensorKitChainRulesCoreExt/factorizations.jl:254
[ Info: LBFGS: iter   13, time 1859.69 s: f = -3.163683700958, ‖∇f‖ = 2.1252e-04, α = 1.00e+00, m = 8, nfg = 1
[ Info: CTMRG init:	obj = +7.229822521644e+00	err = 1.0000e+00
[ Info: CTMRG conv 6:	obj = +7.229822534556e+00	err = 3.7087897949e-10	time = 2.69 sec
┌ Warning: `svd` cotangents sensitive to gauge choice: (|Δgauge| = 0.39064677599288855)
└ @ TensorKitChainRulesCoreExt ~/.julia/packages/TensorKit/esxcj/ext/TensorKitChainRulesCoreExt/factorizations.jl:254
┌ Warning: `svd` cotangents sensitive to gauge choice: (|Δgauge| = 1.1356950445457304e-11)
└ @ TensorKitChainRulesCoreExt ~/.julia/packages/TensorKit/esxcj/ext/TensorKitChainRulesCoreExt/factorizations.jl:254
┌ Warning: `svd` cotangents sensitive to gauge choice: (|Δgauge| = 0.39064677591110164)
└ @ TensorKitChainRulesCoreExt ~/.julia/packages/TensorKit/esxcj/ext/TensorKitChainRulesCoreExt/factorizations.jl:254
[ Info: LBFGS: iter   14, time 1867.16 s: f = -3.163683931709, ‖∇f‖ = 4.0760e-04, α = 1.00e+00, m = 8, nfg = 1
[ Info: CTMRG init:	obj = +7.235571096066e+00	err = 1.0000e+00
[ Info: CTMRG conv 7:	obj = +7.235571177139e+00	err = 1.7920818965e-10	time = 3.51 sec
┌ Warning: `svd` cotangents sensitive to gauge choice: (|Δgauge| = 0.390458213012697)
└ @ TensorKitChainRulesCoreExt ~/.julia/packages/TensorKit/esxcj/ext/TensorKitChainRulesCoreExt/factorizations.jl:254
┌ Warning: `svd` cotangents sensitive to gauge choice: (|Δgauge| = 0.3904582129401003)
└ @ TensorKitChainRulesCoreExt ~/.julia/packages/TensorKit/esxcj/ext/TensorKitChainRulesCoreExt/factorizations.jl:254
[ Info: LBFGS: iter   15, time 1875.43 s: f = -3.163684411471, ‖∇f‖ = 6.3365e-04, α = 1.00e+00, m = 8, nfg = 1
[ Info: CTMRG init:	obj = +7.247481324833e+00	err = 1.0000e+00
[ Info: CTMRG conv 7:	obj = +7.247481711634e+00	err = 1.9328677949e-10	time = 3.09 sec
┌ Warning: `svd` cotangents sensitive to gauge choice: (|Δgauge| = 0.39006614160601305)
└ @ TensorKitChainRulesCoreExt ~/.julia/packages/TensorKit/esxcj/ext/TensorKitChainRulesCoreExt/factorizations.jl:254
┌ Warning: `svd` cotangents sensitive to gauge choice: (|Δgauge| = 0.3900661416086784)
└ @ TensorKitChainRulesCoreExt ~/.julia/packages/TensorKit/esxcj/ext/TensorKitChainRulesCoreExt/factorizations.jl:254
[ Info: LBFGS: iter   16, time 1883.67 s: f = -3.163685243905, ‖∇f‖ = 7.9331e-04, α = 1.00e+00, m = 8, nfg = 1
[ Info: CTMRG init:	obj = +7.273336918220e+00	err = 1.0000e+00
[ Info: CTMRG conv 7:	obj = +7.273341395649e+00	err = 3.1921645945e-10	time = 2.91 sec
┌ Warning: `svd` cotangents sensitive to gauge choice: (|Δgauge| = 0.38908974837602)
└ @ TensorKitChainRulesCoreExt ~/.julia/packages/TensorKit/esxcj/ext/TensorKitChainRulesCoreExt/factorizations.jl:254
┌ Warning: `svd` cotangents sensitive to gauge choice: (|Δgauge| = 0.3890897483292268)
└ @ TensorKitChainRulesCoreExt ~/.julia/packages/TensorKit/esxcj/ext/TensorKitChainRulesCoreExt/factorizations.jl:254
[ Info: CTMRG init:	obj = +7.255031022737e+00	err = 1.0000e+00
[ Info: CTMRG conv 7:	obj = +7.255031400997e+00	err = 1.5678246002e-10	time = 3.36 sec
┌ Warning: `svd` cotangents sensitive to gauge choice: (|Δgauge| = 0.389781135341818)
└ @ TensorKitChainRulesCoreExt ~/.julia/packages/TensorKit/esxcj/ext/TensorKitChainRulesCoreExt/factorizations.jl:254
┌ Warning: `svd` cotangents sensitive to gauge choice: (|Δgauge| = 0.3897811353280306)
└ @ TensorKitChainRulesCoreExt ~/.julia/packages/TensorKit/esxcj/ext/TensorKitChainRulesCoreExt/factorizations.jl:254
[ Info: LBFGS: iter   17, time 1900.30 s: f = -3.163685585308, ‖∇f‖ = 8.0785e-04, α = 2.90e-01, m = 8, nfg = 2
[ Info: CTMRG init:	obj = +7.264131700823e+00	err = 1.0000e+00
[ Info: CTMRG conv 7:	obj = +7.264132078199e+00	err = 2.2574902697e-10	time = 3.13 sec
┌ Warning: `svd` cotangents sensitive to gauge choice: (|Δgauge| = 0.3895278430948331)
└ @ TensorKitChainRulesCoreExt ~/.julia/packages/TensorKit/esxcj/ext/TensorKitChainRulesCoreExt/factorizations.jl:254
┌ Warning: `svd` cotangents sensitive to gauge choice: (|Δgauge| = 0.3895278429688796)
└ @ TensorKitChainRulesCoreExt ~/.julia/packages/TensorKit/esxcj/ext/TensorKitChainRulesCoreExt/factorizations.jl:254
[ Info: LBFGS: iter   18, time 1908.60 s: f = -3.163686247803, ‖∇f‖ = 4.3885e-04, α = 1.00e+00, m = 8, nfg = 1
[ Info: CTMRG init:	obj = +7.269149374081e+00	err = 1.0000e+00
[ Info: CTMRG conv 7:	obj = +7.269149527197e+00	err = 1.8168410711e-10	time = 3.00 sec
┌ Warning: `svd` cotangents sensitive to gauge choice: (|Δgauge| = 0.38943889624210937)
└ @ TensorKitChainRulesCoreExt ~/.julia/packages/TensorKit/esxcj/ext/TensorKitChainRulesCoreExt/factorizations.jl:254
┌ Warning: `svd` cotangents sensitive to gauge choice: (|Δgauge| = 0.3894388962235879)
└ @ TensorKitChainRulesCoreExt ~/.julia/packages/TensorKit/esxcj/ext/TensorKitChainRulesCoreExt/factorizations.jl:254
[ Info: LBFGS: iter   19, time 1916.93 s: f = -3.163686590158, ‖∇f‖ = 1.6456e-04, α = 1.00e+00, m = 8, nfg = 1
[ Info: CTMRG init:	obj = +7.270338780204e+00	err = 1.0000e+00
[ Info: CTMRG conv 6:	obj = +7.270338795070e+00	err = 4.6948196822e-10	time = 2.72 sec
┌ Warning: `svd` cotangents sensitive to gauge choice: (|Δgauge| = 0.38947810080241385)
└ @ TensorKitChainRulesCoreExt ~/.julia/packages/TensorKit/esxcj/ext/TensorKitChainRulesCoreExt/factorizations.jl:254
┌ Warning: `svd` cotangents sensitive to gauge choice: (|Δgauge| = 1.7680448513826758e-11)
└ @ TensorKitChainRulesCoreExt ~/.julia/packages/TensorKit/esxcj/ext/TensorKitChainRulesCoreExt/factorizations.jl:254
┌ Warning: `svd` cotangents sensitive to gauge choice: (|Δgauge| = 0.38947810067955835)
└ @ TensorKitChainRulesCoreExt ~/.julia/packages/TensorKit/esxcj/ext/TensorKitChainRulesCoreExt/factorizations.jl:254
[ Info: LBFGS: iter   20, time 1924.45 s: f = -3.163686707009, ‖∇f‖ = 2.3117e-04, α = 1.00e+00, m = 8, nfg = 1
[ Info: CTMRG init:	obj = +7.272914005359e+00	err = 1.0000e+00
[ Info: CTMRG conv 6:	obj = +7.272914056238e+00	err = 6.1290439370e-10	time = 2.78 sec
┌ Warning: `svd` cotangents sensitive to gauge choice: (|Δgauge| = 0.3895870155556323)
└ @ TensorKitChainRulesCoreExt ~/.julia/packages/TensorKit/esxcj/ext/TensorKitChainRulesCoreExt/factorizations.jl:254
┌ Warning: `svd` cotangents sensitive to gauge choice: (|Δgauge| = 1.991921228550441e-11)
└ @ TensorKitChainRulesCoreExt ~/.julia/packages/TensorKit/esxcj/ext/TensorKitChainRulesCoreExt/factorizations.jl:254
┌ Warning: `svd` cotangents sensitive to gauge choice: (|Δgauge| = 0.38958701545470864)
└ @ TensorKitChainRulesCoreExt ~/.julia/packages/TensorKit/esxcj/ext/TensorKitChainRulesCoreExt/factorizations.jl:254
[ Info: LBFGS: iter   21, time 1932.11 s: f = -3.163686918111, ‖∇f‖ = 3.5847e-04, α = 1.00e+00, m = 8, nfg = 1
[ Info: CTMRG init:	obj = +7.281011126477e+00	err = 1.0000e+00
[ Info: CTMRG conv 7:	obj = +7.281011434831e+00	err = 2.0286506954e-10	time = 3.34 sec
┌ Warning: `svd` cotangents sensitive to gauge choice: (|Δgauge| = 0.3898243471404944)
└ @ TensorKitChainRulesCoreExt ~/.julia/packages/TensorKit/esxcj/ext/TensorKitChainRulesCoreExt/factorizations.jl:254
┌ Warning: `svd` cotangents sensitive to gauge choice: (|Δgauge| = 0.3898243470484706)
└ @ TensorKitChainRulesCoreExt ~/.julia/packages/TensorKit/esxcj/ext/TensorKitChainRulesCoreExt/factorizations.jl:254
[ Info: LBFGS: iter   22, time 1940.68 s: f = -3.163687372646, ‖∇f‖ = 4.5170e-04, α = 1.00e+00, m = 8, nfg = 1
[ Info: CTMRG init:	obj = +7.301610909720e+00	err = 1.0000e+00
[ Info: CTMRG conv 7:	obj = +7.301612625118e+00	err = 3.1460098296e-10	time = 3.69 sec
┌ Warning: `svd` cotangents sensitive to gauge choice: (|Δgauge| = 0.3902335669200405)
└ @ TensorKitChainRulesCoreExt ~/.julia/packages/TensorKit/esxcj/ext/TensorKitChainRulesCoreExt/factorizations.jl:254
┌ Warning: `svd` cotangents sensitive to gauge choice: (|Δgauge| = 2.4824276746970514e-12)
└ @ TensorKitChainRulesCoreExt ~/.julia/packages/TensorKit/esxcj/ext/TensorKitChainRulesCoreExt/factorizations.jl:254
┌ Warning: `svd` cotangents sensitive to gauge choice: (|Δgauge| = 0.3902335670366055)
└ @ TensorKitChainRulesCoreExt ~/.julia/packages/TensorKit/esxcj/ext/TensorKitChainRulesCoreExt/factorizations.jl:254
[ Info: CTMRG init:	obj = +7.287712243182e+00	err = 1.0000e+00
[ Info: CTMRG conv 7:	obj = +7.287712423283e+00	err = 2.4737489276e-10	time = 3.24 sec
┌ Warning: `svd` cotangents sensitive to gauge choice: (|Δgauge| = 0.3899562758520148)
└ @ TensorKitChainRulesCoreExt ~/.julia/packages/TensorKit/esxcj/ext/TensorKitChainRulesCoreExt/factorizations.jl:254
┌ Warning: `svd` cotangents sensitive to gauge choice: (|Δgauge| = 1.9108090201163514e-12)
└ @ TensorKitChainRulesCoreExt ~/.julia/packages/TensorKit/esxcj/ext/TensorKitChainRulesCoreExt/factorizations.jl:254
┌ Warning: `svd` cotangents sensitive to gauge choice: (|Δgauge| = 0.3899562757573951)
└ @ TensorKitChainRulesCoreExt ~/.julia/packages/TensorKit/esxcj/ext/TensorKitChainRulesCoreExt/factorizations.jl:254
[ Info: LBFGS: iter   23, time 1957.64 s: f = -3.163687611545, ‖∇f‖ = 6.0881e-04, α = 3.24e-01, m = 8, nfg = 2
[ Info: CTMRG init:	obj = +7.298607302377e+00	err = 1.0000e+00
[ Info: CTMRG conv 7:	obj = +7.298607706628e+00	err = 3.2979419531e-10	time = 3.29 sec
┌ Warning: `svd` cotangents sensitive to gauge choice: (|Δgauge| = 0.3902300151255751)
└ @ TensorKitChainRulesCoreExt ~/.julia/packages/TensorKit/esxcj/ext/TensorKitChainRulesCoreExt/factorizations.jl:254
┌ Warning: `svd` cotangents sensitive to gauge choice: (|Δgauge| = 2.4503325790288276e-12)
└ @ TensorKitChainRulesCoreExt ~/.julia/packages/TensorKit/esxcj/ext/TensorKitChainRulesCoreExt/factorizations.jl:254
┌ Warning: `svd` cotangents sensitive to gauge choice: (|Δgauge| = 0.39023001528807943)
└ @ TensorKitChainRulesCoreExt ~/.julia/packages/TensorKit/esxcj/ext/TensorKitChainRulesCoreExt/factorizations.jl:254
[ Info: LBFGS: iter   24, time 1966.19 s: f = -3.163688182141, ‖∇f‖ = 3.3119e-04, α = 1.00e+00, m = 8, nfg = 1
[ Info: CTMRG init:	obj = +7.308268185644e+00	err = 1.0000e+00
[ Info: CTMRG conv 7:	obj = +7.308268424371e+00	err = 3.6862692555e-10	time = 3.78 sec
┌ Warning: `svd` cotangents sensitive to gauge choice: (|Δgauge| = 0.3904395502279063)
└ @ TensorKitChainRulesCoreExt ~/.julia/packages/TensorKit/esxcj/ext/TensorKitChainRulesCoreExt/factorizations.jl:254
┌ Warning: `svd` cotangents sensitive to gauge choice: (|Δgauge| = 2.9066388668421412e-12)
└ @ TensorKitChainRulesCoreExt ~/.julia/packages/TensorKit/esxcj/ext/TensorKitChainRulesCoreExt/factorizations.jl:254
┌ Warning: `svd` cotangents sensitive to gauge choice: (|Δgauge| = 0.3904395501744933)
└ @ TensorKitChainRulesCoreExt ~/.julia/packages/TensorKit/esxcj/ext/TensorKitChainRulesCoreExt/factorizations.jl:254
[ Info: LBFGS: iter   25, time 1975.14 s: f = -3.163688771850, ‖∇f‖ = 3.0909e-04, α = 1.00e+00, m = 8, nfg = 1
[ Info: CTMRG init:	obj = +7.318992718338e+00	err = 1.0000e+00
[ Info: CTMRG conv 7:	obj = +7.318992878990e+00	err = 3.4703643442e-10	time = 3.85 sec
┌ Warning: `svd` cotangents sensitive to gauge choice: (|Δgauge| = 0.3906100405551799)
└ @ TensorKitChainRulesCoreExt ~/.julia/packages/TensorKit/esxcj/ext/TensorKitChainRulesCoreExt/factorizations.jl:254
┌ Warning: `svd` cotangents sensitive to gauge choice: (|Δgauge| = 3.361920709401866e-12)
└ @ TensorKitChainRulesCoreExt ~/.julia/packages/TensorKit/esxcj/ext/TensorKitChainRulesCoreExt/factorizations.jl:254
┌ Warning: `svd` cotangents sensitive to gauge choice: (|Δgauge| = 0.3906100402987229)
└ @ TensorKitChainRulesCoreExt ~/.julia/packages/TensorKit/esxcj/ext/TensorKitChainRulesCoreExt/factorizations.jl:254
[ Info: LBFGS: iter   26, time 1984.14 s: f = -3.163689495874, ‖∇f‖ = 6.6719e-04, α = 1.00e+00, m = 8, nfg = 1
[ Info: CTMRG init:	obj = +7.333226197220e+00	err = 1.0000e+00
[ Info: CTMRG conv 7:	obj = +7.333226419333e+00	err = 1.6483567069e-10	time = 3.77 sec
┌ Warning: `svd` cotangents sensitive to gauge choice: (|Δgauge| = 0.3906936547626163)
└ @ TensorKitChainRulesCoreExt ~/.julia/packages/TensorKit/esxcj/ext/TensorKitChainRulesCoreExt/factorizations.jl:254
┌ Warning: `svd` cotangents sensitive to gauge choice: (|Δgauge| = 3.78244552623619e-12)
└ @ TensorKitChainRulesCoreExt ~/.julia/packages/TensorKit/esxcj/ext/TensorKitChainRulesCoreExt/factorizations.jl:254
┌ Warning: `svd` cotangents sensitive to gauge choice: (|Δgauge| = 0.3906936547052732)
└ @ TensorKitChainRulesCoreExt ~/.julia/packages/TensorKit/esxcj/ext/TensorKitChainRulesCoreExt/factorizations.jl:254
[ Info: LBFGS: iter   27, time 1993.38 s: f = -3.163690598148, ‖∇f‖ = 1.0976e-03, α = 1.00e+00, m = 8, nfg = 1
[ Info: CTMRG init:	obj = +7.370642833873e+00	err = 1.0000e+00
[ Info: CTMRG conv 7:	obj = +7.370644464029e+00	err = 2.7934002775e-10	time = 3.80 sec
┌ Warning: `svd` cotangents sensitive to gauge choice: (|Δgauge| = 0.3907916293888752)
└ @ TensorKitChainRulesCoreExt ~/.julia/packages/TensorKit/esxcj/ext/TensorKitChainRulesCoreExt/factorizations.jl:254
┌ Warning: `svd` cotangents sensitive to gauge choice: (|Δgauge| = 4.534807015290624e-12)
└ @ TensorKitChainRulesCoreExt ~/.julia/packages/TensorKit/esxcj/ext/TensorKitChainRulesCoreExt/factorizations.jl:254
┌ Warning: `svd` cotangents sensitive to gauge choice: (|Δgauge| = 0.3907916294849728)
└ @ TensorKitChainRulesCoreExt ~/.julia/packages/TensorKit/esxcj/ext/TensorKitChainRulesCoreExt/factorizations.jl:254
[ Info: LBFGS: iter   28, time 2002.33 s: f = -3.163693366822, ‖∇f‖ = 1.6281e-03, α = 1.00e+00, m = 8, nfg = 1
[ Info: CTMRG init:	obj = +7.452860369584e+00	err = 1.0000e+00
[ Info: CTMRG conv 7:	obj = +7.452869907430e+00	err = 6.1795764755e-10	time = 3.58 sec
┌ Warning: `svd` cotangents sensitive to gauge choice: (|Δgauge| = 0.3905903854354313)
└ @ TensorKitChainRulesCoreExt ~/.julia/packages/TensorKit/esxcj/ext/TensorKitChainRulesCoreExt/factorizations.jl:254
┌ Warning: `svd` cotangents sensitive to gauge choice: (|Δgauge| = 4.8318638465900345e-12)
└ @ TensorKitChainRulesCoreExt ~/.julia/packages/TensorKit/esxcj/ext/TensorKitChainRulesCoreExt/factorizations.jl:254
┌ Warning: `svd` cotangents sensitive to gauge choice: (|Δgauge| = 0.39059038557430353)
└ @ TensorKitChainRulesCoreExt ~/.julia/packages/TensorKit/esxcj/ext/TensorKitChainRulesCoreExt/factorizations.jl:254
[ Info: LBFGS: iter   29, time 2011.02 s: f = -3.163697631798, ‖∇f‖ = 2.0806e-03, α = 1.00e+00, m = 8, nfg = 1
[ Info: CTMRG init:	obj = +7.533587592449e+00	err = 1.0000e+00
[ Info: CTMRG conv 7:	obj = +7.533599579379e+00	err = 7.5873748241e-10	time = 3.98 sec
┌ Warning: `svd` cotangents sensitive to gauge choice: (|Δgauge| = 0.39033905200672764)
└ @ TensorKitChainRulesCoreExt ~/.julia/packages/TensorKit/esxcj/ext/TensorKitChainRulesCoreExt/factorizations.jl:254
┌ Warning: `svd` cotangents sensitive to gauge choice: (|Δgauge| = 4.559149997593296e-12)
└ @ TensorKitChainRulesCoreExt ~/.julia/packages/TensorKit/esxcj/ext/TensorKitChainRulesCoreExt/factorizations.jl:254
┌ Warning: `svd` cotangents sensitive to gauge choice: (|Δgauge| = 0.3903390519583483)
└ @ TensorKitChainRulesCoreExt ~/.julia/packages/TensorKit/esxcj/ext/TensorKitChainRulesCoreExt/factorizations.jl:254
[ Info: LBFGS: iter   30, time 2019.56 s: f = -3.163701470742, ‖∇f‖ = 1.6666e-03, α = 1.00e+00, m = 8, nfg = 1
[ Info: CTMRG init:	obj = +7.530084994534e+00	err = 1.0000e+00
[ Info: CTMRG conv 7:	obj = +7.530085207012e+00	err = 5.9284647973e-10	time = 3.59 sec
┌ Warning: `svd` cotangents sensitive to gauge choice: (|Δgauge| = 0.389898205092603)
└ @ TensorKitChainRulesCoreExt ~/.julia/packages/TensorKit/esxcj/ext/TensorKitChainRulesCoreExt/factorizations.jl:254
┌ Warning: `svd` cotangents sensitive to gauge choice: (|Δgauge| = 4.343747008909193e-12)
└ @ TensorKitChainRulesCoreExt ~/.julia/packages/TensorKit/esxcj/ext/TensorKitChainRulesCoreExt/factorizations.jl:254
┌ Warning: `svd` cotangents sensitive to gauge choice: (|Δgauge| = 0.38989820484888205)
└ @ TensorKitChainRulesCoreExt ~/.julia/packages/TensorKit/esxcj/ext/TensorKitChainRulesCoreExt/factorizations.jl:254
[ Info: LBFGS: iter   31, time 2028.17 s: f = -3.163704011629, ‖∇f‖ = 6.6025e-04, α = 1.00e+00, m = 8, nfg = 1
[ Info: CTMRG init:	obj = +7.530523701806e+00	err = 1.0000e+00
[ Info: CTMRG conv 7:	obj = +7.530523745791e+00	err = 9.2466805947e-10	time = 3.59 sec
┌ Warning: `svd` cotangents sensitive to gauge choice: (|Δgauge| = 0.3894351326502711)
└ @ TensorKitChainRulesCoreExt ~/.julia/packages/TensorKit/esxcj/ext/TensorKitChainRulesCoreExt/factorizations.jl:254
┌ Warning: `svd` cotangents sensitive to gauge choice: (|Δgauge| = 4.066498363312463e-12)
└ @ TensorKitChainRulesCoreExt ~/.julia/packages/TensorKit/esxcj/ext/TensorKitChainRulesCoreExt/factorizations.jl:254
┌ Warning: `svd` cotangents sensitive to gauge choice: (|Δgauge| = 0.38943513255597006)
└ @ TensorKitChainRulesCoreExt ~/.julia/packages/TensorKit/esxcj/ext/TensorKitChainRulesCoreExt/factorizations.jl:254
[ Info: LBFGS: iter   32, time 2036.92 s: f = -3.163705033949, ‖∇f‖ = 4.6851e-04, α = 1.00e+00, m = 8, nfg = 1
[ Info: CTMRG init:	obj = +7.533298253170e+00	err = 1.0000e+00
[ Info: CTMRG conv 6:	obj = +7.533298265573e+00	err = 4.7721462753e-10	time = 3.11 sec
┌ Warning: `svd` cotangents sensitive to gauge choice: (|Δgauge| = 0.38927139799981414)
└ @ TensorKitChainRulesCoreExt ~/.julia/packages/TensorKit/esxcj/ext/TensorKitChainRulesCoreExt/factorizations.jl:254
┌ Warning: `svd` cotangents sensitive to gauge choice: (|Δgauge| = 8.060120943651371e-11)
└ @ TensorKitChainRulesCoreExt ~/.julia/packages/TensorKit/esxcj/ext/TensorKitChainRulesCoreExt/factorizations.jl:254
┌ Warning: `svd` cotangents sensitive to gauge choice: (|Δgauge| = 0.3892713978364193)
└ @ TensorKitChainRulesCoreExt ~/.julia/packages/TensorKit/esxcj/ext/TensorKitChainRulesCoreExt/factorizations.jl:254
[ Info: LBFGS: iter   33, time 2044.81 s: f = -3.163705393008, ‖∇f‖ = 5.7129e-04, α = 1.00e+00, m = 8, nfg = 1
[ Info: CTMRG init:	obj = +7.562789609639e+00	err = 1.0000e+00
[ Info: CTMRG conv 7:	obj = +7.562790813570e+00	err = 9.7930304710e-10	time = 4.29 sec
┌ Warning: `svd` cotangents sensitive to gauge choice: (|Δgauge| = 0.3881351539101968)
└ @ TensorKitChainRulesCoreExt ~/.julia/packages/TensorKit/esxcj/ext/TensorKitChainRulesCoreExt/factorizations.jl:254
┌ Warning: `svd` cotangents sensitive to gauge choice: (|Δgauge| = 2.7523092980722104e-12)
└ @ TensorKitChainRulesCoreExt ~/.julia/packages/TensorKit/esxcj/ext/TensorKitChainRulesCoreExt/factorizations.jl:254
┌ Warning: `svd` cotangents sensitive to gauge choice: (|Δgauge| = 0.38813515357800005)
└ @ TensorKitChainRulesCoreExt ~/.julia/packages/TensorKit/esxcj/ext/TensorKitChainRulesCoreExt/factorizations.jl:254
[ Info: LBFGS: iter   34, time 2054.04 s: f = -3.163707937947, ‖∇f‖ = 1.0169e-03, α = 1.00e+00, m = 8, nfg = 1
[ Info: CTMRG init:	obj = +7.603241582576e+00	err = 1.0000e+00
[ Info: CTMRG conv 7:	obj = +7.603244121188e+00	err = 7.6022488774e-10	time = 3.74 sec
┌ Warning: `svd` cotangents sensitive to gauge choice: (|Δgauge| = 0.3869206150780244)
└ @ TensorKitChainRulesCoreExt ~/.julia/packages/TensorKit/esxcj/ext/TensorKitChainRulesCoreExt/factorizations.jl:254
┌ Warning: `svd` cotangents sensitive to gauge choice: (|Δgauge| = 0.38692061739122846)
└ @ TensorKitChainRulesCoreExt ~/.julia/packages/TensorKit/esxcj/ext/TensorKitChainRulesCoreExt/factorizations.jl:254
[ Info: LBFGS: iter   35, time 2062.69 s: f = -3.163710302416, ‖∇f‖ = 1.2288e-03, α = 1.00e+00, m = 8, nfg = 1
[ Info: CTMRG init:	obj = +7.662851221884e+00	err = 1.0000e+00
[ Info: CTMRG conv 10:	obj = +7.662856620898e+00	err = 8.9322363296e-10	time = 5.58 sec
┌ Warning: `svd` cotangents sensitive to gauge choice: (|Δgauge| = 0.3855792415069399)
└ @ TensorKitChainRulesCoreExt ~/.julia/packages/TensorKit/esxcj/ext/TensorKitChainRulesCoreExt/factorizations.jl:254
┌ Warning: `svd` cotangents sensitive to gauge choice: (|Δgauge| = 0.38557923885519285)
└ @ TensorKitChainRulesCoreExt ~/.julia/packages/TensorKit/esxcj/ext/TensorKitChainRulesCoreExt/factorizations.jl:254
[ Info: LBFGS: iter   36, time 2073.86 s: f = -3.163712776663, ‖∇f‖ = 7.1006e-04, α = 1.00e+00, m = 8, nfg = 1
[ Info: CTMRG init:	obj = +7.676068170183e+00	err = 1.0000e+00
[ Info: CTMRG conv 15:	obj = +7.676068617509e+00	err = 8.3629741519e-10	time = 9.12 sec
┌ Warning: `svd` cotangents sensitive to gauge choice: (|Δgauge| = 0.38568837343106444)
└ @ TensorKitChainRulesCoreExt ~/.julia/packages/TensorKit/esxcj/ext/TensorKitChainRulesCoreExt/factorizations.jl:254
┌ Warning: `svd` cotangents sensitive to gauge choice: (|Δgauge| = 0.3856883720461991)
└ @ TensorKitChainRulesCoreExt ~/.julia/packages/TensorKit/esxcj/ext/TensorKitChainRulesCoreExt/factorizations.jl:254
[ Info: LBFGS: iter   37, time 2089.90 s: f = -3.163714518639, ‖∇f‖ = 5.0643e-04, α = 1.00e+00, m = 8, nfg = 1
[ Info: CTMRG init:	obj = +7.714530200715e+00	err = 1.0000e+00
[ Info: CTMRG conv 9:	obj = +7.714533921650e+00	err = 8.8202183740e-10	time = 5.42 sec
┌ Warning: `svd` cotangents sensitive to gauge choice: (|Δgauge| = 0.3859657048695082)
└ @ TensorKitChainRulesCoreExt ~/.julia/packages/TensorKit/esxcj/ext/TensorKitChainRulesCoreExt/factorizations.jl:254
┌ Warning: `svd` cotangents sensitive to gauge choice: (|Δgauge| = 0.3859657077774575)
└ @ TensorKitChainRulesCoreExt ~/.julia/packages/TensorKit/esxcj/ext/TensorKitChainRulesCoreExt/factorizations.jl:254
[ Info: LBFGS: iter   38, time 2100.73 s: f = -3.163717547528, ‖∇f‖ = 1.3331e-03, α = 1.00e+00, m = 8, nfg = 1
[ Info: CTMRG init:	obj = +7.763887627038e+00	err = 1.0000e+00
[ Info: CTMRG conv 7:	obj = +7.763893746725e+00	err = 6.4017242354e-10	time = 3.80 sec
┌ Warning: `svd` cotangents sensitive to gauge choice: (|Δgauge| = 0.3859605530842404)
└ @ TensorKitChainRulesCoreExt ~/.julia/packages/TensorKit/esxcj/ext/TensorKitChainRulesCoreExt/factorizations.jl:254
┌ Warning: `svd` cotangents sensitive to gauge choice: (|Δgauge| = 0.3859605510295317)
└ @ TensorKitChainRulesCoreExt ~/.julia/packages/TensorKit/esxcj/ext/TensorKitChainRulesCoreExt/factorizations.jl:254
[ Info: LBFGS: iter   39, time 2109.55 s: f = -3.163720625650, ‖∇f‖ = 1.7820e-03, α = 1.00e+00, m = 8, nfg = 1
[ Info: CTMRG init:	obj = +7.912127419443e+00	err = 1.0000e+00
┌ Warning: CTMRG cancel 100:	obj = +7.912194275154e+00	err = 1.8556955923e-09	time = 1.13 min
└ @ PEPSKit ~/.julia/packages/PEPSKit/P7ER3/src/algorithms/ctmrg/ctmrg.jl:129
┌ Warning: `svd` cotangents sensitive to gauge choice: (|Δgauge| = 0.3854477571065562)
└ @ TensorKitChainRulesCoreExt ~/.julia/packages/TensorKit/esxcj/ext/TensorKitChainRulesCoreExt/factorizations.jl:254
┌ Warning: `svd` cotangents sensitive to gauge choice: (|Δgauge| = 0.38544775830119027)
└ @ TensorKitChainRulesCoreExt ~/.julia/packages/TensorKit/esxcj/ext/TensorKitChainRulesCoreExt/factorizations.jl:254
[ Info: LBFGS: iter   40, time 2203.77 s: f = -3.163728749525, ‖∇f‖ = 2.4868e-03, α = 1.00e+00, m = 8, nfg = 1
[ Info: CTMRG init:	obj = +8.111535290642e+00	err = 1.0000e+00
[ Info: CTMRG conv 10:	obj = +8.111762483996e+00	err = 9.8487302388e-10	time = 6.58 sec
┌ Warning: `svd` cotangents sensitive to gauge choice: (|Δgauge| = 0.3830856025793813)
└ @ TensorKitChainRulesCoreExt ~/.julia/packages/TensorKit/esxcj/ext/TensorKitChainRulesCoreExt/factorizations.jl:254
┌ Warning: `svd` cotangents sensitive to gauge choice: (|Δgauge| = 0.3830856005911371)
└ @ TensorKitChainRulesCoreExt ~/.julia/packages/TensorKit/esxcj/ext/TensorKitChainRulesCoreExt/factorizations.jl:254
[ Info: CTMRG init:	obj = +8.008079662814e+00	err = 1.0000e+00
┌ Warning: CTMRG cancel 100:	obj = +8.008119715112e+00	err = 4.1698782371e-09	time = 1.27 min
└ @ PEPSKit ~/.julia/packages/PEPSKit/P7ER3/src/algorithms/ctmrg/ctmrg.jl:129
┌ Warning: `svd` cotangents sensitive to gauge choice: (|Δgauge| = 0.38445100336943094)
└ @ TensorKitChainRulesCoreExt ~/.julia/packages/TensorKit/esxcj/ext/TensorKitChainRulesCoreExt/factorizations.jl:254
┌ Warning: `svd` cotangents sensitive to gauge choice: (|Δgauge| = 0.38445100257534126)
└ @ TensorKitChainRulesCoreExt ~/.julia/packages/TensorKit/esxcj/ext/TensorKitChainRulesCoreExt/factorizations.jl:254
[ Info: LBFGS: iter   41, time 2317.81 s: f = -3.163733037926, ‖∇f‖ = 2.4710e-03, α = 4.18e-01, m = 8, nfg = 2
[ Info: CTMRG init:	obj = +8.095300043222e+00	err = 1.0000e+00
[ Info: CTMRG conv 13:	obj = +8.095349764149e+00	err = 7.6660161149e-10	time = 10.37 sec
┌ Warning: `svd` cotangents sensitive to gauge choice: (|Δgauge| = 0.38348356488180124)
└ @ TensorKitChainRulesCoreExt ~/.julia/packages/TensorKit/esxcj/ext/TensorKitChainRulesCoreExt/factorizations.jl:254
┌ Warning: `svd` cotangents sensitive to gauge choice: (|Δgauge| = 0.38348356179029136)
└ @ TensorKitChainRulesCoreExt ~/.julia/packages/TensorKit/esxcj/ext/TensorKitChainRulesCoreExt/factorizations.jl:254
[ Info: LBFGS: iter   42, time 2334.38 s: f = -3.163739631895, ‖∇f‖ = 1.5156e-03, α = 1.00e+00, m = 8, nfg = 1
[ Info: CTMRG init:	obj = +8.139349479674e+00	err = 1.0000e+00
[ Info: CTMRG conv 12:	obj = +8.139369622839e+00	err = 9.2991957930e-10	time = 8.86 sec
┌ Warning: `svd` cotangents sensitive to gauge choice: (|Δgauge| = 0.38246291235479357)
└ @ TensorKitChainRulesCoreExt ~/.julia/packages/TensorKit/esxcj/ext/TensorKitChainRulesCoreExt/factorizations.jl:254
┌ Warning: `svd` cotangents sensitive to gauge choice: (|Δgauge| = 0.3824629149122597)
└ @ TensorKitChainRulesCoreExt ~/.julia/packages/TensorKit/esxcj/ext/TensorKitChainRulesCoreExt/factorizations.jl:254
[ Info: LBFGS: iter   43, time 2350.20 s: f = -3.163742620454, ‖∇f‖ = 4.6046e-04, α = 1.00e+00, m = 8, nfg = 1
[ Info: CTMRG init:	obj = +8.140080814148e+00	err = 1.0000e+00
┌ Warning: CTMRG cancel 100:	obj = +8.140080837612e+00	err = 2.5686606912e-09	time = 1.40 min
└ @ PEPSKit ~/.julia/packages/PEPSKit/P7ER3/src/algorithms/ctmrg/ctmrg.jl:129
┌ Warning: `svd` cotangents sensitive to gauge choice: (|Δgauge| = 0.38235639576885644)
└ @ TensorKitChainRulesCoreExt ~/.julia/packages/TensorKit/esxcj/ext/TensorKitChainRulesCoreExt/factorizations.jl:254
┌ Warning: `svd` cotangents sensitive to gauge choice: (|Δgauge| = 0.38235639988071857)
└ @ TensorKitChainRulesCoreExt ~/.julia/packages/TensorKit/esxcj/ext/TensorKitChainRulesCoreExt/factorizations.jl:254
[ Info: LBFGS: iter   44, time 2460.68 s: f = -3.163743060461, ‖∇f‖ = 2.8405e-04, α = 1.00e+00, m = 8, nfg = 1
[ Info: CTMRG init:	obj = +8.136637387100e+00	err = 1.0000e+00
[ Info: CTMRG conv 7:	obj = +8.136637521350e+00	err = 7.0883405222e-10	time = 5.57 sec
┌ Warning: `svd` cotangents sensitive to gauge choice: (|Δgauge| = 0.38238412062789173)
└ @ TensorKitChainRulesCoreExt ~/.julia/packages/TensorKit/esxcj/ext/TensorKitChainRulesCoreExt/factorizations.jl:254
┌ Warning: `svd` cotangents sensitive to gauge choice: (|Δgauge| = 0.38238411926334837)
└ @ TensorKitChainRulesCoreExt ~/.julia/packages/TensorKit/esxcj/ext/TensorKitChainRulesCoreExt/factorizations.jl:254
[ Info: LBFGS: iter   45, time 2470.61 s: f = -3.163743389796, ‖∇f‖ = 4.4879e-04, α = 1.00e+00, m = 8, nfg = 1
[ Info: CTMRG init:	obj = +8.131401607965e+00	err = 1.0000e+00
[ Info: CTMRG conv 6:	obj = +8.131401860688e+00	err = 9.2270706662e-10	time = 5.13 sec
┌ Warning: `svd` cotangents sensitive to gauge choice: (|Δgauge| = 0.38253912615767804)
└ @ TensorKitChainRulesCoreExt ~/.julia/packages/TensorKit/esxcj/ext/TensorKitChainRulesCoreExt/factorizations.jl:254
┌ Warning: `svd` cotangents sensitive to gauge choice: (|Δgauge| = 2.1297433321975066e-12)
└ @ TensorKitChainRulesCoreExt ~/.julia/packages/TensorKit/esxcj/ext/TensorKitChainRulesCoreExt/factorizations.jl:254
┌ Warning: `svd` cotangents sensitive to gauge choice: (|Δgauge| = 0.382539124148366)
└ @ TensorKitChainRulesCoreExt ~/.julia/packages/TensorKit/esxcj/ext/TensorKitChainRulesCoreExt/factorizations.jl:254
[ Info: LBFGS: iter   46, time 2481.30 s: f = -3.163744075621, ‖∇f‖ = 7.4689e-04, α = 1.00e+00, m = 8, nfg = 1
[ Info: CTMRG init:	obj = +8.128714266156e+00	err = 1.0000e+00
[ Info: CTMRG conv 5:	obj = +8.128714377585e+00	err = 9.4562685628e-10	time = 4.12 sec
┌ Warning: `svd` cotangents sensitive to gauge choice: (|Δgauge| = 0.3829519833327515)
└ @ TensorKitChainRulesCoreExt ~/.julia/packages/TensorKit/esxcj/ext/TensorKitChainRulesCoreExt/factorizations.jl:254
┌ Warning: `svd` cotangents sensitive to gauge choice: (|Δgauge| = 1.2626601486066993e-10)
└ @ TensorKitChainRulesCoreExt ~/.julia/packages/TensorKit/esxcj/ext/TensorKitChainRulesCoreExt/factorizations.jl:254
┌ Warning: `svd` cotangents sensitive to gauge choice: (|Δgauge| = 0.3829519860888082)
└ @ TensorKitChainRulesCoreExt ~/.julia/packages/TensorKit/esxcj/ext/TensorKitChainRulesCoreExt/factorizations.jl:254
[ Info: LBFGS: iter   47, time 2490.14 s: f = -3.163745720365, ‖∇f‖ = 1.1438e-03, α = 1.00e+00, m = 8, nfg = 1
[ Info: CTMRG init:	obj = +8.139507231027e+00	err = 1.0000e+00
[ Info: CTMRG conv 15:	obj = +8.139510812470e+00	err = 8.2047269181e-10	time = 12.41 sec
┌ Warning: `svd` cotangents sensitive to gauge choice: (|Δgauge| = 0.3836157443635677)
└ @ TensorKitChainRulesCoreExt ~/.julia/packages/TensorKit/esxcj/ext/TensorKitChainRulesCoreExt/factorizations.jl:254
┌ Warning: `svd` cotangents sensitive to gauge choice: (|Δgauge| = 0.3836157467591914)
└ @ TensorKitChainRulesCoreExt ~/.julia/packages/TensorKit/esxcj/ext/TensorKitChainRulesCoreExt/factorizations.jl:254
[ Info: LBFGS: iter   48, time 2509.28 s: f = -3.163748250190, ‖∇f‖ = 1.2528e-03, α = 1.00e+00, m = 8, nfg = 1
[ Info: CTMRG init:	obj = +8.129045861840e+00	err = 1.0000e+00
[ Info: CTMRG conv 6:	obj = +8.129047879899e+00	err = 7.1597235744e-10	time = 5.09 sec
┌ Warning: `svd` cotangents sensitive to gauge choice: (|Δgauge| = 0.38609058244162797)
└ @ TensorKitChainRulesCoreExt ~/.julia/packages/TensorKit/esxcj/ext/TensorKitChainRulesCoreExt/factorizations.jl:254
┌ Warning: `svd` cotangents sensitive to gauge choice: (|Δgauge| = 0.38609058096198823)
└ @ TensorKitChainRulesCoreExt ~/.julia/packages/TensorKit/esxcj/ext/TensorKitChainRulesCoreExt/factorizations.jl:254
[ Info: CTMRG init:	obj = +8.138802691308e+00	err = 1.0000e+00
[ Info: CTMRG conv 16:	obj = +8.138802700716e+00	err = 9.2437521357e-10	time = 13.55 sec
┌ Warning: `svd` cotangents sensitive to gauge choice: (|Δgauge| = 0.38378565236578094)
└ @ TensorKitChainRulesCoreExt ~/.julia/packages/TensorKit/esxcj/ext/TensorKitChainRulesCoreExt/factorizations.jl:254
┌ Warning: `svd` cotangents sensitive to gauge choice: (|Δgauge| = 0.3837856537749829)
└ @ TensorKitChainRulesCoreExt ~/.julia/packages/TensorKit/esxcj/ext/TensorKitChainRulesCoreExt/factorizations.jl:254
[ Info: LBFGS: iter   49, time 2539.63 s: f = -3.163748451762, ‖∇f‖ = 1.3037e-03, α = 6.95e-02, m = 8, nfg = 2
[ Info: CTMRG init:	obj = +8.149405809484e+00	err = 1.0000e+00
┌ Warning: CTMRG cancel 100:	obj = +8.149409247563e+00	err = 3.1313361058e-09	time = 1.47 min
└ @ PEPSKit ~/.julia/packages/PEPSKit/P7ER3/src/algorithms/ctmrg/ctmrg.jl:129
┌ Warning: `svd` cotangents sensitive to gauge choice: (|Δgauge| = 0.3843868978866034)
└ @ TensorKitChainRulesCoreExt ~/.julia/packages/TensorKit/esxcj/ext/TensorKitChainRulesCoreExt/factorizations.jl:254
┌ Warning: `svd` cotangents sensitive to gauge choice: (|Δgauge| = 0.38438689895601735)
└ @ TensorKitChainRulesCoreExt ~/.julia/packages/TensorKit/esxcj/ext/TensorKitChainRulesCoreExt/factorizations.jl:254
[ Info: LBFGS: iter   50, time 2653.72 s: f = -3.163750118685, ‖∇f‖ = 7.3678e-04, α = 1.00e+00, m = 8, nfg = 1
[ Info: CTMRG init:	obj = +8.154447285307e+00	err = 1.0000e+00
[ Info: CTMRG conv 13:	obj = +8.154447899211e+00	err = 9.7478856207e-10	time = 12.00 sec
┌ Warning: `svd` cotangents sensitive to gauge choice: (|Δgauge| = 0.3846000547139736)
└ @ TensorKitChainRulesCoreExt ~/.julia/packages/TensorKit/esxcj/ext/TensorKitChainRulesCoreExt/factorizations.jl:254
┌ Warning: `svd` cotangents sensitive to gauge choice: (|Δgauge| = 0.38460005525798324)
└ @ TensorKitChainRulesCoreExt ~/.julia/packages/TensorKit/esxcj/ext/TensorKitChainRulesCoreExt/factorizations.jl:254
[ Info: LBFGS: iter   51, time 2672.20 s: f = -3.163750657523, ‖∇f‖ = 1.5348e-04, α = 1.00e+00, m = 8, nfg = 1
[ Info: CTMRG init:	obj = +8.155248643320e+00	err = 1.0000e+00
[ Info: CTMRG conv 15:	obj = +8.155248657963e+00	err = 7.7078007502e-10	time = 14.42 sec
┌ Warning: `svd` cotangents sensitive to gauge choice: (|Δgauge| = 0.3845870115271314)
└ @ TensorKitChainRulesCoreExt ~/.julia/packages/TensorKit/esxcj/ext/TensorKitChainRulesCoreExt/factorizations.jl:254
┌ Warning: `svd` cotangents sensitive to gauge choice: (|Δgauge| = 0.384587011531874)
└ @ TensorKitChainRulesCoreExt ~/.julia/packages/TensorKit/esxcj/ext/TensorKitChainRulesCoreExt/factorizations.jl:254
[ Info: LBFGS: iter   52, time 2693.64 s: f = -3.163750712873, ‖∇f‖ = 1.0258e-04, α = 1.00e+00, m = 8, nfg = 1
[ Info: CTMRG init:	obj = +8.155685221320e+00	err = 1.0000e+00
[ Info: CTMRG conv 5:	obj = +8.155685225811e+00	err = 8.4100014502e-10	time = 4.64 sec
┌ Warning: `svd` cotangents sensitive to gauge choice: (|Δgauge| = 0.38457579052826213)
└ @ TensorKitChainRulesCoreExt ~/.julia/packages/TensorKit/esxcj/ext/TensorKitChainRulesCoreExt/factorizations.jl:254
┌ Warning: `svd` cotangents sensitive to gauge choice: (|Δgauge| = 8.88186422381412e-11)
└ @ TensorKitChainRulesCoreExt ~/.julia/packages/TensorKit/esxcj/ext/TensorKitChainRulesCoreExt/factorizations.jl:254
┌ Warning: `svd` cotangents sensitive to gauge choice: (|Δgauge| = 0.3845757929991401)
└ @ TensorKitChainRulesCoreExt ~/.julia/packages/TensorKit/esxcj/ext/TensorKitChainRulesCoreExt/factorizations.jl:254
[ Info: LBFGS: iter   53, time 2703.01 s: f = -3.163750736389, ‖∇f‖ = 1.1873e-04, α = 1.00e+00, m = 8, nfg = 1
[ Info: CTMRG init:	obj = +8.158067003492e+00	err = 1.0000e+00
[ Info: CTMRG conv 8:	obj = +8.158067072638e+00	err = 9.4223752457e-10	time = 7.40 sec
┌ Warning: `svd` cotangents sensitive to gauge choice: (|Δgauge| = 0.38454262628251795)
└ @ TensorKitChainRulesCoreExt ~/.julia/packages/TensorKit/esxcj/ext/TensorKitChainRulesCoreExt/factorizations.jl:254
┌ Warning: `svd` cotangents sensitive to gauge choice: (|Δgauge| = 0.38454262747603424)
└ @ TensorKitChainRulesCoreExt ~/.julia/packages/TensorKit/esxcj/ext/TensorKitChainRulesCoreExt/factorizations.jl:254
[ Info: LBFGS: iter   54, time 2715.70 s: f = -3.163750829992, ‖∇f‖ = 1.7106e-04, α = 1.00e+00, m = 8, nfg = 1
[ Info: CTMRG init:	obj = +8.163539096697e+00	err = 1.0000e+00
[ Info: CTMRG conv 6:	obj = +8.163539539865e+00	err = 7.5355578217e-10	time = 5.67 sec
┌ Warning: `svd` cotangents sensitive to gauge choice: (|Δgauge| = 0.38452151741723517)
└ @ TensorKitChainRulesCoreExt ~/.julia/packages/TensorKit/esxcj/ext/TensorKitChainRulesCoreExt/factorizations.jl:254
┌ Warning: `svd` cotangents sensitive to gauge choice: (|Δgauge| = 0.38452151905553894)
└ @ TensorKitChainRulesCoreExt ~/.julia/packages/TensorKit/esxcj/ext/TensorKitChainRulesCoreExt/factorizations.jl:254
[ Info: LBFGS: iter   55, time 2726.28 s: f = -3.163751000220, ‖∇f‖ = 1.7010e-04, α = 1.00e+00, m = 8, nfg = 1
[ Info: CTMRG init:	obj = +8.171440141175e+00	err = 1.0000e+00
[ Info: CTMRG conv 36:	obj = +8.171441720405e+00	err = 8.2867374941e-10	time = 35.62 sec
┌ Warning: `svd` cotangents sensitive to gauge choice: (|Δgauge| = 0.384571626409038)
└ @ TensorKitChainRulesCoreExt ~/.julia/packages/TensorKit/esxcj/ext/TensorKitChainRulesCoreExt/factorizations.jl:254
┌ Warning: `svd` cotangents sensitive to gauge choice: (|Δgauge| = 0.38457162919560184)
└ @ TensorKitChainRulesCoreExt ~/.julia/packages/TensorKit/esxcj/ext/TensorKitChainRulesCoreExt/factorizations.jl:254
[ Info: CTMRG init:	obj = +8.165065833819e+00	err = 1.0000e+00
[ Info: CTMRG conv 20:	obj = +8.165065887335e+00	err = 6.6592657533e-10	time = 19.34 sec
┌ Warning: `svd` cotangents sensitive to gauge choice: (|Δgauge| = 0.38453067312172323)
└ @ TensorKitChainRulesCoreExt ~/.julia/packages/TensorKit/esxcj/ext/TensorKitChainRulesCoreExt/factorizations.jl:254
┌ Warning: `svd` cotangents sensitive to gauge choice: (|Δgauge| = 0.38453066992571894)
└ @ TensorKitChainRulesCoreExt ~/.julia/packages/TensorKit/esxcj/ext/TensorKitChainRulesCoreExt/factorizations.jl:254
[ Info: LBFGS: iter   56, time 2800.59 s: f = -3.163751040612, ‖∇f‖ = 1.8327e-04, α = 1.84e-01, m = 8, nfg = 2
[ Info: CTMRG init:	obj = +8.167512906989e+00	err = 1.0000e+00
[ Info: CTMRG conv 65:	obj = +8.167513015414e+00	err = 7.7891876357e-10	time = 1.17 min
┌ Warning: `svd` cotangents sensitive to gauge choice: (|Δgauge| = 0.38452066031265303)
└ @ TensorKitChainRulesCoreExt ~/.julia/packages/TensorKit/esxcj/ext/TensorKitChainRulesCoreExt/factorizations.jl:254
┌ Warning: `svd` cotangents sensitive to gauge choice: (|Δgauge| = 0.38452066236035376)
└ @ TensorKitChainRulesCoreExt ~/.julia/packages/TensorKit/esxcj/ext/TensorKitChainRulesCoreExt/factorizations.jl:254
[ Info: LBFGS: converged after 57 iterations and time 2887.89 s: f = -3.163751126853, ‖∇f‖ = 9.2622e-05
