  Installing known registries into `~/.julia`
       Added `General` registry to ~/.julia/registries
    Updating registry at `~/.julia/registries/General.toml`
   Installed GPUArraysCore ─────────────── v0.2.0
   Installed IrrationalConstants ───────── v0.2.4
   Installed RealDot ───────────────────── v0.1.0
   Installed TaskLocalValues ───────────── v0.1.2
   Installed IRTools ───────────────────── v0.4.14
   Installed JLD2 ──────────────────────── v0.5.12
   Installed OhMyThreads ───────────────── v0.7.0
   Installed BlockTensorKit ────────────── v0.1.6
   Installed DiffRules ─────────────────── v1.15.1
   Installed PtrArrays ─────────────────── v1.3.0
   Installed Adapt ─────────────────────── v4.3.0
   Installed Accessors ─────────────────── v0.1.42
   Installed Preferences ───────────────── v1.4.3
   Installed IntegerMathUtils ──────────── v0.1.2
   Installed LRUCache ──────────────────── v1.6.2
   Installed TableTraits ───────────────── v1.0.1
   Installed LoggingExtras ─────────────── v1.0.3
   Installed DiffResults ───────────────── v1.1.0
   Installed HashArrayMappedTries ──────── v0.2.0
   Installed OptimKit ──────────────────── v0.4.0
   Installed WignerSymbols ─────────────── v2.0.0
   Installed Tables ────────────────────── v1.12.0
   Installed SpecialFunctions ──────────── v2.5.0
   Installed ChunkSplitters ────────────── v3.1.2
   Installed TensorKit ─────────────────── v0.14.5
   Installed RecipesBase ───────────────── v1.3.4
   Installed DataAPI ───────────────────── v1.16.0
   Installed Primes ────────────────────── v0.5.7
   Installed AbstractFFTs ──────────────── v1.5.0
   Installed StaticArrays ──────────────── v1.9.13
   Installed Zygote ────────────────────── v0.7.6
   Installed BlockArrays ───────────────── v1.6.0
   Installed MPSKit ────────────────────── v0.12.6
   Installed JLLWrappers ───────────────── v1.7.0
   Installed Richardson ────────────────── v1.4.2
   Installed StaticArraysCore ──────────── v1.4.3
   Installed NaNMath ───────────────────── v1.1.3
   Installed FiniteDifferences ─────────── v0.12.32
   Installed IteratorInterfaceExtensions ─ v1.0.0
   Installed PrecompileTools ───────────── v1.2.1
   Installed ConstructionBase ──────────── v1.5.8
   Installed StructArrays ──────────────── v0.7.1
   Installed DataValueInterfaces ───────── v1.0.0
   Installed RationalRoots ─────────────── v0.2.1
   Installed StableTasks ───────────────── v0.1.7
   Installed OrderedCollections ────────── v1.8.0
   Installed TensorKitSectors ──────────── v0.1.4
   Installed TranscodingStreams ────────── v0.11.3
   Installed ChainRulesCore ────────────── v1.25.1
   Installed VectorInterface ───────────── v0.5.0
   Installed InitialValues ─────────────── v0.3.1
   Installed ScopedValues ──────────────── v1.3.0
   Installed MPSKitModels ──────────────── v0.4.0
   Installed Statistics ────────────────── v1.11.1
   Installed FillArrays ────────────────── v1.13.0
   Installed ForwardDiff ───────────────── v1.0.1
   Installed FileIO ────────────────────── v1.17.0
   Installed LogExpFunctions ───────────── v0.3.29
   Installed ChainRules ────────────────── v1.72.3
   Installed Requires ──────────────────── v1.3.1
   Installed ZygoteRules ───────────────── v0.2.7
   Installed HalfIntegers ──────────────── v1.6.0
   Installed StridedViews ──────────────── v0.4.1
   Installed CommonSubexpressions ──────── v0.3.1
   Installed BangBang ──────────────────── v0.4.4
   Installed PackageExtensionCompat ────── v1.0.2
   Installed MacroTools ────────────────── v0.5.15
   Installed Strided ───────────────────── v2.3.0
   Installed TensorKitManifolds ────────── v0.7.2
   Installed OpenSpecFun_jll ───────────── v0.5.6+0
   Installed CompositionsBase ──────────── v0.1.2
   Installed InverseFunctions ──────────── v0.1.17
   Installed SparseInverseSubset ───────── v0.1.2
   Installed TupleTools ────────────────── v1.6.0
   Installed PEPSKit ───────────────────── v0.5.0
   Installed Compat ────────────────────── v4.16.0
   Installed TensorOperations ──────────── v5.2.0
   Installed ArrayLayouts ──────────────── v1.11.1
   Installed DocStringExtensions ───────── v0.9.4
   Installed KrylovKit ─────────────────── v0.9.5
    Updating `/var/lib/condor/execute/dir_4122583/Project.toml`
  [d360d2e6] + ChainRulesCore v1.25.1
  [033835bb] + JLD2 v0.5.12
  [0b1a1467] + KrylovKit v0.9.5
  [bb1c41ca] + MPSKit v0.12.6
  [ca635005] + MPSKitModels v0.4.0
  [77e91f04] + OptimKit v0.4.0
  [52969e89] + PEPSKit v0.5.0
  [07d1fe3e] + TensorKit v0.14.5
  [409d34a3] + VectorInterface v0.5.0
  [e88e6eb3] + Zygote v0.7.6
  [37e2e46d] ~ LinearAlgebra ⇒ v1.11.0
    Updating `/var/lib/condor/execute/dir_4122583/Manifest.toml`
  [621f4979] + AbstractFFTs v1.5.0
  [7d9f7c33] + Accessors v0.1.42
  [79e6a3ab] + Adapt v4.3.0
  [4c555306] + ArrayLayouts v1.11.1
  [198e06fe] + BangBang v0.4.4
  [8e7c35d0] + BlockArrays v1.6.0
  [5f87ffc2] + BlockTensorKit v0.1.6
  [082447d4] + ChainRules v1.72.3
  [d360d2e6] + ChainRulesCore v1.25.1
  [ae650224] + ChunkSplitters v3.1.2
  [bbf7d656] + CommonSubexpressions v0.3.1
  [34da2185] + Compat v4.16.0
  [a33af91c] + CompositionsBase v0.1.2
  [187b0558] + ConstructionBase v1.5.8
  [9a962f9c] + DataAPI v1.16.0
  [e2d170a0] + DataValueInterfaces v1.0.0
  [163ba53b] + DiffResults v1.1.0
  [b552c78f] + DiffRules v1.15.1
  [ffbed154] + DocStringExtensions v0.9.4
  [5789e2e9] + FileIO v1.17.0
  [1a297f60] + FillArrays v1.13.0
  [26cc04aa] + FiniteDifferences v0.12.32
  [f6369f11] + ForwardDiff v1.0.1
  [46192b85] + GPUArraysCore v0.2.0
  [f0d1745a] + HalfIntegers v1.6.0
  [076d061b] + HashArrayMappedTries v0.2.0
  [7869d1d1] + IRTools v0.4.14
  [22cec73e] + InitialValues v0.3.1
  [18e54dd8] + IntegerMathUtils v0.1.2
  [3587e190] + InverseFunctions v0.1.17
  [92d709cd] + IrrationalConstants v0.2.4
  [82899510] + IteratorInterfaceExtensions v1.0.0
  [033835bb] + JLD2 v0.5.12
  [692b3bcd] + JLLWrappers v1.7.0
  [0b1a1467] + KrylovKit v0.9.5
  [8ac3fa9e] + LRUCache v1.6.2
  [2ab3a3ac] + LogExpFunctions v0.3.29
⌅ [e6f89c97] + LoggingExtras v1.0.3
  [bb1c41ca] + MPSKit v0.12.6
  [ca635005] + MPSKitModels v0.4.0
  [1914dd2f] + MacroTools v0.5.15
  [77ba4419] + NaNMath v1.1.3
⌅ [67456a42] + OhMyThreads v0.7.0
  [77e91f04] + OptimKit v0.4.0
  [bac558e1] + OrderedCollections v1.8.0
  [52969e89] + PEPSKit v0.5.0
  [65ce6f38] + PackageExtensionCompat v1.0.2
⌅ [aea7be01] + PrecompileTools v1.2.1
  [21216c6a] + Preferences v1.4.3
  [27ebfcd6] + Primes v0.5.7
  [43287f4e] + PtrArrays v1.3.0
  [308eb6b3] + RationalRoots v0.2.1
  [c1ae055f] + RealDot v0.1.0
  [3cdcf5f2] + RecipesBase v1.3.4
  [ae029012] + Requires v1.3.1
  [708f8203] + Richardson v1.4.2
  [7e506255] + ScopedValues v1.3.0
  [dc90abb0] + SparseInverseSubset v0.1.2
  [276daf66] + SpecialFunctions v2.5.0
  [91464d47] + StableTasks v0.1.7
  [90137ffa] + StaticArrays v1.9.13
  [1e83bf80] + StaticArraysCore v1.4.3
  [10745b16] + Statistics v1.11.1
  [5e0ebb24] + Strided v2.3.0
  [4db3bf67] + StridedViews v0.4.1
  [09ab397b] + StructArrays v0.7.1
  [3783bdb8] + TableTraits v1.0.1
  [bd369af6] + Tables v1.12.0
  [ed4db957] + TaskLocalValues v0.1.2
  [07d1fe3e] + TensorKit v0.14.5
  [11fa318c] + TensorKitManifolds v0.7.2
  [13a9c161] + TensorKitSectors v0.1.4
  [6aa20fa7] + TensorOperations v5.2.0
  [3bb67fe8] + TranscodingStreams v0.11.3
  [9d95972d] + TupleTools v1.6.0
  [409d34a3] + VectorInterface v0.5.0
  [9f57e263] + WignerSymbols v2.0.0
  [e88e6eb3] + Zygote v0.7.6
  [700de1a5] + ZygoteRules v0.2.7
  [efe28fd5] + OpenSpecFun_jll v0.5.6+0
  [0dad84c5] + ArgTools v1.1.2
  [56f22d72] + Artifacts v1.11.0
  [2a0f44e3] + Base64 v1.11.0
  [ade2ca70] + Dates v1.11.0
  [8ba89e20] + Distributed v1.11.0
  [f43a241f] + Downloads v1.6.0
  [7b1f6079] + FileWatching v1.11.0
  [b77e0a4c] + InteractiveUtils v1.11.0
  [b27032c2] + LibCURL v0.6.4
  [76f85450] + LibGit2 v1.11.0
  [8f399da3] + Libdl v1.11.0
  [37e2e46d] + LinearAlgebra v1.11.0
  [56ddb016] + Logging v1.11.0
  [d6f4376e] + Markdown v1.11.0
  [a63ad114] + Mmap v1.11.0
  [ca575930] + NetworkOptions v1.2.0
  [44cfe95a] + Pkg v1.11.0
  [de0858da] + Printf v1.11.0
  [9a3f8284] + Random v1.11.0
  [ea8e919c] + SHA v0.7.0
  [9e88b42a] + Serialization v1.11.0
  [6462fe0b] + Sockets v1.11.0
  [2f01184e] + SparseArrays v1.11.0
  [4607b0f0] + SuiteSparse
  [fa267f1f] + TOML v1.0.3
  [a4e569a6] + Tar v1.10.0
  [cf7118a7] + UUIDs v1.11.0
  [4ec0a83e] + Unicode v1.11.0
  [e66e0078] + CompilerSupportLibraries_jll v1.1.1+0
  [deac9b47] + LibCURL_jll v8.6.0+0
  [e37daf67] + LibGit2_jll v1.7.2+0
  [29816b5a] + LibSSH2_jll v1.11.0+1
  [c8ffd9c3] + MbedTLS_jll v2.28.6+0
  [14a3606d] + MozillaCACerts_jll v2023.12.12
  [4536629a] + OpenBLAS_jll v0.3.27+1
  [05823500] + OpenLibm_jll v0.8.1+2
  [bea87d4a] + SuiteSparse_jll v7.7.0+0
  [83775a58] + Zlib_jll v1.2.13+1
  [8e850b90] + libblastrampoline_jll v5.11.0+0
  [8e850ede] + nghttp2_jll v1.59.0+0
  [3f19e933] + p7zip_jll v17.4.0+2
        Info Packages marked with ⌅ have new versions available but compatibility constraints restrict them from upgrading. To see why use `status --outdated -m`
Precompiling project...
    598.2 ms  ✓ TaskLocalValues
    574.4 ms  ✓ RealDot
    594.9 ms  ✓ DataValueInterfaces
    640.4 ms  ✓ Richardson
    661.2 ms  ✓ IntegerMathUtils
    705.0 ms  ✓ InverseFunctions
    760.9 ms  ✓ HalfIntegers
    763.6 ms  ✓ StableTasks
    778.3 ms  ✓ LRUCache
    861.9 ms  ✓ VectorInterface
    857.1 ms  ✓ Statistics
    882.9 ms  ✓ AbstractFFTs
   1126.1 ms  ✓ OrderedCollections
   1092.2 ms  ✓ DocStringExtensions
    572.2 ms  ✓ IteratorInterfaceExtensions
    515.2 ms  ✓ PackageExtensionCompat
    591.9 ms  ✓ DataAPI
    704.6 ms  ✓ ConstructionBase
    541.6 ms  ✓ CompositionsBase
    537.2 ms  ✓ PtrArrays
   1407.3 ms  ✓ FillArrays
    705.1 ms  ✓ ChunkSplitters
    676.7 ms  ✓ StaticArraysCore
    715.5 ms  ✓ TupleTools
    633.6 ms  ✓ HashArrayMappedTries
   1728.1 ms  ✓ IrrationalConstants
    714.6 ms  ✓ NaNMath
    740.3 ms  ✓ Requires
    873.0 ms  ✓ TranscodingStreams
    822.7 ms  ✓ LoggingExtras
   1145.2 ms  ✓ Statistics → SparseArraysExt
   1242.7 ms  ✓ InitialValues
    821.5 ms  ✓ SuiteSparse
    650.8 ms  ✓ InverseFunctions → InverseFunctionsDatesExt
    855.5 ms  ✓ Compat
    671.6 ms  ✓ LRUCache → SerializationExt
    634.8 ms  ✓ RationalRoots
    925.9 ms  ✓ Primes
    580.4 ms  ✓ TableTraits
   1055.6 ms  ✓ Preferences
    698.6 ms  ✓ StridedViews
    620.2 ms  ✓ ConstructionBase → ConstructionBaseLinearAlgebraExt
    657.4 ms  ✓ CompositionsBase → CompositionsBaseInverseFunctionsExt
    632.5 ms  ✓ DiffResults
    681.6 ms  ✓ FillArrays → FillArraysStatisticsExt
    620.8 ms  ✓ ScopedValues
    711.3 ms  ✓ Adapt
    621.1 ms  ✓ Compat → CompatLinearAlgebraExt
    916.0 ms  ✓ FillArrays → FillArraysSparseArraysExt
    936.8 ms  ✓ LogExpFunctions
    843.4 ms  ✓ SparseInverseSubset
    713.3 ms  ✓ PrecompileTools
    580.2 ms  ✓ StridedViews → StridedViewsPtrArraysExt
    843.7 ms  ✓ JLLWrappers
    913.5 ms  ✓ Strided
    616.2 ms  ✓ LogExpFunctions → LogExpFunctionsInverseFunctionsExt
   1220.8 ms  ✓ Tables
    741.4 ms  ✓ GPUArraysCore
    849.8 ms  ✓ Adapt → AdaptSparseArraysExt
   3284.4 ms  ✓ MacroTools
   2172.6 ms  ✓ KrylovKit
    837.9 ms  ✓ OpenSpecFun_jll
   1852.6 ms  ✓ OptimKit
    744.4 ms  ✓ CommonSubexpressions
   1796.5 ms  ✓ ChainRulesCore
   1156.8 ms  ✓ StructArrays
   2172.8 ms  ✓ RecipesBase
    692.6 ms  ✓ AbstractFFTs → AbstractFFTsChainRulesCoreExt
    645.3 ms  ✓ StructArrays → StructArraysAdaptExt
    882.5 ms  ✓ ChainRulesCore → ChainRulesCoreSparseArraysExt
    914.0 ms  ✓ KrylovKit → KrylovKitChainRulesCoreExt
    904.6 ms  ✓ StructArrays → StructArraysSparseArraysExt
   1125.8 ms  ✓ ZygoteRules
    729.4 ms  ✓ StructArrays → StructArraysLinearAlgebraExt
   3805.9 ms  ✓ WignerSymbols
   2738.1 ms  ✓ IRTools
   2907.6 ms  ✓ Accessors
   2103.9 ms  ✓ LogExpFunctions → LogExpFunctionsChainRulesCoreExt
    743.3 ms  ✓ Accessors → StructArraysExt
    782.6 ms  ✓ Accessors → LinearAlgebraExt
   5932.9 ms  ✓ FileIO
   4105.3 ms  ✓ SpecialFunctions
   1200.0 ms  ✓ BangBang
    946.2 ms  ✓ DiffRules
    780.1 ms  ✓ BangBang → BangBangStructArraysExt
    788.1 ms  ✓ BangBang → BangBangChainRulesCoreExt
    783.3 ms  ✓ BangBang → BangBangTablesExt
   1363.0 ms  ✓ OhMyThreads
   2598.6 ms  ✓ SpecialFunctions → SpecialFunctionsChainRulesCoreExt
  10501.2 ms  ✓ StaticArrays
   8091.4 ms  ✓ ChainRules
   5017.4 ms  ✓ ForwardDiff
    933.6 ms  ✓ Adapt → AdaptStaticArraysExt
    943.1 ms  ✓ StaticArrays → StaticArraysStatisticsExt
    973.7 ms  ✓ ConstructionBase → ConstructionBaseStaticArraysExt
    979.7 ms  ✓ StaticArrays → StaticArraysChainRulesCoreExt
   1021.8 ms  ✓ StructArrays → StructArraysStaticArraysExt
   1076.6 ms  ✓ Accessors → StaticArraysExt
   1086.7 ms  ✓ BangBang → BangBangStaticArraysExt
   1151.3 ms  ✓ ForwardDiff → ForwardDiffStaticArraysExt
   1593.1 ms  ✓ FiniteDifferences
  17927.5 ms  ✓ ArrayLayouts
   1070.2 ms  ✓ ArrayLayouts → ArrayLayoutsSparseArraysExt
   2159.1 ms  ✓ BlockArrays
   1008.1 ms  ✓ BlockArrays → BlockArraysAdaptExt
  41013.2 ms  ✓ JLD2
  38510.8 ms  ✓ Zygote
 163347.2 ms  ✓ TensorOperations
   1753.5 ms  ✓ TensorOperations → TensorOperationsChainRulesCoreExt
   8398.3 ms  ✓ TensorKitSectors
  10555.1 ms  ✓ TensorKit
   2601.8 ms  ✓ TensorKitManifolds
   2612.9 ms  ✓ TensorKit → TensorKitFiniteDifferencesExt
   2797.3 ms  ✓ TensorKit → TensorKitChainRulesCoreExt
   3690.0 ms  ✓ BlockTensorKit
  20532.7 ms  ✓ MPSKit
  16221.8 ms  ✓ MPSKitModels
  20469.4 ms  ✓ PEPSKit
  118 dependencies successfully precompiled in 247 seconds. 31 already precompiled.
[ Info: CTMRG init:	obj = -1.221733785360e-01 -7.269041072541e-03im	err = 1.0000e+00
[ Info: CTMRG conv 48:	obj = +2.178776712605e+00	err = 8.9994245410e-10	time = 1.30 min
[ Info: CTMRG init:	obj = +1.307293039950e+01 -5.019865385058e-09im	err = 1.0000e+00
[ Info: CTMRG conv 16:	obj = +1.616524102863e+01	err = 5.5758744620e-10	time = 2.22 min
┌ Warning: `svd` cotangents sensitive to gauge choice: (|Δgauge| = 0.1435993401950385)
└ @ TensorKitChainRulesCoreExt ~/.julia/packages/TensorKit/esxcj/ext/TensorKitChainRulesCoreExt/factorizations.jl:254
┌ Warning: `svd` cotangents sensitive to gauge choice: (|Δgauge| = 5.4994708897861114e-12)
└ @ TensorKitChainRulesCoreExt ~/.julia/packages/TensorKit/esxcj/ext/TensorKitChainRulesCoreExt/factorizations.jl:254
┌ Warning: `svd` cotangents sensitive to gauge choice: (|Δgauge| = 0.14359934018958412)
└ @ TensorKitChainRulesCoreExt ~/.julia/packages/TensorKit/esxcj/ext/TensorKitChainRulesCoreExt/factorizations.jl:254
[ Info: LBFGS: initializing with f = -0.039743003480, ‖∇f‖ = 4.9588e-02
[ Info: CTMRG init:	obj = +2.025943701430e+00	err = 1.0000e+00
[ Info: CTMRG conv 44:	obj = +2.181214174264e+00	err = 9.2172511785e-10	time = 30.85 sec
┌ Warning: `svd` cotangents sensitive to gauge choice: (|Δgauge| = 0.17193637955950497)
└ @ TensorKitChainRulesCoreExt ~/.julia/packages/TensorKit/esxcj/ext/TensorKitChainRulesCoreExt/factorizations.jl:254
┌ Warning: `svd` cotangents sensitive to gauge choice: (|Δgauge| = 3.1901155754028285e-10)
└ @ TensorKitChainRulesCoreExt ~/.julia/packages/TensorKit/esxcj/ext/TensorKitChainRulesCoreExt/factorizations.jl:254
┌ Warning: `svd` cotangents sensitive to gauge choice: (|Δgauge| = 0.1719363792405192)
└ @ TensorKitChainRulesCoreExt ~/.julia/packages/TensorKit/esxcj/ext/TensorKitChainRulesCoreExt/factorizations.jl:254
[ Info: CTMRG init:	obj = +2.027708037786e+00	err = 1.0000e+00
[ Info: CTMRG conv 48:	obj = +2.191577452249e+00	err = 7.1790156852e-10	time = 32.31 sec
┌ Warning: `svd` cotangents sensitive to gauge choice: (|Δgauge| = 0.17265133905291755)
└ @ TensorKitChainRulesCoreExt ~/.julia/packages/TensorKit/esxcj/ext/TensorKitChainRulesCoreExt/factorizations.jl:254
┌ Warning: `svd` cotangents sensitive to gauge choice: (|Δgauge| = 2.7054211629129153e-10)
└ @ TensorKitChainRulesCoreExt ~/.julia/packages/TensorKit/esxcj/ext/TensorKitChainRulesCoreExt/factorizations.jl:254
┌ Warning: `svd` cotangents sensitive to gauge choice: (|Δgauge| = 0.17265133878239192)
└ @ TensorKitChainRulesCoreExt ~/.julia/packages/TensorKit/esxcj/ext/TensorKitChainRulesCoreExt/factorizations.jl:254
[ Info: CTMRG init:	obj = +2.039342719501e+00	err = 1.0000e+00
[ Info: CTMRG conv 81:	obj = +2.260849595840e+00	err = 9.4616451506e-10	time = 55.47 sec
┌ Warning: `svd` cotangents sensitive to gauge choice: (|Δgauge| = 0.17951870545219517)
└ @ TensorKitChainRulesCoreExt ~/.julia/packages/TensorKit/esxcj/ext/TensorKitChainRulesCoreExt/factorizations.jl:254
┌ Warning: `svd` cotangents sensitive to gauge choice: (|Δgauge| = 8.556764014089817e-10)
└ @ TensorKitChainRulesCoreExt ~/.julia/packages/TensorKit/esxcj/ext/TensorKitChainRulesCoreExt/factorizations.jl:254
┌ Warning: `svd` cotangents sensitive to gauge choice: (|Δgauge| = 0.1795187046937986)
└ @ TensorKitChainRulesCoreExt ~/.julia/packages/TensorKit/esxcj/ext/TensorKitChainRulesCoreExt/factorizations.jl:254
[ Info: CTMRG init:	obj = +2.167513576138e+00	err = 1.0000e+00
[ Info: CTMRG conv 79:	obj = +2.924786594784e+00	err = 9.7921683425e-10	time = 57.09 sec
┌ Warning: `svd` cotangents sensitive to gauge choice: (|Δgauge| = 0.25534418343051335)
└ @ TensorKitChainRulesCoreExt ~/.julia/packages/TensorKit/esxcj/ext/TensorKitChainRulesCoreExt/factorizations.jl:254
┌ Warning: `svd` cotangents sensitive to gauge choice: (|Δgauge| = 1.3331291454805673e-9)
└ @ TensorKitChainRulesCoreExt ~/.julia/packages/TensorKit/esxcj/ext/TensorKitChainRulesCoreExt/factorizations.jl:254
┌ Warning: `svd` cotangents sensitive to gauge choice: (|Δgauge| = 0.25534418476362014)
└ @ TensorKitChainRulesCoreExt ~/.julia/packages/TensorKit/esxcj/ext/TensorKitChainRulesCoreExt/factorizations.jl:254
[ Info: CTMRG init:	obj = +4.433424652292e+00	err = 1.0000e+00
[ Info: CTMRG conv 54:	obj = +7.369247699100e+00	err = 8.1901150605e-10	time = 41.08 sec
┌ Warning: `svd` cotangents sensitive to gauge choice: (|Δgauge| = 0.22999658826939845)
└ @ TensorKitChainRulesCoreExt ~/.julia/packages/TensorKit/esxcj/ext/TensorKitChainRulesCoreExt/factorizations.jl:254
┌ Warning: `svd` cotangents sensitive to gauge choice: (|Δgauge| = 6.371460527416092e-10)
└ @ TensorKitChainRulesCoreExt ~/.julia/packages/TensorKit/esxcj/ext/TensorKitChainRulesCoreExt/factorizations.jl:254
┌ Warning: `svd` cotangents sensitive to gauge choice: (|Δgauge| = 0.22999658763221228)
└ @ TensorKitChainRulesCoreExt ~/.julia/packages/TensorKit/esxcj/ext/TensorKitChainRulesCoreExt/factorizations.jl:254
[ Info: CTMRG init:	obj = +1.519170134498e+01	err = 1.0000e+00
[ Info: CTMRG conv 53:	obj = +2.728839252209e+01	err = 7.8930069439e-10	time = 42.91 sec
┌ Warning: `svd` cotangents sensitive to gauge choice: (|Δgauge| = 0.08271805310825539)
└ @ TensorKitChainRulesCoreExt ~/.julia/packages/TensorKit/esxcj/ext/TensorKitChainRulesCoreExt/factorizations.jl:254
┌ Warning: `svd` cotangents sensitive to gauge choice: (|Δgauge| = 3.944146083136946e-12)
└ @ TensorKitChainRulesCoreExt ~/.julia/packages/TensorKit/esxcj/ext/TensorKitChainRulesCoreExt/factorizations.jl:254
┌ Warning: `svd` cotangents sensitive to gauge choice: (|Δgauge| = 0.0827180531114721)
└ @ TensorKitChainRulesCoreExt ~/.julia/packages/TensorKit/esxcj/ext/TensorKitChainRulesCoreExt/factorizations.jl:254
[ Info: CTMRG init:	obj = +1.270811187647e+01	err = 1.0000e+00
[ Info: CTMRG conv 41:	obj = +1.582104166380e+01	err = 6.1866739319e-10	time = 34.65 sec
┌ Warning: `svd` cotangents sensitive to gauge choice: (|Δgauge| = 0.06538885976756527)
└ @ TensorKitChainRulesCoreExt ~/.julia/packages/TensorKit/esxcj/ext/TensorKitChainRulesCoreExt/factorizations.jl:254
┌ Warning: `svd` cotangents sensitive to gauge choice: (|Δgauge| = 0.0653888597668654)
└ @ TensorKitChainRulesCoreExt ~/.julia/packages/TensorKit/esxcj/ext/TensorKitChainRulesCoreExt/factorizations.jl:254
[ Info: CTMRG init:	obj = +8.966982320092e+00	err = 1.0000e+00
[ Info: CTMRG conv 44:	obj = +1.235929673699e+01	err = 8.9367414386e-10	time = 37.14 sec
┌ Warning: `svd` cotangents sensitive to gauge choice: (|Δgauge| = 0.21214888477032534)
└ @ TensorKitChainRulesCoreExt ~/.julia/packages/TensorKit/esxcj/ext/TensorKitChainRulesCoreExt/factorizations.jl:254
┌ Warning: `svd` cotangents sensitive to gauge choice: (|Δgauge| = 6.845334562029419e-10)
└ @ TensorKitChainRulesCoreExt ~/.julia/packages/TensorKit/esxcj/ext/TensorKitChainRulesCoreExt/factorizations.jl:254
┌ Warning: `svd` cotangents sensitive to gauge choice: (|Δgauge| = 0.2121488840858265)
└ @ TensorKitChainRulesCoreExt ~/.julia/packages/TensorKit/esxcj/ext/TensorKitChainRulesCoreExt/factorizations.jl:254
[ Info: LBFGS: iter    1, time 2143.69 s: f = -1.297666929667, ‖∇f‖ = 3.4340e-01, α = 1.16e+03, m = 0, nfg = 8
[ Info: CTMRG init:	obj = +4.595698606437e+00	err = 1.0000e+00
[ Info: CTMRG conv 53:	obj = +1.786770917265e+01	err = 7.5703390170e-10	time = 48.34 sec
┌ Warning: `svd` cotangents sensitive to gauge choice: (|Δgauge| = 0.07716434776312027)
└ @ TensorKitChainRulesCoreExt ~/.julia/packages/TensorKit/esxcj/ext/TensorKitChainRulesCoreExt/factorizations.jl:254
┌ Warning: `svd` cotangents sensitive to gauge choice: (|Δgauge| = 3.5999747036082607e-12)
└ @ TensorKitChainRulesCoreExt ~/.julia/packages/TensorKit/esxcj/ext/TensorKitChainRulesCoreExt/factorizations.jl:254
┌ Warning: `svd` cotangents sensitive to gauge choice: (|Δgauge| = 0.07716434776376882)
└ @ TensorKitChainRulesCoreExt ~/.julia/packages/TensorKit/esxcj/ext/TensorKitChainRulesCoreExt/factorizations.jl:254
[ Info: CTMRG init:	obj = +1.108446010584e+01	err = 1.0000e+00
[ Info: CTMRG conv 48:	obj = +1.833797095784e+01	err = 8.6218982906e-10	time = 44.54 sec
┌ Warning: `svd` cotangents sensitive to gauge choice: (|Δgauge| = 0.044809027510646096)
└ @ TensorKitChainRulesCoreExt ~/.julia/packages/TensorKit/esxcj/ext/TensorKitChainRulesCoreExt/factorizations.jl:254
┌ Warning: `svd` cotangents sensitive to gauge choice: (|Δgauge| = 0.044809027510599085)
└ @ TensorKitChainRulesCoreExt ~/.julia/packages/TensorKit/esxcj/ext/TensorKitChainRulesCoreExt/factorizations.jl:254
[ Info: CTMRG init:	obj = +1.144183974585e+01	err = 1.0000e+00
[ Info: CTMRG conv 47:	obj = +1.787710881241e+01	err = 9.3692976827e-10	time = 46.74 sec
┌ Warning: `svd` cotangents sensitive to gauge choice: (|Δgauge| = 0.045809302630013884)
└ @ TensorKitChainRulesCoreExt ~/.julia/packages/TensorKit/esxcj/ext/TensorKitChainRulesCoreExt/factorizations.jl:254
┌ Warning: `svd` cotangents sensitive to gauge choice: (|Δgauge| = 0.04580930263000113)
└ @ TensorKitChainRulesCoreExt ~/.julia/packages/TensorKit/esxcj/ext/TensorKitChainRulesCoreExt/factorizations.jl:254
[ Info: CTMRG init:	obj = +1.273755535756e+01	err = 1.0000e+00
[ Info: CTMRG conv 83:	obj = +1.306724111954e+01	err = 8.0317920820e-10	time = 1.42 min
┌ Warning: `svd` cotangents sensitive to gauge choice: (|Δgauge| = 0.17262491554245546)
└ @ TensorKitChainRulesCoreExt ~/.julia/packages/TensorKit/esxcj/ext/TensorKitChainRulesCoreExt/factorizations.jl:254
┌ Warning: `svd` cotangents sensitive to gauge choice: (|Δgauge| = 6.341871979685378e-10)
└ @ TensorKitChainRulesCoreExt ~/.julia/packages/TensorKit/esxcj/ext/TensorKitChainRulesCoreExt/factorizations.jl:254
┌ Warning: `svd` cotangents sensitive to gauge choice: (|Δgauge| = 0.1726249154487292)
└ @ TensorKitChainRulesCoreExt ~/.julia/packages/TensorKit/esxcj/ext/TensorKitChainRulesCoreExt/factorizations.jl:254
[ Info: LBFGS: iter    2, time 2512.90 s: f = -1.344474809972, ‖∇f‖ = 2.8067e-01, α = 2.31e-01, m = 1, nfg = 4
[ Info: CTMRG init:	obj = +1.181805313256e+01	err = 1.0000e+00
[ Info: CTMRG conv 49:	obj = +1.190364283591e+01	err = 9.1176880854e-10	time = 53.62 sec
┌ Warning: `svd` cotangents sensitive to gauge choice: (|Δgauge| = 0.18394891761735183)
└ @ TensorKitChainRulesCoreExt ~/.julia/packages/TensorKit/esxcj/ext/TensorKitChainRulesCoreExt/factorizations.jl:254
┌ Warning: `svd` cotangents sensitive to gauge choice: (|Δgauge| = 3.861922426738641e-10)
└ @ TensorKitChainRulesCoreExt ~/.julia/packages/TensorKit/esxcj/ext/TensorKitChainRulesCoreExt/factorizations.jl:254
┌ Warning: `svd` cotangents sensitive to gauge choice: (|Δgauge| = 0.1839489176842618)
└ @ TensorKitChainRulesCoreExt ~/.julia/packages/TensorKit/esxcj/ext/TensorKitChainRulesCoreExt/factorizations.jl:254
[ Info: LBFGS: iter    3, time 2599.51 s: f = -1.361300825208, ‖∇f‖ = 1.6872e-01, α = 1.00e+00, m = 2, nfg = 1
[ Info: CTMRG init:	obj = +1.154790237464e+01	err = 1.0000e+00
[ Info: CTMRG conv 50:	obj = +1.156149952986e+01	err = 7.9543174597e-10	time = 57.49 sec
┌ Warning: `svd` cotangents sensitive to gauge choice: (|Δgauge| = 0.1670634220508458)
└ @ TensorKitChainRulesCoreExt ~/.julia/packages/TensorKit/esxcj/ext/TensorKitChainRulesCoreExt/factorizations.jl:254
┌ Warning: `svd` cotangents sensitive to gauge choice: (|Δgauge| = 1.3143337841182837e-8)
└ @ TensorKitChainRulesCoreExt ~/.julia/packages/TensorKit/esxcj/ext/TensorKitChainRulesCoreExt/factorizations.jl:254
┌ Warning: `svd` cotangents sensitive to gauge choice: (|Δgauge| = 0.1670634209866392)
└ @ TensorKitChainRulesCoreExt ~/.julia/packages/TensorKit/esxcj/ext/TensorKitChainRulesCoreExt/factorizations.jl:254
[ Info: LBFGS: iter    4, time 2687.79 s: f = -1.376036439618, ‖∇f‖ = 1.1531e-01, α = 1.00e+00, m = 3, nfg = 1
[ Info: CTMRG init:	obj = +1.042487243832e+01	err = 1.0000e+00
┌ Warning: CTMRG cancel 100:	obj = +1.052754741716e+01	err = 1.7345658831e-08	time = 2.16 min
└ @ PEPSKit ~/.julia/packages/PEPSKit/P7ER3/src/algorithms/ctmrg/ctmrg.jl:129
┌ Warning: `svd` cotangents sensitive to gauge choice: (|Δgauge| = 0.1112948771378088)
└ @ TensorKitChainRulesCoreExt ~/.julia/packages/TensorKit/esxcj/ext/TensorKitChainRulesCoreExt/factorizations.jl:254
┌ Warning: `svd` cotangents sensitive to gauge choice: (|Δgauge| = 2.7372791621024853e-8)
└ @ TensorKitChainRulesCoreExt ~/.julia/packages/TensorKit/esxcj/ext/TensorKitChainRulesCoreExt/factorizations.jl:254
┌ Warning: `svd` cotangents sensitive to gauge choice: (|Δgauge| = 0.11129487580858019)
└ @ TensorKitChainRulesCoreExt ~/.julia/packages/TensorKit/esxcj/ext/TensorKitChainRulesCoreExt/factorizations.jl:254
[ Info: LBFGS: iter    5, time 2872.85 s: f = -1.403158951436, ‖∇f‖ = 1.8130e-01, α = 1.00e+00, m = 3, nfg = 1
[ Info: CTMRG init:	obj = +9.564758775310e+00	err = 1.0000e+00
┌ Warning: CTMRG cancel 100:	obj = +9.605151588176e+00	err = 8.5083473447e-07	time = 1.93 min
└ @ PEPSKit ~/.julia/packages/PEPSKit/P7ER3/src/algorithms/ctmrg/ctmrg.jl:129
┌ Warning: `svd` cotangents sensitive to gauge choice: (|Δgauge| = 0.07528538544732664)
└ @ TensorKitChainRulesCoreExt ~/.julia/packages/TensorKit/esxcj/ext/TensorKitChainRulesCoreExt/factorizations.jl:254
┌ Warning: `svd` cotangents sensitive to gauge choice: (|Δgauge| = 1.10653205968363e-6)
└ @ TensorKitChainRulesCoreExt ~/.julia/packages/TensorKit/esxcj/ext/TensorKitChainRulesCoreExt/factorizations.jl:254
┌ Warning: `svd` cotangents sensitive to gauge choice: (|Δgauge| = 0.07528535629937323)
└ @ TensorKitChainRulesCoreExt ~/.julia/packages/TensorKit/esxcj/ext/TensorKitChainRulesCoreExt/factorizations.jl:254
[ Info: LBFGS: iter    6, time 3022.33 s: f = -1.426801761949, ‖∇f‖ = 2.4799e-01, α = 1.00e+00, m = 3, nfg = 1
[ Info: CTMRG init:	obj = +1.027087263450e+00	err = 1.0000e+00
[ Info: CTMRG conv 57:	obj = +4.351247966779e+00	err = 2.5165563622e-10	time = 1.15 min
┌ Warning: `svd` cotangents sensitive to gauge choice: (|Δgauge| = 0.15800370446873785)
└ @ TensorKitChainRulesCoreExt ~/.julia/packages/TensorKit/esxcj/ext/TensorKitChainRulesCoreExt/factorizations.jl:254
┌ Warning: `svd` cotangents sensitive to gauge choice: (|Δgauge| = 3.600486109208876e-11)
└ @ TensorKitChainRulesCoreExt ~/.julia/packages/TensorKit/esxcj/ext/TensorKitChainRulesCoreExt/factorizations.jl:254
┌ Warning: `svd` cotangents sensitive to gauge choice: (|Δgauge| = 0.1580037044337893)
└ @ TensorKitChainRulesCoreExt ~/.julia/packages/TensorKit/esxcj/ext/TensorKitChainRulesCoreExt/factorizations.jl:254
[ Info: CTMRG init:	obj = +2.359936313820e+00	err = 1.0000e+00
[ Info: CTMRG conv 62:	obj = +5.624148258262e+00	err = 1.5138782766e-10	time = 1.27 min
┌ Warning: `svd` cotangents sensitive to gauge choice: (|Δgauge| = 0.04050945031121983)
└ @ TensorKitChainRulesCoreExt ~/.julia/packages/TensorKit/esxcj/ext/TensorKitChainRulesCoreExt/factorizations.jl:254
┌ Warning: `svd` cotangents sensitive to gauge choice: (|Δgauge| = 8.870802552385375e-11)
└ @ TensorKitChainRulesCoreExt ~/.julia/packages/TensorKit/esxcj/ext/TensorKitChainRulesCoreExt/factorizations.jl:254
┌ Warning: `svd` cotangents sensitive to gauge choice: (|Δgauge| = 0.040509450221527014)
└ @ TensorKitChainRulesCoreExt ~/.julia/packages/TensorKit/esxcj/ext/TensorKitChainRulesCoreExt/factorizations.jl:254
[ Info: CTMRG init:	obj = +5.818487699179e+00	err = 1.0000e+00
[ Info: CTMRG conv 58:	obj = +6.719431574664e+00	err = 7.4257833919e-10	time = 1.21 min
┌ Warning: `svd` cotangents sensitive to gauge choice: (|Δgauge| = 0.058995738956127905)
└ @ TensorKitChainRulesCoreExt ~/.julia/packages/TensorKit/esxcj/ext/TensorKitChainRulesCoreExt/factorizations.jl:254
┌ Warning: `svd` cotangents sensitive to gauge choice: (|Δgauge| = 3.6347514109611676e-10)
└ @ TensorKitChainRulesCoreExt ~/.julia/packages/TensorKit/esxcj/ext/TensorKitChainRulesCoreExt/factorizations.jl:254
┌ Warning: `svd` cotangents sensitive to gauge choice: (|Δgauge| = 0.058995738938198296)
└ @ TensorKitChainRulesCoreExt ~/.julia/packages/TensorKit/esxcj/ext/TensorKitChainRulesCoreExt/factorizations.jl:254
[ Info: LBFGS: iter    7, time 3306.17 s: f = -1.631863873660, ‖∇f‖ = 1.5310e-01, α = 3.44e-01, m = 3, nfg = 3
[ Info: CTMRG init:	obj = +6.923580014561e+00	err = 1.0000e+00
[ Info: CTMRG conv 81:	obj = +7.555882303879e+00	err = 8.9281143918e-10	time = 1.74 min
┌ Warning: `svd` cotangents sensitive to gauge choice: (|Δgauge| = 0.14363631664127713)
└ @ TensorKitChainRulesCoreExt ~/.julia/packages/TensorKit/esxcj/ext/TensorKitChainRulesCoreExt/factorizations.jl:254
┌ Warning: `svd` cotangents sensitive to gauge choice: (|Δgauge| = 1.3127628187550824e-11)
└ @ TensorKitChainRulesCoreExt ~/.julia/packages/TensorKit/esxcj/ext/TensorKitChainRulesCoreExt/factorizations.jl:254
┌ Warning: `svd` cotangents sensitive to gauge choice: (|Δgauge| = 0.14363631665439763)
└ @ TensorKitChainRulesCoreExt ~/.julia/packages/TensorKit/esxcj/ext/TensorKitChainRulesCoreExt/factorizations.jl:254
[ Info: CTMRG init:	obj = +6.904366191686e+00	err = 1.0000e+00
┌ Warning: CTMRG cancel 100:	obj = +7.014047378274e+00	err = 9.3808827748e-08	time = 2.27 min
└ @ PEPSKit ~/.julia/packages/PEPSKit/P7ER3/src/algorithms/ctmrg/ctmrg.jl:129
┌ Warning: `svd` cotangents sensitive to gauge choice: (|Δgauge| = 0.14875095854684428)
└ @ TensorKitChainRulesCoreExt ~/.julia/packages/TensorKit/esxcj/ext/TensorKitChainRulesCoreExt/factorizations.jl:254
┌ Warning: `svd` cotangents sensitive to gauge choice: (|Δgauge| = 1.0357388790621695e-7)
└ @ TensorKitChainRulesCoreExt ~/.julia/packages/TensorKit/esxcj/ext/TensorKitChainRulesCoreExt/factorizations.jl:254
┌ Warning: `svd` cotangents sensitive to gauge choice: (|Δgauge| = 0.14875085497296014)
└ @ TensorKitChainRulesCoreExt ~/.julia/packages/TensorKit/esxcj/ext/TensorKitChainRulesCoreExt/factorizations.jl:254
[ Info: CTMRG init:	obj = +6.777391759716e+00	err = 1.0000e+00
[ Info: CTMRG conv 59:	obj = +6.783120098006e+00	err = 8.5193244740e-10	time = 1.40 min
┌ Warning: `svd` cotangents sensitive to gauge choice: (|Δgauge| = 0.06381398939287539)
└ @ TensorKitChainRulesCoreExt ~/.julia/packages/TensorKit/esxcj/ext/TensorKitChainRulesCoreExt/factorizations.jl:254
┌ Warning: `svd` cotangents sensitive to gauge choice: (|Δgauge| = 1.940617746525488e-8)
└ @ TensorKitChainRulesCoreExt ~/.julia/packages/TensorKit/esxcj/ext/TensorKitChainRulesCoreExt/factorizations.jl:254
┌ Warning: `svd` cotangents sensitive to gauge choice: (|Δgauge| = 0.06381398907154893)
└ @ TensorKitChainRulesCoreExt ~/.julia/packages/TensorKit/esxcj/ext/TensorKitChainRulesCoreExt/factorizations.jl:254
[ Info: LBFGS: iter    8, time 3712.63 s: f = -1.636616692344, ‖∇f‖ = 9.4201e-02, α = 1.03e-01, m = 3, nfg = 3
[ Info: CTMRG init:	obj = +6.770115634519e+00	err = 1.0000e+00
[ Info: CTMRG conv 64:	obj = +6.771406981335e+00	err = 8.5179343121e-10	time = 1.51 min
┌ Warning: `svd` cotangents sensitive to gauge choice: (|Δgauge| = 0.0656230502137122)
└ @ TensorKitChainRulesCoreExt ~/.julia/packages/TensorKit/esxcj/ext/TensorKitChainRulesCoreExt/factorizations.jl:254
┌ Warning: `svd` cotangents sensitive to gauge choice: (|Δgauge| = 4.5914034908388726e-8)
└ @ TensorKitChainRulesCoreExt ~/.julia/packages/TensorKit/esxcj/ext/TensorKitChainRulesCoreExt/factorizations.jl:254
┌ Warning: `svd` cotangents sensitive to gauge choice: (|Δgauge| = 0.06562304936119856)
└ @ TensorKitChainRulesCoreExt ~/.julia/packages/TensorKit/esxcj/ext/TensorKitChainRulesCoreExt/factorizations.jl:254
[ Info: CTMRG init:	obj = +6.707172894359e+00	err = 1.0000e+00
┌ Warning: CTMRG cancel 100:	obj = +6.745402791471e+00	err = 6.4464762871e-07	time = 2.45 min
└ @ PEPSKit ~/.julia/packages/PEPSKit/P7ER3/src/algorithms/ctmrg/ctmrg.jl:129
┌ Warning: `svd` cotangents sensitive to gauge choice: (|Δgauge| = 0.11324177459562819)
└ @ TensorKitChainRulesCoreExt ~/.julia/packages/TensorKit/esxcj/ext/TensorKitChainRulesCoreExt/factorizations.jl:254
┌ Warning: `svd` cotangents sensitive to gauge choice: (|Δgauge| = 1.7672528982723758e-6)
└ @ TensorKitChainRulesCoreExt ~/.julia/packages/TensorKit/esxcj/ext/TensorKitChainRulesCoreExt/factorizations.jl:254
┌ Warning: `svd` cotangents sensitive to gauge choice: (|Δgauge| = 0.11324000734272377)
└ @ TensorKitChainRulesCoreExt ~/.julia/packages/TensorKit/esxcj/ext/TensorKitChainRulesCoreExt/factorizations.jl:254
[ Info: CTMRG init:	obj = +6.724252776780e+00	err = 1.0000e+00
┌ Warning: CTMRG cancel 100:	obj = +6.747630621766e+00	err = 6.7559422491e-08	time = 2.62 min
└ @ PEPSKit ~/.julia/packages/PEPSKit/P7ER3/src/algorithms/ctmrg/ctmrg.jl:129
┌ Warning: `svd` cotangents sensitive to gauge choice: (|Δgauge| = 0.08524191815265039)
└ @ TensorKitChainRulesCoreExt ~/.julia/packages/TensorKit/esxcj/ext/TensorKitChainRulesCoreExt/factorizations.jl:254
┌ Warning: `svd` cotangents sensitive to gauge choice: (|Δgauge| = 3.750066840649896e-7)
└ @ TensorKitChainRulesCoreExt ~/.julia/packages/TensorKit/esxcj/ext/TensorKitChainRulesCoreExt/factorizations.jl:254
┌ Warning: `svd` cotangents sensitive to gauge choice: (|Δgauge| = 0.08524154314595966)
└ @ TensorKitChainRulesCoreExt ~/.julia/packages/TensorKit/esxcj/ext/TensorKitChainRulesCoreExt/factorizations.jl:254
[ Info: LBFGS: iter    9, time 4192.43 s: f = -1.652711048928, ‖∇f‖ = 3.2082e-01, α = 4.02e+00, m = 3, nfg = 3
[ Info: CTMRG init:	obj = +6.461922504173e+00	err = 1.0000e+00
[ Info: CTMRG conv 85:	obj = +6.522008414811e+00	err = 8.6828521774e-10	time = 2.28 min
┌ Warning: `svd` cotangents sensitive to gauge choice: (|Δgauge| = 0.1603619650337057)
└ @ TensorKitChainRulesCoreExt ~/.julia/packages/TensorKit/esxcj/ext/TensorKitChainRulesCoreExt/factorizations.jl:254
┌ Warning: `svd` cotangents sensitive to gauge choice: (|Δgauge| = 1.4162470520235336e-11)
└ @ TensorKitChainRulesCoreExt ~/.julia/packages/TensorKit/esxcj/ext/TensorKitChainRulesCoreExt/factorizations.jl:254
┌ Warning: `svd` cotangents sensitive to gauge choice: (|Δgauge| = 0.16036196501954306)
└ @ TensorKitChainRulesCoreExt ~/.julia/packages/TensorKit/esxcj/ext/TensorKitChainRulesCoreExt/factorizations.jl:254
[ Info: CTMRG init:	obj = +5.240396109738e+00	err = 1.0000e+00
[ Info: CTMRG conv 21:	obj = +6.821633301159e+00	err = 8.7753372585e-10	time = 34.55 sec
┌ Warning: `svd` cotangents sensitive to gauge choice: (|Δgauge| = 0.15766979587697197)
└ @ TensorKitChainRulesCoreExt ~/.julia/packages/TensorKit/esxcj/ext/TensorKitChainRulesCoreExt/factorizations.jl:254
┌ Warning: `svd` cotangents sensitive to gauge choice: (|Δgauge| = 1.705998653219098e-10)
└ @ TensorKitChainRulesCoreExt ~/.julia/packages/TensorKit/esxcj/ext/TensorKitChainRulesCoreExt/factorizations.jl:254
┌ Warning: `svd` cotangents sensitive to gauge choice: (|Δgauge| = 0.15766979570636652)
└ @ TensorKitChainRulesCoreExt ~/.julia/packages/TensorKit/esxcj/ext/TensorKitChainRulesCoreExt/factorizations.jl:254
[ Info: CTMRG init:	obj = +5.909206784583e+00	err = 1.0000e+00
[ Info: CTMRG conv 23:	obj = +6.446949417003e+00	err = 5.0242610621e-10	time = 38.94 sec
┌ Warning: `svd` cotangents sensitive to gauge choice: (|Δgauge| = 0.16354742630346897)
└ @ TensorKitChainRulesCoreExt ~/.julia/packages/TensorKit/esxcj/ext/TensorKitChainRulesCoreExt/factorizations.jl:254
┌ Warning: `svd` cotangents sensitive to gauge choice: (|Δgauge| = 0.1635474263028357)
└ @ TensorKitChainRulesCoreExt ~/.julia/packages/TensorKit/esxcj/ext/TensorKitChainRulesCoreExt/factorizations.jl:254
[ Info: CTMRG init:	obj = +5.247935935553e+00	err = 1.0000e+00
[ Info: CTMRG conv 21:	obj = +6.814937965257e+00	err = 7.3045427703e-10	time = 36.00 sec
┌ Warning: `svd` cotangents sensitive to gauge choice: (|Δgauge| = 0.1579473722273981)
└ @ TensorKitChainRulesCoreExt ~/.julia/packages/TensorKit/esxcj/ext/TensorKitChainRulesCoreExt/factorizations.jl:254
┌ Warning: `svd` cotangents sensitive to gauge choice: (|Δgauge| = 1.4561399237072475e-10)
└ @ TensorKitChainRulesCoreExt ~/.julia/packages/TensorKit/esxcj/ext/TensorKitChainRulesCoreExt/factorizations.jl:254
┌ Warning: `svd` cotangents sensitive to gauge choice: (|Δgauge| = 0.1579473720817932)
└ @ TensorKitChainRulesCoreExt ~/.julia/packages/TensorKit/esxcj/ext/TensorKitChainRulesCoreExt/factorizations.jl:254
[ Info: LBFGS: iter   10, time 4499.47 s: f = -1.795292720256, ‖∇f‖ = 3.5653e-01, α = 4.98e+00, m = 3, nfg = 4
[ Info: CTMRG init:	obj = +6.470677832749e+00	err = 1.0000e+00
[ Info: CTMRG conv 37:	obj = +6.772976083102e+00	err = 9.0353552354e-10	time = 1.09 min
┌ Warning: `svd` cotangents sensitive to gauge choice: (|Δgauge| = 0.15001224495603793)
└ @ TensorKitChainRulesCoreExt ~/.julia/packages/TensorKit/esxcj/ext/TensorKitChainRulesCoreExt/factorizations.jl:254
┌ Warning: `svd` cotangents sensitive to gauge choice: (|Δgauge| = 0.15001224495562768)
└ @ TensorKitChainRulesCoreExt ~/.julia/packages/TensorKit/esxcj/ext/TensorKitChainRulesCoreExt/factorizations.jl:254
[ Info: LBFGS: iter   11, time 4580.85 s: f = -1.803863794008, ‖∇f‖ = 2.6348e-01, α = 1.00e+00, m = 3, nfg = 1
[ Info: CTMRG init:	obj = +7.244741193965e+00	err = 1.0000e+00
[ Info: CTMRG conv 15:	obj = +7.443217267284e+00	err = 4.1021858580e-10	time = 26.49 sec
┌ Warning: `svd` cotangents sensitive to gauge choice: (|Δgauge| = 0.15569812850553352)
└ @ TensorKitChainRulesCoreExt ~/.julia/packages/TensorKit/esxcj/ext/TensorKitChainRulesCoreExt/factorizations.jl:254
┌ Warning: `svd` cotangents sensitive to gauge choice: (|Δgauge| = 1.4642581607996256e-10)
└ @ TensorKitChainRulesCoreExt ~/.julia/packages/TensorKit/esxcj/ext/TensorKitChainRulesCoreExt/factorizations.jl:254
┌ Warning: `svd` cotangents sensitive to gauge choice: (|Δgauge| = 0.15569812835910174)
└ @ TensorKitChainRulesCoreExt ~/.julia/packages/TensorKit/esxcj/ext/TensorKitChainRulesCoreExt/factorizations.jl:254
[ Info: LBFGS: iter   12, time 4616.27 s: f = -1.972196429609, ‖∇f‖ = 8.8696e-02, α = 1.00e+00, m = 3, nfg = 1
[ Info: CTMRG init:	obj = +7.889375275485e+00	err = 1.0000e+00
[ Info: CTMRG conv 17:	obj = +7.926932584960e+00	err = 3.9518001529e-10	time = 30.42 sec
┌ Warning: `svd` cotangents sensitive to gauge choice: (|Δgauge| = 0.1589207610648351)
└ @ TensorKitChainRulesCoreExt ~/.julia/packages/TensorKit/esxcj/ext/TensorKitChainRulesCoreExt/factorizations.jl:254
┌ Warning: `svd` cotangents sensitive to gauge choice: (|Δgauge| = 7.901200551648453e-12)
└ @ TensorKitChainRulesCoreExt ~/.julia/packages/TensorKit/esxcj/ext/TensorKitChainRulesCoreExt/factorizations.jl:254
┌ Warning: `svd` cotangents sensitive to gauge choice: (|Δgauge| = 0.15892076105943273)
└ @ TensorKitChainRulesCoreExt ~/.julia/packages/TensorKit/esxcj/ext/TensorKitChainRulesCoreExt/factorizations.jl:254
[ Info: LBFGS: iter   13, time 4655.70 s: f = -1.986490642218, ‖∇f‖ = 7.4332e-02, α = 1.00e+00, m = 3, nfg = 1
[ Info: CTMRG init:	obj = +8.162510710495e+00	err = 1.0000e+00
[ Info: CTMRG conv 13:	obj = +8.166821185486e+00	err = 9.9918651161e-10	time = 23.44 sec
┌ Warning: `svd` cotangents sensitive to gauge choice: (|Δgauge| = 0.16085724297915616)
└ @ TensorKitChainRulesCoreExt ~/.julia/packages/TensorKit/esxcj/ext/TensorKitChainRulesCoreExt/factorizations.jl:254
┌ Warning: `svd` cotangents sensitive to gauge choice: (|Δgauge| = 6.707084980979793e-10)
└ @ TensorKitChainRulesCoreExt ~/.julia/packages/TensorKit/esxcj/ext/TensorKitChainRulesCoreExt/factorizations.jl:254
┌ Warning: `svd` cotangents sensitive to gauge choice: (|Δgauge| = 0.16085724250228983)
└ @ TensorKitChainRulesCoreExt ~/.julia/packages/TensorKit/esxcj/ext/TensorKitChainRulesCoreExt/factorizations.jl:254
[ Info: LBFGS: iter   14, time 4687.20 s: f = -1.994973032711, ‖∇f‖ = 3.8837e-02, α = 1.00e+00, m = 3, nfg = 1
[ Info: CTMRG init:	obj = +8.520292882403e+00	err = 1.0000e+00
[ Info: CTMRG conv 11:	obj = +8.525526574350e+00	err = 4.7702350651e-10	time = 19.97 sec
┌ Warning: `svd` cotangents sensitive to gauge choice: (|Δgauge| = 0.15623485945073284)
└ @ TensorKitChainRulesCoreExt ~/.julia/packages/TensorKit/esxcj/ext/TensorKitChainRulesCoreExt/factorizations.jl:254
┌ Warning: `svd` cotangents sensitive to gauge choice: (|Δgauge| = 4.09793085004737e-9)
└ @ TensorKitChainRulesCoreExt ~/.julia/packages/TensorKit/esxcj/ext/TensorKitChainRulesCoreExt/factorizations.jl:254
┌ Warning: `svd` cotangents sensitive to gauge choice: (|Δgauge| = 0.1562348561453321)
└ @ TensorKitChainRulesCoreExt ~/.julia/packages/TensorKit/esxcj/ext/TensorKitChainRulesCoreExt/factorizations.jl:254
[ Info: LBFGS: iter   15, time 4714.95 s: f = -2.000241185070, ‖∇f‖ = 1.6826e-02, α = 1.00e+00, m = 3, nfg = 1
[ Info: CTMRG init:	obj = +8.792645169777e+00	err = 1.0000e+00
[ Info: CTMRG conv 13:	obj = +8.793781292518e+00	err = 8.1889777521e-10	time = 23.46 sec
┌ Warning: `svd` cotangents sensitive to gauge choice: (|Δgauge| = 0.1542185418117522)
└ @ TensorKitChainRulesCoreExt ~/.julia/packages/TensorKit/esxcj/ext/TensorKitChainRulesCoreExt/factorizations.jl:254
┌ Warning: `svd` cotangents sensitive to gauge choice: (|Δgauge| = 1.6548860659011013e-10)
└ @ TensorKitChainRulesCoreExt ~/.julia/packages/TensorKit/esxcj/ext/TensorKitChainRulesCoreExt/factorizations.jl:254
┌ Warning: `svd` cotangents sensitive to gauge choice: (|Δgauge| = 0.15421854167767704)
└ @ TensorKitChainRulesCoreExt ~/.julia/packages/TensorKit/esxcj/ext/TensorKitChainRulesCoreExt/factorizations.jl:254
[ Info: LBFGS: iter   16, time 4746.94 s: f = -2.001882696313, ‖∇f‖ = 1.1517e-02, α = 1.00e+00, m = 3, nfg = 1
[ Info: CTMRG init:	obj = +9.348597135984e+00	err = 1.0000e+00
[ Info: CTMRG conv 12:	obj = +9.351980034301e+00	err = 5.4286743961e-10	time = 21.04 sec
┌ Warning: `svd` cotangents sensitive to gauge choice: (|Δgauge| = 0.15273253420898833)
└ @ TensorKitChainRulesCoreExt ~/.julia/packages/TensorKit/esxcj/ext/TensorKitChainRulesCoreExt/factorizations.jl:254
┌ Warning: `svd` cotangents sensitive to gauge choice: (|Δgauge| = 1.6919810097910966e-10)
└ @ TensorKitChainRulesCoreExt ~/.julia/packages/TensorKit/esxcj/ext/TensorKitChainRulesCoreExt/factorizations.jl:254
┌ Warning: `svd` cotangents sensitive to gauge choice: (|Δgauge| = 0.15273253435380135)
└ @ TensorKitChainRulesCoreExt ~/.julia/packages/TensorKit/esxcj/ext/TensorKitChainRulesCoreExt/factorizations.jl:254
[ Info: LBFGS: iter   17, time 4775.73 s: f = -2.003516358376, ‖∇f‖ = 1.6682e-02, α = 1.00e+00, m = 3, nfg = 1
[ Info: CTMRG init:	obj = +9.882315350002e+00	err = 1.0000e+00
[ Info: CTMRG conv 12:	obj = +9.885279474513e+00	err = 5.7635022146e-10	time = 21.38 sec
┌ Warning: `svd` cotangents sensitive to gauge choice: (|Δgauge| = 0.1489542195093232)
└ @ TensorKitChainRulesCoreExt ~/.julia/packages/TensorKit/esxcj/ext/TensorKitChainRulesCoreExt/factorizations.jl:254
┌ Warning: `svd` cotangents sensitive to gauge choice: (|Δgauge| = 4.339796749015497e-11)
└ @ TensorKitChainRulesCoreExt ~/.julia/packages/TensorKit/esxcj/ext/TensorKitChainRulesCoreExt/factorizations.jl:254
┌ Warning: `svd` cotangents sensitive to gauge choice: (|Δgauge| = 0.14895421955062424)
└ @ TensorKitChainRulesCoreExt ~/.julia/packages/TensorKit/esxcj/ext/TensorKitChainRulesCoreExt/factorizations.jl:254
[ Info: LBFGS: iter   18, time 4804.84 s: f = -2.004027430920, ‖∇f‖ = 1.8872e-02, α = 1.00e+00, m = 3, nfg = 1
[ Info: CTMRG init:	obj = +9.913677625777e+00	err = 1.0000e+00
[ Info: CTMRG conv 9:	obj = +9.913693186875e+00	err = 1.9273098236e-10	time = 16.22 sec
┌ Warning: `svd` cotangents sensitive to gauge choice: (|Δgauge| = 0.15062570770740152)
└ @ TensorKitChainRulesCoreExt ~/.julia/packages/TensorKit/esxcj/ext/TensorKitChainRulesCoreExt/factorizations.jl:254
┌ Warning: `svd` cotangents sensitive to gauge choice: (|Δgauge| = 2.9458201836149712e-9)
└ @ TensorKitChainRulesCoreExt ~/.julia/packages/TensorKit/esxcj/ext/TensorKitChainRulesCoreExt/factorizations.jl:254
┌ Warning: `svd` cotangents sensitive to gauge choice: (|Δgauge| = 0.15062570483071192)
└ @ TensorKitChainRulesCoreExt ~/.julia/packages/TensorKit/esxcj/ext/TensorKitChainRulesCoreExt/factorizations.jl:254
[ Info: LBFGS: iter   19, time 4828.49 s: f = -2.004549050738, ‖∇f‖ = 4.7423e-03, α = 1.00e+00, m = 3, nfg = 1
[ Info: CTMRG init:	obj = +1.004714618061e+01	err = 1.0000e+00
[ Info: CTMRG conv 11:	obj = +1.004727279264e+01	err = 3.8700613585e-10	time = 19.70 sec
┌ Warning: `svd` cotangents sensitive to gauge choice: (|Δgauge| = 0.15049302066074516)
└ @ TensorKitChainRulesCoreExt ~/.julia/packages/TensorKit/esxcj/ext/TensorKitChainRulesCoreExt/factorizations.jl:254
┌ Warning: `svd` cotangents sensitive to gauge choice: (|Δgauge| = 6.32628868361142e-11)
└ @ TensorKitChainRulesCoreExt ~/.julia/packages/TensorKit/esxcj/ext/TensorKitChainRulesCoreExt/factorizations.jl:254
┌ Warning: `svd` cotangents sensitive to gauge choice: (|Δgauge| = 0.1504930205984717)
└ @ TensorKitChainRulesCoreExt ~/.julia/packages/TensorKit/esxcj/ext/TensorKitChainRulesCoreExt/factorizations.jl:254
[ Info: LBFGS: iter   20, time 4856.32 s: f = -2.004661893646, ‖∇f‖ = 2.6115e-03, α = 1.00e+00, m = 3, nfg = 1
[ Info: CTMRG init:	obj = +1.034887680885e+01	err = 1.0000e+00
[ Info: CTMRG conv 11:	obj = +1.034940612447e+01	err = 7.5378058365e-10	time = 20.78 sec
┌ Warning: `svd` cotangents sensitive to gauge choice: (|Δgauge| = 0.15009148508247727)
└ @ TensorKitChainRulesCoreExt ~/.julia/packages/TensorKit/esxcj/ext/TensorKitChainRulesCoreExt/factorizations.jl:254
┌ Warning: `svd` cotangents sensitive to gauge choice: (|Δgauge| = 4.6344476138752204e-11)
└ @ TensorKitChainRulesCoreExt ~/.julia/packages/TensorKit/esxcj/ext/TensorKitChainRulesCoreExt/factorizations.jl:254
┌ Warning: `svd` cotangents sensitive to gauge choice: (|Δgauge| = 0.1500914851292573)
└ @ TensorKitChainRulesCoreExt ~/.julia/packages/TensorKit/esxcj/ext/TensorKitChainRulesCoreExt/factorizations.jl:254
[ Info: LBFGS: iter   21, time 4885.26 s: f = -2.004800254104, ‖∇f‖ = 2.9926e-03, α = 1.00e+00, m = 3, nfg = 1
[ Info: CTMRG init:	obj = +1.069127409230e+01	err = 1.0000e+00
[ Info: CTMRG conv 11:	obj = +1.069191762900e+01	err = 5.5569659539e-10	time = 20.70 sec
┌ Warning: `svd` cotangents sensitive to gauge choice: (|Δgauge| = 0.14952187920480933)
└ @ TensorKitChainRulesCoreExt ~/.julia/packages/TensorKit/esxcj/ext/TensorKitChainRulesCoreExt/factorizations.jl:254
┌ Warning: `svd` cotangents sensitive to gauge choice: (|Δgauge| = 9.781171033272044e-11)
└ @ TensorKitChainRulesCoreExt ~/.julia/packages/TensorKit/esxcj/ext/TensorKitChainRulesCoreExt/factorizations.jl:254
┌ Warning: `svd` cotangents sensitive to gauge choice: (|Δgauge| = 0.1495218793023882)
└ @ TensorKitChainRulesCoreExt ~/.julia/packages/TensorKit/esxcj/ext/TensorKitChainRulesCoreExt/factorizations.jl:254
[ Info: LBFGS: iter   22, time 4913.90 s: f = -2.004867102315, ‖∇f‖ = 4.9057e-03, α = 1.00e+00, m = 3, nfg = 1
[ Info: CTMRG init:	obj = +1.094726737927e+01	err = 1.0000e+00
[ Info: CTMRG conv 11:	obj = +1.094769430577e+01	err = 2.8095730540e-10	time = 20.34 sec
┌ Warning: `svd` cotangents sensitive to gauge choice: (|Δgauge| = 0.14931729076620615)
└ @ TensorKitChainRulesCoreExt ~/.julia/packages/TensorKit/esxcj/ext/TensorKitChainRulesCoreExt/factorizations.jl:254
┌ Warning: `svd` cotangents sensitive to gauge choice: (|Δgauge| = 1.1760109652268274e-10)
└ @ TensorKitChainRulesCoreExt ~/.julia/packages/TensorKit/esxcj/ext/TensorKitChainRulesCoreExt/factorizations.jl:254
┌ Warning: `svd` cotangents sensitive to gauge choice: (|Δgauge| = 0.1493172908835784)
└ @ TensorKitChainRulesCoreExt ~/.julia/packages/TensorKit/esxcj/ext/TensorKitChainRulesCoreExt/factorizations.jl:254
[ Info: LBFGS: iter   23, time 4942.44 s: f = -2.004924734824, ‖∇f‖ = 2.0608e-03, α = 1.00e+00, m = 3, nfg = 1
[ Info: CTMRG init:	obj = +1.104714829214e+01	err = 1.0000e+00
[ Info: CTMRG conv 10:	obj = +1.104719195318e+01	err = 5.7331653879e-10	time = 18.81 sec
┌ Warning: `svd` cotangents sensitive to gauge choice: (|Δgauge| = 0.14930702726073597)
└ @ TensorKitChainRulesCoreExt ~/.julia/packages/TensorKit/esxcj/ext/TensorKitChainRulesCoreExt/factorizations.jl:254
┌ Warning: `svd` cotangents sensitive to gauge choice: (|Δgauge| = 6.040664456709054e-10)
└ @ TensorKitChainRulesCoreExt ~/.julia/packages/TensorKit/esxcj/ext/TensorKitChainRulesCoreExt/factorizations.jl:254
┌ Warning: `svd` cotangents sensitive to gauge choice: (|Δgauge| = 0.14930702665683065)
└ @ TensorKitChainRulesCoreExt ~/.julia/packages/TensorKit/esxcj/ext/TensorKitChainRulesCoreExt/factorizations.jl:254
[ Info: LBFGS: iter   24, time 4969.17 s: f = -2.004939993171, ‖∇f‖ = 1.4479e-03, α = 1.00e+00, m = 3, nfg = 1
[ Info: CTMRG init:	obj = +1.135454004305e+01	err = 1.0000e+00
[ Info: CTMRG conv 11:	obj = +1.135495367917e+01	err = 2.5863982302e-10	time = 20.78 sec
┌ Warning: `svd` cotangents sensitive to gauge choice: (|Δgauge| = 0.14895336937713982)
└ @ TensorKitChainRulesCoreExt ~/.julia/packages/TensorKit/esxcj/ext/TensorKitChainRulesCoreExt/factorizations.jl:254
┌ Warning: `svd` cotangents sensitive to gauge choice: (|Δgauge| = 1.0981815496727747e-10)
└ @ TensorKitChainRulesCoreExt ~/.julia/packages/TensorKit/esxcj/ext/TensorKitChainRulesCoreExt/factorizations.jl:254
┌ Warning: `svd` cotangents sensitive to gauge choice: (|Δgauge| = 0.14895336948652207)
└ @ TensorKitChainRulesCoreExt ~/.julia/packages/TensorKit/esxcj/ext/TensorKitChainRulesCoreExt/factorizations.jl:254
[ Info: LBFGS: iter   25, time 4997.75 s: f = -2.004959165686, ‖∇f‖ = 1.0642e-03, α = 1.00e+00, m = 3, nfg = 1
[ Info: CTMRG init:	obj = +1.136720512957e+01	err = 1.0000e+00
[ Info: CTMRG conv 8:	obj = +1.136720758838e+01	err = 9.1892752521e-10	time = 15.03 sec
┌ Warning: `svd` cotangents sensitive to gauge choice: (|Δgauge| = 0.14941080217485866)
└ @ TensorKitChainRulesCoreExt ~/.julia/packages/TensorKit/esxcj/ext/TensorKitChainRulesCoreExt/factorizations.jl:254
┌ Warning: `svd` cotangents sensitive to gauge choice: (|Δgauge| = 1.6082363529449334e-8)
└ @ TensorKitChainRulesCoreExt ~/.julia/packages/TensorKit/esxcj/ext/TensorKitChainRulesCoreExt/factorizations.jl:254
┌ Warning: `svd` cotangents sensitive to gauge choice: (|Δgauge| = 0.1494107860927594)
└ @ TensorKitChainRulesCoreExt ~/.julia/packages/TensorKit/esxcj/ext/TensorKitChainRulesCoreExt/factorizations.jl:254
[ Info: CTMRG init:	obj = +1.135992626030e+01	err = 1.0000e+00
[ Info: CTMRG conv 8:	obj = +1.135992666630e+01	err = 3.7486958245e-10	time = 14.82 sec
┌ Warning: `svd` cotangents sensitive to gauge choice: (|Δgauge| = 0.14913997045614324)
└ @ TensorKitChainRulesCoreExt ~/.julia/packages/TensorKit/esxcj/ext/TensorKitChainRulesCoreExt/factorizations.jl:254
┌ Warning: `svd` cotangents sensitive to gauge choice: (|Δgauge| = 1.6199152770335967e-8)
└ @ TensorKitChainRulesCoreExt ~/.julia/packages/TensorKit/esxcj/ext/TensorKitChainRulesCoreExt/factorizations.jl:254
┌ Warning: `svd` cotangents sensitive to gauge choice: (|Δgauge| = 0.14913995425674165)
└ @ TensorKitChainRulesCoreExt ~/.julia/packages/TensorKit/esxcj/ext/TensorKitChainRulesCoreExt/factorizations.jl:254
[ Info: LBFGS: converged after 26 iterations and time 5041.78 s: f = -2.004961115506, ‖∇f‖ = 4.8780e-04
