  Installing known registries into `~/.julia`
       Added `General` registry to ~/.julia/registries
    Updating registry at `~/.julia/registries/General.toml`
   Installed GPUArraysCore ─────────────── v0.2.0
   Installed TaskLocalValues ───────────── v0.1.2
   Installed IrrationalConstants ───────── v0.2.4
   Installed RealDot ───────────────────── v0.1.0
   Installed IRTools ───────────────────── v0.4.14
   Installed JLD2 ──────────────────────── v0.5.12
   Installed OhMyThreads ───────────────── v0.7.0
   Installed BlockTensorKit ────────────── v0.1.6
   Installed DiffRules ─────────────────── v1.15.1
   Installed IntegerMathUtils ──────────── v0.1.2
   Installed Adapt ─────────────────────── v4.3.0
   Installed TableTraits ───────────────── v1.0.1
   Installed LRUCache ──────────────────── v1.6.2
   Installed PtrArrays ─────────────────── v1.3.0
   Installed Preferences ───────────────── v1.4.3
   Installed Accessors ─────────────────── v0.1.42
   Installed LoggingExtras ─────────────── v1.0.3
   Installed WignerSymbols ─────────────── v2.0.0
   Installed HashArrayMappedTries ──────── v0.2.0
   Installed OptimKit ──────────────────── v0.4.0
   Installed Tables ────────────────────── v1.12.0
   Installed ChunkSplitters ────────────── v3.1.2
   Installed DiffResults ───────────────── v1.1.0
   Installed SpecialFunctions ──────────── v2.5.1
   Installed TensorKit ─────────────────── v0.14.5
   Installed RecipesBase ───────────────── v1.3.4
   Installed DataAPI ───────────────────── v1.16.0
   Installed Primes ────────────────────── v0.5.7
   Installed AbstractFFTs ──────────────── v1.5.0
   Installed StaticArrays ──────────────── v1.9.13
   Installed Zygote ────────────────────── v0.7.6
   Installed BlockArrays ───────────────── v1.6.1
   Installed MPSKit ────────────────────── v0.12.6
   Installed JLLWrappers ───────────────── v1.7.0
   Installed StaticArraysCore ──────────── v1.4.3
   Installed FiniteDifferences ─────────── v0.12.32
   Installed NaNMath ───────────────────── v1.1.3
   Installed Richardson ────────────────── v1.4.2
   Installed ConstructionBase ──────────── v1.5.8
   Installed PrecompileTools ───────────── v1.2.1
   Installed IteratorInterfaceExtensions ─ v1.0.0
   Installed StructArrays ──────────────── v0.7.1
   Installed DataValueInterfaces ───────── v1.0.0
   Installed StableTasks ───────────────── v0.1.7
   Installed RationalRoots ─────────────── v0.2.1
   Installed OrderedCollections ────────── v1.8.0
   Installed TensorKitSectors ──────────── v0.1.4
   Installed TranscodingStreams ────────── v0.11.3
   Installed ScopedValues ──────────────── v1.3.0
   Installed InitialValues ─────────────── v0.3.1
   Installed ChainRulesCore ────────────── v1.25.1
   Installed VectorInterface ───────────── v0.5.0
   Installed MPSKitModels ──────────────── v0.4.1
   Installed ForwardDiff ───────────────── v1.0.1
   Installed FileIO ────────────────────── v1.17.0
   Installed LogExpFunctions ───────────── v0.3.29
   Installed Statistics ────────────────── v1.11.1
   Installed FillArrays ────────────────── v1.13.0
   Installed ChainRules ────────────────── v1.72.3
   Installed CommonSubexpressions ──────── v0.3.1
   Installed ZygoteRules ───────────────── v0.2.7
   Installed Requires ──────────────────── v1.3.1
   Installed StridedViews ──────────────── v0.4.1
   Installed HalfIntegers ──────────────── v1.6.0
   Installed Strided ───────────────────── v2.3.0
   Installed PackageExtensionCompat ────── v1.0.2
   Installed BangBang ──────────────────── v0.4.4
   Installed TensorKitManifolds ────────── v0.7.2
   Installed Compat ────────────────────── v4.16.0
   Installed MacroTools ────────────────── v0.5.15
   Installed CompositionsBase ──────────── v0.1.2
   Installed OpenSpecFun_jll ───────────── v0.5.6+0
   Installed TupleTools ────────────────── v1.6.0
   Installed SparseInverseSubset ───────── v0.1.2
   Installed InverseFunctions ──────────── v0.1.17
   Installed TensorOperations ──────────── v5.2.0
   Installed KrylovKit ─────────────────── v0.9.5
   Installed PEPSKit ───────────────────── v0.5.0
   Installed DocStringExtensions ───────── v0.9.4
   Installed ArrayLayouts ──────────────── v1.11.1
    Updating `/var/lib/condor/execute/dir_1666266/Project.toml`
  [d360d2e6] + ChainRulesCore v1.25.1
  [033835bb] + JLD2 v0.5.12
  [0b1a1467] + KrylovKit v0.9.5
  [bb1c41ca] + MPSKit v0.12.6
  [ca635005] + MPSKitModels v0.4.1
  [77e91f04] + OptimKit v0.4.0
  [52969e89] + PEPSKit v0.5.0
  [07d1fe3e] + TensorKit v0.14.5
  [409d34a3] + VectorInterface v0.5.0
  [e88e6eb3] + Zygote v0.7.6
  [37e2e46d] ~ LinearAlgebra ⇒ v1.11.0
    Updating `/var/lib/condor/execute/dir_1666266/Manifest.toml`
  [621f4979] + AbstractFFTs v1.5.0
  [7d9f7c33] + Accessors v0.1.42
  [79e6a3ab] + Adapt v4.3.0
  [4c555306] + ArrayLayouts v1.11.1
  [198e06fe] + BangBang v0.4.4
  [8e7c35d0] + BlockArrays v1.6.1
  [5f87ffc2] + BlockTensorKit v0.1.6
  [082447d4] + ChainRules v1.72.3
  [d360d2e6] + ChainRulesCore v1.25.1
  [ae650224] + ChunkSplitters v3.1.2
  [bbf7d656] + CommonSubexpressions v0.3.1
  [34da2185] + Compat v4.16.0
  [a33af91c] + CompositionsBase v0.1.2
  [187b0558] + ConstructionBase v1.5.8
  [9a962f9c] + DataAPI v1.16.0
  [e2d170a0] + DataValueInterfaces v1.0.0
  [163ba53b] + DiffResults v1.1.0
  [b552c78f] + DiffRules v1.15.1
  [ffbed154] + DocStringExtensions v0.9.4
  [5789e2e9] + FileIO v1.17.0
  [1a297f60] + FillArrays v1.13.0
  [26cc04aa] + FiniteDifferences v0.12.32
  [f6369f11] + ForwardDiff v1.0.1
  [46192b85] + GPUArraysCore v0.2.0
  [f0d1745a] + HalfIntegers v1.6.0
  [076d061b] + HashArrayMappedTries v0.2.0
  [7869d1d1] + IRTools v0.4.14
  [22cec73e] + InitialValues v0.3.1
  [18e54dd8] + IntegerMathUtils v0.1.2
  [3587e190] + InverseFunctions v0.1.17
  [92d709cd] + IrrationalConstants v0.2.4
  [82899510] + IteratorInterfaceExtensions v1.0.0
  [033835bb] + JLD2 v0.5.12
  [692b3bcd] + JLLWrappers v1.7.0
  [0b1a1467] + KrylovKit v0.9.5
  [8ac3fa9e] + LRUCache v1.6.2
  [2ab3a3ac] + LogExpFunctions v0.3.29
⌅ [e6f89c97] + LoggingExtras v1.0.3
  [bb1c41ca] + MPSKit v0.12.6
  [ca635005] + MPSKitModels v0.4.1
  [1914dd2f] + MacroTools v0.5.15
  [77ba4419] + NaNMath v1.1.3
⌅ [67456a42] + OhMyThreads v0.7.0
  [77e91f04] + OptimKit v0.4.0
  [bac558e1] + OrderedCollections v1.8.0
  [52969e89] + PEPSKit v0.5.0
  [65ce6f38] + PackageExtensionCompat v1.0.2
⌅ [aea7be01] + PrecompileTools v1.2.1
  [21216c6a] + Preferences v1.4.3
  [27ebfcd6] + Primes v0.5.7
  [43287f4e] + PtrArrays v1.3.0
  [308eb6b3] + RationalRoots v0.2.1
  [c1ae055f] + RealDot v0.1.0
  [3cdcf5f2] + RecipesBase v1.3.4
  [ae029012] + Requires v1.3.1
  [708f8203] + Richardson v1.4.2
  [7e506255] + ScopedValues v1.3.0
  [dc90abb0] + SparseInverseSubset v0.1.2
  [276daf66] + SpecialFunctions v2.5.1
  [91464d47] + StableTasks v0.1.7
  [90137ffa] + StaticArrays v1.9.13
  [1e83bf80] + StaticArraysCore v1.4.3
  [10745b16] + Statistics v1.11.1
  [5e0ebb24] + Strided v2.3.0
  [4db3bf67] + StridedViews v0.4.1
  [09ab397b] + StructArrays v0.7.1
  [3783bdb8] + TableTraits v1.0.1
  [bd369af6] + Tables v1.12.0
  [ed4db957] + TaskLocalValues v0.1.2
  [07d1fe3e] + TensorKit v0.14.5
  [11fa318c] + TensorKitManifolds v0.7.2
  [13a9c161] + TensorKitSectors v0.1.4
  [6aa20fa7] + TensorOperations v5.2.0
  [3bb67fe8] + TranscodingStreams v0.11.3
  [9d95972d] + TupleTools v1.6.0
  [409d34a3] + VectorInterface v0.5.0
  [9f57e263] + WignerSymbols v2.0.0
  [e88e6eb3] + Zygote v0.7.6
  [700de1a5] + ZygoteRules v0.2.7
  [efe28fd5] + OpenSpecFun_jll v0.5.6+0
  [0dad84c5] + ArgTools v1.1.2
  [56f22d72] + Artifacts v1.11.0
  [2a0f44e3] + Base64 v1.11.0
  [ade2ca70] + Dates v1.11.0
  [8ba89e20] + Distributed v1.11.0
  [f43a241f] + Downloads v1.6.0
  [7b1f6079] + FileWatching v1.11.0
  [b77e0a4c] + InteractiveUtils v1.11.0
  [b27032c2] + LibCURL v0.6.4
  [76f85450] + LibGit2 v1.11.0
  [8f399da3] + Libdl v1.11.0
  [37e2e46d] + LinearAlgebra v1.11.0
  [56ddb016] + Logging v1.11.0
  [d6f4376e] + Markdown v1.11.0
  [a63ad114] + Mmap v1.11.0
  [ca575930] + NetworkOptions v1.2.0
  [44cfe95a] + Pkg v1.11.0
  [de0858da] + Printf v1.11.0
  [9a3f8284] + Random v1.11.0
  [ea8e919c] + SHA v0.7.0
  [9e88b42a] + Serialization v1.11.0
  [6462fe0b] + Sockets v1.11.0
  [2f01184e] + SparseArrays v1.11.0
  [4607b0f0] + SuiteSparse
  [fa267f1f] + TOML v1.0.3
  [a4e569a6] + Tar v1.10.0
  [cf7118a7] + UUIDs v1.11.0
  [4ec0a83e] + Unicode v1.11.0
  [e66e0078] + CompilerSupportLibraries_jll v1.1.1+0
  [deac9b47] + LibCURL_jll v8.6.0+0
  [e37daf67] + LibGit2_jll v1.7.2+0
  [29816b5a] + LibSSH2_jll v1.11.0+1
  [c8ffd9c3] + MbedTLS_jll v2.28.6+0
  [14a3606d] + MozillaCACerts_jll v2023.12.12
  [4536629a] + OpenBLAS_jll v0.3.27+1
  [05823500] + OpenLibm_jll v0.8.1+2
  [bea87d4a] + SuiteSparse_jll v7.7.0+0
  [83775a58] + Zlib_jll v1.2.13+1
  [8e850b90] + libblastrampoline_jll v5.11.0+0
  [8e850ede] + nghttp2_jll v1.59.0+0
  [3f19e933] + p7zip_jll v17.4.0+2
        Info Packages marked with ⌅ have new versions available but compatibility constraints restrict them from upgrading. To see why use `status --outdated -m`
Precompiling project...
    660.1 ms  ✓ DataValueInterfaces
    791.5 ms  ✓ TaskLocalValues
    786.5 ms  ✓ IntegerMathUtils
    854.4 ms  ✓ RealDot
    880.1 ms  ✓ StableTasks
    958.5 ms  ✓ Richardson
    977.7 ms  ✓ LRUCache
    973.0 ms  ✓ Statistics
   1135.5 ms  ✓ OrderedCollections
   1127.8 ms  ✓ InverseFunctions
   1143.1 ms  ✓ VectorInterface
    611.2 ms  ✓ IteratorInterfaceExtensions
   1305.9 ms  ✓ HalfIntegers
   1239.2 ms  ✓ DocStringExtensions
   1392.1 ms  ✓ AbstractFFTs
    774.4 ms  ✓ DataAPI
    644.1 ms  ✓ CompositionsBase
    761.2 ms  ✓ PackageExtensionCompat
    605.4 ms  ✓ PtrArrays
   1114.1 ms  ✓ ConstructionBase
   1872.5 ms  ✓ FillArrays
    896.6 ms  ✓ ChunkSplitters
   1072.7 ms  ✓ StaticArraysCore
   1107.6 ms  ✓ TupleTools
   1011.8 ms  ✓ TranscodingStreams
   1003.2 ms  ✓ HashArrayMappedTries
   1088.7 ms  ✓ RationalRoots
    985.0 ms  ✓ NaNMath
    892.7 ms  ✓ LoggingExtras
   1053.6 ms  ✓ SuiteSparse
   1578.1 ms  ✓ InitialValues
   2696.8 ms  ✓ IrrationalConstants
   1148.1 ms  ✓ Compat
   1387.1 ms  ✓ Requires
   1264.4 ms  ✓ Preferences
   1148.6 ms  ✓ LRUCache → SerializationExt
    801.5 ms  ✓ CompositionsBase → CompositionsBaseInverseFunctionsExt
    862.9 ms  ✓ TableTraits
   1330.8 ms  ✓ Primes
    920.3 ms  ✓ StridedViews
   1113.4 ms  ✓ Statistics → SparseArraysExt
   1061.5 ms  ✓ InverseFunctions → InverseFunctionsDatesExt
   1026.0 ms  ✓ ConstructionBase → ConstructionBaseLinearAlgebraExt
    724.9 ms  ✓ DiffResults
    666.9 ms  ✓ ScopedValues
    938.1 ms  ✓ FillArrays → FillArraysStatisticsExt
    829.7 ms  ✓ Compat → CompatLinearAlgebraExt
    644.3 ms  ✓ StridedViews → StridedViewsPtrArraysExt
    849.4 ms  ✓ JLLWrappers
    962.1 ms  ✓ PrecompileTools
   1119.1 ms  ✓ Adapt
   1441.7 ms  ✓ SparseInverseSubset
   1740.5 ms  ✓ FillArrays → FillArraysSparseArraysExt
   1731.4 ms  ✓ LogExpFunctions
   1331.5 ms  ✓ Strided
   2831.9 ms  ✓ KrylovKit
    865.2 ms  ✓ GPUArraysCore
   2053.4 ms  ✓ Tables
    685.9 ms  ✓ LogExpFunctions → LogExpFunctionsInverseFunctionsExt
   1272.9 ms  ✓ Adapt → AdaptSparseArraysExt
   1463.5 ms  ✓ OpenSpecFun_jll
   5009.3 ms  ✓ MacroTools
   2388.2 ms  ✓ OptimKit
   2337.9 ms  ✓ ChainRulesCore
    948.4 ms  ✓ CommonSubexpressions
   1472.8 ms  ✓ StructArrays
   1479.1 ms  ✓ AbstractFFTs → AbstractFFTsChainRulesCoreExt
   1564.0 ms  ✓ ChainRulesCore → ChainRulesCoreSparseArraysExt
   3782.2 ms  ✓ RecipesBase
   1150.6 ms  ✓ StructArrays → StructArraysAdaptExt
   1774.6 ms  ✓ KrylovKit → KrylovKitChainRulesCoreExt
   4593.0 ms  ✓ WignerSymbols
   1911.6 ms  ✓ ZygoteRules
   1440.0 ms  ✓ StructArrays → StructArraysSparseArraysExt
    676.7 ms  ✓ StructArrays → StructArraysLinearAlgebraExt
   2925.8 ms  ✓ LogExpFunctions → LogExpFunctionsChainRulesCoreExt
   3580.9 ms  ✓ IRTools
   6995.2 ms  ✓ FileIO
   4802.6 ms  ✓ SpecialFunctions
   4692.0 ms  ✓ Accessors
    742.6 ms  ✓ Accessors → StructArraysExt
    833.0 ms  ✓ Accessors → LinearAlgebraExt
   1012.6 ms  ✓ DiffRules
   1269.6 ms  ✓ BangBang
   2611.5 ms  ✓ SpecialFunctions → SpecialFunctionsChainRulesCoreExt
    749.2 ms  ✓ BangBang → BangBangStructArraysExt
    780.0 ms  ✓ BangBang → BangBangTablesExt
    815.8 ms  ✓ BangBang → BangBangChainRulesCoreExt
   1410.5 ms  ✓ OhMyThreads
  12349.1 ms  ✓ StaticArrays
   8459.9 ms  ✓ ChainRules
    927.0 ms  ✓ Adapt → AdaptStaticArraysExt
    945.5 ms  ✓ StaticArrays → StaticArraysStatisticsExt
    951.9 ms  ✓ ConstructionBase → ConstructionBaseStaticArraysExt
    967.7 ms  ✓ StaticArrays → StaticArraysChainRulesCoreExt
   6095.6 ms  ✓ ForwardDiff
   1156.7 ms  ✓ Accessors → StaticArraysExt
   1171.4 ms  ✓ StructArrays → StructArraysStaticArraysExt
   1296.1 ms  ✓ BangBang → BangBangStaticArraysExt
   1330.9 ms  ✓ ForwardDiff → ForwardDiffStaticArraysExt
   1589.7 ms  ✓ FiniteDifferences
  18581.4 ms  ✓ ArrayLayouts
   1027.4 ms  ✓ ArrayLayouts → ArrayLayoutsSparseArraysExt
   2289.4 ms  ✓ BlockArrays
    985.5 ms  ✓ BlockArrays → BlockArraysAdaptExt
  40240.1 ms  ✓ JLD2
  44931.5 ms  ✓ Zygote
 191312.0 ms  ✓ TensorOperations
   1724.2 ms  ✓ TensorOperations → TensorOperationsChainRulesCoreExt
   9052.9 ms  ✓ TensorKitSectors
   9839.2 ms  ✓ TensorKit
   2289.2 ms  ✓ TensorKitManifolds
   2526.2 ms  ✓ TensorKit → TensorKitFiniteDifferencesExt
   2523.6 ms  ✓ TensorKit → TensorKitChainRulesCoreExt
   3205.6 ms  ✓ BlockTensorKit
  19863.1 ms  ✓ MPSKit
  16984.2 ms  ✓ MPSKitModels
  18851.5 ms  ✓ PEPSKit
  118 dependencies successfully precompiled in 274 seconds. 31 already precompiled.
[ Info: CTMRG init:	obj = +9.516023290976e+00	err = 1.0000e+00
[ Info: CTMRG conv 4:	obj = +9.516023290976e+00	err = 7.1903428608e-10	time = 4.58 min
┌ Warning: `svd` cotangents sensitive to gauge choice: (|Δgauge| = 0.08876997967214181)
└ @ TensorKitChainRulesCoreExt ~/.julia/packages/TensorKit/esxcj/ext/TensorKitChainRulesCoreExt/factorizations.jl:254
┌ Warning: `svd` cotangents sensitive to gauge choice: (|Δgauge| = 2.3917241390503767e-10)
└ @ TensorKitChainRulesCoreExt ~/.julia/packages/TensorKit/esxcj/ext/TensorKitChainRulesCoreExt/factorizations.jl:254
┌ Warning: `svd` cotangents sensitive to gauge choice: (|Δgauge| = 0.08876997985724827)
└ @ TensorKitChainRulesCoreExt ~/.julia/packages/TensorKit/esxcj/ext/TensorKitChainRulesCoreExt/factorizations.jl:254
[ Info: LBFGS: initializing with f = -2.009999369412, ‖∇f‖ = 8.7152e-04
[ Info: CTMRG init:	obj = +9.520236902714e+00	err = 1.0000e+00
[ Info: CTMRG conv 11:	obj = +9.520238991016e+00	err = 9.9710310481e-10	time = 6.18 min
┌ Warning: `svd` cotangents sensitive to gauge choice: (|Δgauge| = 0.08858080894595471)
└ @ TensorKitChainRulesCoreExt ~/.julia/packages/TensorKit/esxcj/ext/TensorKitChainRulesCoreExt/factorizations.jl:254
┌ Warning: `svd` cotangents sensitive to gauge choice: (|Δgauge| = 0.0885808093058966)
└ @ TensorKitChainRulesCoreExt ~/.julia/packages/TensorKit/esxcj/ext/TensorKitChainRulesCoreExt/factorizations.jl:254
[ Info: LBFGS: iter    1, time 2305.93 s: f = -2.010004458498, ‖∇f‖ = 1.5240e-03, α = 1.00e+00, m = 0, nfg = 1
[ Info: CTMRG init:	obj = +9.525605876782e+00	err = 1.0000e+00
[ Info: CTMRG conv 6:	obj = +9.525606702981e+00	err = 8.6314623622e-10	time = 3.42 min
┌ Warning: `svd` cotangents sensitive to gauge choice: (|Δgauge| = 0.088409927767378)
└ @ TensorKitChainRulesCoreExt ~/.julia/packages/TensorKit/esxcj/ext/TensorKitChainRulesCoreExt/factorizations.jl:254
┌ Warning: `svd` cotangents sensitive to gauge choice: (|Δgauge| = 0.08840992807323045)
└ @ TensorKitChainRulesCoreExt ~/.julia/packages/TensorKit/esxcj/ext/TensorKitChainRulesCoreExt/factorizations.jl:254
[ Info: LBFGS: iter    2, time 2564.24 s: f = -2.010011944557, ‖∇f‖ = 1.3428e-03, α = 1.00e+00, m = 1, nfg = 1
[ Info: CTMRG init:	obj = +9.547620304945e+00	err = 1.0000e+00
[ Info: CTMRG conv 7:	obj = +9.547652432800e+00	err = 9.3125309192e-10	time = 4.04 min
┌ Warning: `svd` cotangents sensitive to gauge choice: (|Δgauge| = 0.08808146580635581)
└ @ TensorKitChainRulesCoreExt ~/.julia/packages/TensorKit/esxcj/ext/TensorKitChainRulesCoreExt/factorizations.jl:254
┌ Warning: `svd` cotangents sensitive to gauge choice: (|Δgauge| = 0.0880814656952845)
└ @ TensorKitChainRulesCoreExt ~/.julia/packages/TensorKit/esxcj/ext/TensorKitChainRulesCoreExt/factorizations.jl:254
[ Info: CTMRG init:	obj = +9.532420502150e+00	err = 1.0000e+00
[ Info: CTMRG conv 12:	obj = +9.532423515040e+00	err = 9.5694846484e-10	time = 6.77 min
┌ Warning: `svd` cotangents sensitive to gauge choice: (|Δgauge| = 0.08830505324992696)
└ @ TensorKitChainRulesCoreExt ~/.julia/packages/TensorKit/esxcj/ext/TensorKitChainRulesCoreExt/factorizations.jl:254
┌ Warning: `svd` cotangents sensitive to gauge choice: (|Δgauge| = 0.08830505325698287)
└ @ TensorKitChainRulesCoreExt ~/.julia/packages/TensorKit/esxcj/ext/TensorKitChainRulesCoreExt/factorizations.jl:254
[ Info: LBFGS: iter    3, time 3355.90 s: f = -2.010016924472, ‖∇f‖ = 1.7304e-03, α = 3.04e-01, m = 2, nfg = 2
[ Info: CTMRG init:	obj = +9.540999922828e+00	err = 1.0000e+00
[ Info: CTMRG conv 6:	obj = +9.541001979370e+00	err = 9.6115194495e-10	time = 1.72 min
┌ Warning: `svd` cotangents sensitive to gauge choice: (|Δgauge| = 0.08805540842668885)
└ @ TensorKitChainRulesCoreExt ~/.julia/packages/TensorKit/esxcj/ext/TensorKitChainRulesCoreExt/factorizations.jl:254
┌ Warning: `svd` cotangents sensitive to gauge choice: (|Δgauge| = 0.08805540837684299)
└ @ TensorKitChainRulesCoreExt ~/.julia/packages/TensorKit/esxcj/ext/TensorKitChainRulesCoreExt/factorizations.jl:254
[ Info: LBFGS: iter    4, time 3472.70 s: f = -2.010022223691, ‖∇f‖ = 4.2238e-04, α = 1.00e+00, m = 3, nfg = 1
[ Info: CTMRG init:	obj = +9.541019698850e+00	err = 1.0000e+00
[ Info: CTMRG conv 9:	obj = +9.541019809568e+00	err = 5.7050602343e-10	time = 7.73 sec
┌ Warning: `svd` cotangents sensitive to gauge choice: (|Δgauge| = 0.08806112544833983)
└ @ TensorKitChainRulesCoreExt ~/.julia/packages/TensorKit/esxcj/ext/TensorKitChainRulesCoreExt/factorizations.jl:254
┌ Warning: `svd` cotangents sensitive to gauge choice: (|Δgauge| = 0.08806112543794982)
└ @ TensorKitChainRulesCoreExt ~/.julia/packages/TensorKit/esxcj/ext/TensorKitChainRulesCoreExt/factorizations.jl:254
[ Info: LBFGS: iter    5, time 3493.57 s: f = -2.010022569534, ‖∇f‖ = 2.6354e-04, α = 1.00e+00, m = 4, nfg = 1
[ Info: CTMRG init:	obj = +9.541553279128e+00	err = 1.0000e+00
[ Info: CTMRG conv 7:	obj = +9.541553320822e+00	err = 7.6700883475e-10	time = 5.50 sec
┌ Warning: `svd` cotangents sensitive to gauge choice: (|Δgauge| = 0.08805935017937672)
└ @ TensorKitChainRulesCoreExt ~/.julia/packages/TensorKit/esxcj/ext/TensorKitChainRulesCoreExt/factorizations.jl:254
┌ Warning: `svd` cotangents sensitive to gauge choice: (|Δgauge| = 0.08805934979913557)
└ @ TensorKitChainRulesCoreExt ~/.julia/packages/TensorKit/esxcj/ext/TensorKitChainRulesCoreExt/factorizations.jl:254
[ Info: LBFGS: iter    6, time 3510.42 s: f = -2.010022933101, ‖∇f‖ = 3.3235e-04, α = 1.00e+00, m = 5, nfg = 1
[ Info: CTMRG init:	obj = +9.544787620019e+00	err = 1.0000e+00
[ Info: CTMRG conv 15:	obj = +9.544788063307e+00	err = 9.5756697624e-10	time = 10.05 sec
┌ Warning: `svd` cotangents sensitive to gauge choice: (|Δgauge| = 0.0880385900992336)
└ @ TensorKitChainRulesCoreExt ~/.julia/packages/TensorKit/esxcj/ext/TensorKitChainRulesCoreExt/factorizations.jl:254
┌ Warning: `svd` cotangents sensitive to gauge choice: (|Δgauge| = 0.08803858966235617)
└ @ TensorKitChainRulesCoreExt ~/.julia/packages/TensorKit/esxcj/ext/TensorKitChainRulesCoreExt/factorizations.jl:254
[ Info: LBFGS: iter    7, time 3613.23 s: f = -2.010024291242, ‖∇f‖ = 6.7014e-04, α = 1.00e+00, m = 6, nfg = 1
[ Info: CTMRG init:	obj = +9.549893480060e+00	err = 1.0000e+00
[ Info: CTMRG conv 6:	obj = +9.549894065813e+00	err = 9.7074256237e-10	time = 3.56 min
┌ Warning: `svd` cotangents sensitive to gauge choice: (|Δgauge| = 0.08800310975671413)
└ @ TensorKitChainRulesCoreExt ~/.julia/packages/TensorKit/esxcj/ext/TensorKitChainRulesCoreExt/factorizations.jl:254
┌ Warning: `svd` cotangents sensitive to gauge choice: (|Δgauge| = 0.088003109827721)
└ @ TensorKitChainRulesCoreExt ~/.julia/packages/TensorKit/esxcj/ext/TensorKitChainRulesCoreExt/factorizations.jl:254
[ Info: LBFGS: iter    8, time 3877.01 s: f = -2.010025848533, ‖∇f‖ = 7.6980e-04, α = 1.00e+00, m = 7, nfg = 1
[ Info: CTMRG init:	obj = +9.556945999569e+00	err = 1.0000e+00
[ Info: CTMRG conv 6:	obj = +9.556946712045e+00	err = 8.8321999376e-10	time = 3.42 min
┌ Warning: `svd` cotangents sensitive to gauge choice: (|Δgauge| = 0.08797759780072664)
└ @ TensorKitChainRulesCoreExt ~/.julia/packages/TensorKit/esxcj/ext/TensorKitChainRulesCoreExt/factorizations.jl:254
┌ Warning: `svd` cotangents sensitive to gauge choice: (|Δgauge| = 0.08797759793324539)
└ @ TensorKitChainRulesCoreExt ~/.julia/packages/TensorKit/esxcj/ext/TensorKitChainRulesCoreExt/factorizations.jl:254
[ Info: LBFGS: iter    9, time 4133.59 s: f = -2.010028292053, ‖∇f‖ = 6.0900e-04, α = 1.00e+00, m = 8, nfg = 1
[ Info: CTMRG init:	obj = +9.570389722436e+00	err = 1.0000e+00
[ Info: CTMRG conv 6:	obj = +9.570394747983e+00	err = 7.7453729124e-10	time = 3.33 min
┌ Warning: `svd` cotangents sensitive to gauge choice: (|Δgauge| = 0.08801163631569066)
└ @ TensorKitChainRulesCoreExt ~/.julia/packages/TensorKit/esxcj/ext/TensorKitChainRulesCoreExt/factorizations.jl:254
┌ Warning: `svd` cotangents sensitive to gauge choice: (|Δgauge| = 0.08801163621175903)
└ @ TensorKitChainRulesCoreExt ~/.julia/packages/TensorKit/esxcj/ext/TensorKitChainRulesCoreExt/factorizations.jl:254
[ Info: LBFGS: iter   10, time 4384.65 s: f = -2.010029893876, ‖∇f‖ = 1.3024e-03, α = 1.00e+00, m = 8, nfg = 1
[ Info: CTMRG init:	obj = +9.574293452438e+00	err = 1.0000e+00
[ Info: CTMRG conv 7:	obj = +9.574294241878e+00	err = 3.9137519671e-10	time = 3.82 min
┌ Warning: `svd` cotangents sensitive to gauge choice: (|Δgauge| = 0.08796508477170328)
└ @ TensorKitChainRulesCoreExt ~/.julia/packages/TensorKit/esxcj/ext/TensorKitChainRulesCoreExt/factorizations.jl:254
┌ Warning: `svd` cotangents sensitive to gauge choice: (|Δgauge| = 0.08796508502360957)
└ @ TensorKitChainRulesCoreExt ~/.julia/packages/TensorKit/esxcj/ext/TensorKitChainRulesCoreExt/factorizations.jl:254
[ Info: LBFGS: iter   11, time 4670.34 s: f = -2.010033137383, ‖∇f‖ = 5.5123e-04, α = 1.00e+00, m = 8, nfg = 1
[ Info: CTMRG init:	obj = +9.574983312680e+00	err = 1.0000e+00
[ Info: CTMRG conv 6:	obj = +9.574983753842e+00	err = 7.6191247312e-10	time = 3.26 min
┌ Warning: `svd` cotangents sensitive to gauge choice: (|Δgauge| = 0.08798943522987618)
└ @ TensorKitChainRulesCoreExt ~/.julia/packages/TensorKit/esxcj/ext/TensorKitChainRulesCoreExt/factorizations.jl:254
┌ Warning: `svd` cotangents sensitive to gauge choice: (|Δgauge| = 0.08798943520044092)
└ @ TensorKitChainRulesCoreExt ~/.julia/packages/TensorKit/esxcj/ext/TensorKitChainRulesCoreExt/factorizations.jl:254
[ Info: LBFGS: iter   12, time 4916.24 s: f = -2.010034847189, ‖∇f‖ = 6.6649e-04, α = 1.00e+00, m = 8, nfg = 1
[ Info: CTMRG init:	obj = +9.579469067540e+00	err = 1.0000e+00
[ Info: CTMRG conv 6:	obj = +9.579473313401e+00	err = 9.0281728247e-10	time = 3.45 min
┌ Warning: `svd` cotangents sensitive to gauge choice: (|Δgauge| = 0.08808955672867957)
└ @ TensorKitChainRulesCoreExt ~/.julia/packages/TensorKit/esxcj/ext/TensorKitChainRulesCoreExt/factorizations.jl:254
┌ Warning: `svd` cotangents sensitive to gauge choice: (|Δgauge| = 0.08808955664147847)
└ @ TensorKitChainRulesCoreExt ~/.julia/packages/TensorKit/esxcj/ext/TensorKitChainRulesCoreExt/factorizations.jl:254
[ Info: LBFGS: iter   13, time 5172.28 s: f = -2.010038453065, ‖∇f‖ = 7.9541e-04, α = 1.00e+00, m = 8, nfg = 1
[ Info: CTMRG init:	obj = +9.592650462230e+00	err = 1.0000e+00
[ Info: CTMRG conv 7:	obj = +9.592663027515e+00	err = 8.4262454408e-10	time = 3.85 min
┌ Warning: `svd` cotangents sensitive to gauge choice: (|Δgauge| = 0.08813002301725914)
└ @ TensorKitChainRulesCoreExt ~/.julia/packages/TensorKit/esxcj/ext/TensorKitChainRulesCoreExt/factorizations.jl:254
┌ Warning: `svd` cotangents sensitive to gauge choice: (|Δgauge| = 0.08813002267882925)
└ @ TensorKitChainRulesCoreExt ~/.julia/packages/TensorKit/esxcj/ext/TensorKitChainRulesCoreExt/factorizations.jl:254
[ Info: LBFGS: iter   14, time 5459.34 s: f = -2.010041156711, ‖∇f‖ = 1.8096e-03, α = 1.00e+00, m = 8, nfg = 1
[ Info: CTMRG init:	obj = +9.598641268303e+00	err = 1.0000e+00
[ Info: CTMRG conv 6:	obj = +9.598644764920e+00	err = 7.3025255310e-10	time = 3.32 min
┌ Warning: `svd` cotangents sensitive to gauge choice: (|Δgauge| = 0.08819317626252685)
└ @ TensorKitChainRulesCoreExt ~/.julia/packages/TensorKit/esxcj/ext/TensorKitChainRulesCoreExt/factorizations.jl:254
┌ Warning: `svd` cotangents sensitive to gauge choice: (|Δgauge| = 0.08819317650393152)
└ @ TensorKitChainRulesCoreExt ~/.julia/packages/TensorKit/esxcj/ext/TensorKitChainRulesCoreExt/factorizations.jl:254
[ Info: LBFGS: iter   15, time 5709.92 s: f = -2.010046323557, ‖∇f‖ = 8.6894e-04, α = 1.00e+00, m = 8, nfg = 1
[ Info: CTMRG init:	obj = +9.607154232896e+00	err = 1.0000e+00
[ Info: CTMRG conv 7:	obj = +9.607160289369e+00	err = 6.4129730343e-10	time = 3.93 min
┌ Warning: `svd` cotangents sensitive to gauge choice: (|Δgauge| = 0.08825123369723023)
└ @ TensorKitChainRulesCoreExt ~/.julia/packages/TensorKit/esxcj/ext/TensorKitChainRulesCoreExt/factorizations.jl:254
┌ Warning: `svd` cotangents sensitive to gauge choice: (|Δgauge| = 0.08825123370141186)
└ @ TensorKitChainRulesCoreExt ~/.julia/packages/TensorKit/esxcj/ext/TensorKitChainRulesCoreExt/factorizations.jl:254
[ Info: LBFGS: iter   16, time 6001.66 s: f = -2.010052144498, ‖∇f‖ = 9.1089e-04, α = 1.00e+00, m = 8, nfg = 1
[ Info: CTMRG init:	obj = +9.620528912858e+00	err = 1.0000e+00
[ Info: CTMRG conv 43:	obj = +9.620547146743e+00	err = 9.8179573028e-10	time = 24.17 min
┌ Warning: `svd` cotangents sensitive to gauge choice: (|Δgauge| = 0.08830993410048207)
└ @ TensorKitChainRulesCoreExt ~/.julia/packages/TensorKit/esxcj/ext/TensorKitChainRulesCoreExt/factorizations.jl:254
┌ Warning: `svd` cotangents sensitive to gauge choice: (|Δgauge| = 0.08830993405376171)
└ @ TensorKitChainRulesCoreExt ~/.julia/packages/TensorKit/esxcj/ext/TensorKitChainRulesCoreExt/factorizations.jl:254
[ Info: LBFGS: iter   17, time 7711.89 s: f = -2.010059467211, ‖∇f‖ = 1.3670e-03, α = 1.00e+00, m = 8, nfg = 1
[ Info: CTMRG init:	obj = +9.631857323385e+00	err = 1.0000e+00
[ Info: CTMRG conv 9:	obj = +9.631878522552e+00	err = 7.9994787049e-10	time = 2.25 min
┌ Warning: `svd` cotangents sensitive to gauge choice: (|Δgauge| = 0.08833041352860949)
└ @ TensorKitChainRulesCoreExt ~/.julia/packages/TensorKit/esxcj/ext/TensorKitChainRulesCoreExt/factorizations.jl:254
┌ Warning: `svd` cotangents sensitive to gauge choice: (|Δgauge| = 0.08833041353419537)
└ @ TensorKitChainRulesCoreExt ~/.julia/packages/TensorKit/esxcj/ext/TensorKitChainRulesCoreExt/factorizations.jl:254
[ Info: LBFGS: iter   18, time 7862.57 s: f = -2.010065597219, ‖∇f‖ = 9.5886e-04, α = 1.00e+00, m = 8, nfg = 1
[ Info: CTMRG init:	obj = +9.640280167299e+00	err = 1.0000e+00
[ Info: CTMRG conv 7:	obj = +9.640301584840e+00	err = 5.6235416310e-10	time = 6.21 sec
┌ Warning: `svd` cotangents sensitive to gauge choice: (|Δgauge| = 0.08821096495910877)
└ @ TensorKitChainRulesCoreExt ~/.julia/packages/TensorKit/esxcj/ext/TensorKitChainRulesCoreExt/factorizations.jl:254
┌ Warning: `svd` cotangents sensitive to gauge choice: (|Δgauge| = 0.08821096489500006)
└ @ TensorKitChainRulesCoreExt ~/.julia/packages/TensorKit/esxcj/ext/TensorKitChainRulesCoreExt/factorizations.jl:254
[ Info: CTMRG init:	obj = +9.635544163611e+00	err = 1.0000e+00
[ Info: CTMRG conv 9:	obj = +9.635547769089e+00	err = 7.2464023315e-10	time = 7.53 sec
┌ Warning: `svd` cotangents sensitive to gauge choice: (|Δgauge| = 0.08828001098753735)
└ @ TensorKitChainRulesCoreExt ~/.julia/packages/TensorKit/esxcj/ext/TensorKitChainRulesCoreExt/factorizations.jl:254
┌ Warning: `svd` cotangents sensitive to gauge choice: (|Δgauge| = 0.08828001106583097)
└ @ TensorKitChainRulesCoreExt ~/.julia/packages/TensorKit/esxcj/ext/TensorKitChainRulesCoreExt/factorizations.jl:254
[ Info: LBFGS: iter   19, time 7900.07 s: f = -2.010067064226, ‖∇f‖ = 9.2385e-04, α = 4.10e-01, m = 8, nfg = 2
[ Info: CTMRG init:	obj = +9.638562061831e+00	err = 1.0000e+00
[ Info: CTMRG conv 6:	obj = +9.638562763771e+00	err = 7.1839305811e-10	time = 4.45 sec
┌ Warning: `svd` cotangents sensitive to gauge choice: (|Δgauge| = 0.08821056541309327)
└ @ TensorKitChainRulesCoreExt ~/.julia/packages/TensorKit/esxcj/ext/TensorKitChainRulesCoreExt/factorizations.jl:254
┌ Warning: `svd` cotangents sensitive to gauge choice: (|Δgauge| = 0.0882105654369276)
└ @ TensorKitChainRulesCoreExt ~/.julia/packages/TensorKit/esxcj/ext/TensorKitChainRulesCoreExt/factorizations.jl:254
[ Info: LBFGS: iter   20, time 7947.45 s: f = -2.010068544782, ‖∇f‖ = 2.9205e-04, α = 1.00e+00, m = 8, nfg = 1
[ Info: CTMRG init:	obj = +9.639540150241e+00	err = 1.0000e+00
[ Info: CTMRG conv 6:	obj = +9.639540188510e+00	err = 9.7012718357e-10	time = 3.36 min
┌ Warning: `svd` cotangents sensitive to gauge choice: (|Δgauge| = 0.08817091824617794)
└ @ TensorKitChainRulesCoreExt ~/.julia/packages/TensorKit/esxcj/ext/TensorKitChainRulesCoreExt/factorizations.jl:254
┌ Warning: `svd` cotangents sensitive to gauge choice: (|Δgauge| = 0.08817091827746845)
└ @ TensorKitChainRulesCoreExt ~/.julia/packages/TensorKit/esxcj/ext/TensorKitChainRulesCoreExt/factorizations.jl:254
[ Info: LBFGS: iter   21, time 8198.96 s: f = -2.010069000648, ‖∇f‖ = 3.5632e-04, α = 1.00e+00, m = 8, nfg = 1
[ Info: CTMRG init:	obj = +9.642072303074e+00	err = 1.0000e+00
[ Info: CTMRG conv 7:	obj = +9.642072456704e+00	err = 9.1772840457e-10	time = 3.97 min
┌ Warning: `svd` cotangents sensitive to gauge choice: (|Δgauge| = 0.08807847604883698)
└ @ TensorKitChainRulesCoreExt ~/.julia/packages/TensorKit/esxcj/ext/TensorKitChainRulesCoreExt/factorizations.jl:254
┌ Warning: `svd` cotangents sensitive to gauge choice: (|Δgauge| = 0.08807847596832911)
└ @ TensorKitChainRulesCoreExt ~/.julia/packages/TensorKit/esxcj/ext/TensorKitChainRulesCoreExt/factorizations.jl:254
[ Info: LBFGS: iter   22, time 8493.41 s: f = -2.010069862568, ‖∇f‖ = 5.7485e-04, α = 1.00e+00, m = 8, nfg = 1
[ Info: CTMRG init:	obj = +9.646349148926e+00	err = 1.0000e+00
[ Info: CTMRG conv 6:	obj = +9.646349529012e+00	err = 7.3138000025e-10	time = 3.39 min
┌ Warning: `svd` cotangents sensitive to gauge choice: (|Δgauge| = 0.08795952705976158)
└ @ TensorKitChainRulesCoreExt ~/.julia/packages/TensorKit/esxcj/ext/TensorKitChainRulesCoreExt/factorizations.jl:254
┌ Warning: `svd` cotangents sensitive to gauge choice: (|Δgauge| = 0.08795952693183826)
└ @ TensorKitChainRulesCoreExt ~/.julia/packages/TensorKit/esxcj/ext/TensorKitChainRulesCoreExt/factorizations.jl:254
[ Info: LBFGS: iter   23, time 8748.39 s: f = -2.010070892781, ‖∇f‖ = 5.8477e-04, α = 1.00e+00, m = 8, nfg = 1
[ Info: CTMRG init:	obj = +9.654678154688e+00	err = 1.0000e+00
[ Info: CTMRG conv 7:	obj = +9.654681757620e+00	err = 7.0913320924e-10	time = 3.83 min
┌ Warning: `svd` cotangents sensitive to gauge choice: (|Δgauge| = 0.0877679619846306)
└ @ TensorKitChainRulesCoreExt ~/.julia/packages/TensorKit/esxcj/ext/TensorKitChainRulesCoreExt/factorizations.jl:254
┌ Warning: `svd` cotangents sensitive to gauge choice: (|Δgauge| = 0.08776796196161267)
└ @ TensorKitChainRulesCoreExt ~/.julia/packages/TensorKit/esxcj/ext/TensorKitChainRulesCoreExt/factorizations.jl:254
[ Info: CTMRG init:	obj = +9.648964606002e+00	err = 1.0000e+00
[ Info: CTMRG conv 6:	obj = +9.648964951726e+00	err = 6.9888022208e-10	time = 3.35 min
┌ Warning: `svd` cotangents sensitive to gauge choice: (|Δgauge| = 0.08789992746508203)
└ @ TensorKitChainRulesCoreExt ~/.julia/packages/TensorKit/esxcj/ext/TensorKitChainRulesCoreExt/factorizations.jl:254
┌ Warning: `svd` cotangents sensitive to gauge choice: (|Δgauge| = 0.08789992747097461)
└ @ TensorKitChainRulesCoreExt ~/.julia/packages/TensorKit/esxcj/ext/TensorKitChainRulesCoreExt/factorizations.jl:254
[ Info: LBFGS: iter   24, time 9286.44 s: f = -2.010071211252, ‖∇f‖ = 5.2155e-04, α = 3.10e-01, m = 8, nfg = 2
[ Info: CTMRG init:	obj = +9.652387590504e+00	err = 1.0000e+00
[ Info: CTMRG conv 11:	obj = +9.652388078024e+00	err = 7.0095385326e-10	time = 6.27 min
┌ Warning: `svd` cotangents sensitive to gauge choice: (|Δgauge| = 0.08783529271261305)
└ @ TensorKitChainRulesCoreExt ~/.julia/packages/TensorKit/esxcj/ext/TensorKitChainRulesCoreExt/factorizations.jl:254
┌ Warning: `svd` cotangents sensitive to gauge choice: (|Δgauge| = 0.08783529279876719)
└ @ TensorKitChainRulesCoreExt ~/.julia/packages/TensorKit/esxcj/ext/TensorKitChainRulesCoreExt/factorizations.jl:254
[ Info: LBFGS: iter   25, time 9741.74 s: f = -2.010071753803, ‖∇f‖ = 1.3901e-04, α = 1.00e+00, m = 8, nfg = 1
[ Info: CTMRG init:	obj = +9.652793923494e+00	err = 1.0000e+00
[ Info: CTMRG conv 7:	obj = +9.652793981467e+00	err = 8.5616492651e-10	time = 4.01 min
┌ Warning: `svd` cotangents sensitive to gauge choice: (|Δgauge| = 0.08783234016040521)
└ @ TensorKitChainRulesCoreExt ~/.julia/packages/TensorKit/esxcj/ext/TensorKitChainRulesCoreExt/factorizations.jl:254
┌ Warning: `svd` cotangents sensitive to gauge choice: (|Δgauge| = 0.08783234026759949)
└ @ TensorKitChainRulesCoreExt ~/.julia/packages/TensorKit/esxcj/ext/TensorKitChainRulesCoreExt/factorizations.jl:254
[ Info: LBFGS: converged after 26 iterations and time 10038.24 s: f = -2.010071843635, ‖∇f‖ = 8.0468e-05
