  Installing known registries into `~/.julia`
       Added `General` registry to ~/.julia/registries
    Updating registry at `~/.julia/registries/General.toml`
   Installed GPUArraysCore ─────────────── v0.2.0
   Installed IrrationalConstants ───────── v0.2.4
   Installed RealDot ───────────────────── v0.1.0
   Installed TaskLocalValues ───────────── v0.1.2
   Installed IRTools ───────────────────── v0.4.14
   Installed JLD2 ──────────────────────── v0.5.12
   Installed BlockTensorKit ────────────── v0.1.6
   Installed OhMyThreads ───────────────── v0.7.0
   Installed DiffRules ─────────────────── v1.15.1
   Installed Adapt ─────────────────────── v4.3.0
   Installed IntegerMathUtils ──────────── v0.1.2
   Installed PtrArrays ─────────────────── v1.3.0
   Installed TableTraits ───────────────── v1.0.1
   Installed Accessors ─────────────────── v0.1.42
   Installed LRUCache ──────────────────── v1.6.2
   Installed Preferences ───────────────── v1.4.3
   Installed LoggingExtras ─────────────── v1.0.3
   Installed DiffResults ───────────────── v1.1.0
   Installed OptimKit ──────────────────── v0.4.0
   Installed HashArrayMappedTries ──────── v0.2.0
   Installed WignerSymbols ─────────────── v2.0.0
   Installed Tables ────────────────────── v1.12.0
   Installed ChunkSplitters ────────────── v3.1.2
   Installed SpecialFunctions ──────────── v2.5.1
   Installed TensorKit ─────────────────── v0.14.5
   Installed RecipesBase ───────────────── v1.3.4
   Installed DataAPI ───────────────────── v1.16.0
   Installed Primes ────────────────────── v0.5.7
   Installed AbstractFFTs ──────────────── v1.5.0
   Installed StaticArrays ──────────────── v1.9.13
   Installed Zygote ────────────────────── v0.7.6
   Installed BlockArrays ───────────────── v1.6.1
   Installed MPSKit ────────────────────── v0.12.6
   Installed JLLWrappers ───────────────── v1.7.0
   Installed FiniteDifferences ─────────── v0.12.32
   Installed Richardson ────────────────── v1.4.2
   Installed StaticArraysCore ──────────── v1.4.3
   Installed IteratorInterfaceExtensions ─ v1.0.0
   Installed NaNMath ───────────────────── v1.1.3
   Installed PrecompileTools ───────────── v1.2.1
   Installed ConstructionBase ──────────── v1.5.8
   Installed DataValueInterfaces ───────── v1.0.0
   Installed StructArrays ──────────────── v0.7.1
   Installed RationalRoots ─────────────── v0.2.1
   Installed OrderedCollections ────────── v1.8.0
   Installed StableTasks ───────────────── v0.1.7
   Installed TensorKitSectors ──────────── v0.1.4
   Installed TranscodingStreams ────────── v0.11.3
   Installed ScopedValues ──────────────── v1.3.0
   Installed InitialValues ─────────────── v0.3.1
   Installed VectorInterface ───────────── v0.5.0
   Installed ChainRulesCore ────────────── v1.25.1
   Installed FileIO ────────────────────── v1.17.0
   Installed FillArrays ────────────────── v1.13.0
   Installed MPSKitModels ──────────────── v0.4.1
   Installed ForwardDiff ───────────────── v1.0.1
   Installed LogExpFunctions ───────────── v0.3.29
   Installed Requires ──────────────────── v1.3.1
   Installed Statistics ────────────────── v1.11.1
   Installed ChainRules ────────────────── v1.72.3
   Installed CommonSubexpressions ──────── v0.3.1
   Installed ZygoteRules ───────────────── v0.2.7
   Installed StridedViews ──────────────── v0.4.1
   Installed HalfIntegers ──────────────── v1.6.0
   Installed BangBang ──────────────────── v0.4.4
   Installed PackageExtensionCompat ────── v1.0.2
   Installed Strided ───────────────────── v2.3.0
   Installed TensorKitManifolds ────────── v0.7.2
   Installed MacroTools ────────────────── v0.5.15
   Installed Compat ────────────────────── v4.16.0
   Installed CompositionsBase ──────────── v0.1.2
   Installed OpenSpecFun_jll ───────────── v0.5.6+0
   Installed SparseInverseSubset ───────── v0.1.2
   Installed TupleTools ────────────────── v1.6.0
   Installed InverseFunctions ──────────── v0.1.17
   Installed DocStringExtensions ───────── v0.9.4
   Installed TensorOperations ──────────── v5.2.0
   Installed KrylovKit ─────────────────── v0.9.5
   Installed PEPSKit ───────────────────── v0.5.0
   Installed ArrayLayouts ──────────────── v1.11.1
    Updating `/var/lib/condor/execute/dir_762891/Project.toml`
  [d360d2e6] + ChainRulesCore v1.25.1
  [033835bb] + JLD2 v0.5.12
  [0b1a1467] + KrylovKit v0.9.5
  [bb1c41ca] + MPSKit v0.12.6
  [ca635005] + MPSKitModels v0.4.1
  [77e91f04] + OptimKit v0.4.0
  [52969e89] + PEPSKit v0.5.0
  [07d1fe3e] + TensorKit v0.14.5
  [409d34a3] + VectorInterface v0.5.0
  [e88e6eb3] + Zygote v0.7.6
  [37e2e46d] ~ LinearAlgebra ⇒ v1.11.0
    Updating `/var/lib/condor/execute/dir_762891/Manifest.toml`
  [621f4979] + AbstractFFTs v1.5.0
  [7d9f7c33] + Accessors v0.1.42
  [79e6a3ab] + Adapt v4.3.0
  [4c555306] + ArrayLayouts v1.11.1
  [198e06fe] + BangBang v0.4.4
  [8e7c35d0] + BlockArrays v1.6.1
  [5f87ffc2] + BlockTensorKit v0.1.6
  [082447d4] + ChainRules v1.72.3
  [d360d2e6] + ChainRulesCore v1.25.1
  [ae650224] + ChunkSplitters v3.1.2
  [bbf7d656] + CommonSubexpressions v0.3.1
  [34da2185] + Compat v4.16.0
  [a33af91c] + CompositionsBase v0.1.2
  [187b0558] + ConstructionBase v1.5.8
  [9a962f9c] + DataAPI v1.16.0
  [e2d170a0] + DataValueInterfaces v1.0.0
  [163ba53b] + DiffResults v1.1.0
  [b552c78f] + DiffRules v1.15.1
  [ffbed154] + DocStringExtensions v0.9.4
  [5789e2e9] + FileIO v1.17.0
  [1a297f60] + FillArrays v1.13.0
  [26cc04aa] + FiniteDifferences v0.12.32
  [f6369f11] + ForwardDiff v1.0.1
  [46192b85] + GPUArraysCore v0.2.0
  [f0d1745a] + HalfIntegers v1.6.0
  [076d061b] + HashArrayMappedTries v0.2.0
  [7869d1d1] + IRTools v0.4.14
  [22cec73e] + InitialValues v0.3.1
  [18e54dd8] + IntegerMathUtils v0.1.2
  [3587e190] + InverseFunctions v0.1.17
  [92d709cd] + IrrationalConstants v0.2.4
  [82899510] + IteratorInterfaceExtensions v1.0.0
  [033835bb] + JLD2 v0.5.12
  [692b3bcd] + JLLWrappers v1.7.0
  [0b1a1467] + KrylovKit v0.9.5
  [8ac3fa9e] + LRUCache v1.6.2
  [2ab3a3ac] + LogExpFunctions v0.3.29
⌅ [e6f89c97] + LoggingExtras v1.0.3
  [bb1c41ca] + MPSKit v0.12.6
  [ca635005] + MPSKitModels v0.4.1
  [1914dd2f] + MacroTools v0.5.15
  [77ba4419] + NaNMath v1.1.3
⌅ [67456a42] + OhMyThreads v0.7.0
  [77e91f04] + OptimKit v0.4.0
  [bac558e1] + OrderedCollections v1.8.0
  [52969e89] + PEPSKit v0.5.0
  [65ce6f38] + PackageExtensionCompat v1.0.2
⌅ [aea7be01] + PrecompileTools v1.2.1
  [21216c6a] + Preferences v1.4.3
  [27ebfcd6] + Primes v0.5.7
  [43287f4e] + PtrArrays v1.3.0
  [308eb6b3] + RationalRoots v0.2.1
  [c1ae055f] + RealDot v0.1.0
  [3cdcf5f2] + RecipesBase v1.3.4
  [ae029012] + Requires v1.3.1
  [708f8203] + Richardson v1.4.2
  [7e506255] + ScopedValues v1.3.0
  [dc90abb0] + SparseInverseSubset v0.1.2
  [276daf66] + SpecialFunctions v2.5.1
  [91464d47] + StableTasks v0.1.7
  [90137ffa] + StaticArrays v1.9.13
  [1e83bf80] + StaticArraysCore v1.4.3
  [10745b16] + Statistics v1.11.1
  [5e0ebb24] + Strided v2.3.0
  [4db3bf67] + StridedViews v0.4.1
  [09ab397b] + StructArrays v0.7.1
  [3783bdb8] + TableTraits v1.0.1
  [bd369af6] + Tables v1.12.0
  [ed4db957] + TaskLocalValues v0.1.2
  [07d1fe3e] + TensorKit v0.14.5
  [11fa318c] + TensorKitManifolds v0.7.2
  [13a9c161] + TensorKitSectors v0.1.4
  [6aa20fa7] + TensorOperations v5.2.0
  [3bb67fe8] + TranscodingStreams v0.11.3
  [9d95972d] + TupleTools v1.6.0
  [409d34a3] + VectorInterface v0.5.0
  [9f57e263] + WignerSymbols v2.0.0
  [e88e6eb3] + Zygote v0.7.6
  [700de1a5] + ZygoteRules v0.2.7
  [efe28fd5] + OpenSpecFun_jll v0.5.6+0
  [0dad84c5] + ArgTools v1.1.2
  [56f22d72] + Artifacts v1.11.0
  [2a0f44e3] + Base64 v1.11.0
  [ade2ca70] + Dates v1.11.0
  [8ba89e20] + Distributed v1.11.0
  [f43a241f] + Downloads v1.6.0
  [7b1f6079] + FileWatching v1.11.0
  [b77e0a4c] + InteractiveUtils v1.11.0
  [b27032c2] + LibCURL v0.6.4
  [76f85450] + LibGit2 v1.11.0
  [8f399da3] + Libdl v1.11.0
  [37e2e46d] + LinearAlgebra v1.11.0
  [56ddb016] + Logging v1.11.0
  [d6f4376e] + Markdown v1.11.0
  [a63ad114] + Mmap v1.11.0
  [ca575930] + NetworkOptions v1.2.0
  [44cfe95a] + Pkg v1.11.0
  [de0858da] + Printf v1.11.0
  [9a3f8284] + Random v1.11.0
  [ea8e919c] + SHA v0.7.0
  [9e88b42a] + Serialization v1.11.0
  [6462fe0b] + Sockets v1.11.0
  [2f01184e] + SparseArrays v1.11.0
  [4607b0f0] + SuiteSparse
  [fa267f1f] + TOML v1.0.3
  [a4e569a6] + Tar v1.10.0
  [cf7118a7] + UUIDs v1.11.0
  [4ec0a83e] + Unicode v1.11.0
  [e66e0078] + CompilerSupportLibraries_jll v1.1.1+0
  [deac9b47] + LibCURL_jll v8.6.0+0
  [e37daf67] + LibGit2_jll v1.7.2+0
  [29816b5a] + LibSSH2_jll v1.11.0+1
  [c8ffd9c3] + MbedTLS_jll v2.28.6+0
  [14a3606d] + MozillaCACerts_jll v2023.12.12
  [4536629a] + OpenBLAS_jll v0.3.27+1
  [05823500] + OpenLibm_jll v0.8.1+2
  [bea87d4a] + SuiteSparse_jll v7.7.0+0
  [83775a58] + Zlib_jll v1.2.13+1
  [8e850b90] + libblastrampoline_jll v5.11.0+0
  [8e850ede] + nghttp2_jll v1.59.0+0
  [3f19e933] + p7zip_jll v17.4.0+2
        Info Packages marked with ⌅ have new versions available but compatibility constraints restrict them from upgrading. To see why use `status --outdated -m`
Precompiling project...
    500.4 ms  ✓ DataValueInterfaces
    678.1 ms  ✓ TaskLocalValues
    610.5 ms  ✓ RealDot
    620.1 ms  ✓ IntegerMathUtils
    629.0 ms  ✓ StableTasks
    662.4 ms  ✓ Richardson
    694.1 ms  ✓ HalfIntegers
    748.7 ms  ✓ OrderedCollections
    741.1 ms  ✓ LRUCache
    753.5 ms  ✓ InverseFunctions
    822.4 ms  ✓ Statistics
    878.8 ms  ✓ VectorInterface
    963.6 ms  ✓ DocStringExtensions
    536.5 ms  ✓ PackageExtensionCompat
   1276.4 ms  ✓ AbstractFFTs
    654.0 ms  ✓ CompositionsBase
   1403.3 ms  ✓ FillArrays
    899.1 ms  ✓ IteratorInterfaceExtensions
    837.6 ms  ✓ StaticArraysCore
   1157.0 ms  ✓ ConstructionBase
   1101.4 ms  ✓ PtrArrays
   1286.6 ms  ✓ ChunkSplitters
   1324.8 ms  ✓ TranscodingStreams
   1710.0 ms  ✓ DataAPI
   1413.0 ms  ✓ RationalRoots
   1049.0 ms  ✓ LoggingExtras
   1585.9 ms  ✓ TupleTools
   1041.9 ms  ✓ Compat
   1346.6 ms  ✓ Requires
   1339.2 ms  ✓ SuiteSparse
   1557.8 ms  ✓ NaNMath
   1743.2 ms  ✓ HashArrayMappedTries
   2233.2 ms  ✓ InitialValues
   1229.5 ms  ✓ Primes
   3076.9 ms  ✓ IrrationalConstants
    723.3 ms  ✓ CompositionsBase → CompositionsBaseInverseFunctionsExt
   1570.0 ms  ✓ Preferences
    927.6 ms  ✓ StridedViews
   1009.5 ms  ✓ InverseFunctions → InverseFunctionsDatesExt
   1374.6 ms  ✓ LRUCache → SerializationExt
    617.7 ms  ✓ TableTraits
    811.3 ms  ✓ Compat → CompatLinearAlgebraExt
    712.0 ms  ✓ DiffResults
   1355.4 ms  ✓ Statistics → SparseArraysExt
    717.3 ms  ✓ ConstructionBase → ConstructionBaseLinearAlgebraExt
    732.9 ms  ✓ FillArrays → FillArraysStatisticsExt
    584.6 ms  ✓ ScopedValues
    806.0 ms  ✓ Adapt
   1165.0 ms  ✓ FillArrays → FillArraysSparseArraysExt
    818.1 ms  ✓ SparseInverseSubset
    741.8 ms  ✓ JLLWrappers
    792.2 ms  ✓ PrecompileTools
    653.8 ms  ✓ StridedViews → StridedViewsPtrArraysExt
   1277.6 ms  ✓ LogExpFunctions
    981.3 ms  ✓ Strided
    795.7 ms  ✓ GPUArraysCore
   4207.1 ms  ✓ MacroTools
   2469.1 ms  ✓ KrylovKit
   1013.1 ms  ✓ Adapt → AdaptSparseArraysExt
   1389.7 ms  ✓ Tables
    934.6 ms  ✓ OpenSpecFun_jll
    692.1 ms  ✓ LogExpFunctions → LogExpFunctionsInverseFunctionsExt
    676.1 ms  ✓ CommonSubexpressions
   1723.5 ms  ✓ ChainRulesCore
   2170.9 ms  ✓ OptimKit
   1228.7 ms  ✓ StructArrays
    815.7 ms  ✓ AbstractFFTs → AbstractFFTsChainRulesCoreExt
   1084.5 ms  ✓ KrylovKit → KrylovKitChainRulesCoreExt
   1248.3 ms  ✓ ChainRulesCore → ChainRulesCoreSparseArraysExt
   2760.8 ms  ✓ RecipesBase
   3721.2 ms  ✓ WignerSymbols
   1554.6 ms  ✓ ZygoteRules
    751.7 ms  ✓ StructArrays → StructArraysAdaptExt
    792.4 ms  ✓ StructArrays → StructArraysLinearAlgebraExt
    963.3 ms  ✓ StructArrays → StructArraysSparseArraysExt
   2751.9 ms  ✓ IRTools
   2167.9 ms  ✓ LogExpFunctions → LogExpFunctionsChainRulesCoreExt
   3337.8 ms  ✓ Accessors
    738.1 ms  ✓ Accessors → StructArraysExt
   5860.7 ms  ✓ FileIO
   3971.2 ms  ✓ SpecialFunctions
    953.4 ms  ✓ Accessors → LinearAlgebraExt
    796.7 ms  ✓ DiffRules
    973.2 ms  ✓ BangBang
    776.6 ms  ✓ BangBang → BangBangChainRulesCoreExt
    900.4 ms  ✓ BangBang → BangBangTablesExt
    934.7 ms  ✓ BangBang → BangBangStructArraysExt
   2486.7 ms  ✓ SpecialFunctions → SpecialFunctionsChainRulesCoreExt
   1534.1 ms  ✓ OhMyThreads
   9265.8 ms  ✓ StaticArrays
   4214.4 ms  ✓ ForwardDiff
   6911.0 ms  ✓ ChainRules
    818.9 ms  ✓ StaticArrays → StaticArraysStatisticsExt
    865.0 ms  ✓ StructArrays → StructArraysStaticArraysExt
    887.4 ms  ✓ BangBang → BangBangStaticArraysExt
   1019.9 ms  ✓ Adapt → AdaptStaticArraysExt
   1034.1 ms  ✓ ConstructionBase → ConstructionBaseStaticArraysExt
   1162.2 ms  ✓ Accessors → StaticArraysExt
   1379.4 ms  ✓ StaticArrays → StaticArraysChainRulesCoreExt
    938.4 ms  ✓ ForwardDiff → ForwardDiffStaticArraysExt
   1341.6 ms  ✓ FiniteDifferences
  17588.7 ms  ✓ ArrayLayouts
    871.2 ms  ✓ ArrayLayouts → ArrayLayoutsSparseArraysExt
   2150.6 ms  ✓ BlockArrays
    972.7 ms  ✓ BlockArrays → BlockArraysAdaptExt
  34904.7 ms  ✓ JLD2
  31947.8 ms  ✓ Zygote
 136409.2 ms  ✓ TensorOperations
   1467.6 ms  ✓ TensorOperations → TensorOperationsChainRulesCoreExt
   6214.4 ms  ✓ TensorKitSectors
   8099.5 ms  ✓ TensorKit
   1943.5 ms  ✓ TensorKitManifolds
   2522.8 ms  ✓ TensorKit → TensorKitFiniteDifferencesExt
   2654.3 ms  ✓ TensorKit → TensorKitChainRulesCoreExt
   2762.8 ms  ✓ BlockTensorKit
  15221.7 ms  ✓ MPSKit
  13327.6 ms  ✓ MPSKitModels
  15187.1 ms  ✓ PEPSKit
  118 dependencies successfully precompiled in 202 seconds. 31 already precompiled.
[ Info: CTMRG init:	obj = +8.479724444888e+00	err = 1.0000e+00
[ Info: CTMRG conv 5:	obj = +8.479724444888e+00	err = 9.8552724886e-10	time = 1.79 min
┌ Warning: `svd` cotangents sensitive to gauge choice: (|Δgauge| = 0.31786885373270174)
└ @ TensorKitChainRulesCoreExt ~/.julia/packages/TensorKit/esxcj/ext/TensorKitChainRulesCoreExt/factorizations.jl:254
┌ Warning: `svd` cotangents sensitive to gauge choice: (|Δgauge| = 3.2397994185441466e-9)
└ @ TensorKitChainRulesCoreExt ~/.julia/packages/TensorKit/esxcj/ext/TensorKitChainRulesCoreExt/factorizations.jl:254
┌ Warning: `svd` cotangents sensitive to gauge choice: (|Δgauge| = 0.3178688522551064)
└ @ TensorKitChainRulesCoreExt ~/.julia/packages/TensorKit/esxcj/ext/TensorKitChainRulesCoreExt/factorizations.jl:254
[ Info: LBFGS: initializing with f = -2.295358284605, ‖∇f‖ = 9.5060e-04
[ Info: CTMRG init:	obj = +8.480385575671e+00	err = 1.0000e+00
[ Info: CTMRG conv 29:	obj = +8.480386327638e+00	err = 8.1030447160e-10	time = 14.50 sec
┌ Warning: `svd` cotangents sensitive to gauge choice: (|Δgauge| = 0.3180014285120713)
└ @ TensorKitChainRulesCoreExt ~/.julia/packages/TensorKit/esxcj/ext/TensorKitChainRulesCoreExt/factorizations.jl:254
┌ Warning: `svd` cotangents sensitive to gauge choice: (|Δgauge| = 0.318001428312445)
└ @ TensorKitChainRulesCoreExt ~/.julia/packages/TensorKit/esxcj/ext/TensorKitChainRulesCoreExt/factorizations.jl:254
[ Info: LBFGS: iter    1, time 1464.02 s: f = -2.295363033137, ‖∇f‖ = 1.6827e-03, α = 1.00e+00, m = 0, nfg = 1
[ Info: CTMRG init:	obj = +8.481212644862e+00	err = 1.0000e+00
[ Info: CTMRG conv 51:	obj = +8.481213102291e+00	err = 9.0021544198e-10	time = 20.52 sec
┌ Warning: `svd` cotangents sensitive to gauge choice: (|Δgauge| = 0.3182463247316625)
└ @ TensorKitChainRulesCoreExt ~/.julia/packages/TensorKit/esxcj/ext/TensorKitChainRulesCoreExt/factorizations.jl:254
┌ Warning: `svd` cotangents sensitive to gauge choice: (|Δgauge| = 0.31824632389508445)
└ @ TensorKitChainRulesCoreExt ~/.julia/packages/TensorKit/esxcj/ext/TensorKitChainRulesCoreExt/factorizations.jl:254
[ Info: LBFGS: iter    2, time 1497.82 s: f = -2.295369447155, ‖∇f‖ = 1.3509e-03, α = 1.00e+00, m = 1, nfg = 1
[ Info: CTMRG init:	obj = +8.484209285537e+00	err = 1.0000e+00
[ Info: CTMRG conv 8:	obj = +8.484227435604e+00	err = 9.8564150120e-10	time = 2.89 sec
┌ Warning: `svd` cotangents sensitive to gauge choice: (|Δgauge| = 0.31901443111889827)
└ @ TensorKitChainRulesCoreExt ~/.julia/packages/TensorKit/esxcj/ext/TensorKitChainRulesCoreExt/factorizations.jl:254
┌ Warning: `svd` cotangents sensitive to gauge choice: (|Δgauge| = 0.3190144315295844)
└ @ TensorKitChainRulesCoreExt ~/.julia/packages/TensorKit/esxcj/ext/TensorKitChainRulesCoreExt/factorizations.jl:254
[ Info: LBFGS: iter    3, time 1505.04 s: f = -2.295383937776, ‖∇f‖ = 1.4186e-03, α = 1.00e+00, m = 2, nfg = 1
[ Info: CTMRG init:	obj = +8.486021032873e+00	err = 1.0000e+00
[ Info: CTMRG conv 24:	obj = +8.486023056170e+00	err = 8.4426799695e-10	time = 9.79 sec
┌ Warning: `svd` cotangents sensitive to gauge choice: (|Δgauge| = 0.31975911308009897)
└ @ TensorKitChainRulesCoreExt ~/.julia/packages/TensorKit/esxcj/ext/TensorKitChainRulesCoreExt/factorizations.jl:254
┌ Warning: `svd` cotangents sensitive to gauge choice: (|Δgauge| = 0.3197591126527264)
└ @ TensorKitChainRulesCoreExt ~/.julia/packages/TensorKit/esxcj/ext/TensorKitChainRulesCoreExt/factorizations.jl:254
[ Info: LBFGS: iter    4, time 1521.10 s: f = -2.295386225552, ‖∇f‖ = 2.2552e-03, α = 1.00e+00, m = 3, nfg = 1
[ Info: CTMRG init:	obj = +8.485730985799e+00	err = 1.0000e+00
[ Info: CTMRG conv 9:	obj = +8.485731254736e+00	err = 9.7495877735e-10	time = 3.26 sec
┌ Warning: `svd` cotangents sensitive to gauge choice: (|Δgauge| = 0.3193947026062915)
└ @ TensorKitChainRulesCoreExt ~/.julia/packages/TensorKit/esxcj/ext/TensorKitChainRulesCoreExt/factorizations.jl:254
┌ Warning: `svd` cotangents sensitive to gauge choice: (|Δgauge| = 0.31939470163309036)
└ @ TensorKitChainRulesCoreExt ~/.julia/packages/TensorKit/esxcj/ext/TensorKitChainRulesCoreExt/factorizations.jl:254
[ Info: LBFGS: iter    5, time 1528.31 s: f = -2.295391405569, ‖∇f‖ = 1.1004e-03, α = 1.00e+00, m = 4, nfg = 1
[ Info: CTMRG init:	obj = +8.486035049202e+00	err = 1.0000e+00
[ Info: CTMRG conv 26:	obj = +8.486035532925e+00	err = 9.5343215097e-10	time = 10.61 sec
┌ Warning: `svd` cotangents sensitive to gauge choice: (|Δgauge| = 0.3192218415538526)
└ @ TensorKitChainRulesCoreExt ~/.julia/packages/TensorKit/esxcj/ext/TensorKitChainRulesCoreExt/factorizations.jl:254
┌ Warning: `svd` cotangents sensitive to gauge choice: (|Δgauge| = 0.319221840191096)
└ @ TensorKitChainRulesCoreExt ~/.julia/packages/TensorKit/esxcj/ext/TensorKitChainRulesCoreExt/factorizations.jl:254
[ Info: LBFGS: iter    6, time 1546.22 s: f = -2.295397365928, ‖∇f‖ = 7.5491e-04, α = 1.00e+00, m = 5, nfg = 1
[ Info: CTMRG init:	obj = +8.488650079399e+00	err = 1.0000e+00
┌ Warning: CTMRG cancel 100:	obj = +8.488659788668e+00	err = 4.2793429907e-09	time = 50.88 sec
└ @ PEPSKit ~/.julia/packages/PEPSKit/P7ER3/src/algorithms/ctmrg/ctmrg.jl:129
┌ Warning: `svd` cotangents sensitive to gauge choice: (|Δgauge| = 0.3189685422614158)
└ @ TensorKitChainRulesCoreExt ~/.julia/packages/TensorKit/esxcj/ext/TensorKitChainRulesCoreExt/factorizations.jl:254
┌ Warning: `svd` cotangents sensitive to gauge choice: (|Δgauge| = 0.3189685419422972)
└ @ TensorKitChainRulesCoreExt ~/.julia/packages/TensorKit/esxcj/ext/TensorKitChainRulesCoreExt/factorizations.jl:254
[ Info: LBFGS: iter    7, time 1619.17 s: f = -2.295416876342, ‖∇f‖ = 2.1589e-03, α = 1.00e+00, m = 6, nfg = 1
[ Info: CTMRG init:	obj = +8.491706486154e+00	err = 1.0000e+00
[ Info: CTMRG conv 9:	obj = +8.491752196790e+00	err = 7.6930823519e-10	time = 4.16 sec
┌ Warning: `svd` cotangents sensitive to gauge choice: (|Δgauge| = 0.31901197844111406)
└ @ TensorKitChainRulesCoreExt ~/.julia/packages/TensorKit/esxcj/ext/TensorKitChainRulesCoreExt/factorizations.jl:254
┌ Warning: `svd` cotangents sensitive to gauge choice: (|Δgauge| = 0.31901197797054964)
└ @ TensorKitChainRulesCoreExt ~/.julia/packages/TensorKit/esxcj/ext/TensorKitChainRulesCoreExt/factorizations.jl:254
[ Info: LBFGS: iter    8, time 1628.70 s: f = -2.295448227559, ‖∇f‖ = 3.6095e-03, α = 1.00e+00, m = 7, nfg = 1
[ Info: CTMRG init:	obj = +8.490128767606e+00	err = 1.0000e+00
[ Info: CTMRG conv 11:	obj = +8.490264292509e+00	err = 6.2201644809e-10	time = 7.09 sec
┌ Warning: `svd` cotangents sensitive to gauge choice: (|Δgauge| = 0.31926786651366595)
└ @ TensorKitChainRulesCoreExt ~/.julia/packages/TensorKit/esxcj/ext/TensorKitChainRulesCoreExt/factorizations.jl:254
┌ Warning: `svd` cotangents sensitive to gauge choice: (|Δgauge| = 0.3192678673605127)
└ @ TensorKitChainRulesCoreExt ~/.julia/packages/TensorKit/esxcj/ext/TensorKitChainRulesCoreExt/factorizations.jl:254
[ Info: LBFGS: iter    9, time 1640.60 s: f = -2.295487528353, ‖∇f‖ = 4.4110e-03, α = 1.00e+00, m = 8, nfg = 1
[ Info: CTMRG init:	obj = +8.448000342483e+00	err = 1.0000e+00
[ Info: CTMRG conv 9:	obj = +8.448669006558e+00	err = 9.8740888523e-10	time = 3.97 sec
┌ Warning: `svd` cotangents sensitive to gauge choice: (|Δgauge| = 0.321578841209322)
└ @ TensorKitChainRulesCoreExt ~/.julia/packages/TensorKit/esxcj/ext/TensorKitChainRulesCoreExt/factorizations.jl:254
┌ Warning: `svd` cotangents sensitive to gauge choice: (|Δgauge| = 0.321578839213645)
└ @ TensorKitChainRulesCoreExt ~/.julia/packages/TensorKit/esxcj/ext/TensorKitChainRulesCoreExt/factorizations.jl:254
[ Info: CTMRG init:	obj = +8.481719563269e+00	err = 1.0000e+00
[ Info: CTMRG conv 10:	obj = +8.481783769479e+00	err = 8.9498813620e-10	time = 5.42 sec
┌ Warning: `svd` cotangents sensitive to gauge choice: (|Δgauge| = 0.31999952532154463)
└ @ TensorKitChainRulesCoreExt ~/.julia/packages/TensorKit/esxcj/ext/TensorKitChainRulesCoreExt/factorizations.jl:254
┌ Warning: `svd` cotangents sensitive to gauge choice: (|Δgauge| = 0.3199995255036182)
└ @ TensorKitChainRulesCoreExt ~/.julia/packages/TensorKit/esxcj/ext/TensorKitChainRulesCoreExt/factorizations.jl:254
[ Info: LBFGS: iter   10, time 1659.83 s: f = -2.295504322910, ‖∇f‖ = 3.7700e-03, α = 3.11e-01, m = 8, nfg = 2
[ Info: CTMRG init:	obj = +8.475972480090e+00	err = 1.0000e+00
[ Info: CTMRG conv 8:	obj = +8.476007828755e+00	err = 8.2603625286e-10	time = 3.98 sec
┌ Warning: `svd` cotangents sensitive to gauge choice: (|Δgauge| = 0.320502068021863)
└ @ TensorKitChainRulesCoreExt ~/.julia/packages/TensorKit/esxcj/ext/TensorKitChainRulesCoreExt/factorizations.jl:254
┌ Warning: `svd` cotangents sensitive to gauge choice: (|Δgauge| = 0.32050206725632935)
└ @ TensorKitChainRulesCoreExt ~/.julia/packages/TensorKit/esxcj/ext/TensorKitChainRulesCoreExt/factorizations.jl:254
[ Info: LBFGS: iter   11, time 1667.68 s: f = -2.295528553683, ‖∇f‖ = 1.9944e-03, α = 1.00e+00, m = 8, nfg = 1
[ Info: CTMRG init:	obj = +8.473902675453e+00	err = 1.0000e+00
┌ Warning: CTMRG cancel 100:	obj = +8.473922798044e+00	err = 3.1216069465e-09	time = 1.07 min
└ @ PEPSKit ~/.julia/packages/PEPSKit/P7ER3/src/algorithms/ctmrg/ctmrg.jl:129
┌ Warning: `svd` cotangents sensitive to gauge choice: (|Δgauge| = 0.32101050995571057)
└ @ TensorKitChainRulesCoreExt ~/.julia/packages/TensorKit/esxcj/ext/TensorKitChainRulesCoreExt/factorizations.jl:254
┌ Warning: `svd` cotangents sensitive to gauge choice: (|Δgauge| = 0.3210105124407968)
└ @ TensorKitChainRulesCoreExt ~/.julia/packages/TensorKit/esxcj/ext/TensorKitChainRulesCoreExt/factorizations.jl:254
[ Info: LBFGS: iter   12, time 1753.36 s: f = -2.295549617730, ‖∇f‖ = 2.0578e-03, α = 1.00e+00, m = 8, nfg = 1
[ Info: CTMRG init:	obj = +8.471728427241e+00	err = 1.0000e+00
┌ Warning: CTMRG cancel 100:	obj = +8.471748848712e+00	err = 3.2249225471e-09	time = 1.26 min
└ @ PEPSKit ~/.julia/packages/PEPSKit/P7ER3/src/algorithms/ctmrg/ctmrg.jl:129
┌ Warning: `svd` cotangents sensitive to gauge choice: (|Δgauge| = 0.3212920492823437)
└ @ TensorKitChainRulesCoreExt ~/.julia/packages/TensorKit/esxcj/ext/TensorKitChainRulesCoreExt/factorizations.jl:254
┌ Warning: `svd` cotangents sensitive to gauge choice: (|Δgauge| = 0.3212920488082087)
└ @ TensorKitChainRulesCoreExt ~/.julia/packages/TensorKit/esxcj/ext/TensorKitChainRulesCoreExt/factorizations.jl:254
[ Info: LBFGS: iter   13, time 1848.40 s: f = -2.295569678149, ‖∇f‖ = 3.3076e-03, α = 1.00e+00, m = 8, nfg = 1
[ Info: CTMRG init:	obj = +8.453156739300e+00	err = 1.0000e+00
[ Info: CTMRG conv 13:	obj = +8.453361447109e+00	err = 7.0374729594e-10	time = 9.95 sec
┌ Warning: `svd` cotangents sensitive to gauge choice: (|Δgauge| = 0.3216335633935069)
└ @ TensorKitChainRulesCoreExt ~/.julia/packages/TensorKit/esxcj/ext/TensorKitChainRulesCoreExt/factorizations.jl:254
┌ Warning: `svd` cotangents sensitive to gauge choice: (|Δgauge| = 0.3216335680026362)
└ @ TensorKitChainRulesCoreExt ~/.julia/packages/TensorKit/esxcj/ext/TensorKitChainRulesCoreExt/factorizations.jl:254
[ Info: LBFGS: iter   14, time 1862.94 s: f = -2.295624253595, ‖∇f‖ = 5.4292e-03, α = 1.00e+00, m = 8, nfg = 1
[ Info: CTMRG init:	obj = +8.374670434381e+00	err = 1.0000e+00
[ Info: CTMRG conv 9:	obj = +8.375417576341e+00	err = 5.5176119471e-10	time = 5.60 sec
┌ Warning: `svd` cotangents sensitive to gauge choice: (|Δgauge| = 0.32147014592843703)
└ @ TensorKitChainRulesCoreExt ~/.julia/packages/TensorKit/esxcj/ext/TensorKitChainRulesCoreExt/factorizations.jl:254
┌ Warning: `svd` cotangents sensitive to gauge choice: (|Δgauge| = 0.3214701460770385)
└ @ TensorKitChainRulesCoreExt ~/.julia/packages/TensorKit/esxcj/ext/TensorKitChainRulesCoreExt/factorizations.jl:254
[ Info: LBFGS: iter   15, time 1873.96 s: f = -2.295711095393, ‖∇f‖ = 6.1345e-03, α = 1.00e+00, m = 8, nfg = 1
[ Info: CTMRG init:	obj = +8.193318058491e+00	err = 1.0000e+00
[ Info: CTMRG conv 9:	obj = +8.194383151053e+00	err = 7.2350581514e-10	time = 5.67 sec
┌ Warning: `svd` cotangents sensitive to gauge choice: (|Δgauge| = 0.31969568828777206)
└ @ TensorKitChainRulesCoreExt ~/.julia/packages/TensorKit/esxcj/ext/TensorKitChainRulesCoreExt/factorizations.jl:254
┌ Warning: `svd` cotangents sensitive to gauge choice: (|Δgauge| = 3.391112136410514e-12)
└ @ TensorKitChainRulesCoreExt ~/.julia/packages/TensorKit/esxcj/ext/TensorKitChainRulesCoreExt/factorizations.jl:254
┌ Warning: `svd` cotangents sensitive to gauge choice: (|Δgauge| = 0.3196956881882406)
└ @ TensorKitChainRulesCoreExt ~/.julia/packages/TensorKit/esxcj/ext/TensorKitChainRulesCoreExt/factorizations.jl:254
[ Info: LBFGS: iter   16, time 1883.91 s: f = -2.295794067884, ‖∇f‖ = 7.3168e-03, α = 1.00e+00, m = 8, nfg = 1
[ Info: CTMRG init:	obj = +7.847827738456e+00	err = 1.0000e+00
[ Info: CTMRG conv 11:	obj = +7.851144318975e+00	err = 7.2289874917e-10	time = 8.98 sec
┌ Warning: `svd` cotangents sensitive to gauge choice: (|Δgauge| = 0.3169968917872327)
└ @ TensorKitChainRulesCoreExt ~/.julia/packages/TensorKit/esxcj/ext/TensorKitChainRulesCoreExt/factorizations.jl:254
┌ Warning: `svd` cotangents sensitive to gauge choice: (|Δgauge| = 0.3169968900752418)
└ @ TensorKitChainRulesCoreExt ~/.julia/packages/TensorKit/esxcj/ext/TensorKitChainRulesCoreExt/factorizations.jl:254
[ Info: CTMRG init:	obj = +8.067855095454e+00	err = 1.0000e+00
[ Info: CTMRG conv 10:	obj = +8.068363267418e+00	err = 5.5799640333e-10	time = 6.30 sec
┌ Warning: `svd` cotangents sensitive to gauge choice: (|Δgauge| = 0.3187276069910928)
└ @ TensorKitChainRulesCoreExt ~/.julia/packages/TensorKit/esxcj/ext/TensorKitChainRulesCoreExt/factorizations.jl:254
┌ Warning: `svd` cotangents sensitive to gauge choice: (|Δgauge| = 0.3187276075091146)
└ @ TensorKitChainRulesCoreExt ~/.julia/packages/TensorKit/esxcj/ext/TensorKitChainRulesCoreExt/factorizations.jl:254
[ Info: LBFGS: iter   17, time 1907.45 s: f = -2.295841713653, ‖∇f‖ = 4.3082e-03, α = 4.05e-01, m = 8, nfg = 2
[ Info: CTMRG init:	obj = +8.138905908783e+00	err = 1.0000e+00
┌ Warning: CTMRG cancel 100:	obj = +8.139066600125e+00	err = 2.3705613353e-09	time = 1.35 min
└ @ PEPSKit ~/.julia/packages/PEPSKit/P7ER3/src/algorithms/ctmrg/ctmrg.jl:129
┌ Warning: `svd` cotangents sensitive to gauge choice: (|Δgauge| = 0.31836806085558544)
└ @ TensorKitChainRulesCoreExt ~/.julia/packages/TensorKit/esxcj/ext/TensorKitChainRulesCoreExt/factorizations.jl:254
┌ Warning: `svd` cotangents sensitive to gauge choice: (|Δgauge| = 0.31836806128108885)
└ @ TensorKitChainRulesCoreExt ~/.julia/packages/TensorKit/esxcj/ext/TensorKitChainRulesCoreExt/factorizations.jl:254
[ Info: LBFGS: iter   18, time 2012.39 s: f = -2.295871694174, ‖∇f‖ = 1.5767e-03, α = 1.00e+00, m = 8, nfg = 1
[ Info: CTMRG init:	obj = +8.152844011043e+00	err = 1.0000e+00
[ Info: CTMRG conv 9:	obj = +8.152863690618e+00	err = 9.8432689858e-10	time = 7.61 sec
┌ Warning: `svd` cotangents sensitive to gauge choice: (|Δgauge| = 0.3184982565132829)
└ @ TensorKitChainRulesCoreExt ~/.julia/packages/TensorKit/esxcj/ext/TensorKitChainRulesCoreExt/factorizations.jl:254
┌ Warning: `svd` cotangents sensitive to gauge choice: (|Δgauge| = 5.037564858544662e-12)
└ @ TensorKitChainRulesCoreExt ~/.julia/packages/TensorKit/esxcj/ext/TensorKitChainRulesCoreExt/factorizations.jl:254
┌ Warning: `svd` cotangents sensitive to gauge choice: (|Δgauge| = 0.31849825672957155)
└ @ TensorKitChainRulesCoreExt ~/.julia/packages/TensorKit/esxcj/ext/TensorKitChainRulesCoreExt/factorizations.jl:254
[ Info: LBFGS: iter   19, time 2026.05 s: f = -2.295876394775, ‖∇f‖ = 8.9168e-04, α = 1.00e+00, m = 8, nfg = 1
[ Info: CTMRG init:	obj = +8.151208421054e+00	err = 1.0000e+00
[ Info: CTMRG conv 67:	obj = +8.151209106602e+00	err = 9.0609001332e-10	time = 56.09 sec
┌ Warning: `svd` cotangents sensitive to gauge choice: (|Δgauge| = 0.3184329571511749)
└ @ TensorKitChainRulesCoreExt ~/.julia/packages/TensorKit/esxcj/ext/TensorKitChainRulesCoreExt/factorizations.jl:254
┌ Warning: `svd` cotangents sensitive to gauge choice: (|Δgauge| = 0.318432957161286)
└ @ TensorKitChainRulesCoreExt ~/.julia/packages/TensorKit/esxcj/ext/TensorKitChainRulesCoreExt/factorizations.jl:254
[ Info: LBFGS: iter   20, time 2096.72 s: f = -2.295878192035, ‖∇f‖ = 6.5563e-04, α = 1.00e+00, m = 8, nfg = 1
[ Info: CTMRG init:	obj = +8.143972415726e+00	err = 1.0000e+00
[ Info: CTMRG conv 29:	obj = +8.143973364990e+00	err = 8.7916853703e-10	time = 24.87 sec
┌ Warning: `svd` cotangents sensitive to gauge choice: (|Δgauge| = 0.3185146179268009)
└ @ TensorKitChainRulesCoreExt ~/.julia/packages/TensorKit/esxcj/ext/TensorKitChainRulesCoreExt/factorizations.jl:254
┌ Warning: `svd` cotangents sensitive to gauge choice: (|Δgauge| = 0.31851461824045507)
└ @ TensorKitChainRulesCoreExt ~/.julia/packages/TensorKit/esxcj/ext/TensorKitChainRulesCoreExt/factorizations.jl:254
[ Info: LBFGS: iter   21, time 2130.73 s: f = -2.295880406254, ‖∇f‖ = 8.6025e-04, α = 1.00e+00, m = 8, nfg = 1
[ Info: CTMRG init:	obj = +8.128189997083e+00	err = 1.0000e+00
[ Info: CTMRG conv 36:	obj = +8.128193425478e+00	err = 9.1718984967e-10	time = 33.95 sec
┌ Warning: `svd` cotangents sensitive to gauge choice: (|Δgauge| = 0.3187457587051926)
└ @ TensorKitChainRulesCoreExt ~/.julia/packages/TensorKit/esxcj/ext/TensorKitChainRulesCoreExt/factorizations.jl:254
┌ Warning: `svd` cotangents sensitive to gauge choice: (|Δgauge| = 0.3187457585610084)
└ @ TensorKitChainRulesCoreExt ~/.julia/packages/TensorKit/esxcj/ext/TensorKitChainRulesCoreExt/factorizations.jl:254
[ Info: LBFGS: iter   22, time 2172.16 s: f = -2.295883841077, ‖∇f‖ = 8.1492e-04, α = 1.00e+00, m = 8, nfg = 1
[ Info: CTMRG init:	obj = +8.125669552111e+00	err = 1.0000e+00
┌ Warning: CTMRG cancel 100:	obj = +8.125670643415e+00	err = 7.2882931904e-09	time = 1.58 min
└ @ PEPSKit ~/.julia/packages/PEPSKit/P7ER3/src/algorithms/ctmrg/ctmrg.jl:129
┌ Warning: `svd` cotangents sensitive to gauge choice: (|Δgauge| = 0.3190903607294139)
└ @ TensorKitChainRulesCoreExt ~/.julia/packages/TensorKit/esxcj/ext/TensorKitChainRulesCoreExt/factorizations.jl:254
┌ Warning: `svd` cotangents sensitive to gauge choice: (|Δgauge| = 0.31909036032538607)
└ @ TensorKitChainRulesCoreExt ~/.julia/packages/TensorKit/esxcj/ext/TensorKitChainRulesCoreExt/factorizations.jl:254
[ Info: LBFGS: iter   23, time 2286.67 s: f = -2.295884495293, ‖∇f‖ = 1.0248e-03, α = 1.00e+00, m = 8, nfg = 1
[ Info: CTMRG init:	obj = +8.114039837799e+00	err = 1.0000e+00
[ Info: CTMRG conv 17:	obj = +8.114042751081e+00	err = 9.9107165420e-10	time = 15.90 sec
┌ Warning: `svd` cotangents sensitive to gauge choice: (|Δgauge| = 0.3189984617476411)
└ @ TensorKitChainRulesCoreExt ~/.julia/packages/TensorKit/esxcj/ext/TensorKitChainRulesCoreExt/factorizations.jl:254
┌ Warning: `svd` cotangents sensitive to gauge choice: (|Δgauge| = 0.31899846243214275)
└ @ TensorKitChainRulesCoreExt ~/.julia/packages/TensorKit/esxcj/ext/TensorKitChainRulesCoreExt/factorizations.jl:254
[ Info: LBFGS: iter   24, time 2312.11 s: f = -2.295886145911, ‖∇f‖ = 3.7081e-04, α = 1.00e+00, m = 8, nfg = 1
[ Info: CTMRG init:	obj = +8.112101325468e+00	err = 1.0000e+00
[ Info: CTMRG conv 10:	obj = +8.112101524799e+00	err = 8.9985038832e-10	time = 9.20 sec
┌ Warning: `svd` cotangents sensitive to gauge choice: (|Δgauge| = 0.31895691471071824)
└ @ TensorKitChainRulesCoreExt ~/.julia/packages/TensorKit/esxcj/ext/TensorKitChainRulesCoreExt/factorizations.jl:254
┌ Warning: `svd` cotangents sensitive to gauge choice: (|Δgauge| = 0.31895691541288085)
└ @ TensorKitChainRulesCoreExt ~/.julia/packages/TensorKit/esxcj/ext/TensorKitChainRulesCoreExt/factorizations.jl:254
[ Info: LBFGS: iter   25, time 2328.79 s: f = -2.295886698868, ‖∇f‖ = 3.3148e-04, α = 1.00e+00, m = 8, nfg = 1
[ Info: CTMRG init:	obj = +8.105681010320e+00	err = 1.0000e+00
[ Info: CTMRG conv 37:	obj = +8.105683869054e+00	err = 9.8457511982e-10	time = 37.08 sec
┌ Warning: `svd` cotangents sensitive to gauge choice: (|Δgauge| = 0.3188644774613909)
└ @ TensorKitChainRulesCoreExt ~/.julia/packages/TensorKit/esxcj/ext/TensorKitChainRulesCoreExt/factorizations.jl:254
┌ Warning: `svd` cotangents sensitive to gauge choice: (|Δgauge| = 0.3188644774477045)
└ @ TensorKitChainRulesCoreExt ~/.julia/packages/TensorKit/esxcj/ext/TensorKitChainRulesCoreExt/factorizations.jl:254
[ Info: LBFGS: iter   26, time 2373.84 s: f = -2.295888219442, ‖∇f‖ = 6.5186e-04, α = 1.00e+00, m = 8, nfg = 1
[ Info: CTMRG init:	obj = +8.095645617951e+00	err = 1.0000e+00
[ Info: CTMRG conv 32:	obj = +8.095653293452e+00	err = 7.7289070803e-10	time = 34.06 sec
┌ Warning: `svd` cotangents sensitive to gauge choice: (|Δgauge| = 0.3187666179172038)
└ @ TensorKitChainRulesCoreExt ~/.julia/packages/TensorKit/esxcj/ext/TensorKitChainRulesCoreExt/factorizations.jl:254
┌ Warning: `svd` cotangents sensitive to gauge choice: (|Δgauge| = 0.31876661806369205)
└ @ TensorKitChainRulesCoreExt ~/.julia/packages/TensorKit/esxcj/ext/TensorKitChainRulesCoreExt/factorizations.jl:254
[ Info: LBFGS: iter   27, time 2416.98 s: f = -2.295889973883, ‖∇f‖ = 7.5050e-04, α = 1.00e+00, m = 8, nfg = 1
[ Info: CTMRG init:	obj = +8.083025915796e+00	err = 1.0000e+00
[ Info: CTMRG conv 26:	obj = +8.083040970211e+00	err = 9.2168719668e-10	time = 30.03 sec
┌ Warning: `svd` cotangents sensitive to gauge choice: (|Δgauge| = 0.3187736790750173)
└ @ TensorKitChainRulesCoreExt ~/.julia/packages/TensorKit/esxcj/ext/TensorKitChainRulesCoreExt/factorizations.jl:254
┌ Warning: `svd` cotangents sensitive to gauge choice: (|Δgauge| = 0.31877367917543076)
└ @ TensorKitChainRulesCoreExt ~/.julia/packages/TensorKit/esxcj/ext/TensorKitChainRulesCoreExt/factorizations.jl:254
[ Info: LBFGS: iter   28, time 2453.23 s: f = -2.295890682124, ‖∇f‖ = 1.1960e-03, α = 1.00e+00, m = 8, nfg = 1
[ Info: CTMRG init:	obj = +8.079600875105e+00	err = 1.0000e+00
[ Info: CTMRG conv 20:	obj = +8.079602206438e+00	err = 9.5853261590e-10	time = 25.26 sec
┌ Warning: `svd` cotangents sensitive to gauge choice: (|Δgauge| = 0.31870689865264307)
└ @ TensorKitChainRulesCoreExt ~/.julia/packages/TensorKit/esxcj/ext/TensorKitChainRulesCoreExt/factorizations.jl:254
┌ Warning: `svd` cotangents sensitive to gauge choice: (|Δgauge| = 0.3187068990950914)
└ @ TensorKitChainRulesCoreExt ~/.julia/packages/TensorKit/esxcj/ext/TensorKitChainRulesCoreExt/factorizations.jl:254
[ Info: LBFGS: iter   29, time 2488.46 s: f = -2.295892686987, ‖∇f‖ = 3.7278e-04, α = 1.00e+00, m = 8, nfg = 1
[ Info: CTMRG init:	obj = +8.081966505925e+00	err = 1.0000e+00
┌ Warning: CTMRG cancel 100:	obj = +8.081966625052e+00	err = 3.4969425659e-09	time = 1.95 min
└ @ PEPSKit ~/.julia/packages/PEPSKit/P7ER3/src/algorithms/ctmrg/ctmrg.jl:129
┌ Warning: `svd` cotangents sensitive to gauge choice: (|Δgauge| = 0.3187735938472472)
└ @ TensorKitChainRulesCoreExt ~/.julia/packages/TensorKit/esxcj/ext/TensorKitChainRulesCoreExt/factorizations.jl:254
┌ Warning: `svd` cotangents sensitive to gauge choice: (|Δgauge| = 0.3187735942198118)
└ @ TensorKitChainRulesCoreExt ~/.julia/packages/TensorKit/esxcj/ext/TensorKitChainRulesCoreExt/factorizations.jl:254
[ Info: LBFGS: iter   30, time 2627.11 s: f = -2.295893356235, ‖∇f‖ = 3.8411e-04, α = 1.00e+00, m = 8, nfg = 1
[ Info: CTMRG init:	obj = +8.083093870849e+00	err = 1.0000e+00
[ Info: CTMRG conv 53:	obj = +8.083094951438e+00	err = 8.6425219053e-10	time = 1.11 min
┌ Warning: `svd` cotangents sensitive to gauge choice: (|Δgauge| = 0.31883774420003563)
└ @ TensorKitChainRulesCoreExt ~/.julia/packages/TensorKit/esxcj/ext/TensorKitChainRulesCoreExt/factorizations.jl:254
┌ Warning: `svd` cotangents sensitive to gauge choice: (|Δgauge| = 0.31883774443842844)
└ @ TensorKitChainRulesCoreExt ~/.julia/packages/TensorKit/esxcj/ext/TensorKitChainRulesCoreExt/factorizations.jl:254
[ Info: LBFGS: iter   31, time 2704.70 s: f = -2.295894837822, ‖∇f‖ = 7.5438e-04, α = 1.00e+00, m = 8, nfg = 1
[ Info: CTMRG init:	obj = +8.080259080938e+00	err = 1.0000e+00
[ Info: CTMRG conv 26:	obj = +8.080266631122e+00	err = 9.6040999557e-10	time = 33.49 sec
┌ Warning: `svd` cotangents sensitive to gauge choice: (|Δgauge| = 0.31897227505180903)
└ @ TensorKitChainRulesCoreExt ~/.julia/packages/TensorKit/esxcj/ext/TensorKitChainRulesCoreExt/factorizations.jl:254
┌ Warning: `svd` cotangents sensitive to gauge choice: (|Δgauge| = 0.3189722744461375)
└ @ TensorKitChainRulesCoreExt ~/.julia/packages/TensorKit/esxcj/ext/TensorKitChainRulesCoreExt/factorizations.jl:254
[ Info: LBFGS: iter   32, time 2745.50 s: f = -2.295897442455, ‖∇f‖ = 1.1331e-03, α = 1.00e+00, m = 8, nfg = 1
[ Info: CTMRG init:	obj = +8.069304814278e+00	err = 1.0000e+00
[ Info: CTMRG conv 14:	obj = +8.069338625810e+00	err = 8.4614829473e-10	time = 17.61 sec
┌ Warning: `svd` cotangents sensitive to gauge choice: (|Δgauge| = 0.31904306885693556)
└ @ TensorKitChainRulesCoreExt ~/.julia/packages/TensorKit/esxcj/ext/TensorKitChainRulesCoreExt/factorizations.jl:254
┌ Warning: `svd` cotangents sensitive to gauge choice: (|Δgauge| = 0.319043068656779)
└ @ TensorKitChainRulesCoreExt ~/.julia/packages/TensorKit/esxcj/ext/TensorKitChainRulesCoreExt/factorizations.jl:254
[ Info: LBFGS: iter   33, time 2769.94 s: f = -2.295902398559, ‖∇f‖ = 1.5498e-03, α = 1.00e+00, m = 8, nfg = 1
[ Info: CTMRG init:	obj = +8.030542950024e+00	err = 1.0000e+00
[ Info: CTMRG conv 9:	obj = +8.030726266030e+00	err = 9.0370764405e-10	time = 9.91 sec
┌ Warning: `svd` cotangents sensitive to gauge choice: (|Δgauge| = 0.3197536357091153)
└ @ TensorKitChainRulesCoreExt ~/.julia/packages/TensorKit/esxcj/ext/TensorKitChainRulesCoreExt/factorizations.jl:254
┌ Warning: `svd` cotangents sensitive to gauge choice: (|Δgauge| = 1.1783776388144937e-11)
└ @ TensorKitChainRulesCoreExt ~/.julia/packages/TensorKit/esxcj/ext/TensorKitChainRulesCoreExt/factorizations.jl:254
┌ Warning: `svd` cotangents sensitive to gauge choice: (|Δgauge| = 0.31975363670920215)
└ @ TensorKitChainRulesCoreExt ~/.julia/packages/TensorKit/esxcj/ext/TensorKitChainRulesCoreExt/factorizations.jl:254
[ Info: LBFGS: iter   34, time 2785.73 s: f = -2.295904754217, ‖∇f‖ = 2.0843e-03, α = 1.00e+00, m = 8, nfg = 1
[ Info: CTMRG init:	obj = +8.022626804395e+00	err = 1.0000e+00
[ Info: CTMRG conv 9:	obj = +8.022632876352e+00	err = 8.0968811668e-10	time = 9.80 sec
┌ Warning: `svd` cotangents sensitive to gauge choice: (|Δgauge| = 0.319271403806868)
└ @ TensorKitChainRulesCoreExt ~/.julia/packages/TensorKit/esxcj/ext/TensorKitChainRulesCoreExt/factorizations.jl:254
┌ Warning: `svd` cotangents sensitive to gauge choice: (|Δgauge| = 1.2549218629593337e-11)
└ @ TensorKitChainRulesCoreExt ~/.julia/packages/TensorKit/esxcj/ext/TensorKitChainRulesCoreExt/factorizations.jl:254
┌ Warning: `svd` cotangents sensitive to gauge choice: (|Δgauge| = 0.31927140269308857)
└ @ TensorKitChainRulesCoreExt ~/.julia/packages/TensorKit/esxcj/ext/TensorKitChainRulesCoreExt/factorizations.jl:254
[ Info: LBFGS: iter   35, time 2800.04 s: f = -2.295911201256, ‖∇f‖ = 7.8551e-04, α = 1.00e+00, m = 8, nfg = 1
[ Info: CTMRG init:	obj = +8.018146520868e+00	err = 1.0000e+00
[ Info: CTMRG conv 9:	obj = +8.018146690208e+00	err = 6.8985178681e-10	time = 9.80 sec
┌ Warning: `svd` cotangents sensitive to gauge choice: (|Δgauge| = 0.31911496590193544)
└ @ TensorKitChainRulesCoreExt ~/.julia/packages/TensorKit/esxcj/ext/TensorKitChainRulesCoreExt/factorizations.jl:254
┌ Warning: `svd` cotangents sensitive to gauge choice: (|Δgauge| = 1.3156747797822739e-11)
└ @ TensorKitChainRulesCoreExt ~/.julia/packages/TensorKit/esxcj/ext/TensorKitChainRulesCoreExt/factorizations.jl:254
┌ Warning: `svd` cotangents sensitive to gauge choice: (|Δgauge| = 0.3191149663990436)
└ @ TensorKitChainRulesCoreExt ~/.julia/packages/TensorKit/esxcj/ext/TensorKitChainRulesCoreExt/factorizations.jl:254
[ Info: LBFGS: iter   36, time 2813.90 s: f = -2.295912918903, ‖∇f‖ = 4.5036e-04, α = 1.00e+00, m = 8, nfg = 1
[ Info: CTMRG init:	obj = +8.007627632750e+00	err = 1.0000e+00
[ Info: CTMRG conv 9:	obj = +8.007631065497e+00	err = 7.5495211878e-10	time = 11.06 sec
┌ Warning: `svd` cotangents sensitive to gauge choice: (|Δgauge| = 0.3190545974272377)
└ @ TensorKitChainRulesCoreExt ~/.julia/packages/TensorKit/esxcj/ext/TensorKitChainRulesCoreExt/factorizations.jl:254
┌ Warning: `svd` cotangents sensitive to gauge choice: (|Δgauge| = 1.4378140189462493e-11)
└ @ TensorKitChainRulesCoreExt ~/.julia/packages/TensorKit/esxcj/ext/TensorKitChainRulesCoreExt/factorizations.jl:254
┌ Warning: `svd` cotangents sensitive to gauge choice: (|Δgauge| = 0.31905459804707514)
└ @ TensorKitChainRulesCoreExt ~/.julia/packages/TensorKit/esxcj/ext/TensorKitChainRulesCoreExt/factorizations.jl:254
[ Info: LBFGS: iter   37, time 2829.59 s: f = -2.295914296269, ‖∇f‖ = 5.7373e-04, α = 1.00e+00, m = 8, nfg = 1
[ Info: CTMRG init:	obj = +7.993963722015e+00	err = 1.0000e+00
[ Info: CTMRG conv 9:	obj = +7.993970634521e+00	err = 4.4524772468e-10	time = 12.89 sec
┌ Warning: `svd` cotangents sensitive to gauge choice: (|Δgauge| = 0.31903550436308536)
└ @ TensorKitChainRulesCoreExt ~/.julia/packages/TensorKit/esxcj/ext/TensorKitChainRulesCoreExt/factorizations.jl:254
┌ Warning: `svd` cotangents sensitive to gauge choice: (|Δgauge| = 1.6137624222967966e-11)
└ @ TensorKitChainRulesCoreExt ~/.julia/packages/TensorKit/esxcj/ext/TensorKitChainRulesCoreExt/factorizations.jl:254
┌ Warning: `svd` cotangents sensitive to gauge choice: (|Δgauge| = 0.3190355056927509)
└ @ TensorKitChainRulesCoreExt ~/.julia/packages/TensorKit/esxcj/ext/TensorKitChainRulesCoreExt/factorizations.jl:254
[ Info: LBFGS: iter   38, time 2846.46 s: f = -2.295915839186, ‖∇f‖ = 7.7560e-04, α = 1.00e+00, m = 8, nfg = 1
[ Info: CTMRG init:	obj = +7.968670128571e+00	err = 1.0000e+00
[ Info: CTMRG conv 9:	obj = +7.968697029085e+00	err = 7.1649609622e-10	time = 10.49 sec
┌ Warning: `svd` cotangents sensitive to gauge choice: (|Δgauge| = 0.3190062516646007)
└ @ TensorKitChainRulesCoreExt ~/.julia/packages/TensorKit/esxcj/ext/TensorKitChainRulesCoreExt/factorizations.jl:254
┌ Warning: `svd` cotangents sensitive to gauge choice: (|Δgauge| = 2.0069312035839702e-11)
└ @ TensorKitChainRulesCoreExt ~/.julia/packages/TensorKit/esxcj/ext/TensorKitChainRulesCoreExt/factorizations.jl:254
┌ Warning: `svd` cotangents sensitive to gauge choice: (|Δgauge| = 0.31900625091935375)
└ @ TensorKitChainRulesCoreExt ~/.julia/packages/TensorKit/esxcj/ext/TensorKitChainRulesCoreExt/factorizations.jl:254
[ Info: LBFGS: iter   39, time 2860.85 s: f = -2.295918468146, ‖∇f‖ = 9.5180e-04, α = 1.00e+00, m = 8, nfg = 1
[ Info: CTMRG init:	obj = +7.936439627662e+00	err = 1.0000e+00
[ Info: CTMRG conv 15:	obj = +7.936496114267e+00	err = 9.7890052620e-10	time = 17.36 sec
┌ Warning: `svd` cotangents sensitive to gauge choice: (|Δgauge| = 0.3188922667746391)
└ @ TensorKitChainRulesCoreExt ~/.julia/packages/TensorKit/esxcj/ext/TensorKitChainRulesCoreExt/factorizations.jl:254
┌ Warning: `svd` cotangents sensitive to gauge choice: (|Δgauge| = 0.31889226837637935)
└ @ TensorKitChainRulesCoreExt ~/.julia/packages/TensorKit/esxcj/ext/TensorKitChainRulesCoreExt/factorizations.jl:254
[ Info: CTMRG init:	obj = +7.952463164365e+00	err = 1.0000e+00
[ Info: CTMRG conv 9:	obj = +7.952477799014e+00	err = 8.4555909859e-10	time = 11.45 sec
┌ Warning: `svd` cotangents sensitive to gauge choice: (|Δgauge| = 0.31894918197772365)
└ @ TensorKitChainRulesCoreExt ~/.julia/packages/TensorKit/esxcj/ext/TensorKitChainRulesCoreExt/factorizations.jl:254
┌ Warning: `svd` cotangents sensitive to gauge choice: (|Δgauge| = 2.3055425616051958e-11)
└ @ TensorKitChainRulesCoreExt ~/.julia/packages/TensorKit/esxcj/ext/TensorKitChainRulesCoreExt/factorizations.jl:254
┌ Warning: `svd` cotangents sensitive to gauge choice: (|Δgauge| = 0.31894917984479)
└ @ TensorKitChainRulesCoreExt ~/.julia/packages/TensorKit/esxcj/ext/TensorKitChainRulesCoreExt/factorizations.jl:254
[ Info: LBFGS: iter   40, time 2898.20 s: f = -2.295919857506, ‖∇f‖ = 7.9343e-04, α = 5.09e-01, m = 8, nfg = 2
[ Info: CTMRG init:	obj = +7.944776401907e+00	err = 1.0000e+00
[ Info: CTMRG conv 10:	obj = +7.944779797405e+00	err = 8.6134652024e-10	time = 12.51 sec
┌ Warning: `svd` cotangents sensitive to gauge choice: (|Δgauge| = 0.31900350113864806)
└ @ TensorKitChainRulesCoreExt ~/.julia/packages/TensorKit/esxcj/ext/TensorKitChainRulesCoreExt/factorizations.jl:254
┌ Warning: `svd` cotangents sensitive to gauge choice: (|Δgauge| = 2.3439686686927335e-12)
└ @ TensorKitChainRulesCoreExt ~/.julia/packages/TensorKit/esxcj/ext/TensorKitChainRulesCoreExt/factorizations.jl:254
┌ Warning: `svd` cotangents sensitive to gauge choice: (|Δgauge| = 0.31900350006519484)
└ @ TensorKitChainRulesCoreExt ~/.julia/packages/TensorKit/esxcj/ext/TensorKitChainRulesCoreExt/factorizations.jl:254
[ Info: LBFGS: iter   41, time 2915.01 s: f = -2.295921037039, ‖∇f‖ = 2.7863e-04, α = 1.00e+00, m = 8, nfg = 1
[ Info: CTMRG init:	obj = +7.947525016283e+00	err = 1.0000e+00
[ Info: CTMRG conv 8:	obj = +7.947525181250e+00	err = 7.0306600908e-10	time = 8.83 sec
┌ Warning: `svd` cotangents sensitive to gauge choice: (|Δgauge| = 0.318993006010285)
└ @ TensorKitChainRulesCoreExt ~/.julia/packages/TensorKit/esxcj/ext/TensorKitChainRulesCoreExt/factorizations.jl:254
┌ Warning: `svd` cotangents sensitive to gauge choice: (|Δgauge| = 2.6208111365853286e-10)
└ @ TensorKitChainRulesCoreExt ~/.julia/packages/TensorKit/esxcj/ext/TensorKitChainRulesCoreExt/factorizations.jl:254
┌ Warning: `svd` cotangents sensitive to gauge choice: (|Δgauge| = 0.3189930046936241)
└ @ TensorKitChainRulesCoreExt ~/.julia/packages/TensorKit/esxcj/ext/TensorKitChainRulesCoreExt/factorizations.jl:254
[ Info: LBFGS: iter   42, time 2928.83 s: f = -2.295921288682, ‖∇f‖ = 1.8231e-04, α = 1.00e+00, m = 8, nfg = 1
[ Info: CTMRG init:	obj = +7.949829328532e+00	err = 1.0000e+00
[ Info: CTMRG conv 8:	obj = +7.949829473633e+00	err = 7.8510011770e-10	time = 9.44 sec
┌ Warning: `svd` cotangents sensitive to gauge choice: (|Δgauge| = 0.3190107231971685)
└ @ TensorKitChainRulesCoreExt ~/.julia/packages/TensorKit/esxcj/ext/TensorKitChainRulesCoreExt/factorizations.jl:254
┌ Warning: `svd` cotangents sensitive to gauge choice: (|Δgauge| = 2.5960976562401816e-10)
└ @ TensorKitChainRulesCoreExt ~/.julia/packages/TensorKit/esxcj/ext/TensorKitChainRulesCoreExt/factorizations.jl:254
┌ Warning: `svd` cotangents sensitive to gauge choice: (|Δgauge| = 0.31901072235323874)
└ @ TensorKitChainRulesCoreExt ~/.julia/packages/TensorKit/esxcj/ext/TensorKitChainRulesCoreExt/factorizations.jl:254
[ Info: LBFGS: iter   43, time 2941.97 s: f = -2.295921412359, ‖∇f‖ = 2.1214e-04, α = 1.00e+00, m = 8, nfg = 1
[ Info: CTMRG init:	obj = +7.952427624896e+00	err = 1.0000e+00
[ Info: CTMRG conv 8:	obj = +7.952427852614e+00	err = 9.3094150905e-10	time = 9.96 sec
┌ Warning: `svd` cotangents sensitive to gauge choice: (|Δgauge| = 0.31896702207250616)
└ @ TensorKitChainRulesCoreExt ~/.julia/packages/TensorKit/esxcj/ext/TensorKitChainRulesCoreExt/factorizations.jl:254
┌ Warning: `svd` cotangents sensitive to gauge choice: (|Δgauge| = 2.5832430669679506e-10)
└ @ TensorKitChainRulesCoreExt ~/.julia/packages/TensorKit/esxcj/ext/TensorKitChainRulesCoreExt/factorizations.jl:254
┌ Warning: `svd` cotangents sensitive to gauge choice: (|Δgauge| = 0.31896701950132733)
└ @ TensorKitChainRulesCoreExt ~/.julia/packages/TensorKit/esxcj/ext/TensorKitChainRulesCoreExt/factorizations.jl:254
[ Info: LBFGS: iter   44, time 2955.61 s: f = -2.295921632752, ‖∇f‖ = 2.7367e-04, α = 1.00e+00, m = 8, nfg = 1
[ Info: CTMRG init:	obj = +7.954354918997e+00	err = 1.0000e+00
[ Info: CTMRG conv 9:	obj = +7.954355035416e+00	err = 8.2207877313e-10	time = 12.36 sec
┌ Warning: `svd` cotangents sensitive to gauge choice: (|Δgauge| = 0.3189759977504203)
└ @ TensorKitChainRulesCoreExt ~/.julia/packages/TensorKit/esxcj/ext/TensorKitChainRulesCoreExt/factorizations.jl:254
┌ Warning: `svd` cotangents sensitive to gauge choice: (|Δgauge| = 2.4218370657883635e-11)
└ @ TensorKitChainRulesCoreExt ~/.julia/packages/TensorKit/esxcj/ext/TensorKitChainRulesCoreExt/factorizations.jl:254
┌ Warning: `svd` cotangents sensitive to gauge choice: (|Δgauge| = 0.31897599469882754)
└ @ TensorKitChainRulesCoreExt ~/.julia/packages/TensorKit/esxcj/ext/TensorKitChainRulesCoreExt/factorizations.jl:254
[ Info: LBFGS: iter   45, time 2972.47 s: f = -2.295921821896, ‖∇f‖ = 1.9233e-04, α = 1.00e+00, m = 8, nfg = 1
[ Info: CTMRG init:	obj = +7.951948698750e+00	err = 1.0000e+00
[ Info: CTMRG conv 10:	obj = +7.951948865287e+00	err = 9.6932043867e-10	time = 13.36 sec
┌ Warning: `svd` cotangents sensitive to gauge choice: (|Δgauge| = 0.3189124849276942)
└ @ TensorKitChainRulesCoreExt ~/.julia/packages/TensorKit/esxcj/ext/TensorKitChainRulesCoreExt/factorizations.jl:254
┌ Warning: `svd` cotangents sensitive to gauge choice: (|Δgauge| = 2.3340754459412144e-12)
└ @ TensorKitChainRulesCoreExt ~/.julia/packages/TensorKit/esxcj/ext/TensorKitChainRulesCoreExt/factorizations.jl:254
┌ Warning: `svd` cotangents sensitive to gauge choice: (|Δgauge| = 0.3189124855400418)
└ @ TensorKitChainRulesCoreExt ~/.julia/packages/TensorKit/esxcj/ext/TensorKitChainRulesCoreExt/factorizations.jl:254
[ Info: LBFGS: iter   46, time 2990.09 s: f = -2.295921904639, ‖∇f‖ = 1.2498e-04, α = 1.00e+00, m = 8, nfg = 1
[ Info: CTMRG init:	obj = +7.951906151716e+00	err = 1.0000e+00
[ Info: CTMRG conv 13:	obj = +7.951906159767e+00	err = 6.4059318212e-10	time = 16.46 sec
┌ Warning: `svd` cotangents sensitive to gauge choice: (|Δgauge| = 0.3189208164354389)
└ @ TensorKitChainRulesCoreExt ~/.julia/packages/TensorKit/esxcj/ext/TensorKitChainRulesCoreExt/factorizations.jl:254
┌ Warning: `svd` cotangents sensitive to gauge choice: (|Δgauge| = 0.31892081572656583)
└ @ TensorKitChainRulesCoreExt ~/.julia/packages/TensorKit/esxcj/ext/TensorKitChainRulesCoreExt/factorizations.jl:254
[ Info: LBFGS: converged after 47 iterations and time 3011.34 s: f = -2.295921936225, ‖∇f‖ = 6.6359e-05
