  Installing known registries into `~/.julia`
       Added `General` registry to ~/.julia/registries
    Updating registry at `~/.julia/registries/General.toml`
   Installed IrrationalConstants ───────── v0.2.4
   Installed GPUArraysCore ─────────────── v0.2.0
   Installed RealDot ───────────────────── v0.1.0
   Installed TaskLocalValues ───────────── v0.1.2
   Installed IRTools ───────────────────── v0.4.14
   Installed JLD2 ──────────────────────── v0.5.12
   Installed OhMyThreads ───────────────── v0.7.0
   Installed BlockTensorKit ────────────── v0.1.6
   Installed DiffRules ─────────────────── v1.15.1
   Installed Preferences ───────────────── v1.4.3
   Installed PtrArrays ─────────────────── v1.3.0
   Installed Adapt ─────────────────────── v4.3.0
   Installed IntegerMathUtils ──────────── v0.1.2
   Installed LRUCache ──────────────────── v1.6.2
   Installed TableTraits ───────────────── v1.0.1
   Installed Accessors ─────────────────── v0.1.42
   Installed DiffResults ───────────────── v1.1.0
   Installed HashArrayMappedTries ──────── v0.2.0
   Installed LoggingExtras ─────────────── v1.0.3
   Installed Tables ────────────────────── v1.12.0
   Installed SpecialFunctions ──────────── v2.5.0
   Installed OptimKit ──────────────────── v0.4.0
   Installed WignerSymbols ─────────────── v2.0.0
   Installed TensorKit ─────────────────── v0.14.5
   Installed DataAPI ───────────────────── v1.16.0
   Installed Primes ────────────────────── v0.5.7
   Installed ChunkSplitters ────────────── v3.1.2
   Installed Zygote ────────────────────── v0.7.6
   Installed RecipesBase ───────────────── v1.3.4
   Installed StaticArrays ──────────────── v1.9.13
   Installed MPSKit ────────────────────── v0.12.6
   Installed Richardson ────────────────── v1.4.2
   Installed JLLWrappers ───────────────── v1.7.0
   Installed AbstractFFTs ──────────────── v1.5.0
   Installed BlockArrays ───────────────── v1.6.1
   Installed StaticArraysCore ──────────── v1.4.3
   Installed FiniteDifferences ─────────── v0.12.32
   Installed NaNMath ───────────────────── v1.1.3
   Installed IteratorInterfaceExtensions ─ v1.0.0
   Installed DataValueInterfaces ───────── v1.0.0
   Installed ConstructionBase ──────────── v1.5.8
   Installed StructArrays ──────────────── v0.7.1
   Installed PrecompileTools ───────────── v1.2.1
   Installed OrderedCollections ────────── v1.8.0
   Installed RationalRoots ─────────────── v0.2.1
   Installed StableTasks ───────────────── v0.1.7
   Installed TranscodingStreams ────────── v0.11.3
   Installed ScopedValues ──────────────── v1.3.0
   Installed TensorKitSectors ──────────── v0.1.4
   Installed InitialValues ─────────────── v0.3.1
   Installed ChainRulesCore ────────────── v1.25.1
   Installed VectorInterface ───────────── v0.5.0
   Installed ForwardDiff ───────────────── v1.0.1
   Installed MPSKitModels ──────────────── v0.4.0
   Installed FileIO ────────────────────── v1.17.0
   Installed LogExpFunctions ───────────── v0.3.29
   Installed Statistics ────────────────── v1.11.1
   Installed FillArrays ────────────────── v1.13.0
   Installed ChainRules ────────────────── v1.72.3
   Installed CommonSubexpressions ──────── v0.3.1
   Installed Requires ──────────────────── v1.3.1
   Installed ZygoteRules ───────────────── v0.2.7
   Installed StridedViews ──────────────── v0.4.1
   Installed PackageExtensionCompat ────── v1.0.2
   Installed Strided ───────────────────── v2.3.0
   Installed BangBang ──────────────────── v0.4.4
   Installed MacroTools ────────────────── v0.5.15
   Installed HalfIntegers ──────────────── v1.6.0
   Installed Compat ────────────────────── v4.16.0
   Installed TensorKitManifolds ────────── v0.7.2
   Installed CompositionsBase ──────────── v0.1.2
   Installed OpenSpecFun_jll ───────────── v0.5.6+0
   Installed InverseFunctions ──────────── v0.1.17
   Installed SparseInverseSubset ───────── v0.1.2
   Installed TupleTools ────────────────── v1.6.0
   Installed DocStringExtensions ───────── v0.9.4
   Installed KrylovKit ─────────────────── v0.9.5
   Installed TensorOperations ──────────── v5.2.0
   Installed PEPSKit ───────────────────── v0.5.0
   Installed ArrayLayouts ──────────────── v1.11.1
    Updating `/var/lib/condor/execute/dir_3290287/Project.toml`
  [d360d2e6] + ChainRulesCore v1.25.1
  [033835bb] + JLD2 v0.5.12
  [0b1a1467] + KrylovKit v0.9.5
  [bb1c41ca] + MPSKit v0.12.6
  [ca635005] + MPSKitModels v0.4.0
  [77e91f04] + OptimKit v0.4.0
  [52969e89] + PEPSKit v0.5.0
  [07d1fe3e] + TensorKit v0.14.5
  [409d34a3] + VectorInterface v0.5.0
  [e88e6eb3] + Zygote v0.7.6
  [37e2e46d] ~ LinearAlgebra ⇒ v1.11.0
    Updating `/var/lib/condor/execute/dir_3290287/Manifest.toml`
  [621f4979] + AbstractFFTs v1.5.0
  [7d9f7c33] + Accessors v0.1.42
  [79e6a3ab] + Adapt v4.3.0
  [4c555306] + ArrayLayouts v1.11.1
  [198e06fe] + BangBang v0.4.4
  [8e7c35d0] + BlockArrays v1.6.1
  [5f87ffc2] + BlockTensorKit v0.1.6
  [082447d4] + ChainRules v1.72.3
  [d360d2e6] + ChainRulesCore v1.25.1
  [ae650224] + ChunkSplitters v3.1.2
  [bbf7d656] + CommonSubexpressions v0.3.1
  [34da2185] + Compat v4.16.0
  [a33af91c] + CompositionsBase v0.1.2
  [187b0558] + ConstructionBase v1.5.8
  [9a962f9c] + DataAPI v1.16.0
  [e2d170a0] + DataValueInterfaces v1.0.0
  [163ba53b] + DiffResults v1.1.0
  [b552c78f] + DiffRules v1.15.1
  [ffbed154] + DocStringExtensions v0.9.4
  [5789e2e9] + FileIO v1.17.0
  [1a297f60] + FillArrays v1.13.0
  [26cc04aa] + FiniteDifferences v0.12.32
  [f6369f11] + ForwardDiff v1.0.1
  [46192b85] + GPUArraysCore v0.2.0
  [f0d1745a] + HalfIntegers v1.6.0
  [076d061b] + HashArrayMappedTries v0.2.0
  [7869d1d1] + IRTools v0.4.14
  [22cec73e] + InitialValues v0.3.1
  [18e54dd8] + IntegerMathUtils v0.1.2
  [3587e190] + InverseFunctions v0.1.17
  [92d709cd] + IrrationalConstants v0.2.4
  [82899510] + IteratorInterfaceExtensions v1.0.0
  [033835bb] + JLD2 v0.5.12
  [692b3bcd] + JLLWrappers v1.7.0
  [0b1a1467] + KrylovKit v0.9.5
  [8ac3fa9e] + LRUCache v1.6.2
  [2ab3a3ac] + LogExpFunctions v0.3.29
⌅ [e6f89c97] + LoggingExtras v1.0.3
  [bb1c41ca] + MPSKit v0.12.6
  [ca635005] + MPSKitModels v0.4.0
  [1914dd2f] + MacroTools v0.5.15
  [77ba4419] + NaNMath v1.1.3
⌅ [67456a42] + OhMyThreads v0.7.0
  [77e91f04] + OptimKit v0.4.0
  [bac558e1] + OrderedCollections v1.8.0
  [52969e89] + PEPSKit v0.5.0
  [65ce6f38] + PackageExtensionCompat v1.0.2
⌅ [aea7be01] + PrecompileTools v1.2.1
  [21216c6a] + Preferences v1.4.3
  [27ebfcd6] + Primes v0.5.7
  [43287f4e] + PtrArrays v1.3.0
  [308eb6b3] + RationalRoots v0.2.1
  [c1ae055f] + RealDot v0.1.0
  [3cdcf5f2] + RecipesBase v1.3.4
  [ae029012] + Requires v1.3.1
  [708f8203] + Richardson v1.4.2
  [7e506255] + ScopedValues v1.3.0
  [dc90abb0] + SparseInverseSubset v0.1.2
  [276daf66] + SpecialFunctions v2.5.0
  [91464d47] + StableTasks v0.1.7
  [90137ffa] + StaticArrays v1.9.13
  [1e83bf80] + StaticArraysCore v1.4.3
  [10745b16] + Statistics v1.11.1
  [5e0ebb24] + Strided v2.3.0
  [4db3bf67] + StridedViews v0.4.1
  [09ab397b] + StructArrays v0.7.1
  [3783bdb8] + TableTraits v1.0.1
  [bd369af6] + Tables v1.12.0
  [ed4db957] + TaskLocalValues v0.1.2
  [07d1fe3e] + TensorKit v0.14.5
  [11fa318c] + TensorKitManifolds v0.7.2
  [13a9c161] + TensorKitSectors v0.1.4
  [6aa20fa7] + TensorOperations v5.2.0
  [3bb67fe8] + TranscodingStreams v0.11.3
  [9d95972d] + TupleTools v1.6.0
  [409d34a3] + VectorInterface v0.5.0
  [9f57e263] + WignerSymbols v2.0.0
  [e88e6eb3] + Zygote v0.7.6
  [700de1a5] + ZygoteRules v0.2.7
  [efe28fd5] + OpenSpecFun_jll v0.5.6+0
  [0dad84c5] + ArgTools v1.1.2
  [56f22d72] + Artifacts v1.11.0
  [2a0f44e3] + Base64 v1.11.0
  [ade2ca70] + Dates v1.11.0
  [8ba89e20] + Distributed v1.11.0
  [f43a241f] + Downloads v1.6.0
  [7b1f6079] + FileWatching v1.11.0
  [b77e0a4c] + InteractiveUtils v1.11.0
  [b27032c2] + LibCURL v0.6.4
  [76f85450] + LibGit2 v1.11.0
  [8f399da3] + Libdl v1.11.0
  [37e2e46d] + LinearAlgebra v1.11.0
  [56ddb016] + Logging v1.11.0
  [d6f4376e] + Markdown v1.11.0
  [a63ad114] + Mmap v1.11.0
  [ca575930] + NetworkOptions v1.2.0
  [44cfe95a] + Pkg v1.11.0
  [de0858da] + Printf v1.11.0
  [9a3f8284] + Random v1.11.0
  [ea8e919c] + SHA v0.7.0
  [9e88b42a] + Serialization v1.11.0
  [6462fe0b] + Sockets v1.11.0
  [2f01184e] + SparseArrays v1.11.0
  [4607b0f0] + SuiteSparse
  [fa267f1f] + TOML v1.0.3
  [a4e569a6] + Tar v1.10.0
  [cf7118a7] + UUIDs v1.11.0
  [4ec0a83e] + Unicode v1.11.0
  [e66e0078] + CompilerSupportLibraries_jll v1.1.1+0
  [deac9b47] + LibCURL_jll v8.6.0+0
  [e37daf67] + LibGit2_jll v1.7.2+0
  [29816b5a] + LibSSH2_jll v1.11.0+1
  [c8ffd9c3] + MbedTLS_jll v2.28.6+0
  [14a3606d] + MozillaCACerts_jll v2023.12.12
  [4536629a] + OpenBLAS_jll v0.3.27+1
  [05823500] + OpenLibm_jll v0.8.1+2
  [bea87d4a] + SuiteSparse_jll v7.7.0+0
  [83775a58] + Zlib_jll v1.2.13+1
  [8e850b90] + libblastrampoline_jll v5.11.0+0
  [8e850ede] + nghttp2_jll v1.59.0+0
  [3f19e933] + p7zip_jll v17.4.0+2
        Info Packages marked with ⌅ have new versions available but compatibility constraints restrict them from upgrading. To see why use `status --outdated -m`
Precompiling project...
    618.1 ms  ✓ TaskLocalValues
    553.4 ms  ✓ DataValueInterfaces
    590.6 ms  ✓ IntegerMathUtils
    588.6 ms  ✓ RealDot
    645.9 ms  ✓ Richardson
    730.0 ms  ✓ HalfIntegers
    742.1 ms  ✓ StableTasks
    722.7 ms  ✓ InverseFunctions
    736.1 ms  ✓ VectorInterface
    743.5 ms  ✓ Statistics
    749.1 ms  ✓ DocStringExtensions
    767.1 ms  ✓ LRUCache
    888.9 ms  ✓ OrderedCollections
    926.2 ms  ✓ AbstractFFTs
    510.3 ms  ✓ IteratorInterfaceExtensions
    538.8 ms  ✓ PackageExtensionCompat
    593.9 ms  ✓ DataAPI
    719.1 ms  ✓ ConstructionBase
    559.4 ms  ✓ CompositionsBase
    543.3 ms  ✓ PtrArrays
    603.6 ms  ✓ StaticArraysCore
   1432.1 ms  ✓ FillArrays
    876.6 ms  ✓ ChunkSplitters
    805.2 ms  ✓ RationalRoots
    856.9 ms  ✓ TupleTools
    729.7 ms  ✓ HashArrayMappedTries
    830.9 ms  ✓ TranscodingStreams
   1692.0 ms  ✓ IrrationalConstants
    724.0 ms  ✓ NaNMath
    811.6 ms  ✓ Requires
    829.3 ms  ✓ LoggingExtras
   1292.1 ms  ✓ InitialValues
    823.4 ms  ✓ SuiteSparse
    851.2 ms  ✓ Compat
    595.2 ms  ✓ TableTraits
    637.3 ms  ✓ LRUCache → SerializationExt
    855.1 ms  ✓ InverseFunctions → InverseFunctionsDatesExt
    911.5 ms  ✓ Primes
    621.2 ms  ✓ ConstructionBase → ConstructionBaseLinearAlgebraExt
    732.8 ms  ✓ StridedViews
   1079.3 ms  ✓ Preferences
    639.4 ms  ✓ CompositionsBase → CompositionsBaseInverseFunctionsExt
    901.0 ms  ✓ Statistics → SparseArraysExt
    643.6 ms  ✓ DiffResults
    578.3 ms  ✓ ScopedValues
    655.4 ms  ✓ FillArrays → FillArraysStatisticsExt
    716.5 ms  ✓ Adapt
    588.0 ms  ✓ StridedViews → StridedViewsPtrArraysExt
    621.2 ms  ✓ Compat → CompatLinearAlgebraExt
    929.5 ms  ✓ FillArrays → FillArraysSparseArraysExt
    827.0 ms  ✓ SparseInverseSubset
    958.7 ms  ✓ LogExpFunctions
    669.3 ms  ✓ PrecompileTools
    917.8 ms  ✓ Strided
    720.1 ms  ✓ JLLWrappers
   1168.0 ms  ✓ Tables
    755.4 ms  ✓ GPUArraysCore
    844.5 ms  ✓ Adapt → AdaptSparseArraysExt
    608.9 ms  ✓ LogExpFunctions → LogExpFunctionsInverseFunctionsExt
   2174.7 ms  ✓ KrylovKit
   3272.4 ms  ✓ MacroTools
    850.2 ms  ✓ OpenSpecFun_jll
   1785.8 ms  ✓ OptimKit
    728.5 ms  ✓ CommonSubexpressions
   1135.4 ms  ✓ StructArrays
   1854.8 ms  ✓ ChainRulesCore
    661.2 ms  ✓ StructArrays → StructArraysAdaptExt
    706.3 ms  ✓ StructArrays → StructArraysLinearAlgebraExt
    708.6 ms  ✓ AbstractFFTs → AbstractFFTsChainRulesCoreExt
   2305.8 ms  ✓ RecipesBase
    905.1 ms  ✓ StructArrays → StructArraysSparseArraysExt
    901.5 ms  ✓ ChainRulesCore → ChainRulesCoreSparseArraysExt
   3463.4 ms  ✓ WignerSymbols
   1147.1 ms  ✓ ZygoteRules
    924.8 ms  ✓ KrylovKit → KrylovKitChainRulesCoreExt
   2551.9 ms  ✓ IRTools
   3044.7 ms  ✓ Accessors
   2133.4 ms  ✓ LogExpFunctions → LogExpFunctionsChainRulesCoreExt
   5031.4 ms  ✓ FileIO
    752.1 ms  ✓ Accessors → StructArraysExt
    807.5 ms  ✓ Accessors → LinearAlgebraExt
   4134.4 ms  ✓ SpecialFunctions
   1178.5 ms  ✓ BangBang
    945.5 ms  ✓ DiffRules
    796.2 ms  ✓ BangBang → BangBangStructArraysExt
    793.5 ms  ✓ BangBang → BangBangTablesExt
    802.6 ms  ✓ BangBang → BangBangChainRulesCoreExt
   1365.9 ms  ✓ OhMyThreads
   2649.1 ms  ✓ SpecialFunctions → SpecialFunctionsChainRulesCoreExt
   9879.7 ms  ✓ StaticArrays
   8035.0 ms  ✓ ChainRules
   4725.5 ms  ✓ ForwardDiff
    964.0 ms  ✓ StaticArrays → StaticArraysStatisticsExt
    994.0 ms  ✓ StaticArrays → StaticArraysChainRulesCoreExt
    992.7 ms  ✓ Adapt → AdaptStaticArraysExt
    993.9 ms  ✓ ConstructionBase → ConstructionBaseStaticArraysExt
   1032.7 ms  ✓ StructArrays → StructArraysStaticArraysExt
   1066.5 ms  ✓ BangBang → BangBangStaticArraysExt
   1068.3 ms  ✓ Accessors → StaticArraysExt
   1117.6 ms  ✓ ForwardDiff → ForwardDiffStaticArraysExt
   1613.9 ms  ✓ FiniteDifferences
  17956.7 ms  ✓ ArrayLayouts
   1071.0 ms  ✓ ArrayLayouts → ArrayLayoutsSparseArraysExt
   2185.0 ms  ✓ BlockArrays
   1014.1 ms  ✓ BlockArrays → BlockArraysAdaptExt
  39732.1 ms  ✓ JLD2
  39264.0 ms  ✓ Zygote
 178865.1 ms  ✓ TensorOperations
   1703.3 ms  ✓ TensorOperations → TensorOperationsChainRulesCoreExt
   7806.8 ms  ✓ TensorKitSectors
   9431.1 ms  ✓ TensorKit
   2375.3 ms  ✓ TensorKitManifolds
   2443.0 ms  ✓ TensorKit → TensorKitFiniteDifferencesExt
   2633.9 ms  ✓ TensorKit → TensorKitChainRulesCoreExt
   3352.7 ms  ✓ BlockTensorKit
  18464.1 ms  ✓ MPSKit
  16087.7 ms  ✓ MPSKitModels
  18336.9 ms  ✓ PEPSKit
  118 dependencies successfully precompiled in 256 seconds. 31 already precompiled.
[ Info: CTMRG init:	obj = +1.445195997200e+00 -2.467188821598e-01im	err = 1.0000e+00
[ Info: CTMRG conv 46:	obj = +2.557888121962e+00	err = 5.9835838288e-10	time = 51.36 sec
[ Info: CTMRG init:	obj = +2.557888121962e+00	err = 1.0000e+00
[ Info: CTMRG conv 4:	obj = +2.557888121962e+00	err = 5.6298887957e-11	time = 1.92 min
┌ Warning: `svd` cotangents sensitive to gauge choice: (|Δgauge| = 0.40357871689286495)
└ @ TensorKitChainRulesCoreExt ~/.julia/packages/TensorKit/esxcj/ext/TensorKitChainRulesCoreExt/factorizations.jl:254
┌ Warning: `svd` cotangents sensitive to gauge choice: (|Δgauge| = 0.014519207194743994)
└ @ TensorKitChainRulesCoreExt ~/.julia/packages/TensorKit/esxcj/ext/TensorKitChainRulesCoreExt/factorizations.jl:254
┌ Warning: `svd` cotangents sensitive to gauge choice: (|Δgauge| = 0.3890595096981173)
└ @ TensorKitChainRulesCoreExt ~/.julia/packages/TensorKit/esxcj/ext/TensorKitChainRulesCoreExt/factorizations.jl:254
[ Info: LBFGS: initializing with f = -0.497207596299, ‖∇f‖ = 5.2528e-01
[ Info: CTMRG init:	obj = +2.558220366303e+00	err = 1.0000e+00
[ Info: CTMRG conv 26:	obj = +2.558233465952e+00	err = 6.3985918085e-10	time = 13.57 sec
┌ Warning: `svd` cotangents sensitive to gauge choice: (|Δgauge| = 0.4042052756603849)
└ @ TensorKitChainRulesCoreExt ~/.julia/packages/TensorKit/esxcj/ext/TensorKitChainRulesCoreExt/factorizations.jl:254
┌ Warning: `svd` cotangents sensitive to gauge choice: (|Δgauge| = 2.3190270016065477e-8)
└ @ TensorKitChainRulesCoreExt ~/.julia/packages/TensorKit/esxcj/ext/TensorKitChainRulesCoreExt/factorizations.jl:254
┌ Warning: `svd` cotangents sensitive to gauge choice: (|Δgauge| = 0.4042052524701104)
└ @ TensorKitChainRulesCoreExt ~/.julia/packages/TensorKit/esxcj/ext/TensorKitChainRulesCoreExt/factorizations.jl:254
[ Info: CTMRG init:	obj = +2.559575301625e+00	err = 1.0000e+00
[ Info: CTMRG conv 31:	obj = +2.559918960466e+00	err = 6.1423366174e-10	time = 15.25 sec
┌ Warning: `svd` cotangents sensitive to gauge choice: (|Δgauge| = 0.4072585441833505)
└ @ TensorKitChainRulesCoreExt ~/.julia/packages/TensorKit/esxcj/ext/TensorKitChainRulesCoreExt/factorizations.jl:254
┌ Warning: `svd` cotangents sensitive to gauge choice: (|Δgauge| = 5.11302837818954e-9)
└ @ TensorKitChainRulesCoreExt ~/.julia/packages/TensorKit/esxcj/ext/TensorKitChainRulesCoreExt/factorizations.jl:254
┌ Warning: `svd` cotangents sensitive to gauge choice: (|Δgauge| = 0.40725853907030385)
└ @ TensorKitChainRulesCoreExt ~/.julia/packages/TensorKit/esxcj/ext/TensorKitChainRulesCoreExt/factorizations.jl:254
[ Info: CTMRG init:	obj = +2.566965206778e+00 +8.929689891502e-12im	err = 1.0000e+00
[ Info: CTMRG conv 70:	obj = +2.580654436501e+00	err = 8.2129116397e-10	time = 36.01 sec
┌ Warning: `svd` cotangents sensitive to gauge choice: (|Δgauge| = 0.44891270691856594)
└ @ TensorKitChainRulesCoreExt ~/.julia/packages/TensorKit/esxcj/ext/TensorKitChainRulesCoreExt/factorizations.jl:254
┌ Warning: `svd` cotangents sensitive to gauge choice: (|Δgauge| = 4.9592930978307005e-9)
└ @ TensorKitChainRulesCoreExt ~/.julia/packages/TensorKit/esxcj/ext/TensorKitChainRulesCoreExt/factorizations.jl:254
┌ Warning: `svd` cotangents sensitive to gauge choice: (|Δgauge| = 0.44891270195918787)
└ @ TensorKitChainRulesCoreExt ~/.julia/packages/TensorKit/esxcj/ext/TensorKitChainRulesCoreExt/factorizations.jl:254
[ Info: CTMRG init:	obj = +2.618121211882e+00 +4.935463044174e-11im	err = 1.0000e+00
[ Info: CTMRG conv 49:	obj = +3.938392954511e+00	err = 7.8878821221e-10	time = 26.14 sec
┌ Warning: `svd` cotangents sensitive to gauge choice: (|Δgauge| = 0.053196937928576285)
└ @ TensorKitChainRulesCoreExt ~/.julia/packages/TensorKit/esxcj/ext/TensorKitChainRulesCoreExt/factorizations.jl:254
┌ Warning: `svd` cotangents sensitive to gauge choice: (|Δgauge| = 3.007997248013663e-10)
└ @ TensorKitChainRulesCoreExt ~/.julia/packages/TensorKit/esxcj/ext/TensorKitChainRulesCoreExt/factorizations.jl:254
┌ Warning: `svd` cotangents sensitive to gauge choice: (|Δgauge| = 0.053196937916694734)
└ @ TensorKitChainRulesCoreExt ~/.julia/packages/TensorKit/esxcj/ext/TensorKitChainRulesCoreExt/factorizations.jl:254
[ Info: CTMRG init:	obj = +2.617541295734e+00 +4.894906963177e-11im	err = 1.0000e+00
[ Info: CTMRG conv 49:	obj = +3.923629576840e+00	err = 9.2279298568e-10	time = 26.70 sec
┌ Warning: `svd` cotangents sensitive to gauge choice: (|Δgauge| = 0.05370088502267029)
└ @ TensorKitChainRulesCoreExt ~/.julia/packages/TensorKit/esxcj/ext/TensorKitChainRulesCoreExt/factorizations.jl:254
┌ Warning: `svd` cotangents sensitive to gauge choice: (|Δgauge| = 3.529520421450714e-10)
└ @ TensorKitChainRulesCoreExt ~/.julia/packages/TensorKit/esxcj/ext/TensorKitChainRulesCoreExt/factorizations.jl:254
┌ Warning: `svd` cotangents sensitive to gauge choice: (|Δgauge| = 0.05370088500780995)
└ @ TensorKitChainRulesCoreExt ~/.julia/packages/TensorKit/esxcj/ext/TensorKitChainRulesCoreExt/factorizations.jl:254
[ Info: LBFGS: iter    1, time 1771.66 s: f = -1.679736119685, ‖∇f‖ = 1.1671e-01, α = 1.24e+02, m = 0, nfg = 5
[ Info: CTMRG init:	obj = +3.454437016225e+00	err = 1.0000e+00
[ Info: CTMRG conv 65:	obj = +3.461257713296e+00	err = 9.7243104525e-10	time = 37.35 sec
┌ Warning: `svd` cotangents sensitive to gauge choice: (|Δgauge| = 0.10578551278475165)
└ @ TensorKitChainRulesCoreExt ~/.julia/packages/TensorKit/esxcj/ext/TensorKitChainRulesCoreExt/factorizations.jl:254
┌ Warning: `svd` cotangents sensitive to gauge choice: (|Δgauge| = 4.7882188729995624e-8)
└ @ TensorKitChainRulesCoreExt ~/.julia/packages/TensorKit/esxcj/ext/TensorKitChainRulesCoreExt/factorizations.jl:254
┌ Warning: `svd` cotangents sensitive to gauge choice: (|Δgauge| = 0.10578551111470463)
└ @ TensorKitChainRulesCoreExt ~/.julia/packages/TensorKit/esxcj/ext/TensorKitChainRulesCoreExt/factorizations.jl:254
[ Info: CTMRG init:	obj = +1.809063213751e+00	err = 1.0000e+00
[ Info: CTMRG conv 59:	obj = +2.850027473938e+00	err = 9.6365056550e-10	time = 36.20 sec
┌ Warning: `svd` cotangents sensitive to gauge choice: (|Δgauge| = 0.4081957472803026)
└ @ TensorKitChainRulesCoreExt ~/.julia/packages/TensorKit/esxcj/ext/TensorKitChainRulesCoreExt/factorizations.jl:254
┌ Warning: `svd` cotangents sensitive to gauge choice: (|Δgauge| = 2.4532646467678956e-10)
└ @ TensorKitChainRulesCoreExt ~/.julia/packages/TensorKit/esxcj/ext/TensorKitChainRulesCoreExt/factorizations.jl:254
┌ Warning: `svd` cotangents sensitive to gauge choice: (|Δgauge| = 0.4081957471486471)
└ @ TensorKitChainRulesCoreExt ~/.julia/packages/TensorKit/esxcj/ext/TensorKitChainRulesCoreExt/factorizations.jl:254
[ Info: CTMRG init:	obj = +2.597194779849e+00	err = 1.0000e+00
[ Info: CTMRG conv 82:	obj = +2.894180715197e+00	err = 8.3347457118e-10	time = 51.54 sec
┌ Warning: `svd` cotangents sensitive to gauge choice: (|Δgauge| = 0.4980054285741624)
└ @ TensorKitChainRulesCoreExt ~/.julia/packages/TensorKit/esxcj/ext/TensorKitChainRulesCoreExt/factorizations.jl:254
┌ Warning: `svd` cotangents sensitive to gauge choice: (|Δgauge| = 1.8614904597915725e-9)
└ @ TensorKitChainRulesCoreExt ~/.julia/packages/TensorKit/esxcj/ext/TensorKitChainRulesCoreExt/factorizations.jl:254
┌ Warning: `svd` cotangents sensitive to gauge choice: (|Δgauge| = 0.4980054267126944)
└ @ TensorKitChainRulesCoreExt ~/.julia/packages/TensorKit/esxcj/ext/TensorKitChainRulesCoreExt/factorizations.jl:254
[ Info: CTMRG init:	obj = +3.356946803728e+00	err = 1.0000e+00
[ Info: CTMRG conv 80:	obj = +3.368149316776e+00	err = 8.2645668084e-10	time = 59.06 sec
┌ Warning: `svd` cotangents sensitive to gauge choice: (|Δgauge| = 0.1258014403387614)
└ @ TensorKitChainRulesCoreExt ~/.julia/packages/TensorKit/esxcj/ext/TensorKitChainRulesCoreExt/factorizations.jl:254
┌ Warning: `svd` cotangents sensitive to gauge choice: (|Δgauge| = 3.3367413042278994e-8)
└ @ TensorKitChainRulesCoreExt ~/.julia/packages/TensorKit/esxcj/ext/TensorKitChainRulesCoreExt/factorizations.jl:254
┌ Warning: `svd` cotangents sensitive to gauge choice: (|Δgauge| = 0.1258014388058996)
└ @ TensorKitChainRulesCoreExt ~/.julia/packages/TensorKit/esxcj/ext/TensorKitChainRulesCoreExt/factorizations.jl:254
[ Info: LBFGS: iter    2, time 2068.58 s: f = -1.717861877350, ‖∇f‖ = 1.9218e-01, α = 1.21e+00, m = 1, nfg = 4
[ Info: CTMRG init:	obj = +2.496210492518e+00	err = 1.0000e+00
[ Info: CTMRG conv 42:	obj = +2.944909692989e+00	err = 9.7633593481e-10	time = 31.89 sec
┌ Warning: `svd` cotangents sensitive to gauge choice: (|Δgauge| = 0.47108827601479386)
└ @ TensorKitChainRulesCoreExt ~/.julia/packages/TensorKit/esxcj/ext/TensorKitChainRulesCoreExt/factorizations.jl:254
┌ Warning: `svd` cotangents sensitive to gauge choice: (|Δgauge| = 1.7196393729100439e-9)
└ @ TensorKitChainRulesCoreExt ~/.julia/packages/TensorKit/esxcj/ext/TensorKitChainRulesCoreExt/factorizations.jl:254
┌ Warning: `svd` cotangents sensitive to gauge choice: (|Δgauge| = 0.4710882757270903)
└ @ TensorKitChainRulesCoreExt ~/.julia/packages/TensorKit/esxcj/ext/TensorKitChainRulesCoreExt/factorizations.jl:254
[ Info: CTMRG init:	obj = +3.205381071915e+00	err = 1.0000e+00
┌ Warning: CTMRG cancel 100:	obj = +3.213193147626e+00	err = 1.1080051016e-09	time = 1.34 min
└ @ PEPSKit ~/.julia/packages/PEPSKit/P7ER3/src/algorithms/ctmrg/ctmrg.jl:129
┌ Warning: `svd` cotangents sensitive to gauge choice: (|Δgauge| = 0.20497114298496372)
└ @ TensorKitChainRulesCoreExt ~/.julia/packages/TensorKit/esxcj/ext/TensorKitChainRulesCoreExt/factorizations.jl:254
┌ Warning: `svd` cotangents sensitive to gauge choice: (|Δgauge| = 2.1343459049378003e-8)
└ @ TensorKitChainRulesCoreExt ~/.julia/packages/TensorKit/esxcj/ext/TensorKitChainRulesCoreExt/factorizations.jl:254
┌ Warning: `svd` cotangents sensitive to gauge choice: (|Δgauge| = 0.20497112164217146)
└ @ TensorKitChainRulesCoreExt ~/.julia/packages/TensorKit/esxcj/ext/TensorKitChainRulesCoreExt/factorizations.jl:254
[ Info: CTMRG init:	obj = +3.333465153761e+00	err = 1.0000e+00
[ Info: CTMRG conv 75:	obj = +3.333730170765e+00	err = 9.7819985427e-10	time = 1.06 min
┌ Warning: `svd` cotangents sensitive to gauge choice: (|Δgauge| = 0.13748367379438328)
└ @ TensorKitChainRulesCoreExt ~/.julia/packages/TensorKit/esxcj/ext/TensorKitChainRulesCoreExt/factorizations.jl:254
┌ Warning: `svd` cotangents sensitive to gauge choice: (|Δgauge| = 1.897890863356101e-7)
└ @ TensorKitChainRulesCoreExt ~/.julia/packages/TensorKit/esxcj/ext/TensorKitChainRulesCoreExt/factorizations.jl:254
┌ Warning: `svd` cotangents sensitive to gauge choice: (|Δgauge| = 0.13748366820630542)
└ @ TensorKitChainRulesCoreExt ~/.julia/packages/TensorKit/esxcj/ext/TensorKitChainRulesCoreExt/factorizations.jl:254
[ Info: LBFGS: iter    3, time 2329.02 s: f = -1.719932288005, ‖∇f‖ = 2.7858e-01, α = 3.86e-02, m = 2, nfg = 3
[ Info: CTMRG init:	obj = +3.274475068898e+00	err = 1.0000e+00
[ Info: CTMRG conv 72:	obj = +3.295501744284e+00	err = 9.7242755370e-10	time = 1.08 min
┌ Warning: `svd` cotangents sensitive to gauge choice: (|Δgauge| = 0.2379892206087265)
└ @ TensorKitChainRulesCoreExt ~/.julia/packages/TensorKit/esxcj/ext/TensorKitChainRulesCoreExt/factorizations.jl:254
┌ Warning: `svd` cotangents sensitive to gauge choice: (|Δgauge| = 3.997943535057147e-8)
└ @ TensorKitChainRulesCoreExt ~/.julia/packages/TensorKit/esxcj/ext/TensorKitChainRulesCoreExt/factorizations.jl:254
┌ Warning: `svd` cotangents sensitive to gauge choice: (|Δgauge| = 0.23798921661404976)
└ @ TensorKitChainRulesCoreExt ~/.julia/packages/TensorKit/esxcj/ext/TensorKitChainRulesCoreExt/factorizations.jl:254
[ Info: LBFGS: iter    4, time 2421.69 s: f = -1.760411480053, ‖∇f‖ = 7.8521e-01, α = 1.00e+00, m = 3, nfg = 1
[ Info: CTMRG init:	obj = +3.292781896527e+00	err = 1.0000e+00
[ Info: CTMRG conv 47:	obj = +3.957029904766e+00	err = 7.5990785362e-10	time = 44.16 sec
┌ Warning: `svd` cotangents sensitive to gauge choice: (|Δgauge| = 0.4991921916354417)
└ @ TensorKitChainRulesCoreExt ~/.julia/packages/TensorKit/esxcj/ext/TensorKitChainRulesCoreExt/factorizations.jl:254
┌ Warning: `svd` cotangents sensitive to gauge choice: (|Δgauge| = 7.205745707121237e-10)
└ @ TensorKitChainRulesCoreExt ~/.julia/packages/TensorKit/esxcj/ext/TensorKitChainRulesCoreExt/factorizations.jl:254
┌ Warning: `svd` cotangents sensitive to gauge choice: (|Δgauge| = 0.4991921909148509)
└ @ TensorKitChainRulesCoreExt ~/.julia/packages/TensorKit/esxcj/ext/TensorKitChainRulesCoreExt/factorizations.jl:254
[ Info: CTMRG init:	obj = +3.347797841038e+00	err = 1.0000e+00
[ Info: CTMRG conv 53:	obj = +3.428834621481e+00	err = 9.8243772387e-10	time = 50.50 sec
┌ Warning: `svd` cotangents sensitive to gauge choice: (|Δgauge| = 0.3885391005498932)
└ @ TensorKitChainRulesCoreExt ~/.julia/packages/TensorKit/esxcj/ext/TensorKitChainRulesCoreExt/factorizations.jl:254
┌ Warning: `svd` cotangents sensitive to gauge choice: (|Δgauge| = 1.881174244417312e-8)
└ @ TensorKitChainRulesCoreExt ~/.julia/packages/TensorKit/esxcj/ext/TensorKitChainRulesCoreExt/factorizations.jl:254
┌ Warning: `svd` cotangents sensitive to gauge choice: (|Δgauge| = 0.3885390943999094)
└ @ TensorKitChainRulesCoreExt ~/.julia/packages/TensorKit/esxcj/ext/TensorKitChainRulesCoreExt/factorizations.jl:254
[ Info: CTMRG init:	obj = +3.327826591341e+00	err = 1.0000e+00
[ Info: CTMRG conv 58:	obj = +3.344063646617e+00	err = 9.7724163479e-10	time = 58.45 sec
┌ Warning: `svd` cotangents sensitive to gauge choice: (|Δgauge| = 0.3109628350361533)
└ @ TensorKitChainRulesCoreExt ~/.julia/packages/TensorKit/esxcj/ext/TensorKitChainRulesCoreExt/factorizations.jl:254
┌ Warning: `svd` cotangents sensitive to gauge choice: (|Δgauge| = 5.6545244103194487e-8)
└ @ TensorKitChainRulesCoreExt ~/.julia/packages/TensorKit/esxcj/ext/TensorKitChainRulesCoreExt/factorizations.jl:254
┌ Warning: `svd` cotangents sensitive to gauge choice: (|Δgauge| = 0.31096282627093286)
└ @ TensorKitChainRulesCoreExt ~/.julia/packages/TensorKit/esxcj/ext/TensorKitChainRulesCoreExt/factorizations.jl:254
[ Info: LBFGS: iter    5, time 2638.48 s: f = -1.782723138816, ‖∇f‖ = 1.1449e+00, α = 1.72e-01, m = 3, nfg = 3
[ Info: CTMRG init:	obj = +3.549721035732e+00	err = 1.0000e+00
[ Info: CTMRG conv 46:	obj = +3.560890895798e+00	err = 7.7795313671e-10	time = 46.85 sec
┌ Warning: `svd` cotangents sensitive to gauge choice: (|Δgauge| = 0.310387110364707)
└ @ TensorKitChainRulesCoreExt ~/.julia/packages/TensorKit/esxcj/ext/TensorKitChainRulesCoreExt/factorizations.jl:254
┌ Warning: `svd` cotangents sensitive to gauge choice: (|Δgauge| = 3.27354052828003e-8)
└ @ TensorKitChainRulesCoreExt ~/.julia/packages/TensorKit/esxcj/ext/TensorKitChainRulesCoreExt/factorizations.jl:254
┌ Warning: `svd` cotangents sensitive to gauge choice: (|Δgauge| = 0.31038710335062786)
└ @ TensorKitChainRulesCoreExt ~/.julia/packages/TensorKit/esxcj/ext/TensorKitChainRulesCoreExt/factorizations.jl:254
[ Info: LBFGS: iter    6, time 2703.80 s: f = -1.828335680775, ‖∇f‖ = 6.9669e-01, α = 1.00e+00, m = 3, nfg = 1
[ Info: CTMRG init:	obj = +3.779865439176e+00	err = 1.0000e+00
[ Info: CTMRG conv 38:	obj = +3.783406044155e+00	err = 9.1639949494e-10	time = 39.41 sec
┌ Warning: `svd` cotangents sensitive to gauge choice: (|Δgauge| = 0.2749273530744719)
└ @ TensorKitChainRulesCoreExt ~/.julia/packages/TensorKit/esxcj/ext/TensorKitChainRulesCoreExt/factorizations.jl:254
┌ Warning: `svd` cotangents sensitive to gauge choice: (|Δgauge| = 3.1646428383178285e-8)
└ @ TensorKitChainRulesCoreExt ~/.julia/packages/TensorKit/esxcj/ext/TensorKitChainRulesCoreExt/factorizations.jl:254
┌ Warning: `svd` cotangents sensitive to gauge choice: (|Δgauge| = 0.2749273454488611)
└ @ TensorKitChainRulesCoreExt ~/.julia/packages/TensorKit/esxcj/ext/TensorKitChainRulesCoreExt/factorizations.jl:254
[ Info: LBFGS: iter    7, time 2759.74 s: f = -1.859225385795, ‖∇f‖ = 3.3792e-01, α = 1.00e+00, m = 3, nfg = 1
[ Info: CTMRG init:	obj = +4.091427419173e+00	err = 1.0000e+00
[ Info: CTMRG conv 32:	obj = +4.100476026549e+00	err = 7.4415897796e-10	time = 34.79 sec
┌ Warning: `svd` cotangents sensitive to gauge choice: (|Δgauge| = 0.2489562866499147)
└ @ TensorKitChainRulesCoreExt ~/.julia/packages/TensorKit/esxcj/ext/TensorKitChainRulesCoreExt/factorizations.jl:254
┌ Warning: `svd` cotangents sensitive to gauge choice: (|Δgauge| = 3.616905912095374e-8)
└ @ TensorKitChainRulesCoreExt ~/.julia/packages/TensorKit/esxcj/ext/TensorKitChainRulesCoreExt/factorizations.jl:254
┌ Warning: `svd` cotangents sensitive to gauge choice: (|Δgauge| = 0.24895627264729336)
└ @ TensorKitChainRulesCoreExt ~/.julia/packages/TensorKit/esxcj/ext/TensorKitChainRulesCoreExt/factorizations.jl:254
[ Info: LBFGS: iter    8, time 2808.17 s: f = -1.881408233056, ‖∇f‖ = 2.5436e-01, α = 1.00e+00, m = 3, nfg = 1
[ Info: CTMRG init:	obj = +4.950603971549e+00	err = 1.0000e+00
[ Info: CTMRG conv 20:	obj = +5.153199042978e+00	err = 9.7845212837e-10	time = 21.69 sec
┌ Warning: `svd` cotangents sensitive to gauge choice: (|Δgauge| = 0.07803906434276112)
└ @ TensorKitChainRulesCoreExt ~/.julia/packages/TensorKit/esxcj/ext/TensorKitChainRulesCoreExt/factorizations.jl:254
┌ Warning: `svd` cotangents sensitive to gauge choice: (|Δgauge| = 1.7138631146963497e-9)
└ @ TensorKitChainRulesCoreExt ~/.julia/packages/TensorKit/esxcj/ext/TensorKitChainRulesCoreExt/factorizations.jl:254
┌ Warning: `svd` cotangents sensitive to gauge choice: (|Δgauge| = 0.07803906437409552)
└ @ TensorKitChainRulesCoreExt ~/.julia/packages/TensorKit/esxcj/ext/TensorKitChainRulesCoreExt/factorizations.jl:254
[ Info: CTMRG init:	obj = +4.473380684982e+00	err = 1.0000e+00
[ Info: CTMRG conv 25:	obj = +4.525171776461e+00	err = 5.6820945083e-10	time = 27.38 sec
┌ Warning: `svd` cotangents sensitive to gauge choice: (|Δgauge| = 0.14828080625029016)
└ @ TensorKitChainRulesCoreExt ~/.julia/packages/TensorKit/esxcj/ext/TensorKitChainRulesCoreExt/factorizations.jl:254
┌ Warning: `svd` cotangents sensitive to gauge choice: (|Δgauge| = 4.08747313498444e-9)
└ @ TensorKitChainRulesCoreExt ~/.julia/packages/TensorKit/esxcj/ext/TensorKitChainRulesCoreExt/factorizations.jl:254
┌ Warning: `svd` cotangents sensitive to gauge choice: (|Δgauge| = 0.14828080573969477)
└ @ TensorKitChainRulesCoreExt ~/.julia/packages/TensorKit/esxcj/ext/TensorKitChainRulesCoreExt/factorizations.jl:254
[ Info: CTMRG init:	obj = +4.272528781858e+00	err = 1.0000e+00
[ Info: CTMRG conv 27:	obj = +4.285107766190e+00	err = 9.5467970140e-10	time = 30.26 sec
┌ Warning: `svd` cotangents sensitive to gauge choice: (|Δgauge| = 0.1940553046598234)
└ @ TensorKitChainRulesCoreExt ~/.julia/packages/TensorKit/esxcj/ext/TensorKitChainRulesCoreExt/factorizations.jl:254
┌ Warning: `svd` cotangents sensitive to gauge choice: (|Δgauge| = 2.2392650355891873e-8)
└ @ TensorKitChainRulesCoreExt ~/.julia/packages/TensorKit/esxcj/ext/TensorKitChainRulesCoreExt/factorizations.jl:254
┌ Warning: `svd` cotangents sensitive to gauge choice: (|Δgauge| = 0.1940552994265535)
└ @ TensorKitChainRulesCoreExt ~/.julia/packages/TensorKit/esxcj/ext/TensorKitChainRulesCoreExt/factorizations.jl:254
[ Info: LBFGS: iter    9, time 2923.97 s: f = -1.886271536748, ‖∇f‖ = 1.2822e-01, α = 2.10e-01, m = 3, nfg = 3
[ Info: CTMRG init:	obj = +4.585599902156e+00	err = 1.0000e+00
[ Info: CTMRG conv 22:	obj = +4.598503682480e+00	err = 9.6237791247e-10	time = 25.40 sec
┌ Warning: `svd` cotangents sensitive to gauge choice: (|Δgauge| = 0.1839827301751969)
└ @ TensorKitChainRulesCoreExt ~/.julia/packages/TensorKit/esxcj/ext/TensorKitChainRulesCoreExt/factorizations.jl:254
┌ Warning: `svd` cotangents sensitive to gauge choice: (|Δgauge| = 1.882642753513313e-7)
└ @ TensorKitChainRulesCoreExt ~/.julia/packages/TensorKit/esxcj/ext/TensorKitChainRulesCoreExt/factorizations.jl:254
┌ Warning: `svd` cotangents sensitive to gauge choice: (|Δgauge| = 0.1839826396421127)
└ @ TensorKitChainRulesCoreExt ~/.julia/packages/TensorKit/esxcj/ext/TensorKitChainRulesCoreExt/factorizations.jl:254
[ Info: LBFGS: iter   10, time 2960.36 s: f = -1.902929502140, ‖∇f‖ = 5.5595e-02, α = 1.00e+00, m = 3, nfg = 1
[ Info: CTMRG init:	obj = +4.992078544809e+00	err = 1.0000e+00
[ Info: CTMRG conv 23:	obj = +5.002448011780e+00	err = 8.2899787949e-10	time = 26.83 sec
┌ Warning: `svd` cotangents sensitive to gauge choice: (|Δgauge| = 0.16272610676201502)
└ @ TensorKitChainRulesCoreExt ~/.julia/packages/TensorKit/esxcj/ext/TensorKitChainRulesCoreExt/factorizations.jl:254
┌ Warning: `svd` cotangents sensitive to gauge choice: (|Δgauge| = 4.139165681047459e-8)
└ @ TensorKitChainRulesCoreExt ~/.julia/packages/TensorKit/esxcj/ext/TensorKitChainRulesCoreExt/factorizations.jl:254
┌ Warning: `svd` cotangents sensitive to gauge choice: (|Δgauge| = 0.16272608035089942)
└ @ TensorKitChainRulesCoreExt ~/.julia/packages/TensorKit/esxcj/ext/TensorKitChainRulesCoreExt/factorizations.jl:254
[ Info: LBFGS: iter   11, time 2999.11 s: f = -1.914830000984, ‖∇f‖ = 6.4686e-02, α = 1.00e+00, m = 3, nfg = 1
[ Info: CTMRG init:	obj = +5.566180998269e+00	err = 1.0000e+00
[ Info: CTMRG conv 22:	obj = +5.597118282870e+00	err = 7.8089791097e-10	time = 26.56 sec
┌ Warning: `svd` cotangents sensitive to gauge choice: (|Δgauge| = 0.15176433116774707)
└ @ TensorKitChainRulesCoreExt ~/.julia/packages/TensorKit/esxcj/ext/TensorKitChainRulesCoreExt/factorizations.jl:254
┌ Warning: `svd` cotangents sensitive to gauge choice: (|Δgauge| = 5.454537884394617e-8)
└ @ TensorKitChainRulesCoreExt ~/.julia/packages/TensorKit/esxcj/ext/TensorKitChainRulesCoreExt/factorizations.jl:254
┌ Warning: `svd` cotangents sensitive to gauge choice: (|Δgauge| = 0.15176428373294804)
└ @ TensorKitChainRulesCoreExt ~/.julia/packages/TensorKit/esxcj/ext/TensorKitChainRulesCoreExt/factorizations.jl:254
[ Info: LBFGS: iter   12, time 3037.53 s: f = -1.937460346058, ‖∇f‖ = 6.2515e-02, α = 1.00e+00, m = 3, nfg = 1
[ Info: CTMRG init:	obj = +3.038037956488e+00	err = 1.0000e+00
[ Info: CTMRG conv 55:	obj = +5.721837387686e+00	err = 8.9411755029e-10	time = 1.12 min
┌ Warning: `svd` cotangents sensitive to gauge choice: (|Δgauge| = 0.5196953234368531)
└ @ TensorKitChainRulesCoreExt ~/.julia/packages/TensorKit/esxcj/ext/TensorKitChainRulesCoreExt/factorizations.jl:254
┌ Warning: `svd` cotangents sensitive to gauge choice: (|Δgauge| = 0.5196953234362056)
└ @ TensorKitChainRulesCoreExt ~/.julia/packages/TensorKit/esxcj/ext/TensorKitChainRulesCoreExt/factorizations.jl:254
[ Info: CTMRG init:	obj = +5.553890054825e+00	err = 1.0000e+00
[ Info: CTMRG conv 24:	obj = +5.557381299958e+00	err = 8.5808015419e-10	time = 30.01 sec
┌ Warning: `svd` cotangents sensitive to gauge choice: (|Δgauge| = 0.1541601207981197)
└ @ TensorKitChainRulesCoreExt ~/.julia/packages/TensorKit/esxcj/ext/TensorKitChainRulesCoreExt/factorizations.jl:254
┌ Warning: `svd` cotangents sensitive to gauge choice: (|Δgauge| = 6.429397309376611e-8)
└ @ TensorKitChainRulesCoreExt ~/.julia/packages/TensorKit/esxcj/ext/TensorKitChainRulesCoreExt/factorizations.jl:254
┌ Warning: `svd` cotangents sensitive to gauge choice: (|Δgauge| = 0.15416006691018036)
└ @ TensorKitChainRulesCoreExt ~/.julia/packages/TensorKit/esxcj/ext/TensorKitChainRulesCoreExt/factorizations.jl:254
[ Info: LBFGS: iter   13, time 3169.75 s: f = -1.944047799971, ‖∇f‖ = 9.1155e-02, α = 5.21e-02, m = 3, nfg = 2
[ Info: CTMRG init:	obj = +3.792892572768e+00	err = 1.0000e+00
[ Info: CTMRG conv 48:	obj = +5.512541663423e+00	err = 6.1897229518e-10	time = 1.00 min
┌ Warning: `svd` cotangents sensitive to gauge choice: (|Δgauge| = 0.5767778320789223)
└ @ TensorKitChainRulesCoreExt ~/.julia/packages/TensorKit/esxcj/ext/TensorKitChainRulesCoreExt/factorizations.jl:254
┌ Warning: `svd` cotangents sensitive to gauge choice: (|Δgauge| = 0.5767778320785506)
└ @ TensorKitChainRulesCoreExt ~/.julia/packages/TensorKit/esxcj/ext/TensorKitChainRulesCoreExt/factorizations.jl:254
[ Info: CTMRG init:	obj = +5.565635165724e+00	err = 1.0000e+00
[ Info: CTMRG conv 24:	obj = +5.567142308893e+00	err = 6.3702954816e-10	time = 30.80 sec
┌ Warning: `svd` cotangents sensitive to gauge choice: (|Δgauge| = 0.15428692638388178)
└ @ TensorKitChainRulesCoreExt ~/.julia/packages/TensorKit/esxcj/ext/TensorKitChainRulesCoreExt/factorizations.jl:254
┌ Warning: `svd` cotangents sensitive to gauge choice: (|Δgauge| = 1.257803965736865e-7)
└ @ TensorKitChainRulesCoreExt ~/.julia/packages/TensorKit/esxcj/ext/TensorKitChainRulesCoreExt/factorizations.jl:254
┌ Warning: `svd` cotangents sensitive to gauge choice: (|Δgauge| = 0.15428682100649438)
└ @ TensorKitChainRulesCoreExt ~/.julia/packages/TensorKit/esxcj/ext/TensorKitChainRulesCoreExt/factorizations.jl:254
[ Info: CTMRG init:	obj = +5.094163675278e+00	err = 1.0000e+00
[ Info: CTMRG conv 98:	obj = +5.328335398984e+00	err = 9.8162950240e-10	time = 2.15 min
┌ Warning: `svd` cotangents sensitive to gauge choice: (|Δgauge| = 0.3070198639495638)
└ @ TensorKitChainRulesCoreExt ~/.julia/packages/TensorKit/esxcj/ext/TensorKitChainRulesCoreExt/factorizations.jl:254
┌ Warning: `svd` cotangents sensitive to gauge choice: (|Δgauge| = 1.2858363530079892e-9)
└ @ TensorKitChainRulesCoreExt ~/.julia/packages/TensorKit/esxcj/ext/TensorKitChainRulesCoreExt/factorizations.jl:254
┌ Warning: `svd` cotangents sensitive to gauge choice: (|Δgauge| = 0.3070198626637193)
└ @ TensorKitChainRulesCoreExt ~/.julia/packages/TensorKit/esxcj/ext/TensorKitChainRulesCoreExt/factorizations.jl:254
[ Info: CTMRG init:	obj = +5.559420120805e+00	err = 1.0000e+00
[ Info: CTMRG conv 28:	obj = +5.569426591416e+00	err = 7.5037878602e-10	time = 39.34 sec
┌ Warning: `svd` cotangents sensitive to gauge choice: (|Δgauge| = 0.1555264598503572)
└ @ TensorKitChainRulesCoreExt ~/.julia/packages/TensorKit/esxcj/ext/TensorKitChainRulesCoreExt/factorizations.jl:254
┌ Warning: `svd` cotangents sensitive to gauge choice: (|Δgauge| = 6.069985423629414e-8)
└ @ TensorKitChainRulesCoreExt ~/.julia/packages/TensorKit/esxcj/ext/TensorKitChainRulesCoreExt/factorizations.jl:254
┌ Warning: `svd` cotangents sensitive to gauge choice: (|Δgauge| = 0.15552640742334975)
└ @ TensorKitChainRulesCoreExt ~/.julia/packages/TensorKit/esxcj/ext/TensorKitChainRulesCoreExt/factorizations.jl:254
[ Info: LBFGS: iter   14, time 3510.14 s: f = -1.957562269811, ‖∇f‖ = 1.1648e-01, α = 1.17e-01, m = 3, nfg = 4
[ Info: CTMRG init:	obj = +2.760508042608e+00	err = 1.0000e+00
[ Info: CTMRG conv 82:	obj = +6.850972354165e+00	err = 9.1298364533e-10	time = 1.96 min
┌ Warning: `svd` cotangents sensitive to gauge choice: (|Δgauge| = 0.04777138574118974)
└ @ TensorKitChainRulesCoreExt ~/.julia/packages/TensorKit/esxcj/ext/TensorKitChainRulesCoreExt/factorizations.jl:254
┌ Warning: `svd` cotangents sensitive to gauge choice: (|Δgauge| = 1.451322809444515e-9)
└ @ TensorKitChainRulesCoreExt ~/.julia/packages/TensorKit/esxcj/ext/TensorKitChainRulesCoreExt/factorizations.jl:254
┌ Warning: `svd` cotangents sensitive to gauge choice: (|Δgauge| = 0.04777138571043147)
└ @ TensorKitChainRulesCoreExt ~/.julia/packages/TensorKit/esxcj/ext/TensorKitChainRulesCoreExt/factorizations.jl:254
[ Info: CTMRG init:	obj = +5.432377636903e+00	err = 1.0000e+00
[ Info: CTMRG conv 47:	obj = +5.464014625298e+00	err = 8.0953364725e-10	time = 1.14 min
┌ Warning: `svd` cotangents sensitive to gauge choice: (|Δgauge| = 0.16359604614789394)
└ @ TensorKitChainRulesCoreExt ~/.julia/packages/TensorKit/esxcj/ext/TensorKitChainRulesCoreExt/factorizations.jl:254
┌ Warning: `svd` cotangents sensitive to gauge choice: (|Δgauge| = 1.4677235527985535e-8)
└ @ TensorKitChainRulesCoreExt ~/.julia/packages/TensorKit/esxcj/ext/TensorKitChainRulesCoreExt/factorizations.jl:254
┌ Warning: `svd` cotangents sensitive to gauge choice: (|Δgauge| = 0.16359603329451655)
└ @ TensorKitChainRulesCoreExt ~/.julia/packages/TensorKit/esxcj/ext/TensorKitChainRulesCoreExt/factorizations.jl:254
[ Info: LBFGS: iter   15, time 3749.46 s: f = -1.978589596066, ‖∇f‖ = 1.8799e-01, α = 1.65e-01, m = 3, nfg = 2
[ Info: CTMRG init:	obj = +5.176998849552e+00	err = 1.0000e+00
┌ Warning: CTMRG cancel 100:	obj = +5.268684179373e+00	err = 3.0239277233e-07	time = 2.49 min
└ @ PEPSKit ~/.julia/packages/PEPSKit/P7ER3/src/algorithms/ctmrg/ctmrg.jl:129
┌ Warning: `svd` cotangents sensitive to gauge choice: (|Δgauge| = 0.28405520371468274)
└ @ TensorKitChainRulesCoreExt ~/.julia/packages/TensorKit/esxcj/ext/TensorKitChainRulesCoreExt/factorizations.jl:254
┌ Warning: `svd` cotangents sensitive to gauge choice: (|Δgauge| = 1.5152103462251748e-7)
└ @ TensorKitChainRulesCoreExt ~/.julia/packages/TensorKit/esxcj/ext/TensorKitChainRulesCoreExt/factorizations.jl:254
┌ Warning: `svd` cotangents sensitive to gauge choice: (|Δgauge| = 0.2840550642430213)
└ @ TensorKitChainRulesCoreExt ~/.julia/packages/TensorKit/esxcj/ext/TensorKitChainRulesCoreExt/factorizations.jl:254
[ Info: CTMRG init:	obj = +5.440004464051e+00	err = 1.0000e+00
[ Info: CTMRG conv 46:	obj = +5.442193777866e+00	err = 8.4412765252e-10	time = 1.19 min
┌ Warning: `svd` cotangents sensitive to gauge choice: (|Δgauge| = 0.16209876931442996)
└ @ TensorKitChainRulesCoreExt ~/.julia/packages/TensorKit/esxcj/ext/TensorKitChainRulesCoreExt/factorizations.jl:254
┌ Warning: `svd` cotangents sensitive to gauge choice: (|Δgauge| = 7.694513195272345e-8)
└ @ TensorKitChainRulesCoreExt ~/.julia/packages/TensorKit/esxcj/ext/TensorKitChainRulesCoreExt/factorizations.jl:254
┌ Warning: `svd` cotangents sensitive to gauge choice: (|Δgauge| = 0.16209870244230312)
└ @ TensorKitChainRulesCoreExt ~/.julia/packages/TensorKit/esxcj/ext/TensorKitChainRulesCoreExt/factorizations.jl:254
[ Info: LBFGS: iter   16, time 4025.28 s: f = -1.984884769961, ‖∇f‖ = 1.9110e-01, α = 1.79e-01, m = 3, nfg = 2
[ Info: CTMRG init:	obj = +6.182564896430e+00	err = 1.0000e+00
[ Info: CTMRG conv 23:	obj = +6.357954954557e+00	err = 7.6411357249e-10	time = 36.06 sec
┌ Warning: `svd` cotangents sensitive to gauge choice: (|Δgauge| = 0.10967224562728187)
└ @ TensorKitChainRulesCoreExt ~/.julia/packages/TensorKit/esxcj/ext/TensorKitChainRulesCoreExt/factorizations.jl:254
┌ Warning: `svd` cotangents sensitive to gauge choice: (|Δgauge| = 2.6426559431100077e-10)
└ @ TensorKitChainRulesCoreExt ~/.julia/packages/TensorKit/esxcj/ext/TensorKitChainRulesCoreExt/factorizations.jl:254
┌ Warning: `svd` cotangents sensitive to gauge choice: (|Δgauge| = 0.10967224536353619)
└ @ TensorKitChainRulesCoreExt ~/.julia/packages/TensorKit/esxcj/ext/TensorKitChainRulesCoreExt/factorizations.jl:254
[ Info: CTMRG init:	obj = +5.800425754232e+00	err = 1.0000e+00
[ Info: CTMRG conv 34:	obj = +5.830590178142e+00	err = 8.9433617079e-10	time = 53.72 sec
┌ Warning: `svd` cotangents sensitive to gauge choice: (|Δgauge| = 0.1207494160091607)
└ @ TensorKitChainRulesCoreExt ~/.julia/packages/TensorKit/esxcj/ext/TensorKitChainRulesCoreExt/factorizations.jl:254
┌ Warning: `svd` cotangents sensitive to gauge choice: (|Δgauge| = 3.4536460952478626e-9)
└ @ TensorKitChainRulesCoreExt ~/.julia/packages/TensorKit/esxcj/ext/TensorKitChainRulesCoreExt/factorizations.jl:254
┌ Warning: `svd` cotangents sensitive to gauge choice: (|Δgauge| = 0.12074941255523486)
└ @ TensorKitChainRulesCoreExt ~/.julia/packages/TensorKit/esxcj/ext/TensorKitChainRulesCoreExt/factorizations.jl:254
[ Info: LBFGS: iter   17, time 4142.63 s: f = -1.990070136079, ‖∇f‖ = 1.4424e-01, α = 4.09e-01, m = 3, nfg = 2
[ Info: CTMRG init:	obj = +5.506951659934e+00	err = 1.0000e+00
[ Info: CTMRG conv 60:	obj = +5.530121911617e+00	err = 9.5690494845e-10	time = 1.61 min
┌ Warning: `svd` cotangents sensitive to gauge choice: (|Δgauge| = 0.1391143786447413)
└ @ TensorKitChainRulesCoreExt ~/.julia/packages/TensorKit/esxcj/ext/TensorKitChainRulesCoreExt/factorizations.jl:254
┌ Warning: `svd` cotangents sensitive to gauge choice: (|Δgauge| = 9.236307515633783e-9)
└ @ TensorKitChainRulesCoreExt ~/.julia/packages/TensorKit/esxcj/ext/TensorKitChainRulesCoreExt/factorizations.jl:254
┌ Warning: `svd` cotangents sensitive to gauge choice: (|Δgauge| = 0.13911436940839064)
└ @ TensorKitChainRulesCoreExt ~/.julia/packages/TensorKit/esxcj/ext/TensorKitChainRulesCoreExt/factorizations.jl:254
[ Info: LBFGS: iter   18, time 4262.03 s: f = -2.001053521611, ‖∇f‖ = 7.1861e-02, α = 1.00e+00, m = 3, nfg = 1
[ Info: CTMRG init:	obj = +5.505247273303e+00	err = 1.0000e+00
[ Info: CTMRG conv 66:	obj = +5.506182630040e+00	err = 9.7834163720e-10	time = 1.81 min
┌ Warning: `svd` cotangents sensitive to gauge choice: (|Δgauge| = 0.1418800584906128)
└ @ TensorKitChainRulesCoreExt ~/.julia/packages/TensorKit/esxcj/ext/TensorKitChainRulesCoreExt/factorizations.jl:254
┌ Warning: `svd` cotangents sensitive to gauge choice: (|Δgauge| = 1.6787423092644562e-8)
└ @ TensorKitChainRulesCoreExt ~/.julia/packages/TensorKit/esxcj/ext/TensorKitChainRulesCoreExt/factorizations.jl:254
┌ Warning: `svd` cotangents sensitive to gauge choice: (|Δgauge| = 0.1418800417031077)
└ @ TensorKitChainRulesCoreExt ~/.julia/packages/TensorKit/esxcj/ext/TensorKitChainRulesCoreExt/factorizations.jl:254
[ Info: LBFGS: iter   19, time 4395.84 s: f = -2.004581710601, ‖∇f‖ = 8.4951e-02, α = 1.00e+00, m = 3, nfg = 1
[ Info: CTMRG init:	obj = +5.545696035797e+00	err = 1.0000e+00
┌ Warning: CTMRG cancel 100:	obj = +5.557504374205e+00	err = 6.6252034640e-08	time = 2.85 min
└ @ PEPSKit ~/.julia/packages/PEPSKit/P7ER3/src/algorithms/ctmrg/ctmrg.jl:129
┌ Warning: `svd` cotangents sensitive to gauge choice: (|Δgauge| = 0.16478940500843436)
└ @ TensorKitChainRulesCoreExt ~/.julia/packages/TensorKit/esxcj/ext/TensorKitChainRulesCoreExt/factorizations.jl:254
┌ Warning: `svd` cotangents sensitive to gauge choice: (|Δgauge| = 1.6964542792209978e-7)
└ @ TensorKitChainRulesCoreExt ~/.julia/packages/TensorKit/esxcj/ext/TensorKitChainRulesCoreExt/factorizations.jl:254
┌ Warning: `svd` cotangents sensitive to gauge choice: (|Δgauge| = 0.16478930888387622)
└ @ TensorKitChainRulesCoreExt ~/.julia/packages/TensorKit/esxcj/ext/TensorKitChainRulesCoreExt/factorizations.jl:254
[ Info: LBFGS: iter   20, time 4604.59 s: f = -2.013095303095, ‖∇f‖ = 1.9682e-01, α = 1.00e+00, m = 3, nfg = 1
[ Info: CTMRG init:	obj = +5.684905399640e+00	err = 1.0000e+00
[ Info: CTMRG conv 87:	obj = +5.691370277563e+00	err = 9.7644455930e-10	time = 2.63 min
┌ Warning: `svd` cotangents sensitive to gauge choice: (|Δgauge| = 0.12116390113021684)
└ @ TensorKitChainRulesCoreExt ~/.julia/packages/TensorKit/esxcj/ext/TensorKitChainRulesCoreExt/factorizations.jl:254
┌ Warning: `svd` cotangents sensitive to gauge choice: (|Δgauge| = 1.0850767937127285e-9)
└ @ TensorKitChainRulesCoreExt ~/.julia/packages/TensorKit/esxcj/ext/TensorKitChainRulesCoreExt/factorizations.jl:254
┌ Warning: `svd` cotangents sensitive to gauge choice: (|Δgauge| = 0.12116390031706875)
└ @ TensorKitChainRulesCoreExt ~/.julia/packages/TensorKit/esxcj/ext/TensorKitChainRulesCoreExt/factorizations.jl:254
[ Info: LBFGS: iter   21, time 4795.38 s: f = -2.016513554130, ‖∇f‖ = 4.6362e-02, α = 1.00e+00, m = 3, nfg = 1
[ Info: CTMRG init:	obj = +5.703144345179e+00	err = 1.0000e+00
[ Info: CTMRG conv 80:	obj = +5.703393032753e+00	err = 8.9177745137e-10	time = 2.45 min
┌ Warning: `svd` cotangents sensitive to gauge choice: (|Δgauge| = 0.12385981789941478)
└ @ TensorKitChainRulesCoreExt ~/.julia/packages/TensorKit/esxcj/ext/TensorKitChainRulesCoreExt/factorizations.jl:254
┌ Warning: `svd` cotangents sensitive to gauge choice: (|Δgauge| = 1.884375789120539e-8)
└ @ TensorKitChainRulesCoreExt ~/.julia/packages/TensorKit/esxcj/ext/TensorKitChainRulesCoreExt/factorizations.jl:254
┌ Warning: `svd` cotangents sensitive to gauge choice: (|Δgauge| = 0.12385980377869513)
└ @ TensorKitChainRulesCoreExt ~/.julia/packages/TensorKit/esxcj/ext/TensorKitChainRulesCoreExt/factorizations.jl:254
[ Info: LBFGS: iter   22, time 4972.16 s: f = -2.017149659392, ‖∇f‖ = 4.0196e-02, α = 1.00e+00, m = 3, nfg = 1
[ Info: CTMRG init:	obj = +5.743094550051e+00	err = 1.0000e+00
┌ Warning: CTMRG cancel 100:	obj = +5.745735387036e+00	err = 1.6759186336e-08	time = 3.17 min
└ @ PEPSKit ~/.julia/packages/PEPSKit/P7ER3/src/algorithms/ctmrg/ctmrg.jl:129
┌ Warning: `svd` cotangents sensitive to gauge choice: (|Δgauge| = 0.1442401689659699)
└ @ TensorKitChainRulesCoreExt ~/.julia/packages/TensorKit/esxcj/ext/TensorKitChainRulesCoreExt/factorizations.jl:254
┌ Warning: `svd` cotangents sensitive to gauge choice: (|Δgauge| = 6.650710708262366e-8)
└ @ TensorKitChainRulesCoreExt ~/.julia/packages/TensorKit/esxcj/ext/TensorKitChainRulesCoreExt/factorizations.jl:254
┌ Warning: `svd` cotangents sensitive to gauge choice: (|Δgauge| = 0.14424012341399228)
└ @ TensorKitChainRulesCoreExt ~/.julia/packages/TensorKit/esxcj/ext/TensorKitChainRulesCoreExt/factorizations.jl:254
[ Info: LBFGS: iter   23, time 5198.02 s: f = -2.020120844373, ‖∇f‖ = 4.8985e-02, α = 1.00e+00, m = 3, nfg = 1
[ Info: CTMRG init:	obj = +5.860351823780e+00	err = 1.0000e+00
┌ Warning: CTMRG cancel 100:	obj = +5.869380291465e+00	err = 4.9424721266e-06	time = 3.30 min
└ @ PEPSKit ~/.julia/packages/PEPSKit/P7ER3/src/algorithms/ctmrg/ctmrg.jl:129
┌ Warning: `svd` cotangents sensitive to gauge choice: (|Δgauge| = 0.2149473359135711)
└ @ TensorKitChainRulesCoreExt ~/.julia/packages/TensorKit/esxcj/ext/TensorKitChainRulesCoreExt/factorizations.jl:254
┌ Warning: `svd` cotangents sensitive to gauge choice: (|Δgauge| = 1.7578228406930074e-6)
└ @ TensorKitChainRulesCoreExt ~/.julia/packages/TensorKit/esxcj/ext/TensorKitChainRulesCoreExt/factorizations.jl:254
┌ Warning: `svd` cotangents sensitive to gauge choice: (|Δgauge| = 0.21494618273241473)
└ @ TensorKitChainRulesCoreExt ~/.julia/packages/TensorKit/esxcj/ext/TensorKitChainRulesCoreExt/factorizations.jl:254
[ Info: LBFGS: iter   24, time 5430.39 s: f = -2.023719153754, ‖∇f‖ = 1.4280e-01, α = 1.00e+00, m = 3, nfg = 1
[ Info: CTMRG init:	obj = +6.025172590947e+00	err = 1.0000e+00
┌ Warning: CTMRG cancel 100:	obj = +6.028189040750e+00	err = 4.3211096378e-08	time = 3.37 min
└ @ PEPSKit ~/.julia/packages/PEPSKit/P7ER3/src/algorithms/ctmrg/ctmrg.jl:129
┌ Warning: `svd` cotangents sensitive to gauge choice: (|Δgauge| = 0.20334205942043013)
└ @ TensorKitChainRulesCoreExt ~/.julia/packages/TensorKit/esxcj/ext/TensorKitChainRulesCoreExt/factorizations.jl:254
┌ Warning: `svd` cotangents sensitive to gauge choice: (|Δgauge| = 6.959099742400978e-7)
└ @ TensorKitChainRulesCoreExt ~/.julia/packages/TensorKit/esxcj/ext/TensorKitChainRulesCoreExt/factorizations.jl:254
┌ Warning: `svd` cotangents sensitive to gauge choice: (|Δgauge| = 0.20334156245089813)
└ @ TensorKitChainRulesCoreExt ~/.julia/packages/TensorKit/esxcj/ext/TensorKitChainRulesCoreExt/factorizations.jl:254
[ Info: LBFGS: iter   25, time 5667.37 s: f = -2.028077557585, ‖∇f‖ = 4.9953e-02, α = 1.00e+00, m = 3, nfg = 1
[ Info: CTMRG init:	obj = +6.087293020053e+00	err = 1.0000e+00
┌ Warning: CTMRG cancel 100:	obj = +6.088056940642e+00	err = 1.1523115309e-06	time = 3.51 min
└ @ PEPSKit ~/.julia/packages/PEPSKit/P7ER3/src/algorithms/ctmrg/ctmrg.jl:129
┌ Warning: `svd` cotangents sensitive to gauge choice: (|Δgauge| = 0.21033128573665819)
└ @ TensorKitChainRulesCoreExt ~/.julia/packages/TensorKit/esxcj/ext/TensorKitChainRulesCoreExt/factorizations.jl:254
┌ Warning: `svd` cotangents sensitive to gauge choice: (|Δgauge| = 4.810246090331727e-7)
└ @ TensorKitChainRulesCoreExt ~/.julia/packages/TensorKit/esxcj/ext/TensorKitChainRulesCoreExt/factorizations.jl:254
┌ Warning: `svd` cotangents sensitive to gauge choice: (|Δgauge| = 0.21033088546554907)
└ @ TensorKitChainRulesCoreExt ~/.julia/packages/TensorKit/esxcj/ext/TensorKitChainRulesCoreExt/factorizations.jl:254
[ Info: LBFGS: iter   26, time 5912.72 s: f = -2.029791784426, ‖∇f‖ = 6.3048e-02, α = 1.00e+00, m = 3, nfg = 1
[ Info: CTMRG init:	obj = +6.225774732834e+00	err = 1.0000e+00
┌ Warning: CTMRG cancel 100:	obj = +6.239955214986e+00	err = 3.0301036872e-08	time = 3.60 min
└ @ PEPSKit ~/.julia/packages/PEPSKit/P7ER3/src/algorithms/ctmrg/ctmrg.jl:129
┌ Warning: `svd` cotangents sensitive to gauge choice: (|Δgauge| = 0.24828646290696843)
└ @ TensorKitChainRulesCoreExt ~/.julia/packages/TensorKit/esxcj/ext/TensorKitChainRulesCoreExt/factorizations.jl:254
┌ Warning: `svd` cotangents sensitive to gauge choice: (|Δgauge| = 6.114137647477895e-11)
└ @ TensorKitChainRulesCoreExt ~/.julia/packages/TensorKit/esxcj/ext/TensorKitChainRulesCoreExt/factorizations.jl:254
┌ Warning: `svd` cotangents sensitive to gauge choice: (|Δgauge| = 0.24828646284989947)
└ @ TensorKitChainRulesCoreExt ~/.julia/packages/TensorKit/esxcj/ext/TensorKitChainRulesCoreExt/factorizations.jl:254
[ Info: LBFGS: iter   27, time 6165.61 s: f = -2.033592502688, ‖∇f‖ = 1.3906e-01, α = 1.00e+00, m = 3, nfg = 1
[ Info: CTMRG init:	obj = +6.324039141532e+00	err = 1.0000e+00
[ Info: CTMRG conv 72:	obj = +6.334909505838e+00	err = 7.2531889765e-10	time = 2.69 min
┌ Warning: `svd` cotangents sensitive to gauge choice: (|Δgauge| = 0.26992586620128106)
└ @ TensorKitChainRulesCoreExt ~/.julia/packages/TensorKit/esxcj/ext/TensorKitChainRulesCoreExt/factorizations.jl:254
┌ Warning: `svd` cotangents sensitive to gauge choice: (|Δgauge| = 0.26992586620130815)
└ @ TensorKitChainRulesCoreExt ~/.julia/packages/TensorKit/esxcj/ext/TensorKitChainRulesCoreExt/factorizations.jl:254
[ Info: LBFGS: iter   28, time 6353.08 s: f = -2.035358391093, ‖∇f‖ = 1.2836e-01, α = 1.00e+00, m = 3, nfg = 1
[ Info: CTMRG init:	obj = +6.461327893999e+00	err = 1.0000e+00
[ Info: CTMRG conv 57:	obj = +6.465362169428e+00	err = 8.3228268205e-10	time = 2.16 min
┌ Warning: `svd` cotangents sensitive to gauge choice: (|Δgauge| = 0.2846231377209)
└ @ TensorKitChainRulesCoreExt ~/.julia/packages/TensorKit/esxcj/ext/TensorKitChainRulesCoreExt/factorizations.jl:254
┌ Warning: `svd` cotangents sensitive to gauge choice: (|Δgauge| = 0.2846231377206681)
└ @ TensorKitChainRulesCoreExt ~/.julia/packages/TensorKit/esxcj/ext/TensorKitChainRulesCoreExt/factorizations.jl:254
[ Info: LBFGS: iter   29, time 6503.59 s: f = -2.046017184467, ‖∇f‖ = 1.1311e-01, α = 1.00e+00, m = 3, nfg = 1
[ Info: CTMRG init:	obj = +6.601076299088e+00	err = 1.0000e+00
[ Info: CTMRG conv 38:	obj = +6.615398798511e+00	err = 8.8319192616e-10	time = 1.47 min
┌ Warning: `svd` cotangents sensitive to gauge choice: (|Δgauge| = 0.3267273991734134)
└ @ TensorKitChainRulesCoreExt ~/.julia/packages/TensorKit/esxcj/ext/TensorKitChainRulesCoreExt/factorizations.jl:254
┌ Warning: `svd` cotangents sensitive to gauge choice: (|Δgauge| = 0.3267273991726888)
└ @ TensorKitChainRulesCoreExt ~/.julia/packages/TensorKit/esxcj/ext/TensorKitChainRulesCoreExt/factorizations.jl:254
[ Info: LBFGS: iter   30, time 6607.22 s: f = -2.057687971592, ‖∇f‖ = 6.1334e-02, α = 1.00e+00, m = 3, nfg = 1
[ Info: CTMRG init:	obj = +6.796143036631e+00	err = 1.0000e+00
[ Info: CTMRG conv 27:	obj = +6.807149349986e+00	err = 8.7333504718e-10	time = 1.03 min
┌ Warning: `svd` cotangents sensitive to gauge choice: (|Δgauge| = 0.3432167938761677)
└ @ TensorKitChainRulesCoreExt ~/.julia/packages/TensorKit/esxcj/ext/TensorKitChainRulesCoreExt/factorizations.jl:254
┌ Warning: `svd` cotangents sensitive to gauge choice: (|Δgauge| = 0.34321679387669185)
└ @ TensorKitChainRulesCoreExt ~/.julia/packages/TensorKit/esxcj/ext/TensorKitChainRulesCoreExt/factorizations.jl:254
[ Info: LBFGS: iter   31, time 6681.77 s: f = -2.064278510123, ‖∇f‖ = 3.4253e-02, α = 1.00e+00, m = 3, nfg = 1
[ Info: CTMRG init:	obj = +6.912792631247e+00	err = 1.0000e+00
[ Info: CTMRG conv 21:	obj = +6.918994864625e+00	err = 8.3443552888e-10	time = 48.40 sec
┌ Warning: `svd` cotangents sensitive to gauge choice: (|Δgauge| = 0.34501197701527153)
└ @ TensorKitChainRulesCoreExt ~/.julia/packages/TensorKit/esxcj/ext/TensorKitChainRulesCoreExt/factorizations.jl:254
┌ Warning: `svd` cotangents sensitive to gauge choice: (|Δgauge| = 0.3450119770185234)
└ @ TensorKitChainRulesCoreExt ~/.julia/packages/TensorKit/esxcj/ext/TensorKitChainRulesCoreExt/factorizations.jl:254
[ Info: LBFGS: iter   32, time 6742.06 s: f = -2.067667339430, ‖∇f‖ = 2.9862e-02, α = 1.00e+00, m = 3, nfg = 1
[ Info: CTMRG init:	obj = +7.034849404819e+00	err = 1.0000e+00
[ Info: CTMRG conv 19:	obj = +7.035752159633e+00	err = 4.5087265472e-10	time = 44.04 sec
┌ Warning: `svd` cotangents sensitive to gauge choice: (|Δgauge| = 0.33776494992973105)
└ @ TensorKitChainRulesCoreExt ~/.julia/packages/TensorKit/esxcj/ext/TensorKitChainRulesCoreExt/factorizations.jl:254
┌ Warning: `svd` cotangents sensitive to gauge choice: (|Δgauge| = 0.33776494992565154)
└ @ TensorKitChainRulesCoreExt ~/.julia/packages/TensorKit/esxcj/ext/TensorKitChainRulesCoreExt/factorizations.jl:254
[ Info: LBFGS: iter   33, time 6796.69 s: f = -2.070011685569, ‖∇f‖ = 2.6462e-02, α = 1.00e+00, m = 3, nfg = 1
[ Info: CTMRG init:	obj = +7.130709341490e+00	err = 1.0000e+00
[ Info: CTMRG conv 17:	obj = +7.132286812277e+00	err = 9.4132794906e-10	time = 40.47 sec
┌ Warning: `svd` cotangents sensitive to gauge choice: (|Δgauge| = 0.33514193451735286)
└ @ TensorKitChainRulesCoreExt ~/.julia/packages/TensorKit/esxcj/ext/TensorKitChainRulesCoreExt/factorizations.jl:254
┌ Warning: `svd` cotangents sensitive to gauge choice: (|Δgauge| = 0.33514193454197894)
└ @ TensorKitChainRulesCoreExt ~/.julia/packages/TensorKit/esxcj/ext/TensorKitChainRulesCoreExt/factorizations.jl:254
[ Info: LBFGS: iter   34, time 6847.91 s: f = -2.073080243804, ‖∇f‖ = 2.5620e-02, α = 1.00e+00, m = 3, nfg = 1
[ Info: CTMRG init:	obj = +7.215042230906e+00	err = 1.0000e+00
[ Info: CTMRG conv 18:	obj = +7.221923113757e+00	err = 3.7220326000e-10	time = 42.93 sec
┌ Warning: `svd` cotangents sensitive to gauge choice: (|Δgauge| = 0.31685895085209526)
└ @ TensorKitChainRulesCoreExt ~/.julia/packages/TensorKit/esxcj/ext/TensorKitChainRulesCoreExt/factorizations.jl:254
┌ Warning: `svd` cotangents sensitive to gauge choice: (|Δgauge| = 0.3168589509240649)
└ @ TensorKitChainRulesCoreExt ~/.julia/packages/TensorKit/esxcj/ext/TensorKitChainRulesCoreExt/factorizations.jl:254
[ Info: LBFGS: iter   35, time 6901.74 s: f = -2.077058684336, ‖∇f‖ = 5.1233e-02, α = 1.00e+00, m = 3, nfg = 1
[ Info: CTMRG init:	obj = +7.116638721666e+00	err = 1.0000e+00
[ Info: CTMRG conv 18:	obj = +7.121214875401e+00	err = 3.1164239508e-10	time = 42.77 sec
┌ Warning: `svd` cotangents sensitive to gauge choice: (|Δgauge| = 0.3393545993196163)
└ @ TensorKitChainRulesCoreExt ~/.julia/packages/TensorKit/esxcj/ext/TensorKitChainRulesCoreExt/factorizations.jl:254
┌ Warning: `svd` cotangents sensitive to gauge choice: (|Δgauge| = 0.339354599338294)
└ @ TensorKitChainRulesCoreExt ~/.julia/packages/TensorKit/esxcj/ext/TensorKitChainRulesCoreExt/factorizations.jl:254
[ Info: LBFGS: iter   36, time 6954.84 s: f = -2.079309308600, ‖∇f‖ = 4.0125e-02, α = 1.00e+00, m = 3, nfg = 1
[ Info: CTMRG init:	obj = +7.142932673984e+00	err = 1.0000e+00
[ Info: CTMRG conv 20:	obj = +7.143630672585e+00	err = 3.8600668933e-10	time = 47.94 sec
┌ Warning: `svd` cotangents sensitive to gauge choice: (|Δgauge| = 0.3342560664079144)
└ @ TensorKitChainRulesCoreExt ~/.julia/packages/TensorKit/esxcj/ext/TensorKitChainRulesCoreExt/factorizations.jl:254
┌ Warning: `svd` cotangents sensitive to gauge choice: (|Δgauge| = 0.3342560664365262)
└ @ TensorKitChainRulesCoreExt ~/.julia/packages/TensorKit/esxcj/ext/TensorKitChainRulesCoreExt/factorizations.jl:254
[ Info: LBFGS: iter   37, time 7014.48 s: f = -2.080849499036, ‖∇f‖ = 2.0617e-02, α = 1.00e+00, m = 3, nfg = 1
[ Info: CTMRG init:	obj = +7.102499967151e+00	err = 1.0000e+00
[ Info: CTMRG conv 14:	obj = +7.102639568791e+00	err = 2.8791320072e-10	time = 33.62 sec
┌ Warning: `svd` cotangents sensitive to gauge choice: (|Δgauge| = 0.33563455346453375)
└ @ TensorKitChainRulesCoreExt ~/.julia/packages/TensorKit/esxcj/ext/TensorKitChainRulesCoreExt/factorizations.jl:254
┌ Warning: `svd` cotangents sensitive to gauge choice: (|Δgauge| = 0.33563455342667897)
└ @ TensorKitChainRulesCoreExt ~/.julia/packages/TensorKit/esxcj/ext/TensorKitChainRulesCoreExt/factorizations.jl:254
[ Info: LBFGS: iter   38, time 7057.34 s: f = -2.082589466959, ‖∇f‖ = 1.8563e-02, α = 1.00e+00, m = 3, nfg = 1
[ Info: CTMRG init:	obj = +5.914688445294e+00	err = 1.0000e+00
[ Info: CTMRG conv 15:	obj = +5.993059985779e+00	err = 6.6964187876e-10	time = 35.96 sec
┌ Warning: `svd` cotangents sensitive to gauge choice: (|Δgauge| = 0.40361452180994706)
└ @ TensorKitChainRulesCoreExt ~/.julia/packages/TensorKit/esxcj/ext/TensorKitChainRulesCoreExt/factorizations.jl:254
┌ Warning: `svd` cotangents sensitive to gauge choice: (|Δgauge| = 0.4036145218693044)
└ @ TensorKitChainRulesCoreExt ~/.julia/packages/TensorKit/esxcj/ext/TensorKitChainRulesCoreExt/factorizations.jl:254
[ Info: CTMRG init:	obj = +6.948799048239e+00	err = 1.0000e+00
[ Info: CTMRG conv 13:	obj = +6.950178504000e+00	err = 6.3092614836e-10	time = 31.97 sec
┌ Warning: `svd` cotangents sensitive to gauge choice: (|Δgauge| = 0.3441084630434743)
└ @ TensorKitChainRulesCoreExt ~/.julia/packages/TensorKit/esxcj/ext/TensorKitChainRulesCoreExt/factorizations.jl:254
┌ Warning: `svd` cotangents sensitive to gauge choice: (|Δgauge| = 0.344108463032597)
└ @ TensorKitChainRulesCoreExt ~/.julia/packages/TensorKit/esxcj/ext/TensorKitChainRulesCoreExt/factorizations.jl:254
[ Info: LBFGS: iter   39, time 7143.28 s: f = -2.087207549189, ‖∇f‖ = 3.3689e-02, α = 1.94e-01, m = 3, nfg = 2
[ Info: CTMRG init:	obj = +4.283704805792e+00	err = 1.0000e+00
[ Info: CTMRG conv 22:	obj = +4.779730255350e+00	err = 8.5611099225e-10	time = 53.86 sec
┌ Warning: `svd` cotangents sensitive to gauge choice: (|Δgauge| = 0.4636407321793091)
└ @ TensorKitChainRulesCoreExt ~/.julia/packages/TensorKit/esxcj/ext/TensorKitChainRulesCoreExt/factorizations.jl:254
┌ Warning: `svd` cotangents sensitive to gauge choice: (|Δgauge| = 3.609419856036572e-9)
└ @ TensorKitChainRulesCoreExt ~/.julia/packages/TensorKit/esxcj/ext/TensorKitChainRulesCoreExt/factorizations.jl:254
┌ Warning: `svd` cotangents sensitive to gauge choice: (|Δgauge| = 0.463640730542196)
└ @ TensorKitChainRulesCoreExt ~/.julia/packages/TensorKit/esxcj/ext/TensorKitChainRulesCoreExt/factorizations.jl:254
[ Info: CTMRG init:	obj = +6.894992172953e+00	err = 1.0000e+00
[ Info: CTMRG conv 12:	obj = +6.895160062947e+00	err = 9.0213095946e-10	time = 29.66 sec
┌ Warning: `svd` cotangents sensitive to gauge choice: (|Δgauge| = 0.3470511476833468)
└ @ TensorKitChainRulesCoreExt ~/.julia/packages/TensorKit/esxcj/ext/TensorKitChainRulesCoreExt/factorizations.jl:254
┌ Warning: `svd` cotangents sensitive to gauge choice: (|Δgauge| = 0.3470511477091247)
└ @ TensorKitChainRulesCoreExt ~/.julia/packages/TensorKit/esxcj/ext/TensorKitChainRulesCoreExt/factorizations.jl:254
[ Info: CTMRG init:	obj = +5.668610154991e+00	err = 1.0000e+00
[ Info: CTMRG conv 15:	obj = +5.766463939592e+00	err = 3.0964386496e-10	time = 37.37 sec
┌ Warning: `svd` cotangents sensitive to gauge choice: (|Δgauge| = 0.4154017615080028)
└ @ TensorKitChainRulesCoreExt ~/.julia/packages/TensorKit/esxcj/ext/TensorKitChainRulesCoreExt/factorizations.jl:254
┌ Warning: `svd` cotangents sensitive to gauge choice: (|Δgauge| = 0.4154017615309883)
└ @ TensorKitChainRulesCoreExt ~/.julia/packages/TensorKit/esxcj/ext/TensorKitChainRulesCoreExt/factorizations.jl:254
[ Info: CTMRG init:	obj = +6.779886968302e+00	err = 1.0000e+00
[ Info: CTMRG conv 12:	obj = +6.781475113799e+00	err = 4.4141330257e-10	time = 29.48 sec
┌ Warning: `svd` cotangents sensitive to gauge choice: (|Δgauge| = 0.3528937666952144)
└ @ TensorKitChainRulesCoreExt ~/.julia/packages/TensorKit/esxcj/ext/TensorKitChainRulesCoreExt/factorizations.jl:254
┌ Warning: `svd` cotangents sensitive to gauge choice: (|Δgauge| = 0.352893766708255)
└ @ TensorKitChainRulesCoreExt ~/.julia/packages/TensorKit/esxcj/ext/TensorKitChainRulesCoreExt/factorizations.jl:254
[ Info: LBFGS: iter   40, time 7333.39 s: f = -2.090916534322, ‖∇f‖ = 4.9393e-02, α = 1.02e-01, m = 3, nfg = 4
[ Info: CTMRG init:	obj = +5.882057272992e+00	err = 1.0000e+00
[ Info: CTMRG conv 14:	obj = +5.933832787345e+00	err = 6.2050458080e-10	time = 34.36 sec
┌ Warning: `svd` cotangents sensitive to gauge choice: (|Δgauge| = 0.4023929484897947)
└ @ TensorKitChainRulesCoreExt ~/.julia/packages/TensorKit/esxcj/ext/TensorKitChainRulesCoreExt/factorizations.jl:254
┌ Warning: `svd` cotangents sensitive to gauge choice: (|Δgauge| = 0.40239294849223517)
└ @ TensorKitChainRulesCoreExt ~/.julia/packages/TensorKit/esxcj/ext/TensorKitChainRulesCoreExt/factorizations.jl:254
[ Info: CTMRG init:	obj = +6.640412093442e+00	err = 1.0000e+00
[ Info: CTMRG conv 13:	obj = +6.641588793872e+00	err = 8.6291194883e-10	time = 32.33 sec
┌ Warning: `svd` cotangents sensitive to gauge choice: (|Δgauge| = 0.3590050584930699)
└ @ TensorKitChainRulesCoreExt ~/.julia/packages/TensorKit/esxcj/ext/TensorKitChainRulesCoreExt/factorizations.jl:254
┌ Warning: `svd` cotangents sensitive to gauge choice: (|Δgauge| = 0.35900505846606967)
└ @ TensorKitChainRulesCoreExt ~/.julia/packages/TensorKit/esxcj/ext/TensorKitChainRulesCoreExt/factorizations.jl:254
[ Info: LBFGS: iter   41, time 7418.98 s: f = -2.093449476921, ‖∇f‖ = 5.7408e-02, α = 1.92e-01, m = 3, nfg = 2
[ Info: CTMRG init:	obj = +6.002495723679e+00	err = 1.0000e+00
[ Info: CTMRG conv 14:	obj = +6.031330320704e+00	err = 3.3114248798e-10	time = 34.71 sec
┌ Warning: `svd` cotangents sensitive to gauge choice: (|Δgauge| = 0.3986929928395361)
└ @ TensorKitChainRulesCoreExt ~/.julia/packages/TensorKit/esxcj/ext/TensorKitChainRulesCoreExt/factorizations.jl:254
┌ Warning: `svd` cotangents sensitive to gauge choice: (|Δgauge| = 0.39869299282734666)
└ @ TensorKitChainRulesCoreExt ~/.julia/packages/TensorKit/esxcj/ext/TensorKitChainRulesCoreExt/factorizations.jl:254
[ Info: CTMRG init:	obj = +6.446360599361e+00	err = 1.0000e+00
[ Info: CTMRG conv 14:	obj = +6.448985921692e+00	err = 8.1538981270e-10	time = 35.39 sec
┌ Warning: `svd` cotangents sensitive to gauge choice: (|Δgauge| = 0.372683334239299)
└ @ TensorKitChainRulesCoreExt ~/.julia/packages/TensorKit/esxcj/ext/TensorKitChainRulesCoreExt/factorizations.jl:254
┌ Warning: `svd` cotangents sensitive to gauge choice: (|Δgauge| = 0.37268333424919353)
└ @ TensorKitChainRulesCoreExt ~/.julia/packages/TensorKit/esxcj/ext/TensorKitChainRulesCoreExt/factorizations.jl:254
[ Info: LBFGS: iter   42, time 7507.15 s: f = -2.097065029898, ‖∇f‖ = 5.2826e-02, α = 3.42e-01, m = 3, nfg = 2
[ Info: CTMRG init:	obj = +6.169005262115e+00	err = 1.0000e+00
[ Info: CTMRG conv 16:	obj = +6.180754355137e+00	err = 3.6381966662e-10	time = 39.91 sec
┌ Warning: `svd` cotangents sensitive to gauge choice: (|Δgauge| = 0.3737643255297286)
└ @ TensorKitChainRulesCoreExt ~/.julia/packages/TensorKit/esxcj/ext/TensorKitChainRulesCoreExt/factorizations.jl:254
┌ Warning: `svd` cotangents sensitive to gauge choice: (|Δgauge| = 0.3737643256993749)
└ @ TensorKitChainRulesCoreExt ~/.julia/packages/TensorKit/esxcj/ext/TensorKitChainRulesCoreExt/factorizations.jl:254
[ Info: CTMRG init:	obj = +6.365567335660e+00	err = 1.0000e+00
[ Info: CTMRG conv 15:	obj = +6.366668322729e+00	err = 3.0821618213e-10	time = 38.17 sec
┌ Warning: `svd` cotangents sensitive to gauge choice: (|Δgauge| = 0.37013643141583374)
└ @ TensorKitChainRulesCoreExt ~/.julia/packages/TensorKit/esxcj/ext/TensorKitChainRulesCoreExt/factorizations.jl:254
┌ Warning: `svd` cotangents sensitive to gauge choice: (|Δgauge| = 0.3701364310421019)
└ @ TensorKitChainRulesCoreExt ~/.julia/packages/TensorKit/esxcj/ext/TensorKitChainRulesCoreExt/factorizations.jl:254
[ Info: LBFGS: iter   43, time 7604.30 s: f = -2.099842819926, ‖∇f‖ = 4.7191e-02, α = 3.31e-01, m = 3, nfg = 2
[ Info: CTMRG init:	obj = +6.345449680358e+00	err = 1.0000e+00
[ Info: CTMRG conv 14:	obj = +6.346456356569e+00	err = 3.6688053147e-10	time = 35.07 sec
┌ Warning: `svd` cotangents sensitive to gauge choice: (|Δgauge| = 0.37015796882312924)
└ @ TensorKitChainRulesCoreExt ~/.julia/packages/TensorKit/esxcj/ext/TensorKitChainRulesCoreExt/factorizations.jl:254
┌ Warning: `svd` cotangents sensitive to gauge choice: (|Δgauge| = 0.3701579688050777)
└ @ TensorKitChainRulesCoreExt ~/.julia/packages/TensorKit/esxcj/ext/TensorKitChainRulesCoreExt/factorizations.jl:254
[ Info: LBFGS: iter   44, time 7648.89 s: f = -2.103005378801, ‖∇f‖ = 2.8210e-02, α = 1.00e+00, m = 3, nfg = 1
[ Info: CTMRG init:	obj = +6.416554660948e+00	err = 1.0000e+00
[ Info: CTMRG conv 13:	obj = +6.416960674305e+00	err = 2.5706059701e-10	time = 33.54 sec
┌ Warning: `svd` cotangents sensitive to gauge choice: (|Δgauge| = 0.3596436916083929)
└ @ TensorKitChainRulesCoreExt ~/.julia/packages/TensorKit/esxcj/ext/TensorKitChainRulesCoreExt/factorizations.jl:254
┌ Warning: `svd` cotangents sensitive to gauge choice: (|Δgauge| = 0.3596436915809125)
└ @ TensorKitChainRulesCoreExt ~/.julia/packages/TensorKit/esxcj/ext/TensorKitChainRulesCoreExt/factorizations.jl:254
[ Info: LBFGS: iter   45, time 7691.38 s: f = -2.104987633301, ‖∇f‖ = 2.2290e-02, α = 1.00e+00, m = 3, nfg = 1
[ Info: CTMRG init:	obj = +6.424142880933e+00	err = 1.0000e+00
[ Info: CTMRG conv 13:	obj = +6.425621336681e+00	err = 6.7805100110e-10	time = 33.35 sec
┌ Warning: `svd` cotangents sensitive to gauge choice: (|Δgauge| = 0.34837953189490234)
└ @ TensorKitChainRulesCoreExt ~/.julia/packages/TensorKit/esxcj/ext/TensorKitChainRulesCoreExt/factorizations.jl:254
┌ Warning: `svd` cotangents sensitive to gauge choice: (|Δgauge| = 0.34837953190650206)
└ @ TensorKitChainRulesCoreExt ~/.julia/packages/TensorKit/esxcj/ext/TensorKitChainRulesCoreExt/factorizations.jl:254
[ Info: LBFGS: iter   46, time 7732.91 s: f = -2.106892620440, ‖∇f‖ = 1.8878e-02, α = 1.00e+00, m = 3, nfg = 1
[ Info: CTMRG init:	obj = +6.463232058773e+00	err = 1.0000e+00
[ Info: CTMRG conv 14:	obj = +6.464168694238e+00	err = 1.1353908143e-10	time = 35.62 sec
┌ Warning: `svd` cotangents sensitive to gauge choice: (|Δgauge| = 0.3472360794141978)
└ @ TensorKitChainRulesCoreExt ~/.julia/packages/TensorKit/esxcj/ext/TensorKitChainRulesCoreExt/factorizations.jl:254
┌ Warning: `svd` cotangents sensitive to gauge choice: (|Δgauge| = 0.34723607939142365)
└ @ TensorKitChainRulesCoreExt ~/.julia/packages/TensorKit/esxcj/ext/TensorKitChainRulesCoreExt/factorizations.jl:254
[ Info: LBFGS: iter   47, time 7777.96 s: f = -2.107453113379, ‖∇f‖ = 2.5025e-02, α = 1.00e+00, m = 3, nfg = 1
[ Info: CTMRG init:	obj = +6.453156369068e+00	err = 1.0000e+00
[ Info: CTMRG conv 13:	obj = +6.453329132138e+00	err = 3.0121079796e-10	time = 33.79 sec
┌ Warning: `svd` cotangents sensitive to gauge choice: (|Δgauge| = 0.34863899993638525)
└ @ TensorKitChainRulesCoreExt ~/.julia/packages/TensorKit/esxcj/ext/TensorKitChainRulesCoreExt/factorizations.jl:254
┌ Warning: `svd` cotangents sensitive to gauge choice: (|Δgauge| = 0.34863899993201314)
└ @ TensorKitChainRulesCoreExt ~/.julia/packages/TensorKit/esxcj/ext/TensorKitChainRulesCoreExt/factorizations.jl:254
[ Info: LBFGS: iter   48, time 7820.93 s: f = -2.108013017908, ‖∇f‖ = 1.1603e-02, α = 1.00e+00, m = 3, nfg = 1
[ Info: CTMRG init:	obj = +6.446076125698e+00	err = 1.0000e+00
[ Info: CTMRG conv 13:	obj = +6.446209778133e+00	err = 1.2311585776e-10	time = 33.80 sec
┌ Warning: `svd` cotangents sensitive to gauge choice: (|Δgauge| = 0.35088896944735354)
└ @ TensorKitChainRulesCoreExt ~/.julia/packages/TensorKit/esxcj/ext/TensorKitChainRulesCoreExt/factorizations.jl:254
┌ Warning: `svd` cotangents sensitive to gauge choice: (|Δgauge| = 0.350888969526717)
└ @ TensorKitChainRulesCoreExt ~/.julia/packages/TensorKit/esxcj/ext/TensorKitChainRulesCoreExt/factorizations.jl:254
[ Info: LBFGS: iter   49, time 7863.49 s: f = -2.108434190504, ‖∇f‖ = 8.1978e-03, α = 1.00e+00, m = 3, nfg = 1
[ Info: CTMRG init:	obj = +6.441495599666e+00	err = 1.0000e+00
[ Info: CTMRG conv 12:	obj = +6.441581511814e+00	err = 7.4223468117e-10	time = 30.81 sec
┌ Warning: `svd` cotangents sensitive to gauge choice: (|Δgauge| = 0.3523001565018755)
└ @ TensorKitChainRulesCoreExt ~/.julia/packages/TensorKit/esxcj/ext/TensorKitChainRulesCoreExt/factorizations.jl:254
┌ Warning: `svd` cotangents sensitive to gauge choice: (|Δgauge| = 0.3523001564027079)
└ @ TensorKitChainRulesCoreExt ~/.julia/packages/TensorKit/esxcj/ext/TensorKitChainRulesCoreExt/factorizations.jl:254
[ Info: LBFGS: iter   50, time 7902.98 s: f = -2.108712410615, ‖∇f‖ = 8.2409e-03, α = 1.00e+00, m = 3, nfg = 1
[ Info: CTMRG init:	obj = +6.425739148115e+00	err = 1.0000e+00
[ Info: CTMRG conv 12:	obj = +6.425863630981e+00	err = 9.4130309620e-10	time = 31.42 sec
┌ Warning: `svd` cotangents sensitive to gauge choice: (|Δgauge| = 0.3565998328644999)
└ @ TensorKitChainRulesCoreExt ~/.julia/packages/TensorKit/esxcj/ext/TensorKitChainRulesCoreExt/factorizations.jl:254
┌ Warning: `svd` cotangents sensitive to gauge choice: (|Δgauge| = 3.486282478373567e-12)
└ @ TensorKitChainRulesCoreExt ~/.julia/packages/TensorKit/esxcj/ext/TensorKitChainRulesCoreExt/factorizations.jl:254
┌ Warning: `svd` cotangents sensitive to gauge choice: (|Δgauge| = 0.35659983282719093)
└ @ TensorKitChainRulesCoreExt ~/.julia/packages/TensorKit/esxcj/ext/TensorKitChainRulesCoreExt/factorizations.jl:254
[ Info: LBFGS: iter   51, time 7943.82 s: f = -2.109070259140, ‖∇f‖ = 1.1026e-02, α = 1.00e+00, m = 3, nfg = 1
[ Info: CTMRG init:	obj = +6.380302463135e+00	err = 1.0000e+00
[ Info: CTMRG conv 14:	obj = +6.381221761188e+00	err = 2.3419664650e-10	time = 36.82 sec
┌ Warning: `svd` cotangents sensitive to gauge choice: (|Δgauge| = 0.3568336817719783)
└ @ TensorKitChainRulesCoreExt ~/.julia/packages/TensorKit/esxcj/ext/TensorKitChainRulesCoreExt/factorizations.jl:254
┌ Warning: `svd` cotangents sensitive to gauge choice: (|Δgauge| = 0.35683368178809605)
└ @ TensorKitChainRulesCoreExt ~/.julia/packages/TensorKit/esxcj/ext/TensorKitChainRulesCoreExt/factorizations.jl:254
[ Info: LBFGS: iter   52, time 7989.85 s: f = -2.109697960076, ‖∇f‖ = 1.2779e-02, α = 1.00e+00, m = 3, nfg = 1
[ Info: CTMRG init:	obj = +6.316187547915e+00	err = 1.0000e+00
[ Info: CTMRG conv 13:	obj = +6.316807420048e+00	err = 7.0844210255e-10	time = 34.02 sec
┌ Warning: `svd` cotangents sensitive to gauge choice: (|Δgauge| = 0.36006602988281455)
└ @ TensorKitChainRulesCoreExt ~/.julia/packages/TensorKit/esxcj/ext/TensorKitChainRulesCoreExt/factorizations.jl:254
┌ Warning: `svd` cotangents sensitive to gauge choice: (|Δgauge| = 1.80092073842809e-11)
└ @ TensorKitChainRulesCoreExt ~/.julia/packages/TensorKit/esxcj/ext/TensorKitChainRulesCoreExt/factorizations.jl:254
┌ Warning: `svd` cotangents sensitive to gauge choice: (|Δgauge| = 0.36006602989729874)
└ @ TensorKitChainRulesCoreExt ~/.julia/packages/TensorKit/esxcj/ext/TensorKitChainRulesCoreExt/factorizations.jl:254
[ Info: LBFGS: iter   53, time 8032.37 s: f = -2.110395479489, ‖∇f‖ = 1.3923e-02, α = 1.00e+00, m = 3, nfg = 1
[ Info: CTMRG init:	obj = +6.231591003788e+00	err = 1.0000e+00
[ Info: CTMRG conv 14:	obj = +6.232521122136e+00	err = 2.3765271877e-10	time = 36.40 sec
┌ Warning: `svd` cotangents sensitive to gauge choice: (|Δgauge| = 0.3578296722566775)
└ @ TensorKitChainRulesCoreExt ~/.julia/packages/TensorKit/esxcj/ext/TensorKitChainRulesCoreExt/factorizations.jl:254
┌ Warning: `svd` cotangents sensitive to gauge choice: (|Δgauge| = 2.8894932628318173e-11)
└ @ TensorKitChainRulesCoreExt ~/.julia/packages/TensorKit/esxcj/ext/TensorKitChainRulesCoreExt/factorizations.jl:254
┌ Warning: `svd` cotangents sensitive to gauge choice: (|Δgauge| = 0.35782967234028795)
└ @ TensorKitChainRulesCoreExt ~/.julia/packages/TensorKit/esxcj/ext/TensorKitChainRulesCoreExt/factorizations.jl:254
[ Info: LBFGS: iter   54, time 8077.84 s: f = -2.111205743761, ‖∇f‖ = 1.2282e-02, α = 1.00e+00, m = 3, nfg = 1
[ Info: CTMRG init:	obj = +6.214935403687e+00	err = 1.0000e+00
[ Info: CTMRG conv 14:	obj = +6.215362413904e+00	err = 6.0668203793e-10	time = 38.35 sec
┌ Warning: `svd` cotangents sensitive to gauge choice: (|Δgauge| = 0.34485492322477396)
└ @ TensorKitChainRulesCoreExt ~/.julia/packages/TensorKit/esxcj/ext/TensorKitChainRulesCoreExt/factorizations.jl:254
┌ Warning: `svd` cotangents sensitive to gauge choice: (|Δgauge| = 1.4980828439551782e-10)
└ @ TensorKitChainRulesCoreExt ~/.julia/packages/TensorKit/esxcj/ext/TensorKitChainRulesCoreExt/factorizations.jl:254
┌ Warning: `svd` cotangents sensitive to gauge choice: (|Δgauge| = 0.34485492336364004)
└ @ TensorKitChainRulesCoreExt ~/.julia/packages/TensorKit/esxcj/ext/TensorKitChainRulesCoreExt/factorizations.jl:254
[ Info: LBFGS: iter   55, time 8125.29 s: f = -2.111414806784, ‖∇f‖ = 2.4690e-02, α = 1.00e+00, m = 3, nfg = 1
[ Info: CTMRG init:	obj = +6.242139855577e+00	err = 1.0000e+00
[ Info: CTMRG conv 14:	obj = +6.242314948930e+00	err = 1.6329030757e-10	time = 36.92 sec
┌ Warning: `svd` cotangents sensitive to gauge choice: (|Δgauge| = 0.3473415392549764)
└ @ TensorKitChainRulesCoreExt ~/.julia/packages/TensorKit/esxcj/ext/TensorKitChainRulesCoreExt/factorizations.jl:254
┌ Warning: `svd` cotangents sensitive to gauge choice: (|Δgauge| = 9.615665502018032e-11)
└ @ TensorKitChainRulesCoreExt ~/.julia/packages/TensorKit/esxcj/ext/TensorKitChainRulesCoreExt/factorizations.jl:254
┌ Warning: `svd` cotangents sensitive to gauge choice: (|Δgauge| = 0.34734153933779294)
└ @ TensorKitChainRulesCoreExt ~/.julia/packages/TensorKit/esxcj/ext/TensorKitChainRulesCoreExt/factorizations.jl:254
[ Info: LBFGS: iter   56, time 8171.78 s: f = -2.111936036503, ‖∇f‖ = 8.6865e-03, α = 1.00e+00, m = 3, nfg = 1
[ Info: CTMRG init:	obj = +6.255709931176e+00	err = 1.0000e+00
[ Info: CTMRG conv 13:	obj = +6.255725583015e+00	err = 2.2306285548e-10	time = 34.86 sec
┌ Warning: `svd` cotangents sensitive to gauge choice: (|Δgauge| = 0.3466935807779917)
└ @ TensorKitChainRulesCoreExt ~/.julia/packages/TensorKit/esxcj/ext/TensorKitChainRulesCoreExt/factorizations.jl:254
┌ Warning: `svd` cotangents sensitive to gauge choice: (|Δgauge| = 2.727806661469931e-10)
└ @ TensorKitChainRulesCoreExt ~/.julia/packages/TensorKit/esxcj/ext/TensorKitChainRulesCoreExt/factorizations.jl:254
┌ Warning: `svd` cotangents sensitive to gauge choice: (|Δgauge| = 0.3466935809996827)
└ @ TensorKitChainRulesCoreExt ~/.julia/packages/TensorKit/esxcj/ext/TensorKitChainRulesCoreExt/factorizations.jl:254
[ Info: LBFGS: iter   57, time 8214.88 s: f = -2.112086426038, ‖∇f‖ = 6.5565e-03, α = 1.00e+00, m = 3, nfg = 1
[ Info: CTMRG init:	obj = +6.261207527472e+00	err = 1.0000e+00
[ Info: CTMRG conv 13:	obj = +6.261239567253e+00	err = 3.7385770247e-10	time = 34.91 sec
┌ Warning: `svd` cotangents sensitive to gauge choice: (|Δgauge| = 0.34583446658495554)
└ @ TensorKitChainRulesCoreExt ~/.julia/packages/TensorKit/esxcj/ext/TensorKitChainRulesCoreExt/factorizations.jl:254
┌ Warning: `svd` cotangents sensitive to gauge choice: (|Δgauge| = 3.9380581896936496e-10)
└ @ TensorKitChainRulesCoreExt ~/.julia/packages/TensorKit/esxcj/ext/TensorKitChainRulesCoreExt/factorizations.jl:254
┌ Warning: `svd` cotangents sensitive to gauge choice: (|Δgauge| = 0.3458344669474833)
└ @ TensorKitChainRulesCoreExt ~/.julia/packages/TensorKit/esxcj/ext/TensorKitChainRulesCoreExt/factorizations.jl:254
[ Info: LBFGS: iter   58, time 8258.37 s: f = -2.112289372922, ‖∇f‖ = 5.4392e-03, α = 1.00e+00, m = 3, nfg = 1
[ Info: CTMRG init:	obj = +6.218665780292e+00	err = 1.0000e+00
[ Info: CTMRG conv 15:	obj = +6.219269496649e+00	err = 2.4825367319e-10	time = 40.11 sec
┌ Warning: `svd` cotangents sensitive to gauge choice: (|Δgauge| = 0.3404575960653014)
└ @ TensorKitChainRulesCoreExt ~/.julia/packages/TensorKit/esxcj/ext/TensorKitChainRulesCoreExt/factorizations.jl:254
┌ Warning: `svd` cotangents sensitive to gauge choice: (|Δgauge| = 2.162366253809154e-10)
└ @ TensorKitChainRulesCoreExt ~/.julia/packages/TensorKit/esxcj/ext/TensorKitChainRulesCoreExt/factorizations.jl:254
┌ Warning: `svd` cotangents sensitive to gauge choice: (|Δgauge| = 0.3404575962797225)
└ @ TensorKitChainRulesCoreExt ~/.julia/packages/TensorKit/esxcj/ext/TensorKitChainRulesCoreExt/factorizations.jl:254
[ Info: CTMRG init:	obj = +6.245828054290e+00	err = 1.0000e+00
[ Info: CTMRG conv 14:	obj = +6.245915670687e+00	err = 2.7596250820e-10	time = 37.72 sec
┌ Warning: `svd` cotangents sensitive to gauge choice: (|Δgauge| = 0.34385284751478773)
└ @ TensorKitChainRulesCoreExt ~/.julia/packages/TensorKit/esxcj/ext/TensorKitChainRulesCoreExt/factorizations.jl:254
┌ Warning: `svd` cotangents sensitive to gauge choice: (|Δgauge| = 2.4325693002388083e-10)
└ @ TensorKitChainRulesCoreExt ~/.julia/packages/TensorKit/esxcj/ext/TensorKitChainRulesCoreExt/factorizations.jl:254
┌ Warning: `svd` cotangents sensitive to gauge choice: (|Δgauge| = 0.3438528477137796)
└ @ TensorKitChainRulesCoreExt ~/.julia/packages/TensorKit/esxcj/ext/TensorKitChainRulesCoreExt/factorizations.jl:254
[ Info: LBFGS: iter   59, time 8355.84 s: f = -2.112390677910, ‖∇f‖ = 9.3294e-03, α = 3.83e-01, m = 3, nfg = 2
[ Info: CTMRG init:	obj = +6.221401953979e+00	err = 1.0000e+00
[ Info: CTMRG conv 14:	obj = +6.221453386530e+00	err = 6.2755734300e-10	time = 37.68 sec
┌ Warning: `svd` cotangents sensitive to gauge choice: (|Δgauge| = 0.3449125746949688)
└ @ TensorKitChainRulesCoreExt ~/.julia/packages/TensorKit/esxcj/ext/TensorKitChainRulesCoreExt/factorizations.jl:254
┌ Warning: `svd` cotangents sensitive to gauge choice: (|Δgauge| = 3.8679502063049494e-10)
└ @ TensorKitChainRulesCoreExt ~/.julia/packages/TensorKit/esxcj/ext/TensorKitChainRulesCoreExt/factorizations.jl:254
┌ Warning: `svd` cotangents sensitive to gauge choice: (|Δgauge| = 0.34491257511606177)
└ @ TensorKitChainRulesCoreExt ~/.julia/packages/TensorKit/esxcj/ext/TensorKitChainRulesCoreExt/factorizations.jl:254
[ Info: LBFGS: iter   60, time 8404.16 s: f = -2.112530243141, ‖∇f‖ = 5.0544e-03, α = 1.00e+00, m = 3, nfg = 1
[ Info: CTMRG init:	obj = +6.172740868128e+00	err = 1.0000e+00
[ Info: CTMRG conv 15:	obj = +6.172882228506e+00	err = 4.2545340007e-10	time = 41.28 sec
┌ Warning: `svd` cotangents sensitive to gauge choice: (|Δgauge| = 0.34692664630851977)
└ @ TensorKitChainRulesCoreExt ~/.julia/packages/TensorKit/esxcj/ext/TensorKitChainRulesCoreExt/factorizations.jl:254
┌ Warning: `svd` cotangents sensitive to gauge choice: (|Δgauge| = 2.622979586654009e-10)
└ @ TensorKitChainRulesCoreExt ~/.julia/packages/TensorKit/esxcj/ext/TensorKitChainRulesCoreExt/factorizations.jl:254
┌ Warning: `svd` cotangents sensitive to gauge choice: (|Δgauge| = 0.3469266465966554)
└ @ TensorKitChainRulesCoreExt ~/.julia/packages/TensorKit/esxcj/ext/TensorKitChainRulesCoreExt/factorizations.jl:254
[ Info: LBFGS: iter   61, time 8455.27 s: f = -2.112647615724, ‖∇f‖ = 4.1237e-03, α = 1.00e+00, m = 3, nfg = 1
[ Info: CTMRG init:	obj = +6.119862572624e+00	err = 1.0000e+00
[ Info: CTMRG conv 16:	obj = +6.120033315734e+00	err = 2.8688505984e-10	time = 43.60 sec
┌ Warning: `svd` cotangents sensitive to gauge choice: (|Δgauge| = 0.346482128479293)
└ @ TensorKitChainRulesCoreExt ~/.julia/packages/TensorKit/esxcj/ext/TensorKitChainRulesCoreExt/factorizations.jl:254
┌ Warning: `svd` cotangents sensitive to gauge choice: (|Δgauge| = 1.6573416487214554e-10)
└ @ TensorKitChainRulesCoreExt ~/.julia/packages/TensorKit/esxcj/ext/TensorKitChainRulesCoreExt/factorizations.jl:254
┌ Warning: `svd` cotangents sensitive to gauge choice: (|Δgauge| = 0.3464821286464147)
└ @ TensorKitChainRulesCoreExt ~/.julia/packages/TensorKit/esxcj/ext/TensorKitChainRulesCoreExt/factorizations.jl:254
[ Info: LBFGS: iter   62, time 8508.97 s: f = -2.112725928677, ‖∇f‖ = 8.5375e-03, α = 1.00e+00, m = 3, nfg = 1
[ Info: CTMRG init:	obj = +6.086735908946e+00	err = 1.0000e+00
[ Info: CTMRG conv 16:	obj = +6.086803812774e+00	err = 3.7279928738e-10	time = 43.49 sec
┌ Warning: `svd` cotangents sensitive to gauge choice: (|Δgauge| = 0.3468315731831292)
└ @ TensorKitChainRulesCoreExt ~/.julia/packages/TensorKit/esxcj/ext/TensorKitChainRulesCoreExt/factorizations.jl:254
┌ Warning: `svd` cotangents sensitive to gauge choice: (|Δgauge| = 2.348065385970977e-10)
└ @ TensorKitChainRulesCoreExt ~/.julia/packages/TensorKit/esxcj/ext/TensorKitChainRulesCoreExt/factorizations.jl:254
┌ Warning: `svd` cotangents sensitive to gauge choice: (|Δgauge| = 0.34683157344214033)
└ @ TensorKitChainRulesCoreExt ~/.julia/packages/TensorKit/esxcj/ext/TensorKitChainRulesCoreExt/factorizations.jl:254
[ Info: LBFGS: iter   63, time 8562.63 s: f = -2.112816079578, ‖∇f‖ = 5.8409e-03, α = 1.00e+00, m = 3, nfg = 1
[ Info: CTMRG init:	obj = +6.054717511420e+00	err = 1.0000e+00
[ Info: CTMRG conv 16:	obj = +6.054785078204e+00	err = 9.6736626041e-10	time = 43.93 sec
┌ Warning: `svd` cotangents sensitive to gauge choice: (|Δgauge| = 0.345252148999757)
└ @ TensorKitChainRulesCoreExt ~/.julia/packages/TensorKit/esxcj/ext/TensorKitChainRulesCoreExt/factorizations.jl:254
┌ Warning: `svd` cotangents sensitive to gauge choice: (|Δgauge| = 2.890731731154239e-10)
└ @ TensorKitChainRulesCoreExt ~/.julia/packages/TensorKit/esxcj/ext/TensorKitChainRulesCoreExt/factorizations.jl:254
┌ Warning: `svd` cotangents sensitive to gauge choice: (|Δgauge| = 0.3452521492822703)
└ @ TensorKitChainRulesCoreExt ~/.julia/packages/TensorKit/esxcj/ext/TensorKitChainRulesCoreExt/factorizations.jl:254
[ Info: LBFGS: iter   64, time 8616.41 s: f = -2.112902833763, ‖∇f‖ = 3.5026e-03, α = 1.00e+00, m = 3, nfg = 1
[ Info: CTMRG init:	obj = +6.046996071243e+00	err = 1.0000e+00
[ Info: CTMRG conv 16:	obj = +6.047009459723e+00	err = 5.5953938082e-10	time = 44.29 sec
┌ Warning: `svd` cotangents sensitive to gauge choice: (|Δgauge| = 0.3438993578201005)
└ @ TensorKitChainRulesCoreExt ~/.julia/packages/TensorKit/esxcj/ext/TensorKitChainRulesCoreExt/factorizations.jl:254
┌ Warning: `svd` cotangents sensitive to gauge choice: (|Δgauge| = 2.6719810119073175e-10)
└ @ TensorKitChainRulesCoreExt ~/.julia/packages/TensorKit/esxcj/ext/TensorKitChainRulesCoreExt/factorizations.jl:254
┌ Warning: `svd` cotangents sensitive to gauge choice: (|Δgauge| = 0.34389935809428207)
└ @ TensorKitChainRulesCoreExt ~/.julia/packages/TensorKit/esxcj/ext/TensorKitChainRulesCoreExt/factorizations.jl:254
[ Info: LBFGS: iter   65, time 8670.68 s: f = -2.112951969365, ‖∇f‖ = 3.2248e-03, α = 1.00e+00, m = 3, nfg = 1
[ Info: CTMRG init:	obj = +6.072577713502e+00	err = 1.0000e+00
[ Info: CTMRG conv 15:	obj = +6.072747532880e+00	err = 7.7385306076e-10	time = 41.75 sec
┌ Warning: `svd` cotangents sensitive to gauge choice: (|Δgauge| = 0.3371496292179735)
└ @ TensorKitChainRulesCoreExt ~/.julia/packages/TensorKit/esxcj/ext/TensorKitChainRulesCoreExt/factorizations.jl:254
┌ Warning: `svd` cotangents sensitive to gauge choice: (|Δgauge| = 1.1020854725073105e-9)
└ @ TensorKitChainRulesCoreExt ~/.julia/packages/TensorKit/esxcj/ext/TensorKitChainRulesCoreExt/factorizations.jl:254
┌ Warning: `svd` cotangents sensitive to gauge choice: (|Δgauge| = 0.33714963031775175)
└ @ TensorKitChainRulesCoreExt ~/.julia/packages/TensorKit/esxcj/ext/TensorKitChainRulesCoreExt/factorizations.jl:254
[ Info: CTMRG init:	obj = +6.056748472822e+00	err = 1.0000e+00
[ Info: CTMRG conv 15:	obj = +6.056772017835e+00	err = 2.5801521201e-10	time = 42.17 sec
┌ Warning: `svd` cotangents sensitive to gauge choice: (|Δgauge| = 0.3413831259904418)
└ @ TensorKitChainRulesCoreExt ~/.julia/packages/TensorKit/esxcj/ext/TensorKitChainRulesCoreExt/factorizations.jl:254
┌ Warning: `svd` cotangents sensitive to gauge choice: (|Δgauge| = 8.022306317710301e-10)
└ @ TensorKitChainRulesCoreExt ~/.julia/packages/TensorKit/esxcj/ext/TensorKitChainRulesCoreExt/factorizations.jl:254
┌ Warning: `svd` cotangents sensitive to gauge choice: (|Δgauge| = 0.3413831267624194)
└ @ TensorKitChainRulesCoreExt ~/.julia/packages/TensorKit/esxcj/ext/TensorKitChainRulesCoreExt/factorizations.jl:254
[ Info: LBFGS: iter   66, time 8773.72 s: f = -2.112990018210, ‖∇f‖ = 5.9500e-03, α = 3.72e-01, m = 3, nfg = 2
[ Info: CTMRG init:	obj = +6.059902968759e+00	err = 1.0000e+00
[ Info: CTMRG conv 16:	obj = +6.059917673900e+00	err = 3.3926106078e-10	time = 44.77 sec
┌ Warning: `svd` cotangents sensitive to gauge choice: (|Δgauge| = 0.3403924044584825)
└ @ TensorKitChainRulesCoreExt ~/.julia/packages/TensorKit/esxcj/ext/TensorKitChainRulesCoreExt/factorizations.jl:254
┌ Warning: `svd` cotangents sensitive to gauge choice: (|Δgauge| = 2.630811926797825e-10)
└ @ TensorKitChainRulesCoreExt ~/.julia/packages/TensorKit/esxcj/ext/TensorKitChainRulesCoreExt/factorizations.jl:254
┌ Warning: `svd` cotangents sensitive to gauge choice: (|Δgauge| = 0.34039240473237214)
└ @ TensorKitChainRulesCoreExt ~/.julia/packages/TensorKit/esxcj/ext/TensorKitChainRulesCoreExt/factorizations.jl:254
[ Info: LBFGS: iter   67, time 8828.20 s: f = -2.113034216197, ‖∇f‖ = 3.1780e-03, α = 1.00e+00, m = 3, nfg = 1
[ Info: CTMRG init:	obj = +6.063221609314e+00	err = 1.0000e+00
[ Info: CTMRG conv 15:	obj = +6.063226149821e+00	err = 7.3695936229e-10	time = 41.69 sec
┌ Warning: `svd` cotangents sensitive to gauge choice: (|Δgauge| = 0.3401233990829199)
└ @ TensorKitChainRulesCoreExt ~/.julia/packages/TensorKit/esxcj/ext/TensorKitChainRulesCoreExt/factorizations.jl:254
┌ Warning: `svd` cotangents sensitive to gauge choice: (|Δgauge| = 6.656370604972053e-10)
└ @ TensorKitChainRulesCoreExt ~/.julia/packages/TensorKit/esxcj/ext/TensorKitChainRulesCoreExt/factorizations.jl:254
┌ Warning: `svd` cotangents sensitive to gauge choice: (|Δgauge| = 0.34012339975618844)
└ @ TensorKitChainRulesCoreExt ~/.julia/packages/TensorKit/esxcj/ext/TensorKitChainRulesCoreExt/factorizations.jl:254
[ Info: LBFGS: iter   68, time 8879.78 s: f = -2.113061220492, ‖∇f‖ = 2.5731e-03, α = 1.00e+00, m = 3, nfg = 1
[ Info: CTMRG init:	obj = +6.063811268333e+00	err = 1.0000e+00
[ Info: CTMRG conv 16:	obj = +6.063819389384e+00	err = 6.1239674473e-10	time = 45.19 sec
┌ Warning: `svd` cotangents sensitive to gauge choice: (|Δgauge| = 0.34053583574462076)
└ @ TensorKitChainRulesCoreExt ~/.julia/packages/TensorKit/esxcj/ext/TensorKitChainRulesCoreExt/factorizations.jl:254
┌ Warning: `svd` cotangents sensitive to gauge choice: (|Δgauge| = 3.4760018633647713e-10)
└ @ TensorKitChainRulesCoreExt ~/.julia/packages/TensorKit/esxcj/ext/TensorKitChainRulesCoreExt/factorizations.jl:254
┌ Warning: `svd` cotangents sensitive to gauge choice: (|Δgauge| = 0.340535836091288)
└ @ TensorKitChainRulesCoreExt ~/.julia/packages/TensorKit/esxcj/ext/TensorKitChainRulesCoreExt/factorizations.jl:254
[ Info: LBFGS: iter   69, time 8935.37 s: f = -2.113104512620, ‖∇f‖ = 2.8060e-03, α = 1.00e+00, m = 3, nfg = 1
[ Info: CTMRG init:	obj = +6.048387317080e+00	err = 1.0000e+00
[ Info: CTMRG conv 17:	obj = +6.048405100449e+00	err = 5.9551968854e-10	time = 48.38 sec
┌ Warning: `svd` cotangents sensitive to gauge choice: (|Δgauge| = 0.340376956580814)
└ @ TensorKitChainRulesCoreExt ~/.julia/packages/TensorKit/esxcj/ext/TensorKitChainRulesCoreExt/factorizations.jl:254
┌ Warning: `svd` cotangents sensitive to gauge choice: (|Δgauge| = 3.536339218297447e-10)
└ @ TensorKitChainRulesCoreExt ~/.julia/packages/TensorKit/esxcj/ext/TensorKitChainRulesCoreExt/factorizations.jl:254
┌ Warning: `svd` cotangents sensitive to gauge choice: (|Δgauge| = 0.34037695688720776)
└ @ TensorKitChainRulesCoreExt ~/.julia/packages/TensorKit/esxcj/ext/TensorKitChainRulesCoreExt/factorizations.jl:254
[ Info: LBFGS: iter   70, time 8993.09 s: f = -2.113143753527, ‖∇f‖ = 3.9547e-03, α = 1.00e+00, m = 3, nfg = 1
[ Info: CTMRG init:	obj = +6.021837112109e+00	err = 1.0000e+00
[ Info: CTMRG conv 18:	obj = +6.021874823173e+00	err = 3.6407388017e-10	time = 51.70 sec
┌ Warning: `svd` cotangents sensitive to gauge choice: (|Δgauge| = 0.342100105470616)
└ @ TensorKitChainRulesCoreExt ~/.julia/packages/TensorKit/esxcj/ext/TensorKitChainRulesCoreExt/factorizations.jl:254
┌ Warning: `svd` cotangents sensitive to gauge choice: (|Δgauge| = 2.336444503435916e-10)
└ @ TensorKitChainRulesCoreExt ~/.julia/packages/TensorKit/esxcj/ext/TensorKitChainRulesCoreExt/factorizations.jl:254
┌ Warning: `svd` cotangents sensitive to gauge choice: (|Δgauge| = 0.3421001056908477)
└ @ TensorKitChainRulesCoreExt ~/.julia/packages/TensorKit/esxcj/ext/TensorKitChainRulesCoreExt/factorizations.jl:254
[ Info: LBFGS: iter   71, time 9054.44 s: f = -2.113191748352, ‖∇f‖ = 3.0837e-03, α = 1.00e+00, m = 3, nfg = 1
[ Info: CTMRG init:	obj = +5.995493842093e+00	err = 1.0000e+00
[ Info: CTMRG conv 18:	obj = +5.995554505959e+00	err = 5.7073304871e-10	time = 51.71 sec
┌ Warning: `svd` cotangents sensitive to gauge choice: (|Δgauge| = 0.34192410335940504)
└ @ TensorKitChainRulesCoreExt ~/.julia/packages/TensorKit/esxcj/ext/TensorKitChainRulesCoreExt/factorizations.jl:254
┌ Warning: `svd` cotangents sensitive to gauge choice: (|Δgauge| = 3.4802031388809866e-10)
└ @ TensorKitChainRulesCoreExt ~/.julia/packages/TensorKit/esxcj/ext/TensorKitChainRulesCoreExt/factorizations.jl:254
┌ Warning: `svd` cotangents sensitive to gauge choice: (|Δgauge| = 0.34192410373908133)
└ @ TensorKitChainRulesCoreExt ~/.julia/packages/TensorKit/esxcj/ext/TensorKitChainRulesCoreExt/factorizations.jl:254
[ Info: LBFGS: iter   72, time 9116.32 s: f = -2.113227072347, ‖∇f‖ = 3.5607e-03, α = 1.00e+00, m = 3, nfg = 1
[ Info: CTMRG init:	obj = +5.965845907965e+00	err = 1.0000e+00
[ Info: CTMRG conv 19:	obj = +5.965894309003e+00	err = 3.1761770906e-10	time = 54.79 sec
┌ Warning: `svd` cotangents sensitive to gauge choice: (|Δgauge| = 0.34270904517876377)
└ @ TensorKitChainRulesCoreExt ~/.julia/packages/TensorKit/esxcj/ext/TensorKitChainRulesCoreExt/factorizations.jl:254
┌ Warning: `svd` cotangents sensitive to gauge choice: (|Δgauge| = 2.37126812422185e-10)
└ @ TensorKitChainRulesCoreExt ~/.julia/packages/TensorKit/esxcj/ext/TensorKitChainRulesCoreExt/factorizations.jl:254
┌ Warning: `svd` cotangents sensitive to gauge choice: (|Δgauge| = 0.3427090454019204)
└ @ TensorKitChainRulesCoreExt ~/.julia/packages/TensorKit/esxcj/ext/TensorKitChainRulesCoreExt/factorizations.jl:254
[ Info: LBFGS: iter   73, time 9181.33 s: f = -2.113260748491, ‖∇f‖ = 2.6862e-03, α = 1.00e+00, m = 3, nfg = 1
[ Info: CTMRG init:	obj = +5.948006290092e+00	err = 1.0000e+00
[ Info: CTMRG conv 19:	obj = +5.948026532824e+00	err = 3.0777585182e-10	time = 55.60 sec
┌ Warning: `svd` cotangents sensitive to gauge choice: (|Δgauge| = 0.3424429749710367)
└ @ TensorKitChainRulesCoreExt ~/.julia/packages/TensorKit/esxcj/ext/TensorKitChainRulesCoreExt/factorizations.jl:254
┌ Warning: `svd` cotangents sensitive to gauge choice: (|Δgauge| = 1.881774996004093e-10)
└ @ TensorKitChainRulesCoreExt ~/.julia/packages/TensorKit/esxcj/ext/TensorKitChainRulesCoreExt/factorizations.jl:254
┌ Warning: `svd` cotangents sensitive to gauge choice: (|Δgauge| = 0.34244297517543554)
└ @ TensorKitChainRulesCoreExt ~/.julia/packages/TensorKit/esxcj/ext/TensorKitChainRulesCoreExt/factorizations.jl:254
[ Info: LBFGS: iter   74, time 9247.88 s: f = -2.113285813364, ‖∇f‖ = 3.1582e-03, α = 1.00e+00, m = 3, nfg = 1
[ Info: CTMRG init:	obj = +5.946391870564e+00	err = 1.0000e+00
[ Info: CTMRG conv 18:	obj = +5.946402479209e+00	err = 2.6045967700e-10	time = 52.36 sec
┌ Warning: `svd` cotangents sensitive to gauge choice: (|Δgauge| = 0.3406738438768299)
└ @ TensorKitChainRulesCoreExt ~/.julia/packages/TensorKit/esxcj/ext/TensorKitChainRulesCoreExt/factorizations.jl:254
┌ Warning: `svd` cotangents sensitive to gauge choice: (|Δgauge| = 4.622176107310849e-10)
└ @ TensorKitChainRulesCoreExt ~/.julia/packages/TensorKit/esxcj/ext/TensorKitChainRulesCoreExt/factorizations.jl:254
┌ Warning: `svd` cotangents sensitive to gauge choice: (|Δgauge| = 0.3406738444214328)
└ @ TensorKitChainRulesCoreExt ~/.julia/packages/TensorKit/esxcj/ext/TensorKitChainRulesCoreExt/factorizations.jl:254
[ Info: LBFGS: iter   75, time 9311.14 s: f = -2.113300350866, ‖∇f‖ = 3.3094e-03, α = 1.00e+00, m = 3, nfg = 1
[ Info: CTMRG init:	obj = +5.957116097338e+00	err = 1.0000e+00
[ Info: CTMRG conv 18:	obj = +5.957123419936e+00	err = 6.7504185313e-10	time = 52.40 sec
┌ Warning: `svd` cotangents sensitive to gauge choice: (|Δgauge| = 0.3408717494701511)
└ @ TensorKitChainRulesCoreExt ~/.julia/packages/TensorKit/esxcj/ext/TensorKitChainRulesCoreExt/factorizations.jl:254
┌ Warning: `svd` cotangents sensitive to gauge choice: (|Δgauge| = 3.4441212681808287e-10)
└ @ TensorKitChainRulesCoreExt ~/.julia/packages/TensorKit/esxcj/ext/TensorKitChainRulesCoreExt/factorizations.jl:254
┌ Warning: `svd` cotangents sensitive to gauge choice: (|Δgauge| = 0.34087174979394497)
└ @ TensorKitChainRulesCoreExt ~/.julia/packages/TensorKit/esxcj/ext/TensorKitChainRulesCoreExt/factorizations.jl:254
[ Info: LBFGS: iter   76, time 9373.61 s: f = -2.113311169627, ‖∇f‖ = 1.5946e-03, α = 1.00e+00, m = 3, nfg = 1
[ Info: CTMRG init:	obj = +5.965702054086e+00	err = 1.0000e+00
[ Info: CTMRG conv 18:	obj = +5.965707644394e+00	err = 4.1693606920e-10	time = 53.87 sec
┌ Warning: `svd` cotangents sensitive to gauge choice: (|Δgauge| = 0.34049195149516576)
└ @ TensorKitChainRulesCoreExt ~/.julia/packages/TensorKit/esxcj/ext/TensorKitChainRulesCoreExt/factorizations.jl:254
┌ Warning: `svd` cotangents sensitive to gauge choice: (|Δgauge| = 2.576967259985032e-10)
└ @ TensorKitChainRulesCoreExt ~/.julia/packages/TensorKit/esxcj/ext/TensorKitChainRulesCoreExt/factorizations.jl:254
┌ Warning: `svd` cotangents sensitive to gauge choice: (|Δgauge| = 0.34049195179740965)
└ @ TensorKitChainRulesCoreExt ~/.julia/packages/TensorKit/esxcj/ext/TensorKitChainRulesCoreExt/factorizations.jl:254
[ Info: LBFGS: iter   77, time 9437.71 s: f = -2.113316197823, ‖∇f‖ = 1.1716e-03, α = 1.00e+00, m = 3, nfg = 1
[ Info: CTMRG init:	obj = +5.973993119121e+00	err = 1.0000e+00
[ Info: CTMRG conv 18:	obj = +5.973998526754e+00	err = 3.5450988967e-10	time = 53.52 sec
┌ Warning: `svd` cotangents sensitive to gauge choice: (|Δgauge| = 0.3403916287792802)
└ @ TensorKitChainRulesCoreExt ~/.julia/packages/TensorKit/esxcj/ext/TensorKitChainRulesCoreExt/factorizations.jl:254
┌ Warning: `svd` cotangents sensitive to gauge choice: (|Δgauge| = 2.0014999788376857e-10)
└ @ TensorKitChainRulesCoreExt ~/.julia/packages/TensorKit/esxcj/ext/TensorKitChainRulesCoreExt/factorizations.jl:254
┌ Warning: `svd` cotangents sensitive to gauge choice: (|Δgauge| = 0.3403916289647353)
└ @ TensorKitChainRulesCoreExt ~/.julia/packages/TensorKit/esxcj/ext/TensorKitChainRulesCoreExt/factorizations.jl:254
[ Info: LBFGS: converged after 78 iterations and time 9501.29 s: f = -2.113321186668, ‖∇f‖ = 9.3506e-04
