  Installing known registries into `~/.julia`
       Added `General` registry to ~/.julia/registries
    Updating registry at `~/.julia/registries/General.toml`
   Installed GPUArraysCore ─────────────── v0.2.0
   Installed IrrationalConstants ───────── v0.2.4
   Installed TaskLocalValues ───────────── v0.1.2
   Installed RealDot ───────────────────── v0.1.0
   Installed IRTools ───────────────────── v0.4.14
   Installed JLD2 ──────────────────────── v0.5.12
   Installed OhMyThreads ───────────────── v0.7.0
   Installed BlockTensorKit ────────────── v0.1.6
   Installed DiffRules ─────────────────── v1.15.1
   Installed IntegerMathUtils ──────────── v0.1.2
   Installed LRUCache ──────────────────── v1.6.2
   Installed PtrArrays ─────────────────── v1.3.0
   Installed Adapt ─────────────────────── v4.3.0
   Installed Accessors ─────────────────── v0.1.42
   Installed Preferences ───────────────── v1.4.3
   Installed TableTraits ───────────────── v1.0.1
   Installed LoggingExtras ─────────────── v1.0.3
   Installed OptimKit ──────────────────── v0.4.0
   Installed WignerSymbols ─────────────── v2.0.0
   Installed HashArrayMappedTries ──────── v0.2.0
   Installed Tables ────────────────────── v1.12.0
   Installed DiffResults ───────────────── v1.1.0
   Installed SpecialFunctions ──────────── v2.5.0
   Installed ChunkSplitters ────────────── v3.1.2
   Installed TensorKit ─────────────────── v0.14.5
   Installed RecipesBase ───────────────── v1.3.4
   Installed DataAPI ───────────────────── v1.16.0
   Installed Primes ────────────────────── v0.5.7
   Installed AbstractFFTs ──────────────── v1.5.0
   Installed StaticArrays ──────────────── v1.9.13
   Installed Zygote ────────────────────── v0.7.6
   Installed BlockArrays ───────────────── v1.6.1
   Installed MPSKit ────────────────────── v0.12.6
   Installed Richardson ────────────────── v1.4.2
   Installed StaticArraysCore ──────────── v1.4.3
   Installed FiniteDifferences ─────────── v0.12.32
   Installed IteratorInterfaceExtensions ─ v1.0.0
   Installed NaNMath ───────────────────── v1.1.3
   Installed JLLWrappers ───────────────── v1.7.0
   Installed ConstructionBase ──────────── v1.5.8
   Installed PrecompileTools ───────────── v1.2.1
   Installed RationalRoots ─────────────── v0.2.1
   Installed StableTasks ───────────────── v0.1.7
   Installed StructArrays ──────────────── v0.7.1
   Installed DataValueInterfaces ───────── v1.0.0
   Installed TensorKitSectors ──────────── v0.1.4
   Installed OrderedCollections ────────── v1.8.0
   Installed TranscodingStreams ────────── v0.11.3
   Installed ChainRulesCore ────────────── v1.25.1
   Installed InitialValues ─────────────── v0.3.1
   Installed ScopedValues ──────────────── v1.3.0
   Installed VectorInterface ───────────── v0.5.0
   Installed MPSKitModels ──────────────── v0.4.0
   Installed ForwardDiff ───────────────── v1.0.1
   Installed FillArrays ────────────────── v1.13.0
   Installed FileIO ────────────────────── v1.17.0
   Installed Statistics ────────────────── v1.11.1
   Installed Requires ──────────────────── v1.3.1
   Installed ZygoteRules ───────────────── v0.2.7
   Installed CommonSubexpressions ──────── v0.3.1
   Installed LogExpFunctions ───────────── v0.3.29
   Installed ChainRules ────────────────── v1.72.3
   Installed HalfIntegers ──────────────── v1.6.0
   Installed StridedViews ──────────────── v0.4.1
   Installed BangBang ──────────────────── v0.4.4
   Installed TensorKitManifolds ────────── v0.7.2
   Installed MacroTools ────────────────── v0.5.15
   Installed Strided ───────────────────── v2.3.0
   Installed Compat ────────────────────── v4.16.0
   Installed PackageExtensionCompat ────── v1.0.2
   Installed CompositionsBase ──────────── v0.1.2
   Installed OpenSpecFun_jll ───────────── v0.5.6+0
   Installed PEPSKit ───────────────────── v0.5.0
   Installed SparseInverseSubset ───────── v0.1.2
   Installed TupleTools ────────────────── v1.6.0
   Installed InverseFunctions ──────────── v0.1.17
   Installed TensorOperations ──────────── v5.2.0
   Installed DocStringExtensions ───────── v0.9.4
   Installed KrylovKit ─────────────────── v0.9.5
   Installed ArrayLayouts ──────────────── v1.11.1
    Updating `/var/lib/condor/execute/dir_539456/Project.toml`
  [d360d2e6] + ChainRulesCore v1.25.1
  [033835bb] + JLD2 v0.5.12
  [0b1a1467] + KrylovKit v0.9.5
  [bb1c41ca] + MPSKit v0.12.6
  [ca635005] + MPSKitModels v0.4.0
  [77e91f04] + OptimKit v0.4.0
  [52969e89] + PEPSKit v0.5.0
  [07d1fe3e] + TensorKit v0.14.5
  [409d34a3] + VectorInterface v0.5.0
  [e88e6eb3] + Zygote v0.7.6
  [37e2e46d] ~ LinearAlgebra ⇒ v1.11.0
    Updating `/var/lib/condor/execute/dir_539456/Manifest.toml`
  [621f4979] + AbstractFFTs v1.5.0
  [7d9f7c33] + Accessors v0.1.42
  [79e6a3ab] + Adapt v4.3.0
  [4c555306] + ArrayLayouts v1.11.1
  [198e06fe] + BangBang v0.4.4
  [8e7c35d0] + BlockArrays v1.6.1
  [5f87ffc2] + BlockTensorKit v0.1.6
  [082447d4] + ChainRules v1.72.3
  [d360d2e6] + ChainRulesCore v1.25.1
  [ae650224] + ChunkSplitters v3.1.2
  [bbf7d656] + CommonSubexpressions v0.3.1
  [34da2185] + Compat v4.16.0
  [a33af91c] + CompositionsBase v0.1.2
  [187b0558] + ConstructionBase v1.5.8
  [9a962f9c] + DataAPI v1.16.0
  [e2d170a0] + DataValueInterfaces v1.0.0
  [163ba53b] + DiffResults v1.1.0
  [b552c78f] + DiffRules v1.15.1
  [ffbed154] + DocStringExtensions v0.9.4
  [5789e2e9] + FileIO v1.17.0
  [1a297f60] + FillArrays v1.13.0
  [26cc04aa] + FiniteDifferences v0.12.32
  [f6369f11] + ForwardDiff v1.0.1
  [46192b85] + GPUArraysCore v0.2.0
  [f0d1745a] + HalfIntegers v1.6.0
  [076d061b] + HashArrayMappedTries v0.2.0
  [7869d1d1] + IRTools v0.4.14
  [22cec73e] + InitialValues v0.3.1
  [18e54dd8] + IntegerMathUtils v0.1.2
  [3587e190] + InverseFunctions v0.1.17
  [92d709cd] + IrrationalConstants v0.2.4
  [82899510] + IteratorInterfaceExtensions v1.0.0
  [033835bb] + JLD2 v0.5.12
  [692b3bcd] + JLLWrappers v1.7.0
  [0b1a1467] + KrylovKit v0.9.5
  [8ac3fa9e] + LRUCache v1.6.2
  [2ab3a3ac] + LogExpFunctions v0.3.29
⌅ [e6f89c97] + LoggingExtras v1.0.3
  [bb1c41ca] + MPSKit v0.12.6
  [ca635005] + MPSKitModels v0.4.0
  [1914dd2f] + MacroTools v0.5.15
  [77ba4419] + NaNMath v1.1.3
⌅ [67456a42] + OhMyThreads v0.7.0
  [77e91f04] + OptimKit v0.4.0
  [bac558e1] + OrderedCollections v1.8.0
  [52969e89] + PEPSKit v0.5.0
  [65ce6f38] + PackageExtensionCompat v1.0.2
⌅ [aea7be01] + PrecompileTools v1.2.1
  [21216c6a] + Preferences v1.4.3
  [27ebfcd6] + Primes v0.5.7
  [43287f4e] + PtrArrays v1.3.0
  [308eb6b3] + RationalRoots v0.2.1
  [c1ae055f] + RealDot v0.1.0
  [3cdcf5f2] + RecipesBase v1.3.4
  [ae029012] + Requires v1.3.1
  [708f8203] + Richardson v1.4.2
  [7e506255] + ScopedValues v1.3.0
  [dc90abb0] + SparseInverseSubset v0.1.2
  [276daf66] + SpecialFunctions v2.5.0
  [91464d47] + StableTasks v0.1.7
  [90137ffa] + StaticArrays v1.9.13
  [1e83bf80] + StaticArraysCore v1.4.3
  [10745b16] + Statistics v1.11.1
  [5e0ebb24] + Strided v2.3.0
  [4db3bf67] + StridedViews v0.4.1
  [09ab397b] + StructArrays v0.7.1
  [3783bdb8] + TableTraits v1.0.1
  [bd369af6] + Tables v1.12.0
  [ed4db957] + TaskLocalValues v0.1.2
  [07d1fe3e] + TensorKit v0.14.5
  [11fa318c] + TensorKitManifolds v0.7.2
  [13a9c161] + TensorKitSectors v0.1.4
  [6aa20fa7] + TensorOperations v5.2.0
  [3bb67fe8] + TranscodingStreams v0.11.3
  [9d95972d] + TupleTools v1.6.0
  [409d34a3] + VectorInterface v0.5.0
  [9f57e263] + WignerSymbols v2.0.0
  [e88e6eb3] + Zygote v0.7.6
  [700de1a5] + ZygoteRules v0.2.7
  [efe28fd5] + OpenSpecFun_jll v0.5.6+0
  [0dad84c5] + ArgTools v1.1.2
  [56f22d72] + Artifacts v1.11.0
  [2a0f44e3] + Base64 v1.11.0
  [ade2ca70] + Dates v1.11.0
  [8ba89e20] + Distributed v1.11.0
  [f43a241f] + Downloads v1.6.0
  [7b1f6079] + FileWatching v1.11.0
  [b77e0a4c] + InteractiveUtils v1.11.0
  [b27032c2] + LibCURL v0.6.4
  [76f85450] + LibGit2 v1.11.0
  [8f399da3] + Libdl v1.11.0
  [37e2e46d] + LinearAlgebra v1.11.0
  [56ddb016] + Logging v1.11.0
  [d6f4376e] + Markdown v1.11.0
  [a63ad114] + Mmap v1.11.0
  [ca575930] + NetworkOptions v1.2.0
  [44cfe95a] + Pkg v1.11.0
  [de0858da] + Printf v1.11.0
  [9a3f8284] + Random v1.11.0
  [ea8e919c] + SHA v0.7.0
  [9e88b42a] + Serialization v1.11.0
  [6462fe0b] + Sockets v1.11.0
  [2f01184e] + SparseArrays v1.11.0
  [4607b0f0] + SuiteSparse
  [fa267f1f] + TOML v1.0.3
  [a4e569a6] + Tar v1.10.0
  [cf7118a7] + UUIDs v1.11.0
  [4ec0a83e] + Unicode v1.11.0
  [e66e0078] + CompilerSupportLibraries_jll v1.1.1+0
  [deac9b47] + LibCURL_jll v8.6.0+0
  [e37daf67] + LibGit2_jll v1.7.2+0
  [29816b5a] + LibSSH2_jll v1.11.0+1
  [c8ffd9c3] + MbedTLS_jll v2.28.6+0
  [14a3606d] + MozillaCACerts_jll v2023.12.12
  [4536629a] + OpenBLAS_jll v0.3.27+1
  [05823500] + OpenLibm_jll v0.8.1+2
  [bea87d4a] + SuiteSparse_jll v7.7.0+0
  [83775a58] + Zlib_jll v1.2.13+1
  [8e850b90] + libblastrampoline_jll v5.11.0+0
  [8e850ede] + nghttp2_jll v1.59.0+0
  [3f19e933] + p7zip_jll v17.4.0+2
        Info Packages marked with ⌅ have new versions available but compatibility constraints restrict them from upgrading. To see why use `status --outdated -m`
Precompiling project...
    476.8 ms  ✓ TaskLocalValues
    433.4 ms  ✓ RealDot
    436.9 ms  ✓ DataValueInterfaces
    456.8 ms  ✓ IntegerMathUtils
    467.3 ms  ✓ Richardson
    524.9 ms  ✓ StableTasks
    538.4 ms  ✓ HalfIntegers
    587.1 ms  ✓ InverseFunctions
    636.4 ms  ✓ DocStringExtensions
    642.4 ms  ✓ VectorInterface
    678.8 ms  ✓ OrderedCollections
    739.8 ms  ✓ AbstractFFTs
    724.8 ms  ✓ Statistics
    736.8 ms  ✓ LRUCache
    420.5 ms  ✓ PackageExtensionCompat
    452.6 ms  ✓ IteratorInterfaceExtensions
    564.9 ms  ✓ ConstructionBase
    482.9 ms  ✓ CompositionsBase
    666.4 ms  ✓ DataAPI
    661.4 ms  ✓ PtrArrays
   1303.4 ms  ✓ FillArrays
    632.7 ms  ✓ TupleTools
    727.3 ms  ✓ RationalRoots
    804.0 ms  ✓ StaticArraysCore
    977.6 ms  ✓ ChunkSplitters
    757.4 ms  ✓ TranscodingStreams
    753.9 ms  ✓ HashArrayMappedTries
   1480.9 ms  ✓ IrrationalConstants
    636.0 ms  ✓ Requires
    733.1 ms  ✓ NaNMath
    702.9 ms  ✓ LoggingExtras
    698.3 ms  ✓ SuiteSparse
   1124.9 ms  ✓ InitialValues
    765.5 ms  ✓ Compat
    473.1 ms  ✓ ScopedValues
    474.6 ms  ✓ TableTraits
    556.3 ms  ✓ LRUCache → SerializationExt
    529.3 ms  ✓ CompositionsBase → CompositionsBaseInverseFunctionsExt
    754.0 ms  ✓ Primes
    621.5 ms  ✓ StridedViews
    872.0 ms  ✓ InverseFunctions → InverseFunctionsDatesExt
    719.2 ms  ✓ Statistics → SparseArraysExt
    561.5 ms  ✓ DiffResults
   1134.4 ms  ✓ Preferences
    555.9 ms  ✓ ConstructionBase → ConstructionBaseLinearAlgebraExt
    742.0 ms  ✓ FillArrays → FillArraysStatisticsExt
    856.8 ms  ✓ FillArrays → FillArraysSparseArraysExt
    678.3 ms  ✓ Compat → CompatLinearAlgebraExt
    660.4 ms  ✓ Adapt
    826.4 ms  ✓ SparseInverseSubset
    567.0 ms  ✓ StridedViews → StridedViewsPtrArraysExt
    583.7 ms  ✓ PrecompileTools
   1038.6 ms  ✓ LogExpFunctions
    821.0 ms  ✓ JLLWrappers
   2951.1 ms  ✓ MacroTools
   1247.0 ms  ✓ Tables
   1048.7 ms  ✓ Strided
   1976.2 ms  ✓ KrylovKit
    717.3 ms  ✓ Adapt → AdaptSparseArraysExt
    505.0 ms  ✓ LogExpFunctions → LogExpFunctionsInverseFunctionsExt
    829.6 ms  ✓ GPUArraysCore
   1646.0 ms  ✓ OptimKit
    739.4 ms  ✓ OpenSpecFun_jll
    801.1 ms  ✓ CommonSubexpressions
   1494.4 ms  ✓ ChainRulesCore
   1035.2 ms  ✓ StructArrays
    562.4 ms  ✓ AbstractFFTs → AbstractFFTsChainRulesCoreExt
    516.4 ms  ✓ StructArrays → StructArraysAdaptExt
    778.0 ms  ✓ ChainRulesCore → ChainRulesCoreSparseArraysExt
    793.3 ms  ✓ KrylovKit → KrylovKitChainRulesCoreExt
   2945.3 ms  ✓ WignerSymbols
    719.0 ms  ✓ StructArrays → StructArraysSparseArraysExt
   2242.6 ms  ✓ RecipesBase
   1032.3 ms  ✓ ZygoteRules
    608.2 ms  ✓ StructArrays → StructArraysLinearAlgebraExt
   2240.7 ms  ✓ IRTools
   1729.8 ms  ✓ LogExpFunctions → LogExpFunctionsChainRulesCoreExt
   2664.0 ms  ✓ Accessors
    599.3 ms  ✓ Accessors → StructArraysExt
    630.2 ms  ✓ Accessors → LinearAlgebraExt
   3540.9 ms  ✓ SpecialFunctions
   5518.3 ms  ✓ FileIO
   1054.9 ms  ✓ BangBang
    784.5 ms  ✓ DiffRules
    645.4 ms  ✓ BangBang → BangBangStructArraysExt
    657.0 ms  ✓ BangBang → BangBangTablesExt
    681.9 ms  ✓ BangBang → BangBangChainRulesCoreExt
   1095.7 ms  ✓ OhMyThreads
   1970.2 ms  ✓ SpecialFunctions → SpecialFunctionsChainRulesCoreExt
   5966.9 ms  ✓ ChainRules
   8580.1 ms  ✓ StaticArrays
   3660.5 ms  ✓ ForwardDiff
    723.1 ms  ✓ Adapt → AdaptStaticArraysExt
    738.8 ms  ✓ StaticArrays → StaticArraysStatisticsExt
    745.5 ms  ✓ ConstructionBase → ConstructionBaseStaticArraysExt
    773.4 ms  ✓ StaticArrays → StaticArraysChainRulesCoreExt
    806.4 ms  ✓ StructArrays → StructArraysStaticArraysExt
    870.8 ms  ✓ BangBang → BangBangStaticArraysExt
   1170.7 ms  ✓ Accessors → StaticArraysExt
   1029.6 ms  ✓ ForwardDiff → ForwardDiffStaticArraysExt
   1298.5 ms  ✓ FiniteDifferences
  14196.0 ms  ✓ ArrayLayouts
    754.3 ms  ✓ ArrayLayouts → ArrayLayoutsSparseArraysExt
   1714.9 ms  ✓ BlockArrays
    792.1 ms  ✓ BlockArrays → BlockArraysAdaptExt
  31329.4 ms  ✓ JLD2
  28167.3 ms  ✓ Zygote
 122638.2 ms  ✓ TensorOperations
   1456.1 ms  ✓ TensorOperations → TensorOperationsChainRulesCoreExt
   6128.6 ms  ✓ TensorKitSectors
   6918.3 ms  ✓ TensorKit
   1812.5 ms  ✓ TensorKitManifolds
   2004.4 ms  ✓ TensorKit → TensorKitFiniteDifferencesExt
   2040.5 ms  ✓ TensorKit → TensorKitChainRulesCoreExt
   2542.0 ms  ✓ BlockTensorKit
  13101.8 ms  ✓ MPSKit
  13948.0 ms  ✓ MPSKitModels
  16775.5 ms  ✓ PEPSKit
  118 dependencies successfully precompiled in 186 seconds. 31 already precompiled.
[ Info: CTMRG init:	obj = -1.679598993494e+00 -8.413230743021e-01im	err = 1.0000e+00
[ Info: CTMRG conv 53:	obj = +3.695578765518e+00	err = 2.6907554322e-10	time = 35.57 sec
[ Info: CTMRG init:	obj = +3.695578765518e+00	err = 1.0000e+00
[ Info: CTMRG conv 4:	obj = +3.695578765518e+00	err = 1.2268211356e-11	time = 1.23 min
┌ Warning: `svd` cotangents sensitive to gauge choice: (|Δgauge| = 0.024766422993470497)
└ @ TensorKitChainRulesCoreExt ~/.julia/packages/TensorKit/esxcj/ext/TensorKitChainRulesCoreExt/factorizations.jl:254
┌ Warning: `svd` cotangents sensitive to gauge choice: (|Δgauge| = 1.5997675938132687e-6)
└ @ TensorKitChainRulesCoreExt ~/.julia/packages/TensorKit/esxcj/ext/TensorKitChainRulesCoreExt/factorizations.jl:254
┌ Warning: `svd` cotangents sensitive to gauge choice: (|Δgauge| = 0.02476482322627207)
└ @ TensorKitChainRulesCoreExt ~/.julia/packages/TensorKit/esxcj/ext/TensorKitChainRulesCoreExt/factorizations.jl:254
[ Info: LBFGS: initializing with f = -1.686884630805, ‖∇f‖ = 1.5904e-01
[ Info: CTMRG init:	obj = +3.687691414316e+00	err = 1.0000e+00
[ Info: CTMRG conv 11:	obj = +3.687694108276e+00	err = 4.3888798161e-10	time = 3.87 sec
┌ Warning: `svd` cotangents sensitive to gauge choice: (|Δgauge| = 0.025568443740885773)
└ @ TensorKitChainRulesCoreExt ~/.julia/packages/TensorKit/esxcj/ext/TensorKitChainRulesCoreExt/factorizations.jl:254
┌ Warning: `svd` cotangents sensitive to gauge choice: (|Δgauge| = 6.242468372769601e-12)
└ @ TensorKitChainRulesCoreExt ~/.julia/packages/TensorKit/esxcj/ext/TensorKitChainRulesCoreExt/factorizations.jl:254
┌ Warning: `svd` cotangents sensitive to gauge choice: (|Δgauge| = 0.025568443741815203)
└ @ TensorKitChainRulesCoreExt ~/.julia/packages/TensorKit/esxcj/ext/TensorKitChainRulesCoreExt/factorizations.jl:254
[ Info: CTMRG init:	obj = +3.656053255068e+00	err = 1.0000e+00
[ Info: CTMRG conv 12:	obj = +3.656125205890e+00	err = 4.6028584377e-10	time = 4.61 sec
┌ Warning: `svd` cotangents sensitive to gauge choice: (|Δgauge| = 0.02880324266357948)
└ @ TensorKitChainRulesCoreExt ~/.julia/packages/TensorKit/esxcj/ext/TensorKitChainRulesCoreExt/factorizations.jl:254
┌ Warning: `svd` cotangents sensitive to gauge choice: (|Δgauge| = 0.028803242663693378)
└ @ TensorKitChainRulesCoreExt ~/.julia/packages/TensorKit/esxcj/ext/TensorKitChainRulesCoreExt/factorizations.jl:254
[ Info: CTMRG init:	obj = +3.495892703267e+00	err = 1.0000e+00
[ Info: CTMRG conv 14:	obj = +3.498407767078e+00	err = 2.0964762187e-10	time = 5.47 sec
┌ Warning: `svd` cotangents sensitive to gauge choice: (|Δgauge| = 0.06985388427122885)
└ @ TensorKitChainRulesCoreExt ~/.julia/packages/TensorKit/esxcj/ext/TensorKitChainRulesCoreExt/factorizations.jl:254
┌ Warning: `svd` cotangents sensitive to gauge choice: (|Δgauge| = 0.06985388427124181)
└ @ TensorKitChainRulesCoreExt ~/.julia/packages/TensorKit/esxcj/ext/TensorKitChainRulesCoreExt/factorizations.jl:254
[ Info: CTMRG init:	obj = +2.666237814000e+00	err = 1.0000e+00
[ Info: CTMRG conv 23:	obj = +2.921741942136e+00	err = 5.3461962053e-10	time = 8.40 sec
┌ Warning: `svd` cotangents sensitive to gauge choice: (|Δgauge| = 0.864808159077316)
└ @ TensorKitChainRulesCoreExt ~/.julia/packages/TensorKit/esxcj/ext/TensorKitChainRulesCoreExt/factorizations.jl:254
┌ Warning: `svd` cotangents sensitive to gauge choice: (|Δgauge| = 5.3606601794866045e-11)
└ @ TensorKitChainRulesCoreExt ~/.julia/packages/TensorKit/esxcj/ext/TensorKitChainRulesCoreExt/factorizations.jl:254
┌ Warning: `svd` cotangents sensitive to gauge choice: (|Δgauge| = 0.864808159046778)
└ @ TensorKitChainRulesCoreExt ~/.julia/packages/TensorKit/esxcj/ext/TensorKitChainRulesCoreExt/factorizations.jl:254
[ Info: CTMRG init:	obj = +2.739175116478e+00	err = 1.0000e+00
[ Info: CTMRG conv 22:	obj = +2.940774929845e+00	err = 4.6792394626e-10	time = 8.13 sec
┌ Warning: `svd` cotangents sensitive to gauge choice: (|Δgauge| = 0.7553296186942013)
└ @ TensorKitChainRulesCoreExt ~/.julia/packages/TensorKit/esxcj/ext/TensorKitChainRulesCoreExt/factorizations.jl:254
┌ Warning: `svd` cotangents sensitive to gauge choice: (|Δgauge| = 3.2614800762445377e-11)
└ @ TensorKitChainRulesCoreExt ~/.julia/packages/TensorKit/esxcj/ext/TensorKitChainRulesCoreExt/factorizations.jl:254
┌ Warning: `svd` cotangents sensitive to gauge choice: (|Δgauge| = 0.7553296186724426)
└ @ TensorKitChainRulesCoreExt ~/.julia/packages/TensorKit/esxcj/ext/TensorKitChainRulesCoreExt/factorizations.jl:254
[ Info: LBFGS: iter    1, time 1225.32 s: f = -2.098737182444, ‖∇f‖ = 2.2831e-01, α = 1.16e+02, m = 0, nfg = 5
[ Info: CTMRG init:	obj = +8.466312739805e+00	err = 1.0000e+00
[ Info: CTMRG conv 83:	obj = +1.296114009420e+01	err = 9.4805307845e-10	time = 35.07 sec
┌ Warning: `svd` cotangents sensitive to gauge choice: (|Δgauge| = 1.1050750774703615)
└ @ TensorKitChainRulesCoreExt ~/.julia/packages/TensorKit/esxcj/ext/TensorKitChainRulesCoreExt/factorizations.jl:254
┌ Warning: `svd` cotangents sensitive to gauge choice: (|Δgauge| = 1.1050750773441878)
└ @ TensorKitChainRulesCoreExt ~/.julia/packages/TensorKit/esxcj/ext/TensorKitChainRulesCoreExt/factorizations.jl:254
[ Info: CTMRG init:	obj = +4.803500442958e+00	err = 1.0000e+00
[ Info: CTMRG conv 52:	obj = +8.965351726412e+00	err = 8.2433460405e-10	time = 25.79 sec
┌ Warning: `svd` cotangents sensitive to gauge choice: (|Δgauge| = 0.6336488298170578)
└ @ TensorKitChainRulesCoreExt ~/.julia/packages/TensorKit/esxcj/ext/TensorKitChainRulesCoreExt/factorizations.jl:254
┌ Warning: `svd` cotangents sensitive to gauge choice: (|Δgauge| = 1.0290294516568865e-9)
└ @ TensorKitChainRulesCoreExt ~/.julia/packages/TensorKit/esxcj/ext/TensorKitChainRulesCoreExt/factorizations.jl:254
┌ Warning: `svd` cotangents sensitive to gauge choice: (|Δgauge| = 0.6336488287891364)
└ @ TensorKitChainRulesCoreExt ~/.julia/packages/TensorKit/esxcj/ext/TensorKitChainRulesCoreExt/factorizations.jl:254
[ Info: CTMRG init:	obj = +3.326799526780e+00	err = 1.0000e+00
[ Info: CTMRG conv 24:	obj = +5.569886572241e+00	err = 6.3726336219e-10	time = 11.97 sec
┌ Warning: `svd` cotangents sensitive to gauge choice: (|Δgauge| = 1.067881411871334)
└ @ TensorKitChainRulesCoreExt ~/.julia/packages/TensorKit/esxcj/ext/TensorKitChainRulesCoreExt/factorizations.jl:254
┌ Warning: `svd` cotangents sensitive to gauge choice: (|Δgauge| = 6.938729805719106e-11)
└ @ TensorKitChainRulesCoreExt ~/.julia/packages/TensorKit/esxcj/ext/TensorKitChainRulesCoreExt/factorizations.jl:254
┌ Warning: `svd` cotangents sensitive to gauge choice: (|Δgauge| = 1.067881411804779)
└ @ TensorKitChainRulesCoreExt ~/.julia/packages/TensorKit/esxcj/ext/TensorKitChainRulesCoreExt/factorizations.jl:254
[ Info: CTMRG init:	obj = +2.808473934399e+00	err = 1.0000e+00
[ Info: CTMRG conv 22:	obj = +3.001295897284e+00	err = 9.9853675063e-10	time = 11.20 sec
┌ Warning: `svd` cotangents sensitive to gauge choice: (|Δgauge| = 1.4058347909156694)
└ @ TensorKitChainRulesCoreExt ~/.julia/packages/TensorKit/esxcj/ext/TensorKitChainRulesCoreExt/factorizations.jl:254
┌ Warning: `svd` cotangents sensitive to gauge choice: (|Δgauge| = 8.920546592433771e-10)
└ @ TensorKitChainRulesCoreExt ~/.julia/packages/TensorKit/esxcj/ext/TensorKitChainRulesCoreExt/factorizations.jl:254
┌ Warning: `svd` cotangents sensitive to gauge choice: (|Δgauge| = 1.4058347907350175)
└ @ TensorKitChainRulesCoreExt ~/.julia/packages/TensorKit/esxcj/ext/TensorKitChainRulesCoreExt/factorizations.jl:254
[ Info: CTMRG init:	obj = +2.907852637621e+00	err = 1.0000e+00
[ Info: CTMRG conv 22:	obj = +2.914209506795e+00	err = 4.4880935567e-10	time = 11.46 sec
┌ Warning: `svd` cotangents sensitive to gauge choice: (|Δgauge| = 0.898034415652455)
└ @ TensorKitChainRulesCoreExt ~/.julia/packages/TensorKit/esxcj/ext/TensorKitChainRulesCoreExt/factorizations.jl:254
┌ Warning: `svd` cotangents sensitive to gauge choice: (|Δgauge| = 3.0591377639551754e-10)
└ @ TensorKitChainRulesCoreExt ~/.julia/packages/TensorKit/esxcj/ext/TensorKitChainRulesCoreExt/factorizations.jl:254
┌ Warning: `svd` cotangents sensitive to gauge choice: (|Δgauge| = 0.8980344154514457)
└ @ TensorKitChainRulesCoreExt ~/.julia/packages/TensorKit/esxcj/ext/TensorKitChainRulesCoreExt/factorizations.jl:254
[ Info: LBFGS: iter    2, time 1369.15 s: f = -2.103869044454, ‖∇f‖ = 3.2272e-01, α = 1.18e-02, m = 1, nfg = 5
[ Info: CTMRG init:	obj = +2.999423562240e+00	err = 1.0000e+00
[ Info: CTMRG conv 18:	obj = +3.000243313202e+00	err = 5.5378230420e-10	time = 10.29 sec
┌ Warning: `svd` cotangents sensitive to gauge choice: (|Δgauge| = 0.8548398265417387)
└ @ TensorKitChainRulesCoreExt ~/.julia/packages/TensorKit/esxcj/ext/TensorKitChainRulesCoreExt/factorizations.jl:254
┌ Warning: `svd` cotangents sensitive to gauge choice: (|Δgauge| = 2.5546117225574836e-9)
└ @ TensorKitChainRulesCoreExt ~/.julia/packages/TensorKit/esxcj/ext/TensorKitChainRulesCoreExt/factorizations.jl:254
┌ Warning: `svd` cotangents sensitive to gauge choice: (|Δgauge| = 0.8548398249745399)
└ @ TensorKitChainRulesCoreExt ~/.julia/packages/TensorKit/esxcj/ext/TensorKitChainRulesCoreExt/factorizations.jl:254
[ Info: LBFGS: iter    3, time 1385.22 s: f = -2.127838727546, ‖∇f‖ = 2.5655e-01, α = 1.00e+00, m = 2, nfg = 1
[ Info: CTMRG init:	obj = +4.397118858004e+00	err = 1.0000e+00
[ Info: CTMRG conv 11:	obj = +4.900823994729e+00	err = 6.0205765899e-10	time = 5.51 sec
┌ Warning: `svd` cotangents sensitive to gauge choice: (|Δgauge| = 0.6379849527411358)
└ @ TensorKitChainRulesCoreExt ~/.julia/packages/TensorKit/esxcj/ext/TensorKitChainRulesCoreExt/factorizations.jl:254
┌ Warning: `svd` cotangents sensitive to gauge choice: (|Δgauge| = 1.6163009225822596e-11)
└ @ TensorKitChainRulesCoreExt ~/.julia/packages/TensorKit/esxcj/ext/TensorKitChainRulesCoreExt/factorizations.jl:254
┌ Warning: `svd` cotangents sensitive to gauge choice: (|Δgauge| = 0.6379849527570334)
└ @ TensorKitChainRulesCoreExt ~/.julia/packages/TensorKit/esxcj/ext/TensorKitChainRulesCoreExt/factorizations.jl:254
[ Info: LBFGS: iter    4, time 1395.40 s: f = -2.469207065267, ‖∇f‖ = 3.7718e-01, α = 1.00e+00, m = 3, nfg = 1
[ Info: CTMRG init:	obj = +6.024158947982e+00	err = 1.0000e+00
[ Info: CTMRG conv 19:	obj = +6.883112042518e+00	err = 5.0312442152e-10	time = 10.17 sec
┌ Warning: `svd` cotangents sensitive to gauge choice: (|Δgauge| = 0.8306589017285049)
└ @ TensorKitChainRulesCoreExt ~/.julia/packages/TensorKit/esxcj/ext/TensorKitChainRulesCoreExt/factorizations.jl:254
┌ Warning: `svd` cotangents sensitive to gauge choice: (|Δgauge| = 1.4196182033574555e-11)
└ @ TensorKitChainRulesCoreExt ~/.julia/packages/TensorKit/esxcj/ext/TensorKitChainRulesCoreExt/factorizations.jl:254
┌ Warning: `svd` cotangents sensitive to gauge choice: (|Δgauge| = 0.8306589017620302)
└ @ TensorKitChainRulesCoreExt ~/.julia/packages/TensorKit/esxcj/ext/TensorKitChainRulesCoreExt/factorizations.jl:254
[ Info: LBFGS: iter    5, time 1410.73 s: f = -2.493657684997, ‖∇f‖ = 7.0654e-01, α = 1.00e+00, m = 3, nfg = 1
[ Info: CTMRG init:	obj = +6.861958635430e+00	err = 1.0000e+00
[ Info: CTMRG conv 10:	obj = +6.885628989185e+00	err = 2.8138837998e-10	time = 5.46 sec
┌ Warning: `svd` cotangents sensitive to gauge choice: (|Δgauge| = 0.590164844000056)
└ @ TensorKitChainRulesCoreExt ~/.julia/packages/TensorKit/esxcj/ext/TensorKitChainRulesCoreExt/factorizations.jl:254
┌ Warning: `svd` cotangents sensitive to gauge choice: (|Δgauge| = 3.1119558020526514e-11)
└ @ TensorKitChainRulesCoreExt ~/.julia/packages/TensorKit/esxcj/ext/TensorKitChainRulesCoreExt/factorizations.jl:254
┌ Warning: `svd` cotangents sensitive to gauge choice: (|Δgauge| = 0.5901648439795457)
└ @ TensorKitChainRulesCoreExt ~/.julia/packages/TensorKit/esxcj/ext/TensorKitChainRulesCoreExt/factorizations.jl:254
[ Info: LBFGS: iter    6, time 1420.50 s: f = -2.919333958478, ‖∇f‖ = 4.0918e-01, α = 1.00e+00, m = 3, nfg = 1
[ Info: CTMRG init:	obj = +6.423818526465e+00	err = 1.0000e+00
[ Info: CTMRG conv 12:	obj = +6.728131047500e+00	err = 9.9040011161e-10	time = 6.68 sec
┌ Warning: `svd` cotangents sensitive to gauge choice: (|Δgauge| = 0.509656270900385)
└ @ TensorKitChainRulesCoreExt ~/.julia/packages/TensorKit/esxcj/ext/TensorKitChainRulesCoreExt/factorizations.jl:254
┌ Warning: `svd` cotangents sensitive to gauge choice: (|Δgauge| = 1.2940480119819e-10)
└ @ TensorKitChainRulesCoreExt ~/.julia/packages/TensorKit/esxcj/ext/TensorKitChainRulesCoreExt/factorizations.jl:254
┌ Warning: `svd` cotangents sensitive to gauge choice: (|Δgauge| = 0.5096562707534957)
└ @ TensorKitChainRulesCoreExt ~/.julia/packages/TensorKit/esxcj/ext/TensorKitChainRulesCoreExt/factorizations.jl:254
[ Info: LBFGS: iter    7, time 1431.33 s: f = -2.986610783400, ‖∇f‖ = 5.5521e-01, α = 1.00e+00, m = 3, nfg = 1
[ Info: CTMRG init:	obj = +6.787212444325e+00	err = 1.0000e+00
[ Info: CTMRG conv 10:	obj = +6.946611187170e+00	err = 1.8852558313e-10	time = 5.36 sec
┌ Warning: `svd` cotangents sensitive to gauge choice: (|Δgauge| = 0.48025694150444265)
└ @ TensorKitChainRulesCoreExt ~/.julia/packages/TensorKit/esxcj/ext/TensorKitChainRulesCoreExt/factorizations.jl:254
┌ Warning: `svd` cotangents sensitive to gauge choice: (|Δgauge| = 1.975744643889022e-12)
└ @ TensorKitChainRulesCoreExt ~/.julia/packages/TensorKit/esxcj/ext/TensorKitChainRulesCoreExt/factorizations.jl:254
┌ Warning: `svd` cotangents sensitive to gauge choice: (|Δgauge| = 0.48025694149805515)
└ @ TensorKitChainRulesCoreExt ~/.julia/packages/TensorKit/esxcj/ext/TensorKitChainRulesCoreExt/factorizations.jl:254
[ Info: LBFGS: iter    8, time 1440.87 s: f = -3.133238563694, ‖∇f‖ = 1.6192e-01, α = 1.00e+00, m = 3, nfg = 1
[ Info: CTMRG init:	obj = +6.906823067705e+00	err = 1.0000e+00
[ Info: CTMRG conv 9:	obj = +6.914641705571e+00	err = 8.2129388064e-10	time = 4.71 sec
┌ Warning: `svd` cotangents sensitive to gauge choice: (|Δgauge| = 0.46185959550750266)
└ @ TensorKitChainRulesCoreExt ~/.julia/packages/TensorKit/esxcj/ext/TensorKitChainRulesCoreExt/factorizations.jl:254
┌ Warning: `svd` cotangents sensitive to gauge choice: (|Δgauge| = 4.834384944432284e-11)
└ @ TensorKitChainRulesCoreExt ~/.julia/packages/TensorKit/esxcj/ext/TensorKitChainRulesCoreExt/factorizations.jl:254
┌ Warning: `svd` cotangents sensitive to gauge choice: (|Δgauge| = 0.46185959547149874)
└ @ TensorKitChainRulesCoreExt ~/.julia/packages/TensorKit/esxcj/ext/TensorKitChainRulesCoreExt/factorizations.jl:254
[ Info: LBFGS: iter    9, time 1449.48 s: f = -3.154516174777, ‖∇f‖ = 6.2276e-02, α = 1.00e+00, m = 3, nfg = 1
[ Info: CTMRG init:	obj = +6.918919320159e+00	err = 1.0000e+00
[ Info: CTMRG conv 9:	obj = +6.922489985127e+00	err = 5.6390044299e-10	time = 5.21 sec
┌ Warning: `svd` cotangents sensitive to gauge choice: (|Δgauge| = 0.4466966292026927)
└ @ TensorKitChainRulesCoreExt ~/.julia/packages/TensorKit/esxcj/ext/TensorKitChainRulesCoreExt/factorizations.jl:254
┌ Warning: `svd` cotangents sensitive to gauge choice: (|Δgauge| = 5.409072454171567e-11)
└ @ TensorKitChainRulesCoreExt ~/.julia/packages/TensorKit/esxcj/ext/TensorKitChainRulesCoreExt/factorizations.jl:254
┌ Warning: `svd` cotangents sensitive to gauge choice: (|Δgauge| = 0.44669662915448016)
└ @ TensorKitChainRulesCoreExt ~/.julia/packages/TensorKit/esxcj/ext/TensorKitChainRulesCoreExt/factorizations.jl:254
[ Info: LBFGS: iter   10, time 1458.95 s: f = -3.158427112283, ‖∇f‖ = 2.9359e-02, α = 1.00e+00, m = 3, nfg = 1
[ Info: CTMRG init:	obj = +6.943000693495e+00	err = 1.0000e+00
[ Info: CTMRG conv 9:	obj = +6.943103839015e+00	err = 1.1999753469e-10	time = 5.41 sec
┌ Warning: `svd` cotangents sensitive to gauge choice: (|Δgauge| = 0.4416467435336129)
└ @ TensorKitChainRulesCoreExt ~/.julia/packages/TensorKit/esxcj/ext/TensorKitChainRulesCoreExt/factorizations.jl:254
┌ Warning: `svd` cotangents sensitive to gauge choice: (|Δgauge| = 4.4266677907405675e-11)
└ @ TensorKitChainRulesCoreExt ~/.julia/packages/TensorKit/esxcj/ext/TensorKitChainRulesCoreExt/factorizations.jl:254
┌ Warning: `svd` cotangents sensitive to gauge choice: (|Δgauge| = 0.4416467435034104)
└ @ TensorKitChainRulesCoreExt ~/.julia/packages/TensorKit/esxcj/ext/TensorKitChainRulesCoreExt/factorizations.jl:254
[ Info: LBFGS: iter   11, time 1468.24 s: f = -3.159242535868, ‖∇f‖ = 2.1067e-02, α = 1.00e+00, m = 3, nfg = 1
[ Info: CTMRG init:	obj = +7.044393477145e+00	err = 1.0000e+00
[ Info: CTMRG conv 9:	obj = +7.045127509210e+00	err = 1.9514585066e-10	time = 5.37 sec
┌ Warning: `svd` cotangents sensitive to gauge choice: (|Δgauge| = 0.41519222240348025)
└ @ TensorKitChainRulesCoreExt ~/.julia/packages/TensorKit/esxcj/ext/TensorKitChainRulesCoreExt/factorizations.jl:254
┌ Warning: `svd` cotangents sensitive to gauge choice: (|Δgauge| = 1.7221728260657615e-11)
└ @ TensorKitChainRulesCoreExt ~/.julia/packages/TensorKit/esxcj/ext/TensorKitChainRulesCoreExt/factorizations.jl:254
┌ Warning: `svd` cotangents sensitive to gauge choice: (|Δgauge| = 0.4151922223744571)
└ @ TensorKitChainRulesCoreExt ~/.julia/packages/TensorKit/esxcj/ext/TensorKitChainRulesCoreExt/factorizations.jl:254
[ Info: LBFGS: iter   12, time 1478.00 s: f = -3.161695656516, ‖∇f‖ = 1.4826e-02, α = 1.00e+00, m = 3, nfg = 1
[ Info: CTMRG init:	obj = +7.109652177022e+00	err = 1.0000e+00
[ Info: CTMRG conv 8:	obj = +7.109898896547e+00	err = 7.2032002434e-10	time = 4.71 sec
┌ Warning: `svd` cotangents sensitive to gauge choice: (|Δgauge| = 0.39995467907325943)
└ @ TensorKitChainRulesCoreExt ~/.julia/packages/TensorKit/esxcj/ext/TensorKitChainRulesCoreExt/factorizations.jl:254
┌ Warning: `svd` cotangents sensitive to gauge choice: (|Δgauge| = 1.2703549081509442e-10)
└ @ TensorKitChainRulesCoreExt ~/.julia/packages/TensorKit/esxcj/ext/TensorKitChainRulesCoreExt/factorizations.jl:254
┌ Warning: `svd` cotangents sensitive to gauge choice: (|Δgauge| = 0.3999546789237046)
└ @ TensorKitChainRulesCoreExt ~/.julia/packages/TensorKit/esxcj/ext/TensorKitChainRulesCoreExt/factorizations.jl:254
[ Info: LBFGS: iter   13, time 1486.32 s: f = -3.162616252273, ‖∇f‖ = 1.1784e-02, α = 1.00e+00, m = 3, nfg = 1
[ Info: CTMRG init:	obj = +7.171432011451e+00	err = 1.0000e+00
[ Info: CTMRG conv 8:	obj = +7.171725582406e+00	err = 3.9702611367e-10	time = 4.47 sec
┌ Warning: `svd` cotangents sensitive to gauge choice: (|Δgauge| = 0.38241360566666416)
└ @ TensorKitChainRulesCoreExt ~/.julia/packages/TensorKit/esxcj/ext/TensorKitChainRulesCoreExt/factorizations.jl:254
┌ Warning: `svd` cotangents sensitive to gauge choice: (|Δgauge| = 5.4428078174400274e-11)
└ @ TensorKitChainRulesCoreExt ~/.julia/packages/TensorKit/esxcj/ext/TensorKitChainRulesCoreExt/factorizations.jl:254
┌ Warning: `svd` cotangents sensitive to gauge choice: (|Δgauge| = 0.3824136055101398)
└ @ TensorKitChainRulesCoreExt ~/.julia/packages/TensorKit/esxcj/ext/TensorKitChainRulesCoreExt/factorizations.jl:254
[ Info: LBFGS: iter   14, time 1494.27 s: f = -3.162991703669, ‖∇f‖ = 1.3191e-02, α = 1.00e+00, m = 3, nfg = 1
[ Info: CTMRG init:	obj = +7.189509042243e+00	err = 1.0000e+00
[ Info: CTMRG conv 8:	obj = +7.189564753545e+00	err = 2.5640004924e-10	time = 4.93 sec
┌ Warning: `svd` cotangents sensitive to gauge choice: (|Δgauge| = 0.3787482030350327)
└ @ TensorKitChainRulesCoreExt ~/.julia/packages/TensorKit/esxcj/ext/TensorKitChainRulesCoreExt/factorizations.jl:254
┌ Warning: `svd` cotangents sensitive to gauge choice: (|Δgauge| = 4.7896954252688933e-11)
└ @ TensorKitChainRulesCoreExt ~/.julia/packages/TensorKit/esxcj/ext/TensorKitChainRulesCoreExt/factorizations.jl:254
┌ Warning: `svd` cotangents sensitive to gauge choice: (|Δgauge| = 0.37874820290878597)
└ @ TensorKitChainRulesCoreExt ~/.julia/packages/TensorKit/esxcj/ext/TensorKitChainRulesCoreExt/factorizations.jl:254
[ Info: LBFGS: iter   15, time 1502.96 s: f = -3.163148056094, ‖∇f‖ = 4.8474e-03, α = 1.00e+00, m = 3, nfg = 1
[ Info: CTMRG init:	obj = +7.199037173784e+00	err = 1.0000e+00
[ Info: CTMRG conv 8:	obj = +7.199044614146e+00	err = 1.4480662556e-10	time = 4.92 sec
┌ Warning: `svd` cotangents sensitive to gauge choice: (|Δgauge| = 0.37737780982876645)
└ @ TensorKitChainRulesCoreExt ~/.julia/packages/TensorKit/esxcj/ext/TensorKitChainRulesCoreExt/factorizations.jl:254
┌ Warning: `svd` cotangents sensitive to gauge choice: (|Δgauge| = 4.101349506591186e-11)
└ @ TensorKitChainRulesCoreExt ~/.julia/packages/TensorKit/esxcj/ext/TensorKitChainRulesCoreExt/factorizations.jl:254
┌ Warning: `svd` cotangents sensitive to gauge choice: (|Δgauge| = 0.37737780983006136)
└ @ TensorKitChainRulesCoreExt ~/.julia/packages/TensorKit/esxcj/ext/TensorKitChainRulesCoreExt/factorizations.jl:254
[ Info: LBFGS: iter   16, time 1511.88 s: f = -3.163181443275, ‖∇f‖ = 1.8088e-03, α = 1.00e+00, m = 3, nfg = 1
[ Info: CTMRG init:	obj = +7.212798432872e+00	err = 1.0000e+00
[ Info: CTMRG conv 8:	obj = +7.212810657109e+00	err = 3.2359413952e-10	time = 5.23 sec
┌ Warning: `svd` cotangents sensitive to gauge choice: (|Δgauge| = 0.3747855261390185)
└ @ TensorKitChainRulesCoreExt ~/.julia/packages/TensorKit/esxcj/ext/TensorKitChainRulesCoreExt/factorizations.jl:254
┌ Warning: `svd` cotangents sensitive to gauge choice: (|Δgauge| = 3.252929865681293e-11)
└ @ TensorKitChainRulesCoreExt ~/.julia/packages/TensorKit/esxcj/ext/TensorKitChainRulesCoreExt/factorizations.jl:254
┌ Warning: `svd` cotangents sensitive to gauge choice: (|Δgauge| = 0.3747855258170798)
└ @ TensorKitChainRulesCoreExt ~/.julia/packages/TensorKit/esxcj/ext/TensorKitChainRulesCoreExt/factorizations.jl:254
[ Info: LBFGS: iter   17, time 1520.82 s: f = -3.163198758663, ‖∇f‖ = 1.4564e-03, α = 1.00e+00, m = 3, nfg = 1
[ Info: CTMRG init:	obj = +7.226664159675e+00	err = 1.0000e+00
[ Info: CTMRG conv 8:	obj = +7.226684613921e+00	err = 3.5966191904e-10	time = 4.91 sec
┌ Warning: `svd` cotangents sensitive to gauge choice: (|Δgauge| = 0.37222748692631646)
└ @ TensorKitChainRulesCoreExt ~/.julia/packages/TensorKit/esxcj/ext/TensorKitChainRulesCoreExt/factorizations.jl:254
┌ Warning: `svd` cotangents sensitive to gauge choice: (|Δgauge| = 2.4779931805295652e-11)
└ @ TensorKitChainRulesCoreExt ~/.julia/packages/TensorKit/esxcj/ext/TensorKitChainRulesCoreExt/factorizations.jl:254
┌ Warning: `svd` cotangents sensitive to gauge choice: (|Δgauge| = 0.37222748662508265)
└ @ TensorKitChainRulesCoreExt ~/.julia/packages/TensorKit/esxcj/ext/TensorKitChainRulesCoreExt/factorizations.jl:254
[ Info: LBFGS: iter   18, time 1529.84 s: f = -3.163211467576, ‖∇f‖ = 3.0544e-03, α = 1.00e+00, m = 3, nfg = 1
[ Info: CTMRG init:	obj = +7.241119305043e+00	err = 1.0000e+00
[ Info: CTMRG conv 8:	obj = +7.241140634254e+00	err = 4.7833684898e-10	time = 5.37 sec
┌ Warning: `svd` cotangents sensitive to gauge choice: (|Δgauge| = 0.3698467235381129)
└ @ TensorKitChainRulesCoreExt ~/.julia/packages/TensorKit/esxcj/ext/TensorKitChainRulesCoreExt/factorizations.jl:254
┌ Warning: `svd` cotangents sensitive to gauge choice: (|Δgauge| = 1.8081919156725875e-11)
└ @ TensorKitChainRulesCoreExt ~/.julia/packages/TensorKit/esxcj/ext/TensorKitChainRulesCoreExt/factorizations.jl:254
┌ Warning: `svd` cotangents sensitive to gauge choice: (|Δgauge| = 0.36984672319314305)
└ @ TensorKitChainRulesCoreExt ~/.julia/packages/TensorKit/esxcj/ext/TensorKitChainRulesCoreExt/factorizations.jl:254
[ Info: LBFGS: iter   19, time 1538.97 s: f = -3.163227359775, ‖∇f‖ = 1.3244e-03, α = 1.00e+00, m = 3, nfg = 1
[ Info: CTMRG init:	obj = +7.251261640200e+00	err = 1.0000e+00
[ Info: CTMRG conv 8:	obj = +7.251279695237e+00	err = 7.1722633274e-10	time = 4.93 sec
┌ Warning: `svd` cotangents sensitive to gauge choice: (|Δgauge| = 0.3685885053743278)
└ @ TensorKitChainRulesCoreExt ~/.julia/packages/TensorKit/esxcj/ext/TensorKitChainRulesCoreExt/factorizations.jl:254
┌ Warning: `svd` cotangents sensitive to gauge choice: (|Δgauge| = 1.3491682658797982e-11)
└ @ TensorKitChainRulesCoreExt ~/.julia/packages/TensorKit/esxcj/ext/TensorKitChainRulesCoreExt/factorizations.jl:254
┌ Warning: `svd` cotangents sensitive to gauge choice: (|Δgauge| = 0.3685885052824439)
└ @ TensorKitChainRulesCoreExt ~/.julia/packages/TensorKit/esxcj/ext/TensorKitChainRulesCoreExt/factorizations.jl:254
[ Info: LBFGS: iter   20, time 1547.84 s: f = -3.163242236916, ‖∇f‖ = 1.3168e-03, α = 1.00e+00, m = 3, nfg = 1
[ Info: CTMRG init:	obj = +7.280588954236e+00	err = 1.0000e+00
[ Info: CTMRG conv 8:	obj = +7.280834535279e+00	err = 3.5865568297e-10	time = 5.51 sec
┌ Warning: `svd` cotangents sensitive to gauge choice: (|Δgauge| = 0.36618646391311505)
└ @ TensorKitChainRulesCoreExt ~/.julia/packages/TensorKit/esxcj/ext/TensorKitChainRulesCoreExt/factorizations.jl:254
┌ Warning: `svd` cotangents sensitive to gauge choice: (|Δgauge| = 3.3655432089000567e-12)
└ @ TensorKitChainRulesCoreExt ~/.julia/packages/TensorKit/esxcj/ext/TensorKitChainRulesCoreExt/factorizations.jl:254
┌ Warning: `svd` cotangents sensitive to gauge choice: (|Δgauge| = 0.36618646411051636)
└ @ TensorKitChainRulesCoreExt ~/.julia/packages/TensorKit/esxcj/ext/TensorKitChainRulesCoreExt/factorizations.jl:254
[ Info: LBFGS: iter   21, time 1557.43 s: f = -3.163275783360, ‖∇f‖ = 4.9313e-03, α = 1.00e+00, m = 3, nfg = 1
[ Info: CTMRG init:	obj = +7.293068862771e+00	err = 1.0000e+00
[ Info: CTMRG conv 8:	obj = +7.293239293497e+00	err = 3.2282778708e-10	time = 5.53 sec
┌ Warning: `svd` cotangents sensitive to gauge choice: (|Δgauge| = 0.3669266516202593)
└ @ TensorKitChainRulesCoreExt ~/.julia/packages/TensorKit/esxcj/ext/TensorKitChainRulesCoreExt/factorizations.jl:254
┌ Warning: `svd` cotangents sensitive to gauge choice: (|Δgauge| = 0.366926651401308)
└ @ TensorKitChainRulesCoreExt ~/.julia/packages/TensorKit/esxcj/ext/TensorKitChainRulesCoreExt/factorizations.jl:254
[ Info: LBFGS: iter   22, time 1566.93 s: f = -3.163320642515, ‖∇f‖ = 2.6942e-03, α = 1.00e+00, m = 3, nfg = 1
[ Info: CTMRG init:	obj = +7.293015330087e+00	err = 1.0000e+00
[ Info: CTMRG conv 8:	obj = +7.293073283251e+00	err = 3.1487613407e-10	time = 5.28 sec
┌ Warning: `svd` cotangents sensitive to gauge choice: (|Δgauge| = 0.3690010595750871)
└ @ TensorKitChainRulesCoreExt ~/.julia/packages/TensorKit/esxcj/ext/TensorKitChainRulesCoreExt/factorizations.jl:254
┌ Warning: `svd` cotangents sensitive to gauge choice: (|Δgauge| = 3.3446590210492713e-12)
└ @ TensorKitChainRulesCoreExt ~/.julia/packages/TensorKit/esxcj/ext/TensorKitChainRulesCoreExt/factorizations.jl:254
┌ Warning: `svd` cotangents sensitive to gauge choice: (|Δgauge| = 0.3690010593848382)
└ @ TensorKitChainRulesCoreExt ~/.julia/packages/TensorKit/esxcj/ext/TensorKitChainRulesCoreExt/factorizations.jl:254
[ Info: LBFGS: iter   23, time 1576.40 s: f = -3.163359095425, ‖∇f‖ = 2.4739e-03, α = 1.00e+00, m = 3, nfg = 1
[ Info: CTMRG init:	obj = +7.271820034639e+00	err = 1.0000e+00
[ Info: CTMRG conv 8:	obj = +7.272051958351e+00	err = 2.9909233028e-10	time = 5.51 sec
┌ Warning: `svd` cotangents sensitive to gauge choice: (|Δgauge| = 0.3777720603081174)
└ @ TensorKitChainRulesCoreExt ~/.julia/packages/TensorKit/esxcj/ext/TensorKitChainRulesCoreExt/factorizations.jl:254
┌ Warning: `svd` cotangents sensitive to gauge choice: (|Δgauge| = 6.588785624647424e-12)
└ @ TensorKitChainRulesCoreExt ~/.julia/packages/TensorKit/esxcj/ext/TensorKitChainRulesCoreExt/factorizations.jl:254
┌ Warning: `svd` cotangents sensitive to gauge choice: (|Δgauge| = 0.37777206022258963)
└ @ TensorKitChainRulesCoreExt ~/.julia/packages/TensorKit/esxcj/ext/TensorKitChainRulesCoreExt/factorizations.jl:254
[ Info: LBFGS: iter   24, time 1585.51 s: f = -3.163453048514, ‖∇f‖ = 7.9931e-03, α = 1.00e+00, m = 3, nfg = 1
[ Info: CTMRG init:	obj = +7.234163522696e+00	err = 1.0000e+00
[ Info: CTMRG conv 7:	obj = +7.234226736140e+00	err = 5.8880125710e-10	time = 4.66 sec
┌ Warning: `svd` cotangents sensitive to gauge choice: (|Δgauge| = 0.3888421044101087)
└ @ TensorKitChainRulesCoreExt ~/.julia/packages/TensorKit/esxcj/ext/TensorKitChainRulesCoreExt/factorizations.jl:254
┌ Warning: `svd` cotangents sensitive to gauge choice: (|Δgauge| = 9.952118927303897e-11)
└ @ TensorKitChainRulesCoreExt ~/.julia/packages/TensorKit/esxcj/ext/TensorKitChainRulesCoreExt/factorizations.jl:254
┌ Warning: `svd` cotangents sensitive to gauge choice: (|Δgauge| = 0.3888421044277489)
└ @ TensorKitChainRulesCoreExt ~/.julia/packages/TensorKit/esxcj/ext/TensorKitChainRulesCoreExt/factorizations.jl:254
[ Info: LBFGS: iter   25, time 1593.77 s: f = -3.163529690754, ‖∇f‖ = 9.5275e-03, α = 1.00e+00, m = 3, nfg = 1
[ Info: CTMRG init:	obj = +7.241746485110e+00	err = 1.0000e+00
[ Info: CTMRG conv 8:	obj = +7.242091397329e+00	err = 1.3764844130e-10	time = 5.43 sec
┌ Warning: `svd` cotangents sensitive to gauge choice: (|Δgauge| = 0.3877650892067914)
└ @ TensorKitChainRulesCoreExt ~/.julia/packages/TensorKit/esxcj/ext/TensorKitChainRulesCoreExt/factorizations.jl:254
┌ Warning: `svd` cotangents sensitive to gauge choice: (|Δgauge| = 1.1573771420402333e-11)
└ @ TensorKitChainRulesCoreExt ~/.julia/packages/TensorKit/esxcj/ext/TensorKitChainRulesCoreExt/factorizations.jl:254
┌ Warning: `svd` cotangents sensitive to gauge choice: (|Δgauge| = 0.387765089093562)
└ @ TensorKitChainRulesCoreExt ~/.julia/packages/TensorKit/esxcj/ext/TensorKitChainRulesCoreExt/factorizations.jl:254
[ Info: CTMRG init:	obj = +7.237059184138e+00	err = 1.0000e+00
[ Info: CTMRG conv 7:	obj = +7.237095748750e+00	err = 5.5880165177e-10	time = 4.61 sec
┌ Warning: `svd` cotangents sensitive to gauge choice: (|Δgauge| = 0.3884935596349116)
└ @ TensorKitChainRulesCoreExt ~/.julia/packages/TensorKit/esxcj/ext/TensorKitChainRulesCoreExt/factorizations.jl:254
┌ Warning: `svd` cotangents sensitive to gauge choice: (|Δgauge| = 1.2559794569817723e-10)
└ @ TensorKitChainRulesCoreExt ~/.julia/packages/TensorKit/esxcj/ext/TensorKitChainRulesCoreExt/factorizations.jl:254
┌ Warning: `svd` cotangents sensitive to gauge choice: (|Δgauge| = 0.38849355963312004)
└ @ TensorKitChainRulesCoreExt ~/.julia/packages/TensorKit/esxcj/ext/TensorKitChainRulesCoreExt/factorizations.jl:254
[ Info: LBFGS: iter   26, time 1610.90 s: f = -3.163555657186, ‖∇f‖ = 4.9586e-03, α = 3.27e-01, m = 3, nfg = 2
[ Info: CTMRG init:	obj = +7.227980357770e+00	err = 1.0000e+00
[ Info: CTMRG conv 8:	obj = +7.228056028603e+00	err = 1.7999447943e-10	time = 6.27 sec
┌ Warning: `svd` cotangents sensitive to gauge choice: (|Δgauge| = 0.39017947062901764)
└ @ TensorKitChainRulesCoreExt ~/.julia/packages/TensorKit/esxcj/ext/TensorKitChainRulesCoreExt/factorizations.jl:254
┌ Warning: `svd` cotangents sensitive to gauge choice: (|Δgauge| = 4.035303124453511e-12)
└ @ TensorKitChainRulesCoreExt ~/.julia/packages/TensorKit/esxcj/ext/TensorKitChainRulesCoreExt/factorizations.jl:254
┌ Warning: `svd` cotangents sensitive to gauge choice: (|Δgauge| = 0.3901794706297813)
└ @ TensorKitChainRulesCoreExt ~/.julia/packages/TensorKit/esxcj/ext/TensorKitChainRulesCoreExt/factorizations.jl:254
[ Info: LBFGS: iter   27, time 1621.04 s: f = -3.163605186029, ‖∇f‖ = 2.2435e-03, α = 1.00e+00, m = 3, nfg = 1
[ Info: CTMRG init:	obj = +7.222901251639e+00	err = 1.0000e+00
[ Info: CTMRG conv 8:	obj = +7.222926319785e+00	err = 1.8248552700e-10	time = 5.13 sec
┌ Warning: `svd` cotangents sensitive to gauge choice: (|Δgauge| = 0.3902747068331225)
└ @ TensorKitChainRulesCoreExt ~/.julia/packages/TensorKit/esxcj/ext/TensorKitChainRulesCoreExt/factorizations.jl:254
┌ Warning: `svd` cotangents sensitive to gauge choice: (|Δgauge| = 1.8724523093042037e-12)
└ @ TensorKitChainRulesCoreExt ~/.julia/packages/TensorKit/esxcj/ext/TensorKitChainRulesCoreExt/factorizations.jl:254
┌ Warning: `svd` cotangents sensitive to gauge choice: (|Δgauge| = 0.3902747067630662)
└ @ TensorKitChainRulesCoreExt ~/.julia/packages/TensorKit/esxcj/ext/TensorKitChainRulesCoreExt/factorizations.jl:254
[ Info: LBFGS: iter   28, time 1629.70 s: f = -3.163615182071, ‖∇f‖ = 2.3756e-03, α = 1.00e+00, m = 3, nfg = 1
[ Info: CTMRG init:	obj = +7.221233318719e+00	err = 1.0000e+00
[ Info: CTMRG conv 7:	obj = +7.221234446950e+00	err = 3.6831857882e-10	time = 5.12 sec
┌ Warning: `svd` cotangents sensitive to gauge choice: (|Δgauge| = 0.39062763613114715)
└ @ TensorKitChainRulesCoreExt ~/.julia/packages/TensorKit/esxcj/ext/TensorKitChainRulesCoreExt/factorizations.jl:254
┌ Warning: `svd` cotangents sensitive to gauge choice: (|Δgauge| = 2.4471107879148826e-11)
└ @ TensorKitChainRulesCoreExt ~/.julia/packages/TensorKit/esxcj/ext/TensorKitChainRulesCoreExt/factorizations.jl:254
┌ Warning: `svd` cotangents sensitive to gauge choice: (|Δgauge| = 0.39062763622528485)
└ @ TensorKitChainRulesCoreExt ~/.julia/packages/TensorKit/esxcj/ext/TensorKitChainRulesCoreExt/factorizations.jl:254
[ Info: LBFGS: iter   29, time 1640.65 s: f = -3.163620077890, ‖∇f‖ = 1.1550e-03, α = 1.00e+00, m = 3, nfg = 1
[ Info: CTMRG init:	obj = +7.220355091257e+00	err = 1.0000e+00
[ Info: CTMRG conv 7:	obj = +7.220355881202e+00	err = 2.1415605881e-10	time = 7.62 sec
┌ Warning: `svd` cotangents sensitive to gauge choice: (|Δgauge| = 0.39074746615050493)
└ @ TensorKitChainRulesCoreExt ~/.julia/packages/TensorKit/esxcj/ext/TensorKitChainRulesCoreExt/factorizations.jl:254
┌ Warning: `svd` cotangents sensitive to gauge choice: (|Δgauge| = 2.0676294574306584e-11)
└ @ TensorKitChainRulesCoreExt ~/.julia/packages/TensorKit/esxcj/ext/TensorKitChainRulesCoreExt/factorizations.jl:254
┌ Warning: `svd` cotangents sensitive to gauge choice: (|Δgauge| = 0.3907474661164726)
└ @ TensorKitChainRulesCoreExt ~/.julia/packages/TensorKit/esxcj/ext/TensorKitChainRulesCoreExt/factorizations.jl:254
[ Info: LBFGS: iter   30, time 1655.53 s: f = -3.163623414467, ‖∇f‖ = 1.0138e-03, α = 1.00e+00, m = 3, nfg = 1
[ Info: CTMRG init:	obj = +7.218211446609e+00	err = 1.0000e+00
[ Info: CTMRG conv 7:	obj = +7.218215958167e+00	err = 5.8103575016e-10	time = 6.81 sec
┌ Warning: `svd` cotangents sensitive to gauge choice: (|Δgauge| = 0.39083733300270035)
└ @ TensorKitChainRulesCoreExt ~/.julia/packages/TensorKit/esxcj/ext/TensorKitChainRulesCoreExt/factorizations.jl:254
┌ Warning: `svd` cotangents sensitive to gauge choice: (|Δgauge| = 8.92378688567224e-12)
└ @ TensorKitChainRulesCoreExt ~/.julia/packages/TensorKit/esxcj/ext/TensorKitChainRulesCoreExt/factorizations.jl:254
┌ Warning: `svd` cotangents sensitive to gauge choice: (|Δgauge| = 0.390837332895699)
└ @ TensorKitChainRulesCoreExt ~/.julia/packages/TensorKit/esxcj/ext/TensorKitChainRulesCoreExt/factorizations.jl:254
[ Info: LBFGS: iter   31, time 1669.06 s: f = -3.163630598705, ‖∇f‖ = 2.0211e-03, α = 1.00e+00, m = 3, nfg = 1
[ Info: CTMRG init:	obj = +7.215249490436e+00	err = 1.0000e+00
[ Info: CTMRG conv 7:	obj = +7.215259739977e+00	err = 9.0163820798e-10	time = 6.29 sec
┌ Warning: `svd` cotangents sensitive to gauge choice: (|Δgauge| = 0.3906383871969299)
└ @ TensorKitChainRulesCoreExt ~/.julia/packages/TensorKit/esxcj/ext/TensorKitChainRulesCoreExt/factorizations.jl:254
┌ Warning: `svd` cotangents sensitive to gauge choice: (|Δgauge| = 9.371217045030894e-12)
└ @ TensorKitChainRulesCoreExt ~/.julia/packages/TensorKit/esxcj/ext/TensorKitChainRulesCoreExt/factorizations.jl:254
┌ Warning: `svd` cotangents sensitive to gauge choice: (|Δgauge| = 0.3906383870384759)
└ @ TensorKitChainRulesCoreExt ~/.julia/packages/TensorKit/esxcj/ext/TensorKitChainRulesCoreExt/factorizations.jl:254
[ Info: LBFGS: iter   32, time 1682.84 s: f = -3.163641660492, ‖∇f‖ = 2.6364e-03, α = 1.00e+00, m = 3, nfg = 1
[ Info: CTMRG init:	obj = +7.207436500381e+00	err = 1.0000e+00
[ Info: CTMRG conv 8:	obj = +7.207470420933e+00	err = 2.1130400541e-10	time = 8.91 sec
┌ Warning: `svd` cotangents sensitive to gauge choice: (|Δgauge| = 0.3903337782580228)
└ @ TensorKitChainRulesCoreExt ~/.julia/packages/TensorKit/esxcj/ext/TensorKitChainRulesCoreExt/factorizations.jl:254
┌ Warning: `svd` cotangents sensitive to gauge choice: (|Δgauge| = 2.507959675164681e-12)
└ @ TensorKitChainRulesCoreExt ~/.julia/packages/TensorKit/esxcj/ext/TensorKitChainRulesCoreExt/factorizations.jl:254
┌ Warning: `svd` cotangents sensitive to gauge choice: (|Δgauge| = 0.3903337782271582)
└ @ TensorKitChainRulesCoreExt ~/.julia/packages/TensorKit/esxcj/ext/TensorKitChainRulesCoreExt/factorizations.jl:254
[ Info: CTMRG init:	obj = +7.213012500460e+00	err = 1.0000e+00
[ Info: CTMRG conv 7:	obj = +7.213015663686e+00	err = 3.8565168077e-10	time = 4.75 sec
┌ Warning: `svd` cotangents sensitive to gauge choice: (|Δgauge| = 0.390521522516764)
└ @ TensorKitChainRulesCoreExt ~/.julia/packages/TensorKit/esxcj/ext/TensorKitChainRulesCoreExt/factorizations.jl:254
┌ Warning: `svd` cotangents sensitive to gauge choice: (|Δgauge| = 1.8985812677250927e-11)
└ @ TensorKitChainRulesCoreExt ~/.julia/packages/TensorKit/esxcj/ext/TensorKitChainRulesCoreExt/factorizations.jl:254
┌ Warning: `svd` cotangents sensitive to gauge choice: (|Δgauge| = 0.3905215223908953)
└ @ TensorKitChainRulesCoreExt ~/.julia/packages/TensorKit/esxcj/ext/TensorKitChainRulesCoreExt/factorizations.jl:254
[ Info: LBFGS: iter   33, time 1705.41 s: f = -3.163647486123, ‖∇f‖ = 2.7485e-03, α = 3.07e-01, m = 3, nfg = 2
[ Info: CTMRG init:	obj = +7.210417637421e+00	err = 1.0000e+00
[ Info: CTMRG conv 7:	obj = +7.210430179691e+00	err = 8.1067484146e-10	time = 4.92 sec
┌ Warning: `svd` cotangents sensitive to gauge choice: (|Δgauge| = 0.3900316698438949)
└ @ TensorKitChainRulesCoreExt ~/.julia/packages/TensorKit/esxcj/ext/TensorKitChainRulesCoreExt/factorizations.jl:254
┌ Warning: `svd` cotangents sensitive to gauge choice: (|Δgauge| = 3.544015121149001e-11)
└ @ TensorKitChainRulesCoreExt ~/.julia/packages/TensorKit/esxcj/ext/TensorKitChainRulesCoreExt/factorizations.jl:254
┌ Warning: `svd` cotangents sensitive to gauge choice: (|Δgauge| = 0.3900316699432622)
└ @ TensorKitChainRulesCoreExt ~/.julia/packages/TensorKit/esxcj/ext/TensorKitChainRulesCoreExt/factorizations.jl:254
[ Info: LBFGS: converged after 34 iterations and time 1714.01 s: f = -3.163655054957, ‖∇f‖ = 5.6308e-04
