  Installing known registries into `~/.julia`
       Added `General` registry to ~/.julia/registries
    Updating registry at `~/.julia/registries/General.toml`
   Installed RealDot ───────────────────── v0.1.0
   Installed GPUArraysCore ─────────────── v0.2.0
   Installed IrrationalConstants ───────── v0.2.4
   Installed TaskLocalValues ───────────── v0.1.2
   Installed IRTools ───────────────────── v0.4.14
   Installed JLD2 ──────────────────────── v0.5.12
   Installed BlockTensorKit ────────────── v0.1.6
   Installed OhMyThreads ───────────────── v0.7.0
   Installed DiffRules ─────────────────── v1.15.1
   Installed Adapt ─────────────────────── v4.3.0
   Installed IntegerMathUtils ──────────── v0.1.2
   Installed LRUCache ──────────────────── v1.6.2
   Installed PtrArrays ─────────────────── v1.3.0
   Installed TableTraits ───────────────── v1.0.1
   Installed Accessors ─────────────────── v0.1.42
   Installed Preferences ───────────────── v1.4.3
   Installed DiffResults ───────────────── v1.1.0
   Installed WignerSymbols ─────────────── v2.0.0
   Installed HashArrayMappedTries ──────── v0.2.0
   Installed Tables ────────────────────── v1.12.0
   Installed LoggingExtras ─────────────── v1.0.3
   Installed SpecialFunctions ──────────── v2.5.0
   Installed ChunkSplitters ────────────── v3.1.2
   Installed OptimKit ──────────────────── v0.4.0
   Installed DataAPI ───────────────────── v1.16.0
   Installed Zygote ────────────────────── v0.7.6
   Installed Primes ────────────────────── v0.5.7
   Installed RecipesBase ───────────────── v1.3.4
   Installed AbstractFFTs ──────────────── v1.5.0
   Installed TensorKit ─────────────────── v0.14.5
   Installed StaticArrays ──────────────── v1.9.13
   Installed MPSKit ────────────────────── v0.12.6
   Installed JLLWrappers ───────────────── v1.7.0
   Installed BlockArrays ───────────────── v1.6.0
   Installed Richardson ────────────────── v1.4.2
   Installed NaNMath ───────────────────── v1.1.3
   Installed FiniteDifferences ─────────── v0.12.32
   Installed IteratorInterfaceExtensions ─ v1.0.0
   Installed StaticArraysCore ──────────── v1.4.3
   Installed PrecompileTools ───────────── v1.2.1
   Installed ConstructionBase ──────────── v1.5.8
   Installed StructArrays ──────────────── v0.7.1
   Installed DataValueInterfaces ───────── v1.0.0
   Installed RationalRoots ─────────────── v0.2.1
   Installed OrderedCollections ────────── v1.8.0
   Installed TranscodingStreams ────────── v0.11.3
   Installed StableTasks ───────────────── v0.1.7
   Installed ChainRulesCore ────────────── v1.25.1
   Installed ScopedValues ──────────────── v1.3.0
   Installed TensorKitSectors ──────────── v0.1.4
   Installed VectorInterface ───────────── v0.5.0
   Installed InitialValues ─────────────── v0.3.1
   Installed FileIO ────────────────────── v1.17.0
   Installed Statistics ────────────────── v1.11.1
   Installed FillArrays ────────────────── v1.13.0
   Installed ForwardDiff ───────────────── v1.0.1
   Installed LogExpFunctions ───────────── v0.3.29
   Installed Requires ──────────────────── v1.3.1
   Installed ChainRules ────────────────── v1.72.3
   Installed CommonSubexpressions ──────── v0.3.1
   Installed ZygoteRules ───────────────── v0.2.7
   Installed MPSKitModels ──────────────── v0.4.0
   Installed HalfIntegers ──────────────── v1.6.0
   Installed StridedViews ──────────────── v0.4.1
   Installed PackageExtensionCompat ────── v1.0.2
   Installed Strided ───────────────────── v2.3.0
   Installed BangBang ──────────────────── v0.4.4
   Installed MacroTools ────────────────── v0.5.15
   Installed TensorKitManifolds ────────── v0.7.2
   Installed Compat ────────────────────── v4.16.0
   Installed OpenSpecFun_jll ───────────── v0.5.6+0
   Installed SparseInverseSubset ───────── v0.1.2
   Installed TupleTools ────────────────── v1.6.0
   Installed CompositionsBase ──────────── v0.1.2
   Installed InverseFunctions ──────────── v0.1.17
   Installed DocStringExtensions ───────── v0.9.4
   Installed ArrayLayouts ──────────────── v1.11.1
   Installed PEPSKit ───────────────────── v0.5.0
   Installed KrylovKit ─────────────────── v0.9.5
   Installed TensorOperations ──────────── v5.2.0
    Updating `/var/lib/condor/execute/dir_1278926/Project.toml`
  [d360d2e6] + ChainRulesCore v1.25.1
  [033835bb] + JLD2 v0.5.12
  [0b1a1467] + KrylovKit v0.9.5
  [bb1c41ca] + MPSKit v0.12.6
  [ca635005] + MPSKitModels v0.4.0
  [77e91f04] + OptimKit v0.4.0
  [52969e89] + PEPSKit v0.5.0
  [07d1fe3e] + TensorKit v0.14.5
  [409d34a3] + VectorInterface v0.5.0
  [e88e6eb3] + Zygote v0.7.6
  [37e2e46d] ~ LinearAlgebra ⇒ v1.11.0
    Updating `/var/lib/condor/execute/dir_1278926/Manifest.toml`
  [621f4979] + AbstractFFTs v1.5.0
  [7d9f7c33] + Accessors v0.1.42
  [79e6a3ab] + Adapt v4.3.0
  [4c555306] + ArrayLayouts v1.11.1
  [198e06fe] + BangBang v0.4.4
  [8e7c35d0] + BlockArrays v1.6.0
  [5f87ffc2] + BlockTensorKit v0.1.6
  [082447d4] + ChainRules v1.72.3
  [d360d2e6] + ChainRulesCore v1.25.1
  [ae650224] + ChunkSplitters v3.1.2
  [bbf7d656] + CommonSubexpressions v0.3.1
  [34da2185] + Compat v4.16.0
  [a33af91c] + CompositionsBase v0.1.2
  [187b0558] + ConstructionBase v1.5.8
  [9a962f9c] + DataAPI v1.16.0
  [e2d170a0] + DataValueInterfaces v1.0.0
  [163ba53b] + DiffResults v1.1.0
  [b552c78f] + DiffRules v1.15.1
  [ffbed154] + DocStringExtensions v0.9.4
  [5789e2e9] + FileIO v1.17.0
  [1a297f60] + FillArrays v1.13.0
  [26cc04aa] + FiniteDifferences v0.12.32
  [f6369f11] + ForwardDiff v1.0.1
  [46192b85] + GPUArraysCore v0.2.0
  [f0d1745a] + HalfIntegers v1.6.0
  [076d061b] + HashArrayMappedTries v0.2.0
  [7869d1d1] + IRTools v0.4.14
  [22cec73e] + InitialValues v0.3.1
  [18e54dd8] + IntegerMathUtils v0.1.2
  [3587e190] + InverseFunctions v0.1.17
  [92d709cd] + IrrationalConstants v0.2.4
  [82899510] + IteratorInterfaceExtensions v1.0.0
  [033835bb] + JLD2 v0.5.12
  [692b3bcd] + JLLWrappers v1.7.0
  [0b1a1467] + KrylovKit v0.9.5
  [8ac3fa9e] + LRUCache v1.6.2
  [2ab3a3ac] + LogExpFunctions v0.3.29
⌅ [e6f89c97] + LoggingExtras v1.0.3
  [bb1c41ca] + MPSKit v0.12.6
  [ca635005] + MPSKitModels v0.4.0
  [1914dd2f] + MacroTools v0.5.15
  [77ba4419] + NaNMath v1.1.3
⌅ [67456a42] + OhMyThreads v0.7.0
  [77e91f04] + OptimKit v0.4.0
  [bac558e1] + OrderedCollections v1.8.0
  [52969e89] + PEPSKit v0.5.0
  [65ce6f38] + PackageExtensionCompat v1.0.2
⌅ [aea7be01] + PrecompileTools v1.2.1
  [21216c6a] + Preferences v1.4.3
  [27ebfcd6] + Primes v0.5.7
  [43287f4e] + PtrArrays v1.3.0
  [308eb6b3] + RationalRoots v0.2.1
  [c1ae055f] + RealDot v0.1.0
  [3cdcf5f2] + RecipesBase v1.3.4
  [ae029012] + Requires v1.3.1
  [708f8203] + Richardson v1.4.2
  [7e506255] + ScopedValues v1.3.0
  [dc90abb0] + SparseInverseSubset v0.1.2
  [276daf66] + SpecialFunctions v2.5.0
  [91464d47] + StableTasks v0.1.7
  [90137ffa] + StaticArrays v1.9.13
  [1e83bf80] + StaticArraysCore v1.4.3
  [10745b16] + Statistics v1.11.1
  [5e0ebb24] + Strided v2.3.0
  [4db3bf67] + StridedViews v0.4.1
  [09ab397b] + StructArrays v0.7.1
  [3783bdb8] + TableTraits v1.0.1
  [bd369af6] + Tables v1.12.0
  [ed4db957] + TaskLocalValues v0.1.2
  [07d1fe3e] + TensorKit v0.14.5
  [11fa318c] + TensorKitManifolds v0.7.2
  [13a9c161] + TensorKitSectors v0.1.4
  [6aa20fa7] + TensorOperations v5.2.0
  [3bb67fe8] + TranscodingStreams v0.11.3
  [9d95972d] + TupleTools v1.6.0
  [409d34a3] + VectorInterface v0.5.0
  [9f57e263] + WignerSymbols v2.0.0
  [e88e6eb3] + Zygote v0.7.6
  [700de1a5] + ZygoteRules v0.2.7
  [efe28fd5] + OpenSpecFun_jll v0.5.6+0
  [0dad84c5] + ArgTools v1.1.2
  [56f22d72] + Artifacts v1.11.0
  [2a0f44e3] + Base64 v1.11.0
  [ade2ca70] + Dates v1.11.0
  [8ba89e20] + Distributed v1.11.0
  [f43a241f] + Downloads v1.6.0
  [7b1f6079] + FileWatching v1.11.0
  [b77e0a4c] + InteractiveUtils v1.11.0
  [b27032c2] + LibCURL v0.6.4
  [76f85450] + LibGit2 v1.11.0
  [8f399da3] + Libdl v1.11.0
  [37e2e46d] + LinearAlgebra v1.11.0
  [56ddb016] + Logging v1.11.0
  [d6f4376e] + Markdown v1.11.0
  [a63ad114] + Mmap v1.11.0
  [ca575930] + NetworkOptions v1.2.0
  [44cfe95a] + Pkg v1.11.0
  [de0858da] + Printf v1.11.0
  [9a3f8284] + Random v1.11.0
  [ea8e919c] + SHA v0.7.0
  [9e88b42a] + Serialization v1.11.0
  [6462fe0b] + Sockets v1.11.0
  [2f01184e] + SparseArrays v1.11.0
  [4607b0f0] + SuiteSparse
  [fa267f1f] + TOML v1.0.3
  [a4e569a6] + Tar v1.10.0
  [cf7118a7] + UUIDs v1.11.0
  [4ec0a83e] + Unicode v1.11.0
  [e66e0078] + CompilerSupportLibraries_jll v1.1.1+0
  [deac9b47] + LibCURL_jll v8.6.0+0
  [e37daf67] + LibGit2_jll v1.7.2+0
  [29816b5a] + LibSSH2_jll v1.11.0+1
  [c8ffd9c3] + MbedTLS_jll v2.28.6+0
  [14a3606d] + MozillaCACerts_jll v2023.12.12
  [4536629a] + OpenBLAS_jll v0.3.27+1
  [05823500] + OpenLibm_jll v0.8.1+2
  [bea87d4a] + SuiteSparse_jll v7.7.0+0
  [83775a58] + Zlib_jll v1.2.13+1
  [8e850b90] + libblastrampoline_jll v5.11.0+0
  [8e850ede] + nghttp2_jll v1.59.0+0
  [3f19e933] + p7zip_jll v17.4.0+2
        Info Packages marked with ⌅ have new versions available but compatibility constraints restrict them from upgrading. To see why use `status --outdated -m`
Precompiling project...
    432.7 ms  ✓ TaskLocalValues
    391.7 ms  ✓ DataValueInterfaces
    409.3 ms  ✓ RealDot
    473.0 ms  ✓ IntegerMathUtils
    498.5 ms  ✓ Richardson
    500.6 ms  ✓ StableTasks
    512.9 ms  ✓ InverseFunctions
    552.3 ms  ✓ HalfIntegers
    590.9 ms  ✓ LRUCache
    634.4 ms  ✓ OrderedCollections
    642.7 ms  ✓ DocStringExtensions
    669.7 ms  ✓ AbstractFFTs
    650.5 ms  ✓ VectorInterface
    719.7 ms  ✓ Statistics
    397.7 ms  ✓ IteratorInterfaceExtensions
    457.8 ms  ✓ DataAPI
    398.8 ms  ✓ PackageExtensionCompat
    416.7 ms  ✓ CompositionsBase
    556.1 ms  ✓ ConstructionBase
    417.8 ms  ✓ PtrArrays
   1023.6 ms  ✓ FillArrays
    487.4 ms  ✓ StaticArraysCore
    749.6 ms  ✓ ChunkSplitters
    611.2 ms  ✓ TranscodingStreams
    614.8 ms  ✓ RationalRoots
    616.8 ms  ✓ TupleTools
   1266.8 ms  ✓ IrrationalConstants
    533.4 ms  ✓ NaNMath
    569.2 ms  ✓ HashArrayMappedTries
    577.2 ms  ✓ Requires
    610.8 ms  ✓ LoggingExtras
    618.9 ms  ✓ SuiteSparse
    636.1 ms  ✓ Compat
    964.6 ms  ✓ InitialValues
    684.0 ms  ✓ Primes
    419.7 ms  ✓ TableTraits
    632.8 ms  ✓ InverseFunctions → InverseFunctionsDatesExt
    786.0 ms  ✓ Preferences
    470.8 ms  ✓ LRUCache → SerializationExt
    469.1 ms  ✓ ConstructionBase → ConstructionBaseLinearAlgebraExt
    471.4 ms  ✓ CompositionsBase → CompositionsBaseInverseFunctionsExt
    617.1 ms  ✓ StridedViews
    656.2 ms  ✓ Statistics → SparseArraysExt
    491.3 ms  ✓ FillArrays → FillArraysStatisticsExt
    485.5 ms  ✓ DiffResults
    488.8 ms  ✓ Compat → CompatLinearAlgebraExt
    422.2 ms  ✓ ScopedValues
    525.2 ms  ✓ Adapt
    735.9 ms  ✓ FillArrays → FillArraysSparseArraysExt
    633.9 ms  ✓ SparseInverseSubset
    439.2 ms  ✓ StridedViews → StridedViewsPtrArraysExt
    510.6 ms  ✓ PrecompileTools
    693.3 ms  ✓ LogExpFunctions
    564.1 ms  ✓ JLLWrappers
    924.6 ms  ✓ Tables
    730.4 ms  ✓ Strided
    525.1 ms  ✓ GPUArraysCore
   2311.7 ms  ✓ MacroTools
   1559.9 ms  ✓ KrylovKit
    652.3 ms  ✓ Adapt → AdaptSparseArraysExt
    474.6 ms  ✓ LogExpFunctions → LogExpFunctionsInverseFunctionsExt
    675.3 ms  ✓ OpenSpecFun_jll
   1274.4 ms  ✓ ChainRulesCore
    541.4 ms  ✓ CommonSubexpressions
   1412.0 ms  ✓ OptimKit
    951.3 ms  ✓ StructArrays
    552.5 ms  ✓ AbstractFFTs → AbstractFFTsChainRulesCoreExt
    697.9 ms  ✓ KrylovKit → KrylovKitChainRulesCoreExt
   1632.9 ms  ✓ RecipesBase
    731.3 ms  ✓ ChainRulesCore → ChainRulesCoreSparseArraysExt
    525.6 ms  ✓ StructArrays → StructArraysAdaptExt
    877.3 ms  ✓ ZygoteRules
   2564.3 ms  ✓ WignerSymbols
    709.9 ms  ✓ StructArrays → StructArraysSparseArraysExt
    499.1 ms  ✓ StructArrays → StructArraysLinearAlgebraExt
   1853.2 ms  ✓ IRTools
   2099.0 ms  ✓ Accessors
   1571.3 ms  ✓ LogExpFunctions → LogExpFunctionsChainRulesCoreExt
    570.4 ms  ✓ Accessors → StructArraysExt
    582.8 ms  ✓ Accessors → LinearAlgebraExt
   3961.2 ms  ✓ FileIO
   2792.8 ms  ✓ SpecialFunctions
    854.5 ms  ✓ BangBang
    708.6 ms  ✓ DiffRules
    577.5 ms  ✓ BangBang → BangBangStructArraysExt
    580.5 ms  ✓ BangBang → BangBangTablesExt
    602.0 ms  ✓ BangBang → BangBangChainRulesCoreExt
    982.3 ms  ✓ OhMyThreads
   1756.5 ms  ✓ SpecialFunctions → SpecialFunctionsChainRulesCoreExt
   7225.9 ms  ✓ StaticArrays
   5554.7 ms  ✓ ChainRules
   3652.5 ms  ✓ ForwardDiff
    697.6 ms  ✓ StaticArrays → StaticArraysStatisticsExt
    739.0 ms  ✓ Adapt → AdaptStaticArraysExt
    749.4 ms  ✓ StaticArrays → StaticArraysChainRulesCoreExt
    745.8 ms  ✓ ConstructionBase → ConstructionBaseStaticArraysExt
    749.4 ms  ✓ StructArrays → StructArraysStaticArraysExt
    777.7 ms  ✓ Accessors → StaticArraysExt
    776.4 ms  ✓ BangBang → BangBangStaticArraysExt
    843.1 ms  ✓ ForwardDiff → ForwardDiffStaticArraysExt
   1201.8 ms  ✓ FiniteDifferences
  12429.2 ms  ✓ ArrayLayouts
    770.9 ms  ✓ ArrayLayouts → ArrayLayoutsSparseArraysExt
   1549.9 ms  ✓ BlockArrays
    755.4 ms  ✓ BlockArrays → BlockArraysAdaptExt
  31469.7 ms  ✓ JLD2
  29387.4 ms  ✓ Zygote
 140793.0 ms  ✓ TensorOperations
   1661.9 ms  ✓ TensorOperations → TensorOperationsChainRulesCoreExt
   9048.0 ms  ✓ TensorKitSectors
   8376.0 ms  ✓ TensorKit
   2045.6 ms  ✓ TensorKitManifolds
   2341.7 ms  ✓ TensorKit → TensorKitFiniteDifferencesExt
   2370.8 ms  ✓ TensorKit → TensorKitChainRulesCoreExt
   2737.4 ms  ✓ BlockTensorKit
  14475.0 ms  ✓ MPSKit
  12727.4 ms  ✓ MPSKitModels
  13125.6 ms  ✓ PEPSKit
  118 dependencies successfully precompiled in 204 seconds. 31 already precompiled.
[ Info: CTMRG init:	obj = -2.037733906216e+00 -1.909531598449e+00im	err = 1.0000e+00
[ Info: CTMRG conv 86:	obj = +2.447229898475e+00	err = 9.6044934988e-10	time = 48.42 sec
[ Info: CTMRG init:	obj = +8.080073718299e+00 -3.547494002304e-08im	err = 1.0000e+00
[ Info: CTMRG conv 16:	obj = +1.639489734664e+01	err = 6.8775674703e-10	time = 1.34 min
┌ Warning: `svd` cotangents sensitive to gauge choice: (|Δgauge| = 0.7163342239698143)
└ @ TensorKitChainRulesCoreExt ~/.julia/packages/TensorKit/esxcj/ext/TensorKitChainRulesCoreExt/factorizations.jl:254
┌ Warning: `svd` cotangents sensitive to gauge choice: (|Δgauge| = 7.258074859409809e-11)
└ @ TensorKitChainRulesCoreExt ~/.julia/packages/TensorKit/esxcj/ext/TensorKitChainRulesCoreExt/factorizations.jl:254
┌ Warning: `svd` cotangents sensitive to gauge choice: (|Δgauge| = 0.7163342238973575)
└ @ TensorKitChainRulesCoreExt ~/.julia/packages/TensorKit/esxcj/ext/TensorKitChainRulesCoreExt/factorizations.jl:254
[ Info: LBFGS: initializing with f = -0.041559373632, ‖∇f‖ = 9.5599e-02
[ Info: CTMRG init:	obj = +2.273826514939e+00	err = 1.0000e+00
[ Info: CTMRG conv 86:	obj = +2.461680607452e+00	err = 9.2712807175e-10	time = 37.45 sec
┌ Warning: `svd` cotangents sensitive to gauge choice: (|Δgauge| = 0.7581675883176701)
└ @ TensorKitChainRulesCoreExt ~/.julia/packages/TensorKit/esxcj/ext/TensorKitChainRulesCoreExt/factorizations.jl:254
┌ Warning: `svd` cotangents sensitive to gauge choice: (|Δgauge| = 3.495407149036376e-9)
└ @ TensorKitChainRulesCoreExt ~/.julia/packages/TensorKit/esxcj/ext/TensorKitChainRulesCoreExt/factorizations.jl:254
┌ Warning: `svd` cotangents sensitive to gauge choice: (|Δgauge| = 0.7581675854210821)
└ @ TensorKitChainRulesCoreExt ~/.julia/packages/TensorKit/esxcj/ext/TensorKitChainRulesCoreExt/factorizations.jl:254
[ Info: CTMRG init:	obj = +2.284304193061e+00	err = 1.0000e+00
[ Info: CTMRG conv 63:	obj = +2.525183561812e+00	err = 9.9688080176e-10	time = 30.03 sec
┌ Warning: `svd` cotangents sensitive to gauge choice: (|Δgauge| = 0.6269597488417978)
└ @ TensorKitChainRulesCoreExt ~/.julia/packages/TensorKit/esxcj/ext/TensorKitChainRulesCoreExt/factorizations.jl:254
┌ Warning: `svd` cotangents sensitive to gauge choice: (|Δgauge| = 2.6087395383221752e-9)
└ @ TensorKitChainRulesCoreExt ~/.julia/packages/TensorKit/esxcj/ext/TensorKitChainRulesCoreExt/factorizations.jl:254
┌ Warning: `svd` cotangents sensitive to gauge choice: (|Δgauge| = 0.6269597466545116)
└ @ TensorKitChainRulesCoreExt ~/.julia/packages/TensorKit/esxcj/ext/TensorKitChainRulesCoreExt/factorizations.jl:254
[ Info: CTMRG init:	obj = +2.339750983537e+00	err = 1.0000e+00
[ Info: CTMRG conv 38:	obj = +2.893747204485e+00	err = 6.8016889545e-10	time = 18.41 sec
┌ Warning: `svd` cotangents sensitive to gauge choice: (|Δgauge| = 0.37681452446415875)
└ @ TensorKitChainRulesCoreExt ~/.julia/packages/TensorKit/esxcj/ext/TensorKitChainRulesCoreExt/factorizations.jl:254
┌ Warning: `svd` cotangents sensitive to gauge choice: (|Δgauge| = 1.7539991254301087e-10)
└ @ TensorKitChainRulesCoreExt ~/.julia/packages/TensorKit/esxcj/ext/TensorKitChainRulesCoreExt/factorizations.jl:254
┌ Warning: `svd` cotangents sensitive to gauge choice: (|Δgauge| = 0.3768145243122971)
└ @ TensorKitChainRulesCoreExt ~/.julia/packages/TensorKit/esxcj/ext/TensorKitChainRulesCoreExt/factorizations.jl:254
[ Info: CTMRG init:	obj = +2.692275417101e+00	err = 1.0000e+00
[ Info: CTMRG conv 30:	obj = +5.263357351106e+00	err = 6.9772806557e-10	time = 14.70 sec
┌ Warning: `svd` cotangents sensitive to gauge choice: (|Δgauge| = 0.20056245883161186)
└ @ TensorKitChainRulesCoreExt ~/.julia/packages/TensorKit/esxcj/ext/TensorKitChainRulesCoreExt/factorizations.jl:254
┌ Warning: `svd` cotangents sensitive to gauge choice: (|Δgauge| = 0.20056245883155366)
└ @ TensorKitChainRulesCoreExt ~/.julia/packages/TensorKit/esxcj/ext/TensorKitChainRulesCoreExt/factorizations.jl:254
[ Info: CTMRG init:	obj = +6.103109961514e+00	err = 1.0000e+00
┌ Warning: CTMRG cancel 100:	obj = +2.645336879170e+01	err = 6.9551977201e-05	time = 57.05 sec
└ @ PEPSKit ~/.julia/packages/PEPSKit/P7ER3/src/algorithms/ctmrg/ctmrg.jl:129
┌ Warning: `svd` cotangents sensitive to gauge choice: (|Δgauge| = 0.11518887178058264)
└ @ TensorKitChainRulesCoreExt ~/.julia/packages/TensorKit/esxcj/ext/TensorKitChainRulesCoreExt/factorizations.jl:254
┌ Warning: `svd` cotangents sensitive to gauge choice: (|Δgauge| = 0.11518887177941398)
└ @ TensorKitChainRulesCoreExt ~/.julia/packages/TensorKit/esxcj/ext/TensorKitChainRulesCoreExt/factorizations.jl:254
[ Info: CTMRG init:	obj = +1.544514248846e+01	err = 1.0000e+00
[ Info: CTMRG conv 27:	obj = +7.561471620326e+01	err = 4.3433413425e-10	time = 16.42 sec
┌ Warning: `svd` cotangents sensitive to gauge choice: (|Δgauge| = 0.06453383793768622)
└ @ TensorKitChainRulesCoreExt ~/.julia/packages/TensorKit/esxcj/ext/TensorKitChainRulesCoreExt/factorizations.jl:254
┌ Warning: `svd` cotangents sensitive to gauge choice: (|Δgauge| = 0.06453383792849929)
└ @ TensorKitChainRulesCoreExt ~/.julia/packages/TensorKit/esxcj/ext/TensorKitChainRulesCoreExt/factorizations.jl:254
[ Info: CTMRG init:	obj = +4.286915848868e+00	err = 1.0000e+00
[ Info: CTMRG conv 26:	obj = +1.538160239827e+01	err = 9.3161104686e-10	time = 15.90 sec
┌ Warning: `svd` cotangents sensitive to gauge choice: (|Δgauge| = 0.13404131387952928)
└ @ TensorKitChainRulesCoreExt ~/.julia/packages/TensorKit/esxcj/ext/TensorKitChainRulesCoreExt/factorizations.jl:254
┌ Warning: `svd` cotangents sensitive to gauge choice: (|Δgauge| = 0.134041313878489)
└ @ TensorKitChainRulesCoreExt ~/.julia/packages/TensorKit/esxcj/ext/TensorKitChainRulesCoreExt/factorizations.jl:254
[ Info: CTMRG init:	obj = +1.852389561657e+01	err = 1.0000e+00
[ Info: CTMRG conv 26:	obj = +9.718438323767e+01	err = 6.3803838283e-10	time = 16.17 sec
┌ Warning: `svd` cotangents sensitive to gauge choice: (|Δgauge| = 0.07947275971855683)
└ @ TensorKitChainRulesCoreExt ~/.julia/packages/TensorKit/esxcj/ext/TensorKitChainRulesCoreExt/factorizations.jl:254
┌ Warning: `svd` cotangents sensitive to gauge choice: (|Δgauge| = 0.07947275970710477)
└ @ TensorKitChainRulesCoreExt ~/.julia/packages/TensorKit/esxcj/ext/TensorKitChainRulesCoreExt/factorizations.jl:254
[ Info: CTMRG init:	obj = +2.124641311051e+00	err = 1.0000e+00
[ Info: CTMRG conv 52:	obj = +2.604817841251e+00	err = 7.5913664657e-10	time = 33.83 sec
┌ Warning: `svd` cotangents sensitive to gauge choice: (|Δgauge| = 0.02917716908121351)
└ @ TensorKitChainRulesCoreExt ~/.julia/packages/TensorKit/esxcj/ext/TensorKitChainRulesCoreExt/factorizations.jl:254
┌ Warning: `svd` cotangents sensitive to gauge choice: (|Δgauge| = 0.00012392719898705046)
└ @ TensorKitChainRulesCoreExt ~/.julia/packages/TensorKit/esxcj/ext/TensorKitChainRulesCoreExt/factorizations.jl:254
┌ Warning: `svd` cotangents sensitive to gauge choice: (|Δgauge| = 0.029219945828476382)
└ @ TensorKitChainRulesCoreExt ~/.julia/packages/TensorKit/esxcj/ext/TensorKitChainRulesCoreExt/factorizations.jl:254
[ Info: CTMRG init:	obj = +1.902766752066e+01	err = 1.0000e+00
[ Info: CTMRG conv 25:	obj = +9.831836890902e+01	err = 5.8696018675e-10	time = 17.86 sec
┌ Warning: `svd` cotangents sensitive to gauge choice: (|Δgauge| = 0.07312848897884658)
└ @ TensorKitChainRulesCoreExt ~/.julia/packages/TensorKit/esxcj/ext/TensorKitChainRulesCoreExt/factorizations.jl:254
┌ Warning: `svd` cotangents sensitive to gauge choice: (|Δgauge| = 0.07312848898801408)
└ @ TensorKitChainRulesCoreExt ~/.julia/packages/TensorKit/esxcj/ext/TensorKitChainRulesCoreExt/factorizations.jl:254
[ Info: LBFGS: iter    1, time 1441.04 s: f = -2.398186764674, ‖∇f‖ = 4.0303e-03, α = 1.95e+05, m = 0, nfg = 10
[ Info: CTMRG init:	obj = +4.292144170669e+00	err = 1.0000e+00
[ Info: CTMRG conv 56:	obj = +8.034048157969e+01	err = 9.3455529873e-10	time = 40.44 sec
┌ Warning: `svd` cotangents sensitive to gauge choice: (|Δgauge| = 0.9329437844060893)
└ @ TensorKitChainRulesCoreExt ~/.julia/packages/TensorKit/esxcj/ext/TensorKitChainRulesCoreExt/factorizations.jl:254
┌ Warning: `svd` cotangents sensitive to gauge choice: (|Δgauge| = 1.0272947412584413e-9)
└ @ TensorKitChainRulesCoreExt ~/.julia/packages/TensorKit/esxcj/ext/TensorKitChainRulesCoreExt/factorizations.jl:254
┌ Warning: `svd` cotangents sensitive to gauge choice: (|Δgauge| = 0.9329437833774477)
└ @ TensorKitChainRulesCoreExt ~/.julia/packages/TensorKit/esxcj/ext/TensorKitChainRulesCoreExt/factorizations.jl:254
[ Info: CTMRG init:	obj = +4.404023299677e+01	err = 1.0000e+00
[ Info: CTMRG conv 15:	obj = +6.738019134761e+01	err = 2.5422935581e-10	time = 10.99 sec
┌ Warning: `svd` cotangents sensitive to gauge choice: (|Δgauge| = 1.231061584900007)
└ @ TensorKitChainRulesCoreExt ~/.julia/packages/TensorKit/esxcj/ext/TensorKitChainRulesCoreExt/factorizations.jl:254
┌ Warning: `svd` cotangents sensitive to gauge choice: (|Δgauge| = 2.913146238633292e-11)
└ @ TensorKitChainRulesCoreExt ~/.julia/packages/TensorKit/esxcj/ext/TensorKitChainRulesCoreExt/factorizations.jl:254
┌ Warning: `svd` cotangents sensitive to gauge choice: (|Δgauge| = 1.2310615848754187)
└ @ TensorKitChainRulesCoreExt ~/.julia/packages/TensorKit/esxcj/ext/TensorKitChainRulesCoreExt/factorizations.jl:254
[ Info: CTMRG init:	obj = +3.677701058685e+01	err = 1.0000e+00
[ Info: CTMRG conv 16:	obj = +8.863183053923e+01	err = 7.7426320996e-10	time = 11.51 sec
┌ Warning: `svd` cotangents sensitive to gauge choice: (|Δgauge| = 1.398062687843606)
└ @ TensorKitChainRulesCoreExt ~/.julia/packages/TensorKit/esxcj/ext/TensorKitChainRulesCoreExt/factorizations.jl:254
┌ Warning: `svd` cotangents sensitive to gauge choice: (|Δgauge| = 2.4387073104078546e-11)
└ @ TensorKitChainRulesCoreExt ~/.julia/packages/TensorKit/esxcj/ext/TensorKitChainRulesCoreExt/factorizations.jl:254
┌ Warning: `svd` cotangents sensitive to gauge choice: (|Δgauge| = 1.3980626878744844)
└ @ TensorKitChainRulesCoreExt ~/.julia/packages/TensorKit/esxcj/ext/TensorKitChainRulesCoreExt/factorizations.jl:254
[ Info: CTMRG init:	obj = +1.003977021192e+02	err = 1.0000e+00
[ Info: CTMRG conv 21:	obj = +1.004076863488e+02	err = 3.4286134970e-10	time = 15.47 sec
┌ Warning: `svd` cotangents sensitive to gauge choice: (|Δgauge| = 0.03985045374576217)
└ @ TensorKitChainRulesCoreExt ~/.julia/packages/TensorKit/esxcj/ext/TensorKitChainRulesCoreExt/factorizations.jl:254
┌ Warning: `svd` cotangents sensitive to gauge choice: (|Δgauge| = 0.039850453746268166)
└ @ TensorKitChainRulesCoreExt ~/.julia/packages/TensorKit/esxcj/ext/TensorKitChainRulesCoreExt/factorizations.jl:254
[ Info: LBFGS: iter    2, time 1548.31 s: f = -2.399814814888, ‖∇f‖ = 1.7174e-03, α = 7.31e-03, m = 1, nfg = 4
[ Info: CTMRG init:	obj = +1.015415996140e+02	err = 1.0000e+00
[ Info: CTMRG conv 20:	obj = +1.015461505710e+02	err = 8.6798728057e-10	time = 14.97 sec
┌ Warning: `svd` cotangents sensitive to gauge choice: (|Δgauge| = 0.022509462862899364)
└ @ TensorKitChainRulesCoreExt ~/.julia/packages/TensorKit/esxcj/ext/TensorKitChainRulesCoreExt/factorizations.jl:254
┌ Warning: `svd` cotangents sensitive to gauge choice: (|Δgauge| = 0.022509462853115947)
└ @ TensorKitChainRulesCoreExt ~/.julia/packages/TensorKit/esxcj/ext/TensorKitChainRulesCoreExt/factorizations.jl:254
[ Info: LBFGS: iter    3, time 1568.95 s: f = -2.400554893989, ‖∇f‖ = 1.2662e-03, α = 1.00e+00, m = 2, nfg = 1
[ Info: CTMRG init:	obj = +8.822879339498e+01	err = 1.0000e+00
[ Info: CTMRG conv 22:	obj = +8.829495231114e+01	err = 3.9341149446e-10	time = 16.63 sec
┌ Warning: `svd` cotangents sensitive to gauge choice: (|Δgauge| = 0.003518744731553474)
└ @ TensorKitChainRulesCoreExt ~/.julia/packages/TensorKit/esxcj/ext/TensorKitChainRulesCoreExt/factorizations.jl:254
┌ Warning: `svd` cotangents sensitive to gauge choice: (|Δgauge| = 0.0035187447311952726)
└ @ TensorKitChainRulesCoreExt ~/.julia/packages/TensorKit/esxcj/ext/TensorKitChainRulesCoreExt/factorizations.jl:254
[ Info: CTMRG init:	obj = +1.265169578781e+01	err = 1.0000e+00
[ Info: CTMRG conv 15:	obj = +1.554275560120e+01	err = 4.6749004646e-10	time = 11.68 sec
┌ Warning: `svd` cotangents sensitive to gauge choice: (|Δgauge| = 1.0919311729254582)
└ @ TensorKitChainRulesCoreExt ~/.julia/packages/TensorKit/esxcj/ext/TensorKitChainRulesCoreExt/factorizations.jl:254
┌ Warning: `svd` cotangents sensitive to gauge choice: (|Δgauge| = 1.1992620284679317e-11)
└ @ TensorKitChainRulesCoreExt ~/.julia/packages/TensorKit/esxcj/ext/TensorKitChainRulesCoreExt/factorizations.jl:254
┌ Warning: `svd` cotangents sensitive to gauge choice: (|Δgauge| = 1.091931172889748)
└ @ TensorKitChainRulesCoreExt ~/.julia/packages/TensorKit/esxcj/ext/TensorKitChainRulesCoreExt/factorizations.jl:254
[ Info: CTMRG init:	obj = +3.384010251295e+01	err = 1.0000e+00
[ Info: CTMRG conv 23:	obj = +3.445956769780e+01	err = 8.9259144556e-10	time = 17.46 sec
┌ Warning: `svd` cotangents sensitive to gauge choice: (|Δgauge| = 0.2935124280180068)
└ @ TensorKitChainRulesCoreExt ~/.julia/packages/TensorKit/esxcj/ext/TensorKitChainRulesCoreExt/factorizations.jl:254
┌ Warning: `svd` cotangents sensitive to gauge choice: (|Δgauge| = 3.4359606366196155e-12)
└ @ TensorKitChainRulesCoreExt ~/.julia/packages/TensorKit/esxcj/ext/TensorKitChainRulesCoreExt/factorizations.jl:254
┌ Warning: `svd` cotangents sensitive to gauge choice: (|Δgauge| = 0.29351242801852706)
└ @ TensorKitChainRulesCoreExt ~/.julia/packages/TensorKit/esxcj/ext/TensorKitChainRulesCoreExt/factorizations.jl:254
[ Info: LBFGS: iter    4, time 1631.59 s: f = -2.460754552158, ‖∇f‖ = 7.5597e-02, α = 2.50e+00, m = 3, nfg = 3
[ Info: CTMRG init:	obj = +4.577213571630e+01	err = 1.0000e+00
[ Info: CTMRG conv 26:	obj = +4.742845790306e+01	err = 4.8017922406e-10	time = 21.44 sec
┌ Warning: `svd` cotangents sensitive to gauge choice: (|Δgauge| = 0.029613993779879215)
└ @ TensorKitChainRulesCoreExt ~/.julia/packages/TensorKit/esxcj/ext/TensorKitChainRulesCoreExt/factorizations.jl:254
┌ Warning: `svd` cotangents sensitive to gauge choice: (|Δgauge| = 0.029613993946277506)
└ @ TensorKitChainRulesCoreExt ~/.julia/packages/TensorKit/esxcj/ext/TensorKitChainRulesCoreExt/factorizations.jl:254
[ Info: CTMRG init:	obj = +1.379210845157e+00	err = 1.0000e+00
[ Info: CTMRG conv 66:	obj = +5.466498799068e+00	err = 9.0951594221e-10	time = 2.52 min
┌ Warning: `svd` cotangents sensitive to gauge choice: (|Δgauge| = 0.9141988714163974)
└ @ TensorKitChainRulesCoreExt ~/.julia/packages/TensorKit/esxcj/ext/TensorKitChainRulesCoreExt/factorizations.jl:254
┌ Warning: `svd` cotangents sensitive to gauge choice: (|Δgauge| = 4.299445604810356e-9)
└ @ TensorKitChainRulesCoreExt ~/.julia/packages/TensorKit/esxcj/ext/TensorKitChainRulesCoreExt/factorizations.jl:254
┌ Warning: `svd` cotangents sensitive to gauge choice: (|Δgauge| = 0.9141988671167921)
└ @ TensorKitChainRulesCoreExt ~/.julia/packages/TensorKit/esxcj/ext/TensorKitChainRulesCoreExt/factorizations.jl:254
[ Info: CTMRG init:	obj = +8.766442883144e+00	err = 1.0000e+00
[ Info: CTMRG conv 24:	obj = +1.247030974182e+01	err = 4.9432228518e-10	time = 23.54 sec
┌ Warning: `svd` cotangents sensitive to gauge choice: (|Δgauge| = 1.4430076063620876)
└ @ TensorKitChainRulesCoreExt ~/.julia/packages/TensorKit/esxcj/ext/TensorKitChainRulesCoreExt/factorizations.jl:254
┌ Warning: `svd` cotangents sensitive to gauge choice: (|Δgauge| = 4.470231818201398e-10)
└ @ TensorKitChainRulesCoreExt ~/.julia/packages/TensorKit/esxcj/ext/TensorKitChainRulesCoreExt/factorizations.jl:254
┌ Warning: `svd` cotangents sensitive to gauge choice: (|Δgauge| = 1.4430076059150352)
└ @ TensorKitChainRulesCoreExt ~/.julia/packages/TensorKit/esxcj/ext/TensorKitChainRulesCoreExt/factorizations.jl:254
[ Info: CTMRG init:	obj = +3.426171745355e+01	err = 1.0000e+00
[ Info: CTMRG conv 17:	obj = +3.426179305592e+01	err = 4.7495421463e-10	time = 17.24 sec
┌ Warning: `svd` cotangents sensitive to gauge choice: (|Δgauge| = 0.2971313139828854)
└ @ TensorKitChainRulesCoreExt ~/.julia/packages/TensorKit/esxcj/ext/TensorKitChainRulesCoreExt/factorizations.jl:254
┌ Warning: `svd` cotangents sensitive to gauge choice: (|Δgauge| = 1.783379994200685e-9)
└ @ TensorKitChainRulesCoreExt ~/.julia/packages/TensorKit/esxcj/ext/TensorKitChainRulesCoreExt/factorizations.jl:254
┌ Warning: `svd` cotangents sensitive to gauge choice: (|Δgauge| = 0.29713131422505135)
└ @ TensorKitChainRulesCoreExt ~/.julia/packages/TensorKit/esxcj/ext/TensorKitChainRulesCoreExt/factorizations.jl:254
[ Info: LBFGS: iter    5, time 1912.73 s: f = -2.460819690569, ‖∇f‖ = 7.6516e-02, α = 1.68e-03, m = 3, nfg = 4
[ Info: CTMRG init:	obj = +1.574628816698e+01	err = 1.0000e+00
[ Info: CTMRG conv 14:	obj = +1.636709804626e+01	err = 7.5917877676e-10	time = 12.92 sec
┌ Warning: `svd` cotangents sensitive to gauge choice: (|Δgauge| = 0.44018084911727107)
└ @ TensorKitChainRulesCoreExt ~/.julia/packages/TensorKit/esxcj/ext/TensorKitChainRulesCoreExt/factorizations.jl:254
┌ Warning: `svd` cotangents sensitive to gauge choice: (|Δgauge| = 1.118226978195739e-11)
└ @ TensorKitChainRulesCoreExt ~/.julia/packages/TensorKit/esxcj/ext/TensorKitChainRulesCoreExt/factorizations.jl:254
┌ Warning: `svd` cotangents sensitive to gauge choice: (|Δgauge| = 0.4401808491409427)
└ @ TensorKitChainRulesCoreExt ~/.julia/packages/TensorKit/esxcj/ext/TensorKitChainRulesCoreExt/factorizations.jl:254
[ Info: CTMRG init:	obj = +1.743236460230e+00	err = 1.0000e+00
┌ Warning: CTMRG cancel 100:	obj = +6.349291079996e+00	err = 3.5466879799e-09	time = 1.83 min
└ @ PEPSKit ~/.julia/packages/PEPSKit/P7ER3/src/algorithms/ctmrg/ctmrg.jl:129
┌ Warning: `svd` cotangents sensitive to gauge choice: (|Δgauge| = 1.3672347393674782)
└ @ TensorKitChainRulesCoreExt ~/.julia/packages/TensorKit/esxcj/ext/TensorKitChainRulesCoreExt/factorizations.jl:254
┌ Warning: `svd` cotangents sensitive to gauge choice: (|Δgauge| = 1.905937839730978e-8)
└ @ TensorKitChainRulesCoreExt ~/.julia/packages/TensorKit/esxcj/ext/TensorKitChainRulesCoreExt/factorizations.jl:254
┌ Warning: `svd` cotangents sensitive to gauge choice: (|Δgauge| = 1.7972027006727026e-8)
└ @ TensorKitChainRulesCoreExt ~/.julia/packages/TensorKit/esxcj/ext/TensorKitChainRulesCoreExt/factorizations.jl:254
┌ Warning: `svd` cotangents sensitive to gauge choice: (|Δgauge| = 4.054596778407666e-8)
└ @ TensorKitChainRulesCoreExt ~/.julia/packages/TensorKit/esxcj/ext/TensorKitChainRulesCoreExt/factorizations.jl:254
┌ Warning: `svd` cotangents sensitive to gauge choice: (|Δgauge| = 6.430125831262997e-8)
└ @ TensorKitChainRulesCoreExt ~/.julia/packages/TensorKit/esxcj/ext/TensorKitChainRulesCoreExt/factorizations.jl:254
┌ Warning: `svd` cotangents sensitive to gauge choice: (|Δgauge| = 3.8792494987410056e-8)
└ @ TensorKitChainRulesCoreExt ~/.julia/packages/TensorKit/esxcj/ext/TensorKitChainRulesCoreExt/factorizations.jl:254
┌ Warning: `svd` cotangents sensitive to gauge choice: (|Δgauge| = 6.00232851193478e-8)
└ @ TensorKitChainRulesCoreExt ~/.julia/packages/TensorKit/esxcj/ext/TensorKitChainRulesCoreExt/factorizations.jl:254
┌ Warning: `svd` cotangents sensitive to gauge choice: (|Δgauge| = 3.9926599688450847e-7)
└ @ TensorKitChainRulesCoreExt ~/.julia/packages/TensorKit/esxcj/ext/TensorKitChainRulesCoreExt/factorizations.jl:254
┌ Warning: `svd` cotangents sensitive to gauge choice: (|Δgauge| = 8.702790994784428e-7)
└ @ TensorKitChainRulesCoreExt ~/.julia/packages/TensorKit/esxcj/ext/TensorKitChainRulesCoreExt/factorizations.jl:254
┌ Warning: `svd` cotangents sensitive to gauge choice: (|Δgauge| = 1.3654256319292373e-6)
└ @ TensorKitChainRulesCoreExt ~/.julia/packages/TensorKit/esxcj/ext/TensorKitChainRulesCoreExt/factorizations.jl:254
┌ Warning: `svd` cotangents sensitive to gauge choice: (|Δgauge| = 1.7161228136638143e-7)
└ @ TensorKitChainRulesCoreExt ~/.julia/packages/TensorKit/esxcj/ext/TensorKitChainRulesCoreExt/factorizations.jl:254
┌ Warning: `svd` cotangents sensitive to gauge choice: (|Δgauge| = 4.039121052637715e-6)
└ @ TensorKitChainRulesCoreExt ~/.julia/packages/TensorKit/esxcj/ext/TensorKitChainRulesCoreExt/factorizations.jl:254
┌ Warning: `svd` cotangents sensitive to gauge choice: (|Δgauge| = 0.24666396233652146)
└ @ TensorKitChainRulesCoreExt ~/.julia/packages/TensorKit/esxcj/ext/TensorKitChainRulesCoreExt/factorizations.jl:254
┌ Warning: `svd` cotangents sensitive to gauge choice: (|Δgauge| = 1.613898116379133)
└ @ TensorKitChainRulesCoreExt ~/.julia/packages/TensorKit/esxcj/ext/TensorKitChainRulesCoreExt/factorizations.jl:254
[ Info: CTMRG init:	obj = +3.196419125672e+01	err = 1.0000e+00
[ Info: CTMRG conv 22:	obj = +3.196880679070e+01	err = 4.5852117858e-10	time = 25.73 sec
┌ Warning: `svd` cotangents sensitive to gauge choice: (|Δgauge| = 0.30234690074558135)
└ @ TensorKitChainRulesCoreExt ~/.julia/packages/TensorKit/esxcj/ext/TensorKitChainRulesCoreExt/factorizations.jl:254
┌ Warning: `svd` cotangents sensitive to gauge choice: (|Δgauge| = 1.466130111198381e-11)
└ @ TensorKitChainRulesCoreExt ~/.julia/packages/TensorKit/esxcj/ext/TensorKitChainRulesCoreExt/factorizations.jl:254
┌ Warning: `svd` cotangents sensitive to gauge choice: (|Δgauge| = 0.3023469007431474)
└ @ TensorKitChainRulesCoreExt ~/.julia/packages/TensorKit/esxcj/ext/TensorKitChainRulesCoreExt/factorizations.jl:254
[ Info: CTMRG init:	obj = +1.301158123163e+01	err = 1.0000e+00
[ Info: CTMRG conv 42:	obj = +1.409301007358e+01	err = 7.7488455604e-10	time = 45.08 sec
┌ Warning: `svd` cotangents sensitive to gauge choice: (|Δgauge| = 0.8574501626442586)
└ @ TensorKitChainRulesCoreExt ~/.julia/packages/TensorKit/esxcj/ext/TensorKitChainRulesCoreExt/factorizations.jl:254
┌ Warning: `svd` cotangents sensitive to gauge choice: (|Δgauge| = 5.442566405697049e-10)
└ @ TensorKitChainRulesCoreExt ~/.julia/packages/TensorKit/esxcj/ext/TensorKitChainRulesCoreExt/factorizations.jl:254
┌ Warning: `svd` cotangents sensitive to gauge choice: (|Δgauge| = 0.8574501620997549)
└ @ TensorKitChainRulesCoreExt ~/.julia/packages/TensorKit/esxcj/ext/TensorKitChainRulesCoreExt/factorizations.jl:254
[ Info: CTMRG init:	obj = +3.032131400239e+01	err = 1.0000e+00
[ Info: CTMRG conv 22:	obj = +3.033565736469e+01	err = 9.0413042303e-10	time = 21.33 sec
┌ Warning: `svd` cotangents sensitive to gauge choice: (|Δgauge| = 0.307472326096239)
└ @ TensorKitChainRulesCoreExt ~/.julia/packages/TensorKit/esxcj/ext/TensorKitChainRulesCoreExt/factorizations.jl:254
┌ Warning: `svd` cotangents sensitive to gauge choice: (|Δgauge| = 1.9897822665402028e-11)
└ @ TensorKitChainRulesCoreExt ~/.julia/packages/TensorKit/esxcj/ext/TensorKitChainRulesCoreExt/factorizations.jl:254
┌ Warning: `svd` cotangents sensitive to gauge choice: (|Δgauge| = 0.3074723260920782)
└ @ TensorKitChainRulesCoreExt ~/.julia/packages/TensorKit/esxcj/ext/TensorKitChainRulesCoreExt/factorizations.jl:254
[ Info: CTMRG init:	obj = +2.113906896635e+01	err = 1.0000e+00
[ Info: CTMRG conv 25:	obj = +2.137735262279e+01	err = 5.6425809535e-10	time = 24.42 sec
┌ Warning: `svd` cotangents sensitive to gauge choice: (|Δgauge| = 0.38931507833707363)
└ @ TensorKitChainRulesCoreExt ~/.julia/packages/TensorKit/esxcj/ext/TensorKitChainRulesCoreExt/factorizations.jl:254
┌ Warning: `svd` cotangents sensitive to gauge choice: (|Δgauge| = 6.142146474967079e-11)
└ @ TensorKitChainRulesCoreExt ~/.julia/packages/TensorKit/esxcj/ext/TensorKitChainRulesCoreExt/factorizations.jl:254
┌ Warning: `svd` cotangents sensitive to gauge choice: (|Δgauge| = 0.38931507827569917)
└ @ TensorKitChainRulesCoreExt ~/.julia/packages/TensorKit/esxcj/ext/TensorKitChainRulesCoreExt/factorizations.jl:254
[ Info: LBFGS: iter    6, time 2208.64 s: f = -2.504482020964, ‖∇f‖ = 1.5030e-01, α = 1.54e-01, m = 3, nfg = 6
[ Info: CTMRG init:	obj = +1.567342357436e+01	err = 1.0000e+00
[ Info: CTMRG conv 33:	obj = +1.585885787190e+01	err = 9.7485402986e-10	time = 33.83 sec
┌ Warning: `svd` cotangents sensitive to gauge choice: (|Δgauge| = 0.096676598386393)
└ @ TensorKitChainRulesCoreExt ~/.julia/packages/TensorKit/esxcj/ext/TensorKitChainRulesCoreExt/factorizations.jl:254
┌ Warning: `svd` cotangents sensitive to gauge choice: (|Δgauge| = 3.3578102648736083e-9)
└ @ TensorKitChainRulesCoreExt ~/.julia/packages/TensorKit/esxcj/ext/TensorKitChainRulesCoreExt/factorizations.jl:254
┌ Warning: `svd` cotangents sensitive to gauge choice: (|Δgauge| = 0.0966765983568266)
└ @ TensorKitChainRulesCoreExt ~/.julia/packages/TensorKit/esxcj/ext/TensorKitChainRulesCoreExt/factorizations.jl:254
[ Info: LBFGS: iter    7, time 2250.57 s: f = -2.525104485884, ‖∇f‖ = 2.2564e-01, α = 1.00e+00, m = 3, nfg = 1
[ Info: CTMRG init:	obj = +2.613994550853e+01	err = 1.0000e+00
[ Info: CTMRG conv 30:	obj = +2.716593910836e+01	err = 7.3224004911e-10	time = 30.83 sec
┌ Warning: `svd` cotangents sensitive to gauge choice: (|Δgauge| = 0.05104460884427903)
└ @ TensorKitChainRulesCoreExt ~/.julia/packages/TensorKit/esxcj/ext/TensorKitChainRulesCoreExt/factorizations.jl:254
┌ Warning: `svd` cotangents sensitive to gauge choice: (|Δgauge| = 3.4782098706990016e-12)
└ @ TensorKitChainRulesCoreExt ~/.julia/packages/TensorKit/esxcj/ext/TensorKitChainRulesCoreExt/factorizations.jl:254
┌ Warning: `svd` cotangents sensitive to gauge choice: (|Δgauge| = 0.051044608847577916)
└ @ TensorKitChainRulesCoreExt ~/.julia/packages/TensorKit/esxcj/ext/TensorKitChainRulesCoreExt/factorizations.jl:254
[ Info: CTMRG init:	obj = +2.376388892979e+01	err = 1.0000e+00
[ Info: CTMRG conv 31:	obj = +2.441084803358e+01	err = 6.0189965288e-10	time = 31.57 sec
┌ Warning: `svd` cotangents sensitive to gauge choice: (|Δgauge| = 0.062136692442402476)
└ @ TensorKitChainRulesCoreExt ~/.julia/packages/TensorKit/esxcj/ext/TensorKitChainRulesCoreExt/factorizations.jl:254
┌ Warning: `svd` cotangents sensitive to gauge choice: (|Δgauge| = 4.255751616616386e-12)
└ @ TensorKitChainRulesCoreExt ~/.julia/packages/TensorKit/esxcj/ext/TensorKitChainRulesCoreExt/factorizations.jl:254
┌ Warning: `svd` cotangents sensitive to gauge choice: (|Δgauge| = 0.062136692446221636)
└ @ TensorKitChainRulesCoreExt ~/.julia/packages/TensorKit/esxcj/ext/TensorKitChainRulesCoreExt/factorizations.jl:254
[ Info: LBFGS: iter    8, time 2328.80 s: f = -2.535942492460, ‖∇f‖ = 8.1707e-02, α = 7.57e-01, m = 3, nfg = 2
[ Info: CTMRG init:	obj = +2.210979195843e+01	err = 1.0000e+00
[ Info: CTMRG conv 28:	obj = +2.212921591256e+01	err = 9.5810687720e-10	time = 30.01 sec
┌ Warning: `svd` cotangents sensitive to gauge choice: (|Δgauge| = 0.07215482865379778)
└ @ TensorKitChainRulesCoreExt ~/.julia/packages/TensorKit/esxcj/ext/TensorKitChainRulesCoreExt/factorizations.jl:254
┌ Warning: `svd` cotangents sensitive to gauge choice: (|Δgauge| = 1.5264902403668495e-11)
└ @ TensorKitChainRulesCoreExt ~/.julia/packages/TensorKit/esxcj/ext/TensorKitChainRulesCoreExt/factorizations.jl:254
┌ Warning: `svd` cotangents sensitive to gauge choice: (|Δgauge| = 0.07215482865098476)
└ @ TensorKitChainRulesCoreExt ~/.julia/packages/TensorKit/esxcj/ext/TensorKitChainRulesCoreExt/factorizations.jl:254
[ Info: LBFGS: iter    9, time 2366.19 s: f = -2.551632445735, ‖∇f‖ = 6.3115e-02, α = 1.00e+00, m = 3, nfg = 1
[ Info: CTMRG init:	obj = +1.432231316235e+01	err = 1.0000e+00
[ Info: CTMRG conv 41:	obj = +1.475222265727e+01	err = 9.4833124876e-10	time = 43.67 sec
┌ Warning: `svd` cotangents sensitive to gauge choice: (|Δgauge| = 0.09867166687377629)
└ @ TensorKitChainRulesCoreExt ~/.julia/packages/TensorKit/esxcj/ext/TensorKitChainRulesCoreExt/factorizations.jl:254
┌ Warning: `svd` cotangents sensitive to gauge choice: (|Δgauge| = 6.910114440829035e-9)
└ @ TensorKitChainRulesCoreExt ~/.julia/packages/TensorKit/esxcj/ext/TensorKitChainRulesCoreExt/factorizations.jl:254
┌ Warning: `svd` cotangents sensitive to gauge choice: (|Δgauge| = 0.0986716667682303)
└ @ TensorKitChainRulesCoreExt ~/.julia/packages/TensorKit/esxcj/ext/TensorKitChainRulesCoreExt/factorizations.jl:254
[ Info: CTMRG init:	obj = +2.095000909333e+01	err = 1.0000e+00
[ Info: CTMRG conv 28:	obj = +2.095671820504e+01	err = 5.6282435307e-10	time = 31.35 sec
┌ Warning: `svd` cotangents sensitive to gauge choice: (|Δgauge| = 0.07762375384787126)
└ @ TensorKitChainRulesCoreExt ~/.julia/packages/TensorKit/esxcj/ext/TensorKitChainRulesCoreExt/factorizations.jl:254
┌ Warning: `svd` cotangents sensitive to gauge choice: (|Δgauge| = 1.709574917093493e-11)
└ @ TensorKitChainRulesCoreExt ~/.julia/packages/TensorKit/esxcj/ext/TensorKitChainRulesCoreExt/factorizations.jl:254
┌ Warning: `svd` cotangents sensitive to gauge choice: (|Δgauge| = 0.07762375384646727)
└ @ TensorKitChainRulesCoreExt ~/.julia/packages/TensorKit/esxcj/ext/TensorKitChainRulesCoreExt/factorizations.jl:254
[ Info: LBFGS: iter   10, time 2457.89 s: f = -2.557756340955, ‖∇f‖ = 4.4546e-02, α = 1.46e-01, m = 3, nfg = 2
[ Info: CTMRG init:	obj = +1.803462089212e+01	err = 1.0000e+00
[ Info: CTMRG conv 29:	obj = +1.809362035243e+01	err = 5.3959930146e-10	time = 31.03 sec
┌ Warning: `svd` cotangents sensitive to gauge choice: (|Δgauge| = 0.09065252921432468)
└ @ TensorKitChainRulesCoreExt ~/.julia/packages/TensorKit/esxcj/ext/TensorKitChainRulesCoreExt/factorizations.jl:254
┌ Warning: `svd` cotangents sensitive to gauge choice: (|Δgauge| = 6.031970907488805e-11)
└ @ TensorKitChainRulesCoreExt ~/.julia/packages/TensorKit/esxcj/ext/TensorKitChainRulesCoreExt/factorizations.jl:254
┌ Warning: `svd` cotangents sensitive to gauge choice: (|Δgauge| = 0.09065252921142798)
└ @ TensorKitChainRulesCoreExt ~/.julia/packages/TensorKit/esxcj/ext/TensorKitChainRulesCoreExt/factorizations.jl:254
[ Info: LBFGS: iter   11, time 2496.01 s: f = -2.560504220038, ‖∇f‖ = 5.8465e-02, α = 1.00e+00, m = 3, nfg = 1
[ Info: CTMRG init:	obj = +1.936161621730e+01	err = 1.0000e+00
[ Info: CTMRG conv 29:	obj = +1.937735095788e+01	err = 8.6197362391e-10	time = 31.38 sec
┌ Warning: `svd` cotangents sensitive to gauge choice: (|Δgauge| = 0.08501048848217803)
└ @ TensorKitChainRulesCoreExt ~/.julia/packages/TensorKit/esxcj/ext/TensorKitChainRulesCoreExt/factorizations.jl:254
┌ Warning: `svd` cotangents sensitive to gauge choice: (|Δgauge| = 7.629526363141669e-12)
└ @ TensorKitChainRulesCoreExt ~/.julia/packages/TensorKit/esxcj/ext/TensorKitChainRulesCoreExt/factorizations.jl:254
┌ Warning: `svd` cotangents sensitive to gauge choice: (|Δgauge| = 0.0850104884882534)
└ @ TensorKitChainRulesCoreExt ~/.julia/packages/TensorKit/esxcj/ext/TensorKitChainRulesCoreExt/factorizations.jl:254
[ Info: LBFGS: iter   12, time 2534.62 s: f = -2.563381566227, ‖∇f‖ = 1.4203e-02, α = 1.00e+00, m = 3, nfg = 1
[ Info: CTMRG init:	obj = +1.919856175764e+01	err = 1.0000e+00
[ Info: CTMRG conv 28:	obj = +1.919878837857e+01	err = 5.1728312646e-10	time = 31.25 sec
┌ Warning: `svd` cotangents sensitive to gauge choice: (|Δgauge| = 0.08563100678582136)
└ @ TensorKitChainRulesCoreExt ~/.julia/packages/TensorKit/esxcj/ext/TensorKitChainRulesCoreExt/factorizations.jl:254
┌ Warning: `svd` cotangents sensitive to gauge choice: (|Δgauge| = 1.2681040863615118e-11)
└ @ TensorKitChainRulesCoreExt ~/.julia/packages/TensorKit/esxcj/ext/TensorKitChainRulesCoreExt/factorizations.jl:254
┌ Warning: `svd` cotangents sensitive to gauge choice: (|Δgauge| = 0.08563100678499128)
└ @ TensorKitChainRulesCoreExt ~/.julia/packages/TensorKit/esxcj/ext/TensorKitChainRulesCoreExt/factorizations.jl:254
[ Info: CTMRG init:	obj = +1.847136275260e+01	err = 1.0000e+00
[ Info: CTMRG conv 28:	obj = +1.847724399432e+01	err = 9.6363073794e-10	time = 30.95 sec
┌ Warning: `svd` cotangents sensitive to gauge choice: (|Δgauge| = 0.0879793295838219)
└ @ TensorKitChainRulesCoreExt ~/.julia/packages/TensorKit/esxcj/ext/TensorKitChainRulesCoreExt/factorizations.jl:254
┌ Warning: `svd` cotangents sensitive to gauge choice: (|Δgauge| = 2.043507184839276e-11)
└ @ TensorKitChainRulesCoreExt ~/.julia/packages/TensorKit/esxcj/ext/TensorKitChainRulesCoreExt/factorizations.jl:254
┌ Warning: `svd` cotangents sensitive to gauge choice: (|Δgauge| = 0.08797932958030201)
└ @ TensorKitChainRulesCoreExt ~/.julia/packages/TensorKit/esxcj/ext/TensorKitChainRulesCoreExt/factorizations.jl:254
[ Info: CTMRG init:	obj = +1.463085895542e+01	err = 1.0000e+00
[ Info: CTMRG conv 30:	obj = +1.481465169763e+01	err = 8.3001107752e-10	time = 33.61 sec
┌ Warning: `svd` cotangents sensitive to gauge choice: (|Δgauge| = 0.09211338201825485)
└ @ TensorKitChainRulesCoreExt ~/.julia/packages/TensorKit/esxcj/ext/TensorKitChainRulesCoreExt/factorizations.jl:254
┌ Warning: `svd` cotangents sensitive to gauge choice: (|Δgauge| = 9.302833016873598e-9)
└ @ TensorKitChainRulesCoreExt ~/.julia/packages/TensorKit/esxcj/ext/TensorKitChainRulesCoreExt/factorizations.jl:254
┌ Warning: `svd` cotangents sensitive to gauge choice: (|Δgauge| = 0.09211338212947523)
└ @ TensorKitChainRulesCoreExt ~/.julia/packages/TensorKit/esxcj/ext/TensorKitChainRulesCoreExt/factorizations.jl:254
[ Info: CTMRG init:	obj = +1.800048800151e+01	err = 1.0000e+00
[ Info: CTMRG conv 28:	obj = +1.801419510908e+01	err = 8.4226962219e-10	time = 31.69 sec
┌ Warning: `svd` cotangents sensitive to gauge choice: (|Δgauge| = 0.08932769420217485)
└ @ TensorKitChainRulesCoreExt ~/.julia/packages/TensorKit/esxcj/ext/TensorKitChainRulesCoreExt/factorizations.jl:254
┌ Warning: `svd` cotangents sensitive to gauge choice: (|Δgauge| = 4.3864803216206515e-11)
└ @ TensorKitChainRulesCoreExt ~/.julia/packages/TensorKit/esxcj/ext/TensorKitChainRulesCoreExt/factorizations.jl:254
┌ Warning: `svd` cotangents sensitive to gauge choice: (|Δgauge| = 0.08932769419808093)
└ @ TensorKitChainRulesCoreExt ~/.julia/packages/TensorKit/esxcj/ext/TensorKitChainRulesCoreExt/factorizations.jl:254
[ Info: LBFGS: iter   13, time 2689.90 s: f = -2.567675197883, ‖∇f‖ = 3.6211e-02, α = 7.54e+00, m = 3, nfg = 4
[ Info: CTMRG init:	obj = +1.675522198040e+01	err = 1.0000e+00
[ Info: CTMRG conv 26:	obj = +1.676711336672e+01	err = 9.1367387574e-10	time = 30.25 sec
┌ Warning: `svd` cotangents sensitive to gauge choice: (|Δgauge| = 0.0900235532743702)
└ @ TensorKitChainRulesCoreExt ~/.julia/packages/TensorKit/esxcj/ext/TensorKitChainRulesCoreExt/factorizations.jl:254
┌ Warning: `svd` cotangents sensitive to gauge choice: (|Δgauge| = 5.44760178515554e-10)
└ @ TensorKitChainRulesCoreExt ~/.julia/packages/TensorKit/esxcj/ext/TensorKitChainRulesCoreExt/factorizations.jl:254
┌ Warning: `svd` cotangents sensitive to gauge choice: (|Δgauge| = 0.09002355326841457)
└ @ TensorKitChainRulesCoreExt ~/.julia/packages/TensorKit/esxcj/ext/TensorKitChainRulesCoreExt/factorizations.jl:254
[ Info: LBFGS: iter   14, time 2726.98 s: f = -2.572736484337, ‖∇f‖ = 5.5850e-02, α = 1.00e+00, m = 3, nfg = 1
[ Info: CTMRG init:	obj = +1.674932404254e+01	err = 1.0000e+00
[ Info: CTMRG conv 25:	obj = +1.675380232805e+01	err = 6.0965710439e-10	time = 29.55 sec
┌ Warning: `svd` cotangents sensitive to gauge choice: (|Δgauge| = 0.08456278917696247)
└ @ TensorKitChainRulesCoreExt ~/.julia/packages/TensorKit/esxcj/ext/TensorKitChainRulesCoreExt/factorizations.jl:254
┌ Warning: `svd` cotangents sensitive to gauge choice: (|Δgauge| = 4.393909594122217e-10)
└ @ TensorKitChainRulesCoreExt ~/.julia/packages/TensorKit/esxcj/ext/TensorKitChainRulesCoreExt/factorizations.jl:254
┌ Warning: `svd` cotangents sensitive to gauge choice: (|Δgauge| = 0.08456278919531206)
└ @ TensorKitChainRulesCoreExt ~/.julia/packages/TensorKit/esxcj/ext/TensorKitChainRulesCoreExt/factorizations.jl:254
[ Info: LBFGS: iter   15, time 2762.71 s: f = -2.577557918147, ‖∇f‖ = 2.7171e-02, α = 1.00e+00, m = 3, nfg = 1
[ Info: CTMRG init:	obj = +1.727333918275e+01	err = 1.0000e+00
[ Info: CTMRG conv 23:	obj = +1.727769183870e+01	err = 8.2154514640e-10	time = 28.61 sec
┌ Warning: `svd` cotangents sensitive to gauge choice: (|Δgauge| = 0.08001299180955976)
└ @ TensorKitChainRulesCoreExt ~/.julia/packages/TensorKit/esxcj/ext/TensorKitChainRulesCoreExt/factorizations.jl:254
┌ Warning: `svd` cotangents sensitive to gauge choice: (|Δgauge| = 5.962703676712833e-10)
└ @ TensorKitChainRulesCoreExt ~/.julia/packages/TensorKit/esxcj/ext/TensorKitChainRulesCoreExt/factorizations.jl:254
┌ Warning: `svd` cotangents sensitive to gauge choice: (|Δgauge| = 0.0800129918740314)
└ @ TensorKitChainRulesCoreExt ~/.julia/packages/TensorKit/esxcj/ext/TensorKitChainRulesCoreExt/factorizations.jl:254
[ Info: LBFGS: iter   16, time 2797.45 s: f = -2.578665263246, ‖∇f‖ = 7.0207e-03, α = 1.00e+00, m = 3, nfg = 1
[ Info: CTMRG init:	obj = +1.710712099621e+01	err = 1.0000e+00
[ Info: CTMRG conv 23:	obj = +1.710761935839e+01	err = 8.3697447895e-10	time = 27.91 sec
┌ Warning: `svd` cotangents sensitive to gauge choice: (|Δgauge| = 0.07885623555219917)
└ @ TensorKitChainRulesCoreExt ~/.julia/packages/TensorKit/esxcj/ext/TensorKitChainRulesCoreExt/factorizations.jl:254
┌ Warning: `svd` cotangents sensitive to gauge choice: (|Δgauge| = 8.309951068450577e-10)
└ @ TensorKitChainRulesCoreExt ~/.julia/packages/TensorKit/esxcj/ext/TensorKitChainRulesCoreExt/factorizations.jl:254
┌ Warning: `svd` cotangents sensitive to gauge choice: (|Δgauge| = 0.07885623560938017)
└ @ TensorKitChainRulesCoreExt ~/.julia/packages/TensorKit/esxcj/ext/TensorKitChainRulesCoreExt/factorizations.jl:254
[ Info: LBFGS: iter   17, time 2831.45 s: f = -2.578820443106, ‖∇f‖ = 4.2937e-03, α = 1.00e+00, m = 3, nfg = 1
[ Info: CTMRG init:	obj = +1.712510865765e+01	err = 1.0000e+00
[ Info: CTMRG conv 22:	obj = +1.712537692611e+01	err = 6.3069902524e-10	time = 2.03 min
┌ Warning: `svd` cotangents sensitive to gauge choice: (|Δgauge| = 0.07753025887164808)
└ @ TensorKitChainRulesCoreExt ~/.julia/packages/TensorKit/esxcj/ext/TensorKitChainRulesCoreExt/factorizations.jl:254
┌ Warning: `svd` cotangents sensitive to gauge choice: (|Δgauge| = 2.621817071467471e-9)
└ @ TensorKitChainRulesCoreExt ~/.julia/packages/TensorKit/esxcj/ext/TensorKitChainRulesCoreExt/factorizations.jl:254
┌ Warning: `svd` cotangents sensitive to gauge choice: (|Δgauge| = 0.0775302587858503)
└ @ TensorKitChainRulesCoreExt ~/.julia/packages/TensorKit/esxcj/ext/TensorKitChainRulesCoreExt/factorizations.jl:254
[ Info: LBFGS: iter   18, time 2970.31 s: f = -2.579030767129, ‖∇f‖ = 2.8596e-03, α = 1.00e+00, m = 3, nfg = 1
[ Info: CTMRG init:	obj = +1.723277216334e+01	err = 1.0000e+00
[ Info: CTMRG conv 23:	obj = +1.723471802715e+01	err = 9.8712877899e-10	time = 39.60 sec
┌ Warning: `svd` cotangents sensitive to gauge choice: (|Δgauge| = 0.0722396878964454)
└ @ TensorKitChainRulesCoreExt ~/.julia/packages/TensorKit/esxcj/ext/TensorKitChainRulesCoreExt/factorizations.jl:254
┌ Warning: `svd` cotangents sensitive to gauge choice: (|Δgauge| = 1.6371065599044577e-9)
└ @ TensorKitChainRulesCoreExt ~/.julia/packages/TensorKit/esxcj/ext/TensorKitChainRulesCoreExt/factorizations.jl:254
┌ Warning: `svd` cotangents sensitive to gauge choice: (|Δgauge| = 0.07223968794865789)
└ @ TensorKitChainRulesCoreExt ~/.julia/packages/TensorKit/esxcj/ext/TensorKitChainRulesCoreExt/factorizations.jl:254
[ Info: LBFGS: iter   19, time 3018.52 s: f = -2.579273920525, ‖∇f‖ = 2.1733e-03, α = 1.00e+00, m = 3, nfg = 1
[ Info: CTMRG init:	obj = +1.743853368716e+01	err = 1.0000e+00
[ Info: CTMRG conv 23:	obj = +1.744176293012e+01	err = 8.0343228836e-10	time = 30.87 sec
┌ Warning: `svd` cotangents sensitive to gauge choice: (|Δgauge| = 0.06447907990883894)
└ @ TensorKitChainRulesCoreExt ~/.julia/packages/TensorKit/esxcj/ext/TensorKitChainRulesCoreExt/factorizations.jl:254
┌ Warning: `svd` cotangents sensitive to gauge choice: (|Δgauge| = 8.826522413078833e-10)
└ @ TensorKitChainRulesCoreExt ~/.julia/packages/TensorKit/esxcj/ext/TensorKitChainRulesCoreExt/factorizations.jl:254
┌ Warning: `svd` cotangents sensitive to gauge choice: (|Δgauge| = 0.06447907994052189)
└ @ TensorKitChainRulesCoreExt ~/.julia/packages/TensorKit/esxcj/ext/TensorKitChainRulesCoreExt/factorizations.jl:254
[ Info: LBFGS: iter   20, time 3055.96 s: f = -2.579433830876, ‖∇f‖ = 4.3732e-03, α = 1.00e+00, m = 3, nfg = 1
[ Info: CTMRG init:	obj = +1.765682937730e+01	err = 1.0000e+00
[ Info: CTMRG conv 24:	obj = +1.768071435386e+01	err = 3.7766953625e-10	time = 33.66 sec
┌ Warning: `svd` cotangents sensitive to gauge choice: (|Δgauge| = 0.04436412172380028)
└ @ TensorKitChainRulesCoreExt ~/.julia/packages/TensorKit/esxcj/ext/TensorKitChainRulesCoreExt/factorizations.jl:254
┌ Warning: `svd` cotangents sensitive to gauge choice: (|Δgauge| = 3.030513313012211e-10)
└ @ TensorKitChainRulesCoreExt ~/.julia/packages/TensorKit/esxcj/ext/TensorKitChainRulesCoreExt/factorizations.jl:254
┌ Warning: `svd` cotangents sensitive to gauge choice: (|Δgauge| = 0.044364121724680766)
└ @ TensorKitChainRulesCoreExt ~/.julia/packages/TensorKit/esxcj/ext/TensorKitChainRulesCoreExt/factorizations.jl:254
[ Info: LBFGS: iter   21, time 3096.37 s: f = -2.579512268477, ‖∇f‖ = 1.2140e-02, α = 1.00e+00, m = 3, nfg = 1
[ Info: CTMRG init:	obj = +1.779753252815e+01	err = 1.0000e+00
[ Info: CTMRG conv 19:	obj = +1.779829626921e+01	err = 8.9739492069e-10	time = 34.44 sec
┌ Warning: `svd` cotangents sensitive to gauge choice: (|Δgauge| = 0.04468684363772572)
└ @ TensorKitChainRulesCoreExt ~/.julia/packages/TensorKit/esxcj/ext/TensorKitChainRulesCoreExt/factorizations.jl:254
┌ Warning: `svd` cotangents sensitive to gauge choice: (|Δgauge| = 4.849463946317934e-9)
└ @ TensorKitChainRulesCoreExt ~/.julia/packages/TensorKit/esxcj/ext/TensorKitChainRulesCoreExt/factorizations.jl:254
┌ Warning: `svd` cotangents sensitive to gauge choice: (|Δgauge| = 0.04468684412973209)
└ @ TensorKitChainRulesCoreExt ~/.julia/packages/TensorKit/esxcj/ext/TensorKitChainRulesCoreExt/factorizations.jl:254
[ Info: LBFGS: iter   22, time 3136.90 s: f = -2.579714821268, ‖∇f‖ = 1.9061e-03, α = 1.00e+00, m = 3, nfg = 1
[ Info: CTMRG init:	obj = +1.784233775305e+01	err = 1.0000e+00
[ Info: CTMRG conv 20:	obj = +1.784240497666e+01	err = 6.9749831269e-10	time = 30.78 sec
┌ Warning: `svd` cotangents sensitive to gauge choice: (|Δgauge| = 0.043898604119693874)
└ @ TensorKitChainRulesCoreExt ~/.julia/packages/TensorKit/esxcj/ext/TensorKitChainRulesCoreExt/factorizations.jl:254
┌ Warning: `svd` cotangents sensitive to gauge choice: (|Δgauge| = 1.8497208272193394e-9)
└ @ TensorKitChainRulesCoreExt ~/.julia/packages/TensorKit/esxcj/ext/TensorKitChainRulesCoreExt/factorizations.jl:254
┌ Warning: `svd` cotangents sensitive to gauge choice: (|Δgauge| = 0.04389860399584469)
└ @ TensorKitChainRulesCoreExt ~/.julia/packages/TensorKit/esxcj/ext/TensorKitChainRulesCoreExt/factorizations.jl:254
[ Info: LBFGS: converged after 23 iterations and time 3173.56 s: f = -2.579732231603, ‖∇f‖ = 9.9191e-04
