  Installing known registries into `~/.julia`
       Added `General` registry to ~/.julia/registries
    Updating registry at `~/.julia/registries/General.toml`
   Installed GPUArraysCore ─────────────── v0.2.0
   Installed IrrationalConstants ───────── v0.2.4
   Installed RealDot ───────────────────── v0.1.0
   Installed TaskLocalValues ───────────── v0.1.2
   Installed IRTools ───────────────────── v0.4.14
   Installed JLD2 ──────────────────────── v0.5.12
   Installed OhMyThreads ───────────────── v0.7.0
   Installed BlockTensorKit ────────────── v0.1.6
   Installed LRUCache ──────────────────── v1.6.2
   Installed IntegerMathUtils ──────────── v0.1.2
   Installed Adapt ─────────────────────── v4.3.0
   Installed PtrArrays ─────────────────── v1.3.0
   Installed TableTraits ───────────────── v1.0.1
   Installed DiffRules ─────────────────── v1.15.1
   Installed Accessors ─────────────────── v0.1.42
   Installed Preferences ───────────────── v1.4.3
   Installed WignerSymbols ─────────────── v2.0.0
   Installed OptimKit ──────────────────── v0.4.0
   Installed HashArrayMappedTries ──────── v0.2.0
   Installed DiffResults ───────────────── v1.1.0
   Installed Tables ────────────────────── v1.12.0
   Installed LoggingExtras ─────────────── v1.0.3
   Installed SpecialFunctions ──────────── v2.5.1
   Installed TensorKit ─────────────────── v0.14.5
   Installed RecipesBase ───────────────── v1.3.4
   Installed DataAPI ───────────────────── v1.16.0
   Installed AbstractFFTs ──────────────── v1.5.0
   Installed Primes ────────────────────── v0.5.7
   Installed ChunkSplitters ────────────── v3.1.2
   Installed StaticArrays ──────────────── v1.9.13
   Installed Zygote ────────────────────── v0.7.6
   Installed MPSKit ────────────────────── v0.12.6
   Installed Richardson ────────────────── v1.4.2
   Installed StaticArraysCore ──────────── v1.4.3
   Installed BlockArrays ───────────────── v1.6.1
   Installed FiniteDifferences ─────────── v0.12.32
   Installed IteratorInterfaceExtensions ─ v1.0.0
   Installed NaNMath ───────────────────── v1.1.3
   Installed JLLWrappers ───────────────── v1.7.0
   Installed PrecompileTools ───────────── v1.2.1
   Installed DataValueInterfaces ───────── v1.0.0
   Installed StructArrays ──────────────── v0.7.1
   Installed TensorKitSectors ──────────── v0.1.4
   Installed ConstructionBase ──────────── v1.5.8
   Installed RationalRoots ─────────────── v0.2.1
   Installed OrderedCollections ────────── v1.8.0
   Installed StableTasks ───────────────── v0.1.7
   Installed TranscodingStreams ────────── v0.11.3
   Installed ScopedValues ──────────────── v1.3.0
   Installed InitialValues ─────────────── v0.3.1
   Installed VectorInterface ───────────── v0.5.0
   Installed FillArrays ────────────────── v1.13.0
   Installed MPSKitModels ──────────────── v0.4.1
   Installed ChainRulesCore ────────────── v1.25.1
   Installed ForwardDiff ───────────────── v1.0.1
   Installed FileIO ────────────────────── v1.17.0
   Installed ZygoteRules ───────────────── v0.2.7
   Installed Statistics ────────────────── v1.11.1
   Installed LogExpFunctions ───────────── v0.3.29
   Installed StridedViews ──────────────── v0.4.1
   Installed Requires ──────────────────── v1.3.1
   Installed CommonSubexpressions ──────── v0.3.1
   Installed ChainRules ────────────────── v1.72.3
   Installed BangBang ──────────────────── v0.4.4
   Installed PackageExtensionCompat ────── v1.0.2
   Installed Strided ───────────────────── v2.3.0
   Installed OpenSpecFun_jll ───────────── v0.5.6+0
   Installed TensorKitManifolds ────────── v0.7.2
   Installed Compat ────────────────────── v4.16.0
   Installed CompositionsBase ──────────── v0.1.2
   Installed HalfIntegers ──────────────── v1.6.0
   Installed MacroTools ────────────────── v0.5.15
   Installed SparseInverseSubset ───────── v0.1.2
   Installed InverseFunctions ──────────── v0.1.17
   Installed TupleTools ────────────────── v1.6.0
   Installed ArrayLayouts ──────────────── v1.11.1
   Installed DocStringExtensions ───────── v0.9.4
   Installed TensorOperations ──────────── v5.2.0
   Installed KrylovKit ─────────────────── v0.9.5
   Installed PEPSKit ───────────────────── v0.5.0
    Updating `/var/lib/condor/execute/dir_908756/Project.toml`
  [d360d2e6] + ChainRulesCore v1.25.1
  [033835bb] + JLD2 v0.5.12
  [0b1a1467] + KrylovKit v0.9.5
  [bb1c41ca] + MPSKit v0.12.6
  [ca635005] + MPSKitModels v0.4.1
  [77e91f04] + OptimKit v0.4.0
  [52969e89] + PEPSKit v0.5.0
  [07d1fe3e] + TensorKit v0.14.5
  [409d34a3] + VectorInterface v0.5.0
  [e88e6eb3] + Zygote v0.7.6
  [37e2e46d] ~ LinearAlgebra ⇒ v1.11.0
    Updating `/var/lib/condor/execute/dir_908756/Manifest.toml`
  [621f4979] + AbstractFFTs v1.5.0
  [7d9f7c33] + Accessors v0.1.42
  [79e6a3ab] + Adapt v4.3.0
  [4c555306] + ArrayLayouts v1.11.1
  [198e06fe] + BangBang v0.4.4
  [8e7c35d0] + BlockArrays v1.6.1
  [5f87ffc2] + BlockTensorKit v0.1.6
  [082447d4] + ChainRules v1.72.3
  [d360d2e6] + ChainRulesCore v1.25.1
  [ae650224] + ChunkSplitters v3.1.2
  [bbf7d656] + CommonSubexpressions v0.3.1
  [34da2185] + Compat v4.16.0
  [a33af91c] + CompositionsBase v0.1.2
  [187b0558] + ConstructionBase v1.5.8
  [9a962f9c] + DataAPI v1.16.0
  [e2d170a0] + DataValueInterfaces v1.0.0
  [163ba53b] + DiffResults v1.1.0
  [b552c78f] + DiffRules v1.15.1
  [ffbed154] + DocStringExtensions v0.9.4
  [5789e2e9] + FileIO v1.17.0
  [1a297f60] + FillArrays v1.13.0
  [26cc04aa] + FiniteDifferences v0.12.32
  [f6369f11] + ForwardDiff v1.0.1
  [46192b85] + GPUArraysCore v0.2.0
  [f0d1745a] + HalfIntegers v1.6.0
  [076d061b] + HashArrayMappedTries v0.2.0
  [7869d1d1] + IRTools v0.4.14
  [22cec73e] + InitialValues v0.3.1
  [18e54dd8] + IntegerMathUtils v0.1.2
  [3587e190] + InverseFunctions v0.1.17
  [92d709cd] + IrrationalConstants v0.2.4
  [82899510] + IteratorInterfaceExtensions v1.0.0
  [033835bb] + JLD2 v0.5.12
  [692b3bcd] + JLLWrappers v1.7.0
  [0b1a1467] + KrylovKit v0.9.5
  [8ac3fa9e] + LRUCache v1.6.2
  [2ab3a3ac] + LogExpFunctions v0.3.29
⌅ [e6f89c97] + LoggingExtras v1.0.3
  [bb1c41ca] + MPSKit v0.12.6
  [ca635005] + MPSKitModels v0.4.1
  [1914dd2f] + MacroTools v0.5.15
  [77ba4419] + NaNMath v1.1.3
⌅ [67456a42] + OhMyThreads v0.7.0
  [77e91f04] + OptimKit v0.4.0
  [bac558e1] + OrderedCollections v1.8.0
  [52969e89] + PEPSKit v0.5.0
  [65ce6f38] + PackageExtensionCompat v1.0.2
⌅ [aea7be01] + PrecompileTools v1.2.1
  [21216c6a] + Preferences v1.4.3
  [27ebfcd6] + Primes v0.5.7
  [43287f4e] + PtrArrays v1.3.0
  [308eb6b3] + RationalRoots v0.2.1
  [c1ae055f] + RealDot v0.1.0
  [3cdcf5f2] + RecipesBase v1.3.4
  [ae029012] + Requires v1.3.1
  [708f8203] + Richardson v1.4.2
  [7e506255] + ScopedValues v1.3.0
  [dc90abb0] + SparseInverseSubset v0.1.2
  [276daf66] + SpecialFunctions v2.5.1
  [91464d47] + StableTasks v0.1.7
  [90137ffa] + StaticArrays v1.9.13
  [1e83bf80] + StaticArraysCore v1.4.3
  [10745b16] + Statistics v1.11.1
  [5e0ebb24] + Strided v2.3.0
  [4db3bf67] + StridedViews v0.4.1
  [09ab397b] + StructArrays v0.7.1
  [3783bdb8] + TableTraits v1.0.1
  [bd369af6] + Tables v1.12.0
  [ed4db957] + TaskLocalValues v0.1.2
  [07d1fe3e] + TensorKit v0.14.5
  [11fa318c] + TensorKitManifolds v0.7.2
  [13a9c161] + TensorKitSectors v0.1.4
  [6aa20fa7] + TensorOperations v5.2.0
  [3bb67fe8] + TranscodingStreams v0.11.3
  [9d95972d] + TupleTools v1.6.0
  [409d34a3] + VectorInterface v0.5.0
  [9f57e263] + WignerSymbols v2.0.0
  [e88e6eb3] + Zygote v0.7.6
  [700de1a5] + ZygoteRules v0.2.7
  [efe28fd5] + OpenSpecFun_jll v0.5.6+0
  [0dad84c5] + ArgTools v1.1.2
  [56f22d72] + Artifacts v1.11.0
  [2a0f44e3] + Base64 v1.11.0
  [ade2ca70] + Dates v1.11.0
  [8ba89e20] + Distributed v1.11.0
  [f43a241f] + Downloads v1.6.0
  [7b1f6079] + FileWatching v1.11.0
  [b77e0a4c] + InteractiveUtils v1.11.0
  [b27032c2] + LibCURL v0.6.4
  [76f85450] + LibGit2 v1.11.0
  [8f399da3] + Libdl v1.11.0
  [37e2e46d] + LinearAlgebra v1.11.0
  [56ddb016] + Logging v1.11.0
  [d6f4376e] + Markdown v1.11.0
  [a63ad114] + Mmap v1.11.0
  [ca575930] + NetworkOptions v1.2.0
  [44cfe95a] + Pkg v1.11.0
  [de0858da] + Printf v1.11.0
  [9a3f8284] + Random v1.11.0
  [ea8e919c] + SHA v0.7.0
  [9e88b42a] + Serialization v1.11.0
  [6462fe0b] + Sockets v1.11.0
  [2f01184e] + SparseArrays v1.11.0
  [4607b0f0] + SuiteSparse
  [fa267f1f] + TOML v1.0.3
  [a4e569a6] + Tar v1.10.0
  [cf7118a7] + UUIDs v1.11.0
  [4ec0a83e] + Unicode v1.11.0
  [e66e0078] + CompilerSupportLibraries_jll v1.1.1+0
  [deac9b47] + LibCURL_jll v8.6.0+0
  [e37daf67] + LibGit2_jll v1.7.2+0
  [29816b5a] + LibSSH2_jll v1.11.0+1
  [c8ffd9c3] + MbedTLS_jll v2.28.6+0
  [14a3606d] + MozillaCACerts_jll v2023.12.12
  [4536629a] + OpenBLAS_jll v0.3.27+1
  [05823500] + OpenLibm_jll v0.8.1+2
  [bea87d4a] + SuiteSparse_jll v7.7.0+0
  [83775a58] + Zlib_jll v1.2.13+1
  [8e850b90] + libblastrampoline_jll v5.11.0+0
  [8e850ede] + nghttp2_jll v1.59.0+0
  [3f19e933] + p7zip_jll v17.4.0+2
        Info Packages marked with ⌅ have new versions available but compatibility constraints restrict them from upgrading. To see why use `status --outdated -m`
Precompiling project...
    623.5 ms  ✓ TaskLocalValues
    556.8 ms  ✓ DataValueInterfaces
    583.9 ms  ✓ IntegerMathUtils
    600.3 ms  ✓ RealDot
    643.4 ms  ✓ Richardson
    720.2 ms  ✓ HalfIntegers
    767.4 ms  ✓ StableTasks
    741.3 ms  ✓ VectorInterface
    750.7 ms  ✓ LRUCache
    750.2 ms  ✓ InverseFunctions
    754.9 ms  ✓ Statistics
    762.3 ms  ✓ DocStringExtensions
    887.4 ms  ✓ OrderedCollections
    934.9 ms  ✓ AbstractFFTs
    525.2 ms  ✓ IteratorInterfaceExtensions
    558.6 ms  ✓ PackageExtensionCompat
    604.0 ms  ✓ DataAPI
    689.0 ms  ✓ ConstructionBase
    564.1 ms  ✓ CompositionsBase
    553.5 ms  ✓ PtrArrays
   1399.6 ms  ✓ FillArrays
    598.4 ms  ✓ StaticArraysCore
    785.7 ms  ✓ RationalRoots
    824.8 ms  ✓ TupleTools
    712.3 ms  ✓ HashArrayMappedTries
    889.0 ms  ✓ ChunkSplitters
    787.2 ms  ✓ TranscodingStreams
   1679.9 ms  ✓ IrrationalConstants
    681.5 ms  ✓ NaNMath
    712.6 ms  ✓ Requires
    782.0 ms  ✓ LoggingExtras
   1229.5 ms  ✓ InitialValues
    850.0 ms  ✓ SuiteSparse
    865.4 ms  ✓ Compat
    568.0 ms  ✓ TableTraits
    835.2 ms  ✓ LRUCache → SerializationExt
    648.4 ms  ✓ InverseFunctions → InverseFunctionsDatesExt
    920.1 ms  ✓ Primes
    593.5 ms  ✓ ConstructionBase → ConstructionBaseLinearAlgebraExt
    712.9 ms  ✓ StridedViews
    613.2 ms  ✓ CompositionsBase → CompositionsBaseInverseFunctionsExt
   1062.7 ms  ✓ Preferences
    851.3 ms  ✓ Statistics → SparseArraysExt
    656.9 ms  ✓ FillArrays → FillArraysStatisticsExt
    570.2 ms  ✓ ScopedValues
    635.1 ms  ✓ DiffResults
    671.9 ms  ✓ Adapt
    904.0 ms  ✓ FillArrays → FillArraysSparseArraysExt
    619.6 ms  ✓ Compat → CompatLinearAlgebraExt
    582.5 ms  ✓ StridedViews → StridedViewsPtrArraysExt
    809.6 ms  ✓ SparseInverseSubset
    923.0 ms  ✓ LogExpFunctions
    691.6 ms  ✓ PrecompileTools
    932.5 ms  ✓ Strided
    772.7 ms  ✓ JLLWrappers
   1136.7 ms  ✓ Tables
    751.3 ms  ✓ GPUArraysCore
    618.5 ms  ✓ LogExpFunctions → LogExpFunctionsInverseFunctionsExt
    854.9 ms  ✓ Adapt → AdaptSparseArraysExt
   2213.3 ms  ✓ KrylovKit
   3268.1 ms  ✓ MacroTools
    804.1 ms  ✓ OpenSpecFun_jll
   1079.2 ms  ✓ StructArrays
    711.8 ms  ✓ CommonSubexpressions
   1901.3 ms  ✓ OptimKit
   1815.2 ms  ✓ ChainRulesCore
    646.5 ms  ✓ StructArrays → StructArraysAdaptExt
    674.2 ms  ✓ StructArrays → StructArraysLinearAlgebraExt
    876.3 ms  ✓ StructArrays → StructArraysSparseArraysExt
    709.5 ms  ✓ AbstractFFTs → AbstractFFTsChainRulesCoreExt
   2349.8 ms  ✓ RecipesBase
    893.0 ms  ✓ ChainRulesCore → ChainRulesCoreSparseArraysExt
   3482.6 ms  ✓ WignerSymbols
   1170.9 ms  ✓ ZygoteRules
    913.5 ms  ✓ KrylovKit → KrylovKitChainRulesCoreExt
   2597.9 ms  ✓ IRTools
   2011.8 ms  ✓ LogExpFunctions → LogExpFunctionsChainRulesCoreExt
   2890.6 ms  ✓ Accessors
   5072.3 ms  ✓ FileIO
    756.7 ms  ✓ Accessors → StructArraysExt
    802.3 ms  ✓ Accessors → LinearAlgebraExt
   3808.9 ms  ✓ SpecialFunctions
   1168.1 ms  ✓ BangBang
    952.3 ms  ✓ DiffRules
    808.2 ms  ✓ BangBang → BangBangChainRulesCoreExt
    812.3 ms  ✓ BangBang → BangBangStructArraysExt
    812.4 ms  ✓ BangBang → BangBangTablesExt
   1331.2 ms  ✓ OhMyThreads
   2533.5 ms  ✓ SpecialFunctions → SpecialFunctionsChainRulesCoreExt
   9781.8 ms  ✓ StaticArrays
   7677.3 ms  ✓ ChainRules
    925.6 ms  ✓ Adapt → AdaptStaticArraysExt
    983.2 ms  ✓ ConstructionBase → ConstructionBaseStaticArraysExt
    986.4 ms  ✓ StaticArrays → StaticArraysStatisticsExt
    991.1 ms  ✓ StaticArrays → StaticArraysChainRulesCoreExt
   1016.0 ms  ✓ StructArrays → StructArraysStaticArraysExt
   1074.3 ms  ✓ BangBang → BangBangStaticArraysExt
   5138.8 ms  ✓ ForwardDiff
   1101.8 ms  ✓ Accessors → StaticArraysExt
   1135.8 ms  ✓ ForwardDiff → ForwardDiffStaticArraysExt
   1594.1 ms  ✓ FiniteDifferences
  17343.3 ms  ✓ ArrayLayouts
   1031.4 ms  ✓ ArrayLayouts → ArrayLayoutsSparseArraysExt
   2202.6 ms  ✓ BlockArrays
   1016.0 ms  ✓ BlockArrays → BlockArraysAdaptExt
  39597.2 ms  ✓ JLD2
  39396.8 ms  ✓ Zygote
 181916.8 ms  ✓ TensorOperations
   1644.6 ms  ✓ TensorOperations → TensorOperationsChainRulesCoreExt
   7787.1 ms  ✓ TensorKitSectors
   9157.8 ms  ✓ TensorKit
   2341.4 ms  ✓ TensorKitManifolds
   2428.2 ms  ✓ TensorKit → TensorKitFiniteDifferencesExt
   2544.7 ms  ✓ TensorKit → TensorKitChainRulesCoreExt
   3307.1 ms  ✓ BlockTensorKit
  18003.6 ms  ✓ MPSKit
  16072.3 ms  ✓ MPSKitModels
  18861.8 ms  ✓ PEPSKit
  118 dependencies successfully precompiled in 259 seconds. 31 already precompiled.
[ Info: CTMRG init:	obj = +5.515516948866e+00	err = 1.0000e+00
[ Info: CTMRG conv 4:	obj = +5.515516948866e+00	err = 1.4934889526e-10	time = 2.11 min
┌ Warning: `svd` cotangents sensitive to gauge choice: (|Δgauge| = 0.4777885643855664)
└ @ TensorKitChainRulesCoreExt ~/.julia/packages/TensorKit/esxcj/ext/TensorKitChainRulesCoreExt/factorizations.jl:254
┌ Warning: `svd` cotangents sensitive to gauge choice: (|Δgauge| = 8.882170164046435e-6)
└ @ TensorKitChainRulesCoreExt ~/.julia/packages/TensorKit/esxcj/ext/TensorKitChainRulesCoreExt/factorizations.jl:254
┌ Warning: `svd` cotangents sensitive to gauge choice: (|Δgauge| = 0.4777877984444675)
└ @ TensorKitChainRulesCoreExt ~/.julia/packages/TensorKit/esxcj/ext/TensorKitChainRulesCoreExt/factorizations.jl:254
[ Info: LBFGS: initializing with f = -2.106087583126, ‖∇f‖ = 9.5726e-04
[ Info: CTMRG init:	obj = +5.518965989557e+00	err = 1.0000e+00
[ Info: CTMRG conv 25:	obj = +5.518985409697e+00	err = 7.1800887865e-10	time = 13.18 sec
┌ Warning: `svd` cotangents sensitive to gauge choice: (|Δgauge| = 0.4750385869707295)
└ @ TensorKitChainRulesCoreExt ~/.julia/packages/TensorKit/esxcj/ext/TensorKitChainRulesCoreExt/factorizations.jl:254
┌ Warning: `svd` cotangents sensitive to gauge choice: (|Δgauge| = 2.850643256073919e-11)
└ @ TensorKitChainRulesCoreExt ~/.julia/packages/TensorKit/esxcj/ext/TensorKitChainRulesCoreExt/factorizations.jl:254
┌ Warning: `svd` cotangents sensitive to gauge choice: (|Δgauge| = 0.4750385870244675)
└ @ TensorKitChainRulesCoreExt ~/.julia/packages/TensorKit/esxcj/ext/TensorKitChainRulesCoreExt/factorizations.jl:254
[ Info: CTMRG init:	obj = +5.516435038483e+00	err = 1.0000e+00
[ Info: CTMRG conv 23:	obj = +5.516436413698e+00	err = 8.8500070378e-10	time = 10.49 sec
┌ Warning: `svd` cotangents sensitive to gauge choice: (|Δgauge| = 0.477058227586765)
└ @ TensorKitChainRulesCoreExt ~/.julia/packages/TensorKit/esxcj/ext/TensorKitChainRulesCoreExt/factorizations.jl:254
┌ Warning: `svd` cotangents sensitive to gauge choice: (|Δgauge| = 4.994204101968096e-11)
└ @ TensorKitChainRulesCoreExt ~/.julia/packages/TensorKit/esxcj/ext/TensorKitChainRulesCoreExt/factorizations.jl:254
┌ Warning: `svd` cotangents sensitive to gauge choice: (|Δgauge| = 0.47705822774078843)
└ @ TensorKitChainRulesCoreExt ~/.julia/packages/TensorKit/esxcj/ext/TensorKitChainRulesCoreExt/factorizations.jl:254
[ Info: LBFGS: iter    1, time 1727.91 s: f = -2.106088848164, ‖∇f‖ = 9.1506e-04, α = 2.66e-01, m = 0, nfg = 2
[ Info: CTMRG init:	obj = +5.516814983570e+00	err = 1.0000e+00
[ Info: CTMRG conv 23:	obj = +5.516815411509e+00	err = 7.7030960929e-10	time = 10.64 sec
┌ Warning: `svd` cotangents sensitive to gauge choice: (|Δgauge| = 0.4769042528630898)
└ @ TensorKitChainRulesCoreExt ~/.julia/packages/TensorKit/esxcj/ext/TensorKitChainRulesCoreExt/factorizations.jl:254
┌ Warning: `svd` cotangents sensitive to gauge choice: (|Δgauge| = 6.416689814051948e-11)
└ @ TensorKitChainRulesCoreExt ~/.julia/packages/TensorKit/esxcj/ext/TensorKitChainRulesCoreExt/factorizations.jl:254
┌ Warning: `svd` cotangents sensitive to gauge choice: (|Δgauge| = 0.4769042528046091)
└ @ TensorKitChainRulesCoreExt ~/.julia/packages/TensorKit/esxcj/ext/TensorKitChainRulesCoreExt/factorizations.jl:254
[ Info: LBFGS: iter    2, time 1751.84 s: f = -2.106089968749, ‖∇f‖ = 8.0003e-04, α = 1.00e+00, m = 1, nfg = 1
[ Info: CTMRG init:	obj = +5.521494261252e+00	err = 1.0000e+00
[ Info: CTMRG conv 26:	obj = +5.521545666842e+00	err = 7.2426694996e-10	time = 12.44 sec
┌ Warning: `svd` cotangents sensitive to gauge choice: (|Δgauge| = 0.4749361951825862)
└ @ TensorKitChainRulesCoreExt ~/.julia/packages/TensorKit/esxcj/ext/TensorKitChainRulesCoreExt/factorizations.jl:254
┌ Warning: `svd` cotangents sensitive to gauge choice: (|Δgauge| = 2.4801782872357468e-11)
└ @ TensorKitChainRulesCoreExt ~/.julia/packages/TensorKit/esxcj/ext/TensorKitChainRulesCoreExt/factorizations.jl:254
┌ Warning: `svd` cotangents sensitive to gauge choice: (|Δgauge| = 0.4749361952525434)
└ @ TensorKitChainRulesCoreExt ~/.julia/packages/TensorKit/esxcj/ext/TensorKitChainRulesCoreExt/factorizations.jl:254
[ Info: LBFGS: iter    3, time 1777.76 s: f = -2.106096166536, ‖∇f‖ = 7.7384e-04, α = 1.00e+00, m = 2, nfg = 1
[ Info: CTMRG init:	obj = +5.522835734700e+00	err = 1.0000e+00
[ Info: CTMRG conv 25:	obj = +5.522846976117e+00	err = 5.6259423215e-10	time = 11.25 sec
┌ Warning: `svd` cotangents sensitive to gauge choice: (|Δgauge| = 0.47467522757583425)
└ @ TensorKitChainRulesCoreExt ~/.julia/packages/TensorKit/esxcj/ext/TensorKitChainRulesCoreExt/factorizations.jl:254
┌ Warning: `svd` cotangents sensitive to gauge choice: (|Δgauge| = 5.7110289892633026e-11)
└ @ TensorKitChainRulesCoreExt ~/.julia/packages/TensorKit/esxcj/ext/TensorKitChainRulesCoreExt/factorizations.jl:254
┌ Warning: `svd` cotangents sensitive to gauge choice: (|Δgauge| = 0.47467522744979623)
└ @ TensorKitChainRulesCoreExt ~/.julia/packages/TensorKit/esxcj/ext/TensorKitChainRulesCoreExt/factorizations.jl:254
[ Info: LBFGS: iter    4, time 1803.42 s: f = -2.106099136386, ‖∇f‖ = 1.4188e-03, α = 1.00e+00, m = 3, nfg = 1
[ Info: CTMRG init:	obj = +5.524020044466e+00	err = 1.0000e+00
[ Info: CTMRG conv 24:	obj = +5.524024304320e+00	err = 6.3772837026e-10	time = 11.71 sec
┌ Warning: `svd` cotangents sensitive to gauge choice: (|Δgauge| = 0.47416439464157534)
└ @ TensorKitChainRulesCoreExt ~/.julia/packages/TensorKit/esxcj/ext/TensorKitChainRulesCoreExt/factorizations.jl:254
┌ Warning: `svd` cotangents sensitive to gauge choice: (|Δgauge| = 1.1118972637094862e-10)
└ @ TensorKitChainRulesCoreExt ~/.julia/packages/TensorKit/esxcj/ext/TensorKitChainRulesCoreExt/factorizations.jl:254
┌ Warning: `svd` cotangents sensitive to gauge choice: (|Δgauge| = 0.47416439485917217)
└ @ TensorKitChainRulesCoreExt ~/.julia/packages/TensorKit/esxcj/ext/TensorKitChainRulesCoreExt/factorizations.jl:254
[ Info: LBFGS: iter    5, time 1827.44 s: f = -2.106102633235, ‖∇f‖ = 1.1386e-03, α = 1.00e+00, m = 4, nfg = 1
[ Info: CTMRG init:	obj = +5.529037421441e+00	err = 1.0000e+00
[ Info: CTMRG conv 25:	obj = +5.529086873961e+00	err = 5.7353217938e-10	time = 12.45 sec
┌ Warning: `svd` cotangents sensitive to gauge choice: (|Δgauge| = 0.47227596612344847)
└ @ TensorKitChainRulesCoreExt ~/.julia/packages/TensorKit/esxcj/ext/TensorKitChainRulesCoreExt/factorizations.jl:254
┌ Warning: `svd` cotangents sensitive to gauge choice: (|Δgauge| = 4.392389696045982e-11)
└ @ TensorKitChainRulesCoreExt ~/.julia/packages/TensorKit/esxcj/ext/TensorKitChainRulesCoreExt/factorizations.jl:254
┌ Warning: `svd` cotangents sensitive to gauge choice: (|Δgauge| = 0.47227596617779116)
└ @ TensorKitChainRulesCoreExt ~/.julia/packages/TensorKit/esxcj/ext/TensorKitChainRulesCoreExt/factorizations.jl:254
[ Info: LBFGS: iter    6, time 1852.87 s: f = -2.106112681098, ‖∇f‖ = 7.9961e-04, α = 1.00e+00, m = 5, nfg = 1
[ Info: CTMRG init:	obj = +5.531816304230e+00	err = 1.0000e+00
[ Info: CTMRG conv 22:	obj = +5.531819543802e+00	err = 5.1754438901e-10	time = 10.69 sec
┌ Warning: `svd` cotangents sensitive to gauge choice: (|Δgauge| = 0.4726771241767863)
└ @ TensorKitChainRulesCoreExt ~/.julia/packages/TensorKit/esxcj/ext/TensorKitChainRulesCoreExt/factorizations.jl:254
┌ Warning: `svd` cotangents sensitive to gauge choice: (|Δgauge| = 2.1975115767574892e-10)
└ @ TensorKitChainRulesCoreExt ~/.julia/packages/TensorKit/esxcj/ext/TensorKitChainRulesCoreExt/factorizations.jl:254
┌ Warning: `svd` cotangents sensitive to gauge choice: (|Δgauge| = 0.4726771242703346)
└ @ TensorKitChainRulesCoreExt ~/.julia/packages/TensorKit/esxcj/ext/TensorKitChainRulesCoreExt/factorizations.jl:254
[ Info: LBFGS: iter    7, time 1876.40 s: f = -2.106117417000, ‖∇f‖ = 1.1918e-03, α = 1.00e+00, m = 6, nfg = 1
[ Info: CTMRG init:	obj = +5.537504556654e+00	err = 1.0000e+00
[ Info: CTMRG conv 24:	obj = +5.537526058425e+00	err = 5.4388527040e-10	time = 12.68 sec
┌ Warning: `svd` cotangents sensitive to gauge choice: (|Δgauge| = 0.47397469196222164)
└ @ TensorKitChainRulesCoreExt ~/.julia/packages/TensorKit/esxcj/ext/TensorKitChainRulesCoreExt/factorizations.jl:254
┌ Warning: `svd` cotangents sensitive to gauge choice: (|Δgauge| = 8.774565162055569e-12)
└ @ TensorKitChainRulesCoreExt ~/.julia/packages/TensorKit/esxcj/ext/TensorKitChainRulesCoreExt/factorizations.jl:254
┌ Warning: `svd` cotangents sensitive to gauge choice: (|Δgauge| = 0.4739746920429922)
└ @ TensorKitChainRulesCoreExt ~/.julia/packages/TensorKit/esxcj/ext/TensorKitChainRulesCoreExt/factorizations.jl:254
[ Info: LBFGS: iter    8, time 1901.17 s: f = -2.106123777177, ‖∇f‖ = 1.0789e-03, α = 1.00e+00, m = 7, nfg = 1
[ Info: CTMRG init:	obj = +5.540401887311e+00	err = 1.0000e+00
[ Info: CTMRG conv 24:	obj = +5.540431669500e+00	err = 8.2260071851e-10	time = 12.65 sec
┌ Warning: `svd` cotangents sensitive to gauge choice: (|Δgauge| = 0.47519545506473326)
└ @ TensorKitChainRulesCoreExt ~/.julia/packages/TensorKit/esxcj/ext/TensorKitChainRulesCoreExt/factorizations.jl:254
┌ Warning: `svd` cotangents sensitive to gauge choice: (|Δgauge| = 1.475973456952673e-11)
└ @ TensorKitChainRulesCoreExt ~/.julia/packages/TensorKit/esxcj/ext/TensorKitChainRulesCoreExt/factorizations.jl:254
┌ Warning: `svd` cotangents sensitive to gauge choice: (|Δgauge| = 0.47519545495153714)
└ @ TensorKitChainRulesCoreExt ~/.julia/packages/TensorKit/esxcj/ext/TensorKitChainRulesCoreExt/factorizations.jl:254
[ Info: LBFGS: iter    9, time 1926.13 s: f = -2.106126551817, ‖∇f‖ = 1.0195e-03, α = 1.00e+00, m = 8, nfg = 1
[ Info: CTMRG init:	obj = +5.540425652538e+00	err = 1.0000e+00
[ Info: CTMRG conv 22:	obj = +5.540426786687e+00	err = 4.9527587014e-10	time = 11.32 sec
┌ Warning: `svd` cotangents sensitive to gauge choice: (|Δgauge| = 0.4754900560266373)
└ @ TensorKitChainRulesCoreExt ~/.julia/packages/TensorKit/esxcj/ext/TensorKitChainRulesCoreExt/factorizations.jl:254
┌ Warning: `svd` cotangents sensitive to gauge choice: (|Δgauge| = 4.59944081004765e-11)
└ @ TensorKitChainRulesCoreExt ~/.julia/packages/TensorKit/esxcj/ext/TensorKitChainRulesCoreExt/factorizations.jl:254
┌ Warning: `svd` cotangents sensitive to gauge choice: (|Δgauge| = 0.47549005602689154)
└ @ TensorKitChainRulesCoreExt ~/.julia/packages/TensorKit/esxcj/ext/TensorKitChainRulesCoreExt/factorizations.jl:254
[ Info: LBFGS: iter   10, time 1947.77 s: f = -2.106128077080, ‖∇f‖ = 4.6640e-04, α = 1.00e+00, m = 8, nfg = 1
[ Info: CTMRG init:	obj = +5.540784670211e+00	err = 1.0000e+00
[ Info: CTMRG conv 21:	obj = +5.540785237402e+00	err = 6.6355578968e-10	time = 11.71 sec
┌ Warning: `svd` cotangents sensitive to gauge choice: (|Δgauge| = 0.475647312706584)
└ @ TensorKitChainRulesCoreExt ~/.julia/packages/TensorKit/esxcj/ext/TensorKitChainRulesCoreExt/factorizations.jl:254
┌ Warning: `svd` cotangents sensitive to gauge choice: (|Δgauge| = 5.5904450457986756e-11)
└ @ TensorKitChainRulesCoreExt ~/.julia/packages/TensorKit/esxcj/ext/TensorKitChainRulesCoreExt/factorizations.jl:254
┌ Warning: `svd` cotangents sensitive to gauge choice: (|Δgauge| = 0.47564731259664406)
└ @ TensorKitChainRulesCoreExt ~/.julia/packages/TensorKit/esxcj/ext/TensorKitChainRulesCoreExt/factorizations.jl:254
[ Info: LBFGS: iter   11, time 1970.61 s: f = -2.106129084114, ‖∇f‖ = 4.4461e-04, α = 1.00e+00, m = 8, nfg = 1
[ Info: CTMRG init:	obj = +5.541512250605e+00	err = 1.0000e+00
[ Info: CTMRG conv 20:	obj = +5.541512619654e+00	err = 8.9225177602e-10	time = 11.26 sec
┌ Warning: `svd` cotangents sensitive to gauge choice: (|Δgauge| = 0.4756744976964401)
└ @ TensorKitChainRulesCoreExt ~/.julia/packages/TensorKit/esxcj/ext/TensorKitChainRulesCoreExt/factorizations.jl:254
┌ Warning: `svd` cotangents sensitive to gauge choice: (|Δgauge| = 0.4756744976136587)
└ @ TensorKitChainRulesCoreExt ~/.julia/packages/TensorKit/esxcj/ext/TensorKitChainRulesCoreExt/factorizations.jl:254
[ Info: LBFGS: iter   12, time 1993.09 s: f = -2.106130523667, ‖∇f‖ = 6.1483e-04, α = 1.00e+00, m = 8, nfg = 1
[ Info: CTMRG init:	obj = +5.543341356829e+00	err = 1.0000e+00
[ Info: CTMRG conv 22:	obj = +5.543345949827e+00	err = 8.2566009951e-10	time = 13.00 sec
┌ Warning: `svd` cotangents sensitive to gauge choice: (|Δgauge| = 0.47473890740945823)
└ @ TensorKitChainRulesCoreExt ~/.julia/packages/TensorKit/esxcj/ext/TensorKitChainRulesCoreExt/factorizations.jl:254
┌ Warning: `svd` cotangents sensitive to gauge choice: (|Δgauge| = 5.5276703171689904e-11)
└ @ TensorKitChainRulesCoreExt ~/.julia/packages/TensorKit/esxcj/ext/TensorKitChainRulesCoreExt/factorizations.jl:254
┌ Warning: `svd` cotangents sensitive to gauge choice: (|Δgauge| = 0.4747389071573117)
└ @ TensorKitChainRulesCoreExt ~/.julia/packages/TensorKit/esxcj/ext/TensorKitChainRulesCoreExt/factorizations.jl:254
[ Info: LBFGS: iter   13, time 2016.44 s: f = -2.106131687235, ‖∇f‖ = 1.5215e-03, α = 1.00e+00, m = 8, nfg = 1
[ Info: CTMRG init:	obj = +5.543255062588e+00	err = 1.0000e+00
[ Info: CTMRG conv 23:	obj = +5.543261461088e+00	err = 5.8183283240e-10	time = 12.89 sec
┌ Warning: `svd` cotangents sensitive to gauge choice: (|Δgauge| = 0.4745854317881681)
└ @ TensorKitChainRulesCoreExt ~/.julia/packages/TensorKit/esxcj/ext/TensorKitChainRulesCoreExt/factorizations.jl:254
┌ Warning: `svd` cotangents sensitive to gauge choice: (|Δgauge| = 3.768167187154704e-11)
└ @ TensorKitChainRulesCoreExt ~/.julia/packages/TensorKit/esxcj/ext/TensorKitChainRulesCoreExt/factorizations.jl:254
┌ Warning: `svd` cotangents sensitive to gauge choice: (|Δgauge| = 0.4745854318910878)
└ @ TensorKitChainRulesCoreExt ~/.julia/packages/TensorKit/esxcj/ext/TensorKitChainRulesCoreExt/factorizations.jl:254
[ Info: LBFGS: iter   14, time 2041.79 s: f = -2.106133903734, ‖∇f‖ = 6.9735e-04, α = 1.00e+00, m = 8, nfg = 1
[ Info: CTMRG init:	obj = +5.543181770543e+00	err = 1.0000e+00
[ Info: CTMRG conv 23:	obj = +5.543188712616e+00	err = 5.4699364679e-10	time = 13.54 sec
┌ Warning: `svd` cotangents sensitive to gauge choice: (|Δgauge| = 0.4740500876619296)
└ @ TensorKitChainRulesCoreExt ~/.julia/packages/TensorKit/esxcj/ext/TensorKitChainRulesCoreExt/factorizations.jl:254
┌ Warning: `svd` cotangents sensitive to gauge choice: (|Δgauge| = 4.2517190431288196e-11)
└ @ TensorKitChainRulesCoreExt ~/.julia/packages/TensorKit/esxcj/ext/TensorKitChainRulesCoreExt/factorizations.jl:254
┌ Warning: `svd` cotangents sensitive to gauge choice: (|Δgauge| = 0.4740500876667142)
└ @ TensorKitChainRulesCoreExt ~/.julia/packages/TensorKit/esxcj/ext/TensorKitChainRulesCoreExt/factorizations.jl:254
[ Info: LBFGS: iter   15, time 2067.10 s: f = -2.106135314348, ‖∇f‖ = 5.3795e-04, α = 1.00e+00, m = 8, nfg = 1
[ Info: CTMRG init:	obj = +5.542961100344e+00	err = 1.0000e+00
[ Info: CTMRG conv 23:	obj = +5.542974401352e+00	err = 7.2084672124e-10	time = 14.68 sec
┌ Warning: `svd` cotangents sensitive to gauge choice: (|Δgauge| = 0.47309192598666794)
└ @ TensorKitChainRulesCoreExt ~/.julia/packages/TensorKit/esxcj/ext/TensorKitChainRulesCoreExt/factorizations.jl:254
┌ Warning: `svd` cotangents sensitive to gauge choice: (|Δgauge| = 5.3786165304509746e-11)
└ @ TensorKitChainRulesCoreExt ~/.julia/packages/TensorKit/esxcj/ext/TensorKitChainRulesCoreExt/factorizations.jl:254
┌ Warning: `svd` cotangents sensitive to gauge choice: (|Δgauge| = 0.4730919260525037)
└ @ TensorKitChainRulesCoreExt ~/.julia/packages/TensorKit/esxcj/ext/TensorKitChainRulesCoreExt/factorizations.jl:254
[ Info: LBFGS: iter   16, time 2093.99 s: f = -2.106137030566, ‖∇f‖ = 6.0739e-04, α = 1.00e+00, m = 8, nfg = 1
[ Info: CTMRG init:	obj = +5.542982461473e+00	err = 1.0000e+00
[ Info: CTMRG conv 23:	obj = +5.542997049544e+00	err = 6.0596944481e-10	time = 14.37 sec
┌ Warning: `svd` cotangents sensitive to gauge choice: (|Δgauge| = 0.4718958417846376)
└ @ TensorKitChainRulesCoreExt ~/.julia/packages/TensorKit/esxcj/ext/TensorKitChainRulesCoreExt/factorizations.jl:254
┌ Warning: `svd` cotangents sensitive to gauge choice: (|Δgauge| = 6.356417270225347e-11)
└ @ TensorKitChainRulesCoreExt ~/.julia/packages/TensorKit/esxcj/ext/TensorKitChainRulesCoreExt/factorizations.jl:254
┌ Warning: `svd` cotangents sensitive to gauge choice: (|Δgauge| = 0.4718958417469804)
└ @ TensorKitChainRulesCoreExt ~/.julia/packages/TensorKit/esxcj/ext/TensorKitChainRulesCoreExt/factorizations.jl:254
[ Info: LBFGS: iter   17, time 2119.51 s: f = -2.106139739778, ‖∇f‖ = 7.5112e-04, α = 1.00e+00, m = 8, nfg = 1
[ Info: CTMRG init:	obj = +5.541747792466e+00	err = 1.0000e+00
[ Info: CTMRG conv 22:	obj = +5.541773978524e+00	err = 8.7973950138e-10	time = 14.27 sec
┌ Warning: `svd` cotangents sensitive to gauge choice: (|Δgauge| = 0.4707833051868016)
└ @ TensorKitChainRulesCoreExt ~/.julia/packages/TensorKit/esxcj/ext/TensorKitChainRulesCoreExt/factorizations.jl:254
┌ Warning: `svd` cotangents sensitive to gauge choice: (|Δgauge| = 1.7699734545207123e-10)
└ @ TensorKitChainRulesCoreExt ~/.julia/packages/TensorKit/esxcj/ext/TensorKitChainRulesCoreExt/factorizations.jl:254
┌ Warning: `svd` cotangents sensitive to gauge choice: (|Δgauge| = 0.4707833055777134)
└ @ TensorKitChainRulesCoreExt ~/.julia/packages/TensorKit/esxcj/ext/TensorKitChainRulesCoreExt/factorizations.jl:254
[ Info: CTMRG init:	obj = +5.542583660721e+00	err = 1.0000e+00
[ Info: CTMRG conv 22:	obj = +5.542588405823e+00	err = 6.8614647324e-10	time = 15.01 sec
┌ Warning: `svd` cotangents sensitive to gauge choice: (|Δgauge| = 0.47142090311635726)
└ @ TensorKitChainRulesCoreExt ~/.julia/packages/TensorKit/esxcj/ext/TensorKitChainRulesCoreExt/factorizations.jl:254
┌ Warning: `svd` cotangents sensitive to gauge choice: (|Δgauge| = 1.4987938482957833e-10)
└ @ TensorKitChainRulesCoreExt ~/.julia/packages/TensorKit/esxcj/ext/TensorKitChainRulesCoreExt/factorizations.jl:254
┌ Warning: `svd` cotangents sensitive to gauge choice: (|Δgauge| = 0.4714209035516872)
└ @ TensorKitChainRulesCoreExt ~/.julia/packages/TensorKit/esxcj/ext/TensorKitChainRulesCoreExt/factorizations.jl:254
[ Info: LBFGS: iter   18, time 2171.01 s: f = -2.106141312434, ‖∇f‖ = 9.3827e-04, α = 4.25e-01, m = 8, nfg = 2
[ Info: CTMRG init:	obj = +5.542646800606e+00	err = 1.0000e+00
[ Info: CTMRG conv 20:	obj = +5.542647485657e+00	err = 6.0162124416e-10	time = 14.02 sec
┌ Warning: `svd` cotangents sensitive to gauge choice: (|Δgauge| = 0.47125438053186375)
└ @ TensorKitChainRulesCoreExt ~/.julia/packages/TensorKit/esxcj/ext/TensorKitChainRulesCoreExt/factorizations.jl:254
┌ Warning: `svd` cotangents sensitive to gauge choice: (|Δgauge| = 5.611671372639721e-10)
└ @ TensorKitChainRulesCoreExt ~/.julia/packages/TensorKit/esxcj/ext/TensorKitChainRulesCoreExt/factorizations.jl:254
┌ Warning: `svd` cotangents sensitive to gauge choice: (|Δgauge| = 0.4712543809359333)
└ @ TensorKitChainRulesCoreExt ~/.julia/packages/TensorKit/esxcj/ext/TensorKitChainRulesCoreExt/factorizations.jl:254
[ Info: LBFGS: iter   19, time 2196.43 s: f = -2.106143108138, ‖∇f‖ = 4.8127e-04, α = 1.00e+00, m = 8, nfg = 1
[ Info: CTMRG init:	obj = +5.542559149717e+00	err = 1.0000e+00
[ Info: CTMRG conv 22:	obj = +5.542563503206e+00	err = 7.2020824830e-10	time = 15.92 sec
┌ Warning: `svd` cotangents sensitive to gauge choice: (|Δgauge| = 0.471659103177578)
└ @ TensorKitChainRulesCoreExt ~/.julia/packages/TensorKit/esxcj/ext/TensorKitChainRulesCoreExt/factorizations.jl:254
┌ Warning: `svd` cotangents sensitive to gauge choice: (|Δgauge| = 1.1858164843053586e-10)
└ @ TensorKitChainRulesCoreExt ~/.julia/packages/TensorKit/esxcj/ext/TensorKitChainRulesCoreExt/factorizations.jl:254
┌ Warning: `svd` cotangents sensitive to gauge choice: (|Δgauge| = 0.47165910244345033)
└ @ TensorKitChainRulesCoreExt ~/.julia/packages/TensorKit/esxcj/ext/TensorKitChainRulesCoreExt/factorizations.jl:254
[ Info: LBFGS: iter   20, time 2223.44 s: f = -2.106144335851, ‖∇f‖ = 4.4793e-04, α = 1.00e+00, m = 8, nfg = 1
[ Info: CTMRG init:	obj = +5.541668780955e+00	err = 1.0000e+00
[ Info: CTMRG conv 22:	obj = +5.541676316262e+00	err = 8.4831166144e-10	time = 16.01 sec
┌ Warning: `svd` cotangents sensitive to gauge choice: (|Δgauge| = 0.47238101284638767)
└ @ TensorKitChainRulesCoreExt ~/.julia/packages/TensorKit/esxcj/ext/TensorKitChainRulesCoreExt/factorizations.jl:254
┌ Warning: `svd` cotangents sensitive to gauge choice: (|Δgauge| = 8.660557760255576e-11)
└ @ TensorKitChainRulesCoreExt ~/.julia/packages/TensorKit/esxcj/ext/TensorKitChainRulesCoreExt/factorizations.jl:254
┌ Warning: `svd` cotangents sensitive to gauge choice: (|Δgauge| = 0.4723810130240194)
└ @ TensorKitChainRulesCoreExt ~/.julia/packages/TensorKit/esxcj/ext/TensorKitChainRulesCoreExt/factorizations.jl:254
[ Info: LBFGS: iter   21, time 2251.73 s: f = -2.106145864914, ‖∇f‖ = 5.3749e-04, α = 1.00e+00, m = 8, nfg = 1
[ Info: CTMRG init:	obj = +5.538563061788e+00	err = 1.0000e+00
[ Info: CTMRG conv 23:	obj = +5.538577334385e+00	err = 6.9879513885e-10	time = 17.37 sec
┌ Warning: `svd` cotangents sensitive to gauge choice: (|Δgauge| = 0.47333491264213695)
└ @ TensorKitChainRulesCoreExt ~/.julia/packages/TensorKit/esxcj/ext/TensorKitChainRulesCoreExt/factorizations.jl:254
┌ Warning: `svd` cotangents sensitive to gauge choice: (|Δgauge| = 2.1553395673758837e-11)
└ @ TensorKitChainRulesCoreExt ~/.julia/packages/TensorKit/esxcj/ext/TensorKitChainRulesCoreExt/factorizations.jl:254
┌ Warning: `svd` cotangents sensitive to gauge choice: (|Δgauge| = 0.4733349127053684)
└ @ TensorKitChainRulesCoreExt ~/.julia/packages/TensorKit/esxcj/ext/TensorKitChainRulesCoreExt/factorizations.jl:254
[ Info: LBFGS: iter   22, time 2281.66 s: f = -2.106147075670, ‖∇f‖ = 9.0674e-04, α = 1.00e+00, m = 8, nfg = 1
[ Info: CTMRG init:	obj = +5.536282011012e+00	err = 1.0000e+00
[ Info: CTMRG conv 20:	obj = +5.536282498846e+00	err = 6.8094077488e-10	time = 15.50 sec
┌ Warning: `svd` cotangents sensitive to gauge choice: (|Δgauge| = 0.4738888039451214)
└ @ TensorKitChainRulesCoreExt ~/.julia/packages/TensorKit/esxcj/ext/TensorKitChainRulesCoreExt/factorizations.jl:254
┌ Warning: `svd` cotangents sensitive to gauge choice: (|Δgauge| = 8.939703336127079e-11)
└ @ TensorKitChainRulesCoreExt ~/.julia/packages/TensorKit/esxcj/ext/TensorKitChainRulesCoreExt/factorizations.jl:254
┌ Warning: `svd` cotangents sensitive to gauge choice: (|Δgauge| = 0.4738888043109019)
└ @ TensorKitChainRulesCoreExt ~/.julia/packages/TensorKit/esxcj/ext/TensorKitChainRulesCoreExt/factorizations.jl:254
[ Info: LBFGS: iter   23, time 2308.47 s: f = -2.106148325817, ‖∇f‖ = 4.6749e-04, α = 1.00e+00, m = 8, nfg = 1
[ Info: CTMRG init:	obj = +5.535529463513e+00	err = 1.0000e+00
[ Info: CTMRG conv 21:	obj = +5.535531452863e+00	err = 9.5989609535e-10	time = 15.90 sec
┌ Warning: `svd` cotangents sensitive to gauge choice: (|Δgauge| = 0.4735138077667156)
└ @ TensorKitChainRulesCoreExt ~/.julia/packages/TensorKit/esxcj/ext/TensorKitChainRulesCoreExt/factorizations.jl:254
┌ Warning: `svd` cotangents sensitive to gauge choice: (|Δgauge| = 6.737898890303595e-11)
└ @ TensorKitChainRulesCoreExt ~/.julia/packages/TensorKit/esxcj/ext/TensorKitChainRulesCoreExt/factorizations.jl:254
┌ Warning: `svd` cotangents sensitive to gauge choice: (|Δgauge| = 0.4735138080036868)
└ @ TensorKitChainRulesCoreExt ~/.julia/packages/TensorKit/esxcj/ext/TensorKitChainRulesCoreExt/factorizations.jl:254
[ Info: LBFGS: iter   24, time 2335.74 s: f = -2.106148977117, ‖∇f‖ = 3.6302e-04, α = 1.00e+00, m = 8, nfg = 1
[ Info: CTMRG init:	obj = +5.532658085319e+00	err = 1.0000e+00
[ Info: CTMRG conv 23:	obj = +5.532673447760e+00	err = 5.6034751871e-10	time = 18.09 sec
┌ Warning: `svd` cotangents sensitive to gauge choice: (|Δgauge| = 0.4726845953150392)
└ @ TensorKitChainRulesCoreExt ~/.julia/packages/TensorKit/esxcj/ext/TensorKitChainRulesCoreExt/factorizations.jl:254
┌ Warning: `svd` cotangents sensitive to gauge choice: (|Δgauge| = 2.788086452909538e-11)
└ @ TensorKitChainRulesCoreExt ~/.julia/packages/TensorKit/esxcj/ext/TensorKitChainRulesCoreExt/factorizations.jl:254
┌ Warning: `svd` cotangents sensitive to gauge choice: (|Δgauge| = 0.47268459491638826)
└ @ TensorKitChainRulesCoreExt ~/.julia/packages/TensorKit/esxcj/ext/TensorKitChainRulesCoreExt/factorizations.jl:254
[ Info: LBFGS: iter   25, time 2365.82 s: f = -2.106150068629, ‖∇f‖ = 5.9633e-04, α = 1.00e+00, m = 8, nfg = 1
[ Info: CTMRG init:	obj = +5.529581235762e+00	err = 1.0000e+00
[ Info: CTMRG conv 22:	obj = +5.529586456318e+00	err = 5.5589027216e-10	time = 17.84 sec
┌ Warning: `svd` cotangents sensitive to gauge choice: (|Δgauge| = 0.47203878045932696)
└ @ TensorKitChainRulesCoreExt ~/.julia/packages/TensorKit/esxcj/ext/TensorKitChainRulesCoreExt/factorizations.jl:254
┌ Warning: `svd` cotangents sensitive to gauge choice: (|Δgauge| = 6.127179293137723e-11)
└ @ TensorKitChainRulesCoreExt ~/.julia/packages/TensorKit/esxcj/ext/TensorKitChainRulesCoreExt/factorizations.jl:254
┌ Warning: `svd` cotangents sensitive to gauge choice: (|Δgauge| = 0.47203878065675475)
└ @ TensorKitChainRulesCoreExt ~/.julia/packages/TensorKit/esxcj/ext/TensorKitChainRulesCoreExt/factorizations.jl:254
[ Info: LBFGS: iter   26, time 2396.29 s: f = -2.106151362475, ‖∇f‖ = 4.8608e-04, α = 1.00e+00, m = 8, nfg = 1
[ Info: CTMRG init:	obj = +5.524522830678e+00	err = 1.0000e+00
[ Info: CTMRG conv 22:	obj = +5.524538393080e+00	err = 6.8303068907e-10	time = 17.93 sec
┌ Warning: `svd` cotangents sensitive to gauge choice: (|Δgauge| = 0.47094060190902814)
└ @ TensorKitChainRulesCoreExt ~/.julia/packages/TensorKit/esxcj/ext/TensorKitChainRulesCoreExt/factorizations.jl:254
┌ Warning: `svd` cotangents sensitive to gauge choice: (|Δgauge| = 6.371416344541605e-11)
└ @ TensorKitChainRulesCoreExt ~/.julia/packages/TensorKit/esxcj/ext/TensorKitChainRulesCoreExt/factorizations.jl:254
┌ Warning: `svd` cotangents sensitive to gauge choice: (|Δgauge| = 0.47094060191662446)
└ @ TensorKitChainRulesCoreExt ~/.julia/packages/TensorKit/esxcj/ext/TensorKitChainRulesCoreExt/factorizations.jl:254
[ Info: LBFGS: iter   27, time 2425.86 s: f = -2.106153310158, ‖∇f‖ = 4.6909e-04, α = 1.00e+00, m = 8, nfg = 1
[ Info: CTMRG init:	obj = +5.520049716589e+00	err = 1.0000e+00
[ Info: CTMRG conv 21:	obj = +5.520071562436e+00	err = 6.0655502460e-10	time = 17.13 sec
┌ Warning: `svd` cotangents sensitive to gauge choice: (|Δgauge| = 0.4698447883413661)
└ @ TensorKitChainRulesCoreExt ~/.julia/packages/TensorKit/esxcj/ext/TensorKitChainRulesCoreExt/factorizations.jl:254
┌ Warning: `svd` cotangents sensitive to gauge choice: (|Δgauge| = 9.842443476100185e-11)
└ @ TensorKitChainRulesCoreExt ~/.julia/packages/TensorKit/esxcj/ext/TensorKitChainRulesCoreExt/factorizations.jl:254
┌ Warning: `svd` cotangents sensitive to gauge choice: (|Δgauge| = 0.4698447885708514)
└ @ TensorKitChainRulesCoreExt ~/.julia/packages/TensorKit/esxcj/ext/TensorKitChainRulesCoreExt/factorizations.jl:254
[ Info: LBFGS: iter   28, time 2454.32 s: f = -2.106155231657, ‖∇f‖ = 3.5216e-04, α = 1.00e+00, m = 8, nfg = 1
[ Info: CTMRG init:	obj = +5.515635316417e+00	err = 1.0000e+00
[ Info: CTMRG conv 18:	obj = +5.515636067759e+00	err = 8.4283564380e-10	time = 15.40 sec
┌ Warning: `svd` cotangents sensitive to gauge choice: (|Δgauge| = 0.46936063113018256)
└ @ TensorKitChainRulesCoreExt ~/.julia/packages/TensorKit/esxcj/ext/TensorKitChainRulesCoreExt/factorizations.jl:254
┌ Warning: `svd` cotangents sensitive to gauge choice: (|Δgauge| = 1.4481077294143498e-10)
└ @ TensorKitChainRulesCoreExt ~/.julia/packages/TensorKit/esxcj/ext/TensorKitChainRulesCoreExt/factorizations.jl:254
┌ Warning: `svd` cotangents sensitive to gauge choice: (|Δgauge| = 0.46936063122993105)
└ @ TensorKitChainRulesCoreExt ~/.julia/packages/TensorKit/esxcj/ext/TensorKitChainRulesCoreExt/factorizations.jl:254
[ Info: CTMRG init:	obj = +5.518005186523e+00	err = 1.0000e+00
[ Info: CTMRG conv 18:	obj = +5.518005353518e+00	err = 3.4651790523e-10	time = 15.16 sec
┌ Warning: `svd` cotangents sensitive to gauge choice: (|Δgauge| = 0.46961651748920946)
└ @ TensorKitChainRulesCoreExt ~/.julia/packages/TensorKit/esxcj/ext/TensorKitChainRulesCoreExt/factorizations.jl:254
┌ Warning: `svd` cotangents sensitive to gauge choice: (|Δgauge| = 4.883934138783471e-10)
└ @ TensorKitChainRulesCoreExt ~/.julia/packages/TensorKit/esxcj/ext/TensorKitChainRulesCoreExt/factorizations.jl:254
┌ Warning: `svd` cotangents sensitive to gauge choice: (|Δgauge| = 0.4696165176718315)
└ @ TensorKitChainRulesCoreExt ~/.julia/packages/TensorKit/esxcj/ext/TensorKitChainRulesCoreExt/factorizations.jl:254
[ Info: LBFGS: iter   29, time 2505.42 s: f = -2.106155829673, ‖∇f‖ = 4.0272e-04, α = 4.71e-01, m = 8, nfg = 2
[ Info: CTMRG init:	obj = +5.517350076509e+00	err = 1.0000e+00
[ Info: CTMRG conv 18:	obj = +5.517351018220e+00	err = 9.3992625350e-10	time = 15.54 sec
┌ Warning: `svd` cotangents sensitive to gauge choice: (|Δgauge| = 0.4699273849803224)
└ @ TensorKitChainRulesCoreExt ~/.julia/packages/TensorKit/esxcj/ext/TensorKitChainRulesCoreExt/factorizations.jl:254
┌ Warning: `svd` cotangents sensitive to gauge choice: (|Δgauge| = 1.5145871095678945e-10)
└ @ TensorKitChainRulesCoreExt ~/.julia/packages/TensorKit/esxcj/ext/TensorKitChainRulesCoreExt/factorizations.jl:254
┌ Warning: `svd` cotangents sensitive to gauge choice: (|Δgauge| = 0.46992738500260256)
└ @ TensorKitChainRulesCoreExt ~/.julia/packages/TensorKit/esxcj/ext/TensorKitChainRulesCoreExt/factorizations.jl:254
[ Info: LBFGS: iter   30, time 2531.27 s: f = -2.106156409399, ‖∇f‖ = 2.8199e-04, α = 1.00e+00, m = 8, nfg = 1
[ Info: CTMRG init:	obj = +5.516165288161e+00	err = 1.0000e+00
[ Info: CTMRG conv 20:	obj = +5.516168679630e+00	err = 7.6393622806e-10	time = 17.91 sec
┌ Warning: `svd` cotangents sensitive to gauge choice: (|Δgauge| = 0.470613791320355)
└ @ TensorKitChainRulesCoreExt ~/.julia/packages/TensorKit/esxcj/ext/TensorKitChainRulesCoreExt/factorizations.jl:254
┌ Warning: `svd` cotangents sensitive to gauge choice: (|Δgauge| = 3.932613076723943e-11)
└ @ TensorKitChainRulesCoreExt ~/.julia/packages/TensorKit/esxcj/ext/TensorKitChainRulesCoreExt/factorizations.jl:254
┌ Warning: `svd` cotangents sensitive to gauge choice: (|Δgauge| = 0.470613791279249)
└ @ TensorKitChainRulesCoreExt ~/.julia/packages/TensorKit/esxcj/ext/TensorKitChainRulesCoreExt/factorizations.jl:254
[ Info: LBFGS: iter   31, time 2560.95 s: f = -2.106156817100, ‖∇f‖ = 3.4258e-04, α = 1.00e+00, m = 8, nfg = 1
[ Info: CTMRG init:	obj = +5.515130840163e+00	err = 1.0000e+00
[ Info: CTMRG conv 19:	obj = +5.515131719481e+00	err = 8.1724542495e-10	time = 16.72 sec
┌ Warning: `svd` cotangents sensitive to gauge choice: (|Δgauge| = 0.47079331898502996)
└ @ TensorKitChainRulesCoreExt ~/.julia/packages/TensorKit/esxcj/ext/TensorKitChainRulesCoreExt/factorizations.jl:254
┌ Warning: `svd` cotangents sensitive to gauge choice: (|Δgauge| = 1.7118107434682748e-10)
└ @ TensorKitChainRulesCoreExt ~/.julia/packages/TensorKit/esxcj/ext/TensorKitChainRulesCoreExt/factorizations.jl:254
┌ Warning: `svd` cotangents sensitive to gauge choice: (|Δgauge| = 0.4707933190219562)
└ @ TensorKitChainRulesCoreExt ~/.julia/packages/TensorKit/esxcj/ext/TensorKitChainRulesCoreExt/factorizations.jl:254
[ Info: LBFGS: iter   32, time 2587.95 s: f = -2.106157177776, ‖∇f‖ = 2.8917e-04, α = 1.00e+00, m = 8, nfg = 1
[ Info: CTMRG init:	obj = +5.513094195365e+00	err = 1.0000e+00
[ Info: CTMRG conv 18:	obj = +5.513094395503e+00	err = 4.9591206685e-10	time = 16.56 sec
┌ Warning: `svd` cotangents sensitive to gauge choice: (|Δgauge| = 0.4708689881802982)
└ @ TensorKitChainRulesCoreExt ~/.julia/packages/TensorKit/esxcj/ext/TensorKitChainRulesCoreExt/factorizations.jl:254
┌ Warning: `svd` cotangents sensitive to gauge choice: (|Δgauge| = 3.9807123245959224e-10)
└ @ TensorKitChainRulesCoreExt ~/.julia/packages/TensorKit/esxcj/ext/TensorKitChainRulesCoreExt/factorizations.jl:254
┌ Warning: `svd` cotangents sensitive to gauge choice: (|Δgauge| = 0.4708689879668061)
└ @ TensorKitChainRulesCoreExt ~/.julia/packages/TensorKit/esxcj/ext/TensorKitChainRulesCoreExt/factorizations.jl:254
[ Info: LBFGS: iter   33, time 2614.05 s: f = -2.106157581745, ‖∇f‖ = 2.8702e-04, α = 1.00e+00, m = 8, nfg = 1
[ Info: CTMRG init:	obj = +5.509165702493e+00	err = 1.0000e+00
[ Info: CTMRG conv 19:	obj = +5.509166544957e+00	err = 9.3195149041e-10	time = 17.63 sec
┌ Warning: `svd` cotangents sensitive to gauge choice: (|Δgauge| = 0.4703973909294998)
└ @ TensorKitChainRulesCoreExt ~/.julia/packages/TensorKit/esxcj/ext/TensorKitChainRulesCoreExt/factorizations.jl:254
┌ Warning: `svd` cotangents sensitive to gauge choice: (|Δgauge| = 1.5501807766462842e-10)
└ @ TensorKitChainRulesCoreExt ~/.julia/packages/TensorKit/esxcj/ext/TensorKitChainRulesCoreExt/factorizations.jl:254
┌ Warning: `svd` cotangents sensitive to gauge choice: (|Δgauge| = 0.470397390948036)
└ @ TensorKitChainRulesCoreExt ~/.julia/packages/TensorKit/esxcj/ext/TensorKitChainRulesCoreExt/factorizations.jl:254
[ Info: CTMRG init:	obj = +5.511058459334e+00	err = 1.0000e+00
[ Info: CTMRG conv 19:	obj = +5.511058687918e+00	err = 4.8519495878e-10	time = 17.74 sec
┌ Warning: `svd` cotangents sensitive to gauge choice: (|Δgauge| = 0.47062331197375146)
└ @ TensorKitChainRulesCoreExt ~/.julia/packages/TensorKit/esxcj/ext/TensorKitChainRulesCoreExt/factorizations.jl:254
┌ Warning: `svd` cotangents sensitive to gauge choice: (|Δgauge| = 1.7736317697203032e-10)
└ @ TensorKitChainRulesCoreExt ~/.julia/packages/TensorKit/esxcj/ext/TensorKitChainRulesCoreExt/factorizations.jl:254
┌ Warning: `svd` cotangents sensitive to gauge choice: (|Δgauge| = 0.47062331203941943)
└ @ TensorKitChainRulesCoreExt ~/.julia/packages/TensorKit/esxcj/ext/TensorKitChainRulesCoreExt/factorizations.jl:254
[ Info: LBFGS: iter   34, time 2672.08 s: f = -2.106157936489, ‖∇f‖ = 5.2733e-04, α = 5.21e-01, m = 8, nfg = 2
[ Info: CTMRG init:	obj = +5.508860776005e+00	err = 1.0000e+00
[ Info: CTMRG conv 20:	obj = +5.508861917494e+00	err = 4.7030031649e-10	time = 18.85 sec
┌ Warning: `svd` cotangents sensitive to gauge choice: (|Δgauge| = 0.47048070548139787)
└ @ TensorKitChainRulesCoreExt ~/.julia/packages/TensorKit/esxcj/ext/TensorKitChainRulesCoreExt/factorizations.jl:254
┌ Warning: `svd` cotangents sensitive to gauge choice: (|Δgauge| = 6.76536016066981e-11)
└ @ TensorKitChainRulesCoreExt ~/.julia/packages/TensorKit/esxcj/ext/TensorKitChainRulesCoreExt/factorizations.jl:254
┌ Warning: `svd` cotangents sensitive to gauge choice: (|Δgauge| = 0.4704807054482099)
└ @ TensorKitChainRulesCoreExt ~/.julia/packages/TensorKit/esxcj/ext/TensorKitChainRulesCoreExt/factorizations.jl:254
[ Info: LBFGS: iter   35, time 2702.48 s: f = -2.106158349859, ‖∇f‖ = 2.7041e-04, α = 1.00e+00, m = 8, nfg = 1
[ Info: CTMRG init:	obj = +5.507846156583e+00	err = 1.0000e+00
[ Info: CTMRG conv 19:	obj = +5.507847342743e+00	err = 7.6205692203e-10	time = 18.07 sec
┌ Warning: `svd` cotangents sensitive to gauge choice: (|Δgauge| = 0.4702336690270079)
└ @ TensorKitChainRulesCoreExt ~/.julia/packages/TensorKit/esxcj/ext/TensorKitChainRulesCoreExt/factorizations.jl:254
┌ Warning: `svd` cotangents sensitive to gauge choice: (|Δgauge| = 7.84552871212395e-11)
└ @ TensorKitChainRulesCoreExt ~/.julia/packages/TensorKit/esxcj/ext/TensorKitChainRulesCoreExt/factorizations.jl:254
┌ Warning: `svd` cotangents sensitive to gauge choice: (|Δgauge| = 0.4702336691553267)
└ @ TensorKitChainRulesCoreExt ~/.julia/packages/TensorKit/esxcj/ext/TensorKitChainRulesCoreExt/factorizations.jl:254
[ Info: LBFGS: iter   36, time 2731.27 s: f = -2.106158641127, ‖∇f‖ = 1.9497e-04, α = 1.00e+00, m = 8, nfg = 1
[ Info: CTMRG init:	obj = +5.507181225511e+00	err = 1.0000e+00
[ Info: CTMRG conv 19:	obj = +5.507182924831e+00	err = 5.5323569174e-10	time = 18.54 sec
┌ Warning: `svd` cotangents sensitive to gauge choice: (|Δgauge| = 0.4699488210175534)
└ @ TensorKitChainRulesCoreExt ~/.julia/packages/TensorKit/esxcj/ext/TensorKitChainRulesCoreExt/factorizations.jl:254
┌ Warning: `svd` cotangents sensitive to gauge choice: (|Δgauge| = 2.208549798014094e-11)
└ @ TensorKitChainRulesCoreExt ~/.julia/packages/TensorKit/esxcj/ext/TensorKitChainRulesCoreExt/factorizations.jl:254
┌ Warning: `svd` cotangents sensitive to gauge choice: (|Δgauge| = 0.469948821194928)
└ @ TensorKitChainRulesCoreExt ~/.julia/packages/TensorKit/esxcj/ext/TensorKitChainRulesCoreExt/factorizations.jl:254
[ Info: LBFGS: iter   37, time 2761.82 s: f = -2.106158846485, ‖∇f‖ = 2.5329e-04, α = 1.00e+00, m = 8, nfg = 1
[ Info: CTMRG init:	obj = +5.507377048108e+00	err = 1.0000e+00
[ Info: CTMRG conv 16:	obj = +5.507377404585e+00	err = 9.2515206059e-10	time = 15.58 sec
┌ Warning: `svd` cotangents sensitive to gauge choice: (|Δgauge| = 0.4697696911253729)
└ @ TensorKitChainRulesCoreExt ~/.julia/packages/TensorKit/esxcj/ext/TensorKitChainRulesCoreExt/factorizations.jl:254
┌ Warning: `svd` cotangents sensitive to gauge choice: (|Δgauge| = 1.2280743637874143e-10)
└ @ TensorKitChainRulesCoreExt ~/.julia/packages/TensorKit/esxcj/ext/TensorKitChainRulesCoreExt/factorizations.jl:254
┌ Warning: `svd` cotangents sensitive to gauge choice: (|Δgauge| = 0.46976969132968105)
└ @ TensorKitChainRulesCoreExt ~/.julia/packages/TensorKit/esxcj/ext/TensorKitChainRulesCoreExt/factorizations.jl:254
[ Info: LBFGS: iter   38, time 2787.63 s: f = -2.106158992364, ‖∇f‖ = 1.9052e-04, α = 1.00e+00, m = 8, nfg = 1
[ Info: CTMRG init:	obj = +5.507467482664e+00	err = 1.0000e+00
[ Info: CTMRG conv 17:	obj = +5.507467505244e+00	err = 3.7480420760e-10	time = 16.51 sec
┌ Warning: `svd` cotangents sensitive to gauge choice: (|Δgauge| = 0.46973155926937954)
└ @ TensorKitChainRulesCoreExt ~/.julia/packages/TensorKit/esxcj/ext/TensorKitChainRulesCoreExt/factorizations.jl:254
┌ Warning: `svd` cotangents sensitive to gauge choice: (|Δgauge| = 1.2474706759154046e-10)
└ @ TensorKitChainRulesCoreExt ~/.julia/packages/TensorKit/esxcj/ext/TensorKitChainRulesCoreExt/factorizations.jl:254
┌ Warning: `svd` cotangents sensitive to gauge choice: (|Δgauge| = 0.46973155948697376)
└ @ TensorKitChainRulesCoreExt ~/.julia/packages/TensorKit/esxcj/ext/TensorKitChainRulesCoreExt/factorizations.jl:254
[ Info: LBFGS: iter   39, time 2813.88 s: f = -2.106159102289, ‖∇f‖ = 1.3974e-04, α = 1.00e+00, m = 8, nfg = 1
[ Info: CTMRG init:	obj = +5.506842047733e+00	err = 1.0000e+00
[ Info: CTMRG conv 17:	obj = +5.506842112430e+00	err = 5.6182260268e-10	time = 17.39 sec
┌ Warning: `svd` cotangents sensitive to gauge choice: (|Δgauge| = 0.4697094059866015)
└ @ TensorKitChainRulesCoreExt ~/.julia/packages/TensorKit/esxcj/ext/TensorKitChainRulesCoreExt/factorizations.jl:254
┌ Warning: `svd` cotangents sensitive to gauge choice: (|Δgauge| = 3.225143443055234e-10)
└ @ TensorKitChainRulesCoreExt ~/.julia/packages/TensorKit/esxcj/ext/TensorKitChainRulesCoreExt/factorizations.jl:254
┌ Warning: `svd` cotangents sensitive to gauge choice: (|Δgauge| = 0.46970940603585365)
└ @ TensorKitChainRulesCoreExt ~/.julia/packages/TensorKit/esxcj/ext/TensorKitChainRulesCoreExt/factorizations.jl:254
[ Info: LBFGS: iter   40, time 2841.14 s: f = -2.106159265276, ‖∇f‖ = 1.0551e-04, α = 1.00e+00, m = 8, nfg = 1
[ Info: CTMRG init:	obj = +5.506144001109e+00	err = 1.0000e+00
[ Info: CTMRG conv 17:	obj = +5.506144044693e+00	err = 6.3776040168e-10	time = 17.32 sec
┌ Warning: `svd` cotangents sensitive to gauge choice: (|Δgauge| = 0.4696840994584165)
└ @ TensorKitChainRulesCoreExt ~/.julia/packages/TensorKit/esxcj/ext/TensorKitChainRulesCoreExt/factorizations.jl:254
┌ Warning: `svd` cotangents sensitive to gauge choice: (|Δgauge| = 4.2615671247135343e-10)
└ @ TensorKitChainRulesCoreExt ~/.julia/packages/TensorKit/esxcj/ext/TensorKitChainRulesCoreExt/factorizations.jl:254
┌ Warning: `svd` cotangents sensitive to gauge choice: (|Δgauge| = 0.46968409999386307)
└ @ TensorKitChainRulesCoreExt ~/.julia/packages/TensorKit/esxcj/ext/TensorKitChainRulesCoreExt/factorizations.jl:254
[ Info: LBFGS: iter   41, time 2868.47 s: f = -2.106159367374, ‖∇f‖ = 1.3120e-04, α = 1.00e+00, m = 8, nfg = 1
[ Info: CTMRG init:	obj = +5.504732328860e+00	err = 1.0000e+00
[ Info: CTMRG conv 17:	obj = +5.504732933114e+00	err = 9.0692510906e-10	time = 16.96 sec
┌ Warning: `svd` cotangents sensitive to gauge choice: (|Δgauge| = 0.46993839532073844)
└ @ TensorKitChainRulesCoreExt ~/.julia/packages/TensorKit/esxcj/ext/TensorKitChainRulesCoreExt/factorizations.jl:254
┌ Warning: `svd` cotangents sensitive to gauge choice: (|Δgauge| = 6.700638558064229e-10)
└ @ TensorKitChainRulesCoreExt ~/.julia/packages/TensorKit/esxcj/ext/TensorKitChainRulesCoreExt/factorizations.jl:254
┌ Warning: `svd` cotangents sensitive to gauge choice: (|Δgauge| = 0.469938395890815)
└ @ TensorKitChainRulesCoreExt ~/.julia/packages/TensorKit/esxcj/ext/TensorKitChainRulesCoreExt/factorizations.jl:254
[ Info: LBFGS: iter   42, time 2895.92 s: f = -2.106159408948, ‖∇f‖ = 3.3866e-04, α = 1.00e+00, m = 8, nfg = 1
[ Info: CTMRG init:	obj = +5.504524312815e+00	err = 1.0000e+00
[ Info: CTMRG conv 17:	obj = +5.504524397632e+00	err = 8.1474543128e-10	time = 17.26 sec
┌ Warning: `svd` cotangents sensitive to gauge choice: (|Δgauge| = 0.4698623618724953)
└ @ TensorKitChainRulesCoreExt ~/.julia/packages/TensorKit/esxcj/ext/TensorKitChainRulesCoreExt/factorizations.jl:254
┌ Warning: `svd` cotangents sensitive to gauge choice: (|Δgauge| = 5.152366003329645e-10)
└ @ TensorKitChainRulesCoreExt ~/.julia/packages/TensorKit/esxcj/ext/TensorKitChainRulesCoreExt/factorizations.jl:254
┌ Warning: `svd` cotangents sensitive to gauge choice: (|Δgauge| = 0.4698623621781672)
└ @ TensorKitChainRulesCoreExt ~/.julia/packages/TensorKit/esxcj/ext/TensorKitChainRulesCoreExt/factorizations.jl:254
[ Info: LBFGS: iter   43, time 2924.04 s: f = -2.106159550601, ‖∇f‖ = 1.0573e-04, α = 1.00e+00, m = 8, nfg = 1
[ Info: CTMRG init:	obj = +5.504532811261e+00	err = 1.0000e+00
[ Info: CTMRG conv 15:	obj = +5.504532817418e+00	err = 9.4364614920e-10	time = 15.96 sec
┌ Warning: `svd` cotangents sensitive to gauge choice: (|Δgauge| = 0.4698574669057123)
└ @ TensorKitChainRulesCoreExt ~/.julia/packages/TensorKit/esxcj/ext/TensorKitChainRulesCoreExt/factorizations.jl:254
┌ Warning: `svd` cotangents sensitive to gauge choice: (|Δgauge| = 1.6164161713565245e-9)
└ @ TensorKitChainRulesCoreExt ~/.julia/packages/TensorKit/esxcj/ext/TensorKitChainRulesCoreExt/factorizations.jl:254
┌ Warning: `svd` cotangents sensitive to gauge choice: (|Δgauge| = 0.4698574674422783)
└ @ TensorKitChainRulesCoreExt ~/.julia/packages/TensorKit/esxcj/ext/TensorKitChainRulesCoreExt/factorizations.jl:254
[ Info: LBFGS: converged after 44 iterations and time 2950.66 s: f = -2.106159599021, ‖∇f‖ = 9.6623e-05
