  Installing known registries into `~/.julia`
       Added `General` registry to ~/.julia/registries
    Updating registry at `~/.julia/registries/General.toml`
   Installed GPUArraysCore ─────────────── v0.2.0
   Installed RealDot ───────────────────── v0.1.0
   Installed IrrationalConstants ───────── v0.2.4
   Installed TaskLocalValues ───────────── v0.1.2
   Installed IRTools ───────────────────── v0.4.14
   Installed JLD2 ──────────────────────── v0.5.12
   Installed OhMyThreads ───────────────── v0.7.0
   Installed BlockTensorKit ────────────── v0.1.6
   Installed DiffRules ─────────────────── v1.15.1
   Installed Adapt ─────────────────────── v4.3.0
   Installed IntegerMathUtils ──────────── v0.1.2
   Installed LRUCache ──────────────────── v1.6.2
   Installed PtrArrays ─────────────────── v1.3.0
   Installed TableTraits ───────────────── v1.0.1
   Installed Accessors ─────────────────── v0.1.42
   Installed Preferences ───────────────── v1.4.3
   Installed LoggingExtras ─────────────── v1.0.3
   Installed DiffResults ───────────────── v1.1.0
   Installed OptimKit ──────────────────── v0.4.0
   Installed HashArrayMappedTries ──────── v0.2.0
   Installed WignerSymbols ─────────────── v2.0.0
   Installed Tables ────────────────────── v1.12.0
   Installed SpecialFunctions ──────────── v2.5.1
   Installed ChunkSplitters ────────────── v3.1.2
   Installed RecipesBase ───────────────── v1.3.4
   Installed DataAPI ───────────────────── v1.16.0
   Installed Primes ────────────────────── v0.5.7
   Installed TensorKit ─────────────────── v0.14.5
   Installed StaticArrays ──────────────── v1.9.13
   Installed Zygote ────────────────────── v0.7.6
   Installed AbstractFFTs ──────────────── v1.5.0
   Installed MPSKit ────────────────────── v0.12.6
   Installed JLLWrappers ───────────────── v1.7.0
   Installed BlockArrays ───────────────── v1.6.1
   Installed StaticArraysCore ──────────── v1.4.3
   Installed Richardson ────────────────── v1.4.2
   Installed FiniteDifferences ─────────── v0.12.32
   Installed IteratorInterfaceExtensions ─ v1.0.0
   Installed NaNMath ───────────────────── v1.1.3
   Installed PrecompileTools ───────────── v1.2.1
   Installed StructArrays ──────────────── v0.7.1
   Installed ConstructionBase ──────────── v1.5.8
   Installed DataValueInterfaces ───────── v1.0.0
   Installed RationalRoots ─────────────── v0.2.1
   Installed StableTasks ───────────────── v0.1.7
   Installed TensorKitSectors ──────────── v0.1.4
   Installed OrderedCollections ────────── v1.8.0
   Installed TranscodingStreams ────────── v0.11.3
   Installed ScopedValues ──────────────── v1.3.0
   Installed VectorInterface ───────────── v0.5.0
   Installed InitialValues ─────────────── v0.3.1
   Installed ChainRulesCore ────────────── v1.25.1
   Installed FillArrays ────────────────── v1.13.0
   Installed MPSKitModels ──────────────── v0.4.1
   Installed ForwardDiff ───────────────── v1.0.1
   Installed FileIO ────────────────────── v1.17.0
   Installed Statistics ────────────────── v1.11.1
   Installed ChainRules ────────────────── v1.72.3
   Installed Requires ──────────────────── v1.3.1
   Installed LogExpFunctions ───────────── v0.3.29
   Installed ZygoteRules ───────────────── v0.2.7
   Installed StridedViews ──────────────── v0.4.1
   Installed CommonSubexpressions ──────── v0.3.1
   Installed BangBang ──────────────────── v0.4.4
   Installed HalfIntegers ──────────────── v1.6.0
   Installed Strided ───────────────────── v2.3.0
   Installed PackageExtensionCompat ────── v1.0.2
   Installed TensorKitManifolds ────────── v0.7.2
   Installed MacroTools ────────────────── v0.5.15
   Installed Compat ────────────────────── v4.16.0
   Installed CompositionsBase ──────────── v0.1.2
   Installed OpenSpecFun_jll ───────────── v0.5.6+0
   Installed PEPSKit ───────────────────── v0.5.0
   Installed SparseInverseSubset ───────── v0.1.2
   Installed InverseFunctions ──────────── v0.1.17
   Installed TupleTools ────────────────── v1.6.0
   Installed DocStringExtensions ───────── v0.9.4
   Installed TensorOperations ──────────── v5.2.0
   Installed KrylovKit ─────────────────── v0.9.5
   Installed ArrayLayouts ──────────────── v1.11.1
    Updating `/var/lib/condor/execute/dir_658967/Project.toml`
  [d360d2e6] + ChainRulesCore v1.25.1
  [033835bb] + JLD2 v0.5.12
  [0b1a1467] + KrylovKit v0.9.5
  [bb1c41ca] + MPSKit v0.12.6
  [ca635005] + MPSKitModels v0.4.1
  [77e91f04] + OptimKit v0.4.0
  [52969e89] + PEPSKit v0.5.0
  [07d1fe3e] + TensorKit v0.14.5
  [409d34a3] + VectorInterface v0.5.0
  [e88e6eb3] + Zygote v0.7.6
  [37e2e46d] ~ LinearAlgebra ⇒ v1.11.0
    Updating `/var/lib/condor/execute/dir_658967/Manifest.toml`
  [621f4979] + AbstractFFTs v1.5.0
  [7d9f7c33] + Accessors v0.1.42
  [79e6a3ab] + Adapt v4.3.0
  [4c555306] + ArrayLayouts v1.11.1
  [198e06fe] + BangBang v0.4.4
  [8e7c35d0] + BlockArrays v1.6.1
  [5f87ffc2] + BlockTensorKit v0.1.6
  [082447d4] + ChainRules v1.72.3
  [d360d2e6] + ChainRulesCore v1.25.1
  [ae650224] + ChunkSplitters v3.1.2
  [bbf7d656] + CommonSubexpressions v0.3.1
  [34da2185] + Compat v4.16.0
  [a33af91c] + CompositionsBase v0.1.2
  [187b0558] + ConstructionBase v1.5.8
  [9a962f9c] + DataAPI v1.16.0
  [e2d170a0] + DataValueInterfaces v1.0.0
  [163ba53b] + DiffResults v1.1.0
  [b552c78f] + DiffRules v1.15.1
  [ffbed154] + DocStringExtensions v0.9.4
  [5789e2e9] + FileIO v1.17.0
  [1a297f60] + FillArrays v1.13.0
  [26cc04aa] + FiniteDifferences v0.12.32
  [f6369f11] + ForwardDiff v1.0.1
  [46192b85] + GPUArraysCore v0.2.0
  [f0d1745a] + HalfIntegers v1.6.0
  [076d061b] + HashArrayMappedTries v0.2.0
  [7869d1d1] + IRTools v0.4.14
  [22cec73e] + InitialValues v0.3.1
  [18e54dd8] + IntegerMathUtils v0.1.2
  [3587e190] + InverseFunctions v0.1.17
  [92d709cd] + IrrationalConstants v0.2.4
  [82899510] + IteratorInterfaceExtensions v1.0.0
  [033835bb] + JLD2 v0.5.12
  [692b3bcd] + JLLWrappers v1.7.0
  [0b1a1467] + KrylovKit v0.9.5
  [8ac3fa9e] + LRUCache v1.6.2
  [2ab3a3ac] + LogExpFunctions v0.3.29
⌅ [e6f89c97] + LoggingExtras v1.0.3
  [bb1c41ca] + MPSKit v0.12.6
  [ca635005] + MPSKitModels v0.4.1
  [1914dd2f] + MacroTools v0.5.15
  [77ba4419] + NaNMath v1.1.3
⌅ [67456a42] + OhMyThreads v0.7.0
  [77e91f04] + OptimKit v0.4.0
  [bac558e1] + OrderedCollections v1.8.0
  [52969e89] + PEPSKit v0.5.0
  [65ce6f38] + PackageExtensionCompat v1.0.2
⌅ [aea7be01] + PrecompileTools v1.2.1
  [21216c6a] + Preferences v1.4.3
  [27ebfcd6] + Primes v0.5.7
  [43287f4e] + PtrArrays v1.3.0
  [308eb6b3] + RationalRoots v0.2.1
  [c1ae055f] + RealDot v0.1.0
  [3cdcf5f2] + RecipesBase v1.3.4
  [ae029012] + Requires v1.3.1
  [708f8203] + Richardson v1.4.2
  [7e506255] + ScopedValues v1.3.0
  [dc90abb0] + SparseInverseSubset v0.1.2
  [276daf66] + SpecialFunctions v2.5.1
  [91464d47] + StableTasks v0.1.7
  [90137ffa] + StaticArrays v1.9.13
  [1e83bf80] + StaticArraysCore v1.4.3
  [10745b16] + Statistics v1.11.1
  [5e0ebb24] + Strided v2.3.0
  [4db3bf67] + StridedViews v0.4.1
  [09ab397b] + StructArrays v0.7.1
  [3783bdb8] + TableTraits v1.0.1
  [bd369af6] + Tables v1.12.0
  [ed4db957] + TaskLocalValues v0.1.2
  [07d1fe3e] + TensorKit v0.14.5
  [11fa318c] + TensorKitManifolds v0.7.2
  [13a9c161] + TensorKitSectors v0.1.4
  [6aa20fa7] + TensorOperations v5.2.0
  [3bb67fe8] + TranscodingStreams v0.11.3
  [9d95972d] + TupleTools v1.6.0
  [409d34a3] + VectorInterface v0.5.0
  [9f57e263] + WignerSymbols v2.0.0
  [e88e6eb3] + Zygote v0.7.6
  [700de1a5] + ZygoteRules v0.2.7
  [efe28fd5] + OpenSpecFun_jll v0.5.6+0
  [0dad84c5] + ArgTools v1.1.2
  [56f22d72] + Artifacts v1.11.0
  [2a0f44e3] + Base64 v1.11.0
  [ade2ca70] + Dates v1.11.0
  [8ba89e20] + Distributed v1.11.0
  [f43a241f] + Downloads v1.6.0
  [7b1f6079] + FileWatching v1.11.0
  [b77e0a4c] + InteractiveUtils v1.11.0
  [b27032c2] + LibCURL v0.6.4
  [76f85450] + LibGit2 v1.11.0
  [8f399da3] + Libdl v1.11.0
  [37e2e46d] + LinearAlgebra v1.11.0
  [56ddb016] + Logging v1.11.0
  [d6f4376e] + Markdown v1.11.0
  [a63ad114] + Mmap v1.11.0
  [ca575930] + NetworkOptions v1.2.0
  [44cfe95a] + Pkg v1.11.0
  [de0858da] + Printf v1.11.0
  [9a3f8284] + Random v1.11.0
  [ea8e919c] + SHA v0.7.0
  [9e88b42a] + Serialization v1.11.0
  [6462fe0b] + Sockets v1.11.0
  [2f01184e] + SparseArrays v1.11.0
  [4607b0f0] + SuiteSparse
  [fa267f1f] + TOML v1.0.3
  [a4e569a6] + Tar v1.10.0
  [cf7118a7] + UUIDs v1.11.0
  [4ec0a83e] + Unicode v1.11.0
  [e66e0078] + CompilerSupportLibraries_jll v1.1.1+0
  [deac9b47] + LibCURL_jll v8.6.0+0
  [e37daf67] + LibGit2_jll v1.7.2+0
  [29816b5a] + LibSSH2_jll v1.11.0+1
  [c8ffd9c3] + MbedTLS_jll v2.28.6+0
  [14a3606d] + MozillaCACerts_jll v2023.12.12
  [4536629a] + OpenBLAS_jll v0.3.27+1
  [05823500] + OpenLibm_jll v0.8.1+2
  [bea87d4a] + SuiteSparse_jll v7.7.0+0
  [83775a58] + Zlib_jll v1.2.13+1
  [8e850b90] + libblastrampoline_jll v5.11.0+0
  [8e850ede] + nghttp2_jll v1.59.0+0
  [3f19e933] + p7zip_jll v17.4.0+2
        Info Packages marked with ⌅ have new versions available but compatibility constraints restrict them from upgrading. To see why use `status --outdated -m`
Precompiling project...
    447.4 ms  ✓ TaskLocalValues
    398.3 ms  ✓ DataValueInterfaces
    410.1 ms  ✓ IntegerMathUtils
    423.4 ms  ✓ RealDot
    452.9 ms  ✓ Richardson
    532.8 ms  ✓ HalfIntegers
    534.8 ms  ✓ LRUCache
    586.2 ms  ✓ StableTasks
    581.4 ms  ✓ InverseFunctions
    607.2 ms  ✓ Statistics
    652.4 ms  ✓ OrderedCollections
    653.4 ms  ✓ AbstractFFTs
    671.9 ms  ✓ VectorInterface
    696.6 ms  ✓ DocStringExtensions
    403.1 ms  ✓ IteratorInterfaceExtensions
    403.5 ms  ✓ PackageExtensionCompat
    457.5 ms  ✓ DataAPI
    436.9 ms  ✓ CompositionsBase
    421.6 ms  ✓ PtrArrays
    705.8 ms  ✓ ConstructionBase
    547.9 ms  ✓ ChunkSplitters
   1273.3 ms  ✓ FillArrays
    613.0 ms  ✓ RationalRoots
    658.9 ms  ✓ StaticArraysCore
    653.8 ms  ✓ TupleTools
    576.9 ms  ✓ HashArrayMappedTries
    616.6 ms  ✓ TranscodingStreams
    524.3 ms  ✓ NaNMath
   1317.0 ms  ✓ IrrationalConstants
    569.0 ms  ✓ Requires
    617.2 ms  ✓ LoggingExtras
    947.8 ms  ✓ InitialValues
    680.6 ms  ✓ SuiteSparse
    655.2 ms  ✓ Compat
    429.5 ms  ✓ TableTraits
    478.1 ms  ✓ LRUCache → SerializationExt
    653.2 ms  ✓ ConstructionBase → ConstructionBaseLinearAlgebraExt
    465.3 ms  ✓ CompositionsBase → CompositionsBaseInverseFunctionsExt
    534.6 ms  ✓ StridedViews
    486.2 ms  ✓ FillArrays → FillArraysStatisticsExt
    815.1 ms  ✓ Preferences
    702.5 ms  ✓ Statistics → SparseArraysExt
    691.7 ms  ✓ Primes
    505.2 ms  ✓ InverseFunctions → InverseFunctionsDatesExt
    449.9 ms  ✓ ScopedValues
    721.2 ms  ✓ FillArrays → FillArraysSparseArraysExt
    587.7 ms  ✓ DiffResults
    570.4 ms  ✓ Adapt
    506.5 ms  ✓ Compat → CompatLinearAlgebraExt
    486.0 ms  ✓ StridedViews → StridedViewsPtrArraysExt
    707.2 ms  ✓ SparseInverseSubset
    529.5 ms  ✓ PrecompileTools
    875.0 ms  ✓ LogExpFunctions
    650.4 ms  ✓ JLLWrappers
    749.9 ms  ✓ Strided
    956.8 ms  ✓ Tables
   2461.8 ms  ✓ MacroTools
    604.3 ms  ✓ GPUArraysCore
    647.1 ms  ✓ Adapt → AdaptSparseArraysExt
   1712.7 ms  ✓ KrylovKit
    504.0 ms  ✓ LogExpFunctions → LogExpFunctionsInverseFunctionsExt
    627.2 ms  ✓ OpenSpecFun_jll
    600.0 ms  ✓ CommonSubexpressions
    823.7 ms  ✓ StructArrays
   1338.4 ms  ✓ ChainRulesCore
   1510.6 ms  ✓ OptimKit
    470.5 ms  ✓ StructArrays → StructArraysAdaptExt
    494.9 ms  ✓ StructArrays → StructArraysLinearAlgebraExt
    512.5 ms  ✓ AbstractFFTs → AbstractFFTsChainRulesCoreExt
   1715.5 ms  ✓ RecipesBase
    663.8 ms  ✓ StructArrays → StructArraysSparseArraysExt
    667.0 ms  ✓ ChainRulesCore → ChainRulesCoreSparseArraysExt
    836.8 ms  ✓ ZygoteRules
   1818.1 ms  ✓ IRTools
    676.3 ms  ✓ KrylovKit → KrylovKitChainRulesCoreExt
   2724.5 ms  ✓ WignerSymbols
   2118.9 ms  ✓ Accessors
   1404.3 ms  ✓ LogExpFunctions → LogExpFunctionsChainRulesCoreExt
    551.0 ms  ✓ Accessors → StructArraysExt
    570.9 ms  ✓ Accessors → LinearAlgebraExt
   4193.1 ms  ✓ FileIO
   2767.1 ms  ✓ SpecialFunctions
    840.3 ms  ✓ BangBang
    674.6 ms  ✓ DiffRules
    565.0 ms  ✓ BangBang → BangBangTablesExt
    574.4 ms  ✓ BangBang → BangBangStructArraysExt
    583.1 ms  ✓ BangBang → BangBangChainRulesCoreExt
   1055.2 ms  ✓ OhMyThreads
   1751.2 ms  ✓ SpecialFunctions → SpecialFunctionsChainRulesCoreExt
   7243.2 ms  ✓ StaticArrays
   5591.5 ms  ✓ ChainRules
   3491.2 ms  ✓ ForwardDiff
    694.1 ms  ✓ StaticArrays → StaticArraysStatisticsExt
    704.1 ms  ✓ ConstructionBase → ConstructionBaseStaticArraysExt
    718.8 ms  ✓ StaticArrays → StaticArraysChainRulesCoreExt
    742.8 ms  ✓ Adapt → AdaptStaticArraysExt
    790.9 ms  ✓ StructArrays → StructArraysStaticArraysExt
    791.3 ms  ✓ Accessors → StaticArraysExt
    839.5 ms  ✓ BangBang → BangBangStaticArraysExt
    843.9 ms  ✓ ForwardDiff → ForwardDiffStaticArraysExt
   1148.0 ms  ✓ FiniteDifferences
  12981.0 ms  ✓ ArrayLayouts
    762.2 ms  ✓ ArrayLayouts → ArrayLayoutsSparseArraysExt
   1618.4 ms  ✓ BlockArrays
    748.6 ms  ✓ BlockArrays → BlockArraysAdaptExt
  26458.9 ms  ✓ Zygote
  30855.9 ms  ✓ JLD2
 108878.2 ms  ✓ TensorOperations
   1248.5 ms  ✓ TensorOperations → TensorOperationsChainRulesCoreExt
   5356.1 ms  ✓ TensorKitSectors
   7050.5 ms  ✓ TensorKit
   1914.4 ms  ✓ TensorKitManifolds
   1949.4 ms  ✓ TensorKit → TensorKitFiniteDifferencesExt
   2094.7 ms  ✓ TensorKit → TensorKitChainRulesCoreExt
   2625.2 ms  ✓ BlockTensorKit
  12718.7 ms  ✓ MPSKit
  11444.7 ms  ✓ MPSKitModels
  14712.0 ms  ✓ PEPSKit
  118 dependencies successfully precompiled in 166 seconds. 31 already precompiled.
[ Info: CTMRG init:	obj = +2.870136359763e-01 -6.113599310272e-02im	err = 1.0000e+00
[ Info: CTMRG conv 66:	obj = +1.823989393391e+00	err = 9.5557549056e-10	time = 38.60 sec
[ Info: CTMRG init:	obj = +1.823989393391e+00	err = 1.0000e+00
[ Info: CTMRG conv 4:	obj = +1.823989393391e+00	err = 1.8406253362e-10	time = 1.30 min
┌ Warning: `svd` cotangents sensitive to gauge choice: (|Δgauge| = 0.6923295630837236)
└ @ TensorKitChainRulesCoreExt ~/.julia/packages/TensorKit/esxcj/ext/TensorKitChainRulesCoreExt/factorizations.jl:254
┌ Warning: `svd` cotangents sensitive to gauge choice: (|Δgauge| = 0.029430390236024007)
└ @ TensorKitChainRulesCoreExt ~/.julia/packages/TensorKit/esxcj/ext/TensorKitChainRulesCoreExt/factorizations.jl:254
┌ Warning: `svd` cotangents sensitive to gauge choice: (|Δgauge| = 0.6784374025762342)
└ @ TensorKitChainRulesCoreExt ~/.julia/packages/TensorKit/esxcj/ext/TensorKitChainRulesCoreExt/factorizations.jl:254
[ Info: LBFGS: initializing with f = 0.266017956126, ‖∇f‖ = 2.1702e+00
[ Info: CTMRG init:	obj = +1.816575236779e+00 -8.549955147428e-12im	err = 1.0000e+00
[ Info: CTMRG conv 39:	obj = +1.816940111125e+00	err = 6.8268256755e-10	time = 15.71 sec
┌ Warning: `svd` cotangents sensitive to gauge choice: (|Δgauge| = 0.7270141009362372)
└ @ TensorKitChainRulesCoreExt ~/.julia/packages/TensorKit/esxcj/ext/TensorKitChainRulesCoreExt/factorizations.jl:254
┌ Warning: `svd` cotangents sensitive to gauge choice: (|Δgauge| = 4.543592471745949e-9)
└ @ TensorKitChainRulesCoreExt ~/.julia/packages/TensorKit/esxcj/ext/TensorKitChainRulesCoreExt/factorizations.jl:254
┌ Warning: `svd` cotangents sensitive to gauge choice: (|Δgauge| = 0.7270140981210809)
└ @ TensorKitChainRulesCoreExt ~/.julia/packages/TensorKit/esxcj/ext/TensorKitChainRulesCoreExt/factorizations.jl:254
[ Info: CTMRG init:	obj = +1.787358361017e+00 -4.226304922935e-11im	err = 1.0000e+00
[ Info: CTMRG conv 33:	obj = +1.794977173022e+00	err = 8.5118519884e-10	time = 12.75 sec
┌ Warning: `svd` cotangents sensitive to gauge choice: (|Δgauge| = 0.8251854922066353)
└ @ TensorKitChainRulesCoreExt ~/.julia/packages/TensorKit/esxcj/ext/TensorKitChainRulesCoreExt/factorizations.jl:254
┌ Warning: `svd` cotangents sensitive to gauge choice: (|Δgauge| = 1.0996634853700575e-9)
└ @ TensorKitChainRulesCoreExt ~/.julia/packages/TensorKit/esxcj/ext/TensorKitChainRulesCoreExt/factorizations.jl:254
┌ Warning: `svd` cotangents sensitive to gauge choice: (|Δgauge| = 0.8251854916144826)
└ @ TensorKitChainRulesCoreExt ~/.julia/packages/TensorKit/esxcj/ext/TensorKitChainRulesCoreExt/factorizations.jl:254
[ Info: CTMRG init:	obj = +1.652044758253e+00 -1.988883764654e-10im	err = 1.0000e+00
[ Info: CTMRG conv 31:	obj = +1.754286403093e+00	err = 6.3023874427e-10	time = 12.48 sec
┌ Warning: `svd` cotangents sensitive to gauge choice: (|Δgauge| = 0.987851686842498)
└ @ TensorKitChainRulesCoreExt ~/.julia/packages/TensorKit/esxcj/ext/TensorKitChainRulesCoreExt/factorizations.jl:254
┌ Warning: `svd` cotangents sensitive to gauge choice: (|Δgauge| = 1.950739247913912e-9)
└ @ TensorKitChainRulesCoreExt ~/.julia/packages/TensorKit/esxcj/ext/TensorKitChainRulesCoreExt/factorizations.jl:254
┌ Warning: `svd` cotangents sensitive to gauge choice: (|Δgauge| = 0.9878516865039377)
└ @ TensorKitChainRulesCoreExt ~/.julia/packages/TensorKit/esxcj/ext/TensorKitChainRulesCoreExt/factorizations.jl:254
[ Info: CTMRG init:	obj = +1.266079231467e+00 -6.586098176134e-10im	err = 1.0000e+00
[ Info: CTMRG conv 29:	obj = +1.930531270197e+00	err = 4.8397226965e-10	time = 10.93 sec
┌ Warning: `svd` cotangents sensitive to gauge choice: (|Δgauge| = 1.0506176596451178)
└ @ TensorKitChainRulesCoreExt ~/.julia/packages/TensorKit/esxcj/ext/TensorKitChainRulesCoreExt/factorizations.jl:254
┌ Warning: `svd` cotangents sensitive to gauge choice: (|Δgauge| = 4.84110561735639e-10)
└ @ TensorKitChainRulesCoreExt ~/.julia/packages/TensorKit/esxcj/ext/TensorKitChainRulesCoreExt/factorizations.jl:254
┌ Warning: `svd` cotangents sensitive to gauge choice: (|Δgauge| = 1.0506176601291988)
└ @ TensorKitChainRulesCoreExt ~/.julia/packages/TensorKit/esxcj/ext/TensorKitChainRulesCoreExt/factorizations.jl:254
[ Info: CTMRG init:	obj = +5.656525631733e+00 +4.188351714571e-09im	err = 1.0000e+00
[ Info: CTMRG conv 13:	obj = +1.386217148427e+01	err = 2.8336648803e-10	time = 4.20 sec
┌ Warning: `svd` cotangents sensitive to gauge choice: (|Δgauge| = 0.0016585360697170275)
└ @ TensorKitChainRulesCoreExt ~/.julia/packages/TensorKit/esxcj/ext/TensorKitChainRulesCoreExt/factorizations.jl:254
┌ Warning: `svd` cotangents sensitive to gauge choice: (|Δgauge| = 0.0016585360696416104)
└ @ TensorKitChainRulesCoreExt ~/.julia/packages/TensorKit/esxcj/ext/TensorKitChainRulesCoreExt/factorizations.jl:254
[ Info: CTMRG init:	obj = +5.400863575650e+00 +3.900292555805e-09im	err = 1.0000e+00
[ Info: CTMRG conv 12:	obj = +1.308882516646e+01	err = 1.5107887202e-10	time = 4.23 sec
┌ Warning: `svd` cotangents sensitive to gauge choice: (|Δgauge| = 0.002013232713936727)
└ @ TensorKitChainRulesCoreExt ~/.julia/packages/TensorKit/esxcj/ext/TensorKitChainRulesCoreExt/factorizations.jl:254
┌ Warning: `svd` cotangents sensitive to gauge choice: (|Δgauge| = 0.002013232705067203)
└ @ TensorKitChainRulesCoreExt ~/.julia/packages/TensorKit/esxcj/ext/TensorKitChainRulesCoreExt/factorizations.jl:254
[ Info: CTMRG init:	obj = +2.395492682238e+00 +5.469223018182e-10im	err = 1.0000e+00
[ Info: CTMRG conv 14:	obj = +3.837631504297e+00	err = 3.9507351801e-10	time = 5.54 sec
┌ Warning: `svd` cotangents sensitive to gauge choice: (|Δgauge| = 0.03990177434106114)
└ @ TensorKitChainRulesCoreExt ~/.julia/packages/TensorKit/esxcj/ext/TensorKitChainRulesCoreExt/factorizations.jl:254
┌ Warning: `svd` cotangents sensitive to gauge choice: (|Δgauge| = 0.039901774340942955)
└ @ TensorKitChainRulesCoreExt ~/.julia/packages/TensorKit/esxcj/ext/TensorKitChainRulesCoreExt/factorizations.jl:254
[ Info: CTMRG init:	obj = +1.291578151197e+00 -6.483454431187e-10im	err = 1.0000e+00
[ Info: CTMRG conv 28:	obj = +2.080638905640e+00	err = 8.7778984931e-10	time = 11.50 sec
┌ Warning: `svd` cotangents sensitive to gauge choice: (|Δgauge| = 1.0551829169591462)
└ @ TensorKitChainRulesCoreExt ~/.julia/packages/TensorKit/esxcj/ext/TensorKitChainRulesCoreExt/factorizations.jl:254
┌ Warning: `svd` cotangents sensitive to gauge choice: (|Δgauge| = 9.155709910781499e-10)
└ @ TensorKitChainRulesCoreExt ~/.julia/packages/TensorKit/esxcj/ext/TensorKitChainRulesCoreExt/factorizations.jl:254
┌ Warning: `svd` cotangents sensitive to gauge choice: (|Δgauge| = 1.0551829160435495)
└ @ TensorKitChainRulesCoreExt ~/.julia/packages/TensorKit/esxcj/ext/TensorKitChainRulesCoreExt/factorizations.jl:254
[ Info: LBFGS: iter    1, time 1256.55 s: f = -0.687099662241, ‖∇f‖ = 1.1927e+00, α = 1.90e+02, m = 0, nfg = 8
[ Info: CTMRG init:	obj = +2.841080972065e+00	err = 1.0000e+00
[ Info: CTMRG conv 13:	obj = +3.291811550789e+00	err = 9.5548704183e-10	time = 5.12 sec
┌ Warning: `svd` cotangents sensitive to gauge choice: (|Δgauge| = 1.0284514920447885)
└ @ TensorKitChainRulesCoreExt ~/.julia/packages/TensorKit/esxcj/ext/TensorKitChainRulesCoreExt/factorizations.jl:254
┌ Warning: `svd` cotangents sensitive to gauge choice: (|Δgauge| = 1.9737599837519896e-10)
└ @ TensorKitChainRulesCoreExt ~/.julia/packages/TensorKit/esxcj/ext/TensorKitChainRulesCoreExt/factorizations.jl:254
┌ Warning: `svd` cotangents sensitive to gauge choice: (|Δgauge| = 1.0284514922412107)
└ @ TensorKitChainRulesCoreExt ~/.julia/packages/TensorKit/esxcj/ext/TensorKitChainRulesCoreExt/factorizations.jl:254
[ Info: CTMRG init:	obj = +7.989404235434e+00	err = 1.0000e+00
[ Info: CTMRG conv 9:	obj = +1.660141784667e+01	err = 2.0703608290e-10	time = 3.40 sec
┌ Warning: `svd` cotangents sensitive to gauge choice: (|Δgauge| = 0.06383507610134065)
└ @ TensorKitChainRulesCoreExt ~/.julia/packages/TensorKit/esxcj/ext/TensorKitChainRulesCoreExt/factorizations.jl:254
┌ Warning: `svd` cotangents sensitive to gauge choice: (|Δgauge| = 0.06383507595264346)
└ @ TensorKitChainRulesCoreExt ~/.julia/packages/TensorKit/esxcj/ext/TensorKitChainRulesCoreExt/factorizations.jl:254
[ Info: CTMRG init:	obj = +7.989315789980e+00	err = 1.0000e+00
[ Info: CTMRG conv 9:	obj = +1.660117471004e+01	err = 1.7505816851e-10	time = 4.13 sec
┌ Warning: `svd` cotangents sensitive to gauge choice: (|Δgauge| = 0.06383960143933676)
└ @ TensorKitChainRulesCoreExt ~/.julia/packages/TensorKit/esxcj/ext/TensorKitChainRulesCoreExt/factorizations.jl:254
┌ Warning: `svd` cotangents sensitive to gauge choice: (|Δgauge| = 0.06383960158841695)
└ @ TensorKitChainRulesCoreExt ~/.julia/packages/TensorKit/esxcj/ext/TensorKitChainRulesCoreExt/factorizations.jl:254
[ Info: LBFGS: converged after 2 iterations and time 1282.60 s: f = -3.003342326843, ‖∇f‖ = 2.5954e-04
