  Installing known registries into `~/.julia`
       Added `General` registry to ~/.julia/registries
    Updating registry at `~/.julia/registries/General.toml`
   Installed GPUArraysCore ─────────────── v0.2.0
   Installed TaskLocalValues ───────────── v0.1.2
   Installed IrrationalConstants ───────── v0.2.4
   Installed RealDot ───────────────────── v0.1.0
   Installed IRTools ───────────────────── v0.4.14
   Installed JLD2 ──────────────────────── v0.5.12
   Installed BlockTensorKit ────────────── v0.1.6
   Installed OhMyThreads ───────────────── v0.7.0
   Installed DiffRules ─────────────────── v1.15.1
   Installed IntegerMathUtils ──────────── v0.1.2
   Installed PtrArrays ─────────────────── v1.3.0
   Installed LRUCache ──────────────────── v1.6.2
   Installed Preferences ───────────────── v1.4.3
   Installed Adapt ─────────────────────── v4.3.0
   Installed TableTraits ───────────────── v1.0.1
   Installed Accessors ─────────────────── v0.1.42
   Installed DiffResults ───────────────── v1.1.0
   Installed LoggingExtras ─────────────── v1.0.3
   Installed OptimKit ──────────────────── v0.4.0
   Installed WignerSymbols ─────────────── v2.0.0
   Installed HashArrayMappedTries ──────── v0.2.0
   Installed SpecialFunctions ──────────── v2.5.0
   Installed Tables ────────────────────── v1.12.0
   Installed DataAPI ───────────────────── v1.16.0
   Installed ChunkSplitters ────────────── v3.1.2
   Installed RecipesBase ───────────────── v1.3.4
   Installed TensorKit ─────────────────── v0.14.5
   Installed Primes ────────────────────── v0.5.7
   Installed StaticArrays ──────────────── v1.9.13
   Installed Zygote ────────────────────── v0.7.6
   Installed MPSKit ────────────────────── v0.12.6
   Installed AbstractFFTs ──────────────── v1.5.0
   Installed JLLWrappers ───────────────── v1.7.0
   Installed Richardson ────────────────── v1.4.2
   Installed StaticArraysCore ──────────── v1.4.3
   Installed NaNMath ───────────────────── v1.1.3
   Installed IteratorInterfaceExtensions ─ v1.0.0
   Installed BlockArrays ───────────────── v1.6.0
   Installed FiniteDifferences ─────────── v0.12.32
   Installed PrecompileTools ───────────── v1.2.1
   Installed StableTasks ───────────────── v0.1.7
   Installed ConstructionBase ──────────── v1.5.8
   Installed DataValueInterfaces ───────── v1.0.0
   Installed RationalRoots ─────────────── v0.2.1
   Installed OrderedCollections ────────── v1.8.0
   Installed StructArrays ──────────────── v0.7.1
   Installed TensorKitSectors ──────────── v0.1.4
   Installed TranscodingStreams ────────── v0.11.3
   Installed VectorInterface ───────────── v0.5.0
   Installed ScopedValues ──────────────── v1.3.0
   Installed InitialValues ─────────────── v0.3.1
   Installed MPSKitModels ──────────────── v0.4.0
   Installed ForwardDiff ───────────────── v1.0.1
   Installed ChainRulesCore ────────────── v1.25.1
   Installed FillArrays ────────────────── v1.13.0
   Installed FileIO ────────────────────── v1.17.0
   Installed Statistics ────────────────── v1.11.1
   Installed StridedViews ──────────────── v0.4.1
   Installed ZygoteRules ───────────────── v0.2.7
   Installed Requires ──────────────────── v1.3.1
   Installed LogExpFunctions ───────────── v0.3.29
   Installed BangBang ──────────────────── v0.4.4
   Installed CommonSubexpressions ──────── v0.3.1
   Installed ChainRules ────────────────── v1.72.3
   Installed TensorKitManifolds ────────── v0.7.2
   Installed HalfIntegers ──────────────── v1.6.0
   Installed PackageExtensionCompat ────── v1.0.2
   Installed Strided ───────────────────── v2.3.0
   Installed MacroTools ────────────────── v0.5.15
   Installed OpenSpecFun_jll ───────────── v0.5.6+0
   Installed CompositionsBase ──────────── v0.1.2
   Installed Compat ────────────────────── v4.16.0
   Installed SparseInverseSubset ───────── v0.1.2
   Installed TupleTools ────────────────── v1.6.0
   Installed InverseFunctions ──────────── v0.1.17
   Installed TensorOperations ──────────── v5.2.0
   Installed DocStringExtensions ───────── v0.9.4
   Installed ArrayLayouts ──────────────── v1.11.1
   Installed KrylovKit ─────────────────── v0.9.5
   Installed PEPSKit ───────────────────── v0.5.0
    Updating `/var/lib/condor/execute/dir_1052070/Project.toml`
  [d360d2e6] + ChainRulesCore v1.25.1
  [033835bb] + JLD2 v0.5.12
  [0b1a1467] + KrylovKit v0.9.5
  [bb1c41ca] + MPSKit v0.12.6
  [ca635005] + MPSKitModels v0.4.0
  [77e91f04] + OptimKit v0.4.0
  [52969e89] + PEPSKit v0.5.0
  [07d1fe3e] + TensorKit v0.14.5
  [409d34a3] + VectorInterface v0.5.0
  [e88e6eb3] + Zygote v0.7.6
  [37e2e46d] ~ LinearAlgebra ⇒ v1.11.0
    Updating `/var/lib/condor/execute/dir_1052070/Manifest.toml`
  [621f4979] + AbstractFFTs v1.5.0
  [7d9f7c33] + Accessors v0.1.42
  [79e6a3ab] + Adapt v4.3.0
  [4c555306] + ArrayLayouts v1.11.1
  [198e06fe] + BangBang v0.4.4
  [8e7c35d0] + BlockArrays v1.6.0
  [5f87ffc2] + BlockTensorKit v0.1.6
  [082447d4] + ChainRules v1.72.3
  [d360d2e6] + ChainRulesCore v1.25.1
  [ae650224] + ChunkSplitters v3.1.2
  [bbf7d656] + CommonSubexpressions v0.3.1
  [34da2185] + Compat v4.16.0
  [a33af91c] + CompositionsBase v0.1.2
  [187b0558] + ConstructionBase v1.5.8
  [9a962f9c] + DataAPI v1.16.0
  [e2d170a0] + DataValueInterfaces v1.0.0
  [163ba53b] + DiffResults v1.1.0
  [b552c78f] + DiffRules v1.15.1
  [ffbed154] + DocStringExtensions v0.9.4
  [5789e2e9] + FileIO v1.17.0
  [1a297f60] + FillArrays v1.13.0
  [26cc04aa] + FiniteDifferences v0.12.32
  [f6369f11] + ForwardDiff v1.0.1
  [46192b85] + GPUArraysCore v0.2.0
  [f0d1745a] + HalfIntegers v1.6.0
  [076d061b] + HashArrayMappedTries v0.2.0
  [7869d1d1] + IRTools v0.4.14
  [22cec73e] + InitialValues v0.3.1
  [18e54dd8] + IntegerMathUtils v0.1.2
  [3587e190] + InverseFunctions v0.1.17
  [92d709cd] + IrrationalConstants v0.2.4
  [82899510] + IteratorInterfaceExtensions v1.0.0
  [033835bb] + JLD2 v0.5.12
  [692b3bcd] + JLLWrappers v1.7.0
  [0b1a1467] + KrylovKit v0.9.5
  [8ac3fa9e] + LRUCache v1.6.2
  [2ab3a3ac] + LogExpFunctions v0.3.29
⌅ [e6f89c97] + LoggingExtras v1.0.3
  [bb1c41ca] + MPSKit v0.12.6
  [ca635005] + MPSKitModels v0.4.0
  [1914dd2f] + MacroTools v0.5.15
  [77ba4419] + NaNMath v1.1.3
⌅ [67456a42] + OhMyThreads v0.7.0
  [77e91f04] + OptimKit v0.4.0
  [bac558e1] + OrderedCollections v1.8.0
  [52969e89] + PEPSKit v0.5.0
  [65ce6f38] + PackageExtensionCompat v1.0.2
⌅ [aea7be01] + PrecompileTools v1.2.1
  [21216c6a] + Preferences v1.4.3
  [27ebfcd6] + Primes v0.5.7
  [43287f4e] + PtrArrays v1.3.0
  [308eb6b3] + RationalRoots v0.2.1
  [c1ae055f] + RealDot v0.1.0
  [3cdcf5f2] + RecipesBase v1.3.4
  [ae029012] + Requires v1.3.1
  [708f8203] + Richardson v1.4.2
  [7e506255] + ScopedValues v1.3.0
  [dc90abb0] + SparseInverseSubset v0.1.2
  [276daf66] + SpecialFunctions v2.5.0
  [91464d47] + StableTasks v0.1.7
  [90137ffa] + StaticArrays v1.9.13
  [1e83bf80] + StaticArraysCore v1.4.3
  [10745b16] + Statistics v1.11.1
  [5e0ebb24] + Strided v2.3.0
  [4db3bf67] + StridedViews v0.4.1
  [09ab397b] + StructArrays v0.7.1
  [3783bdb8] + TableTraits v1.0.1
  [bd369af6] + Tables v1.12.0
  [ed4db957] + TaskLocalValues v0.1.2
  [07d1fe3e] + TensorKit v0.14.5
  [11fa318c] + TensorKitManifolds v0.7.2
  [13a9c161] + TensorKitSectors v0.1.4
  [6aa20fa7] + TensorOperations v5.2.0
  [3bb67fe8] + TranscodingStreams v0.11.3
  [9d95972d] + TupleTools v1.6.0
  [409d34a3] + VectorInterface v0.5.0
  [9f57e263] + WignerSymbols v2.0.0
  [e88e6eb3] + Zygote v0.7.6
  [700de1a5] + ZygoteRules v0.2.7
  [efe28fd5] + OpenSpecFun_jll v0.5.6+0
  [0dad84c5] + ArgTools v1.1.2
  [56f22d72] + Artifacts v1.11.0
  [2a0f44e3] + Base64 v1.11.0
  [ade2ca70] + Dates v1.11.0
  [8ba89e20] + Distributed v1.11.0
  [f43a241f] + Downloads v1.6.0
  [7b1f6079] + FileWatching v1.11.0
  [b77e0a4c] + InteractiveUtils v1.11.0
  [b27032c2] + LibCURL v0.6.4
  [76f85450] + LibGit2 v1.11.0
  [8f399da3] + Libdl v1.11.0
  [37e2e46d] + LinearAlgebra v1.11.0
  [56ddb016] + Logging v1.11.0
  [d6f4376e] + Markdown v1.11.0
  [a63ad114] + Mmap v1.11.0
  [ca575930] + NetworkOptions v1.2.0
  [44cfe95a] + Pkg v1.11.0
  [de0858da] + Printf v1.11.0
  [9a3f8284] + Random v1.11.0
  [ea8e919c] + SHA v0.7.0
  [9e88b42a] + Serialization v1.11.0
  [6462fe0b] + Sockets v1.11.0
  [2f01184e] + SparseArrays v1.11.0
  [4607b0f0] + SuiteSparse
  [fa267f1f] + TOML v1.0.3
  [a4e569a6] + Tar v1.10.0
  [cf7118a7] + UUIDs v1.11.0
  [4ec0a83e] + Unicode v1.11.0
  [e66e0078] + CompilerSupportLibraries_jll v1.1.1+0
  [deac9b47] + LibCURL_jll v8.6.0+0
  [e37daf67] + LibGit2_jll v1.7.2+0
  [29816b5a] + LibSSH2_jll v1.11.0+1
  [c8ffd9c3] + MbedTLS_jll v2.28.6+0
  [14a3606d] + MozillaCACerts_jll v2023.12.12
  [4536629a] + OpenBLAS_jll v0.3.27+1
  [05823500] + OpenLibm_jll v0.8.1+2
  [bea87d4a] + SuiteSparse_jll v7.7.0+0
  [83775a58] + Zlib_jll v1.2.13+1
  [8e850b90] + libblastrampoline_jll v5.11.0+0
  [8e850ede] + nghttp2_jll v1.59.0+0
  [3f19e933] + p7zip_jll v17.4.0+2
        Info Packages marked with ⌅ have new versions available but compatibility constraints restrict them from upgrading. To see why use `status --outdated -m`
Precompiling project...
    569.1 ms  ✓ TaskLocalValues
    631.7 ms  ✓ DataValueInterfaces
    627.8 ms  ✓ RealDot
    657.6 ms  ✓ IntegerMathUtils
    745.7 ms  ✓ Richardson
    841.8 ms  ✓ HalfIntegers
    832.8 ms  ✓ InverseFunctions
   1099.2 ms  ✓ OrderedCollections
   1114.2 ms  ✓ StableTasks
   1101.3 ms  ✓ LRUCache
   1194.4 ms  ✓ AbstractFFTs
   1180.9 ms  ✓ VectorInterface
   1201.1 ms  ✓ Statistics
    653.2 ms  ✓ IteratorInterfaceExtensions
   1233.8 ms  ✓ DocStringExtensions
    657.6 ms  ✓ PackageExtensionCompat
    753.3 ms  ✓ DataAPI
    664.2 ms  ✓ CompositionsBase
   1022.0 ms  ✓ ConstructionBase
    895.5 ms  ✓ ChunkSplitters
    688.4 ms  ✓ PtrArrays
    676.9 ms  ✓ StaticArraysCore
   2141.5 ms  ✓ FillArrays
    932.7 ms  ✓ RationalRoots
    864.0 ms  ✓ TableTraits
    970.3 ms  ✓ TupleTools
    894.1 ms  ✓ HashArrayMappedTries
   1083.6 ms  ✓ Requires
   1022.1 ms  ✓ LoggingExtras
   1250.7 ms  ✓ TranscodingStreams
   1063.6 ms  ✓ Compat
   1100.5 ms  ✓ SuiteSparse
   2791.8 ms  ✓ IrrationalConstants
   1265.6 ms  ✓ Preferences
    929.9 ms  ✓ LRUCache → SerializationExt
    911.4 ms  ✓ StridedViews
   1304.6 ms  ✓ InverseFunctions → InverseFunctionsDatesExt
   2090.4 ms  ✓ InitialValues
    840.5 ms  ✓ ConstructionBase → ConstructionBaseLinearAlgebraExt
    900.4 ms  ✓ CompositionsBase → CompositionsBaseInverseFunctionsExt
   1157.7 ms  ✓ NaNMath
   1545.4 ms  ✓ Primes
    743.0 ms  ✓ FillArrays → FillArraysStatisticsExt
    877.8 ms  ✓ DiffResults
    713.6 ms  ✓ ScopedValues
   1709.7 ms  ✓ Statistics → SparseArraysExt
    806.2 ms  ✓ Adapt
   1074.5 ms  ✓ FillArrays → FillArraysSparseArraysExt
    694.8 ms  ✓ PrecompileTools
    907.9 ms  ✓ Compat → CompatLinearAlgebraExt
    954.1 ms  ✓ SparseInverseSubset
    958.7 ms  ✓ StridedViews → StridedViewsPtrArraysExt
   1050.5 ms  ✓ JLLWrappers
   1384.1 ms  ✓ Tables
   1343.2 ms  ✓ Strided
    956.1 ms  ✓ Adapt → AdaptSparseArraysExt
   1730.2 ms  ✓ LogExpFunctions
   1164.4 ms  ✓ GPUArraysCore
   3186.2 ms  ✓ KrylovKit
   1012.7 ms  ✓ OpenSpecFun_jll
    603.3 ms  ✓ LogExpFunctions → LogExpFunctionsInverseFunctionsExt
   1569.6 ms  ✓ StructArrays
   5604.7 ms  ✓ MacroTools
   2508.6 ms  ✓ OptimKit
    726.7 ms  ✓ StructArrays → StructArraysLinearAlgebraExt
   2536.4 ms  ✓ ChainRulesCore
    937.6 ms  ✓ StructArrays → StructArraysAdaptExt
   3021.9 ms  ✓ RecipesBase
   1158.6 ms  ✓ StructArrays → StructArraysSparseArraysExt
    997.9 ms  ✓ CommonSubexpressions
    950.1 ms  ✓ ChainRulesCore → ChainRulesCoreSparseArraysExt
   1050.6 ms  ✓ AbstractFFTs → AbstractFFTsChainRulesCoreExt
   1926.4 ms  ✓ ZygoteRules
   1785.6 ms  ✓ KrylovKit → KrylovKitChainRulesCoreExt
   5042.0 ms  ✓ WignerSymbols
   2787.8 ms  ✓ LogExpFunctions → LogExpFunctionsChainRulesCoreExt
   6634.6 ms  ✓ FileIO
   4099.4 ms  ✓ Accessors
   4176.3 ms  ✓ IRTools
   5231.1 ms  ✓ SpecialFunctions
    787.6 ms  ✓ Accessors → StructArraysExt
    798.2 ms  ✓ Accessors → LinearAlgebraExt
    976.7 ms  ✓ DiffRules
   1276.6 ms  ✓ BangBang
    795.0 ms  ✓ BangBang → BangBangStructArraysExt
    799.0 ms  ✓ BangBang → BangBangChainRulesCoreExt
    801.4 ms  ✓ BangBang → BangBangTablesExt
   2972.8 ms  ✓ SpecialFunctions → SpecialFunctionsChainRulesCoreExt
   1513.6 ms  ✓ OhMyThreads
   8568.0 ms  ✓ ChainRules
  13062.7 ms  ✓ StaticArrays
   5820.6 ms  ✓ ForwardDiff
    922.1 ms  ✓ ConstructionBase → ConstructionBaseStaticArraysExt
    978.1 ms  ✓ StaticArrays → StaticArraysStatisticsExt
   1011.3 ms  ✓ Adapt → AdaptStaticArraysExt
   1115.7 ms  ✓ StructArrays → StructArraysStaticArraysExt
   1142.9 ms  ✓ StaticArrays → StaticArraysChainRulesCoreExt
   1225.4 ms  ✓ BangBang → BangBangStaticArraysExt
   1289.9 ms  ✓ Accessors → StaticArraysExt
   1144.6 ms  ✓ ForwardDiff → ForwardDiffStaticArraysExt
   1639.7 ms  ✓ FiniteDifferences
  18495.8 ms  ✓ ArrayLayouts
   1013.6 ms  ✓ ArrayLayouts → ArrayLayoutsSparseArraysExt
   2159.3 ms  ✓ BlockArrays
   1122.4 ms  ✓ BlockArrays → BlockArraysAdaptExt
  41484.7 ms  ✓ JLD2
  42292.2 ms  ✓ Zygote
 189077.0 ms  ✓ TensorOperations
   1725.0 ms  ✓ TensorOperations → TensorOperationsChainRulesCoreExt
   9084.7 ms  ✓ TensorKitSectors
  10187.2 ms  ✓ TensorKit
   2324.7 ms  ✓ TensorKit → TensorKitFiniteDifferencesExt
   2339.8 ms  ✓ TensorKitManifolds
   2539.6 ms  ✓ TensorKit → TensorKitChainRulesCoreExt
   3297.5 ms  ✓ BlockTensorKit
  19436.8 ms  ✓ MPSKit
  16593.5 ms  ✓ MPSKitModels
  18770.2 ms  ✓ PEPSKit
  118 dependencies successfully precompiled in 271 seconds. 31 already precompiled.
[ Info: CTMRG init:	obj = +5.671882727293e-02 -1.332128430353e-01im	err = 1.0000e+00
[ Info: CTMRG conv 49:	obj = +2.000237234919e+00	err = 6.9816332305e-10	time = 28.88 min
[ Info: CTMRG init:	obj = +2.000237234919e+00	err = 1.0000e+00
[ Info: CTMRG conv 4:	obj = +2.000237234919e+00	err = 1.2839663401e-10	time = 4.44 min
┌ Warning: `svd` cotangents sensitive to gauge choice: (|Δgauge| = 0.08037243203029654)
└ @ TensorKitChainRulesCoreExt ~/.julia/packages/TensorKit/esxcj/ext/TensorKitChainRulesCoreExt/factorizations.jl:254
┌ Warning: `svd` cotangents sensitive to gauge choice: (|Δgauge| = 0.013046003483532851)
└ @ TensorKitChainRulesCoreExt ~/.julia/packages/TensorKit/esxcj/ext/TensorKitChainRulesCoreExt/factorizations.jl:254
┌ Warning: `svd` cotangents sensitive to gauge choice: (|Δgauge| = 0.06956423828434546)
└ @ TensorKitChainRulesCoreExt ~/.julia/packages/TensorKit/esxcj/ext/TensorKitChainRulesCoreExt/factorizations.jl:254
[ Info: LBFGS: initializing with f = -1.237572361971, ‖∇f‖ = 4.3564e-01
[ Info: CTMRG init:	obj = +2.012912180892e+00	err = 1.0000e+00
[ Info: CTMRG conv 37:	obj = +2.012945847440e+00	err = 9.4038620105e-10	time = 16.96 min
┌ Warning: `svd` cotangents sensitive to gauge choice: (|Δgauge| = 0.07796750478437403)
└ @ TensorKitChainRulesCoreExt ~/.julia/packages/TensorKit/esxcj/ext/TensorKitChainRulesCoreExt/factorizations.jl:254
┌ Warning: `svd` cotangents sensitive to gauge choice: (|Δgauge| = 4.068060984025583e-9)
└ @ TensorKitChainRulesCoreExt ~/.julia/packages/TensorKit/esxcj/ext/TensorKitChainRulesCoreExt/factorizations.jl:254
┌ Warning: `svd` cotangents sensitive to gauge choice: (|Δgauge| = 0.07796750135462892)
└ @ TensorKitChainRulesCoreExt ~/.julia/packages/TensorKit/esxcj/ext/TensorKitChainRulesCoreExt/factorizations.jl:254
[ Info: CTMRG init:	obj = +2.063911264812e+00	err = 1.0000e+00
[ Info: CTMRG conv 33:	obj = +2.064622519704e+00	err = 8.6669462528e-10	time = 19.30 min
┌ Warning: `svd` cotangents sensitive to gauge choice: (|Δgauge| = 0.07290758759037166)
└ @ TensorKitChainRulesCoreExt ~/.julia/packages/TensorKit/esxcj/ext/TensorKitChainRulesCoreExt/factorizations.jl:254
┌ Warning: `svd` cotangents sensitive to gauge choice: (|Δgauge| = 8.894410119742437e-10)
└ @ TensorKitChainRulesCoreExt ~/.julia/packages/TensorKit/esxcj/ext/TensorKitChainRulesCoreExt/factorizations.jl:254
┌ Warning: `svd` cotangents sensitive to gauge choice: (|Δgauge| = 0.07290758817083476)
└ @ TensorKitChainRulesCoreExt ~/.julia/packages/TensorKit/esxcj/ext/TensorKitChainRulesCoreExt/factorizations.jl:254
[ Info: CTMRG init:	obj = +2.325724214072e+00	err = 1.0000e+00
[ Info: CTMRG conv 23:	obj = +2.336677890174e+00	err = 4.3187060106e-10	time = 14.44 min
┌ Warning: `svd` cotangents sensitive to gauge choice: (|Δgauge| = 0.09644423443240761)
└ @ TensorKitChainRulesCoreExt ~/.julia/packages/TensorKit/esxcj/ext/TensorKitChainRulesCoreExt/factorizations.jl:254
┌ Warning: `svd` cotangents sensitive to gauge choice: (|Δgauge| = 1.551386149853015e-9)
└ @ TensorKitChainRulesCoreExt ~/.julia/packages/TensorKit/esxcj/ext/TensorKitChainRulesCoreExt/factorizations.jl:254
┌ Warning: `svd` cotangents sensitive to gauge choice: (|Δgauge| = 0.09644423448330104)
└ @ TensorKitChainRulesCoreExt ~/.julia/packages/TensorKit/esxcj/ext/TensorKitChainRulesCoreExt/factorizations.jl:254
[ Info: CTMRG init:	obj = +3.757198112252e+00 +8.379692592196e-12im	err = 1.0000e+00
[ Info: CTMRG conv 16:	obj = +3.869406219938e+00	err = 7.0002034419e-10	time = 9.26 min
┌ Warning: `svd` cotangents sensitive to gauge choice: (|Δgauge| = 0.1432108796018261)
└ @ TensorKitChainRulesCoreExt ~/.julia/packages/TensorKit/esxcj/ext/TensorKitChainRulesCoreExt/factorizations.jl:254
┌ Warning: `svd` cotangents sensitive to gauge choice: (|Δgauge| = 1.5849990523874615e-10)
└ @ TensorKitChainRulesCoreExt ~/.julia/packages/TensorKit/esxcj/ext/TensorKitChainRulesCoreExt/factorizations.jl:254
┌ Warning: `svd` cotangents sensitive to gauge choice: (|Δgauge| = 0.1432108795735803)
└ @ TensorKitChainRulesCoreExt ~/.julia/packages/TensorKit/esxcj/ext/TensorKitChainRulesCoreExt/factorizations.jl:254
[ Info: CTMRG init:	obj = +3.525111263598e+00 +7.299146427539e-12im	err = 1.0000e+00
[ Info: CTMRG conv 17:	obj = +3.618888168998e+00	err = 3.4674292345e-10	time = 15.21 sec
┌ Warning: `svd` cotangents sensitive to gauge choice: (|Δgauge| = 0.1381713114385983)
└ @ TensorKitChainRulesCoreExt ~/.julia/packages/TensorKit/esxcj/ext/TensorKitChainRulesCoreExt/factorizations.jl:254
┌ Warning: `svd` cotangents sensitive to gauge choice: (|Δgauge| = 1.02639520108343e-10)
└ @ TensorKitChainRulesCoreExt ~/.julia/packages/TensorKit/esxcj/ext/TensorKitChainRulesCoreExt/factorizations.jl:254
┌ Warning: `svd` cotangents sensitive to gauge choice: (|Δgauge| = 0.1381713114587273)
└ @ TensorKitChainRulesCoreExt ~/.julia/packages/TensorKit/esxcj/ext/TensorKitChainRulesCoreExt/factorizations.jl:254
[ Info: LBFGS: iter    1, time 6028.09 s: f = -1.265248455316, ‖∇f‖ = 2.8934e-01, α = 1.09e+02, m = 0, nfg = 5
[ Info: CTMRG init:	obj = +3.457364183376e+00	err = 1.0000e+00
[ Info: CTMRG conv 16:	obj = +3.499394831360e+00	err = 7.0095819329e-10	time = 9.47 min
┌ Warning: `svd` cotangents sensitive to gauge choice: (|Δgauge| = 0.27539420360293043)
└ @ TensorKitChainRulesCoreExt ~/.julia/packages/TensorKit/esxcj/ext/TensorKitChainRulesCoreExt/factorizations.jl:254
┌ Warning: `svd` cotangents sensitive to gauge choice: (|Δgauge| = 6.072453569554664e-10)
└ @ TensorKitChainRulesCoreExt ~/.julia/packages/TensorKit/esxcj/ext/TensorKitChainRulesCoreExt/factorizations.jl:254
┌ Warning: `svd` cotangents sensitive to gauge choice: (|Δgauge| = 0.27539420344681337)
└ @ TensorKitChainRulesCoreExt ~/.julia/packages/TensorKit/esxcj/ext/TensorKitChainRulesCoreExt/factorizations.jl:254
[ Info: LBFGS: iter    2, time 6711.65 s: f = -1.378423945936, ‖∇f‖ = 1.9885e-01, α = 1.00e+00, m = 1, nfg = 1
[ Info: CTMRG init:	obj = +3.066540909475e+00	err = 1.0000e+00
[ Info: CTMRG conv 19:	obj = +3.236237428052e+00	err = 2.5751902238e-10	time = 10.25 min
┌ Warning: `svd` cotangents sensitive to gauge choice: (|Δgauge| = 0.3817387719565384)
└ @ TensorKitChainRulesCoreExt ~/.julia/packages/TensorKit/esxcj/ext/TensorKitChainRulesCoreExt/factorizations.jl:254
┌ Warning: `svd` cotangents sensitive to gauge choice: (|Δgauge| = 3.6855378092909046e-11)
└ @ TensorKitChainRulesCoreExt ~/.julia/packages/TensorKit/esxcj/ext/TensorKitChainRulesCoreExt/factorizations.jl:254
┌ Warning: `svd` cotangents sensitive to gauge choice: (|Δgauge| = 0.3817387719661398)
└ @ TensorKitChainRulesCoreExt ~/.julia/packages/TensorKit/esxcj/ext/TensorKitChainRulesCoreExt/factorizations.jl:254
[ Info: LBFGS: iter    3, time 7453.54 s: f = -1.428365691616, ‖∇f‖ = 4.3961e-01, α = 1.00e+00, m = 2, nfg = 1
[ Info: CTMRG init:	obj = +3.283841198296e+00	err = 1.0000e+00
[ Info: CTMRG conv 17:	obj = +3.291442832016e+00	err = 3.7000990680e-10	time = 9.99 min
┌ Warning: `svd` cotangents sensitive to gauge choice: (|Δgauge| = 0.2887953696503388)
└ @ TensorKitChainRulesCoreExt ~/.julia/packages/TensorKit/esxcj/ext/TensorKitChainRulesCoreExt/factorizations.jl:254
┌ Warning: `svd` cotangents sensitive to gauge choice: (|Δgauge| = 3.4738532038264653e-10)
└ @ TensorKitChainRulesCoreExt ~/.julia/packages/TensorKit/esxcj/ext/TensorKitChainRulesCoreExt/factorizations.jl:254
┌ Warning: `svd` cotangents sensitive to gauge choice: (|Δgauge| = 0.2887953697907131)
└ @ TensorKitChainRulesCoreExt ~/.julia/packages/TensorKit/esxcj/ext/TensorKitChainRulesCoreExt/factorizations.jl:254
[ Info: LBFGS: iter    4, time 8174.79 s: f = -1.523287340533, ‖∇f‖ = 2.8433e-01, α = 1.00e+00, m = 3, nfg = 1
[ Info: CTMRG init:	obj = +3.041022883225e+00	err = 1.0000e+00
┌ Warning: CTMRG cancel 100:	obj = +3.236808193566e+00	err = 1.9036832000e-09	time = 40.44 min
└ @ PEPSKit ~/.julia/packages/PEPSKit/P7ER3/src/algorithms/ctmrg/ctmrg.jl:129
┌ Warning: `svd` cotangents sensitive to gauge choice: (|Δgauge| = 0.34755711075172213)
└ @ TensorKitChainRulesCoreExt ~/.julia/packages/TensorKit/esxcj/ext/TensorKitChainRulesCoreExt/factorizations.jl:254
┌ Warning: `svd` cotangents sensitive to gauge choice: (|Δgauge| = 1.9732491594809123e-10)
└ @ TensorKitChainRulesCoreExt ~/.julia/packages/TensorKit/esxcj/ext/TensorKitChainRulesCoreExt/factorizations.jl:254
┌ Warning: `svd` cotangents sensitive to gauge choice: (|Δgauge| = 0.347557110751586)
└ @ TensorKitChainRulesCoreExt ~/.julia/packages/TensorKit/esxcj/ext/TensorKitChainRulesCoreExt/factorizations.jl:254
[ Info: CTMRG init:	obj = +1.072426072753e+00	err = 1.0000e+00
[ Info: CTMRG conv 53:	obj = +4.540793882031e+00	err = 8.1385525870e-10	time = 18.49 min
┌ Warning: `svd` cotangents sensitive to gauge choice: (|Δgauge| = 0.16079193651473045)
└ @ TensorKitChainRulesCoreExt ~/.julia/packages/TensorKit/esxcj/ext/TensorKitChainRulesCoreExt/factorizations.jl:254
┌ Warning: `svd` cotangents sensitive to gauge choice: (|Δgauge| = 8.00413004487164e-11)
└ @ TensorKitChainRulesCoreExt ~/.julia/packages/TensorKit/esxcj/ext/TensorKitChainRulesCoreExt/factorizations.jl:254
┌ Warning: `svd` cotangents sensitive to gauge choice: (|Δgauge| = 0.16079193659474833)
└ @ TensorKitChainRulesCoreExt ~/.julia/packages/TensorKit/esxcj/ext/TensorKitChainRulesCoreExt/factorizations.jl:254
[ Info: CTMRG init:	obj = +1.169564964186e+00	err = 1.0000e+00
[ Info: CTMRG conv 49:	obj = +4.531530904209e+00	err = 5.9311435223e-10	time = 28.78 min
┌ Warning: `svd` cotangents sensitive to gauge choice: (|Δgauge| = 0.1689133257893666)
└ @ TensorKitChainRulesCoreExt ~/.julia/packages/TensorKit/esxcj/ext/TensorKitChainRulesCoreExt/factorizations.jl:254
┌ Warning: `svd` cotangents sensitive to gauge choice: (|Δgauge| = 3.741644228826726e-11)
└ @ TensorKitChainRulesCoreExt ~/.julia/packages/TensorKit/esxcj/ext/TensorKitChainRulesCoreExt/factorizations.jl:254
┌ Warning: `svd` cotangents sensitive to gauge choice: (|Δgauge| = 0.16891332582677193)
└ @ TensorKitChainRulesCoreExt ~/.julia/packages/TensorKit/esxcj/ext/TensorKitChainRulesCoreExt/factorizations.jl:254
[ Info: CTMRG init:	obj = +2.045264521901e+00	err = 1.0000e+00
[ Info: CTMRG conv 25:	obj = +3.959038195437e+00	err = 7.0803477861e-10	time = 13.22 min
┌ Warning: `svd` cotangents sensitive to gauge choice: (|Δgauge| = 0.3310817089091012)
└ @ TensorKitChainRulesCoreExt ~/.julia/packages/TensorKit/esxcj/ext/TensorKitChainRulesCoreExt/factorizations.jl:254
┌ Warning: `svd` cotangents sensitive to gauge choice: (|Δgauge| = 4.247618254328783e-11)
└ @ TensorKitChainRulesCoreExt ~/.julia/packages/TensorKit/esxcj/ext/TensorKitChainRulesCoreExt/factorizations.jl:254
┌ Warning: `svd` cotangents sensitive to gauge choice: (|Δgauge| = 0.33108170895167766)
└ @ TensorKitChainRulesCoreExt ~/.julia/packages/TensorKit/esxcj/ext/TensorKitChainRulesCoreExt/factorizations.jl:254
[ Info: LBFGS: iter    5, time 15527.46 s: f = -1.955151370018, ‖∇f‖ = 1.0191e+00, α = 2.76e+00, m = 3, nfg = 4
[ Info: CTMRG init:	obj = +3.650177276057e+00	err = 1.0000e+00
[ Info: CTMRG conv 26:	obj = +3.764368254331e+00	err = 9.9769394846e-10	time = 13.90 min
┌ Warning: `svd` cotangents sensitive to gauge choice: (|Δgauge| = 0.259290578147249)
└ @ TensorKitChainRulesCoreExt ~/.julia/packages/TensorKit/esxcj/ext/TensorKitChainRulesCoreExt/factorizations.jl:254
┌ Warning: `svd` cotangents sensitive to gauge choice: (|Δgauge| = 1.8622304539315718e-8)
└ @ TensorKitChainRulesCoreExt ~/.julia/packages/TensorKit/esxcj/ext/TensorKitChainRulesCoreExt/factorizations.jl:254
┌ Warning: `svd` cotangents sensitive to gauge choice: (|Δgauge| = 0.25929055952488067)
└ @ TensorKitChainRulesCoreExt ~/.julia/packages/TensorKit/esxcj/ext/TensorKitChainRulesCoreExt/factorizations.jl:254
[ Info: LBFGS: iter    6, time 16540.52 s: f = -2.768943604681, ‖∇f‖ = 7.9467e-01, α = 1.00e+00, m = 3, nfg = 1
[ Info: CTMRG init:	obj = +4.422236492717e+00	err = 1.0000e+00
[ Info: CTMRG conv 12:	obj = +4.572539627711e+00	err = 5.1044578967e-10	time = 7.07 min
┌ Warning: `svd` cotangents sensitive to gauge choice: (|Δgauge| = 0.1366028756746413)
└ @ TensorKitChainRulesCoreExt ~/.julia/packages/TensorKit/esxcj/ext/TensorKitChainRulesCoreExt/factorizations.jl:254
┌ Warning: `svd` cotangents sensitive to gauge choice: (|Δgauge| = 7.986621751494982e-10)
└ @ TensorKitChainRulesCoreExt ~/.julia/packages/TensorKit/esxcj/ext/TensorKitChainRulesCoreExt/factorizations.jl:254
┌ Warning: `svd` cotangents sensitive to gauge choice: (|Δgauge| = 0.1366028759405721)
└ @ TensorKitChainRulesCoreExt ~/.julia/packages/TensorKit/esxcj/ext/TensorKitChainRulesCoreExt/factorizations.jl:254
[ Info: LBFGS: iter    7, time 17055.87 s: f = -3.055767975098, ‖∇f‖ = 3.2368e-01, α = 1.00e+00, m = 3, nfg = 1
[ Info: CTMRG init:	obj = +4.592638540306e+00	err = 1.0000e+00
[ Info: CTMRG conv 12:	obj = +4.610605306438e+00	err = 7.5494129603e-10	time = 7.09 min
┌ Warning: `svd` cotangents sensitive to gauge choice: (|Δgauge| = 0.1172439194209697)
└ @ TensorKitChainRulesCoreExt ~/.julia/packages/TensorKit/esxcj/ext/TensorKitChainRulesCoreExt/factorizations.jl:254
┌ Warning: `svd` cotangents sensitive to gauge choice: (|Δgauge| = 3.272578256012259e-10)
└ @ TensorKitChainRulesCoreExt ~/.julia/packages/TensorKit/esxcj/ext/TensorKitChainRulesCoreExt/factorizations.jl:254
┌ Warning: `svd` cotangents sensitive to gauge choice: (|Δgauge| = 0.11724391950420546)
└ @ TensorKitChainRulesCoreExt ~/.julia/packages/TensorKit/esxcj/ext/TensorKitChainRulesCoreExt/factorizations.jl:254
[ Info: LBFGS: iter    8, time 17571.36 s: f = -3.116718928980, ‖∇f‖ = 8.0080e-02, α = 1.00e+00, m = 3, nfg = 1
[ Info: CTMRG init:	obj = +4.628667034310e+00	err = 1.0000e+00
[ Info: CTMRG conv 11:	obj = +4.630131595103e+00	err = 6.3950921551e-10	time = 6.48 min
┌ Warning: `svd` cotangents sensitive to gauge choice: (|Δgauge| = 0.11585607195138682)
└ @ TensorKitChainRulesCoreExt ~/.julia/packages/TensorKit/esxcj/ext/TensorKitChainRulesCoreExt/factorizations.jl:254
┌ Warning: `svd` cotangents sensitive to gauge choice: (|Δgauge| = 7.836299707651258e-10)
└ @ TensorKitChainRulesCoreExt ~/.julia/packages/TensorKit/esxcj/ext/TensorKitChainRulesCoreExt/factorizations.jl:254
┌ Warning: `svd` cotangents sensitive to gauge choice: (|Δgauge| = 0.11585607213547752)
└ @ TensorKitChainRulesCoreExt ~/.julia/packages/TensorKit/esxcj/ext/TensorKitChainRulesCoreExt/factorizations.jl:254
[ Info: LBFGS: iter    9, time 18044.09 s: f = -3.120304522311, ‖∇f‖ = 3.7417e-02, α = 1.00e+00, m = 3, nfg = 1
[ Info: CTMRG init:	obj = +4.683610190275e+00	err = 1.0000e+00
[ Info: CTMRG conv 9:	obj = +4.683739554499e+00	err = 6.5968539743e-10	time = 5.24 min
┌ Warning: `svd` cotangents sensitive to gauge choice: (|Δgauge| = 0.11124863834622487)
└ @ TensorKitChainRulesCoreExt ~/.julia/packages/TensorKit/esxcj/ext/TensorKitChainRulesCoreExt/factorizations.jl:254
┌ Warning: `svd` cotangents sensitive to gauge choice: (|Δgauge| = 1.0512398453666158e-8)
└ @ TensorKitChainRulesCoreExt ~/.julia/packages/TensorKit/esxcj/ext/TensorKitChainRulesCoreExt/factorizations.jl:254
┌ Warning: `svd` cotangents sensitive to gauge choice: (|Δgauge| = 0.1112486410235582)
└ @ TensorKitChainRulesCoreExt ~/.julia/packages/TensorKit/esxcj/ext/TensorKitChainRulesCoreExt/factorizations.jl:254
[ Info: LBFGS: iter   10, time 18429.89 s: f = -3.122157044977, ‖∇f‖ = 3.0021e-02, α = 1.00e+00, m = 3, nfg = 1
[ Info: CTMRG init:	obj = +4.946213725949e+00	err = 1.0000e+00
[ Info: CTMRG conv 8:	obj = +4.948786472162e+00	err = 4.6030621086e-10	time = 3.47 min
┌ Warning: `svd` cotangents sensitive to gauge choice: (|Δgauge| = 0.09095386425202726)
└ @ TensorKitChainRulesCoreExt ~/.julia/packages/TensorKit/esxcj/ext/TensorKitChainRulesCoreExt/factorizations.jl:254
┌ Warning: `svd` cotangents sensitive to gauge choice: (|Δgauge| = 5.910374107183096e-9)
└ @ TensorKitChainRulesCoreExt ~/.julia/packages/TensorKit/esxcj/ext/TensorKitChainRulesCoreExt/factorizations.jl:254
┌ Warning: `svd` cotangents sensitive to gauge choice: (|Δgauge| = 0.09095385834394948)
└ @ TensorKitChainRulesCoreExt ~/.julia/packages/TensorKit/esxcj/ext/TensorKitChainRulesCoreExt/factorizations.jl:254
[ Info: LBFGS: iter   11, time 18651.94 s: f = -3.123853590140, ‖∇f‖ = 8.4551e-02, α = 1.00e+00, m = 3, nfg = 1
[ Info: CTMRG init:	obj = +5.035055744496e+00	err = 1.0000e+00
[ Info: CTMRG conv 8:	obj = +5.035585001826e+00	err = 5.3909859201e-10	time = 8.19 sec
┌ Warning: `svd` cotangents sensitive to gauge choice: (|Δgauge| = 0.08587011897191694)
└ @ TensorKitChainRulesCoreExt ~/.julia/packages/TensorKit/esxcj/ext/TensorKitChainRulesCoreExt/factorizations.jl:254
┌ Warning: `svd` cotangents sensitive to gauge choice: (|Δgauge| = 1.0180167887308693e-9)
└ @ TensorKitChainRulesCoreExt ~/.julia/packages/TensorKit/esxcj/ext/TensorKitChainRulesCoreExt/factorizations.jl:254
┌ Warning: `svd` cotangents sensitive to gauge choice: (|Δgauge| = 0.08587011937142461)
└ @ TensorKitChainRulesCoreExt ~/.julia/packages/TensorKit/esxcj/ext/TensorKitChainRulesCoreExt/factorizations.jl:254
[ Info: LBFGS: iter   12, time 18672.90 s: f = -3.127582355201, ‖∇f‖ = 1.3389e-02, α = 1.00e+00, m = 3, nfg = 1
[ Info: CTMRG init:	obj = +5.084956886550e+00	err = 1.0000e+00
[ Info: CTMRG conv 8:	obj = +5.085065407121e+00	err = 5.6126976186e-10	time = 4.88 min
┌ Warning: `svd` cotangents sensitive to gauge choice: (|Δgauge| = 0.08382206800863762)
└ @ TensorKitChainRulesCoreExt ~/.julia/packages/TensorKit/esxcj/ext/TensorKitChainRulesCoreExt/factorizations.jl:254
┌ Warning: `svd` cotangents sensitive to gauge choice: (|Δgauge| = 4.634515113033188e-10)
└ @ TensorKitChainRulesCoreExt ~/.julia/packages/TensorKit/esxcj/ext/TensorKitChainRulesCoreExt/factorizations.jl:254
┌ Warning: `svd` cotangents sensitive to gauge choice: (|Δgauge| = 0.08382206821499746)
└ @ TensorKitChainRulesCoreExt ~/.julia/packages/TensorKit/esxcj/ext/TensorKitChainRulesCoreExt/factorizations.jl:254
[ Info: LBFGS: iter   13, time 19030.87 s: f = -3.127873601899, ‖∇f‖ = 5.3653e-03, α = 1.00e+00, m = 3, nfg = 1
[ Info: CTMRG init:	obj = +5.182162965301e+00	err = 1.0000e+00
[ Info: CTMRG conv 8:	obj = +5.182449837543e+00	err = 1.7593098150e-10	time = 4.71 min
┌ Warning: `svd` cotangents sensitive to gauge choice: (|Δgauge| = 0.08045462376560653)
└ @ TensorKitChainRulesCoreExt ~/.julia/packages/TensorKit/esxcj/ext/TensorKitChainRulesCoreExt/factorizations.jl:254
┌ Warning: `svd` cotangents sensitive to gauge choice: (|Δgauge| = 8.281326729058563e-11)
└ @ TensorKitChainRulesCoreExt ~/.julia/packages/TensorKit/esxcj/ext/TensorKitChainRulesCoreExt/factorizations.jl:254
┌ Warning: `svd` cotangents sensitive to gauge choice: (|Δgauge| = 0.08045462381793253)
└ @ TensorKitChainRulesCoreExt ~/.julia/packages/TensorKit/esxcj/ext/TensorKitChainRulesCoreExt/factorizations.jl:254
[ Info: LBFGS: iter   14, time 19378.97 s: f = -3.128153737363, ‖∇f‖ = 3.4506e-03, α = 1.00e+00, m = 3, nfg = 1
[ Info: CTMRG init:	obj = +5.327550382083e+00	err = 1.0000e+00
[ Info: CTMRG conv 8:	obj = +5.328133693922e+00	err = 2.3439873486e-10	time = 4.50 min
┌ Warning: `svd` cotangents sensitive to gauge choice: (|Δgauge| = 0.08044511733430745)
└ @ TensorKitChainRulesCoreExt ~/.julia/packages/TensorKit/esxcj/ext/TensorKitChainRulesCoreExt/factorizations.jl:254
┌ Warning: `svd` cotangents sensitive to gauge choice: (|Δgauge| = 1.0564573570528315e-11)
└ @ TensorKitChainRulesCoreExt ~/.julia/packages/TensorKit/esxcj/ext/TensorKitChainRulesCoreExt/factorizations.jl:254
┌ Warning: `svd` cotangents sensitive to gauge choice: (|Δgauge| = 0.08044511734799842)
└ @ TensorKitChainRulesCoreExt ~/.julia/packages/TensorKit/esxcj/ext/TensorKitChainRulesCoreExt/factorizations.jl:254
[ Info: CTMRG init:	obj = +5.234218285250e+00	err = 1.0000e+00
[ Info: CTMRG conv 7:	obj = +5.234288406235e+00	err = 9.7437191076e-10	time = 3.93 min
┌ Warning: `svd` cotangents sensitive to gauge choice: (|Δgauge| = 0.08007287115895578)
└ @ TensorKitChainRulesCoreExt ~/.julia/packages/TensorKit/esxcj/ext/TensorKitChainRulesCoreExt/factorizations.jl:254
┌ Warning: `svd` cotangents sensitive to gauge choice: (|Δgauge| = 3.638762447961852e-10)
└ @ TensorKitChainRulesCoreExt ~/.julia/packages/TensorKit/esxcj/ext/TensorKitChainRulesCoreExt/factorizations.jl:254
┌ Warning: `svd` cotangents sensitive to gauge choice: (|Δgauge| = 0.08007287084833828)
└ @ TensorKitChainRulesCoreExt ~/.julia/packages/TensorKit/esxcj/ext/TensorKitChainRulesCoreExt/factorizations.jl:254
[ Info: LBFGS: iter   15, time 20006.50 s: f = -3.128209899852, ‖∇f‖ = 7.5939e-03, α = 3.42e-01, m = 3, nfg = 2
[ Info: CTMRG init:	obj = +5.297449141688e+00	err = 1.0000e+00
[ Info: CTMRG conv 8:	obj = +5.297569044946e+00	err = 1.1877347225e-10	time = 4.43 min
┌ Warning: `svd` cotangents sensitive to gauge choice: (|Δgauge| = 0.07970269649861417)
└ @ TensorKitChainRulesCoreExt ~/.julia/packages/TensorKit/esxcj/ext/TensorKitChainRulesCoreExt/factorizations.jl:254
┌ Warning: `svd` cotangents sensitive to gauge choice: (|Δgauge| = 2.3251418587101587e-12)
└ @ TensorKitChainRulesCoreExt ~/.julia/packages/TensorKit/esxcj/ext/TensorKitChainRulesCoreExt/factorizations.jl:254
┌ Warning: `svd` cotangents sensitive to gauge choice: (|Δgauge| = 0.07970269650231568)
└ @ TensorKitChainRulesCoreExt ~/.julia/packages/TensorKit/esxcj/ext/TensorKitChainRulesCoreExt/factorizations.jl:254
[ Info: LBFGS: iter   16, time 20336.22 s: f = -3.128307203401, ‖∇f‖ = 3.0662e-03, α = 1.00e+00, m = 3, nfg = 1
[ Info: CTMRG init:	obj = +5.379443768562e+00	err = 1.0000e+00
[ Info: CTMRG conv 8:	obj = +5.379650866650e+00	err = 1.4235040353e-10	time = 4.56 min
┌ Warning: `svd` cotangents sensitive to gauge choice: (|Δgauge| = 0.08048326400068075)
└ @ TensorKitChainRulesCoreExt ~/.julia/packages/TensorKit/esxcj/ext/TensorKitChainRulesCoreExt/factorizations.jl:254
┌ Warning: `svd` cotangents sensitive to gauge choice: (|Δgauge| = 3.3409013491210114e-11)
└ @ TensorKitChainRulesCoreExt ~/.julia/packages/TensorKit/esxcj/ext/TensorKitChainRulesCoreExt/factorizations.jl:254
┌ Warning: `svd` cotangents sensitive to gauge choice: (|Δgauge| = 0.08048326402266237)
└ @ TensorKitChainRulesCoreExt ~/.julia/packages/TensorKit/esxcj/ext/TensorKitChainRulesCoreExt/factorizations.jl:254
[ Info: LBFGS: iter   17, time 20672.39 s: f = -3.128355900884, ‖∇f‖ = 2.9111e-03, α = 1.00e+00, m = 3, nfg = 1
[ Info: CTMRG init:	obj = +5.427599558520e+00	err = 1.0000e+00
[ Info: CTMRG conv 7:	obj = +5.427676982990e+00	err = 6.8493475770e-10	time = 4.18 min
┌ Warning: `svd` cotangents sensitive to gauge choice: (|Δgauge| = 0.08152425311260918)
└ @ TensorKitChainRulesCoreExt ~/.julia/packages/TensorKit/esxcj/ext/TensorKitChainRulesCoreExt/factorizations.jl:254
┌ Warning: `svd` cotangents sensitive to gauge choice: (|Δgauge| = 7.855047659694642e-10)
└ @ TensorKitChainRulesCoreExt ~/.julia/packages/TensorKit/esxcj/ext/TensorKitChainRulesCoreExt/factorizations.jl:254
┌ Warning: `svd` cotangents sensitive to gauge choice: (|Δgauge| = 0.08152425330203289)
└ @ TensorKitChainRulesCoreExt ~/.julia/packages/TensorKit/esxcj/ext/TensorKitChainRulesCoreExt/factorizations.jl:254
[ Info: LBFGS: iter   18, time 20982.22 s: f = -3.128364722855, ‖∇f‖ = 2.9569e-03, α = 1.00e+00, m = 3, nfg = 1
[ Info: CTMRG init:	obj = +5.421738148492e+00	err = 1.0000e+00
[ Info: CTMRG conv 7:	obj = +5.421741434800e+00	err = 7.8452252889e-11	time = 4.05 min
┌ Warning: `svd` cotangents sensitive to gauge choice: (|Δgauge| = 0.08150061818722809)
└ @ TensorKitChainRulesCoreExt ~/.julia/packages/TensorKit/esxcj/ext/TensorKitChainRulesCoreExt/factorizations.jl:254
┌ Warning: `svd` cotangents sensitive to gauge choice: (|Δgauge| = 7.069999797504541e-10)
└ @ TensorKitChainRulesCoreExt ~/.julia/packages/TensorKit/esxcj/ext/TensorKitChainRulesCoreExt/factorizations.jl:254
┌ Warning: `svd` cotangents sensitive to gauge choice: (|Δgauge| = 0.08150061836953973)
└ @ TensorKitChainRulesCoreExt ~/.julia/packages/TensorKit/esxcj/ext/TensorKitChainRulesCoreExt/factorizations.jl:254
[ Info: LBFGS: iter   19, time 21281.95 s: f = -3.128370319340, ‖∇f‖ = 1.3857e-03, α = 1.00e+00, m = 3, nfg = 1
[ Info: CTMRG init:	obj = +5.420180822120e+00	err = 1.0000e+00
[ Info: CTMRG conv 6:	obj = +5.420181047136e+00	err = 4.3105193867e-10	time = 3.59 min
┌ Warning: `svd` cotangents sensitive to gauge choice: (|Δgauge| = 0.0814787728493648)
└ @ TensorKitChainRulesCoreExt ~/.julia/packages/TensorKit/esxcj/ext/TensorKitChainRulesCoreExt/factorizations.jl:254
┌ Warning: `svd` cotangents sensitive to gauge choice: (|Δgauge| = 8.475477818621804e-9)
└ @ TensorKitChainRulesCoreExt ~/.julia/packages/TensorKit/esxcj/ext/TensorKitChainRulesCoreExt/factorizations.jl:254
┌ Warning: `svd` cotangents sensitive to gauge choice: (|Δgauge| = 0.08147877474747887)
└ @ TensorKitChainRulesCoreExt ~/.julia/packages/TensorKit/esxcj/ext/TensorKitChainRulesCoreExt/factorizations.jl:254
[ Info: LBFGS: iter   20, time 21550.02 s: f = -3.128373279113, ‖∇f‖ = 1.3978e-03, α = 1.00e+00, m = 3, nfg = 1
[ Info: CTMRG init:	obj = +5.425197673882e+00	err = 1.0000e+00
[ Info: CTMRG conv 6:	obj = +5.425198462224e+00	err = 9.9487452494e-10	time = 3.35 min
┌ Warning: `svd` cotangents sensitive to gauge choice: (|Δgauge| = 0.08163971100190358)
└ @ TensorKitChainRulesCoreExt ~/.julia/packages/TensorKit/esxcj/ext/TensorKitChainRulesCoreExt/factorizations.jl:254
┌ Warning: `svd` cotangents sensitive to gauge choice: (|Δgauge| = 7.231145161117741e-9)
└ @ TensorKitChainRulesCoreExt ~/.julia/packages/TensorKit/esxcj/ext/TensorKitChainRulesCoreExt/factorizations.jl:254
┌ Warning: `svd` cotangents sensitive to gauge choice: (|Δgauge| = 0.08163971281682554)
└ @ TensorKitChainRulesCoreExt ~/.julia/packages/TensorKit/esxcj/ext/TensorKitChainRulesCoreExt/factorizations.jl:254
[ Info: LBFGS: iter   21, time 21803.74 s: f = -3.128386534864, ‖∇f‖ = 3.2201e-03, α = 1.00e+00, m = 3, nfg = 1
[ Info: CTMRG init:	obj = +5.442628410945e+00	err = 1.0000e+00
[ Info: CTMRG conv 7:	obj = +5.442633127891e+00	err = 1.5218040497e-10	time = 3.50 min
┌ Warning: `svd` cotangents sensitive to gauge choice: (|Δgauge| = 0.08203877373417334)
└ @ TensorKitChainRulesCoreExt ~/.julia/packages/TensorKit/esxcj/ext/TensorKitChainRulesCoreExt/factorizations.jl:254
┌ Warning: `svd` cotangents sensitive to gauge choice: (|Δgauge| = 3.9006858312150833e-10)
└ @ TensorKitChainRulesCoreExt ~/.julia/packages/TensorKit/esxcj/ext/TensorKitChainRulesCoreExt/factorizations.jl:254
┌ Warning: `svd` cotangents sensitive to gauge choice: (|Δgauge| = 0.08203877386928801)
└ @ TensorKitChainRulesCoreExt ~/.julia/packages/TensorKit/esxcj/ext/TensorKitChainRulesCoreExt/factorizations.jl:254
[ Info: LBFGS: iter   22, time 22026.40 s: f = -3.128414315720, ‖∇f‖ = 6.0318e-03, α = 1.00e+00, m = 3, nfg = 1
[ Info: CTMRG init:	obj = +5.487258403515e+00	err = 1.0000e+00
[ Info: CTMRG conv 6:	obj = +5.487290011824e+00	err = 8.3816399736e-10	time = 7.02 sec
┌ Warning: `svd` cotangents sensitive to gauge choice: (|Δgauge| = 0.08298931353120152)
└ @ TensorKitChainRulesCoreExt ~/.julia/packages/TensorKit/esxcj/ext/TensorKitChainRulesCoreExt/factorizations.jl:254
┌ Warning: `svd` cotangents sensitive to gauge choice: (|Δgauge| = 2.002197648103194e-9)
└ @ TensorKitChainRulesCoreExt ~/.julia/packages/TensorKit/esxcj/ext/TensorKitChainRulesCoreExt/factorizations.jl:254
┌ Warning: `svd` cotangents sensitive to gauge choice: (|Δgauge| = 0.0829893143533793)
└ @ TensorKitChainRulesCoreExt ~/.julia/packages/TensorKit/esxcj/ext/TensorKitChainRulesCoreExt/factorizations.jl:254
[ Info: LBFGS: iter   23, time 22044.31 s: f = -3.128485485944, ‖∇f‖ = 9.3189e-03, α = 1.00e+00, m = 3, nfg = 1
[ Info: CTMRG init:	obj = +5.588680298544e+00	err = 1.0000e+00
[ Info: CTMRG conv 7:	obj = +5.588942236454e+00	err = 4.0298610546e-10	time = 2.02 min
┌ Warning: `svd` cotangents sensitive to gauge choice: (|Δgauge| = 0.08687185834704447)
└ @ TensorKitChainRulesCoreExt ~/.julia/packages/TensorKit/esxcj/ext/TensorKitChainRulesCoreExt/factorizations.jl:254
┌ Warning: `svd` cotangents sensitive to gauge choice: (|Δgauge| = 5.461246165258591e-11)
└ @ TensorKitChainRulesCoreExt ~/.julia/packages/TensorKit/esxcj/ext/TensorKitChainRulesCoreExt/factorizations.jl:254
┌ Warning: `svd` cotangents sensitive to gauge choice: (|Δgauge| = 0.08687185831244137)
└ @ TensorKitChainRulesCoreExt ~/.julia/packages/TensorKit/esxcj/ext/TensorKitChainRulesCoreExt/factorizations.jl:254
[ Info: LBFGS: iter   24, time 22223.60 s: f = -3.128662715602, ‖∇f‖ = 1.2655e-02, α = 1.00e+00, m = 3, nfg = 1
[ Info: CTMRG init:	obj = +5.665787511879e+00	err = 1.0000e+00
[ Info: CTMRG conv 8:	obj = +5.667099754153e+00	err = 6.2215180484e-10	time = 4.78 min
┌ Warning: `svd` cotangents sensitive to gauge choice: (|Δgauge| = 0.09593939224637377)
└ @ TensorKitChainRulesCoreExt ~/.julia/packages/TensorKit/esxcj/ext/TensorKitChainRulesCoreExt/factorizations.jl:254
┌ Warning: `svd` cotangents sensitive to gauge choice: (|Δgauge| = 7.288716237896583e-11)
└ @ TensorKitChainRulesCoreExt ~/.julia/packages/TensorKit/esxcj/ext/TensorKitChainRulesCoreExt/factorizations.jl:254
┌ Warning: `svd` cotangents sensitive to gauge choice: (|Δgauge| = 0.09593939217514572)
└ @ TensorKitChainRulesCoreExt ~/.julia/packages/TensorKit/esxcj/ext/TensorKitChainRulesCoreExt/factorizations.jl:254
[ Info: CTMRG init:	obj = +5.604133733728e+00	err = 1.0000e+00
[ Info: CTMRG conv 7:	obj = +5.604153721356e+00	err = 1.5503392231e-10	time = 4.12 min
┌ Warning: `svd` cotangents sensitive to gauge choice: (|Δgauge| = 0.0877178054956946)
└ @ TensorKitChainRulesCoreExt ~/.julia/packages/TensorKit/esxcj/ext/TensorKitChainRulesCoreExt/factorizations.jl:254
┌ Warning: `svd` cotangents sensitive to gauge choice: (|Δgauge| = 7.591329467537432e-11)
└ @ TensorKitChainRulesCoreExt ~/.julia/packages/TensorKit/esxcj/ext/TensorKitChainRulesCoreExt/factorizations.jl:254
┌ Warning: `svd` cotangents sensitive to gauge choice: (|Δgauge| = 0.08771780544399745)
└ @ TensorKitChainRulesCoreExt ~/.julia/packages/TensorKit/esxcj/ext/TensorKitChainRulesCoreExt/factorizations.jl:254
[ Info: LBFGS: iter   25, time 22878.25 s: f = -3.128710316314, ‖∇f‖ = 9.6948e-03, α = 1.30e-01, m = 3, nfg = 2
[ Info: CTMRG init:	obj = +5.603210375342e+00	err = 1.0000e+00
[ Info: CTMRG conv 7:	obj = +5.603215674866e+00	err = 7.3323249220e-11	time = 4.01 min
┌ Warning: `svd` cotangents sensitive to gauge choice: (|Δgauge| = 0.0875993530462851)
└ @ TensorKitChainRulesCoreExt ~/.julia/packages/TensorKit/esxcj/ext/TensorKitChainRulesCoreExt/factorizations.jl:254
┌ Warning: `svd` cotangents sensitive to gauge choice: (|Δgauge| = 7.739054816138655e-11)
└ @ TensorKitChainRulesCoreExt ~/.julia/packages/TensorKit/esxcj/ext/TensorKitChainRulesCoreExt/factorizations.jl:254
┌ Warning: `svd` cotangents sensitive to gauge choice: (|Δgauge| = 0.08759935298319663)
└ @ TensorKitChainRulesCoreExt ~/.julia/packages/TensorKit/esxcj/ext/TensorKitChainRulesCoreExt/factorizations.jl:254
[ Info: LBFGS: iter   26, time 23177.50 s: f = -3.128762856024, ‖∇f‖ = 2.3331e-03, α = 1.00e+00, m = 3, nfg = 1
[ Info: CTMRG init:	obj = +5.614179287541e+00	err = 1.0000e+00
[ Info: CTMRG conv 7:	obj = +5.614188534708e+00	err = 7.1175281075e-11	time = 4.12 min
┌ Warning: `svd` cotangents sensitive to gauge choice: (|Δgauge| = 0.08854476975282655)
└ @ TensorKitChainRulesCoreExt ~/.julia/packages/TensorKit/esxcj/ext/TensorKitChainRulesCoreExt/factorizations.jl:254
┌ Warning: `svd` cotangents sensitive to gauge choice: (|Δgauge| = 1.0103350203988209e-10)
└ @ TensorKitChainRulesCoreExt ~/.julia/packages/TensorKit/esxcj/ext/TensorKitChainRulesCoreExt/factorizations.jl:254
┌ Warning: `svd` cotangents sensitive to gauge choice: (|Δgauge| = 0.08854476967383292)
└ @ TensorKitChainRulesCoreExt ~/.julia/packages/TensorKit/esxcj/ext/TensorKitChainRulesCoreExt/factorizations.jl:254
[ Info: LBFGS: iter   27, time 23481.57 s: f = -3.128764990567, ‖∇f‖ = 1.6666e-03, α = 1.00e+00, m = 3, nfg = 1
[ Info: CTMRG init:	obj = +5.608472032392e+00	err = 1.0000e+00
[ Info: CTMRG conv 6:	obj = +5.608474076272e+00	err = 4.3387902993e-10	time = 3.49 min
┌ Warning: `svd` cotangents sensitive to gauge choice: (|Δgauge| = 0.08819334803796117)
└ @ TensorKitChainRulesCoreExt ~/.julia/packages/TensorKit/esxcj/ext/TensorKitChainRulesCoreExt/factorizations.jl:254
┌ Warning: `svd` cotangents sensitive to gauge choice: (|Δgauge| = 1.392871705765531e-9)
└ @ TensorKitChainRulesCoreExt ~/.julia/packages/TensorKit/esxcj/ext/TensorKitChainRulesCoreExt/factorizations.jl:254
┌ Warning: `svd` cotangents sensitive to gauge choice: (|Δgauge| = 0.08819334677216974)
└ @ TensorKitChainRulesCoreExt ~/.julia/packages/TensorKit/esxcj/ext/TensorKitChainRulesCoreExt/factorizations.jl:254
[ Info: LBFGS: iter   28, time 23743.45 s: f = -3.128771478163, ‖∇f‖ = 1.4058e-03, α = 1.00e+00, m = 3, nfg = 1
[ Info: CTMRG init:	obj = +5.603765437788e+00	err = 1.0000e+00
[ Info: CTMRG conv 6:	obj = +5.603766520297e+00	err = 2.3253312553e-10	time = 3.55 min
┌ Warning: `svd` cotangents sensitive to gauge choice: (|Δgauge| = 0.08829643648195609)
└ @ TensorKitChainRulesCoreExt ~/.julia/packages/TensorKit/esxcj/ext/TensorKitChainRulesCoreExt/factorizations.jl:254
┌ Warning: `svd` cotangents sensitive to gauge choice: (|Δgauge| = 1.222995327283541e-9)
└ @ TensorKitChainRulesCoreExt ~/.julia/packages/TensorKit/esxcj/ext/TensorKitChainRulesCoreExt/factorizations.jl:254
┌ Warning: `svd` cotangents sensitive to gauge choice: (|Δgauge| = 0.08829643540496891)
└ @ TensorKitChainRulesCoreExt ~/.julia/packages/TensorKit/esxcj/ext/TensorKitChainRulesCoreExt/factorizations.jl:254
[ Info: LBFGS: iter   29, time 24008.09 s: f = -3.128781571487, ‖∇f‖ = 1.5122e-03, α = 1.00e+00, m = 3, nfg = 1
[ Info: CTMRG init:	obj = +5.595759601571e+00	err = 1.0000e+00
[ Info: CTMRG conv 7:	obj = +5.595763941307e+00	err = 6.4695700934e-11	time = 4.43 min
┌ Warning: `svd` cotangents sensitive to gauge choice: (|Δgauge| = 0.08996548388839476)
└ @ TensorKitChainRulesCoreExt ~/.julia/packages/TensorKit/esxcj/ext/TensorKitChainRulesCoreExt/factorizations.jl:254
┌ Warning: `svd` cotangents sensitive to gauge choice: (|Δgauge| = 5.7259001484298005e-11)
└ @ TensorKitChainRulesCoreExt ~/.julia/packages/TensorKit/esxcj/ext/TensorKitChainRulesCoreExt/factorizations.jl:254
┌ Warning: `svd` cotangents sensitive to gauge choice: (|Δgauge| = 0.08996548385113654)
└ @ TensorKitChainRulesCoreExt ~/.julia/packages/TensorKit/esxcj/ext/TensorKitChainRulesCoreExt/factorizations.jl:254
[ Info: LBFGS: iter   30, time 24332.18 s: f = -3.128817896196, ‖∇f‖ = 4.1677e-03, α = 1.00e+00, m = 3, nfg = 1
[ Info: CTMRG init:	obj = +5.572930609549e+00	err = 1.0000e+00
[ Info: CTMRG conv 7:	obj = +5.572954439373e+00	err = 1.4430330997e-10	time = 4.22 min
┌ Warning: `svd` cotangents sensitive to gauge choice: (|Δgauge| = 0.0954495524821206)
└ @ TensorKitChainRulesCoreExt ~/.julia/packages/TensorKit/esxcj/ext/TensorKitChainRulesCoreExt/factorizations.jl:254
┌ Warning: `svd` cotangents sensitive to gauge choice: (|Δgauge| = 2.4767530216060375e-11)
└ @ TensorKitChainRulesCoreExt ~/.julia/packages/TensorKit/esxcj/ext/TensorKitChainRulesCoreExt/factorizations.jl:254
┌ Warning: `svd` cotangents sensitive to gauge choice: (|Δgauge| = 0.09544955247264424)
└ @ TensorKitChainRulesCoreExt ~/.julia/packages/TensorKit/esxcj/ext/TensorKitChainRulesCoreExt/factorizations.jl:254
[ Info: LBFGS: iter   31, time 24642.13 s: f = -3.128895038702, ‖∇f‖ = 4.0828e-03, α = 1.00e+00, m = 3, nfg = 1
[ Info: CTMRG init:	obj = +5.580036197822e+00	err = 1.0000e+00
[ Info: CTMRG conv 7:	obj = +5.580170584855e+00	err = 2.4075383228e-10	time = 4.10 min
┌ Warning: `svd` cotangents sensitive to gauge choice: (|Δgauge| = 0.10269982250459742)
└ @ TensorKitChainRulesCoreExt ~/.julia/packages/TensorKit/esxcj/ext/TensorKitChainRulesCoreExt/factorizations.jl:254
┌ Warning: `svd` cotangents sensitive to gauge choice: (|Δgauge| = 3.213471686943848e-11)
└ @ TensorKitChainRulesCoreExt ~/.julia/packages/TensorKit/esxcj/ext/TensorKitChainRulesCoreExt/factorizations.jl:254
┌ Warning: `svd` cotangents sensitive to gauge choice: (|Δgauge| = 0.10269982248403295)
└ @ TensorKitChainRulesCoreExt ~/.julia/packages/TensorKit/esxcj/ext/TensorKitChainRulesCoreExt/factorizations.jl:254
[ Info: CTMRG init:	obj = +5.574435569041e+00	err = 1.0000e+00
[ Info: CTMRG conv 7:	obj = +5.574438881183e+00	err = 3.5858001618e-11	time = 2.19 min
┌ Warning: `svd` cotangents sensitive to gauge choice: (|Δgauge| = 0.09655025897135332)
└ @ TensorKitChainRulesCoreExt ~/.julia/packages/TensorKit/esxcj/ext/TensorKitChainRulesCoreExt/factorizations.jl:254
┌ Warning: `svd` cotangents sensitive to gauge choice: (|Δgauge| = 2.6119930794754988e-11)
└ @ TensorKitChainRulesCoreExt ~/.julia/packages/TensorKit/esxcj/ext/TensorKitChainRulesCoreExt/factorizations.jl:254
┌ Warning: `svd` cotangents sensitive to gauge choice: (|Δgauge| = 0.09655025896060801)
└ @ TensorKitChainRulesCoreExt ~/.julia/packages/TensorKit/esxcj/ext/TensorKitChainRulesCoreExt/factorizations.jl:254
[ Info: LBFGS: iter   32, time 25089.27 s: f = -3.128902052164, ‖∇f‖ = 4.7390e-03, α = 1.58e-01, m = 3, nfg = 2
[ Info: CTMRG init:	obj = +5.569473148889e+00	err = 1.0000e+00
[ Info: CTMRG conv 7:	obj = +5.569479280529e+00	err = 8.0407681582e-11	time = 8.44 sec
┌ Warning: `svd` cotangents sensitive to gauge choice: (|Δgauge| = 0.0991456310053619)
└ @ TensorKitChainRulesCoreExt ~/.julia/packages/TensorKit/esxcj/ext/TensorKitChainRulesCoreExt/factorizations.jl:254
┌ Warning: `svd` cotangents sensitive to gauge choice: (|Δgauge| = 2.1140592922679542e-11)
└ @ TensorKitChainRulesCoreExt ~/.julia/packages/TensorKit/esxcj/ext/TensorKitChainRulesCoreExt/factorizations.jl:254
┌ Warning: `svd` cotangents sensitive to gauge choice: (|Δgauge| = 0.09914563099933507)
└ @ TensorKitChainRulesCoreExt ~/.julia/packages/TensorKit/esxcj/ext/TensorKitChainRulesCoreExt/factorizations.jl:254
[ Info: LBFGS: iter   33, time 25110.01 s: f = -3.128924442766, ‖∇f‖ = 2.2969e-03, α = 1.00e+00, m = 3, nfg = 1
[ Info: CTMRG init:	obj = +5.578766030967e+00	err = 1.0000e+00
[ Info: CTMRG conv 6:	obj = +5.578769927655e+00	err = 7.2740448875e-10	time = 2.41 min
┌ Warning: `svd` cotangents sensitive to gauge choice: (|Δgauge| = 0.1001752182276554)
└ @ TensorKitChainRulesCoreExt ~/.julia/packages/TensorKit/esxcj/ext/TensorKitChainRulesCoreExt/factorizations.jl:254
┌ Warning: `svd` cotangents sensitive to gauge choice: (|Δgauge| = 4.847611063283044e-10)
└ @ TensorKitChainRulesCoreExt ~/.julia/packages/TensorKit/esxcj/ext/TensorKitChainRulesCoreExt/factorizations.jl:254
┌ Warning: `svd` cotangents sensitive to gauge choice: (|Δgauge| = 0.10017521791043335)
└ @ TensorKitChainRulesCoreExt ~/.julia/packages/TensorKit/esxcj/ext/TensorKitChainRulesCoreExt/factorizations.jl:254
[ Info: LBFGS: iter   34, time 25305.15 s: f = -3.128943565534, ‖∇f‖ = 1.9789e-03, α = 1.00e+00, m = 3, nfg = 1
[ Info: CTMRG init:	obj = +5.597909033748e+00	err = 1.0000e+00
[ Info: CTMRG conv 7:	obj = +5.597933068969e+00	err = 1.1065592576e-10	time = 4.11 min
┌ Warning: `svd` cotangents sensitive to gauge choice: (|Δgauge| = 0.10337852987376113)
└ @ TensorKitChainRulesCoreExt ~/.julia/packages/TensorKit/esxcj/ext/TensorKitChainRulesCoreExt/factorizations.jl:254
┌ Warning: `svd` cotangents sensitive to gauge choice: (|Δgauge| = 4.9459485631663753e-11)
└ @ TensorKitChainRulesCoreExt ~/.julia/packages/TensorKit/esxcj/ext/TensorKitChainRulesCoreExt/factorizations.jl:254
┌ Warning: `svd` cotangents sensitive to gauge choice: (|Δgauge| = 0.10337852985585122)
└ @ TensorKitChainRulesCoreExt ~/.julia/packages/TensorKit/esxcj/ext/TensorKitChainRulesCoreExt/factorizations.jl:254
[ Info: LBFGS: iter   35, time 25609.56 s: f = -3.128949354435, ‖∇f‖ = 3.0254e-03, α = 1.00e+00, m = 3, nfg = 1
[ Info: CTMRG init:	obj = +5.598661453134e+00	err = 1.0000e+00
[ Info: CTMRG conv 7:	obj = +5.598665283395e+00	err = 6.6746462134e-11	time = 4.20 min
┌ Warning: `svd` cotangents sensitive to gauge choice: (|Δgauge| = 0.10104937738974187)
└ @ TensorKitChainRulesCoreExt ~/.julia/packages/TensorKit/esxcj/ext/TensorKitChainRulesCoreExt/factorizations.jl:254
┌ Warning: `svd` cotangents sensitive to gauge choice: (|Δgauge| = 4.9085232323480594e-11)
└ @ TensorKitChainRulesCoreExt ~/.julia/packages/TensorKit/esxcj/ext/TensorKitChainRulesCoreExt/factorizations.jl:254
┌ Warning: `svd` cotangents sensitive to gauge choice: (|Δgauge| = 0.10104937736149214)
└ @ TensorKitChainRulesCoreExt ~/.julia/packages/TensorKit/esxcj/ext/TensorKitChainRulesCoreExt/factorizations.jl:254
[ Info: LBFGS: iter   36, time 25919.09 s: f = -3.128957228689, ‖∇f‖ = 1.8502e-03, α = 1.00e+00, m = 3, nfg = 1
[ Info: CTMRG init:	obj = +5.596686431815e+00	err = 1.0000e+00
[ Info: CTMRG conv 6:	obj = +5.596687622853e+00	err = 7.4657755373e-10	time = 3.46 min
┌ Warning: `svd` cotangents sensitive to gauge choice: (|Δgauge| = 0.10111784282965855)
└ @ TensorKitChainRulesCoreExt ~/.julia/packages/TensorKit/esxcj/ext/TensorKitChainRulesCoreExt/factorizations.jl:254
┌ Warning: `svd` cotangents sensitive to gauge choice: (|Δgauge| = 7.554009030131702e-10)
└ @ TensorKitChainRulesCoreExt ~/.julia/packages/TensorKit/esxcj/ext/TensorKitChainRulesCoreExt/factorizations.jl:254
┌ Warning: `svd` cotangents sensitive to gauge choice: (|Δgauge| = 0.1011178422866042)
└ @ TensorKitChainRulesCoreExt ~/.julia/packages/TensorKit/esxcj/ext/TensorKitChainRulesCoreExt/factorizations.jl:254
[ Info: LBFGS: converged after 37 iterations and time 26179.40 s: f = -3.128958985444, ‖∇f‖ = 6.1499e-04
