  Installing known registries into `~/.julia`
       Added `General` registry to ~/.julia/registries
    Updating registry at `~/.julia/registries/General.toml`
   Installed RealDot ───────────────────── v0.1.0
   Installed GPUArraysCore ─────────────── v0.2.0
   Installed TaskLocalValues ───────────── v0.1.2
   Installed IrrationalConstants ───────── v0.2.4
   Installed IRTools ───────────────────── v0.4.14
   Installed JLD2 ──────────────────────── v0.5.12
   Installed OhMyThreads ───────────────── v0.7.0
   Installed BlockTensorKit ────────────── v0.1.6
   Installed IntegerMathUtils ──────────── v0.1.2
   Installed DiffRules ─────────────────── v1.15.1
   Installed Adapt ─────────────────────── v4.3.0
   Installed LRUCache ──────────────────── v1.6.2
   Installed PtrArrays ─────────────────── v1.3.0
   Installed TableTraits ───────────────── v1.0.1
   Installed Accessors ─────────────────── v0.1.42
   Installed Preferences ───────────────── v1.4.3
   Installed OptimKit ──────────────────── v0.4.0
   Installed HashArrayMappedTries ──────── v0.2.0
   Installed WignerSymbols ─────────────── v2.0.0
   Installed LoggingExtras ─────────────── v1.0.3
   Installed DiffResults ───────────────── v1.1.0
   Installed Tables ────────────────────── v1.12.0
   Installed SpecialFunctions ──────────── v2.5.1
   Installed TensorKit ─────────────────── v0.14.5
   Installed RecipesBase ───────────────── v1.3.4
   Installed DataAPI ───────────────────── v1.16.0
   Installed Primes ────────────────────── v0.5.7
   Installed ChunkSplitters ────────────── v3.1.2
   Installed StaticArrays ──────────────── v1.9.13
   Installed AbstractFFTs ──────────────── v1.5.0
   Installed Zygote ────────────────────── v0.7.6
   Installed MPSKit ────────────────────── v0.12.6
   Installed JLLWrappers ───────────────── v1.7.0
   Installed BlockArrays ───────────────── v1.6.1
   Installed Richardson ────────────────── v1.4.2
   Installed FiniteDifferences ─────────── v0.12.32
   Installed StaticArraysCore ──────────── v1.4.3
   Installed NaNMath ───────────────────── v1.1.3
   Installed IteratorInterfaceExtensions ─ v1.0.0
   Installed PrecompileTools ───────────── v1.2.1
   Installed ConstructionBase ──────────── v1.5.8
   Installed DataValueInterfaces ───────── v1.0.0
   Installed StructArrays ──────────────── v0.7.1
   Installed RationalRoots ─────────────── v0.2.1
   Installed StableTasks ───────────────── v0.1.7
   Installed TensorKitSectors ──────────── v0.1.4
   Installed OrderedCollections ────────── v1.8.0
   Installed TranscodingStreams ────────── v0.11.3
   Installed ScopedValues ──────────────── v1.3.0
   Installed InitialValues ─────────────── v0.3.1
   Installed ChainRulesCore ────────────── v1.25.1
   Installed VectorInterface ───────────── v0.5.0
   Installed FillArrays ────────────────── v1.13.0
   Installed MPSKitModels ──────────────── v0.4.1
   Installed ForwardDiff ───────────────── v1.0.1
   Installed FileIO ────────────────────── v1.17.0
   Installed LogExpFunctions ───────────── v0.3.29
   Installed Statistics ────────────────── v1.11.1
   Installed ChainRules ────────────────── v1.72.3
   Installed Requires ──────────────────── v1.3.1
   Installed ZygoteRules ───────────────── v0.2.7
   Installed StridedViews ──────────────── v0.4.1
   Installed CommonSubexpressions ──────── v0.3.1
   Installed BangBang ──────────────────── v0.4.4
   Installed HalfIntegers ──────────────── v1.6.0
   Installed PackageExtensionCompat ────── v1.0.2
   Installed Strided ───────────────────── v2.3.0
   Installed TensorKitManifolds ────────── v0.7.2
   Installed CompositionsBase ──────────── v0.1.2
   Installed Compat ────────────────────── v4.16.0
   Installed MacroTools ────────────────── v0.5.15
   Installed OpenSpecFun_jll ───────────── v0.5.6+0
   Installed SparseInverseSubset ───────── v0.1.2
   Installed InverseFunctions ──────────── v0.1.17
   Installed PEPSKit ───────────────────── v0.5.0
   Installed TupleTools ────────────────── v1.6.0
   Installed DocStringExtensions ───────── v0.9.4
   Installed TensorOperations ──────────── v5.2.0
   Installed KrylovKit ─────────────────── v0.9.5
   Installed ArrayLayouts ──────────────── v1.11.1
    Updating `/var/lib/condor/execute/dir_1178013/Project.toml`
  [d360d2e6] + ChainRulesCore v1.25.1
  [033835bb] + JLD2 v0.5.12
  [0b1a1467] + KrylovKit v0.9.5
  [bb1c41ca] + MPSKit v0.12.6
  [ca635005] + MPSKitModels v0.4.1
  [77e91f04] + OptimKit v0.4.0
  [52969e89] + PEPSKit v0.5.0
  [07d1fe3e] + TensorKit v0.14.5
  [409d34a3] + VectorInterface v0.5.0
  [e88e6eb3] + Zygote v0.7.6
  [37e2e46d] ~ LinearAlgebra ⇒ v1.11.0
    Updating `/var/lib/condor/execute/dir_1178013/Manifest.toml`
  [621f4979] + AbstractFFTs v1.5.0
  [7d9f7c33] + Accessors v0.1.42
  [79e6a3ab] + Adapt v4.3.0
  [4c555306] + ArrayLayouts v1.11.1
  [198e06fe] + BangBang v0.4.4
  [8e7c35d0] + BlockArrays v1.6.1
  [5f87ffc2] + BlockTensorKit v0.1.6
  [082447d4] + ChainRules v1.72.3
  [d360d2e6] + ChainRulesCore v1.25.1
  [ae650224] + ChunkSplitters v3.1.2
  [bbf7d656] + CommonSubexpressions v0.3.1
  [34da2185] + Compat v4.16.0
  [a33af91c] + CompositionsBase v0.1.2
  [187b0558] + ConstructionBase v1.5.8
  [9a962f9c] + DataAPI v1.16.0
  [e2d170a0] + DataValueInterfaces v1.0.0
  [163ba53b] + DiffResults v1.1.0
  [b552c78f] + DiffRules v1.15.1
  [ffbed154] + DocStringExtensions v0.9.4
  [5789e2e9] + FileIO v1.17.0
  [1a297f60] + FillArrays v1.13.0
  [26cc04aa] + FiniteDifferences v0.12.32
  [f6369f11] + ForwardDiff v1.0.1
  [46192b85] + GPUArraysCore v0.2.0
  [f0d1745a] + HalfIntegers v1.6.0
  [076d061b] + HashArrayMappedTries v0.2.0
  [7869d1d1] + IRTools v0.4.14
  [22cec73e] + InitialValues v0.3.1
  [18e54dd8] + IntegerMathUtils v0.1.2
  [3587e190] + InverseFunctions v0.1.17
  [92d709cd] + IrrationalConstants v0.2.4
  [82899510] + IteratorInterfaceExtensions v1.0.0
  [033835bb] + JLD2 v0.5.12
  [692b3bcd] + JLLWrappers v1.7.0
  [0b1a1467] + KrylovKit v0.9.5
  [8ac3fa9e] + LRUCache v1.6.2
  [2ab3a3ac] + LogExpFunctions v0.3.29
⌅ [e6f89c97] + LoggingExtras v1.0.3
  [bb1c41ca] + MPSKit v0.12.6
  [ca635005] + MPSKitModels v0.4.1
  [1914dd2f] + MacroTools v0.5.15
  [77ba4419] + NaNMath v1.1.3
⌅ [67456a42] + OhMyThreads v0.7.0
  [77e91f04] + OptimKit v0.4.0
  [bac558e1] + OrderedCollections v1.8.0
  [52969e89] + PEPSKit v0.5.0
  [65ce6f38] + PackageExtensionCompat v1.0.2
⌅ [aea7be01] + PrecompileTools v1.2.1
  [21216c6a] + Preferences v1.4.3
  [27ebfcd6] + Primes v0.5.7
  [43287f4e] + PtrArrays v1.3.0
  [308eb6b3] + RationalRoots v0.2.1
  [c1ae055f] + RealDot v0.1.0
  [3cdcf5f2] + RecipesBase v1.3.4
  [ae029012] + Requires v1.3.1
  [708f8203] + Richardson v1.4.2
  [7e506255] + ScopedValues v1.3.0
  [dc90abb0] + SparseInverseSubset v0.1.2
  [276daf66] + SpecialFunctions v2.5.1
  [91464d47] + StableTasks v0.1.7
  [90137ffa] + StaticArrays v1.9.13
  [1e83bf80] + StaticArraysCore v1.4.3
  [10745b16] + Statistics v1.11.1
  [5e0ebb24] + Strided v2.3.0
  [4db3bf67] + StridedViews v0.4.1
  [09ab397b] + StructArrays v0.7.1
  [3783bdb8] + TableTraits v1.0.1
  [bd369af6] + Tables v1.12.0
  [ed4db957] + TaskLocalValues v0.1.2
  [07d1fe3e] + TensorKit v0.14.5
  [11fa318c] + TensorKitManifolds v0.7.2
  [13a9c161] + TensorKitSectors v0.1.4
  [6aa20fa7] + TensorOperations v5.2.0
  [3bb67fe8] + TranscodingStreams v0.11.3
  [9d95972d] + TupleTools v1.6.0
  [409d34a3] + VectorInterface v0.5.0
  [9f57e263] + WignerSymbols v2.0.0
  [e88e6eb3] + Zygote v0.7.6
  [700de1a5] + ZygoteRules v0.2.7
  [efe28fd5] + OpenSpecFun_jll v0.5.6+0
  [0dad84c5] + ArgTools v1.1.2
  [56f22d72] + Artifacts v1.11.0
  [2a0f44e3] + Base64 v1.11.0
  [ade2ca70] + Dates v1.11.0
  [8ba89e20] + Distributed v1.11.0
  [f43a241f] + Downloads v1.6.0
  [7b1f6079] + FileWatching v1.11.0
  [b77e0a4c] + InteractiveUtils v1.11.0
  [b27032c2] + LibCURL v0.6.4
  [76f85450] + LibGit2 v1.11.0
  [8f399da3] + Libdl v1.11.0
  [37e2e46d] + LinearAlgebra v1.11.0
  [56ddb016] + Logging v1.11.0
  [d6f4376e] + Markdown v1.11.0
  [a63ad114] + Mmap v1.11.0
  [ca575930] + NetworkOptions v1.2.0
  [44cfe95a] + Pkg v1.11.0
  [de0858da] + Printf v1.11.0
  [9a3f8284] + Random v1.11.0
  [ea8e919c] + SHA v0.7.0
  [9e88b42a] + Serialization v1.11.0
  [6462fe0b] + Sockets v1.11.0
  [2f01184e] + SparseArrays v1.11.0
  [4607b0f0] + SuiteSparse
  [fa267f1f] + TOML v1.0.3
  [a4e569a6] + Tar v1.10.0
  [cf7118a7] + UUIDs v1.11.0
  [4ec0a83e] + Unicode v1.11.0
  [e66e0078] + CompilerSupportLibraries_jll v1.1.1+0
  [deac9b47] + LibCURL_jll v8.6.0+0
  [e37daf67] + LibGit2_jll v1.7.2+0
  [29816b5a] + LibSSH2_jll v1.11.0+1
  [c8ffd9c3] + MbedTLS_jll v2.28.6+0
  [14a3606d] + MozillaCACerts_jll v2023.12.12
  [4536629a] + OpenBLAS_jll v0.3.27+1
  [05823500] + OpenLibm_jll v0.8.1+2
  [bea87d4a] + SuiteSparse_jll v7.7.0+0
  [83775a58] + Zlib_jll v1.2.13+1
  [8e850b90] + libblastrampoline_jll v5.11.0+0
  [8e850ede] + nghttp2_jll v1.59.0+0
  [3f19e933] + p7zip_jll v17.4.0+2
        Info Packages marked with ⌅ have new versions available but compatibility constraints restrict them from upgrading. To see why use `status --outdated -m`
Precompiling project...
    412.7 ms  ✓ DataValueInterfaces
    461.0 ms  ✓ TaskLocalValues
    420.4 ms  ✓ IntegerMathUtils
    437.1 ms  ✓ RealDot
    468.6 ms  ✓ Richardson
    536.7 ms  ✓ HalfIntegers
    582.1 ms  ✓ StableTasks
    559.6 ms  ✓ LRUCache
    657.5 ms  ✓ OrderedCollections
    638.1 ms  ✓ VectorInterface
    633.1 ms  ✓ Statistics
    733.0 ms  ✓ InverseFunctions
    779.8 ms  ✓ DocStringExtensions
    830.5 ms  ✓ AbstractFFTs
    423.1 ms  ✓ IteratorInterfaceExtensions
    413.4 ms  ✓ PackageExtensionCompat
    469.5 ms  ✓ CompositionsBase
    437.0 ms  ✓ PtrArrays
    652.6 ms  ✓ DataAPI
    679.2 ms  ✓ ConstructionBase
    525.6 ms  ✓ ChunkSplitters
    488.5 ms  ✓ StaticArraysCore
   1381.2 ms  ✓ FillArrays
    547.2 ms  ✓ HashArrayMappedTries
    712.5 ms  ✓ TupleTools
    637.3 ms  ✓ RationalRoots
    570.7 ms  ✓ NaNMath
    594.4 ms  ✓ Requires
    651.7 ms  ✓ TranscodingStreams
    986.3 ms  ✓ InitialValues
    643.4 ms  ✓ LoggingExtras
   1675.4 ms  ✓ IrrationalConstants
    682.7 ms  ✓ Compat
    715.1 ms  ✓ Primes
    683.8 ms  ✓ LRUCache → SerializationExt
    835.1 ms  ✓ SuiteSparse
    520.5 ms  ✓ TableTraits
    818.8 ms  ✓ Preferences
    482.5 ms  ✓ CompositionsBase → CompositionsBaseInverseFunctionsExt
    572.6 ms  ✓ StridedViews
    513.4 ms  ✓ ConstructionBase → ConstructionBaseLinearAlgebraExt
    612.8 ms  ✓ InverseFunctions → InverseFunctionsDatesExt
    501.0 ms  ✓ DiffResults
    864.4 ms  ✓ Statistics → SparseArraysExt
    434.0 ms  ✓ ScopedValues
    556.5 ms  ✓ FillArrays → FillArraysStatisticsExt
    523.0 ms  ✓ Compat → CompatLinearAlgebraExt
    601.7 ms  ✓ Adapt
    547.2 ms  ✓ PrecompileTools
    864.5 ms  ✓ FillArrays → FillArraysSparseArraysExt
    682.0 ms  ✓ SparseInverseSubset
    803.8 ms  ✓ LogExpFunctions
    494.4 ms  ✓ StridedViews → StridedViewsPtrArraysExt
    655.7 ms  ✓ JLLWrappers
   1048.9 ms  ✓ Tables
    830.3 ms  ✓ Strided
    730.0 ms  ✓ Adapt → AdaptSparseArraysExt
    482.3 ms  ✓ LogExpFunctions → LogExpFunctionsInverseFunctionsExt
   2766.1 ms  ✓ MacroTools
    841.9 ms  ✓ GPUArraysCore
    682.3 ms  ✓ OpenSpecFun_jll
   1509.6 ms  ✓ OptimKit
   2434.3 ms  ✓ KrylovKit
    705.6 ms  ✓ CommonSubexpressions
    925.0 ms  ✓ StructArrays
   1531.9 ms  ✓ ChainRulesCore
    505.8 ms  ✓ StructArrays → StructArraysAdaptExt
    560.3 ms  ✓ StructArrays → StructArraysLinearAlgebraExt
   1920.6 ms  ✓ RecipesBase
    663.0 ms  ✓ AbstractFFTs → AbstractFFTsChainRulesCoreExt
    705.0 ms  ✓ ChainRulesCore → ChainRulesCoreSparseArraysExt
    721.1 ms  ✓ StructArrays → StructArraysSparseArraysExt
   2821.3 ms  ✓ WignerSymbols
   1134.2 ms  ✓ ZygoteRules
   1969.1 ms  ✓ IRTools
    828.4 ms  ✓ KrylovKit → KrylovKitChainRulesCoreExt
   1695.9 ms  ✓ LogExpFunctions → LogExpFunctionsChainRulesCoreExt
   2434.9 ms  ✓ Accessors
    581.8 ms  ✓ Accessors → StructArraysExt
    600.8 ms  ✓ Accessors → LinearAlgebraExt
   4476.6 ms  ✓ FileIO
   3291.8 ms  ✓ SpecialFunctions
    879.9 ms  ✓ BangBang
    722.4 ms  ✓ DiffRules
    600.9 ms  ✓ BangBang → BangBangTablesExt
    611.4 ms  ✓ BangBang → BangBangStructArraysExt
    681.3 ms  ✓ BangBang → BangBangChainRulesCoreExt
   1042.6 ms  ✓ OhMyThreads
   1922.1 ms  ✓ SpecialFunctions → SpecialFunctionsChainRulesCoreExt
   7831.8 ms  ✓ StaticArrays
   6124.7 ms  ✓ ChainRules
    734.1 ms  ✓ StaticArrays → StaticArraysStatisticsExt
    736.2 ms  ✓ ConstructionBase → ConstructionBaseStaticArraysExt
    747.5 ms  ✓ Adapt → AdaptStaticArraysExt
    760.9 ms  ✓ StaticArrays → StaticArraysChainRulesCoreExt
    794.2 ms  ✓ StructArrays → StructArraysStaticArraysExt
    821.2 ms  ✓ Accessors → StaticArraysExt
    833.7 ms  ✓ BangBang → BangBangStaticArraysExt
   3981.9 ms  ✓ ForwardDiff
    907.5 ms  ✓ ForwardDiff → ForwardDiffStaticArraysExt
   1248.2 ms  ✓ FiniteDifferences
  13941.4 ms  ✓ ArrayLayouts
    799.0 ms  ✓ ArrayLayouts → ArrayLayoutsSparseArraysExt
   1663.5 ms  ✓ BlockArrays
    803.0 ms  ✓ BlockArrays → BlockArraysAdaptExt
  32094.8 ms  ✓ JLD2
  29137.7 ms  ✓ Zygote
 113688.9 ms  ✓ TensorOperations
   1301.2 ms  ✓ TensorOperations → TensorOperationsChainRulesCoreExt
   5593.1 ms  ✓ TensorKitSectors
   7124.1 ms  ✓ TensorKit
   1745.4 ms  ✓ TensorKitManifolds
   1790.3 ms  ✓ TensorKit → TensorKitFiniteDifferencesExt
   1874.6 ms  ✓ TensorKit → TensorKitChainRulesCoreExt
   2568.0 ms  ✓ BlockTensorKit
  14308.8 ms  ✓ MPSKit
  12612.2 ms  ✓ MPSKitModels
  14699.0 ms  ✓ PEPSKit
  118 dependencies successfully precompiled in 174 seconds. 31 already precompiled.
[ Info: CTMRG init:	obj = +4.795600614177e+00	err = 1.0000e+00
[ Info: CTMRG conv 4:	obj = +4.795600614177e+00	err = 1.1034251778e-10	time = 1.76 min
┌ Warning: `svd` cotangents sensitive to gauge choice: (|Δgauge| = 0.2579466406479956)
└ @ TensorKitChainRulesCoreExt ~/.julia/packages/TensorKit/esxcj/ext/TensorKitChainRulesCoreExt/factorizations.jl:254
┌ Warning: `svd` cotangents sensitive to gauge choice: (|Δgauge| = 9.681383649265012e-6)
└ @ TensorKitChainRulesCoreExt ~/.julia/packages/TensorKit/esxcj/ext/TensorKitChainRulesCoreExt/factorizations.jl:254
┌ Warning: `svd` cotangents sensitive to gauge choice: (|Δgauge| = 0.25794286564656366)
└ @ TensorKitChainRulesCoreExt ~/.julia/packages/TensorKit/esxcj/ext/TensorKitChainRulesCoreExt/factorizations.jl:254
[ Info: LBFGS: initializing with f = -2.117467418889, ‖∇f‖ = 9.6584e-04
[ Info: CTMRG init:	obj = +4.795452611327e+00	err = 1.0000e+00
[ Info: CTMRG conv 22:	obj = +4.795464018184e+00	err = 8.7924289135e-10	time = 7.96 sec
┌ Warning: `svd` cotangents sensitive to gauge choice: (|Δgauge| = 0.25668248282547057)
└ @ TensorKitChainRulesCoreExt ~/.julia/packages/TensorKit/esxcj/ext/TensorKitChainRulesCoreExt/factorizations.jl:254
┌ Warning: `svd` cotangents sensitive to gauge choice: (|Δgauge| = 3.907289164260335e-11)
└ @ TensorKitChainRulesCoreExt ~/.julia/packages/TensorKit/esxcj/ext/TensorKitChainRulesCoreExt/factorizations.jl:254
┌ Warning: `svd` cotangents sensitive to gauge choice: (|Δgauge| = 0.25668248284658496)
└ @ TensorKitChainRulesCoreExt ~/.julia/packages/TensorKit/esxcj/ext/TensorKitChainRulesCoreExt/factorizations.jl:254
[ Info: CTMRG init:	obj = +4.795539682479e+00	err = 1.0000e+00
[ Info: CTMRG conv 21:	obj = +4.795541755124e+00	err = 7.4968949598e-10	time = 7.03 sec
┌ Warning: `svd` cotangents sensitive to gauge choice: (|Δgauge| = 0.2574085307791488)
└ @ TensorKitChainRulesCoreExt ~/.julia/packages/TensorKit/esxcj/ext/TensorKitChainRulesCoreExt/factorizations.jl:254
┌ Warning: `svd` cotangents sensitive to gauge choice: (|Δgauge| = 5.631881956958488e-12)
└ @ TensorKitChainRulesCoreExt ~/.julia/packages/TensorKit/esxcj/ext/TensorKitChainRulesCoreExt/factorizations.jl:254
┌ Warning: `svd` cotangents sensitive to gauge choice: (|Δgauge| = 0.2574085308040414)
└ @ TensorKitChainRulesCoreExt ~/.julia/packages/TensorKit/esxcj/ext/TensorKitChainRulesCoreExt/factorizations.jl:254
[ Info: LBFGS: iter    1, time 1583.16 s: f = -2.117469491215, ‖∇f‖ = 1.3887e-03, α = 4.26e-01, m = 0, nfg = 2
[ Info: CTMRG init:	obj = +4.794943275371e+00	err = 1.0000e+00
[ Info: CTMRG conv 21:	obj = +4.794943999450e+00	err = 5.9187178221e-10	time = 6.96 sec
┌ Warning: `svd` cotangents sensitive to gauge choice: (|Δgauge| = 0.2572416789237413)
└ @ TensorKitChainRulesCoreExt ~/.julia/packages/TensorKit/esxcj/ext/TensorKitChainRulesCoreExt/factorizations.jl:254
┌ Warning: `svd` cotangents sensitive to gauge choice: (|Δgauge| = 7.989107714403563e-11)
└ @ TensorKitChainRulesCoreExt ~/.julia/packages/TensorKit/esxcj/ext/TensorKitChainRulesCoreExt/factorizations.jl:254
┌ Warning: `svd` cotangents sensitive to gauge choice: (|Δgauge| = 0.2572416789203614)
└ @ TensorKitChainRulesCoreExt ~/.julia/packages/TensorKit/esxcj/ext/TensorKitChainRulesCoreExt/factorizations.jl:254
[ Info: LBFGS: iter    2, time 1597.02 s: f = -2.117471830132, ‖∇f‖ = 9.9487e-04, α = 1.00e+00, m = 1, nfg = 1
[ Info: CTMRG init:	obj = +4.794624048139e+00	err = 1.0000e+00
[ Info: CTMRG conv 22:	obj = +4.794629509172e+00	err = 6.6051706331e-10	time = 7.47 sec
┌ Warning: `svd` cotangents sensitive to gauge choice: (|Δgauge| = 0.2564229683139729)
└ @ TensorKitChainRulesCoreExt ~/.julia/packages/TensorKit/esxcj/ext/TensorKitChainRulesCoreExt/factorizations.jl:254
┌ Warning: `svd` cotangents sensitive to gauge choice: (|Δgauge| = 2.0417290811133128e-10)
└ @ TensorKitChainRulesCoreExt ~/.julia/packages/TensorKit/esxcj/ext/TensorKitChainRulesCoreExt/factorizations.jl:254
┌ Warning: `svd` cotangents sensitive to gauge choice: (|Δgauge| = 0.25642296833377554)
└ @ TensorKitChainRulesCoreExt ~/.julia/packages/TensorKit/esxcj/ext/TensorKitChainRulesCoreExt/factorizations.jl:254
[ Info: LBFGS: iter    3, time 1610.82 s: f = -2.117475020245, ‖∇f‖ = 8.7891e-04, α = 1.00e+00, m = 2, nfg = 1
[ Info: CTMRG init:	obj = +4.795814548357e+00	err = 1.0000e+00
[ Info: CTMRG conv 21:	obj = +4.795816089385e+00	err = 5.5251283059e-10	time = 7.64 sec
┌ Warning: `svd` cotangents sensitive to gauge choice: (|Δgauge| = 0.25621643049584325)
└ @ TensorKitChainRulesCoreExt ~/.julia/packages/TensorKit/esxcj/ext/TensorKitChainRulesCoreExt/factorizations.jl:254
┌ Warning: `svd` cotangents sensitive to gauge choice: (|Δgauge| = 4.059905524503401e-10)
└ @ TensorKitChainRulesCoreExt ~/.julia/packages/TensorKit/esxcj/ext/TensorKitChainRulesCoreExt/factorizations.jl:254
┌ Warning: `svd` cotangents sensitive to gauge choice: (|Δgauge| = 0.25621643051302184)
└ @ TensorKitChainRulesCoreExt ~/.julia/packages/TensorKit/esxcj/ext/TensorKitChainRulesCoreExt/factorizations.jl:254
[ Info: LBFGS: iter    4, time 1624.75 s: f = -2.117476539004, ‖∇f‖ = 9.1309e-04, α = 1.00e+00, m = 3, nfg = 1
[ Info: CTMRG init:	obj = +4.797630592085e+00	err = 1.0000e+00
[ Info: CTMRG conv 18:	obj = +4.797631017572e+00	err = 5.4863574420e-10	time = 6.44 sec
┌ Warning: `svd` cotangents sensitive to gauge choice: (|Δgauge| = 0.25599626742647663)
└ @ TensorKitChainRulesCoreExt ~/.julia/packages/TensorKit/esxcj/ext/TensorKitChainRulesCoreExt/factorizations.jl:254
┌ Warning: `svd` cotangents sensitive to gauge choice: (|Δgauge| = 2.9841223846155207e-9)
└ @ TensorKitChainRulesCoreExt ~/.julia/packages/TensorKit/esxcj/ext/TensorKitChainRulesCoreExt/factorizations.jl:254
┌ Warning: `svd` cotangents sensitive to gauge choice: (|Δgauge| = 0.2559962673595878)
└ @ TensorKitChainRulesCoreExt ~/.julia/packages/TensorKit/esxcj/ext/TensorKitChainRulesCoreExt/factorizations.jl:254
[ Info: LBFGS: iter    5, time 1636.55 s: f = -2.117478023526, ‖∇f‖ = 9.3136e-04, α = 1.00e+00, m = 4, nfg = 1
[ Info: CTMRG init:	obj = +4.811238221663e+00	err = 1.0000e+00
[ Info: CTMRG conv 19:	obj = +4.811255170270e+00	err = 8.4563642794e-10	time = 7.58 sec
┌ Warning: `svd` cotangents sensitive to gauge choice: (|Δgauge| = 0.254591510837727)
└ @ TensorKitChainRulesCoreExt ~/.julia/packages/TensorKit/esxcj/ext/TensorKitChainRulesCoreExt/factorizations.jl:254
┌ Warning: `svd` cotangents sensitive to gauge choice: (|Δgauge| = 1.0891450295812474e-9)
└ @ TensorKitChainRulesCoreExt ~/.julia/packages/TensorKit/esxcj/ext/TensorKitChainRulesCoreExt/factorizations.jl:254
┌ Warning: `svd` cotangents sensitive to gauge choice: (|Δgauge| = 0.2545915107636211)
└ @ TensorKitChainRulesCoreExt ~/.julia/packages/TensorKit/esxcj/ext/TensorKitChainRulesCoreExt/factorizations.jl:254
[ Info: LBFGS: iter    6, time 1649.89 s: f = -2.117486151526, ‖∇f‖ = 8.3417e-04, α = 1.00e+00, m = 5, nfg = 1
[ Info: CTMRG init:	obj = +4.821477598703e+00	err = 1.0000e+00
[ Info: CTMRG conv 20:	obj = +4.821481833122e+00	err = 3.0977663893e-10	time = 8.01 sec
┌ Warning: `svd` cotangents sensitive to gauge choice: (|Δgauge| = 0.2541933509885082)
└ @ TensorKitChainRulesCoreExt ~/.julia/packages/TensorKit/esxcj/ext/TensorKitChainRulesCoreExt/factorizations.jl:254
┌ Warning: `svd` cotangents sensitive to gauge choice: (|Δgauge| = 7.280646151862238e-11)
└ @ TensorKitChainRulesCoreExt ~/.julia/packages/TensorKit/esxcj/ext/TensorKitChainRulesCoreExt/factorizations.jl:254
┌ Warning: `svd` cotangents sensitive to gauge choice: (|Δgauge| = 0.25419335098435714)
└ @ TensorKitChainRulesCoreExt ~/.julia/packages/TensorKit/esxcj/ext/TensorKitChainRulesCoreExt/factorizations.jl:254
[ Info: LBFGS: iter    7, time 1663.03 s: f = -2.117489974375, ‖∇f‖ = 1.3434e-03, α = 1.00e+00, m = 6, nfg = 1
[ Info: CTMRG init:	obj = +4.828022691883e+00	err = 1.0000e+00
[ Info: CTMRG conv 19:	obj = +4.828025519174e+00	err = 7.2614908630e-10	time = 7.35 sec
┌ Warning: `svd` cotangents sensitive to gauge choice: (|Δgauge| = 0.2545845528751989)
└ @ TensorKitChainRulesCoreExt ~/.julia/packages/TensorKit/esxcj/ext/TensorKitChainRulesCoreExt/factorizations.jl:254
┌ Warning: `svd` cotangents sensitive to gauge choice: (|Δgauge| = 3.9208031250911584e-10)
└ @ TensorKitChainRulesCoreExt ~/.julia/packages/TensorKit/esxcj/ext/TensorKitChainRulesCoreExt/factorizations.jl:254
┌ Warning: `svd` cotangents sensitive to gauge choice: (|Δgauge| = 0.25458455288403864)
└ @ TensorKitChainRulesCoreExt ~/.julia/packages/TensorKit/esxcj/ext/TensorKitChainRulesCoreExt/factorizations.jl:254
[ Info: LBFGS: iter    8, time 1675.85 s: f = -2.117493453679, ‖∇f‖ = 6.8101e-04, α = 1.00e+00, m = 7, nfg = 1
[ Info: CTMRG init:	obj = +4.827633859180e+00	err = 1.0000e+00
[ Info: CTMRG conv 17:	obj = +4.827635669199e+00	err = 6.2347570652e-10	time = 6.53 sec
┌ Warning: `svd` cotangents sensitive to gauge choice: (|Δgauge| = 0.25508284898776856)
└ @ TensorKitChainRulesCoreExt ~/.julia/packages/TensorKit/esxcj/ext/TensorKitChainRulesCoreExt/factorizations.jl:254
┌ Warning: `svd` cotangents sensitive to gauge choice: (|Δgauge| = 2.1487945578920675e-9)
└ @ TensorKitChainRulesCoreExt ~/.julia/packages/TensorKit/esxcj/ext/TensorKitChainRulesCoreExt/factorizations.jl:254
┌ Warning: `svd` cotangents sensitive to gauge choice: (|Δgauge| = 0.2550828489807331)
└ @ TensorKitChainRulesCoreExt ~/.julia/packages/TensorKit/esxcj/ext/TensorKitChainRulesCoreExt/factorizations.jl:254
[ Info: LBFGS: iter    9, time 1687.51 s: f = -2.117494493652, ‖∇f‖ = 5.3921e-04, α = 1.00e+00, m = 8, nfg = 1
[ Info: CTMRG init:	obj = +4.826590862784e+00	err = 1.0000e+00
[ Info: CTMRG conv 17:	obj = +4.826591731105e+00	err = 5.2483252499e-10	time = 6.65 sec
┌ Warning: `svd` cotangents sensitive to gauge choice: (|Δgauge| = 0.25539997029890604)
└ @ TensorKitChainRulesCoreExt ~/.julia/packages/TensorKit/esxcj/ext/TensorKitChainRulesCoreExt/factorizations.jl:254
┌ Warning: `svd` cotangents sensitive to gauge choice: (|Δgauge| = 2.501951643208079e-9)
└ @ TensorKitChainRulesCoreExt ~/.julia/packages/TensorKit/esxcj/ext/TensorKitChainRulesCoreExt/factorizations.jl:254
┌ Warning: `svd` cotangents sensitive to gauge choice: (|Δgauge| = 0.2553999704775669)
└ @ TensorKitChainRulesCoreExt ~/.julia/packages/TensorKit/esxcj/ext/TensorKitChainRulesCoreExt/factorizations.jl:254
[ Info: LBFGS: iter   10, time 1699.15 s: f = -2.117495129958, ‖∇f‖ = 4.2241e-04, α = 1.00e+00, m = 8, nfg = 1
[ Info: CTMRG init:	obj = +4.826881914120e+00	err = 1.0000e+00
[ Info: CTMRG conv 19:	obj = +4.826883426890e+00	err = 8.0112803468e-10	time = 8.04 sec
┌ Warning: `svd` cotangents sensitive to gauge choice: (|Δgauge| = 0.25582742289271465)
└ @ TensorKitChainRulesCoreExt ~/.julia/packages/TensorKit/esxcj/ext/TensorKitChainRulesCoreExt/factorizations.jl:254
┌ Warning: `svd` cotangents sensitive to gauge choice: (|Δgauge| = 7.019008353329669e-10)
└ @ TensorKitChainRulesCoreExt ~/.julia/packages/TensorKit/esxcj/ext/TensorKitChainRulesCoreExt/factorizations.jl:254
┌ Warning: `svd` cotangents sensitive to gauge choice: (|Δgauge| = 0.25582742288916205)
└ @ TensorKitChainRulesCoreExt ~/.julia/packages/TensorKit/esxcj/ext/TensorKitChainRulesCoreExt/factorizations.jl:254
[ Info: LBFGS: iter   11, time 1712.76 s: f = -2.117496383763, ‖∇f‖ = 4.3189e-04, α = 1.00e+00, m = 8, nfg = 1
[ Info: CTMRG init:	obj = +4.830324451021e+00	err = 1.0000e+00
[ Info: CTMRG conv 20:	obj = +4.830328952646e+00	err = 9.9650853953e-10	time = 8.67 sec
┌ Warning: `svd` cotangents sensitive to gauge choice: (|Δgauge| = 0.25646491425334605)
└ @ TensorKitChainRulesCoreExt ~/.julia/packages/TensorKit/esxcj/ext/TensorKitChainRulesCoreExt/factorizations.jl:254
┌ Warning: `svd` cotangents sensitive to gauge choice: (|Δgauge| = 3.3824986973790993e-10)
└ @ TensorKitChainRulesCoreExt ~/.julia/packages/TensorKit/esxcj/ext/TensorKitChainRulesCoreExt/factorizations.jl:254
┌ Warning: `svd` cotangents sensitive to gauge choice: (|Δgauge| = 0.2564649142974875)
└ @ TensorKitChainRulesCoreExt ~/.julia/packages/TensorKit/esxcj/ext/TensorKitChainRulesCoreExt/factorizations.jl:254
[ Info: LBFGS: iter   12, time 1727.11 s: f = -2.117499248188, ‖∇f‖ = 5.7923e-04, α = 1.00e+00, m = 8, nfg = 1
[ Info: CTMRG init:	obj = +4.835745519099e+00	err = 1.0000e+00
[ Info: CTMRG conv 19:	obj = +4.835752303935e+00	err = 9.2161208243e-10	time = 9.68 sec
┌ Warning: `svd` cotangents sensitive to gauge choice: (|Δgauge| = 0.2570736040675138)
└ @ TensorKitChainRulesCoreExt ~/.julia/packages/TensorKit/esxcj/ext/TensorKitChainRulesCoreExt/factorizations.jl:254
┌ Warning: `svd` cotangents sensitive to gauge choice: (|Δgauge| = 2.78968315999226e-10)
└ @ TensorKitChainRulesCoreExt ~/.julia/packages/TensorKit/esxcj/ext/TensorKitChainRulesCoreExt/factorizations.jl:254
┌ Warning: `svd` cotangents sensitive to gauge choice: (|Δgauge| = 0.2570736040568594)
└ @ TensorKitChainRulesCoreExt ~/.julia/packages/TensorKit/esxcj/ext/TensorKitChainRulesCoreExt/factorizations.jl:254
[ Info: CTMRG init:	obj = +4.832269325046e+00	err = 1.0000e+00
[ Info: CTMRG conv 18:	obj = +4.832270162450e+00	err = 9.8458770382e-10	time = 8.70 sec
┌ Warning: `svd` cotangents sensitive to gauge choice: (|Δgauge| = 0.25667975421718603)
└ @ TensorKitChainRulesCoreExt ~/.julia/packages/TensorKit/esxcj/ext/TensorKitChainRulesCoreExt/factorizations.jl:254
┌ Warning: `svd` cotangents sensitive to gauge choice: (|Δgauge| = 1.073111890996184e-9)
└ @ TensorKitChainRulesCoreExt ~/.julia/packages/TensorKit/esxcj/ext/TensorKitChainRulesCoreExt/factorizations.jl:254
┌ Warning: `svd` cotangents sensitive to gauge choice: (|Δgauge| = 0.2566797542278749)
└ @ TensorKitChainRulesCoreExt ~/.julia/packages/TensorKit/esxcj/ext/TensorKitChainRulesCoreExt/factorizations.jl:254
[ Info: LBFGS: iter   13, time 1756.21 s: f = -2.117500099151, ‖∇f‖ = 1.1512e-03, α = 3.51e-01, m = 8, nfg = 2
[ Info: CTMRG init:	obj = +4.837321934976e+00	err = 1.0000e+00
[ Info: CTMRG conv 19:	obj = +4.837323179228e+00	err = 5.7990657369e-10	time = 9.50 sec
┌ Warning: `svd` cotangents sensitive to gauge choice: (|Δgauge| = 0.2566061919947659)
└ @ TensorKitChainRulesCoreExt ~/.julia/packages/TensorKit/esxcj/ext/TensorKitChainRulesCoreExt/factorizations.jl:254
┌ Warning: `svd` cotangents sensitive to gauge choice: (|Δgauge| = 3.1807525941504846e-10)
└ @ TensorKitChainRulesCoreExt ~/.julia/packages/TensorKit/esxcj/ext/TensorKitChainRulesCoreExt/factorizations.jl:254
┌ Warning: `svd` cotangents sensitive to gauge choice: (|Δgauge| = 0.2566061920709959)
└ @ TensorKitChainRulesCoreExt ~/.julia/packages/TensorKit/esxcj/ext/TensorKitChainRulesCoreExt/factorizations.jl:254
[ Info: LBFGS: iter   14, time 1771.65 s: f = -2.117502178138, ‖∇f‖ = 6.1563e-04, α = 1.00e+00, m = 8, nfg = 1
[ Info: CTMRG init:	obj = +4.840215229622e+00	err = 1.0000e+00
[ Info: CTMRG conv 19:	obj = +4.840216580594e+00	err = 6.5873954539e-10	time = 10.04 sec
┌ Warning: `svd` cotangents sensitive to gauge choice: (|Δgauge| = 0.2561603034213915)
└ @ TensorKitChainRulesCoreExt ~/.julia/packages/TensorKit/esxcj/ext/TensorKitChainRulesCoreExt/factorizations.jl:254
┌ Warning: `svd` cotangents sensitive to gauge choice: (|Δgauge| = 9.209431953670065e-11)
└ @ TensorKitChainRulesCoreExt ~/.julia/packages/TensorKit/esxcj/ext/TensorKitChainRulesCoreExt/factorizations.jl:254
┌ Warning: `svd` cotangents sensitive to gauge choice: (|Δgauge| = 0.2561603034308419)
└ @ TensorKitChainRulesCoreExt ~/.julia/packages/TensorKit/esxcj/ext/TensorKitChainRulesCoreExt/factorizations.jl:254
[ Info: LBFGS: iter   15, time 1788.06 s: f = -2.117503262082, ‖∇f‖ = 3.1039e-04, α = 1.00e+00, m = 8, nfg = 1
[ Info: CTMRG init:	obj = +4.841695495206e+00	err = 1.0000e+00
[ Info: CTMRG conv 19:	obj = +4.841697917936e+00	err = 8.8164697362e-10	time = 9.39 sec
┌ Warning: `svd` cotangents sensitive to gauge choice: (|Δgauge| = 0.2554478020100835)
└ @ TensorKitChainRulesCoreExt ~/.julia/packages/TensorKit/esxcj/ext/TensorKitChainRulesCoreExt/factorizations.jl:254
┌ Warning: `svd` cotangents sensitive to gauge choice: (|Δgauge| = 2.0612806664518462e-10)
└ @ TensorKitChainRulesCoreExt ~/.julia/packages/TensorKit/esxcj/ext/TensorKitChainRulesCoreExt/factorizations.jl:254
┌ Warning: `svd` cotangents sensitive to gauge choice: (|Δgauge| = 0.25544780204233597)
└ @ TensorKitChainRulesCoreExt ~/.julia/packages/TensorKit/esxcj/ext/TensorKitChainRulesCoreExt/factorizations.jl:254
[ Info: LBFGS: iter   16, time 1802.53 s: f = -2.117503860870, ‖∇f‖ = 3.7436e-04, α = 1.00e+00, m = 8, nfg = 1
[ Info: CTMRG init:	obj = +4.841196176268e+00	err = 1.0000e+00
[ Info: CTMRG conv 19:	obj = +4.841197890367e+00	err = 6.7073604172e-10	time = 10.53 sec
┌ Warning: `svd` cotangents sensitive to gauge choice: (|Δgauge| = 0.25506300824007117)
└ @ TensorKitChainRulesCoreExt ~/.julia/packages/TensorKit/esxcj/ext/TensorKitChainRulesCoreExt/factorizations.jl:254
┌ Warning: `svd` cotangents sensitive to gauge choice: (|Δgauge| = 3.4176490023351043e-10)
└ @ TensorKitChainRulesCoreExt ~/.julia/packages/TensorKit/esxcj/ext/TensorKitChainRulesCoreExt/factorizations.jl:254
┌ Warning: `svd` cotangents sensitive to gauge choice: (|Δgauge| = 0.25506300829736206)
└ @ TensorKitChainRulesCoreExt ~/.julia/packages/TensorKit/esxcj/ext/TensorKitChainRulesCoreExt/factorizations.jl:254
[ Info: LBFGS: iter   17, time 1818.43 s: f = -2.117504238934, ‖∇f‖ = 4.7380e-04, α = 1.00e+00, m = 8, nfg = 1
[ Info: CTMRG init:	obj = +4.840327508245e+00	err = 1.0000e+00
[ Info: CTMRG conv 18:	obj = +4.840327566421e+00	err = 2.9867671126e-10	time = 9.77 sec
┌ Warning: `svd` cotangents sensitive to gauge choice: (|Δgauge| = 0.2550334031407513)
└ @ TensorKitChainRulesCoreExt ~/.julia/packages/TensorKit/esxcj/ext/TensorKitChainRulesCoreExt/factorizations.jl:254
┌ Warning: `svd` cotangents sensitive to gauge choice: (|Δgauge| = 7.585644730673245e-10)
└ @ TensorKitChainRulesCoreExt ~/.julia/packages/TensorKit/esxcj/ext/TensorKitChainRulesCoreExt/factorizations.jl:254
┌ Warning: `svd` cotangents sensitive to gauge choice: (|Δgauge| = 0.25503340313323486)
└ @ TensorKitChainRulesCoreExt ~/.julia/packages/TensorKit/esxcj/ext/TensorKitChainRulesCoreExt/factorizations.jl:254
[ Info: LBFGS: iter   18, time 1833.40 s: f = -2.117504569424, ‖∇f‖ = 3.0626e-04, α = 1.00e+00, m = 8, nfg = 1
[ Info: CTMRG init:	obj = +4.838143011051e+00	err = 1.0000e+00
[ Info: CTMRG conv 18:	obj = +4.838143470927e+00	err = 6.8275108879e-10	time = 10.45 sec
┌ Warning: `svd` cotangents sensitive to gauge choice: (|Δgauge| = 0.25503709873549824)
└ @ TensorKitChainRulesCoreExt ~/.julia/packages/TensorKit/esxcj/ext/TensorKitChainRulesCoreExt/factorizations.jl:254
┌ Warning: `svd` cotangents sensitive to gauge choice: (|Δgauge| = 8.685442567615649e-10)
└ @ TensorKitChainRulesCoreExt ~/.julia/packages/TensorKit/esxcj/ext/TensorKitChainRulesCoreExt/factorizations.jl:254
┌ Warning: `svd` cotangents sensitive to gauge choice: (|Δgauge| = 0.2550370987075544)
└ @ TensorKitChainRulesCoreExt ~/.julia/packages/TensorKit/esxcj/ext/TensorKitChainRulesCoreExt/factorizations.jl:254
[ Info: LBFGS: iter   19, time 1848.84 s: f = -2.117505132398, ‖∇f‖ = 2.8501e-04, α = 1.00e+00, m = 8, nfg = 1
[ Info: CTMRG init:	obj = +4.837101221331e+00	err = 1.0000e+00
[ Info: CTMRG conv 18:	obj = +4.837101434167e+00	err = 2.7733180682e-10	time = 10.53 sec
┌ Warning: `svd` cotangents sensitive to gauge choice: (|Δgauge| = 0.2551057721063501)
└ @ TensorKitChainRulesCoreExt ~/.julia/packages/TensorKit/esxcj/ext/TensorKitChainRulesCoreExt/factorizations.jl:254
┌ Warning: `svd` cotangents sensitive to gauge choice: (|Δgauge| = 8.865002130988331e-10)
└ @ TensorKitChainRulesCoreExt ~/.julia/packages/TensorKit/esxcj/ext/TensorKitChainRulesCoreExt/factorizations.jl:254
┌ Warning: `svd` cotangents sensitive to gauge choice: (|Δgauge| = 0.25510577204110374)
└ @ TensorKitChainRulesCoreExt ~/.julia/packages/TensorKit/esxcj/ext/TensorKitChainRulesCoreExt/factorizations.jl:254
[ Info: LBFGS: iter   20, time 1863.95 s: f = -2.117505585713, ‖∇f‖ = 3.5785e-04, α = 1.00e+00, m = 8, nfg = 1
[ Info: CTMRG init:	obj = +4.832891965196e+00	err = 1.0000e+00
[ Info: CTMRG conv 19:	obj = +4.832895948598e+00	err = 1.8155481191e-10	time = 11.11 sec
┌ Warning: `svd` cotangents sensitive to gauge choice: (|Δgauge| = 0.25550436623369677)
└ @ TensorKitChainRulesCoreExt ~/.julia/packages/TensorKit/esxcj/ext/TensorKitChainRulesCoreExt/factorizations.jl:254
┌ Warning: `svd` cotangents sensitive to gauge choice: (|Δgauge| = 3.9159043456182823e-10)
└ @ TensorKitChainRulesCoreExt ~/.julia/packages/TensorKit/esxcj/ext/TensorKitChainRulesCoreExt/factorizations.jl:254
┌ Warning: `svd` cotangents sensitive to gauge choice: (|Δgauge| = 0.25550436629587503)
└ @ TensorKitChainRulesCoreExt ~/.julia/packages/TensorKit/esxcj/ext/TensorKitChainRulesCoreExt/factorizations.jl:254
[ Info: LBFGS: iter   21, time 1879.74 s: f = -2.117507432330, ‖∇f‖ = 5.2936e-04, α = 1.00e+00, m = 8, nfg = 1
[ Info: CTMRG init:	obj = +4.828767131050e+00	err = 1.0000e+00
[ Info: CTMRG conv 19:	obj = +4.828772738988e+00	err = 7.8814996318e-10	time = 12.43 sec
┌ Warning: `svd` cotangents sensitive to gauge choice: (|Δgauge| = 0.2550453405635663)
└ @ TensorKitChainRulesCoreExt ~/.julia/packages/TensorKit/esxcj/ext/TensorKitChainRulesCoreExt/factorizations.jl:254
┌ Warning: `svd` cotangents sensitive to gauge choice: (|Δgauge| = 3.5446724181795907e-10)
└ @ TensorKitChainRulesCoreExt ~/.julia/packages/TensorKit/esxcj/ext/TensorKitChainRulesCoreExt/factorizations.jl:254
┌ Warning: `svd` cotangents sensitive to gauge choice: (|Δgauge| = 0.25504534057073713)
└ @ TensorKitChainRulesCoreExt ~/.julia/packages/TensorKit/esxcj/ext/TensorKitChainRulesCoreExt/factorizations.jl:254
[ Info: LBFGS: iter   22, time 1897.14 s: f = -2.117507985454, ‖∇f‖ = 1.1578e-03, α = 1.00e+00, m = 8, nfg = 1
[ Info: CTMRG init:	obj = +4.827221150570e+00	err = 1.0000e+00
[ Info: CTMRG conv 18:	obj = +4.827221958255e+00	err = 6.3941842031e-10	time = 12.80 sec
┌ Warning: `svd` cotangents sensitive to gauge choice: (|Δgauge| = 0.2555635575855618)
└ @ TensorKitChainRulesCoreExt ~/.julia/packages/TensorKit/esxcj/ext/TensorKitChainRulesCoreExt/factorizations.jl:254
┌ Warning: `svd` cotangents sensitive to gauge choice: (|Δgauge| = 4.552442179518928e-10)
└ @ TensorKitChainRulesCoreExt ~/.julia/packages/TensorKit/esxcj/ext/TensorKitChainRulesCoreExt/factorizations.jl:254
┌ Warning: `svd` cotangents sensitive to gauge choice: (|Δgauge| = 0.2555635575796268)
└ @ TensorKitChainRulesCoreExt ~/.julia/packages/TensorKit/esxcj/ext/TensorKitChainRulesCoreExt/factorizations.jl:254
[ Info: LBFGS: iter   23, time 1915.19 s: f = -2.117509885369, ‖∇f‖ = 4.1658e-04, α = 1.00e+00, m = 8, nfg = 1
[ Info: CTMRG init:	obj = +4.827446664288e+00	err = 1.0000e+00
[ Info: CTMRG conv 16:	obj = +4.827446758479e+00	err = 2.9185920131e-10	time = 10.99 sec
┌ Warning: `svd` cotangents sensitive to gauge choice: (|Δgauge| = 0.2555368268037671)
└ @ TensorKitChainRulesCoreExt ~/.julia/packages/TensorKit/esxcj/ext/TensorKitChainRulesCoreExt/factorizations.jl:254
┌ Warning: `svd` cotangents sensitive to gauge choice: (|Δgauge| = 1.0077823029612118e-9)
└ @ TensorKitChainRulesCoreExt ~/.julia/packages/TensorKit/esxcj/ext/TensorKitChainRulesCoreExt/factorizations.jl:254
┌ Warning: `svd` cotangents sensitive to gauge choice: (|Δgauge| = 0.2555368267071036)
└ @ TensorKitChainRulesCoreExt ~/.julia/packages/TensorKit/esxcj/ext/TensorKitChainRulesCoreExt/factorizations.jl:254
[ Info: LBFGS: iter   24, time 1931.02 s: f = -2.117510481325, ‖∇f‖ = 3.1375e-04, α = 1.00e+00, m = 8, nfg = 1
[ Info: CTMRG init:	obj = +4.827504355565e+00	err = 1.0000e+00
[ Info: CTMRG conv 16:	obj = +4.827504596203e+00	err = 4.8559795380e-10	time = 11.00 sec
┌ Warning: `svd` cotangents sensitive to gauge choice: (|Δgauge| = 0.2555177095154258)
└ @ TensorKitChainRulesCoreExt ~/.julia/packages/TensorKit/esxcj/ext/TensorKitChainRulesCoreExt/factorizations.jl:254
┌ Warning: `svd` cotangents sensitive to gauge choice: (|Δgauge| = 4.705939612224619e-10)
└ @ TensorKitChainRulesCoreExt ~/.julia/packages/TensorKit/esxcj/ext/TensorKitChainRulesCoreExt/factorizations.jl:254
┌ Warning: `svd` cotangents sensitive to gauge choice: (|Δgauge| = 0.2555177095102814)
└ @ TensorKitChainRulesCoreExt ~/.julia/packages/TensorKit/esxcj/ext/TensorKitChainRulesCoreExt/factorizations.jl:254
[ Info: LBFGS: iter   25, time 1947.04 s: f = -2.117510774280, ‖∇f‖ = 4.3092e-04, α = 1.00e+00, m = 8, nfg = 1
[ Info: CTMRG init:	obj = +4.827571460309e+00	err = 1.0000e+00
[ Info: CTMRG conv 16:	obj = +4.827571617708e+00	err = 9.2564332421e-10	time = 10.96 sec
┌ Warning: `svd` cotangents sensitive to gauge choice: (|Δgauge| = 0.25532520117302926)
└ @ TensorKitChainRulesCoreExt ~/.julia/packages/TensorKit/esxcj/ext/TensorKitChainRulesCoreExt/factorizations.jl:254
┌ Warning: `svd` cotangents sensitive to gauge choice: (|Δgauge| = 4.824004468723058e-10)
└ @ TensorKitChainRulesCoreExt ~/.julia/packages/TensorKit/esxcj/ext/TensorKitChainRulesCoreExt/factorizations.jl:254
┌ Warning: `svd` cotangents sensitive to gauge choice: (|Δgauge| = 0.25532520120805696)
└ @ TensorKitChainRulesCoreExt ~/.julia/packages/TensorKit/esxcj/ext/TensorKitChainRulesCoreExt/factorizations.jl:254
[ Info: LBFGS: iter   26, time 1962.83 s: f = -2.117511010638, ‖∇f‖ = 3.0691e-04, α = 1.00e+00, m = 8, nfg = 1
[ Info: CTMRG init:	obj = +4.827320624064e+00	err = 1.0000e+00
[ Info: CTMRG conv 18:	obj = +4.827321075334e+00	err = 5.2319208152e-10	time = 13.05 sec
┌ Warning: `svd` cotangents sensitive to gauge choice: (|Δgauge| = 0.2549744004350839)
└ @ TensorKitChainRulesCoreExt ~/.julia/packages/TensorKit/esxcj/ext/TensorKitChainRulesCoreExt/factorizations.jl:254
┌ Warning: `svd` cotangents sensitive to gauge choice: (|Δgauge| = 1.4962886185405032e-10)
└ @ TensorKitChainRulesCoreExt ~/.julia/packages/TensorKit/esxcj/ext/TensorKitChainRulesCoreExt/factorizations.jl:254
┌ Warning: `svd` cotangents sensitive to gauge choice: (|Δgauge| = 0.2549744005279026)
└ @ TensorKitChainRulesCoreExt ~/.julia/packages/TensorKit/esxcj/ext/TensorKitChainRulesCoreExt/factorizations.jl:254
[ Info: LBFGS: iter   27, time 1980.46 s: f = -2.117511435754, ‖∇f‖ = 3.6201e-04, α = 1.00e+00, m = 8, nfg = 1
[ Info: CTMRG init:	obj = +4.826845190926e+00	err = 1.0000e+00
[ Info: CTMRG conv 18:	obj = +4.826845968657e+00	err = 4.6450517535e-10	time = 12.53 sec
┌ Warning: `svd` cotangents sensitive to gauge choice: (|Δgauge| = 0.25456268519749825)
└ @ TensorKitChainRulesCoreExt ~/.julia/packages/TensorKit/esxcj/ext/TensorKitChainRulesCoreExt/factorizations.jl:254
┌ Warning: `svd` cotangents sensitive to gauge choice: (|Δgauge| = 1.7947470591932284e-10)
└ @ TensorKitChainRulesCoreExt ~/.julia/packages/TensorKit/esxcj/ext/TensorKitChainRulesCoreExt/factorizations.jl:254
┌ Warning: `svd` cotangents sensitive to gauge choice: (|Δgauge| = 0.2545626852254258)
└ @ TensorKitChainRulesCoreExt ~/.julia/packages/TensorKit/esxcj/ext/TensorKitChainRulesCoreExt/factorizations.jl:254
[ Info: LBFGS: iter   28, time 1997.70 s: f = -2.117512054062, ‖∇f‖ = 4.8250e-04, α = 1.00e+00, m = 8, nfg = 1
[ Info: CTMRG init:	obj = +4.826963740108e+00	err = 1.0000e+00
[ Info: CTMRG conv 17:	obj = +4.826964553884e+00	err = 4.0765894518e-10	time = 13.39 sec
┌ Warning: `svd` cotangents sensitive to gauge choice: (|Δgauge| = 0.2542290300020611)
└ @ TensorKitChainRulesCoreExt ~/.julia/packages/TensorKit/esxcj/ext/TensorKitChainRulesCoreExt/factorizations.jl:254
┌ Warning: `svd` cotangents sensitive to gauge choice: (|Δgauge| = 3.2163908785259e-10)
└ @ TensorKitChainRulesCoreExt ~/.julia/packages/TensorKit/esxcj/ext/TensorKitChainRulesCoreExt/factorizations.jl:254
┌ Warning: `svd` cotangents sensitive to gauge choice: (|Δgauge| = 0.25422903013737264)
└ @ TensorKitChainRulesCoreExt ~/.julia/packages/TensorKit/esxcj/ext/TensorKitChainRulesCoreExt/factorizations.jl:254
[ Info: LBFGS: iter   29, time 2016.45 s: f = -2.117513012757, ‖∇f‖ = 5.2572e-04, α = 1.00e+00, m = 8, nfg = 1
[ Info: CTMRG init:	obj = +4.825941351526e+00	err = 1.0000e+00
[ Info: CTMRG conv 17:	obj = +4.825951767584e+00	err = 9.9774180459e-10	time = 12.90 sec
┌ Warning: `svd` cotangents sensitive to gauge choice: (|Δgauge| = 0.2542542315291706)
└ @ TensorKitChainRulesCoreExt ~/.julia/packages/TensorKit/esxcj/ext/TensorKitChainRulesCoreExt/factorizations.jl:254
┌ Warning: `svd` cotangents sensitive to gauge choice: (|Δgauge| = 2.725661000780268e-10)
└ @ TensorKitChainRulesCoreExt ~/.julia/packages/TensorKit/esxcj/ext/TensorKitChainRulesCoreExt/factorizations.jl:254
┌ Warning: `svd` cotangents sensitive to gauge choice: (|Δgauge| = 0.2542542315481052)
└ @ TensorKitChainRulesCoreExt ~/.julia/packages/TensorKit/esxcj/ext/TensorKitChainRulesCoreExt/factorizations.jl:254
[ Info: CTMRG init:	obj = +4.826835105589e+00	err = 1.0000e+00
[ Info: CTMRG conv 16:	obj = +4.826835460663e+00	err = 5.2187900082e-10	time = 12.99 sec
┌ Warning: `svd` cotangents sensitive to gauge choice: (|Δgauge| = 0.25423407923291425)
└ @ TensorKitChainRulesCoreExt ~/.julia/packages/TensorKit/esxcj/ext/TensorKitChainRulesCoreExt/factorizations.jl:254
┌ Warning: `svd` cotangents sensitive to gauge choice: (|Δgauge| = 4.2456318104355956e-10)
└ @ TensorKitChainRulesCoreExt ~/.julia/packages/TensorKit/esxcj/ext/TensorKitChainRulesCoreExt/factorizations.jl:254
┌ Warning: `svd` cotangents sensitive to gauge choice: (|Δgauge| = 0.25423407933111625)
└ @ TensorKitChainRulesCoreExt ~/.julia/packages/TensorKit/esxcj/ext/TensorKitChainRulesCoreExt/factorizations.jl:254
[ Info: LBFGS: iter   30, time 2052.24 s: f = -2.117513334623, ‖∇f‖ = 6.5167e-04, α = 1.85e-01, m = 8, nfg = 2
[ Info: CTMRG init:	obj = +4.827501184623e+00	err = 1.0000e+00
[ Info: CTMRG conv 18:	obj = +4.827501579884e+00	err = 3.8516546091e-10	time = 13.51 sec
┌ Warning: `svd` cotangents sensitive to gauge choice: (|Δgauge| = 0.25424326908492223)
└ @ TensorKitChainRulesCoreExt ~/.julia/packages/TensorKit/esxcj/ext/TensorKitChainRulesCoreExt/factorizations.jl:254
┌ Warning: `svd` cotangents sensitive to gauge choice: (|Δgauge| = 1.961129449751352e-11)
└ @ TensorKitChainRulesCoreExt ~/.julia/packages/TensorKit/esxcj/ext/TensorKitChainRulesCoreExt/factorizations.jl:254
┌ Warning: `svd` cotangents sensitive to gauge choice: (|Δgauge| = 0.25424326916642703)
└ @ TensorKitChainRulesCoreExt ~/.julia/packages/TensorKit/esxcj/ext/TensorKitChainRulesCoreExt/factorizations.jl:254
[ Info: LBFGS: iter   31, time 2070.74 s: f = -2.117514162400, ‖∇f‖ = 3.6581e-04, α = 1.00e+00, m = 8, nfg = 1
[ Info: CTMRG init:	obj = +4.828184088637e+00	err = 1.0000e+00
[ Info: CTMRG conv 18:	obj = +4.828184473962e+00	err = 2.5134548284e-10	time = 13.24 sec
┌ Warning: `svd` cotangents sensitive to gauge choice: (|Δgauge| = 0.2544771039419368)
└ @ TensorKitChainRulesCoreExt ~/.julia/packages/TensorKit/esxcj/ext/TensorKitChainRulesCoreExt/factorizations.jl:254
┌ Warning: `svd` cotangents sensitive to gauge choice: (|Δgauge| = 9.091232200774244e-11)
└ @ TensorKitChainRulesCoreExt ~/.julia/packages/TensorKit/esxcj/ext/TensorKitChainRulesCoreExt/factorizations.jl:254
┌ Warning: `svd` cotangents sensitive to gauge choice: (|Δgauge| = 0.2544771039090594)
└ @ TensorKitChainRulesCoreExt ~/.julia/packages/TensorKit/esxcj/ext/TensorKitChainRulesCoreExt/factorizations.jl:254
[ Info: LBFGS: iter   32, time 2088.45 s: f = -2.117514726619, ‖∇f‖ = 2.2244e-04, α = 1.00e+00, m = 8, nfg = 1
[ Info: CTMRG init:	obj = +4.828756720429e+00	err = 1.0000e+00
[ Info: CTMRG conv 17:	obj = +4.828757374690e+00	err = 9.3149774217e-10	time = 12.74 sec
┌ Warning: `svd` cotangents sensitive to gauge choice: (|Δgauge| = 0.25477904524874795)
└ @ TensorKitChainRulesCoreExt ~/.julia/packages/TensorKit/esxcj/ext/TensorKitChainRulesCoreExt/factorizations.jl:254
┌ Warning: `svd` cotangents sensitive to gauge choice: (|Δgauge| = 5.649946018540362e-10)
└ @ TensorKitChainRulesCoreExt ~/.julia/packages/TensorKit/esxcj/ext/TensorKitChainRulesCoreExt/factorizations.jl:254
┌ Warning: `svd` cotangents sensitive to gauge choice: (|Δgauge| = 0.2547790452505814)
└ @ TensorKitChainRulesCoreExt ~/.julia/packages/TensorKit/esxcj/ext/TensorKitChainRulesCoreExt/factorizations.jl:254
[ Info: LBFGS: iter   33, time 2105.61 s: f = -2.117515209285, ‖∇f‖ = 2.8980e-04, α = 1.00e+00, m = 8, nfg = 1
[ Info: CTMRG init:	obj = +4.829247150893e+00	err = 1.0000e+00
[ Info: CTMRG conv 17:	obj = +4.829247912279e+00	err = 9.0002267867e-10	time = 13.15 sec
┌ Warning: `svd` cotangents sensitive to gauge choice: (|Δgauge| = 0.2550832922555528)
└ @ TensorKitChainRulesCoreExt ~/.julia/packages/TensorKit/esxcj/ext/TensorKitChainRulesCoreExt/factorizations.jl:254
┌ Warning: `svd` cotangents sensitive to gauge choice: (|Δgauge| = 5.722827586383802e-10)
└ @ TensorKitChainRulesCoreExt ~/.julia/packages/TensorKit/esxcj/ext/TensorKitChainRulesCoreExt/factorizations.jl:254
┌ Warning: `svd` cotangents sensitive to gauge choice: (|Δgauge| = 0.25508329234697924)
└ @ TensorKitChainRulesCoreExt ~/.julia/packages/TensorKit/esxcj/ext/TensorKitChainRulesCoreExt/factorizations.jl:254
[ Info: LBFGS: iter   34, time 2123.75 s: f = -2.117515304271, ‖∇f‖ = 5.9721e-04, α = 1.00e+00, m = 8, nfg = 1
[ Info: CTMRG init:	obj = +4.829006787242e+00	err = 1.0000e+00
[ Info: CTMRG conv 17:	obj = +4.829006896539e+00	err = 3.5619661510e-10	time = 12.93 sec
┌ Warning: `svd` cotangents sensitive to gauge choice: (|Δgauge| = 0.25495919164236325)
└ @ TensorKitChainRulesCoreExt ~/.julia/packages/TensorKit/esxcj/ext/TensorKitChainRulesCoreExt/factorizations.jl:254
┌ Warning: `svd` cotangents sensitive to gauge choice: (|Δgauge| = 7.017261134085051e-10)
└ @ TensorKitChainRulesCoreExt ~/.julia/packages/TensorKit/esxcj/ext/TensorKitChainRulesCoreExt/factorizations.jl:254
┌ Warning: `svd` cotangents sensitive to gauge choice: (|Δgauge| = 0.25495919165298087)
└ @ TensorKitChainRulesCoreExt ~/.julia/packages/TensorKit/esxcj/ext/TensorKitChainRulesCoreExt/factorizations.jl:254
[ Info: LBFGS: iter   35, time 2142.21 s: f = -2.117515655092, ‖∇f‖ = 2.1509e-04, α = 1.00e+00, m = 8, nfg = 1
[ Info: CTMRG init:	obj = +4.828695514434e+00	err = 1.0000e+00
[ Info: CTMRG conv 17:	obj = +4.828695592281e+00	err = 4.1900482972e-10	time = 13.79 sec
┌ Warning: `svd` cotangents sensitive to gauge choice: (|Δgauge| = 0.2548418350534933)
└ @ TensorKitChainRulesCoreExt ~/.julia/packages/TensorKit/esxcj/ext/TensorKitChainRulesCoreExt/factorizations.jl:254
┌ Warning: `svd` cotangents sensitive to gauge choice: (|Δgauge| = 7.066020932631755e-10)
└ @ TensorKitChainRulesCoreExt ~/.julia/packages/TensorKit/esxcj/ext/TensorKitChainRulesCoreExt/factorizations.jl:254
┌ Warning: `svd` cotangents sensitive to gauge choice: (|Δgauge| = 0.2548418350945356)
└ @ TensorKitChainRulesCoreExt ~/.julia/packages/TensorKit/esxcj/ext/TensorKitChainRulesCoreExt/factorizations.jl:254
[ Info: LBFGS: iter   36, time 2160.78 s: f = -2.117515824371, ‖∇f‖ = 1.8223e-04, α = 1.00e+00, m = 8, nfg = 1
[ Info: CTMRG init:	obj = +4.828581899956e+00	err = 1.0000e+00
[ Info: CTMRG conv 16:	obj = +4.828582061268e+00	err = 5.7101816967e-10	time = 12.76 sec
┌ Warning: `svd` cotangents sensitive to gauge choice: (|Δgauge| = 0.2546582299037544)
└ @ TensorKitChainRulesCoreExt ~/.julia/packages/TensorKit/esxcj/ext/TensorKitChainRulesCoreExt/factorizations.jl:254
┌ Warning: `svd` cotangents sensitive to gauge choice: (|Δgauge| = 1.2845769824241946e-9)
└ @ TensorKitChainRulesCoreExt ~/.julia/packages/TensorKit/esxcj/ext/TensorKitChainRulesCoreExt/factorizations.jl:254
┌ Warning: `svd` cotangents sensitive to gauge choice: (|Δgauge| = 0.25465822996278453)
└ @ TensorKitChainRulesCoreExt ~/.julia/packages/TensorKit/esxcj/ext/TensorKitChainRulesCoreExt/factorizations.jl:254
[ Info: LBFGS: iter   37, time 2178.62 s: f = -2.117516039945, ‖∇f‖ = 2.7819e-04, α = 1.00e+00, m = 8, nfg = 1
[ Info: CTMRG init:	obj = +4.828394996003e+00	err = 1.0000e+00
[ Info: CTMRG conv 17:	obj = +4.828395288685e+00	err = 2.1076494246e-10	time = 13.01 sec
┌ Warning: `svd` cotangents sensitive to gauge choice: (|Δgauge| = 0.25457160706473714)
└ @ TensorKitChainRulesCoreExt ~/.julia/packages/TensorKit/esxcj/ext/TensorKitChainRulesCoreExt/factorizations.jl:254
┌ Warning: `svd` cotangents sensitive to gauge choice: (|Δgauge| = 3.823526435878187e-10)
└ @ TensorKitChainRulesCoreExt ~/.julia/packages/TensorKit/esxcj/ext/TensorKitChainRulesCoreExt/factorizations.jl:254
┌ Warning: `svd` cotangents sensitive to gauge choice: (|Δgauge| = 0.2545716070473436)
└ @ TensorKitChainRulesCoreExt ~/.julia/packages/TensorKit/esxcj/ext/TensorKitChainRulesCoreExt/factorizations.jl:254
[ Info: LBFGS: iter   38, time 2196.68 s: f = -2.117516199477, ‖∇f‖ = 3.9707e-04, α = 1.00e+00, m = 8, nfg = 1
[ Info: CTMRG init:	obj = +4.828898860325e+00	err = 1.0000e+00
[ Info: CTMRG conv 17:	obj = +4.828898976234e+00	err = 7.0661131667e-10	time = 14.39 sec
┌ Warning: `svd` cotangents sensitive to gauge choice: (|Δgauge| = 0.25451588481146087)
└ @ TensorKitChainRulesCoreExt ~/.julia/packages/TensorKit/esxcj/ext/TensorKitChainRulesCoreExt/factorizations.jl:254
┌ Warning: `svd` cotangents sensitive to gauge choice: (|Δgauge| = 2.706271024451183e-10)
└ @ TensorKitChainRulesCoreExt ~/.julia/packages/TensorKit/esxcj/ext/TensorKitChainRulesCoreExt/factorizations.jl:254
┌ Warning: `svd` cotangents sensitive to gauge choice: (|Δgauge| = 0.25451588495155225)
└ @ TensorKitChainRulesCoreExt ~/.julia/packages/TensorKit/esxcj/ext/TensorKitChainRulesCoreExt/factorizations.jl:254
[ Info: LBFGS: iter   39, time 2215.55 s: f = -2.117516412831, ‖∇f‖ = 1.9090e-04, α = 1.00e+00, m = 8, nfg = 1
[ Info: CTMRG init:	obj = +4.829670199683e+00	err = 1.0000e+00
[ Info: CTMRG conv 18:	obj = +4.829670328336e+00	err = 2.4688852735e-10	time = 14.17 sec
┌ Warning: `svd` cotangents sensitive to gauge choice: (|Δgauge| = 0.25453343180382837)
└ @ TensorKitChainRulesCoreExt ~/.julia/packages/TensorKit/esxcj/ext/TensorKitChainRulesCoreExt/factorizations.jl:254
┌ Warning: `svd` cotangents sensitive to gauge choice: (|Δgauge| = 4.088807915832749e-11)
└ @ TensorKitChainRulesCoreExt ~/.julia/packages/TensorKit/esxcj/ext/TensorKitChainRulesCoreExt/factorizations.jl:254
┌ Warning: `svd` cotangents sensitive to gauge choice: (|Δgauge| = 0.25453343190757316)
└ @ TensorKitChainRulesCoreExt ~/.julia/packages/TensorKit/esxcj/ext/TensorKitChainRulesCoreExt/factorizations.jl:254
[ Info: LBFGS: iter   40, time 2234.45 s: f = -2.117516591991, ‖∇f‖ = 1.8308e-04, α = 1.00e+00, m = 8, nfg = 1
[ Info: CTMRG init:	obj = +4.830403454606e+00	err = 1.0000e+00
[ Info: CTMRG conv 17:	obj = +4.830403537839e+00	err = 7.2424690186e-10	time = 13.91 sec
┌ Warning: `svd` cotangents sensitive to gauge choice: (|Δgauge| = 0.25455799932334255)
└ @ TensorKitChainRulesCoreExt ~/.julia/packages/TensorKit/esxcj/ext/TensorKitChainRulesCoreExt/factorizations.jl:254
┌ Warning: `svd` cotangents sensitive to gauge choice: (|Δgauge| = 1.3418583431667844e-10)
└ @ TensorKitChainRulesCoreExt ~/.julia/packages/TensorKit/esxcj/ext/TensorKitChainRulesCoreExt/factorizations.jl:254
┌ Warning: `svd` cotangents sensitive to gauge choice: (|Δgauge| = 0.2545579993461532)
└ @ TensorKitChainRulesCoreExt ~/.julia/packages/TensorKit/esxcj/ext/TensorKitChainRulesCoreExt/factorizations.jl:254
[ Info: LBFGS: iter   41, time 2253.20 s: f = -2.117516765478, ‖∇f‖ = 1.7739e-04, α = 1.00e+00, m = 8, nfg = 1
[ Info: CTMRG init:	obj = +4.831181723606e+00	err = 1.0000e+00
[ Info: CTMRG conv 16:	obj = +4.831182037091e+00	err = 4.6166975457e-10	time = 14.35 sec
┌ Warning: `svd` cotangents sensitive to gauge choice: (|Δgauge| = 0.2547043776116267)
└ @ TensorKitChainRulesCoreExt ~/.julia/packages/TensorKit/esxcj/ext/TensorKitChainRulesCoreExt/factorizations.jl:254
┌ Warning: `svd` cotangents sensitive to gauge choice: (|Δgauge| = 9.056394718281182e-10)
└ @ TensorKitChainRulesCoreExt ~/.julia/packages/TensorKit/esxcj/ext/TensorKitChainRulesCoreExt/factorizations.jl:254
┌ Warning: `svd` cotangents sensitive to gauge choice: (|Δgauge| = 0.25470437757354003)
└ @ TensorKitChainRulesCoreExt ~/.julia/packages/TensorKit/esxcj/ext/TensorKitChainRulesCoreExt/factorizations.jl:254
[ Info: LBFGS: iter   42, time 2272.61 s: f = -2.117517026451, ‖∇f‖ = 3.2957e-04, α = 1.00e+00, m = 8, nfg = 1
[ Info: CTMRG init:	obj = +4.832173916168e+00	err = 1.0000e+00
[ Info: CTMRG conv 15:	obj = +4.832174207115e+00	err = 7.4865435235e-10	time = 12.40 sec
┌ Warning: `svd` cotangents sensitive to gauge choice: (|Δgauge| = 0.25480525211024607)
└ @ TensorKitChainRulesCoreExt ~/.julia/packages/TensorKit/esxcj/ext/TensorKitChainRulesCoreExt/factorizations.jl:254
┌ Warning: `svd` cotangents sensitive to gauge choice: (|Δgauge| = 2.1671404577716606e-9)
└ @ TensorKitChainRulesCoreExt ~/.julia/packages/TensorKit/esxcj/ext/TensorKitChainRulesCoreExt/factorizations.jl:254
┌ Warning: `svd` cotangents sensitive to gauge choice: (|Δgauge| = 0.2548052523696601)
└ @ TensorKitChainRulesCoreExt ~/.julia/packages/TensorKit/esxcj/ext/TensorKitChainRulesCoreExt/factorizations.jl:254
[ Info: LBFGS: iter   43, time 2289.41 s: f = -2.117517152229, ‖∇f‖ = 3.2071e-04, α = 1.00e+00, m = 8, nfg = 1
[ Info: CTMRG init:	obj = +4.831653715473e+00	err = 1.0000e+00
[ Info: CTMRG conv 17:	obj = +4.831653813797e+00	err = 6.1947822104e-10	time = 15.13 sec
┌ Warning: `svd` cotangents sensitive to gauge choice: (|Δgauge| = 0.2548183447907056)
└ @ TensorKitChainRulesCoreExt ~/.julia/packages/TensorKit/esxcj/ext/TensorKitChainRulesCoreExt/factorizations.jl:254
┌ Warning: `svd` cotangents sensitive to gauge choice: (|Δgauge| = 4.072314418041478e-10)
└ @ TensorKitChainRulesCoreExt ~/.julia/packages/TensorKit/esxcj/ext/TensorKitChainRulesCoreExt/factorizations.jl:254
┌ Warning: `svd` cotangents sensitive to gauge choice: (|Δgauge| = 0.2548183446819844)
└ @ TensorKitChainRulesCoreExt ~/.julia/packages/TensorKit/esxcj/ext/TensorKitChainRulesCoreExt/factorizations.jl:254
[ Info: LBFGS: iter   44, time 2309.60 s: f = -2.117517292211, ‖∇f‖ = 1.1783e-04, α = 1.00e+00, m = 8, nfg = 1
[ Info: CTMRG init:	obj = +4.831426884520e+00	err = 1.0000e+00
[ Info: CTMRG conv 17:	obj = +4.831426907096e+00	err = 5.1953235052e-10	time = 14.95 sec
┌ Warning: `svd` cotangents sensitive to gauge choice: (|Δgauge| = 0.25482712830806165)
└ @ TensorKitChainRulesCoreExt ~/.julia/packages/TensorKit/esxcj/ext/TensorKitChainRulesCoreExt/factorizations.jl:254
┌ Warning: `svd` cotangents sensitive to gauge choice: (|Δgauge| = 2.864239055415649e-10)
└ @ TensorKitChainRulesCoreExt ~/.julia/packages/TensorKit/esxcj/ext/TensorKitChainRulesCoreExt/factorizations.jl:254
┌ Warning: `svd` cotangents sensitive to gauge choice: (|Δgauge| = 0.2548271284278808)
└ @ TensorKitChainRulesCoreExt ~/.julia/packages/TensorKit/esxcj/ext/TensorKitChainRulesCoreExt/factorizations.jl:254
[ Info: LBFGS: iter   45, time 2329.44 s: f = -2.117517345982, ‖∇f‖ = 1.0519e-04, α = 1.00e+00, m = 8, nfg = 1
[ Info: CTMRG init:	obj = +4.831336187295e+00	err = 1.0000e+00
[ Info: CTMRG conv 17:	obj = +4.831336231725e+00	err = 7.8523153844e-10	time = 14.04 sec
┌ Warning: `svd` cotangents sensitive to gauge choice: (|Δgauge| = 0.254860442904017)
└ @ TensorKitChainRulesCoreExt ~/.julia/packages/TensorKit/esxcj/ext/TensorKitChainRulesCoreExt/factorizations.jl:254
┌ Warning: `svd` cotangents sensitive to gauge choice: (|Δgauge| = 1.2047545146381477e-10)
└ @ TensorKitChainRulesCoreExt ~/.julia/packages/TensorKit/esxcj/ext/TensorKitChainRulesCoreExt/factorizations.jl:254
┌ Warning: `svd` cotangents sensitive to gauge choice: (|Δgauge| = 0.25486044303797395)
└ @ TensorKitChainRulesCoreExt ~/.julia/packages/TensorKit/esxcj/ext/TensorKitChainRulesCoreExt/factorizations.jl:254
[ Info: LBFGS: iter   46, time 2348.84 s: f = -2.117517442723, ‖∇f‖ = 1.3647e-04, α = 1.00e+00, m = 8, nfg = 1
[ Info: CTMRG init:	obj = +4.831810583558e+00	err = 1.0000e+00
[ Info: CTMRG conv 17:	obj = +4.831810703913e+00	err = 9.2746333438e-10	time = 14.27 sec
┌ Warning: `svd` cotangents sensitive to gauge choice: (|Δgauge| = 0.2547947127126474)
└ @ TensorKitChainRulesCoreExt ~/.julia/packages/TensorKit/esxcj/ext/TensorKitChainRulesCoreExt/factorizations.jl:254
┌ Warning: `svd` cotangents sensitive to gauge choice: (|Δgauge| = 3.578872556702758e-10)
└ @ TensorKitChainRulesCoreExt ~/.julia/packages/TensorKit/esxcj/ext/TensorKitChainRulesCoreExt/factorizations.jl:254
┌ Warning: `svd` cotangents sensitive to gauge choice: (|Δgauge| = 0.2547947128633211)
└ @ TensorKitChainRulesCoreExt ~/.julia/packages/TensorKit/esxcj/ext/TensorKitChainRulesCoreExt/factorizations.jl:254
[ Info: LBFGS: iter   47, time 2367.76 s: f = -2.117517507566, ‖∇f‖ = 4.7079e-04, α = 1.00e+00, m = 8, nfg = 1
[ Info: CTMRG init:	obj = +4.832090077533e+00	err = 1.0000e+00
[ Info: CTMRG conv 16:	obj = +4.832090096062e+00	err = 3.8792851853e-10	time = 15.39 sec
┌ Warning: `svd` cotangents sensitive to gauge choice: (|Δgauge| = 0.25484603577278697)
└ @ TensorKitChainRulesCoreExt ~/.julia/packages/TensorKit/esxcj/ext/TensorKitChainRulesCoreExt/factorizations.jl:254
┌ Warning: `svd` cotangents sensitive to gauge choice: (|Δgauge| = 5.278897458413624e-10)
└ @ TensorKitChainRulesCoreExt ~/.julia/packages/TensorKit/esxcj/ext/TensorKitChainRulesCoreExt/factorizations.jl:254
┌ Warning: `svd` cotangents sensitive to gauge choice: (|Δgauge| = 0.25484603587494736)
└ @ TensorKitChainRulesCoreExt ~/.julia/packages/TensorKit/esxcj/ext/TensorKitChainRulesCoreExt/factorizations.jl:254
[ Info: LBFGS: iter   48, time 2387.47 s: f = -2.117517690784, ‖∇f‖ = 1.9891e-04, α = 1.00e+00, m = 8, nfg = 1
[ Info: CTMRG init:	obj = +4.832739661128e+00	err = 1.0000e+00
[ Info: CTMRG conv 16:	obj = +4.832739694665e+00	err = 9.1660489707e-10	time = 14.65 sec
┌ Warning: `svd` cotangents sensitive to gauge choice: (|Δgauge| = 0.254821732946242)
└ @ TensorKitChainRulesCoreExt ~/.julia/packages/TensorKit/esxcj/ext/TensorKitChainRulesCoreExt/factorizations.jl:254
┌ Warning: `svd` cotangents sensitive to gauge choice: (|Δgauge| = 3.2433091656483836e-10)
└ @ TensorKitChainRulesCoreExt ~/.julia/packages/TensorKit/esxcj/ext/TensorKitChainRulesCoreExt/factorizations.jl:254
┌ Warning: `svd` cotangents sensitive to gauge choice: (|Δgauge| = 0.2548217330545596)
└ @ TensorKitChainRulesCoreExt ~/.julia/packages/TensorKit/esxcj/ext/TensorKitChainRulesCoreExt/factorizations.jl:254
[ Info: LBFGS: iter   49, time 2406.73 s: f = -2.117517800582, ‖∇f‖ = 1.3643e-04, α = 1.00e+00, m = 8, nfg = 1
[ Info: CTMRG init:	obj = +4.833525557604e+00	err = 1.0000e+00
[ Info: CTMRG conv 16:	obj = +4.833525617073e+00	err = 8.1676940392e-10	time = 15.07 sec
┌ Warning: `svd` cotangents sensitive to gauge choice: (|Δgauge| = 0.25476681096181036)
└ @ TensorKitChainRulesCoreExt ~/.julia/packages/TensorKit/esxcj/ext/TensorKitChainRulesCoreExt/factorizations.jl:254
┌ Warning: `svd` cotangents sensitive to gauge choice: (|Δgauge| = 2.4903471142105184e-10)
└ @ TensorKitChainRulesCoreExt ~/.julia/packages/TensorKit/esxcj/ext/TensorKitChainRulesCoreExt/factorizations.jl:254
┌ Warning: `svd` cotangents sensitive to gauge choice: (|Δgauge| = 0.2547668110239978)
└ @ TensorKitChainRulesCoreExt ~/.julia/packages/TensorKit/esxcj/ext/TensorKitChainRulesCoreExt/factorizations.jl:254
[ Info: LBFGS: iter   50, time 2426.84 s: f = -2.117517900938, ‖∇f‖ = 1.8867e-04, α = 1.00e+00, m = 8, nfg = 1
[ Info: CTMRG init:	obj = +4.834915648508e+00	err = 1.0000e+00
[ Info: CTMRG conv 15:	obj = +4.834915975179e+00	err = 3.6664680139e-10	time = 13.58 sec
┌ Warning: `svd` cotangents sensitive to gauge choice: (|Δgauge| = 0.2545300286690201)
└ @ TensorKitChainRulesCoreExt ~/.julia/packages/TensorKit/esxcj/ext/TensorKitChainRulesCoreExt/factorizations.jl:254
┌ Warning: `svd` cotangents sensitive to gauge choice: (|Δgauge| = 4.306876882187933e-11)
└ @ TensorKitChainRulesCoreExt ~/.julia/packages/TensorKit/esxcj/ext/TensorKitChainRulesCoreExt/factorizations.jl:254
┌ Warning: `svd` cotangents sensitive to gauge choice: (|Δgauge| = 0.25453002864752416)
└ @ TensorKitChainRulesCoreExt ~/.julia/packages/TensorKit/esxcj/ext/TensorKitChainRulesCoreExt/factorizations.jl:254
[ Info: LBFGS: iter   51, time 2445.09 s: f = -2.117518003896, ‖∇f‖ = 4.6270e-04, α = 1.00e+00, m = 8, nfg = 1
[ Info: CTMRG init:	obj = +4.835156938264e+00	err = 1.0000e+00
[ Info: CTMRG conv 16:	obj = +4.835157025908e+00	err = 4.4704455345e-10	time = 15.16 sec
┌ Warning: `svd` cotangents sensitive to gauge choice: (|Δgauge| = 0.254500962884219)
└ @ TensorKitChainRulesCoreExt ~/.julia/packages/TensorKit/esxcj/ext/TensorKitChainRulesCoreExt/factorizations.jl:254
┌ Warning: `svd` cotangents sensitive to gauge choice: (|Δgauge| = 8.952720117441254e-11)
└ @ TensorKitChainRulesCoreExt ~/.julia/packages/TensorKit/esxcj/ext/TensorKitChainRulesCoreExt/factorizations.jl:254
┌ Warning: `svd` cotangents sensitive to gauge choice: (|Δgauge| = 0.2545009629035656)
└ @ TensorKitChainRulesCoreExt ~/.julia/packages/TensorKit/esxcj/ext/TensorKitChainRulesCoreExt/factorizations.jl:254
[ Info: LBFGS: iter   52, time 2465.15 s: f = -2.117518180411, ‖∇f‖ = 2.3188e-04, α = 1.00e+00, m = 8, nfg = 1
[ Info: CTMRG init:	obj = +4.835398327854e+00	err = 1.0000e+00
[ Info: CTMRG conv 17:	obj = +4.835398488055e+00	err = 3.7423737189e-10	time = 16.37 sec
┌ Warning: `svd` cotangents sensitive to gauge choice: (|Δgauge| = 0.25440320720914344)
└ @ TensorKitChainRulesCoreExt ~/.julia/packages/TensorKit/esxcj/ext/TensorKitChainRulesCoreExt/factorizations.jl:254
┌ Warning: `svd` cotangents sensitive to gauge choice: (|Δgauge| = 1.1012623543473772e-10)
└ @ TensorKitChainRulesCoreExt ~/.julia/packages/TensorKit/esxcj/ext/TensorKitChainRulesCoreExt/factorizations.jl:254
┌ Warning: `svd` cotangents sensitive to gauge choice: (|Δgauge| = 0.25440320724834914)
└ @ TensorKitChainRulesCoreExt ~/.julia/packages/TensorKit/esxcj/ext/TensorKitChainRulesCoreExt/factorizations.jl:254
[ Info: LBFGS: iter   53, time 2486.01 s: f = -2.117518367746, ‖∇f‖ = 1.5679e-04, α = 1.00e+00, m = 8, nfg = 1
[ Info: CTMRG init:	obj = +4.835563686065e+00	err = 1.0000e+00
[ Info: CTMRG conv 17:	obj = +4.835563762100e+00	err = 5.3175575894e-10	time = 16.48 sec
┌ Warning: `svd` cotangents sensitive to gauge choice: (|Δgauge| = 0.25431500361281056)
└ @ TensorKitChainRulesCoreExt ~/.julia/packages/TensorKit/esxcj/ext/TensorKitChainRulesCoreExt/factorizations.jl:254
┌ Warning: `svd` cotangents sensitive to gauge choice: (|Δgauge| = 1.5366553861364553e-10)
└ @ TensorKitChainRulesCoreExt ~/.julia/packages/TensorKit/esxcj/ext/TensorKitChainRulesCoreExt/factorizations.jl:254
┌ Warning: `svd` cotangents sensitive to gauge choice: (|Δgauge| = 0.2543150036876818)
└ @ TensorKitChainRulesCoreExt ~/.julia/packages/TensorKit/esxcj/ext/TensorKitChainRulesCoreExt/factorizations.jl:254
[ Info: LBFGS: iter   54, time 2506.89 s: f = -2.117518482533, ‖∇f‖ = 1.7834e-04, α = 1.00e+00, m = 8, nfg = 1
[ Info: CTMRG init:	obj = +4.836128746296e+00	err = 1.0000e+00
[ Info: CTMRG conv 17:	obj = +4.836128891362e+00	err = 9.0914761516e-10	time = 15.75 sec
┌ Warning: `svd` cotangents sensitive to gauge choice: (|Δgauge| = 0.25422560441473135)
└ @ TensorKitChainRulesCoreExt ~/.julia/packages/TensorKit/esxcj/ext/TensorKitChainRulesCoreExt/factorizations.jl:254
┌ Warning: `svd` cotangents sensitive to gauge choice: (|Δgauge| = 3.4986571333787593e-10)
└ @ TensorKitChainRulesCoreExt ~/.julia/packages/TensorKit/esxcj/ext/TensorKitChainRulesCoreExt/factorizations.jl:254
┌ Warning: `svd` cotangents sensitive to gauge choice: (|Δgauge| = 0.2542256045300677)
└ @ TensorKitChainRulesCoreExt ~/.julia/packages/TensorKit/esxcj/ext/TensorKitChainRulesCoreExt/factorizations.jl:254
[ Info: LBFGS: iter   55, time 2526.80 s: f = -2.117518720246, ‖∇f‖ = 1.7981e-04, α = 1.00e+00, m = 8, nfg = 1
[ Info: CTMRG init:	obj = +4.838151106287e+00	err = 1.0000e+00
[ Info: CTMRG conv 17:	obj = +4.838151176132e+00	err = 9.6161858936e-10	time = 16.97 sec
┌ Warning: `svd` cotangents sensitive to gauge choice: (|Δgauge| = 0.25420900949620434)
└ @ TensorKitChainRulesCoreExt ~/.julia/packages/TensorKit/esxcj/ext/TensorKitChainRulesCoreExt/factorizations.jl:254
┌ Warning: `svd` cotangents sensitive to gauge choice: (|Δgauge| = 7.513092231089416e-10)
└ @ TensorKitChainRulesCoreExt ~/.julia/packages/TensorKit/esxcj/ext/TensorKitChainRulesCoreExt/factorizations.jl:254
┌ Warning: `svd` cotangents sensitive to gauge choice: (|Δgauge| = 0.2542090094762194)
└ @ TensorKitChainRulesCoreExt ~/.julia/packages/TensorKit/esxcj/ext/TensorKitChainRulesCoreExt/factorizations.jl:254
[ Info: LBFGS: iter   56, time 2548.72 s: f = -2.117519134642, ‖∇f‖ = 2.0163e-04, α = 1.00e+00, m = 8, nfg = 1
[ Info: CTMRG init:	obj = +4.843215649988e+00	err = 1.0000e+00
[ Info: CTMRG conv 18:	obj = +4.843216744738e+00	err = 7.6498676868e-10	time = 17.50 sec
┌ Warning: `svd` cotangents sensitive to gauge choice: (|Δgauge| = 0.2542831908168057)
└ @ TensorKitChainRulesCoreExt ~/.julia/packages/TensorKit/esxcj/ext/TensorKitChainRulesCoreExt/factorizations.jl:254
┌ Warning: `svd` cotangents sensitive to gauge choice: (|Δgauge| = 5.269063282922769e-10)
└ @ TensorKitChainRulesCoreExt ~/.julia/packages/TensorKit/esxcj/ext/TensorKitChainRulesCoreExt/factorizations.jl:254
┌ Warning: `svd` cotangents sensitive to gauge choice: (|Δgauge| = 0.25428319077715433)
└ @ TensorKitChainRulesCoreExt ~/.julia/packages/TensorKit/esxcj/ext/TensorKitChainRulesCoreExt/factorizations.jl:254
[ Info: CTMRG init:	obj = +4.840081824692e+00	err = 1.0000e+00
[ Info: CTMRG conv 17:	obj = +4.840081969201e+00	err = 9.2857118453e-10	time = 16.47 sec
┌ Warning: `svd` cotangents sensitive to gauge choice: (|Δgauge| = 0.25423591781964894)
└ @ TensorKitChainRulesCoreExt ~/.julia/packages/TensorKit/esxcj/ext/TensorKitChainRulesCoreExt/factorizations.jl:254
┌ Warning: `svd` cotangents sensitive to gauge choice: (|Δgauge| = 8.585792909326251e-10)
└ @ TensorKitChainRulesCoreExt ~/.julia/packages/TensorKit/esxcj/ext/TensorKitChainRulesCoreExt/factorizations.jl:254
┌ Warning: `svd` cotangents sensitive to gauge choice: (|Δgauge| = 0.2542359179098358)
└ @ TensorKitChainRulesCoreExt ~/.julia/packages/TensorKit/esxcj/ext/TensorKitChainRulesCoreExt/factorizations.jl:254
[ Info: LBFGS: iter   57, time 2591.99 s: f = -2.117519382176, ‖∇f‖ = 3.9927e-04, α = 3.63e-01, m = 8, nfg = 2
[ Info: CTMRG init:	obj = +4.842648892393e+00	err = 1.0000e+00
[ Info: CTMRG conv 16:	obj = +4.842649099976e+00	err = 9.4338334351e-10	time = 16.60 sec
┌ Warning: `svd` cotangents sensitive to gauge choice: (|Δgauge| = 0.2543919594954808)
└ @ TensorKitChainRulesCoreExt ~/.julia/packages/TensorKit/esxcj/ext/TensorKitChainRulesCoreExt/factorizations.jl:254
┌ Warning: `svd` cotangents sensitive to gauge choice: (|Δgauge| = 2.5307594410125783e-9)
└ @ TensorKitChainRulesCoreExt ~/.julia/packages/TensorKit/esxcj/ext/TensorKitChainRulesCoreExt/factorizations.jl:254
┌ Warning: `svd` cotangents sensitive to gauge choice: (|Δgauge| = 0.25439195962691147)
└ @ TensorKitChainRulesCoreExt ~/.julia/packages/TensorKit/esxcj/ext/TensorKitChainRulesCoreExt/factorizations.jl:254
[ Info: LBFGS: iter   58, time 2613.07 s: f = -2.117519856960, ‖∇f‖ = 2.7238e-04, α = 1.00e+00, m = 8, nfg = 1
[ Info: CTMRG init:	obj = +4.846296852685e+00	err = 1.0000e+00
[ Info: CTMRG conv 16:	obj = +4.846297327431e+00	err = 6.7700840989e-10	time = 16.15 sec
┌ Warning: `svd` cotangents sensitive to gauge choice: (|Δgauge| = 0.25467032528382116)
└ @ TensorKitChainRulesCoreExt ~/.julia/packages/TensorKit/esxcj/ext/TensorKitChainRulesCoreExt/factorizations.jl:254
┌ Warning: `svd` cotangents sensitive to gauge choice: (|Δgauge| = 2.899423705368099e-9)
└ @ TensorKitChainRulesCoreExt ~/.julia/packages/TensorKit/esxcj/ext/TensorKitChainRulesCoreExt/factorizations.jl:254
┌ Warning: `svd` cotangents sensitive to gauge choice: (|Δgauge| = 0.25467032540096324)
└ @ TensorKitChainRulesCoreExt ~/.julia/packages/TensorKit/esxcj/ext/TensorKitChainRulesCoreExt/factorizations.jl:254
[ Info: LBFGS: iter   59, time 2633.55 s: f = -2.117520404201, ‖∇f‖ = 3.3949e-04, α = 1.00e+00, m = 8, nfg = 1
[ Info: CTMRG init:	obj = +4.851049495592e+00	err = 1.0000e+00
[ Info: CTMRG conv 16:	obj = +4.851050131437e+00	err = 8.6403067153e-10	time = 15.84 sec
┌ Warning: `svd` cotangents sensitive to gauge choice: (|Δgauge| = 0.25482278005738335)
└ @ TensorKitChainRulesCoreExt ~/.julia/packages/TensorKit/esxcj/ext/TensorKitChainRulesCoreExt/factorizations.jl:254
┌ Warning: `svd` cotangents sensitive to gauge choice: (|Δgauge| = 3.070367777481394e-9)
└ @ TensorKitChainRulesCoreExt ~/.julia/packages/TensorKit/esxcj/ext/TensorKitChainRulesCoreExt/factorizations.jl:254
┌ Warning: `svd` cotangents sensitive to gauge choice: (|Δgauge| = 0.25482278024984273)
└ @ TensorKitChainRulesCoreExt ~/.julia/packages/TensorKit/esxcj/ext/TensorKitChainRulesCoreExt/factorizations.jl:254
[ Info: LBFGS: iter   60, time 2654.09 s: f = -2.117520709746, ‖∇f‖ = 7.7305e-04, α = 1.00e+00, m = 8, nfg = 1
[ Info: CTMRG init:	obj = +4.851271641277e+00	err = 1.0000e+00
[ Info: CTMRG conv 16:	obj = +4.851271757878e+00	err = 5.6589134201e-10	time = 16.90 sec
┌ Warning: `svd` cotangents sensitive to gauge choice: (|Δgauge| = 0.2548940146329749)
└ @ TensorKitChainRulesCoreExt ~/.julia/packages/TensorKit/esxcj/ext/TensorKitChainRulesCoreExt/factorizations.jl:254
┌ Warning: `svd` cotangents sensitive to gauge choice: (|Δgauge| = 2.4433030708561024e-9)
└ @ TensorKitChainRulesCoreExt ~/.julia/packages/TensorKit/esxcj/ext/TensorKitChainRulesCoreExt/factorizations.jl:254
┌ Warning: `svd` cotangents sensitive to gauge choice: (|Δgauge| = 0.2548940146549494)
└ @ TensorKitChainRulesCoreExt ~/.julia/packages/TensorKit/esxcj/ext/TensorKitChainRulesCoreExt/factorizations.jl:254
[ Info: LBFGS: iter   61, time 2675.48 s: f = -2.117521248846, ‖∇f‖ = 3.0436e-04, α = 1.00e+00, m = 8, nfg = 1
[ Info: CTMRG init:	obj = +4.851717137414e+00	err = 1.0000e+00
[ Info: CTMRG conv 17:	obj = +4.851717286090e+00	err = 4.5945778016e-10	time = 17.06 sec
┌ Warning: `svd` cotangents sensitive to gauge choice: (|Δgauge| = 0.2548249537928276)
└ @ TensorKitChainRulesCoreExt ~/.julia/packages/TensorKit/esxcj/ext/TensorKitChainRulesCoreExt/factorizations.jl:254
┌ Warning: `svd` cotangents sensitive to gauge choice: (|Δgauge| = 6.751053314088186e-10)
└ @ TensorKitChainRulesCoreExt ~/.julia/packages/TensorKit/esxcj/ext/TensorKitChainRulesCoreExt/factorizations.jl:254
┌ Warning: `svd` cotangents sensitive to gauge choice: (|Δgauge| = 0.25482495409545636)
└ @ TensorKitChainRulesCoreExt ~/.julia/packages/TensorKit/esxcj/ext/TensorKitChainRulesCoreExt/factorizations.jl:254
[ Info: LBFGS: iter   62, time 2697.88 s: f = -2.117521645454, ‖∇f‖ = 2.9646e-04, α = 1.00e+00, m = 8, nfg = 1
[ Info: CTMRG init:	obj = +4.852859613041e+00	err = 1.0000e+00
[ Info: CTMRG conv 17:	obj = +4.852859860524e+00	err = 8.3154468549e-10	time = 17.39 sec
┌ Warning: `svd` cotangents sensitive to gauge choice: (|Δgauge| = 0.2546425668821715)
└ @ TensorKitChainRulesCoreExt ~/.julia/packages/TensorKit/esxcj/ext/TensorKitChainRulesCoreExt/factorizations.jl:254
┌ Warning: `svd` cotangents sensitive to gauge choice: (|Δgauge| = 4.929722987191609e-11)
└ @ TensorKitChainRulesCoreExt ~/.julia/packages/TensorKit/esxcj/ext/TensorKitChainRulesCoreExt/factorizations.jl:254
┌ Warning: `svd` cotangents sensitive to gauge choice: (|Δgauge| = 0.25464256691178744)
└ @ TensorKitChainRulesCoreExt ~/.julia/packages/TensorKit/esxcj/ext/TensorKitChainRulesCoreExt/factorizations.jl:254
[ Info: LBFGS: iter   63, time 2720.66 s: f = -2.117522021610, ‖∇f‖ = 3.2613e-04, α = 1.00e+00, m = 8, nfg = 1
[ Info: CTMRG init:	obj = +4.856150677897e+00	err = 1.0000e+00
[ Info: CTMRG conv 18:	obj = +4.856152082222e+00	err = 2.4683164168e-10	time = 19.44 sec
┌ Warning: `svd` cotangents sensitive to gauge choice: (|Δgauge| = 0.2543851889194279)
└ @ TensorKitChainRulesCoreExt ~/.julia/packages/TensorKit/esxcj/ext/TensorKitChainRulesCoreExt/factorizations.jl:254
┌ Warning: `svd` cotangents sensitive to gauge choice: (|Δgauge| = 1.9274399612801249e-10)
└ @ TensorKitChainRulesCoreExt ~/.julia/packages/TensorKit/esxcj/ext/TensorKitChainRulesCoreExt/factorizations.jl:254
┌ Warning: `svd` cotangents sensitive to gauge choice: (|Δgauge| = 0.2543851889922888)
└ @ TensorKitChainRulesCoreExt ~/.julia/packages/TensorKit/esxcj/ext/TensorKitChainRulesCoreExt/factorizations.jl:254
[ Info: LBFGS: iter   64, time 2745.83 s: f = -2.117522454742, ‖∇f‖ = 7.9121e-04, α = 1.00e+00, m = 8, nfg = 1
[ Info: CTMRG init:	obj = +4.857937056062e+00	err = 1.0000e+00
[ Info: CTMRG conv 16:	obj = +4.857937967330e+00	err = 8.6549705739e-10	time = 18.28 sec
┌ Warning: `svd` cotangents sensitive to gauge choice: (|Δgauge| = 0.2540132802448196)
└ @ TensorKitChainRulesCoreExt ~/.julia/packages/TensorKit/esxcj/ext/TensorKitChainRulesCoreExt/factorizations.jl:254
┌ Warning: `svd` cotangents sensitive to gauge choice: (|Δgauge| = 1.934381143617717e-9)
└ @ TensorKitChainRulesCoreExt ~/.julia/packages/TensorKit/esxcj/ext/TensorKitChainRulesCoreExt/factorizations.jl:254
┌ Warning: `svd` cotangents sensitive to gauge choice: (|Δgauge| = 0.254013280293847)
└ @ TensorKitChainRulesCoreExt ~/.julia/packages/TensorKit/esxcj/ext/TensorKitChainRulesCoreExt/factorizations.jl:254
[ Info: LBFGS: iter   65, time 2769.24 s: f = -2.117523096866, ‖∇f‖ = 3.0313e-04, α = 1.00e+00, m = 8, nfg = 1
[ Info: CTMRG init:	obj = +4.859400415175e+00	err = 1.0000e+00
[ Info: CTMRG conv 17:	obj = +4.859400566459e+00	err = 8.9629184024e-10	time = 17.86 sec
┌ Warning: `svd` cotangents sensitive to gauge choice: (|Δgauge| = 0.2538869395949926)
└ @ TensorKitChainRulesCoreExt ~/.julia/packages/TensorKit/esxcj/ext/TensorKitChainRulesCoreExt/factorizations.jl:254
┌ Warning: `svd` cotangents sensitive to gauge choice: (|Δgauge| = 8.207806896025861e-10)
└ @ TensorKitChainRulesCoreExt ~/.julia/packages/TensorKit/esxcj/ext/TensorKitChainRulesCoreExt/factorizations.jl:254
┌ Warning: `svd` cotangents sensitive to gauge choice: (|Δgauge| = 0.2538869396771196)
└ @ TensorKitChainRulesCoreExt ~/.julia/packages/TensorKit/esxcj/ext/TensorKitChainRulesCoreExt/factorizations.jl:254
[ Info: LBFGS: iter   66, time 2791.97 s: f = -2.117523440784, ‖∇f‖ = 2.5847e-04, α = 1.00e+00, m = 8, nfg = 1
[ Info: CTMRG init:	obj = +4.861651344795e+00	err = 1.0000e+00
[ Info: CTMRG conv 18:	obj = +4.861651472631e+00	err = 6.1694654717e-10	time = 21.60 sec
┌ Warning: `svd` cotangents sensitive to gauge choice: (|Δgauge| = 0.25378688683063244)
└ @ TensorKitChainRulesCoreExt ~/.julia/packages/TensorKit/esxcj/ext/TensorKitChainRulesCoreExt/factorizations.jl:254
┌ Warning: `svd` cotangents sensitive to gauge choice: (|Δgauge| = 2.3781760785572107e-10)
└ @ TensorKitChainRulesCoreExt ~/.julia/packages/TensorKit/esxcj/ext/TensorKitChainRulesCoreExt/factorizations.jl:254
┌ Warning: `svd` cotangents sensitive to gauge choice: (|Δgauge| = 0.25378688680726363)
└ @ TensorKitChainRulesCoreExt ~/.julia/packages/TensorKit/esxcj/ext/TensorKitChainRulesCoreExt/factorizations.jl:254
[ Info: LBFGS: iter   67, time 2819.66 s: f = -2.117523830885, ‖∇f‖ = 3.3827e-04, α = 1.00e+00, m = 8, nfg = 1
[ Info: CTMRG init:	obj = +4.865744694184e+00	err = 1.0000e+00
[ Info: CTMRG conv 18:	obj = +4.865744857075e+00	err = 6.5681858922e-10	time = 21.18 sec
┌ Warning: `svd` cotangents sensitive to gauge choice: (|Δgauge| = 0.25373097904844955)
└ @ TensorKitChainRulesCoreExt ~/.julia/packages/TensorKit/esxcj/ext/TensorKitChainRulesCoreExt/factorizations.jl:254
┌ Warning: `svd` cotangents sensitive to gauge choice: (|Δgauge| = 1.6861937322856462e-11)
└ @ TensorKitChainRulesCoreExt ~/.julia/packages/TensorKit/esxcj/ext/TensorKitChainRulesCoreExt/factorizations.jl:254
┌ Warning: `svd` cotangents sensitive to gauge choice: (|Δgauge| = 0.2537309792195856)
└ @ TensorKitChainRulesCoreExt ~/.julia/packages/TensorKit/esxcj/ext/TensorKitChainRulesCoreExt/factorizations.jl:254
[ Info: LBFGS: iter   68, time 2850.22 s: f = -2.117524564249, ‖∇f‖ = 4.0014e-04, α = 1.00e+00, m = 8, nfg = 1
[ Info: CTMRG init:	obj = +4.871730389855e+00	err = 1.0000e+00
[ Info: CTMRG conv 17:	obj = +4.871731075762e+00	err = 9.4365698856e-10	time = 26.52 sec
┌ Warning: `svd` cotangents sensitive to gauge choice: (|Δgauge| = 0.2539187202846176)
└ @ TensorKitChainRulesCoreExt ~/.julia/packages/TensorKit/esxcj/ext/TensorKitChainRulesCoreExt/factorizations.jl:254
┌ Warning: `svd` cotangents sensitive to gauge choice: (|Δgauge| = 1.0341756743452176e-9)
└ @ TensorKitChainRulesCoreExt ~/.julia/packages/TensorKit/esxcj/ext/TensorKitChainRulesCoreExt/factorizations.jl:254
┌ Warning: `svd` cotangents sensitive to gauge choice: (|Δgauge| = 0.25391872052639985)
└ @ TensorKitChainRulesCoreExt ~/.julia/packages/TensorKit/esxcj/ext/TensorKitChainRulesCoreExt/factorizations.jl:254
[ Info: LBFGS: iter   69, time 2882.89 s: f = -2.117525495848, ‖∇f‖ = 7.2383e-04, α = 1.00e+00, m = 8, nfg = 1
[ Info: CTMRG init:	obj = +4.876194793018e+00	err = 1.0000e+00
[ Info: CTMRG conv 18:	obj = +4.876195344235e+00	err = 4.4207255193e-10	time = 25.81 sec
┌ Warning: `svd` cotangents sensitive to gauge choice: (|Δgauge| = 0.25409989836895647)
└ @ TensorKitChainRulesCoreExt ~/.julia/packages/TensorKit/esxcj/ext/TensorKitChainRulesCoreExt/factorizations.jl:254
┌ Warning: `svd` cotangents sensitive to gauge choice: (|Δgauge| = 9.795205722821866e-10)
└ @ TensorKitChainRulesCoreExt ~/.julia/packages/TensorKit/esxcj/ext/TensorKitChainRulesCoreExt/factorizations.jl:254
┌ Warning: `svd` cotangents sensitive to gauge choice: (|Δgauge| = 0.25409989856771714)
└ @ TensorKitChainRulesCoreExt ~/.julia/packages/TensorKit/esxcj/ext/TensorKitChainRulesCoreExt/factorizations.jl:254
[ Info: LBFGS: iter   70, time 2914.41 s: f = -2.117525788496, ‖∇f‖ = 6.0122e-04, α = 1.00e+00, m = 8, nfg = 1
[ Info: CTMRG init:	obj = +4.873708066860e+00	err = 1.0000e+00
[ Info: CTMRG conv 18:	obj = +4.873708341006e+00	err = 5.5469938966e-10	time = 26.07 sec
┌ Warning: `svd` cotangents sensitive to gauge choice: (|Δgauge| = 0.2541066787018869)
└ @ TensorKitChainRulesCoreExt ~/.julia/packages/TensorKit/esxcj/ext/TensorKitChainRulesCoreExt/factorizations.jl:254
┌ Warning: `svd` cotangents sensitive to gauge choice: (|Δgauge| = 7.029695667733319e-10)
└ @ TensorKitChainRulesCoreExt ~/.julia/packages/TensorKit/esxcj/ext/TensorKitChainRulesCoreExt/factorizations.jl:254
┌ Warning: `svd` cotangents sensitive to gauge choice: (|Δgauge| = 0.25410667871267284)
└ @ TensorKitChainRulesCoreExt ~/.julia/packages/TensorKit/esxcj/ext/TensorKitChainRulesCoreExt/factorizations.jl:254
[ Info: LBFGS: iter   71, time 2946.77 s: f = -2.117526253371, ‖∇f‖ = 1.5082e-04, α = 1.00e+00, m = 8, nfg = 1
[ Info: CTMRG init:	obj = +4.873281437258e+00	err = 1.0000e+00
[ Info: CTMRG conv 17:	obj = +4.873281458033e+00	err = 3.9022252197e-10	time = 26.22 sec
┌ Warning: `svd` cotangents sensitive to gauge choice: (|Δgauge| = 0.2541233738596655)
└ @ TensorKitChainRulesCoreExt ~/.julia/packages/TensorKit/esxcj/ext/TensorKitChainRulesCoreExt/factorizations.jl:254
┌ Warning: `svd` cotangents sensitive to gauge choice: (|Δgauge| = 1.238036956823098e-9)
└ @ TensorKitChainRulesCoreExt ~/.julia/packages/TensorKit/esxcj/ext/TensorKitChainRulesCoreExt/factorizations.jl:254
┌ Warning: `svd` cotangents sensitive to gauge choice: (|Δgauge| = 0.2541233737726376)
└ @ TensorKitChainRulesCoreExt ~/.julia/packages/TensorKit/esxcj/ext/TensorKitChainRulesCoreExt/factorizations.jl:254
[ Info: LBFGS: iter   72, time 2978.98 s: f = -2.117526312505, ‖∇f‖ = 1.0069e-04, α = 1.00e+00, m = 8, nfg = 1
[ Info: CTMRG init:	obj = +4.873184983094e+00	err = 1.0000e+00
[ Info: CTMRG conv 14:	obj = +4.873184996723e+00	err = 6.0678867423e-10	time = 20.24 sec
┌ Warning: `svd` cotangents sensitive to gauge choice: (|Δgauge| = 0.2540866983241545)
└ @ TensorKitChainRulesCoreExt ~/.julia/packages/TensorKit/esxcj/ext/TensorKitChainRulesCoreExt/factorizations.jl:254
┌ Warning: `svd` cotangents sensitive to gauge choice: (|Δgauge| = 8.317735220119943e-9)
└ @ TensorKitChainRulesCoreExt ~/.julia/packages/TensorKit/esxcj/ext/TensorKitChainRulesCoreExt/factorizations.jl:254
┌ Warning: `svd` cotangents sensitive to gauge choice: (|Δgauge| = 0.2540866988338413)
└ @ TensorKitChainRulesCoreExt ~/.julia/packages/TensorKit/esxcj/ext/TensorKitChainRulesCoreExt/factorizations.jl:254
[ Info: LBFGS: iter   73, time 3004.69 s: f = -2.117526373224, ‖∇f‖ = 1.1127e-04, α = 1.00e+00, m = 8, nfg = 1
[ Info: CTMRG init:	obj = +4.873434460300e+00	err = 1.0000e+00
[ Info: CTMRG conv 17:	obj = +4.873434570061e+00	err = 7.7511374494e-10	time = 24.54 sec
┌ Warning: `svd` cotangents sensitive to gauge choice: (|Δgauge| = 0.25399789197151645)
└ @ TensorKitChainRulesCoreExt ~/.julia/packages/TensorKit/esxcj/ext/TensorKitChainRulesCoreExt/factorizations.jl:254
┌ Warning: `svd` cotangents sensitive to gauge choice: (|Δgauge| = 5.627268438465788e-10)
└ @ TensorKitChainRulesCoreExt ~/.julia/packages/TensorKit/esxcj/ext/TensorKitChainRulesCoreExt/factorizations.jl:254
┌ Warning: `svd` cotangents sensitive to gauge choice: (|Δgauge| = 0.25399789199858175)
└ @ TensorKitChainRulesCoreExt ~/.julia/packages/TensorKit/esxcj/ext/TensorKitChainRulesCoreExt/factorizations.jl:254
[ Info: LBFGS: iter   74, time 3034.62 s: f = -2.117526422891, ‖∇f‖ = 3.0558e-04, α = 1.00e+00, m = 8, nfg = 1
[ Info: CTMRG init:	obj = +4.873771381749e+00	err = 1.0000e+00
[ Info: CTMRG conv 17:	obj = +4.873771409550e+00	err = 6.0727094041e-10	time = 25.08 sec
┌ Warning: `svd` cotangents sensitive to gauge choice: (|Δgauge| = 0.2539144817188339)
└ @ TensorKitChainRulesCoreExt ~/.julia/packages/TensorKit/esxcj/ext/TensorKitChainRulesCoreExt/factorizations.jl:254
┌ Warning: `svd` cotangents sensitive to gauge choice: (|Δgauge| = 4.950983254386245e-10)
└ @ TensorKitChainRulesCoreExt ~/.julia/packages/TensorKit/esxcj/ext/TensorKitChainRulesCoreExt/factorizations.jl:254
┌ Warning: `svd` cotangents sensitive to gauge choice: (|Δgauge| = 0.25391448172853426)
└ @ TensorKitChainRulesCoreExt ~/.julia/packages/TensorKit/esxcj/ext/TensorKitChainRulesCoreExt/factorizations.jl:254
[ Info: LBFGS: iter   75, time 3065.38 s: f = -2.117526500371, ‖∇f‖ = 1.4202e-04, α = 1.00e+00, m = 8, nfg = 1
[ Info: CTMRG init:	obj = +4.874595510871e+00	err = 1.0000e+00
[ Info: CTMRG conv 18:	obj = +4.874595629156e+00	err = 6.2932786786e-10	time = 26.85 sec
┌ Warning: `svd` cotangents sensitive to gauge choice: (|Δgauge| = 0.25376322171908916)
└ @ TensorKitChainRulesCoreExt ~/.julia/packages/TensorKit/esxcj/ext/TensorKitChainRulesCoreExt/factorizations.jl:254
┌ Warning: `svd` cotangents sensitive to gauge choice: (|Δgauge| = 1.6604989749496438e-10)
└ @ TensorKitChainRulesCoreExt ~/.julia/packages/TensorKit/esxcj/ext/TensorKitChainRulesCoreExt/factorizations.jl:254
┌ Warning: `svd` cotangents sensitive to gauge choice: (|Δgauge| = 0.2537632217746135)
└ @ TensorKitChainRulesCoreExt ~/.julia/packages/TensorKit/esxcj/ext/TensorKitChainRulesCoreExt/factorizations.jl:254
[ Info: LBFGS: iter   76, time 3098.52 s: f = -2.117526575856, ‖∇f‖ = 1.1979e-04, α = 1.00e+00, m = 8, nfg = 1
[ Info: CTMRG init:	obj = +4.875159610758e+00	err = 1.0000e+00
[ Info: CTMRG conv 18:	obj = +4.875159647286e+00	err = 4.1271823281e-10	time = 26.20 sec
┌ Warning: `svd` cotangents sensitive to gauge choice: (|Δgauge| = 0.2536908032288102)
└ @ TensorKitChainRulesCoreExt ~/.julia/packages/TensorKit/esxcj/ext/TensorKitChainRulesCoreExt/factorizations.jl:254
┌ Warning: `svd` cotangents sensitive to gauge choice: (|Δgauge| = 9.48749281094088e-11)
└ @ TensorKitChainRulesCoreExt ~/.julia/packages/TensorKit/esxcj/ext/TensorKitChainRulesCoreExt/factorizations.jl:254
┌ Warning: `svd` cotangents sensitive to gauge choice: (|Δgauge| = 0.253690803355706)
└ @ TensorKitChainRulesCoreExt ~/.julia/packages/TensorKit/esxcj/ext/TensorKitChainRulesCoreExt/factorizations.jl:254
[ Info: LBFGS: iter   77, time 3130.47 s: f = -2.117526627315, ‖∇f‖ = 1.3755e-04, α = 1.00e+00, m = 8, nfg = 1
[ Info: CTMRG init:	obj = +4.877210371008e+00	err = 1.0000e+00
[ Info: CTMRG conv 18:	obj = +4.877210519170e+00	err = 6.2535213104e-10	time = 28.29 sec
┌ Warning: `svd` cotangents sensitive to gauge choice: (|Δgauge| = 0.25360786042148986)
└ @ TensorKitChainRulesCoreExt ~/.julia/packages/TensorKit/esxcj/ext/TensorKitChainRulesCoreExt/factorizations.jl:254
┌ Warning: `svd` cotangents sensitive to gauge choice: (|Δgauge| = 1.6097573275459532e-10)
└ @ TensorKitChainRulesCoreExt ~/.julia/packages/TensorKit/esxcj/ext/TensorKitChainRulesCoreExt/factorizations.jl:254
┌ Warning: `svd` cotangents sensitive to gauge choice: (|Δgauge| = 0.2536078604718668)
└ @ TensorKitChainRulesCoreExt ~/.julia/packages/TensorKit/esxcj/ext/TensorKitChainRulesCoreExt/factorizations.jl:254
[ Info: LBFGS: iter   78, time 3164.56 s: f = -2.117526797863, ‖∇f‖ = 3.8694e-04, α = 1.00e+00, m = 8, nfg = 1
[ Info: CTMRG init:	obj = +4.879368104169e+00	err = 1.0000e+00
[ Info: CTMRG conv 18:	obj = +4.879368242963e+00	err = 5.0237486470e-10	time = 26.98 sec
┌ Warning: `svd` cotangents sensitive to gauge choice: (|Δgauge| = 0.2537140166460938)
└ @ TensorKitChainRulesCoreExt ~/.julia/packages/TensorKit/esxcj/ext/TensorKitChainRulesCoreExt/factorizations.jl:254
┌ Warning: `svd` cotangents sensitive to gauge choice: (|Δgauge| = 1.8911570407520394e-10)
└ @ TensorKitChainRulesCoreExt ~/.julia/packages/TensorKit/esxcj/ext/TensorKitChainRulesCoreExt/factorizations.jl:254
┌ Warning: `svd` cotangents sensitive to gauge choice: (|Δgauge| = 0.2537140168907259)
└ @ TensorKitChainRulesCoreExt ~/.julia/packages/TensorKit/esxcj/ext/TensorKitChainRulesCoreExt/factorizations.jl:254
[ Info: LBFGS: iter   79, time 3196.89 s: f = -2.117527013903, ‖∇f‖ = 2.0079e-04, α = 1.00e+00, m = 8, nfg = 1
[ Info: CTMRG init:	obj = +4.880065272032e+00	err = 1.0000e+00
[ Info: CTMRG conv 17:	obj = +4.880065540863e+00	err = 4.1651421483e-10	time = 25.66 sec
┌ Warning: `svd` cotangents sensitive to gauge choice: (|Δgauge| = 0.25393513029149195)
└ @ TensorKitChainRulesCoreExt ~/.julia/packages/TensorKit/esxcj/ext/TensorKitChainRulesCoreExt/factorizations.jl:254
┌ Warning: `svd` cotangents sensitive to gauge choice: (|Δgauge| = 2.6153191047235906e-10)
└ @ TensorKitChainRulesCoreExt ~/.julia/packages/TensorKit/esxcj/ext/TensorKitChainRulesCoreExt/factorizations.jl:254
┌ Warning: `svd` cotangents sensitive to gauge choice: (|Δgauge| = 0.2539351302872954)
└ @ TensorKitChainRulesCoreExt ~/.julia/packages/TensorKit/esxcj/ext/TensorKitChainRulesCoreExt/factorizations.jl:254
[ Info: LBFGS: iter   80, time 3228.27 s: f = -2.117527135965, ‖∇f‖ = 1.0016e-04, α = 1.00e+00, m = 8, nfg = 1
[ Info: CTMRG init:	obj = +4.880178397541e+00	err = 1.0000e+00
[ Info: CTMRG conv 17:	obj = +4.880178708219e+00	err = 8.8168040284e-10	time = 26.03 sec
┌ Warning: `svd` cotangents sensitive to gauge choice: (|Δgauge| = 0.2541588431593025)
└ @ TensorKitChainRulesCoreExt ~/.julia/packages/TensorKit/esxcj/ext/TensorKitChainRulesCoreExt/factorizations.jl:254
┌ Warning: `svd` cotangents sensitive to gauge choice: (|Δgauge| = 2.48363529539376e-11)
└ @ TensorKitChainRulesCoreExt ~/.julia/packages/TensorKit/esxcj/ext/TensorKitChainRulesCoreExt/factorizations.jl:254
┌ Warning: `svd` cotangents sensitive to gauge choice: (|Δgauge| = 0.25415884323466753)
└ @ TensorKitChainRulesCoreExt ~/.julia/packages/TensorKit/esxcj/ext/TensorKitChainRulesCoreExt/factorizations.jl:254
[ Info: LBFGS: converged after 81 iterations and time 3259.32 s: f = -2.117527202836, ‖∇f‖ = 7.9198e-05
