  Installing known registries into `~/.julia`
       Added `General` registry to ~/.julia/registries
    Updating registry at `~/.julia/registries/General.toml`
   Installed RealDot ───────────────────── v0.1.0
   Installed GPUArraysCore ─────────────── v0.2.0
   Installed TaskLocalValues ───────────── v0.1.2
   Installed IrrationalConstants ───────── v0.2.4
   Installed IRTools ───────────────────── v0.4.14
   Installed JLD2 ──────────────────────── v0.5.12
   Installed OhMyThreads ───────────────── v0.7.0
   Installed BlockTensorKit ────────────── v0.1.6
   Installed IntegerMathUtils ──────────── v0.1.2
   Installed Adapt ─────────────────────── v4.3.0
   Installed LRUCache ──────────────────── v1.6.2
   Installed DiffRules ─────────────────── v1.15.1
   Installed PtrArrays ─────────────────── v1.3.0
   Installed TableTraits ───────────────── v1.0.1
   Installed Accessors ─────────────────── v0.1.42
   Installed Preferences ───────────────── v1.4.3
   Installed LoggingExtras ─────────────── v1.0.3
   Installed OptimKit ──────────────────── v0.4.0
   Installed DiffResults ───────────────── v1.1.0
   Installed WignerSymbols ─────────────── v2.0.0
   Installed HashArrayMappedTries ──────── v0.2.0
   Installed Tables ────────────────────── v1.12.0
   Installed SpecialFunctions ──────────── v2.5.1
   Installed TensorKit ─────────────────── v0.14.5
   Installed ChunkSplitters ────────────── v3.1.2
   Installed Primes ────────────────────── v0.5.7
   Installed RecipesBase ───────────────── v1.3.4
   Installed DataAPI ───────────────────── v1.16.0
   Installed AbstractFFTs ──────────────── v1.5.0
   Installed StaticArrays ──────────────── v1.9.13
   Installed Zygote ────────────────────── v0.7.6
   Installed MPSKit ────────────────────── v0.12.6
   Installed BlockArrays ───────────────── v1.6.1
   Installed Richardson ────────────────── v1.4.2
   Installed JLLWrappers ───────────────── v1.7.0
   Installed FiniteDifferences ─────────── v0.12.32
   Installed StaticArraysCore ──────────── v1.4.3
   Installed NaNMath ───────────────────── v1.1.3
   Installed IteratorInterfaceExtensions ─ v1.0.0
   Installed ConstructionBase ──────────── v1.5.8
   Installed PrecompileTools ───────────── v1.2.1
   Installed DataValueInterfaces ───────── v1.0.0
   Installed RationalRoots ─────────────── v0.2.1
   Installed StructArrays ──────────────── v0.7.1
   Installed OrderedCollections ────────── v1.8.0
   Installed StableTasks ───────────────── v0.1.7
   Installed TensorKitSectors ──────────── v0.1.4
   Installed VectorInterface ───────────── v0.5.0
   Installed ScopedValues ──────────────── v1.3.0
   Installed TranscodingStreams ────────── v0.11.3
   Installed InitialValues ─────────────── v0.3.1
   Installed ChainRulesCore ────────────── v1.25.1
   Installed MPSKitModels ──────────────── v0.4.1
   Installed ForwardDiff ───────────────── v1.0.1
   Installed FileIO ────────────────────── v1.17.0
   Installed ZygoteRules ───────────────── v0.2.7
   Installed CommonSubexpressions ──────── v0.3.1
   Installed LogExpFunctions ───────────── v0.3.29
   Installed Requires ──────────────────── v1.3.1
   Installed FillArrays ────────────────── v1.13.0
   Installed Statistics ────────────────── v1.11.1
   Installed StridedViews ──────────────── v0.4.1
   Installed ChainRules ────────────────── v1.72.3
   Installed BangBang ──────────────────── v0.4.4
   Installed TensorKitManifolds ────────── v0.7.2
   Installed Compat ────────────────────── v4.16.0
   Installed CompositionsBase ──────────── v0.1.2
   Installed HalfIntegers ──────────────── v1.6.0
   Installed PackageExtensionCompat ────── v1.0.2
   Installed MacroTools ────────────────── v0.5.15
   Installed Strided ───────────────────── v2.3.0
   Installed OpenSpecFun_jll ───────────── v0.5.6+0
   Installed SparseInverseSubset ───────── v0.1.2
   Installed TupleTools ────────────────── v1.6.0
   Installed InverseFunctions ──────────── v0.1.17
   Installed DocStringExtensions ───────── v0.9.4
   Installed TensorOperations ──────────── v5.2.0
   Installed KrylovKit ─────────────────── v0.9.5
   Installed PEPSKit ───────────────────── v0.5.0
   Installed ArrayLayouts ──────────────── v1.11.1
    Updating `/var/lib/condor/execute/dir_4180850/Project.toml`
  [d360d2e6] + ChainRulesCore v1.25.1
  [033835bb] + JLD2 v0.5.12
  [0b1a1467] + KrylovKit v0.9.5
  [bb1c41ca] + MPSKit v0.12.6
  [ca635005] + MPSKitModels v0.4.1
  [77e91f04] + OptimKit v0.4.0
  [52969e89] + PEPSKit v0.5.0
  [07d1fe3e] + TensorKit v0.14.5
  [409d34a3] + VectorInterface v0.5.0
  [e88e6eb3] + Zygote v0.7.6
  [37e2e46d] ~ LinearAlgebra ⇒ v1.11.0
    Updating `/var/lib/condor/execute/dir_4180850/Manifest.toml`
  [621f4979] + AbstractFFTs v1.5.0
  [7d9f7c33] + Accessors v0.1.42
  [79e6a3ab] + Adapt v4.3.0
  [4c555306] + ArrayLayouts v1.11.1
  [198e06fe] + BangBang v0.4.4
  [8e7c35d0] + BlockArrays v1.6.1
  [5f87ffc2] + BlockTensorKit v0.1.6
  [082447d4] + ChainRules v1.72.3
  [d360d2e6] + ChainRulesCore v1.25.1
  [ae650224] + ChunkSplitters v3.1.2
  [bbf7d656] + CommonSubexpressions v0.3.1
  [34da2185] + Compat v4.16.0
  [a33af91c] + CompositionsBase v0.1.2
  [187b0558] + ConstructionBase v1.5.8
  [9a962f9c] + DataAPI v1.16.0
  [e2d170a0] + DataValueInterfaces v1.0.0
  [163ba53b] + DiffResults v1.1.0
  [b552c78f] + DiffRules v1.15.1
  [ffbed154] + DocStringExtensions v0.9.4
  [5789e2e9] + FileIO v1.17.0
  [1a297f60] + FillArrays v1.13.0
  [26cc04aa] + FiniteDifferences v0.12.32
  [f6369f11] + ForwardDiff v1.0.1
  [46192b85] + GPUArraysCore v0.2.0
  [f0d1745a] + HalfIntegers v1.6.0
  [076d061b] + HashArrayMappedTries v0.2.0
  [7869d1d1] + IRTools v0.4.14
  [22cec73e] + InitialValues v0.3.1
  [18e54dd8] + IntegerMathUtils v0.1.2
  [3587e190] + InverseFunctions v0.1.17
  [92d709cd] + IrrationalConstants v0.2.4
  [82899510] + IteratorInterfaceExtensions v1.0.0
  [033835bb] + JLD2 v0.5.12
  [692b3bcd] + JLLWrappers v1.7.0
  [0b1a1467] + KrylovKit v0.9.5
  [8ac3fa9e] + LRUCache v1.6.2
  [2ab3a3ac] + LogExpFunctions v0.3.29
⌅ [e6f89c97] + LoggingExtras v1.0.3
  [bb1c41ca] + MPSKit v0.12.6
  [ca635005] + MPSKitModels v0.4.1
  [1914dd2f] + MacroTools v0.5.15
  [77ba4419] + NaNMath v1.1.3
⌅ [67456a42] + OhMyThreads v0.7.0
  [77e91f04] + OptimKit v0.4.0
  [bac558e1] + OrderedCollections v1.8.0
  [52969e89] + PEPSKit v0.5.0
  [65ce6f38] + PackageExtensionCompat v1.0.2
⌅ [aea7be01] + PrecompileTools v1.2.1
  [21216c6a] + Preferences v1.4.3
  [27ebfcd6] + Primes v0.5.7
  [43287f4e] + PtrArrays v1.3.0
  [308eb6b3] + RationalRoots v0.2.1
  [c1ae055f] + RealDot v0.1.0
  [3cdcf5f2] + RecipesBase v1.3.4
  [ae029012] + Requires v1.3.1
  [708f8203] + Richardson v1.4.2
  [7e506255] + ScopedValues v1.3.0
  [dc90abb0] + SparseInverseSubset v0.1.2
  [276daf66] + SpecialFunctions v2.5.1
  [91464d47] + StableTasks v0.1.7
  [90137ffa] + StaticArrays v1.9.13
  [1e83bf80] + StaticArraysCore v1.4.3
  [10745b16] + Statistics v1.11.1
  [5e0ebb24] + Strided v2.3.0
  [4db3bf67] + StridedViews v0.4.1
  [09ab397b] + StructArrays v0.7.1
  [3783bdb8] + TableTraits v1.0.1
  [bd369af6] + Tables v1.12.0
  [ed4db957] + TaskLocalValues v0.1.2
  [07d1fe3e] + TensorKit v0.14.5
  [11fa318c] + TensorKitManifolds v0.7.2
  [13a9c161] + TensorKitSectors v0.1.4
  [6aa20fa7] + TensorOperations v5.2.0
  [3bb67fe8] + TranscodingStreams v0.11.3
  [9d95972d] + TupleTools v1.6.0
  [409d34a3] + VectorInterface v0.5.0
  [9f57e263] + WignerSymbols v2.0.0
  [e88e6eb3] + Zygote v0.7.6
  [700de1a5] + ZygoteRules v0.2.7
  [efe28fd5] + OpenSpecFun_jll v0.5.6+0
  [0dad84c5] + ArgTools v1.1.2
  [56f22d72] + Artifacts v1.11.0
  [2a0f44e3] + Base64 v1.11.0
  [ade2ca70] + Dates v1.11.0
  [8ba89e20] + Distributed v1.11.0
  [f43a241f] + Downloads v1.6.0
  [7b1f6079] + FileWatching v1.11.0
  [b77e0a4c] + InteractiveUtils v1.11.0
  [b27032c2] + LibCURL v0.6.4
  [76f85450] + LibGit2 v1.11.0
  [8f399da3] + Libdl v1.11.0
  [37e2e46d] + LinearAlgebra v1.11.0
  [56ddb016] + Logging v1.11.0
  [d6f4376e] + Markdown v1.11.0
  [a63ad114] + Mmap v1.11.0
  [ca575930] + NetworkOptions v1.2.0
  [44cfe95a] + Pkg v1.11.0
  [de0858da] + Printf v1.11.0
  [9a3f8284] + Random v1.11.0
  [ea8e919c] + SHA v0.7.0
  [9e88b42a] + Serialization v1.11.0
  [6462fe0b] + Sockets v1.11.0
  [2f01184e] + SparseArrays v1.11.0
  [4607b0f0] + SuiteSparse
  [fa267f1f] + TOML v1.0.3
  [a4e569a6] + Tar v1.10.0
  [cf7118a7] + UUIDs v1.11.0
  [4ec0a83e] + Unicode v1.11.0
  [e66e0078] + CompilerSupportLibraries_jll v1.1.1+0
  [deac9b47] + LibCURL_jll v8.6.0+0
  [e37daf67] + LibGit2_jll v1.7.2+0
  [29816b5a] + LibSSH2_jll v1.11.0+1
  [c8ffd9c3] + MbedTLS_jll v2.28.6+0
  [14a3606d] + MozillaCACerts_jll v2023.12.12
  [4536629a] + OpenBLAS_jll v0.3.27+1
  [05823500] + OpenLibm_jll v0.8.1+2
  [bea87d4a] + SuiteSparse_jll v7.7.0+0
  [83775a58] + Zlib_jll v1.2.13+1
  [8e850b90] + libblastrampoline_jll v5.11.0+0
  [8e850ede] + nghttp2_jll v1.59.0+0
  [3f19e933] + p7zip_jll v17.4.0+2
        Info Packages marked with ⌅ have new versions available but compatibility constraints restrict them from upgrading. To see why use `status --outdated -m`
Precompiling project...
    463.4 ms  ✓ DataValueInterfaces
    554.6 ms  ✓ TaskLocalValues
    474.2 ms  ✓ IntegerMathUtils
    489.6 ms  ✓ RealDot
    632.4 ms  ✓ StableTasks
    668.5 ms  ✓ Richardson
    686.8 ms  ✓ HalfIntegers
    706.8 ms  ✓ VectorInterface
    716.0 ms  ✓ DocStringExtensions
    738.9 ms  ✓ AbstractFFTs
    755.6 ms  ✓ OrderedCollections
    765.8 ms  ✓ Statistics
    779.0 ms  ✓ LRUCache
    789.1 ms  ✓ InverseFunctions
    468.7 ms  ✓ PackageExtensionCompat
    526.6 ms  ✓ IteratorInterfaceExtensions
    554.4 ms  ✓ DataAPI
    680.9 ms  ✓ ConstructionBase
    573.1 ms  ✓ CompositionsBase
    537.4 ms  ✓ PtrArrays
   1276.2 ms  ✓ FillArrays
    599.3 ms  ✓ TupleTools
    777.7 ms  ✓ RationalRoots
    762.2 ms  ✓ HashArrayMappedTries
    892.3 ms  ✓ ChunkSplitters
    867.5 ms  ✓ StaticArraysCore
    813.1 ms  ✓ TranscodingStreams
   1595.9 ms  ✓ IrrationalConstants
    677.7 ms  ✓ NaNMath
    697.1 ms  ✓ Requires
    764.9 ms  ✓ LoggingExtras
   1153.0 ms  ✓ InitialValues
    878.6 ms  ✓ SuiteSparse
    802.0 ms  ✓ Compat
    511.5 ms  ✓ ScopedValues
    844.4 ms  ✓ Primes
    548.4 ms  ✓ CompositionsBase → CompositionsBaseInverseFunctionsExt
    559.8 ms  ✓ ConstructionBase → ConstructionBaseLinearAlgebraExt
    627.9 ms  ✓ LRUCache → SerializationExt
    599.2 ms  ✓ DiffResults
   1020.6 ms  ✓ Preferences
    724.7 ms  ✓ InverseFunctions → InverseFunctionsDatesExt
   1063.6 ms  ✓ Statistics → SparseArraysExt
    629.3 ms  ✓ FillArrays → FillArraysStatisticsExt
    515.5 ms  ✓ TableTraits
    656.8 ms  ✓ StridedViews
    637.5 ms  ✓ Adapt
    564.2 ms  ✓ Compat → CompatLinearAlgebraExt
    982.6 ms  ✓ FillArrays → FillArraysSparseArraysExt
    882.6 ms  ✓ LogExpFunctions
    671.4 ms  ✓ PrecompileTools
    927.0 ms  ✓ SparseInverseSubset
    711.7 ms  ✓ JLLWrappers
    593.4 ms  ✓ StridedViews → StridedViewsPtrArraysExt
    669.3 ms  ✓ GPUArraysCore
    822.7 ms  ✓ Strided
    579.2 ms  ✓ LogExpFunctions → LogExpFunctionsInverseFunctionsExt
    826.1 ms  ✓ Adapt → AdaptSparseArraysExt
   1096.7 ms  ✓ Tables
   3095.7 ms  ✓ MacroTools
   1609.4 ms  ✓ OptimKit
   2268.5 ms  ✓ KrylovKit
    802.5 ms  ✓ OpenSpecFun_jll
    653.7 ms  ✓ CommonSubexpressions
   1785.4 ms  ✓ ChainRulesCore
   1062.6 ms  ✓ StructArrays
    710.3 ms  ✓ AbstractFFTs → AbstractFFTsChainRulesCoreExt
    711.4 ms  ✓ StructArrays → StructArraysAdaptExt
   2346.7 ms  ✓ RecipesBase
    883.8 ms  ✓ KrylovKit → KrylovKitChainRulesCoreExt
    935.5 ms  ✓ ChainRulesCore → ChainRulesCoreSparseArraysExt
   3339.7 ms  ✓ WignerSymbols
    959.8 ms  ✓ StructArrays → StructArraysSparseArraysExt
   1100.4 ms  ✓ ZygoteRules
    615.1 ms  ✓ StructArrays → StructArraysLinearAlgebraExt
   2596.2 ms  ✓ IRTools
   2786.9 ms  ✓ Accessors
   1973.1 ms  ✓ LogExpFunctions → LogExpFunctionsChainRulesCoreExt
    697.7 ms  ✓ Accessors → StructArraysExt
    745.4 ms  ✓ Accessors → LinearAlgebraExt
   5237.3 ms  ✓ FileIO
   3665.2 ms  ✓ SpecialFunctions
   1178.6 ms  ✓ BangBang
    859.4 ms  ✓ DiffRules
    713.1 ms  ✓ BangBang → BangBangStructArraysExt
    724.6 ms  ✓ BangBang → BangBangTablesExt
    754.5 ms  ✓ BangBang → BangBangChainRulesCoreExt
   1246.7 ms  ✓ OhMyThreads
   2391.4 ms  ✓ SpecialFunctions → SpecialFunctionsChainRulesCoreExt
   9119.8 ms  ✓ StaticArrays
   4461.8 ms  ✓ ForwardDiff
    872.4 ms  ✓ StaticArrays → StaticArraysStatisticsExt
    914.1 ms  ✓ Adapt → AdaptStaticArraysExt
    940.8 ms  ✓ StaticArrays → StaticArraysChainRulesCoreExt
    956.0 ms  ✓ ConstructionBase → ConstructionBaseStaticArraysExt
   7074.3 ms  ✓ ChainRules
   1023.3 ms  ✓ BangBang → BangBangStaticArraysExt
   1048.6 ms  ✓ StructArrays → StructArraysStaticArraysExt
   1103.4 ms  ✓ Accessors → StaticArraysExt
    980.3 ms  ✓ ForwardDiff → ForwardDiffStaticArraysExt
   1579.4 ms  ✓ FiniteDifferences
  16416.2 ms  ✓ ArrayLayouts
    829.8 ms  ✓ ArrayLayouts → ArrayLayoutsSparseArraysExt
   1885.0 ms  ✓ BlockArrays
    800.6 ms  ✓ BlockArrays → BlockArraysAdaptExt
  40206.7 ms  ✓ JLD2
  35382.8 ms  ✓ Zygote
 138340.8 ms  ✓ TensorOperations
   1562.4 ms  ✓ TensorOperations → TensorOperationsChainRulesCoreExt
   6595.9 ms  ✓ TensorKitSectors
   7101.1 ms  ✓ TensorKit
   2061.1 ms  ✓ TensorKit → TensorKitChainRulesCoreExt
   2156.3 ms  ✓ TensorKitManifolds
   2313.6 ms  ✓ TensorKit → TensorKitFiniteDifferencesExt
   2895.9 ms  ✓ BlockTensorKit
  16223.6 ms  ✓ MPSKit
  13648.1 ms  ✓ MPSKitModels
  17146.4 ms  ✓ PEPSKit
  118 dependencies successfully precompiled in 206 seconds. 31 already precompiled.
[ Info: CTMRG init:	obj = +5.669204506922e+00	err = 1.0000e+00
[ Info: CTMRG conv 4:	obj = +5.669204506922e+00	err = 1.2131425308e-10	time = 1.80 min
┌ Warning: `svd` cotangents sensitive to gauge choice: (|Δgauge| = 0.31370566501178726)
└ @ TensorKitChainRulesCoreExt ~/.julia/packages/TensorKit/esxcj/ext/TensorKitChainRulesCoreExt/factorizations.jl:254
┌ Warning: `svd` cotangents sensitive to gauge choice: (|Δgauge| = 4.276360474732578e-7)
└ @ TensorKitChainRulesCoreExt ~/.julia/packages/TensorKit/esxcj/ext/TensorKitChainRulesCoreExt/factorizations.jl:254
┌ Warning: `svd` cotangents sensitive to gauge choice: (|Δgauge| = 0.313705579196362)
└ @ TensorKitChainRulesCoreExt ~/.julia/packages/TensorKit/esxcj/ext/TensorKitChainRulesCoreExt/factorizations.jl:254
[ Info: LBFGS: initializing with f = -3.138778251496, ‖∇f‖ = 6.5614e-04
[ Info: CTMRG init:	obj = +5.671658362528e+00	err = 1.0000e+00
[ Info: CTMRG conv 7:	obj = +5.671658580602e+00	err = 1.2725131018e-10	time = 2.81 sec
┌ Warning: `svd` cotangents sensitive to gauge choice: (|Δgauge| = 0.3143854756833377)
└ @ TensorKitChainRulesCoreExt ~/.julia/packages/TensorKit/esxcj/ext/TensorKitChainRulesCoreExt/factorizations.jl:254
┌ Warning: `svd` cotangents sensitive to gauge choice: (|Δgauge| = 8.487222069870754e-11)
└ @ TensorKitChainRulesCoreExt ~/.julia/packages/TensorKit/esxcj/ext/TensorKitChainRulesCoreExt/factorizations.jl:254
┌ Warning: `svd` cotangents sensitive to gauge choice: (|Δgauge| = 0.31438547555913465)
└ @ TensorKitChainRulesCoreExt ~/.julia/packages/TensorKit/esxcj/ext/TensorKitChainRulesCoreExt/factorizations.jl:254
[ Info: CTMRG init:	obj = +5.669514308747e+00	err = 1.0000e+00
[ Info: CTMRG conv 6:	obj = +5.669514312213e+00	err = 2.0680338656e-10	time = 2.70 sec
┌ Warning: `svd` cotangents sensitive to gauge choice: (|Δgauge| = 0.3137920826595674)
└ @ TensorKitChainRulesCoreExt ~/.julia/packages/TensorKit/esxcj/ext/TensorKitChainRulesCoreExt/factorizations.jl:254
┌ Warning: `svd` cotangents sensitive to gauge choice: (|Δgauge| = 1.438387217439066e-9)
└ @ TensorKitChainRulesCoreExt ~/.julia/packages/TensorKit/esxcj/ext/TensorKitChainRulesCoreExt/factorizations.jl:254
┌ Warning: `svd` cotangents sensitive to gauge choice: (|Δgauge| = 0.31379208244495294)
└ @ TensorKitChainRulesCoreExt ~/.julia/packages/TensorKit/esxcj/ext/TensorKitChainRulesCoreExt/factorizations.jl:254
[ Info: LBFGS: iter    1, time 1547.68 s: f = -3.138778664893, ‖∇f‖ = 5.6556e-04, α = 1.26e-01, m = 0, nfg = 2
[ Info: CTMRG init:	obj = +5.669813970635e+00	err = 1.0000e+00
[ Info: CTMRG conv 6:	obj = +5.669813974420e+00	err = 2.1042448880e-10	time = 2.08 sec
┌ Warning: `svd` cotangents sensitive to gauge choice: (|Δgauge| = 0.31380503115595515)
└ @ TensorKitChainRulesCoreExt ~/.julia/packages/TensorKit/esxcj/ext/TensorKitChainRulesCoreExt/factorizations.jl:254
┌ Warning: `svd` cotangents sensitive to gauge choice: (|Δgauge| = 1.4331935370159326e-9)
└ @ TensorKitChainRulesCoreExt ~/.julia/packages/TensorKit/esxcj/ext/TensorKitChainRulesCoreExt/factorizations.jl:254
┌ Warning: `svd` cotangents sensitive to gauge choice: (|Δgauge| = 0.31380503112082964)
└ @ TensorKitChainRulesCoreExt ~/.julia/packages/TensorKit/esxcj/ext/TensorKitChainRulesCoreExt/factorizations.jl:254
[ Info: CTMRG init:	obj = +5.671010134301e+00	err = 1.0000e+00
[ Info: CTMRG conv 6:	obj = +5.671010228856e+00	err = 8.3449094047e-10	time = 1.71 sec
┌ Warning: `svd` cotangents sensitive to gauge choice: (|Δgauge| = 0.31385683816138255)
└ @ TensorKitChainRulesCoreExt ~/.julia/packages/TensorKit/esxcj/ext/TensorKitChainRulesCoreExt/factorizations.jl:254
┌ Warning: `svd` cotangents sensitive to gauge choice: (|Δgauge| = 1.412598376037022e-9)
└ @ TensorKitChainRulesCoreExt ~/.julia/packages/TensorKit/esxcj/ext/TensorKitChainRulesCoreExt/factorizations.jl:254
┌ Warning: `svd` cotangents sensitive to gauge choice: (|Δgauge| = 0.31385683802089404)
└ @ TensorKitChainRulesCoreExt ~/.julia/packages/TensorKit/esxcj/ext/TensorKitChainRulesCoreExt/factorizations.jl:254
[ Info: CTMRG init:	obj = +5.676931616135e+00	err = 1.0000e+00
[ Info: CTMRG conv 7:	obj = +5.676933970527e+00	err = 2.9789038892e-10	time = 2.23 sec
┌ Warning: `svd` cotangents sensitive to gauge choice: (|Δgauge| = 0.31411618645212436)
└ @ TensorKitChainRulesCoreExt ~/.julia/packages/TensorKit/esxcj/ext/TensorKitChainRulesCoreExt/factorizations.jl:254
┌ Warning: `svd` cotangents sensitive to gauge choice: (|Δgauge| = 7.606089639731132e-11)
└ @ TensorKitChainRulesCoreExt ~/.julia/packages/TensorKit/esxcj/ext/TensorKitChainRulesCoreExt/factorizations.jl:254
┌ Warning: `svd` cotangents sensitive to gauge choice: (|Δgauge| = 0.31411618650757844)
└ @ TensorKitChainRulesCoreExt ~/.julia/packages/TensorKit/esxcj/ext/TensorKitChainRulesCoreExt/factorizations.jl:254
[ Info: CTMRG init:	obj = +5.675801769779e+00	err = 1.0000e+00
[ Info: CTMRG conv 7:	obj = +5.675803457406e+00	err = 1.7382581161e-10	time = 2.12 sec
┌ Warning: `svd` cotangents sensitive to gauge choice: (|Δgauge| = 0.3140663246436451)
└ @ TensorKitChainRulesCoreExt ~/.julia/packages/TensorKit/esxcj/ext/TensorKitChainRulesCoreExt/factorizations.jl:254
┌ Warning: `svd` cotangents sensitive to gauge choice: (|Δgauge| = 7.722396273868214e-11)
└ @ TensorKitChainRulesCoreExt ~/.julia/packages/TensorKit/esxcj/ext/TensorKitChainRulesCoreExt/factorizations.jl:254
┌ Warning: `svd` cotangents sensitive to gauge choice: (|Δgauge| = 0.31406632440365645)
└ @ TensorKitChainRulesCoreExt ~/.julia/packages/TensorKit/esxcj/ext/TensorKitChainRulesCoreExt/factorizations.jl:254
[ Info: LBFGS: iter    2, time 1575.63 s: f = -3.138782373999, ‖∇f‖ = 2.0599e-03, α = 2.12e+01, m = 1, nfg = 4
[ Info: CTMRG init:	obj = +5.681795692507e+00	err = 1.0000e+00
[ Info: CTMRG conv 7:	obj = +5.681797192249e+00	err = 2.5835955061e-10	time = 3.24 sec
┌ Warning: `svd` cotangents sensitive to gauge choice: (|Δgauge| = 0.3141384056361635)
└ @ TensorKitChainRulesCoreExt ~/.julia/packages/TensorKit/esxcj/ext/TensorKitChainRulesCoreExt/factorizations.jl:254
┌ Warning: `svd` cotangents sensitive to gauge choice: (|Δgauge| = 7.195420407096671e-11)
└ @ TensorKitChainRulesCoreExt ~/.julia/packages/TensorKit/esxcj/ext/TensorKitChainRulesCoreExt/factorizations.jl:254
┌ Warning: `svd` cotangents sensitive to gauge choice: (|Δgauge| = 0.3141384055005948)
└ @ TensorKitChainRulesCoreExt ~/.julia/packages/TensorKit/esxcj/ext/TensorKitChainRulesCoreExt/factorizations.jl:254
[ Info: CTMRG init:	obj = +5.704724945422e+00	err = 1.0000e+00
[ Info: CTMRG conv 7:	obj = +5.704761850083e+00	err = 5.3805129215e-10	time = 2.08 sec
┌ Warning: `svd` cotangents sensitive to gauge choice: (|Δgauge| = 0.31442308536037633)
└ @ TensorKitChainRulesCoreExt ~/.julia/packages/TensorKit/esxcj/ext/TensorKitChainRulesCoreExt/factorizations.jl:254
┌ Warning: `svd` cotangents sensitive to gauge choice: (|Δgauge| = 5.335838247818397e-11)
└ @ TensorKitChainRulesCoreExt ~/.julia/packages/TensorKit/esxcj/ext/TensorKitChainRulesCoreExt/factorizations.jl:254
┌ Warning: `svd` cotangents sensitive to gauge choice: (|Δgauge| = 0.314423085276571)
└ @ TensorKitChainRulesCoreExt ~/.julia/packages/TensorKit/esxcj/ext/TensorKitChainRulesCoreExt/factorizations.jl:254
[ Info: CTMRG init:	obj = +5.794024407451e+00	err = 1.0000e+00
[ Info: CTMRG conv 8:	obj = +5.794914561564e+00	err = 1.1647654799e-10	time = 2.58 sec
┌ Warning: `svd` cotangents sensitive to gauge choice: (|Δgauge| = 0.3157653226732239)
└ @ TensorKitChainRulesCoreExt ~/.julia/packages/TensorKit/esxcj/ext/TensorKitChainRulesCoreExt/factorizations.jl:254
┌ Warning: `svd` cotangents sensitive to gauge choice: (|Δgauge| = 0.315765322633982)
└ @ TensorKitChainRulesCoreExt ~/.julia/packages/TensorKit/esxcj/ext/TensorKitChainRulesCoreExt/factorizations.jl:254
[ Info: CTMRG init:	obj = +5.589464773836e+00	err = 1.0000e+00
[ Info: CTMRG conv 10:	obj = +5.629024124347e+00	err = 2.1327200672e-10	time = 3.47 sec
┌ Warning: `svd` cotangents sensitive to gauge choice: (|Δgauge| = 0.3874660290507141)
└ @ TensorKitChainRulesCoreExt ~/.julia/packages/TensorKit/esxcj/ext/TensorKitChainRulesCoreExt/factorizations.jl:254
┌ Warning: `svd` cotangents sensitive to gauge choice: (|Δgauge| = 1.2497238164762711e-11)
└ @ TensorKitChainRulesCoreExt ~/.julia/packages/TensorKit/esxcj/ext/TensorKitChainRulesCoreExt/factorizations.jl:254
┌ Warning: `svd` cotangents sensitive to gauge choice: (|Δgauge| = 0.38746602936759433)
└ @ TensorKitChainRulesCoreExt ~/.julia/packages/TensorKit/esxcj/ext/TensorKitChainRulesCoreExt/factorizations.jl:254
[ Info: CTMRG init:	obj = +5.794213019974e+00	err = 1.0000e+00
[ Info: CTMRG conv 8:	obj = +5.795107138762e+00	err = 1.4393033311e-10	time = 2.69 sec
┌ Warning: `svd` cotangents sensitive to gauge choice: (|Δgauge| = 0.3157688102718247)
└ @ TensorKitChainRulesCoreExt ~/.julia/packages/TensorKit/esxcj/ext/TensorKitChainRulesCoreExt/factorizations.jl:254
┌ Warning: `svd` cotangents sensitive to gauge choice: (|Δgauge| = 0.31576881031214543)
└ @ TensorKitChainRulesCoreExt ~/.julia/packages/TensorKit/esxcj/ext/TensorKitChainRulesCoreExt/factorizations.jl:254
[ Info: LBFGS: iter    3, time 1611.80 s: f = -3.138893019396, ‖∇f‖ = 3.3312e-03, α = 2.51e+01, m = 2, nfg = 5
[ Info: CTMRG init:	obj = +5.830126379747e+00	err = 1.0000e+00
[ Info: CTMRG conv 8:	obj = +5.830438944016e+00	err = 1.4158333000e-10	time = 3.03 sec
┌ Warning: `svd` cotangents sensitive to gauge choice: (|Δgauge| = 0.316441416521801)
└ @ TensorKitChainRulesCoreExt ~/.julia/packages/TensorKit/esxcj/ext/TensorKitChainRulesCoreExt/factorizations.jl:254
┌ Warning: `svd` cotangents sensitive to gauge choice: (|Δgauge| = 2.6311263478271882e-12)
└ @ TensorKitChainRulesCoreExt ~/.julia/packages/TensorKit/esxcj/ext/TensorKitChainRulesCoreExt/factorizations.jl:254
┌ Warning: `svd` cotangents sensitive to gauge choice: (|Δgauge| = 0.3164414164804287)
└ @ TensorKitChainRulesCoreExt ~/.julia/packages/TensorKit/esxcj/ext/TensorKitChainRulesCoreExt/factorizations.jl:254
[ Info: CTMRG init:	obj = +5.800733343730e+00	err = 1.0000e+00
[ Info: CTMRG conv 7:	obj = +5.800738266471e+00	err = 1.7312683909e-10	time = 2.38 sec
┌ Warning: `svd` cotangents sensitive to gauge choice: (|Δgauge| = 0.31586404903777443)
└ @ TensorKitChainRulesCoreExt ~/.julia/packages/TensorKit/esxcj/ext/TensorKitChainRulesCoreExt/factorizations.jl:254
┌ Warning: `svd` cotangents sensitive to gauge choice: (|Δgauge| = 1.1448073074913938e-11)
└ @ TensorKitChainRulesCoreExt ~/.julia/packages/TensorKit/esxcj/ext/TensorKitChainRulesCoreExt/factorizations.jl:254
┌ Warning: `svd` cotangents sensitive to gauge choice: (|Δgauge| = 0.3158640489886866)
└ @ TensorKitChainRulesCoreExt ~/.julia/packages/TensorKit/esxcj/ext/TensorKitChainRulesCoreExt/factorizations.jl:254
[ Info: LBFGS: iter    4, time 1625.59 s: f = -3.138898013226, ‖∇f‖ = 2.7092e-03, α = 1.29e-01, m = 3, nfg = 2
[ Info: CTMRG init:	obj = +5.801161908288e+00	err = 1.0000e+00
[ Info: CTMRG conv 7:	obj = +5.801162993875e+00	err = 8.6011575930e-11	time = 3.31 sec
┌ Warning: `svd` cotangents sensitive to gauge choice: (|Δgauge| = 0.31609664446076285)
└ @ TensorKitChainRulesCoreExt ~/.julia/packages/TensorKit/esxcj/ext/TensorKitChainRulesCoreExt/factorizations.jl:254
┌ Warning: `svd` cotangents sensitive to gauge choice: (|Δgauge| = 1.201919961446427e-11)
└ @ TensorKitChainRulesCoreExt ~/.julia/packages/TensorKit/esxcj/ext/TensorKitChainRulesCoreExt/factorizations.jl:254
┌ Warning: `svd` cotangents sensitive to gauge choice: (|Δgauge| = 0.31609664444778596)
└ @ TensorKitChainRulesCoreExt ~/.julia/packages/TensorKit/esxcj/ext/TensorKitChainRulesCoreExt/factorizations.jl:254
[ Info: LBFGS: iter    5, time 1632.54 s: f = -3.138906439261, ‖∇f‖ = 1.2515e-03, α = 1.00e+00, m = 4, nfg = 1
[ Info: CTMRG init:	obj = +5.805716405492e+00	err = 1.0000e+00
[ Info: CTMRG conv 7:	obj = +5.805719682847e+00	err = 1.3067636842e-10	time = 2.29 sec
┌ Warning: `svd` cotangents sensitive to gauge choice: (|Δgauge| = 0.3163690025481694)
└ @ TensorKitChainRulesCoreExt ~/.julia/packages/TensorKit/esxcj/ext/TensorKitChainRulesCoreExt/factorizations.jl:254
┌ Warning: `svd` cotangents sensitive to gauge choice: (|Δgauge| = 1.568782539727965e-11)
└ @ TensorKitChainRulesCoreExt ~/.julia/packages/TensorKit/esxcj/ext/TensorKitChainRulesCoreExt/factorizations.jl:254
┌ Warning: `svd` cotangents sensitive to gauge choice: (|Δgauge| = 0.31636900265045553)
└ @ TensorKitChainRulesCoreExt ~/.julia/packages/TensorKit/esxcj/ext/TensorKitChainRulesCoreExt/factorizations.jl:254
[ Info: LBFGS: iter    6, time 1638.49 s: f = -3.138908554385, ‖∇f‖ = 1.3708e-03, α = 1.00e+00, m = 5, nfg = 1
[ Info: CTMRG init:	obj = +5.804932093442e+00	err = 1.0000e+00
[ Info: CTMRG conv 6:	obj = +5.804932373718e+00	err = 7.0605401119e-10	time = 1.81 sec
┌ Warning: `svd` cotangents sensitive to gauge choice: (|Δgauge| = 0.31652628745627437)
└ @ TensorKitChainRulesCoreExt ~/.julia/packages/TensorKit/esxcj/ext/TensorKitChainRulesCoreExt/factorizations.jl:254
┌ Warning: `svd` cotangents sensitive to gauge choice: (|Δgauge| = 2.662767759855243e-10)
└ @ TensorKitChainRulesCoreExt ~/.julia/packages/TensorKit/esxcj/ext/TensorKitChainRulesCoreExt/factorizations.jl:254
┌ Warning: `svd` cotangents sensitive to gauge choice: (|Δgauge| = 0.31652628736952015)
└ @ TensorKitChainRulesCoreExt ~/.julia/packages/TensorKit/esxcj/ext/TensorKitChainRulesCoreExt/factorizations.jl:254
[ Info: LBFGS: iter    7, time 1645.22 s: f = -3.138914670611, ‖∇f‖ = 1.9440e-03, α = 1.00e+00, m = 6, nfg = 1
[ Info: CTMRG init:	obj = +5.800639948009e+00	err = 1.0000e+00
[ Info: CTMRG conv 7:	obj = +5.800648875322e+00	err = 1.5814353662e-10	time = 2.58 sec
┌ Warning: `svd` cotangents sensitive to gauge choice: (|Δgauge| = 0.31788409136450235)
└ @ TensorKitChainRulesCoreExt ~/.julia/packages/TensorKit/esxcj/ext/TensorKitChainRulesCoreExt/factorizations.jl:254
┌ Warning: `svd` cotangents sensitive to gauge choice: (|Δgauge| = 1.4591465784964032e-11)
└ @ TensorKitChainRulesCoreExt ~/.julia/packages/TensorKit/esxcj/ext/TensorKitChainRulesCoreExt/factorizations.jl:254
┌ Warning: `svd` cotangents sensitive to gauge choice: (|Δgauge| = 0.3178840914102715)
└ @ TensorKitChainRulesCoreExt ~/.julia/packages/TensorKit/esxcj/ext/TensorKitChainRulesCoreExt/factorizations.jl:254
[ Info: LBFGS: iter    8, time 1651.44 s: f = -3.138978510233, ‖∇f‖ = 7.0140e-03, α = 1.00e+00, m = 7, nfg = 1
[ Info: CTMRG init:	obj = +5.765863913879e+00	err = 1.0000e+00
[ Info: CTMRG conv 7:	obj = +5.765986244944e+00	err = 4.0126393707e-10	time = 2.95 sec
┌ Warning: `svd` cotangents sensitive to gauge choice: (|Δgauge| = 0.32100552170402613)
└ @ TensorKitChainRulesCoreExt ~/.julia/packages/TensorKit/esxcj/ext/TensorKitChainRulesCoreExt/factorizations.jl:254
┌ Warning: `svd` cotangents sensitive to gauge choice: (|Δgauge| = 1.2687153872764116e-11)
└ @ TensorKitChainRulesCoreExt ~/.julia/packages/TensorKit/esxcj/ext/TensorKitChainRulesCoreExt/factorizations.jl:254
┌ Warning: `svd` cotangents sensitive to gauge choice: (|Δgauge| = 0.32100552174514607)
└ @ TensorKitChainRulesCoreExt ~/.julia/packages/TensorKit/esxcj/ext/TensorKitChainRulesCoreExt/factorizations.jl:254
[ Info: CTMRG init:	obj = +5.792164102100e+00	err = 1.0000e+00
[ Info: CTMRG conv 7:	obj = +5.792175132309e+00	err = 1.5428389466e-10	time = 4.90 sec
┌ Warning: `svd` cotangents sensitive to gauge choice: (|Δgauge| = 0.31912492947556126)
└ @ TensorKitChainRulesCoreExt ~/.julia/packages/TensorKit/esxcj/ext/TensorKitChainRulesCoreExt/factorizations.jl:254
┌ Warning: `svd` cotangents sensitive to gauge choice: (|Δgauge| = 1.4188937864633868e-11)
└ @ TensorKitChainRulesCoreExt ~/.julia/packages/TensorKit/esxcj/ext/TensorKitChainRulesCoreExt/factorizations.jl:254
┌ Warning: `svd` cotangents sensitive to gauge choice: (|Δgauge| = 0.319124929508335)
└ @ TensorKitChainRulesCoreExt ~/.julia/packages/TensorKit/esxcj/ext/TensorKitChainRulesCoreExt/factorizations.jl:254
[ Info: LBFGS: iter    9, time 1668.65 s: f = -3.139043649487, ‖∇f‖ = 1.0764e-02, α = 3.63e-01, m = 8, nfg = 2
[ Info: CTMRG init:	obj = +5.747646629593e+00	err = 1.0000e+00
[ Info: CTMRG conv 7:	obj = +5.747758559838e+00	err = 4.1812067388e-10	time = 3.04 sec
┌ Warning: `svd` cotangents sensitive to gauge choice: (|Δgauge| = 0.32053994762323146)
└ @ TensorKitChainRulesCoreExt ~/.julia/packages/TensorKit/esxcj/ext/TensorKitChainRulesCoreExt/factorizations.jl:254
┌ Warning: `svd` cotangents sensitive to gauge choice: (|Δgauge| = 6.416241700317236e-12)
└ @ TensorKitChainRulesCoreExt ~/.julia/packages/TensorKit/esxcj/ext/TensorKitChainRulesCoreExt/factorizations.jl:254
┌ Warning: `svd` cotangents sensitive to gauge choice: (|Δgauge| = 0.3205399476646941)
└ @ TensorKitChainRulesCoreExt ~/.julia/packages/TensorKit/esxcj/ext/TensorKitChainRulesCoreExt/factorizations.jl:254
[ Info: CTMRG init:	obj = +5.778300498139e+00	err = 1.0000e+00
[ Info: CTMRG conv 7:	obj = +5.778312770636e+00	err = 2.2542171816e-10	time = 2.86 sec
┌ Warning: `svd` cotangents sensitive to gauge choice: (|Δgauge| = 0.31971079081244563)
└ @ TensorKitChainRulesCoreExt ~/.julia/packages/TensorKit/esxcj/ext/TensorKitChainRulesCoreExt/factorizations.jl:254
┌ Warning: `svd` cotangents sensitive to gauge choice: (|Δgauge| = 1.1063735456226634e-11)
└ @ TensorKitChainRulesCoreExt ~/.julia/packages/TensorKit/esxcj/ext/TensorKitChainRulesCoreExt/factorizations.jl:254
┌ Warning: `svd` cotangents sensitive to gauge choice: (|Δgauge| = 0.3197107908344471)
└ @ TensorKitChainRulesCoreExt ~/.julia/packages/TensorKit/esxcj/ext/TensorKitChainRulesCoreExt/factorizations.jl:254
[ Info: LBFGS: iter   10, time 1685.71 s: f = -3.139094089767, ‖∇f‖ = 1.1750e-02, α = 3.73e-01, m = 8, nfg = 2
[ Info: CTMRG init:	obj = +5.762183841427e+00	err = 1.0000e+00
[ Info: CTMRG conv 7:	obj = +5.762241348828e+00	err = 2.1067188350e-10	time = 3.43 sec
┌ Warning: `svd` cotangents sensitive to gauge choice: (|Δgauge| = 0.32141029062858284)
└ @ TensorKitChainRulesCoreExt ~/.julia/packages/TensorKit/esxcj/ext/TensorKitChainRulesCoreExt/factorizations.jl:254
┌ Warning: `svd` cotangents sensitive to gauge choice: (|Δgauge| = 1.1148085907986503e-11)
└ @ TensorKitChainRulesCoreExt ~/.julia/packages/TensorKit/esxcj/ext/TensorKitChainRulesCoreExt/factorizations.jl:254
┌ Warning: `svd` cotangents sensitive to gauge choice: (|Δgauge| = 0.3214102907371377)
└ @ TensorKitChainRulesCoreExt ~/.julia/packages/TensorKit/esxcj/ext/TensorKitChainRulesCoreExt/factorizations.jl:254
[ Info: CTMRG init:	obj = +5.774048870895e+00	err = 1.0000e+00
[ Info: CTMRG conv 7:	obj = +5.774053873063e+00	err = 1.1958800791e-10	time = 2.81 sec
┌ Warning: `svd` cotangents sensitive to gauge choice: (|Δgauge| = 0.3202854542776825)
└ @ TensorKitChainRulesCoreExt ~/.julia/packages/TensorKit/esxcj/ext/TensorKitChainRulesCoreExt/factorizations.jl:254
┌ Warning: `svd` cotangents sensitive to gauge choice: (|Δgauge| = 1.1200848200390042e-11)
└ @ TensorKitChainRulesCoreExt ~/.julia/packages/TensorKit/esxcj/ext/TensorKitChainRulesCoreExt/factorizations.jl:254
┌ Warning: `svd` cotangents sensitive to gauge choice: (|Δgauge| = 0.3202854542904251)
└ @ TensorKitChainRulesCoreExt ~/.julia/packages/TensorKit/esxcj/ext/TensorKitChainRulesCoreExt/factorizations.jl:254
[ Info: LBFGS: iter   11, time 1700.70 s: f = -3.139116163421, ‖∇f‖ = 1.2594e-02, α = 3.07e-01, m = 8, nfg = 2
[ Info: CTMRG init:	obj = +5.757366848734e+00	err = 1.0000e+00
[ Info: CTMRG conv 7:	obj = +5.757397116072e+00	err = 2.6504195020e-10	time = 3.67 sec
┌ Warning: `svd` cotangents sensitive to gauge choice: (|Δgauge| = 0.3198614975573842)
└ @ TensorKitChainRulesCoreExt ~/.julia/packages/TensorKit/esxcj/ext/TensorKitChainRulesCoreExt/factorizations.jl:254
┌ Warning: `svd` cotangents sensitive to gauge choice: (|Δgauge| = 5.707227239870383e-12)
└ @ TensorKitChainRulesCoreExt ~/.julia/packages/TensorKit/esxcj/ext/TensorKitChainRulesCoreExt/factorizations.jl:254
┌ Warning: `svd` cotangents sensitive to gauge choice: (|Δgauge| = 0.3198614974584897)
└ @ TensorKitChainRulesCoreExt ~/.julia/packages/TensorKit/esxcj/ext/TensorKitChainRulesCoreExt/factorizations.jl:254
[ Info: LBFGS: iter   12, time 1709.22 s: f = -3.139185413758, ‖∇f‖ = 6.9971e-03, α = 1.00e+00, m = 8, nfg = 1
[ Info: CTMRG init:	obj = +5.770308266483e+00	err = 1.0000e+00
[ Info: CTMRG conv 7:	obj = +5.770326916529e+00	err = 1.6818074412e-10	time = 3.07 sec
┌ Warning: `svd` cotangents sensitive to gauge choice: (|Δgauge| = 0.319254694295441)
└ @ TensorKitChainRulesCoreExt ~/.julia/packages/TensorKit/esxcj/ext/TensorKitChainRulesCoreExt/factorizations.jl:254
┌ Warning: `svd` cotangents sensitive to gauge choice: (|Δgauge| = 1.0453464255341045e-11)
└ @ TensorKitChainRulesCoreExt ~/.julia/packages/TensorKit/esxcj/ext/TensorKitChainRulesCoreExt/factorizations.jl:254
┌ Warning: `svd` cotangents sensitive to gauge choice: (|Δgauge| = 0.31925469426915565)
└ @ TensorKitChainRulesCoreExt ~/.julia/packages/TensorKit/esxcj/ext/TensorKitChainRulesCoreExt/factorizations.jl:254
[ Info: LBFGS: iter   13, time 1716.59 s: f = -3.139235411944, ‖∇f‖ = 1.7516e-03, α = 1.00e+00, m = 8, nfg = 1
[ Info: CTMRG init:	obj = +5.772648287771e+00	err = 1.0000e+00
[ Info: CTMRG conv 7:	obj = +5.772650776073e+00	err = 1.8234187496e-10	time = 4.82 sec
┌ Warning: `svd` cotangents sensitive to gauge choice: (|Δgauge| = 0.3193671601071324)
└ @ TensorKitChainRulesCoreExt ~/.julia/packages/TensorKit/esxcj/ext/TensorKitChainRulesCoreExt/factorizations.jl:254
┌ Warning: `svd` cotangents sensitive to gauge choice: (|Δgauge| = 1.3032031193422979e-11)
└ @ TensorKitChainRulesCoreExt ~/.julia/packages/TensorKit/esxcj/ext/TensorKitChainRulesCoreExt/factorizations.jl:254
┌ Warning: `svd` cotangents sensitive to gauge choice: (|Δgauge| = 0.3193671601815546)
└ @ TensorKitChainRulesCoreExt ~/.julia/packages/TensorKit/esxcj/ext/TensorKitChainRulesCoreExt/factorizations.jl:254
[ Info: LBFGS: iter   14, time 1726.16 s: f = -3.139240484435, ‖∇f‖ = 1.9097e-03, α = 1.00e+00, m = 8, nfg = 1
[ Info: CTMRG init:	obj = +5.775512660780e+00	err = 1.0000e+00
[ Info: CTMRG conv 6:	obj = +5.775514846569e+00	err = 6.9720278007e-10	time = 2.60 sec
┌ Warning: `svd` cotangents sensitive to gauge choice: (|Δgauge| = 0.32001028763549727)
└ @ TensorKitChainRulesCoreExt ~/.julia/packages/TensorKit/esxcj/ext/TensorKitChainRulesCoreExt/factorizations.jl:254
┌ Warning: `svd` cotangents sensitive to gauge choice: (|Δgauge| = 2.817556620298593e-10)
└ @ TensorKitChainRulesCoreExt ~/.julia/packages/TensorKit/esxcj/ext/TensorKitChainRulesCoreExt/factorizations.jl:254
┌ Warning: `svd` cotangents sensitive to gauge choice: (|Δgauge| = 0.32001028747170923)
└ @ TensorKitChainRulesCoreExt ~/.julia/packages/TensorKit/esxcj/ext/TensorKitChainRulesCoreExt/factorizations.jl:254
[ Info: LBFGS: iter   15, time 1733.10 s: f = -3.139257609191, ‖∇f‖ = 3.3147e-03, α = 1.00e+00, m = 8, nfg = 1
[ Info: CTMRG init:	obj = +5.780657446969e+00	err = 1.0000e+00
[ Info: CTMRG conv 7:	obj = +5.780669695935e+00	err = 1.3595375349e-10	time = 2.75 sec
┌ Warning: `svd` cotangents sensitive to gauge choice: (|Δgauge| = 0.32106088454832277)
└ @ TensorKitChainRulesCoreExt ~/.julia/packages/TensorKit/esxcj/ext/TensorKitChainRulesCoreExt/factorizations.jl:254
┌ Warning: `svd` cotangents sensitive to gauge choice: (|Δgauge| = 1.985829119041858e-11)
└ @ TensorKitChainRulesCoreExt ~/.julia/packages/TensorKit/esxcj/ext/TensorKitChainRulesCoreExt/factorizations.jl:254
┌ Warning: `svd` cotangents sensitive to gauge choice: (|Δgauge| = 0.3210608846264459)
└ @ TensorKitChainRulesCoreExt ~/.julia/packages/TensorKit/esxcj/ext/TensorKitChainRulesCoreExt/factorizations.jl:254
[ Info: LBFGS: iter   16, time 1741.26 s: f = -3.139308548506, ‖∇f‖ = 4.6834e-03, α = 1.00e+00, m = 8, nfg = 1
[ Info: CTMRG init:	obj = +5.775508094573e+00	err = 1.0000e+00
[ Info: CTMRG conv 7:	obj = +5.775579583985e+00	err = 1.1397942838e-10	time = 2.94 sec
┌ Warning: `svd` cotangents sensitive to gauge choice: (|Δgauge| = 0.32214654192296527)
└ @ TensorKitChainRulesCoreExt ~/.julia/packages/TensorKit/esxcj/ext/TensorKitChainRulesCoreExt/factorizations.jl:254
┌ Warning: `svd` cotangents sensitive to gauge choice: (|Δgauge| = 2.163000051084115e-11)
└ @ TensorKitChainRulesCoreExt ~/.julia/packages/TensorKit/esxcj/ext/TensorKitChainRulesCoreExt/factorizations.jl:254
┌ Warning: `svd` cotangents sensitive to gauge choice: (|Δgauge| = 0.3221465420011249)
└ @ TensorKitChainRulesCoreExt ~/.julia/packages/TensorKit/esxcj/ext/TensorKitChainRulesCoreExt/factorizations.jl:254
[ Info: CTMRG init:	obj = +5.780113196520e+00	err = 1.0000e+00
[ Info: CTMRG conv 6:	obj = +5.780122481610e+00	err = 9.8675263811e-10	time = 2.63 sec
┌ Warning: `svd` cotangents sensitive to gauge choice: (|Δgauge| = 0.3216261152961483)
└ @ TensorKitChainRulesCoreExt ~/.julia/packages/TensorKit/esxcj/ext/TensorKitChainRulesCoreExt/factorizations.jl:254
┌ Warning: `svd` cotangents sensitive to gauge choice: (|Δgauge| = 3.915782034570564e-10)
└ @ TensorKitChainRulesCoreExt ~/.julia/packages/TensorKit/esxcj/ext/TensorKitChainRulesCoreExt/factorizations.jl:254
┌ Warning: `svd` cotangents sensitive to gauge choice: (|Δgauge| = 0.3216261150217251)
└ @ TensorKitChainRulesCoreExt ~/.julia/packages/TensorKit/esxcj/ext/TensorKitChainRulesCoreExt/factorizations.jl:254
[ Info: LBFGS: iter   17, time 1754.24 s: f = -3.139351155057, ‖∇f‖ = 4.3816e-03, α = 4.02e-01, m = 8, nfg = 2
[ Info: CTMRG init:	obj = +5.779696360190e+00	err = 1.0000e+00
[ Info: CTMRG conv 7:	obj = +5.779739623373e+00	err = 2.5503294072e-10	time = 4.28 sec
┌ Warning: `svd` cotangents sensitive to gauge choice: (|Δgauge| = 0.3210081057289543)
└ @ TensorKitChainRulesCoreExt ~/.julia/packages/TensorKit/esxcj/ext/TensorKitChainRulesCoreExt/factorizations.jl:254
┌ Warning: `svd` cotangents sensitive to gauge choice: (|Δgauge| = 1.5879437482558163e-11)
└ @ TensorKitChainRulesCoreExt ~/.julia/packages/TensorKit/esxcj/ext/TensorKitChainRulesCoreExt/factorizations.jl:254
┌ Warning: `svd` cotangents sensitive to gauge choice: (|Δgauge| = 0.32100810578966715)
└ @ TensorKitChainRulesCoreExt ~/.julia/packages/TensorKit/esxcj/ext/TensorKitChainRulesCoreExt/factorizations.jl:254
[ Info: CTMRG init:	obj = +5.780512454144e+00	err = 1.0000e+00
[ Info: CTMRG conv 7:	obj = +5.780517392159e+00	err = 1.0551023180e-10	time = 2.65 sec
┌ Warning: `svd` cotangents sensitive to gauge choice: (|Δgauge| = 0.3215185871333721)
└ @ TensorKitChainRulesCoreExt ~/.julia/packages/TensorKit/esxcj/ext/TensorKitChainRulesCoreExt/factorizations.jl:254
┌ Warning: `svd` cotangents sensitive to gauge choice: (|Δgauge| = 1.9105266792789396e-11)
└ @ TensorKitChainRulesCoreExt ~/.julia/packages/TensorKit/esxcj/ext/TensorKitChainRulesCoreExt/factorizations.jl:254
┌ Warning: `svd` cotangents sensitive to gauge choice: (|Δgauge| = 0.3215185872312901)
└ @ TensorKitChainRulesCoreExt ~/.julia/packages/TensorKit/esxcj/ext/TensorKitChainRulesCoreExt/factorizations.jl:254
[ Info: LBFGS: iter   18, time 1769.68 s: f = -3.139375502649, ‖∇f‖ = 3.7154e-03, α = 3.44e-01, m = 8, nfg = 2
[ Info: CTMRG init:	obj = +5.781898142099e+00	err = 1.0000e+00
[ Info: CTMRG conv 7:	obj = +5.781905508606e+00	err = 7.3044349345e-11	time = 3.05 sec
┌ Warning: `svd` cotangents sensitive to gauge choice: (|Δgauge| = 0.3215552041043941)
└ @ TensorKitChainRulesCoreExt ~/.julia/packages/TensorKit/esxcj/ext/TensorKitChainRulesCoreExt/factorizations.jl:254
┌ Warning: `svd` cotangents sensitive to gauge choice: (|Δgauge| = 1.6288010123132608e-11)
└ @ TensorKitChainRulesCoreExt ~/.julia/packages/TensorKit/esxcj/ext/TensorKitChainRulesCoreExt/factorizations.jl:254
┌ Warning: `svd` cotangents sensitive to gauge choice: (|Δgauge| = 0.3215552041382591)
└ @ TensorKitChainRulesCoreExt ~/.julia/packages/TensorKit/esxcj/ext/TensorKitChainRulesCoreExt/factorizations.jl:254
[ Info: LBFGS: iter   19, time 1778.65 s: f = -3.139401593791, ‖∇f‖ = 8.1700e-04, α = 1.00e+00, m = 8, nfg = 1
[ Info: CTMRG init:	obj = +5.780153078706e+00	err = 1.0000e+00
[ Info: CTMRG conv 7:	obj = +5.780154055230e+00	err = 1.4416572601e-10	time = 3.23 sec
┌ Warning: `svd` cotangents sensitive to gauge choice: (|Δgauge| = 0.3215570248289239)
└ @ TensorKitChainRulesCoreExt ~/.julia/packages/TensorKit/esxcj/ext/TensorKitChainRulesCoreExt/factorizations.jl:254
┌ Warning: `svd` cotangents sensitive to gauge choice: (|Δgauge| = 1.4706697719115414e-11)
└ @ TensorKitChainRulesCoreExt ~/.julia/packages/TensorKit/esxcj/ext/TensorKitChainRulesCoreExt/factorizations.jl:254
┌ Warning: `svd` cotangents sensitive to gauge choice: (|Δgauge| = 0.32155702481411014)
└ @ TensorKitChainRulesCoreExt ~/.julia/packages/TensorKit/esxcj/ext/TensorKitChainRulesCoreExt/factorizations.jl:254
[ Info: LBFGS: iter   20, time 1785.94 s: f = -3.139402048027, ‖∇f‖ = 1.3192e-03, α = 1.00e+00, m = 8, nfg = 1
[ Info: CTMRG init:	obj = +5.780641725105e+00	err = 1.0000e+00
[ Info: CTMRG conv 6:	obj = +5.780641848382e+00	err = 2.2622875461e-10	time = 2.62 sec
┌ Warning: `svd` cotangents sensitive to gauge choice: (|Δgauge| = 0.32150973080110784)
└ @ TensorKitChainRulesCoreExt ~/.julia/packages/TensorKit/esxcj/ext/TensorKitChainRulesCoreExt/factorizations.jl:254
┌ Warning: `svd` cotangents sensitive to gauge choice: (|Δgauge| = 2.7243058704547913e-10)
└ @ TensorKitChainRulesCoreExt ~/.julia/packages/TensorKit/esxcj/ext/TensorKitChainRulesCoreExt/factorizations.jl:254
┌ Warning: `svd` cotangents sensitive to gauge choice: (|Δgauge| = 0.32150973064461696)
└ @ TensorKitChainRulesCoreExt ~/.julia/packages/TensorKit/esxcj/ext/TensorKitChainRulesCoreExt/factorizations.jl:254
[ Info: LBFGS: iter   21, time 1793.97 s: f = -3.139403012216, ‖∇f‖ = 3.0796e-04, α = 1.00e+00, m = 8, nfg = 1
[ Info: CTMRG init:	obj = +5.780660121834e+00	err = 1.0000e+00
[ Info: CTMRG conv 6:	obj = +5.780660127389e+00	err = 1.0706029536e-10	time = 2.45 sec
┌ Warning: `svd` cotangents sensitive to gauge choice: (|Δgauge| = 0.3215161294034249)
└ @ TensorKitChainRulesCoreExt ~/.julia/packages/TensorKit/esxcj/ext/TensorKitChainRulesCoreExt/factorizations.jl:254
┌ Warning: `svd` cotangents sensitive to gauge choice: (|Δgauge| = 2.716363245988953e-10)
└ @ TensorKitChainRulesCoreExt ~/.julia/packages/TensorKit/esxcj/ext/TensorKitChainRulesCoreExt/factorizations.jl:254
┌ Warning: `svd` cotangents sensitive to gauge choice: (|Δgauge| = 0.3215161291848704)
└ @ TensorKitChainRulesCoreExt ~/.julia/packages/TensorKit/esxcj/ext/TensorKitChainRulesCoreExt/factorizations.jl:254
[ Info: LBFGS: iter   22, time 1799.97 s: f = -3.139403135710, ‖∇f‖ = 2.7881e-04, α = 1.00e+00, m = 8, nfg = 1
[ Info: CTMRG init:	obj = +5.780820680113e+00	err = 1.0000e+00
[ Info: CTMRG conv 6:	obj = +5.780820823022e+00	err = 3.9664609470e-10	time = 2.60 sec
┌ Warning: `svd` cotangents sensitive to gauge choice: (|Δgauge| = 0.3215361482587132)
└ @ TensorKitChainRulesCoreExt ~/.julia/packages/TensorKit/esxcj/ext/TensorKitChainRulesCoreExt/factorizations.jl:254
┌ Warning: `svd` cotangents sensitive to gauge choice: (|Δgauge| = 2.6163303985246376e-10)
└ @ TensorKitChainRulesCoreExt ~/.julia/packages/TensorKit/esxcj/ext/TensorKitChainRulesCoreExt/factorizations.jl:254
┌ Warning: `svd` cotangents sensitive to gauge choice: (|Δgauge| = 0.32153614803318925)
└ @ TensorKitChainRulesCoreExt ~/.julia/packages/TensorKit/esxcj/ext/TensorKitChainRulesCoreExt/factorizations.jl:254
[ Info: LBFGS: iter   23, time 1805.89 s: f = -3.139403841229, ‖∇f‖ = 4.6236e-04, α = 1.00e+00, m = 8, nfg = 1
[ Info: CTMRG init:	obj = +5.781626622359e+00	err = 1.0000e+00
[ Info: CTMRG conv 6:	obj = +5.781627057548e+00	err = 8.8101522318e-10	time = 3.35 sec
┌ Warning: `svd` cotangents sensitive to gauge choice: (|Δgauge| = 0.32155874177605637)
└ @ TensorKitChainRulesCoreExt ~/.julia/packages/TensorKit/esxcj/ext/TensorKitChainRulesCoreExt/factorizations.jl:254
┌ Warning: `svd` cotangents sensitive to gauge choice: (|Δgauge| = 2.4298925258861626e-10)
└ @ TensorKitChainRulesCoreExt ~/.julia/packages/TensorKit/esxcj/ext/TensorKitChainRulesCoreExt/factorizations.jl:254
┌ Warning: `svd` cotangents sensitive to gauge choice: (|Δgauge| = 0.3215587416752385)
└ @ TensorKitChainRulesCoreExt ~/.julia/packages/TensorKit/esxcj/ext/TensorKitChainRulesCoreExt/factorizations.jl:254
[ Info: LBFGS: iter   24, time 1813.47 s: f = -3.139405152448, ‖∇f‖ = 7.8084e-04, α = 1.00e+00, m = 8, nfg = 1
[ Info: CTMRG init:	obj = +5.784294355552e+00	err = 1.0000e+00
[ Info: CTMRG conv 6:	obj = +5.784295474702e+00	err = 6.0681991099e-10	time = 2.85 sec
┌ Warning: `svd` cotangents sensitive to gauge choice: (|Δgauge| = 0.3216472587862607)
└ @ TensorKitChainRulesCoreExt ~/.julia/packages/TensorKit/esxcj/ext/TensorKitChainRulesCoreExt/factorizations.jl:254
┌ Warning: `svd` cotangents sensitive to gauge choice: (|Δgauge| = 2.150383278375517e-10)
└ @ TensorKitChainRulesCoreExt ~/.julia/packages/TensorKit/esxcj/ext/TensorKitChainRulesCoreExt/factorizations.jl:254
┌ Warning: `svd` cotangents sensitive to gauge choice: (|Δgauge| = 0.3216472587034896)
└ @ TensorKitChainRulesCoreExt ~/.julia/packages/TensorKit/esxcj/ext/TensorKitChainRulesCoreExt/factorizations.jl:254
[ Info: LBFGS: iter   25, time 1819.74 s: f = -3.139406437709, ‖∇f‖ = 1.4284e-03, α = 1.00e+00, m = 8, nfg = 1
[ Info: CTMRG init:	obj = +5.786700397495e+00	err = 1.0000e+00
[ Info: CTMRG conv 7:	obj = +5.786701171740e+00	err = 1.0231997025e-10	time = 3.14 sec
┌ Warning: `svd` cotangents sensitive to gauge choice: (|Δgauge| = 0.3216557122031622)
└ @ TensorKitChainRulesCoreExt ~/.julia/packages/TensorKit/esxcj/ext/TensorKitChainRulesCoreExt/factorizations.jl:254
┌ Warning: `svd` cotangents sensitive to gauge choice: (|Δgauge| = 1.0703830233374872e-11)
└ @ TensorKitChainRulesCoreExt ~/.julia/packages/TensorKit/esxcj/ext/TensorKitChainRulesCoreExt/factorizations.jl:254
┌ Warning: `svd` cotangents sensitive to gauge choice: (|Δgauge| = 0.32165571222903616)
└ @ TensorKitChainRulesCoreExt ~/.julia/packages/TensorKit/esxcj/ext/TensorKitChainRulesCoreExt/factorizations.jl:254
[ Info: LBFGS: iter   26, time 1828.30 s: f = -3.139408079347, ‖∇f‖ = 8.6212e-04, α = 1.00e+00, m = 8, nfg = 1
[ Info: CTMRG init:	obj = +5.789534317882e+00	err = 1.0000e+00
[ Info: CTMRG conv 6:	obj = +5.789534462605e+00	err = 4.3342241571e-10	time = 2.68 sec
┌ Warning: `svd` cotangents sensitive to gauge choice: (|Δgauge| = 0.3216292215228027)
└ @ TensorKitChainRulesCoreExt ~/.julia/packages/TensorKit/esxcj/ext/TensorKitChainRulesCoreExt/factorizations.jl:254
┌ Warning: `svd` cotangents sensitive to gauge choice: (|Δgauge| = 1.952771059157816e-10)
└ @ TensorKitChainRulesCoreExt ~/.julia/packages/TensorKit/esxcj/ext/TensorKitChainRulesCoreExt/factorizations.jl:254
┌ Warning: `svd` cotangents sensitive to gauge choice: (|Δgauge| = 0.3216292213102037)
└ @ TensorKitChainRulesCoreExt ~/.julia/packages/TensorKit/esxcj/ext/TensorKitChainRulesCoreExt/factorizations.jl:254
[ Info: LBFGS: iter   27, time 1835.17 s: f = -3.139409459866, ‖∇f‖ = 3.5915e-04, α = 1.00e+00, m = 8, nfg = 1
[ Info: CTMRG init:	obj = +5.794157066327e+00	err = 1.0000e+00
[ Info: CTMRG conv 6:	obj = +5.794157596346e+00	err = 7.3733566685e-10	time = 3.20 sec
┌ Warning: `svd` cotangents sensitive to gauge choice: (|Δgauge| = 0.3216776510045005)
└ @ TensorKitChainRulesCoreExt ~/.julia/packages/TensorKit/esxcj/ext/TensorKitChainRulesCoreExt/factorizations.jl:254
┌ Warning: `svd` cotangents sensitive to gauge choice: (|Δgauge| = 2.019386725960287e-10)
└ @ TensorKitChainRulesCoreExt ~/.julia/packages/TensorKit/esxcj/ext/TensorKitChainRulesCoreExt/factorizations.jl:254
┌ Warning: `svd` cotangents sensitive to gauge choice: (|Δgauge| = 0.32167765090550027)
└ @ TensorKitChainRulesCoreExt ~/.julia/packages/TensorKit/esxcj/ext/TensorKitChainRulesCoreExt/factorizations.jl:254
[ Info: LBFGS: iter   28, time 1843.06 s: f = -3.139410561026, ‖∇f‖ = 3.7400e-04, α = 1.00e+00, m = 8, nfg = 1
[ Info: CTMRG init:	obj = +5.798205117318e+00	err = 1.0000e+00
[ Info: CTMRG conv 6:	obj = +5.798205486317e+00	err = 5.7228308774e-10	time = 3.39 sec
┌ Warning: `svd` cotangents sensitive to gauge choice: (|Δgauge| = 0.3216169933981262)
└ @ TensorKitChainRulesCoreExt ~/.julia/packages/TensorKit/esxcj/ext/TensorKitChainRulesCoreExt/factorizations.jl:254
┌ Warning: `svd` cotangents sensitive to gauge choice: (|Δgauge| = 2.0349425386978264e-10)
└ @ TensorKitChainRulesCoreExt ~/.julia/packages/TensorKit/esxcj/ext/TensorKitChainRulesCoreExt/factorizations.jl:254
┌ Warning: `svd` cotangents sensitive to gauge choice: (|Δgauge| = 0.32161699332565397)
└ @ TensorKitChainRulesCoreExt ~/.julia/packages/TensorKit/esxcj/ext/TensorKitChainRulesCoreExt/factorizations.jl:254
[ Info: LBFGS: iter   29, time 1850.14 s: f = -3.139411193254, ‖∇f‖ = 7.1582e-04, α = 1.00e+00, m = 8, nfg = 1
[ Info: CTMRG init:	obj = +5.801261851045e+00	err = 1.0000e+00
[ Info: CTMRG conv 6:	obj = +5.801262066756e+00	err = 5.6505238791e-10	time = 2.83 sec
┌ Warning: `svd` cotangents sensitive to gauge choice: (|Δgauge| = 0.3216971175674944)
└ @ TensorKitChainRulesCoreExt ~/.julia/packages/TensorKit/esxcj/ext/TensorKitChainRulesCoreExt/factorizations.jl:254
┌ Warning: `svd` cotangents sensitive to gauge choice: (|Δgauge| = 2.0702788330114889e-10)
└ @ TensorKitChainRulesCoreExt ~/.julia/packages/TensorKit/esxcj/ext/TensorKitChainRulesCoreExt/factorizations.jl:254
┌ Warning: `svd` cotangents sensitive to gauge choice: (|Δgauge| = 0.3216971175146109)
└ @ TensorKitChainRulesCoreExt ~/.julia/packages/TensorKit/esxcj/ext/TensorKitChainRulesCoreExt/factorizations.jl:254
[ Info: LBFGS: iter   30, time 1856.65 s: f = -3.139411789380, ‖∇f‖ = 5.8652e-04, α = 1.00e+00, m = 8, nfg = 1
[ Info: CTMRG init:	obj = +5.804213559090e+00	err = 1.0000e+00
[ Info: CTMRG conv 6:	obj = +5.804213720718e+00	err = 4.5327140232e-10	time = 2.73 sec
┌ Warning: `svd` cotangents sensitive to gauge choice: (|Δgauge| = 0.3217432908581073)
└ @ TensorKitChainRulesCoreExt ~/.julia/packages/TensorKit/esxcj/ext/TensorKitChainRulesCoreExt/factorizations.jl:254
┌ Warning: `svd` cotangents sensitive to gauge choice: (|Δgauge| = 2.1199970516844302e-10)
└ @ TensorKitChainRulesCoreExt ~/.julia/packages/TensorKit/esxcj/ext/TensorKitChainRulesCoreExt/factorizations.jl:254
┌ Warning: `svd` cotangents sensitive to gauge choice: (|Δgauge| = 0.32174329072228935)
└ @ TensorKitChainRulesCoreExt ~/.julia/packages/TensorKit/esxcj/ext/TensorKitChainRulesCoreExt/factorizations.jl:254
[ Info: LBFGS: iter   31, time 1864.26 s: f = -3.139412196073, ‖∇f‖ = 1.8271e-04, α = 1.00e+00, m = 8, nfg = 1
[ Info: CTMRG init:	obj = +5.804313654836e+00	err = 1.0000e+00
[ Info: CTMRG conv 6:	obj = +5.804313663996e+00	err = 1.3173948640e-10	time = 2.70 sec
┌ Warning: `svd` cotangents sensitive to gauge choice: (|Δgauge| = 0.32173352182403314)
└ @ TensorKitChainRulesCoreExt ~/.julia/packages/TensorKit/esxcj/ext/TensorKitChainRulesCoreExt/factorizations.jl:254
┌ Warning: `svd` cotangents sensitive to gauge choice: (|Δgauge| = 2.1158591880187297e-10)
└ @ TensorKitChainRulesCoreExt ~/.julia/packages/TensorKit/esxcj/ext/TensorKitChainRulesCoreExt/factorizations.jl:254
┌ Warning: `svd` cotangents sensitive to gauge choice: (|Δgauge| = 0.32173352183551807)
└ @ TensorKitChainRulesCoreExt ~/.julia/packages/TensorKit/esxcj/ext/TensorKitChainRulesCoreExt/factorizations.jl:254
[ Info: LBFGS: iter   32, time 1870.76 s: f = -3.139412284867, ‖∇f‖ = 1.7050e-04, α = 1.00e+00, m = 8, nfg = 1
[ Info: CTMRG init:	obj = +5.804822986470e+00	err = 1.0000e+00
[ Info: CTMRG conv 6:	obj = +5.804823001956e+00	err = 1.8875871149e-10	time = 2.85 sec
┌ Warning: `svd` cotangents sensitive to gauge choice: (|Δgauge| = 0.32172375958955274)
└ @ TensorKitChainRulesCoreExt ~/.julia/packages/TensorKit/esxcj/ext/TensorKitChainRulesCoreExt/factorizations.jl:254
┌ Warning: `svd` cotangents sensitive to gauge choice: (|Δgauge| = 2.1027389775212535e-10)
└ @ TensorKitChainRulesCoreExt ~/.julia/packages/TensorKit/esxcj/ext/TensorKitChainRulesCoreExt/factorizations.jl:254
┌ Warning: `svd` cotangents sensitive to gauge choice: (|Δgauge| = 0.32172375945162823)
└ @ TensorKitChainRulesCoreExt ~/.julia/packages/TensorKit/esxcj/ext/TensorKitChainRulesCoreExt/factorizations.jl:254
[ Info: LBFGS: iter   33, time 1877.17 s: f = -3.139412424161, ‖∇f‖ = 2.5389e-04, α = 1.00e+00, m = 8, nfg = 1
[ Info: CTMRG init:	obj = +5.807694449649e+00	err = 1.0000e+00
[ Info: CTMRG conv 6:	obj = +5.807694593512e+00	err = 5.9902864954e-10	time = 4.45 sec
┌ Warning: `svd` cotangents sensitive to gauge choice: (|Δgauge| = 0.3216847526314342)
└ @ TensorKitChainRulesCoreExt ~/.julia/packages/TensorKit/esxcj/ext/TensorKitChainRulesCoreExt/factorizations.jl:254
┌ Warning: `svd` cotangents sensitive to gauge choice: (|Δgauge| = 2.0494742445898302e-10)
└ @ TensorKitChainRulesCoreExt ~/.julia/packages/TensorKit/esxcj/ext/TensorKitChainRulesCoreExt/factorizations.jl:254
┌ Warning: `svd` cotangents sensitive to gauge choice: (|Δgauge| = 0.3216847524641419)
└ @ TensorKitChainRulesCoreExt ~/.julia/packages/TensorKit/esxcj/ext/TensorKitChainRulesCoreExt/factorizations.jl:254
[ Info: LBFGS: iter   34, time 1885.42 s: f = -3.139412831475, ‖∇f‖ = 4.6400e-04, α = 1.00e+00, m = 8, nfg = 1
[ Info: CTMRG init:	obj = +5.815837640201e+00	err = 1.0000e+00
[ Info: CTMRG conv 7:	obj = +5.815838421274e+00	err = 1.0175813217e-10	time = 3.57 sec
┌ Warning: `svd` cotangents sensitive to gauge choice: (|Δgauge| = 0.3216071774190743)
└ @ TensorKitChainRulesCoreExt ~/.julia/packages/TensorKit/esxcj/ext/TensorKitChainRulesCoreExt/factorizations.jl:254
┌ Warning: `svd` cotangents sensitive to gauge choice: (|Δgauge| = 1.0296500133347489e-11)
└ @ TensorKitChainRulesCoreExt ~/.julia/packages/TensorKit/esxcj/ext/TensorKitChainRulesCoreExt/factorizations.jl:254
┌ Warning: `svd` cotangents sensitive to gauge choice: (|Δgauge| = 0.3216071774049595)
└ @ TensorKitChainRulesCoreExt ~/.julia/packages/TensorKit/esxcj/ext/TensorKitChainRulesCoreExt/factorizations.jl:254
[ Info: LBFGS: iter   35, time 1892.80 s: f = -3.139413700646, ‖∇f‖ = 6.3578e-04, α = 1.00e+00, m = 8, nfg = 1
[ Info: CTMRG init:	obj = +5.838277393396e+00	err = 1.0000e+00
[ Info: CTMRG conv 7:	obj = +5.838283295580e+00	err = 1.3274535902e-10	time = 4.61 sec
┌ Warning: `svd` cotangents sensitive to gauge choice: (|Δgauge| = 0.32127146274688245)
└ @ TensorKitChainRulesCoreExt ~/.julia/packages/TensorKit/esxcj/ext/TensorKitChainRulesCoreExt/factorizations.jl:254
┌ Warning: `svd` cotangents sensitive to gauge choice: (|Δgauge| = 9.258956643980997e-12)
└ @ TensorKitChainRulesCoreExt ~/.julia/packages/TensorKit/esxcj/ext/TensorKitChainRulesCoreExt/factorizations.jl:254
┌ Warning: `svd` cotangents sensitive to gauge choice: (|Δgauge| = 0.3212714626964053)
└ @ TensorKitChainRulesCoreExt ~/.julia/packages/TensorKit/esxcj/ext/TensorKitChainRulesCoreExt/factorizations.jl:254
[ Info: CTMRG init:	obj = +5.827575404754e+00	err = 1.0000e+00
[ Info: CTMRG conv 7:	obj = +5.827577012221e+00	err = 1.5860266993e-10	time = 3.51 sec
┌ Warning: `svd` cotangents sensitive to gauge choice: (|Δgauge| = 0.32143257830145144)
└ @ TensorKitChainRulesCoreExt ~/.julia/packages/TensorKit/esxcj/ext/TensorKitChainRulesCoreExt/factorizations.jl:254
┌ Warning: `svd` cotangents sensitive to gauge choice: (|Δgauge| = 9.750517391932327e-12)
└ @ TensorKitChainRulesCoreExt ~/.julia/packages/TensorKit/esxcj/ext/TensorKitChainRulesCoreExt/factorizations.jl:254
┌ Warning: `svd` cotangents sensitive to gauge choice: (|Δgauge| = 0.32143257830319005)
└ @ TensorKitChainRulesCoreExt ~/.julia/packages/TensorKit/esxcj/ext/TensorKitChainRulesCoreExt/factorizations.jl:254
[ Info: LBFGS: iter   36, time 1908.55 s: f = -3.139414390403, ‖∇f‖ = 1.2819e-03, α = 5.21e-01, m = 8, nfg = 2
[ Info: CTMRG init:	obj = +5.843834576016e+00	err = 1.0000e+00
[ Info: CTMRG conv 7:	obj = +5.843837111027e+00	err = 1.4662467955e-10	time = 4.74 sec
┌ Warning: `svd` cotangents sensitive to gauge choice: (|Δgauge| = 0.3213181736752504)
└ @ TensorKitChainRulesCoreExt ~/.julia/packages/TensorKit/esxcj/ext/TensorKitChainRulesCoreExt/factorizations.jl:254
┌ Warning: `svd` cotangents sensitive to gauge choice: (|Δgauge| = 9.027442038338338e-12)
└ @ TensorKitChainRulesCoreExt ~/.julia/packages/TensorKit/esxcj/ext/TensorKitChainRulesCoreExt/factorizations.jl:254
┌ Warning: `svd` cotangents sensitive to gauge choice: (|Δgauge| = 0.32131817372270577)
└ @ TensorKitChainRulesCoreExt ~/.julia/packages/TensorKit/esxcj/ext/TensorKitChainRulesCoreExt/factorizations.jl:254
[ Info: LBFGS: iter   37, time 1917.55 s: f = -3.139415964434, ‖∇f‖ = 9.7910e-04, α = 1.00e+00, m = 8, nfg = 1
[ Info: CTMRG init:	obj = +5.867440091248e+00	err = 1.0000e+00
[ Info: CTMRG conv 7:	obj = +5.867445539223e+00	err = 1.7247150573e-10	time = 3.78 sec
┌ Warning: `svd` cotangents sensitive to gauge choice: (|Δgauge| = 0.3211190493676056)
└ @ TensorKitChainRulesCoreExt ~/.julia/packages/TensorKit/esxcj/ext/TensorKitChainRulesCoreExt/factorizations.jl:254
┌ Warning: `svd` cotangents sensitive to gauge choice: (|Δgauge| = 8.39055981127892e-12)
└ @ TensorKitChainRulesCoreExt ~/.julia/packages/TensorKit/esxcj/ext/TensorKitChainRulesCoreExt/factorizations.jl:254
┌ Warning: `svd` cotangents sensitive to gauge choice: (|Δgauge| = 0.3211190493485557)
└ @ TensorKitChainRulesCoreExt ~/.julia/packages/TensorKit/esxcj/ext/TensorKitChainRulesCoreExt/factorizations.jl:254
[ Info: LBFGS: iter   38, time 1924.94 s: f = -3.139417490383, ‖∇f‖ = 4.2052e-04, α = 1.00e+00, m = 8, nfg = 1
[ Info: CTMRG init:	obj = +5.877813994459e+00	err = 1.0000e+00
[ Info: CTMRG conv 7:	obj = +5.877815357906e+00	err = 1.8230855757e-10	time = 4.15 sec
┌ Warning: `svd` cotangents sensitive to gauge choice: (|Δgauge| = 0.32102594535038154)
└ @ TensorKitChainRulesCoreExt ~/.julia/packages/TensorKit/esxcj/ext/TensorKitChainRulesCoreExt/factorizations.jl:254
┌ Warning: `svd` cotangents sensitive to gauge choice: (|Δgauge| = 8.11553817341399e-12)
└ @ TensorKitChainRulesCoreExt ~/.julia/packages/TensorKit/esxcj/ext/TensorKitChainRulesCoreExt/factorizations.jl:254
┌ Warning: `svd` cotangents sensitive to gauge choice: (|Δgauge| = 0.32102594538845874)
└ @ TensorKitChainRulesCoreExt ~/.julia/packages/TensorKit/esxcj/ext/TensorKitChainRulesCoreExt/factorizations.jl:254
[ Info: LBFGS: iter   39, time 1934.82 s: f = -3.139418020903, ‖∇f‖ = 5.5967e-04, α = 1.00e+00, m = 8, nfg = 1
[ Info: CTMRG init:	obj = +5.879352967698e+00	err = 1.0000e+00
[ Info: CTMRG conv 6:	obj = +5.879353095223e+00	err = 3.2998446437e-10	time = 3.38 sec
┌ Warning: `svd` cotangents sensitive to gauge choice: (|Δgauge| = 0.32100421337695023)
└ @ TensorKitChainRulesCoreExt ~/.julia/packages/TensorKit/esxcj/ext/TensorKitChainRulesCoreExt/factorizations.jl:254
┌ Warning: `svd` cotangents sensitive to gauge choice: (|Δgauge| = 1.6016078756993172e-10)
└ @ TensorKitChainRulesCoreExt ~/.julia/packages/TensorKit/esxcj/ext/TensorKitChainRulesCoreExt/factorizations.jl:254
┌ Warning: `svd` cotangents sensitive to gauge choice: (|Δgauge| = 0.3210042132770188)
└ @ TensorKitChainRulesCoreExt ~/.julia/packages/TensorKit/esxcj/ext/TensorKitChainRulesCoreExt/factorizations.jl:254
[ Info: LBFGS: iter   40, time 1941.97 s: f = -3.139418417202, ‖∇f‖ = 3.6632e-04, α = 1.00e+00, m = 8, nfg = 1
[ Info: CTMRG init:	obj = +5.879723127398e+00	err = 1.0000e+00
[ Info: CTMRG conv 6:	obj = +5.879723206353e+00	err = 2.7181873071e-10	time = 3.45 sec
┌ Warning: `svd` cotangents sensitive to gauge choice: (|Δgauge| = 0.3209705245047585)
└ @ TensorKitChainRulesCoreExt ~/.julia/packages/TensorKit/esxcj/ext/TensorKitChainRulesCoreExt/factorizations.jl:254
┌ Warning: `svd` cotangents sensitive to gauge choice: (|Δgauge| = 1.631157605333067e-10)
└ @ TensorKitChainRulesCoreExt ~/.julia/packages/TensorKit/esxcj/ext/TensorKitChainRulesCoreExt/factorizations.jl:254
┌ Warning: `svd` cotangents sensitive to gauge choice: (|Δgauge| = 0.3209705244596256)
└ @ TensorKitChainRulesCoreExt ~/.julia/packages/TensorKit/esxcj/ext/TensorKitChainRulesCoreExt/factorizations.jl:254
[ Info: LBFGS: iter   41, time 1949.20 s: f = -3.139418849181, ‖∇f‖ = 4.0443e-04, α = 1.00e+00, m = 8, nfg = 1
[ Info: CTMRG init:	obj = +5.883869221010e+00	err = 1.0000e+00
[ Info: CTMRG conv 6:	obj = +5.883869813428e+00	err = 7.0004004777e-10	time = 5.24 sec
┌ Warning: `svd` cotangents sensitive to gauge choice: (|Δgauge| = 0.32094658733262804)
└ @ TensorKitChainRulesCoreExt ~/.julia/packages/TensorKit/esxcj/ext/TensorKitChainRulesCoreExt/factorizations.jl:254
┌ Warning: `svd` cotangents sensitive to gauge choice: (|Δgauge| = 1.665155769679644e-10)
└ @ TensorKitChainRulesCoreExt ~/.julia/packages/TensorKit/esxcj/ext/TensorKitChainRulesCoreExt/factorizations.jl:254
┌ Warning: `svd` cotangents sensitive to gauge choice: (|Δgauge| = 0.3209465872758181)
└ @ TensorKitChainRulesCoreExt ~/.julia/packages/TensorKit/esxcj/ext/TensorKitChainRulesCoreExt/factorizations.jl:254
[ Info: LBFGS: iter   42, time 1957.91 s: f = -3.139419648425, ‖∇f‖ = 6.5185e-04, α = 1.00e+00, m = 8, nfg = 1
[ Info: CTMRG init:	obj = +5.896700136137e+00	err = 1.0000e+00
[ Info: CTMRG conv 7:	obj = +5.896702691023e+00	err = 1.6151800069e-10	time = 3.87 sec
┌ Warning: `svd` cotangents sensitive to gauge choice: (|Δgauge| = 0.3207476889826316)
└ @ TensorKitChainRulesCoreExt ~/.julia/packages/TensorKit/esxcj/ext/TensorKitChainRulesCoreExt/factorizations.jl:254
┌ Warning: `svd` cotangents sensitive to gauge choice: (|Δgauge| = 8.503061051592314e-12)
└ @ TensorKitChainRulesCoreExt ~/.julia/packages/TensorKit/esxcj/ext/TensorKitChainRulesCoreExt/factorizations.jl:254
┌ Warning: `svd` cotangents sensitive to gauge choice: (|Δgauge| = 0.3207476889634381)
└ @ TensorKitChainRulesCoreExt ~/.julia/packages/TensorKit/esxcj/ext/TensorKitChainRulesCoreExt/factorizations.jl:254
[ Info: LBFGS: iter   43, time 1965.44 s: f = -3.139421318481, ‖∇f‖ = 8.5128e-04, α = 1.00e+00, m = 8, nfg = 1
[ Info: CTMRG init:	obj = +5.933478726727e+00	err = 1.0000e+00
[ Info: CTMRG conv 7:	obj = +5.933498611285e+00	err = 3.2837124995e-10	time = 5.00 sec
┌ Warning: `svd` cotangents sensitive to gauge choice: (|Δgauge| = 0.32035076136270263)
└ @ TensorKitChainRulesCoreExt ~/.julia/packages/TensorKit/esxcj/ext/TensorKitChainRulesCoreExt/factorizations.jl:254
┌ Warning: `svd` cotangents sensitive to gauge choice: (|Δgauge| = 8.100969336981559e-12)
└ @ TensorKitChainRulesCoreExt ~/.julia/packages/TensorKit/esxcj/ext/TensorKitChainRulesCoreExt/factorizations.jl:254
┌ Warning: `svd` cotangents sensitive to gauge choice: (|Δgauge| = 0.3203507614393007)
└ @ TensorKitChainRulesCoreExt ~/.julia/packages/TensorKit/esxcj/ext/TensorKitChainRulesCoreExt/factorizations.jl:254
[ Info: LBFGS: iter   44, time 1974.40 s: f = -3.139425555322, ‖∇f‖ = 1.0835e-03, α = 1.00e+00, m = 8, nfg = 1
[ Info: CTMRG init:	obj = +6.083701135880e+00	err = 1.0000e+00
[ Info: CTMRG conv 9:	obj = +6.084003619441e+00	err = 9.7694329072e-10	time = 4.86 sec
┌ Warning: `svd` cotangents sensitive to gauge choice: (|Δgauge| = 0.31808782556519466)
└ @ TensorKitChainRulesCoreExt ~/.julia/packages/TensorKit/esxcj/ext/TensorKitChainRulesCoreExt/factorizations.jl:254
┌ Warning: `svd` cotangents sensitive to gauge choice: (|Δgauge| = 0.31808782570038296)
└ @ TensorKitChainRulesCoreExt ~/.julia/packages/TensorKit/esxcj/ext/TensorKitChainRulesCoreExt/factorizations.jl:254
[ Info: CTMRG init:	obj = +6.001165199678e+00	err = 1.0000e+00
[ Info: CTMRG conv 7:	obj = +6.001221565376e+00	err = 3.4700161913e-10	time = 4.77 sec
┌ Warning: `svd` cotangents sensitive to gauge choice: (|Δgauge| = 0.31939188064779256)
└ @ TensorKitChainRulesCoreExt ~/.julia/packages/TensorKit/esxcj/ext/TensorKitChainRulesCoreExt/factorizations.jl:254
┌ Warning: `svd` cotangents sensitive to gauge choice: (|Δgauge| = 6.348105557376492e-12)
└ @ TensorKitChainRulesCoreExt ~/.julia/packages/TensorKit/esxcj/ext/TensorKitChainRulesCoreExt/factorizations.jl:254
┌ Warning: `svd` cotangents sensitive to gauge choice: (|Δgauge| = 0.3193918803957906)
└ @ TensorKitChainRulesCoreExt ~/.julia/packages/TensorKit/esxcj/ext/TensorKitChainRulesCoreExt/factorizations.jl:254
[ Info: LBFGS: iter   45, time 1991.87 s: f = -3.139428494862, ‖∇f‖ = 2.1551e-03, α = 4.23e-01, m = 8, nfg = 2
[ Info: CTMRG init:	obj = +6.063787419552e+00	err = 1.0000e+00
[ Info: CTMRG conv 7:	obj = +6.063852638855e+00	err = 8.9337575304e-10	time = 4.10 sec
┌ Warning: `svd` cotangents sensitive to gauge choice: (|Δgauge| = 0.3186783181679808)
└ @ TensorKitChainRulesCoreExt ~/.julia/packages/TensorKit/esxcj/ext/TensorKitChainRulesCoreExt/factorizations.jl:254
┌ Warning: `svd` cotangents sensitive to gauge choice: (|Δgauge| = 4.89158623390727e-12)
└ @ TensorKitChainRulesCoreExt ~/.julia/packages/TensorKit/esxcj/ext/TensorKitChainRulesCoreExt/factorizations.jl:254
┌ Warning: `svd` cotangents sensitive to gauge choice: (|Δgauge| = 0.3186783178455784)
└ @ TensorKitChainRulesCoreExt ~/.julia/packages/TensorKit/esxcj/ext/TensorKitChainRulesCoreExt/factorizations.jl:254
[ Info: LBFGS: iter   46, time 1999.33 s: f = -3.139436078189, ‖∇f‖ = 1.3643e-03, α = 1.00e+00, m = 8, nfg = 1
[ Info: CTMRG init:	obj = +6.126627144514e+00	err = 1.0000e+00
[ Info: CTMRG conv 17:	obj = +6.126695777213e+00	err = 8.3204278922e-10	time = 10.70 sec
┌ Warning: `svd` cotangents sensitive to gauge choice: (|Δgauge| = 0.3176915807653545)
└ @ TensorKitChainRulesCoreExt ~/.julia/packages/TensorKit/esxcj/ext/TensorKitChainRulesCoreExt/factorizations.jl:254
┌ Warning: `svd` cotangents sensitive to gauge choice: (|Δgauge| = 0.31769158046918194)
└ @ TensorKitChainRulesCoreExt ~/.julia/packages/TensorKit/esxcj/ext/TensorKitChainRulesCoreExt/factorizations.jl:254
[ Info: LBFGS: iter   47, time 2015.67 s: f = -3.139439907137, ‖∇f‖ = 1.3435e-03, α = 1.00e+00, m = 8, nfg = 1
[ Info: CTMRG init:	obj = +6.140661704803e+00	err = 1.0000e+00
[ Info: CTMRG conv 33:	obj = +6.140665772378e+00	err = 8.9335369640e-10	time = 21.69 sec
┌ Warning: `svd` cotangents sensitive to gauge choice: (|Δgauge| = 0.31758280908952197)
└ @ TensorKitChainRulesCoreExt ~/.julia/packages/TensorKit/esxcj/ext/TensorKitChainRulesCoreExt/factorizations.jl:254
┌ Warning: `svd` cotangents sensitive to gauge choice: (|Δgauge| = 0.3175828096357339)
└ @ TensorKitChainRulesCoreExt ~/.julia/packages/TensorKit/esxcj/ext/TensorKitChainRulesCoreExt/factorizations.jl:254
[ Info: LBFGS: iter   48, time 2045.23 s: f = -3.139442008199, ‖∇f‖ = 5.8501e-04, α = 1.00e+00, m = 8, nfg = 1
[ Info: CTMRG init:	obj = +6.133313908735e+00	err = 1.0000e+00
[ Info: CTMRG conv 8:	obj = +6.133315520081e+00	err = 7.7589704030e-10	time = 6.24 sec
┌ Warning: `svd` cotangents sensitive to gauge choice: (|Δgauge| = 0.3177157097690712)
└ @ TensorKitChainRulesCoreExt ~/.julia/packages/TensorKit/esxcj/ext/TensorKitChainRulesCoreExt/factorizations.jl:254
┌ Warning: `svd` cotangents sensitive to gauge choice: (|Δgauge| = 0.31771570998107634)
└ @ TensorKitChainRulesCoreExt ~/.julia/packages/TensorKit/esxcj/ext/TensorKitChainRulesCoreExt/factorizations.jl:254
[ Info: LBFGS: iter   49, time 2055.16 s: f = -3.139442838032, ‖∇f‖ = 4.8230e-04, α = 1.00e+00, m = 8, nfg = 1
[ Info: CTMRG init:	obj = +6.138432015000e+00	err = 1.0000e+00
┌ Warning: CTMRG cancel 100:	obj = +6.138432493900e+00	err = 1.7368592256e-09	time = 1.20 min
└ @ PEPSKit ~/.julia/packages/PEPSKit/P7ER3/src/algorithms/ctmrg/ctmrg.jl:129
┌ Warning: `svd` cotangents sensitive to gauge choice: (|Δgauge| = 0.3176918980382461)
└ @ TensorKitChainRulesCoreExt ~/.julia/packages/TensorKit/esxcj/ext/TensorKitChainRulesCoreExt/factorizations.jl:254
┌ Warning: `svd` cotangents sensitive to gauge choice: (|Δgauge| = 0.31769189761728267)
└ @ TensorKitChainRulesCoreExt ~/.julia/packages/TensorKit/esxcj/ext/TensorKitChainRulesCoreExt/factorizations.jl:254
[ Info: LBFGS: iter   50, time 2150.53 s: f = -3.139444829094, ‖∇f‖ = 5.1959e-04, α = 1.00e+00, m = 8, nfg = 1
[ Info: CTMRG init:	obj = +6.176705526187e+00	err = 1.0000e+00
[ Info: CTMRG conv 17:	obj = +6.176730284435e+00	err = 9.5052941418e-10	time = 14.10 sec
┌ Warning: `svd` cotangents sensitive to gauge choice: (|Δgauge| = 0.3173915423890149)
└ @ TensorKitChainRulesCoreExt ~/.julia/packages/TensorKit/esxcj/ext/TensorKitChainRulesCoreExt/factorizations.jl:254
┌ Warning: `svd` cotangents sensitive to gauge choice: (|Δgauge| = 0.31739154305729156)
└ @ TensorKitChainRulesCoreExt ~/.julia/packages/TensorKit/esxcj/ext/TensorKitChainRulesCoreExt/factorizations.jl:254
[ Info: LBFGS: iter   51, time 2171.40 s: f = -3.139448834719, ‖∇f‖ = 1.9821e-03, α = 1.00e+00, m = 8, nfg = 1
[ Info: CTMRG init:	obj = +6.218585356164e+00	err = 1.0000e+00
┌ Warning: CTMRG cancel 100:	obj = +6.218624168436e+00	err = 2.9933218520e-09	time = 1.32 min
└ @ PEPSKit ~/.julia/packages/PEPSKit/P7ER3/src/algorithms/ctmrg/ctmrg.jl:129
┌ Warning: `svd` cotangents sensitive to gauge choice: (|Δgauge| = 0.3168130185555323)
└ @ TensorKitChainRulesCoreExt ~/.julia/packages/TensorKit/esxcj/ext/TensorKitChainRulesCoreExt/factorizations.jl:254
┌ Warning: `svd` cotangents sensitive to gauge choice: (|Δgauge| = 0.31681301638401893)
└ @ TensorKitChainRulesCoreExt ~/.julia/packages/TensorKit/esxcj/ext/TensorKitChainRulesCoreExt/factorizations.jl:254
[ Info: LBFGS: iter   52, time 2269.50 s: f = -3.139455258015, ‖∇f‖ = 1.3680e-03, α = 1.00e+00, m = 8, nfg = 1
[ Info: CTMRG init:	obj = +6.322808866201e+00	err = 1.0000e+00
┌ Warning: CTMRG cancel 100:	obj = +6.323351871235e+00	err = 2.3745065523e-09	time = 1.51 min
└ @ PEPSKit ~/.julia/packages/PEPSKit/P7ER3/src/algorithms/ctmrg/ctmrg.jl:129
┌ Warning: `svd` cotangents sensitive to gauge choice: (|Δgauge| = 0.3144919234606296)
└ @ TensorKitChainRulesCoreExt ~/.julia/packages/TensorKit/esxcj/ext/TensorKitChainRulesCoreExt/factorizations.jl:254
┌ Warning: `svd` cotangents sensitive to gauge choice: (|Δgauge| = 0.31449192436943596)
└ @ TensorKitChainRulesCoreExt ~/.julia/packages/TensorKit/esxcj/ext/TensorKitChainRulesCoreExt/factorizations.jl:254
[ Info: LBFGS: iter   53, time 2381.88 s: f = -3.139469819566, ‖∇f‖ = 1.3405e-03, α = 1.00e+00, m = 8, nfg = 1
[ Info: CTMRG init:	obj = +6.343631308164e+00	err = 1.0000e+00
[ Info: CTMRG conv 7:	obj = +6.344186968671e+00	err = 9.0920983123e-10	time = 8.65 sec
┌ Warning: `svd` cotangents sensitive to gauge choice: (|Δgauge| = 0.3118844645763845)
└ @ TensorKitChainRulesCoreExt ~/.julia/packages/TensorKit/esxcj/ext/TensorKitChainRulesCoreExt/factorizations.jl:254
┌ Warning: `svd` cotangents sensitive to gauge choice: (|Δgauge| = 0.31188446416794635)
└ @ TensorKitChainRulesCoreExt ~/.julia/packages/TensorKit/esxcj/ext/TensorKitChainRulesCoreExt/factorizations.jl:254
[ Info: LBFGS: iter   54, time 2396.73 s: f = -3.139473488703, ‖∇f‖ = 2.2629e-03, α = 1.00e+00, m = 8, nfg = 1
[ Info: CTMRG init:	obj = +6.342312743792e+00	err = 1.0000e+00
[ Info: CTMRG conv 7:	obj = +6.342320439110e+00	err = 8.3030769519e-10	time = 7.91 sec
┌ Warning: `svd` cotangents sensitive to gauge choice: (|Δgauge| = 0.31152011334250906)
└ @ TensorKitChainRulesCoreExt ~/.julia/packages/TensorKit/esxcj/ext/TensorKitChainRulesCoreExt/factorizations.jl:254
┌ Warning: `svd` cotangents sensitive to gauge choice: (|Δgauge| = 0.3115201139466031)
└ @ TensorKitChainRulesCoreExt ~/.julia/packages/TensorKit/esxcj/ext/TensorKitChainRulesCoreExt/factorizations.jl:254
[ Info: LBFGS: iter   55, time 2411.66 s: f = -3.139476025448, ‖∇f‖ = 1.0428e-03, α = 1.00e+00, m = 8, nfg = 1
[ Info: CTMRG init:	obj = +6.345353064651e+00	err = 1.0000e+00
[ Info: CTMRG conv 16:	obj = +6.345388808856e+00	err = 6.4318464998e-10	time = 14.86 sec
┌ Warning: `svd` cotangents sensitive to gauge choice: (|Δgauge| = 0.3122395337533004)
└ @ TensorKitChainRulesCoreExt ~/.julia/packages/TensorKit/esxcj/ext/TensorKitChainRulesCoreExt/factorizations.jl:254
┌ Warning: `svd` cotangents sensitive to gauge choice: (|Δgauge| = 0.31223953400489013)
└ @ TensorKitChainRulesCoreExt ~/.julia/packages/TensorKit/esxcj/ext/TensorKitChainRulesCoreExt/factorizations.jl:254
[ Info: LBFGS: iter   56, time 2431.58 s: f = -3.139476916830, ‖∇f‖ = 2.8385e-04, α = 1.00e+00, m = 8, nfg = 1
[ Info: CTMRG init:	obj = +6.345092330155e+00	err = 1.0000e+00
[ Info: CTMRG conv 5:	obj = +6.345092342750e+00	err = 7.9543093465e-10	time = 4.01 sec
┌ Warning: `svd` cotangents sensitive to gauge choice: (|Δgauge| = 0.31229327636920906)
└ @ TensorKitChainRulesCoreExt ~/.julia/packages/TensorKit/esxcj/ext/TensorKitChainRulesCoreExt/factorizations.jl:254
┌ Warning: `svd` cotangents sensitive to gauge choice: (|Δgauge| = 7.320702757974151e-12)
└ @ TensorKitChainRulesCoreExt ~/.julia/packages/TensorKit/esxcj/ext/TensorKitChainRulesCoreExt/factorizations.jl:254
┌ Warning: `svd` cotangents sensitive to gauge choice: (|Δgauge| = 0.3122932782374246)
└ @ TensorKitChainRulesCoreExt ~/.julia/packages/TensorKit/esxcj/ext/TensorKitChainRulesCoreExt/factorizations.jl:254
[ Info: LBFGS: iter   57, time 2438.97 s: f = -3.139477133659, ‖∇f‖ = 2.2630e-04, α = 1.00e+00, m = 8, nfg = 1
[ Info: CTMRG init:	obj = +6.344474201679e+00	err = 1.0000e+00
[ Info: CTMRG conv 8:	obj = +6.344474712970e+00	err = 9.1314078482e-10	time = 8.02 sec
┌ Warning: `svd` cotangents sensitive to gauge choice: (|Δgauge| = 0.3124397090273082)
└ @ TensorKitChainRulesCoreExt ~/.julia/packages/TensorKit/esxcj/ext/TensorKitChainRulesCoreExt/factorizations.jl:254
┌ Warning: `svd` cotangents sensitive to gauge choice: (|Δgauge| = 0.3124397079554133)
└ @ TensorKitChainRulesCoreExt ~/.julia/packages/TensorKit/esxcj/ext/TensorKitChainRulesCoreExt/factorizations.jl:254
[ Info: LBFGS: iter   58, time 2450.81 s: f = -3.139477505479, ‖∇f‖ = 3.8932e-04, α = 1.00e+00, m = 8, nfg = 1
[ Info: CTMRG init:	obj = +6.343312564076e+00	err = 1.0000e+00
[ Info: CTMRG conv 7:	obj = +6.343313121993e+00	err = 9.8177848848e-10	time = 5.87 sec
┌ Warning: `svd` cotangents sensitive to gauge choice: (|Δgauge| = 0.31258549866311486)
└ @ TensorKitChainRulesCoreExt ~/.julia/packages/TensorKit/esxcj/ext/TensorKitChainRulesCoreExt/factorizations.jl:254
┌ Warning: `svd` cotangents sensitive to gauge choice: (|Δgauge| = 0.3125854994943071)
└ @ TensorKitChainRulesCoreExt ~/.julia/packages/TensorKit/esxcj/ext/TensorKitChainRulesCoreExt/factorizations.jl:254
[ Info: LBFGS: iter   59, time 2461.78 s: f = -3.139478118972, ‖∇f‖ = 4.6255e-04, α = 1.00e+00, m = 8, nfg = 1
[ Info: CTMRG init:	obj = +6.340556215557e+00	err = 1.0000e+00
[ Info: CTMRG conv 9:	obj = +6.340580753067e+00	err = 9.8701655056e-10	time = 7.99 sec
┌ Warning: `svd` cotangents sensitive to gauge choice: (|Δgauge| = 0.3134567127738256)
└ @ TensorKitChainRulesCoreExt ~/.julia/packages/TensorKit/esxcj/ext/TensorKitChainRulesCoreExt/factorizations.jl:254
┌ Warning: `svd` cotangents sensitive to gauge choice: (|Δgauge| = 0.31345670881820964)
└ @ TensorKitChainRulesCoreExt ~/.julia/packages/TensorKit/esxcj/ext/TensorKitChainRulesCoreExt/factorizations.jl:254
[ Info: CTMRG init:	obj = +6.342813288779e+00	err = 1.0000e+00
[ Info: CTMRG conv 10:	obj = +6.342816001771e+00	err = 6.5305771399e-10	time = 10.17 sec
┌ Warning: `svd` cotangents sensitive to gauge choice: (|Δgauge| = 0.3128766510665183)
└ @ TensorKitChainRulesCoreExt ~/.julia/packages/TensorKit/esxcj/ext/TensorKitChainRulesCoreExt/factorizations.jl:254
┌ Warning: `svd` cotangents sensitive to gauge choice: (|Δgauge| = 0.312876652113552)
└ @ TensorKitChainRulesCoreExt ~/.julia/packages/TensorKit/esxcj/ext/TensorKitChainRulesCoreExt/factorizations.jl:254
[ Info: LBFGS: iter   60, time 2488.40 s: f = -3.139478518441, ‖∇f‖ = 7.2076e-04, α = 3.31e-01, m = 8, nfg = 2
[ Info: CTMRG init:	obj = +6.342440587938e+00	err = 1.0000e+00
[ Info: CTMRG conv 37:	obj = +6.342440607510e+00	err = 9.4550097224e-10	time = 35.18 sec
┌ Warning: `svd` cotangents sensitive to gauge choice: (|Δgauge| = 0.3129540471762516)
└ @ TensorKitChainRulesCoreExt ~/.julia/packages/TensorKit/esxcj/ext/TensorKitChainRulesCoreExt/factorizations.jl:254
┌ Warning: `svd` cotangents sensitive to gauge choice: (|Δgauge| = 0.31295404956995904)
└ @ TensorKitChainRulesCoreExt ~/.julia/packages/TensorKit/esxcj/ext/TensorKitChainRulesCoreExt/factorizations.jl:254
[ Info: LBFGS: iter   61, time 2532.86 s: f = -3.139479170041, ‖∇f‖ = 3.5618e-04, α = 1.00e+00, m = 8, nfg = 1
[ Info: CTMRG init:	obj = +6.342811217202e+00	err = 1.0000e+00
[ Info: CTMRG conv 97:	obj = +6.342811334235e+00	err = 9.9110371068e-10	time = 1.66 min
┌ Warning: `svd` cotangents sensitive to gauge choice: (|Δgauge| = 0.31296635911585957)
└ @ TensorKitChainRulesCoreExt ~/.julia/packages/TensorKit/esxcj/ext/TensorKitChainRulesCoreExt/factorizations.jl:254
┌ Warning: `svd` cotangents sensitive to gauge choice: (|Δgauge| = 0.312966356836483)
└ @ TensorKitChainRulesCoreExt ~/.julia/packages/TensorKit/esxcj/ext/TensorKitChainRulesCoreExt/factorizations.jl:254
[ Info: LBFGS: iter   62, time 2664.15 s: f = -3.139479549447, ‖∇f‖ = 1.5105e-04, α = 1.00e+00, m = 8, nfg = 1
[ Info: CTMRG init:	obj = +6.343017140921e+00	err = 1.0000e+00
[ Info: CTMRG conv 69:	obj = +6.343017187002e+00	err = 9.5697317997e-10	time = 1.26 min
┌ Warning: `svd` cotangents sensitive to gauge choice: (|Δgauge| = 0.31301064521708966)
└ @ TensorKitChainRulesCoreExt ~/.julia/packages/TensorKit/esxcj/ext/TensorKitChainRulesCoreExt/factorizations.jl:254
┌ Warning: `svd` cotangents sensitive to gauge choice: (|Δgauge| = 0.3130106455421885)
└ @ TensorKitChainRulesCoreExt ~/.julia/packages/TensorKit/esxcj/ext/TensorKitChainRulesCoreExt/factorizations.jl:254
[ Info: LBFGS: iter   63, time 2754.95 s: f = -3.139479672884, ‖∇f‖ = 1.6744e-04, α = 1.00e+00, m = 8, nfg = 1
[ Info: CTMRG init:	obj = +6.343393726624e+00	err = 1.0000e+00
[ Info: CTMRG conv 74:	obj = +6.343394270652e+00	err = 7.4301346642e-10	time = 1.33 min
┌ Warning: `svd` cotangents sensitive to gauge choice: (|Δgauge| = 0.3130031265390255)
└ @ TensorKitChainRulesCoreExt ~/.julia/packages/TensorKit/esxcj/ext/TensorKitChainRulesCoreExt/factorizations.jl:254
┌ Warning: `svd` cotangents sensitive to gauge choice: (|Δgauge| = 0.31300312810749853)
└ @ TensorKitChainRulesCoreExt ~/.julia/packages/TensorKit/esxcj/ext/TensorKitChainRulesCoreExt/factorizations.jl:254
[ Info: CTMRG init:	obj = +6.343191628183e+00	err = 1.0000e+00
┌ Warning: CTMRG cancel 100:	obj = +6.343191736614e+00	err = 2.5395697255e-09	time = 1.97 min
└ @ PEPSKit ~/.julia/packages/PEPSKit/P7ER3/src/algorithms/ctmrg/ctmrg.jl:129
┌ Warning: `svd` cotangents sensitive to gauge choice: (|Δgauge| = 0.31300731063680076)
└ @ TensorKitChainRulesCoreExt ~/.julia/packages/TensorKit/esxcj/ext/TensorKitChainRulesCoreExt/factorizations.jl:254
┌ Warning: `svd` cotangents sensitive to gauge choice: (|Δgauge| = 0.3130073150933067)
└ @ TensorKitChainRulesCoreExt ~/.julia/packages/TensorKit/esxcj/ext/TensorKitChainRulesCoreExt/factorizations.jl:254
[ Info: LBFGS: iter   64, time 2987.11 s: f = -3.139479758616, ‖∇f‖ = 2.9153e-04, α = 4.47e-01, m = 8, nfg = 2
[ Info: CTMRG init:	obj = +6.343095716321e+00	err = 1.0000e+00
[ Info: CTMRG conv 9:	obj = +6.343095752218e+00	err = 8.9715833101e-10	time = 11.05 sec
┌ Warning: `svd` cotangents sensitive to gauge choice: (|Δgauge| = 0.3130420531321404)
└ @ TensorKitChainRulesCoreExt ~/.julia/packages/TensorKit/esxcj/ext/TensorKitChainRulesCoreExt/factorizations.jl:254
┌ Warning: `svd` cotangents sensitive to gauge choice: (|Δgauge| = 0.31304205371744825)
└ @ TensorKitChainRulesCoreExt ~/.julia/packages/TensorKit/esxcj/ext/TensorKitChainRulesCoreExt/factorizations.jl:254
[ Info: LBFGS: iter   65, time 3002.63 s: f = -3.139479907489, ‖∇f‖ = 1.5055e-04, α = 1.00e+00, m = 8, nfg = 1
[ Info: CTMRG init:	obj = +6.342472493673e+00	err = 1.0000e+00
[ Info: CTMRG conv 17:	obj = +6.342472540276e+00	err = 8.4694473829e-10	time = 22.28 sec
┌ Warning: `svd` cotangents sensitive to gauge choice: (|Δgauge| = 0.31304744882020114)
└ @ TensorKitChainRulesCoreExt ~/.julia/packages/TensorKit/esxcj/ext/TensorKitChainRulesCoreExt/factorizations.jl:254
┌ Warning: `svd` cotangents sensitive to gauge choice: (|Δgauge| = 0.31304744855771927)
└ @ TensorKitChainRulesCoreExt ~/.julia/packages/TensorKit/esxcj/ext/TensorKitChainRulesCoreExt/factorizations.jl:254
[ Info: LBFGS: iter   66, time 3035.82 s: f = -3.139480140056, ‖∇f‖ = 1.2905e-04, α = 1.00e+00, m = 8, nfg = 1
[ Info: CTMRG init:	obj = +6.341177954309e+00	err = 1.0000e+00
[ Info: CTMRG conv 19:	obj = +6.341178082645e+00	err = 8.7366168492e-10	time = 27.70 sec
┌ Warning: `svd` cotangents sensitive to gauge choice: (|Δgauge| = 0.3130589411981741)
└ @ TensorKitChainRulesCoreExt ~/.julia/packages/TensorKit/esxcj/ext/TensorKitChainRulesCoreExt/factorizations.jl:254
┌ Warning: `svd` cotangents sensitive to gauge choice: (|Δgauge| = 0.3130589368526679)
└ @ TensorKitChainRulesCoreExt ~/.julia/packages/TensorKit/esxcj/ext/TensorKitChainRulesCoreExt/factorizations.jl:254
[ Info: LBFGS: iter   67, time 3069.30 s: f = -3.139480246677, ‖∇f‖ = 3.8872e-04, α = 1.00e+00, m = 8, nfg = 1
[ Info: CTMRG init:	obj = +6.341007072674e+00	err = 1.0000e+00
[ Info: CTMRG conv 7:	obj = +6.341007102369e+00	err = 7.8640268522e-10	time = 9.88 sec
┌ Warning: `svd` cotangents sensitive to gauge choice: (|Δgauge| = 0.3130173097816643)
└ @ TensorKitChainRulesCoreExt ~/.julia/packages/TensorKit/esxcj/ext/TensorKitChainRulesCoreExt/factorizations.jl:254
┌ Warning: `svd` cotangents sensitive to gauge choice: (|Δgauge| = 0.31301730653673077)
└ @ TensorKitChainRulesCoreExt ~/.julia/packages/TensorKit/esxcj/ext/TensorKitChainRulesCoreExt/factorizations.jl:254
[ Info: LBFGS: iter   68, time 3083.57 s: f = -3.139480344870, ‖∇f‖ = 1.1650e-04, α = 1.00e+00, m = 8, nfg = 1
[ Info: CTMRG init:	obj = +6.340904057989e+00	err = 1.0000e+00
[ Info: CTMRG conv 14:	obj = +6.340904064662e+00	err = 7.7953958560e-10	time = 18.30 sec
┌ Warning: `svd` cotangents sensitive to gauge choice: (|Δgauge| = 0.3130089796149303)
└ @ TensorKitChainRulesCoreExt ~/.julia/packages/TensorKit/esxcj/ext/TensorKitChainRulesCoreExt/factorizations.jl:254
┌ Warning: `svd` cotangents sensitive to gauge choice: (|Δgauge| = 0.31300897864949595)
└ @ TensorKitChainRulesCoreExt ~/.julia/packages/TensorKit/esxcj/ext/TensorKitChainRulesCoreExt/factorizations.jl:254
[ Info: LBFGS: converged after 69 iterations and time 3106.68 s: f = -3.139480361788, ‖∇f‖ = 5.6831e-05
